{"asctime": "2025-08-11 14:35:19,534", "levelname": "INFO", "name": "AresTradingSystem", "message": "âœ… Enhanced Logger initialization completed successfully", "correlation_id": "-", "session_id": "-", "timestamp": "2025-08-11T12:35:19.534799+00:00"}
{"asctime": "2025-08-11 14:35:19,617", "levelname": "INFO", "name": "AresTradingSystem.System", "message": "Initializing Market Regime Classification Step...", "correlation_id": "-", "session_id": "-", "timestamp": "2025-08-11T12:35:19.617772+00:00"}
{"asctime": "2025-08-11 14:35:19,618", "levelname": "INFO", "name": "AresTradingSystem.System", "message": "Market Regime Classification Step initialized successfully", "correlation_id": "-", "session_id": "-", "timestamp": "2025-08-11T12:35:19.618049+00:00"}
{"asctime": "2025-08-11 14:35:19,618", "levelname": "INFO", "name": "AresTradingSystem.System", "message": "ðŸ”„ Executing Market Regime Classification...", "correlation_id": "-", "session_id": "-", "timestamp": "2025-08-11T12:35:19.618172+00:00"}
{"asctime": "2025-08-11 14:35:19,618", "levelname": "INFO", "name": "AresTradingSystem.System", "message": "Applied NumPy RNG unpickle compatibility shim (URC)", "correlation_id": "-", "session_id": "-", "timestamp": "2025-08-11T12:35:19.618310+00:00"}
{"asctime": "2025-08-11 14:35:19,618", "levelname": "INFO", "name": "AresTradingSystem.System.UnifiedRegimeClassifier", "message": "", "correlation_id": "-", "session_id": "-", "msg": "UnifiedRegimeClassifier configuration", "n_states_configured": 4, "n_states_enforced_min": 4, "min_data_points_default": 1000, "thresholds": {"adx_sideways_threshold": 18, "volatility_threshold": 0.025, "atr_normalized_threshold": 0.035, "volatility_percentile_threshold": 0.8, "bb_width_volatility_threshold": 0.045}, "timestamp": "2025-08-11T12:35:19.618551+00:00"}
{"asctime": "2025-08-11 14:35:19,618", "levelname": "INFO", "name": "AresTradingSystem.System.UnifiedRegimeClassifier", "message": "ðŸ”§ BLANK MODE DETECTED: Using reduced minimum data points (50)", "correlation_id": "-", "session_id": "-", "timestamp": "2025-08-11T12:35:19.618810+00:00"}
{"asctime": "2025-08-11 14:35:19,619", "levelname": "INFO", "name": "AresTradingSystem.System.UnifiedRegimeClassifier", "message": "Initializing UnifiedRegimeClassifier for BINANCE_ETHUSDT", "correlation_id": "-", "session_id": "-", "timestamp": "2025-08-11T12:35:19.619189+00:00"}
{"asctime": "2025-08-11 14:35:19,619", "levelname": "INFO", "name": "AresTradingSystem.System.UnifiedRegimeClassifier", "message": "", "correlation_id": "-", "session_id": "-", "msg": "UnifiedRegimeClassifier model directories", "model_dir": "/Users/remyroche/Documents/Ares/checkpoints/analyst_models", "hmm_model_path": "/Users/remyroche/Documents/Ares/checkpoints/analyst_models/unified_hmm_model_BINANCE_ETHUSDT_1h.joblib", "ensemble_model_path": "/Users/remyroche/Documents/Ares/checkpoints/analyst_models/unified_ensemble_model_BINANCE_ETHUSDT_1h.joblib", "location_model_path": "/Users/remyroche/Documents/Ares/checkpoints/analyst_models/unified_location_model_BINANCE_ETHUSDT_1h.joblib", "hierarchical_model_dir": "/Users/remyroche/Documents/Ares/checkpoints/analyst_models/BINANCE/ETHUSDT/1h", "timestamp": "2025-08-11T12:35:19.619656+00:00"}
{"asctime": "2025-08-11 14:35:19,621", "levelname": "INFO", "name": "AresTradingSystem.System.UnifiedRegimeClassifier", "message": "âœ… Loaded HMM model from /Users/remyroche/Documents/Ares/checkpoints/analyst_models/unified_hmm_model_BINANCE_ETHUSDT_1h.joblib", "correlation_id": "-", "session_id": "-", "timestamp": "2025-08-11T12:35:19.621523+00:00"}
{"asctime": "2025-08-11 14:35:19,629", "levelname": "INFO", "name": "AresTradingSystem.System.UnifiedRegimeClassifier", "message": "âœ… Loaded basic ensemble from /Users/remyroche/Documents/Ares/checkpoints/analyst_models/unified_ensemble_model_BINANCE_ETHUSDT_1h.joblib", "correlation_id": "-", "session_id": "-", "timestamp": "2025-08-11T12:35:19.629816+00:00"}
{"asctime": "2025-08-11 14:35:19,631", "levelname": "INFO", "name": "AresTradingSystem.System.UnifiedRegimeClassifier", "message": "âœ… Loaded existing models successfully", "correlation_id": "-", "session_id": "-", "timestamp": "2025-08-11T12:35:19.631078+00:00"}
{"asctime": "2025-08-11 14:35:19,631", "levelname": "INFO", "name": "AresTradingSystem.System.UnifiedRegimeClassifier", "message": "âœ… UnifiedRegimeClassifier initialized successfully", "correlation_id": "-", "session_id": "-", "timestamp": "2025-08-11T12:35:19.631414+00:00"}
{"asctime": "2025-08-11 14:35:19,631", "levelname": "INFO", "name": "AresTradingSystem.System", "message": "ðŸ”„ Loading data using unified data loader...", "correlation_id": "-", "session_id": "-", "timestamp": "2025-08-11T12:35:19.631549+00:00"}
{"asctime": "2025-08-11 14:35:19,631", "levelname": "INFO", "name": "AresTradingSystem.System.UnifiedDataLoader", "message": "ðŸ”„ Loading unified data for ETHUSDT on BINANCE", "correlation_id": "-", "session_id": "-", "timestamp": "2025-08-11T12:35:19.631749+00:00"}
{"asctime": "2025-08-11 14:35:19,632", "levelname": "INFO", "name": "AresTradingSystem.System.UnifiedDataLoader", "message": "   Timeframe: 1m", "correlation_id": "-", "session_id": "-", "timestamp": "2025-08-11T12:35:19.632042+00:00"}
{"asctime": "2025-08-11 14:35:19,632", "levelname": "INFO", "name": "AresTradingSystem.System.UnifiedDataLoader", "message": "   Date range: 2025-07-12 to 2025-08-11", "correlation_id": "-", "session_id": "-", "timestamp": "2025-08-11T12:35:19.632465+00:00"}
{"asctime": "2025-08-11 14:35:19,632", "levelname": "INFO", "name": "AresTradingSystem.System.UnifiedDataLoader", "message": "   Streaming: True", "correlation_id": "-", "session_id": "-", "timestamp": "2025-08-11T12:35:19.632675+00:00"}
{"asctime": "2025-08-11 14:35:19,632", "levelname": "INFO", "name": "AresTradingSystem.System.UnifiedDataLoader", "message": "   âš ï¸ Streaming disabled to avoid segmentation faults", "correlation_id": "-", "session_id": "-", "timestamp": "2025-08-11T12:35:19.632778+00:00"}
{"asctime": "2025-08-11 14:35:19,632", "levelname": "INFO", "name": "AresTradingSystem.System.UnifiedDataLoader", "message": "   ðŸ“ Found unified data cache, using optimized pyarrow loading", "correlation_id": "-", "session_id": "-", "timestamp": "2025-08-11T12:35:19.632894+00:00"}
{"asctime": "2025-08-11 14:35:19,633", "levelname": "INFO", "name": "AresTradingSystem.System.UnifiedDataLoader", "message": "ðŸ”§ Using optimized pyarrow loading...", "correlation_id": "-", "session_id": "-", "timestamp": "2025-08-11T12:35:19.633184+00:00"}
{"asctime": "2025-08-11 14:35:19,633", "levelname": "INFO", "name": "AresTradingSystem.System.UnifiedDataLoader", "message": "   âš ï¸ PyArrow disabled to avoid segmentation faults", "correlation_id": "-", "session_id": "-", "timestamp": "2025-08-11T12:35:19.633466+00:00"}
{"asctime": "2025-08-11 14:35:19,633", "levelname": "INFO", "name": "AresTradingSystem.System.UnifiedDataLoader", "message": "ðŸ”§ Using memory-efficient streaming loading for 180 days...", "correlation_id": "-", "session_id": "-", "timestamp": "2025-08-11T12:35:19.633568+00:00"}
{"asctime": "2025-08-11 14:35:19,635", "levelname": "INFO", "name": "AresTradingSystem.System.UnifiedDataLoader", "message": "ðŸ“ Found 29 partition files", "correlation_id": "-", "session_id": "-", "timestamp": "2025-08-11T12:35:19.635810+00:00"}
{"asctime": "2025-08-11 14:35:19,734", "levelname": "INFO", "name": "AresTradingSystem.System.UnifiedDataLoader", "message": "   ðŸ“„ Processing file 1/29: part-0.parquet", "correlation_id": "-", "session_id": "-", "timestamp": "2025-08-11T12:35:19.734216+00:00"}
{"asctime": "2025-08-11 14:35:19,817", "levelname": "INFO", "name": "AresTradingSystem.System.UnifiedDataLoader", "message": "   âœ… Loaded file 1: (1440, 19)", "correlation_id": "-", "session_id": "-", "timestamp": "2025-08-11T12:35:19.817721+00:00"}
{"asctime": "2025-08-11 14:35:19,820", "levelname": "INFO", "name": "AresTradingSystem.System.UnifiedDataLoader", "message": "   ðŸ” After date filtering: (564, 19)", "correlation_id": "-", "session_id": "-", "timestamp": "2025-08-11T12:35:19.820072+00:00"}
{"asctime": "2025-08-11 14:35:19,824", "levelname": "INFO", "name": "AresTradingSystem.System.UnifiedDataLoader", "message": "   ðŸ“Š Total rows so far: 564", "correlation_id": "-", "session_id": "-", "timestamp": "2025-08-11T12:35:19.824951+00:00"}
{"asctime": "2025-08-11 14:35:21,632", "levelname": "INFO", "name": "AresTradingSystem.System.UnifiedDataLoader", "message": "   ðŸ“„ Processing file 10/29: part-0.parquet", "correlation_id": "-", "session_id": "-", "timestamp": "2025-08-11T12:35:21.632586+00:00"}
{"asctime": "2025-08-11 14:35:21,638", "levelname": "INFO", "name": "AresTradingSystem.System.UnifiedDataLoader", "message": "   âœ… Loaded file 10: (1440, 19)", "correlation_id": "-", "session_id": "-", "timestamp": "2025-08-11T12:35:21.638597+00:00"}
{"asctime": "2025-08-11 14:35:21,640", "levelname": "INFO", "name": "AresTradingSystem.System.UnifiedDataLoader", "message": "   ðŸ” After date filtering: (1440, 19)", "correlation_id": "-", "session_id": "-", "timestamp": "2025-08-11T12:35:21.640369+00:00"}
{"asctime": "2025-08-11 14:35:21,651", "levelname": "INFO", "name": "AresTradingSystem.System.UnifiedDataLoader", "message": "   ðŸ“Š Total rows so far: 13524", "correlation_id": "-", "session_id": "-", "timestamp": "2025-08-11T12:35:21.651530+00:00"}
{"asctime": "2025-08-11 14:35:23,406", "levelname": "INFO", "name": "AresTradingSystem.System.UnifiedDataLoader", "message": "   ðŸ“„ Processing file 20/29: part-0.parquet", "correlation_id": "-", "session_id": "-", "timestamp": "2025-08-11T12:35:23.406638+00:00"}
{"asctime": "2025-08-11 14:35:23,412", "levelname": "INFO", "name": "AresTradingSystem.System.UnifiedDataLoader", "message": "   âœ… Loaded file 20: (1440, 19)", "correlation_id": "-", "session_id": "-", "timestamp": "2025-08-11T12:35:23.412457+00:00"}
{"asctime": "2025-08-11 14:35:23,413", "levelname": "INFO", "name": "AresTradingSystem.System.UnifiedDataLoader", "message": "   ðŸ” After date filtering: (1440, 19)", "correlation_id": "-", "session_id": "-", "timestamp": "2025-08-11T12:35:23.414004+00:00"}
{"asctime": "2025-08-11 14:35:23,422", "levelname": "INFO", "name": "AresTradingSystem.System.UnifiedDataLoader", "message": "   ðŸ“Š Total rows so far: 27924", "correlation_id": "-", "session_id": "-", "timestamp": "2025-08-11T12:35:23.422992+00:00"}
{"asctime": "2025-08-11 14:35:25,444", "levelname": "INFO", "name": "AresTradingSystem.System.UnifiedDataLoader", "message": "ðŸ”„ Converting 40514 records to DataFrame...", "correlation_id": "-", "session_id": "-", "timestamp": "2025-08-11T12:35:25.444697+00:00"}
{"asctime": "2025-08-11 14:35:25,716", "levelname": "INFO", "name": "AresTradingSystem.System.UnifiedDataLoader", "message": "âœ… Memory-efficient loading completed: (40514, 19)", "correlation_id": "-", "session_id": "-", "timestamp": "2025-08-11T12:35:25.716571+00:00"}
{"asctime": "2025-08-11 14:35:25,717", "levelname": "INFO", "name": "AresTradingSystem.System", "message": "âœ… Loaded unified data: 40514 rows", "correlation_id": "-", "session_id": "-", "timestamp": "2025-08-11T12:35:25.717879+00:00"}
{"asctime": "2025-08-11 14:35:25,718", "levelname": "INFO", "name": "AresTradingSystem.System", "message": "   Date range: 2025-07-12T14:36:00 to 2025-08-09T17:49:00", "correlation_id": "-", "session_id": "-", "timestamp": "2025-08-11T12:35:25.718063+00:00"}
{"asctime": "2025-08-11 14:35:25,718", "levelname": "INFO", "name": "AresTradingSystem.System", "message": "   Has aggtrades data: True", "correlation_id": "-", "session_id": "-", "timestamp": "2025-08-11T12:35:25.718177+00:00"}
{"asctime": "2025-08-11 14:35:25,718", "levelname": "INFO", "name": "AresTradingSystem.System", "message": "   Has futures data: True", "correlation_id": "-", "session_id": "-", "timestamp": "2025-08-11T12:35:25.718278+00:00"}
{"asctime": "2025-08-11 14:35:25,718", "levelname": "INFO", "name": "AresTradingSystem.System", "message": "ðŸ”„ Resampling data to 1h timeframe for regime classification...", "correlation_id": "-", "session_id": "-", "timestamp": "2025-08-11T12:35:25.718381+00:00"}
{"asctime": "2025-08-11 14:35:25,735", "levelname": "INFO", "name": "AresTradingSystem.System", "message": "âœ… Resampled to 1h: 676 records", "correlation_id": "-", "session_id": "-", "timestamp": "2025-08-11T12:35:25.735357+00:00"}
{"asctime": "2025-08-11 14:35:25,735", "levelname": "INFO", "name": "AresTradingSystem.System", "message": "Classifying market regimes for ETHUSDT on BINANCE...", "correlation_id": "-", "session_id": "-", "timestamp": "2025-08-11T12:35:25.735672+00:00"}
{"asctime": "2025-08-11 14:35:25,736", "levelname": "INFO", "name": "AresTradingSystem.System.UnifiedRegimeClassifier", "message": "ðŸ”§ Calculating features for 676 periods...", "correlation_id": "-", "session_id": "-", "timestamp": "2025-08-11T12:35:25.736185+00:00"}
{"asctime": "2025-08-11 14:35:25,755", "levelname": "INFO", "name": "AresTradingSystem.System.UnifiedRegimeClassifier", "message": "âœ… Calculated comprehensive features for 676 periods (dropped 0 rows due to NaN)", "correlation_id": "-", "session_id": "-", "timestamp": "2025-08-11T12:35:25.755935+00:00"}
{"asctime": "2025-08-11 14:35:25,756", "levelname": "INFO", "name": "AresTradingSystem.System.UnifiedRegimeClassifier", "message": "ðŸ” Using trained basic ensemble for regime classification", "correlation_id": "-", "session_id": "-", "timestamp": "2025-08-11T12:35:25.757000+00:00"}
{"asctime": "2025-08-11 14:35:25,793", "levelname": "INFO", "name": "AresTradingSystem.System.UnifiedRegimeClassifier", "message": "", "correlation_id": "-", "session_id": "-", "msg": "Ensemble regime prediction summary", "unique_regimes": ["BEAR", "BULL", "SIDEWAYS"], "counts": {"BEAR": 400, "BULL": 15, "SIDEWAYS": 261}, "expected_min": 4, "total_records": 676, "thresholds": {"adx_sideways_threshold": 18, "volatility_threshold": 0.025, "atr_normalized_threshold": 0.035, "volatility_percentile_threshold": 0.8}, "timestamp": "2025-08-11T12:35:25.793095+00:00"}
{"asctime": "2025-08-11 14:35:25,793", "levelname": "WARNING", "name": "AresTradingSystem.System.UnifiedRegimeClassifier", "message": "\u001b[93m\u001b[1mâš ï¸\u001b[0m \u001b[93m\u001b[1mFewer regimes predicted (3) than expected (4). Consider increasing min_data_points or enhancing volatility features.\u001b[0m", "correlation_id": "-", "session_id": "-", "timestamp": "2025-08-11T12:35:25.793861+00:00"}
{"asctime": "2025-08-11 14:35:25,794", "levelname": "INFO", "name": "AresTradingSystem.System.UnifiedRegimeClassifier", "message": "Classifying location with tactical pivots and strategic volume levels...", "correlation_id": "-", "session_id": "-", "timestamp": "2025-08-11T12:35:25.794084+00:00"}
{"asctime": "2025-08-11 14:35:25,794", "levelname": "WARNING", "name": "AresTradingSystem.System.UnifiedRegimeClassifier", "message": "Insufficient data for location classification. Need at least 720 rows, but only have 676. Returning all OPEN_RANGE labels.", "correlation_id": "-", "session_id": "-", "timestamp": "2025-08-11T12:35:25.794226+00:00"}
{"asctime": "2025-08-11 14:35:25,795", "levelname": "INFO", "name": "AresTradingSystem.System.UnifiedRegimeClassifier", "message": "ðŸ“Š Regime distribution: {'BEAR': 400, 'SIDEWAYS': 261, 'BULL': 15}", "correlation_id": "-", "session_id": "-", "timestamp": "2025-08-11T12:35:25.795477+00:00"}
{"asctime": "2025-08-11 14:35:25,796", "levelname": "INFO", "name": "AresTradingSystem.System", "message": "Regime classification completed. Found 3 distinct regimes", "correlation_id": "-", "session_id": "-", "timestamp": "2025-08-11T12:35:25.796348+00:00"}
{"asctime": "2025-08-11 14:35:25,805", "levelname": "INFO", "name": "AresTradingSystem.System", "message": "âœ… Saved regime classification results to parquet: data/training/BINANCE_ETHUSDT_regime_classification.parquet", "correlation_id": "-", "session_id": "-", "timestamp": "2025-08-11T12:35:25.805515+00:00"}
{"asctime": "2025-08-11 14:35:25,805", "levelname": "INFO", "name": "AresTradingSystem.System", "message": "âœ… Market regime classification completed. Results saved to data/training/BINANCE_ETHUSDT_regime_classification.json", "correlation_id": "-", "session_id": "-", "timestamp": "2025-08-11T12:35:25.805745+00:00"}
{"asctime": "2025-08-11 14:35:25,924", "levelname": "INFO", "name": "AresTradingSystem.System", "message": "Initializing Regime Data Splitting Step...", "correlation_id": "-", "session_id": "-", "timestamp": "2025-08-11T12:35:25.924790+00:00"}
{"asctime": "2025-08-11 14:35:25,924", "levelname": "INFO", "name": "AresTradingSystem.System", "message": "Regime Data Splitting Step initialized successfully", "correlation_id": "-", "session_id": "-", "timestamp": "2025-08-11T12:35:25.924976+00:00"}
{"asctime": "2025-08-11 14:35:25,925", "levelname": "INFO", "name": "AresTradingSystem.System", "message": "ðŸ”„ Loading unified data for regime data splitting...", "correlation_id": "-", "session_id": "-", "timestamp": "2025-08-11T12:35:25.925085+00:00"}
{"asctime": "2025-08-11 14:35:25,925", "levelname": "INFO", "name": "AresTradingSystem.System.UnifiedDataLoader", "message": "ðŸ”„ Loading unified data for ETHUSDT on BINANCE", "correlation_id": "-", "session_id": "-", "timestamp": "2025-08-11T12:35:25.925193+00:00"}
{"asctime": "2025-08-11 14:35:25,925", "levelname": "INFO", "name": "AresTradingSystem.System.UnifiedDataLoader", "message": "   Timeframe: 1m", "correlation_id": "-", "session_id": "-", "timestamp": "2025-08-11T12:35:25.925287+00:00"}
{"asctime": "2025-08-11 14:35:25,925", "levelname": "INFO", "name": "AresTradingSystem.System.UnifiedDataLoader", "message": "   Date range: 2025-02-12 to 2025-08-11", "correlation_id": "-", "session_id": "-", "timestamp": "2025-08-11T12:35:25.925452+00:00"}
{"asctime": "2025-08-11 14:35:25,925", "levelname": "INFO", "name": "AresTradingSystem.System.UnifiedDataLoader", "message": "   Streaming: True", "correlation_id": "-", "session_id": "-", "timestamp": "2025-08-11T12:35:25.925544+00:00"}
{"asctime": "2025-08-11 14:35:25,925", "levelname": "INFO", "name": "AresTradingSystem.System.UnifiedDataLoader", "message": "   âš ï¸ Streaming disabled to avoid segmentation faults", "correlation_id": "-", "session_id": "-", "timestamp": "2025-08-11T12:35:25.925624+00:00"}
{"asctime": "2025-08-11 14:35:25,925", "levelname": "INFO", "name": "AresTradingSystem.System.UnifiedDataLoader", "message": "   ðŸ“ Found unified data cache, using optimized pyarrow loading", "correlation_id": "-", "session_id": "-", "timestamp": "2025-08-11T12:35:25.925734+00:00"}
{"asctime": "2025-08-11 14:35:25,926", "levelname": "INFO", "name": "AresTradingSystem.System.UnifiedDataLoader", "message": "ðŸ”§ Using optimized pyarrow loading...", "correlation_id": "-", "session_id": "-", "timestamp": "2025-08-11T12:35:25.926137+00:00"}
{"asctime": "2025-08-11 14:35:25,926", "levelname": "INFO", "name": "AresTradingSystem.System.UnifiedDataLoader", "message": "   âš ï¸ PyArrow disabled to avoid segmentation faults", "correlation_id": "-", "session_id": "-", "timestamp": "2025-08-11T12:35:25.926498+00:00"}
{"asctime": "2025-08-11 14:35:25,926", "levelname": "INFO", "name": "AresTradingSystem.System.UnifiedDataLoader", "message": "ðŸ”§ Using memory-efficient streaming loading for 180 days...", "correlation_id": "-", "session_id": "-", "timestamp": "2025-08-11T12:35:25.926655+00:00"}
{"asctime": "2025-08-11 14:35:25,932", "levelname": "INFO", "name": "AresTradingSystem.System.UnifiedDataLoader", "message": "ðŸ“ Found 179 partition files", "correlation_id": "-", "session_id": "-", "timestamp": "2025-08-11T12:35:25.932106+00:00"}
{"asctime": "2025-08-11 14:35:26,011", "levelname": "INFO", "name": "AresTradingSystem.System.UnifiedDataLoader", "message": "   ðŸ“„ Processing file 1/179: part-0.parquet", "correlation_id": "-", "session_id": "-", "timestamp": "2025-08-11T12:35:26.011540+00:00"}
{"asctime": "2025-08-11 14:35:26,017", "levelname": "INFO", "name": "AresTradingSystem.System.UnifiedDataLoader", "message": "   âœ… Loaded file 1: (1440, 19)", "correlation_id": "-", "session_id": "-", "timestamp": "2025-08-11T12:35:26.017643+00:00"}
{"asctime": "2025-08-11 14:35:26,019", "levelname": "INFO", "name": "AresTradingSystem.System.UnifiedDataLoader", "message": "   ðŸ” After date filtering: (564, 19)", "correlation_id": "-", "session_id": "-", "timestamp": "2025-08-11T12:35:26.019274+00:00"}
{"asctime": "2025-08-11 14:35:26,022", "levelname": "INFO", "name": "AresTradingSystem.System.UnifiedDataLoader", "message": "   ðŸ“Š Total rows so far: 564", "correlation_id": "-", "session_id": "-", "timestamp": "2025-08-11T12:35:26.022744+00:00"}
{"asctime": "2025-08-11 14:35:28,057", "levelname": "INFO", "name": "AresTradingSystem.System.UnifiedDataLoader", "message": "   ðŸ“„ Processing file 10/179: part-0.parquet", "correlation_id": "-", "session_id": "-", "timestamp": "2025-08-11T12:35:28.057239+00:00"}
{"asctime": "2025-08-11 14:35:28,068", "levelname": "INFO", "name": "AresTradingSystem.System.UnifiedDataLoader", "message": "   âœ… Loaded file 10: (1440, 19)", "correlation_id": "-", "session_id": "-", "timestamp": "2025-08-11T12:35:28.068270+00:00"}
{"asctime": "2025-08-11 14:35:28,070", "levelname": "INFO", "name": "AresTradingSystem.System.UnifiedDataLoader", "message": "   ðŸ” After date filtering: (1440, 19)", "correlation_id": "-", "session_id": "-", "timestamp": "2025-08-11T12:35:28.070296+00:00"}
{"asctime": "2025-08-11 14:35:28,081", "levelname": "INFO", "name": "AresTradingSystem.System.UnifiedDataLoader", "message": "   ðŸ“Š Total rows so far: 13524", "correlation_id": "-", "session_id": "-", "timestamp": "2025-08-11T12:35:28.081836+00:00"}
{"asctime": "2025-08-11 14:35:31,282", "levelname": "INFO", "name": "AresTradingSystem.System.UnifiedDataLoader", "message": "   ðŸ“„ Processing file 20/179: part-0.parquet", "correlation_id": "-", "session_id": "-", "timestamp": "2025-08-11T12:35:31.282269+00:00"}
{"asctime": "2025-08-11 14:35:31,288", "levelname": "INFO", "name": "AresTradingSystem.System.UnifiedDataLoader", "message": "   âœ… Loaded file 20: (1440, 19)", "correlation_id": "-", "session_id": "-", "timestamp": "2025-08-11T12:35:31.288101+00:00"}
{"asctime": "2025-08-11 14:35:31,289", "levelname": "INFO", "name": "AresTradingSystem.System.UnifiedDataLoader", "message": "   ðŸ” After date filtering: (1440, 19)", "correlation_id": "-", "session_id": "-", "timestamp": "2025-08-11T12:35:31.289748+00:00"}
{"asctime": "2025-08-11 14:35:31,299", "levelname": "INFO", "name": "AresTradingSystem.System.UnifiedDataLoader", "message": "   ðŸ“Š Total rows so far: 27924", "correlation_id": "-", "session_id": "-", "timestamp": "2025-08-11T12:35:31.299049+00:00"}
{"asctime": "2025-08-11 14:35:33,189", "levelname": "INFO", "name": "AresTradingSystem.System.UnifiedDataLoader", "message": "   ðŸ“„ Processing file 30/179: part-0.parquet", "correlation_id": "-", "session_id": "-", "timestamp": "2025-08-11T12:35:33.189599+00:00"}
{"asctime": "2025-08-11 14:35:33,195", "levelname": "INFO", "name": "AresTradingSystem.System.UnifiedDataLoader", "message": "   âœ… Loaded file 30: (1440, 19)", "correlation_id": "-", "session_id": "-", "timestamp": "2025-08-11T12:35:33.195423+00:00"}
{"asctime": "2025-08-11 14:35:33,196", "levelname": "INFO", "name": "AresTradingSystem.System.UnifiedDataLoader", "message": "   ðŸ” After date filtering: (1440, 19)", "correlation_id": "-", "session_id": "-", "timestamp": "2025-08-11T12:35:33.196693+00:00"}
{"asctime": "2025-08-11 14:35:33,203", "levelname": "INFO", "name": "AresTradingSystem.System.UnifiedDataLoader", "message": "   ðŸ“Š Total rows so far: 42324", "correlation_id": "-", "session_id": "-", "timestamp": "2025-08-11T12:35:33.203638+00:00"}
{"asctime": "2025-08-11 14:35:35,189", "levelname": "INFO", "name": "AresTradingSystem.System.UnifiedDataLoader", "message": "   ðŸ“„ Processing file 40/179: part-0.parquet", "correlation_id": "-", "session_id": "-", "timestamp": "2025-08-11T12:35:35.189891+00:00"}
{"asctime": "2025-08-11 14:35:35,198", "levelname": "INFO", "name": "AresTradingSystem.System.UnifiedDataLoader", "message": "   âœ… Loaded file 40: (1440, 19)", "correlation_id": "-", "session_id": "-", "timestamp": "2025-08-11T12:35:35.198494+00:00"}
{"asctime": "2025-08-11 14:35:35,200", "levelname": "INFO", "name": "AresTradingSystem.System.UnifiedDataLoader", "message": "   ðŸ” After date filtering: (1440, 19)", "correlation_id": "-", "session_id": "-", "timestamp": "2025-08-11T12:35:35.200115+00:00"}
{"asctime": "2025-08-11 14:35:35,208", "levelname": "INFO", "name": "AresTradingSystem.System.UnifiedDataLoader", "message": "   ðŸ“Š Total rows so far: 56724", "correlation_id": "-", "session_id": "-", "timestamp": "2025-08-11T12:35:35.208359+00:00"}
{"asctime": "2025-08-11 14:35:37,107", "levelname": "INFO", "name": "AresTradingSystem.System.UnifiedDataLoader", "message": "   ðŸ“„ Processing file 50/179: part-0.parquet", "correlation_id": "-", "session_id": "-", "timestamp": "2025-08-11T12:35:37.107328+00:00"}
{"asctime": "2025-08-11 14:35:37,112", "levelname": "INFO", "name": "AresTradingSystem.System.UnifiedDataLoader", "message": "   âœ… Loaded file 50: (1440, 19)", "correlation_id": "-", "session_id": "-", "timestamp": "2025-08-11T12:35:37.112023+00:00"}
{"asctime": "2025-08-11 14:35:37,113", "levelname": "INFO", "name": "AresTradingSystem.System.UnifiedDataLoader", "message": "   ðŸ” After date filtering: (1440, 19)", "correlation_id": "-", "session_id": "-", "timestamp": "2025-08-11T12:35:37.113130+00:00"}
{"asctime": "2025-08-11 14:35:37,119", "levelname": "INFO", "name": "AresTradingSystem.System.UnifiedDataLoader", "message": "   ðŸ“Š Total rows so far: 71124", "correlation_id": "-", "session_id": "-", "timestamp": "2025-08-11T12:35:37.119432+00:00"}
{"asctime": "2025-08-11 14:35:38,790", "levelname": "INFO", "name": "AresTradingSystem.System.UnifiedDataLoader", "message": "   ðŸ“„ Processing file 60/179: part-0.parquet", "correlation_id": "-", "session_id": "-", "timestamp": "2025-08-11T12:35:38.790429+00:00"}
{"asctime": "2025-08-11 14:35:38,794", "levelname": "INFO", "name": "AresTradingSystem.System.UnifiedDataLoader", "message": "   âœ… Loaded file 60: (1440, 19)", "correlation_id": "-", "session_id": "-", "timestamp": "2025-08-11T12:35:38.794836+00:00"}
{"asctime": "2025-08-11 14:35:38,796", "levelname": "INFO", "name": "AresTradingSystem.System.UnifiedDataLoader", "message": "   ðŸ” After date filtering: (1440, 19)", "correlation_id": "-", "session_id": "-", "timestamp": "2025-08-11T12:35:38.796057+00:00"}
{"asctime": "2025-08-11 14:35:38,801", "levelname": "INFO", "name": "AresTradingSystem.System.UnifiedDataLoader", "message": "   ðŸ“Š Total rows so far: 85524", "correlation_id": "-", "session_id": "-", "timestamp": "2025-08-11T12:35:38.801884+00:00"}
{"asctime": "2025-08-11 14:35:40,544", "levelname": "INFO", "name": "AresTradingSystem.System.UnifiedDataLoader", "message": "   ðŸ“„ Processing file 70/179: part-0.parquet", "correlation_id": "-", "session_id": "-", "timestamp": "2025-08-11T12:35:40.544994+00:00"}
{"asctime": "2025-08-11 14:35:40,549", "levelname": "INFO", "name": "AresTradingSystem.System.UnifiedDataLoader", "message": "   âœ… Loaded file 70: (1440, 19)", "correlation_id": "-", "session_id": "-", "timestamp": "2025-08-11T12:35:40.549953+00:00"}
{"asctime": "2025-08-11 14:35:40,551", "levelname": "INFO", "name": "AresTradingSystem.System.UnifiedDataLoader", "message": "   ðŸ” After date filtering: (1440, 19)", "correlation_id": "-", "session_id": "-", "timestamp": "2025-08-11T12:35:40.551100+00:00"}
{"asctime": "2025-08-11 14:35:40,557", "levelname": "INFO", "name": "AresTradingSystem.System.UnifiedDataLoader", "message": "   ðŸ“Š Total rows so far: 99924", "correlation_id": "-", "session_id": "-", "timestamp": "2025-08-11T12:35:40.557717+00:00"}
{"asctime": "2025-08-11 14:35:44,054", "levelname": "INFO", "name": "AresTradingSystem.System.UnifiedDataLoader", "message": "   ðŸ“„ Processing file 80/179: part-0.parquet", "correlation_id": "-", "session_id": "-", "timestamp": "2025-08-11T12:35:44.055019+00:00"}
{"asctime": "2025-08-11 14:35:44,063", "levelname": "INFO", "name": "AresTradingSystem.System.UnifiedDataLoader", "message": "   âœ… Loaded file 80: (1440, 19)", "correlation_id": "-", "session_id": "-", "timestamp": "2025-08-11T12:35:44.063168+00:00"}
{"asctime": "2025-08-11 14:35:44,065", "levelname": "INFO", "name": "AresTradingSystem.System.UnifiedDataLoader", "message": "   ðŸ” After date filtering: (1440, 19)", "correlation_id": "-", "session_id": "-", "timestamp": "2025-08-11T12:35:44.065278+00:00"}
{"asctime": "2025-08-11 14:35:44,074", "levelname": "INFO", "name": "AresTradingSystem.System.UnifiedDataLoader", "message": "   ðŸ“Š Total rows so far: 114324", "correlation_id": "-", "session_id": "-", "timestamp": "2025-08-11T12:35:44.074752+00:00"}
{"asctime": "2025-08-11 14:35:46,453", "levelname": "INFO", "name": "AresTradingSystem.System.UnifiedDataLoader", "message": "   ðŸ“„ Processing file 90/179: part-0.parquet", "correlation_id": "-", "session_id": "-", "timestamp": "2025-08-11T12:35:46.453688+00:00"}
{"asctime": "2025-08-11 14:35:46,457", "levelname": "INFO", "name": "AresTradingSystem.System.UnifiedDataLoader", "message": "   âœ… Loaded file 90: (1440, 19)", "correlation_id": "-", "session_id": "-", "timestamp": "2025-08-11T12:35:46.457995+00:00"}
{"asctime": "2025-08-11 14:35:46,459", "levelname": "INFO", "name": "AresTradingSystem.System.UnifiedDataLoader", "message": "   ðŸ” After date filtering: (1440, 19)", "correlation_id": "-", "session_id": "-", "timestamp": "2025-08-11T12:35:46.459369+00:00"}
{"asctime": "2025-08-11 14:35:46,466", "levelname": "INFO", "name": "AresTradingSystem.System.UnifiedDataLoader", "message": "   ðŸ“Š Total rows so far: 128724", "correlation_id": "-", "session_id": "-", "timestamp": "2025-08-11T12:35:46.466580+00:00"}
{"asctime": "2025-08-11 14:35:48,557", "levelname": "INFO", "name": "AresTradingSystem.System.UnifiedDataLoader", "message": "   ðŸ“„ Processing file 100/179: part-0.parquet", "correlation_id": "-", "session_id": "-", "timestamp": "2025-08-11T12:35:48.557983+00:00"}
{"asctime": "2025-08-11 14:35:48,562", "levelname": "INFO", "name": "AresTradingSystem.System.UnifiedDataLoader", "message": "   âœ… Loaded file 100: (1440, 19)", "correlation_id": "-", "session_id": "-", "timestamp": "2025-08-11T12:35:48.562506+00:00"}
{"asctime": "2025-08-11 14:35:48,563", "levelname": "INFO", "name": "AresTradingSystem.System.UnifiedDataLoader", "message": "   ðŸ” After date filtering: (1440, 19)", "correlation_id": "-", "session_id": "-", "timestamp": "2025-08-11T12:35:48.563599+00:00"}
{"asctime": "2025-08-11 14:35:48,569", "levelname": "INFO", "name": "AresTradingSystem.System.UnifiedDataLoader", "message": "   ðŸ“Š Total rows so far: 143124", "correlation_id": "-", "session_id": "-", "timestamp": "2025-08-11T12:35:48.569716+00:00"}
{"asctime": "2025-08-11 14:35:50,494", "levelname": "INFO", "name": "AresTradingSystem.System.UnifiedDataLoader", "message": "   ðŸ“„ Processing file 110/179: part-0.parquet", "correlation_id": "-", "session_id": "-", "timestamp": "2025-08-11T12:35:50.494947+00:00"}
{"asctime": "2025-08-11 14:35:50,500", "levelname": "INFO", "name": "AresTradingSystem.System.UnifiedDataLoader", "message": "   âœ… Loaded file 110: (1440, 19)", "correlation_id": "-", "session_id": "-", "timestamp": "2025-08-11T12:35:50.500135+00:00"}
{"asctime": "2025-08-11 14:35:50,502", "levelname": "INFO", "name": "AresTradingSystem.System.UnifiedDataLoader", "message": "   ðŸ” After date filtering: (1440, 19)", "correlation_id": "-", "session_id": "-", "timestamp": "2025-08-11T12:35:50.502343+00:00"}
{"asctime": "2025-08-11 14:35:50,509", "levelname": "INFO", "name": "AresTradingSystem.System.UnifiedDataLoader", "message": "   ðŸ“Š Total rows so far: 157524", "correlation_id": "-", "session_id": "-", "timestamp": "2025-08-11T12:35:50.509242+00:00"}
{"asctime": "2025-08-11 14:35:52,516", "levelname": "INFO", "name": "AresTradingSystem.System.UnifiedDataLoader", "message": "   ðŸ“„ Processing file 120/179: part-0.parquet", "correlation_id": "-", "session_id": "-", "timestamp": "2025-08-11T12:35:52.516987+00:00"}
{"asctime": "2025-08-11 14:35:52,521", "levelname": "INFO", "name": "AresTradingSystem.System.UnifiedDataLoader", "message": "   âœ… Loaded file 120: (1440, 19)", "correlation_id": "-", "session_id": "-", "timestamp": "2025-08-11T12:35:52.521043+00:00"}
{"asctime": "2025-08-11 14:35:52,521", "levelname": "INFO", "name": "AresTradingSystem.System.UnifiedDataLoader", "message": "   ðŸ” After date filtering: (1440, 19)", "correlation_id": "-", "session_id": "-", "timestamp": "2025-08-11T12:35:52.521879+00:00"}
{"asctime": "2025-08-11 14:35:52,527", "levelname": "INFO", "name": "AresTradingSystem.System.UnifiedDataLoader", "message": "   ðŸ“Š Total rows so far: 171924", "correlation_id": "-", "session_id": "-", "timestamp": "2025-08-11T12:35:52.527268+00:00"}
{"asctime": "2025-08-11 14:35:54,421", "levelname": "INFO", "name": "AresTradingSystem.System.UnifiedDataLoader", "message": "   ðŸ“„ Processing file 130/179: part-0.parquet", "correlation_id": "-", "session_id": "-", "timestamp": "2025-08-11T12:35:54.421174+00:00"}
{"asctime": "2025-08-11 14:35:54,425", "levelname": "INFO", "name": "AresTradingSystem.System.UnifiedDataLoader", "message": "   âœ… Loaded file 130: (1440, 19)", "correlation_id": "-", "session_id": "-", "timestamp": "2025-08-11T12:35:54.425779+00:00"}
{"asctime": "2025-08-11 14:35:54,426", "levelname": "INFO", "name": "AresTradingSystem.System.UnifiedDataLoader", "message": "   ðŸ” After date filtering: (1440, 19)", "correlation_id": "-", "session_id": "-", "timestamp": "2025-08-11T12:35:54.426857+00:00"}
{"asctime": "2025-08-11 14:35:54,433", "levelname": "INFO", "name": "AresTradingSystem.System.UnifiedDataLoader", "message": "   ðŸ“Š Total rows so far: 186324", "correlation_id": "-", "session_id": "-", "timestamp": "2025-08-11T12:35:54.433026+00:00"}
{"asctime": "2025-08-11 14:35:56,663", "levelname": "INFO", "name": "AresTradingSystem.System.UnifiedDataLoader", "message": "   ðŸ“„ Processing file 140/179: part-0.parquet", "correlation_id": "-", "session_id": "-", "timestamp": "2025-08-11T12:35:56.663681+00:00"}
{"asctime": "2025-08-11 14:35:56,668", "levelname": "INFO", "name": "AresTradingSystem.System.UnifiedDataLoader", "message": "   âœ… Loaded file 140: (1440, 19)", "correlation_id": "-", "session_id": "-", "timestamp": "2025-08-11T12:35:56.668106+00:00"}
{"asctime": "2025-08-11 14:35:56,669", "levelname": "INFO", "name": "AresTradingSystem.System.UnifiedDataLoader", "message": "   ðŸ” After date filtering: (1440, 19)", "correlation_id": "-", "session_id": "-", "timestamp": "2025-08-11T12:35:56.669212+00:00"}
{"asctime": "2025-08-11 14:35:56,674", "levelname": "INFO", "name": "AresTradingSystem.System.UnifiedDataLoader", "message": "   ðŸ“Š Total rows so far: 200724", "correlation_id": "-", "session_id": "-", "timestamp": "2025-08-11T12:35:56.674891+00:00"}
{"asctime": "2025-08-11 14:35:59,496", "levelname": "INFO", "name": "AresTradingSystem.System.UnifiedDataLoader", "message": "   ðŸ“„ Processing file 150/179: part-0.parquet", "correlation_id": "-", "session_id": "-", "timestamp": "2025-08-11T12:35:59.496691+00:00"}
{"asctime": "2025-08-11 14:35:59,501", "levelname": "INFO", "name": "AresTradingSystem.System.UnifiedDataLoader", "message": "   âœ… Loaded file 150: (1440, 19)", "correlation_id": "-", "session_id": "-", "timestamp": "2025-08-11T12:35:59.501688+00:00"}
{"asctime": "2025-08-11 14:35:59,503", "levelname": "INFO", "name": "AresTradingSystem.System.UnifiedDataLoader", "message": "   ðŸ” After date filtering: (1440, 19)", "correlation_id": "-", "session_id": "-", "timestamp": "2025-08-11T12:35:59.503366+00:00"}
{"asctime": "2025-08-11 14:35:59,511", "levelname": "INFO", "name": "AresTradingSystem.System.UnifiedDataLoader", "message": "   ðŸ“Š Total rows so far: 215124", "correlation_id": "-", "session_id": "-", "timestamp": "2025-08-11T12:35:59.511413+00:00"}
{"asctime": "2025-08-11 14:36:03,413", "levelname": "INFO", "name": "AresTradingSystem.System.UnifiedDataLoader", "message": "   ðŸ“„ Processing file 160/179: part-0.parquet", "correlation_id": "-", "session_id": "-", "timestamp": "2025-08-11T12:36:03.413590+00:00"}
{"asctime": "2025-08-11 14:36:03,418", "levelname": "INFO", "name": "AresTradingSystem.System.UnifiedDataLoader", "message": "   âœ… Loaded file 160: (1440, 19)", "correlation_id": "-", "session_id": "-", "timestamp": "2025-08-11T12:36:03.418935+00:00"}
{"asctime": "2025-08-11 14:36:03,420", "levelname": "INFO", "name": "AresTradingSystem.System.UnifiedDataLoader", "message": "   ðŸ” After date filtering: (1440, 19)", "correlation_id": "-", "session_id": "-", "timestamp": "2025-08-11T12:36:03.420634+00:00"}
{"asctime": "2025-08-11 14:36:03,428", "levelname": "INFO", "name": "AresTradingSystem.System.UnifiedDataLoader", "message": "   ðŸ“Š Total rows so far: 229524", "correlation_id": "-", "session_id": "-", "timestamp": "2025-08-11T12:36:03.428227+00:00"}
{"asctime": "2025-08-11 14:36:05,560", "levelname": "INFO", "name": "AresTradingSystem.System.UnifiedDataLoader", "message": "   ðŸ“„ Processing file 170/179: part-0.parquet", "correlation_id": "-", "session_id": "-", "timestamp": "2025-08-11T12:36:05.560963+00:00"}
{"asctime": "2025-08-11 14:36:05,564", "levelname": "INFO", "name": "AresTradingSystem.System.UnifiedDataLoader", "message": "   âœ… Loaded file 170: (1440, 19)", "correlation_id": "-", "session_id": "-", "timestamp": "2025-08-11T12:36:05.564440+00:00"}
{"asctime": "2025-08-11 14:36:05,565", "levelname": "INFO", "name": "AresTradingSystem.System.UnifiedDataLoader", "message": "   ðŸ” After date filtering: (1440, 19)", "correlation_id": "-", "session_id": "-", "timestamp": "2025-08-11T12:36:05.565244+00:00"}
{"asctime": "2025-08-11 14:36:05,570", "levelname": "INFO", "name": "AresTradingSystem.System.UnifiedDataLoader", "message": "   ðŸ“Š Total rows so far: 243924", "correlation_id": "-", "session_id": "-", "timestamp": "2025-08-11T12:36:05.570505+00:00"}
{"asctime": "2025-08-11 14:36:07,547", "levelname": "INFO", "name": "AresTradingSystem.System.UnifiedDataLoader", "message": "ðŸ”„ Converting 256514 records to DataFrame...", "correlation_id": "-", "session_id": "-", "timestamp": "2025-08-11T12:36:07.547769+00:00"}
{"asctime": "2025-08-11 14:36:08,455", "levelname": "INFO", "name": "AresTradingSystem.System.UnifiedDataLoader", "message": "âœ… Memory-efficient loading completed: (256514, 19)", "correlation_id": "-", "session_id": "-", "timestamp": "2025-08-11T12:36:08.455230+00:00"}
{"asctime": "2025-08-11 14:36:08,455", "levelname": "INFO", "name": "AresTradingSystem.System", "message": "âœ… Loaded unified data: 256514 rows", "correlation_id": "-", "session_id": "-", "timestamp": "2025-08-11T12:36:08.455716+00:00"}
{"asctime": "2025-08-11 14:36:08,455", "levelname": "INFO", "name": "AresTradingSystem.System", "message": "   Date range: 0 to 256513", "correlation_id": "-", "session_id": "-", "timestamp": "2025-08-11T12:36:08.455846+00:00"}
{"asctime": "2025-08-11 14:36:08,455", "levelname": "INFO", "name": "AresTradingSystem.System", "message": "   Has aggtrades data: False", "correlation_id": "-", "session_id": "-", "timestamp": "2025-08-11T12:36:08.455974+00:00"}
{"asctime": "2025-08-11 14:36:08,456", "levelname": "INFO", "name": "AresTradingSystem.System", "message": "   Has futures data: False", "correlation_id": "-", "session_id": "-", "timestamp": "2025-08-11T12:36:08.456051+00:00"}
{"asctime": "2025-08-11 14:36:08,456", "levelname": "INFO", "name": "AresTradingSystem.System", "message": "ðŸ“ Loading regime classification results from: data/training/BINANCE_ETHUSDT_regime_classification.parquet", "correlation_id": "-", "session_id": "-", "timestamp": "2025-08-11T12:36:08.456116+00:00"}
{"asctime": "2025-08-11 14:36:08,456", "levelname": "INFO", "name": "AresTradingSystem.System", "message": "   Trying direct pandas read...", "correlation_id": "-", "session_id": "-", "timestamp": "2025-08-11T12:36:08.456188+00:00"}
{"asctime": "2025-08-11 14:36:08,459", "levelname": "INFO", "name": "AresTradingSystem.System", "message": "   âœ… Successfully loaded with direct pandas read: (676, 3)", "correlation_id": "-", "session_id": "-", "timestamp": "2025-08-11T12:36:08.459118+00:00"}
{"asctime": "2025-08-11 14:36:08,459", "levelname": "INFO", "name": "AresTradingSystem.System", "message": "âœ… Loaded regime classification data: 676 rows", "correlation_id": "-", "session_id": "-", "timestamp": "2025-08-11T12:36:08.459420+00:00"}
{"asctime": "2025-08-11 14:36:08,459", "levelname": "INFO", "name": "AresTradingSystem.System", "message": "   Regimes found: ['BULL', 'BEAR', 'SIDEWAYS']", "correlation_id": "-", "session_id": "-", "timestamp": "2025-08-11T12:36:08.459661+00:00"}
{"asctime": "2025-08-11 14:36:08,481", "levelname": "WARNING", "name": "AresTradingSystem.System", "message": "\u001b[93m\u001b[1mâš ï¸\u001b[0m \u001b[93m\u001b[1m   255838 rows have missing regime labels, filling with 'SIDEWAYS'\u001b[0m", "correlation_id": "-", "session_id": "-", "timestamp": "2025-08-11T12:36:08.481967+00:00"}
{"asctime": "2025-08-11 14:36:08,588", "levelname": "INFO", "name": "AresTradingSystem.System", "message": "âœ… Successfully split data by regimes: 3 regimes", "correlation_id": "-", "session_id": "-", "timestamp": "2025-08-11T12:36:08.588807+00:00"}
{"asctime": "2025-08-11 14:36:08,807", "levelname": "INFO", "name": "AresTradingSystem.System", "message": "âœ… Saved SIDEWAYS regime data: 256099 rows -> data/training/regime_data/SIDEWAYS.parquet", "correlation_id": "-", "session_id": "-", "timestamp": "2025-08-11T12:36:08.807087+00:00"}
{"asctime": "2025-08-11 14:36:08,810", "levelname": "INFO", "name": "AresTradingSystem.System", "message": "âœ… Saved BULL regime data: 15 rows -> data/training/regime_data/BULL.parquet", "correlation_id": "-", "session_id": "-", "timestamp": "2025-08-11T12:36:08.810502+00:00"}
{"asctime": "2025-08-11 14:36:08,814", "levelname": "INFO", "name": "AresTradingSystem.System", "message": "âœ… Saved BEAR regime data: 400 rows -> data/training/regime_data/BEAR.parquet", "correlation_id": "-", "session_id": "-", "timestamp": "2025-08-11T12:36:08.814512+00:00"}
{"asctime": "2025-08-11 14:36:09,134", "levelname": "INFO", "name": "AresTradingSystem.System", "message": "âœ… Created train/validation/test splits:", "correlation_id": "-", "session_id": "-", "timestamp": "2025-08-11T12:36:09.134473+00:00"}
{"asctime": "2025-08-11 14:36:09,134", "levelname": "INFO", "name": "AresTradingSystem.System", "message": "   Train: 179559 rows -> data/training/BINANCE_ETHUSDT_train_data.parquet", "correlation_id": "-", "session_id": "-", "timestamp": "2025-08-11T12:36:09.134802+00:00"}
{"asctime": "2025-08-11 14:36:09,134", "levelname": "INFO", "name": "AresTradingSystem.System", "message": "   Validation: 38477 rows -> data/training/BINANCE_ETHUSDT_validation_data.parquet", "correlation_id": "-", "session_id": "-", "timestamp": "2025-08-11T12:36:09.134957+00:00"}
{"asctime": "2025-08-11 14:36:09,135", "levelname": "INFO", "name": "AresTradingSystem.System", "message": "   Test: 38478 rows -> data/training/BINANCE_ETHUSDT_test_data.parquet", "correlation_id": "-", "session_id": "-", "timestamp": "2025-08-11T12:36:09.135078+00:00"}
{"asctime": "2025-08-11 14:36:09,141", "levelname": "INFO", "name": "AresTradingSystem.System", "message": "ðŸ“Š Regime Data Splitting Results:", "correlation_id": "-", "session_id": "-", "timestamp": "2025-08-11T12:36:09.141262+00:00"}
{"asctime": "2025-08-11 14:36:09,141", "levelname": "INFO", "name": "AresTradingSystem.System", "message": "   SIDEWAYS: 256099 rows (99.8%)", "correlation_id": "-", "session_id": "-", "timestamp": "2025-08-11T12:36:09.141513+00:00"}
{"asctime": "2025-08-11 14:36:09,141", "levelname": "INFO", "name": "AresTradingSystem.System", "message": "   BULL: 15 rows (0.0%)", "correlation_id": "-", "session_id": "-", "timestamp": "2025-08-11T12:36:09.141628+00:00"}
{"asctime": "2025-08-11 14:36:09,141", "levelname": "INFO", "name": "AresTradingSystem.System", "message": "   BEAR: 400 rows (0.2%)", "correlation_id": "-", "session_id": "-", "timestamp": "2025-08-11T12:36:09.141709+00:00"}
{"asctime": "2025-08-11 14:36:09,141", "levelname": "INFO", "name": "AresTradingSystem.System", "message": "âœ… Regime data splitting completed successfully", "correlation_id": "-", "session_id": "-", "timestamp": "2025-08-11T12:36:09.141801+00:00"}
{"asctime": "2025-08-11 14:36:09,429", "levelname": "INFO", "name": "AresTradingSystem.System.AnalystLabelingFeatureEngineeringStep", "message": "Initializing Analyst Labeling and Feature Engineering Step...", "correlation_id": "-", "session_id": "-", "timestamp": "2025-08-11T12:36:09.429574+00:00"}
{"asctime": "2025-08-11 14:36:09,507", "levelname": "INFO", "name": "AresTradingSystem.System.VectorizedLabellingOrchestrator", "message": "ðŸš€ Initializing vectorized labeling orchestrator...", "correlation_id": "-", "session_id": "-", "timestamp": "2025-08-11T12:36:09.507676+00:00"}
