{"asctime": "2025-08-10 16:06:22,316", "levelname": "INFO", "name": "AresGlobal", "message": "================================================================================", "correlation_id": "-", "session_id": "-", "timestamp": "2025-08-10T14:06:22.316172+00:00"}
{"asctime": "2025-08-10 16:06:22,316", "levelname": "INFO", "name": "AresGlobal", "message": "📊 SESSION SUMMARY", "correlation_id": "-", "session_id": "-", "timestamp": "2025-08-10T14:06:22.316334+00:00"}
{"asctime": "2025-08-10 16:06:22,316", "levelname": "INFO", "name": "AresGlobal", "message": "Session started: 2025-08-10 16:06:22", "correlation_id": "-", "session_id": "-", "timestamp": "2025-08-10T14:06:22.316426+00:00"}
{"asctime": "2025-08-10 16:06:22,316", "levelname": "INFO", "name": "AresGlobal", "message": "This file contains ALL logs for this session", "correlation_id": "-", "session_id": "-", "timestamp": "2025-08-10T14:06:22.316493+00:00"}
{"asctime": "2025-08-10 16:06:22,316", "levelname": "INFO", "name": "AresGlobal", "message": "================================================================================", "correlation_id": "-", "session_id": "-", "timestamp": "2025-08-10T14:06:22.316550+00:00"}
{"asctime": "2025-08-10 16:06:22,317", "levelname": "INFO", "name": "AresGlobal", "message": "Applied NumPy RNG unpickle compatibility shim (ModelManager)", "correlation_id": "-", "session_id": "-", "timestamp": "2025-08-10T14:06:22.317150+00:00"}
{"asctime": "2025-08-10 16:06:22,317", "levelname": "INFO", "name": "AresGlobal", "message": "[SYSTEM] ================================================================================", "correlation_id": "-", "session_id": "-", "timestamp": "2025-08-10T14:06:22.317366+00:00"}
{"asctime": "2025-08-10 16:06:22,317", "levelname": "INFO", "name": "AresGlobal", "message": "[SYSTEM] 🚀 ARES LAUNCHER STARTED - Mode: INITIALIZATION", "correlation_id": "-", "session_id": "-", "timestamp": "2025-08-10T14:06:22.317550+00:00"}
{"asctime": "2025-08-10 16:06:22,317", "levelname": "INFO", "name": "AresGlobal", "message": "[SYSTEM] Start time: 2025-08-10 16:06:22", "correlation_id": "-", "session_id": "-", "timestamp": "2025-08-10T14:06:22.317666+00:00"}
{"asctime": "2025-08-10 16:06:22,317", "levelname": "INFO", "name": "AresGlobal", "message": "[SYSTEM] Log directory: log", "correlation_id": "-", "session_id": "-", "timestamp": "2025-08-10T14:06:22.317773+00:00"}
{"asctime": "2025-08-10 16:06:22,317", "levelname": "INFO", "name": "AresGlobal", "message": "[SYSTEM] ================================================================================", "correlation_id": "-", "session_id": "-", "timestamp": "2025-08-10T14:06:22.317873+00:00"}
{"asctime": "2025-08-10 16:06:22,317", "levelname": "INFO", "name": "AresGlobal.AresLauncher", "message": "================================================================================", "correlation_id": "-", "session_id": "-", "timestamp": "2025-08-10T14:06:22.317926+00:00"}
{"asctime": "2025-08-10 16:06:22,317", "levelname": "INFO", "name": "AresGlobal.AresLauncher", "message": "🚀 ARES COMPREHENSIVE LAUNCHER", "correlation_id": "-", "session_id": "-", "timestamp": "2025-08-10T14:06:22.317981+00:00"}
{"asctime": "2025-08-10 16:06:22,318", "levelname": "INFO", "name": "AresGlobal.AresLauncher", "message": "================================================================================", "correlation_id": "-", "session_id": "-", "timestamp": "2025-08-10T14:06:22.318036+00:00"}
{"asctime": "2025-08-10 16:06:22,318", "levelname": "INFO", "name": "AresGlobal.AresLauncher", "message": "Start time: 2025-08-10 16:06:22", "correlation_id": "-", "session_id": "-", "timestamp": "2025-08-10T14:06:22.318094+00:00"}
{"asctime": "2025-08-10 16:06:22,318", "levelname": "INFO", "name": "AresGlobal.AresLauncher", "message": "Log directory: log", "correlation_id": "-", "session_id": "-", "timestamp": "2025-08-10T14:06:22.318145+00:00"}
{"asctime": "2025-08-10 16:06:22,318", "levelname": "INFO", "name": "AresGlobal.AresLauncher", "message": "Log level: INFO", "correlation_id": "-", "session_id": "-", "timestamp": "2025-08-10T14:06:22.318196+00:00"}
{"asctime": "2025-08-10 16:06:22,318", "levelname": "INFO", "name": "AresGlobal.AresLauncher", "message": "Global log file: ares_global_20250810_160622.log", "correlation_id": "-", "session_id": "-", "timestamp": "2025-08-10T14:06:22.318261+00:00"}
{"asctime": "2025-08-10 16:06:22,318", "levelname": "INFO", "name": "AresGlobal.AresLauncher", "message": "================================================================================", "correlation_id": "-", "session_id": "-", "timestamp": "2025-08-10T14:06:22.318316+00:00"}
{"asctime": "2025-08-10 16:06:22,318", "levelname": "INFO", "name": "AresGlobal", "message": "[SYSTEM] ================================================================================", "correlation_id": "4356c33b-96e6-4747-87f9-f330a85573fc", "session_id": "2a110281-7b3b-42a6-8544-2031d193914b", "timestamp": "2025-08-10T14:06:22.318539+00:00"}
{"asctime": "2025-08-10 16:06:22,318", "levelname": "INFO", "name": "AresGlobal", "message": "[SYSTEM] 🚀 ARES LAUNCHER STARTED - Mode: blank - Symbol: ETHUSDT - Exchange: BINANCE", "correlation_id": "4356c33b-96e6-4747-87f9-f330a85573fc", "session_id": "2a110281-7b3b-42a6-8544-2031d193914b", "timestamp": "2025-08-10T14:06:22.318654+00:00"}
{"asctime": "2025-08-10 16:06:22,318", "levelname": "INFO", "name": "AresGlobal", "message": "[SYSTEM] Start time: 2025-08-10 16:06:22", "correlation_id": "4356c33b-96e6-4747-87f9-f330a85573fc", "session_id": "2a110281-7b3b-42a6-8544-2031d193914b", "timestamp": "2025-08-10T14:06:22.318769+00:00"}
{"asctime": "2025-08-10 16:06:22,318", "levelname": "INFO", "name": "AresGlobal", "message": "[SYSTEM] Log directory: log", "correlation_id": "4356c33b-96e6-4747-87f9-f330a85573fc", "session_id": "2a110281-7b3b-42a6-8544-2031d193914b", "timestamp": "2025-08-10T14:06:22.318921+00:00"}
{"asctime": "2025-08-10 16:06:22,319", "levelname": "INFO", "name": "AresGlobal", "message": "[SYSTEM] ================================================================================", "correlation_id": "4356c33b-96e6-4747-87f9-f330a85573fc", "session_id": "2a110281-7b3b-42a6-8544-2031d193914b", "timestamp": "2025-08-10T14:06:22.319041+00:00"}
{"asctime": "2025-08-10 16:06:22,319", "levelname": "INFO", "name": "AresGlobal.AresLauncher", "message": "🚀 Running enhanced 16-step training pipeline for ETHUSDT on BINANCE", "correlation_id": "4356c33b-96e6-4747-87f9-f330a85573fc", "session_id": "2a110281-7b3b-42a6-8544-2031d193914b", "timestamp": "2025-08-10T14:06:22.319124+00:00"}
{"asctime": "2025-08-10 16:06:22,319", "levelname": "INFO", "name": "AresGlobal.AresLauncher", "message": "Starting from step: step3_regime_data_splitting", "correlation_id": "4356c33b-96e6-4747-87f9-f330a85573fc", "session_id": "2a110281-7b3b-42a6-8544-2031d193914b", "timestamp": "2025-08-10T14:06:22.319198+00:00"}
{"asctime": "2025-08-10 16:06:22,319", "levelname": "INFO", "name": "AresGlobal.AresLauncher", "message": "🧪 BLANK TRAINING MODE: Set BLANK_TRAINING_MODE=1 for step-based training", "correlation_id": "4356c33b-96e6-4747-87f9-f330a85573fc", "session_id": "2a110281-7b3b-42a6-8544-2031d193914b", "timestamp": "2025-08-10T14:06:22.319261+00:00"}
{"asctime": "2025-08-10 16:06:22,320", "levelname": "INFO", "name": "AresGlobal.ProgressManager", "message": "Initialized ProgressManager for ETHUSDT on BINANCE", "correlation_id": "4356c33b-96e6-4747-87f9-f330a85573fc", "session_id": "2a110281-7b3b-42a6-8544-2031d193914b", "timestamp": "2025-08-10T14:06:22.320059+00:00"}
{"asctime": "2025-08-10 16:06:22,320", "levelname": "INFO", "name": "AresGlobal.ProgressManager", "message": "Progress directory: data/training/progress/BINANCE_ETHUSDT", "correlation_id": "4356c33b-96e6-4747-87f9-f330a85573fc", "session_id": "2a110281-7b3b-42a6-8544-2031d193914b", "timestamp": "2025-08-10T14:06:22.320179+00:00"}
{"asctime": "2025-08-10 16:06:22,320", "levelname": "INFO", "name": "AresGlobal.StepOrchestrator", "message": "Initialized StepOrchestrator for ETHUSDT on BINANCE", "correlation_id": "4356c33b-96e6-4747-87f9-f330a85573fc", "session_id": "2a110281-7b3b-42a6-8544-2031d193914b", "timestamp": "2025-08-10T14:06:22.320239+00:00"}
{"asctime": "2025-08-10 16:06:22,320", "levelname": "INFO", "name": "AresGlobal.StepOrchestrator", "message": "🚀 Starting execution from step: step3_regime_data_splitting", "correlation_id": "4356c33b-96e6-4747-87f9-f330a85573fc", "session_id": "2a110281-7b3b-42a6-8544-2031d193914b", "timestamp": "2025-08-10T14:06:22.320459+00:00"}
{"asctime": "2025-08-10 16:06:24,289", "levelname": "INFO", "name": "AresGlobal.EnhancedTrainingManagerOptimized", "message": "Loaded optimization configuration", "correlation_id": "4356c33b-96e6-4747-87f9-f330a85573fc", "session_id": "2a110281-7b3b-42a6-8544-2031d193914b", "timestamp": "2025-08-10T14:06:24.289211+00:00"}
{"asctime": "2025-08-10 16:06:24,292", "levelname": "INFO", "name": "AresGlobal.StepOrchestrator", "message": "✅ Enhanced training manager setup successfully", "correlation_id": "4356c33b-96e6-4747-87f9-f330a85573fc", "session_id": "2a110281-7b3b-42a6-8544-2031d193914b", "timestamp": "2025-08-10T14:06:24.292206+00:00"}
{"asctime": "2025-08-10 16:06:24,292", "levelname": "INFO", "name": "AresGlobal.EnhancedTrainingManagerOptimized", "message": "🚀 Initializing Enhanced Training Manager with Optimizations...", "correlation_id": "4356c33b-96e6-4747-87f9-f330a85573fc", "session_id": "2a110281-7b3b-42a6-8544-2031d193914b", "timestamp": "2025-08-10T14:06:24.292959+00:00"}
{"asctime": "2025-08-10 16:06:24,300", "levelname": "INFO", "name": "AresGlobal.EnhancedTrainingManagerOptimized", "message": "✅ Parallel backtester initialized with 8 workers", "correlation_id": "4356c33b-96e6-4747-87f9-f330a85573fc", "session_id": "2a110281-7b3b-42a6-8544-2031d193914b", "timestamp": "2025-08-10T14:06:24.300366+00:00"}
{"asctime": "2025-08-10 16:06:24,300", "levelname": "INFO", "name": "AresGlobal.EnhancedTrainingManagerOptimized", "message": "✅ All optimization components initialized successfully", "correlation_id": "4356c33b-96e6-4747-87f9-f330a85573fc", "session_id": "2a110281-7b3b-42a6-8544-2031d193914b", "timestamp": "2025-08-10T14:06:24.300947+00:00"}
{"asctime": "2025-08-10 16:06:26,548", "levelname": "INFO", "name": "AresGlobal.StepOrchestrator", "message": "\u001b[91m\u001b[1m❌\u001b[0m \u001b[91m\u001b[1m❌ Enhanced 16-step training pipeline failed\u001b[0m", "correlation_id": "4356c33b-96e6-4747-87f9-f330a85573fc", "session_id": "2a110281-7b3b-42a6-8544-2031d193914b", "timestamp": "2025-08-10T14:06:26.548030+00:00"}
{"asctime": "2025-08-10 16:06:26,548", "levelname": "INFO", "name": "AresGlobal.AresLauncher", "message": "\u001b[91m\u001b[1m❌\u001b[0m \u001b[91m\u001b[1m❌ Enhanced 16-step training pipeline failed\u001b[0m", "correlation_id": "4356c33b-96e6-4747-87f9-f330a85573fc", "session_id": "2a110281-7b3b-42a6-8544-2031d193914b", "timestamp": "2025-08-10T14:06:26.548509+00:00"}
{"asctime": "2025-08-10 16:06:26,548", "levelname": "INFO", "name": "AresGlobal", "message": "[SYSTEM] ================================================================================", "correlation_id": "4356c33b-96e6-4747-87f9-f330a85573fc", "session_id": "2a110281-7b3b-42a6-8544-2031d193914b", "timestamp": "2025-08-10T14:06:26.548879+00:00"}
{"asctime": "2025-08-10 16:06:26,549", "levelname": "INFO", "name": "AresGlobal", "message": "[SYSTEM] 🛑 ARES LAUNCHER ENDED - Exit code: 1", "correlation_id": "4356c33b-96e6-4747-87f9-f330a85573fc", "session_id": "2a110281-7b3b-42a6-8544-2031d193914b", "timestamp": "2025-08-10T14:06:26.549081+00:00"}
{"asctime": "2025-08-10 16:06:26,549", "levelname": "INFO", "name": "AresGlobal", "message": "[SYSTEM] End time: 2025-08-10 16:06:26", "correlation_id": "4356c33b-96e6-4747-87f9-f330a85573fc", "session_id": "2a110281-7b3b-42a6-8544-2031d193914b", "timestamp": "2025-08-10T14:06:26.549287+00:00"}
{"asctime": "2025-08-10 16:06:26,549", "levelname": "INFO", "name": "AresGlobal", "message": "[SYSTEM] ================================================================================", "correlation_id": "4356c33b-96e6-4747-87f9-f330a85573fc", "session_id": "2a110281-7b3b-42a6-8544-2031d193914b", "timestamp": "2025-08-10T14:06:26.549468+00:00"}
{"asctime": "2025-08-10 16:06:26,549", "levelname": "INFO", "name": "AresGlobal.AresLauncher", "message": "🧹 Cleaning up processes...", "correlation_id": "4356c33b-96e6-4747-87f9-f330a85573fc", "session_id": "2a110281-7b3b-42a6-8544-2031d193914b", "timestamp": "2025-08-10T14:06:26.549573+00:00"}
{"asctime": "2025-08-10 16:06:26,549", "levelname": "INFO", "name": "AresGlobal.AresLauncher", "message": "✅ Cleanup completed", "correlation_id": "4356c33b-96e6-4747-87f9-f330a85573fc", "session_id": "2a110281-7b3b-42a6-8544-2031d193914b", "timestamp": "2025-08-10T14:06:26.549670+00:00"}
