{"asctime": "2025-08-10 10:48:31,051", "levelname": "INFO", "name": "AresGlobal", "message": "================================================================================", "correlation_id": "-", "session_id": "-", "timestamp": "2025-08-10T08:48:31.051275+00:00"}
{"asctime": "2025-08-10 10:48:31,052", "levelname": "INFO", "name": "AresGlobal", "message": "📊 SESSION SUMMARY", "correlation_id": "-", "session_id": "-", "timestamp": "2025-08-10T08:48:31.052618+00:00"}
{"asctime": "2025-08-10 10:48:31,052", "levelname": "INFO", "name": "AresGlobal", "message": "Session started: 2025-08-10 10:48:31", "correlation_id": "-", "session_id": "-", "timestamp": "2025-08-10T08:48:31.052731+00:00"}
{"asctime": "2025-08-10 10:48:31,052", "levelname": "INFO", "name": "AresGlobal", "message": "This file contains ALL logs for this session", "correlation_id": "-", "session_id": "-", "timestamp": "2025-08-10T08:48:31.052911+00:00"}
{"asctime": "2025-08-10 10:48:31,053", "levelname": "INFO", "name": "AresGlobal", "message": "================================================================================", "correlation_id": "-", "session_id": "-", "timestamp": "2025-08-10T08:48:31.053104+00:00"}
{"asctime": "2025-08-10 10:48:31,054", "levelname": "INFO", "name": "AresGlobal", "message": "Applied NumPy RNG unpickle compatibility shim (ModelManager)", "correlation_id": "-", "session_id": "-", "timestamp": "2025-08-10T08:48:31.054383+00:00"}
{"asctime": "2025-08-10 10:48:31,054", "levelname": "INFO", "name": "AresGlobal", "message": "[SYSTEM] ================================================================================", "correlation_id": "-", "session_id": "-", "timestamp": "2025-08-10T08:48:31.054676+00:00"}
{"asctime": "2025-08-10 10:48:31,054", "levelname": "INFO", "name": "AresGlobal", "message": "[SYSTEM] 🚀 ARES LAUNCHER STARTED - Mode: INITIALIZATION", "correlation_id": "-", "session_id": "-", "timestamp": "2025-08-10T08:48:31.054953+00:00"}
{"asctime": "2025-08-10 10:48:31,055", "levelname": "INFO", "name": "AresGlobal", "message": "[SYSTEM] Start time: 2025-08-10 10:48:31", "correlation_id": "-", "session_id": "-", "timestamp": "2025-08-10T08:48:31.055328+00:00"}
{"asctime": "2025-08-10 10:48:31,055", "levelname": "INFO", "name": "AresGlobal", "message": "[SYSTEM] Log directory: log", "correlation_id": "-", "session_id": "-", "timestamp": "2025-08-10T08:48:31.055506+00:00"}
{"asctime": "2025-08-10 10:48:31,055", "levelname": "INFO", "name": "AresGlobal", "message": "[SYSTEM] ================================================================================", "correlation_id": "-", "session_id": "-", "timestamp": "2025-08-10T08:48:31.055643+00:00"}
{"asctime": "2025-08-10 10:48:31,056", "levelname": "INFO", "name": "AresGlobal.AresLauncher", "message": "================================================================================", "correlation_id": "-", "session_id": "-", "timestamp": "2025-08-10T08:48:31.056308+00:00"}
{"asctime": "2025-08-10 10:48:31,057", "levelname": "INFO", "name": "AresGlobal.AresLauncher", "message": "🚀 ARES COMPREHENSIVE LAUNCHER", "correlation_id": "-", "session_id": "-", "timestamp": "2025-08-10T08:48:31.057231+00:00"}
{"asctime": "2025-08-10 10:48:31,057", "levelname": "INFO", "name": "AresGlobal.AresLauncher", "message": "================================================================================", "correlation_id": "-", "session_id": "-", "timestamp": "2025-08-10T08:48:31.057427+00:00"}
{"asctime": "2025-08-10 10:48:31,057", "levelname": "INFO", "name": "AresGlobal.AresLauncher", "message": "Start time: 2025-08-10 10:48:31", "correlation_id": "-", "session_id": "-", "timestamp": "2025-08-10T08:48:31.057522+00:00"}
{"asctime": "2025-08-10 10:48:31,057", "levelname": "INFO", "name": "AresGlobal.AresLauncher", "message": "Log directory: log", "correlation_id": "-", "session_id": "-", "timestamp": "2025-08-10T08:48:31.057710+00:00"}
{"asctime": "2025-08-10 10:48:31,057", "levelname": "INFO", "name": "AresGlobal.AresLauncher", "message": "Log level: INFO", "correlation_id": "-", "session_id": "-", "timestamp": "2025-08-10T08:48:31.057828+00:00"}
{"asctime": "2025-08-10 10:48:31,057", "levelname": "INFO", "name": "AresGlobal.AresLauncher", "message": "Global log file: ares_global_20250810_104831.log", "correlation_id": "-", "session_id": "-", "timestamp": "2025-08-10T08:48:31.057920+00:00"}
{"asctime": "2025-08-10 10:48:31,058", "levelname": "INFO", "name": "AresGlobal.AresLauncher", "message": "================================================================================", "correlation_id": "-", "session_id": "-", "timestamp": "2025-08-10T08:48:31.058048+00:00"}
{"asctime": "2025-08-10 10:48:31,058", "levelname": "INFO", "name": "AresGlobal", "message": "[SYSTEM] ================================================================================", "correlation_id": "f3850ae5-f461-4664-97f4-9577aa5d9a07", "session_id": "a224ed41-8a84-4827-be3c-d0c075022520", "timestamp": "2025-08-10T08:48:31.058302+00:00"}
{"asctime": "2025-08-10 10:48:31,058", "levelname": "INFO", "name": "AresGlobal", "message": "[SYSTEM] 🚀 ARES LAUNCHER STARTED - Mode: blank - Symbol: ETHUSDT - Exchange: BINANCE", "correlation_id": "f3850ae5-f461-4664-97f4-9577aa5d9a07", "session_id": "a224ed41-8a84-4827-be3c-d0c075022520", "timestamp": "2025-08-10T08:48:31.058558+00:00"}
{"asctime": "2025-08-10 10:48:31,058", "levelname": "INFO", "name": "AresGlobal", "message": "[SYSTEM] Start time: 2025-08-10 10:48:31", "correlation_id": "f3850ae5-f461-4664-97f4-9577aa5d9a07", "session_id": "a224ed41-8a84-4827-be3c-d0c075022520", "timestamp": "2025-08-10T08:48:31.058675+00:00"}
{"asctime": "2025-08-10 10:48:31,058", "levelname": "INFO", "name": "AresGlobal", "message": "[SYSTEM] Log directory: log", "correlation_id": "f3850ae5-f461-4664-97f4-9577aa5d9a07", "session_id": "a224ed41-8a84-4827-be3c-d0c075022520", "timestamp": "2025-08-10T08:48:31.058778+00:00"}
{"asctime": "2025-08-10 10:48:31,058", "levelname": "INFO", "name": "AresGlobal", "message": "[SYSTEM] ================================================================================", "correlation_id": "f3850ae5-f461-4664-97f4-9577aa5d9a07", "session_id": "a224ed41-8a84-4827-be3c-d0c075022520", "timestamp": "2025-08-10T08:48:31.058882+00:00"}
{"asctime": "2025-08-10 10:48:31,058", "levelname": "INFO", "name": "AresGlobal.AresLauncher", "message": "🚀 Running enhanced 16-step training pipeline for ETHUSDT on BINANCE", "correlation_id": "f3850ae5-f461-4664-97f4-9577aa5d9a07", "session_id": "a224ed41-8a84-4827-be3c-d0c075022520", "timestamp": "2025-08-10T08:48:31.058961+00:00"}
{"asctime": "2025-08-10 10:48:31,059", "levelname": "INFO", "name": "AresGlobal.AresLauncher", "message": "Starting from step: step1_5_data_converter", "correlation_id": "f3850ae5-f461-4664-97f4-9577aa5d9a07", "session_id": "a224ed41-8a84-4827-be3c-d0c075022520", "timestamp": "2025-08-10T08:48:31.059031+00:00"}
{"asctime": "2025-08-10 10:48:31,059", "levelname": "INFO", "name": "AresGlobal.AresLauncher", "message": "🧪 BLANK TRAINING MODE: Set BLANK_TRAINING_MODE=1 for step-based training", "correlation_id": "f3850ae5-f461-4664-97f4-9577aa5d9a07", "session_id": "a224ed41-8a84-4827-be3c-d0c075022520", "timestamp": "2025-08-10T08:48:31.059091+00:00"}
{"asctime": "2025-08-10 10:48:31,060", "levelname": "INFO", "name": "AresGlobal.ProgressManager", "message": "Initialized ProgressManager for ETHUSDT on BINANCE", "correlation_id": "f3850ae5-f461-4664-97f4-9577aa5d9a07", "session_id": "a224ed41-8a84-4827-be3c-d0c075022520", "timestamp": "2025-08-10T08:48:31.060236+00:00"}
{"asctime": "2025-08-10 10:48:31,060", "levelname": "INFO", "name": "AresGlobal.ProgressManager", "message": "Progress directory: data/training/progress/BINANCE_ETHUSDT", "correlation_id": "f3850ae5-f461-4664-97f4-9577aa5d9a07", "session_id": "a224ed41-8a84-4827-be3c-d0c075022520", "timestamp": "2025-08-10T08:48:31.060319+00:00"}
{"asctime": "2025-08-10 10:48:31,060", "levelname": "INFO", "name": "AresGlobal.StepOrchestrator", "message": "Initialized StepOrchestrator for ETHUSDT on BINANCE", "correlation_id": "f3850ae5-f461-4664-97f4-9577aa5d9a07", "session_id": "a224ed41-8a84-4827-be3c-d0c075022520", "timestamp": "2025-08-10T08:48:31.060382+00:00"}
{"asctime": "2025-08-10 10:48:31,060", "levelname": "INFO", "name": "AresGlobal.StepOrchestrator", "message": "🚀 Starting execution from step: step1_5_data_converter", "correlation_id": "f3850ae5-f461-4664-97f4-9577aa5d9a07", "session_id": "a224ed41-8a84-4827-be3c-d0c075022520", "timestamp": "2025-08-10T08:48:31.060575+00:00"}
{"asctime": "2025-08-10 10:48:34,722", "levelname": "INFO", "name": "AresGlobal.EnhancedTrainingManagerOptimized", "message": "Loaded optimization configuration", "correlation_id": "f3850ae5-f461-4664-97f4-9577aa5d9a07", "session_id": "a224ed41-8a84-4827-be3c-d0c075022520", "timestamp": "2025-08-10T08:48:34.722604+00:00"}
{"asctime": "2025-08-10 10:48:34,726", "levelname": "INFO", "name": "AresGlobal.StepOrchestrator", "message": "✅ Enhanced training manager setup successfully", "correlation_id": "f3850ae5-f461-4664-97f4-9577aa5d9a07", "session_id": "a224ed41-8a84-4827-be3c-d0c075022520", "timestamp": "2025-08-10T08:48:34.726824+00:00"}
{"asctime": "2025-08-10 10:48:34,729", "levelname": "INFO", "name": "AresGlobal.EnhancedTrainingManagerOptimized", "message": "🚀 Initializing Enhanced Training Manager with Optimizations...", "correlation_id": "f3850ae5-f461-4664-97f4-9577aa5d9a07", "session_id": "a224ed41-8a84-4827-be3c-d0c075022520", "timestamp": "2025-08-10T08:48:34.729678+00:00"}
{"asctime": "2025-08-10 10:48:34,741", "levelname": "INFO", "name": "AresGlobal.EnhancedTrainingManagerOptimized", "message": "✅ Parallel backtester initialized with 8 workers", "correlation_id": "f3850ae5-f461-4664-97f4-9577aa5d9a07", "session_id": "a224ed41-8a84-4827-be3c-d0c075022520", "timestamp": "2025-08-10T08:48:34.741700+00:00"}
{"asctime": "2025-08-10 10:48:34,749", "levelname": "INFO", "name": "AresGlobal.EnhancedTrainingManagerOptimized", "message": "✅ All optimization components initialized successfully", "correlation_id": "f3850ae5-f461-4664-97f4-9577aa5d9a07", "session_id": "a224ed41-8a84-4827-be3c-d0c075022520", "timestamp": "2025-08-10T08:48:34.749419+00:00"}
{"asctime": "2025-08-10 10:48:34,759", "levelname": "INFO", "name": "AresGlobal.StepOrchestrator", "message": "\u001b[91m\u001b[1m❌\u001b[0m \u001b[91m\u001b[1m❌ Enhanced 16-step training pipeline failed\u001b[0m", "correlation_id": "f3850ae5-f461-4664-97f4-9577aa5d9a07", "session_id": "a224ed41-8a84-4827-be3c-d0c075022520", "timestamp": "2025-08-10T08:48:34.759289+00:00"}
{"asctime": "2025-08-10 10:48:34,759", "levelname": "INFO", "name": "AresGlobal.AresLauncher", "message": "\u001b[91m\u001b[1m❌\u001b[0m \u001b[91m\u001b[1m❌ Enhanced 16-step training pipeline failed\u001b[0m", "correlation_id": "f3850ae5-f461-4664-97f4-9577aa5d9a07", "session_id": "a224ed41-8a84-4827-be3c-d0c075022520", "timestamp": "2025-08-10T08:48:34.759722+00:00"}
{"asctime": "2025-08-10 10:48:34,760", "levelname": "INFO", "name": "AresGlobal", "message": "[SYSTEM] ================================================================================", "correlation_id": "f3850ae5-f461-4664-97f4-9577aa5d9a07", "session_id": "a224ed41-8a84-4827-be3c-d0c075022520", "timestamp": "2025-08-10T08:48:34.760254+00:00"}
{"asctime": "2025-08-10 10:48:34,760", "levelname": "INFO", "name": "AresGlobal", "message": "[SYSTEM] 🛑 ARES LAUNCHER ENDED - Exit code: 1", "correlation_id": "f3850ae5-f461-4664-97f4-9577aa5d9a07", "session_id": "a224ed41-8a84-4827-be3c-d0c075022520", "timestamp": "2025-08-10T08:48:34.760779+00:00"}
{"asctime": "2025-08-10 10:48:34,761", "levelname": "INFO", "name": "AresGlobal", "message": "[SYSTEM] End time: 2025-08-10 10:48:34", "correlation_id": "f3850ae5-f461-4664-97f4-9577aa5d9a07", "session_id": "a224ed41-8a84-4827-be3c-d0c075022520", "timestamp": "2025-08-10T08:48:34.761532+00:00"}
{"asctime": "2025-08-10 10:48:34,761", "levelname": "INFO", "name": "AresGlobal", "message": "[SYSTEM] ================================================================================", "correlation_id": "f3850ae5-f461-4664-97f4-9577aa5d9a07", "session_id": "a224ed41-8a84-4827-be3c-d0c075022520", "timestamp": "2025-08-10T08:48:34.761751+00:00"}
{"asctime": "2025-08-10 10:48:34,761", "levelname": "INFO", "name": "AresGlobal.AresLauncher", "message": "🧹 Cleaning up processes...", "correlation_id": "f3850ae5-f461-4664-97f4-9577aa5d9a07", "session_id": "a224ed41-8a84-4827-be3c-d0c075022520", "timestamp": "2025-08-10T08:48:34.761853+00:00"}
{"asctime": "2025-08-10 10:48:34,761", "levelname": "INFO", "name": "AresGlobal.AresLauncher", "message": "✅ Cleanup completed", "correlation_id": "f3850ae5-f461-4664-97f4-9577aa5d9a07", "session_id": "a224ed41-8a84-4827-be3c-d0c075022520", "timestamp": "2025-08-10T08:48:34.761938+00:00"}
