2025-08-07 22:59:51,785 - AresTradingSystem - INFO - ✅ Enhanced Logger initialization completed successfully
2025-08-07 22:59:51,785 - AresTradingSystem.System.AnalystLabelingFeatureEngineeringStep - INFO - Initializing Analyst Labeling and Feature Engineering Step...
2025-08-07 22:59:51,819 - AresTradingSystem.System.VectorizedLabellingOrchestrator - INFO - 🚀 Initializing vectorized labeling orchestrator...
2025-08-07 22:59:51,821 - AresTradingSystem.System.VectorizedAdvancedFeatureEngineering - INFO - 🚀 Initializing vectorized advanced feature engineering...
2025-08-07 22:59:51,821 - AresTradingSystem.System.WaveletFeatureCache - INFO - ✅ Cache directory initialized: data/wavelet_cache
2025-08-07 22:59:51,821 - AresTradingSystem.System.VectorizedVolatilityRegimeModel - INFO - 🚀 Initializing vectorized volatility regime model...
2025-08-07 22:59:51,821 - AresTradingSystem.System.VectorizedVolatilityRegimeModel - INFO - ✅ Vectorized volatility regime model initialized successfully
2025-08-07 22:59:51,821 - AresTradingSystem.System.VectorizedCorrelationAnalyzer - INFO - 🚀 Initializing vectorized correlation analyzer...
2025-08-07 22:59:51,821 - AresTradingSystem.System.VectorizedCorrelationAnalyzer - INFO - ✅ Vectorized correlation analyzer initialized successfully
2025-08-07 22:59:51,821 - AresTradingSystem.System.VectorizedMomentumAnalyzer - INFO - 🚀 Initializing vectorized momentum analyzer...
2025-08-07 22:59:51,821 - AresTradingSystem.System.VectorizedMomentumAnalyzer - INFO - ✅ Vectorized momentum analyzer initialized successfully
2025-08-07 22:59:51,821 - AresTradingSystem.System.VectorizedLiquidityAnalyzer - INFO - 🚀 Initializing vectorized liquidity analyzer...
2025-08-07 22:59:51,821 - AresTradingSystem.System.VectorizedLiquidityAnalyzer - INFO - ✅ Vectorized liquidity analyzer initialized successfully
2025-08-07 22:59:51,821 - AresTradingSystem.System.VectorizedCandlestickPatternAnalyzer - INFO - 🚀 Initializing vectorized candlestick pattern analyzer...
2025-08-07 22:59:51,821 - AresTradingSystem.System.VectorizedCandlestickPatternAnalyzer - INFO - ✅ Vectorized candlestick pattern analyzer initialized successfully
2025-08-07 22:59:51,821 - AresTradingSystem.System.VectorizedSRDistanceCalculator - INFO - 🚀 Initializing vectorized S/R distance calculator...
2025-08-07 22:59:51,821 - AresTradingSystem.System.VectorizedSRDistanceCalculator - INFO - ✅ Vectorized S/R distance calculator initialized successfully
2025-08-07 22:59:51,821 - AresTradingSystem.System.VectorizedWaveletTransformAnalyzer - INFO - 🚀 Initializing enhanced vectorized wavelet transform analyzer...
2025-08-07 22:59:51,821 - AresTradingSystem.System.VectorizedWaveletTransformAnalyzer - INFO - ✅ Enhanced vectorized wavelet transform analyzer initialized successfully
2025-08-07 22:59:51,821 - AresTradingSystem.System.VectorizedWaveletTransformAnalyzer - INFO - 📊 Configuration: padding_mode=symmetric, cwt_scale_method=logarithmic, max_features_per_wavelet=20
2025-08-07 22:59:51,822 - AresTradingSystem.System.MetaLabelingSystem - INFO - 🚀 Initializing meta-labeling system...
2025-08-07 22:59:51,822 - AresTradingSystem.System.MetaLabelingSystem - INFO - ✅ Meta-labeling system initialized successfully
2025-08-07 22:59:51,822 - AresTradingSystem.System.VectorizedAdvancedFeatureEngineering - INFO - ✅ Vectorized advanced feature engineering initialized successfully
2025-08-07 22:59:55,836 - AresTradingSystem.System.AutoencoderConfig - INFO - Configuration loaded from src/analyst/autoencoder_config.yaml
2025-08-07 22:59:55,837 - AresTradingSystem.System.VectorizedLabellingOrchestrator - INFO - ✅ Vectorized labeling orchestrator initialized successfully
2025-08-07 22:59:55,837 - AresTradingSystem.System.AnalystLabelingFeatureEngineeringStep - INFO - Analyst Labeling and Feature Engineering Step initialized successfully
2025-08-07 22:59:55,837 - AresTradingSystem.System.AnalystLabelingFeatureEngineeringStep - INFO - Executing analyst labeling and feature engineering step...
2025-08-07 22:59:55,837 - AresTradingSystem.System.AnalystLabelingFeatureEngineeringStep - INFO - ✅ Extracted klines data: (1000, 6)
2025-08-07 22:59:55,838 - AresTradingSystem.System.AnalystLabelingFeatureEngineeringStep - INFO - ✅ Validated OHLCV data with columns: ['open', 'high', 'low', 'close', 'volume', 'timestamp']
2025-08-07 22:59:55,838 - AresTradingSystem.System.VectorizedLabellingOrchestrator - INFO - 🎯 Starting comprehensive vectorized labeling and feature engineering orchestration...
2025-08-07 22:59:55,838 - AresTradingSystem.System.VectorizedLabellingOrchestrator - INFO - 📊 Performing stationary checks...
2025-08-07 22:59:55,838 - AresTradingSystem.System.VectorizedStationarityChecker - INFO - 🔍 Checking data stationarity...
2025-08-07 22:59:55,839 - AresTradingSystem.System.VectorizedStationarityChecker - INFO - 📈 Transforming price data for stationarity...
2025-08-07 22:59:55,841 - AresTradingSystem.System.VectorizedStationarityChecker - INFO - ✅ Transformed price data shape: (1000, 15), columns: ['open', 'high', 'low', 'close', 'volume', 'timestamp', 'close_returns', 'open_returns', 'high_returns', 'low_returns', 'close_log', 'open_log', 'high_log', 'low_log', 'close_detrended']
2025-08-07 22:59:55,842 - AresTradingSystem.System.VectorizedStationarityChecker - INFO - 📊 Transforming volume data for stationarity...
2025-08-07 22:59:55,842 - AresTradingSystem.System.VectorizedStationarityChecker - INFO - ✅ Transformed volume data shape: (1000, 4), columns: ['volume', 'volume_log', 'volume_detrended', 'volume_normalized']
2025-08-07 22:59:55,842 - AresTradingSystem.System.VectorizedLabellingOrchestrator - INFO - 🔧 Generating advanced features...
2025-08-07 22:59:55,849 - AresTradingSystem.System.VectorizedCandlestickPatternAnalyzer - ERROR - Error detecting engulfing patterns: bad operand type for unary ~: 'float'
2025-08-07 22:59:55,926 - AresTradingSystem.System.VectorizedCandlestickPatternAnalyzer - INFO - ✅ Analyzed 8 pattern categories using vectorized operations
2025-08-07 22:59:55,981 - AresTradingSystem.System.VectorizedAdvancedFeatureEngineering - INFO - 📦 Loading wavelet features from cache: a113f7ef84e251b5
2025-08-07 22:59:56,092 - AresTradingSystem.System.WaveletFeatureCache - INFO - ✅ Loaded 20 wavelet features from cache: a113f7ef84e251b5
2025-08-07 22:59:56,098 - AresTradingSystem.System.VectorizedAdvancedFeatureEngineering - WARNING - Cannot resample data: missing required columns. Available: ['volume', 'volume_log', 'volume_detrended', 'volume_normalized']
2025-08-07 22:59:56,100 - AresTradingSystem.System.VectorizedAdvancedFeatureEngineering - WARNING - Cannot resample data: missing required columns. Available: ['volume', 'volume_log', 'volume_detrended', 'volume_normalized']
2025-08-07 22:59:56,102 - AresTradingSystem.System.VectorizedAdvancedFeatureEngineering - WARNING - Cannot resample data: missing required columns. Available: ['volume', 'volume_log', 'volume_detrended', 'volume_normalized']
2025-08-07 22:59:56,104 - AresTradingSystem.System.VectorizedAdvancedFeatureEngineering - WARNING - Cannot resample data: missing required columns. Available: ['volume', 'volume_log', 'volume_detrended', 'volume_normalized']
2025-08-07 22:59:56,105 - AresTradingSystem.System.VectorizedAdvancedFeatureEngineering - INFO - ✅ Engineered 94 vectorized advanced features including wavelet transforms
2025-08-07 22:59:56,105 - AresTradingSystem.System.VectorizedLabellingOrchestrator - INFO - 🏷️ Applying triple barrier labeling...
2025-08-07 22:59:56,110 - AresTradingSystem.System.VectorizedLabellingOrchestrator - ERROR - Error in vectorized labeling orchestration: Concatenation operation is not implemented for NumPy arrays, use np.concatenate() instead. Please do not rely on this error; it may not be given on all Python implementations.
2025-08-07 22:59:56,110 - AresTradingSystem.System.AnalystLabelingFeatureEngineeringStep - WARNING - Vectorized labeling orchestrator failed during execution: Orchestrator returned invalid data, using fallback
2025-08-07 22:59:56,113 - AresTradingSystem.System.AnalystLabelingFeatureEngineeringStep - INFO - ✅ Saved feature data to data/training/BINANCE_ETHUSDT_features_train.pkl
2025-08-07 22:59:56,114 - AresTradingSystem.System.AnalystLabelingFeatureEngineeringStep - INFO - ✅ Saved feature data to data/training/BINANCE_ETHUSDT_features_validation.pkl
2025-08-07 22:59:56,114 - AresTradingSystem.System.AnalystLabelingFeatureEngineeringStep - INFO - ✅ Saved feature data to data/training/BINANCE_ETHUSDT_features_test.pkl
2025-08-07 22:59:56,114 - AresTradingSystem.System.AnalystLabelingFeatureEngineeringStep - INFO - ✅ Saved labeled data to data/training/BINANCE_ETHUSDT_labeled_train.pkl
2025-08-07 22:59:56,114 - AresTradingSystem.System.AnalystLabelingFeatureEngineeringStep - INFO - ✅ Saved labeled data to data/training/BINANCE_ETHUSDT_labeled_validation.pkl
2025-08-07 22:59:56,115 - AresTradingSystem.System.AnalystLabelingFeatureEngineeringStep - INFO - ✅ Saved labeled data to data/training/BINANCE_ETHUSDT_labeled_test.pkl
2025-08-07 22:59:56,115 - AresTradingSystem.System.AnalystLabelingFeatureEngineeringStep - INFO - ✅ Analyst labeling and feature engineering completed successfully
