{"asctime": "2025-08-11 23:40:33,912", "levelname": "INFO", "name": "AresTradingSystem", "message": "✅ Enhanced Logger initialization completed successfully", "correlation_id": "-", "session_id": "-", "timestamp": "2025-08-11T21:40:33.912713+00:00"}
{"asctime": "2025-08-11 23:40:33,999", "levelname": "INFO", "name": "AresTradingSystem.System", "message": "Initializing Market Regime Classification Step...", "correlation_id": "-", "session_id": "-", "timestamp": "2025-08-11T21:40:33.999103+00:00"}
{"asctime": "2025-08-11 23:40:33,999", "levelname": "INFO", "name": "AresTradingSystem.System", "message": "Market Regime Classification Step initialized successfully", "correlation_id": "-", "session_id": "-", "timestamp": "2025-08-11T21:40:33.999405+00:00"}
{"asctime": "2025-08-11 23:40:33,999", "levelname": "INFO", "name": "AresTradingSystem.System", "message": "🔄 Executing Market Regime Classification...", "correlation_id": "-", "session_id": "-", "timestamp": "2025-08-11T21:40:33.999571+00:00"}
{"asctime": "2025-08-11 23:40:33,999", "levelname": "INFO", "name": "AresTradingSystem.System", "message": "Applied NumPy RNG unpickle compatibility shim (URC)", "correlation_id": "-", "session_id": "-", "timestamp": "2025-08-11T21:40:33.999845+00:00"}
{"asctime": "2025-08-11 23:40:34,000", "levelname": "INFO", "name": "AresTradingSystem.System.UnifiedRegimeClassifier", "message": "", "correlation_id": "-", "session_id": "-", "msg": "UnifiedRegimeClassifier configuration", "n_states_configured": 3, "n_states_enforced_min": 3, "min_data_points_default": 1000, "thresholds": {"adx_sideways_threshold": 18, "volatility_threshold": 0.025, "atr_normalized_threshold": 0.035, "volatility_percentile_threshold": 0.8, "bb_width_volatility_threshold": 0.045}, "timestamp": "2025-08-11T21:40:34.000160+00:00"}
{"asctime": "2025-08-11 23:40:34,000", "levelname": "INFO", "name": "AresTradingSystem.System.UnifiedRegimeClassifier", "message": "🔧 BLANK MODE DETECTED: Using reduced minimum data points (50)", "correlation_id": "-", "session_id": "-", "timestamp": "2025-08-11T21:40:34.000404+00:00"}
{"asctime": "2025-08-11 23:40:34,000", "levelname": "INFO", "name": "AresTradingSystem.System.UnifiedRegimeClassifier", "message": "Initializing UnifiedRegimeClassifier for BINANCE_ETHUSDT", "correlation_id": "-", "session_id": "-", "timestamp": "2025-08-11T21:40:34.000658+00:00"}
{"asctime": "2025-08-11 23:40:34,000", "levelname": "INFO", "name": "AresTradingSystem.System.UnifiedRegimeClassifier", "message": "", "correlation_id": "-", "session_id": "-", "msg": "UnifiedRegimeClassifier model directories", "model_dir": "/Users/remyroche/Documents/Ares/checkpoints/analyst_models", "hmm_model_path": "/Users/remyroche/Documents/Ares/checkpoints/analyst_models/unified_hmm_model_BINANCE_ETHUSDT_1h.joblib", "ensemble_model_path": "/Users/remyroche/Documents/Ares/checkpoints/analyst_models/unified_ensemble_model_BINANCE_ETHUSDT_1h.joblib", "location_model_path": "/Users/remyroche/Documents/Ares/checkpoints/analyst_models/unified_location_model_BINANCE_ETHUSDT_1h.joblib", "hierarchical_model_dir": "/Users/remyroche/Documents/Ares/checkpoints/analyst_models/BINANCE/ETHUSDT/1h", "timestamp": "2025-08-11T21:40:34.000883+00:00"}
{"asctime": "2025-08-11 23:40:34,002", "levelname": "INFO", "name": "AresTradingSystem.System.UnifiedRegimeClassifier", "message": "✅ Loaded HMM model from /Users/remyroche/Documents/Ares/checkpoints/analyst_models/unified_hmm_model_BINANCE_ETHUSDT_1h.joblib", "correlation_id": "-", "session_id": "-", "timestamp": "2025-08-11T21:40:34.002534+00:00"}
{"asctime": "2025-08-11 23:40:34,011", "levelname": "INFO", "name": "AresTradingSystem.System.UnifiedRegimeClassifier", "message": "✅ Loaded basic ensemble from /Users/remyroche/Documents/Ares/checkpoints/analyst_models/unified_ensemble_model_BINANCE_ETHUSDT_1h.joblib", "correlation_id": "-", "session_id": "-", "timestamp": "2025-08-11T21:40:34.011889+00:00"}
{"asctime": "2025-08-11 23:40:34,014", "levelname": "INFO", "name": "AresTradingSystem.System.UnifiedRegimeClassifier", "message": "✅ Loaded location classifier from /Users/remyroche/Documents/Ares/checkpoints/analyst_models/unified_location_model_BINANCE_ETHUSDT_1h.joblib", "correlation_id": "-", "session_id": "-", "timestamp": "2025-08-11T21:40:34.014241+00:00"}
{"asctime": "2025-08-11 23:40:34,015", "levelname": "INFO", "name": "AresTradingSystem.System.UnifiedRegimeClassifier", "message": "✅ Loaded existing models successfully", "correlation_id": "-", "session_id": "-", "timestamp": "2025-08-11T21:40:34.015882+00:00"}
{"asctime": "2025-08-11 23:40:34,016", "levelname": "INFO", "name": "AresTradingSystem.System.UnifiedRegimeClassifier", "message": "✅ UnifiedRegimeClassifier initialized successfully", "correlation_id": "-", "session_id": "-", "timestamp": "2025-08-11T21:40:34.016258+00:00"}
{"asctime": "2025-08-11 23:40:34,016", "levelname": "INFO", "name": "AresTradingSystem.System", "message": "🔄 Loading data using unified data loader...", "correlation_id": "-", "session_id": "-", "timestamp": "2025-08-11T21:40:34.016534+00:00"}
{"asctime": "2025-08-11 23:40:34,016", "levelname": "INFO", "name": "AresTradingSystem.System.UnifiedDataLoader", "message": "🔄 Loading unified data for ETHUSDT on BINANCE", "correlation_id": "-", "session_id": "-", "timestamp": "2025-08-11T21:40:34.016818+00:00"}
{"asctime": "2025-08-11 23:40:34,017", "levelname": "INFO", "name": "AresTradingSystem.System.UnifiedDataLoader", "message": "   Timeframe: 1m", "correlation_id": "-", "session_id": "-", "timestamp": "2025-08-11T21:40:34.017332+00:00"}
{"asctime": "2025-08-11 23:40:34,017", "levelname": "INFO", "name": "AresTradingSystem.System.UnifiedDataLoader", "message": "   Date range: 2025-02-12 to 2025-08-11", "correlation_id": "-", "session_id": "-", "timestamp": "2025-08-11T21:40:34.017636+00:00"}
{"asctime": "2025-08-11 23:40:34,017", "levelname": "INFO", "name": "AresTradingSystem.System.UnifiedDataLoader", "message": "   Streaming: True", "correlation_id": "-", "session_id": "-", "timestamp": "2025-08-11T21:40:34.017795+00:00"}
{"asctime": "2025-08-11 23:40:34,017", "levelname": "INFO", "name": "AresTradingSystem.System.UnifiedDataLoader", "message": "   ⚠️ Streaming disabled to avoid segmentation faults", "correlation_id": "-", "session_id": "-", "timestamp": "2025-08-11T21:40:34.017925+00:00"}
{"asctime": "2025-08-11 23:40:34,018", "levelname": "INFO", "name": "AresTradingSystem.System.UnifiedDataLoader", "message": "   📁 Found unified data cache, using optimized pyarrow loading", "correlation_id": "-", "session_id": "-", "timestamp": "2025-08-11T21:40:34.018207+00:00"}
{"asctime": "2025-08-11 23:40:34,018", "levelname": "INFO", "name": "AresTradingSystem.System.UnifiedDataLoader", "message": "🔧 Using optimized pyarrow loading...", "correlation_id": "-", "session_id": "-", "timestamp": "2025-08-11T21:40:34.018481+00:00"}
{"asctime": "2025-08-11 23:40:34,018", "levelname": "INFO", "name": "AresTradingSystem.System.UnifiedDataLoader", "message": "   ⚠️ PyArrow disabled to avoid segmentation faults", "correlation_id": "-", "session_id": "-", "timestamp": "2025-08-11T21:40:34.018790+00:00"}
{"asctime": "2025-08-11 23:40:34,018", "levelname": "INFO", "name": "AresTradingSystem.System.UnifiedDataLoader", "message": "🔧 Using memory-efficient streaming loading for 180 days...", "correlation_id": "-", "session_id": "-", "timestamp": "2025-08-11T21:40:34.018965+00:00"}
{"asctime": "2025-08-11 23:40:34,046", "levelname": "INFO", "name": "AresTradingSystem.System.UnifiedDataLoader", "message": "📁 Found 179 partition files", "correlation_id": "-", "session_id": "-", "timestamp": "2025-08-11T21:40:34.046322+00:00"}
{"asctime": "2025-08-11 23:40:34,151", "levelname": "INFO", "name": "AresTradingSystem.System.UnifiedDataLoader", "message": "   📄 Processing file 1/179: part-0.parquet", "correlation_id": "-", "session_id": "-", "timestamp": "2025-08-11T21:40:34.151295+00:00"}
{"asctime": "2025-08-11 23:40:34,266", "levelname": "INFO", "name": "AresTradingSystem.System.UnifiedDataLoader", "message": "   ✅ Loaded file 1: (1440, 19)", "correlation_id": "-", "session_id": "-", "timestamp": "2025-08-11T21:40:34.266182+00:00"}
{"asctime": "2025-08-11 23:40:34,275", "levelname": "INFO", "name": "AresTradingSystem.System.UnifiedDataLoader", "message": "   🔍 After date filtering: (19, 19)", "correlation_id": "-", "session_id": "-", "timestamp": "2025-08-11T21:40:34.275492+00:00"}
{"asctime": "2025-08-11 23:40:34,278", "levelname": "INFO", "name": "AresTradingSystem.System.UnifiedDataLoader", "message": "   📊 Total rows so far: 19", "correlation_id": "-", "session_id": "-", "timestamp": "2025-08-11T21:40:34.278075+00:00"}
{"asctime": "2025-08-11 23:40:36,006", "levelname": "INFO", "name": "AresTradingSystem.System.UnifiedDataLoader", "message": "   📄 Processing file 10/179: part-0.parquet", "correlation_id": "-", "session_id": "-", "timestamp": "2025-08-11T21:40:36.006546+00:00"}
{"asctime": "2025-08-11 23:40:36,013", "levelname": "INFO", "name": "AresTradingSystem.System.UnifiedDataLoader", "message": "   ✅ Loaded file 10: (1440, 19)", "correlation_id": "-", "session_id": "-", "timestamp": "2025-08-11T21:40:36.013984+00:00"}
{"asctime": "2025-08-11 23:40:36,015", "levelname": "INFO", "name": "AresTradingSystem.System.UnifiedDataLoader", "message": "   🔍 After date filtering: (1440, 19)", "correlation_id": "-", "session_id": "-", "timestamp": "2025-08-11T21:40:36.015376+00:00"}
{"asctime": "2025-08-11 23:40:36,025", "levelname": "INFO", "name": "AresTradingSystem.System.UnifiedDataLoader", "message": "   📊 Total rows so far: 12979", "correlation_id": "-", "session_id": "-", "timestamp": "2025-08-11T21:40:36.025649+00:00"}
{"asctime": "2025-08-11 23:40:37,633", "levelname": "INFO", "name": "AresTradingSystem.System.UnifiedDataLoader", "message": "   📄 Processing file 20/179: part-0.parquet", "correlation_id": "-", "session_id": "-", "timestamp": "2025-08-11T21:40:37.633935+00:00"}
{"asctime": "2025-08-11 23:40:37,638", "levelname": "INFO", "name": "AresTradingSystem.System.UnifiedDataLoader", "message": "   ✅ Loaded file 20: (1440, 19)", "correlation_id": "-", "session_id": "-", "timestamp": "2025-08-11T21:40:37.638918+00:00"}
{"asctime": "2025-08-11 23:40:37,640", "levelname": "INFO", "name": "AresTradingSystem.System.UnifiedDataLoader", "message": "   🔍 After date filtering: (1440, 19)", "correlation_id": "-", "session_id": "-", "timestamp": "2025-08-11T21:40:37.640171+00:00"}
{"asctime": "2025-08-11 23:40:37,647", "levelname": "INFO", "name": "AresTradingSystem.System.UnifiedDataLoader", "message": "   📊 Total rows so far: 27379", "correlation_id": "-", "session_id": "-", "timestamp": "2025-08-11T21:40:37.647765+00:00"}
{"asctime": "2025-08-11 23:40:39,283", "levelname": "INFO", "name": "AresTradingSystem.System.UnifiedDataLoader", "message": "   📄 Processing file 30/179: part-0.parquet", "correlation_id": "-", "session_id": "-", "timestamp": "2025-08-11T21:40:39.283690+00:00"}
{"asctime": "2025-08-11 23:40:39,289", "levelname": "INFO", "name": "AresTradingSystem.System.UnifiedDataLoader", "message": "   ✅ Loaded file 30: (1440, 19)", "correlation_id": "-", "session_id": "-", "timestamp": "2025-08-11T21:40:39.289296+00:00"}
{"asctime": "2025-08-11 23:40:39,291", "levelname": "INFO", "name": "AresTradingSystem.System.UnifiedDataLoader", "message": "   🔍 After date filtering: (1440, 19)", "correlation_id": "-", "session_id": "-", "timestamp": "2025-08-11T21:40:39.291107+00:00"}
{"asctime": "2025-08-11 23:40:39,298", "levelname": "INFO", "name": "AresTradingSystem.System.UnifiedDataLoader", "message": "   📊 Total rows so far: 41779", "correlation_id": "-", "session_id": "-", "timestamp": "2025-08-11T21:40:39.298910+00:00"}
{"asctime": "2025-08-11 23:40:41,015", "levelname": "INFO", "name": "AresTradingSystem.System.UnifiedDataLoader", "message": "   📄 Processing file 40/179: part-0.parquet", "correlation_id": "-", "session_id": "-", "timestamp": "2025-08-11T21:40:41.016016+00:00"}
{"asctime": "2025-08-11 23:40:41,020", "levelname": "INFO", "name": "AresTradingSystem.System.UnifiedDataLoader", "message": "   ✅ Loaded file 40: (1440, 19)", "correlation_id": "-", "session_id": "-", "timestamp": "2025-08-11T21:40:41.020941+00:00"}
{"asctime": "2025-08-11 23:40:41,022", "levelname": "INFO", "name": "AresTradingSystem.System.UnifiedDataLoader", "message": "   🔍 After date filtering: (1440, 19)", "correlation_id": "-", "session_id": "-", "timestamp": "2025-08-11T21:40:41.022566+00:00"}
{"asctime": "2025-08-11 23:40:41,030", "levelname": "INFO", "name": "AresTradingSystem.System.UnifiedDataLoader", "message": "   📊 Total rows so far: 56179", "correlation_id": "-", "session_id": "-", "timestamp": "2025-08-11T21:40:41.030340+00:00"}
{"asctime": "2025-08-11 23:40:42,788", "levelname": "INFO", "name": "AresTradingSystem.System.UnifiedDataLoader", "message": "   📄 Processing file 50/179: part-0.parquet", "correlation_id": "-", "session_id": "-", "timestamp": "2025-08-11T21:40:42.788590+00:00"}
{"asctime": "2025-08-11 23:40:42,794", "levelname": "INFO", "name": "AresTradingSystem.System.UnifiedDataLoader", "message": "   ✅ Loaded file 50: (1440, 19)", "correlation_id": "-", "session_id": "-", "timestamp": "2025-08-11T21:40:42.794376+00:00"}
{"asctime": "2025-08-11 23:40:42,795", "levelname": "INFO", "name": "AresTradingSystem.System.UnifiedDataLoader", "message": "   🔍 After date filtering: (1440, 19)", "correlation_id": "-", "session_id": "-", "timestamp": "2025-08-11T21:40:42.795516+00:00"}
{"asctime": "2025-08-11 23:40:42,803", "levelname": "INFO", "name": "AresTradingSystem.System.UnifiedDataLoader", "message": "   📊 Total rows so far: 70579", "correlation_id": "-", "session_id": "-", "timestamp": "2025-08-11T21:40:42.803030+00:00"}
{"asctime": "2025-08-11 23:40:44,586", "levelname": "INFO", "name": "AresTradingSystem.System.UnifiedDataLoader", "message": "   📄 Processing file 60/179: part-0.parquet", "correlation_id": "-", "session_id": "-", "timestamp": "2025-08-11T21:40:44.586477+00:00"}
{"asctime": "2025-08-11 23:40:44,591", "levelname": "INFO", "name": "AresTradingSystem.System.UnifiedDataLoader", "message": "   ✅ Loaded file 60: (1440, 19)", "correlation_id": "-", "session_id": "-", "timestamp": "2025-08-11T21:40:44.591360+00:00"}
{"asctime": "2025-08-11 23:40:44,592", "levelname": "INFO", "name": "AresTradingSystem.System.UnifiedDataLoader", "message": "   🔍 After date filtering: (1440, 19)", "correlation_id": "-", "session_id": "-", "timestamp": "2025-08-11T21:40:44.592658+00:00"}
{"asctime": "2025-08-11 23:40:44,600", "levelname": "INFO", "name": "AresTradingSystem.System.UnifiedDataLoader", "message": "   📊 Total rows so far: 84979", "correlation_id": "-", "session_id": "-", "timestamp": "2025-08-11T21:40:44.600234+00:00"}
{"asctime": "2025-08-11 23:40:46,456", "levelname": "INFO", "name": "AresTradingSystem.System.UnifiedDataLoader", "message": "   📄 Processing file 70/179: part-0.parquet", "correlation_id": "-", "session_id": "-", "timestamp": "2025-08-11T21:40:46.456291+00:00"}
{"asctime": "2025-08-11 23:40:46,461", "levelname": "INFO", "name": "AresTradingSystem.System.UnifiedDataLoader", "message": "   ✅ Loaded file 70: (1440, 19)", "correlation_id": "-", "session_id": "-", "timestamp": "2025-08-11T21:40:46.461981+00:00"}
{"asctime": "2025-08-11 23:40:46,463", "levelname": "INFO", "name": "AresTradingSystem.System.UnifiedDataLoader", "message": "   🔍 After date filtering: (1440, 19)", "correlation_id": "-", "session_id": "-", "timestamp": "2025-08-11T21:40:46.463043+00:00"}
{"asctime": "2025-08-11 23:40:46,470", "levelname": "INFO", "name": "AresTradingSystem.System.UnifiedDataLoader", "message": "   📊 Total rows so far: 99379", "correlation_id": "-", "session_id": "-", "timestamp": "2025-08-11T21:40:46.470750+00:00"}
{"asctime": "2025-08-11 23:40:48,397", "levelname": "INFO", "name": "AresTradingSystem.System.UnifiedDataLoader", "message": "   📄 Processing file 80/179: part-0.parquet", "correlation_id": "-", "session_id": "-", "timestamp": "2025-08-11T21:40:48.397104+00:00"}
{"asctime": "2025-08-11 23:40:48,401", "levelname": "INFO", "name": "AresTradingSystem.System.UnifiedDataLoader", "message": "   ✅ Loaded file 80: (1440, 19)", "correlation_id": "-", "session_id": "-", "timestamp": "2025-08-11T21:40:48.401941+00:00"}
{"asctime": "2025-08-11 23:40:48,402", "levelname": "INFO", "name": "AresTradingSystem.System.UnifiedDataLoader", "message": "   🔍 After date filtering: (1440, 19)", "correlation_id": "-", "session_id": "-", "timestamp": "2025-08-11T21:40:48.402941+00:00"}
{"asctime": "2025-08-11 23:40:48,410", "levelname": "INFO", "name": "AresTradingSystem.System.UnifiedDataLoader", "message": "   📊 Total rows so far: 113779", "correlation_id": "-", "session_id": "-", "timestamp": "2025-08-11T21:40:48.410595+00:00"}
{"asctime": "2025-08-11 23:40:50,404", "levelname": "INFO", "name": "AresTradingSystem.System.UnifiedDataLoader", "message": "   📄 Processing file 90/179: part-0.parquet", "correlation_id": "-", "session_id": "-", "timestamp": "2025-08-11T21:40:50.404115+00:00"}
{"asctime": "2025-08-11 23:40:50,409", "levelname": "INFO", "name": "AresTradingSystem.System.UnifiedDataLoader", "message": "   ✅ Loaded file 90: (1440, 19)", "correlation_id": "-", "session_id": "-", "timestamp": "2025-08-11T21:40:50.409188+00:00"}
{"asctime": "2025-08-11 23:40:50,410", "levelname": "INFO", "name": "AresTradingSystem.System.UnifiedDataLoader", "message": "   🔍 After date filtering: (1440, 19)", "correlation_id": "-", "session_id": "-", "timestamp": "2025-08-11T21:40:50.410369+00:00"}
{"asctime": "2025-08-11 23:40:50,417", "levelname": "INFO", "name": "AresTradingSystem.System.UnifiedDataLoader", "message": "   📊 Total rows so far: 128179", "correlation_id": "-", "session_id": "-", "timestamp": "2025-08-11T21:40:50.417866+00:00"}
{"asctime": "2025-08-11 23:40:52,486", "levelname": "INFO", "name": "AresTradingSystem.System.UnifiedDataLoader", "message": "   📄 Processing file 100/179: part-0.parquet", "correlation_id": "-", "session_id": "-", "timestamp": "2025-08-11T21:40:52.486223+00:00"}
{"asctime": "2025-08-11 23:40:52,490", "levelname": "INFO", "name": "AresTradingSystem.System.UnifiedDataLoader", "message": "   ✅ Loaded file 100: (1440, 19)", "correlation_id": "-", "session_id": "-", "timestamp": "2025-08-11T21:40:52.490899+00:00"}
{"asctime": "2025-08-11 23:40:52,492", "levelname": "INFO", "name": "AresTradingSystem.System.UnifiedDataLoader", "message": "   🔍 After date filtering: (1440, 19)", "correlation_id": "-", "session_id": "-", "timestamp": "2025-08-11T21:40:52.492123+00:00"}
{"asctime": "2025-08-11 23:40:52,499", "levelname": "INFO", "name": "AresTradingSystem.System.UnifiedDataLoader", "message": "   📊 Total rows so far: 142579", "correlation_id": "-", "session_id": "-", "timestamp": "2025-08-11T21:40:52.499681+00:00"}
{"asctime": "2025-08-11 23:40:54,628", "levelname": "INFO", "name": "AresTradingSystem.System.UnifiedDataLoader", "message": "   📄 Processing file 110/179: part-0.parquet", "correlation_id": "-", "session_id": "-", "timestamp": "2025-08-11T21:40:54.628133+00:00"}
{"asctime": "2025-08-11 23:40:54,632", "levelname": "INFO", "name": "AresTradingSystem.System.UnifiedDataLoader", "message": "   ✅ Loaded file 110: (1440, 19)", "correlation_id": "-", "session_id": "-", "timestamp": "2025-08-11T21:40:54.632959+00:00"}
{"asctime": "2025-08-11 23:40:54,633", "levelname": "INFO", "name": "AresTradingSystem.System.UnifiedDataLoader", "message": "   🔍 After date filtering: (1440, 19)", "correlation_id": "-", "session_id": "-", "timestamp": "2025-08-11T21:40:54.633989+00:00"}
{"asctime": "2025-08-11 23:40:54,641", "levelname": "INFO", "name": "AresTradingSystem.System.UnifiedDataLoader", "message": "   📊 Total rows so far: 156979", "correlation_id": "-", "session_id": "-", "timestamp": "2025-08-11T21:40:54.641944+00:00"}
{"asctime": "2025-08-11 23:40:56,837", "levelname": "INFO", "name": "AresTradingSystem.System.UnifiedDataLoader", "message": "   📄 Processing file 120/179: part-0.parquet", "correlation_id": "-", "session_id": "-", "timestamp": "2025-08-11T21:40:56.837662+00:00"}
{"asctime": "2025-08-11 23:40:56,843", "levelname": "INFO", "name": "AresTradingSystem.System.UnifiedDataLoader", "message": "   ✅ Loaded file 120: (1440, 19)", "correlation_id": "-", "session_id": "-", "timestamp": "2025-08-11T21:40:56.843044+00:00"}
{"asctime": "2025-08-11 23:40:56,844", "levelname": "INFO", "name": "AresTradingSystem.System.UnifiedDataLoader", "message": "   🔍 After date filtering: (1440, 19)", "correlation_id": "-", "session_id": "-", "timestamp": "2025-08-11T21:40:56.844212+00:00"}
{"asctime": "2025-08-11 23:40:56,851", "levelname": "INFO", "name": "AresTradingSystem.System.UnifiedDataLoader", "message": "   📊 Total rows so far: 171379", "correlation_id": "-", "session_id": "-", "timestamp": "2025-08-11T21:40:56.851891+00:00"}
{"asctime": "2025-08-11 23:40:59,109", "levelname": "INFO", "name": "AresTradingSystem.System.UnifiedDataLoader", "message": "   📄 Processing file 130/179: part-0.parquet", "correlation_id": "-", "session_id": "-", "timestamp": "2025-08-11T21:40:59.109726+00:00"}
{"asctime": "2025-08-11 23:40:59,114", "levelname": "INFO", "name": "AresTradingSystem.System.UnifiedDataLoader", "message": "   ✅ Loaded file 130: (1440, 19)", "correlation_id": "-", "session_id": "-", "timestamp": "2025-08-11T21:40:59.114478+00:00"}
{"asctime": "2025-08-11 23:40:59,115", "levelname": "INFO", "name": "AresTradingSystem.System.UnifiedDataLoader", "message": "   🔍 After date filtering: (1440, 19)", "correlation_id": "-", "session_id": "-", "timestamp": "2025-08-11T21:40:59.115505+00:00"}
{"asctime": "2025-08-11 23:40:59,123", "levelname": "INFO", "name": "AresTradingSystem.System.UnifiedDataLoader", "message": "   📊 Total rows so far: 185779", "correlation_id": "-", "session_id": "-", "timestamp": "2025-08-11T21:40:59.123462+00:00"}
{"asctime": "2025-08-11 23:41:01,652", "levelname": "INFO", "name": "AresTradingSystem.System.UnifiedDataLoader", "message": "   📄 Processing file 140/179: part-0.parquet", "correlation_id": "-", "session_id": "-", "timestamp": "2025-08-11T21:41:01.652222+00:00"}
{"asctime": "2025-08-11 23:41:01,657", "levelname": "INFO", "name": "AresTradingSystem.System.UnifiedDataLoader", "message": "   ✅ Loaded file 140: (1440, 19)", "correlation_id": "-", "session_id": "-", "timestamp": "2025-08-11T21:41:01.657422+00:00"}
{"asctime": "2025-08-11 23:41:01,658", "levelname": "INFO", "name": "AresTradingSystem.System.UnifiedDataLoader", "message": "   🔍 After date filtering: (1440, 19)", "correlation_id": "-", "session_id": "-", "timestamp": "2025-08-11T21:41:01.658753+00:00"}
{"asctime": "2025-08-11 23:41:01,666", "levelname": "INFO", "name": "AresTradingSystem.System.UnifiedDataLoader", "message": "   📊 Total rows so far: 200179", "correlation_id": "-", "session_id": "-", "timestamp": "2025-08-11T21:41:01.666274+00:00"}
{"asctime": "2025-08-11 23:41:04,080", "levelname": "INFO", "name": "AresTradingSystem.System.UnifiedDataLoader", "message": "   📄 Processing file 150/179: part-0.parquet", "correlation_id": "-", "session_id": "-", "timestamp": "2025-08-11T21:41:04.080923+00:00"}
{"asctime": "2025-08-11 23:41:04,085", "levelname": "INFO", "name": "AresTradingSystem.System.UnifiedDataLoader", "message": "   ✅ Loaded file 150: (1440, 19)", "correlation_id": "-", "session_id": "-", "timestamp": "2025-08-11T21:41:04.085622+00:00"}
{"asctime": "2025-08-11 23:41:04,086", "levelname": "INFO", "name": "AresTradingSystem.System.UnifiedDataLoader", "message": "   🔍 After date filtering: (1440, 19)", "correlation_id": "-", "session_id": "-", "timestamp": "2025-08-11T21:41:04.086669+00:00"}
{"asctime": "2025-08-11 23:41:04,094", "levelname": "INFO", "name": "AresTradingSystem.System.UnifiedDataLoader", "message": "   📊 Total rows so far: 214579", "correlation_id": "-", "session_id": "-", "timestamp": "2025-08-11T21:41:04.094458+00:00"}
{"asctime": "2025-08-11 23:41:06,568", "levelname": "INFO", "name": "AresTradingSystem.System.UnifiedDataLoader", "message": "   📄 Processing file 160/179: part-0.parquet", "correlation_id": "-", "session_id": "-", "timestamp": "2025-08-11T21:41:06.568371+00:00"}
{"asctime": "2025-08-11 23:41:06,574", "levelname": "INFO", "name": "AresTradingSystem.System.UnifiedDataLoader", "message": "   ✅ Loaded file 160: (1440, 19)", "correlation_id": "-", "session_id": "-", "timestamp": "2025-08-11T21:41:06.574185+00:00"}
{"asctime": "2025-08-11 23:41:06,575", "levelname": "INFO", "name": "AresTradingSystem.System.UnifiedDataLoader", "message": "   🔍 After date filtering: (1440, 19)", "correlation_id": "-", "session_id": "-", "timestamp": "2025-08-11T21:41:06.575455+00:00"}
{"asctime": "2025-08-11 23:41:06,582", "levelname": "INFO", "name": "AresTradingSystem.System.UnifiedDataLoader", "message": "   📊 Total rows so far: 228979", "correlation_id": "-", "session_id": "-", "timestamp": "2025-08-11T21:41:06.582943+00:00"}
{"asctime": "2025-08-11 23:41:09,112", "levelname": "INFO", "name": "AresTradingSystem.System.UnifiedDataLoader", "message": "   📄 Processing file 170/179: part-0.parquet", "correlation_id": "-", "session_id": "-", "timestamp": "2025-08-11T21:41:09.112254+00:00"}
{"asctime": "2025-08-11 23:41:09,116", "levelname": "INFO", "name": "AresTradingSystem.System.UnifiedDataLoader", "message": "   ✅ Loaded file 170: (1440, 19)", "correlation_id": "-", "session_id": "-", "timestamp": "2025-08-11T21:41:09.116913+00:00"}
{"asctime": "2025-08-11 23:41:09,117", "levelname": "INFO", "name": "AresTradingSystem.System.UnifiedDataLoader", "message": "   🔍 After date filtering: (1440, 19)", "correlation_id": "-", "session_id": "-", "timestamp": "2025-08-11T21:41:09.118009+00:00"}
{"asctime": "2025-08-11 23:41:09,126", "levelname": "INFO", "name": "AresTradingSystem.System.UnifiedDataLoader", "message": "   📊 Total rows so far: 243379", "correlation_id": "-", "session_id": "-", "timestamp": "2025-08-11T21:41:09.126046+00:00"}
{"asctime": "2025-08-11 23:41:12,172", "levelname": "INFO", "name": "AresTradingSystem.System.UnifiedDataLoader", "message": "🔄 Converting 255969 records to DataFrame...", "correlation_id": "-", "session_id": "-", "timestamp": "2025-08-11T21:41:12.172799+00:00"}
{"asctime": "2025-08-11 23:41:13,317", "levelname": "INFO", "name": "AresTradingSystem.System.UnifiedDataLoader", "message": "✅ Memory-efficient loading completed: (255969, 19)", "correlation_id": "-", "session_id": "-", "timestamp": "2025-08-11T21:41:13.317152+00:00"}
{"asctime": "2025-08-11 23:41:13,318", "levelname": "INFO", "name": "AresTradingSystem.System", "message": "✅ Loaded unified data: 255969 rows", "correlation_id": "-", "session_id": "-", "timestamp": "2025-08-11T21:41:13.318839+00:00"}
{"asctime": "2025-08-11 23:41:13,318", "levelname": "INFO", "name": "AresTradingSystem.System", "message": "   Date range: 2025-02-12T23:41:00 to 2025-08-09T17:49:00", "correlation_id": "-", "session_id": "-", "timestamp": "2025-08-11T21:41:13.318993+00:00"}
{"asctime": "2025-08-11 23:41:13,319", "levelname": "INFO", "name": "AresTradingSystem.System", "message": "   Has aggtrades data: True", "correlation_id": "-", "session_id": "-", "timestamp": "2025-08-11T21:41:13.319100+00:00"}
{"asctime": "2025-08-11 23:41:13,319", "levelname": "INFO", "name": "AresTradingSystem.System", "message": "   Has futures data: True", "correlation_id": "-", "session_id": "-", "timestamp": "2025-08-11T21:41:13.319190+00:00"}
{"asctime": "2025-08-11 23:41:13,319", "levelname": "INFO", "name": "AresTradingSystem.System", "message": "🔄 Resampling data to 1h timeframe for regime classification...", "correlation_id": "-", "session_id": "-", "timestamp": "2025-08-11T21:41:13.319280+00:00"}
{"asctime": "2025-08-11 23:41:13,384", "levelname": "INFO", "name": "AresTradingSystem.System", "message": "✅ Resampled to 1h: 4267 records", "correlation_id": "-", "session_id": "-", "timestamp": "2025-08-11T21:41:13.384762+00:00"}
{"asctime": "2025-08-11 23:41:13,385", "levelname": "INFO", "name": "AresTradingSystem.System", "message": "Classifying market regimes for ETHUSDT on BINANCE...", "correlation_id": "-", "session_id": "-", "timestamp": "2025-08-11T21:41:13.385043+00:00"}
{"asctime": "2025-08-11 23:41:13,385", "levelname": "INFO", "name": "AresTradingSystem.System.UnifiedRegimeClassifier", "message": "🔧 Calculating features for 4267 periods...", "correlation_id": "-", "session_id": "-", "timestamp": "2025-08-11T21:41:13.385905+00:00"}
{"asctime": "2025-08-11 23:41:13,429", "levelname": "INFO", "name": "AresTradingSystem.System.UnifiedRegimeClassifier", "message": "✅ Calculated comprehensive features for 4267 periods (dropped 0 rows due to NaN)", "correlation_id": "-", "session_id": "-", "timestamp": "2025-08-11T21:41:13.429972+00:00"}
{"asctime": "2025-08-11 23:41:13,430", "levelname": "INFO", "name": "AresTradingSystem.System.UnifiedRegimeClassifier", "message": "🔍 Using trained basic ensemble for regime classification", "correlation_id": "-", "session_id": "-", "timestamp": "2025-08-11T21:41:13.430699+00:00"}
{"asctime": "2025-08-11 23:41:13,475", "levelname": "INFO", "name": "AresTradingSystem.System.UnifiedRegimeClassifier", "message": "", "correlation_id": "-", "session_id": "-", "msg": "Ensemble regime prediction summary", "unique_regimes": ["BEAR", "BULL"], "counts": {"BEAR": 370, "BULL": 3897}, "expected_min": 3, "total_records": 4267, "thresholds": {"adx_sideways_threshold": 18, "volatility_threshold": 0.025, "atr_normalized_threshold": 0.035, "volatility_percentile_threshold": 0.8}, "timestamp": "2025-08-11T21:41:13.475199+00:00"}
{"asctime": "2025-08-11 23:41:13,475", "levelname": "WARNING", "name": "AresTradingSystem.System.UnifiedRegimeClassifier", "message": "\u001b[93m\u001b[1m⚠️\u001b[0m \u001b[93m\u001b[1mFewer regimes predicted (2) than expected (3). Consider increasing min_data_points or enhancing volatility features.\u001b[0m", "correlation_id": "-", "session_id": "-", "timestamp": "2025-08-11T21:41:13.475794+00:00"}
{"asctime": "2025-08-11 23:41:13,475", "levelname": "INFO", "name": "AresTradingSystem.System.UnifiedRegimeClassifier", "message": "Classifying location with tactical pivots and strategic volume levels...", "correlation_id": "-", "session_id": "-", "timestamp": "2025-08-11T21:41:13.475919+00:00"}
{"asctime": "2025-08-11 23:41:13,476", "levelname": "INFO", "name": "AresTradingSystem.System.UnifiedRegimeClassifier", "message": "🔍 Calculating global volume levels...", "correlation_id": "-", "session_id": "-", "timestamp": "2025-08-11T21:41:13.476262+00:00"}
{"asctime": "2025-08-11 23:41:13,485", "levelname": "INFO", "name": "AresTradingSystem.System.UnifiedRegimeClassifier", "message": "📊 Processing 3547 records in 36 batches...", "correlation_id": "-", "session_id": "-", "timestamp": "2025-08-11T21:41:13.485268+00:00"}
{"asctime": "2025-08-11 23:41:15,392", "levelname": "INFO", "name": "AresTradingSystem.System.UnifiedRegimeClassifier", "message": "🔄 Processing batch 10/36 (records 1620-1720)", "correlation_id": "-", "session_id": "-", "timestamp": "2025-08-11T21:41:15.392904+00:00"}
{"asctime": "2025-08-11 23:41:17,512", "levelname": "INFO", "name": "AresTradingSystem.System.UnifiedRegimeClassifier", "message": "🔄 Processing batch 20/36 (records 2620-2720)", "correlation_id": "-", "session_id": "-", "timestamp": "2025-08-11T21:41:17.512069+00:00"}
{"asctime": "2025-08-11 23:41:19,637", "levelname": "INFO", "name": "AresTradingSystem.System.UnifiedRegimeClassifier", "message": "🔄 Processing batch 30/36 (records 3620-3720)", "correlation_id": "-", "session_id": "-", "timestamp": "2025-08-11T21:41:19.637644+00:00"}
{"asctime": "2025-08-11 23:41:21,007", "levelname": "INFO", "name": "AresTradingSystem.System.UnifiedRegimeClassifier", "message": "✅ Finished classifying locations. Found: {'OPEN_RANGE': 4267}", "correlation_id": "-", "session_id": "-", "timestamp": "2025-08-11T21:41:21.007435+00:00"}
{"asctime": "2025-08-11 23:41:21,008", "levelname": "INFO", "name": "AresTradingSystem.System.UnifiedRegimeClassifier", "message": "📊 Regime distribution: {'BULL': 3897, 'BEAR': 370}", "correlation_id": "-", "session_id": "-", "timestamp": "2025-08-11T21:41:21.008865+00:00"}
{"asctime": "2025-08-11 23:41:21,011", "levelname": "INFO", "name": "AresTradingSystem.System", "message": "Regime classification completed. Found 2 distinct regimes", "correlation_id": "-", "session_id": "-", "timestamp": "2025-08-11T21:41:21.011149+00:00"}
{"asctime": "2025-08-11 23:41:21,048", "levelname": "INFO", "name": "AresTradingSystem.System", "message": "✅ Saved regime classification results to parquet: data/training/BINANCE_ETHUSDT_regime_classification.parquet", "correlation_id": "-", "session_id": "-", "timestamp": "2025-08-11T21:41:21.048237+00:00"}
{"asctime": "2025-08-11 23:41:21,048", "levelname": "INFO", "name": "AresTradingSystem.System", "message": "✅ Market regime classification completed. Results saved to data/training/BINANCE_ETHUSDT_regime_classification.json", "correlation_id": "-", "session_id": "-", "timestamp": "2025-08-11T21:41:21.048456+00:00"}
{"asctime": "2025-08-11 23:41:21,186", "levelname": "INFO", "name": "AresTradingSystem.System", "message": "Initializing Regime Data Splitting Step...", "correlation_id": "-", "session_id": "-", "timestamp": "2025-08-11T21:41:21.186149+00:00"}
{"asctime": "2025-08-11 23:41:21,186", "levelname": "INFO", "name": "AresTradingSystem.System", "message": "Regime Data Splitting Step initialized successfully", "correlation_id": "-", "session_id": "-", "timestamp": "2025-08-11T21:41:21.186282+00:00"}
{"asctime": "2025-08-11 23:41:21,186", "levelname": "INFO", "name": "AresTradingSystem.System", "message": "🔄 Loading unified data for regime data splitting...", "correlation_id": "-", "session_id": "-", "timestamp": "2025-08-11T21:41:21.186379+00:00"}
{"asctime": "2025-08-11 23:41:21,186", "levelname": "INFO", "name": "AresTradingSystem.System.UnifiedDataLoader", "message": "🔄 Loading unified data for ETHUSDT on BINANCE", "correlation_id": "-", "session_id": "-", "timestamp": "2025-08-11T21:41:21.186487+00:00"}
{"asctime": "2025-08-11 23:41:21,186", "levelname": "INFO", "name": "AresTradingSystem.System.UnifiedDataLoader", "message": "   Timeframe: 1m", "correlation_id": "-", "session_id": "-", "timestamp": "2025-08-11T21:41:21.186731+00:00"}
{"asctime": "2025-08-11 23:41:21,186", "levelname": "INFO", "name": "AresTradingSystem.System.UnifiedDataLoader", "message": "   Date range: 2025-02-12 to 2025-08-11", "correlation_id": "-", "session_id": "-", "timestamp": "2025-08-11T21:41:21.186885+00:00"}
{"asctime": "2025-08-11 23:41:21,186", "levelname": "INFO", "name": "AresTradingSystem.System.UnifiedDataLoader", "message": "   Streaming: True", "correlation_id": "-", "session_id": "-", "timestamp": "2025-08-11T21:41:21.186998+00:00"}
{"asctime": "2025-08-11 23:41:21,187", "levelname": "INFO", "name": "AresTradingSystem.System.UnifiedDataLoader", "message": "   ⚠️ Streaming disabled to avoid segmentation faults", "correlation_id": "-", "session_id": "-", "timestamp": "2025-08-11T21:41:21.187097+00:00"}
{"asctime": "2025-08-11 23:41:21,187", "levelname": "INFO", "name": "AresTradingSystem.System.UnifiedDataLoader", "message": "   📁 Found unified data cache, using optimized pyarrow loading", "correlation_id": "-", "session_id": "-", "timestamp": "2025-08-11T21:41:21.187218+00:00"}
{"asctime": "2025-08-11 23:41:21,187", "levelname": "INFO", "name": "AresTradingSystem.System.UnifiedDataLoader", "message": "🔧 Using optimized pyarrow loading...", "correlation_id": "-", "session_id": "-", "timestamp": "2025-08-11T21:41:21.187326+00:00"}
{"asctime": "2025-08-11 23:41:21,187", "levelname": "INFO", "name": "AresTradingSystem.System.UnifiedDataLoader", "message": "   ⚠️ PyArrow disabled to avoid segmentation faults", "correlation_id": "-", "session_id": "-", "timestamp": "2025-08-11T21:41:21.187419+00:00"}
{"asctime": "2025-08-11 23:41:21,187", "levelname": "INFO", "name": "AresTradingSystem.System.UnifiedDataLoader", "message": "🔧 Using memory-efficient streaming loading for 180 days...", "correlation_id": "-", "session_id": "-", "timestamp": "2025-08-11T21:41:21.187514+00:00"}
{"asctime": "2025-08-11 23:41:21,195", "levelname": "INFO", "name": "AresTradingSystem.System.UnifiedDataLoader", "message": "📁 Found 179 partition files", "correlation_id": "-", "session_id": "-", "timestamp": "2025-08-11T21:41:21.195036+00:00"}
{"asctime": "2025-08-11 23:41:21,265", "levelname": "INFO", "name": "AresTradingSystem.System.UnifiedDataLoader", "message": "   📄 Processing file 1/179: part-0.parquet", "correlation_id": "-", "session_id": "-", "timestamp": "2025-08-11T21:41:21.265217+00:00"}
{"asctime": "2025-08-11 23:41:21,271", "levelname": "INFO", "name": "AresTradingSystem.System.UnifiedDataLoader", "message": "   ✅ Loaded file 1: (1440, 19)", "correlation_id": "-", "session_id": "-", "timestamp": "2025-08-11T21:41:21.271024+00:00"}
{"asctime": "2025-08-11 23:41:21,272", "levelname": "INFO", "name": "AresTradingSystem.System.UnifiedDataLoader", "message": "   🔍 After date filtering: (18, 19)", "correlation_id": "-", "session_id": "-", "timestamp": "2025-08-11T21:41:21.272569+00:00"}
{"asctime": "2025-08-11 23:41:21,273", "levelname": "INFO", "name": "AresTradingSystem.System.UnifiedDataLoader", "message": "   📊 Total rows so far: 18", "correlation_id": "-", "session_id": "-", "timestamp": "2025-08-11T21:41:21.273733+00:00"}
{"asctime": "2025-08-11 23:41:22,587", "levelname": "INFO", "name": "AresTradingSystem.System.UnifiedDataLoader", "message": "   📄 Processing file 10/179: part-0.parquet", "correlation_id": "-", "session_id": "-", "timestamp": "2025-08-11T21:41:22.587381+00:00"}
{"asctime": "2025-08-11 23:41:22,593", "levelname": "INFO", "name": "AresTradingSystem.System.UnifiedDataLoader", "message": "   ✅ Loaded file 10: (1440, 19)", "correlation_id": "-", "session_id": "-", "timestamp": "2025-08-11T21:41:22.593176+00:00"}
{"asctime": "2025-08-11 23:41:22,594", "levelname": "INFO", "name": "AresTradingSystem.System.UnifiedDataLoader", "message": "   🔍 After date filtering: (1440, 19)", "correlation_id": "-", "session_id": "-", "timestamp": "2025-08-11T21:41:22.594320+00:00"}
{"asctime": "2025-08-11 23:41:22,601", "levelname": "INFO", "name": "AresTradingSystem.System.UnifiedDataLoader", "message": "   📊 Total rows so far: 12978", "correlation_id": "-", "session_id": "-", "timestamp": "2025-08-11T21:41:22.601790+00:00"}
{"asctime": "2025-08-11 23:41:24,134", "levelname": "INFO", "name": "AresTradingSystem.System.UnifiedDataLoader", "message": "   📄 Processing file 20/179: part-0.parquet", "correlation_id": "-", "session_id": "-", "timestamp": "2025-08-11T21:41:24.134353+00:00"}
{"asctime": "2025-08-11 23:41:24,139", "levelname": "INFO", "name": "AresTradingSystem.System.UnifiedDataLoader", "message": "   ✅ Loaded file 20: (1440, 19)", "correlation_id": "-", "session_id": "-", "timestamp": "2025-08-11T21:41:24.139524+00:00"}
{"asctime": "2025-08-11 23:41:24,141", "levelname": "INFO", "name": "AresTradingSystem.System.UnifiedDataLoader", "message": "   🔍 After date filtering: (1440, 19)", "correlation_id": "-", "session_id": "-", "timestamp": "2025-08-11T21:41:24.141014+00:00"}
{"asctime": "2025-08-11 23:41:24,148", "levelname": "INFO", "name": "AresTradingSystem.System.UnifiedDataLoader", "message": "   📊 Total rows so far: 27378", "correlation_id": "-", "session_id": "-", "timestamp": "2025-08-11T21:41:24.148627+00:00"}
{"asctime": "2025-08-11 23:41:25,758", "levelname": "INFO", "name": "AresTradingSystem.System.UnifiedDataLoader", "message": "   📄 Processing file 30/179: part-0.parquet", "correlation_id": "-", "session_id": "-", "timestamp": "2025-08-11T21:41:25.758912+00:00"}
{"asctime": "2025-08-11 23:41:25,764", "levelname": "INFO", "name": "AresTradingSystem.System.UnifiedDataLoader", "message": "   ✅ Loaded file 30: (1440, 19)", "correlation_id": "-", "session_id": "-", "timestamp": "2025-08-11T21:41:25.764374+00:00"}
{"asctime": "2025-08-11 23:41:25,765", "levelname": "INFO", "name": "AresTradingSystem.System.UnifiedDataLoader", "message": "   🔍 After date filtering: (1440, 19)", "correlation_id": "-", "session_id": "-", "timestamp": "2025-08-11T21:41:25.765497+00:00"}
{"asctime": "2025-08-11 23:41:25,773", "levelname": "INFO", "name": "AresTradingSystem.System.UnifiedDataLoader", "message": "   📊 Total rows so far: 41778", "correlation_id": "-", "session_id": "-", "timestamp": "2025-08-11T21:41:25.773548+00:00"}
{"asctime": "2025-08-11 23:41:27,441", "levelname": "INFO", "name": "AresTradingSystem.System.UnifiedDataLoader", "message": "   📄 Processing file 40/179: part-0.parquet", "correlation_id": "-", "session_id": "-", "timestamp": "2025-08-11T21:41:27.441223+00:00"}
{"asctime": "2025-08-11 23:41:27,446", "levelname": "INFO", "name": "AresTradingSystem.System.UnifiedDataLoader", "message": "   ✅ Loaded file 40: (1440, 19)", "correlation_id": "-", "session_id": "-", "timestamp": "2025-08-11T21:41:27.446133+00:00"}
{"asctime": "2025-08-11 23:41:27,447", "levelname": "INFO", "name": "AresTradingSystem.System.UnifiedDataLoader", "message": "   🔍 After date filtering: (1440, 19)", "correlation_id": "-", "session_id": "-", "timestamp": "2025-08-11T21:41:27.447225+00:00"}
{"asctime": "2025-08-11 23:41:27,454", "levelname": "INFO", "name": "AresTradingSystem.System.UnifiedDataLoader", "message": "   📊 Total rows so far: 56178", "correlation_id": "-", "session_id": "-", "timestamp": "2025-08-11T21:41:27.454752+00:00"}
{"asctime": "2025-08-11 23:41:29,190", "levelname": "INFO", "name": "AresTradingSystem.System.UnifiedDataLoader", "message": "   📄 Processing file 50/179: part-0.parquet", "correlation_id": "-", "session_id": "-", "timestamp": "2025-08-11T21:41:29.190420+00:00"}
{"asctime": "2025-08-11 23:41:29,196", "levelname": "INFO", "name": "AresTradingSystem.System.UnifiedDataLoader", "message": "   ✅ Loaded file 50: (1440, 19)", "correlation_id": "-", "session_id": "-", "timestamp": "2025-08-11T21:41:29.196047+00:00"}
{"asctime": "2025-08-11 23:41:29,197", "levelname": "INFO", "name": "AresTradingSystem.System.UnifiedDataLoader", "message": "   🔍 After date filtering: (1440, 19)", "correlation_id": "-", "session_id": "-", "timestamp": "2025-08-11T21:41:29.197178+00:00"}
{"asctime": "2025-08-11 23:41:29,204", "levelname": "INFO", "name": "AresTradingSystem.System.UnifiedDataLoader", "message": "   📊 Total rows so far: 70578", "correlation_id": "-", "session_id": "-", "timestamp": "2025-08-11T21:41:29.204607+00:00"}
{"asctime": "2025-08-11 23:41:31,157", "levelname": "INFO", "name": "AresTradingSystem.System.UnifiedDataLoader", "message": "   📄 Processing file 60/179: part-0.parquet", "correlation_id": "-", "session_id": "-", "timestamp": "2025-08-11T21:41:31.157270+00:00"}
{"asctime": "2025-08-11 23:41:31,162", "levelname": "INFO", "name": "AresTradingSystem.System.UnifiedDataLoader", "message": "   ✅ Loaded file 60: (1440, 19)", "correlation_id": "-", "session_id": "-", "timestamp": "2025-08-11T21:41:31.162242+00:00"}
{"asctime": "2025-08-11 23:41:31,163", "levelname": "INFO", "name": "AresTradingSystem.System.UnifiedDataLoader", "message": "   🔍 After date filtering: (1440, 19)", "correlation_id": "-", "session_id": "-", "timestamp": "2025-08-11T21:41:31.163415+00:00"}
{"asctime": "2025-08-11 23:41:31,170", "levelname": "INFO", "name": "AresTradingSystem.System.UnifiedDataLoader", "message": "   📊 Total rows so far: 84978", "correlation_id": "-", "session_id": "-", "timestamp": "2025-08-11T21:41:31.170888+00:00"}
{"asctime": "2025-08-11 23:41:33,050", "levelname": "INFO", "name": "AresTradingSystem.System.UnifiedDataLoader", "message": "   📄 Processing file 70/179: part-0.parquet", "correlation_id": "-", "session_id": "-", "timestamp": "2025-08-11T21:41:33.050442+00:00"}
{"asctime": "2025-08-11 23:41:33,056", "levelname": "INFO", "name": "AresTradingSystem.System.UnifiedDataLoader", "message": "   ✅ Loaded file 70: (1440, 19)", "correlation_id": "-", "session_id": "-", "timestamp": "2025-08-11T21:41:33.056214+00:00"}
{"asctime": "2025-08-11 23:41:33,057", "levelname": "INFO", "name": "AresTradingSystem.System.UnifiedDataLoader", "message": "   🔍 After date filtering: (1440, 19)", "correlation_id": "-", "session_id": "-", "timestamp": "2025-08-11T21:41:33.057564+00:00"}
{"asctime": "2025-08-11 23:41:33,065", "levelname": "INFO", "name": "AresTradingSystem.System.UnifiedDataLoader", "message": "   📊 Total rows so far: 99378", "correlation_id": "-", "session_id": "-", "timestamp": "2025-08-11T21:41:33.065174+00:00"}
{"asctime": "2025-08-11 23:41:37,285", "levelname": "INFO", "name": "AresTradingSystem.System.UnifiedDataLoader", "message": "   📄 Processing file 80/179: part-0.parquet", "correlation_id": "-", "session_id": "-", "timestamp": "2025-08-11T21:41:37.285568+00:00"}
{"asctime": "2025-08-11 23:41:37,295", "levelname": "INFO", "name": "AresTradingSystem.System.UnifiedDataLoader", "message": "   ✅ Loaded file 80: (1440, 19)", "correlation_id": "-", "session_id": "-", "timestamp": "2025-08-11T21:41:37.295334+00:00"}
{"asctime": "2025-08-11 23:41:37,296", "levelname": "INFO", "name": "AresTradingSystem.System.UnifiedDataLoader", "message": "   🔍 After date filtering: (1440, 19)", "correlation_id": "-", "session_id": "-", "timestamp": "2025-08-11T21:41:37.296965+00:00"}
{"asctime": "2025-08-11 23:41:37,310", "levelname": "INFO", "name": "AresTradingSystem.System.UnifiedDataLoader", "message": "   📊 Total rows so far: 113778", "correlation_id": "-", "session_id": "-", "timestamp": "2025-08-11T21:41:37.310223+00:00"}
{"asctime": "2025-08-11 23:41:40,249", "levelname": "INFO", "name": "AresTradingSystem.System.UnifiedDataLoader", "message": "   📄 Processing file 90/179: part-0.parquet", "correlation_id": "-", "session_id": "-", "timestamp": "2025-08-11T21:41:40.249951+00:00"}
{"asctime": "2025-08-11 23:41:40,254", "levelname": "INFO", "name": "AresTradingSystem.System.UnifiedDataLoader", "message": "   ✅ Loaded file 90: (1440, 19)", "correlation_id": "-", "session_id": "-", "timestamp": "2025-08-11T21:41:40.255011+00:00"}
{"asctime": "2025-08-11 23:41:40,256", "levelname": "INFO", "name": "AresTradingSystem.System.UnifiedDataLoader", "message": "   🔍 After date filtering: (1440, 19)", "correlation_id": "-", "session_id": "-", "timestamp": "2025-08-11T21:41:40.256530+00:00"}
{"asctime": "2025-08-11 23:41:40,264", "levelname": "INFO", "name": "AresTradingSystem.System.UnifiedDataLoader", "message": "   📊 Total rows so far: 128178", "correlation_id": "-", "session_id": "-", "timestamp": "2025-08-11T21:41:40.264235+00:00"}
{"asctime": "2025-08-11 23:41:42,361", "levelname": "INFO", "name": "AresTradingSystem.System.UnifiedDataLoader", "message": "   📄 Processing file 100/179: part-0.parquet", "correlation_id": "-", "session_id": "-", "timestamp": "2025-08-11T21:41:42.361828+00:00"}
{"asctime": "2025-08-11 23:41:42,367", "levelname": "INFO", "name": "AresTradingSystem.System.UnifiedDataLoader", "message": "   ✅ Loaded file 100: (1440, 19)", "correlation_id": "-", "session_id": "-", "timestamp": "2025-08-11T21:41:42.367587+00:00"}
{"asctime": "2025-08-11 23:41:42,368", "levelname": "INFO", "name": "AresTradingSystem.System.UnifiedDataLoader", "message": "   🔍 After date filtering: (1440, 19)", "correlation_id": "-", "session_id": "-", "timestamp": "2025-08-11T21:41:42.368838+00:00"}
{"asctime": "2025-08-11 23:41:42,376", "levelname": "INFO", "name": "AresTradingSystem.System.UnifiedDataLoader", "message": "   📊 Total rows so far: 142578", "correlation_id": "-", "session_id": "-", "timestamp": "2025-08-11T21:41:42.376826+00:00"}
{"asctime": "2025-08-11 23:41:44,722", "levelname": "INFO", "name": "AresTradingSystem.System.UnifiedDataLoader", "message": "   📄 Processing file 110/179: part-0.parquet", "correlation_id": "-", "session_id": "-", "timestamp": "2025-08-11T21:41:44.722477+00:00"}
{"asctime": "2025-08-11 23:41:44,728", "levelname": "INFO", "name": "AresTradingSystem.System.UnifiedDataLoader", "message": "   ✅ Loaded file 110: (1440, 19)", "correlation_id": "-", "session_id": "-", "timestamp": "2025-08-11T21:41:44.728202+00:00"}
{"asctime": "2025-08-11 23:41:44,729", "levelname": "INFO", "name": "AresTradingSystem.System.UnifiedDataLoader", "message": "   🔍 After date filtering: (1440, 19)", "correlation_id": "-", "session_id": "-", "timestamp": "2025-08-11T21:41:44.729364+00:00"}
{"asctime": "2025-08-11 23:41:44,736", "levelname": "INFO", "name": "AresTradingSystem.System.UnifiedDataLoader", "message": "   📊 Total rows so far: 156978", "correlation_id": "-", "session_id": "-", "timestamp": "2025-08-11T21:41:44.736918+00:00"}
{"asctime": "2025-08-11 23:41:48,989", "levelname": "INFO", "name": "AresTradingSystem.System.UnifiedDataLoader", "message": "   📄 Processing file 120/179: part-0.parquet", "correlation_id": "-", "session_id": "-", "timestamp": "2025-08-11T21:41:48.989168+00:00"}
{"asctime": "2025-08-11 23:41:49,014", "levelname": "INFO", "name": "AresTradingSystem.System.UnifiedDataLoader", "message": "   ✅ Loaded file 120: (1440, 19)", "correlation_id": "-", "session_id": "-", "timestamp": "2025-08-11T21:41:49.015031+00:00"}
{"asctime": "2025-08-11 23:41:49,017", "levelname": "INFO", "name": "AresTradingSystem.System.UnifiedDataLoader", "message": "   🔍 After date filtering: (1440, 19)", "correlation_id": "-", "session_id": "-", "timestamp": "2025-08-11T21:41:49.017907+00:00"}
{"asctime": "2025-08-11 23:41:49,043", "levelname": "INFO", "name": "AresTradingSystem.System.UnifiedDataLoader", "message": "   📊 Total rows so far: 171378", "correlation_id": "-", "session_id": "-", "timestamp": "2025-08-11T21:41:49.044009+00:00"}
{"asctime": "2025-08-11 23:41:51,427", "levelname": "INFO", "name": "AresTradingSystem.System.UnifiedDataLoader", "message": "   📄 Processing file 130/179: part-0.parquet", "correlation_id": "-", "session_id": "-", "timestamp": "2025-08-11T21:41:51.427336+00:00"}
{"asctime": "2025-08-11 23:41:51,432", "levelname": "INFO", "name": "AresTradingSystem.System.UnifiedDataLoader", "message": "   ✅ Loaded file 130: (1440, 19)", "correlation_id": "-", "session_id": "-", "timestamp": "2025-08-11T21:41:51.432641+00:00"}
{"asctime": "2025-08-11 23:41:51,433", "levelname": "INFO", "name": "AresTradingSystem.System.UnifiedDataLoader", "message": "   🔍 After date filtering: (1440, 19)", "correlation_id": "-", "session_id": "-", "timestamp": "2025-08-11T21:41:51.433814+00:00"}
{"asctime": "2025-08-11 23:41:51,442", "levelname": "INFO", "name": "AresTradingSystem.System.UnifiedDataLoader", "message": "   📊 Total rows so far: 185778", "correlation_id": "-", "session_id": "-", "timestamp": "2025-08-11T21:41:51.442033+00:00"}
{"asctime": "2025-08-11 23:41:53,796", "levelname": "INFO", "name": "AresTradingSystem.System.UnifiedDataLoader", "message": "   📄 Processing file 140/179: part-0.parquet", "correlation_id": "-", "session_id": "-", "timestamp": "2025-08-11T21:41:53.796878+00:00"}
{"asctime": "2025-08-11 23:41:53,801", "levelname": "INFO", "name": "AresTradingSystem.System.UnifiedDataLoader", "message": "   ✅ Loaded file 140: (1440, 19)", "correlation_id": "-", "session_id": "-", "timestamp": "2025-08-11T21:41:53.801774+00:00"}
{"asctime": "2025-08-11 23:41:53,802", "levelname": "INFO", "name": "AresTradingSystem.System.UnifiedDataLoader", "message": "   🔍 After date filtering: (1440, 19)", "correlation_id": "-", "session_id": "-", "timestamp": "2025-08-11T21:41:53.802953+00:00"}
{"asctime": "2025-08-11 23:41:53,810", "levelname": "INFO", "name": "AresTradingSystem.System.UnifiedDataLoader", "message": "   📊 Total rows so far: 200178", "correlation_id": "-", "session_id": "-", "timestamp": "2025-08-11T21:41:53.810848+00:00"}
{"asctime": "2025-08-11 23:41:56,284", "levelname": "INFO", "name": "AresTradingSystem.System.UnifiedDataLoader", "message": "   📄 Processing file 150/179: part-0.parquet", "correlation_id": "-", "session_id": "-", "timestamp": "2025-08-11T21:41:56.284034+00:00"}
{"asctime": "2025-08-11 23:41:56,289", "levelname": "INFO", "name": "AresTradingSystem.System.UnifiedDataLoader", "message": "   ✅ Loaded file 150: (1440, 19)", "correlation_id": "-", "session_id": "-", "timestamp": "2025-08-11T21:41:56.289147+00:00"}
{"asctime": "2025-08-11 23:41:56,290", "levelname": "INFO", "name": "AresTradingSystem.System.UnifiedDataLoader", "message": "   🔍 After date filtering: (1440, 19)", "correlation_id": "-", "session_id": "-", "timestamp": "2025-08-11T21:41:56.290620+00:00"}
{"asctime": "2025-08-11 23:41:56,298", "levelname": "INFO", "name": "AresTradingSystem.System.UnifiedDataLoader", "message": "   📊 Total rows so far: 214578", "correlation_id": "-", "session_id": "-", "timestamp": "2025-08-11T21:41:56.298106+00:00"}
{"asctime": "2025-08-11 23:41:58,792", "levelname": "INFO", "name": "AresTradingSystem.System.UnifiedDataLoader", "message": "   📄 Processing file 160/179: part-0.parquet", "correlation_id": "-", "session_id": "-", "timestamp": "2025-08-11T21:41:58.792082+00:00"}
{"asctime": "2025-08-11 23:41:58,797", "levelname": "INFO", "name": "AresTradingSystem.System.UnifiedDataLoader", "message": "   ✅ Loaded file 160: (1440, 19)", "correlation_id": "-", "session_id": "-", "timestamp": "2025-08-11T21:41:58.797457+00:00"}
{"asctime": "2025-08-11 23:41:58,798", "levelname": "INFO", "name": "AresTradingSystem.System.UnifiedDataLoader", "message": "   🔍 After date filtering: (1440, 19)", "correlation_id": "-", "session_id": "-", "timestamp": "2025-08-11T21:41:58.798616+00:00"}
{"asctime": "2025-08-11 23:41:58,806", "levelname": "INFO", "name": "AresTradingSystem.System.UnifiedDataLoader", "message": "   📊 Total rows so far: 228978", "correlation_id": "-", "session_id": "-", "timestamp": "2025-08-11T21:41:58.806828+00:00"}
{"asctime": "2025-08-11 23:42:01,382", "levelname": "INFO", "name": "AresTradingSystem.System.UnifiedDataLoader", "message": "   📄 Processing file 170/179: part-0.parquet", "correlation_id": "-", "session_id": "-", "timestamp": "2025-08-11T21:42:01.382233+00:00"}
{"asctime": "2025-08-11 23:42:01,386", "levelname": "INFO", "name": "AresTradingSystem.System.UnifiedDataLoader", "message": "   ✅ Loaded file 170: (1440, 19)", "correlation_id": "-", "session_id": "-", "timestamp": "2025-08-11T21:42:01.386776+00:00"}
{"asctime": "2025-08-11 23:42:01,387", "levelname": "INFO", "name": "AresTradingSystem.System.UnifiedDataLoader", "message": "   🔍 After date filtering: (1440, 19)", "correlation_id": "-", "session_id": "-", "timestamp": "2025-08-11T21:42:01.387793+00:00"}
{"asctime": "2025-08-11 23:42:01,395", "levelname": "INFO", "name": "AresTradingSystem.System.UnifiedDataLoader", "message": "   📊 Total rows so far: 243378", "correlation_id": "-", "session_id": "-", "timestamp": "2025-08-11T21:42:01.395776+00:00"}
{"asctime": "2025-08-11 23:42:03,939", "levelname": "INFO", "name": "AresTradingSystem.System.UnifiedDataLoader", "message": "🔄 Converting 255968 records to DataFrame...", "correlation_id": "-", "session_id": "-", "timestamp": "2025-08-11T21:42:03.939524+00:00"}
{"asctime": "2025-08-11 23:42:05,064", "levelname": "INFO", "name": "AresTradingSystem.System.UnifiedDataLoader", "message": "✅ Memory-efficient loading completed: (255968, 19)", "correlation_id": "-", "session_id": "-", "timestamp": "2025-08-11T21:42:05.064945+00:00"}
{"asctime": "2025-08-11 23:42:05,065", "levelname": "INFO", "name": "AresTradingSystem.System", "message": "✅ Loaded unified data: 255968 rows", "correlation_id": "-", "session_id": "-", "timestamp": "2025-08-11T21:42:05.065875+00:00"}
{"asctime": "2025-08-11 23:42:05,066", "levelname": "INFO", "name": "AresTradingSystem.System", "message": "   Date range: 0 to 255967", "correlation_id": "-", "session_id": "-", "timestamp": "2025-08-11T21:42:05.066067+00:00"}
{"asctime": "2025-08-11 23:42:05,066", "levelname": "INFO", "name": "AresTradingSystem.System", "message": "   Has aggtrades data: False", "correlation_id": "-", "session_id": "-", "timestamp": "2025-08-11T21:42:05.066258+00:00"}
{"asctime": "2025-08-11 23:42:05,066", "levelname": "INFO", "name": "AresTradingSystem.System", "message": "   Has futures data: False", "correlation_id": "-", "session_id": "-", "timestamp": "2025-08-11T21:42:05.066373+00:00"}
{"asctime": "2025-08-11 23:42:05,066", "levelname": "INFO", "name": "AresTradingSystem.System", "message": "📁 Loading regime classification results from: data/training/BINANCE_ETHUSDT_regime_classification.parquet", "correlation_id": "-", "session_id": "-", "timestamp": "2025-08-11T21:42:05.066461+00:00"}
{"asctime": "2025-08-11 23:42:05,066", "levelname": "INFO", "name": "AresTradingSystem.System", "message": "   Trying direct pandas read...", "correlation_id": "-", "session_id": "-", "timestamp": "2025-08-11T21:42:05.066555+00:00"}
{"asctime": "2025-08-11 23:42:05,070", "levelname": "INFO", "name": "AresTradingSystem.System", "message": "   ✅ Successfully loaded with direct pandas read: (4267, 3)", "correlation_id": "-", "session_id": "-", "timestamp": "2025-08-11T21:42:05.070585+00:00"}
{"asctime": "2025-08-11 23:42:05,070", "levelname": "INFO", "name": "AresTradingSystem.System", "message": "✅ Loaded regime classification data: 4267 rows", "correlation_id": "-", "session_id": "-", "timestamp": "2025-08-11T21:42:05.070775+00:00"}
{"asctime": "2025-08-11 23:42:05,071", "levelname": "INFO", "name": "AresTradingSystem.System", "message": "   Regimes found: ['BEAR', 'BULL']", "correlation_id": "-", "session_id": "-", "timestamp": "2025-08-11T21:42:05.071736+00:00"}
{"asctime": "2025-08-11 23:42:05,252", "levelname": "INFO", "name": "AresTradingSystem.System", "message": "✅ Successfully split data by regimes: 2 regimes", "correlation_id": "-", "session_id": "-", "timestamp": "2025-08-11T21:42:05.252229+00:00"}
{"asctime": "2025-08-11 23:42:05,295", "levelname": "INFO", "name": "AresTradingSystem.System", "message": "✅ Saved BEAR regime data: 22158 rows -> data/training/regime_data/BEAR.parquet", "correlation_id": "-", "session_id": "-", "timestamp": "2025-08-11T21:42:05.295601+00:00"}
{"asctime": "2025-08-11 23:42:05,549", "levelname": "INFO", "name": "AresTradingSystem.System", "message": "✅ Saved BULL regime data: 233810 rows -> data/training/regime_data/BULL.parquet", "correlation_id": "-", "session_id": "-", "timestamp": "2025-08-11T21:42:05.549389+00:00"}
{"asctime": "2025-08-11 23:42:05,922", "levelname": "INFO", "name": "AresTradingSystem.System", "message": "✅ Created train/validation/test splits:", "correlation_id": "-", "session_id": "-", "timestamp": "2025-08-11T21:42:05.922546+00:00"}
{"asctime": "2025-08-11 23:42:05,922", "levelname": "INFO", "name": "AresTradingSystem.System", "message": "   Train: 179177 rows -> data/training/BINANCE_ETHUSDT_train_data.parquet", "correlation_id": "-", "session_id": "-", "timestamp": "2025-08-11T21:42:05.922886+00:00"}
{"asctime": "2025-08-11 23:42:05,922", "levelname": "INFO", "name": "AresTradingSystem.System", "message": "   Validation: 38395 rows -> data/training/BINANCE_ETHUSDT_validation_data.parquet", "correlation_id": "-", "session_id": "-", "timestamp": "2025-08-11T21:42:05.922996+00:00"}
{"asctime": "2025-08-11 23:42:05,923", "levelname": "INFO", "name": "AresTradingSystem.System", "message": "   Test: 38396 rows -> data/training/BINANCE_ETHUSDT_test_data.parquet", "correlation_id": "-", "session_id": "-", "timestamp": "2025-08-11T21:42:05.923094+00:00"}
{"asctime": "2025-08-11 23:42:05,929", "levelname": "INFO", "name": "AresTradingSystem.System", "message": "📊 Regime Data Splitting Results:", "correlation_id": "-", "session_id": "-", "timestamp": "2025-08-11T21:42:05.929312+00:00"}
{"asctime": "2025-08-11 23:42:05,929", "levelname": "INFO", "name": "AresTradingSystem.System", "message": "   BEAR: 22158 rows (8.7%)", "correlation_id": "-", "session_id": "-", "timestamp": "2025-08-11T21:42:05.929541+00:00"}
{"asctime": "2025-08-11 23:42:05,929", "levelname": "INFO", "name": "AresTradingSystem.System", "message": "   BULL: 233810 rows (91.3%)", "correlation_id": "-", "session_id": "-", "timestamp": "2025-08-11T21:42:05.929647+00:00"}
{"asctime": "2025-08-11 23:42:05,929", "levelname": "INFO", "name": "AresTradingSystem.System", "message": "✅ Regime data splitting completed successfully", "correlation_id": "-", "session_id": "-", "timestamp": "2025-08-11T21:42:05.929748+00:00"}
{"asctime": "2025-08-11 23:42:06,518", "levelname": "INFO", "name": "AresTradingSystem.System.AnalystLabelingFeatureEngineeringStep", "message": "Initializing Analyst Labeling and Feature Engineering Step...", "correlation_id": "-", "session_id": "-", "timestamp": "2025-08-11T21:42:06.518101+00:00"}
{"asctime": "2025-08-11 23:42:06,588", "levelname": "INFO", "name": "AresTradingSystem.System.VectorizedLabellingOrchestrator", "message": "🚀 Initializing vectorized labeling orchestrator...", "correlation_id": "-", "session_id": "-", "timestamp": "2025-08-11T21:42:06.589025+00:00"}
{"asctime": "2025-08-11 23:42:06,621", "levelname": "INFO", "name": "AresTradingSystem.System.VectorizedAdvancedFeatureEngineering", "message": "🚀 Initializing vectorized advanced feature engineering...", "correlation_id": "-", "session_id": "-", "timestamp": "2025-08-11T21:42:06.621809+00:00"}
{"asctime": "2025-08-11 23:42:06,622", "levelname": "INFO", "name": "AresTradingSystem.System.WaveletFeatureCache", "message": "✅ Cache directory initialized: data/wavelet_cache", "correlation_id": "-", "session_id": "-", "timestamp": "2025-08-11T21:42:06.622359+00:00"}
{"asctime": "2025-08-11 23:42:06,622", "levelname": "INFO", "name": "AresTradingSystem.System.VectorizedVolatilityRegimeModel", "message": "🚀 Initializing vectorized volatility regime model...", "correlation_id": "-", "session_id": "-", "timestamp": "2025-08-11T21:42:06.622713+00:00"}
{"asctime": "2025-08-11 23:42:06,622", "levelname": "INFO", "name": "AresTradingSystem.System.VectorizedVolatilityRegimeModel", "message": "✅ Vectorized volatility regime model initialized successfully", "correlation_id": "-", "session_id": "-", "timestamp": "2025-08-11T21:42:06.622858+00:00"}
{"asctime": "2025-08-11 23:42:06,623", "levelname": "INFO", "name": "AresTradingSystem.System.VectorizedCorrelationAnalyzer", "message": "🚀 Initializing vectorized correlation analyzer...", "correlation_id": "-", "session_id": "-", "timestamp": "2025-08-11T21:42:06.623150+00:00"}
{"asctime": "2025-08-11 23:42:06,623", "levelname": "INFO", "name": "AresTradingSystem.System.VectorizedCorrelationAnalyzer", "message": "✅ Vectorized correlation analyzer initialized successfully", "correlation_id": "-", "session_id": "-", "timestamp": "2025-08-11T21:42:06.623265+00:00"}
{"asctime": "2025-08-11 23:42:06,623", "levelname": "INFO", "name": "AresTradingSystem.System.VectorizedMomentumAnalyzer", "message": "🚀 Initializing vectorized momentum analyzer...", "correlation_id": "-", "session_id": "-", "timestamp": "2025-08-11T21:42:06.623436+00:00"}
{"asctime": "2025-08-11 23:42:06,623", "levelname": "INFO", "name": "AresTradingSystem.System.VectorizedMomentumAnalyzer", "message": "✅ Vectorized momentum analyzer initialized successfully", "correlation_id": "-", "session_id": "-", "timestamp": "2025-08-11T21:42:06.623530+00:00"}
{"asctime": "2025-08-11 23:42:06,623", "levelname": "INFO", "name": "AresTradingSystem.System.VectorizedLiquidityAnalyzer", "message": "🚀 Initializing vectorized liquidity analyzer...", "correlation_id": "-", "session_id": "-", "timestamp": "2025-08-11T21:42:06.623635+00:00"}
{"asctime": "2025-08-11 23:42:06,623", "levelname": "INFO", "name": "AresTradingSystem.System.VectorizedLiquidityAnalyzer", "message": "✅ Vectorized liquidity analyzer initialized successfully", "correlation_id": "-", "session_id": "-", "timestamp": "2025-08-11T21:42:06.623722+00:00"}
{"asctime": "2025-08-11 23:42:06,623", "levelname": "INFO", "name": "AresTradingSystem.System.VectorizedCandlestickPatternAnalyzer", "message": "🚀 Initializing vectorized candlestick pattern analyzer...", "correlation_id": "-", "session_id": "-", "timestamp": "2025-08-11T21:42:06.623820+00:00"}
{"asctime": "2025-08-11 23:42:06,623", "levelname": "INFO", "name": "AresTradingSystem.System.VectorizedCandlestickPatternAnalyzer", "message": "✅ Vectorized candlestick pattern analyzer initialized successfully", "correlation_id": "-", "session_id": "-", "timestamp": "2025-08-11T21:42:06.623905+00:00"}
{"asctime": "2025-08-11 23:42:06,623", "levelname": "INFO", "name": "AresTradingSystem.System.VectorizedSRDistanceCalculator", "message": "🚀 Initializing vectorized S/R distance calculator...", "correlation_id": "-", "session_id": "-", "timestamp": "2025-08-11T21:42:06.623993+00:00"}
{"asctime": "2025-08-11 23:42:06,624", "levelname": "INFO", "name": "AresTradingSystem.System.VectorizedSRDistanceCalculator", "message": "✅ Vectorized S/R distance calculator initialized successfully", "correlation_id": "-", "session_id": "-", "timestamp": "2025-08-11T21:42:06.624076+00:00"}
{"asctime": "2025-08-11 23:42:06,624", "levelname": "INFO", "name": "AresTradingSystem.System.VectorizedWaveletTransformAnalyzer", "message": "🚀 Initializing enhanced vectorized wavelet transform analyzer...", "correlation_id": "-", "session_id": "-", "timestamp": "2025-08-11T21:42:06.624199+00:00"}
{"asctime": "2025-08-11 23:42:06,624", "levelname": "INFO", "name": "AresTradingSystem.System.VectorizedWaveletTransformAnalyzer", "message": "✅ Enhanced vectorized wavelet transform analyzer initialized successfully", "correlation_id": "-", "session_id": "-", "timestamp": "2025-08-11T21:42:06.624290+00:00"}
{"asctime": "2025-08-11 23:42:06,624", "levelname": "INFO", "name": "AresTradingSystem.System.VectorizedWaveletTransformAnalyzer", "message": "📊 Configuration: padding_mode=symmetric, cwt_scale_method=logarithmic, max_features_per_wavelet=80", "correlation_id": "-", "session_id": "-", "timestamp": "2025-08-11T21:42:06.624373+00:00"}
{"asctime": "2025-08-11 23:42:06,625", "levelname": "INFO", "name": "AresTradingSystem.System.MetaLabelingSystem", "message": "🚀 Initializing meta-labeling system...", "correlation_id": "-", "session_id": "-", "timestamp": "2025-08-11T21:42:06.625629+00:00"}
{"asctime": "2025-08-11 23:42:06,625", "levelname": "INFO", "name": "AresTradingSystem.System.MetaLabelingSystem", "message": "✅ Meta-labeling system initialized successfully", "correlation_id": "-", "session_id": "-", "timestamp": "2025-08-11T21:42:06.625738+00:00"}
{"asctime": "2025-08-11 23:42:06,625", "levelname": "INFO", "name": "AresTradingSystem.System.VectorizedAdvancedFeatureEngineering", "message": "✅ Vectorized advanced feature engineering initialized successfully", "correlation_id": "-", "session_id": "-", "timestamp": "2025-08-11T21:42:06.625837+00:00"}
