{"asctime": "2025-08-11 18:28:08,585", "levelname": "INFO", "name": "AresGlobal", "message": "================================================================================", "correlation_id": "-", "session_id": "-", "timestamp": "2025-08-11T16:28:08.585662+00:00"}
{"asctime": "2025-08-11 18:28:08,585", "levelname": "INFO", "name": "AresGlobal", "message": "ðŸ“Š SESSION SUMMARY", "correlation_id": "-", "session_id": "-", "timestamp": "2025-08-11T16:28:08.585969+00:00"}
{"asctime": "2025-08-11 18:28:08,586", "levelname": "INFO", "name": "AresGlobal", "message": "Session started: 2025-08-11 18:28:08", "correlation_id": "-", "session_id": "-", "timestamp": "2025-08-11T16:28:08.586057+00:00"}
{"asctime": "2025-08-11 18:28:08,586", "levelname": "INFO", "name": "AresGlobal", "message": "This file contains ALL logs for this session", "correlation_id": "-", "session_id": "-", "timestamp": "2025-08-11T16:28:08.586115+00:00"}
{"asctime": "2025-08-11 18:28:08,586", "levelname": "INFO", "name": "AresGlobal", "message": "================================================================================", "correlation_id": "-", "session_id": "-", "timestamp": "2025-08-11T16:28:08.586174+00:00"}
{"asctime": "2025-08-11 18:28:08,586", "levelname": "INFO", "name": "AresGlobal", "message": "[SYSTEM] ================================================================================", "correlation_id": "-", "session_id": "-", "timestamp": "2025-08-11T16:28:08.586329+00:00"}
{"asctime": "2025-08-11 18:28:08,586", "levelname": "INFO", "name": "AresGlobal", "message": "[SYSTEM] ðŸš€ ARES LAUNCHER STARTED - Mode: INITIALIZATION", "correlation_id": "-", "session_id": "-", "timestamp": "2025-08-11T16:28:08.586444+00:00"}
{"asctime": "2025-08-11 18:28:08,586", "levelname": "INFO", "name": "AresGlobal", "message": "[SYSTEM] Start time: 2025-08-11 18:28:08", "correlation_id": "-", "session_id": "-", "timestamp": "2025-08-11T16:28:08.586558+00:00"}
{"asctime": "2025-08-11 18:28:08,586", "levelname": "INFO", "name": "AresGlobal", "message": "[SYSTEM] Log directory: log", "correlation_id": "-", "session_id": "-", "timestamp": "2025-08-11T16:28:08.586662+00:00"}
{"asctime": "2025-08-11 18:28:08,586", "levelname": "INFO", "name": "AresGlobal", "message": "[SYSTEM] ================================================================================", "correlation_id": "-", "session_id": "-", "timestamp": "2025-08-11T16:28:08.586764+00:00"}
{"asctime": "2025-08-11 18:28:08,586", "levelname": "INFO", "name": "AresGlobal.AresLauncher", "message": "================================================================================", "correlation_id": "-", "session_id": "-", "timestamp": "2025-08-11T16:28:08.586816+00:00"}
{"asctime": "2025-08-11 18:28:08,586", "levelname": "INFO", "name": "AresGlobal.AresLauncher", "message": "ðŸš€ ARES COMPREHENSIVE LAUNCHER", "correlation_id": "-", "session_id": "-", "timestamp": "2025-08-11T16:28:08.586868+00:00"}
{"asctime": "2025-08-11 18:28:08,586", "levelname": "INFO", "name": "AresGlobal.AresLauncher", "message": "================================================================================", "correlation_id": "-", "session_id": "-", "timestamp": "2025-08-11T16:28:08.586923+00:00"}
{"asctime": "2025-08-11 18:28:08,586", "levelname": "INFO", "name": "AresGlobal.AresLauncher", "message": "Start time: 2025-08-11 18:28:08", "correlation_id": "-", "session_id": "-", "timestamp": "2025-08-11T16:28:08.586980+00:00"}
{"asctime": "2025-08-11 18:28:08,587", "levelname": "INFO", "name": "AresGlobal.AresLauncher", "message": "Log directory: log", "correlation_id": "-", "session_id": "-", "timestamp": "2025-08-11T16:28:08.587031+00:00"}
{"asctime": "2025-08-11 18:28:08,587", "levelname": "INFO", "name": "AresGlobal.AresLauncher", "message": "Log level: INFO", "correlation_id": "-", "session_id": "-", "timestamp": "2025-08-11T16:28:08.587083+00:00"}
{"asctime": "2025-08-11 18:28:08,587", "levelname": "INFO", "name": "AresGlobal.AresLauncher", "message": "Global log file: ares_global_20250811_182808.log", "correlation_id": "-", "session_id": "-", "timestamp": "2025-08-11T16:28:08.587138+00:00"}
{"asctime": "2025-08-11 18:28:08,587", "levelname": "INFO", "name": "AresGlobal.AresLauncher", "message": "================================================================================", "correlation_id": "-", "session_id": "-", "timestamp": "2025-08-11T16:28:08.587195+00:00"}
{"asctime": "2025-08-11 18:28:08,587", "levelname": "INFO", "name": "AresGlobal", "message": "[SYSTEM] ================================================================================", "correlation_id": "-", "session_id": "-", "timestamp": "2025-08-11T16:28:08.587355+00:00"}
{"asctime": "2025-08-11 18:28:08,587", "levelname": "INFO", "name": "AresGlobal", "message": "[SYSTEM] ðŸš€ ARES LAUNCHER STARTED - Mode: blank - Symbol: ETHUSDT - Exchange: BINANCE", "correlation_id": "-", "session_id": "-", "timestamp": "2025-08-11T16:28:08.587470+00:00"}
{"asctime": "2025-08-11 18:28:08,587", "levelname": "INFO", "name": "AresGlobal", "message": "[SYSTEM] Start time: 2025-08-11 18:28:08", "correlation_id": "-", "session_id": "-", "timestamp": "2025-08-11T16:28:08.587582+00:00"}
{"asctime": "2025-08-11 18:28:08,587", "levelname": "INFO", "name": "AresGlobal", "message": "[SYSTEM] Log directory: log", "correlation_id": "-", "session_id": "-", "timestamp": "2025-08-11T16:28:08.587741+00:00"}
{"asctime": "2025-08-11 18:28:08,587", "levelname": "INFO", "name": "AresGlobal", "message": "[SYSTEM] ================================================================================", "correlation_id": "-", "session_id": "-", "timestamp": "2025-08-11T16:28:08.587839+00:00"}
{"asctime": "2025-08-11 18:28:08,587", "levelname": "INFO", "name": "AresGlobal.AresLauncher", "message": "ðŸš€ Running enhanced 16-step training pipeline for ETHUSDT on BINANCE", "correlation_id": "-", "session_id": "-", "timestamp": "2025-08-11T16:28:08.587986+00:00"}
{"asctime": "2025-08-11 18:28:08,588", "levelname": "INFO", "name": "AresGlobal.AresLauncher", "message": "Starting from step: step4_analyst_labeling_feature_engineering", "correlation_id": "-", "session_id": "-", "timestamp": "2025-08-11T16:28:08.588061+00:00"}
{"asctime": "2025-08-11 18:28:08,588", "levelname": "INFO", "name": "AresGlobal.AresLauncher", "message": "ðŸ§ª BLANK TRAINING MODE: Set BLANK_TRAINING_MODE=1 for step-based training", "correlation_id": "-", "session_id": "-", "timestamp": "2025-08-11T16:28:08.588119+00:00"}
{"asctime": "2025-08-11 18:28:08,589", "levelname": "INFO", "name": "AresGlobal.ProgressManager", "message": "Initialized ProgressManager for ETHUSDT on BINANCE", "correlation_id": "-", "session_id": "-", "timestamp": "2025-08-11T16:28:08.589741+00:00"}
{"asctime": "2025-08-11 18:28:08,590", "levelname": "INFO", "name": "AresGlobal.ProgressManager", "message": "Progress directory: data/training/progress/BINANCE_ETHUSDT", "correlation_id": "-", "session_id": "-", "timestamp": "2025-08-11T16:28:08.590094+00:00"}
{"asctime": "2025-08-11 18:28:08,590", "levelname": "INFO", "name": "AresGlobal.StepOrchestrator", "message": "Initialized StepOrchestrator for ETHUSDT on BINANCE", "correlation_id": "-", "session_id": "-", "timestamp": "2025-08-11T16:28:08.590361+00:00"}
{"asctime": "2025-08-11 18:28:08,590", "levelname": "INFO", "name": "AresGlobal.StepOrchestrator", "message": "ðŸš€ Starting execution from step: step4_analyst_labeling_feature_engineering", "correlation_id": "-", "session_id": "-", "timestamp": "2025-08-11T16:28:08.590752+00:00"}
{"asctime": "2025-08-11 18:28:15,861", "levelname": "INFO", "name": "AresGlobal.EnhancedTrainingManager", "message": "Loaded optimization configuration", "correlation_id": "-", "session_id": "-", "timestamp": "2025-08-11T16:28:15.861219+00:00"}
{"asctime": "2025-08-11 18:28:15,861", "levelname": "INFO", "name": "AresGlobal.EnhancedTrainingManagerOptimized", "message": "Loaded optimization configuration", "correlation_id": "-", "session_id": "-", "timestamp": "2025-08-11T16:28:15.861548+00:00"}
{"asctime": "2025-08-11 18:28:15,861", "levelname": "INFO", "name": "AresGlobal.EnhancedTrainingManager", "message": "ðŸš€ Initializing Enhanced Training Manager...", "correlation_id": "-", "session_id": "-", "timestamp": "2025-08-11T16:28:15.861626+00:00"}
{"asctime": "2025-08-11 18:28:15,861", "levelname": "INFO", "name": "AresGlobal.EnhancedTrainingManager", "message": "ðŸ“Š Blank training mode: True", "correlation_id": "-", "session_id": "-", "timestamp": "2025-08-11T16:28:15.861706+00:00"}
{"asctime": "2025-08-11 18:28:15,861", "levelname": "INFO", "name": "AresGlobal.EnhancedTrainingManager", "message": "ðŸ”§ Max trials: 200", "correlation_id": "-", "session_id": "-", "timestamp": "2025-08-11T16:28:15.861769+00:00"}
{"asctime": "2025-08-11 18:28:15,861", "levelname": "INFO", "name": "AresGlobal.EnhancedTrainingManager", "message": "ðŸ”§ N trials: 100", "correlation_id": "-", "session_id": "-", "timestamp": "2025-08-11T16:28:15.861829+00:00"}
{"asctime": "2025-08-11 18:28:15,861", "levelname": "INFO", "name": "AresGlobal.EnhancedTrainingManager", "message": "ðŸ“ˆ Lookback days: 180", "correlation_id": "-", "session_id": "-", "timestamp": "2025-08-11T16:28:15.861887+00:00"}
{"asctime": "2025-08-11 18:28:15,861", "levelname": "INFO", "name": "AresGlobal.EnhancedTrainingManager", "message": "ðŸš€ Computational optimization: True", "correlation_id": "-", "session_id": "-", "timestamp": "2025-08-11T16:28:15.861943+00:00"}
{"asctime": "2025-08-11 18:28:15,862", "levelname": "INFO", "name": "AresGlobal.EnhancedTrainingManager", "message": "ðŸ“Š Resource Analysis:", "correlation_id": "-", "session_id": "-", "timestamp": "2025-08-11T16:28:15.862033+00:00"}
{"asctime": "2025-08-11 18:28:15,862", "levelname": "INFO", "name": "AresGlobal.EnhancedTrainingManager", "message": "   ðŸ’¾ System Memory: 16.0 GB", "correlation_id": "-", "session_id": "-", "timestamp": "2025-08-11T16:28:15.862093+00:00"}
{"asctime": "2025-08-11 18:28:15,862", "levelname": "INFO", "name": "AresGlobal.EnhancedTrainingManager", "message": "   ðŸ–¥ï¸ CPU Cores: 8", "correlation_id": "-", "session_id": "-", "timestamp": "2025-08-11T16:28:15.862148+00:00"}
{"asctime": "2025-08-11 18:28:15,862", "levelname": "INFO", "name": "AresGlobal.EnhancedTrainingManager", "message": "   ðŸ“ˆ Estimated Memory Usage: 4.0 GB", "correlation_id": "-", "session_id": "-", "timestamp": "2025-08-11T16:28:15.862204+00:00"}
{"asctime": "2025-08-11 18:28:15,862", "levelname": "INFO", "name": "AresGlobal.EnhancedTrainingManager", "message": "   â±ï¸ Estimated Time: 90 minutes (1.5 hours)", "correlation_id": "-", "session_id": "-", "timestamp": "2025-08-11T16:28:15.862259+00:00"}
{"asctime": "2025-08-11 18:28:15,862", "levelname": "INFO", "name": "AresGlobal.EnhancedTrainingManager", "message": "   ðŸ¤– Models to Train: 4", "correlation_id": "-", "session_id": "-", "timestamp": "2025-08-11T16:28:15.862317+00:00"}
{"asctime": "2025-08-11 18:28:15,862", "levelname": "INFO", "name": "AresGlobal.EnhancedTrainingManager", "message": "   ðŸ”§ Optimization Trials: 50", "correlation_id": "-", "session_id": "-", "timestamp": "2025-08-11T16:28:15.862371+00:00"}
{"asctime": "2025-08-11 18:28:15,862", "levelname": "INFO", "name": "AresGlobal.EnhancedTrainingManager", "message": "ðŸ“‹ Step-by-Step Time Estimates:", "correlation_id": "-", "session_id": "-", "timestamp": "2025-08-11T16:28:15.862425+00:00"}
{"asctime": "2025-08-11 18:28:15,862", "levelname": "INFO", "name": "AresGlobal.EnhancedTrainingManager", "message": "   step1_data_collection: 5 min (4.1%)", "correlation_id": "-", "session_id": "-", "timestamp": "2025-08-11T16:28:15.862483+00:00"}
{"asctime": "2025-08-11 18:28:15,862", "levelname": "INFO", "name": "AresGlobal.EnhancedTrainingManager", "message": "   step2_market_regime_classification: 3 min (2.4%)", "correlation_id": "-", "session_id": "-", "timestamp": "2025-08-11T16:28:15.862539+00:00"}
{"asctime": "2025-08-11 18:28:15,862", "levelname": "INFO", "name": "AresGlobal.EnhancedTrainingManager", "message": "   step3_regime_data_splitting: 2 min (1.6%)", "correlation_id": "-", "session_id": "-", "timestamp": "2025-08-11T16:28:15.862593+00:00"}
{"asctime": "2025-08-11 18:28:15,862", "levelname": "INFO", "name": "AresGlobal.EnhancedTrainingManager", "message": "   step4_analyst_labeling_feature_engineering: 15 min (12.2%)", "correlation_id": "-", "session_id": "-", "timestamp": "2025-08-11T16:28:15.862646+00:00"}
{"asctime": "2025-08-11 18:28:15,862", "levelname": "INFO", "name": "AresGlobal.EnhancedTrainingManager", "message": "   step5_analyst_specialist_training: 10 min (8.1%)", "correlation_id": "-", "session_id": "-", "timestamp": "2025-08-11T16:28:15.862704+00:00"}
{"asctime": "2025-08-11 18:28:15,862", "levelname": "INFO", "name": "AresGlobal.EnhancedTrainingManager", "message": "   step6_analyst_enhancement: 8 min (6.5%)", "correlation_id": "-", "session_id": "-", "timestamp": "2025-08-11T16:28:15.862757+00:00"}
{"asctime": "2025-08-11 18:28:15,862", "levelname": "INFO", "name": "AresGlobal.EnhancedTrainingManager", "message": "   step7_analyst_ensemble_creation: 12 min (9.8%)", "correlation_id": "-", "session_id": "-", "timestamp": "2025-08-11T16:28:15.862809+00:00"}
{"asctime": "2025-08-11 18:28:15,862", "levelname": "INFO", "name": "AresGlobal.EnhancedTrainingManager", "message": "   step8_tactician_labeling: 5 min (4.1%)", "correlation_id": "-", "session_id": "-", "timestamp": "2025-08-11T16:28:15.862862+00:00"}
{"asctime": "2025-08-11 18:28:15,862", "levelname": "INFO", "name": "AresGlobal.EnhancedTrainingManager", "message": "   step9_tactician_specialist_training: 10 min (8.1%)", "correlation_id": "-", "session_id": "-", "timestamp": "2025-08-11T16:28:15.862914+00:00"}
{"asctime": "2025-08-11 18:28:15,862", "levelname": "INFO", "name": "AresGlobal.EnhancedTrainingManager", "message": "   step10_tactician_ensemble_creation: 12 min (9.8%)", "correlation_id": "-", "session_id": "-", "timestamp": "2025-08-11T16:28:15.862969+00:00"}
{"asctime": "2025-08-11 18:28:15,863", "levelname": "INFO", "name": "AresGlobal.EnhancedTrainingManager", "message": "   step11_confidence_calibration: 3 min (2.4%)", "correlation_id": "-", "session_id": "-", "timestamp": "2025-08-11T16:28:15.863022+00:00"}
{"asctime": "2025-08-11 18:28:15,863", "levelname": "INFO", "name": "AresGlobal.EnhancedTrainingManager", "message": "   step12_final_parameters_optimization: 15 min (12.2%)", "correlation_id": "-", "session_id": "-", "timestamp": "2025-08-11T16:28:15.863073+00:00"}
{"asctime": "2025-08-11 18:28:15,863", "levelname": "INFO", "name": "AresGlobal.EnhancedTrainingManager", "message": "   step13_walk_forward_validation: 8 min (6.5%)", "correlation_id": "-", "session_id": "-", "timestamp": "2025-08-11T16:28:15.863125+00:00"}
{"asctime": "2025-08-11 18:28:15,863", "levelname": "INFO", "name": "AresGlobal.EnhancedTrainingManager", "message": "   step14_monte_carlo_validation: 8 min (6.5%)", "correlation_id": "-", "session_id": "-", "timestamp": "2025-08-11T16:28:15.863177+00:00"}
{"asctime": "2025-08-11 18:28:15,863", "levelname": "INFO", "name": "AresGlobal.EnhancedTrainingManager", "message": "   step15_ab_testing: 5 min (4.1%)", "correlation_id": "-", "session_id": "-", "timestamp": "2025-08-11T16:28:15.863228+00:00"}
{"asctime": "2025-08-11 18:28:15,863", "levelname": "INFO", "name": "AresGlobal.EnhancedTrainingManager", "message": "   step16_saving: 2 min (1.6%)", "correlation_id": "-", "session_id": "-", "timestamp": "2025-08-11T16:28:15.863280+00:00"}
{"asctime": "2025-08-11 18:28:15,863", "levelname": "INFO", "name": "AresGlobal.EnhancedTrainingManager", "message": "ðŸ’¡ Recommendations:", "correlation_id": "-", "session_id": "-", "timestamp": "2025-08-11T16:28:15.863330+00:00"}
{"asctime": "2025-08-11 18:28:15,863", "levelname": "INFO", "name": "AresGlobal.EnhancedTrainingManager", "message": "   âœ… Blank training mode is suitable for your system", "correlation_id": "-", "session_id": "-", "timestamp": "2025-08-11T16:28:15.863387+00:00"}
{"asctime": "2025-08-11 18:28:15,863", "levelname": "INFO", "name": "AresGlobal.EnhancedTrainingManager", "message": "ðŸš€ Initializing computational optimization components...", "correlation_id": "-", "session_id": "-", "timestamp": "2025-08-11T16:28:15.863443+00:00"}
{"asctime": "2025-08-11 18:28:15,863", "levelname": "INFO", "name": "AresGlobal.ComputationalOptimizationManager", "message": "Computational Optimization Manager initialized", "correlation_id": "-", "session_id": "-", "timestamp": "2025-08-11T16:28:15.863641+00:00"}
{"asctime": "2025-08-11 18:28:15,863", "levelname": "INFO", "name": "AresGlobal.EnhancedTrainingManager", "message": "âœ… Computational optimization components initialized successfully", "correlation_id": "-", "session_id": "-", "timestamp": "2025-08-11T16:28:15.863715+00:00"}
{"asctime": "2025-08-11 18:28:15,863", "levelname": "INFO", "name": "AresGlobal.EnhancedTrainingManager", "message": "âœ… Enhanced Training Manager initialized successfully", "correlation_id": "-", "session_id": "-", "timestamp": "2025-08-11T16:28:15.863773+00:00"}
{"asctime": "2025-08-11 18:28:15,863", "levelname": "INFO", "name": "AresGlobal.StepOrchestrator", "message": "âœ… Enhanced training manager setup successfully", "correlation_id": "-", "session_id": "-", "timestamp": "2025-08-11T16:28:15.863832+00:00"}
{"asctime": "2025-08-11 18:28:15,863", "levelname": "INFO", "name": "AresGlobal.EnhancedTrainingManager", "message": "================================================================================", "correlation_id": "-", "session_id": "-", "timestamp": "2025-08-11T16:28:15.863887+00:00"}
{"asctime": "2025-08-11 18:28:15,863", "levelname": "INFO", "name": "AresGlobal.EnhancedTrainingManager", "message": "ðŸš€ COMPREHENSIVE 16-STEP ENHANCED TRAINING PIPELINE START", "correlation_id": "-", "session_id": "-", "timestamp": "2025-08-11T16:28:15.863979+00:00"}
{"asctime": "2025-08-11 18:28:15,864", "levelname": "INFO", "name": "AresGlobal.EnhancedTrainingManager", "message": "================================================================================", "correlation_id": "-", "session_id": "-", "timestamp": "2025-08-11T16:28:15.864034+00:00"}
{"asctime": "2025-08-11 18:28:15,864", "levelname": "INFO", "name": "AresGlobal.EnhancedTrainingManager", "message": "ðŸ“… Started at: 2025-08-11 18:28:15", "correlation_id": "-", "session_id": "-", "timestamp": "2025-08-11T16:28:15.864093+00:00"}
{"asctime": "2025-08-11 18:28:15,864", "levelname": "INFO", "name": "AresGlobal.EnhancedTrainingManager", "message": "ðŸŽ¯ Symbol: ETHUSDT", "correlation_id": "-", "session_id": "-", "timestamp": "2025-08-11T16:28:15.864150+00:00"}
{"asctime": "2025-08-11 18:28:15,864", "levelname": "INFO", "name": "AresGlobal.EnhancedTrainingManager", "message": "ðŸ¢ Exchange: BINANCE", "correlation_id": "-", "session_id": "-", "timestamp": "2025-08-11T16:28:15.864204+00:00"}
{"asctime": "2025-08-11 18:28:15,864", "levelname": "INFO", "name": "AresGlobal.EnhancedTrainingManager", "message": "ðŸ“Š Training Mode: N/A", "correlation_id": "-", "session_id": "-", "timestamp": "2025-08-11T16:28:15.864257+00:00"}
{"asctime": "2025-08-11 18:28:15,864", "levelname": "INFO", "name": "AresGlobal.EnhancedTrainingManager", "message": "ðŸ“ˆ Lookback Days: 180", "correlation_id": "-", "session_id": "-", "timestamp": "2025-08-11T16:28:15.864309+00:00"}
{"asctime": "2025-08-11 18:28:15,864", "levelname": "INFO", "name": "AresGlobal.EnhancedTrainingManager", "message": "ðŸ”§ Blank Training Mode: True", "correlation_id": "-", "session_id": "-", "timestamp": "2025-08-11T16:28:15.864361+00:00"}
{"asctime": "2025-08-11 18:28:15,864", "levelname": "INFO", "name": "AresGlobal.EnhancedTrainingManager", "message": "ðŸ”§ Max Trials: 200", "correlation_id": "-", "session_id": "-", "timestamp": "2025-08-11T16:28:15.864413+00:00"}
{"asctime": "2025-08-11 18:28:15,864", "levelname": "INFO", "name": "AresGlobal.EnhancedTrainingManager", "message": "ðŸ”§ N Trials: 100", "correlation_id": "-", "session_id": "-", "timestamp": "2025-08-11T16:28:15.864465+00:00"}
{"asctime": "2025-08-11 18:28:15,864", "levelname": "INFO", "name": "AresGlobal.EnhancedTrainingManager", "message": "ðŸš€ Initializing optimized tools...", "correlation_id": "-", "session_id": "-", "timestamp": "2025-08-11T16:28:15.864522+00:00"}
{"asctime": "2025-08-11 18:28:15,864", "levelname": "INFO", "name": "AresGlobal.EnhancedTrainingManagerOptimized", "message": "ðŸš€ Initializing Enhanced Training Manager with Optimizations...", "correlation_id": "-", "session_id": "-", "timestamp": "2025-08-11T16:28:15.864577+00:00"}
{"asctime": "2025-08-11 18:28:15,872", "levelname": "INFO", "name": "AresGlobal.EnhancedTrainingManagerOptimized", "message": "âœ… Parallel backtester initialized with 8 workers", "correlation_id": "-", "session_id": "-", "timestamp": "2025-08-11T16:28:15.873196+00:00"}
{"asctime": "2025-08-11 18:28:15,874", "levelname": "INFO", "name": "AresGlobal.EnhancedTrainingManagerOptimized", "message": "âœ… All optimization components initialized successfully", "correlation_id": "-", "session_id": "-", "timestamp": "2025-08-11T16:28:15.874098+00:00"}
{"asctime": "2025-08-11 18:28:15,874", "levelname": "INFO", "name": "AresGlobal.EnhancedTrainingManager", "message": "   âœ… Optimized training manager initialized", "correlation_id": "-", "session_id": "-", "timestamp": "2025-08-11T16:28:15.874267+00:00"}
{"asctime": "2025-08-11 18:28:15,874", "levelname": "INFO", "name": "AresGlobal.EnhancedTrainingManager", "message": "   âœ… Streaming processor initialized", "correlation_id": "-", "session_id": "-", "timestamp": "2025-08-11T16:28:15.874346+00:00"}
{"asctime": "2025-08-11 18:28:15,874", "levelname": "INFO", "name": "AresGlobal.EnhancedTrainingManager", "message": "   âœ… Parallel backtester initialized with 8 workers", "correlation_id": "-", "session_id": "-", "timestamp": "2025-08-11T16:28:15.874705+00:00"}
{"asctime": "2025-08-11 18:28:15,874", "levelname": "INFO", "name": "AresGlobal.EnhancedTrainingManager", "message": "   âœ… Adaptive sampler initialized", "correlation_id": "-", "session_id": "-", "timestamp": "2025-08-11T16:28:15.874887+00:00"}
{"asctime": "2025-08-11 18:28:15,874", "levelname": "INFO", "name": "AresGlobal.EnhancedTrainingManager", "message": "   âœ… Incremental trainer initialized", "correlation_id": "-", "session_id": "-", "timestamp": "2025-08-11T16:28:15.874948+00:00"}
{"asctime": "2025-08-11 18:28:15,875", "levelname": "INFO", "name": "AresGlobal.EnhancedTrainingManager", "message": "âœ… All optimized tools initialized successfully", "correlation_id": "-", "session_id": "-", "timestamp": "2025-08-11T16:28:15.875004+00:00"}
{"asctime": "2025-08-11 18:28:15,875", "levelname": "INFO", "name": "AresGlobal.EnhancedTrainingManager", "message": "ðŸ“‚ Checkpoint loaded: step4_analyst_labeling_feature_engineering from checkpoints/BINANCE/ETHUSDT/1m/training_progress.json", "correlation_id": "-", "session_id": "-", "timestamp": "2025-08-11T16:28:15.875544+00:00"}
{"asctime": "2025-08-11 18:28:15,875", "levelname": "INFO", "name": "AresGlobal.EnhancedTrainingManager", "message": "ðŸ”„ Resuming from checkpoint...", "correlation_id": "-", "session_id": "-", "timestamp": "2025-08-11T16:28:15.875844+00:00"}
{"asctime": "2025-08-11 18:28:15,876", "levelname": "INFO", "name": "AresGlobal.EnhancedTrainingManager", "message": "ðŸ“‚ Last completed step: step4_analyst_labeling_feature_engineering", "correlation_id": "-", "session_id": "-", "timestamp": "2025-08-11T16:28:15.876185+00:00"}
{"asctime": "2025-08-11 18:28:15,876", "levelname": "INFO", "name": "AresGlobal.EnhancedTrainingManager", "message": "====================================================================================================", "correlation_id": "-", "session_id": "-", "timestamp": "2025-08-11T16:28:15.876251+00:00"}
{"asctime": "2025-08-11 18:28:15,876", "levelname": "INFO", "name": "AresGlobal.EnhancedTrainingManager", "message": "ðŸš€ COMPREHENSIVE TRAINING PIPELINE START", "correlation_id": "-", "session_id": "-", "timestamp": "2025-08-11T16:28:15.876318+00:00"}
{"asctime": "2025-08-11 18:28:15,876", "levelname": "INFO", "name": "AresGlobal.EnhancedTrainingManager", "message": "====================================================================================================", "correlation_id": "-", "session_id": "-", "timestamp": "2025-08-11T16:28:15.876375+00:00"}
{"asctime": "2025-08-11 18:28:15,876", "levelname": "INFO", "name": "AresGlobal.EnhancedTrainingManager", "message": "ðŸ“… Started at: 2025-08-11 18:28:15", "correlation_id": "-", "session_id": "-", "timestamp": "2025-08-11T16:28:15.876447+00:00"}
{"asctime": "2025-08-11 18:28:15,876", "levelname": "INFO", "name": "AresGlobal.EnhancedTrainingManager", "message": "ðŸŽ¯ Symbol: ETHUSDT", "correlation_id": "-", "session_id": "-", "timestamp": "2025-08-11T16:28:15.876587+00:00"}
{"asctime": "2025-08-11 18:28:15,876", "levelname": "INFO", "name": "AresGlobal.EnhancedTrainingManager", "message": "ðŸ¢ Exchange: BINANCE", "correlation_id": "-", "session_id": "-", "timestamp": "2025-08-11T16:28:15.876645+00:00"}
{"asctime": "2025-08-11 18:28:15,876", "levelname": "INFO", "name": "AresGlobal.EnhancedTrainingManager", "message": "ðŸ“Š Timeframe: 1m", "correlation_id": "-", "session_id": "-", "timestamp": "2025-08-11T16:28:15.876699+00:00"}
{"asctime": "2025-08-11 18:28:15,876", "levelname": "INFO", "name": "AresGlobal.EnhancedTrainingManager", "message": "ðŸ§  Training Mode: Blank", "correlation_id": "-", "session_id": "-", "timestamp": "2025-08-11T16:28:15.876756+00:00"}
{"asctime": "2025-08-11 18:28:15,876", "levelname": "INFO", "name": "AresGlobal.EnhancedTrainingManager", "message": "ðŸ”§ Max Trials: 200", "correlation_id": "-", "session_id": "-", "timestamp": "2025-08-11T16:28:15.876811+00:00"}
{"asctime": "2025-08-11 18:28:15,876", "levelname": "INFO", "name": "AresGlobal.EnhancedTrainingManager", "message": "ðŸ“ˆ Lookback Days: 180", "correlation_id": "-", "session_id": "-", "timestamp": "2025-08-11T16:28:15.876865+00:00"}
{"asctime": "2025-08-11 18:28:15,876", "levelname": "INFO", "name": "AresGlobal.EnhancedTrainingManager", "message": "ðŸ’¾ Memory Optimization: Enabled", "correlation_id": "-", "session_id": "-", "timestamp": "2025-08-11T16:28:15.876920+00:00"}
{"asctime": "2025-08-11 18:28:15,876", "levelname": "INFO", "name": "AresGlobal.EnhancedTrainingManager", "message": "ðŸš€ Starting from step: step4_analyst_labeling_feature_engineering", "correlation_id": "-", "session_id": "-", "timestamp": "2025-08-11T16:28:15.876977+00:00"}
{"asctime": "2025-08-11 18:28:15,877", "levelname": "INFO", "name": "AresGlobal.EnhancedTrainingManager", "message": "====================================================================================================", "correlation_id": "-", "session_id": "-", "timestamp": "2025-08-11T16:28:15.877032+00:00"}
{"asctime": "2025-08-11 18:28:15,877", "levelname": "INFO", "name": "AresGlobal.EnhancedTrainingManager", "message": "â­ï¸  Skipping Step 1: Data Collection (using pre-consolidated data)", "correlation_id": "-", "session_id": "-", "timestamp": "2025-08-11T16:28:15.877088+00:00"}
{"asctime": "2025-08-11 18:28:15,877", "levelname": "INFO", "name": "AresGlobal.EnhancedTrainingManager", "message": "ðŸŽ­ STEP 2: Market Regime Classification...", "correlation_id": "-", "session_id": "-", "timestamp": "2025-08-11T16:28:15.877209+00:00"}
{"asctime": "2025-08-11 18:28:15,877", "levelname": "INFO", "name": "AresGlobal.EnhancedTrainingManager", "message": "   ðŸ§  Analyzing market regimes and volatility patterns...", "correlation_id": "-", "session_id": "-", "timestamp": "2025-08-11T16:28:15.877298+00:00"}
{"asctime": "2025-08-11 18:28:19,982", "levelname": "INFO", "name": "AresGlobal.EnhancedTrainingManager", "message": "ðŸ” Running validator for step2_market_regime_classification", "correlation_id": "-", "session_id": "-", "timestamp": "2025-08-11T16:28:19.982216+00:00"}
{"asctime": "2025-08-11 18:28:19,982", "levelname": "INFO", "name": "AresGlobal.ValidatorOrchestrator", "message": "ðŸ” Running validator for step2_market_regime_classification", "correlation_id": "-", "session_id": "-", "timestamp": "2025-08-11T16:28:19.982342+00:00"}
{"asctime": "2025-08-11 18:28:19,983", "levelname": "INFO", "name": "AresGlobal.Step2MarketRegimeClassificationValidator", "message": "ðŸ” Validating market regime classification step...", "correlation_id": "-", "session_id": "-", "timestamp": "2025-08-11T16:28:19.983421+00:00"}
{"asctime": "2025-08-11 18:28:19,983", "levelname": "INFO", "name": "AresGlobal.Step2MarketRegimeClassificationValidator", "message": "ðŸ”§ read_parquet start path=data/training/BINANCE_ETHUSDT_regime_classification.parquet columns=regime_columns", "correlation_id": "-", "session_id": "-", "timestamp": "2025-08-11T16:28:19.983853+00:00"}
{"asctime": "2025-08-11 18:28:19,986", "levelname": "INFO", "name": "AresGlobal.Step2MarketRegimeClassificationValidator", "message": "âœ… read_parquet ok path=data/training/BINANCE_ETHUSDT_regime_classification.parquet elapsed=0.003s size=14.5KB", "correlation_id": "-", "session_id": "-", "timestamp": "2025-08-11T16:28:19.986618+00:00"}
{"asctime": "2025-08-11 18:28:19,987", "levelname": "WARNING", "name": "AresGlobal.Step2MarketRegimeClassificationValidator", "message": "âš ï¸ Some regimes have very low frequency: 0.022 (min allowed: 0.030) - continuing with caution", "correlation_id": "-", "session_id": "-", "timestamp": "2025-08-11T16:28:19.987016+00:00"}
{"asctime": "2025-08-11 18:28:19,987", "levelname": "WARNING", "name": "AresGlobal.Step2MarketRegimeClassificationValidator", "message": "âš ï¸ Regime distribution validation failed - continuing with caution", "correlation_id": "-", "session_id": "-", "timestamp": "2025-08-11T16:28:19.987103+00:00"}
{"asctime": "2025-08-11 18:28:19,987", "levelname": "INFO", "name": "AresGlobal.Step2MarketRegimeClassificationValidator", "message": "âœ… Regime transitions validation passed: 6 transition types", "correlation_id": "-", "session_id": "-", "timestamp": "2025-08-11T16:28:19.987355+00:00"}
{"asctime": "2025-08-11 18:28:19,987", "levelname": "INFO", "name": "AresGlobal.Step2MarketRegimeClassificationValidator", "message": "âœ… Market regime classification validation passed (critical checks only)", "correlation_id": "-", "session_id": "-", "timestamp": "2025-08-11T16:28:19.987443+00:00"}
{"asctime": "2025-08-11 18:28:19,987", "levelname": "INFO", "name": "AresGlobal.ValidatorOrchestrator", "message": "âœ… Validator for step2_market_regime_classification completed: True", "correlation_id": "-", "session_id": "-", "timestamp": "2025-08-11T16:28:19.987532+00:00"}
{"asctime": "2025-08-11 18:28:19,987", "levelname": "INFO", "name": "AresGlobal.EnhancedTrainingManager", "message": "âœ… step2_market_regime_classification validation passed", "correlation_id": "-", "session_id": "-", "timestamp": "2025-08-11T16:28:19.987666+00:00"}
{"asctime": "2025-08-11 18:28:20,089", "levelname": "INFO", "name": "AresGlobal.EnhancedTrainingManager", "message": "âœ… Step 2: Market Regime Classification: completed successfully in 4.11s", "correlation_id": "-", "session_id": "-", "timestamp": "2025-08-11T16:28:20.089688+00:00"}
{"asctime": "2025-08-11 18:28:20,089", "levelname": "INFO", "name": "AresGlobal.EnhancedTrainingManager", "message": "ðŸ’¾ Process Memory: 380.6 MB | CPU: 0.0%", "correlation_id": "-", "session_id": "-", "timestamp": "2025-08-11T16:28:20.089922+00:00"}
{"asctime": "2025-08-11 18:28:20,090", "levelname": "INFO", "name": "AresGlobal.EnhancedTrainingManager", "message": "ðŸ–¥ï¸ System Memory: 74.9% | Available: 4.0 GB", "correlation_id": "-", "session_id": "-", "timestamp": "2025-08-11T16:28:20.090100+00:00"}
{"asctime": "2025-08-11 18:28:20,090", "levelname": "INFO", "name": "AresGlobal.EnhancedTrainingManager", "message": "ðŸ“Š Progress: 6.2% (1/16)", "correlation_id": "-", "session_id": "-", "timestamp": "2025-08-11T16:28:20.090206+00:00"}
{"asctime": "2025-08-11 18:28:20,091", "levelname": "INFO", "name": "AresGlobal.EnhancedTrainingManager", "message": "ðŸ’¾ Checkpoint saved: step2_market_regime_classification -> checkpoints/BINANCE/ETHUSDT/1m/training_progress.json", "correlation_id": "-", "session_id": "-", "timestamp": "2025-08-11T16:28:20.091141+00:00"}
{"asctime": "2025-08-11 18:28:20,091", "levelname": "INFO", "name": "AresGlobal.EnhancedTrainingManager", "message": "ðŸ“Š STEP 3: Regime Data Splitting...", "correlation_id": "-", "session_id": "-", "timestamp": "2025-08-11T16:28:20.091247+00:00"}
{"asctime": "2025-08-11 18:28:20,091", "levelname": "INFO", "name": "AresGlobal.EnhancedTrainingManager", "message": "   ðŸ“ˆ Splitting data by market regimes for specialized training...", "correlation_id": "-", "session_id": "-", "timestamp": "2025-08-11T16:28:20.091322+00:00"}
{"asctime": "2025-08-11 18:28:51,693", "levelname": "INFO", "name": "AresGlobal.EnhancedTrainingManager", "message": "ðŸ” Running validator for step3_regime_data_splitting", "correlation_id": "-", "session_id": "-", "timestamp": "2025-08-11T16:28:51.693465+00:00"}
{"asctime": "2025-08-11 18:28:51,693", "levelname": "INFO", "name": "AresGlobal.ValidatorOrchestrator", "message": "ðŸ” Running validator for step3_regime_data_splitting", "correlation_id": "-", "session_id": "-", "timestamp": "2025-08-11T16:28:51.693943+00:00"}
{"asctime": "2025-08-11 18:28:51,694", "levelname": "INFO", "name": "AresGlobal.Step3RegimeDataSplittingValidator", "message": "ðŸ”§ BLANK MODE: Using very lenient validation parameters", "correlation_id": "-", "session_id": "-", "timestamp": "2025-08-11T16:28:51.694885+00:00"}
{"asctime": "2025-08-11 18:28:51,694", "levelname": "INFO", "name": "AresGlobal.Step3RegimeDataSplittingValidator", "message": "ðŸ” Validating regime data splitting step...", "correlation_id": "-", "session_id": "-", "timestamp": "2025-08-11T16:28:51.694971+00:00"}
{"asctime": "2025-08-11 18:28:51,695", "levelname": "INFO", "name": "AresGlobal.Step3RegimeDataSplittingValidator", "message": "âœ… All split data files exist", "correlation_id": "-", "session_id": "-", "timestamp": "2025-08-11T16:28:51.695060+00:00"}
{"asctime": "2025-08-11 18:28:51,695", "levelname": "INFO", "name": "AresGlobal.Step3RegimeDataSplittingValidator", "message": "ðŸ”§ read_parquet start path=data/training/BINANCE_ETHUSDT_train_data.parquet", "correlation_id": "-", "session_id": "-", "timestamp": "2025-08-11T16:28:51.695631+00:00"}
{"asctime": "2025-08-11 18:28:51,714", "levelname": "INFO", "name": "AresGlobal.Step3RegimeDataSplittingValidator", "message": "âœ… read_parquet ok path=data/training/BINANCE_ETHUSDT_train_data.parquet elapsed=0.018s size=11.3MB", "correlation_id": "-", "session_id": "-", "timestamp": "2025-08-11T16:28:51.714107+00:00"}
{"asctime": "2025-08-11 18:28:51,891", "levelname": "INFO", "name": "AresGlobal.Step3RegimeDataSplittingValidator", "message": "âœ… train split characteristics validation passed", "correlation_id": "-", "session_id": "-", "timestamp": "2025-08-11T16:28:51.891264+00:00"}
{"asctime": "2025-08-11 18:28:51,891", "levelname": "INFO", "name": "AresGlobal.Step3RegimeDataSplittingValidator", "message": "ðŸ”§ read_parquet start path=data/training/BINANCE_ETHUSDT_validation_data.parquet", "correlation_id": "-", "session_id": "-", "timestamp": "2025-08-11T16:28:51.891529+00:00"}
{"asctime": "2025-08-11 18:28:51,898", "levelname": "INFO", "name": "AresGlobal.Step3RegimeDataSplittingValidator", "message": "âœ… read_parquet ok path=data/training/BINANCE_ETHUSDT_validation_data.parquet elapsed=0.007s size=2.6MB", "correlation_id": "-", "session_id": "-", "timestamp": "2025-08-11T16:28:51.898985+00:00"}
{"asctime": "2025-08-11 18:28:51,939", "levelname": "INFO", "name": "AresGlobal.Step3RegimeDataSplittingValidator", "message": "âœ… validation split characteristics validation passed", "correlation_id": "-", "session_id": "-", "timestamp": "2025-08-11T16:28:51.939990+00:00"}
{"asctime": "2025-08-11 18:28:51,940", "levelname": "INFO", "name": "AresGlobal.Step3RegimeDataSplittingValidator", "message": "ðŸ”§ read_parquet start path=data/training/BINANCE_ETHUSDT_test_data.parquet", "correlation_id": "-", "session_id": "-", "timestamp": "2025-08-11T16:28:51.940312+00:00"}
{"asctime": "2025-08-11 18:28:51,945", "levelname": "INFO", "name": "AresGlobal.Step3RegimeDataSplittingValidator", "message": "âœ… read_parquet ok path=data/training/BINANCE_ETHUSDT_test_data.parquet elapsed=0.005s size=2.2MB", "correlation_id": "-", "session_id": "-", "timestamp": "2025-08-11T16:28:51.945560+00:00"}
{"asctime": "2025-08-11 18:28:51,986", "levelname": "INFO", "name": "AresGlobal.Step3RegimeDataSplittingValidator", "message": "âœ… test split characteristics validation passed", "correlation_id": "-", "session_id": "-", "timestamp": "2025-08-11T16:28:51.986743+00:00"}
{"asctime": "2025-08-11 18:28:51,987", "levelname": "INFO", "name": "AresGlobal.Step3RegimeDataSplittingValidator", "message": "âœ… All split data quality validation passed", "correlation_id": "-", "session_id": "-", "timestamp": "2025-08-11T16:28:51.987024+00:00"}
{"asctime": "2025-08-11 18:28:51,991", "levelname": "INFO", "name": "AresGlobal.Step3RegimeDataSplittingValidator", "message": "âœ… train proportion 0.799 within expected range (0.500-0.850)", "correlation_id": "-", "session_id": "-", "timestamp": "2025-08-11T16:28:51.991311+00:00"}
{"asctime": "2025-08-11 18:28:51,991", "levelname": "INFO", "name": "AresGlobal.Step3RegimeDataSplittingValidator", "message": "âœ… validation proportion 0.100 within expected range (0.050-0.250)", "correlation_id": "-", "session_id": "-", "timestamp": "2025-08-11T16:28:51.991488+00:00"}
{"asctime": "2025-08-11 18:28:51,991", "levelname": "INFO", "name": "AresGlobal.Step3RegimeDataSplittingValidator", "message": "âœ… test proportion 0.101 within expected range (0.050-0.250)", "correlation_id": "-", "session_id": "-", "timestamp": "2025-08-11T16:28:51.991555+00:00"}
{"asctime": "2025-08-11 18:28:51,991", "levelname": "INFO", "name": "AresGlobal.Step3RegimeDataSplittingValidator", "message": "âœ… Split proportions validation passed: {'train': 0.7991587802313355, 'validation': 0.09989484752891693, 'test': 0.10094637223974763}", "correlation_id": "-", "session_id": "-", "timestamp": "2025-08-11T16:28:51.991623+00:00"}
{"asctime": "2025-08-11 18:28:51,992", "levelname": "INFO", "name": "AresGlobal.Step3RegimeDataSplittingValidator", "message": "âœ… Split consistency validation passed", "correlation_id": "-", "session_id": "-", "timestamp": "2025-08-11T16:28:51.992714+00:00"}
{"asctime": "2025-08-11 18:28:51,993", "levelname": "INFO", "name": "AresGlobal.Step3RegimeDataSplittingValidator", "message": "âœ… Regime data splitting validation passed (critical checks only)", "correlation_id": "-", "session_id": "-", "timestamp": "2025-08-11T16:28:51.993800+00:00"}
{"asctime": "2025-08-11 18:28:51,993", "levelname": "INFO", "name": "AresGlobal.ValidatorOrchestrator", "message": "âœ… Validator for step3_regime_data_splitting completed: True", "correlation_id": "-", "session_id": "-", "timestamp": "2025-08-11T16:28:51.993905+00:00"}
{"asctime": "2025-08-11 18:28:51,994", "levelname": "INFO", "name": "AresGlobal.EnhancedTrainingManager", "message": "âœ… step3_regime_data_splitting validation passed", "correlation_id": "-", "session_id": "-", "timestamp": "2025-08-11T16:28:51.994018+00:00"}
{"asctime": "2025-08-11 18:28:52,099", "levelname": "INFO", "name": "AresGlobal.EnhancedTrainingManager", "message": "âœ… Step 3: Regime Data Splitting: completed successfully in 31.90s", "correlation_id": "-", "session_id": "-", "timestamp": "2025-08-11T16:28:52.099358+00:00"}
{"asctime": "2025-08-11 18:28:52,099", "levelname": "INFO", "name": "AresGlobal.EnhancedTrainingManager", "message": "ðŸ’¾ Process Memory: 985.6 MB | CPU: 0.0%", "correlation_id": "-", "session_id": "-", "timestamp": "2025-08-11T16:28:52.099569+00:00"}
{"asctime": "2025-08-11 18:28:52,099", "levelname": "INFO", "name": "AresGlobal.EnhancedTrainingManager", "message": "ðŸ–¥ï¸ System Memory: 76.0% | Available: 3.8 GB", "correlation_id": "-", "session_id": "-", "timestamp": "2025-08-11T16:28:52.099663+00:00"}
{"asctime": "2025-08-11 18:28:52,099", "levelname": "INFO", "name": "AresGlobal.EnhancedTrainingManager", "message": "ðŸ“Š Progress: 12.5% (2/16)", "correlation_id": "-", "session_id": "-", "timestamp": "2025-08-11T16:28:52.099751+00:00"}
{"asctime": "2025-08-11 18:28:52,100", "levelname": "INFO", "name": "AresGlobal.EnhancedTrainingManager", "message": "ðŸ’¾ Checkpoint saved: step3_regime_data_splitting -> checkpoints/BINANCE/ETHUSDT/1m/training_progress.json", "correlation_id": "-", "session_id": "-", "timestamp": "2025-08-11T16:28:52.100471+00:00"}
{"asctime": "2025-08-11 18:28:52,100", "levelname": "INFO", "name": "AresGlobal.EnhancedTrainingManager", "message": "ðŸ§  STEP 4: Analyst Labeling & Feature Engineering...", "correlation_id": "-", "session_id": "-", "timestamp": "2025-08-11T16:28:52.100622+00:00"}
{"asctime": "2025-08-11 18:28:52,147", "levelname": "INFO", "name": "AresGlobal.OptimizedTripleBarrierLabeling", "message": "ðŸ”– Triple barrier labeling configured for binary classification (BUY/SELL only)", "correlation_id": "-", "session_id": "-", "timestamp": "2025-08-11T16:28:52.147747+00:00"}
{"asctime": "2025-08-11 18:28:52,147", "levelname": "INFO", "name": "AresGlobal.OptimizedTripleBarrierLabeling", "message": "   â†’ HOLD samples will be automatically filtered out", "correlation_id": "-", "session_id": "-", "timestamp": "2025-08-11T16:28:52.147976+00:00"}
{"asctime": "2025-08-11 18:28:52,148", "levelname": "INFO", "name": "AresGlobal.OptimizedTripleBarrierLabeling", "message": "   â†’ This addresses label imbalance issues", "correlation_id": "-", "session_id": "-", "timestamp": "2025-08-11T16:28:52.148097+00:00"}
{"asctime": "2025-08-11 18:31:51,925", "levelname": "INFO", "name": "AresGlobal.OptimizedTripleBarrierLabeling", "message": "Applying triple barrier labeling | cols=['timestamp', 'open', 'high', 'low', 'close', 'volume', 'year', 'month', 'day', 'exchange', 'symbol', 'timeframe', 'trade_volume', 'trade_count', 'avg_price', 'min_price', 'max_price', 'volume_ratio', 'funding_rate', 'close_returns', 'open_returns', 'high_returns', 'low_returns', 'close_log', 'open_log', 'high_log', 'low_log', 'close_detrended'] shape=(256281, 28)", "correlation_id": "-", "session_id": "-", "timestamp": "2025-08-11T16:31:51.925107+00:00"}
{"asctime": "2025-08-11 18:31:52,637", "levelname": "INFO", "name": "AresGlobal.OptimizedTripleBarrierLabeling", "message": "ðŸ“Š Label distribution after filtering:", "correlation_id": "-", "session_id": "-", "timestamp": "2025-08-11T16:31:52.637412+00:00"}
{"asctime": "2025-08-11 18:31:52,637", "levelname": "INFO", "name": "AresGlobal.OptimizedTripleBarrierLabeling", "message": "   BUY (1): 89455 samples", "correlation_id": "-", "session_id": "-", "timestamp": "2025-08-11T16:31:52.637886+00:00"}
{"asctime": "2025-08-11 18:31:52,638", "levelname": "INFO", "name": "AresGlobal.OptimizedTripleBarrierLabeling", "message": "   SELL (-1): 166726 samples", "correlation_id": "-", "session_id": "-", "timestamp": "2025-08-11T16:31:52.638089+00:00"}
{"asctime": "2025-08-11 18:31:52,638", "levelname": "INFO", "name": "AresGlobal.OptimizedTripleBarrierLabeling", "message": "   HOLD (0): 100 samples (removed)", "correlation_id": "-", "session_id": "-", "timestamp": "2025-08-11T16:31:52.638155+00:00"}
{"asctime": "2025-08-11 18:31:52,638", "levelname": "INFO", "name": "AresGlobal.OptimizedTripleBarrierLabeling", "message": "   Total samples: 256181 (from 256281)", "correlation_id": "-", "session_id": "-", "timestamp": "2025-08-11T16:31:52.638218+00:00"}
{"asctime": "2025-08-11 18:31:52,638", "levelname": "INFO", "name": "AresGlobal.OptimizedTripleBarrierLabeling", "message": "   Filtering ratio: 0.0% HOLD samples removed", "correlation_id": "-", "session_id": "-", "timestamp": "2025-08-11T16:31:52.638279+00:00"}
{"asctime": "2025-08-11 18:31:52,643", "levelname": "INFO", "name": "AresGlobal.OptimizedTripleBarrierLabeling", "message": "", "correlation_id": "-", "session_id": "-", "msg": "Triple-barrier labeling diagnostics", "distribution": {"-1": "166726", "1": "89455"}, "long_nextbar_agree": 0.7655, "short_nextbar_agree": 0.6374, "overall_nextbar_agree": 0.6821, "timestamp": "2025-08-11T16:31:52.643394+00:00"}
