2025-08-07 22:06:07,999 - AresTradingSystem - INFO - ✅ Enhanced Logger initialization completed successfully
2025-08-07 22:06:08,000 - AresTradingSystem.System.VectorizedLabellingOrchestrator - INFO - 🚀 Initializing vectorized labeling orchestrator...
2025-08-07 22:06:08,019 - AresTradingSystem.System.VectorizedAdvancedFeatureEngineering - INFO - 🚀 Initializing vectorized advanced feature engineering...
2025-08-07 22:06:08,020 - AresTradingSystem.System.WaveletFeatureCache - INFO - ✅ Cache directory initialized: data/wavelet_cache
2025-08-07 22:06:08,020 - AresTradingSystem.System.VectorizedVolatilityRegimeModel - INFO - 🚀 Initializing vectorized volatility regime model...
2025-08-07 22:06:08,020 - AresTradingSystem.System.VectorizedVolatilityRegimeModel - INFO - ✅ Vectorized volatility regime model initialized successfully
2025-08-07 22:06:08,020 - AresTradingSystem.System.VectorizedCorrelationAnalyzer - INFO - 🚀 Initializing vectorized correlation analyzer...
2025-08-07 22:06:08,020 - AresTradingSystem.System.VectorizedCorrelationAnalyzer - INFO - ✅ Vectorized correlation analyzer initialized successfully
2025-08-07 22:06:08,020 - AresTradingSystem.System.VectorizedMomentumAnalyzer - INFO - 🚀 Initializing vectorized momentum analyzer...
2025-08-07 22:06:08,020 - AresTradingSystem.System.VectorizedMomentumAnalyzer - INFO - ✅ Vectorized momentum analyzer initialized successfully
2025-08-07 22:06:08,020 - AresTradingSystem.System.VectorizedLiquidityAnalyzer - INFO - 🚀 Initializing vectorized liquidity analyzer...
2025-08-07 22:06:08,020 - AresTradingSystem.System.VectorizedLiquidityAnalyzer - INFO - ✅ Vectorized liquidity analyzer initialized successfully
2025-08-07 22:06:08,020 - AresTradingSystem.System.VectorizedCandlestickPatternAnalyzer - INFO - 🚀 Initializing vectorized candlestick pattern analyzer...
2025-08-07 22:06:08,020 - AresTradingSystem.System.VectorizedCandlestickPatternAnalyzer - INFO - ✅ Vectorized candlestick pattern analyzer initialized successfully
2025-08-07 22:06:08,020 - AresTradingSystem.System.VectorizedSRDistanceCalculator - INFO - 🚀 Initializing vectorized S/R distance calculator...
2025-08-07 22:06:08,020 - AresTradingSystem.System.VectorizedSRDistanceCalculator - INFO - ✅ Vectorized S/R distance calculator initialized successfully
2025-08-07 22:06:08,020 - AresTradingSystem.System.VectorizedWaveletTransformAnalyzer - INFO - 🚀 Initializing enhanced vectorized wavelet transform analyzer...
2025-08-07 22:06:08,020 - AresTradingSystem.System.VectorizedWaveletTransformAnalyzer - INFO - ✅ Enhanced vectorized wavelet transform analyzer initialized successfully
2025-08-07 22:06:08,020 - AresTradingSystem.System.VectorizedWaveletTransformAnalyzer - INFO - 📊 Configuration: padding_mode=symmetric, cwt_scale_method=logarithmic, max_features_per_wavelet=20
2025-08-07 22:06:08,021 - AresTradingSystem.System.MetaLabelingSystem - INFO - 🚀 Initializing meta-labeling system...
2025-08-07 22:06:08,021 - AresTradingSystem.System.MetaLabelingSystem - INFO - ✅ Meta-labeling system initialized successfully
2025-08-07 22:06:08,021 - AresTradingSystem.System.VectorizedAdvancedFeatureEngineering - INFO - ✅ Vectorized advanced feature engineering initialized successfully
2025-08-07 22:06:12,846 - AresTradingSystem.System.VectorizedLabellingOrchestrator - WARNING - Failed to initialize autoencoder generator: 'AutoencoderConfig' object has no attribute 'logger'
2025-08-07 22:06:12,846 - AresTradingSystem.System.VectorizedLabellingOrchestrator - INFO - ✅ Vectorized labeling orchestrator initialized successfully
2025-08-07 22:06:12,847 - AresTradingSystem.System.VectorizedLabellingOrchestrator - INFO - 🎯 Starting comprehensive vectorized labeling and feature engineering orchestration...
2025-08-07 22:06:12,847 - AresTradingSystem.System.VectorizedLabellingOrchestrator - INFO - 📊 Performing stationary checks...
2025-08-07 22:06:12,847 - AresTradingSystem.System.VectorizedStationarityChecker - INFO - 🔍 Checking data stationarity...
2025-08-07 22:06:12,848 - AresTradingSystem.System.VectorizedStationarityChecker - INFO - 📈 Transforming price data for stationarity...
2025-08-07 22:06:12,851 - AresTradingSystem.System.VectorizedStationarityChecker - INFO - 📊 Transforming volume data for stationarity...
2025-08-07 22:06:12,852 - AresTradingSystem.System.VectorizedLabellingOrchestrator - INFO - 🔧 Generating advanced features...
2025-08-07 22:06:12,858 - AresTradingSystem.System.VectorizedCandlestickPatternAnalyzer - INFO - ✅ Analyzed 8 pattern categories using vectorized operations
2025-08-07 22:06:12,861 - AresTradingSystem.System.VectorizedAdvancedFeatureEngineering - INFO - 🔧 Computing wavelet features (not cached): 048e476f9fe83b4a
2025-08-07 22:06:12,862 - AresTradingSystem.System.VectorizedWaveletTransformAnalyzer - INFO - 🔍 Performing enhanced wavelet transform analysis...
2025-08-07 22:06:12,863 - AresTradingSystem.System.VectorizedWaveletTransformAnalyzer - WARNING - Insufficient data for price_diff with db1
2025-08-07 22:06:12,863 - AresTradingSystem.System.VectorizedWaveletTransformAnalyzer - WARNING - Insufficient data for returns with db1
2025-08-07 22:06:12,863 - AresTradingSystem.System.VectorizedWaveletTransformAnalyzer - WARNING - Insufficient data for log_returns with db1
2025-08-07 22:06:12,863 - AresTradingSystem.System.VectorizedWaveletTransformAnalyzer - WARNING - Insufficient data for price_diff_2 with db1
2025-08-07 22:06:12,863 - AresTradingSystem.System.VectorizedWaveletTransformAnalyzer - WARNING - Insufficient data for detrended with db1
2025-08-07 22:06:12,863 - AresTradingSystem.System.VectorizedWaveletTransformAnalyzer - WARNING - Insufficient data for close with db1
2025-08-07 22:06:12,863 - AresTradingSystem.System.VectorizedWaveletTransformAnalyzer - WARNING - Insufficient data for price_diff with db2
2025-08-07 22:06:12,863 - AresTradingSystem.System.VectorizedWaveletTransformAnalyzer - WARNING - Insufficient data for returns with db2
2025-08-07 22:06:12,863 - AresTradingSystem.System.VectorizedWaveletTransformAnalyzer - WARNING - Insufficient data for log_returns with db2
2025-08-07 22:06:12,864 - AresTradingSystem.System.VectorizedWaveletTransformAnalyzer - WARNING - Insufficient data for price_diff_2 with db2
2025-08-07 22:06:12,864 - AresTradingSystem.System.VectorizedWaveletTransformAnalyzer - WARNING - Insufficient data for detrended with db2
2025-08-07 22:06:12,864 - AresTradingSystem.System.VectorizedWaveletTransformAnalyzer - WARNING - Insufficient data for close with db2
2025-08-07 22:06:12,864 - AresTradingSystem.System.VectorizedWaveletTransformAnalyzer - WARNING - Insufficient data for price_diff with db4
2025-08-07 22:06:12,864 - AresTradingSystem.System.VectorizedWaveletTransformAnalyzer - WARNING - Insufficient data for returns with db4
2025-08-07 22:06:12,864 - AresTradingSystem.System.VectorizedWaveletTransformAnalyzer - WARNING - Insufficient data for log_returns with db4
2025-08-07 22:06:12,864 - AresTradingSystem.System.VectorizedWaveletTransformAnalyzer - WARNING - Insufficient data for price_diff_2 with db4
2025-08-07 22:06:12,864 - AresTradingSystem.System.VectorizedWaveletTransformAnalyzer - WARNING - Insufficient data for detrended with db4
2025-08-07 22:06:12,864 - AresTradingSystem.System.VectorizedWaveletTransformAnalyzer - WARNING - Insufficient data for close with db4
2025-08-07 22:06:12,864 - AresTradingSystem.System.VectorizedWaveletTransformAnalyzer - INFO - ✅ Enhanced wavelet transform analysis completed in 0.00s. Generated 0 features from 0 candidates. Feature selection: variance
2025-08-07 22:06:12,864 - AresTradingSystem.System.VectorizedWaveletTransformAnalyzer - INFO - 📊 Wavelet Analysis Performance Metrics:
2025-08-07 22:06:12,864 - AresTradingSystem.System.VectorizedWaveletTransformAnalyzer - INFO -   dwt: 0.001s (0 features)
2025-08-07 22:06:12,864 - AresTradingSystem.System.VectorizedWaveletTransformAnalyzer - INFO -   cwt: 0.000s (0 features)
2025-08-07 22:06:12,864 - AresTradingSystem.System.VectorizedWaveletTransformAnalyzer - INFO -   packet: 0.000s (0 features)
2025-08-07 22:06:12,864 - AresTradingSystem.System.VectorizedWaveletTransformAnalyzer - INFO -   denoising: 0.000s (0 features)
2025-08-07 22:06:12,865 - AresTradingSystem.System.VectorizedWaveletTransformAnalyzer - INFO -   multi_wavelet: 0.000s (0 features)
2025-08-07 22:06:12,865 - AresTradingSystem.System.VectorizedWaveletTransformAnalyzer - INFO -   volume_wavelet: 0.000s (0 features)
2025-08-07 22:06:12,865 - AresTradingSystem.System.VectorizedWaveletTransformAnalyzer - INFO -   Total: 0.002s (0 features)
2025-08-07 22:06:12,865 - AresTradingSystem.System.VectorizedWaveletTransformAnalyzer - INFO -   Performance: 0.0 features/second
2025-08-07 22:06:12,921 - AresTradingSystem.System.WaveletFeatureCache - INFO - ✅ Cached 0 wavelet features to data/wavelet_cache/features/048e476f9fe83b4a_features.parquet
2025-08-07 22:06:12,921 - AresTradingSystem.System.VectorizedAdvancedFeatureEngineering - INFO - 💾 Cached wavelet features: 048e476f9fe83b4a
2025-08-07 22:06:12,924 - AresTradingSystem.System.VectorizedAdvancedFeatureEngineering - ERROR - Error calculating adaptive ATR: Cannot convert non-finite values (NA or inf) to integer
2025-08-07 22:06:12,925 - AresTradingSystem.System.VectorizedAdvancedFeatureEngineering - ERROR - Error calculating adaptive Bollinger Bands: Cannot convert non-finite values (NA or inf) to integer
2025-08-07 22:06:12,926 - AresTradingSystem.System.VectorizedAdvancedFeatureEngineering - ERROR - Error resampling data: Only valid with DatetimeIndex, TimedeltaIndex or PeriodIndex, but got an instance of 'RangeIndex'
2025-08-07 22:06:12,926 - AresTradingSystem.System.VectorizedAdvancedFeatureEngineering - ERROR - Error resampling data: Only valid with DatetimeIndex, TimedeltaIndex or PeriodIndex, but got an instance of 'RangeIndex'
2025-08-07 22:06:12,928 - AresTradingSystem.System.VectorizedAdvancedFeatureEngineering - ERROR - Error resampling data: Only valid with DatetimeIndex, TimedeltaIndex or PeriodIndex, but got an instance of 'RangeIndex'
2025-08-07 22:06:12,928 - AresTradingSystem.System.VectorizedAdvancedFeatureEngineering - ERROR - Error resampling data: Only valid with DatetimeIndex, TimedeltaIndex or PeriodIndex, but got an instance of 'RangeIndex'
2025-08-07 22:06:12,929 - AresTradingSystem.System.VectorizedAdvancedFeatureEngineering - ERROR - Error resampling data: Only valid with DatetimeIndex, TimedeltaIndex or PeriodIndex, but got an instance of 'RangeIndex'
2025-08-07 22:06:12,929 - AresTradingSystem.System.VectorizedAdvancedFeatureEngineering - ERROR - Error resampling data: Only valid with DatetimeIndex, TimedeltaIndex or PeriodIndex, but got an instance of 'RangeIndex'
2025-08-07 22:06:12,930 - AresTradingSystem.System.VectorizedAdvancedFeatureEngineering - ERROR - Error resampling data: Only valid with DatetimeIndex, TimedeltaIndex or PeriodIndex, but got an instance of 'RangeIndex'
2025-08-07 22:06:12,930 - AresTradingSystem.System.VectorizedAdvancedFeatureEngineering - ERROR - Error resampling data: Only valid with DatetimeIndex, TimedeltaIndex or PeriodIndex, but got an instance of 'RangeIndex'
2025-08-07 22:06:12,931 - AresTradingSystem.System.VectorizedAdvancedFeatureEngineering - INFO - ✅ Engineered 68 vectorized advanced features including wavelet transforms
2025-08-07 22:06:12,931 - AresTradingSystem.System.VectorizedLabellingOrchestrator - INFO - 🏷️ Applying triple barrier labeling...
2025-08-07 22:06:12,932 - AresTradingSystem.System.VectorizedLabellingOrchestrator - INFO - 🔗 Combining features and labels...
2025-08-07 22:06:12,934 - AresTradingSystem.System.VectorizedLabellingOrchestrator - INFO - 🎯 Performing feature selection...
2025-08-07 22:06:12,934 - AresTradingSystem.System.VectorizedFeatureSelector - INFO - 🎯 Starting feature selection...
2025-08-07 22:06:12,935 - AresTradingSystem.System.VectorizedFeatureSelector - INFO - Removed 61 constant features
2025-08-07 22:06:12,938 - AresTradingSystem.System.VectorizedFeatureSelector - INFO - Removed 12 highly correlated features
2025-08-07 22:06:12,943 - AresTradingSystem.System.VectorizedFeatureSelector - ERROR - Error removing high VIF features: Shape of passed values is (5, 1), indices imply (5, 10)
2025-08-07 22:06:12,944 - AresTradingSystem.System.VectorizedFeatureSelector - INFO - Removed 0 high VIF features
2025-08-07 22:06:12,951 - AresTradingSystem.System.VectorizedFeatureSelector - ERROR - Error removing low mutual information features: Shape of passed values is (5, 1), indices imply (5, 10)
2025-08-07 22:06:12,951 - AresTradingSystem.System.VectorizedFeatureSelector - INFO - Removed 0 low mutual information features
2025-08-07 22:06:13,041 - AresTradingSystem.System.VectorizedFeatureSelector - INFO - Removed 10 low importance features
2025-08-07 22:06:13,041 - AresTradingSystem.System.VectorizedFeatureSelector - INFO - Feature selection completed. Final features: 0
2025-08-07 22:06:13,041 - AresTradingSystem.System.VectorizedLabellingOrchestrator - INFO - 📏 Normalizing data...
2025-08-07 22:06:13,041 - AresTradingSystem.System.VectorizedDataNormalizer - INFO - 📏 Normalizing data...
2025-08-07 22:06:13,042 - AresTradingSystem.System.VectorizedDataNormalizer - INFO - ✅ Data normalization completed
2025-08-07 22:06:13,042 - AresTradingSystem.System.VectorizedLabellingOrchestrator - INFO - 🤖 Generating autoencoder features...
2025-08-07 22:06:13,042 - AresTradingSystem.System.VectorizedLabellingOrchestrator - WARNING - Autoencoder generator not available, skipping autoencoder feature generation
2025-08-07 22:06:13,042 - AresTradingSystem.System.VectorizedLabellingOrchestrator - INFO - 🎨 Preparing final data...
2025-08-07 22:06:13,045 - AresTradingSystem.System.VectorizedLabellingOrchestrator - INFO - 💾 Optimizing memory usage...
2025-08-07 22:06:13,048 - AresTradingSystem.System.VectorizedLabellingOrchestrator - INFO - 💾 Saving data as Parquet...
2025-08-07 22:06:13,052 - AresTradingSystem.System.VectorizedLabellingOrchestrator - INFO - 💾 Data saved as Parquet: data/vectorized_features/vectorized_features_20250807_220613.parquet
2025-08-07 22:06:13,052 - AresTradingSystem.System.VectorizedLabellingOrchestrator - INFO - 🎉 Vectorized labeling and feature engineering completed! Final shape: (5, 15)
