{"asctime": "2025-08-11 12:26:36,365", "levelname": "INFO", "name": "AresTradingSystem", "message": "✅ Enhanced Logger initialization completed successfully", "correlation_id": "-", "session_id": "-", "timestamp": "2025-08-11T10:26:36.365564+00:00"}
{"asctime": "2025-08-11 12:26:36,421", "levelname": "INFO", "name": "AresTradingSystem.System.VectorizedAdvancedFeatureEngineering", "message": "🚀 Initializing vectorized advanced feature engineering...", "correlation_id": "-", "session_id": "-", "timestamp": "2025-08-11T10:26:36.421533+00:00"}
{"asctime": "2025-08-11 12:26:36,421", "levelname": "INFO", "name": "AresTradingSystem.System.WaveletFeatureCache", "message": "✅ Cache directory initialized: data/wavelet_cache", "correlation_id": "-", "session_id": "-", "timestamp": "2025-08-11T10:26:36.421857+00:00"}
{"asctime": "2025-08-11 12:26:36,422", "levelname": "INFO", "name": "AresTradingSystem.System.VectorizedVolatilityRegimeModel", "message": "🚀 Initializing vectorized volatility regime model...", "correlation_id": "-", "session_id": "-", "timestamp": "2025-08-11T10:26:36.422014+00:00"}
{"asctime": "2025-08-11 12:26:36,422", "levelname": "INFO", "name": "AresTradingSystem.System.VectorizedVolatilityRegimeModel", "message": "✅ Vectorized volatility regime model initialized successfully", "correlation_id": "-", "session_id": "-", "timestamp": "2025-08-11T10:26:36.422112+00:00"}
{"asctime": "2025-08-11 12:26:36,422", "levelname": "INFO", "name": "AresTradingSystem.System.VectorizedCorrelationAnalyzer", "message": "🚀 Initializing vectorized correlation analyzer...", "correlation_id": "-", "session_id": "-", "timestamp": "2025-08-11T10:26:36.422210+00:00"}
{"asctime": "2025-08-11 12:26:36,422", "levelname": "INFO", "name": "AresTradingSystem.System.VectorizedCorrelationAnalyzer", "message": "✅ Vectorized correlation analyzer initialized successfully", "correlation_id": "-", "session_id": "-", "timestamp": "2025-08-11T10:26:36.422306+00:00"}
{"asctime": "2025-08-11 12:26:36,422", "levelname": "INFO", "name": "AresTradingSystem.System.VectorizedMomentumAnalyzer", "message": "🚀 Initializing vectorized momentum analyzer...", "correlation_id": "-", "session_id": "-", "timestamp": "2025-08-11T10:26:36.422426+00:00"}
{"asctime": "2025-08-11 12:26:36,422", "levelname": "INFO", "name": "AresTradingSystem.System.VectorizedMomentumAnalyzer", "message": "✅ Vectorized momentum analyzer initialized successfully", "correlation_id": "-", "session_id": "-", "timestamp": "2025-08-11T10:26:36.422513+00:00"}
{"asctime": "2025-08-11 12:26:36,422", "levelname": "INFO", "name": "AresTradingSystem.System.VectorizedLiquidityAnalyzer", "message": "🚀 Initializing vectorized liquidity analyzer...", "correlation_id": "-", "session_id": "-", "timestamp": "2025-08-11T10:26:36.422603+00:00"}
{"asctime": "2025-08-11 12:26:36,422", "levelname": "INFO", "name": "AresTradingSystem.System.VectorizedLiquidityAnalyzer", "message": "✅ Vectorized liquidity analyzer initialized successfully", "correlation_id": "-", "session_id": "-", "timestamp": "2025-08-11T10:26:36.422687+00:00"}
{"asctime": "2025-08-11 12:26:36,422", "levelname": "INFO", "name": "AresTradingSystem.System.VectorizedCandlestickPatternAnalyzer", "message": "🚀 Initializing vectorized candlestick pattern analyzer...", "correlation_id": "-", "session_id": "-", "timestamp": "2025-08-11T10:26:36.422776+00:00"}
{"asctime": "2025-08-11 12:26:36,422", "levelname": "INFO", "name": "AresTradingSystem.System.VectorizedCandlestickPatternAnalyzer", "message": "✅ Vectorized candlestick pattern analyzer initialized successfully", "correlation_id": "-", "session_id": "-", "timestamp": "2025-08-11T10:26:36.422946+00:00"}
{"asctime": "2025-08-11 12:26:36,423", "levelname": "INFO", "name": "AresTradingSystem.System.VectorizedSRDistanceCalculator", "message": "🚀 Initializing vectorized S/R distance calculator...", "correlation_id": "-", "session_id": "-", "timestamp": "2025-08-11T10:26:36.423035+00:00"}
{"asctime": "2025-08-11 12:26:36,423", "levelname": "INFO", "name": "AresTradingSystem.System.VectorizedSRDistanceCalculator", "message": "✅ Vectorized S/R distance calculator initialized successfully", "correlation_id": "-", "session_id": "-", "timestamp": "2025-08-11T10:26:36.423117+00:00"}
{"asctime": "2025-08-11 12:26:36,423", "levelname": "INFO", "name": "AresTradingSystem.System.VectorizedWaveletTransformAnalyzer", "message": "🚀 Initializing enhanced vectorized wavelet transform analyzer...", "correlation_id": "-", "session_id": "-", "timestamp": "2025-08-11T10:26:36.423227+00:00"}
{"asctime": "2025-08-11 12:26:36,423", "levelname": "WARNING", "name": "AresTradingSystem.System.VectorizedWaveletTransformAnalyzer", "message": "Invalid feature_selection_method 'wavelet_optimized', using 'variance'", "correlation_id": "-", "session_id": "-", "timestamp": "2025-08-11T10:26:36.423316+00:00"}
{"asctime": "2025-08-11 12:26:36,423", "levelname": "INFO", "name": "AresTradingSystem.System.VectorizedWaveletTransformAnalyzer", "message": "✅ Enhanced vectorized wavelet transform analyzer initialized successfully", "correlation_id": "-", "session_id": "-", "timestamp": "2025-08-11T10:26:36.423400+00:00"}
{"asctime": "2025-08-11 12:26:36,423", "levelname": "INFO", "name": "AresTradingSystem.System.VectorizedWaveletTransformAnalyzer", "message": "📊 Configuration: padding_mode=symmetric, cwt_scale_method=logarithmic, max_features_per_wavelet=50", "correlation_id": "-", "session_id": "-", "timestamp": "2025-08-11T10:26:36.423484+00:00"}
{"asctime": "2025-08-11 12:26:36,424", "levelname": "INFO", "name": "AresTradingSystem.System.MetaLabelingSystem", "message": "🚀 Initializing meta-labeling system...", "correlation_id": "-", "session_id": "-", "timestamp": "2025-08-11T10:26:36.424546+00:00"}
{"asctime": "2025-08-11 12:26:36,424", "levelname": "INFO", "name": "AresTradingSystem.System.MetaLabelingSystem", "message": "✅ Meta-labeling system initialized successfully", "correlation_id": "-", "session_id": "-", "timestamp": "2025-08-11T10:26:36.424816+00:00"}
{"asctime": "2025-08-11 12:26:36,424", "levelname": "INFO", "name": "AresTradingSystem.System.VectorizedAdvancedFeatureEngineering", "message": "✅ Vectorized advanced feature engineering initialized successfully", "correlation_id": "-", "session_id": "-", "timestamp": "2025-08-11T10:26:36.424914+00:00"}
