2025-08-04 21:54:49,490 - AresGlobal - INFO - ================================================================================
2025-08-04 21:54:49,490 - AresGlobal - INFO - 📊 SESSION SUMMARY
2025-08-04 21:54:49,490 - AresGlobal - INFO - Session started: 2025-08-04 21:54:49
2025-08-04 21:54:49,490 - AresGlobal - INFO - Global log file: ares_global_20250804_215449.log
2025-08-04 21:54:49,490 - AresGlobal - INFO - This file contains ALL logs for this session
2025-08-04 21:54:49,490 - AresGlobal - INFO - ================================================================================
2025-08-04 21:54:49,490 - AresGlobal - INFO - [SYSTEM] ================================================================================
2025-08-04 21:54:49,490 - AresGlobal - INFO - [SYSTEM] 🚀 ARES LAUNCHER STARTED - Mode: INITIALIZATION
2025-08-04 21:54:49,490 - AresGlobal - INFO - [SYSTEM] Start time: 2025-08-04 21:54:49
2025-08-04 21:54:49,490 - AresGlobal - INFO - [SYSTEM] Log directory: log
2025-08-04 21:54:49,490 - AresGlobal - INFO - [SYSTEM] ================================================================================
2025-08-04 21:54:49,490 - AresGlobal.AresLauncher - INFO - ================================================================================
2025-08-04 21:54:49,490 - AresGlobal.AresLauncher - INFO - 🚀 ARES COMPREHENSIVE LAUNCHER
2025-08-04 21:54:49,490 - AresGlobal.AresLauncher - INFO - ================================================================================
2025-08-04 21:54:49,490 - AresGlobal.AresLauncher - INFO - Start time: 2025-08-04 21:54:49
2025-08-04 21:54:49,490 - AresGlobal.AresLauncher - INFO - Log directory: log
2025-08-04 21:54:49,490 - AresGlobal.AresLauncher - INFO - Log level: INFO
2025-08-04 21:54:49,491 - AresGlobal.AresLauncher - INFO - Global log file: ares_global_20250804_215449.log
2025-08-04 21:54:49,491 - AresGlobal.AresLauncher - INFO - ================================================================================
2025-08-04 21:54:49,491 - AresGlobal - INFO - [SYSTEM] ================================================================================
2025-08-04 21:54:49,491 - AresGlobal - INFO - [SYSTEM] 🚀 ARES LAUNCHER STARTED - Mode: regime - Symbol: ETHUSDT - Exchange: BINANCE
2025-08-04 21:54:49,491 - AresGlobal - INFO - [SYSTEM] Start time: 2025-08-04 21:54:49
2025-08-04 21:54:49,491 - AresGlobal - INFO - [SYSTEM] Log directory: log
2025-08-04 21:54:49,491 - AresGlobal - INFO - [SYSTEM] ================================================================================
2025-08-04 21:54:49,491 - AresGlobal.AresLauncher - INFO - 🧠 Running regime operations for ETHUSDT on BINANCE
2025-08-04 21:54:49,491 - AresGlobal.AresLauncher - INFO - 📋 Subcommand: train
2025-08-04 21:54:49,491 - AresGlobal.AresLauncher - INFO - 🖥️ GUI mode: False
2025-08-04 21:54:49,491 - AresGlobal.AresLauncher - INFO - ⏰ Start time: 2025-08-04 21:54:49
2025-08-04 21:54:49,491 - AresGlobal.AresLauncher - INFO - 📦 Importing required modules...
2025-08-04 21:54:50,566 - AresGlobal.AresLauncher - INFO - ✅ Modules imported successfully
2025-08-04 21:54:50,566 - AresGlobal.AresLauncher - INFO - 🔧 Initializing unified regime classifier...
2025-08-04 21:54:50,566 - AresGlobal.AresLauncher - INFO - ✅ Unified regime classifier initialized successfully
2025-08-04 21:54:50,566 - AresGlobal.AresLauncher - INFO - 🚀 Starting unified regime classifier training for ETHUSDT on BINANCE (2 years data)...
2025-08-04 21:54:50,566 - AresGlobal.AresLauncher - INFO - 📊 Training configuration:
2025-08-04 21:54:50,566 - AresGlobal.AresLauncher - INFO -    - Symbol: ETHUSDT
2025-08-04 21:54:50,566 - AresGlobal.AresLauncher - INFO -    - Exchange: BINANCE
2025-08-04 21:54:50,566 - AresGlobal.AresLauncher - INFO -    - Lookback years: 2
2025-08-04 21:54:50,566 - AresGlobal.AresLauncher - INFO -    - Target timeframe: 1h
2025-08-04 21:54:50,626 - AresGlobal.UnifiedRegimeClassifier - INFO - 🚀 Training complete unified regime classification system...
2025-08-04 21:54:50,627 - AresGlobal.SRLevelAnalyzer - INFO - Initializing SR Level Analyzer...
2025-08-04 21:54:50,627 - AresGlobal.SRLevelAnalyzer - INFO - SR configuration loaded successfully
2025-08-04 21:54:50,627 - AresGlobal.SRLevelAnalyzer - INFO - Analysis parameters initialized
2025-08-04 21:54:50,627 - AresGlobal.SRLevelAnalyzer - INFO - Configuration validation successful
2025-08-04 21:54:50,627 - AresGlobal.SRLevelAnalyzer - INFO - ✅ SR Level Analyzer initialization completed successfully
2025-08-04 21:54:50,627 - AresGlobal.UnifiedRegimeClassifier - INFO - ✅ SR analyzer initialized successfully
2025-08-04 21:54:50,628 - AresGlobal.CandleAnalyzer - INFO - Initializing Candle Analyzer...
2025-08-04 21:54:50,628 - AresGlobal.CandleAnalyzer - INFO - Candle configuration loaded successfully
2025-08-04 21:54:50,628 - AresGlobal.CandleAnalyzer - INFO - Analysis parameters initialized
2025-08-04 21:54:50,628 - AresGlobal.CandleAnalyzer - INFO - Configuration validation successful
2025-08-04 21:54:50,628 - AresGlobal.CandleAnalyzer - INFO - Analysis parameters initialized
2025-08-04 21:54:50,628 - AresGlobal.CandleAnalyzer - INFO - ✅ Candle Analyzer initialization completed successfully
2025-08-04 21:54:50,628 - AresGlobal.UnifiedRegimeClassifier - INFO - ✅ Candle analyzer initialized successfully
2025-08-04 21:54:50,628 - AresGlobal.UnifiedRegimeClassifier - INFO - 🎯 Step 1: Training HMM-based labeler...
2025-08-04 21:54:50,640 - AresGlobal.UnifiedRegimeClassifier - INFO - Calculated 16 features for 17616 periods
2025-08-04 21:54:51,585 - AresGlobal.UnifiedRegimeClassifier - INFO - State 0: SIDEWAYS (mean_return=-0.0000, mean_vol=0.0028)
2025-08-04 21:54:51,585 - AresGlobal.UnifiedRegimeClassifier - INFO - State 1: BULL (mean_return=0.0001, mean_vol=0.0048)
2025-08-04 21:54:51,586 - AresGlobal.UnifiedRegimeClassifier - INFO - State 2: SIDEWAYS (mean_return=-0.0001, mean_vol=0.0119)
2025-08-04 21:54:51,586 - AresGlobal.UnifiedRegimeClassifier - INFO - State 3: SIDEWAYS (mean_return=0.0000, mean_vol=0.0069)
2025-08-04 21:54:51,586 - AresGlobal.UnifiedRegimeClassifier - INFO - ✅ HMM labeler trained successfully
2025-08-04 21:54:51,586 - AresGlobal.UnifiedRegimeClassifier - INFO - 🎯 Step 2: Training basic regime ensemble...
2025-08-04 21:54:51,597 - AresGlobal.UnifiedRegimeClassifier - INFO - Calculated 16 features for 17616 periods
2025-08-04 21:55:27,893 - AresGlobal.UnifiedRegimeClassifier - INFO - ✅ Basic ensemble trained - Train: 0.997, Test: 0.964
2025-08-04 21:55:27,893 - AresGlobal.UnifiedRegimeClassifier - INFO - 🎯 Step 3: Training advanced regime classifier...
2025-08-04 21:55:27,906 - AresGlobal.UnifiedRegimeClassifier - INFO - Calculated 16 features for 17616 periods
2025-08-04 21:55:28,391 - AresGlobal.UnifiedRegimeClassifier - WARNING - Only 0 special cases found. Using all data.
2025-08-04 21:55:28,726 - AresGlobal.UnifiedRegimeClassifier - INFO - ✅ Advanced classifier trained - Train: 1.000, Test: 1.000
2025-08-04 21:55:28,736 - AresGlobal.UnifiedRegimeClassifier - INFO - HMM model saved to checkpoints/analyst_models/unified_hmm_model_1h.joblib
2025-08-04 21:55:28,762 - AresGlobal.UnifiedRegimeClassifier - INFO - Basic ensemble saved to checkpoints/analyst_models/unified_ensemble_model_1h.joblib
2025-08-04 21:55:28,763 - AresGlobal.UnifiedRegimeClassifier - INFO - Advanced classifier saved to checkpoints/analyst_models/unified_advanced_model_1h.joblib
2025-08-04 21:55:28,763 - AresGlobal.UnifiedRegimeClassifier - INFO - ✅ Complete unified regime classification system trained successfully
2025-08-04 21:55:28,763 - AresGlobal.AresLauncher - INFO - ✅ Unified regime classifier training completed successfully
2025-08-04 21:55:28,769 - AresGlobal - INFO - [SYSTEM] ================================================================================
2025-08-04 21:55:28,769 - AresGlobal - INFO - [SYSTEM] 🛑 ARES LAUNCHER ENDED - Exit code: 0
2025-08-04 21:55:28,770 - AresGlobal - INFO - [SYSTEM] End time: 2025-08-04 21:55:28
2025-08-04 21:55:28,770 - AresGlobal - INFO - [SYSTEM] ================================================================================
2025-08-04 21:55:28,770 - AresGlobal.AresLauncher - INFO - 🧹 Cleaning up processes...
2025-08-04 21:55:28,770 - AresGlobal.AresLauncher - INFO - ✅ Cleanup completed
