{"asctime": "2025-08-11 17:06:35,208", "levelname": "INFO", "name": "AresTradingSystem", "message": "âœ… Enhanced Logger initialization completed successfully", "correlation_id": "-", "session_id": "-", "timestamp": "2025-08-11T15:06:35.208707+00:00"}
{"asctime": "2025-08-11 17:06:35,435", "levelname": "INFO", "name": "AresTradingSystem.System", "message": "Initializing Market Regime Classification Step...", "correlation_id": "-", "session_id": "-", "timestamp": "2025-08-11T15:06:35.435944+00:00"}
{"asctime": "2025-08-11 17:06:35,436", "levelname": "INFO", "name": "AresTradingSystem.System", "message": "Market Regime Classification Step initialized successfully", "correlation_id": "-", "session_id": "-", "timestamp": "2025-08-11T15:06:35.436631+00:00"}
{"asctime": "2025-08-11 17:06:35,436", "levelname": "INFO", "name": "AresTradingSystem.System", "message": "ðŸ”„ Executing Market Regime Classification...", "correlation_id": "-", "session_id": "-", "timestamp": "2025-08-11T15:06:35.436801+00:00"}
{"asctime": "2025-08-11 17:06:35,436", "levelname": "INFO", "name": "AresTradingSystem.System", "message": "Applied NumPy RNG unpickle compatibility shim (URC)", "correlation_id": "-", "session_id": "-", "timestamp": "2025-08-11T15:06:35.436904+00:00"}
{"asctime": "2025-08-11 17:06:35,436", "levelname": "INFO", "name": "AresTradingSystem.System.UnifiedRegimeClassifier", "message": "", "correlation_id": "-", "session_id": "-", "msg": "UnifiedRegimeClassifier configuration", "n_states_configured": 4, "n_states_enforced_min": 4, "min_data_points_default": 1000, "thresholds": {"adx_sideways_threshold": 18, "volatility_threshold": 0.025, "atr_normalized_threshold": 0.035, "volatility_percentile_threshold": 0.8, "bb_width_volatility_threshold": 0.045}, "timestamp": "2025-08-11T15:06:35.436997+00:00"}
{"asctime": "2025-08-11 17:06:35,437", "levelname": "INFO", "name": "AresTradingSystem.System.UnifiedRegimeClassifier", "message": "ðŸ”§ BLANK MODE DETECTED: Using reduced minimum data points (50)", "correlation_id": "-", "session_id": "-", "timestamp": "2025-08-11T15:06:35.437417+00:00"}
{"asctime": "2025-08-11 17:06:35,437", "levelname": "INFO", "name": "AresTradingSystem.System.UnifiedRegimeClassifier", "message": "Initializing UnifiedRegimeClassifier for BINANCE_ETHUSDT", "correlation_id": "-", "session_id": "-", "timestamp": "2025-08-11T15:06:35.437573+00:00"}
{"asctime": "2025-08-11 17:06:35,437", "levelname": "INFO", "name": "AresTradingSystem.System.UnifiedRegimeClassifier", "message": "", "correlation_id": "-", "session_id": "-", "msg": "UnifiedRegimeClassifier model directories", "model_dir": "/Users/remyroche/Documents/Ares/checkpoints/analyst_models", "hmm_model_path": "/Users/remyroche/Documents/Ares/checkpoints/analyst_models/unified_hmm_model_BINANCE_ETHUSDT_1h.joblib", "ensemble_model_path": "/Users/remyroche/Documents/Ares/checkpoints/analyst_models/unified_ensemble_model_BINANCE_ETHUSDT_1h.joblib", "location_model_path": "/Users/remyroche/Documents/Ares/checkpoints/analyst_models/unified_location_model_BINANCE_ETHUSDT_1h.joblib", "hierarchical_model_dir": "/Users/remyroche/Documents/Ares/checkpoints/analyst_models/BINANCE/ETHUSDT/1h", "timestamp": "2025-08-11T15:06:35.437657+00:00"}
{"asctime": "2025-08-11 17:06:35,445", "levelname": "INFO", "name": "AresTradingSystem.System.UnifiedRegimeClassifier", "message": "âœ… Loaded HMM model from /Users/remyroche/Documents/Ares/checkpoints/analyst_models/unified_hmm_model_BINANCE_ETHUSDT_1h.joblib", "correlation_id": "-", "session_id": "-", "timestamp": "2025-08-11T15:06:35.445681+00:00"}
{"asctime": "2025-08-11 17:06:35,569", "levelname": "INFO", "name": "AresTradingSystem.System.UnifiedRegimeClassifier", "message": "âœ… Loaded basic ensemble from /Users/remyroche/Documents/Ares/checkpoints/analyst_models/unified_ensemble_model_BINANCE_ETHUSDT_1h.joblib", "correlation_id": "-", "session_id": "-", "timestamp": "2025-08-11T15:06:35.569435+00:00"}
{"asctime": "2025-08-11 17:06:35,588", "levelname": "INFO", "name": "AresTradingSystem.System.UnifiedRegimeClassifier", "message": "âœ… Loaded existing models successfully", "correlation_id": "-", "session_id": "-", "timestamp": "2025-08-11T15:06:35.588144+00:00"}
{"asctime": "2025-08-11 17:06:35,623", "levelname": "INFO", "name": "AresTradingSystem.System.UnifiedRegimeClassifier", "message": "âœ… UnifiedRegimeClassifier initialized successfully", "correlation_id": "-", "session_id": "-", "timestamp": "2025-08-11T15:06:35.623388+00:00"}
{"asctime": "2025-08-11 17:06:35,629", "levelname": "INFO", "name": "AresTradingSystem.System", "message": "ðŸ”„ Loading data using unified data loader...", "correlation_id": "-", "session_id": "-", "timestamp": "2025-08-11T15:06:35.629740+00:00"}
{"asctime": "2025-08-11 17:06:35,629", "levelname": "INFO", "name": "AresTradingSystem.System.UnifiedDataLoader", "message": "ðŸ”„ Loading unified data for ETHUSDT on BINANCE", "correlation_id": "-", "session_id": "-", "timestamp": "2025-08-11T15:06:35.629868+00:00"}
{"asctime": "2025-08-11 17:06:35,629", "levelname": "INFO", "name": "AresTradingSystem.System.UnifiedDataLoader", "message": "   Timeframe: 1m", "correlation_id": "-", "session_id": "-", "timestamp": "2025-08-11T15:06:35.629942+00:00"}
{"asctime": "2025-08-11 17:06:35,655", "levelname": "INFO", "name": "AresTradingSystem.System.UnifiedDataLoader", "message": "   Date range: 2025-07-12 to 2025-08-11", "correlation_id": "-", "session_id": "-", "timestamp": "2025-08-11T15:06:35.655683+00:00"}
{"asctime": "2025-08-11 17:06:35,659", "levelname": "INFO", "name": "AresTradingSystem.System.UnifiedDataLoader", "message": "   Streaming: True", "correlation_id": "-", "session_id": "-", "timestamp": "2025-08-11T15:06:35.660017+00:00"}
{"asctime": "2025-08-11 17:06:35,707", "levelname": "INFO", "name": "AresTradingSystem.System.UnifiedDataLoader", "message": "   âš ï¸ Streaming disabled to avoid segmentation faults", "correlation_id": "-", "session_id": "-", "timestamp": "2025-08-11T15:06:35.708685+00:00"}
{"asctime": "2025-08-11 17:06:35,744", "levelname": "INFO", "name": "AresTradingSystem.System.UnifiedDataLoader", "message": "   ðŸ“ Found unified data cache, using optimized pyarrow loading", "correlation_id": "-", "session_id": "-", "timestamp": "2025-08-11T15:06:35.744644+00:00"}
{"asctime": "2025-08-11 17:06:35,752", "levelname": "INFO", "name": "AresTradingSystem.System.UnifiedDataLoader", "message": "ðŸ”§ Using optimized pyarrow loading...", "correlation_id": "-", "session_id": "-", "timestamp": "2025-08-11T15:06:35.752410+00:00"}
{"asctime": "2025-08-11 17:06:35,752", "levelname": "INFO", "name": "AresTradingSystem.System.UnifiedDataLoader", "message": "   âš ï¸ PyArrow disabled to avoid segmentation faults", "correlation_id": "-", "session_id": "-", "timestamp": "2025-08-11T15:06:35.752523+00:00"}
{"asctime": "2025-08-11 17:06:35,752", "levelname": "INFO", "name": "AresTradingSystem.System.UnifiedDataLoader", "message": "ðŸ”§ Using memory-efficient streaming loading for 180 days...", "correlation_id": "-", "session_id": "-", "timestamp": "2025-08-11T15:06:35.752596+00:00"}
{"asctime": "2025-08-11 17:06:35,761", "levelname": "INFO", "name": "AresTradingSystem.System.UnifiedDataLoader", "message": "ðŸ“ Found 29 partition files", "correlation_id": "-", "session_id": "-", "timestamp": "2025-08-11T15:06:35.761958+00:00"}
{"asctime": "2025-08-11 17:06:35,926", "levelname": "INFO", "name": "AresTradingSystem.System.UnifiedDataLoader", "message": "   ðŸ“„ Processing file 1/29: part-0.parquet", "correlation_id": "-", "session_id": "-", "timestamp": "2025-08-11T15:06:35.926762+00:00"}
{"asctime": "2025-08-11 17:06:36,138", "levelname": "INFO", "name": "AresTradingSystem.System.UnifiedDataLoader", "message": "   âœ… Loaded file 1: (1440, 19)", "correlation_id": "-", "session_id": "-", "timestamp": "2025-08-11T15:06:36.138536+00:00"}
{"asctime": "2025-08-11 17:06:36,144", "levelname": "INFO", "name": "AresTradingSystem.System.UnifiedDataLoader", "message": "   ðŸ” After date filtering: (413, 19)", "correlation_id": "-", "session_id": "-", "timestamp": "2025-08-11T15:06:36.144842+00:00"}
{"asctime": "2025-08-11 17:06:36,147", "levelname": "INFO", "name": "AresTradingSystem.System.UnifiedDataLoader", "message": "   ðŸ“Š Total rows so far: 413", "correlation_id": "-", "session_id": "-", "timestamp": "2025-08-11T15:06:36.147689+00:00"}
{"asctime": "2025-08-11 17:06:38,243", "levelname": "INFO", "name": "AresTradingSystem.System.UnifiedDataLoader", "message": "   ðŸ“„ Processing file 10/29: part-0.parquet", "correlation_id": "-", "session_id": "-", "timestamp": "2025-08-11T15:06:38.243608+00:00"}
{"asctime": "2025-08-11 17:06:38,247", "levelname": "INFO", "name": "AresTradingSystem.System.UnifiedDataLoader", "message": "   âœ… Loaded file 10: (1440, 19)", "correlation_id": "-", "session_id": "-", "timestamp": "2025-08-11T15:06:38.247282+00:00"}
{"asctime": "2025-08-11 17:06:38,248", "levelname": "INFO", "name": "AresTradingSystem.System.UnifiedDataLoader", "message": "   ðŸ” After date filtering: (1440, 19)", "correlation_id": "-", "session_id": "-", "timestamp": "2025-08-11T15:06:38.248146+00:00"}
{"asctime": "2025-08-11 17:06:38,254", "levelname": "INFO", "name": "AresTradingSystem.System.UnifiedDataLoader", "message": "   ðŸ“Š Total rows so far: 13373", "correlation_id": "-", "session_id": "-", "timestamp": "2025-08-11T15:06:38.254125+00:00"}
{"asctime": "2025-08-11 17:06:40,708", "levelname": "INFO", "name": "AresTradingSystem.System.UnifiedDataLoader", "message": "   ðŸ“„ Processing file 20/29: part-0.parquet", "correlation_id": "-", "session_id": "-", "timestamp": "2025-08-11T15:06:40.708647+00:00"}
{"asctime": "2025-08-11 17:06:40,712", "levelname": "INFO", "name": "AresTradingSystem.System.UnifiedDataLoader", "message": "   âœ… Loaded file 20: (1440, 19)", "correlation_id": "-", "session_id": "-", "timestamp": "2025-08-11T15:06:40.712077+00:00"}
{"asctime": "2025-08-11 17:06:40,712", "levelname": "INFO", "name": "AresTradingSystem.System.UnifiedDataLoader", "message": "   ðŸ” After date filtering: (1440, 19)", "correlation_id": "-", "session_id": "-", "timestamp": "2025-08-11T15:06:40.712994+00:00"}
{"asctime": "2025-08-11 17:06:40,718", "levelname": "INFO", "name": "AresTradingSystem.System.UnifiedDataLoader", "message": "   ðŸ“Š Total rows so far: 27773", "correlation_id": "-", "session_id": "-", "timestamp": "2025-08-11T15:06:40.718189+00:00"}
{"asctime": "2025-08-11 17:06:42,190", "levelname": "INFO", "name": "AresTradingSystem.System.UnifiedDataLoader", "message": "ðŸ”„ Converting 40363 records to DataFrame...", "correlation_id": "-", "session_id": "-", "timestamp": "2025-08-11T15:06:42.190289+00:00"}
{"asctime": "2025-08-11 17:06:42,354", "levelname": "INFO", "name": "AresTradingSystem.System.UnifiedDataLoader", "message": "âœ… Memory-efficient loading completed: (40363, 19)", "correlation_id": "-", "session_id": "-", "timestamp": "2025-08-11T15:06:42.354595+00:00"}
{"asctime": "2025-08-11 17:06:42,355", "levelname": "INFO", "name": "AresTradingSystem.System", "message": "âœ… Loaded unified data: 40363 rows", "correlation_id": "-", "session_id": "-", "timestamp": "2025-08-11T15:06:42.355537+00:00"}
{"asctime": "2025-08-11 17:06:42,355", "levelname": "INFO", "name": "AresTradingSystem.System", "message": "   Date range: 2025-07-12T17:07:00 to 2025-08-09T17:49:00", "correlation_id": "-", "session_id": "-", "timestamp": "2025-08-11T15:06:42.355633+00:00"}
{"asctime": "2025-08-11 17:06:42,355", "levelname": "INFO", "name": "AresTradingSystem.System", "message": "   Has aggtrades data: True", "correlation_id": "-", "session_id": "-", "timestamp": "2025-08-11T15:06:42.355700+00:00"}
{"asctime": "2025-08-11 17:06:42,355", "levelname": "INFO", "name": "AresTradingSystem.System", "message": "   Has futures data: True", "correlation_id": "-", "session_id": "-", "timestamp": "2025-08-11T15:06:42.355759+00:00"}
{"asctime": "2025-08-11 17:06:42,355", "levelname": "INFO", "name": "AresTradingSystem.System", "message": "ðŸ”„ Resampling data to 1h timeframe for regime classification...", "correlation_id": "-", "session_id": "-", "timestamp": "2025-08-11T15:06:42.355820+00:00"}
{"asctime": "2025-08-11 17:06:42,372", "levelname": "INFO", "name": "AresTradingSystem.System", "message": "âœ… Resampled to 1h: 673 records", "correlation_id": "-", "session_id": "-", "timestamp": "2025-08-11T15:06:42.372614+00:00"}
{"asctime": "2025-08-11 17:06:42,372", "levelname": "INFO", "name": "AresTradingSystem.System", "message": "Classifying market regimes for ETHUSDT on BINANCE...", "correlation_id": "-", "session_id": "-", "timestamp": "2025-08-11T15:06:42.372825+00:00"}
{"asctime": "2025-08-11 17:06:42,373", "levelname": "INFO", "name": "AresTradingSystem.System.UnifiedRegimeClassifier", "message": "ðŸ”§ Calculating features for 673 periods...", "correlation_id": "-", "session_id": "-", "timestamp": "2025-08-11T15:06:42.373595+00:00"}
{"asctime": "2025-08-11 17:06:42,383", "levelname": "INFO", "name": "AresTradingSystem.System.UnifiedRegimeClassifier", "message": "âœ… Calculated comprehensive features for 673 periods (dropped 0 rows due to NaN)", "correlation_id": "-", "session_id": "-", "timestamp": "2025-08-11T15:06:42.383561+00:00"}
{"asctime": "2025-08-11 17:06:42,383", "levelname": "INFO", "name": "AresTradingSystem.System.UnifiedRegimeClassifier", "message": "ðŸ” Using trained basic ensemble for regime classification", "correlation_id": "-", "session_id": "-", "timestamp": "2025-08-11T15:06:42.383972+00:00"}
{"asctime": "2025-08-11 17:06:42,404", "levelname": "INFO", "name": "AresTradingSystem.System.UnifiedRegimeClassifier", "message": "", "correlation_id": "-", "session_id": "-", "msg": "Ensemble regime prediction summary", "unique_regimes": ["BEAR", "BULL", "SIDEWAYS"], "counts": {"BEAR": 398, "BULL": 15, "SIDEWAYS": 260}, "expected_min": 4, "total_records": 673, "thresholds": {"adx_sideways_threshold": 18, "volatility_threshold": 0.025, "atr_normalized_threshold": 0.035, "volatility_percentile_threshold": 0.8}, "timestamp": "2025-08-11T15:06:42.404722+00:00"}
{"asctime": "2025-08-11 17:06:42,405", "levelname": "WARNING", "name": "AresTradingSystem.System.UnifiedRegimeClassifier", "message": "\u001b[93m\u001b[1mâš ï¸\u001b[0m \u001b[93m\u001b[1mFewer regimes predicted (3) than expected (4). Consider increasing min_data_points or enhancing volatility features.\u001b[0m", "correlation_id": "-", "session_id": "-", "timestamp": "2025-08-11T15:06:42.405115+00:00"}
{"asctime": "2025-08-11 17:06:42,405", "levelname": "INFO", "name": "AresTradingSystem.System.UnifiedRegimeClassifier", "message": "Classifying location with tactical pivots and strategic volume levels...", "correlation_id": "-", "session_id": "-", "timestamp": "2025-08-11T15:06:42.405198+00:00"}
{"asctime": "2025-08-11 17:06:42,405", "levelname": "WARNING", "name": "AresTradingSystem.System.UnifiedRegimeClassifier", "message": "Insufficient data for location classification. Need at least 720 rows, but only have 673. Returning all OPEN_RANGE labels.", "correlation_id": "-", "session_id": "-", "timestamp": "2025-08-11T15:06:42.405312+00:00"}
{"asctime": "2025-08-11 17:06:42,406", "levelname": "INFO", "name": "AresTradingSystem.System.UnifiedRegimeClassifier", "message": "ðŸ“Š Regime distribution: {'BEAR': 398, 'SIDEWAYS': 260, 'BULL': 15}", "correlation_id": "-", "session_id": "-", "timestamp": "2025-08-11T15:06:42.406439+00:00"}
{"asctime": "2025-08-11 17:06:42,406", "levelname": "INFO", "name": "AresTradingSystem.System", "message": "Regime classification completed. Found 3 distinct regimes", "correlation_id": "-", "session_id": "-", "timestamp": "2025-08-11T15:06:42.406863+00:00"}
{"asctime": "2025-08-11 17:06:42,426", "levelname": "INFO", "name": "AresTradingSystem.System", "message": "âœ… Saved regime classification results to parquet: data/training/BINANCE_ETHUSDT_regime_classification.parquet", "correlation_id": "-", "session_id": "-", "timestamp": "2025-08-11T15:06:42.426247+00:00"}
{"asctime": "2025-08-11 17:06:42,426", "levelname": "INFO", "name": "AresTradingSystem.System", "message": "âœ… Market regime classification completed. Results saved to data/training/BINANCE_ETHUSDT_regime_classification.json", "correlation_id": "-", "session_id": "-", "timestamp": "2025-08-11T15:06:42.426388+00:00"}
{"asctime": "2025-08-11 17:06:42,560", "levelname": "INFO", "name": "AresTradingSystem.System", "message": "Initializing Regime Data Splitting Step...", "correlation_id": "-", "session_id": "-", "timestamp": "2025-08-11T15:06:42.560847+00:00"}
{"asctime": "2025-08-11 17:06:42,561", "levelname": "INFO", "name": "AresTradingSystem.System", "message": "Regime Data Splitting Step initialized successfully", "correlation_id": "-", "session_id": "-", "timestamp": "2025-08-11T15:06:42.561018+00:00"}
{"asctime": "2025-08-11 17:06:42,561", "levelname": "INFO", "name": "AresTradingSystem.System", "message": "ðŸ”„ Loading unified data for regime data splitting...", "correlation_id": "-", "session_id": "-", "timestamp": "2025-08-11T15:06:42.561121+00:00"}
{"asctime": "2025-08-11 17:06:42,561", "levelname": "INFO", "name": "AresTradingSystem.System.UnifiedDataLoader", "message": "ðŸ”„ Loading unified data for ETHUSDT on BINANCE", "correlation_id": "-", "session_id": "-", "timestamp": "2025-08-11T15:06:42.561234+00:00"}
{"asctime": "2025-08-11 17:06:42,561", "levelname": "INFO", "name": "AresTradingSystem.System.UnifiedDataLoader", "message": "   Timeframe: 1m", "correlation_id": "-", "session_id": "-", "timestamp": "2025-08-11T15:06:42.561334+00:00"}
{"asctime": "2025-08-11 17:06:42,561", "levelname": "INFO", "name": "AresTradingSystem.System.UnifiedDataLoader", "message": "   Date range: 2025-02-12 to 2025-08-11", "correlation_id": "-", "session_id": "-", "timestamp": "2025-08-11T15:06:42.561451+00:00"}
{"asctime": "2025-08-11 17:06:42,561", "levelname": "INFO", "name": "AresTradingSystem.System.UnifiedDataLoader", "message": "   Streaming: True", "correlation_id": "-", "session_id": "-", "timestamp": "2025-08-11T15:06:42.561545+00:00"}
{"asctime": "2025-08-11 17:06:42,561", "levelname": "INFO", "name": "AresTradingSystem.System.UnifiedDataLoader", "message": "   âš ï¸ Streaming disabled to avoid segmentation faults", "correlation_id": "-", "session_id": "-", "timestamp": "2025-08-11T15:06:42.561634+00:00"}
{"asctime": "2025-08-11 17:06:42,561", "levelname": "INFO", "name": "AresTradingSystem.System.UnifiedDataLoader", "message": "   ðŸ“ Found unified data cache, using optimized pyarrow loading", "correlation_id": "-", "session_id": "-", "timestamp": "2025-08-11T15:06:42.561745+00:00"}
{"asctime": "2025-08-11 17:06:42,561", "levelname": "INFO", "name": "AresTradingSystem.System.UnifiedDataLoader", "message": "ðŸ”§ Using optimized pyarrow loading...", "correlation_id": "-", "session_id": "-", "timestamp": "2025-08-11T15:06:42.561841+00:00"}
{"asctime": "2025-08-11 17:06:42,561", "levelname": "INFO", "name": "AresTradingSystem.System.UnifiedDataLoader", "message": "   âš ï¸ PyArrow disabled to avoid segmentation faults", "correlation_id": "-", "session_id": "-", "timestamp": "2025-08-11T15:06:42.561930+00:00"}
{"asctime": "2025-08-11 17:06:42,562", "levelname": "INFO", "name": "AresTradingSystem.System.UnifiedDataLoader", "message": "ðŸ”§ Using memory-efficient streaming loading for 180 days...", "correlation_id": "-", "session_id": "-", "timestamp": "2025-08-11T15:06:42.562017+00:00"}
{"asctime": "2025-08-11 17:06:42,568", "levelname": "INFO", "name": "AresTradingSystem.System.UnifiedDataLoader", "message": "ðŸ“ Found 179 partition files", "correlation_id": "-", "session_id": "-", "timestamp": "2025-08-11T15:06:42.568875+00:00"}
{"asctime": "2025-08-11 17:06:42,629", "levelname": "INFO", "name": "AresTradingSystem.System.UnifiedDataLoader", "message": "   ðŸ“„ Processing file 1/179: part-0.parquet", "correlation_id": "-", "session_id": "-", "timestamp": "2025-08-11T15:06:42.629549+00:00"}
{"asctime": "2025-08-11 17:06:42,633", "levelname": "INFO", "name": "AresTradingSystem.System.UnifiedDataLoader", "message": "   âœ… Loaded file 1: (1440, 19)", "correlation_id": "-", "session_id": "-", "timestamp": "2025-08-11T15:06:42.633019+00:00"}
{"asctime": "2025-08-11 17:06:42,633", "levelname": "INFO", "name": "AresTradingSystem.System.UnifiedDataLoader", "message": "   ðŸ” After date filtering: (413, 19)", "correlation_id": "-", "session_id": "-", "timestamp": "2025-08-11T15:06:42.633883+00:00"}
{"asctime": "2025-08-11 17:06:42,635", "levelname": "INFO", "name": "AresTradingSystem.System.UnifiedDataLoader", "message": "   ðŸ“Š Total rows so far: 413", "correlation_id": "-", "session_id": "-", "timestamp": "2025-08-11T15:06:42.635610+00:00"}
{"asctime": "2025-08-11 17:06:43,712", "levelname": "INFO", "name": "AresTradingSystem.System.UnifiedDataLoader", "message": "   ðŸ“„ Processing file 10/179: part-0.parquet", "correlation_id": "-", "session_id": "-", "timestamp": "2025-08-11T15:06:43.712146+00:00"}
{"asctime": "2025-08-11 17:06:43,715", "levelname": "INFO", "name": "AresTradingSystem.System.UnifiedDataLoader", "message": "   âœ… Loaded file 10: (1440, 19)", "correlation_id": "-", "session_id": "-", "timestamp": "2025-08-11T15:06:43.715310+00:00"}
{"asctime": "2025-08-11 17:06:43,716", "levelname": "INFO", "name": "AresTradingSystem.System.UnifiedDataLoader", "message": "   ðŸ” After date filtering: (1440, 19)", "correlation_id": "-", "session_id": "-", "timestamp": "2025-08-11T15:06:43.716016+00:00"}
{"asctime": "2025-08-11 17:06:43,720", "levelname": "INFO", "name": "AresTradingSystem.System.UnifiedDataLoader", "message": "   ðŸ“Š Total rows so far: 13373", "correlation_id": "-", "session_id": "-", "timestamp": "2025-08-11T15:06:43.720910+00:00"}
{"asctime": "2025-08-11 17:06:44,966", "levelname": "INFO", "name": "AresTradingSystem.System.UnifiedDataLoader", "message": "   ðŸ“„ Processing file 20/179: part-0.parquet", "correlation_id": "-", "session_id": "-", "timestamp": "2025-08-11T15:06:44.966466+00:00"}
{"asctime": "2025-08-11 17:06:44,969", "levelname": "INFO", "name": "AresTradingSystem.System.UnifiedDataLoader", "message": "   âœ… Loaded file 20: (1440, 19)", "correlation_id": "-", "session_id": "-", "timestamp": "2025-08-11T15:06:44.969868+00:00"}
{"asctime": "2025-08-11 17:06:44,970", "levelname": "INFO", "name": "AresTradingSystem.System.UnifiedDataLoader", "message": "   ðŸ” After date filtering: (1440, 19)", "correlation_id": "-", "session_id": "-", "timestamp": "2025-08-11T15:06:44.970844+00:00"}
{"asctime": "2025-08-11 17:06:44,975", "levelname": "INFO", "name": "AresTradingSystem.System.UnifiedDataLoader", "message": "   ðŸ“Š Total rows so far: 27773", "correlation_id": "-", "session_id": "-", "timestamp": "2025-08-11T15:06:44.975591+00:00"}
{"asctime": "2025-08-11 17:06:46,261", "levelname": "INFO", "name": "AresTradingSystem.System.UnifiedDataLoader", "message": "   ðŸ“„ Processing file 30/179: part-0.parquet", "correlation_id": "-", "session_id": "-", "timestamp": "2025-08-11T15:06:46.261622+00:00"}
{"asctime": "2025-08-11 17:06:46,265", "levelname": "INFO", "name": "AresTradingSystem.System.UnifiedDataLoader", "message": "   âœ… Loaded file 30: (1440, 19)", "correlation_id": "-", "session_id": "-", "timestamp": "2025-08-11T15:06:46.265022+00:00"}
{"asctime": "2025-08-11 17:06:46,265", "levelname": "INFO", "name": "AresTradingSystem.System.UnifiedDataLoader", "message": "   ðŸ” After date filtering: (1440, 19)", "correlation_id": "-", "session_id": "-", "timestamp": "2025-08-11T15:06:46.265749+00:00"}
{"asctime": "2025-08-11 17:06:46,270", "levelname": "INFO", "name": "AresTradingSystem.System.UnifiedDataLoader", "message": "   ðŸ“Š Total rows so far: 42173", "correlation_id": "-", "session_id": "-", "timestamp": "2025-08-11T15:06:46.270780+00:00"}
{"asctime": "2025-08-11 17:06:47,625", "levelname": "INFO", "name": "AresTradingSystem.System.UnifiedDataLoader", "message": "   ðŸ“„ Processing file 40/179: part-0.parquet", "correlation_id": "-", "session_id": "-", "timestamp": "2025-08-11T15:06:47.625519+00:00"}
{"asctime": "2025-08-11 17:06:47,628", "levelname": "INFO", "name": "AresTradingSystem.System.UnifiedDataLoader", "message": "   âœ… Loaded file 40: (1440, 19)", "correlation_id": "-", "session_id": "-", "timestamp": "2025-08-11T15:06:47.628800+00:00"}
{"asctime": "2025-08-11 17:06:47,629", "levelname": "INFO", "name": "AresTradingSystem.System.UnifiedDataLoader", "message": "   ðŸ” After date filtering: (1440, 19)", "correlation_id": "-", "session_id": "-", "timestamp": "2025-08-11T15:06:47.629491+00:00"}
{"asctime": "2025-08-11 17:06:47,634", "levelname": "INFO", "name": "AresTradingSystem.System.UnifiedDataLoader", "message": "   ðŸ“Š Total rows so far: 56573", "correlation_id": "-", "session_id": "-", "timestamp": "2025-08-11T15:06:47.634245+00:00"}
{"asctime": "2025-08-11 17:06:49,061", "levelname": "INFO", "name": "AresTradingSystem.System.UnifiedDataLoader", "message": "   ðŸ“„ Processing file 50/179: part-0.parquet", "correlation_id": "-", "session_id": "-", "timestamp": "2025-08-11T15:06:49.061810+00:00"}
{"asctime": "2025-08-11 17:06:49,065", "levelname": "INFO", "name": "AresTradingSystem.System.UnifiedDataLoader", "message": "   âœ… Loaded file 50: (1440, 19)", "correlation_id": "-", "session_id": "-", "timestamp": "2025-08-11T15:06:49.065011+00:00"}
{"asctime": "2025-08-11 17:06:49,065", "levelname": "INFO", "name": "AresTradingSystem.System.UnifiedDataLoader", "message": "   ðŸ” After date filtering: (1440, 19)", "correlation_id": "-", "session_id": "-", "timestamp": "2025-08-11T15:06:49.065711+00:00"}
{"asctime": "2025-08-11 17:06:49,070", "levelname": "INFO", "name": "AresTradingSystem.System.UnifiedDataLoader", "message": "   ðŸ“Š Total rows so far: 70973", "correlation_id": "-", "session_id": "-", "timestamp": "2025-08-11T15:06:49.070517+00:00"}
{"asctime": "2025-08-11 17:06:50,532", "levelname": "INFO", "name": "AresTradingSystem.System.UnifiedDataLoader", "message": "   ðŸ“„ Processing file 60/179: part-0.parquet", "correlation_id": "-", "session_id": "-", "timestamp": "2025-08-11T15:06:50.532727+00:00"}
{"asctime": "2025-08-11 17:06:50,536", "levelname": "INFO", "name": "AresTradingSystem.System.UnifiedDataLoader", "message": "   âœ… Loaded file 60: (1440, 19)", "correlation_id": "-", "session_id": "-", "timestamp": "2025-08-11T15:06:50.536162+00:00"}
{"asctime": "2025-08-11 17:06:50,537", "levelname": "INFO", "name": "AresTradingSystem.System.UnifiedDataLoader", "message": "   ðŸ” After date filtering: (1440, 19)", "correlation_id": "-", "session_id": "-", "timestamp": "2025-08-11T15:06:50.537084+00:00"}
{"asctime": "2025-08-11 17:06:50,541", "levelname": "INFO", "name": "AresTradingSystem.System.UnifiedDataLoader", "message": "   ðŸ“Š Total rows so far: 85373", "correlation_id": "-", "session_id": "-", "timestamp": "2025-08-11T15:06:50.541912+00:00"}
{"asctime": "2025-08-11 17:06:52,073", "levelname": "INFO", "name": "AresTradingSystem.System.UnifiedDataLoader", "message": "   ðŸ“„ Processing file 70/179: part-0.parquet", "correlation_id": "-", "session_id": "-", "timestamp": "2025-08-11T15:06:52.073242+00:00"}
{"asctime": "2025-08-11 17:06:52,076", "levelname": "INFO", "name": "AresTradingSystem.System.UnifiedDataLoader", "message": "   âœ… Loaded file 70: (1440, 19)", "correlation_id": "-", "session_id": "-", "timestamp": "2025-08-11T15:06:52.076634+00:00"}
{"asctime": "2025-08-11 17:06:52,077", "levelname": "INFO", "name": "AresTradingSystem.System.UnifiedDataLoader", "message": "   ðŸ” After date filtering: (1440, 19)", "correlation_id": "-", "session_id": "-", "timestamp": "2025-08-11T15:06:52.077267+00:00"}
{"asctime": "2025-08-11 17:06:52,081", "levelname": "INFO", "name": "AresTradingSystem.System.UnifiedDataLoader", "message": "   ðŸ“Š Total rows so far: 99773", "correlation_id": "-", "session_id": "-", "timestamp": "2025-08-11T15:06:52.081847+00:00"}
{"asctime": "2025-08-11 17:06:53,644", "levelname": "INFO", "name": "AresTradingSystem.System.UnifiedDataLoader", "message": "   ðŸ“„ Processing file 80/179: part-0.parquet", "correlation_id": "-", "session_id": "-", "timestamp": "2025-08-11T15:06:53.644489+00:00"}
{"asctime": "2025-08-11 17:06:53,648", "levelname": "INFO", "name": "AresTradingSystem.System.UnifiedDataLoader", "message": "   âœ… Loaded file 80: (1440, 19)", "correlation_id": "-", "session_id": "-", "timestamp": "2025-08-11T15:06:53.648086+00:00"}
{"asctime": "2025-08-11 17:06:53,648", "levelname": "INFO", "name": "AresTradingSystem.System.UnifiedDataLoader", "message": "   ðŸ” After date filtering: (1440, 19)", "correlation_id": "-", "session_id": "-", "timestamp": "2025-08-11T15:06:53.648748+00:00"}
{"asctime": "2025-08-11 17:06:53,653", "levelname": "INFO", "name": "AresTradingSystem.System.UnifiedDataLoader", "message": "   ðŸ“Š Total rows so far: 114173", "correlation_id": "-", "session_id": "-", "timestamp": "2025-08-11T15:06:53.653533+00:00"}
{"asctime": "2025-08-11 17:06:55,392", "levelname": "INFO", "name": "AresTradingSystem.System.UnifiedDataLoader", "message": "   ðŸ“„ Processing file 90/179: part-0.parquet", "correlation_id": "-", "session_id": "-", "timestamp": "2025-08-11T15:06:55.392562+00:00"}
{"asctime": "2025-08-11 17:06:55,396", "levelname": "INFO", "name": "AresTradingSystem.System.UnifiedDataLoader", "message": "   âœ… Loaded file 90: (1440, 19)", "correlation_id": "-", "session_id": "-", "timestamp": "2025-08-11T15:06:55.396067+00:00"}
{"asctime": "2025-08-11 17:06:55,396", "levelname": "INFO", "name": "AresTradingSystem.System.UnifiedDataLoader", "message": "   ðŸ” After date filtering: (1440, 19)", "correlation_id": "-", "session_id": "-", "timestamp": "2025-08-11T15:06:55.396748+00:00"}
{"asctime": "2025-08-11 17:06:55,401", "levelname": "INFO", "name": "AresTradingSystem.System.UnifiedDataLoader", "message": "   ðŸ“Š Total rows so far: 128573", "correlation_id": "-", "session_id": "-", "timestamp": "2025-08-11T15:06:55.401415+00:00"}
{"asctime": "2025-08-11 17:06:57,244", "levelname": "INFO", "name": "AresTradingSystem.System.UnifiedDataLoader", "message": "   ðŸ“„ Processing file 100/179: part-0.parquet", "correlation_id": "-", "session_id": "-", "timestamp": "2025-08-11T15:06:57.244876+00:00"}
{"asctime": "2025-08-11 17:06:57,248", "levelname": "INFO", "name": "AresTradingSystem.System.UnifiedDataLoader", "message": "   âœ… Loaded file 100: (1440, 19)", "correlation_id": "-", "session_id": "-", "timestamp": "2025-08-11T15:06:57.248156+00:00"}
{"asctime": "2025-08-11 17:06:57,248", "levelname": "INFO", "name": "AresTradingSystem.System.UnifiedDataLoader", "message": "   ðŸ” After date filtering: (1440, 19)", "correlation_id": "-", "session_id": "-", "timestamp": "2025-08-11T15:06:57.248873+00:00"}
{"asctime": "2025-08-11 17:06:57,253", "levelname": "INFO", "name": "AresTradingSystem.System.UnifiedDataLoader", "message": "   ðŸ“Š Total rows so far: 142973", "correlation_id": "-", "session_id": "-", "timestamp": "2025-08-11T15:06:57.253780+00:00"}
{"asctime": "2025-08-11 17:06:59,064", "levelname": "INFO", "name": "AresTradingSystem.System.UnifiedDataLoader", "message": "   ðŸ“„ Processing file 110/179: part-0.parquet", "correlation_id": "-", "session_id": "-", "timestamp": "2025-08-11T15:06:59.064147+00:00"}
{"asctime": "2025-08-11 17:06:59,068", "levelname": "INFO", "name": "AresTradingSystem.System.UnifiedDataLoader", "message": "   âœ… Loaded file 110: (1440, 19)", "correlation_id": "-", "session_id": "-", "timestamp": "2025-08-11T15:06:59.068259+00:00"}
{"asctime": "2025-08-11 17:06:59,068", "levelname": "INFO", "name": "AresTradingSystem.System.UnifiedDataLoader", "message": "   ðŸ” After date filtering: (1440, 19)", "correlation_id": "-", "session_id": "-", "timestamp": "2025-08-11T15:06:59.068928+00:00"}
{"asctime": "2025-08-11 17:06:59,074", "levelname": "INFO", "name": "AresTradingSystem.System.UnifiedDataLoader", "message": "   ðŸ“Š Total rows so far: 157373", "correlation_id": "-", "session_id": "-", "timestamp": "2025-08-11T15:06:59.074058+00:00"}
{"asctime": "2025-08-11 17:07:00,890", "levelname": "INFO", "name": "AresTradingSystem.System.UnifiedDataLoader", "message": "   ðŸ“„ Processing file 120/179: part-0.parquet", "correlation_id": "-", "session_id": "-", "timestamp": "2025-08-11T15:07:00.890144+00:00"}
{"asctime": "2025-08-11 17:07:00,893", "levelname": "INFO", "name": "AresTradingSystem.System.UnifiedDataLoader", "message": "   âœ… Loaded file 120: (1440, 19)", "correlation_id": "-", "session_id": "-", "timestamp": "2025-08-11T15:07:00.893799+00:00"}
{"asctime": "2025-08-11 17:07:00,894", "levelname": "INFO", "name": "AresTradingSystem.System.UnifiedDataLoader", "message": "   ðŸ” After date filtering: (1440, 19)", "correlation_id": "-", "session_id": "-", "timestamp": "2025-08-11T15:07:00.894460+00:00"}
{"asctime": "2025-08-11 17:07:00,899", "levelname": "INFO", "name": "AresTradingSystem.System.UnifiedDataLoader", "message": "   ðŸ“Š Total rows so far: 171773", "correlation_id": "-", "session_id": "-", "timestamp": "2025-08-11T15:07:00.899182+00:00"}
{"asctime": "2025-08-11 17:07:02,795", "levelname": "INFO", "name": "AresTradingSystem.System.UnifiedDataLoader", "message": "   ðŸ“„ Processing file 130/179: part-0.parquet", "correlation_id": "-", "session_id": "-", "timestamp": "2025-08-11T15:07:02.795991+00:00"}
{"asctime": "2025-08-11 17:07:02,799", "levelname": "INFO", "name": "AresTradingSystem.System.UnifiedDataLoader", "message": "   âœ… Loaded file 130: (1440, 19)", "correlation_id": "-", "session_id": "-", "timestamp": "2025-08-11T15:07:02.800002+00:00"}
{"asctime": "2025-08-11 17:07:02,800", "levelname": "INFO", "name": "AresTradingSystem.System.UnifiedDataLoader", "message": "   ðŸ” After date filtering: (1440, 19)", "correlation_id": "-", "session_id": "-", "timestamp": "2025-08-11T15:07:02.800696+00:00"}
{"asctime": "2025-08-11 17:07:02,805", "levelname": "INFO", "name": "AresTradingSystem.System.UnifiedDataLoader", "message": "   ðŸ“Š Total rows so far: 186173", "correlation_id": "-", "session_id": "-", "timestamp": "2025-08-11T15:07:02.805756+00:00"}
{"asctime": "2025-08-11 17:07:04,867", "levelname": "INFO", "name": "AresTradingSystem.System.UnifiedDataLoader", "message": "   ðŸ“„ Processing file 140/179: part-0.parquet", "correlation_id": "-", "session_id": "-", "timestamp": "2025-08-11T15:07:04.867952+00:00"}
{"asctime": "2025-08-11 17:07:04,872", "levelname": "INFO", "name": "AresTradingSystem.System.UnifiedDataLoader", "message": "   âœ… Loaded file 140: (1440, 19)", "correlation_id": "-", "session_id": "-", "timestamp": "2025-08-11T15:07:04.872679+00:00"}
{"asctime": "2025-08-11 17:07:04,874", "levelname": "INFO", "name": "AresTradingSystem.System.UnifiedDataLoader", "message": "   ðŸ” After date filtering: (1440, 19)", "correlation_id": "-", "session_id": "-", "timestamp": "2025-08-11T15:07:04.874233+00:00"}
{"asctime": "2025-08-11 17:07:04,879", "levelname": "INFO", "name": "AresTradingSystem.System.UnifiedDataLoader", "message": "   ðŸ“Š Total rows so far: 200573", "correlation_id": "-", "session_id": "-", "timestamp": "2025-08-11T15:07:04.879177+00:00"}
{"asctime": "2025-08-11 17:07:06,891", "levelname": "INFO", "name": "AresTradingSystem.System.UnifiedDataLoader", "message": "   ðŸ“„ Processing file 150/179: part-0.parquet", "correlation_id": "-", "session_id": "-", "timestamp": "2025-08-11T15:07:06.891191+00:00"}
{"asctime": "2025-08-11 17:07:06,894", "levelname": "INFO", "name": "AresTradingSystem.System.UnifiedDataLoader", "message": "   âœ… Loaded file 150: (1440, 19)", "correlation_id": "-", "session_id": "-", "timestamp": "2025-08-11T15:07:06.894593+00:00"}
{"asctime": "2025-08-11 17:07:06,895", "levelname": "INFO", "name": "AresTradingSystem.System.UnifiedDataLoader", "message": "   ðŸ” After date filtering: (1440, 19)", "correlation_id": "-", "session_id": "-", "timestamp": "2025-08-11T15:07:06.895277+00:00"}
{"asctime": "2025-08-11 17:07:06,899", "levelname": "INFO", "name": "AresTradingSystem.System.UnifiedDataLoader", "message": "   ðŸ“Š Total rows so far: 214973", "correlation_id": "-", "session_id": "-", "timestamp": "2025-08-11T15:07:06.900005+00:00"}
{"asctime": "2025-08-11 17:07:08,956", "levelname": "INFO", "name": "AresTradingSystem.System.UnifiedDataLoader", "message": "   ðŸ“„ Processing file 160/179: part-0.parquet", "correlation_id": "-", "session_id": "-", "timestamp": "2025-08-11T15:07:08.956412+00:00"}
{"asctime": "2025-08-11 17:07:08,960", "levelname": "INFO", "name": "AresTradingSystem.System.UnifiedDataLoader", "message": "   âœ… Loaded file 160: (1440, 19)", "correlation_id": "-", "session_id": "-", "timestamp": "2025-08-11T15:07:08.960533+00:00"}
{"asctime": "2025-08-11 17:07:08,961", "levelname": "INFO", "name": "AresTradingSystem.System.UnifiedDataLoader", "message": "   ðŸ” After date filtering: (1440, 19)", "correlation_id": "-", "session_id": "-", "timestamp": "2025-08-11T15:07:08.961185+00:00"}
{"asctime": "2025-08-11 17:07:08,965", "levelname": "INFO", "name": "AresTradingSystem.System.UnifiedDataLoader", "message": "   ðŸ“Š Total rows so far: 229373", "correlation_id": "-", "session_id": "-", "timestamp": "2025-08-11T15:07:08.965713+00:00"}
{"asctime": "2025-08-11 17:07:11,529", "levelname": "INFO", "name": "AresTradingSystem.System.UnifiedDataLoader", "message": "   ðŸ“„ Processing file 170/179: part-0.parquet", "correlation_id": "-", "session_id": "-", "timestamp": "2025-08-11T15:07:11.529331+00:00"}
{"asctime": "2025-08-11 17:07:11,532", "levelname": "INFO", "name": "AresTradingSystem.System.UnifiedDataLoader", "message": "   âœ… Loaded file 170: (1440, 19)", "correlation_id": "-", "session_id": "-", "timestamp": "2025-08-11T15:07:11.532233+00:00"}
{"asctime": "2025-08-11 17:07:11,532", "levelname": "INFO", "name": "AresTradingSystem.System.UnifiedDataLoader", "message": "   ðŸ” After date filtering: (1440, 19)", "correlation_id": "-", "session_id": "-", "timestamp": "2025-08-11T15:07:11.532883+00:00"}
{"asctime": "2025-08-11 17:07:11,537", "levelname": "INFO", "name": "AresTradingSystem.System.UnifiedDataLoader", "message": "   ðŸ“Š Total rows so far: 243773", "correlation_id": "-", "session_id": "-", "timestamp": "2025-08-11T15:07:11.537937+00:00"}
{"asctime": "2025-08-11 17:07:13,702", "levelname": "INFO", "name": "AresTradingSystem.System.UnifiedDataLoader", "message": "ðŸ”„ Converting 256363 records to DataFrame...", "correlation_id": "-", "session_id": "-", "timestamp": "2025-08-11T15:07:13.702108+00:00"}
{"asctime": "2025-08-11 17:07:15,661", "levelname": "INFO", "name": "AresTradingSystem.System.UnifiedDataLoader", "message": "âœ… Memory-efficient loading completed: (256363, 19)", "correlation_id": "-", "session_id": "-", "timestamp": "2025-08-11T15:07:15.661164+00:00"}
{"asctime": "2025-08-11 17:07:15,661", "levelname": "INFO", "name": "AresTradingSystem.System", "message": "âœ… Loaded unified data: 256363 rows", "correlation_id": "-", "session_id": "-", "timestamp": "2025-08-11T15:07:15.661625+00:00"}
{"asctime": "2025-08-11 17:07:15,661", "levelname": "INFO", "name": "AresTradingSystem.System", "message": "   Date range: 0 to 256362", "correlation_id": "-", "session_id": "-", "timestamp": "2025-08-11T15:07:15.661758+00:00"}
{"asctime": "2025-08-11 17:07:15,661", "levelname": "INFO", "name": "AresTradingSystem.System", "message": "   Has aggtrades data: False", "correlation_id": "-", "session_id": "-", "timestamp": "2025-08-11T15:07:15.661938+00:00"}
{"asctime": "2025-08-11 17:07:15,662", "levelname": "INFO", "name": "AresTradingSystem.System", "message": "   Has futures data: False", "correlation_id": "-", "session_id": "-", "timestamp": "2025-08-11T15:07:15.662063+00:00"}
{"asctime": "2025-08-11 17:07:15,662", "levelname": "INFO", "name": "AresTradingSystem.System", "message": "ðŸ“ Loading regime classification results from: data/training/BINANCE_ETHUSDT_regime_classification.parquet", "correlation_id": "-", "session_id": "-", "timestamp": "2025-08-11T15:07:15.662155+00:00"}
{"asctime": "2025-08-11 17:07:15,662", "levelname": "INFO", "name": "AresTradingSystem.System", "message": "   Trying direct pandas read...", "correlation_id": "-", "session_id": "-", "timestamp": "2025-08-11T15:07:15.662230+00:00"}
{"asctime": "2025-08-11 17:07:15,665", "levelname": "INFO", "name": "AresTradingSystem.System", "message": "   âœ… Successfully loaded with direct pandas read: (673, 3)", "correlation_id": "-", "session_id": "-", "timestamp": "2025-08-11T15:07:15.665756+00:00"}
{"asctime": "2025-08-11 17:07:15,665", "levelname": "INFO", "name": "AresTradingSystem.System", "message": "âœ… Loaded regime classification data: 673 rows", "correlation_id": "-", "session_id": "-", "timestamp": "2025-08-11T15:07:15.665918+00:00"}
{"asctime": "2025-08-11 17:07:15,666", "levelname": "INFO", "name": "AresTradingSystem.System", "message": "   Regimes found: ['BULL', 'BEAR', 'SIDEWAYS']", "correlation_id": "-", "session_id": "-", "timestamp": "2025-08-11T15:07:15.666599+00:00"}
{"asctime": "2025-08-11 17:07:15,696", "levelname": "WARNING", "name": "AresTradingSystem.System", "message": "\u001b[93m\u001b[1mâš ï¸\u001b[0m \u001b[93m\u001b[1m   255690 rows have missing regime labels, filling with 'SIDEWAYS'\u001b[0m", "correlation_id": "-", "session_id": "-", "timestamp": "2025-08-11T15:07:15.696573+00:00"}
{"asctime": "2025-08-11 17:07:15,845", "levelname": "WARNING", "name": "AresTradingSystem.System", "message": "\u001b[93m\u001b[1mâš ï¸\u001b[0m \u001b[93m\u001b[1mâš ï¸ SIDEWAYS ratio 99.8% > 40%; rebalancing to cap at 40%\u001b[0m", "correlation_id": "-", "session_id": "-", "timestamp": "2025-08-11T15:07:15.845578+00:00"}
{"asctime": "2025-08-11 17:07:16,035", "levelname": "INFO", "name": "AresTradingSystem.System", "message": "âœ… Applied soft rebalance to regime splits", "correlation_id": "-", "session_id": "-", "timestamp": "2025-08-11T15:07:16.035531+00:00"}
{"asctime": "2025-08-11 17:07:16,035", "levelname": "INFO", "name": "AresTradingSystem.System", "message": "âœ… Successfully split data by regimes: 3 regimes", "correlation_id": "-", "session_id": "-", "timestamp": "2025-08-11T15:07:16.035721+00:00"}
{"asctime": "2025-08-11 17:07:16,219", "levelname": "INFO", "name": "AresTradingSystem.System", "message": "âœ… Saved SIDEWAYS regime data: 204678 rows -> data/training/regime_data/SIDEWAYS.parquet", "correlation_id": "-", "session_id": "-", "timestamp": "2025-08-11T15:07:16.219630+00:00"}
{"asctime": "2025-08-11 17:07:16,244", "levelname": "INFO", "name": "AresTradingSystem.System", "message": "âœ… Saved BEAR regime data: 25795 rows -> data/training/regime_data/BEAR.parquet", "correlation_id": "-", "session_id": "-", "timestamp": "2025-08-11T15:07:16.244092+00:00"}
{"asctime": "2025-08-11 17:07:16,266", "levelname": "INFO", "name": "AresTradingSystem.System", "message": "âœ… Saved BULL regime data: 25890 rows -> data/training/regime_data/BULL.parquet", "correlation_id": "-", "session_id": "-", "timestamp": "2025-08-11T15:07:16.266542+00:00"}
{"asctime": "2025-08-11 17:07:16,542", "levelname": "INFO", "name": "AresTradingSystem.System", "message": "âœ… Created train/validation/test splits:", "correlation_id": "-", "session_id": "-", "timestamp": "2025-08-11T15:07:16.542446+00:00"}
{"asctime": "2025-08-11 17:07:16,542", "levelname": "INFO", "name": "AresTradingSystem.System", "message": "   Train: 179454 rows -> data/training/BINANCE_ETHUSDT_train_data.parquet", "correlation_id": "-", "session_id": "-", "timestamp": "2025-08-11T15:07:16.542616+00:00"}
{"asctime": "2025-08-11 17:07:16,542", "levelname": "INFO", "name": "AresTradingSystem.System", "message": "   Validation: 38454 rows -> data/training/BINANCE_ETHUSDT_validation_data.parquet", "correlation_id": "-", "session_id": "-", "timestamp": "2025-08-11T15:07:16.542683+00:00"}
{"asctime": "2025-08-11 17:07:16,542", "levelname": "INFO", "name": "AresTradingSystem.System", "message": "   Test: 38455 rows -> data/training/BINANCE_ETHUSDT_test_data.parquet", "correlation_id": "-", "session_id": "-", "timestamp": "2025-08-11T15:07:16.542743+00:00"}
{"asctime": "2025-08-11 17:07:16,547", "levelname": "INFO", "name": "AresTradingSystem.System", "message": "ðŸ“Š Regime Data Splitting Results:", "correlation_id": "-", "session_id": "-", "timestamp": "2025-08-11T15:07:16.547181+00:00"}
{"asctime": "2025-08-11 17:07:16,547", "levelname": "INFO", "name": "AresTradingSystem.System", "message": "   SIDEWAYS: 204678 rows (79.8%)", "correlation_id": "-", "session_id": "-", "timestamp": "2025-08-11T15:07:16.547320+00:00"}
{"asctime": "2025-08-11 17:07:16,547", "levelname": "INFO", "name": "AresTradingSystem.System", "message": "   BEAR: 25795 rows (10.1%)", "correlation_id": "-", "session_id": "-", "timestamp": "2025-08-11T15:07:16.547383+00:00"}
{"asctime": "2025-08-11 17:07:16,547", "levelname": "INFO", "name": "AresTradingSystem.System", "message": "   BULL: 25890 rows (10.1%)", "correlation_id": "-", "session_id": "-", "timestamp": "2025-08-11T15:07:16.547438+00:00"}
{"asctime": "2025-08-11 17:07:16,547", "levelname": "INFO", "name": "AresTradingSystem.System", "message": "âœ… Regime data splitting completed successfully", "correlation_id": "-", "session_id": "-", "timestamp": "2025-08-11T15:07:16.547524+00:00"}
{"asctime": "2025-08-11 17:07:17,009", "levelname": "INFO", "name": "AresTradingSystem.System.AnalystLabelingFeatureEngineeringStep", "message": "Initializing Analyst Labeling and Feature Engineering Step...", "correlation_id": "-", "session_id": "-", "timestamp": "2025-08-11T15:07:17.009214+00:00"}
{"asctime": "2025-08-11 17:07:17,064", "levelname": "INFO", "name": "AresTradingSystem.System.VectorizedLabellingOrchestrator", "message": "ðŸš€ Initializing vectorized labeling orchestrator...", "correlation_id": "-", "session_id": "-", "timestamp": "2025-08-11T15:07:17.064638+00:00"}
