{"asctime": "2025-08-10 09:30:51,718", "levelname": "INFO", "name": "AresGlobal", "message": "================================================================================", "correlation_id": "-", "session_id": "-", "timestamp": "2025-08-10T07:30:51.718766+00:00"}
{"asctime": "2025-08-10 09:30:51,718", "levelname": "INFO", "name": "AresGlobal", "message": "📊 SESSION SUMMARY", "correlation_id": "-", "session_id": "-", "timestamp": "2025-08-10T07:30:51.718872+00:00"}
{"asctime": "2025-08-10 09:30:51,718", "levelname": "INFO", "name": "AresGlobal", "message": "Session started: 2025-08-10 09:30:51", "correlation_id": "-", "session_id": "-", "timestamp": "2025-08-10T07:30:51.718956+00:00"}
{"asctime": "2025-08-10 09:30:51,719", "levelname": "INFO", "name": "AresGlobal", "message": "This file contains ALL logs for this session", "correlation_id": "-", "session_id": "-", "timestamp": "2025-08-10T07:30:51.719018+00:00"}
{"asctime": "2025-08-10 09:30:51,719", "levelname": "INFO", "name": "AresGlobal", "message": "================================================================================", "correlation_id": "-", "session_id": "-", "timestamp": "2025-08-10T07:30:51.719077+00:00"}
{"asctime": "2025-08-10 09:30:51,719", "levelname": "INFO", "name": "AresGlobal", "message": "Applied NumPy RNG unpickle compatibility shim (ModelManager)", "correlation_id": "-", "session_id": "-", "timestamp": "2025-08-10T07:30:51.719624+00:00"}
{"asctime": "2025-08-10 09:30:51,719", "levelname": "INFO", "name": "AresGlobal", "message": "[SYSTEM] ================================================================================", "correlation_id": "-", "session_id": "-", "timestamp": "2025-08-10T07:30:51.719768+00:00"}
{"asctime": "2025-08-10 09:30:51,719", "levelname": "INFO", "name": "AresGlobal", "message": "[SYSTEM] 🚀 ARES LAUNCHER STARTED - Mode: INITIALIZATION", "correlation_id": "-", "session_id": "-", "timestamp": "2025-08-10T07:30:51.719891+00:00"}
{"asctime": "2025-08-10 09:30:51,720", "levelname": "INFO", "name": "AresGlobal", "message": "[SYSTEM] Start time: 2025-08-10 09:30:51", "correlation_id": "-", "session_id": "-", "timestamp": "2025-08-10T07:30:51.720016+00:00"}
{"asctime": "2025-08-10 09:30:51,720", "levelname": "INFO", "name": "AresGlobal", "message": "[SYSTEM] Log directory: log", "correlation_id": "-", "session_id": "-", "timestamp": "2025-08-10T07:30:51.720126+00:00"}
{"asctime": "2025-08-10 09:30:51,720", "levelname": "INFO", "name": "AresGlobal", "message": "[SYSTEM] ================================================================================", "correlation_id": "-", "session_id": "-", "timestamp": "2025-08-10T07:30:51.720234+00:00"}
{"asctime": "2025-08-10 09:30:51,720", "levelname": "INFO", "name": "AresGlobal.AresLauncher", "message": "================================================================================", "correlation_id": "-", "session_id": "-", "timestamp": "2025-08-10T07:30:51.720287+00:00"}
{"asctime": "2025-08-10 09:30:51,720", "levelname": "INFO", "name": "AresGlobal.AresLauncher", "message": "🚀 ARES COMPREHENSIVE LAUNCHER", "correlation_id": "-", "session_id": "-", "timestamp": "2025-08-10T07:30:51.720340+00:00"}
{"asctime": "2025-08-10 09:30:51,720", "levelname": "INFO", "name": "AresGlobal.AresLauncher", "message": "================================================================================", "correlation_id": "-", "session_id": "-", "timestamp": "2025-08-10T07:30:51.720396+00:00"}
{"asctime": "2025-08-10 09:30:51,720", "levelname": "INFO", "name": "AresGlobal.AresLauncher", "message": "Start time: 2025-08-10 09:30:51", "correlation_id": "-", "session_id": "-", "timestamp": "2025-08-10T07:30:51.720452+00:00"}
{"asctime": "2025-08-10 09:30:51,720", "levelname": "INFO", "name": "AresGlobal.AresLauncher", "message": "Log directory: log", "correlation_id": "-", "session_id": "-", "timestamp": "2025-08-10T07:30:51.720502+00:00"}
{"asctime": "2025-08-10 09:30:51,720", "levelname": "INFO", "name": "AresGlobal.AresLauncher", "message": "Log level: INFO", "correlation_id": "-", "session_id": "-", "timestamp": "2025-08-10T07:30:51.720554+00:00"}
{"asctime": "2025-08-10 09:30:51,720", "levelname": "INFO", "name": "AresGlobal.AresLauncher", "message": "Global log file: ares_global_20250810_093051.log", "correlation_id": "-", "session_id": "-", "timestamp": "2025-08-10T07:30:51.720615+00:00"}
{"asctime": "2025-08-10 09:30:51,720", "levelname": "INFO", "name": "AresGlobal.AresLauncher", "message": "================================================================================", "correlation_id": "-", "session_id": "-", "timestamp": "2025-08-10T07:30:51.720666+00:00"}
{"asctime": "2025-08-10 09:30:51,720", "levelname": "INFO", "name": "AresGlobal", "message": "[SYSTEM] ================================================================================", "correlation_id": "c511f2e6-64ee-4821-8d19-49faec92caef", "session_id": "5fc8fb95-af4d-4c9b-9177-324bde9650a7", "timestamp": "2025-08-10T07:30:51.720860+00:00"}
{"asctime": "2025-08-10 09:30:51,720", "levelname": "INFO", "name": "AresGlobal", "message": "[SYSTEM] 🚀 ARES LAUNCHER STARTED - Mode: blank - Symbol: ETHUSDT - Exchange: BINANCE", "correlation_id": "c511f2e6-64ee-4821-8d19-49faec92caef", "session_id": "5fc8fb95-af4d-4c9b-9177-324bde9650a7", "timestamp": "2025-08-10T07:30:51.720971+00:00"}
{"asctime": "2025-08-10 09:30:51,721", "levelname": "INFO", "name": "AresGlobal", "message": "[SYSTEM] Start time: 2025-08-10 09:30:51", "correlation_id": "c511f2e6-64ee-4821-8d19-49faec92caef", "session_id": "5fc8fb95-af4d-4c9b-9177-324bde9650a7", "timestamp": "2025-08-10T07:30:51.721079+00:00"}
{"asctime": "2025-08-10 09:30:51,721", "levelname": "INFO", "name": "AresGlobal", "message": "[SYSTEM] Log directory: log", "correlation_id": "c511f2e6-64ee-4821-8d19-49faec92caef", "session_id": "5fc8fb95-af4d-4c9b-9177-324bde9650a7", "timestamp": "2025-08-10T07:30:51.721179+00:00"}
{"asctime": "2025-08-10 09:30:51,721", "levelname": "INFO", "name": "AresGlobal", "message": "[SYSTEM] ================================================================================", "correlation_id": "c511f2e6-64ee-4821-8d19-49faec92caef", "session_id": "5fc8fb95-af4d-4c9b-9177-324bde9650a7", "timestamp": "2025-08-10T07:30:51.721278+00:00"}
{"asctime": "2025-08-10 09:30:51,721", "levelname": "INFO", "name": "AresGlobal.AresLauncher", "message": "🚀 Running enhanced 16-step training pipeline for ETHUSDT on BINANCE", "correlation_id": "c511f2e6-64ee-4821-8d19-49faec92caef", "session_id": "5fc8fb95-af4d-4c9b-9177-324bde9650a7", "timestamp": "2025-08-10T07:30:51.721350+00:00"}
{"asctime": "2025-08-10 09:30:51,721", "levelname": "INFO", "name": "AresGlobal.AresLauncher", "message": "Starting from step: step2_market_regime_classification", "correlation_id": "c511f2e6-64ee-4821-8d19-49faec92caef", "session_id": "5fc8fb95-af4d-4c9b-9177-324bde9650a7", "timestamp": "2025-08-10T07:30:51.721405+00:00"}
{"asctime": "2025-08-10 09:30:51,721", "levelname": "INFO", "name": "AresGlobal.AresLauncher", "message": "🧪 BLANK TRAINING MODE: Set BLANK_TRAINING_MODE=1 for step-based training", "correlation_id": "c511f2e6-64ee-4821-8d19-49faec92caef", "session_id": "5fc8fb95-af4d-4c9b-9177-324bde9650a7", "timestamp": "2025-08-10T07:30:51.721460+00:00"}
{"asctime": "2025-08-10 09:30:51,722", "levelname": "INFO", "name": "AresGlobal.AresLauncher", "message": "📁 Using pre-consolidated data for step2", "correlation_id": "c511f2e6-64ee-4821-8d19-49faec92caef", "session_id": "5fc8fb95-af4d-4c9b-9177-324bde9650a7", "timestamp": "2025-08-10T07:30:51.722762+00:00"}
{"asctime": "2025-08-10 09:30:51,722", "levelname": "INFO", "name": "AresGlobal.AresLauncher", "message": "✅ Found consolidated data: data_cache/aggtrades_BINANCE_ETHUSDT_consolidated.parquet", "correlation_id": "c511f2e6-64ee-4821-8d19-49faec92caef", "session_id": "5fc8fb95-af4d-4c9b-9177-324bde9650a7", "timestamp": "2025-08-10T07:30:51.722838+00:00"}
{"asctime": "2025-08-10 09:30:53,462", "levelname": "INFO", "name": "AresGlobal.AresLauncher", "message": "📊 Consolidated trade rows: 17744326", "correlation_id": "c511f2e6-64ee-4821-8d19-49faec92caef", "session_id": "5fc8fb95-af4d-4c9b-9177-324bde9650a7", "timestamp": "2025-08-10T07:30:53.462937+00:00"}
{"asctime": "2025-08-10 09:30:53,466", "levelname": "INFO", "name": "AresGlobal.ProgressManager", "message": "Initialized ProgressManager for ETHUSDT on BINANCE", "correlation_id": "c511f2e6-64ee-4821-8d19-49faec92caef", "session_id": "5fc8fb95-af4d-4c9b-9177-324bde9650a7", "timestamp": "2025-08-10T07:30:53.466167+00:00"}
{"asctime": "2025-08-10 09:30:53,466", "levelname": "INFO", "name": "AresGlobal.ProgressManager", "message": "Progress directory: data/training/progress/BINANCE_ETHUSDT", "correlation_id": "c511f2e6-64ee-4821-8d19-49faec92caef", "session_id": "5fc8fb95-af4d-4c9b-9177-324bde9650a7", "timestamp": "2025-08-10T07:30:53.466366+00:00"}
{"asctime": "2025-08-10 09:30:53,466", "levelname": "INFO", "name": "AresGlobal.StepOrchestrator", "message": "Initialized StepOrchestrator for ETHUSDT on BINANCE", "correlation_id": "c511f2e6-64ee-4821-8d19-49faec92caef", "session_id": "5fc8fb95-af4d-4c9b-9177-324bde9650a7", "timestamp": "2025-08-10T07:30:53.466441+00:00"}
{"asctime": "2025-08-10 09:30:53,466", "levelname": "INFO", "name": "AresGlobal.StepOrchestrator", "message": "🚀 Starting execution from step: step2_market_regime_classification", "correlation_id": "c511f2e6-64ee-4821-8d19-49faec92caef", "session_id": "5fc8fb95-af4d-4c9b-9177-324bde9650a7", "timestamp": "2025-08-10T07:30:53.466633+00:00"}
{"asctime": "2025-08-10 09:30:55,923", "levelname": "INFO", "name": "AresGlobal.EnhancedTrainingManagerOptimized", "message": "Loaded optimization configuration", "correlation_id": "c511f2e6-64ee-4821-8d19-49faec92caef", "session_id": "5fc8fb95-af4d-4c9b-9177-324bde9650a7", "timestamp": "2025-08-10T07:30:55.923990+00:00"}
{"asctime": "2025-08-10 09:30:55,941", "levelname": "INFO", "name": "AresGlobal.StepOrchestrator", "message": "✅ Enhanced training manager setup successfully", "correlation_id": "c511f2e6-64ee-4821-8d19-49faec92caef", "session_id": "5fc8fb95-af4d-4c9b-9177-324bde9650a7", "timestamp": "2025-08-10T07:30:55.941107+00:00"}
{"asctime": "2025-08-10 09:30:55,942", "levelname": "INFO", "name": "AresGlobal.EnhancedTrainingManagerOptimized", "message": "🚀 Initializing Enhanced Training Manager with Optimizations...", "correlation_id": "c511f2e6-64ee-4821-8d19-49faec92caef", "session_id": "5fc8fb95-af4d-4c9b-9177-324bde9650a7", "timestamp": "2025-08-10T07:30:55.942351+00:00"}
{"asctime": "2025-08-10 09:30:55,952", "levelname": "INFO", "name": "AresGlobal.EnhancedTrainingManagerOptimized", "message": "✅ Parallel backtester initialized with 8 workers", "correlation_id": "c511f2e6-64ee-4821-8d19-49faec92caef", "session_id": "5fc8fb95-af4d-4c9b-9177-324bde9650a7", "timestamp": "2025-08-10T07:30:55.953095+00:00"}
{"asctime": "2025-08-10 09:30:55,954", "levelname": "INFO", "name": "AresGlobal.EnhancedTrainingManagerOptimized", "message": "✅ All optimization components initialized successfully", "correlation_id": "c511f2e6-64ee-4821-8d19-49faec92caef", "session_id": "5fc8fb95-af4d-4c9b-9177-324bde9650a7", "timestamp": "2025-08-10T07:30:55.954513+00:00"}
