2025-08-03 23:29:06,487 - AresGlobal - INFO - ================================================================================
2025-08-03 23:29:06,487 - AresGlobal - INFO - 📊 SESSION SUMMARY
2025-08-03 23:29:06,487 - AresGlobal - INFO - Session started: 2025-08-03 23:29:06
2025-08-03 23:29:06,487 - AresGlobal - INFO - Global log file: ares_global_20250803_232906.log
2025-08-03 23:29:06,487 - AresGlobal - INFO - This file contains ALL logs for this session
2025-08-03 23:29:06,487 - AresGlobal - INFO - ================================================================================
2025-08-03 23:29:06,487 - AresGlobal - INFO - [SYSTEM] ================================================================================
2025-08-03 23:29:06,487 - AresGlobal - INFO - [SYSTEM] 🚀 ARES LAUNCHER STARTED - Mode: INITIALIZATION
2025-08-03 23:29:06,487 - AresGlobal - INFO - [SYSTEM] Start time: 2025-08-03 23:29:06
2025-08-03 23:29:06,487 - AresGlobal - INFO - [SYSTEM] Log directory: log
2025-08-03 23:29:06,487 - AresGlobal - INFO - [SYSTEM] ================================================================================
2025-08-03 23:29:06,487 - AresGlobal.AresLauncher - INFO - ================================================================================
2025-08-03 23:29:06,487 - AresGlobal.AresLauncher - INFO - 🚀 ARES COMPREHENSIVE LAUNCHER
2025-08-03 23:29:06,487 - AresGlobal.AresLauncher - INFO - ================================================================================
2025-08-03 23:29:06,487 - AresGlobal.AresLauncher - INFO - Start time: 2025-08-03 23:29:06
2025-08-03 23:29:06,488 - AresGlobal.AresLauncher - INFO - Log directory: log
2025-08-03 23:29:06,488 - AresGlobal.AresLauncher - INFO - Log level: INFO
2025-08-03 23:29:06,488 - AresGlobal.AresLauncher - INFO - Global log file: ares_global_20250803_232906.log
2025-08-03 23:29:06,488 - AresGlobal.AresLauncher - INFO - ================================================================================
2025-08-03 23:29:06,488 - AresGlobal - INFO - [SYSTEM] ================================================================================
2025-08-03 23:29:06,488 - AresGlobal - INFO - [SYSTEM] 🚀 ARES LAUNCHER STARTED - Mode: load - Symbol: ETHUSDT - Exchange: BINANCE
2025-08-03 23:29:06,488 - AresGlobal - INFO - [SYSTEM] Start time: 2025-08-03 23:29:06
2025-08-03 23:29:06,488 - AresGlobal - INFO - [SYSTEM] Log directory: log
2025-08-03 23:29:06,488 - AresGlobal - INFO - [SYSTEM] ================================================================================
2025-08-03 23:29:06,488 - AresGlobal.AresLauncher - INFO - 📊 Running data loading and consolidation for ETHUSDT on BINANCE
2025-08-03 23:29:06,488 - AresGlobal.AresLauncher - INFO - ⏰ Start time: 2025-08-03 23:29:06
2025-08-03 23:29:06,488 - AresGlobal.AresLauncher - INFO - 🔧 Parameters: symbol=ETHUSDT, exchange=BINANCE, interval=1m, optimized=True, blank_mode=False
2025-08-03 23:29:06,488 - AresGlobal.AresLauncher - INFO - 🔄 Step 1: Downloading raw data...
2025-08-03 23:29:06,488 - AresGlobal.AresLauncher - INFO - 📋 Step 1.1: Preparing download environment...
2025-08-03 23:29:06,488 - AresGlobal.AresLauncher - INFO - 🚀 Using optimized data downloader with parallel processing
2025-08-03 23:29:06,488 - AresGlobal.AresLauncher - INFO - 📊 Standard mode: Using 2 years of data for comprehensive analysis
2025-08-03 23:29:06,488 - AresGlobal.AresLauncher - INFO - 🔧 Running download command: /opt/homebrew/Caskroom/miniforge/base/bin/python backtesting/ares_data_downloader_optimized.py --symbol ETHUSDT --exchange BINANCE --interval 1m --lookback-years 2
2025-08-03 23:29:06,488 - AresGlobal.AresLauncher - INFO - 📁 Working directory: /Users/remyroche/Documents/Ares
2025-08-03 23:29:06,488 - AresGlobal.AresLauncher - INFO - 🐍 Python executable: /opt/homebrew/Caskroom/miniforge/base/bin/python
2025-08-03 23:29:06,488 - AresGlobal.AresLauncher - INFO - ⏳ Starting download process...
2025-08-03 23:29:06,488 - AresGlobal.AresLauncher - INFO - ⏱️ Download start time: 23:29:06
2025-08-03 23:29:06,489 - AresGlobal.AresLauncher - INFO - 🔄 Starting optimized downloader subprocess...
2025-08-03 23:29:08,016 - AresGlobal.AresLauncher - INFO - ✅ Data download completed successfully
2025-08-03 23:29:08,016 - AresGlobal.AresLauncher - INFO - ⏱️ Download duration: 1.53 seconds
2025-08-03 23:29:08,016 - AresGlobal.AresLauncher - INFO - ⏱️ Download end time: 23:29:08
2025-08-03 23:29:08,016 - AresGlobal.AresLauncher - INFO - 📊 Download process completed with real-time output display
2025-08-03 23:29:08,016 - AresGlobal.AresLauncher - INFO - 🔄 Step 2: Consolidating and validating data...
2025-08-03 23:29:08,017 - AresGlobal.AresLauncher - INFO - 📋 Step 2.1: Preparing consolidation environment...
2025-08-03 23:29:08,017 - AresGlobal.AresLauncher - INFO - 🔧 Running consolidation command: /opt/homebrew/Caskroom/miniforge/base/bin/python src/training/steps/step1_data_collection.py ETHUSDT BINANCE 1000 data_cache 730
2025-08-03 23:29:08,017 - AresGlobal.AresLauncher - INFO - 📁 Consolidation script: src/training/steps/step1_data_collection.py
2025-08-03 23:29:08,017 - AresGlobal.AresLauncher - INFO - ⏳ Starting consolidation process...
2025-08-03 23:29:08,017 - AresGlobal.AresLauncher - INFO - ⏱️ Consolidation start time: 23:29:08
