{"asctime": "2025-08-10 10:11:11,893", "levelname": "INFO", "name": "AresGlobal", "message": "================================================================================", "correlation_id": "-", "session_id": "-", "timestamp": "2025-08-10T08:11:11.893390+00:00"}
{"asctime": "2025-08-10 10:11:11,893", "levelname": "INFO", "name": "AresGlobal", "message": "📊 SESSION SUMMARY", "correlation_id": "-", "session_id": "-", "timestamp": "2025-08-10T08:11:11.893482+00:00"}
{"asctime": "2025-08-10 10:11:11,893", "levelname": "INFO", "name": "AresGlobal", "message": "Session started: 2025-08-10 10:11:11", "correlation_id": "-", "session_id": "-", "timestamp": "2025-08-10T08:11:11.893558+00:00"}
{"asctime": "2025-08-10 10:11:11,893", "levelname": "INFO", "name": "AresGlobal", "message": "This file contains ALL logs for this session", "correlation_id": "-", "session_id": "-", "timestamp": "2025-08-10T08:11:11.893616+00:00"}
{"asctime": "2025-08-10 10:11:11,893", "levelname": "INFO", "name": "AresGlobal", "message": "================================================================================", "correlation_id": "-", "session_id": "-", "timestamp": "2025-08-10T08:11:11.893672+00:00"}
{"asctime": "2025-08-10 10:11:11,894", "levelname": "INFO", "name": "AresGlobal", "message": "Applied NumPy RNG unpickle compatibility shim (ModelManager)", "correlation_id": "-", "session_id": "-", "timestamp": "2025-08-10T08:11:11.894660+00:00"}
{"asctime": "2025-08-10 10:11:11,894", "levelname": "INFO", "name": "AresGlobal", "message": "[SYSTEM] ================================================================================", "correlation_id": "-", "session_id": "-", "timestamp": "2025-08-10T08:11:11.894899+00:00"}
{"asctime": "2025-08-10 10:11:11,895", "levelname": "INFO", "name": "AresGlobal", "message": "[SYSTEM] 🚀 ARES LAUNCHER STARTED - Mode: INITIALIZATION", "correlation_id": "-", "session_id": "-", "timestamp": "2025-08-10T08:11:11.895015+00:00"}
{"asctime": "2025-08-10 10:11:11,895", "levelname": "INFO", "name": "AresGlobal", "message": "[SYSTEM] Start time: 2025-08-10 10:11:11", "correlation_id": "-", "session_id": "-", "timestamp": "2025-08-10T08:11:11.895137+00:00"}
{"asctime": "2025-08-10 10:11:11,895", "levelname": "INFO", "name": "AresGlobal", "message": "[SYSTEM] Log directory: log", "correlation_id": "-", "session_id": "-", "timestamp": "2025-08-10T08:11:11.895246+00:00"}
{"asctime": "2025-08-10 10:11:11,895", "levelname": "INFO", "name": "AresGlobal", "message": "[SYSTEM] ================================================================================", "correlation_id": "-", "session_id": "-", "timestamp": "2025-08-10T08:11:11.895348+00:00"}
{"asctime": "2025-08-10 10:11:11,895", "levelname": "INFO", "name": "AresGlobal.AresLauncher", "message": "================================================================================", "correlation_id": "-", "session_id": "-", "timestamp": "2025-08-10T08:11:11.895401+00:00"}
{"asctime": "2025-08-10 10:11:11,895", "levelname": "INFO", "name": "AresGlobal.AresLauncher", "message": "🚀 ARES COMPREHENSIVE LAUNCHER", "correlation_id": "-", "session_id": "-", "timestamp": "2025-08-10T08:11:11.895455+00:00"}
{"asctime": "2025-08-10 10:11:11,895", "levelname": "INFO", "name": "AresGlobal.AresLauncher", "message": "================================================================================", "correlation_id": "-", "session_id": "-", "timestamp": "2025-08-10T08:11:11.895511+00:00"}
{"asctime": "2025-08-10 10:11:11,895", "levelname": "INFO", "name": "AresGlobal.AresLauncher", "message": "Start time: 2025-08-10 10:11:11", "correlation_id": "-", "session_id": "-", "timestamp": "2025-08-10T08:11:11.895566+00:00"}
{"asctime": "2025-08-10 10:11:11,895", "levelname": "INFO", "name": "AresGlobal.AresLauncher", "message": "Log directory: log", "correlation_id": "-", "session_id": "-", "timestamp": "2025-08-10T08:11:11.895616+00:00"}
{"asctime": "2025-08-10 10:11:11,895", "levelname": "INFO", "name": "AresGlobal.AresLauncher", "message": "Log level: INFO", "correlation_id": "-", "session_id": "-", "timestamp": "2025-08-10T08:11:11.895667+00:00"}
{"asctime": "2025-08-10 10:11:11,895", "levelname": "INFO", "name": "AresGlobal.AresLauncher", "message": "Global log file: ares_global_20250810_101111.log", "correlation_id": "-", "session_id": "-", "timestamp": "2025-08-10T08:11:11.895728+00:00"}
{"asctime": "2025-08-10 10:11:11,895", "levelname": "INFO", "name": "AresGlobal.AresLauncher", "message": "================================================================================", "correlation_id": "-", "session_id": "-", "timestamp": "2025-08-10T08:11:11.895778+00:00"}
{"asctime": "2025-08-10 10:11:11,895", "levelname": "INFO", "name": "AresGlobal", "message": "[SYSTEM] ================================================================================", "correlation_id": "00b04ff4-98df-4f9f-a4b6-abff718209bd", "session_id": "10b08d49-56c8-4075-8d0b-41022650495e", "timestamp": "2025-08-10T08:11:11.895980+00:00"}
{"asctime": "2025-08-10 10:11:11,896", "levelname": "INFO", "name": "AresGlobal", "message": "[SYSTEM] 🚀 ARES LAUNCHER STARTED - Mode: blank - Symbol: ETHUSDT - Exchange: BINANCE", "correlation_id": "00b04ff4-98df-4f9f-a4b6-abff718209bd", "session_id": "10b08d49-56c8-4075-8d0b-41022650495e", "timestamp": "2025-08-10T08:11:11.896185+00:00"}
{"asctime": "2025-08-10 10:11:11,896", "levelname": "INFO", "name": "AresGlobal", "message": "[SYSTEM] Start time: 2025-08-10 10:11:11", "correlation_id": "00b04ff4-98df-4f9f-a4b6-abff718209bd", "session_id": "10b08d49-56c8-4075-8d0b-41022650495e", "timestamp": "2025-08-10T08:11:11.896344+00:00"}
{"asctime": "2025-08-10 10:11:11,896", "levelname": "INFO", "name": "AresGlobal", "message": "[SYSTEM] Log directory: log", "correlation_id": "00b04ff4-98df-4f9f-a4b6-abff718209bd", "session_id": "10b08d49-56c8-4075-8d0b-41022650495e", "timestamp": "2025-08-10T08:11:11.896465+00:00"}
{"asctime": "2025-08-10 10:11:11,896", "levelname": "INFO", "name": "AresGlobal", "message": "[SYSTEM] ================================================================================", "correlation_id": "00b04ff4-98df-4f9f-a4b6-abff718209bd", "session_id": "10b08d49-56c8-4075-8d0b-41022650495e", "timestamp": "2025-08-10T08:11:11.896573+00:00"}
{"asctime": "2025-08-10 10:11:11,896", "levelname": "INFO", "name": "AresGlobal.AresLauncher", "message": "🚀 Running enhanced 16-step training pipeline for ETHUSDT on BINANCE", "correlation_id": "00b04ff4-98df-4f9f-a4b6-abff718209bd", "session_id": "10b08d49-56c8-4075-8d0b-41022650495e", "timestamp": "2025-08-10T08:11:11.896654+00:00"}
{"asctime": "2025-08-10 10:11:11,896", "levelname": "INFO", "name": "AresGlobal.AresLauncher", "message": "Starting from step: step2_market_regime_classification", "correlation_id": "00b04ff4-98df-4f9f-a4b6-abff718209bd", "session_id": "10b08d49-56c8-4075-8d0b-41022650495e", "timestamp": "2025-08-10T08:11:11.896718+00:00"}
{"asctime": "2025-08-10 10:11:11,896", "levelname": "INFO", "name": "AresGlobal.AresLauncher", "message": "🧪 BLANK TRAINING MODE: Set BLANK_TRAINING_MODE=1 for step-based training", "correlation_id": "00b04ff4-98df-4f9f-a4b6-abff718209bd", "session_id": "10b08d49-56c8-4075-8d0b-41022650495e", "timestamp": "2025-08-10T08:11:11.896779+00:00"}
{"asctime": "2025-08-10 10:11:11,898", "levelname": "INFO", "name": "AresGlobal.AresLauncher", "message": "📁 Using pre-consolidated data for step2", "correlation_id": "00b04ff4-98df-4f9f-a4b6-abff718209bd", "session_id": "10b08d49-56c8-4075-8d0b-41022650495e", "timestamp": "2025-08-10T08:11:11.898467+00:00"}
{"asctime": "2025-08-10 10:11:11,898", "levelname": "INFO", "name": "AresGlobal.AresLauncher", "message": "✅ Found consolidated data: data_cache/aggtrades_BINANCE_ETHUSDT_consolidated.parquet", "correlation_id": "00b04ff4-98df-4f9f-a4b6-abff718209bd", "session_id": "10b08d49-56c8-4075-8d0b-41022650495e", "timestamp": "2025-08-10T08:11:11.898629+00:00"}
{"asctime": "2025-08-10 10:11:12,876", "levelname": "INFO", "name": "AresGlobal.AresLauncher", "message": "📊 Consolidated trade rows: 17744326", "correlation_id": "00b04ff4-98df-4f9f-a4b6-abff718209bd", "session_id": "10b08d49-56c8-4075-8d0b-41022650495e", "timestamp": "2025-08-10T08:11:12.876296+00:00"}
{"asctime": "2025-08-10 10:11:12,879", "levelname": "INFO", "name": "AresGlobal.ProgressManager", "message": "Initialized ProgressManager for ETHUSDT on BINANCE", "correlation_id": "00b04ff4-98df-4f9f-a4b6-abff718209bd", "session_id": "10b08d49-56c8-4075-8d0b-41022650495e", "timestamp": "2025-08-10T08:11:12.879235+00:00"}
{"asctime": "2025-08-10 10:11:12,879", "levelname": "INFO", "name": "AresGlobal.ProgressManager", "message": "Progress directory: data/training/progress/BINANCE_ETHUSDT", "correlation_id": "00b04ff4-98df-4f9f-a4b6-abff718209bd", "session_id": "10b08d49-56c8-4075-8d0b-41022650495e", "timestamp": "2025-08-10T08:11:12.879408+00:00"}
{"asctime": "2025-08-10 10:11:12,879", "levelname": "INFO", "name": "AresGlobal.StepOrchestrator", "message": "Initialized StepOrchestrator for ETHUSDT on BINANCE", "correlation_id": "00b04ff4-98df-4f9f-a4b6-abff718209bd", "session_id": "10b08d49-56c8-4075-8d0b-41022650495e", "timestamp": "2025-08-10T08:11:12.879491+00:00"}
{"asctime": "2025-08-10 10:11:12,879", "levelname": "INFO", "name": "AresGlobal.StepOrchestrator", "message": "🚀 Starting execution from step: step2_market_regime_classification", "correlation_id": "00b04ff4-98df-4f9f-a4b6-abff718209bd", "session_id": "10b08d49-56c8-4075-8d0b-41022650495e", "timestamp": "2025-08-10T08:11:12.879686+00:00"}
{"asctime": "2025-08-10 10:11:14,957", "levelname": "INFO", "name": "AresGlobal.EnhancedTrainingManagerOptimized", "message": "Loaded optimization configuration", "correlation_id": "00b04ff4-98df-4f9f-a4b6-abff718209bd", "session_id": "10b08d49-56c8-4075-8d0b-41022650495e", "timestamp": "2025-08-10T08:11:14.957350+00:00"}
{"asctime": "2025-08-10 10:11:14,960", "levelname": "INFO", "name": "AresGlobal.StepOrchestrator", "message": "✅ Enhanced training manager setup successfully", "correlation_id": "00b04ff4-98df-4f9f-a4b6-abff718209bd", "session_id": "10b08d49-56c8-4075-8d0b-41022650495e", "timestamp": "2025-08-10T08:11:14.960028+00:00"}
{"asctime": "2025-08-10 10:11:14,960", "levelname": "INFO", "name": "AresGlobal.EnhancedTrainingManagerOptimized", "message": "🚀 Initializing Enhanced Training Manager with Optimizations...", "correlation_id": "00b04ff4-98df-4f9f-a4b6-abff718209bd", "session_id": "10b08d49-56c8-4075-8d0b-41022650495e", "timestamp": "2025-08-10T08:11:14.960742+00:00"}
{"asctime": "2025-08-10 10:11:14,972", "levelname": "INFO", "name": "AresGlobal.EnhancedTrainingManagerOptimized", "message": "✅ Parallel backtester initialized with 8 workers", "correlation_id": "00b04ff4-98df-4f9f-a4b6-abff718209bd", "session_id": "10b08d49-56c8-4075-8d0b-41022650495e", "timestamp": "2025-08-10T08:11:14.972892+00:00"}
{"asctime": "2025-08-10 10:11:14,973", "levelname": "INFO", "name": "AresGlobal.EnhancedTrainingManagerOptimized", "message": "✅ All optimization components initialized successfully", "correlation_id": "00b04ff4-98df-4f9f-a4b6-abff718209bd", "session_id": "10b08d49-56c8-4075-8d0b-41022650495e", "timestamp": "2025-08-10T08:11:14.973486+00:00"}
{"asctime": "2025-08-10 10:11:34,025", "levelname": "INFO", "name": "AresGlobal.StepOrchestrator", "message": "\u001b[91m\u001b[1m❌\u001b[0m \u001b[91m\u001b[1m❌ Enhanced 16-step training pipeline failed\u001b[0m", "correlation_id": "00b04ff4-98df-4f9f-a4b6-abff718209bd", "session_id": "10b08d49-56c8-4075-8d0b-41022650495e", "timestamp": "2025-08-10T08:11:34.025581+00:00"}
{"asctime": "2025-08-10 10:11:34,027", "levelname": "INFO", "name": "AresGlobal.AresLauncher", "message": "\u001b[91m\u001b[1m❌\u001b[0m \u001b[91m\u001b[1m❌ Enhanced 16-step training pipeline failed\u001b[0m", "correlation_id": "00b04ff4-98df-4f9f-a4b6-abff718209bd", "session_id": "10b08d49-56c8-4075-8d0b-41022650495e", "timestamp": "2025-08-10T08:11:34.027020+00:00"}
{"asctime": "2025-08-10 10:11:34,027", "levelname": "INFO", "name": "AresGlobal", "message": "[SYSTEM] ================================================================================", "correlation_id": "00b04ff4-98df-4f9f-a4b6-abff718209bd", "session_id": "10b08d49-56c8-4075-8d0b-41022650495e", "timestamp": "2025-08-10T08:11:34.027561+00:00"}
{"asctime": "2025-08-10 10:11:34,027", "levelname": "INFO", "name": "AresGlobal", "message": "[SYSTEM] 🛑 ARES LAUNCHER ENDED - Exit code: 1", "correlation_id": "00b04ff4-98df-4f9f-a4b6-abff718209bd", "session_id": "10b08d49-56c8-4075-8d0b-41022650495e", "timestamp": "2025-08-10T08:11:34.027729+00:00"}
{"asctime": "2025-08-10 10:11:34,027", "levelname": "INFO", "name": "AresGlobal", "message": "[SYSTEM] End time: 2025-08-10 10:11:34", "correlation_id": "00b04ff4-98df-4f9f-a4b6-abff718209bd", "session_id": "10b08d49-56c8-4075-8d0b-41022650495e", "timestamp": "2025-08-10T08:11:34.027859+00:00"}
{"asctime": "2025-08-10 10:11:34,027", "levelname": "INFO", "name": "AresGlobal", "message": "[SYSTEM] ================================================================================", "correlation_id": "00b04ff4-98df-4f9f-a4b6-abff718209bd", "session_id": "10b08d49-56c8-4075-8d0b-41022650495e", "timestamp": "2025-08-10T08:11:34.027971+00:00"}
{"asctime": "2025-08-10 10:11:34,028", "levelname": "INFO", "name": "AresGlobal.AresLauncher", "message": "🧹 Cleaning up processes...", "correlation_id": "00b04ff4-98df-4f9f-a4b6-abff718209bd", "session_id": "10b08d49-56c8-4075-8d0b-41022650495e", "timestamp": "2025-08-10T08:11:34.028052+00:00"}
{"asctime": "2025-08-10 10:11:34,028", "levelname": "INFO", "name": "AresGlobal.AresLauncher", "message": "✅ Cleanup completed", "correlation_id": "00b04ff4-98df-4f9f-a4b6-abff718209bd", "session_id": "10b08d49-56c8-4075-8d0b-41022650495e", "timestamp": "2025-08-10T08:11:34.028121+00:00"}
