{"asctime": "2025-08-10 09:36:46,691", "levelname": "INFO", "name": "AresGlobal", "message": "================================================================================", "correlation_id": "-", "session_id": "-", "timestamp": "2025-08-10T07:36:46.691557+00:00"}
{"asctime": "2025-08-10 09:36:46,691", "levelname": "INFO", "name": "AresGlobal", "message": "📊 SESSION SUMMARY", "correlation_id": "-", "session_id": "-", "timestamp": "2025-08-10T07:36:46.691805+00:00"}
{"asctime": "2025-08-10 09:36:46,691", "levelname": "INFO", "name": "AresGlobal", "message": "Session started: 2025-08-10 09:36:46", "correlation_id": "-", "session_id": "-", "timestamp": "2025-08-10T07:36:46.691907+00:00"}
{"asctime": "2025-08-10 09:36:46,691", "levelname": "INFO", "name": "AresGlobal", "message": "This file contains ALL logs for this session", "correlation_id": "-", "session_id": "-", "timestamp": "2025-08-10T07:36:46.691971+00:00"}
{"asctime": "2025-08-10 09:36:46,692", "levelname": "INFO", "name": "AresGlobal", "message": "================================================================================", "correlation_id": "-", "session_id": "-", "timestamp": "2025-08-10T07:36:46.692031+00:00"}
{"asctime": "2025-08-10 09:36:46,692", "levelname": "INFO", "name": "AresGlobal", "message": "Applied NumPy RNG unpickle compatibility shim (ModelManager)", "correlation_id": "-", "session_id": "-", "timestamp": "2025-08-10T07:36:46.692656+00:00"}
{"asctime": "2025-08-10 09:36:46,692", "levelname": "INFO", "name": "AresGlobal", "message": "[SYSTEM] ================================================================================", "correlation_id": "-", "session_id": "-", "timestamp": "2025-08-10T07:36:46.692837+00:00"}
{"asctime": "2025-08-10 09:36:46,692", "levelname": "INFO", "name": "AresGlobal", "message": "[SYSTEM] 🚀 ARES LAUNCHER STARTED - Mode: INITIALIZATION", "correlation_id": "-", "session_id": "-", "timestamp": "2025-08-10T07:36:46.692958+00:00"}
{"asctime": "2025-08-10 09:36:46,693", "levelname": "INFO", "name": "AresGlobal", "message": "[SYSTEM] Start time: 2025-08-10 09:36:46", "correlation_id": "-", "session_id": "-", "timestamp": "2025-08-10T07:36:46.693077+00:00"}
{"asctime": "2025-08-10 09:36:46,693", "levelname": "INFO", "name": "AresGlobal", "message": "[SYSTEM] Log directory: log", "correlation_id": "-", "session_id": "-", "timestamp": "2025-08-10T07:36:46.693182+00:00"}
{"asctime": "2025-08-10 09:36:46,693", "levelname": "INFO", "name": "AresGlobal", "message": "[SYSTEM] ================================================================================", "correlation_id": "-", "session_id": "-", "timestamp": "2025-08-10T07:36:46.693288+00:00"}
{"asctime": "2025-08-10 09:36:46,693", "levelname": "INFO", "name": "AresGlobal.AresLauncher", "message": "================================================================================", "correlation_id": "-", "session_id": "-", "timestamp": "2025-08-10T07:36:46.693339+00:00"}
{"asctime": "2025-08-10 09:36:46,693", "levelname": "INFO", "name": "AresGlobal.AresLauncher", "message": "🚀 ARES COMPREHENSIVE LAUNCHER", "correlation_id": "-", "session_id": "-", "timestamp": "2025-08-10T07:36:46.693392+00:00"}
{"asctime": "2025-08-10 09:36:46,693", "levelname": "INFO", "name": "AresGlobal.AresLauncher", "message": "================================================================================", "correlation_id": "-", "session_id": "-", "timestamp": "2025-08-10T07:36:46.693446+00:00"}
{"asctime": "2025-08-10 09:36:46,693", "levelname": "INFO", "name": "AresGlobal.AresLauncher", "message": "Start time: 2025-08-10 09:36:46", "correlation_id": "-", "session_id": "-", "timestamp": "2025-08-10T07:36:46.693501+00:00"}
{"asctime": "2025-08-10 09:36:46,693", "levelname": "INFO", "name": "AresGlobal.AresLauncher", "message": "Log directory: log", "correlation_id": "-", "session_id": "-", "timestamp": "2025-08-10T07:36:46.693550+00:00"}
{"asctime": "2025-08-10 09:36:46,693", "levelname": "INFO", "name": "AresGlobal.AresLauncher", "message": "Log level: INFO", "correlation_id": "-", "session_id": "-", "timestamp": "2025-08-10T07:36:46.693604+00:00"}
{"asctime": "2025-08-10 09:36:46,693", "levelname": "INFO", "name": "AresGlobal.AresLauncher", "message": "Global log file: ares_global_20250810_093646.log", "correlation_id": "-", "session_id": "-", "timestamp": "2025-08-10T07:36:46.693665+00:00"}
{"asctime": "2025-08-10 09:36:46,693", "levelname": "INFO", "name": "AresGlobal.AresLauncher", "message": "================================================================================", "correlation_id": "-", "session_id": "-", "timestamp": "2025-08-10T07:36:46.693717+00:00"}
{"asctime": "2025-08-10 09:36:46,693", "levelname": "INFO", "name": "AresGlobal", "message": "[SYSTEM] ================================================================================", "correlation_id": "bd8a17e6-ad63-449a-bf36-b2abe7f1008f", "session_id": "0fee637f-9659-48d1-bd9e-131eaf5710cd", "timestamp": "2025-08-10T07:36:46.693929+00:00"}
{"asctime": "2025-08-10 09:36:46,694", "levelname": "INFO", "name": "AresGlobal", "message": "[SYSTEM] 🚀 ARES LAUNCHER STARTED - Mode: blank - Symbol: ETHUSDT - Exchange: BINANCE", "correlation_id": "bd8a17e6-ad63-449a-bf36-b2abe7f1008f", "session_id": "0fee637f-9659-48d1-bd9e-131eaf5710cd", "timestamp": "2025-08-10T07:36:46.694038+00:00"}
{"asctime": "2025-08-10 09:36:46,694", "levelname": "INFO", "name": "AresGlobal", "message": "[SYSTEM] Start time: 2025-08-10 09:36:46", "correlation_id": "bd8a17e6-ad63-449a-bf36-b2abe7f1008f", "session_id": "0fee637f-9659-48d1-bd9e-131eaf5710cd", "timestamp": "2025-08-10T07:36:46.694148+00:00"}
{"asctime": "2025-08-10 09:36:46,694", "levelname": "INFO", "name": "AresGlobal", "message": "[SYSTEM] Log directory: log", "correlation_id": "bd8a17e6-ad63-449a-bf36-b2abe7f1008f", "session_id": "0fee637f-9659-48d1-bd9e-131eaf5710cd", "timestamp": "2025-08-10T07:36:46.694249+00:00"}
{"asctime": "2025-08-10 09:36:46,694", "levelname": "INFO", "name": "AresGlobal", "message": "[SYSTEM] ================================================================================", "correlation_id": "bd8a17e6-ad63-449a-bf36-b2abe7f1008f", "session_id": "0fee637f-9659-48d1-bd9e-131eaf5710cd", "timestamp": "2025-08-10T07:36:46.694347+00:00"}
{"asctime": "2025-08-10 09:36:46,694", "levelname": "INFO", "name": "AresGlobal.AresLauncher", "message": "🚀 Running enhanced 16-step training pipeline for ETHUSDT on BINANCE", "correlation_id": "bd8a17e6-ad63-449a-bf36-b2abe7f1008f", "session_id": "0fee637f-9659-48d1-bd9e-131eaf5710cd", "timestamp": "2025-08-10T07:36:46.694422+00:00"}
{"asctime": "2025-08-10 09:36:46,694", "levelname": "INFO", "name": "AresGlobal.AresLauncher", "message": "Starting from step: step2_market_regime_classification", "correlation_id": "bd8a17e6-ad63-449a-bf36-b2abe7f1008f", "session_id": "0fee637f-9659-48d1-bd9e-131eaf5710cd", "timestamp": "2025-08-10T07:36:46.694479+00:00"}
{"asctime": "2025-08-10 09:36:46,694", "levelname": "INFO", "name": "AresGlobal.AresLauncher", "message": "🧪 BLANK TRAINING MODE: Set BLANK_TRAINING_MODE=1 for step-based training", "correlation_id": "bd8a17e6-ad63-449a-bf36-b2abe7f1008f", "session_id": "0fee637f-9659-48d1-bd9e-131eaf5710cd", "timestamp": "2025-08-10T07:36:46.694537+00:00"}
{"asctime": "2025-08-10 09:36:46,695", "levelname": "INFO", "name": "AresGlobal.AresLauncher", "message": "📁 Using pre-consolidated data for step2", "correlation_id": "bd8a17e6-ad63-449a-bf36-b2abe7f1008f", "session_id": "0fee637f-9659-48d1-bd9e-131eaf5710cd", "timestamp": "2025-08-10T07:36:46.695333+00:00"}
{"asctime": "2025-08-10 09:36:46,695", "levelname": "INFO", "name": "AresGlobal.AresLauncher", "message": "✅ Found consolidated data: data_cache/aggtrades_BINANCE_ETHUSDT_consolidated.parquet", "correlation_id": "bd8a17e6-ad63-449a-bf36-b2abe7f1008f", "session_id": "0fee637f-9659-48d1-bd9e-131eaf5710cd", "timestamp": "2025-08-10T07:36:46.695417+00:00"}
{"asctime": "2025-08-10 09:36:47,363", "levelname": "INFO", "name": "AresGlobal.AresLauncher", "message": "📊 Consolidated trade rows: 17744326", "correlation_id": "bd8a17e6-ad63-449a-bf36-b2abe7f1008f", "session_id": "0fee637f-9659-48d1-bd9e-131eaf5710cd", "timestamp": "2025-08-10T07:36:47.363666+00:00"}
{"asctime": "2025-08-10 09:36:47,366", "levelname": "INFO", "name": "AresGlobal.ProgressManager", "message": "Initialized ProgressManager for ETHUSDT on BINANCE", "correlation_id": "bd8a17e6-ad63-449a-bf36-b2abe7f1008f", "session_id": "0fee637f-9659-48d1-bd9e-131eaf5710cd", "timestamp": "2025-08-10T07:36:47.366973+00:00"}
{"asctime": "2025-08-10 09:36:47,367", "levelname": "INFO", "name": "AresGlobal.ProgressManager", "message": "Progress directory: data/training/progress/BINANCE_ETHUSDT", "correlation_id": "bd8a17e6-ad63-449a-bf36-b2abe7f1008f", "session_id": "0fee637f-9659-48d1-bd9e-131eaf5710cd", "timestamp": "2025-08-10T07:36:47.367062+00:00"}
{"asctime": "2025-08-10 09:36:47,367", "levelname": "INFO", "name": "AresGlobal.StepOrchestrator", "message": "Initialized StepOrchestrator for ETHUSDT on BINANCE", "correlation_id": "bd8a17e6-ad63-449a-bf36-b2abe7f1008f", "session_id": "0fee637f-9659-48d1-bd9e-131eaf5710cd", "timestamp": "2025-08-10T07:36:47.367131+00:00"}
{"asctime": "2025-08-10 09:36:47,367", "levelname": "INFO", "name": "AresGlobal.StepOrchestrator", "message": "🚀 Starting execution from step: step2_market_regime_classification", "correlation_id": "bd8a17e6-ad63-449a-bf36-b2abe7f1008f", "session_id": "0fee637f-9659-48d1-bd9e-131eaf5710cd", "timestamp": "2025-08-10T07:36:47.367307+00:00"}
{"asctime": "2025-08-10 09:36:48,677", "levelname": "INFO", "name": "AresGlobal.EnhancedTrainingManagerOptimized", "message": "Loaded optimization configuration", "correlation_id": "bd8a17e6-ad63-449a-bf36-b2abe7f1008f", "session_id": "0fee637f-9659-48d1-bd9e-131eaf5710cd", "timestamp": "2025-08-10T07:36:48.677072+00:00"}
{"asctime": "2025-08-10 09:36:48,680", "levelname": "INFO", "name": "AresGlobal.StepOrchestrator", "message": "✅ Enhanced training manager setup successfully", "correlation_id": "bd8a17e6-ad63-449a-bf36-b2abe7f1008f", "session_id": "0fee637f-9659-48d1-bd9e-131eaf5710cd", "timestamp": "2025-08-10T07:36:48.680048+00:00"}
{"asctime": "2025-08-10 09:36:48,680", "levelname": "INFO", "name": "AresGlobal.EnhancedTrainingManagerOptimized", "message": "🚀 Initializing Enhanced Training Manager with Optimizations...", "correlation_id": "bd8a17e6-ad63-449a-bf36-b2abe7f1008f", "session_id": "0fee637f-9659-48d1-bd9e-131eaf5710cd", "timestamp": "2025-08-10T07:36:48.680757+00:00"}
{"asctime": "2025-08-10 09:36:48,689", "levelname": "INFO", "name": "AresGlobal.EnhancedTrainingManagerOptimized", "message": "✅ Parallel backtester initialized with 8 workers", "correlation_id": "bd8a17e6-ad63-449a-bf36-b2abe7f1008f", "session_id": "0fee637f-9659-48d1-bd9e-131eaf5710cd", "timestamp": "2025-08-10T07:36:48.689173+00:00"}
{"asctime": "2025-08-10 09:36:48,689", "levelname": "INFO", "name": "AresGlobal.EnhancedTrainingManagerOptimized", "message": "✅ All optimization components initialized successfully", "correlation_id": "bd8a17e6-ad63-449a-bf36-b2abe7f1008f", "session_id": "0fee637f-9659-48d1-bd9e-131eaf5710cd", "timestamp": "2025-08-10T07:36:48.689568+00:00"}
