{"asctime": "2025-08-12 20:52:02,319", "levelname": "INFO", "name": "AresTradingSystem", "message": "âœ… Enhanced Logger initialization completed successfully", "correlation_id": "-", "session_id": "-", "timestamp": "2025-08-12T18:52:02.319729+00:00"}
{"asctime": "2025-08-12 20:52:02,328", "levelname": "INFO", "name": "AresTradingSystem.System", "message": "Environment configuration loaded successfully. Trading Environment: PAPER, Exchange: BINANCE", "correlation_id": "-", "session_id": "-", "timestamp": "2025-08-12T18:52:02.328517+00:00"}
{"asctime": "2025-08-12 20:52:02,708", "levelname": "INFO", "name": "AresTradingSystem.System.SignalHandler", "message": "Initializing Signal Handler...", "correlation_id": "-", "session_id": "-", "timestamp": "2025-08-12T18:52:02.708727+00:00"}
{"asctime": "2025-08-12 20:52:02,709", "levelname": "INFO", "name": "AresTradingSystem.System.SignalHandler", "message": "Signal configuration loaded successfully", "correlation_id": "-", "session_id": "-", "timestamp": "2025-08-12T18:52:02.709014+00:00"}
{"asctime": "2025-08-12 20:52:02,709", "levelname": "INFO", "name": "AresTradingSystem.System.SignalHandler", "message": "Configuration validation successful", "correlation_id": "-", "session_id": "-", "timestamp": "2025-08-12T18:52:02.709151+00:00"}
{"asctime": "2025-08-12 20:52:02,709", "levelname": "INFO", "name": "AresTradingSystem.System.SignalHandler", "message": "Registered SIGTERM handler", "correlation_id": "-", "session_id": "-", "timestamp": "2025-08-12T18:52:02.709238+00:00"}
{"asctime": "2025-08-12 20:52:02,709", "levelname": "INFO", "name": "AresTradingSystem.System.SignalHandler", "message": "Registered SIGINT handler", "correlation_id": "-", "session_id": "-", "timestamp": "2025-08-12T18:52:02.709315+00:00"}
{"asctime": "2025-08-12 20:52:02,709", "levelname": "INFO", "name": "AresTradingSystem.System.SignalHandler", "message": "Signal handlers registered successfully", "correlation_id": "-", "session_id": "-", "timestamp": "2025-08-12T18:52:02.709383+00:00"}
{"asctime": "2025-08-12 20:52:02,709", "levelname": "INFO", "name": "AresTradingSystem.System.SignalHandler", "message": "âœ… Signal Handler initialization completed successfully", "correlation_id": "-", "session_id": "-", "timestamp": "2025-08-12T18:52:02.709458+00:00"}
{"asctime": "2025-08-12 20:52:02,711", "levelname": "INFO", "name": "AresTradingSystem.System.SignalHandler", "message": "Shutdown callback registered", "correlation_id": "-", "session_id": "-", "timestamp": "2025-08-12T18:52:02.711988+00:00"}
{"asctime": "2025-08-12 20:52:05,811", "levelname": "INFO", "name": "AresTradingSystem.System", "message": "Initializing Market Regime Classification Step...", "correlation_id": "-", "session_id": "-", "timestamp": "2025-08-12T18:52:05.811780+00:00"}
{"asctime": "2025-08-12 20:52:05,811", "levelname": "INFO", "name": "AresTradingSystem.System", "message": "Market Regime Classification Step initialized successfully", "correlation_id": "-", "session_id": "-", "timestamp": "2025-08-12T18:52:05.811993+00:00"}
{"asctime": "2025-08-12 20:52:05,812", "levelname": "INFO", "name": "AresTradingSystem.System", "message": "ðŸ”„ Executing Market Regime Classification...", "correlation_id": "-", "session_id": "-", "timestamp": "2025-08-12T18:52:05.812066+00:00"}
{"asctime": "2025-08-12 20:52:05,812", "levelname": "INFO", "name": "AresTradingSystem.System", "message": "ðŸ”„ Loading data using unified data loader...", "correlation_id": "-", "session_id": "-", "timestamp": "2025-08-12T18:52:05.812131+00:00"}
{"asctime": "2025-08-12 20:52:49,697", "levelname": "INFO", "name": "AresTradingSystem.System", "message": "âœ… Loaded unified data: 254697 rows", "correlation_id": "-", "session_id": "-", "timestamp": "2025-08-12T18:52:49.697928+00:00"}
{"asctime": "2025-08-12 20:52:49,698", "levelname": "INFO", "name": "AresTradingSystem.System", "message": "   Date range: 2025-02-13T20:53:00 to 2025-08-09T17:49:00", "correlation_id": "-", "session_id": "-", "timestamp": "2025-08-12T18:52:49.698043+00:00"}
{"asctime": "2025-08-12 20:52:49,698", "levelname": "INFO", "name": "AresTradingSystem.System", "message": "   Has aggtrades data: True", "correlation_id": "-", "session_id": "-", "timestamp": "2025-08-12T18:52:49.698114+00:00"}
{"asctime": "2025-08-12 20:52:49,698", "levelname": "INFO", "name": "AresTradingSystem.System", "message": "   Has futures data: True", "correlation_id": "-", "session_id": "-", "timestamp": "2025-08-12T18:52:49.698200+00:00"}
{"asctime": "2025-08-12 20:52:49,698", "levelname": "INFO", "name": "AresTradingSystem.System", "message": "ðŸ”„ Resampling data to 1h timeframe for regime classification...", "correlation_id": "-", "session_id": "-", "timestamp": "2025-08-12T18:52:49.698262+00:00"}
{"asctime": "2025-08-12 20:52:49,741", "levelname": "INFO", "name": "AresTradingSystem.System", "message": "âœ… Resampled to 1h: 4246 records", "correlation_id": "-", "session_id": "-", "timestamp": "2025-08-12T18:52:49.741710+00:00"}
{"asctime": "2025-08-12 20:52:49,741", "levelname": "INFO", "name": "AresTradingSystem.System", "message": "Classifying market regimes (EMA/ADX) for ETHUSDT on BINANCE...", "correlation_id": "-", "session_id": "-", "timestamp": "2025-08-12T18:52:49.741953+00:00"}
{"asctime": "2025-08-12 20:52:49,747", "levelname": "INFO", "name": "AresTradingSystem.System", "message": "Regime classification (EMA/ADX) completed. Found 3 distinct regimes", "correlation_id": "-", "session_id": "-", "timestamp": "2025-08-12T18:52:49.747840+00:00"}
{"asctime": "2025-08-12 20:52:49,760", "levelname": "INFO", "name": "AresTradingSystem.System", "message": "âœ… Saved regime classification results to parquet: data/training/BINANCE_ETHUSDT_regime_classification.parquet", "correlation_id": "-", "session_id": "-", "timestamp": "2025-08-12T18:52:49.760097+00:00"}
{"asctime": "2025-08-12 20:52:49,760", "levelname": "INFO", "name": "AresTradingSystem.System", "message": "âœ… Market regime classification completed. Results saved to data/training/BINANCE_ETHUSDT_regime_classification.json", "correlation_id": "-", "session_id": "-", "timestamp": "2025-08-12T18:52:49.760311+00:00"}
{"asctime": "2025-08-12 20:52:49,872", "levelname": "INFO", "name": "AresTradingSystem.System", "message": "Initializing Regime Data Splitting Step...", "correlation_id": "-", "session_id": "-", "timestamp": "2025-08-12T18:52:49.872787+00:00"}
{"asctime": "2025-08-12 20:52:49,872", "levelname": "INFO", "name": "AresTradingSystem.System", "message": "Regime Data Splitting Step initialized successfully", "correlation_id": "-", "session_id": "-", "timestamp": "2025-08-12T18:52:49.872920+00:00"}
{"asctime": "2025-08-12 20:52:49,872", "levelname": "INFO", "name": "AresTradingSystem.System", "message": "ðŸ”„ Loading unified data for regime data splitting...", "correlation_id": "-", "session_id": "-", "timestamp": "2025-08-12T18:52:49.872989+00:00"}
{"asctime": "2025-08-12 20:53:24,013", "levelname": "INFO", "name": "AresTradingSystem.System", "message": "âœ… Loaded unified data: 254697 rows", "correlation_id": "-", "session_id": "-", "timestamp": "2025-08-12T18:53:24.013537+00:00"}
{"asctime": "2025-08-12 20:53:24,013", "levelname": "INFO", "name": "AresTradingSystem.System", "message": "   Date range: 0 to 254696", "correlation_id": "-", "session_id": "-", "timestamp": "2025-08-12T18:53:24.013630+00:00"}
{"asctime": "2025-08-12 20:53:24,013", "levelname": "INFO", "name": "AresTradingSystem.System", "message": "   Has aggtrades data: False", "correlation_id": "-", "session_id": "-", "timestamp": "2025-08-12T18:53:24.013740+00:00"}
{"asctime": "2025-08-12 20:53:24,013", "levelname": "INFO", "name": "AresTradingSystem.System", "message": "   Has futures data: False", "correlation_id": "-", "session_id": "-", "timestamp": "2025-08-12T18:53:24.013807+00:00"}
{"asctime": "2025-08-12 20:53:24,013", "levelname": "INFO", "name": "AresTradingSystem.System", "message": "ðŸ“ Loading regime classification results from: data/training/BINANCE_ETHUSDT_regime_classification.parquet", "correlation_id": "-", "session_id": "-", "timestamp": "2025-08-12T18:53:24.013880+00:00"}
{"asctime": "2025-08-12 20:53:24,013", "levelname": "INFO", "name": "AresTradingSystem.System", "message": "   Trying direct pandas read...", "correlation_id": "-", "session_id": "-", "timestamp": "2025-08-12T18:53:24.013945+00:00"}
{"asctime": "2025-08-12 20:53:24,016", "levelname": "INFO", "name": "AresTradingSystem.System", "message": "   âœ… Successfully loaded with direct pandas read: (4246, 3)", "correlation_id": "-", "session_id": "-", "timestamp": "2025-08-12T18:53:24.016452+00:00"}
{"asctime": "2025-08-12 20:53:24,016", "levelname": "INFO", "name": "AresTradingSystem.System", "message": "âœ… Loaded regime classification data: 4246 rows", "correlation_id": "-", "session_id": "-", "timestamp": "2025-08-12T18:53:24.016633+00:00"}
{"asctime": "2025-08-12 20:53:24,016", "levelname": "INFO", "name": "AresTradingSystem.System", "message": "   Regimes found: ['SIDEWAYS', 'BULL', 'BEAR']", "correlation_id": "-", "session_id": "-", "timestamp": "2025-08-12T18:53:24.016853+00:00"}
{"asctime": "2025-08-12 20:53:24,136", "levelname": "WARNING", "name": "AresTradingSystem.System", "message": "\u001b[93m\u001b[1mâš ï¸\u001b[0m \u001b[93m\u001b[1mâš ï¸ SIDEWAYS ratio 72.8% > 40%; rebalancing to cap at 40%\u001b[0m", "correlation_id": "-", "session_id": "-", "timestamp": "2025-08-12T18:53:24.136297+00:00"}
{"asctime": "2025-08-12 20:53:24,257", "levelname": "INFO", "name": "AresTradingSystem.System", "message": "âœ… Applied soft rebalance to regime splits", "correlation_id": "-", "session_id": "-", "timestamp": "2025-08-12T18:53:24.257678+00:00"}
{"asctime": "2025-08-12 20:53:24,267", "levelname": "WARNING", "name": "AresTradingSystem.System", "message": "\u001b[93m\u001b[1mâš ï¸\u001b[0m \u001b[93m\u001b[1mâš ï¸ Applied hard cap: downsampled SIDEWAYS from 134578 to 101878 rows\u001b[0m", "correlation_id": "-", "session_id": "-", "timestamp": "2025-08-12T18:53:24.267484+00:00"}
{"asctime": "2025-08-12 20:53:24,267", "levelname": "INFO", "name": "AresTradingSystem.System", "message": "âœ… Successfully split data by regimes: 3 regimes", "correlation_id": "-", "session_id": "-", "timestamp": "2025-08-12T18:53:24.267756+00:00"}
{"asctime": "2025-08-12 20:53:24,362", "levelname": "INFO", "name": "AresTradingSystem.System", "message": "âœ… Saved SIDEWAYS regime data: 101878 rows -> data/training/regime_data/SIDEWAYS.parquet", "correlation_id": "-", "session_id": "-", "timestamp": "2025-08-12T18:53:24.362780+00:00"}
{"asctime": "2025-08-12 20:53:24,409", "levelname": "INFO", "name": "AresTradingSystem.System", "message": "âœ… Saved BULL regime data: 52251 rows -> data/training/regime_data/BULL.parquet", "correlation_id": "-", "session_id": "-", "timestamp": "2025-08-12T18:53:24.409442+00:00"}
{"asctime": "2025-08-12 20:53:24,466", "levelname": "INFO", "name": "AresTradingSystem.System", "message": "âœ… Saved BEAR regime data: 67868 rows -> data/training/regime_data/BEAR.parquet", "correlation_id": "-", "session_id": "-", "timestamp": "2025-08-12T18:53:24.466055+00:00"}
{"asctime": "2025-08-12 20:53:24,698", "levelname": "INFO", "name": "AresTradingSystem.System", "message": "âœ… Created train/validation/test splits:", "correlation_id": "-", "session_id": "-", "timestamp": "2025-08-12T18:53:24.698620+00:00"}
{"asctime": "2025-08-12 20:53:24,698", "levelname": "INFO", "name": "AresTradingSystem.System", "message": "   Train: 155397 rows -> data/training/BINANCE_ETHUSDT_train_data.parquet", "correlation_id": "-", "session_id": "-", "timestamp": "2025-08-12T18:53:24.698827+00:00"}
{"asctime": "2025-08-12 20:53:24,698", "levelname": "INFO", "name": "AresTradingSystem.System", "message": "   Validation: 33300 rows -> data/training/BINANCE_ETHUSDT_validation_data.parquet", "correlation_id": "-", "session_id": "-", "timestamp": "2025-08-12T18:53:24.698897+00:00"}
{"asctime": "2025-08-12 20:53:24,698", "levelname": "INFO", "name": "AresTradingSystem.System", "message": "   Test: 33300 rows -> data/training/BINANCE_ETHUSDT_test_data.parquet", "correlation_id": "-", "session_id": "-", "timestamp": "2025-08-12T18:53:24.698957+00:00"}
{"asctime": "2025-08-12 20:53:24,702", "levelname": "INFO", "name": "AresTradingSystem.System", "message": "ðŸ“Š Regime Data Splitting Results:", "correlation_id": "-", "session_id": "-", "timestamp": "2025-08-12T18:53:24.702694+00:00"}
{"asctime": "2025-08-12 20:53:24,702", "levelname": "INFO", "name": "AresTradingSystem.System", "message": "   SIDEWAYS: 101878 rows (45.9%)", "correlation_id": "-", "session_id": "-", "timestamp": "2025-08-12T18:53:24.702867+00:00"}
{"asctime": "2025-08-12 20:53:24,702", "levelname": "INFO", "name": "AresTradingSystem.System", "message": "   BULL: 52251 rows (23.5%)", "correlation_id": "-", "session_id": "-", "timestamp": "2025-08-12T18:53:24.702937+00:00"}
{"asctime": "2025-08-12 20:53:24,702", "levelname": "INFO", "name": "AresTradingSystem.System", "message": "   BEAR: 67868 rows (30.6%)", "correlation_id": "-", "session_id": "-", "timestamp": "2025-08-12T18:53:24.703000+00:00"}
{"asctime": "2025-08-12 20:53:24,703", "levelname": "INFO", "name": "AresTradingSystem.System", "message": "âœ… Regime data splitting completed successfully", "correlation_id": "-", "session_id": "-", "timestamp": "2025-08-12T18:53:24.703057+00:00"}
