{"asctime": "2025-08-10 09:31:48,144", "levelname": "INFO", "name": "AresGlobal", "message": "================================================================================", "correlation_id": "-", "session_id": "-", "timestamp": "2025-08-10T07:31:48.144542+00:00"}
{"asctime": "2025-08-10 09:31:48,144", "levelname": "INFO", "name": "AresGlobal", "message": "📊 SESSION SUMMARY", "correlation_id": "-", "session_id": "-", "timestamp": "2025-08-10T07:31:48.144661+00:00"}
{"asctime": "2025-08-10 09:31:48,144", "levelname": "INFO", "name": "AresGlobal", "message": "Session started: 2025-08-10 09:31:48", "correlation_id": "-", "session_id": "-", "timestamp": "2025-08-10T07:31:48.144746+00:00"}
{"asctime": "2025-08-10 09:31:48,144", "levelname": "INFO", "name": "AresGlobal", "message": "This file contains ALL logs for this session", "correlation_id": "-", "session_id": "-", "timestamp": "2025-08-10T07:31:48.144808+00:00"}
{"asctime": "2025-08-10 09:31:48,144", "levelname": "INFO", "name": "AresGlobal", "message": "================================================================================", "correlation_id": "-", "session_id": "-", "timestamp": "2025-08-10T07:31:48.144867+00:00"}
{"asctime": "2025-08-10 09:31:48,145", "levelname": "INFO", "name": "AresGlobal", "message": "Applied NumPy RNG unpickle compatibility shim (ModelManager)", "correlation_id": "-", "session_id": "-", "timestamp": "2025-08-10T07:31:48.145234+00:00"}
{"asctime": "2025-08-10 09:31:48,145", "levelname": "INFO", "name": "AresGlobal", "message": "[SYSTEM] ================================================================================", "correlation_id": "-", "session_id": "-", "timestamp": "2025-08-10T07:31:48.145368+00:00"}
{"asctime": "2025-08-10 09:31:48,145", "levelname": "INFO", "name": "AresGlobal", "message": "[SYSTEM] 🚀 ARES LAUNCHER STARTED - Mode: INITIALIZATION", "correlation_id": "-", "session_id": "-", "timestamp": "2025-08-10T07:31:48.145477+00:00"}
{"asctime": "2025-08-10 09:31:48,145", "levelname": "INFO", "name": "AresGlobal", "message": "[SYSTEM] Start time: 2025-08-10 09:31:48", "correlation_id": "-", "session_id": "-", "timestamp": "2025-08-10T07:31:48.145742+00:00"}
{"asctime": "2025-08-10 09:31:48,145", "levelname": "INFO", "name": "AresGlobal", "message": "[SYSTEM] Log directory: log", "correlation_id": "-", "session_id": "-", "timestamp": "2025-08-10T07:31:48.145973+00:00"}
{"asctime": "2025-08-10 09:31:48,146", "levelname": "INFO", "name": "AresGlobal", "message": "[SYSTEM] ================================================================================", "correlation_id": "-", "session_id": "-", "timestamp": "2025-08-10T07:31:48.146077+00:00"}
{"asctime": "2025-08-10 09:31:48,146", "levelname": "INFO", "name": "AresGlobal.AresLauncher", "message": "================================================================================", "correlation_id": "-", "session_id": "-", "timestamp": "2025-08-10T07:31:48.146129+00:00"}
{"asctime": "2025-08-10 09:31:48,146", "levelname": "INFO", "name": "AresGlobal.AresLauncher", "message": "🚀 ARES COMPREHENSIVE LAUNCHER", "correlation_id": "-", "session_id": "-", "timestamp": "2025-08-10T07:31:48.146180+00:00"}
{"asctime": "2025-08-10 09:31:48,146", "levelname": "INFO", "name": "AresGlobal.AresLauncher", "message": "================================================================================", "correlation_id": "-", "session_id": "-", "timestamp": "2025-08-10T07:31:48.146237+00:00"}
{"asctime": "2025-08-10 09:31:48,146", "levelname": "INFO", "name": "AresGlobal.AresLauncher", "message": "Start time: 2025-08-10 09:31:48", "correlation_id": "-", "session_id": "-", "timestamp": "2025-08-10T07:31:48.146294+00:00"}
{"asctime": "2025-08-10 09:31:48,146", "levelname": "INFO", "name": "AresGlobal.AresLauncher", "message": "Log directory: log", "correlation_id": "-", "session_id": "-", "timestamp": "2025-08-10T07:31:48.146345+00:00"}
{"asctime": "2025-08-10 09:31:48,146", "levelname": "INFO", "name": "AresGlobal.AresLauncher", "message": "Log level: INFO", "correlation_id": "-", "session_id": "-", "timestamp": "2025-08-10T07:31:48.146394+00:00"}
{"asctime": "2025-08-10 09:31:48,146", "levelname": "INFO", "name": "AresGlobal.AresLauncher", "message": "Global log file: ares_global_20250810_093148.log", "correlation_id": "-", "session_id": "-", "timestamp": "2025-08-10T07:31:48.146462+00:00"}
{"asctime": "2025-08-10 09:31:48,146", "levelname": "INFO", "name": "AresGlobal.AresLauncher", "message": "================================================================================", "correlation_id": "-", "session_id": "-", "timestamp": "2025-08-10T07:31:48.146512+00:00"}
{"asctime": "2025-08-10 09:31:48,146", "levelname": "INFO", "name": "AresGlobal", "message": "[SYSTEM] ================================================================================", "correlation_id": "62846dfa-0136-4d60-84ea-c6fc30ecdb6e", "session_id": "7297ac0a-6d0a-4cf4-a96a-e5451962dda8", "timestamp": "2025-08-10T07:31:48.146753+00:00"}
{"asctime": "2025-08-10 09:31:48,146", "levelname": "INFO", "name": "AresGlobal", "message": "[SYSTEM] 🚀 ARES LAUNCHER STARTED - Mode: blank - Symbol: ETHUSDT - Exchange: BINANCE", "correlation_id": "62846dfa-0136-4d60-84ea-c6fc30ecdb6e", "session_id": "7297ac0a-6d0a-4cf4-a96a-e5451962dda8", "timestamp": "2025-08-10T07:31:48.146871+00:00"}
{"asctime": "2025-08-10 09:31:48,146", "levelname": "INFO", "name": "AresGlobal", "message": "[SYSTEM] Start time: 2025-08-10 09:31:48", "correlation_id": "62846dfa-0136-4d60-84ea-c6fc30ecdb6e", "session_id": "7297ac0a-6d0a-4cf4-a96a-e5451962dda8", "timestamp": "2025-08-10T07:31:48.146986+00:00"}
{"asctime": "2025-08-10 09:31:48,147", "levelname": "INFO", "name": "AresGlobal", "message": "[SYSTEM] Log directory: log", "correlation_id": "62846dfa-0136-4d60-84ea-c6fc30ecdb6e", "session_id": "7297ac0a-6d0a-4cf4-a96a-e5451962dda8", "timestamp": "2025-08-10T07:31:48.147087+00:00"}
{"asctime": "2025-08-10 09:31:48,147", "levelname": "INFO", "name": "AresGlobal", "message": "[SYSTEM] ================================================================================", "correlation_id": "62846dfa-0136-4d60-84ea-c6fc30ecdb6e", "session_id": "7297ac0a-6d0a-4cf4-a96a-e5451962dda8", "timestamp": "2025-08-10T07:31:48.147189+00:00"}
{"asctime": "2025-08-10 09:31:48,147", "levelname": "INFO", "name": "AresGlobal.AresLauncher", "message": "🚀 Running enhanced 16-step training pipeline for ETHUSDT on BINANCE", "correlation_id": "62846dfa-0136-4d60-84ea-c6fc30ecdb6e", "session_id": "7297ac0a-6d0a-4cf4-a96a-e5451962dda8", "timestamp": "2025-08-10T07:31:48.147267+00:00"}
{"asctime": "2025-08-10 09:31:48,147", "levelname": "INFO", "name": "AresGlobal.AresLauncher", "message": "Starting from step: step3_regime_data_splitting", "correlation_id": "62846dfa-0136-4d60-84ea-c6fc30ecdb6e", "session_id": "7297ac0a-6d0a-4cf4-a96a-e5451962dda8", "timestamp": "2025-08-10T07:31:48.147327+00:00"}
{"asctime": "2025-08-10 09:31:48,147", "levelname": "INFO", "name": "AresGlobal.AresLauncher", "message": "🧪 BLANK TRAINING MODE: Set BLANK_TRAINING_MODE=1 for step-based training", "correlation_id": "62846dfa-0136-4d60-84ea-c6fc30ecdb6e", "session_id": "7297ac0a-6d0a-4cf4-a96a-e5451962dda8", "timestamp": "2025-08-10T07:31:48.147384+00:00"}
{"asctime": "2025-08-10 09:31:48,148", "levelname": "INFO", "name": "AresGlobal.ProgressManager", "message": "Initialized ProgressManager for ETHUSDT on BINANCE", "correlation_id": "62846dfa-0136-4d60-84ea-c6fc30ecdb6e", "session_id": "7297ac0a-6d0a-4cf4-a96a-e5451962dda8", "timestamp": "2025-08-10T07:31:48.148230+00:00"}
{"asctime": "2025-08-10 09:31:48,148", "levelname": "INFO", "name": "AresGlobal.ProgressManager", "message": "Progress directory: data/training/progress/BINANCE_ETHUSDT", "correlation_id": "62846dfa-0136-4d60-84ea-c6fc30ecdb6e", "session_id": "7297ac0a-6d0a-4cf4-a96a-e5451962dda8", "timestamp": "2025-08-10T07:31:48.148297+00:00"}
{"asctime": "2025-08-10 09:31:48,148", "levelname": "INFO", "name": "AresGlobal.StepOrchestrator", "message": "Initialized StepOrchestrator for ETHUSDT on BINANCE", "correlation_id": "62846dfa-0136-4d60-84ea-c6fc30ecdb6e", "session_id": "7297ac0a-6d0a-4cf4-a96a-e5451962dda8", "timestamp": "2025-08-10T07:31:48.148351+00:00"}
{"asctime": "2025-08-10 09:31:48,148", "levelname": "INFO", "name": "AresGlobal.StepOrchestrator", "message": "🚀 Starting execution from step: step3_regime_data_splitting", "correlation_id": "62846dfa-0136-4d60-84ea-c6fc30ecdb6e", "session_id": "7297ac0a-6d0a-4cf4-a96a-e5451962dda8", "timestamp": "2025-08-10T07:31:48.148546+00:00"}
{"asctime": "2025-08-10 09:31:49,942", "levelname": "INFO", "name": "AresGlobal.EnhancedTrainingManagerOptimized", "message": "Loaded optimization configuration", "correlation_id": "62846dfa-0136-4d60-84ea-c6fc30ecdb6e", "session_id": "7297ac0a-6d0a-4cf4-a96a-e5451962dda8", "timestamp": "2025-08-10T07:31:49.942396+00:00"}
{"asctime": "2025-08-10 09:31:49,945", "levelname": "INFO", "name": "AresGlobal.StepOrchestrator", "message": "✅ Enhanced training manager setup successfully", "correlation_id": "62846dfa-0136-4d60-84ea-c6fc30ecdb6e", "session_id": "7297ac0a-6d0a-4cf4-a96a-e5451962dda8", "timestamp": "2025-08-10T07:31:49.945151+00:00"}
{"asctime": "2025-08-10 09:31:49,945", "levelname": "INFO", "name": "AresGlobal.EnhancedTrainingManagerOptimized", "message": "🚀 Initializing Enhanced Training Manager with Optimizations...", "correlation_id": "62846dfa-0136-4d60-84ea-c6fc30ecdb6e", "session_id": "7297ac0a-6d0a-4cf4-a96a-e5451962dda8", "timestamp": "2025-08-10T07:31:49.945865+00:00"}
{"asctime": "2025-08-10 09:31:49,952", "levelname": "INFO", "name": "AresGlobal.EnhancedTrainingManagerOptimized", "message": "✅ Parallel backtester initialized with 8 workers", "correlation_id": "62846dfa-0136-4d60-84ea-c6fc30ecdb6e", "session_id": "7297ac0a-6d0a-4cf4-a96a-e5451962dda8", "timestamp": "2025-08-10T07:31:49.952736+00:00"}
{"asctime": "2025-08-10 09:31:49,953", "levelname": "INFO", "name": "AresGlobal.EnhancedTrainingManagerOptimized", "message": "✅ All optimization components initialized successfully", "correlation_id": "62846dfa-0136-4d60-84ea-c6fc30ecdb6e", "session_id": "7297ac0a-6d0a-4cf4-a96a-e5451962dda8", "timestamp": "2025-08-10T07:31:49.953236+00:00"}
