2025-08-07 21:11:06,472 - AresGlobal - INFO - ================================================================================
2025-08-07 21:11:06,473 - AresGlobal - INFO - 📊 SESSION SUMMARY
2025-08-07 21:11:06,473 - AresGlobal - INFO - Session started: 2025-08-07 21:11:06
2025-08-07 21:11:06,473 - AresGlobal - INFO - Global log file: ares_global_20250807_211106.log
2025-08-07 21:11:06,473 - AresGlobal - INFO - This file contains ALL logs for this session
2025-08-07 21:11:06,473 - AresGlobal - INFO - ================================================================================
2025-08-07 21:11:06,473 - AresGlobal - INFO - [SYSTEM] ================================================================================
2025-08-07 21:11:06,473 - AresGlobal - INFO - [SYSTEM] 🚀 ARES LAUNCHER STARTED - Mode: INITIALIZATION
2025-08-07 21:11:06,473 - AresGlobal - INFO - [SYSTEM] Start time: 2025-08-07 21:11:06
2025-08-07 21:11:06,473 - AresGlobal - INFO - [SYSTEM] Log directory: log
2025-08-07 21:11:06,473 - AresGlobal - INFO - [SYSTEM] ================================================================================
2025-08-07 21:11:06,473 - AresGlobal.AresLauncher - INFO - ================================================================================
2025-08-07 21:11:06,473 - AresGlobal.AresLauncher - INFO - 🚀 ARES COMPREHENSIVE LAUNCHER
2025-08-07 21:11:06,473 - AresGlobal.AresLauncher - INFO - ================================================================================
2025-08-07 21:11:06,473 - AresGlobal.AresLauncher - INFO - Start time: 2025-08-07 21:11:06
2025-08-07 21:11:06,473 - AresGlobal.AresLauncher - INFO - Log directory: log
2025-08-07 21:11:06,473 - AresGlobal.AresLauncher - INFO - Log level: INFO
2025-08-07 21:11:06,473 - AresGlobal.AresLauncher - INFO - Global log file: ares_global_20250807_211106.log
2025-08-07 21:11:06,473 - AresGlobal.AresLauncher - INFO - ================================================================================
2025-08-07 21:11:06,473 - AresGlobal - INFO - [SYSTEM] ================================================================================
2025-08-07 21:11:06,473 - AresGlobal - INFO - [SYSTEM] 🚀 ARES LAUNCHER STARTED - Mode: blank - Symbol: ETHUSDT - Exchange: BINANCE
2025-08-07 21:11:06,474 - AresGlobal - INFO - [SYSTEM] Start time: 2025-08-07 21:11:06
2025-08-07 21:11:06,474 - AresGlobal - INFO - [SYSTEM] Log directory: log
2025-08-07 21:11:06,474 - AresGlobal - INFO - [SYSTEM] ================================================================================
2025-08-07 21:11:06,474 - AresGlobal.AresLauncher - INFO - 🚀 Running enhanced 16-step training pipeline for ETHUSDT on BINANCE
2025-08-07 21:11:06,474 - AresGlobal.AresLauncher - INFO - Starting from step: step2_market_regime_classification
2025-08-07 21:11:06,475 - AresGlobal.AresLauncher - INFO - 📁 Using pre-consolidated data for step2
2025-08-07 21:11:06,475 - AresGlobal.AresLauncher - INFO - ✅ Found consolidated data: data_cache/aggtrades_BINANCE_ETHUSDT_consolidated.parquet
2025-08-07 21:11:06,475 - AresGlobal.ProgressManager - INFO - Initialized ProgressManager for ETHUSDT on BINANCE
2025-08-07 21:11:06,475 - AresGlobal.ProgressManager - INFO - Progress directory: data/training/progress/BINANCE_ETHUSDT
2025-08-07 21:11:06,475 - AresGlobal.StepOrchestrator - INFO - Initialized StepOrchestrator for ETHUSDT on BINANCE
2025-08-07 21:11:06,475 - AresGlobal.StepOrchestrator - INFO - 🚀 Starting execution from step: step2_market_regime_classification
2025-08-07 21:11:07,302 - AresGlobal.EnhancedTrainingManager - INFO - 🚀 Initializing Enhanced Training Manager...
2025-08-07 21:11:07,302 - AresGlobal.EnhancedTrainingManager - INFO - 📊 Blank training mode: False
2025-08-07 21:11:07,302 - AresGlobal.EnhancedTrainingManager - INFO - 🔧 Max trials: 200
2025-08-07 21:11:07,302 - AresGlobal.EnhancedTrainingManager - INFO - 🔧 N trials: 100
2025-08-07 21:11:07,302 - AresGlobal.EnhancedTrainingManager - INFO - 📈 Lookback days: 30
2025-08-07 21:11:07,302 - AresGlobal.EnhancedTrainingManager - INFO - 🚀 Computational optimization: True
2025-08-07 21:11:07,302 - AresGlobal.EnhancedTrainingManager - INFO - 📊 Resource Analysis:
2025-08-07 21:11:07,302 - AresGlobal.EnhancedTrainingManager - INFO -    💾 System Memory: 16.0 GB
2025-08-07 21:11:07,302 - AresGlobal.EnhancedTrainingManager - INFO -    🖥️ CPU Cores: 8
2025-08-07 21:11:07,302 - AresGlobal.EnhancedTrainingManager - INFO -    📈 Estimated Memory Usage: 8.0 GB
2025-08-07 21:11:07,302 - AresGlobal.EnhancedTrainingManager - INFO -    ⏱️ Estimated Time: 720 minutes (12.0 hours)
2025-08-07 21:11:07,302 - AresGlobal.EnhancedTrainingManager - INFO -    🤖 Models to Train: 12
2025-08-07 21:11:07,302 - AresGlobal.EnhancedTrainingManager - INFO -    🔧 Optimization Trials: 200
2025-08-07 21:11:07,302 - AresGlobal.EnhancedTrainingManager - INFO - 📋 Step-by-Step Time Estimates:
2025-08-07 21:11:07,302 - AresGlobal.EnhancedTrainingManager - INFO -    step1_data_collection: 15 min (2.3%)
2025-08-07 21:11:07,302 - AresGlobal.EnhancedTrainingManager - INFO -    step2_market_regime_classification: 8 min (1.2%)
2025-08-07 21:11:07,302 - AresGlobal.EnhancedTrainingManager - INFO -    step3_regime_data_splitting: 5 min (0.8%)
2025-08-07 21:11:07,302 - AresGlobal.EnhancedTrainingManager - INFO -    step4_analyst_labeling_feature_engineering: 60 min (9.0%)
2025-08-07 21:11:07,302 - AresGlobal.EnhancedTrainingManager - INFO -    step5_analyst_specialist_training: 30 min (4.5%)
2025-08-07 21:11:07,302 - AresGlobal.EnhancedTrainingManager - INFO -    step6_analyst_enhancement: 25 min (3.8%)
2025-08-07 21:11:07,302 - AresGlobal.EnhancedTrainingManager - INFO -    step7_analyst_ensemble_creation: 35 min (5.3%)
2025-08-07 21:11:07,302 - AresGlobal.EnhancedTrainingManager - INFO -    step8_tactician_labeling: 15 min (2.3%)
2025-08-07 21:11:07,302 - AresGlobal.EnhancedTrainingManager - INFO -    step9_tactician_specialist_training: 30 min (4.5%)
2025-08-07 21:11:07,303 - AresGlobal.EnhancedTrainingManager - INFO -    step10_tactician_ensemble_creation: 35 min (5.3%)
2025-08-07 21:11:07,303 - AresGlobal.EnhancedTrainingManager - INFO -    step11_confidence_calibration: 10 min (1.5%)
2025-08-07 21:11:07,303 - AresGlobal.EnhancedTrainingManager - INFO -    step12_final_parameters_optimization: 240 min (36.2%)
2025-08-07 21:11:07,303 - AresGlobal.EnhancedTrainingManager - INFO -    step13_walk_forward_validation: 60 min (9.0%)
2025-08-07 21:11:07,303 - AresGlobal.EnhancedTrainingManager - INFO -    step14_monte_carlo_validation: 60 min (9.0%)
2025-08-07 21:11:07,303 - AresGlobal.EnhancedTrainingManager - INFO -    step15_ab_testing: 30 min (4.5%)
2025-08-07 21:11:07,303 - AresGlobal.EnhancedTrainingManager - INFO -    step16_saving: 5 min (0.8%)
2025-08-07 21:11:07,303 - AresGlobal.EnhancedTrainingManager - INFO - 💡 Recommendations:
2025-08-07 21:11:07,303 - AresGlobal.EnhancedTrainingManager - INFO -    ✅ Full training mode should work well on your system
2025-08-07 21:11:07,303 - AresGlobal.EnhancedTrainingManager - INFO - 🚀 Initializing computational optimization components...
2025-08-07 21:11:07,303 - AresGlobal.ComputationalOptimizationManager - INFO - Computational Optimization Manager initialized
2025-08-07 21:11:07,303 - AresGlobal.ComputationalOptimizationManager - INFO - Initializing computational optimization components...
2025-08-07 21:11:07,303 - AresGlobal.MemoryEfficientData - INFO - Optimized DataFrame memory usage
2025-08-07 21:11:07,304 - AresGlobal.PrecomputedFeatureEngine - INFO - Precomputing all features...
2025-08-07 21:11:07,304 - AresGlobal.ComputationalOptimizationManager - ERROR - Failed to initialize computational optimization manager: 'close'
2025-08-07 21:11:07,304 - AresGlobal.EnhancedTrainingManager - WARNING - ⚠️ Failed to initialize computational optimization components
2025-08-07 21:11:07,304 - AresGlobal.EnhancedTrainingManager - INFO - ✅ Enhanced Training Manager initialized successfully
2025-08-07 21:11:07,304 - AresGlobal.StepOrchestrator - INFO - ✅ Enhanced training manager setup successfully
2025-08-07 21:11:07,304 - AresGlobal.EnhancedTrainingManager - INFO - ================================================================================
2025-08-07 21:11:07,304 - AresGlobal.EnhancedTrainingManager - INFO - 🚀 COMPREHENSIVE 16-STEP ENHANCED TRAINING PIPELINE START
2025-08-07 21:11:07,304 - AresGlobal.EnhancedTrainingManager - INFO - ================================================================================
2025-08-07 21:11:07,304 - AresGlobal.EnhancedTrainingManager - INFO - 📅 Started at: 2025-08-07 21:11:07
2025-08-07 21:11:07,304 - AresGlobal.EnhancedTrainingManager - INFO - 🎯 Symbol: ETHUSDT
2025-08-07 21:11:07,304 - AresGlobal.EnhancedTrainingManager - INFO - 🏢 Exchange: BINANCE
2025-08-07 21:11:07,304 - AresGlobal.EnhancedTrainingManager - INFO - 📊 Training Mode: N/A
2025-08-07 21:11:07,304 - AresGlobal.EnhancedTrainingManager - INFO - 📈 Lookback Days: 30
2025-08-07 21:11:07,304 - AresGlobal.EnhancedTrainingManager - INFO - 🔧 Blank Training Mode: False
2025-08-07 21:11:07,304 - AresGlobal.EnhancedTrainingManager - INFO - 🔧 Max Trials: 200
2025-08-07 21:11:07,304 - AresGlobal.EnhancedTrainingManager - INFO - 🔧 N Trials: 100
2025-08-07 21:11:07,304 - AresGlobal.EnhancedTrainingManager - INFO - 📂 Checkpoint loaded: step4_analyst_labeling_feature_engineering
2025-08-07 21:11:07,304 - AresGlobal.EnhancedTrainingManager - INFO - 🔄 Resuming from checkpoint...
2025-08-07 21:11:07,304 - AresGlobal.EnhancedTrainingManager - INFO - 📂 Last completed step: step4_analyst_labeling_feature_engineering
2025-08-07 21:11:07,304 - AresGlobal.EnhancedTrainingManager - INFO - ====================================================================================================
2025-08-07 21:11:07,305 - AresGlobal.EnhancedTrainingManager - INFO - 🚀 COMPREHENSIVE TRAINING PIPELINE START
2025-08-07 21:11:07,305 - AresGlobal.EnhancedTrainingManager - INFO - ====================================================================================================
2025-08-07 21:11:07,305 - AresGlobal.EnhancedTrainingManager - INFO - 📅 Started at: 2025-08-07 21:11:07
2025-08-07 21:11:07,305 - AresGlobal.EnhancedTrainingManager - INFO - 🎯 Symbol: ETHUSDT
2025-08-07 21:11:07,305 - AresGlobal.EnhancedTrainingManager - INFO - 🏢 Exchange: BINANCE
2025-08-07 21:11:07,305 - AresGlobal.EnhancedTrainingManager - INFO - 📊 Timeframe: 1m
2025-08-07 21:11:07,305 - AresGlobal.EnhancedTrainingManager - INFO - 🧠 Training Mode: Full
2025-08-07 21:11:07,305 - AresGlobal.EnhancedTrainingManager - INFO - 🔧 Max Trials: 200
2025-08-07 21:11:07,305 - AresGlobal.EnhancedTrainingManager - INFO - 📈 Lookback Days: 30
2025-08-07 21:11:07,305 - AresGlobal.EnhancedTrainingManager - INFO - 💾 Memory Optimization: Enabled
2025-08-07 21:11:07,305 - AresGlobal.EnhancedTrainingManager - INFO - 🚀 Starting from step: step2_market_regime_classification
2025-08-07 21:11:07,305 - AresGlobal.EnhancedTrainingManager - INFO - ====================================================================================================
2025-08-07 21:11:07,305 - AresGlobal.EnhancedTrainingManager - INFO - ⏭️  Skipping Step 1: Data Collection (using pre-consolidated data)
2025-08-07 21:11:07,305 - AresGlobal.EnhancedTrainingManager - INFO - 🎭 STEP 2: Market Regime Classification...
2025-08-07 21:11:07,305 - AresGlobal.EnhancedTrainingManager - INFO -    🧠 Analyzing market regimes and volatility patterns...
2025-08-07 21:11:07,523 - AresGlobal.UnifiedRegimeClassifier - INFO - Initializing UnifiedRegimeClassifier for BINANCE_ETHUSDT
2025-08-07 21:11:07,523 - AresGlobal.UnifiedRegimeClassifier - INFO - ✅ Loaded existing models successfully
2025-08-07 21:11:07,523 - AresGlobal.UnifiedRegimeClassifier - INFO - ✅ UnifiedRegimeClassifier initialized successfully
2025-08-07 21:11:08,851 - AresGlobal.UnifiedRegimeClassifier - WARNING - Insufficient data: 879 < 1000
2025-08-07 21:11:08,861 - AresGlobal.EnhancedTrainingManager - INFO - 🔍 Running validator for step2_market_regime_classification
2025-08-07 21:11:08,861 - AresGlobal.ValidatorOrchestrator - INFO - 🔍 Running validator for step2_market_regime_classification
2025-08-07 21:11:08,862 - AresGlobal.Step2MarketRegimeClassificationValidator - INFO - 🔍 Validating market regime classification step...
2025-08-07 21:11:08,862 - AresGlobal.Step2MarketRegimeClassificationValidator - ERROR - ❌ Regime classification validation failed - stopping process
2025-08-07 21:11:08,862 - AresGlobal.ValidatorOrchestrator - INFO - ✅ Validator for step2_market_regime_classification completed: False
2025-08-07 21:11:08,862 - AresGlobal.EnhancedTrainingManager - WARNING - ⚠️ step2_market_regime_classification validation failed: Unknown error
2025-08-07 21:11:08,862 - AresGlobal.EnhancedTrainingManager - INFO - ✅ Step 2: Market Regime Classification: completed successfully in 1.56s
2025-08-07 21:11:08,862 - AresGlobal.EnhancedTrainingManager - INFO - 💾 Process Memory: 1022.4 MB | CPU: 0.0%
2025-08-07 21:11:08,863 - AresGlobal.EnhancedTrainingManager - INFO - 🖥️ System Memory: 53.6% | Available: 7.4 GB
2025-08-07 21:11:08,863 - AresGlobal.EnhancedTrainingManager - INFO - 📊 Progress: 6.2% (1/16)
2025-08-07 21:11:08,863 - AresGlobal.EnhancedTrainingManager - INFO - ⏱️ Elapsed: 0.0 min | ETA: 0.4 min
2025-08-07 21:11:08,863 - AresGlobal.EnhancedTrainingManager - INFO - 💾 Checkpoint saved: step2_market_regime_classification
2025-08-07 21:11:08,863 - AresGlobal.EnhancedTrainingManager - INFO - 📊 STEP 3: Regime Data Splitting...
2025-08-07 21:11:08,863 - AresGlobal.EnhancedTrainingManager - INFO -    📈 Splitting data by market regimes for specialized training...
2025-08-07 21:11:09,031 - AresGlobal.EnhancedTrainingManager - INFO - 🔍 Running validator for step3_regime_data_splitting
2025-08-07 21:11:09,031 - AresGlobal.ValidatorOrchestrator - INFO - 🔍 Running validator for step3_regime_data_splitting
2025-08-07 21:11:09,031 - AresGlobal.Step3RegimeDataSplittingValidator - INFO - 🔍 Validating regime data splitting step...
2025-08-07 21:11:09,031 - AresGlobal.Step3RegimeDataSplittingValidator - INFO - ✅ All split data files exist
2025-08-07 21:11:09,041 - AresGlobal.Step3RegimeDataSplittingValidator - INFO - ✅ train split characteristics validation passed
2025-08-07 21:11:09,044 - AresGlobal.Step3RegimeDataSplittingValidator - INFO - ✅ validation split characteristics validation passed
2025-08-07 21:11:09,046 - AresGlobal.Step3RegimeDataSplittingValidator - INFO - ✅ test split characteristics validation passed
2025-08-07 21:11:09,046 - AresGlobal.Step3RegimeDataSplittingValidator - INFO - ✅ All split data quality validation passed
2025-08-07 21:11:09,047 - AresGlobal.Step3RegimeDataSplittingValidator - INFO - ✅ train proportion 0.800 within expected range (0.500-0.850)
2025-08-07 21:11:09,047 - AresGlobal.Step3RegimeDataSplittingValidator - INFO - ✅ validation proportion 0.100 within expected range (0.050-0.250)
2025-08-07 21:11:09,047 - AresGlobal.Step3RegimeDataSplittingValidator - INFO - ✅ test proportion 0.100 within expected range (0.050-0.250)
2025-08-07 21:11:09,047 - AresGlobal.Step3RegimeDataSplittingValidator - INFO - ✅ Split proportions validation passed: {'train': 0.7999900607948051, 'validation': 0.10000496960259744, 'test': 0.10000496960259744}
2025-08-07 21:11:09,048 - AresGlobal.Step3RegimeDataSplittingValidator - INFO - ✅ Split consistency validation passed
2025-08-07 21:11:09,048 - AresGlobal.Step3RegimeDataSplittingValidator - INFO - ✅ Regime data splitting validation passed (critical checks only)
2025-08-07 21:11:09,048 - AresGlobal.ValidatorOrchestrator - ERROR - ❌ Error in validator for step3_regime_data_splitting: name 'asyncio' is not defined
2025-08-07 21:11:09,048 - AresGlobal.ValidatorOrchestrator - ERROR - ❌ Error running validator for step3_regime_data_splitting: name 'asyncio' is not defined
2025-08-07 21:11:09,048 - AresGlobal.EnhancedTrainingManager - WARNING - ⚠️ step3_regime_data_splitting validation failed: name 'asyncio' is not defined
2025-08-07 21:11:09,049 - AresGlobal.EnhancedTrainingManager - INFO - ✅ Step 3: Regime Data Splitting: completed successfully in 0.19s
2025-08-07 21:11:09,049 - AresGlobal.EnhancedTrainingManager - INFO - 💾 Process Memory: 1040.4 MB | CPU: 0.0%
2025-08-07 21:11:09,049 - AresGlobal.EnhancedTrainingManager - INFO - 🖥️ System Memory: 53.7% | Available: 7.4 GB
2025-08-07 21:11:09,049 - AresGlobal.EnhancedTrainingManager - INFO - 📊 Progress: 12.5% (2/16)
2025-08-07 21:11:09,049 - AresGlobal.EnhancedTrainingManager - INFO - ⏱️ Elapsed: 0.0 min | ETA: 0.2 min
2025-08-07 21:11:09,049 - AresGlobal.EnhancedTrainingManager - INFO - 💾 Checkpoint saved: step3_regime_data_splitting
2025-08-07 21:11:09,049 - AresGlobal.EnhancedTrainingManager - INFO - 🧠 STEP 4: Analyst Labeling & Feature Engineering...
2025-08-07 21:11:09,050 - AresGlobal.AnalystLabelingFeatureEngineeringStep - INFO - Initializing Analyst Labeling and Feature Engineering Step...
2025-08-07 21:11:09,077 - AresGlobal.VectorizedLabellingOrchestrator - INFO - 🚀 Initializing vectorized labeling orchestrator...
2025-08-07 21:11:09,078 - AresGlobal.VectorizedAdvancedFeatureEngineering - INFO - 🚀 Initializing vectorized advanced feature engineering...
2025-08-07 21:11:09,078 - AresGlobal.WaveletFeatureCache - INFO - ✅ Cache directory initialized: data/wavelet_cache
2025-08-07 21:11:09,078 - AresGlobal.VectorizedVolatilityRegimeModel - INFO - 🚀 Initializing vectorized volatility regime model...
2025-08-07 21:11:09,078 - AresGlobal.VectorizedVolatilityRegimeModel - INFO - ✅ Vectorized volatility regime model initialized successfully
2025-08-07 21:11:09,078 - AresGlobal.VectorizedCorrelationAnalyzer - INFO - 🚀 Initializing vectorized correlation analyzer...
2025-08-07 21:11:09,078 - AresGlobal.VectorizedCorrelationAnalyzer - INFO - ✅ Vectorized correlation analyzer initialized successfully
2025-08-07 21:11:09,078 - AresGlobal.VectorizedMomentumAnalyzer - INFO - 🚀 Initializing vectorized momentum analyzer...
2025-08-07 21:11:09,078 - AresGlobal.VectorizedMomentumAnalyzer - INFO - ✅ Vectorized momentum analyzer initialized successfully
2025-08-07 21:11:09,078 - AresGlobal.VectorizedLiquidityAnalyzer - INFO - 🚀 Initializing vectorized liquidity analyzer...
2025-08-07 21:11:09,078 - AresGlobal.VectorizedLiquidityAnalyzer - INFO - ✅ Vectorized liquidity analyzer initialized successfully
2025-08-07 21:11:09,078 - AresGlobal.VectorizedCandlestickPatternAnalyzer - INFO - 🚀 Initializing vectorized candlestick pattern analyzer...
2025-08-07 21:11:09,078 - AresGlobal.VectorizedCandlestickPatternAnalyzer - INFO - ✅ Vectorized candlestick pattern analyzer initialized successfully
2025-08-07 21:11:09,078 - AresGlobal.VectorizedSRDistanceCalculator - INFO - 🚀 Initializing vectorized S/R distance calculator...
2025-08-07 21:11:09,078 - AresGlobal.VectorizedSRDistanceCalculator - INFO - ✅ Vectorized S/R distance calculator initialized successfully
2025-08-07 21:11:09,079 - AresGlobal.VectorizedWaveletTransformAnalyzer - INFO - 🚀 Initializing enhanced vectorized wavelet transform analyzer...
2025-08-07 21:11:09,079 - AresGlobal.VectorizedWaveletTransformAnalyzer - INFO - ✅ Enhanced vectorized wavelet transform analyzer initialized successfully
2025-08-07 21:11:09,079 - AresGlobal.VectorizedWaveletTransformAnalyzer - INFO - 📊 Configuration: padding_mode=symmetric, cwt_scale_method=logarithmic, max_features_per_wavelet=20
2025-08-07 21:11:09,079 - AresGlobal.MetaLabelingSystem - INFO - 🚀 Initializing meta-labeling system...
2025-08-07 21:11:09,079 - AresGlobal.MetaLabelingSystem - INFO - ✅ Meta-labeling system initialized successfully
2025-08-07 21:11:09,079 - AresGlobal.VectorizedAdvancedFeatureEngineering - INFO - ✅ Vectorized advanced feature engineering initialized successfully
2025-08-07 21:11:12,604 - AresGlobal.VectorizedLabellingOrchestrator - WARNING - Failed to initialize autoencoder generator: 'AutoencoderConfig' object has no attribute 'logger'
2025-08-07 21:11:12,604 - AresGlobal.VectorizedLabellingOrchestrator - INFO - ✅ Vectorized labeling orchestrator initialized successfully
2025-08-07 21:11:12,604 - AresGlobal.AnalystLabelingFeatureEngineeringStep - INFO - Analyst Labeling and Feature Engineering Step initialized successfully
2025-08-07 21:11:12,604 - AresGlobal.AnalystLabelingFeatureEngineeringStep - INFO - Executing analyst labeling and feature engineering step...
2025-08-07 21:11:12,606 - AresGlobal.AnalystLabelingFeatureEngineeringStep - INFO - ✅ Extracted klines data: (60367, 5)
2025-08-07 21:11:12,606 - AresGlobal.VectorizedLabellingOrchestrator - INFO - 🎯 Starting comprehensive vectorized labeling and feature engineering orchestration...
2025-08-07 21:11:12,606 - AresGlobal.VectorizedLabellingOrchestrator - INFO - 📊 Performing stationary checks...
2025-08-07 21:11:12,606 - AresGlobal.VectorizedStationarityChecker - INFO - 🔍 Checking data stationarity...
2025-08-07 21:11:12,614 - AresGlobal.VectorizedStationarityChecker - INFO - 📈 Transforming price data for stationarity...
2025-08-07 21:11:12,624 - AresGlobal.VectorizedStationarityChecker - INFO - 📊 Transforming volume data for stationarity...
2025-08-07 21:11:12,626 - AresGlobal.VectorizedLabellingOrchestrator - INFO - 🔧 Generating advanced features...
2025-08-07 21:11:12,659 - AresGlobal.VectorizedCandlestickPatternAnalyzer - ERROR - Error detecting engulfing patterns: bad operand type for unary ~: 'float'
2025-08-07 21:11:15,999 - AresGlobal.VectorizedCandlestickPatternAnalyzer - INFO - ✅ Analyzed 8 pattern categories using vectorized operations
2025-08-07 21:11:20,870 - AresGlobal.VectorizedAdvancedFeatureEngineering - INFO - 📦 Loading wavelet features from cache: 73d677632b5017d8
2025-08-07 21:11:20,873 - AresGlobal.WaveletFeatureCache - INFO - ✅ Loaded 20 wavelet features from cache: 73d677632b5017d8
2025-08-07 21:11:20,875 - AresGlobal.VectorizedAdvancedFeatureEngineering - ERROR - Error calculating adaptive SMA: Cannot convert non-finite values (NA or inf) to integer
2025-08-07 21:11:20,885 - AresGlobal.VectorizedAdvancedFeatureEngineering - ERROR - Error calculating adaptive ATR: Cannot convert non-finite values (NA or inf) to integer
2025-08-07 21:11:20,887 - AresGlobal.VectorizedAdvancedFeatureEngineering - ERROR - Error calculating adaptive Bollinger Bands: Cannot convert non-finite values (NA or inf) to integer
2025-08-07 21:11:20,895 - AresGlobal.VectorizedAdvancedFeatureEngineering - ERROR - Error resampling data: "Column(s) ['close', 'high', 'low', 'open'] do not exist"
2025-08-07 21:11:20,903 - AresGlobal.VectorizedAdvancedFeatureEngineering - ERROR - Error resampling data: "Column(s) ['close', 'high', 'low', 'open'] do not exist"
2025-08-07 21:11:20,911 - AresGlobal.VectorizedAdvancedFeatureEngineering - ERROR - Error resampling data: "Column(s) ['close', 'high', 'low', 'open'] do not exist"
2025-08-07 21:11:20,919 - AresGlobal.VectorizedAdvancedFeatureEngineering - ERROR - Error resampling data: "Column(s) ['close', 'high', 'low', 'open'] do not exist"
2025-08-07 21:11:20,924 - AresGlobal.VectorizedAdvancedFeatureEngineering - INFO - ✅ Engineered 95 vectorized advanced features including wavelet transforms
2025-08-07 21:11:20,924 - AresGlobal.VectorizedLabellingOrchestrator - INFO - 🏷️ Applying triple barrier labeling...
2025-08-07 21:11:20,926 - AresGlobal.VectorizedLabellingOrchestrator - INFO - 🔗 Combining features and labels...
2025-08-07 21:11:25,390 - AresGlobal.VectorizedLabellingOrchestrator - INFO - 🎯 Performing feature selection...
2025-08-07 21:11:25,390 - AresGlobal.VectorizedFeatureSelector - INFO - 🎯 Starting feature selection...
2025-08-07 21:11:25,439 - AresGlobal.VectorizedFeatureSelector - INFO - Removed 52 constant features
2025-08-07 21:11:25,703 - AresGlobal.VectorizedFeatureSelector - INFO - Removed 7 highly correlated features
2025-08-07 21:11:25,708 - AresGlobal.VectorizedFeatureSelector - ERROR - Error removing high VIF features: Input X contains NaN.
LinearRegression does not accept missing values encoded as NaN natively. For supervised learning, you might want to consider sklearn.ensemble.HistGradientBoostingClassifier and Regressor which accept missing values encoded as NaNs natively. Alternatively, it is possible to preprocess the data, for instance by using an imputer transformer in a pipeline or drop samples with missing values. See https://scikit-learn.org/stable/modules/impute.html You can find a list of all estimators that handle NaN values at the following page: https://scikit-learn.org/stable/modules/impute.html#estimators-that-handle-nan-values
2025-08-07 21:11:25,711 - AresGlobal.VectorizedFeatureSelector - INFO - Removed 0 high VIF features
2025-08-07 21:11:25,719 - AresGlobal.VectorizedFeatureSelector - ERROR - Error removing low mutual information features: Input X contains NaN.
2025-08-07 21:11:25,721 - AresGlobal.VectorizedFeatureSelector - INFO - Removed 0 low mutual information features
2025-08-07 21:11:25,795 - AresGlobal.VectorizedFeatureSelector - INFO - Removed 51 low importance features
2025-08-07 21:11:25,795 - AresGlobal.VectorizedFeatureSelector - INFO - Feature selection completed. Final features: 0
2025-08-07 21:11:25,796 - AresGlobal.VectorizedLabellingOrchestrator - INFO - 📏 Normalizing data...
2025-08-07 21:11:25,796 - AresGlobal.VectorizedDataNormalizer - INFO - 📏 Normalizing data...
2025-08-07 21:11:25,796 - AresGlobal.VectorizedDataNormalizer - INFO - ✅ Data normalization completed
2025-08-07 21:11:25,796 - AresGlobal.VectorizedLabellingOrchestrator - INFO - 🤖 Generating autoencoder features...
2025-08-07 21:11:25,796 - AresGlobal.VectorizedLabellingOrchestrator - ERROR - Error in vectorized labeling orchestration: 'NoneType' object has no attribute 'generate_features'
2025-08-07 21:11:25,797 - AresGlobal.AnalystLabelingFeatureEngineeringStep - WARNING - Vectorized labeling orchestrator failed during execution: Orchestrator returned invalid data, using fallback
2025-08-07 21:11:25,806 - AresGlobal.AnalystLabelingFeatureEngineeringStep - INFO - ✅ Saved labeled data to data/training/labeled_data/BINANCE_ETHUSDT_BULL_labeled.pkl
2025-08-07 21:11:25,806 - AresGlobal.AnalystLabelingFeatureEngineeringStep - INFO - ✅ Analyst labeling and feature engineering completed successfully
2025-08-07 21:11:25,808 - AresGlobal.EnhancedTrainingManager - INFO - ✅ Step 4: Analyst Labeling & Feature Engineering: completed successfully in 16.94s
2025-08-07 21:11:25,808 - AresGlobal.EnhancedTrainingManager - INFO - 💾 Process Memory: 1755.9 MB | CPU: 0.0%
2025-08-07 21:11:25,808 - AresGlobal.EnhancedTrainingManager - INFO - 🖥️ System Memory: 56.6% | Available: 6.9 GB
2025-08-07 21:11:25,808 - AresGlobal.EnhancedTrainingManager - INFO - 📊 Progress: 18.8% (3/16)
2025-08-07 21:11:25,808 - AresGlobal.EnhancedTrainingManager - INFO - ⏱️ Elapsed: 0.3 min | ETA: 1.3 min
2025-08-07 21:11:25,808 - AresGlobal.EnhancedTrainingManager - INFO - 💾 Checkpoint saved: step4_analyst_labeling_feature_engineering
2025-08-07 21:11:25,882 - AresGlobal.EnhancedTrainingManager - INFO - 🧹 Memory optimization: 1754.9 MB before cleanup
2025-08-07 21:11:25,943 - AresGlobal.EnhancedTrainingManager - INFO - 🧹 Memory optimization: 1754.9 MB after cleanup (saved 0.0 MB)
2025-08-07 21:11:25,944 - AresGlobal.EnhancedTrainingManager - INFO - 🎯 STEP 5: Analyst Specialist Training...
2025-08-07 21:17:39,286 - AresGlobal.EnhancedTrainingManager - INFO - 🔍 Running validator for step4_analyst_labeling_feature_engineering
2025-08-07 21:17:39,286 - AresGlobal.ValidatorOrchestrator - INFO - 🔍 Running validator for step4_analyst_labeling_feature_engineering
2025-08-07 21:17:39,288 - AresGlobal.Step4AnalystLabelingFeatureEngineeringValidator - INFO - 🔍 Validating analyst labeling and feature engineering step...
2025-08-07 21:17:39,288 - AresGlobal.Step4AnalystLabelingFeatureEngineeringValidator - ERROR - ❌ feature_engineering file not found: data/training/BINANCE_ETHUSDT_features_train.pkl
2025-08-07 21:17:39,288 - AresGlobal.Step4AnalystLabelingFeatureEngineeringValidator - ERROR - ❌ feature_engineering file not found: data/training/BINANCE_ETHUSDT_features_validation.pkl
2025-08-07 21:17:39,288 - AresGlobal.Step4AnalystLabelingFeatureEngineeringValidator - ERROR - ❌ feature_engineering file not found: data/training/BINANCE_ETHUSDT_features_test.pkl
2025-08-07 21:17:39,288 - AresGlobal.Step4AnalystLabelingFeatureEngineeringValidator - ERROR - ❌ Missing feature engineering files: ['data/training/BINANCE_ETHUSDT_features_train.pkl', 'data/training/BINANCE_ETHUSDT_features_validation.pkl', 'data/training/BINANCE_ETHUSDT_features_test.pkl'] - stopping process
2025-08-07 21:17:39,288 - AresGlobal.Step4AnalystLabelingFeatureEngineeringValidator - ERROR - ❌ Feature engineering outputs validation failed - stopping process
2025-08-07 21:17:39,288 - AresGlobal.ValidatorOrchestrator - ERROR - ❌ Error in validator for step4_analyst_labeling_feature_engineering: name 'asyncio' is not defined
2025-08-07 21:17:39,288 - AresGlobal.ValidatorOrchestrator - ERROR - ❌ Error running validator for step4_analyst_labeling_feature_engineering: name 'asyncio' is not defined
2025-08-07 21:17:39,288 - AresGlobal.EnhancedTrainingManager - WARNING - ⚠️ step4_analyst_labeling_feature_engineering validation failed: name 'asyncio' is not defined
2025-08-07 21:17:39,288 - AresGlobal.EnhancedTrainingManager - INFO - 🔍 Running validator for step5_analyst_specialist_training
2025-08-07 21:17:39,288 - AresGlobal.ValidatorOrchestrator - INFO - 🔍 Running validator for step5_analyst_specialist_training
2025-08-07 21:17:39,289 - AresGlobal.Step5AnalystSpecialistTrainingValidator - INFO - 🔍 Validating analyst specialist training step...
2025-08-07 21:17:39,289 - AresGlobal.Step5AnalystSpecialistTrainingValidator - ERROR - ❌ model_files file not found: data/training/BINANCE_ETHUSDT_analyst_model.pkl
2025-08-07 21:17:39,289 - AresGlobal.Step5AnalystSpecialistTrainingValidator - ERROR - ❌ model_files file not found: data/training/BINANCE_ETHUSDT_analyst_model_metadata.json
2025-08-07 21:17:39,289 - AresGlobal.Step5AnalystSpecialistTrainingValidator - ERROR - ❌ model_files file not found: data/training/BINANCE_ETHUSDT_analyst_training_history.json
2025-08-07 21:17:39,289 - AresGlobal.Step5AnalystSpecialistTrainingValidator - ERROR - ❌ Missing model files: ['data/training/BINANCE_ETHUSDT_analyst_model.pkl', 'data/training/BINANCE_ETHUSDT_analyst_model_metadata.json', 'data/training/BINANCE_ETHUSDT_analyst_training_history.json']
2025-08-07 21:17:39,289 - AresGlobal.Step5AnalystSpecialistTrainingValidator - ERROR - ❌ Model files validation failed
2025-08-07 21:17:39,289 - AresGlobal.ValidatorOrchestrator - ERROR - ❌ Error in validator for step5_analyst_specialist_training: name 'asyncio' is not defined
2025-08-07 21:17:39,289 - AresGlobal.ValidatorOrchestrator - ERROR - ❌ Error running validator for step5_analyst_specialist_training: name 'asyncio' is not defined
2025-08-07 21:17:39,289 - AresGlobal.EnhancedTrainingManager - WARNING - ⚠️ step5_analyst_specialist_training validation failed: name 'asyncio' is not defined
2025-08-07 21:17:39,289 - AresGlobal.EnhancedTrainingManager - INFO - ✅ Step 5: Analyst Specialist Training completed successfully
2025-08-07 21:17:39,289 - AresGlobal.EnhancedTrainingManager - INFO - 🔧 STEP 6: Analyst Enhancement...
2025-08-07 21:17:42,154 - AresGlobal.EnhancedTrainingManager - ERROR - ❌ Step 6: Analyst Enhancement failed
2025-08-07 21:17:42,155 - AresGlobal.EnhancedTrainingManager - ERROR - ❌ Enhanced training pipeline failed
2025-08-07 21:17:42,155 - AresGlobal.StepOrchestrator - ERROR - ❌ Enhanced 16-step training pipeline failed
2025-08-07 21:17:42,155 - AresGlobal.AresLauncher - ERROR - ❌ Enhanced 16-step training pipeline failed
2025-08-07 21:17:42,155 - AresGlobal - INFO - [SYSTEM] ================================================================================
2025-08-07 21:17:42,155 - AresGlobal - INFO - [SYSTEM] 🛑 ARES LAUNCHER ENDED - Exit code: 1
2025-08-07 21:17:42,155 - AresGlobal - INFO - [SYSTEM] End time: 2025-08-07 21:17:42
2025-08-07 21:17:42,155 - AresGlobal - INFO - [SYSTEM] ================================================================================
2025-08-07 21:17:42,155 - AresGlobal.AresLauncher - INFO - 🧹 Cleaning up processes...
2025-08-07 21:17:42,155 - AresGlobal.AresLauncher - INFO - ✅ Cleanup completed
