2025-08-04 19:45:06,516 - AresTradingSystem - INFO - ✅ Enhanced Logger initialization completed successfully
2025-08-04 19:45:06,620 - AresTradingSystem.System.SRLevelAnalyzer - INFO - Initializing SR Level Analyzer...
2025-08-04 19:45:06,620 - AresTradingSystem.System.SRLevelAnalyzer - INFO - SR configuration loaded successfully
2025-08-04 19:45:06,620 - AresTradingSystem.System.SRLevelAnalyzer - INFO - Analysis parameters initialized
2025-08-04 19:45:06,620 - AresTradingSystem.System.SRLevelAnalyzer - INFO - Configuration validation successful
2025-08-04 19:45:06,620 - AresTradingSystem.System.SRLevelAnalyzer - INFO - ✅ SR Level Analyzer initialization completed successfully
2025-08-04 19:45:06,661 - AresTradingSystem.System.SRLevelAnalyzer - INFO - Starting SR level analysis...
2025-08-04 19:45:06,680 - AresTradingSystem.System.SRLevelAnalyzer - INFO - SR: VPVR levels found: 2
2025-08-04 19:45:06,680 - AresTradingSystem.System.SRLevelAnalyzer - INFO - SR: VPVR Price Levels (ALL):
2025-08-04 19:45:06,680 - AresTradingSystem.System.SRLevelAnalyzer - INFO -     1. Price: $2400.00, Type: resistance, Strength: 0.900, Method: vpvr_poc
2025-08-04 19:45:06,680 - AresTradingSystem.System.SRLevelAnalyzer - INFO -     2. Price: $2400.00, Type: resistance, Strength: 0.750, Method: vpvr_hvn
2025-08-04 19:45:06,680 - AresTradingSystem.System.SRLevelAnalyzer - INFO - SR: Total VPVR levels found: 2
2025-08-04 19:45:06,680 - AresTradingSystem.System.SRLevelAnalyzer - INFO - SR: Levels after consolidation: 3
2025-08-04 19:45:06,680 - AresTradingSystem.System.SRLevelAnalyzer - INFO - SR: Levels after strength filtering (>=0.4): 3
2025-08-04 19:45:06,680 - AresTradingSystem.System.SRLevelAnalyzer - INFO - SR: Levels after strength-based filtering: 3
2025-08-04 19:45:06,680 - AresTradingSystem.System.SRLevelAnalyzer - INFO - SR: Levels after consolidation: 3 (time decay skipped)
2025-08-04 19:45:06,680 - AresTradingSystem.System.SRLevelAnalyzer - INFO - SR: Final Consolidated Price Levels (ALL):
2025-08-04 19:45:06,680 - AresTradingSystem.System.SRLevelAnalyzer - INFO -     1. Price: $1585.82, Type: traditional, Strength: 3.000
2025-08-04 19:45:06,680 - AresTradingSystem.System.SRLevelAnalyzer - INFO -     2. Price: $1614.58, Type: traditional, Strength: 1.800
2025-08-04 19:45:06,680 - AresTradingSystem.System.SRLevelAnalyzer - INFO -     3. Price: $2400.00, Type: resistance, Strength: 1.650
2025-08-04 19:45:06,680 - AresTradingSystem.System.SRLevelAnalyzer - INFO - SR: Total consolidated levels: 3
2025-08-04 19:45:06,681 - AresTradingSystem.System.SRLevelAnalyzer - INFO - ✅ SR analysis completed successfully
2025-08-04 19:45:06,681 - AresTradingSystem.System.SRLevelAnalyzer - INFO - 📊 SR Levels Detected: 1 total (0 support, 1 resistance)
2025-08-04 19:45:06,681 - AresTradingSystem.System.UnifiedRegimeClassifier - INFO - 🚀 Training complete unified regime classification system...
2025-08-04 19:45:06,681 - AresTradingSystem.System.SRLevelAnalyzer - INFO - Initializing SR Level Analyzer...
2025-08-04 19:45:06,681 - AresTradingSystem.System.SRLevelAnalyzer - INFO - SR configuration loaded successfully
2025-08-04 19:45:06,681 - AresTradingSystem.System.SRLevelAnalyzer - INFO - Analysis parameters initialized
2025-08-04 19:45:06,681 - AresTradingSystem.System.SRLevelAnalyzer - INFO - Configuration validation successful
2025-08-04 19:45:06,681 - AresTradingSystem.System.SRLevelAnalyzer - INFO - ✅ SR Level Analyzer initialization completed successfully
2025-08-04 19:45:06,681 - AresTradingSystem.System.UnifiedRegimeClassifier - INFO - ✅ SR analyzer initialized successfully
2025-08-04 19:45:06,681 - AresTradingSystem.System.UnifiedRegimeClassifier - INFO - 🎯 Step 1: Training HMM-based labeler...
2025-08-04 19:45:06,695 - AresTradingSystem.System.UnifiedRegimeClassifier - INFO - Calculated 16 features for 8761 periods
2025-08-04 19:45:07,030 - AresTradingSystem.System.UnifiedRegimeClassifier - INFO - State 0: SIDEWAYS (mean_return=0.0000, mean_vol=0.0014)
2025-08-04 19:45:07,031 - AresTradingSystem.System.UnifiedRegimeClassifier - INFO - State 1: BEAR (mean_return=-0.0028, mean_vol=0.0020)
2025-08-04 19:45:07,031 - AresTradingSystem.System.UnifiedRegimeClassifier - INFO - State 2: SIDEWAYS (mean_return=0.0000, mean_vol=0.0001)
2025-08-04 19:45:07,031 - AresTradingSystem.System.UnifiedRegimeClassifier - INFO - State 3: BULL (mean_return=0.0032, mean_vol=0.0020)
2025-08-04 19:45:07,032 - AresTradingSystem.System.UnifiedRegimeClassifier - INFO - ✅ HMM labeler trained successfully
2025-08-04 19:45:07,032 - AresTradingSystem.System.UnifiedRegimeClassifier - INFO - 🎯 Step 2: Training basic regime ensemble...
2025-08-04 19:45:07,045 - AresTradingSystem.System.UnifiedRegimeClassifier - INFO - Calculated 16 features for 8761 periods
2025-08-04 19:45:14,194 - AresTradingSystem.System.UnifiedRegimeClassifier - INFO - ✅ Basic ensemble trained - Train: 1.000, Test: 0.995
2025-08-04 19:45:14,194 - AresTradingSystem.System.UnifiedRegimeClassifier - INFO - 🎯 Step 3: Training advanced regime classifier...
2025-08-04 19:45:14,207 - AresTradingSystem.System.UnifiedRegimeClassifier - INFO - Calculated 16 features for 8761 periods
2025-08-04 19:45:15,201 - AresTradingSystem.System.UnifiedRegimeClassifier - WARNING - Only 25 special cases found. Using all data.
2025-08-04 19:45:15,940 - AresTradingSystem.System.UnifiedRegimeClassifier - INFO - ✅ Advanced classifier trained - Train: 1.000, Test: 0.997
2025-08-04 19:45:15,947 - AresTradingSystem.System.UnifiedRegimeClassifier - INFO - HMM model saved to checkpoints/analyst_models/unified_hmm_model_1h.joblib
2025-08-04 19:45:15,987 - AresTradingSystem.System.UnifiedRegimeClassifier - INFO - Basic ensemble saved to checkpoints/analyst_models/unified_ensemble_model_1h.joblib
2025-08-04 19:45:15,991 - AresTradingSystem.System.UnifiedRegimeClassifier - INFO - Advanced classifier saved to checkpoints/analyst_models/unified_advanced_model_1h.joblib
2025-08-04 19:45:15,991 - AresTradingSystem.System.UnifiedRegimeClassifier - INFO - ✅ Complete unified regime classification system trained successfully
2025-08-04 19:45:16,006 - AresTradingSystem.System.UnifiedRegimeClassifier - INFO - Calculated 16 features for 8761 periods
2025-08-04 19:45:16,031 - AresTradingSystem.System.UnifiedRegimeClassifier - INFO - Calculated 16 features for 8761 periods
2025-08-04 19:45:16,058 - AresTradingSystem.System.UnifiedRegimeClassifier - INFO - Calculated 16 features for 8761 periods
2025-08-04 19:45:16,083 - AresTradingSystem.System.UnifiedRegimeClassifier - INFO - Calculated 16 features for 8761 periods
2025-08-04 19:45:16,109 - AresTradingSystem.System.UnifiedRegimeClassifier - INFO - Calculated 16 features for 8761 periods
