{"asctime": "2025-08-10 09:50:08,752", "levelname": "INFO", "name": "AresGlobal", "message": "================================================================================", "correlation_id": "-", "session_id": "-", "timestamp": "2025-08-10T07:50:08.752273+00:00"}
{"asctime": "2025-08-10 09:50:08,752", "levelname": "INFO", "name": "AresGlobal", "message": "📊 SESSION SUMMARY", "correlation_id": "-", "session_id": "-", "timestamp": "2025-08-10T07:50:08.752382+00:00"}
{"asctime": "2025-08-10 09:50:08,752", "levelname": "INFO", "name": "AresGlobal", "message": "Session started: 2025-08-10 09:50:08", "correlation_id": "-", "session_id": "-", "timestamp": "2025-08-10T07:50:08.752468+00:00"}
{"asctime": "2025-08-10 09:50:08,752", "levelname": "INFO", "name": "AresGlobal", "message": "This file contains ALL logs for this session", "correlation_id": "-", "session_id": "-", "timestamp": "2025-08-10T07:50:08.752530+00:00"}
{"asctime": "2025-08-10 09:50:08,752", "levelname": "INFO", "name": "AresGlobal", "message": "================================================================================", "correlation_id": "-", "session_id": "-", "timestamp": "2025-08-10T07:50:08.752592+00:00"}
{"asctime": "2025-08-10 09:50:08,753", "levelname": "INFO", "name": "AresGlobal", "message": "Applied NumPy RNG unpickle compatibility shim (ModelManager)", "correlation_id": "-", "session_id": "-", "timestamp": "2025-08-10T07:50:08.753098+00:00"}
{"asctime": "2025-08-10 09:50:08,753", "levelname": "INFO", "name": "AresGlobal", "message": "[SYSTEM] ================================================================================", "correlation_id": "-", "session_id": "-", "timestamp": "2025-08-10T07:50:08.753295+00:00"}
{"asctime": "2025-08-10 09:50:08,753", "levelname": "INFO", "name": "AresGlobal", "message": "[SYSTEM] 🚀 ARES LAUNCHER STARTED - Mode: INITIALIZATION", "correlation_id": "-", "session_id": "-", "timestamp": "2025-08-10T07:50:08.753419+00:00"}
{"asctime": "2025-08-10 09:50:08,753", "levelname": "INFO", "name": "AresGlobal", "message": "[SYSTEM] Start time: 2025-08-10 09:50:08", "correlation_id": "-", "session_id": "-", "timestamp": "2025-08-10T07:50:08.753537+00:00"}
{"asctime": "2025-08-10 09:50:08,753", "levelname": "INFO", "name": "AresGlobal", "message": "[SYSTEM] Log directory: log", "correlation_id": "-", "session_id": "-", "timestamp": "2025-08-10T07:50:08.753642+00:00"}
{"asctime": "2025-08-10 09:50:08,753", "levelname": "INFO", "name": "AresGlobal", "message": "[SYSTEM] ================================================================================", "correlation_id": "-", "session_id": "-", "timestamp": "2025-08-10T07:50:08.753742+00:00"}
{"asctime": "2025-08-10 09:50:08,753", "levelname": "INFO", "name": "AresGlobal.AresLauncher", "message": "================================================================================", "correlation_id": "-", "session_id": "-", "timestamp": "2025-08-10T07:50:08.753793+00:00"}
{"asctime": "2025-08-10 09:50:08,753", "levelname": "INFO", "name": "AresGlobal.AresLauncher", "message": "🚀 ARES COMPREHENSIVE LAUNCHER", "correlation_id": "-", "session_id": "-", "timestamp": "2025-08-10T07:50:08.753845+00:00"}
{"asctime": "2025-08-10 09:50:08,753", "levelname": "INFO", "name": "AresGlobal.AresLauncher", "message": "================================================================================", "correlation_id": "-", "session_id": "-", "timestamp": "2025-08-10T07:50:08.753899+00:00"}
{"asctime": "2025-08-10 09:50:08,753", "levelname": "INFO", "name": "AresGlobal.AresLauncher", "message": "Start time: 2025-08-10 09:50:08", "correlation_id": "-", "session_id": "-", "timestamp": "2025-08-10T07:50:08.753953+00:00"}
{"asctime": "2025-08-10 09:50:08,754", "levelname": "INFO", "name": "AresGlobal.AresLauncher", "message": "Log directory: log", "correlation_id": "-", "session_id": "-", "timestamp": "2025-08-10T07:50:08.754003+00:00"}
{"asctime": "2025-08-10 09:50:08,754", "levelname": "INFO", "name": "AresGlobal.AresLauncher", "message": "Log level: INFO", "correlation_id": "-", "session_id": "-", "timestamp": "2025-08-10T07:50:08.754053+00:00"}
{"asctime": "2025-08-10 09:50:08,754", "levelname": "INFO", "name": "AresGlobal.AresLauncher", "message": "Global log file: ares_global_20250810_095008.log", "correlation_id": "-", "session_id": "-", "timestamp": "2025-08-10T07:50:08.754115+00:00"}
{"asctime": "2025-08-10 09:50:08,754", "levelname": "INFO", "name": "AresGlobal.AresLauncher", "message": "================================================================================", "correlation_id": "-", "session_id": "-", "timestamp": "2025-08-10T07:50:08.754164+00:00"}
{"asctime": "2025-08-10 09:50:08,754", "levelname": "INFO", "name": "AresGlobal", "message": "[SYSTEM] ================================================================================", "correlation_id": "51c217e6-51bd-4d05-9f7f-c087577e23a4", "session_id": "c4d952ad-8666-4c79-82e7-2f50f51d7839", "timestamp": "2025-08-10T07:50:08.754353+00:00"}
{"asctime": "2025-08-10 09:50:08,754", "levelname": "INFO", "name": "AresGlobal", "message": "[SYSTEM] 🚀 ARES LAUNCHER STARTED - Mode: blank - Symbol: ETHUSDT - Exchange: BINANCE", "correlation_id": "51c217e6-51bd-4d05-9f7f-c087577e23a4", "session_id": "c4d952ad-8666-4c79-82e7-2f50f51d7839", "timestamp": "2025-08-10T07:50:08.754463+00:00"}
{"asctime": "2025-08-10 09:50:08,754", "levelname": "INFO", "name": "AresGlobal", "message": "[SYSTEM] Start time: 2025-08-10 09:50:08", "correlation_id": "51c217e6-51bd-4d05-9f7f-c087577e23a4", "session_id": "c4d952ad-8666-4c79-82e7-2f50f51d7839", "timestamp": "2025-08-10T07:50:08.754574+00:00"}
{"asctime": "2025-08-10 09:50:08,754", "levelname": "INFO", "name": "AresGlobal", "message": "[SYSTEM] Log directory: log", "correlation_id": "51c217e6-51bd-4d05-9f7f-c087577e23a4", "session_id": "c4d952ad-8666-4c79-82e7-2f50f51d7839", "timestamp": "2025-08-10T07:50:08.754672+00:00"}
{"asctime": "2025-08-10 09:50:08,754", "levelname": "INFO", "name": "AresGlobal", "message": "[SYSTEM] ================================================================================", "correlation_id": "51c217e6-51bd-4d05-9f7f-c087577e23a4", "session_id": "c4d952ad-8666-4c79-82e7-2f50f51d7839", "timestamp": "2025-08-10T07:50:08.754769+00:00"}
{"asctime": "2025-08-10 09:50:08,754", "levelname": "INFO", "name": "AresGlobal.AresLauncher", "message": "🚀 Running enhanced 16-step training pipeline for ETHUSDT on BINANCE", "correlation_id": "51c217e6-51bd-4d05-9f7f-c087577e23a4", "session_id": "c4d952ad-8666-4c79-82e7-2f50f51d7839", "timestamp": "2025-08-10T07:50:08.754838+00:00"}
{"asctime": "2025-08-10 09:50:08,754", "levelname": "INFO", "name": "AresGlobal.AresLauncher", "message": "Starting from step: step2_market_regime_classification", "correlation_id": "51c217e6-51bd-4d05-9f7f-c087577e23a4", "session_id": "c4d952ad-8666-4c79-82e7-2f50f51d7839", "timestamp": "2025-08-10T07:50:08.754892+00:00"}
{"asctime": "2025-08-10 09:50:08,754", "levelname": "INFO", "name": "AresGlobal.AresLauncher", "message": "🧪 BLANK TRAINING MODE: Set BLANK_TRAINING_MODE=1 for step-based training", "correlation_id": "51c217e6-51bd-4d05-9f7f-c087577e23a4", "session_id": "c4d952ad-8666-4c79-82e7-2f50f51d7839", "timestamp": "2025-08-10T07:50:08.754946+00:00"}
{"asctime": "2025-08-10 09:50:08,755", "levelname": "INFO", "name": "AresGlobal.AresLauncher", "message": "📁 Using pre-consolidated data for step2", "correlation_id": "51c217e6-51bd-4d05-9f7f-c087577e23a4", "session_id": "c4d952ad-8666-4c79-82e7-2f50f51d7839", "timestamp": "2025-08-10T07:50:08.755819+00:00"}
{"asctime": "2025-08-10 09:50:08,755", "levelname": "INFO", "name": "AresGlobal.AresLauncher", "message": "✅ Found consolidated data: data_cache/aggtrades_BINANCE_ETHUSDT_consolidated.parquet", "correlation_id": "51c217e6-51bd-4d05-9f7f-c087577e23a4", "session_id": "c4d952ad-8666-4c79-82e7-2f50f51d7839", "timestamp": "2025-08-10T07:50:08.755894+00:00"}
{"asctime": "2025-08-10 09:50:09,367", "levelname": "INFO", "name": "AresGlobal.AresLauncher", "message": "📊 Consolidated trade rows: 10000", "correlation_id": "51c217e6-51bd-4d05-9f7f-c087577e23a4", "session_id": "c4d952ad-8666-4c79-82e7-2f50f51d7839", "timestamp": "2025-08-10T07:50:09.367892+00:00"}
{"asctime": "2025-08-10 09:50:09,368", "levelname": "INFO", "name": "AresGlobal.ProgressManager", "message": "Initialized ProgressManager for ETHUSDT on BINANCE", "correlation_id": "51c217e6-51bd-4d05-9f7f-c087577e23a4", "session_id": "c4d952ad-8666-4c79-82e7-2f50f51d7839", "timestamp": "2025-08-10T07:50:09.368387+00:00"}
{"asctime": "2025-08-10 09:50:09,368", "levelname": "INFO", "name": "AresGlobal.ProgressManager", "message": "Progress directory: data/training/progress/BINANCE_ETHUSDT", "correlation_id": "51c217e6-51bd-4d05-9f7f-c087577e23a4", "session_id": "c4d952ad-8666-4c79-82e7-2f50f51d7839", "timestamp": "2025-08-10T07:50:09.368493+00:00"}
{"asctime": "2025-08-10 09:50:09,368", "levelname": "INFO", "name": "AresGlobal.StepOrchestrator", "message": "Initialized StepOrchestrator for ETHUSDT on BINANCE", "correlation_id": "51c217e6-51bd-4d05-9f7f-c087577e23a4", "session_id": "c4d952ad-8666-4c79-82e7-2f50f51d7839", "timestamp": "2025-08-10T07:50:09.368569+00:00"}
{"asctime": "2025-08-10 09:50:09,368", "levelname": "INFO", "name": "AresGlobal.StepOrchestrator", "message": "🚀 Starting execution from step: step2_market_regime_classification", "correlation_id": "51c217e6-51bd-4d05-9f7f-c087577e23a4", "session_id": "c4d952ad-8666-4c79-82e7-2f50f51d7839", "timestamp": "2025-08-10T07:50:09.368835+00:00"}
{"asctime": "2025-08-10 09:50:10,792", "levelname": "INFO", "name": "AresGlobal.EnhancedTrainingManagerOptimized", "message": "Loaded optimization configuration", "correlation_id": "51c217e6-51bd-4d05-9f7f-c087577e23a4", "session_id": "c4d952ad-8666-4c79-82e7-2f50f51d7839", "timestamp": "2025-08-10T07:50:10.792806+00:00"}
{"asctime": "2025-08-10 09:50:10,795", "levelname": "INFO", "name": "AresGlobal.StepOrchestrator", "message": "✅ Enhanced training manager setup successfully", "correlation_id": "51c217e6-51bd-4d05-9f7f-c087577e23a4", "session_id": "c4d952ad-8666-4c79-82e7-2f50f51d7839", "timestamp": "2025-08-10T07:50:10.795405+00:00"}
{"asctime": "2025-08-10 09:50:10,796", "levelname": "INFO", "name": "AresGlobal.EnhancedTrainingManagerOptimized", "message": "🚀 Initializing Enhanced Training Manager with Optimizations...", "correlation_id": "51c217e6-51bd-4d05-9f7f-c087577e23a4", "session_id": "c4d952ad-8666-4c79-82e7-2f50f51d7839", "timestamp": "2025-08-10T07:50:10.796128+00:00"}
{"asctime": "2025-08-10 09:50:10,803", "levelname": "INFO", "name": "AresGlobal.EnhancedTrainingManagerOptimized", "message": "✅ Parallel backtester initialized with 8 workers", "correlation_id": "51c217e6-51bd-4d05-9f7f-c087577e23a4", "session_id": "c4d952ad-8666-4c79-82e7-2f50f51d7839", "timestamp": "2025-08-10T07:50:10.803498+00:00"}
{"asctime": "2025-08-10 09:50:10,803", "levelname": "INFO", "name": "AresGlobal.EnhancedTrainingManagerOptimized", "message": "✅ All optimization components initialized successfully", "correlation_id": "51c217e6-51bd-4d05-9f7f-c087577e23a4", "session_id": "c4d952ad-8666-4c79-82e7-2f50f51d7839", "timestamp": "2025-08-10T07:50:10.803942+00:00"}
