{"asctime": "2025-08-10 16:07:29,445", "levelname": "INFO", "name": "AresGlobal", "message": "================================================================================", "correlation_id": "-", "session_id": "-", "timestamp": "2025-08-10T14:07:29.445486+00:00"}
{"asctime": "2025-08-10 16:07:29,445", "levelname": "INFO", "name": "AresGlobal", "message": "📊 SESSION SUMMARY", "correlation_id": "-", "session_id": "-", "timestamp": "2025-08-10T14:07:29.445581+00:00"}
{"asctime": "2025-08-10 16:07:29,445", "levelname": "INFO", "name": "AresGlobal", "message": "Session started: 2025-08-10 16:07:29", "correlation_id": "-", "session_id": "-", "timestamp": "2025-08-10T14:07:29.445933+00:00"}
{"asctime": "2025-08-10 16:07:29,446", "levelname": "INFO", "name": "AresGlobal", "message": "This file contains ALL logs for this session", "correlation_id": "-", "session_id": "-", "timestamp": "2025-08-10T14:07:29.446025+00:00"}
{"asctime": "2025-08-10 16:07:29,446", "levelname": "INFO", "name": "AresGlobal", "message": "================================================================================", "correlation_id": "-", "session_id": "-", "timestamp": "2025-08-10T14:07:29.446147+00:00"}
{"asctime": "2025-08-10 16:07:29,446", "levelname": "INFO", "name": "AresGlobal", "message": "Applied NumPy RNG unpickle compatibility shim (ModelManager)", "correlation_id": "-", "session_id": "-", "timestamp": "2025-08-10T14:07:29.446880+00:00"}
{"asctime": "2025-08-10 16:07:29,447", "levelname": "INFO", "name": "AresGlobal", "message": "[SYSTEM] ================================================================================", "correlation_id": "-", "session_id": "-", "timestamp": "2025-08-10T14:07:29.447159+00:00"}
{"asctime": "2025-08-10 16:07:29,447", "levelname": "INFO", "name": "AresGlobal", "message": "[SYSTEM] 🚀 ARES LAUNCHER STARTED - Mode: INITIALIZATION", "correlation_id": "-", "session_id": "-", "timestamp": "2025-08-10T14:07:29.447402+00:00"}
{"asctime": "2025-08-10 16:07:29,447", "levelname": "INFO", "name": "AresGlobal", "message": "[SYSTEM] Start time: 2025-08-10 16:07:29", "correlation_id": "-", "session_id": "-", "timestamp": "2025-08-10T14:07:29.447540+00:00"}
{"asctime": "2025-08-10 16:07:29,447", "levelname": "INFO", "name": "AresGlobal", "message": "[SYSTEM] Log directory: log", "correlation_id": "-", "session_id": "-", "timestamp": "2025-08-10T14:07:29.447655+00:00"}
{"asctime": "2025-08-10 16:07:29,447", "levelname": "INFO", "name": "AresGlobal", "message": "[SYSTEM] ================================================================================", "correlation_id": "-", "session_id": "-", "timestamp": "2025-08-10T14:07:29.447760+00:00"}
{"asctime": "2025-08-10 16:07:29,447", "levelname": "INFO", "name": "AresGlobal.AresLauncher", "message": "================================================================================", "correlation_id": "-", "session_id": "-", "timestamp": "2025-08-10T14:07:29.447818+00:00"}
{"asctime": "2025-08-10 16:07:29,447", "levelname": "INFO", "name": "AresGlobal.AresLauncher", "message": "🚀 ARES COMPREHENSIVE LAUNCHER", "correlation_id": "-", "session_id": "-", "timestamp": "2025-08-10T14:07:29.447873+00:00"}
{"asctime": "2025-08-10 16:07:29,447", "levelname": "INFO", "name": "AresGlobal.AresLauncher", "message": "================================================================================", "correlation_id": "-", "session_id": "-", "timestamp": "2025-08-10T14:07:29.447932+00:00"}
{"asctime": "2025-08-10 16:07:29,447", "levelname": "INFO", "name": "AresGlobal.AresLauncher", "message": "Start time: 2025-08-10 16:07:29", "correlation_id": "-", "session_id": "-", "timestamp": "2025-08-10T14:07:29.447993+00:00"}
{"asctime": "2025-08-10 16:07:29,448", "levelname": "INFO", "name": "AresGlobal.AresLauncher", "message": "Log directory: log", "correlation_id": "-", "session_id": "-", "timestamp": "2025-08-10T14:07:29.448048+00:00"}
{"asctime": "2025-08-10 16:07:29,448", "levelname": "INFO", "name": "AresGlobal.AresLauncher", "message": "Log level: INFO", "correlation_id": "-", "session_id": "-", "timestamp": "2025-08-10T14:07:29.448100+00:00"}
{"asctime": "2025-08-10 16:07:29,448", "levelname": "INFO", "name": "AresGlobal.AresLauncher", "message": "Global log file: ares_global_20250810_160729.log", "correlation_id": "-", "session_id": "-", "timestamp": "2025-08-10T14:07:29.448168+00:00"}
{"asctime": "2025-08-10 16:07:29,448", "levelname": "INFO", "name": "AresGlobal.AresLauncher", "message": "================================================================================", "correlation_id": "-", "session_id": "-", "timestamp": "2025-08-10T14:07:29.448219+00:00"}
{"asctime": "2025-08-10 16:07:29,448", "levelname": "INFO", "name": "AresGlobal", "message": "[SYSTEM] ================================================================================", "correlation_id": "9ee51754-3f5c-4d98-9f92-80b4d4bfcaff", "session_id": "4eac99e0-e8fe-4d04-9615-2a61ded672b9", "timestamp": "2025-08-10T14:07:29.448460+00:00"}
{"asctime": "2025-08-10 16:07:29,448", "levelname": "INFO", "name": "AresGlobal", "message": "[SYSTEM] 🚀 ARES LAUNCHER STARTED - Mode: blank - Symbol: ETHUSDT - Exchange: BINANCE", "correlation_id": "9ee51754-3f5c-4d98-9f92-80b4d4bfcaff", "session_id": "4eac99e0-e8fe-4d04-9615-2a61ded672b9", "timestamp": "2025-08-10T14:07:29.448573+00:00"}
{"asctime": "2025-08-10 16:07:29,448", "levelname": "INFO", "name": "AresGlobal", "message": "[SYSTEM] Start time: 2025-08-10 16:07:29", "correlation_id": "9ee51754-3f5c-4d98-9f92-80b4d4bfcaff", "session_id": "4eac99e0-e8fe-4d04-9615-2a61ded672b9", "timestamp": "2025-08-10T14:07:29.448683+00:00"}
{"asctime": "2025-08-10 16:07:29,448", "levelname": "INFO", "name": "AresGlobal", "message": "[SYSTEM] Log directory: log", "correlation_id": "9ee51754-3f5c-4d98-9f92-80b4d4bfcaff", "session_id": "4eac99e0-e8fe-4d04-9615-2a61ded672b9", "timestamp": "2025-08-10T14:07:29.448783+00:00"}
{"asctime": "2025-08-10 16:07:29,448", "levelname": "INFO", "name": "AresGlobal", "message": "[SYSTEM] ================================================================================", "correlation_id": "9ee51754-3f5c-4d98-9f92-80b4d4bfcaff", "session_id": "4eac99e0-e8fe-4d04-9615-2a61ded672b9", "timestamp": "2025-08-10T14:07:29.448883+00:00"}
{"asctime": "2025-08-10 16:07:29,448", "levelname": "INFO", "name": "AresGlobal.AresLauncher", "message": "🚀 Running enhanced 16-step training pipeline for ETHUSDT on BINANCE", "correlation_id": "9ee51754-3f5c-4d98-9f92-80b4d4bfcaff", "session_id": "4eac99e0-e8fe-4d04-9615-2a61ded672b9", "timestamp": "2025-08-10T14:07:29.448968+00:00"}
{"asctime": "2025-08-10 16:07:29,449", "levelname": "INFO", "name": "AresGlobal.AresLauncher", "message": "Starting from step: step3_regime_data_splitting", "correlation_id": "9ee51754-3f5c-4d98-9f92-80b4d4bfcaff", "session_id": "4eac99e0-e8fe-4d04-9615-2a61ded672b9", "timestamp": "2025-08-10T14:07:29.449033+00:00"}
{"asctime": "2025-08-10 16:07:29,449", "levelname": "INFO", "name": "AresGlobal.AresLauncher", "message": "🧪 BLANK TRAINING MODE: Set BLANK_TRAINING_MODE=1 for step-based training", "correlation_id": "9ee51754-3f5c-4d98-9f92-80b4d4bfcaff", "session_id": "4eac99e0-e8fe-4d04-9615-2a61ded672b9", "timestamp": "2025-08-10T14:07:29.449103+00:00"}
{"asctime": "2025-08-10 16:07:29,450", "levelname": "INFO", "name": "AresGlobal.ProgressManager", "message": "Initialized ProgressManager for ETHUSDT on BINANCE", "correlation_id": "9ee51754-3f5c-4d98-9f92-80b4d4bfcaff", "session_id": "4eac99e0-e8fe-4d04-9615-2a61ded672b9", "timestamp": "2025-08-10T14:07:29.450039+00:00"}
{"asctime": "2025-08-10 16:07:29,450", "levelname": "INFO", "name": "AresGlobal.ProgressManager", "message": "Progress directory: data/training/progress/BINANCE_ETHUSDT", "correlation_id": "9ee51754-3f5c-4d98-9f92-80b4d4bfcaff", "session_id": "4eac99e0-e8fe-4d04-9615-2a61ded672b9", "timestamp": "2025-08-10T14:07:29.450149+00:00"}
{"asctime": "2025-08-10 16:07:29,450", "levelname": "INFO", "name": "AresGlobal.StepOrchestrator", "message": "Initialized StepOrchestrator for ETHUSDT on BINANCE", "correlation_id": "9ee51754-3f5c-4d98-9f92-80b4d4bfcaff", "session_id": "4eac99e0-e8fe-4d04-9615-2a61ded672b9", "timestamp": "2025-08-10T14:07:29.450208+00:00"}
{"asctime": "2025-08-10 16:07:29,450", "levelname": "INFO", "name": "AresGlobal.StepOrchestrator", "message": "🚀 Starting execution from step: step3_regime_data_splitting", "correlation_id": "9ee51754-3f5c-4d98-9f92-80b4d4bfcaff", "session_id": "4eac99e0-e8fe-4d04-9615-2a61ded672b9", "timestamp": "2025-08-10T14:07:29.450421+00:00"}
{"asctime": "2025-08-10 16:07:31,441", "levelname": "INFO", "name": "AresGlobal.EnhancedTrainingManagerOptimized", "message": "Loaded optimization configuration", "correlation_id": "9ee51754-3f5c-4d98-9f92-80b4d4bfcaff", "session_id": "4eac99e0-e8fe-4d04-9615-2a61ded672b9", "timestamp": "2025-08-10T14:07:31.441571+00:00"}
{"asctime": "2025-08-10 16:07:31,444", "levelname": "INFO", "name": "AresGlobal.StepOrchestrator", "message": "✅ Enhanced training manager setup successfully", "correlation_id": "9ee51754-3f5c-4d98-9f92-80b4d4bfcaff", "session_id": "4eac99e0-e8fe-4d04-9615-2a61ded672b9", "timestamp": "2025-08-10T14:07:31.444753+00:00"}
{"asctime": "2025-08-10 16:07:31,445", "levelname": "INFO", "name": "AresGlobal.EnhancedTrainingManagerOptimized", "message": "🚀 Initializing Enhanced Training Manager with Optimizations...", "correlation_id": "9ee51754-3f5c-4d98-9f92-80b4d4bfcaff", "session_id": "4eac99e0-e8fe-4d04-9615-2a61ded672b9", "timestamp": "2025-08-10T14:07:31.445993+00:00"}
{"asctime": "2025-08-10 16:07:31,455", "levelname": "INFO", "name": "AresGlobal.EnhancedTrainingManagerOptimized", "message": "✅ Parallel backtester initialized with 8 workers", "correlation_id": "9ee51754-3f5c-4d98-9f92-80b4d4bfcaff", "session_id": "4eac99e0-e8fe-4d04-9615-2a61ded672b9", "timestamp": "2025-08-10T14:07:31.455281+00:00"}
{"asctime": "2025-08-10 16:07:31,455", "levelname": "INFO", "name": "AresGlobal.EnhancedTrainingManagerOptimized", "message": "✅ All optimization components initialized successfully", "correlation_id": "9ee51754-3f5c-4d98-9f92-80b4d4bfcaff", "session_id": "4eac99e0-e8fe-4d04-9615-2a61ded672b9", "timestamp": "2025-08-10T14:07:31.455684+00:00"}
{"asctime": "2025-08-10 16:07:31,657", "levelname": "INFO", "name": "AresGlobal.StepOrchestrator", "message": "\u001b[91m\u001b[1m❌\u001b[0m \u001b[91m\u001b[1m❌ Enhanced 16-step training pipeline failed\u001b[0m", "correlation_id": "9ee51754-3f5c-4d98-9f92-80b4d4bfcaff", "session_id": "4eac99e0-e8fe-4d04-9615-2a61ded672b9", "timestamp": "2025-08-10T14:07:31.657444+00:00"}
{"asctime": "2025-08-10 16:07:31,657", "levelname": "INFO", "name": "AresGlobal.AresLauncher", "message": "\u001b[91m\u001b[1m❌\u001b[0m \u001b[91m\u001b[1m❌ Enhanced 16-step training pipeline failed\u001b[0m", "correlation_id": "9ee51754-3f5c-4d98-9f92-80b4d4bfcaff", "session_id": "4eac99e0-e8fe-4d04-9615-2a61ded672b9", "timestamp": "2025-08-10T14:07:31.657857+00:00"}
{"asctime": "2025-08-10 16:07:31,658", "levelname": "INFO", "name": "AresGlobal", "message": "[SYSTEM] ================================================================================", "correlation_id": "9ee51754-3f5c-4d98-9f92-80b4d4bfcaff", "session_id": "4eac99e0-e8fe-4d04-9615-2a61ded672b9", "timestamp": "2025-08-10T14:07:31.658226+00:00"}
{"asctime": "2025-08-10 16:07:31,658", "levelname": "INFO", "name": "AresGlobal", "message": "[SYSTEM] 🛑 ARES LAUNCHER ENDED - Exit code: 1", "correlation_id": "9ee51754-3f5c-4d98-9f92-80b4d4bfcaff", "session_id": "4eac99e0-e8fe-4d04-9615-2a61ded672b9", "timestamp": "2025-08-10T14:07:31.658427+00:00"}
{"asctime": "2025-08-10 16:07:31,658", "levelname": "INFO", "name": "AresGlobal", "message": "[SYSTEM] End time: 2025-08-10 16:07:31", "correlation_id": "9ee51754-3f5c-4d98-9f92-80b4d4bfcaff", "session_id": "4eac99e0-e8fe-4d04-9615-2a61ded672b9", "timestamp": "2025-08-10T14:07:31.658638+00:00"}
{"asctime": "2025-08-10 16:07:31,658", "levelname": "INFO", "name": "AresGlobal", "message": "[SYSTEM] ================================================================================", "correlation_id": "9ee51754-3f5c-4d98-9f92-80b4d4bfcaff", "session_id": "4eac99e0-e8fe-4d04-9615-2a61ded672b9", "timestamp": "2025-08-10T14:07:31.658828+00:00"}
{"asctime": "2025-08-10 16:07:31,658", "levelname": "INFO", "name": "AresGlobal.AresLauncher", "message": "🧹 Cleaning up processes...", "correlation_id": "9ee51754-3f5c-4d98-9f92-80b4d4bfcaff", "session_id": "4eac99e0-e8fe-4d04-9615-2a61ded672b9", "timestamp": "2025-08-10T14:07:31.658942+00:00"}
{"asctime": "2025-08-10 16:07:31,659", "levelname": "INFO", "name": "AresGlobal.AresLauncher", "message": "✅ Cleanup completed", "correlation_id": "9ee51754-3f5c-4d98-9f92-80b4d4bfcaff", "session_id": "4eac99e0-e8fe-4d04-9615-2a61ded672b9", "timestamp": "2025-08-10T14:07:31.659044+00:00"}
