2025-08-07 20:30:46,942 - AresTradingSystem - INFO - ✅ Enhanced Logger initialization completed successfully
2025-08-07 20:30:46,952 - AresTradingSystem.System - INFO - Environment configuration loaded successfully. Trading Environment: PAPER, Exchange: BINANCE
2025-08-07 20:30:47,245 - AresTradingSystem.System.SignalHandler - INFO - Initializing Signal Handler...
2025-08-07 20:30:47,246 - AresTradingSystem.System.SignalHandler - INFO - Signal configuration loaded successfully
2025-08-07 20:30:47,246 - AresTradingSystem.System.SignalHandler - INFO - Configuration validation successful
2025-08-07 20:30:47,246 - AresTradingSystem.System.SignalHandler - INFO - Registered SIGTERM handler
2025-08-07 20:30:47,246 - AresTradingSystem.System.SignalHandler - INFO - Registered SIGINT handler
2025-08-07 20:30:47,246 - AresTradingSystem.System.SignalHandler - INFO - Signal handlers registered successfully
2025-08-07 20:30:47,246 - AresTradingSystem.System.SignalHandler - INFO - ✅ Signal Handler initialization completed successfully
2025-08-07 20:30:47,248 - AresTradingSystem.System.SignalHandler - INFO - Shutdown callback registered
2025-08-07 20:30:48,266 - AresTradingSystem.System - INFO - Initializing Market Regime Classification Step...
2025-08-07 20:30:48,267 - AresTradingSystem.System - INFO - Market Regime Classification Step initialized successfully
2025-08-07 20:30:48,267 - AresTradingSystem.System - INFO - 🔄 Executing Market Regime Classification...
2025-08-07 20:30:48,267 - AresTradingSystem.System - INFO - 📁 Loading pre-consolidated data from: data_cache/aggtrades_BINANCE_ETHUSDT_consolidated.parquet
2025-08-07 20:30:48,530 - AresTradingSystem.System - INFO - ✅ Loaded consolidated trade data: 17744326 records
2025-08-07 20:30:48,530 - AresTradingSystem.System - INFO - 🔄 Converting trade data to OHLCV format...
2025-08-07 20:30:49,604 - AresTradingSystem.System - INFO - ✅ Converted to OHLCV: 879 records
2025-08-07 20:30:49,604 - AresTradingSystem.System - INFO - Classifying market regimes for ETHUSDT on BINANCE...
2025-08-07 20:30:49,605 - AresTradingSystem.System - INFO - Regime classification completed. Found 0 distinct regimes
2025-08-07 20:30:49,605 - AresTradingSystem.System - INFO - ✅ Market regime classification completed. Results saved to data/training/BINANCE_ETHUSDT_regime_classification.json
2025-08-07 20:30:49,616 - AresTradingSystem.System - INFO - Initializing Regime Data Splitting Step...
2025-08-07 20:30:49,616 - AresTradingSystem.System - INFO - Regime Data Splitting Step initialized successfully
2025-08-07 20:30:49,616 - AresTradingSystem.System - INFO - 🔄 Executing Regime Data Splitting...
2025-08-07 20:30:49,618 - AresTradingSystem.System - INFO - ✅ Extracted klines data: (60367, 5)
2025-08-07 20:30:49,618 - AresTradingSystem.System - INFO - Splitting data by regimes for ETHUSDT on BINANCE...
2025-08-07 20:30:49,618 - AresTradingSystem.System - INFO - Data shape: (60367, 5)
2025-08-07 20:30:49,619 - AresTradingSystem.System - WARNING - No regime sequence found, creating default sequence
2025-08-07 20:30:49,786 - AresTradingSystem.System - INFO - Regime 'BULL': 60367 records
2025-08-07 20:30:49,786 - AresTradingSystem.System - INFO - High-data regimes: ['BULL']
2025-08-07 20:30:49,786 - AresTradingSystem.System - INFO - Low-data regimes: []
2025-08-07 20:30:49,786 - AresTradingSystem.System - INFO - Other regimes: []
2025-08-07 20:30:49,788 - AresTradingSystem.System - INFO - ✅ Regime data splitting completed. Results saved to data/training/regime_data
2025-08-07 20:31:06,763 - AresTradingSystem.System - INFO - Initializing Analyst Specialist Training Step...
2025-08-07 20:31:06,763 - AresTradingSystem.System - INFO - Analyst Specialist Training Step initialized successfully
2025-08-07 20:31:06,763 - AresTradingSystem.System - INFO - 🔄 Executing Analyst Specialist Training...
2025-08-07 20:31:06,764 - AresTradingSystem.System - INFO - Training specialist models for regime: BULL
2025-08-07 20:31:06,765 - AresTradingSystem.System - INFO - Training specialist models for regime: BULL
2025-08-07 20:31:09,440 - AresTradingSystem.System - ERROR - Error training XGBoost for BULL: Invalid classes inferred from unique values of `y`.  Expected: [0 1], got [-1  1]
2025-08-07 20:31:09,440 - AresTradingSystem.System - ERROR - Error training models for regime BULL: Invalid classes inferred from unique values of `y`.  Expected: [0 1], got [-1  1]
2025-08-07 20:31:09,440 - AresTradingSystem.System - ERROR - ❌ Error in Analyst Specialist Training: Invalid classes inferred from unique values of `y`.  Expected: [0 1], got [-1  1]
