{"asctime": "2025-08-11 13:40:10,079", "levelname": "INFO", "name": "AresGlobal", "message": "================================================================================", "correlation_id": "-", "session_id": "-", "timestamp": "2025-08-11T11:40:10.079916+00:00"}
{"asctime": "2025-08-11 13:40:10,080", "levelname": "INFO", "name": "AresGlobal", "message": "📊 SESSION SUMMARY", "correlation_id": "-", "session_id": "-", "timestamp": "2025-08-11T11:40:10.080035+00:00"}
{"asctime": "2025-08-11 13:40:10,080", "levelname": "INFO", "name": "AresGlobal", "message": "Session started: 2025-08-11 13:40:10", "correlation_id": "-", "session_id": "-", "timestamp": "2025-08-11T11:40:10.080111+00:00"}
{"asctime": "2025-08-11 13:40:10,080", "levelname": "INFO", "name": "AresGlobal", "message": "This file contains ALL logs for this session", "correlation_id": "-", "session_id": "-", "timestamp": "2025-08-11T11:40:10.080169+00:00"}
{"asctime": "2025-08-11 13:40:10,080", "levelname": "INFO", "name": "AresGlobal", "message": "================================================================================", "correlation_id": "-", "session_id": "-", "timestamp": "2025-08-11T11:40:10.080234+00:00"}
{"asctime": "2025-08-11 13:40:10,080", "levelname": "INFO", "name": "AresGlobal", "message": "[SYSTEM] ================================================================================", "correlation_id": "-", "session_id": "-", "timestamp": "2025-08-11T11:40:10.080393+00:00"}
{"asctime": "2025-08-11 13:40:10,080", "levelname": "INFO", "name": "AresGlobal", "message": "[SYSTEM] 🚀 ARES LAUNCHER STARTED - Mode: INITIALIZATION", "correlation_id": "-", "session_id": "-", "timestamp": "2025-08-11T11:40:10.080504+00:00"}
{"asctime": "2025-08-11 13:40:10,080", "levelname": "INFO", "name": "AresGlobal", "message": "[SYSTEM] Start time: 2025-08-11 13:40:10", "correlation_id": "-", "session_id": "-", "timestamp": "2025-08-11T11:40:10.080615+00:00"}
{"asctime": "2025-08-11 13:40:10,080", "levelname": "INFO", "name": "AresGlobal", "message": "[SYSTEM] Log directory: log", "correlation_id": "-", "session_id": "-", "timestamp": "2025-08-11T11:40:10.080724+00:00"}
{"asctime": "2025-08-11 13:40:10,080", "levelname": "INFO", "name": "AresGlobal", "message": "[SYSTEM] ================================================================================", "correlation_id": "-", "session_id": "-", "timestamp": "2025-08-11T11:40:10.080827+00:00"}
{"asctime": "2025-08-11 13:40:10,080", "levelname": "INFO", "name": "AresGlobal.AresLauncher", "message": "================================================================================", "correlation_id": "-", "session_id": "-", "timestamp": "2025-08-11T11:40:10.080880+00:00"}
{"asctime": "2025-08-11 13:40:10,080", "levelname": "INFO", "name": "AresGlobal.AresLauncher", "message": "🚀 ARES COMPREHENSIVE LAUNCHER", "correlation_id": "-", "session_id": "-", "timestamp": "2025-08-11T11:40:10.080931+00:00"}
{"asctime": "2025-08-11 13:40:10,080", "levelname": "INFO", "name": "AresGlobal.AresLauncher", "message": "================================================================================", "correlation_id": "-", "session_id": "-", "timestamp": "2025-08-11T11:40:10.080985+00:00"}
{"asctime": "2025-08-11 13:40:10,081", "levelname": "INFO", "name": "AresGlobal.AresLauncher", "message": "Start time: 2025-08-11 13:40:10", "correlation_id": "-", "session_id": "-", "timestamp": "2025-08-11T11:40:10.081042+00:00"}
{"asctime": "2025-08-11 13:40:10,081", "levelname": "INFO", "name": "AresGlobal.AresLauncher", "message": "Log directory: log", "correlation_id": "-", "session_id": "-", "timestamp": "2025-08-11T11:40:10.081092+00:00"}
{"asctime": "2025-08-11 13:40:10,081", "levelname": "INFO", "name": "AresGlobal.AresLauncher", "message": "Log level: INFO", "correlation_id": "-", "session_id": "-", "timestamp": "2025-08-11T11:40:10.081143+00:00"}
{"asctime": "2025-08-11 13:40:10,081", "levelname": "INFO", "name": "AresGlobal.AresLauncher", "message": "Global log file: ares_global_20250811_134010.log", "correlation_id": "-", "session_id": "-", "timestamp": "2025-08-11T11:40:10.081198+00:00"}
{"asctime": "2025-08-11 13:40:10,081", "levelname": "INFO", "name": "AresGlobal.AresLauncher", "message": "================================================================================", "correlation_id": "-", "session_id": "-", "timestamp": "2025-08-11T11:40:10.081257+00:00"}
{"asctime": "2025-08-11 13:40:10,081", "levelname": "INFO", "name": "AresGlobal", "message": "[SYSTEM] ================================================================================", "correlation_id": "-", "session_id": "-", "timestamp": "2025-08-11T11:40:10.081421+00:00"}
{"asctime": "2025-08-11 13:40:10,081", "levelname": "INFO", "name": "AresGlobal", "message": "[SYSTEM] 🚀 ARES LAUNCHER STARTED - Mode: blank - Symbol: ETHUSDT - Exchange: BINANCE", "correlation_id": "-", "session_id": "-", "timestamp": "2025-08-11T11:40:10.081524+00:00"}
{"asctime": "2025-08-11 13:40:10,081", "levelname": "INFO", "name": "AresGlobal", "message": "[SYSTEM] Start time: 2025-08-11 13:40:10", "correlation_id": "-", "session_id": "-", "timestamp": "2025-08-11T11:40:10.081632+00:00"}
{"asctime": "2025-08-11 13:40:10,081", "levelname": "INFO", "name": "AresGlobal", "message": "[SYSTEM] Log directory: log", "correlation_id": "-", "session_id": "-", "timestamp": "2025-08-11T11:40:10.081734+00:00"}
{"asctime": "2025-08-11 13:40:10,081", "levelname": "INFO", "name": "AresGlobal", "message": "[SYSTEM] ================================================================================", "correlation_id": "-", "session_id": "-", "timestamp": "2025-08-11T11:40:10.081833+00:00"}
{"asctime": "2025-08-11 13:40:10,081", "levelname": "INFO", "name": "AresGlobal.AresLauncher", "message": "🚀 Running enhanced 16-step training pipeline for ETHUSDT on BINANCE", "correlation_id": "-", "session_id": "-", "timestamp": "2025-08-11T11:40:10.081907+00:00"}
{"asctime": "2025-08-11 13:40:10,081", "levelname": "INFO", "name": "AresGlobal.AresLauncher", "message": "Starting from step: step4_analyst_labeling_feature_engineering", "correlation_id": "-", "session_id": "-", "timestamp": "2025-08-11T11:40:10.081962+00:00"}
{"asctime": "2025-08-11 13:40:10,082", "levelname": "INFO", "name": "AresGlobal.AresLauncher", "message": "🧪 BLANK TRAINING MODE: Set BLANK_TRAINING_MODE=1 for step-based training", "correlation_id": "-", "session_id": "-", "timestamp": "2025-08-11T11:40:10.082018+00:00"}
{"asctime": "2025-08-11 13:40:10,083", "levelname": "INFO", "name": "AresGlobal.ProgressManager", "message": "Initialized ProgressManager for ETHUSDT on BINANCE", "correlation_id": "-", "session_id": "-", "timestamp": "2025-08-11T11:40:10.083432+00:00"}
{"asctime": "2025-08-11 13:40:10,083", "levelname": "INFO", "name": "AresGlobal.ProgressManager", "message": "Progress directory: data/training/progress/BINANCE_ETHUSDT", "correlation_id": "-", "session_id": "-", "timestamp": "2025-08-11T11:40:10.083501+00:00"}
{"asctime": "2025-08-11 13:40:10,083", "levelname": "INFO", "name": "AresGlobal.StepOrchestrator", "message": "Initialized StepOrchestrator for ETHUSDT on BINANCE", "correlation_id": "-", "session_id": "-", "timestamp": "2025-08-11T11:40:10.083555+00:00"}
{"asctime": "2025-08-11 13:40:10,083", "levelname": "INFO", "name": "AresGlobal.StepOrchestrator", "message": "🚀 Starting execution from step: step4_analyst_labeling_feature_engineering", "correlation_id": "-", "session_id": "-", "timestamp": "2025-08-11T11:40:10.083771+00:00"}
{"asctime": "2025-08-11 13:40:14,828", "levelname": "INFO", "name": "AresGlobal.EnhancedTrainingManager", "message": "Loaded optimization configuration", "correlation_id": "-", "session_id": "-", "timestamp": "2025-08-11T11:40:14.828072+00:00"}
{"asctime": "2025-08-11 13:40:14,828", "levelname": "INFO", "name": "AresGlobal.EnhancedTrainingManagerOptimized", "message": "Loaded optimization configuration", "correlation_id": "-", "session_id": "-", "timestamp": "2025-08-11T11:40:14.828366+00:00"}
{"asctime": "2025-08-11 13:40:14,828", "levelname": "INFO", "name": "AresGlobal.EnhancedTrainingManager", "message": "🚀 Initializing Enhanced Training Manager...", "correlation_id": "-", "session_id": "-", "timestamp": "2025-08-11T11:40:14.828462+00:00"}
{"asctime": "2025-08-11 13:40:14,828", "levelname": "INFO", "name": "AresGlobal.EnhancedTrainingManager", "message": "📊 Blank training mode: False", "correlation_id": "-", "session_id": "-", "timestamp": "2025-08-11T11:40:14.828564+00:00"}
{"asctime": "2025-08-11 13:40:14,828", "levelname": "INFO", "name": "AresGlobal.EnhancedTrainingManager", "message": "🔧 Max trials: 200", "correlation_id": "-", "session_id": "-", "timestamp": "2025-08-11T11:40:14.828635+00:00"}
{"asctime": "2025-08-11 13:40:14,828", "levelname": "INFO", "name": "AresGlobal.EnhancedTrainingManager", "message": "🔧 N trials: 100", "correlation_id": "-", "session_id": "-", "timestamp": "2025-08-11T11:40:14.828810+00:00"}
{"asctime": "2025-08-11 13:40:14,828", "levelname": "INFO", "name": "AresGlobal.EnhancedTrainingManager", "message": "📈 Lookback days: 30", "correlation_id": "-", "session_id": "-", "timestamp": "2025-08-11T11:40:14.828940+00:00"}
{"asctime": "2025-08-11 13:40:14,829", "levelname": "INFO", "name": "AresGlobal.EnhancedTrainingManager", "message": "🚀 Computational optimization: True", "correlation_id": "-", "session_id": "-", "timestamp": "2025-08-11T11:40:14.829033+00:00"}
{"asctime": "2025-08-11 13:40:14,829", "levelname": "INFO", "name": "AresGlobal.EnhancedTrainingManager", "message": "📊 Resource Analysis:", "correlation_id": "-", "session_id": "-", "timestamp": "2025-08-11T11:40:14.829180+00:00"}
{"asctime": "2025-08-11 13:40:14,829", "levelname": "INFO", "name": "AresGlobal.EnhancedTrainingManager", "message": "   💾 System Memory: 16.0 GB", "correlation_id": "-", "session_id": "-", "timestamp": "2025-08-11T11:40:14.829252+00:00"}
{"asctime": "2025-08-11 13:40:14,829", "levelname": "INFO", "name": "AresGlobal.EnhancedTrainingManager", "message": "   🖥️ CPU Cores: 8", "correlation_id": "-", "session_id": "-", "timestamp": "2025-08-11T11:40:14.829320+00:00"}
{"asctime": "2025-08-11 13:40:14,829", "levelname": "INFO", "name": "AresGlobal.EnhancedTrainingManager", "message": "   📈 Estimated Memory Usage: 8.0 GB", "correlation_id": "-", "session_id": "-", "timestamp": "2025-08-11T11:40:14.829390+00:00"}
{"asctime": "2025-08-11 13:40:14,829", "levelname": "INFO", "name": "AresGlobal.EnhancedTrainingManager", "message": "   ⏱️ Estimated Time: 720 minutes (12.0 hours)", "correlation_id": "-", "session_id": "-", "timestamp": "2025-08-11T11:40:14.829456+00:00"}
{"asctime": "2025-08-11 13:40:14,829", "levelname": "INFO", "name": "AresGlobal.EnhancedTrainingManager", "message": "   🤖 Models to Train: 12", "correlation_id": "-", "session_id": "-", "timestamp": "2025-08-11T11:40:14.829525+00:00"}
{"asctime": "2025-08-11 13:40:14,829", "levelname": "INFO", "name": "AresGlobal.EnhancedTrainingManager", "message": "   🔧 Optimization Trials: 200", "correlation_id": "-", "session_id": "-", "timestamp": "2025-08-11T11:40:14.829587+00:00"}
{"asctime": "2025-08-11 13:40:14,829", "levelname": "INFO", "name": "AresGlobal.EnhancedTrainingManager", "message": "📋 Step-by-Step Time Estimates:", "correlation_id": "-", "session_id": "-", "timestamp": "2025-08-11T11:40:14.829648+00:00"}
{"asctime": "2025-08-11 13:40:14,829", "levelname": "INFO", "name": "AresGlobal.EnhancedTrainingManager", "message": "   step1_data_collection: 15 min (2.3%)", "correlation_id": "-", "session_id": "-", "timestamp": "2025-08-11T11:40:14.829714+00:00"}
{"asctime": "2025-08-11 13:40:14,829", "levelname": "INFO", "name": "AresGlobal.EnhancedTrainingManager", "message": "   step2_market_regime_classification: 8 min (1.2%)", "correlation_id": "-", "session_id": "-", "timestamp": "2025-08-11T11:40:14.829777+00:00"}
{"asctime": "2025-08-11 13:40:14,829", "levelname": "INFO", "name": "AresGlobal.EnhancedTrainingManager", "message": "   step3_regime_data_splitting: 5 min (0.8%)", "correlation_id": "-", "session_id": "-", "timestamp": "2025-08-11T11:40:14.829836+00:00"}
{"asctime": "2025-08-11 13:40:14,829", "levelname": "INFO", "name": "AresGlobal.EnhancedTrainingManager", "message": "   step4_analyst_labeling_feature_engineering: 60 min (9.0%)", "correlation_id": "-", "session_id": "-", "timestamp": "2025-08-11T11:40:14.829893+00:00"}
{"asctime": "2025-08-11 13:40:14,829", "levelname": "INFO", "name": "AresGlobal.EnhancedTrainingManager", "message": "   step5_analyst_specialist_training: 30 min (4.5%)", "correlation_id": "-", "session_id": "-", "timestamp": "2025-08-11T11:40:14.829957+00:00"}
{"asctime": "2025-08-11 13:40:14,830", "levelname": "INFO", "name": "AresGlobal.EnhancedTrainingManager", "message": "   step6_analyst_enhancement: 25 min (3.8%)", "correlation_id": "-", "session_id": "-", "timestamp": "2025-08-11T11:40:14.830009+00:00"}
{"asctime": "2025-08-11 13:40:14,830", "levelname": "INFO", "name": "AresGlobal.EnhancedTrainingManager", "message": "   step7_analyst_ensemble_creation: 35 min (5.3%)", "correlation_id": "-", "session_id": "-", "timestamp": "2025-08-11T11:40:14.830114+00:00"}
{"asctime": "2025-08-11 13:40:14,830", "levelname": "INFO", "name": "AresGlobal.EnhancedTrainingManager", "message": "   step8_tactician_labeling: 15 min (2.3%)", "correlation_id": "-", "session_id": "-", "timestamp": "2025-08-11T11:40:14.830283+00:00"}
{"asctime": "2025-08-11 13:40:14,830", "levelname": "INFO", "name": "AresGlobal.EnhancedTrainingManager", "message": "   step9_tactician_specialist_training: 30 min (4.5%)", "correlation_id": "-", "session_id": "-", "timestamp": "2025-08-11T11:40:14.830358+00:00"}
{"asctime": "2025-08-11 13:40:14,830", "levelname": "INFO", "name": "AresGlobal.EnhancedTrainingManager", "message": "   step10_tactician_ensemble_creation: 35 min (5.3%)", "correlation_id": "-", "session_id": "-", "timestamp": "2025-08-11T11:40:14.830466+00:00"}
{"asctime": "2025-08-11 13:40:14,830", "levelname": "INFO", "name": "AresGlobal.EnhancedTrainingManager", "message": "   step11_confidence_calibration: 10 min (1.5%)", "correlation_id": "-", "session_id": "-", "timestamp": "2025-08-11T11:40:14.830563+00:00"}
{"asctime": "2025-08-11 13:40:14,830", "levelname": "INFO", "name": "AresGlobal.EnhancedTrainingManager", "message": "   step12_final_parameters_optimization: 240 min (36.2%)", "correlation_id": "-", "session_id": "-", "timestamp": "2025-08-11T11:40:14.830622+00:00"}
{"asctime": "2025-08-11 13:40:14,830", "levelname": "INFO", "name": "AresGlobal.EnhancedTrainingManager", "message": "   step13_walk_forward_validation: 60 min (9.0%)", "correlation_id": "-", "session_id": "-", "timestamp": "2025-08-11T11:40:14.830678+00:00"}
{"asctime": "2025-08-11 13:40:14,830", "levelname": "INFO", "name": "AresGlobal.EnhancedTrainingManager", "message": "   step14_monte_carlo_validation: 60 min (9.0%)", "correlation_id": "-", "session_id": "-", "timestamp": "2025-08-11T11:40:14.830732+00:00"}
{"asctime": "2025-08-11 13:40:14,830", "levelname": "INFO", "name": "AresGlobal.EnhancedTrainingManager", "message": "   step15_ab_testing: 30 min (4.5%)", "correlation_id": "-", "session_id": "-", "timestamp": "2025-08-11T11:40:14.830786+00:00"}
{"asctime": "2025-08-11 13:40:14,830", "levelname": "INFO", "name": "AresGlobal.EnhancedTrainingManager", "message": "   step16_saving: 5 min (0.8%)", "correlation_id": "-", "session_id": "-", "timestamp": "2025-08-11T11:40:14.830863+00:00"}
{"asctime": "2025-08-11 13:40:14,830", "levelname": "INFO", "name": "AresGlobal.EnhancedTrainingManager", "message": "💡 Recommendations:", "correlation_id": "-", "session_id": "-", "timestamp": "2025-08-11T11:40:14.830956+00:00"}
{"asctime": "2025-08-11 13:40:14,831", "levelname": "INFO", "name": "AresGlobal.EnhancedTrainingManager", "message": "   ✅ Full training mode should work well on your system", "correlation_id": "-", "session_id": "-", "timestamp": "2025-08-11T11:40:14.831018+00:00"}
{"asctime": "2025-08-11 13:40:14,831", "levelname": "INFO", "name": "AresGlobal.EnhancedTrainingManager", "message": "🚀 Initializing computational optimization components...", "correlation_id": "-", "session_id": "-", "timestamp": "2025-08-11T11:40:14.831086+00:00"}
{"asctime": "2025-08-11 13:40:14,831", "levelname": "INFO", "name": "AresGlobal.ComputationalOptimizationManager", "message": "Computational Optimization Manager initialized", "correlation_id": "-", "session_id": "-", "timestamp": "2025-08-11T11:40:14.831453+00:00"}
{"asctime": "2025-08-11 13:40:14,831", "levelname": "INFO", "name": "AresGlobal.EnhancedTrainingManager", "message": "✅ Computational optimization components initialized successfully", "correlation_id": "-", "session_id": "-", "timestamp": "2025-08-11T11:40:14.831538+00:00"}
{"asctime": "2025-08-11 13:40:14,831", "levelname": "INFO", "name": "AresGlobal.EnhancedTrainingManager", "message": "✅ Enhanced Training Manager initialized successfully", "correlation_id": "-", "session_id": "-", "timestamp": "2025-08-11T11:40:14.831601+00:00"}
{"asctime": "2025-08-11 13:40:14,831", "levelname": "INFO", "name": "AresGlobal.StepOrchestrator", "message": "✅ Enhanced training manager setup successfully", "correlation_id": "-", "session_id": "-", "timestamp": "2025-08-11T11:40:14.831662+00:00"}
{"asctime": "2025-08-11 13:40:14,831", "levelname": "INFO", "name": "AresGlobal.EnhancedTrainingManager", "message": "================================================================================", "correlation_id": "-", "session_id": "-", "timestamp": "2025-08-11T11:40:14.831722+00:00"}
{"asctime": "2025-08-11 13:40:14,831", "levelname": "INFO", "name": "AresGlobal.EnhancedTrainingManager", "message": "🚀 COMPREHENSIVE 16-STEP ENHANCED TRAINING PIPELINE START", "correlation_id": "-", "session_id": "-", "timestamp": "2025-08-11T11:40:14.831775+00:00"}
{"asctime": "2025-08-11 13:40:14,831", "levelname": "INFO", "name": "AresGlobal.EnhancedTrainingManager", "message": "================================================================================", "correlation_id": "-", "session_id": "-", "timestamp": "2025-08-11T11:40:14.831830+00:00"}
{"asctime": "2025-08-11 13:40:14,831", "levelname": "INFO", "name": "AresGlobal.EnhancedTrainingManager", "message": "📅 Started at: 2025-08-11 13:40:14", "correlation_id": "-", "session_id": "-", "timestamp": "2025-08-11T11:40:14.831899+00:00"}
{"asctime": "2025-08-11 13:40:14,831", "levelname": "INFO", "name": "AresGlobal.EnhancedTrainingManager", "message": "🎯 Symbol: ETHUSDT", "correlation_id": "-", "session_id": "-", "timestamp": "2025-08-11T11:40:14.831957+00:00"}
{"asctime": "2025-08-11 13:40:14,832", "levelname": "INFO", "name": "AresGlobal.EnhancedTrainingManager", "message": "🏢 Exchange: BINANCE", "correlation_id": "-", "session_id": "-", "timestamp": "2025-08-11T11:40:14.832014+00:00"}
{"asctime": "2025-08-11 13:40:14,832", "levelname": "INFO", "name": "AresGlobal.EnhancedTrainingManager", "message": "📊 Training Mode: N/A", "correlation_id": "-", "session_id": "-", "timestamp": "2025-08-11T11:40:14.832069+00:00"}
{"asctime": "2025-08-11 13:40:14,832", "levelname": "INFO", "name": "AresGlobal.EnhancedTrainingManager", "message": "📈 Lookback Days: 30", "correlation_id": "-", "session_id": "-", "timestamp": "2025-08-11T11:40:14.832124+00:00"}
{"asctime": "2025-08-11 13:40:14,832", "levelname": "INFO", "name": "AresGlobal.EnhancedTrainingManager", "message": "🔧 Blank Training Mode: False", "correlation_id": "-", "session_id": "-", "timestamp": "2025-08-11T11:40:14.832179+00:00"}
{"asctime": "2025-08-11 13:40:14,832", "levelname": "INFO", "name": "AresGlobal.EnhancedTrainingManager", "message": "🔧 Max Trials: 200", "correlation_id": "-", "session_id": "-", "timestamp": "2025-08-11T11:40:14.832237+00:00"}
{"asctime": "2025-08-11 13:40:14,832", "levelname": "INFO", "name": "AresGlobal.EnhancedTrainingManager", "message": "🔧 N Trials: 100", "correlation_id": "-", "session_id": "-", "timestamp": "2025-08-11T11:40:14.832293+00:00"}
{"asctime": "2025-08-11 13:40:14,832", "levelname": "INFO", "name": "AresGlobal.EnhancedTrainingManager", "message": "🚀 Initializing optimized tools...", "correlation_id": "-", "session_id": "-", "timestamp": "2025-08-11T11:40:14.832353+00:00"}
{"asctime": "2025-08-11 13:40:14,832", "levelname": "INFO", "name": "AresGlobal.EnhancedTrainingManagerOptimized", "message": "🚀 Initializing Enhanced Training Manager with Optimizations...", "correlation_id": "-", "session_id": "-", "timestamp": "2025-08-11T11:40:14.832414+00:00"}
{"asctime": "2025-08-11 13:40:14,839", "levelname": "INFO", "name": "AresGlobal.EnhancedTrainingManagerOptimized", "message": "✅ Parallel backtester initialized with 8 workers", "correlation_id": "-", "session_id": "-", "timestamp": "2025-08-11T11:40:14.840320+00:00"}
{"asctime": "2025-08-11 13:40:14,841", "levelname": "INFO", "name": "AresGlobal.EnhancedTrainingManagerOptimized", "message": "✅ All optimization components initialized successfully", "correlation_id": "-", "session_id": "-", "timestamp": "2025-08-11T11:40:14.841911+00:00"}
{"asctime": "2025-08-11 13:40:14,842", "levelname": "INFO", "name": "AresGlobal.EnhancedTrainingManager", "message": "   ✅ Optimized training manager initialized", "correlation_id": "-", "session_id": "-", "timestamp": "2025-08-11T11:40:14.842016+00:00"}
{"asctime": "2025-08-11 13:40:14,842", "levelname": "INFO", "name": "AresGlobal.EnhancedTrainingManager", "message": "   ✅ Streaming processor initialized", "correlation_id": "-", "session_id": "-", "timestamp": "2025-08-11T11:40:14.842122+00:00"}
{"asctime": "2025-08-11 13:40:14,842", "levelname": "INFO", "name": "AresGlobal.EnhancedTrainingManager", "message": "   ✅ Parallel backtester initialized with 8 workers", "correlation_id": "-", "session_id": "-", "timestamp": "2025-08-11T11:40:14.842446+00:00"}
{"asctime": "2025-08-11 13:40:14,842", "levelname": "INFO", "name": "AresGlobal.EnhancedTrainingManager", "message": "   ✅ Adaptive sampler initialized", "correlation_id": "-", "session_id": "-", "timestamp": "2025-08-11T11:40:14.842681+00:00"}
{"asctime": "2025-08-11 13:40:14,842", "levelname": "INFO", "name": "AresGlobal.EnhancedTrainingManager", "message": "   ✅ Incremental trainer initialized", "correlation_id": "-", "session_id": "-", "timestamp": "2025-08-11T11:40:14.842746+00:00"}
{"asctime": "2025-08-11 13:40:14,842", "levelname": "INFO", "name": "AresGlobal.EnhancedTrainingManager", "message": "✅ All optimized tools initialized successfully", "correlation_id": "-", "session_id": "-", "timestamp": "2025-08-11T11:40:14.842912+00:00"}
{"asctime": "2025-08-11 13:40:14,843", "levelname": "INFO", "name": "AresGlobal.EnhancedTrainingManager", "message": "📂 Checkpoint loaded: step4_5_feature_selection from checkpoints/BINANCE/ETHUSDT/1m/training_progress.json", "correlation_id": "-", "session_id": "-", "timestamp": "2025-08-11T11:40:14.843924+00:00"}
{"asctime": "2025-08-11 13:40:14,844", "levelname": "INFO", "name": "AresGlobal.EnhancedTrainingManager", "message": "🔄 Resuming from checkpoint...", "correlation_id": "-", "session_id": "-", "timestamp": "2025-08-11T11:40:14.844265+00:00"}
{"asctime": "2025-08-11 13:40:14,844", "levelname": "INFO", "name": "AresGlobal.EnhancedTrainingManager", "message": "📂 Last completed step: step4_5_feature_selection", "correlation_id": "-", "session_id": "-", "timestamp": "2025-08-11T11:40:14.844338+00:00"}
{"asctime": "2025-08-11 13:40:14,844", "levelname": "INFO", "name": "AresGlobal.EnhancedTrainingManager", "message": "====================================================================================================", "correlation_id": "-", "session_id": "-", "timestamp": "2025-08-11T11:40:14.844407+00:00"}
{"asctime": "2025-08-11 13:40:14,844", "levelname": "INFO", "name": "AresGlobal.EnhancedTrainingManager", "message": "🚀 COMPREHENSIVE TRAINING PIPELINE START", "correlation_id": "-", "session_id": "-", "timestamp": "2025-08-11T11:40:14.844652+00:00"}
{"asctime": "2025-08-11 13:40:14,844", "levelname": "INFO", "name": "AresGlobal.EnhancedTrainingManager", "message": "====================================================================================================", "correlation_id": "-", "session_id": "-", "timestamp": "2025-08-11T11:40:14.844820+00:00"}
{"asctime": "2025-08-11 13:40:14,844", "levelname": "INFO", "name": "AresGlobal.EnhancedTrainingManager", "message": "📅 Started at: 2025-08-11 13:40:14", "correlation_id": "-", "session_id": "-", "timestamp": "2025-08-11T11:40:14.844915+00:00"}
{"asctime": "2025-08-11 13:40:14,845", "levelname": "INFO", "name": "AresGlobal.EnhancedTrainingManager", "message": "🎯 Symbol: ETHUSDT", "correlation_id": "-", "session_id": "-", "timestamp": "2025-08-11T11:40:14.845017+00:00"}
{"asctime": "2025-08-11 13:40:14,845", "levelname": "INFO", "name": "AresGlobal.EnhancedTrainingManager", "message": "🏢 Exchange: BINANCE", "correlation_id": "-", "session_id": "-", "timestamp": "2025-08-11T11:40:14.845082+00:00"}
{"asctime": "2025-08-11 13:40:14,845", "levelname": "INFO", "name": "AresGlobal.EnhancedTrainingManager", "message": "📊 Timeframe: 1m", "correlation_id": "-", "session_id": "-", "timestamp": "2025-08-11T11:40:14.845143+00:00"}
{"asctime": "2025-08-11 13:40:14,845", "levelname": "INFO", "name": "AresGlobal.EnhancedTrainingManager", "message": "🧠 Training Mode: Full", "correlation_id": "-", "session_id": "-", "timestamp": "2025-08-11T11:40:14.845203+00:00"}
{"asctime": "2025-08-11 13:40:14,845", "levelname": "INFO", "name": "AresGlobal.EnhancedTrainingManager", "message": "🔧 Max Trials: 200", "correlation_id": "-", "session_id": "-", "timestamp": "2025-08-11T11:40:14.845281+00:00"}
{"asctime": "2025-08-11 13:40:14,845", "levelname": "INFO", "name": "AresGlobal.EnhancedTrainingManager", "message": "📈 Lookback Days: 30", "correlation_id": "-", "session_id": "-", "timestamp": "2025-08-11T11:40:14.845336+00:00"}
{"asctime": "2025-08-11 13:40:14,845", "levelname": "INFO", "name": "AresGlobal.EnhancedTrainingManager", "message": "💾 Memory Optimization: Enabled", "correlation_id": "-", "session_id": "-", "timestamp": "2025-08-11T11:40:14.845405+00:00"}
{"asctime": "2025-08-11 13:40:14,845", "levelname": "INFO", "name": "AresGlobal.EnhancedTrainingManager", "message": "🚀 Starting from step: step4_analyst_labeling_feature_engineering", "correlation_id": "-", "session_id": "-", "timestamp": "2025-08-11T11:40:14.845514+00:00"}
{"asctime": "2025-08-11 13:40:14,845", "levelname": "INFO", "name": "AresGlobal.EnhancedTrainingManager", "message": "====================================================================================================", "correlation_id": "-", "session_id": "-", "timestamp": "2025-08-11T11:40:14.845623+00:00"}
{"asctime": "2025-08-11 13:40:14,845", "levelname": "INFO", "name": "AresGlobal.EnhancedTrainingManager", "message": "⏭️  Skipping Step 1: Data Collection (using pre-consolidated data)", "correlation_id": "-", "session_id": "-", "timestamp": "2025-08-11T11:40:14.845694+00:00"}
{"asctime": "2025-08-11 13:40:14,845", "levelname": "INFO", "name": "AresGlobal.EnhancedTrainingManager", "message": "🎭 STEP 2: Market Regime Classification...", "correlation_id": "-", "session_id": "-", "timestamp": "2025-08-11T11:40:14.845852+00:00"}
{"asctime": "2025-08-11 13:40:14,846", "levelname": "INFO", "name": "AresGlobal.EnhancedTrainingManager", "message": "   🧠 Analyzing market regimes and volatility patterns...", "correlation_id": "-", "session_id": "-", "timestamp": "2025-08-11T11:40:14.846166+00:00"}
{"asctime": "2025-08-11 13:40:20,121", "levelname": "INFO", "name": "AresGlobal.EnhancedTrainingManager", "message": "❌ Step 2: Market Regime Classification: failed in 5.17s", "correlation_id": "-", "session_id": "-", "timestamp": "2025-08-11T11:40:20.121145+00:00"}
{"asctime": "2025-08-11 13:40:20,121", "levelname": "INFO", "name": "AresGlobal.EnhancedTrainingManager", "message": "💾 Process Memory: 371.5 MB | CPU: 0.1%", "correlation_id": "-", "session_id": "-", "timestamp": "2025-08-11T11:40:20.121636+00:00"}
{"asctime": "2025-08-11 13:40:20,121", "levelname": "INFO", "name": "AresGlobal.EnhancedTrainingManager", "message": "🖥️ System Memory: 78.0% | Available: 3.5 GB", "correlation_id": "-", "session_id": "-", "timestamp": "2025-08-11T11:40:20.121763+00:00"}
{"asctime": "2025-08-11 13:40:20,121", "levelname": "INFO", "name": "AresGlobal.EnhancedTrainingManager", "message": "📊 Progress: 6.2% (1/16)", "correlation_id": "-", "session_id": "-", "timestamp": "2025-08-11T11:40:20.121845+00:00"}
{"asctime": "2025-08-11 13:40:20,121", "levelname": "ERROR", "name": "AresGlobal.EnhancedTrainingManager", "message": "❌ Enhanced training pipeline failed", "correlation_id": "-", "session_id": "-", "timestamp": "2025-08-11T11:40:20.121956+00:00"}
{"asctime": "2025-08-11 13:40:20,122", "levelname": "INFO", "name": "AresGlobal.StepOrchestrator", "message": "\u001b[91m\u001b[1m❌\u001b[0m \u001b[91m\u001b[1m❌ Enhanced 16-step training pipeline failed\u001b[0m", "correlation_id": "-", "session_id": "-", "timestamp": "2025-08-11T11:40:20.122050+00:00"}
{"asctime": "2025-08-11 13:40:20,122", "levelname": "ERROR", "name": "AresGlobal.AresLauncher", "message": "❌ Enhanced 16-step training pipeline failed", "correlation_id": "-", "session_id": "-", "timestamp": "2025-08-11T11:40:20.122400+00:00"}
{"asctime": "2025-08-11 13:40:20,122", "levelname": "INFO", "name": "AresGlobal", "message": "[SYSTEM] ================================================================================", "correlation_id": "-", "session_id": "-", "timestamp": "2025-08-11T11:40:20.122792+00:00"}
{"asctime": "2025-08-11 13:40:20,122", "levelname": "INFO", "name": "AresGlobal", "message": "[SYSTEM] 🛑 ARES LAUNCHER ENDED - Exit code: 1", "correlation_id": "-", "session_id": "-", "timestamp": "2025-08-11T11:40:20.122958+00:00"}
{"asctime": "2025-08-11 13:40:20,123", "levelname": "INFO", "name": "AresGlobal", "message": "[SYSTEM] End time: 2025-08-11 13:40:20", "correlation_id": "-", "session_id": "-", "timestamp": "2025-08-11T11:40:20.123104+00:00"}
{"asctime": "2025-08-11 13:40:20,123", "levelname": "INFO", "name": "AresGlobal", "message": "[SYSTEM] ================================================================================", "correlation_id": "-", "session_id": "-", "timestamp": "2025-08-11T11:40:20.123214+00:00"}
{"asctime": "2025-08-11 13:40:20,123", "levelname": "INFO", "name": "AresGlobal.AresLauncher", "message": "🧹 Cleaning up processes...", "correlation_id": "-", "session_id": "-", "timestamp": "2025-08-11T11:40:20.123282+00:00"}
{"asctime": "2025-08-11 13:40:20,123", "levelname": "INFO", "name": "AresGlobal.AresLauncher", "message": "✅ Cleanup completed", "correlation_id": "-", "session_id": "-", "timestamp": "2025-08-11T11:40:20.123347+00:00"}
