{"asctime": "2025-08-10 11:16:11,695", "levelname": "INFO", "name": "AresTradingSystem", "message": "✅ Enhanced Logger initialization completed successfully", "correlation_id": "-", "session_id": "-", "timestamp": "2025-08-10T09:16:11.695040+00:00"}
{"asctime": "2025-08-10 11:16:11,702", "levelname": "INFO", "name": "AresTradingSystem.System", "message": "Environment configuration loaded successfully. Trading Environment: PAPER, Exchange: BINANCE", "correlation_id": "-", "session_id": "-", "timestamp": "2025-08-10T09:16:11.702781+00:00"}
{"asctime": "2025-08-10 11:16:12,093", "levelname": "INFO", "name": "AresTradingSystem.System.UnifiedDataConverter", "message": "🚀 Initializing Unified Data Converter...", "correlation_id": "-", "session_id": "-", "timestamp": "2025-08-10T09:16:12.093357+00:00"}
{"asctime": "2025-08-10 11:16:12,093", "levelname": "INFO", "name": "AresTradingSystem.System.UnifiedDataConverter", "message": "📁 Unified data directory: data_cache/unified", "correlation_id": "-", "session_id": "-", "timestamp": "2025-08-10T09:16:12.093510+00:00"}
{"asctime": "2025-08-10 11:16:12,093", "levelname": "INFO", "name": "AresTradingSystem.System.UnifiedDataConverter", "message": "📁 Backup directory: data_cache/backup_pre_unified", "correlation_id": "-", "session_id": "-", "timestamp": "2025-08-10T09:16:12.093576+00:00"}
{"asctime": "2025-08-10 11:16:12,093", "levelname": "INFO", "name": "AresTradingSystem.System.UnifiedDataConverter", "message": "================================================================================", "correlation_id": "-", "session_id": "-", "timestamp": "2025-08-10T09:16:12.093645+00:00"}
{"asctime": "2025-08-10 11:16:12,093", "levelname": "INFO", "name": "AresTradingSystem.System.UnifiedDataConverter", "message": "🔄 STEP 1.5: Unified Data Converter", "correlation_id": "-", "session_id": "-", "timestamp": "2025-08-10T09:16:12.093702+00:00"}
{"asctime": "2025-08-10 11:16:12,093", "levelname": "INFO", "name": "AresTradingSystem.System.UnifiedDataConverter", "message": "================================================================================", "correlation_id": "-", "session_id": "-", "timestamp": "2025-08-10T09:16:12.093758+00:00"}
{"asctime": "2025-08-10 11:16:12,093", "levelname": "INFO", "name": "AresTradingSystem.System.UnifiedDataConverter", "message": "🎯 Symbol: BTCUSDT", "correlation_id": "-", "session_id": "-", "timestamp": "2025-08-10T09:16:12.093812+00:00"}
{"asctime": "2025-08-10 11:16:12,093", "levelname": "INFO", "name": "AresTradingSystem.System.UnifiedDataConverter", "message": "🏢 Exchange: binance", "correlation_id": "-", "session_id": "-", "timestamp": "2025-08-10T09:16:12.093910+00:00"}
{"asctime": "2025-08-10 11:16:12,094", "levelname": "INFO", "name": "AresTradingSystem.System.UnifiedDataConverter", "message": "📊 Timeframe: 1m", "correlation_id": "-", "session_id": "-", "timestamp": "2025-08-10T09:16:12.094007+00:00"}
{"asctime": "2025-08-10 11:16:12,094", "levelname": "INFO", "name": "AresTradingSystem.System.UnifiedDataConverter", "message": "📁 Data directory: /var/folders/dr/hz7y0z9j0x39z7519pbshgqh0000gn/T/tmpzuk1t0ym/data_cache", "correlation_id": "-", "session_id": "-", "timestamp": "2025-08-10T09:16:12.094076+00:00"}
{"asctime": "2025-08-10 11:16:12,094", "levelname": "INFO", "name": "AresTradingSystem.System.UnifiedDataConverter", "message": "📦 Backing up existing consolidated data...", "correlation_id": "-", "session_id": "-", "timestamp": "2025-08-10T09:16:12.094205+00:00"}
{"asctime": "2025-08-10 11:16:12,101", "levelname": "INFO", "name": "AresTradingSystem.System.UnifiedDataConverter", "message": "✅ Backup completed: 0 files backed up", "correlation_id": "-", "session_id": "-", "timestamp": "2025-08-10T09:16:12.101613+00:00"}
{"asctime": "2025-08-10 11:16:12,101", "levelname": "INFO", "name": "AresTradingSystem.System.UnifiedDataConverter", "message": "🔄 Converting existing consolidated data to unified format...", "correlation_id": "-", "session_id": "-", "timestamp": "2025-08-10T09:16:12.101790+00:00"}
{"asctime": "2025-08-10 11:16:12,101", "levelname": "WARNING", "name": "AresTradingSystem.System.UnifiedDataConverter", "message": "⚠️ No klines data found for binance_BTCUSDT_1m", "correlation_id": "-", "session_id": "-", "timestamp": "2025-08-10T09:16:12.101919+00:00"}
{"asctime": "2025-08-10 11:16:12,102", "levelname": "WARNING", "name": "AresTradingSystem.System.UnifiedDataConverter", "message": "⚠️ No aggtrades data found for binance_BTCUSDT", "correlation_id": "-", "session_id": "-", "timestamp": "2025-08-10T09:16:12.102007+00:00"}
{"asctime": "2025-08-10 11:16:12,102", "levelname": "WARNING", "name": "AresTradingSystem.System.UnifiedDataConverter", "message": "⚠️ No futures data found for binance_BTCUSDT", "correlation_id": "-", "session_id": "-", "timestamp": "2025-08-10T09:16:12.102074+00:00"}
{"asctime": "2025-08-10 11:16:12,102", "levelname": "ERROR", "name": "AresTradingSystem.System.UnifiedDataConverter", "message": "❌ No klines data found - cannot proceed with conversion", "correlation_id": "-", "session_id": "-", "timestamp": "2025-08-10T09:16:12.102134+00:00"}
{"asctime": "2025-08-10 11:16:12,102", "levelname": "ERROR", "name": "AresTradingSystem.System.UnifiedDataConverter", "message": "❌ Failed to convert existing data", "correlation_id": "-", "session_id": "-", "timestamp": "2025-08-10T09:16:12.102195+00:00"}
{"asctime": "2025-08-10 11:16:12,104", "levelname": "INFO", "name": "AresTradingSystem.System.UnifiedDataConverter", "message": "🚀 Initializing Unified Data Converter...", "correlation_id": "-", "session_id": "-", "timestamp": "2025-08-10T09:16:12.104734+00:00"}
{"asctime": "2025-08-10 11:16:12,104", "levelname": "INFO", "name": "AresTradingSystem.System.UnifiedDataConverter", "message": "📁 Unified data directory: data_cache/unified", "correlation_id": "-", "session_id": "-", "timestamp": "2025-08-10T09:16:12.104819+00:00"}
{"asctime": "2025-08-10 11:16:12,104", "levelname": "INFO", "name": "AresTradingSystem.System.UnifiedDataConverter", "message": "📁 Backup directory: data_cache/backup_pre_unified", "correlation_id": "-", "session_id": "-", "timestamp": "2025-08-10T09:16:12.104880+00:00"}
{"asctime": "2025-08-10 11:16:12,104", "levelname": "INFO", "name": "AresTradingSystem.System.UnifiedDataConverter", "message": "================================================================================", "correlation_id": "-", "session_id": "-", "timestamp": "2025-08-10T09:16:12.104942+00:00"}
{"asctime": "2025-08-10 11:16:12,104", "levelname": "INFO", "name": "AresTradingSystem.System.UnifiedDataConverter", "message": "🔄 STEP 1.5: Unified Data Converter", "correlation_id": "-", "session_id": "-", "timestamp": "2025-08-10T09:16:12.104995+00:00"}
{"asctime": "2025-08-10 11:16:12,105", "levelname": "INFO", "name": "AresTradingSystem.System.UnifiedDataConverter", "message": "================================================================================", "correlation_id": "-", "session_id": "-", "timestamp": "2025-08-10T09:16:12.105048+00:00"}
{"asctime": "2025-08-10 11:16:12,105", "levelname": "INFO", "name": "AresTradingSystem.System.UnifiedDataConverter", "message": "🎯 Symbol: BTCUSDT", "correlation_id": "-", "session_id": "-", "timestamp": "2025-08-10T09:16:12.105099+00:00"}
{"asctime": "2025-08-10 11:16:12,105", "levelname": "INFO", "name": "AresTradingSystem.System.UnifiedDataConverter", "message": "🏢 Exchange: binance", "correlation_id": "-", "session_id": "-", "timestamp": "2025-08-10T09:16:12.105155+00:00"}
{"asctime": "2025-08-10 11:16:12,105", "levelname": "INFO", "name": "AresTradingSystem.System.UnifiedDataConverter", "message": "📊 Timeframe: 1m", "correlation_id": "-", "session_id": "-", "timestamp": "2025-08-10T09:16:12.105207+00:00"}
{"asctime": "2025-08-10 11:16:12,105", "levelname": "INFO", "name": "AresTradingSystem.System.UnifiedDataConverter", "message": "📁 Data directory: /var/folders/dr/hz7y0z9j0x39z7519pbshgqh0000gn/T/tmpz8vw9m5p/data_cache", "correlation_id": "-", "session_id": "-", "timestamp": "2025-08-10T09:16:12.105257+00:00"}
{"asctime": "2025-08-10 11:16:12,105", "levelname": "INFO", "name": "AresTradingSystem.System.UnifiedDataConverter", "message": "📦 Backing up existing consolidated data...", "correlation_id": "-", "session_id": "-", "timestamp": "2025-08-10T09:16:12.105315+00:00"}
{"asctime": "2025-08-10 11:16:12,111", "levelname": "INFO", "name": "AresTradingSystem.System.UnifiedDataConverter", "message": "✅ Backup completed: 0 files backed up", "correlation_id": "-", "session_id": "-", "timestamp": "2025-08-10T09:16:12.111872+00:00"}
{"asctime": "2025-08-10 11:16:12,112", "levelname": "INFO", "name": "AresTradingSystem.System.UnifiedDataConverter", "message": "🔄 Converting existing consolidated data to unified format...", "correlation_id": "-", "session_id": "-", "timestamp": "2025-08-10T09:16:12.112021+00:00"}
{"asctime": "2025-08-10 11:16:12,112", "levelname": "WARNING", "name": "AresTradingSystem.System.UnifiedDataConverter", "message": "⚠️ No klines data found for binance_BTCUSDT_1m", "correlation_id": "-", "session_id": "-", "timestamp": "2025-08-10T09:16:12.112139+00:00"}
{"asctime": "2025-08-10 11:16:12,112", "levelname": "WARNING", "name": "AresTradingSystem.System.UnifiedDataConverter", "message": "⚠️ No aggtrades data found for binance_BTCUSDT", "correlation_id": "-", "session_id": "-", "timestamp": "2025-08-10T09:16:12.112214+00:00"}
{"asctime": "2025-08-10 11:16:12,112", "levelname": "WARNING", "name": "AresTradingSystem.System.UnifiedDataConverter", "message": "⚠️ No futures data found for binance_BTCUSDT", "correlation_id": "-", "session_id": "-", "timestamp": "2025-08-10T09:16:12.112279+00:00"}
{"asctime": "2025-08-10 11:16:12,112", "levelname": "ERROR", "name": "AresTradingSystem.System.UnifiedDataConverter", "message": "❌ No klines data found - cannot proceed with conversion", "correlation_id": "-", "session_id": "-", "timestamp": "2025-08-10T09:16:12.112334+00:00"}
{"asctime": "2025-08-10 11:16:12,112", "levelname": "ERROR", "name": "AresTradingSystem.System.UnifiedDataConverter", "message": "❌ Failed to convert existing data", "correlation_id": "-", "session_id": "-", "timestamp": "2025-08-10T09:16:12.112390+00:00"}
