{"asctime": "2025-08-12 19:43:42,222", "levelname": "INFO", "name": "AresGlobal", "message": "================================================================================", "correlation_id": "-", "session_id": "-", "timestamp": "2025-08-12T17:43:42.222823+00:00"}
{"asctime": "2025-08-12 19:43:42,222", "levelname": "INFO", "name": "AresGlobal", "message": "📊 SESSION SUMMARY", "correlation_id": "-", "session_id": "-", "timestamp": "2025-08-12T17:43:42.222967+00:00"}
{"asctime": "2025-08-12 19:43:42,223", "levelname": "INFO", "name": "AresGlobal", "message": "Session started: 2025-08-12 19:43:42", "correlation_id": "-", "session_id": "-", "timestamp": "2025-08-12T17:43:42.223050+00:00"}
{"asctime": "2025-08-12 19:43:42,223", "levelname": "INFO", "name": "AresGlobal", "message": "This file contains ALL logs for this session", "correlation_id": "-", "session_id": "-", "timestamp": "2025-08-12T17:43:42.223113+00:00"}
{"asctime": "2025-08-12 19:43:42,223", "levelname": "INFO", "name": "AresGlobal", "message": "================================================================================", "correlation_id": "-", "session_id": "-", "timestamp": "2025-08-12T17:43:42.223172+00:00"}
{"asctime": "2025-08-12 19:43:42,223", "levelname": "INFO", "name": "AresGlobal", "message": "[SYSTEM] ================================================================================", "correlation_id": "-", "session_id": "-", "timestamp": "2025-08-12T17:43:42.223348+00:00"}
{"asctime": "2025-08-12 19:43:42,223", "levelname": "INFO", "name": "AresGlobal", "message": "[SYSTEM] 🚀 ARES LAUNCHER STARTED - Mode: INITIALIZATION", "correlation_id": "-", "session_id": "-", "timestamp": "2025-08-12T17:43:42.223470+00:00"}
{"asctime": "2025-08-12 19:43:42,223", "levelname": "INFO", "name": "AresGlobal", "message": "[SYSTEM] Start time: 2025-08-12 19:43:42", "correlation_id": "-", "session_id": "-", "timestamp": "2025-08-12T17:43:42.223587+00:00"}
{"asctime": "2025-08-12 19:43:42,223", "levelname": "INFO", "name": "AresGlobal", "message": "[SYSTEM] Log directory: log", "correlation_id": "-", "session_id": "-", "timestamp": "2025-08-12T17:43:42.223695+00:00"}
{"asctime": "2025-08-12 19:43:42,223", "levelname": "INFO", "name": "AresGlobal", "message": "[SYSTEM] ================================================================================", "correlation_id": "-", "session_id": "-", "timestamp": "2025-08-12T17:43:42.223800+00:00"}
{"asctime": "2025-08-12 19:43:42,223", "levelname": "INFO", "name": "AresGlobal.AresLauncher", "message": "================================================================================", "correlation_id": "-", "session_id": "-", "timestamp": "2025-08-12T17:43:42.223855+00:00"}
{"asctime": "2025-08-12 19:43:42,223", "levelname": "INFO", "name": "AresGlobal.AresLauncher", "message": "🚀 ARES COMPREHENSIVE LAUNCHER", "correlation_id": "-", "session_id": "-", "timestamp": "2025-08-12T17:43:42.223908+00:00"}
{"asctime": "2025-08-12 19:43:42,223", "levelname": "INFO", "name": "AresGlobal.AresLauncher", "message": "================================================================================", "correlation_id": "-", "session_id": "-", "timestamp": "2025-08-12T17:43:42.223963+00:00"}
{"asctime": "2025-08-12 19:43:42,224", "levelname": "INFO", "name": "AresGlobal.AresLauncher", "message": "Start time: 2025-08-12 19:43:42", "correlation_id": "-", "session_id": "-", "timestamp": "2025-08-12T17:43:42.224020+00:00"}
{"asctime": "2025-08-12 19:43:42,224", "levelname": "INFO", "name": "AresGlobal.AresLauncher", "message": "Log directory: log", "correlation_id": "-", "session_id": "-", "timestamp": "2025-08-12T17:43:42.224075+00:00"}
{"asctime": "2025-08-12 19:43:42,224", "levelname": "INFO", "name": "AresGlobal.AresLauncher", "message": "Log level: INFO", "correlation_id": "-", "session_id": "-", "timestamp": "2025-08-12T17:43:42.224135+00:00"}
{"asctime": "2025-08-12 19:43:42,224", "levelname": "INFO", "name": "AresGlobal.AresLauncher", "message": "Global log file: ares_global_20250812_194342.log", "correlation_id": "-", "session_id": "-", "timestamp": "2025-08-12T17:43:42.224194+00:00"}
{"asctime": "2025-08-12 19:43:42,224", "levelname": "INFO", "name": "AresGlobal.AresLauncher", "message": "================================================================================", "correlation_id": "-", "session_id": "-", "timestamp": "2025-08-12T17:43:42.224258+00:00"}
{"asctime": "2025-08-12 19:43:42,224", "levelname": "INFO", "name": "AresGlobal", "message": "[SYSTEM] ================================================================================", "correlation_id": "-", "session_id": "-", "timestamp": "2025-08-12T17:43:42.224430+00:00"}
{"asctime": "2025-08-12 19:43:42,224", "levelname": "INFO", "name": "AresGlobal", "message": "[SYSTEM] 🚀 ARES LAUNCHER STARTED - Mode: blank - Symbol: ETHUSDT - Exchange: BINANCE", "correlation_id": "-", "session_id": "-", "timestamp": "2025-08-12T17:43:42.224540+00:00"}
{"asctime": "2025-08-12 19:43:42,224", "levelname": "INFO", "name": "AresGlobal", "message": "[SYSTEM] Start time: 2025-08-12 19:43:42", "correlation_id": "-", "session_id": "-", "timestamp": "2025-08-12T17:43:42.224652+00:00"}
{"asctime": "2025-08-12 19:43:42,224", "levelname": "INFO", "name": "AresGlobal", "message": "[SYSTEM] Log directory: log", "correlation_id": "-", "session_id": "-", "timestamp": "2025-08-12T17:43:42.224754+00:00"}
{"asctime": "2025-08-12 19:43:42,224", "levelname": "INFO", "name": "AresGlobal", "message": "[SYSTEM] ================================================================================", "correlation_id": "-", "session_id": "-", "timestamp": "2025-08-12T17:43:42.224860+00:00"}
{"asctime": "2025-08-12 19:43:42,224", "levelname": "INFO", "name": "AresGlobal.AresLauncher", "message": "🚀 Running enhanced 16-step training pipeline for ETHUSDT on BINANCE", "correlation_id": "-", "session_id": "-", "timestamp": "2025-08-12T17:43:42.224925+00:00"}
{"asctime": "2025-08-12 19:43:42,224", "levelname": "INFO", "name": "AresGlobal.AresLauncher", "message": "Starting from step: step4_analyst_labeling_feature_engineering", "correlation_id": "-", "session_id": "-", "timestamp": "2025-08-12T17:43:42.224982+00:00"}
{"asctime": "2025-08-12 19:43:42,225", "levelname": "INFO", "name": "AresGlobal.AresLauncher", "message": "🧪 BLANK TRAINING MODE: Set BLANK_TRAINING_MODE=1 for step-based training", "correlation_id": "-", "session_id": "-", "timestamp": "2025-08-12T17:43:42.225040+00:00"}
{"asctime": "2025-08-12 19:43:42,226", "levelname": "INFO", "name": "AresGlobal.ProgressManager", "message": "Initialized ProgressManager for ETHUSDT on BINANCE", "correlation_id": "-", "session_id": "-", "timestamp": "2025-08-12T17:43:42.226424+00:00"}
{"asctime": "2025-08-12 19:43:42,226", "levelname": "INFO", "name": "AresGlobal.ProgressManager", "message": "Progress directory: data/training/progress/BINANCE_ETHUSDT", "correlation_id": "-", "session_id": "-", "timestamp": "2025-08-12T17:43:42.226502+00:00"}
{"asctime": "2025-08-12 19:43:42,226", "levelname": "INFO", "name": "AresGlobal.StepOrchestrator", "message": "Initialized StepOrchestrator for ETHUSDT on BINANCE", "correlation_id": "-", "session_id": "-", "timestamp": "2025-08-12T17:43:42.226564+00:00"}
{"asctime": "2025-08-12 19:43:42,226", "levelname": "INFO", "name": "AresGlobal.StepOrchestrator", "message": "🚀 Starting execution from step: step4_analyst_labeling_feature_engineering", "correlation_id": "-", "session_id": "-", "timestamp": "2025-08-12T17:43:42.226731+00:00"}
{"asctime": "2025-08-12 19:43:51,580", "levelname": "ERROR", "name": "AresGlobal.StepOrchestrator", "message": "Failed to setup enhanced training manager: No module named 'xgboost'", "correlation_id": "-", "session_id": "-", "exc_info": "Traceback (most recent call last):\n  File \"/Users/remyroche/Documents/Ares/src/training/step_orchestrator.py\", line 75, in _setup_enhanced_training_manager\n    from src.training.enhanced_training_manager import (\n  File \"/Users/remyroche/Documents/Ares/src/training/enhanced_training_manager.py\", line 60, in <module>\n    from src.training.model_trainer import setup_model_trainer\n  File \"/Users/remyroche/Documents/Ares/src/training/model_trainer.py\", line 24, in <module>\n    from src.training.steps.step12_final_parameters_optimization.optimized_optuna_optimization import (\n  File \"/Users/remyroche/Documents/Ares/src/training/steps/step12_final_parameters_optimization/__init__.py\", line 27, in <module>\n    from .optimized_optuna_optimization import (\n  File \"/Users/remyroche/Documents/Ares/src/training/steps/step12_final_parameters_optimization/optimized_optuna_optimization.py\", line 11, in <module>\n    import xgboost as xgb\nModuleNotFoundError: No module named 'xgboost'", "timestamp": "2025-08-12T17:43:51.580163+00:00"}
{"asctime": "2025-08-12 19:43:51,581", "levelname": "INFO", "name": "AresGlobal.StepOrchestrator", "message": "❌ Failed to setup enhanced training manager: No module named 'xgboost'", "correlation_id": "-", "session_id": "-", "timestamp": "2025-08-12T17:43:51.581258+00:00"}
{"asctime": "2025-08-12 19:43:51,581", "levelname": "ERROR", "name": "AresGlobal.AresLauncher", "message": "❌ Enhanced 16-step training pipeline failed", "correlation_id": "-", "session_id": "-", "timestamp": "2025-08-12T17:43:51.581590+00:00"}
{"asctime": "2025-08-12 19:43:51,581", "levelname": "INFO", "name": "AresGlobal", "message": "[SYSTEM] ================================================================================", "correlation_id": "-", "session_id": "-", "timestamp": "2025-08-12T17:43:51.581916+00:00"}
{"asctime": "2025-08-12 19:43:51,582", "levelname": "INFO", "name": "AresGlobal", "message": "[SYSTEM] 🛑 ARES LAUNCHER ENDED - Exit code: 1", "correlation_id": "-", "session_id": "-", "timestamp": "2025-08-12T17:43:51.582071+00:00"}
{"asctime": "2025-08-12 19:43:51,582", "levelname": "INFO", "name": "AresGlobal", "message": "[SYSTEM] End time: 2025-08-12 19:43:51", "correlation_id": "-", "session_id": "-", "timestamp": "2025-08-12T17:43:51.582208+00:00"}
{"asctime": "2025-08-12 19:43:51,582", "levelname": "INFO", "name": "AresGlobal", "message": "[SYSTEM] ================================================================================", "correlation_id": "-", "session_id": "-", "timestamp": "2025-08-12T17:43:51.582322+00:00"}
{"asctime": "2025-08-12 19:43:51,582", "levelname": "INFO", "name": "AresGlobal.AresLauncher", "message": "🧹 Cleaning up processes...", "correlation_id": "-", "session_id": "-", "timestamp": "2025-08-12T17:43:51.582384+00:00"}
{"asctime": "2025-08-12 19:43:51,582", "levelname": "INFO", "name": "AresGlobal.AresLauncher", "message": "✅ Cleanup completed", "correlation_id": "-", "session_id": "-", "timestamp": "2025-08-12T17:43:51.582450+00:00"}
