{"asctime": "2025-08-10 10:47:27,435", "levelname": "INFO", "name": "AresGlobal", "message": "================================================================================", "correlation_id": "-", "session_id": "-", "timestamp": "2025-08-10T08:47:27.435269+00:00"}
{"asctime": "2025-08-10 10:47:27,435", "levelname": "INFO", "name": "AresGlobal", "message": "📊 SESSION SUMMARY", "correlation_id": "-", "session_id": "-", "timestamp": "2025-08-10T08:47:27.435371+00:00"}
{"asctime": "2025-08-10 10:47:27,435", "levelname": "INFO", "name": "AresGlobal", "message": "Session started: 2025-08-10 10:47:27", "correlation_id": "-", "session_id": "-", "timestamp": "2025-08-10T08:47:27.435447+00:00"}
{"asctime": "2025-08-10 10:47:27,435", "levelname": "INFO", "name": "AresGlobal", "message": "This file contains ALL logs for this session", "correlation_id": "-", "session_id": "-", "timestamp": "2025-08-10T08:47:27.435506+00:00"}
{"asctime": "2025-08-10 10:47:27,435", "levelname": "INFO", "name": "AresGlobal", "message": "================================================================================", "correlation_id": "-", "session_id": "-", "timestamp": "2025-08-10T08:47:27.435560+00:00"}
{"asctime": "2025-08-10 10:47:27,437", "levelname": "INFO", "name": "AresGlobal", "message": "Applied NumPy RNG unpickle compatibility shim (ModelManager)", "correlation_id": "-", "session_id": "-", "timestamp": "2025-08-10T08:47:27.437648+00:00"}
{"asctime": "2025-08-10 10:47:27,437", "levelname": "INFO", "name": "AresGlobal", "message": "[SYSTEM] ================================================================================", "correlation_id": "-", "session_id": "-", "timestamp": "2025-08-10T08:47:27.437864+00:00"}
{"asctime": "2025-08-10 10:47:27,437", "levelname": "INFO", "name": "AresGlobal", "message": "[SYSTEM] 🚀 ARES LAUNCHER STARTED - Mode: INITIALIZATION", "correlation_id": "-", "session_id": "-", "timestamp": "2025-08-10T08:47:27.437995+00:00"}
{"asctime": "2025-08-10 10:47:27,438", "levelname": "INFO", "name": "AresGlobal", "message": "[SYSTEM] Start time: 2025-08-10 10:47:27", "correlation_id": "-", "session_id": "-", "timestamp": "2025-08-10T08:47:27.438156+00:00"}
{"asctime": "2025-08-10 10:47:27,438", "levelname": "INFO", "name": "AresGlobal", "message": "[SYSTEM] Log directory: log", "correlation_id": "-", "session_id": "-", "timestamp": "2025-08-10T08:47:27.438273+00:00"}
{"asctime": "2025-08-10 10:47:27,438", "levelname": "INFO", "name": "AresGlobal", "message": "[SYSTEM] ================================================================================", "correlation_id": "-", "session_id": "-", "timestamp": "2025-08-10T08:47:27.438382+00:00"}
{"asctime": "2025-08-10 10:47:27,438", "levelname": "INFO", "name": "AresGlobal.AresLauncher", "message": "================================================================================", "correlation_id": "-", "session_id": "-", "timestamp": "2025-08-10T08:47:27.438452+00:00"}
{"asctime": "2025-08-10 10:47:27,438", "levelname": "INFO", "name": "AresGlobal.AresLauncher", "message": "🚀 ARES COMPREHENSIVE LAUNCHER", "correlation_id": "-", "session_id": "-", "timestamp": "2025-08-10T08:47:27.438529+00:00"}
{"asctime": "2025-08-10 10:47:27,438", "levelname": "INFO", "name": "AresGlobal.AresLauncher", "message": "================================================================================", "correlation_id": "-", "session_id": "-", "timestamp": "2025-08-10T08:47:27.438641+00:00"}
{"asctime": "2025-08-10 10:47:27,438", "levelname": "INFO", "name": "AresGlobal.AresLauncher", "message": "Start time: 2025-08-10 10:47:27", "correlation_id": "-", "session_id": "-", "timestamp": "2025-08-10T08:47:27.438864+00:00"}
{"asctime": "2025-08-10 10:47:27,438", "levelname": "INFO", "name": "AresGlobal.AresLauncher", "message": "Log directory: log", "correlation_id": "-", "session_id": "-", "timestamp": "2025-08-10T08:47:27.438986+00:00"}
{"asctime": "2025-08-10 10:47:27,439", "levelname": "INFO", "name": "AresGlobal.AresLauncher", "message": "Log level: INFO", "correlation_id": "-", "session_id": "-", "timestamp": "2025-08-10T08:47:27.439120+00:00"}
{"asctime": "2025-08-10 10:47:27,439", "levelname": "INFO", "name": "AresGlobal.AresLauncher", "message": "Global log file: ares_global_20250810_104727.log", "correlation_id": "-", "session_id": "-", "timestamp": "2025-08-10T08:47:27.439210+00:00"}
{"asctime": "2025-08-10 10:47:27,439", "levelname": "INFO", "name": "AresGlobal.AresLauncher", "message": "================================================================================", "correlation_id": "-", "session_id": "-", "timestamp": "2025-08-10T08:47:27.439287+00:00"}
{"asctime": "2025-08-10 10:47:27,439", "levelname": "INFO", "name": "AresGlobal", "message": "[SYSTEM] ================================================================================", "correlation_id": "039f8a16-4094-4ddb-a704-30e1a610bb4e", "session_id": "d550dc98-8760-4796-8dd5-8a2ebe18a139", "timestamp": "2025-08-10T08:47:27.439715+00:00"}
{"asctime": "2025-08-10 10:47:27,440", "levelname": "INFO", "name": "AresGlobal", "message": "[SYSTEM] 🚀 ARES LAUNCHER STARTED - Mode: blank - Symbol: ETHUSDT - Exchange: BINANCE", "correlation_id": "039f8a16-4094-4ddb-a704-30e1a610bb4e", "session_id": "d550dc98-8760-4796-8dd5-8a2ebe18a139", "timestamp": "2025-08-10T08:47:27.440017+00:00"}
{"asctime": "2025-08-10 10:47:27,440", "levelname": "INFO", "name": "AresGlobal", "message": "[SYSTEM] Start time: 2025-08-10 10:47:27", "correlation_id": "039f8a16-4094-4ddb-a704-30e1a610bb4e", "session_id": "d550dc98-8760-4796-8dd5-8a2ebe18a139", "timestamp": "2025-08-10T08:47:27.440179+00:00"}
{"asctime": "2025-08-10 10:47:27,440", "levelname": "INFO", "name": "AresGlobal", "message": "[SYSTEM] Log directory: log", "correlation_id": "039f8a16-4094-4ddb-a704-30e1a610bb4e", "session_id": "d550dc98-8760-4796-8dd5-8a2ebe18a139", "timestamp": "2025-08-10T08:47:27.440356+00:00"}
{"asctime": "2025-08-10 10:47:27,440", "levelname": "INFO", "name": "AresGlobal", "message": "[SYSTEM] ================================================================================", "correlation_id": "039f8a16-4094-4ddb-a704-30e1a610bb4e", "session_id": "d550dc98-8760-4796-8dd5-8a2ebe18a139", "timestamp": "2025-08-10T08:47:27.440499+00:00"}
{"asctime": "2025-08-10 10:47:27,440", "levelname": "INFO", "name": "AresGlobal.AresLauncher", "message": "🚀 Running enhanced 16-step training pipeline for ETHUSDT on BINANCE", "correlation_id": "039f8a16-4094-4ddb-a704-30e1a610bb4e", "session_id": "d550dc98-8760-4796-8dd5-8a2ebe18a139", "timestamp": "2025-08-10T08:47:27.440597+00:00"}
{"asctime": "2025-08-10 10:47:27,440", "levelname": "INFO", "name": "AresGlobal.AresLauncher", "message": "Starting from step: step1_5_data_converter", "correlation_id": "039f8a16-4094-4ddb-a704-30e1a610bb4e", "session_id": "d550dc98-8760-4796-8dd5-8a2ebe18a139", "timestamp": "2025-08-10T08:47:27.440699+00:00"}
{"asctime": "2025-08-10 10:47:27,440", "levelname": "INFO", "name": "AresGlobal.AresLauncher", "message": "🧪 BLANK TRAINING MODE: Set BLANK_TRAINING_MODE=1 for step-based training", "correlation_id": "039f8a16-4094-4ddb-a704-30e1a610bb4e", "session_id": "d550dc98-8760-4796-8dd5-8a2ebe18a139", "timestamp": "2025-08-10T08:47:27.440767+00:00"}
{"asctime": "2025-08-10 10:47:27,442", "levelname": "INFO", "name": "AresGlobal.ProgressManager", "message": "Initialized ProgressManager for ETHUSDT on BINANCE", "correlation_id": "039f8a16-4094-4ddb-a704-30e1a610bb4e", "session_id": "d550dc98-8760-4796-8dd5-8a2ebe18a139", "timestamp": "2025-08-10T08:47:27.442730+00:00"}
{"asctime": "2025-08-10 10:47:27,442", "levelname": "INFO", "name": "AresGlobal.ProgressManager", "message": "Progress directory: data/training/progress/BINANCE_ETHUSDT", "correlation_id": "039f8a16-4094-4ddb-a704-30e1a610bb4e", "session_id": "d550dc98-8760-4796-8dd5-8a2ebe18a139", "timestamp": "2025-08-10T08:47:27.442966+00:00"}
{"asctime": "2025-08-10 10:47:27,443", "levelname": "INFO", "name": "AresGlobal.StepOrchestrator", "message": "Initialized StepOrchestrator for ETHUSDT on BINANCE", "correlation_id": "039f8a16-4094-4ddb-a704-30e1a610bb4e", "session_id": "d550dc98-8760-4796-8dd5-8a2ebe18a139", "timestamp": "2025-08-10T08:47:27.443045+00:00"}
{"asctime": "2025-08-10 10:47:27,443", "levelname": "INFO", "name": "AresGlobal.StepOrchestrator", "message": "🚀 Starting execution from step: step1_5_data_converter", "correlation_id": "039f8a16-4094-4ddb-a704-30e1a610bb4e", "session_id": "d550dc98-8760-4796-8dd5-8a2ebe18a139", "timestamp": "2025-08-10T08:47:27.443265+00:00"}
{"asctime": "2025-08-10 10:47:27,443", "levelname": "INFO", "name": "AresGlobal.StepOrchestrator", "message": "\u001b[91m\u001b[1m❌\u001b[0m \u001b[91m\u001b[1m❌ Unknown step: {start_step}\u001b[0m", "correlation_id": "039f8a16-4094-4ddb-a704-30e1a610bb4e", "session_id": "d550dc98-8760-4796-8dd5-8a2ebe18a139", "timestamp": "2025-08-10T08:47:27.443369+00:00"}
{"asctime": "2025-08-10 10:47:27,444", "levelname": "INFO", "name": "AresGlobal.AresLauncher", "message": "\u001b[91m\u001b[1m❌\u001b[0m \u001b[91m\u001b[1m❌ Enhanced 16-step training pipeline failed\u001b[0m", "correlation_id": "039f8a16-4094-4ddb-a704-30e1a610bb4e", "session_id": "d550dc98-8760-4796-8dd5-8a2ebe18a139", "timestamp": "2025-08-10T08:47:27.444025+00:00"}
{"asctime": "2025-08-10 10:47:27,444", "levelname": "INFO", "name": "AresGlobal", "message": "[SYSTEM] ================================================================================", "correlation_id": "039f8a16-4094-4ddb-a704-30e1a610bb4e", "session_id": "d550dc98-8760-4796-8dd5-8a2ebe18a139", "timestamp": "2025-08-10T08:47:27.444595+00:00"}
{"asctime": "2025-08-10 10:47:27,444", "levelname": "INFO", "name": "AresGlobal", "message": "[SYSTEM] 🛑 ARES LAUNCHER ENDED - Exit code: 1", "correlation_id": "039f8a16-4094-4ddb-a704-30e1a610bb4e", "session_id": "d550dc98-8760-4796-8dd5-8a2ebe18a139", "timestamp": "2025-08-10T08:47:27.444912+00:00"}
{"asctime": "2025-08-10 10:47:27,445", "levelname": "INFO", "name": "AresGlobal", "message": "[SYSTEM] End time: 2025-08-10 10:47:27", "correlation_id": "039f8a16-4094-4ddb-a704-30e1a610bb4e", "session_id": "d550dc98-8760-4796-8dd5-8a2ebe18a139", "timestamp": "2025-08-10T08:47:27.445402+00:00"}
{"asctime": "2025-08-10 10:47:27,445", "levelname": "INFO", "name": "AresGlobal", "message": "[SYSTEM] ================================================================================", "correlation_id": "039f8a16-4094-4ddb-a704-30e1a610bb4e", "session_id": "d550dc98-8760-4796-8dd5-8a2ebe18a139", "timestamp": "2025-08-10T08:47:27.445602+00:00"}
{"asctime": "2025-08-10 10:47:27,445", "levelname": "INFO", "name": "AresGlobal.AresLauncher", "message": "🧹 Cleaning up processes...", "correlation_id": "039f8a16-4094-4ddb-a704-30e1a610bb4e", "session_id": "d550dc98-8760-4796-8dd5-8a2ebe18a139", "timestamp": "2025-08-10T08:47:27.445688+00:00"}
{"asctime": "2025-08-10 10:47:27,445", "levelname": "INFO", "name": "AresGlobal.AresLauncher", "message": "✅ Cleanup completed", "correlation_id": "039f8a16-4094-4ddb-a704-30e1a610bb4e", "session_id": "d550dc98-8760-4796-8dd5-8a2ebe18a139", "timestamp": "2025-08-10T08:47:27.445756+00:00"}
