{"asctime": "2025-08-11 16:09:38,071", "levelname": "INFO", "name": "AresTradingSystem", "message": "âœ… Enhanced Logger initialization completed successfully", "correlation_id": "-", "session_id": "-", "timestamp": "2025-08-11T14:09:38.071105+00:00"}
{"asctime": "2025-08-11 16:09:38,107", "levelname": "INFO", "name": "AresTradingSystem.System", "message": "Initializing Market Regime Classification Step...", "correlation_id": "-", "session_id": "-", "timestamp": "2025-08-11T14:09:38.107382+00:00"}
{"asctime": "2025-08-11 16:09:38,107", "levelname": "INFO", "name": "AresTradingSystem.System", "message": "Market Regime Classification Step initialized successfully", "correlation_id": "-", "session_id": "-", "timestamp": "2025-08-11T14:09:38.107658+00:00"}
{"asctime": "2025-08-11 16:09:38,107", "levelname": "INFO", "name": "AresTradingSystem.System", "message": "ðŸ”„ Executing Market Regime Classification...", "correlation_id": "-", "session_id": "-", "timestamp": "2025-08-11T14:09:38.107900+00:00"}
{"asctime": "2025-08-11 16:09:38,108", "levelname": "INFO", "name": "AresTradingSystem.System", "message": "Applied NumPy RNG unpickle compatibility shim (URC)", "correlation_id": "-", "session_id": "-", "timestamp": "2025-08-11T14:09:38.108085+00:00"}
{"asctime": "2025-08-11 16:09:38,108", "levelname": "INFO", "name": "AresTradingSystem.System.UnifiedRegimeClassifier", "message": "", "correlation_id": "-", "session_id": "-", "msg": "UnifiedRegimeClassifier configuration", "n_states_configured": 4, "n_states_enforced_min": 4, "min_data_points_default": 1000, "thresholds": {"adx_sideways_threshold": 18, "volatility_threshold": 0.025, "atr_normalized_threshold": 0.035, "volatility_percentile_threshold": 0.8, "bb_width_volatility_threshold": 0.045}, "timestamp": "2025-08-11T14:09:38.108442+00:00"}
{"asctime": "2025-08-11 16:09:38,108", "levelname": "INFO", "name": "AresTradingSystem.System.UnifiedRegimeClassifier", "message": "ðŸ”§ BLANK MODE DETECTED: Using reduced minimum data points (50)", "correlation_id": "-", "session_id": "-", "timestamp": "2025-08-11T14:09:38.108829+00:00"}
{"asctime": "2025-08-11 16:09:38,109", "levelname": "INFO", "name": "AresTradingSystem.System.UnifiedRegimeClassifier", "message": "Initializing UnifiedRegimeClassifier for BINANCE_ETHUSDT", "correlation_id": "-", "session_id": "-", "timestamp": "2025-08-11T14:09:38.109016+00:00"}
{"asctime": "2025-08-11 16:09:38,109", "levelname": "INFO", "name": "AresTradingSystem.System.UnifiedRegimeClassifier", "message": "", "correlation_id": "-", "session_id": "-", "msg": "UnifiedRegimeClassifier model directories", "model_dir": "/Users/remyroche/Documents/Ares/checkpoints/analyst_models", "hmm_model_path": "/Users/remyroche/Documents/Ares/checkpoints/analyst_models/unified_hmm_model_BINANCE_ETHUSDT_1h.joblib", "ensemble_model_path": "/Users/remyroche/Documents/Ares/checkpoints/analyst_models/unified_ensemble_model_BINANCE_ETHUSDT_1h.joblib", "location_model_path": "/Users/remyroche/Documents/Ares/checkpoints/analyst_models/unified_location_model_BINANCE_ETHUSDT_1h.joblib", "hierarchical_model_dir": "/Users/remyroche/Documents/Ares/checkpoints/analyst_models/BINANCE/ETHUSDT/1h", "timestamp": "2025-08-11T14:09:38.109102+00:00"}
{"asctime": "2025-08-11 16:09:38,110", "levelname": "INFO", "name": "AresTradingSystem.System.UnifiedRegimeClassifier", "message": "âœ… Loaded HMM model from /Users/remyroche/Documents/Ares/checkpoints/analyst_models/unified_hmm_model_BINANCE_ETHUSDT_1h.joblib", "correlation_id": "-", "session_id": "-", "timestamp": "2025-08-11T14:09:38.110289+00:00"}
{"asctime": "2025-08-11 16:09:38,115", "levelname": "INFO", "name": "AresTradingSystem.System.UnifiedRegimeClassifier", "message": "âœ… Loaded basic ensemble from /Users/remyroche/Documents/Ares/checkpoints/analyst_models/unified_ensemble_model_BINANCE_ETHUSDT_1h.joblib", "correlation_id": "-", "session_id": "-", "timestamp": "2025-08-11T14:09:38.115857+00:00"}
{"asctime": "2025-08-11 16:09:38,116", "levelname": "INFO", "name": "AresTradingSystem.System.UnifiedRegimeClassifier", "message": "âœ… Loaded existing models successfully", "correlation_id": "-", "session_id": "-", "timestamp": "2025-08-11T14:09:38.116236+00:00"}
{"asctime": "2025-08-11 16:09:38,116", "levelname": "INFO", "name": "AresTradingSystem.System.UnifiedRegimeClassifier", "message": "âœ… UnifiedRegimeClassifier initialized successfully", "correlation_id": "-", "session_id": "-", "timestamp": "2025-08-11T14:09:38.116318+00:00"}
{"asctime": "2025-08-11 16:09:38,116", "levelname": "INFO", "name": "AresTradingSystem.System", "message": "ðŸ”„ Loading data using unified data loader...", "correlation_id": "-", "session_id": "-", "timestamp": "2025-08-11T14:09:38.116383+00:00"}
{"asctime": "2025-08-11 16:09:38,116", "levelname": "INFO", "name": "AresTradingSystem.System.UnifiedDataLoader", "message": "ðŸ”„ Loading unified data for ETHUSDT on BINANCE", "correlation_id": "-", "session_id": "-", "timestamp": "2025-08-11T14:09:38.116464+00:00"}
{"asctime": "2025-08-11 16:09:38,116", "levelname": "INFO", "name": "AresTradingSystem.System.UnifiedDataLoader", "message": "   Timeframe: 1m", "correlation_id": "-", "session_id": "-", "timestamp": "2025-08-11T14:09:38.116523+00:00"}
{"asctime": "2025-08-11 16:09:38,116", "levelname": "INFO", "name": "AresTradingSystem.System.UnifiedDataLoader", "message": "   Date range: 2025-07-12 to 2025-08-11", "correlation_id": "-", "session_id": "-", "timestamp": "2025-08-11T14:09:38.116597+00:00"}
{"asctime": "2025-08-11 16:09:38,116", "levelname": "INFO", "name": "AresTradingSystem.System.UnifiedDataLoader", "message": "   Streaming: True", "correlation_id": "-", "session_id": "-", "timestamp": "2025-08-11T14:09:38.116655+00:00"}
{"asctime": "2025-08-11 16:09:38,116", "levelname": "INFO", "name": "AresTradingSystem.System.UnifiedDataLoader", "message": "   âš ï¸ Streaming disabled to avoid segmentation faults", "correlation_id": "-", "session_id": "-", "timestamp": "2025-08-11T14:09:38.116708+00:00"}
{"asctime": "2025-08-11 16:09:38,116", "levelname": "INFO", "name": "AresTradingSystem.System.UnifiedDataLoader", "message": "   ðŸ“ Found unified data cache, using optimized pyarrow loading", "correlation_id": "-", "session_id": "-", "timestamp": "2025-08-11T14:09:38.116773+00:00"}
{"asctime": "2025-08-11 16:09:38,116", "levelname": "INFO", "name": "AresTradingSystem.System.UnifiedDataLoader", "message": "ðŸ”§ Using optimized pyarrow loading...", "correlation_id": "-", "session_id": "-", "timestamp": "2025-08-11T14:09:38.116827+00:00"}
{"asctime": "2025-08-11 16:09:38,116", "levelname": "INFO", "name": "AresTradingSystem.System.UnifiedDataLoader", "message": "   âš ï¸ PyArrow disabled to avoid segmentation faults", "correlation_id": "-", "session_id": "-", "timestamp": "2025-08-11T14:09:38.116881+00:00"}
{"asctime": "2025-08-11 16:09:38,116", "levelname": "INFO", "name": "AresTradingSystem.System.UnifiedDataLoader", "message": "ðŸ”§ Using memory-efficient streaming loading for 180 days...", "correlation_id": "-", "session_id": "-", "timestamp": "2025-08-11T14:09:38.116935+00:00"}
{"asctime": "2025-08-11 16:09:38,118", "levelname": "INFO", "name": "AresTradingSystem.System.UnifiedDataLoader", "message": "ðŸ“ Found 29 partition files", "correlation_id": "-", "session_id": "-", "timestamp": "2025-08-11T14:09:38.118680+00:00"}
{"asctime": "2025-08-11 16:09:38,178", "levelname": "INFO", "name": "AresTradingSystem.System.UnifiedDataLoader", "message": "   ðŸ“„ Processing file 1/29: part-0.parquet", "correlation_id": "-", "session_id": "-", "timestamp": "2025-08-11T14:09:38.178543+00:00"}
{"asctime": "2025-08-11 16:09:38,231", "levelname": "INFO", "name": "AresTradingSystem.System.UnifiedDataLoader", "message": "   âœ… Loaded file 1: (1440, 19)", "correlation_id": "-", "session_id": "-", "timestamp": "2025-08-11T14:09:38.231913+00:00"}
{"asctime": "2025-08-11 16:09:38,234", "levelname": "INFO", "name": "AresTradingSystem.System.UnifiedDataLoader", "message": "   ðŸ” After date filtering: (470, 19)", "correlation_id": "-", "session_id": "-", "timestamp": "2025-08-11T14:09:38.234669+00:00"}
{"asctime": "2025-08-11 16:09:38,237", "levelname": "INFO", "name": "AresTradingSystem.System.UnifiedDataLoader", "message": "   ðŸ“Š Total rows so far: 470", "correlation_id": "-", "session_id": "-", "timestamp": "2025-08-11T14:09:38.237131+00:00"}
{"asctime": "2025-08-11 16:09:39,348", "levelname": "INFO", "name": "AresTradingSystem.System.UnifiedDataLoader", "message": "   ðŸ“„ Processing file 10/29: part-0.parquet", "correlation_id": "-", "session_id": "-", "timestamp": "2025-08-11T14:09:39.348233+00:00"}
{"asctime": "2025-08-11 16:09:39,351", "levelname": "INFO", "name": "AresTradingSystem.System.UnifiedDataLoader", "message": "   âœ… Loaded file 10: (1440, 19)", "correlation_id": "-", "session_id": "-", "timestamp": "2025-08-11T14:09:39.351571+00:00"}
{"asctime": "2025-08-11 16:09:39,352", "levelname": "INFO", "name": "AresTradingSystem.System.UnifiedDataLoader", "message": "   ðŸ” After date filtering: (1440, 19)", "correlation_id": "-", "session_id": "-", "timestamp": "2025-08-11T14:09:39.352274+00:00"}
{"asctime": "2025-08-11 16:09:39,357", "levelname": "INFO", "name": "AresTradingSystem.System.UnifiedDataLoader", "message": "   ðŸ“Š Total rows so far: 13430", "correlation_id": "-", "session_id": "-", "timestamp": "2025-08-11T14:09:39.357309+00:00"}
{"asctime": "2025-08-11 16:09:40,731", "levelname": "INFO", "name": "AresTradingSystem.System.UnifiedDataLoader", "message": "   ðŸ“„ Processing file 20/29: part-0.parquet", "correlation_id": "-", "session_id": "-", "timestamp": "2025-08-11T14:09:40.731106+00:00"}
{"asctime": "2025-08-11 16:09:40,734", "levelname": "INFO", "name": "AresTradingSystem.System.UnifiedDataLoader", "message": "   âœ… Loaded file 20: (1440, 19)", "correlation_id": "-", "session_id": "-", "timestamp": "2025-08-11T14:09:40.734718+00:00"}
{"asctime": "2025-08-11 16:09:40,736", "levelname": "INFO", "name": "AresTradingSystem.System.UnifiedDataLoader", "message": "   ðŸ” After date filtering: (1440, 19)", "correlation_id": "-", "session_id": "-", "timestamp": "2025-08-11T14:09:40.736013+00:00"}
{"asctime": "2025-08-11 16:09:40,741", "levelname": "INFO", "name": "AresTradingSystem.System.UnifiedDataLoader", "message": "   ðŸ“Š Total rows so far: 27830", "correlation_id": "-", "session_id": "-", "timestamp": "2025-08-11T14:09:40.741634+00:00"}
{"asctime": "2025-08-11 16:09:42,138", "levelname": "INFO", "name": "AresTradingSystem.System.UnifiedDataLoader", "message": "ðŸ”„ Converting 40420 records to DataFrame...", "correlation_id": "-", "session_id": "-", "timestamp": "2025-08-11T14:09:42.138913+00:00"}
{"asctime": "2025-08-11 16:09:42,303", "levelname": "INFO", "name": "AresTradingSystem.System.UnifiedDataLoader", "message": "âœ… Memory-efficient loading completed: (40420, 19)", "correlation_id": "-", "session_id": "-", "timestamp": "2025-08-11T14:09:42.303308+00:00"}
{"asctime": "2025-08-11 16:09:42,304", "levelname": "INFO", "name": "AresTradingSystem.System", "message": "âœ… Loaded unified data: 40420 rows", "correlation_id": "-", "session_id": "-", "timestamp": "2025-08-11T14:09:42.304095+00:00"}
{"asctime": "2025-08-11 16:09:42,304", "levelname": "INFO", "name": "AresTradingSystem.System", "message": "   Date range: 2025-07-12T16:10:00 to 2025-08-09T17:49:00", "correlation_id": "-", "session_id": "-", "timestamp": "2025-08-11T14:09:42.304185+00:00"}
{"asctime": "2025-08-11 16:09:42,304", "levelname": "INFO", "name": "AresTradingSystem.System", "message": "   Has aggtrades data: True", "correlation_id": "-", "session_id": "-", "timestamp": "2025-08-11T14:09:42.304249+00:00"}
{"asctime": "2025-08-11 16:09:42,304", "levelname": "INFO", "name": "AresTradingSystem.System", "message": "   Has futures data: True", "correlation_id": "-", "session_id": "-", "timestamp": "2025-08-11T14:09:42.304325+00:00"}
{"asctime": "2025-08-11 16:09:42,304", "levelname": "INFO", "name": "AresTradingSystem.System", "message": "ðŸ”„ Resampling data to 1h timeframe for regime classification...", "correlation_id": "-", "session_id": "-", "timestamp": "2025-08-11T14:09:42.304445+00:00"}
{"asctime": "2025-08-11 16:09:42,318", "levelname": "INFO", "name": "AresTradingSystem.System", "message": "âœ… Resampled to 1h: 674 records", "correlation_id": "-", "session_id": "-", "timestamp": "2025-08-11T14:09:42.318672+00:00"}
{"asctime": "2025-08-11 16:09:42,318", "levelname": "INFO", "name": "AresTradingSystem.System", "message": "Classifying market regimes for ETHUSDT on BINANCE...", "correlation_id": "-", "session_id": "-", "timestamp": "2025-08-11T14:09:42.318834+00:00"}
{"asctime": "2025-08-11 16:09:42,319", "levelname": "INFO", "name": "AresTradingSystem.System.UnifiedRegimeClassifier", "message": "ðŸ”§ Calculating features for 674 periods...", "correlation_id": "-", "session_id": "-", "timestamp": "2025-08-11T14:09:42.319414+00:00"}
{"asctime": "2025-08-11 16:09:42,331", "levelname": "INFO", "name": "AresTradingSystem.System.UnifiedRegimeClassifier", "message": "âœ… Calculated comprehensive features for 674 periods (dropped 0 rows due to NaN)", "correlation_id": "-", "session_id": "-", "timestamp": "2025-08-11T14:09:42.331667+00:00"}
{"asctime": "2025-08-11 16:09:42,332", "levelname": "INFO", "name": "AresTradingSystem.System.UnifiedRegimeClassifier", "message": "ðŸ” Using trained basic ensemble for regime classification", "correlation_id": "-", "session_id": "-", "timestamp": "2025-08-11T14:09:42.332103+00:00"}
{"asctime": "2025-08-11 16:09:42,352", "levelname": "INFO", "name": "AresTradingSystem.System.UnifiedRegimeClassifier", "message": "", "correlation_id": "-", "session_id": "-", "msg": "Ensemble regime prediction summary", "unique_regimes": ["BEAR", "BULL", "SIDEWAYS"], "counts": {"BEAR": 399, "BULL": 15, "SIDEWAYS": 260}, "expected_min": 4, "total_records": 674, "thresholds": {"adx_sideways_threshold": 18, "volatility_threshold": 0.025, "atr_normalized_threshold": 0.035, "volatility_percentile_threshold": 0.8}, "timestamp": "2025-08-11T14:09:42.352850+00:00"}
{"asctime": "2025-08-11 16:09:42,353", "levelname": "WARNING", "name": "AresTradingSystem.System.UnifiedRegimeClassifier", "message": "\u001b[93m\u001b[1mâš ï¸\u001b[0m \u001b[93m\u001b[1mFewer regimes predicted (3) than expected (4). Consider increasing min_data_points or enhancing volatility features.\u001b[0m", "correlation_id": "-", "session_id": "-", "timestamp": "2025-08-11T14:09:42.353169+00:00"}
{"asctime": "2025-08-11 16:09:42,353", "levelname": "INFO", "name": "AresTradingSystem.System.UnifiedRegimeClassifier", "message": "Classifying location with tactical pivots and strategic volume levels...", "correlation_id": "-", "session_id": "-", "timestamp": "2025-08-11T14:09:42.353245+00:00"}
{"asctime": "2025-08-11 16:09:42,353", "levelname": "WARNING", "name": "AresTradingSystem.System.UnifiedRegimeClassifier", "message": "Insufficient data for location classification. Need at least 720 rows, but only have 674. Returning all OPEN_RANGE labels.", "correlation_id": "-", "session_id": "-", "timestamp": "2025-08-11T14:09:42.353314+00:00"}
{"asctime": "2025-08-11 16:09:42,354", "levelname": "INFO", "name": "AresTradingSystem.System.UnifiedRegimeClassifier", "message": "ðŸ“Š Regime distribution: {'BEAR': 399, 'SIDEWAYS': 260, 'BULL': 15}", "correlation_id": "-", "session_id": "-", "timestamp": "2025-08-11T14:09:42.354522+00:00"}
{"asctime": "2025-08-11 16:09:42,354", "levelname": "INFO", "name": "AresTradingSystem.System", "message": "Regime classification completed. Found 3 distinct regimes", "correlation_id": "-", "session_id": "-", "timestamp": "2025-08-11T14:09:42.354941+00:00"}
{"asctime": "2025-08-11 16:09:42,376", "levelname": "INFO", "name": "AresTradingSystem.System", "message": "âœ… Saved regime classification results to parquet: data/training/BINANCE_ETHUSDT_regime_classification.parquet", "correlation_id": "-", "session_id": "-", "timestamp": "2025-08-11T14:09:42.376467+00:00"}
{"asctime": "2025-08-11 16:09:42,376", "levelname": "INFO", "name": "AresTradingSystem.System", "message": "âœ… Market regime classification completed. Results saved to data/training/BINANCE_ETHUSDT_regime_classification.json", "correlation_id": "-", "session_id": "-", "timestamp": "2025-08-11T14:09:42.376702+00:00"}
{"asctime": "2025-08-11 16:09:42,510", "levelname": "INFO", "name": "AresTradingSystem.System", "message": "Initializing Regime Data Splitting Step...", "correlation_id": "-", "session_id": "-", "timestamp": "2025-08-11T14:09:42.510201+00:00"}
{"asctime": "2025-08-11 16:09:42,510", "levelname": "INFO", "name": "AresTradingSystem.System", "message": "Regime Data Splitting Step initialized successfully", "correlation_id": "-", "session_id": "-", "timestamp": "2025-08-11T14:09:42.510314+00:00"}
{"asctime": "2025-08-11 16:09:42,510", "levelname": "INFO", "name": "AresTradingSystem.System", "message": "ðŸ”„ Loading unified data for regime data splitting...", "correlation_id": "-", "session_id": "-", "timestamp": "2025-08-11T14:09:42.510398+00:00"}
{"asctime": "2025-08-11 16:09:42,510", "levelname": "INFO", "name": "AresTradingSystem.System.UnifiedDataLoader", "message": "ðŸ”„ Loading unified data for ETHUSDT on BINANCE", "correlation_id": "-", "session_id": "-", "timestamp": "2025-08-11T14:09:42.510497+00:00"}
{"asctime": "2025-08-11 16:09:42,510", "levelname": "INFO", "name": "AresTradingSystem.System.UnifiedDataLoader", "message": "   Timeframe: 1m", "correlation_id": "-", "session_id": "-", "timestamp": "2025-08-11T14:09:42.510584+00:00"}
{"asctime": "2025-08-11 16:09:42,510", "levelname": "INFO", "name": "AresTradingSystem.System.UnifiedDataLoader", "message": "   Date range: 2025-02-12 to 2025-08-11", "correlation_id": "-", "session_id": "-", "timestamp": "2025-08-11T14:09:42.510683+00:00"}
{"asctime": "2025-08-11 16:09:42,510", "levelname": "INFO", "name": "AresTradingSystem.System.UnifiedDataLoader", "message": "   Streaming: True", "correlation_id": "-", "session_id": "-", "timestamp": "2025-08-11T14:09:42.510766+00:00"}
{"asctime": "2025-08-11 16:09:42,510", "levelname": "INFO", "name": "AresTradingSystem.System.UnifiedDataLoader", "message": "   âš ï¸ Streaming disabled to avoid segmentation faults", "correlation_id": "-", "session_id": "-", "timestamp": "2025-08-11T14:09:42.510845+00:00"}
{"asctime": "2025-08-11 16:09:42,510", "levelname": "INFO", "name": "AresTradingSystem.System.UnifiedDataLoader", "message": "   ðŸ“ Found unified data cache, using optimized pyarrow loading", "correlation_id": "-", "session_id": "-", "timestamp": "2025-08-11T14:09:42.510944+00:00"}
{"asctime": "2025-08-11 16:09:42,511", "levelname": "INFO", "name": "AresTradingSystem.System.UnifiedDataLoader", "message": "ðŸ”§ Using optimized pyarrow loading...", "correlation_id": "-", "session_id": "-", "timestamp": "2025-08-11T14:09:42.511031+00:00"}
{"asctime": "2025-08-11 16:09:42,511", "levelname": "INFO", "name": "AresTradingSystem.System.UnifiedDataLoader", "message": "   âš ï¸ PyArrow disabled to avoid segmentation faults", "correlation_id": "-", "session_id": "-", "timestamp": "2025-08-11T14:09:42.511111+00:00"}
{"asctime": "2025-08-11 16:09:42,511", "levelname": "INFO", "name": "AresTradingSystem.System.UnifiedDataLoader", "message": "ðŸ”§ Using memory-efficient streaming loading for 180 days...", "correlation_id": "-", "session_id": "-", "timestamp": "2025-08-11T14:09:42.511199+00:00"}
{"asctime": "2025-08-11 16:09:42,520", "levelname": "INFO", "name": "AresTradingSystem.System.UnifiedDataLoader", "message": "ðŸ“ Found 179 partition files", "correlation_id": "-", "session_id": "-", "timestamp": "2025-08-11T14:09:42.520901+00:00"}
{"asctime": "2025-08-11 16:09:42,581", "levelname": "INFO", "name": "AresTradingSystem.System.UnifiedDataLoader", "message": "   ðŸ“„ Processing file 1/179: part-0.parquet", "correlation_id": "-", "session_id": "-", "timestamp": "2025-08-11T14:09:42.581469+00:00"}
{"asctime": "2025-08-11 16:09:42,584", "levelname": "INFO", "name": "AresTradingSystem.System.UnifiedDataLoader", "message": "   âœ… Loaded file 1: (1440, 19)", "correlation_id": "-", "session_id": "-", "timestamp": "2025-08-11T14:09:42.584904+00:00"}
{"asctime": "2025-08-11 16:09:42,585", "levelname": "INFO", "name": "AresTradingSystem.System.UnifiedDataLoader", "message": "   ðŸ” After date filtering: (470, 19)", "correlation_id": "-", "session_id": "-", "timestamp": "2025-08-11T14:09:42.585778+00:00"}
{"asctime": "2025-08-11 16:09:42,587", "levelname": "INFO", "name": "AresTradingSystem.System.UnifiedDataLoader", "message": "   ðŸ“Š Total rows so far: 470", "correlation_id": "-", "session_id": "-", "timestamp": "2025-08-11T14:09:42.587653+00:00"}
{"asctime": "2025-08-11 16:09:43,695", "levelname": "INFO", "name": "AresTradingSystem.System.UnifiedDataLoader", "message": "   ðŸ“„ Processing file 10/179: part-0.parquet", "correlation_id": "-", "session_id": "-", "timestamp": "2025-08-11T14:09:43.695689+00:00"}
{"asctime": "2025-08-11 16:09:43,698", "levelname": "INFO", "name": "AresTradingSystem.System.UnifiedDataLoader", "message": "   âœ… Loaded file 10: (1440, 19)", "correlation_id": "-", "session_id": "-", "timestamp": "2025-08-11T14:09:43.698817+00:00"}
{"asctime": "2025-08-11 16:09:43,699", "levelname": "INFO", "name": "AresTradingSystem.System.UnifiedDataLoader", "message": "   ðŸ” After date filtering: (1440, 19)", "correlation_id": "-", "session_id": "-", "timestamp": "2025-08-11T14:09:43.699535+00:00"}
{"asctime": "2025-08-11 16:09:43,704", "levelname": "INFO", "name": "AresTradingSystem.System.UnifiedDataLoader", "message": "   ðŸ“Š Total rows so far: 13430", "correlation_id": "-", "session_id": "-", "timestamp": "2025-08-11T14:09:43.704174+00:00"}
{"asctime": "2025-08-11 16:09:45,015", "levelname": "INFO", "name": "AresTradingSystem.System.UnifiedDataLoader", "message": "   ðŸ“„ Processing file 20/179: part-0.parquet", "correlation_id": "-", "session_id": "-", "timestamp": "2025-08-11T14:09:45.015250+00:00"}
{"asctime": "2025-08-11 16:09:45,018", "levelname": "INFO", "name": "AresTradingSystem.System.UnifiedDataLoader", "message": "   âœ… Loaded file 20: (1440, 19)", "correlation_id": "-", "session_id": "-", "timestamp": "2025-08-11T14:09:45.018373+00:00"}
{"asctime": "2025-08-11 16:09:45,019", "levelname": "INFO", "name": "AresTradingSystem.System.UnifiedDataLoader", "message": "   ðŸ” After date filtering: (1440, 19)", "correlation_id": "-", "session_id": "-", "timestamp": "2025-08-11T14:09:45.019087+00:00"}
{"asctime": "2025-08-11 16:09:45,023", "levelname": "INFO", "name": "AresTradingSystem.System.UnifiedDataLoader", "message": "   ðŸ“Š Total rows so far: 27830", "correlation_id": "-", "session_id": "-", "timestamp": "2025-08-11T14:09:45.023942+00:00"}
{"asctime": "2025-08-11 16:09:47,327", "levelname": "INFO", "name": "AresTradingSystem.System.UnifiedDataLoader", "message": "   ðŸ“„ Processing file 30/179: part-0.parquet", "correlation_id": "-", "session_id": "-", "timestamp": "2025-08-11T14:09:47.327341+00:00"}
{"asctime": "2025-08-11 16:09:47,330", "levelname": "INFO", "name": "AresTradingSystem.System.UnifiedDataLoader", "message": "   âœ… Loaded file 30: (1440, 19)", "correlation_id": "-", "session_id": "-", "timestamp": "2025-08-11T14:09:47.330567+00:00"}
{"asctime": "2025-08-11 16:09:47,331", "levelname": "INFO", "name": "AresTradingSystem.System.UnifiedDataLoader", "message": "   ðŸ” After date filtering: (1440, 19)", "correlation_id": "-", "session_id": "-", "timestamp": "2025-08-11T14:09:47.331282+00:00"}
{"asctime": "2025-08-11 16:09:47,336", "levelname": "INFO", "name": "AresTradingSystem.System.UnifiedDataLoader", "message": "   ðŸ“Š Total rows so far: 42230", "correlation_id": "-", "session_id": "-", "timestamp": "2025-08-11T14:09:47.336173+00:00"}
{"asctime": "2025-08-11 16:09:48,976", "levelname": "INFO", "name": "AresTradingSystem.System.UnifiedDataLoader", "message": "   ðŸ“„ Processing file 40/179: part-0.parquet", "correlation_id": "-", "session_id": "-", "timestamp": "2025-08-11T14:09:48.976594+00:00"}
{"asctime": "2025-08-11 16:09:48,980", "levelname": "INFO", "name": "AresTradingSystem.System.UnifiedDataLoader", "message": "   âœ… Loaded file 40: (1440, 19)", "correlation_id": "-", "session_id": "-", "timestamp": "2025-08-11T14:09:48.980158+00:00"}
{"asctime": "2025-08-11 16:09:48,980", "levelname": "INFO", "name": "AresTradingSystem.System.UnifiedDataLoader", "message": "   ðŸ” After date filtering: (1440, 19)", "correlation_id": "-", "session_id": "-", "timestamp": "2025-08-11T14:09:48.980886+00:00"}
{"asctime": "2025-08-11 16:09:48,985", "levelname": "INFO", "name": "AresTradingSystem.System.UnifiedDataLoader", "message": "   ðŸ“Š Total rows so far: 56630", "correlation_id": "-", "session_id": "-", "timestamp": "2025-08-11T14:09:48.985605+00:00"}
{"asctime": "2025-08-11 16:09:50,480", "levelname": "INFO", "name": "AresTradingSystem.System.UnifiedDataLoader", "message": "   ðŸ“„ Processing file 50/179: part-0.parquet", "correlation_id": "-", "session_id": "-", "timestamp": "2025-08-11T14:09:50.480837+00:00"}
{"asctime": "2025-08-11 16:09:50,484", "levelname": "INFO", "name": "AresTradingSystem.System.UnifiedDataLoader", "message": "   âœ… Loaded file 50: (1440, 19)", "correlation_id": "-", "session_id": "-", "timestamp": "2025-08-11T14:09:50.484128+00:00"}
{"asctime": "2025-08-11 16:09:50,484", "levelname": "INFO", "name": "AresTradingSystem.System.UnifiedDataLoader", "message": "   ðŸ” After date filtering: (1440, 19)", "correlation_id": "-", "session_id": "-", "timestamp": "2025-08-11T14:09:50.484825+00:00"}
{"asctime": "2025-08-11 16:09:50,489", "levelname": "INFO", "name": "AresTradingSystem.System.UnifiedDataLoader", "message": "   ðŸ“Š Total rows so far: 71030", "correlation_id": "-", "session_id": "-", "timestamp": "2025-08-11T14:09:50.489509+00:00"}
{"asctime": "2025-08-11 16:09:52,038", "levelname": "INFO", "name": "AresTradingSystem.System.UnifiedDataLoader", "message": "   ðŸ“„ Processing file 60/179: part-0.parquet", "correlation_id": "-", "session_id": "-", "timestamp": "2025-08-11T14:09:52.038719+00:00"}
{"asctime": "2025-08-11 16:09:52,042", "levelname": "INFO", "name": "AresTradingSystem.System.UnifiedDataLoader", "message": "   âœ… Loaded file 60: (1440, 19)", "correlation_id": "-", "session_id": "-", "timestamp": "2025-08-11T14:09:52.042077+00:00"}
{"asctime": "2025-08-11 16:09:52,043", "levelname": "INFO", "name": "AresTradingSystem.System.UnifiedDataLoader", "message": "   ðŸ” After date filtering: (1440, 19)", "correlation_id": "-", "session_id": "-", "timestamp": "2025-08-11T14:09:52.043038+00:00"}
{"asctime": "2025-08-11 16:09:52,047", "levelname": "INFO", "name": "AresTradingSystem.System.UnifiedDataLoader", "message": "   ðŸ“Š Total rows so far: 85430", "correlation_id": "-", "session_id": "-", "timestamp": "2025-08-11T14:09:52.047680+00:00"}
{"asctime": "2025-08-11 16:09:53,650", "levelname": "INFO", "name": "AresTradingSystem.System.UnifiedDataLoader", "message": "   ðŸ“„ Processing file 70/179: part-0.parquet", "correlation_id": "-", "session_id": "-", "timestamp": "2025-08-11T14:09:53.650337+00:00"}
{"asctime": "2025-08-11 16:09:53,653", "levelname": "INFO", "name": "AresTradingSystem.System.UnifiedDataLoader", "message": "   âœ… Loaded file 70: (1440, 19)", "correlation_id": "-", "session_id": "-", "timestamp": "2025-08-11T14:09:53.653716+00:00"}
{"asctime": "2025-08-11 16:09:53,654", "levelname": "INFO", "name": "AresTradingSystem.System.UnifiedDataLoader", "message": "   ðŸ” After date filtering: (1440, 19)", "correlation_id": "-", "session_id": "-", "timestamp": "2025-08-11T14:09:53.654381+00:00"}
{"asctime": "2025-08-11 16:09:53,659", "levelname": "INFO", "name": "AresTradingSystem.System.UnifiedDataLoader", "message": "   ðŸ“Š Total rows so far: 99830", "correlation_id": "-", "session_id": "-", "timestamp": "2025-08-11T14:09:53.659548+00:00"}
{"asctime": "2025-08-11 16:09:55,313", "levelname": "INFO", "name": "AresTradingSystem.System.UnifiedDataLoader", "message": "   ðŸ“„ Processing file 80/179: part-0.parquet", "correlation_id": "-", "session_id": "-", "timestamp": "2025-08-11T14:09:55.313466+00:00"}
{"asctime": "2025-08-11 16:09:55,316", "levelname": "INFO", "name": "AresTradingSystem.System.UnifiedDataLoader", "message": "   âœ… Loaded file 80: (1440, 19)", "correlation_id": "-", "session_id": "-", "timestamp": "2025-08-11T14:09:55.316682+00:00"}
{"asctime": "2025-08-11 16:09:55,317", "levelname": "INFO", "name": "AresTradingSystem.System.UnifiedDataLoader", "message": "   ðŸ” After date filtering: (1440, 19)", "correlation_id": "-", "session_id": "-", "timestamp": "2025-08-11T14:09:55.317460+00:00"}
{"asctime": "2025-08-11 16:09:55,322", "levelname": "INFO", "name": "AresTradingSystem.System.UnifiedDataLoader", "message": "   ðŸ“Š Total rows so far: 114230", "correlation_id": "-", "session_id": "-", "timestamp": "2025-08-11T14:09:55.322119+00:00"}
{"asctime": "2025-08-11 16:09:57,022", "levelname": "INFO", "name": "AresTradingSystem.System.UnifiedDataLoader", "message": "   ðŸ“„ Processing file 90/179: part-0.parquet", "correlation_id": "-", "session_id": "-", "timestamp": "2025-08-11T14:09:57.022286+00:00"}
{"asctime": "2025-08-11 16:09:57,025", "levelname": "INFO", "name": "AresTradingSystem.System.UnifiedDataLoader", "message": "   âœ… Loaded file 90: (1440, 19)", "correlation_id": "-", "session_id": "-", "timestamp": "2025-08-11T14:09:57.025666+00:00"}
{"asctime": "2025-08-11 16:09:57,026", "levelname": "INFO", "name": "AresTradingSystem.System.UnifiedDataLoader", "message": "   ðŸ” After date filtering: (1440, 19)", "correlation_id": "-", "session_id": "-", "timestamp": "2025-08-11T14:09:57.026698+00:00"}
{"asctime": "2025-08-11 16:09:57,031", "levelname": "INFO", "name": "AresTradingSystem.System.UnifiedDataLoader", "message": "   ðŸ“Š Total rows so far: 128630", "correlation_id": "-", "session_id": "-", "timestamp": "2025-08-11T14:09:57.031358+00:00"}
{"asctime": "2025-08-11 16:09:58,794", "levelname": "INFO", "name": "AresTradingSystem.System.UnifiedDataLoader", "message": "   ðŸ“„ Processing file 100/179: part-0.parquet", "correlation_id": "-", "session_id": "-", "timestamp": "2025-08-11T14:09:58.794678+00:00"}
{"asctime": "2025-08-11 16:09:58,797", "levelname": "INFO", "name": "AresTradingSystem.System.UnifiedDataLoader", "message": "   âœ… Loaded file 100: (1440, 19)", "correlation_id": "-", "session_id": "-", "timestamp": "2025-08-11T14:09:58.797625+00:00"}
{"asctime": "2025-08-11 16:09:58,798", "levelname": "INFO", "name": "AresTradingSystem.System.UnifiedDataLoader", "message": "   ðŸ” After date filtering: (1440, 19)", "correlation_id": "-", "session_id": "-", "timestamp": "2025-08-11T14:09:58.798322+00:00"}
{"asctime": "2025-08-11 16:09:58,803", "levelname": "INFO", "name": "AresTradingSystem.System.UnifiedDataLoader", "message": "   ðŸ“Š Total rows so far: 143030", "correlation_id": "-", "session_id": "-", "timestamp": "2025-08-11T14:09:58.803014+00:00"}
{"asctime": "2025-08-11 16:10:00,623", "levelname": "INFO", "name": "AresTradingSystem.System.UnifiedDataLoader", "message": "   ðŸ“„ Processing file 110/179: part-0.parquet", "correlation_id": "-", "session_id": "-", "timestamp": "2025-08-11T14:10:00.623276+00:00"}
{"asctime": "2025-08-11 16:10:00,627", "levelname": "INFO", "name": "AresTradingSystem.System.UnifiedDataLoader", "message": "   âœ… Loaded file 110: (1440, 19)", "correlation_id": "-", "session_id": "-", "timestamp": "2025-08-11T14:10:00.627355+00:00"}
{"asctime": "2025-08-11 16:10:00,628", "levelname": "INFO", "name": "AresTradingSystem.System.UnifiedDataLoader", "message": "   ðŸ” After date filtering: (1440, 19)", "correlation_id": "-", "session_id": "-", "timestamp": "2025-08-11T14:10:00.628134+00:00"}
{"asctime": "2025-08-11 16:10:00,632", "levelname": "INFO", "name": "AresTradingSystem.System.UnifiedDataLoader", "message": "   ðŸ“Š Total rows so far: 157430", "correlation_id": "-", "session_id": "-", "timestamp": "2025-08-11T14:10:00.632802+00:00"}
{"asctime": "2025-08-11 16:10:02,496", "levelname": "INFO", "name": "AresTradingSystem.System.UnifiedDataLoader", "message": "   ðŸ“„ Processing file 120/179: part-0.parquet", "correlation_id": "-", "session_id": "-", "timestamp": "2025-08-11T14:10:02.496382+00:00"}
{"asctime": "2025-08-11 16:10:02,499", "levelname": "INFO", "name": "AresTradingSystem.System.UnifiedDataLoader", "message": "   âœ… Loaded file 120: (1440, 19)", "correlation_id": "-", "session_id": "-", "timestamp": "2025-08-11T14:10:02.499461+00:00"}
{"asctime": "2025-08-11 16:10:02,500", "levelname": "INFO", "name": "AresTradingSystem.System.UnifiedDataLoader", "message": "   ðŸ” After date filtering: (1440, 19)", "correlation_id": "-", "session_id": "-", "timestamp": "2025-08-11T14:10:02.500155+00:00"}
{"asctime": "2025-08-11 16:10:02,504", "levelname": "INFO", "name": "AresTradingSystem.System.UnifiedDataLoader", "message": "   ðŸ“Š Total rows so far: 171830", "correlation_id": "-", "session_id": "-", "timestamp": "2025-08-11T14:10:02.504792+00:00"}
{"asctime": "2025-08-11 16:10:04,432", "levelname": "INFO", "name": "AresTradingSystem.System.UnifiedDataLoader", "message": "   ðŸ“„ Processing file 130/179: part-0.parquet", "correlation_id": "-", "session_id": "-", "timestamp": "2025-08-11T14:10:04.432132+00:00"}
{"asctime": "2025-08-11 16:10:04,435", "levelname": "INFO", "name": "AresTradingSystem.System.UnifiedDataLoader", "message": "   âœ… Loaded file 130: (1440, 19)", "correlation_id": "-", "session_id": "-", "timestamp": "2025-08-11T14:10:04.435396+00:00"}
{"asctime": "2025-08-11 16:10:04,436", "levelname": "INFO", "name": "AresTradingSystem.System.UnifiedDataLoader", "message": "   ðŸ” After date filtering: (1440, 19)", "correlation_id": "-", "session_id": "-", "timestamp": "2025-08-11T14:10:04.436151+00:00"}
{"asctime": "2025-08-11 16:10:04,441", "levelname": "INFO", "name": "AresTradingSystem.System.UnifiedDataLoader", "message": "   ðŸ“Š Total rows so far: 186230", "correlation_id": "-", "session_id": "-", "timestamp": "2025-08-11T14:10:04.441145+00:00"}
{"asctime": "2025-08-11 16:10:06,437", "levelname": "INFO", "name": "AresTradingSystem.System.UnifiedDataLoader", "message": "   ðŸ“„ Processing file 140/179: part-0.parquet", "correlation_id": "-", "session_id": "-", "timestamp": "2025-08-11T14:10:06.437979+00:00"}
{"asctime": "2025-08-11 16:10:06,441", "levelname": "INFO", "name": "AresTradingSystem.System.UnifiedDataLoader", "message": "   âœ… Loaded file 140: (1440, 19)", "correlation_id": "-", "session_id": "-", "timestamp": "2025-08-11T14:10:06.441642+00:00"}
{"asctime": "2025-08-11 16:10:06,442", "levelname": "INFO", "name": "AresTradingSystem.System.UnifiedDataLoader", "message": "   ðŸ” After date filtering: (1440, 19)", "correlation_id": "-", "session_id": "-", "timestamp": "2025-08-11T14:10:06.442795+00:00"}
{"asctime": "2025-08-11 16:10:06,447", "levelname": "INFO", "name": "AresTradingSystem.System.UnifiedDataLoader", "message": "   ðŸ“Š Total rows so far: 200630", "correlation_id": "-", "session_id": "-", "timestamp": "2025-08-11T14:10:06.447757+00:00"}
{"asctime": "2025-08-11 16:10:08,537", "levelname": "INFO", "name": "AresTradingSystem.System.UnifiedDataLoader", "message": "   ðŸ“„ Processing file 150/179: part-0.parquet", "correlation_id": "-", "session_id": "-", "timestamp": "2025-08-11T14:10:08.537677+00:00"}
{"asctime": "2025-08-11 16:10:08,540", "levelname": "INFO", "name": "AresTradingSystem.System.UnifiedDataLoader", "message": "   âœ… Loaded file 150: (1440, 19)", "correlation_id": "-", "session_id": "-", "timestamp": "2025-08-11T14:10:08.540977+00:00"}
{"asctime": "2025-08-11 16:10:08,542", "levelname": "INFO", "name": "AresTradingSystem.System.UnifiedDataLoader", "message": "   ðŸ” After date filtering: (1440, 19)", "correlation_id": "-", "session_id": "-", "timestamp": "2025-08-11T14:10:08.542138+00:00"}
{"asctime": "2025-08-11 16:10:08,546", "levelname": "INFO", "name": "AresTradingSystem.System.UnifiedDataLoader", "message": "   ðŸ“Š Total rows so far: 215030", "correlation_id": "-", "session_id": "-", "timestamp": "2025-08-11T14:10:08.546926+00:00"}
{"asctime": "2025-08-11 16:10:10,633", "levelname": "INFO", "name": "AresTradingSystem.System.UnifiedDataLoader", "message": "   ðŸ“„ Processing file 160/179: part-0.parquet", "correlation_id": "-", "session_id": "-", "timestamp": "2025-08-11T14:10:10.633843+00:00"}
{"asctime": "2025-08-11 16:10:10,637", "levelname": "INFO", "name": "AresTradingSystem.System.UnifiedDataLoader", "message": "   âœ… Loaded file 160: (1440, 19)", "correlation_id": "-", "session_id": "-", "timestamp": "2025-08-11T14:10:10.637075+00:00"}
{"asctime": "2025-08-11 16:10:10,637", "levelname": "INFO", "name": "AresTradingSystem.System.UnifiedDataLoader", "message": "   ðŸ” After date filtering: (1440, 19)", "correlation_id": "-", "session_id": "-", "timestamp": "2025-08-11T14:10:10.637749+00:00"}
{"asctime": "2025-08-11 16:10:10,642", "levelname": "INFO", "name": "AresTradingSystem.System.UnifiedDataLoader", "message": "   ðŸ“Š Total rows so far: 229430", "correlation_id": "-", "session_id": "-", "timestamp": "2025-08-11T14:10:10.642763+00:00"}
{"asctime": "2025-08-11 16:10:13,140", "levelname": "INFO", "name": "AresTradingSystem.System.UnifiedDataLoader", "message": "   ðŸ“„ Processing file 170/179: part-0.parquet", "correlation_id": "-", "session_id": "-", "timestamp": "2025-08-11T14:10:13.140596+00:00"}
{"asctime": "2025-08-11 16:10:13,144", "levelname": "INFO", "name": "AresTradingSystem.System.UnifiedDataLoader", "message": "   âœ… Loaded file 170: (1440, 19)", "correlation_id": "-", "session_id": "-", "timestamp": "2025-08-11T14:10:13.144361+00:00"}
{"asctime": "2025-08-11 16:10:13,145", "levelname": "INFO", "name": "AresTradingSystem.System.UnifiedDataLoader", "message": "   ðŸ” After date filtering: (1440, 19)", "correlation_id": "-", "session_id": "-", "timestamp": "2025-08-11T14:10:13.145111+00:00"}
{"asctime": "2025-08-11 16:10:13,150", "levelname": "INFO", "name": "AresTradingSystem.System.UnifiedDataLoader", "message": "   ðŸ“Š Total rows so far: 243830", "correlation_id": "-", "session_id": "-", "timestamp": "2025-08-11T14:10:13.150143+00:00"}
{"asctime": "2025-08-11 16:10:15,344", "levelname": "INFO", "name": "AresTradingSystem.System.UnifiedDataLoader", "message": "ðŸ”„ Converting 256420 records to DataFrame...", "correlation_id": "-", "session_id": "-", "timestamp": "2025-08-11T14:10:15.344299+00:00"}
{"asctime": "2025-08-11 16:10:16,154", "levelname": "INFO", "name": "AresTradingSystem.System.UnifiedDataLoader", "message": "âœ… Memory-efficient loading completed: (256420, 19)", "correlation_id": "-", "session_id": "-", "timestamp": "2025-08-11T14:10:16.154744+00:00"}
{"asctime": "2025-08-11 16:10:16,155", "levelname": "INFO", "name": "AresTradingSystem.System", "message": "âœ… Loaded unified data: 256420 rows", "correlation_id": "-", "session_id": "-", "timestamp": "2025-08-11T14:10:16.155150+00:00"}
{"asctime": "2025-08-11 16:10:16,155", "levelname": "INFO", "name": "AresTradingSystem.System", "message": "   Date range: 0 to 256419", "correlation_id": "-", "session_id": "-", "timestamp": "2025-08-11T14:10:16.155246+00:00"}
{"asctime": "2025-08-11 16:10:16,155", "levelname": "INFO", "name": "AresTradingSystem.System", "message": "   Has aggtrades data: False", "correlation_id": "-", "session_id": "-", "timestamp": "2025-08-11T14:10:16.155383+00:00"}
{"asctime": "2025-08-11 16:10:16,155", "levelname": "INFO", "name": "AresTradingSystem.System", "message": "   Has futures data: False", "correlation_id": "-", "session_id": "-", "timestamp": "2025-08-11T14:10:16.155447+00:00"}
{"asctime": "2025-08-11 16:10:16,155", "levelname": "INFO", "name": "AresTradingSystem.System", "message": "ðŸ“ Loading regime classification results from: data/training/BINANCE_ETHUSDT_regime_classification.parquet", "correlation_id": "-", "session_id": "-", "timestamp": "2025-08-11T14:10:16.155502+00:00"}
{"asctime": "2025-08-11 16:10:16,155", "levelname": "INFO", "name": "AresTradingSystem.System", "message": "   Trying direct pandas read...", "correlation_id": "-", "session_id": "-", "timestamp": "2025-08-11T14:10:16.155592+00:00"}
{"asctime": "2025-08-11 16:10:16,157", "levelname": "INFO", "name": "AresTradingSystem.System", "message": "   âœ… Successfully loaded with direct pandas read: (674, 3)", "correlation_id": "-", "session_id": "-", "timestamp": "2025-08-11T14:10:16.157839+00:00"}
{"asctime": "2025-08-11 16:10:16,158", "levelname": "INFO", "name": "AresTradingSystem.System", "message": "âœ… Loaded regime classification data: 674 rows", "correlation_id": "-", "session_id": "-", "timestamp": "2025-08-11T14:10:16.158077+00:00"}
{"asctime": "2025-08-11 16:10:16,158", "levelname": "INFO", "name": "AresTradingSystem.System", "message": "   Regimes found: ['BULL', 'BEAR', 'SIDEWAYS']", "correlation_id": "-", "session_id": "-", "timestamp": "2025-08-11T14:10:16.158829+00:00"}
{"asctime": "2025-08-11 16:10:16,180", "levelname": "WARNING", "name": "AresTradingSystem.System", "message": "\u001b[93m\u001b[1mâš ï¸\u001b[0m \u001b[93m\u001b[1m   255746 rows have missing regime labels, filling with 'SIDEWAYS'\u001b[0m", "correlation_id": "-", "session_id": "-", "timestamp": "2025-08-11T14:10:16.180606+00:00"}
{"asctime": "2025-08-11 16:10:16,293", "levelname": "WARNING", "name": "AresTradingSystem.System", "message": "\u001b[93m\u001b[1mâš ï¸\u001b[0m \u001b[93m\u001b[1mâš ï¸ SIDEWAYS ratio too high (99.8%); reassigning borderline rows to BULL/BEAR\u001b[0m", "correlation_id": "-", "session_id": "-", "timestamp": "2025-08-11T14:10:16.293851+00:00"}
{"asctime": "2025-08-11 16:10:16,448", "levelname": "INFO", "name": "AresTradingSystem.System", "message": "âœ… Applied soft rebalance to regime splits", "correlation_id": "-", "session_id": "-", "timestamp": "2025-08-11T14:10:16.448503+00:00"}
{"asctime": "2025-08-11 16:10:16,448", "levelname": "INFO", "name": "AresTradingSystem.System", "message": "âœ… Successfully split data by regimes: 3 regimes", "correlation_id": "-", "session_id": "-", "timestamp": "2025-08-11T14:10:16.448712+00:00"}
{"asctime": "2025-08-11 16:10:16,624", "levelname": "INFO", "name": "AresTradingSystem.System", "message": "âœ… Saved SIDEWAYS regime data: 204722 rows -> data/training/regime_data/SIDEWAYS.parquet", "correlation_id": "-", "session_id": "-", "timestamp": "2025-08-11T14:10:16.625022+00:00"}
{"asctime": "2025-08-11 16:10:16,647", "levelname": "INFO", "name": "AresTradingSystem.System", "message": "âœ… Saved BULL regime data: 25897 rows -> data/training/regime_data/BULL.parquet", "correlation_id": "-", "session_id": "-", "timestamp": "2025-08-11T14:10:16.647860+00:00"}
{"asctime": "2025-08-11 16:10:16,671", "levelname": "INFO", "name": "AresTradingSystem.System", "message": "âœ… Saved BEAR regime data: 25801 rows -> data/training/regime_data/BEAR.parquet", "correlation_id": "-", "session_id": "-", "timestamp": "2025-08-11T14:10:16.671290+00:00"}
{"asctime": "2025-08-11 16:10:16,919", "levelname": "INFO", "name": "AresTradingSystem.System", "message": "âœ… Created train/validation/test splits:", "correlation_id": "-", "session_id": "-", "timestamp": "2025-08-11T14:10:16.919567+00:00"}
{"asctime": "2025-08-11 16:10:16,919", "levelname": "INFO", "name": "AresTradingSystem.System", "message": "   Train: 179494 rows -> data/training/BINANCE_ETHUSDT_train_data.parquet", "correlation_id": "-", "session_id": "-", "timestamp": "2025-08-11T14:10:16.919726+00:00"}
{"asctime": "2025-08-11 16:10:16,919", "levelname": "INFO", "name": "AresTradingSystem.System", "message": "   Validation: 38463 rows -> data/training/BINANCE_ETHUSDT_validation_data.parquet", "correlation_id": "-", "session_id": "-", "timestamp": "2025-08-11T14:10:16.919793+00:00"}
{"asctime": "2025-08-11 16:10:16,919", "levelname": "INFO", "name": "AresTradingSystem.System", "message": "   Test: 38463 rows -> data/training/BINANCE_ETHUSDT_test_data.parquet", "correlation_id": "-", "session_id": "-", "timestamp": "2025-08-11T14:10:16.919867+00:00"}
{"asctime": "2025-08-11 16:10:16,924", "levelname": "INFO", "name": "AresTradingSystem.System", "message": "ðŸ“Š Regime Data Splitting Results:", "correlation_id": "-", "session_id": "-", "timestamp": "2025-08-11T14:10:16.924954+00:00"}
{"asctime": "2025-08-11 16:10:16,925", "levelname": "INFO", "name": "AresTradingSystem.System", "message": "   SIDEWAYS: 204722 rows (79.8%)", "correlation_id": "-", "session_id": "-", "timestamp": "2025-08-11T14:10:16.925211+00:00"}
{"asctime": "2025-08-11 16:10:16,925", "levelname": "INFO", "name": "AresTradingSystem.System", "message": "   BULL: 25897 rows (10.1%)", "correlation_id": "-", "session_id": "-", "timestamp": "2025-08-11T14:10:16.925279+00:00"}
{"asctime": "2025-08-11 16:10:16,925", "levelname": "INFO", "name": "AresTradingSystem.System", "message": "   BEAR: 25801 rows (10.1%)", "correlation_id": "-", "session_id": "-", "timestamp": "2025-08-11T14:10:16.925337+00:00"}
{"asctime": "2025-08-11 16:10:16,925", "levelname": "INFO", "name": "AresTradingSystem.System", "message": "âœ… Regime data splitting completed successfully", "correlation_id": "-", "session_id": "-", "timestamp": "2025-08-11T14:10:16.925435+00:00"}
{"asctime": "2025-08-11 16:10:17,176", "levelname": "INFO", "name": "AresTradingSystem.System.AnalystLabelingFeatureEngineeringStep", "message": "Initializing Analyst Labeling and Feature Engineering Step...", "correlation_id": "-", "session_id": "-", "timestamp": "2025-08-11T14:10:17.176621+00:00"}
{"asctime": "2025-08-11 16:10:17,224", "levelname": "INFO", "name": "AresTradingSystem.System.VectorizedLabellingOrchestrator", "message": "ðŸš€ Initializing vectorized labeling orchestrator...", "correlation_id": "-", "session_id": "-", "timestamp": "2025-08-11T14:10:17.224087+00:00"}
