2025-08-04 19:28:22,203 - AresTradingSystem - INFO - ✅ Enhanced Logger initialization completed successfully
2025-08-04 19:28:22,304 - AresTradingSystem.System.UnifiedRegimeClassifier - INFO - 🎯 Step 1: Training HMM-based labeler...
2025-08-04 19:28:22,322 - AresTradingSystem.System.UnifiedRegimeClassifier - INFO - Calculated 16 features for 8760 periods
2025-08-04 19:28:23,650 - AresTradingSystem.System.UnifiedRegimeClassifier - INFO - State 0: BULL (mean_return=0.0130, mean_vol=0.0198)
2025-08-04 19:28:23,651 - AresTradingSystem.System.UnifiedRegimeClassifier - INFO - State 1: BULL (mean_return=0.0001, mean_vol=0.0102)
2025-08-04 19:28:23,651 - AresTradingSystem.System.UnifiedRegimeClassifier - INFO - State 2: BEAR (mean_return=-0.0187, mean_vol=0.0198)
2025-08-04 19:28:23,652 - AresTradingSystem.System.UnifiedRegimeClassifier - INFO - State 3: BULL (mean_return=0.0298, mean_vol=0.0127)
2025-08-04 19:28:23,652 - AresTradingSystem.System.UnifiedRegimeClassifier - INFO - ✅ HMM labeler trained successfully
2025-08-04 19:28:23,652 - AresTradingSystem.System.UnifiedRegimeClassifier - INFO - 🎯 Step 2: Training basic regime ensemble...
2025-08-04 19:28:23,666 - AresTradingSystem.System.UnifiedRegimeClassifier - INFO - Calculated 16 features for 8760 periods
2025-08-04 19:28:39,235 - AresTradingSystem.System.UnifiedRegimeClassifier - INFO - ✅ Basic ensemble trained - Train: 1.000, Test: 0.975
2025-08-04 19:28:39,235 - AresTradingSystem.System.UnifiedRegimeClassifier - INFO - 🎯 Step 3: Training advanced regime classifier...
2025-08-04 19:28:39,253 - AresTradingSystem.System.UnifiedRegimeClassifier - INFO - Calculated 16 features for 8760 periods
2025-08-04 19:28:41,024 - AresTradingSystem.System.UnifiedRegimeClassifier - INFO - ✅ Advanced classifier trained - Train: 1.000, Test: 0.998
2025-08-04 19:28:41,026 - AresTradingSystem.System.UnifiedRegimeClassifier - INFO - 🚀 Training complete unified regime classification system...
2025-08-04 19:28:41,026 - AresTradingSystem.System.UnifiedRegimeClassifier - INFO - 🎯 Step 1: Training HMM-based labeler...
2025-08-04 19:28:41,048 - AresTradingSystem.System.UnifiedRegimeClassifier - INFO - Calculated 16 features for 8760 periods
2025-08-04 19:28:42,185 - AresTradingSystem.System.UnifiedRegimeClassifier - INFO - State 0: BULL (mean_return=0.0130, mean_vol=0.0198)
2025-08-04 19:28:42,185 - AresTradingSystem.System.UnifiedRegimeClassifier - INFO - State 1: BULL (mean_return=0.0001, mean_vol=0.0102)
2025-08-04 19:28:42,186 - AresTradingSystem.System.UnifiedRegimeClassifier - INFO - State 2: BEAR (mean_return=-0.0187, mean_vol=0.0198)
2025-08-04 19:28:42,186 - AresTradingSystem.System.UnifiedRegimeClassifier - INFO - State 3: BULL (mean_return=0.0298, mean_vol=0.0127)
2025-08-04 19:28:42,186 - AresTradingSystem.System.UnifiedRegimeClassifier - INFO - ✅ HMM labeler trained successfully
2025-08-04 19:28:42,186 - AresTradingSystem.System.UnifiedRegimeClassifier - INFO - 🎯 Step 2: Training basic regime ensemble...
2025-08-04 19:28:42,199 - AresTradingSystem.System.UnifiedRegimeClassifier - INFO - Calculated 16 features for 8760 periods
2025-08-04 19:28:57,693 - AresTradingSystem.System.UnifiedRegimeClassifier - INFO - ✅ Basic ensemble trained - Train: 1.000, Test: 0.975
2025-08-04 19:28:57,693 - AresTradingSystem.System.UnifiedRegimeClassifier - INFO - 🎯 Step 3: Training advanced regime classifier...
2025-08-04 19:28:57,709 - AresTradingSystem.System.UnifiedRegimeClassifier - INFO - Calculated 16 features for 8760 periods
2025-08-04 19:28:59,254 - AresTradingSystem.System.UnifiedRegimeClassifier - INFO - ✅ Advanced classifier trained - Train: 1.000, Test: 0.998
2025-08-04 19:28:59,259 - AresTradingSystem.System.UnifiedRegimeClassifier - INFO - HMM model saved to checkpoints/analyst_models/unified_hmm_model_1h.joblib
2025-08-04 19:28:59,310 - AresTradingSystem.System.UnifiedRegimeClassifier - INFO - Basic ensemble saved to checkpoints/analyst_models/unified_ensemble_model_1h.joblib
2025-08-04 19:28:59,315 - AresTradingSystem.System.UnifiedRegimeClassifier - INFO - Advanced classifier saved to checkpoints/analyst_models/unified_advanced_model_1h.joblib
2025-08-04 19:28:59,316 - AresTradingSystem.System.UnifiedRegimeClassifier - INFO - ✅ Complete unified regime classification system trained successfully
2025-08-04 19:28:59,334 - AresTradingSystem.System.UnifiedRegimeClassifier - INFO - Calculated 16 features for 100 periods
2025-08-04 19:28:59,361 - AresTradingSystem.System.UnifiedRegimeClassifier - INFO - HMM model saved to checkpoints/analyst_models/unified_hmm_model_1h.joblib
2025-08-04 19:28:59,459 - AresTradingSystem.System.UnifiedRegimeClassifier - INFO - Basic ensemble saved to checkpoints/analyst_models/unified_ensemble_model_1h.joblib
2025-08-04 19:28:59,462 - AresTradingSystem.System.UnifiedRegimeClassifier - INFO - Advanced classifier saved to checkpoints/analyst_models/unified_advanced_model_1h.joblib
2025-08-04 19:28:59,463 - AresTradingSystem.System.UnifiedRegimeClassifier - INFO - HMM model loaded successfully
2025-08-04 19:28:59,491 - AresTradingSystem.System.UnifiedRegimeClassifier - INFO - Basic ensemble loaded successfully
2025-08-04 19:28:59,493 - AresTradingSystem.System.UnifiedRegimeClassifier - INFO - Advanced classifier loaded successfully
2025-08-04 19:28:59,493 - AresTradingSystem.System.UnifiedRegimeClassifier - INFO - All models loaded successfully
2025-08-04 19:28:59,506 - AresTradingSystem.System.UnifiedRegimeClassifier - INFO - Calculated 16 features for 100 periods
