2025-08-04 19:23:46,840 - AresTradingSystem - INFO - ✅ Enhanced Logger initialization completed successfully
2025-08-04 19:23:46,933 - AresTradingSystem.System.UnifiedRegimeClassifier - INFO - 🎯 Step 1: Training HMM-based labeler...
2025-08-04 19:23:46,950 - AresTradingSystem.System.UnifiedRegimeClassifier - INFO - Calculated 16 features for 8760 periods
2025-08-04 19:23:48,149 - AresTradingSystem.System.UnifiedRegimeClassifier - INFO - State 0: BULL (mean_return=0.0130, mean_vol=0.0198)
2025-08-04 19:23:48,151 - AresTradingSystem.System.UnifiedRegimeClassifier - INFO - State 1: BULL (mean_return=0.0001, mean_vol=0.0102)
2025-08-04 19:23:48,151 - AresTradingSystem.System.UnifiedRegimeClassifier - INFO - State 2: BEAR (mean_return=-0.0187, mean_vol=0.0198)
2025-08-04 19:23:48,152 - AresTradingSystem.System.UnifiedRegimeClassifier - INFO - State 3: BULL (mean_return=0.0298, mean_vol=0.0127)
2025-08-04 19:23:48,152 - AresTradingSystem.System.UnifiedRegimeClassifier - INFO - ✅ HMM labeler trained successfully
2025-08-04 19:23:48,152 - AresTradingSystem.System.UnifiedRegimeClassifier - INFO - 🎯 Step 2: Training basic regime ensemble...
2025-08-04 19:23:48,188 - AresTradingSystem.System.UnifiedRegimeClassifier - INFO - Calculated 16 features for 8760 periods
2025-08-04 19:24:06,480 - AresTradingSystem.System.UnifiedRegimeClassifier - INFO - ✅ Basic ensemble trained - Train: 1.000, Test: 0.975
2025-08-04 19:24:06,480 - AresTradingSystem.System.UnifiedRegimeClassifier - INFO - 🎯 Step 3: Training advanced regime classifier...
2025-08-04 19:24:06,493 - AresTradingSystem.System.UnifiedRegimeClassifier - INFO - Calculated 16 features for 8760 periods
2025-08-04 19:24:07,918 - AresTradingSystem.System.UnifiedRegimeClassifier - INFO - ✅ Advanced classifier trained - Train: 1.000, Test: 0.998
2025-08-04 19:24:07,920 - AresTradingSystem.System.UnifiedRegimeClassifier - INFO - 🚀 Training complete unified regime classification system...
2025-08-04 19:24:07,920 - AresTradingSystem.System.UnifiedRegimeClassifier - INFO - 🎯 Step 1: Training HMM-based labeler...
2025-08-04 19:24:07,933 - AresTradingSystem.System.UnifiedRegimeClassifier - INFO - Calculated 16 features for 8760 periods
2025-08-04 19:24:08,978 - AresTradingSystem.System.UnifiedRegimeClassifier - INFO - State 0: BULL (mean_return=0.0130, mean_vol=0.0198)
2025-08-04 19:24:08,979 - AresTradingSystem.System.UnifiedRegimeClassifier - INFO - State 1: BULL (mean_return=0.0001, mean_vol=0.0102)
2025-08-04 19:24:08,979 - AresTradingSystem.System.UnifiedRegimeClassifier - INFO - State 2: BEAR (mean_return=-0.0187, mean_vol=0.0198)
2025-08-04 19:24:08,980 - AresTradingSystem.System.UnifiedRegimeClassifier - INFO - State 3: BULL (mean_return=0.0298, mean_vol=0.0127)
2025-08-04 19:24:08,980 - AresTradingSystem.System.UnifiedRegimeClassifier - INFO - ✅ HMM labeler trained successfully
2025-08-04 19:24:08,980 - AresTradingSystem.System.UnifiedRegimeClassifier - INFO - 🎯 Step 2: Training basic regime ensemble...
2025-08-04 19:24:08,993 - AresTradingSystem.System.UnifiedRegimeClassifier - INFO - Calculated 16 features for 8760 periods
2025-08-04 19:24:26,439 - AresTradingSystem.System.UnifiedRegimeClassifier - INFO - ✅ Basic ensemble trained - Train: 1.000, Test: 0.975
2025-08-04 19:24:26,440 - AresTradingSystem.System.UnifiedRegimeClassifier - INFO - 🎯 Step 3: Training advanced regime classifier...
2025-08-04 19:24:26,462 - AresTradingSystem.System.UnifiedRegimeClassifier - INFO - Calculated 16 features for 8760 periods
2025-08-04 19:24:28,627 - AresTradingSystem.System.UnifiedRegimeClassifier - INFO - ✅ Advanced classifier trained - Train: 1.000, Test: 0.998
2025-08-04 19:24:28,629 - AresTradingSystem.System.UnifiedRegimeClassifier - INFO - HMM model saved to checkpoints/analyst_models/unified_hmm_model_1h.joblib
2025-08-04 19:24:28,659 - AresTradingSystem.System.UnifiedRegimeClassifier - INFO - Basic ensemble saved to checkpoints/analyst_models/unified_ensemble_model_1h.joblib
2025-08-04 19:24:28,662 - AresTradingSystem.System.UnifiedRegimeClassifier - INFO - Advanced classifier saved to checkpoints/analyst_models/unified_advanced_model_1h.joblib
2025-08-04 19:24:28,662 - AresTradingSystem.System.UnifiedRegimeClassifier - INFO - ✅ Complete unified regime classification system trained successfully
2025-08-04 19:24:28,671 - AresTradingSystem.System.UnifiedRegimeClassifier - INFO - Calculated 16 features for 100 periods
2025-08-04 19:24:28,685 - AresTradingSystem.System.UnifiedRegimeClassifier - INFO - HMM model saved to checkpoints/analyst_models/unified_hmm_model_1h.joblib
2025-08-04 19:24:28,716 - AresTradingSystem.System.UnifiedRegimeClassifier - INFO - Basic ensemble saved to checkpoints/analyst_models/unified_ensemble_model_1h.joblib
2025-08-04 19:24:28,719 - AresTradingSystem.System.UnifiedRegimeClassifier - INFO - Advanced classifier saved to checkpoints/analyst_models/unified_advanced_model_1h.joblib
2025-08-04 19:24:28,720 - AresTradingSystem.System.UnifiedRegimeClassifier - INFO - HMM model loaded successfully
2025-08-04 19:24:28,784 - AresTradingSystem.System.UnifiedRegimeClassifier - INFO - Basic ensemble loaded successfully
2025-08-04 19:24:28,786 - AresTradingSystem.System.UnifiedRegimeClassifier - INFO - Advanced classifier loaded successfully
2025-08-04 19:24:28,786 - AresTradingSystem.System.UnifiedRegimeClassifier - INFO - All models loaded successfully
2025-08-04 19:24:28,796 - AresTradingSystem.System.UnifiedRegimeClassifier - INFO - Calculated 16 features for 100 periods
