2025-08-07 19:52:37,403 - AresGlobal - INFO - ================================================================================
2025-08-07 19:52:37,403 - AresGlobal - INFO - 📊 SESSION SUMMARY
2025-08-07 19:52:37,403 - AresGlobal - INFO - Session started: 2025-08-07 19:52:37
2025-08-07 19:52:37,403 - AresGlobal - INFO - Global log file: ares_global_20250807_195237.log
2025-08-07 19:52:37,403 - AresGlobal - INFO - This file contains ALL logs for this session
2025-08-07 19:52:37,403 - AresGlobal - INFO - ================================================================================
2025-08-07 19:52:37,403 - AresGlobal - INFO - [SYSTEM] ================================================================================
2025-08-07 19:52:37,403 - AresGlobal - INFO - [SYSTEM] 🚀 ARES LAUNCHER STARTED - Mode: INITIALIZATION
2025-08-07 19:52:37,404 - AresGlobal - INFO - [SYSTEM] Start time: 2025-08-07 19:52:37
2025-08-07 19:52:37,404 - AresGlobal - INFO - [SYSTEM] Log directory: log
2025-08-07 19:52:37,404 - AresGlobal - INFO - [SYSTEM] ================================================================================
2025-08-07 19:52:37,404 - AresGlobal.AresLauncher - INFO - ================================================================================
2025-08-07 19:52:37,404 - AresGlobal.AresLauncher - INFO - 🚀 ARES COMPREHENSIVE LAUNCHER
2025-08-07 19:52:37,404 - AresGlobal.AresLauncher - INFO - ================================================================================
2025-08-07 19:52:37,404 - AresGlobal.AresLauncher - INFO - Start time: 2025-08-07 19:52:37
2025-08-07 19:52:37,404 - AresGlobal.AresLauncher - INFO - Log directory: log
2025-08-07 19:52:37,404 - AresGlobal.AresLauncher - INFO - Log level: INFO
2025-08-07 19:52:37,404 - AresGlobal.AresLauncher - INFO - Global log file: ares_global_20250807_195237.log
2025-08-07 19:52:37,404 - AresGlobal.AresLauncher - INFO - ================================================================================
2025-08-07 19:52:37,404 - AresGlobal - INFO - [SYSTEM] ================================================================================
2025-08-07 19:52:37,404 - AresGlobal - INFO - [SYSTEM] 🚀 ARES LAUNCHER STARTED - Mode: blank - Symbol: ETHUSDT - Exchange: BINANCE
2025-08-07 19:52:37,404 - AresGlobal - INFO - [SYSTEM] Start time: 2025-08-07 19:52:37
2025-08-07 19:52:37,405 - AresGlobal - INFO - [SYSTEM] Log directory: log
2025-08-07 19:52:37,405 - AresGlobal - INFO - [SYSTEM] ================================================================================
2025-08-07 19:52:37,405 - AresGlobal.AresLauncher - INFO - 🚀 Running step-based training for ETHUSDT on BINANCE
2025-08-07 19:52:37,405 - AresGlobal.AresLauncher - INFO - Starting from step: step2_market_regime_classification
2025-08-07 19:52:37,405 - AresGlobal.ProgressManager - INFO - Initialized ProgressManager for ETHUSDT on BINANCE
2025-08-07 19:52:37,405 - AresGlobal.ProgressManager - INFO - Progress directory: data/training/progress/BINANCE_ETHUSDT
2025-08-07 19:52:37,405 - AresGlobal.StepOrchestrator - INFO - Initialized StepOrchestrator for ETHUSDT on BINANCE
2025-08-07 19:52:37,405 - AresGlobal.AresLauncher - INFO - 📁 Using pre-consolidated data for step2
2025-08-07 19:52:37,406 - AresGlobal.AresLauncher - INFO - ✅ Found consolidated data: data_cache/aggtrades_BINANCE_ETHUSDT_consolidated.parquet
2025-08-07 19:52:37,406 - AresGlobal.StepOrchestrator - INFO - 🚀 Starting execution from step: step2_market_regime_classification
2025-08-07 19:52:37,406 - AresGlobal.StepOrchestrator - INFO - 🔄 Executing step step2_market_regime_classification (1/15)
2025-08-07 19:52:37,406 - AresGlobal.StepOrchestrator - INFO - 🚀 Executing step: step2_market_regime_classification
2025-08-07 19:52:37,406 - AresGlobal.StepOrchestrator - INFO - ⏭️  Step step2_market_regime_classification already completed, skipping
2025-08-07 19:52:37,406 - AresGlobal.StepOrchestrator - INFO - 🔄 Executing step step3_regime_data_splitting (2/15)
2025-08-07 19:52:37,406 - AresGlobal.StepOrchestrator - INFO - 🚀 Executing step: step3_regime_data_splitting
2025-08-07 19:52:37,406 - AresGlobal.StepOrchestrator - INFO - ⏭️  Step step3_regime_data_splitting already completed, skipping
2025-08-07 19:52:37,406 - AresGlobal.StepOrchestrator - INFO - 🔄 Executing step step4_analyst_labeling_feature_engineering (3/15)
2025-08-07 19:52:37,406 - AresGlobal.StepOrchestrator - INFO - 🚀 Executing step: step4_analyst_labeling_feature_engineering
2025-08-07 19:52:37,406 - AresGlobal.StepOrchestrator - INFO - ⏭️  Step step4_analyst_labeling_feature_engineering already completed, skipping
2025-08-07 19:52:37,406 - AresGlobal.StepOrchestrator - INFO - 🔄 Executing step step5_analyst_specialist_training (4/15)
2025-08-07 19:52:37,406 - AresGlobal.StepOrchestrator - INFO - 🚀 Executing step: step5_analyst_specialist_training
2025-08-07 19:52:37,406 - AresGlobal.StepOrchestrator - INFO - ⏭️  Step step5_analyst_specialist_training already completed, skipping
2025-08-07 19:52:37,406 - AresGlobal.StepOrchestrator - INFO - 🔄 Executing step step6_analyst_enhancement (5/15)
2025-08-07 19:52:37,406 - AresGlobal.StepOrchestrator - INFO - 🚀 Executing step: step6_analyst_enhancement
2025-08-07 19:52:39,219 - AresGlobal.StepOrchestrator - ERROR - ❌ Failed to import step module step6_analyst_enhancement: No module named 'transformers'
2025-08-07 19:52:39,219 - AresGlobal.StepOrchestrator - ERROR - ❌ Could not load step class for step6_analyst_enhancement
2025-08-07 19:52:39,219 - AresGlobal.StepOrchestrator - ERROR - ❌ Pipeline failed at step: step6_analyst_enhancement
2025-08-07 19:52:39,219 - AresGlobal.AresLauncher - ERROR - ❌ Step-based training failed
2025-08-07 19:52:39,219 - AresGlobal - INFO - [SYSTEM] ================================================================================
2025-08-07 19:52:39,219 - AresGlobal - INFO - [SYSTEM] 🛑 ARES LAUNCHER ENDED - Exit code: 1
2025-08-07 19:52:39,219 - AresGlobal - INFO - [SYSTEM] End time: 2025-08-07 19:52:39
2025-08-07 19:52:39,220 - AresGlobal - INFO - [SYSTEM] ================================================================================
2025-08-07 19:52:39,220 - AresGlobal.AresLauncher - INFO - 🧹 Cleaning up processes...
2025-08-07 19:52:39,220 - AresGlobal.AresLauncher - INFO - ✅ Cleanup completed
