{"asctime": "2025-08-10 09:43:24,012", "levelname": "INFO", "name": "AresGlobal", "message": "================================================================================", "correlation_id": "-", "session_id": "-", "timestamp": "2025-08-10T07:43:24.012684+00:00"}
{"asctime": "2025-08-10 09:43:24,012", "levelname": "INFO", "name": "AresGlobal", "message": "📊 SESSION SUMMARY", "correlation_id": "-", "session_id": "-", "timestamp": "2025-08-10T07:43:24.012766+00:00"}
{"asctime": "2025-08-10 09:43:24,012", "levelname": "INFO", "name": "AresGlobal", "message": "Session started: 2025-08-10 09:43:24", "correlation_id": "-", "session_id": "-", "timestamp": "2025-08-10T07:43:24.012838+00:00"}
{"asctime": "2025-08-10 09:43:24,012", "levelname": "INFO", "name": "AresGlobal", "message": "This file contains ALL logs for this session", "correlation_id": "-", "session_id": "-", "timestamp": "2025-08-10T07:43:24.012898+00:00"}
{"asctime": "2025-08-10 09:43:24,012", "levelname": "INFO", "name": "AresGlobal", "message": "================================================================================", "correlation_id": "-", "session_id": "-", "timestamp": "2025-08-10T07:43:24.012954+00:00"}
{"asctime": "2025-08-10 09:43:24,013", "levelname": "INFO", "name": "AresGlobal", "message": "Applied NumPy RNG unpickle compatibility shim (ModelManager)", "correlation_id": "-", "session_id": "-", "timestamp": "2025-08-10T07:43:24.013559+00:00"}
{"asctime": "2025-08-10 09:43:24,013", "levelname": "INFO", "name": "AresGlobal", "message": "[SYSTEM] ================================================================================", "correlation_id": "-", "session_id": "-", "timestamp": "2025-08-10T07:43:24.013701+00:00"}
{"asctime": "2025-08-10 09:43:24,013", "levelname": "INFO", "name": "AresGlobal", "message": "[SYSTEM] 🚀 ARES LAUNCHER STARTED - Mode: INITIALIZATION", "correlation_id": "-", "session_id": "-", "timestamp": "2025-08-10T07:43:24.013822+00:00"}
{"asctime": "2025-08-10 09:43:24,013", "levelname": "INFO", "name": "AresGlobal", "message": "[SYSTEM] Start time: 2025-08-10 09:43:24", "correlation_id": "-", "session_id": "-", "timestamp": "2025-08-10T07:43:24.013942+00:00"}
{"asctime": "2025-08-10 09:43:24,014", "levelname": "INFO", "name": "AresGlobal", "message": "[SYSTEM] Log directory: log", "correlation_id": "-", "session_id": "-", "timestamp": "2025-08-10T07:43:24.014046+00:00"}
{"asctime": "2025-08-10 09:43:24,014", "levelname": "INFO", "name": "AresGlobal", "message": "[SYSTEM] ================================================================================", "correlation_id": "-", "session_id": "-", "timestamp": "2025-08-10T07:43:24.014148+00:00"}
{"asctime": "2025-08-10 09:43:24,014", "levelname": "INFO", "name": "AresGlobal.AresLauncher", "message": "================================================================================", "correlation_id": "-", "session_id": "-", "timestamp": "2025-08-10T07:43:24.014200+00:00"}
{"asctime": "2025-08-10 09:43:24,014", "levelname": "INFO", "name": "AresGlobal.AresLauncher", "message": "🚀 ARES COMPREHENSIVE LAUNCHER", "correlation_id": "-", "session_id": "-", "timestamp": "2025-08-10T07:43:24.014252+00:00"}
{"asctime": "2025-08-10 09:43:24,014", "levelname": "INFO", "name": "AresGlobal.AresLauncher", "message": "================================================================================", "correlation_id": "-", "session_id": "-", "timestamp": "2025-08-10T07:43:24.014308+00:00"}
{"asctime": "2025-08-10 09:43:24,014", "levelname": "INFO", "name": "AresGlobal.AresLauncher", "message": "Start time: 2025-08-10 09:43:24", "correlation_id": "-", "session_id": "-", "timestamp": "2025-08-10T07:43:24.014363+00:00"}
{"asctime": "2025-08-10 09:43:24,014", "levelname": "INFO", "name": "AresGlobal.AresLauncher", "message": "Log directory: log", "correlation_id": "-", "session_id": "-", "timestamp": "2025-08-10T07:43:24.014414+00:00"}
{"asctime": "2025-08-10 09:43:24,014", "levelname": "INFO", "name": "AresGlobal.AresLauncher", "message": "Log level: INFO", "correlation_id": "-", "session_id": "-", "timestamp": "2025-08-10T07:43:24.014464+00:00"}
{"asctime": "2025-08-10 09:43:24,014", "levelname": "INFO", "name": "AresGlobal.AresLauncher", "message": "Global log file: ares_global_20250810_094324.log", "correlation_id": "-", "session_id": "-", "timestamp": "2025-08-10T07:43:24.014526+00:00"}
{"asctime": "2025-08-10 09:43:24,014", "levelname": "INFO", "name": "AresGlobal.AresLauncher", "message": "================================================================================", "correlation_id": "-", "session_id": "-", "timestamp": "2025-08-10T07:43:24.014578+00:00"}
{"asctime": "2025-08-10 09:43:24,014", "levelname": "INFO", "name": "AresGlobal", "message": "[SYSTEM] ================================================================================", "correlation_id": "31132e5e-7345-4351-9d1b-18e066efd83e", "session_id": "55ef2152-4304-4118-ad1c-fef7fb04e962", "timestamp": "2025-08-10T07:43:24.014767+00:00"}
{"asctime": "2025-08-10 09:43:24,014", "levelname": "INFO", "name": "AresGlobal", "message": "[SYSTEM] 🚀 ARES LAUNCHER STARTED - Mode: blank - Symbol: ETHUSDT - Exchange: BINANCE", "correlation_id": "31132e5e-7345-4351-9d1b-18e066efd83e", "session_id": "55ef2152-4304-4118-ad1c-fef7fb04e962", "timestamp": "2025-08-10T07:43:24.014876+00:00"}
{"asctime": "2025-08-10 09:43:24,014", "levelname": "INFO", "name": "AresGlobal", "message": "[SYSTEM] Start time: 2025-08-10 09:43:24", "correlation_id": "31132e5e-7345-4351-9d1b-18e066efd83e", "session_id": "55ef2152-4304-4118-ad1c-fef7fb04e962", "timestamp": "2025-08-10T07:43:24.014987+00:00"}
{"asctime": "2025-08-10 09:43:24,015", "levelname": "INFO", "name": "AresGlobal", "message": "[SYSTEM] Log directory: log", "correlation_id": "31132e5e-7345-4351-9d1b-18e066efd83e", "session_id": "55ef2152-4304-4118-ad1c-fef7fb04e962", "timestamp": "2025-08-10T07:43:24.015086+00:00"}
{"asctime": "2025-08-10 09:43:24,015", "levelname": "INFO", "name": "AresGlobal", "message": "[SYSTEM] ================================================================================", "correlation_id": "31132e5e-7345-4351-9d1b-18e066efd83e", "session_id": "55ef2152-4304-4118-ad1c-fef7fb04e962", "timestamp": "2025-08-10T07:43:24.015183+00:00"}
{"asctime": "2025-08-10 09:43:24,015", "levelname": "INFO", "name": "AresGlobal.AresLauncher", "message": "🚀 Running enhanced 16-step training pipeline for ETHUSDT on BINANCE", "correlation_id": "31132e5e-7345-4351-9d1b-18e066efd83e", "session_id": "55ef2152-4304-4118-ad1c-fef7fb04e962", "timestamp": "2025-08-10T07:43:24.015255+00:00"}
{"asctime": "2025-08-10 09:43:24,015", "levelname": "INFO", "name": "AresGlobal.AresLauncher", "message": "Starting from step: step2_market_regime_classification", "correlation_id": "31132e5e-7345-4351-9d1b-18e066efd83e", "session_id": "55ef2152-4304-4118-ad1c-fef7fb04e962", "timestamp": "2025-08-10T07:43:24.015311+00:00"}
{"asctime": "2025-08-10 09:43:24,015", "levelname": "INFO", "name": "AresGlobal.AresLauncher", "message": "🧪 BLANK TRAINING MODE: Set BLANK_TRAINING_MODE=1 for step-based training", "correlation_id": "31132e5e-7345-4351-9d1b-18e066efd83e", "session_id": "55ef2152-4304-4118-ad1c-fef7fb04e962", "timestamp": "2025-08-10T07:43:24.015365+00:00"}
{"asctime": "2025-08-10 09:43:24,016", "levelname": "INFO", "name": "AresGlobal.AresLauncher", "message": "📁 Using pre-consolidated data for step2", "correlation_id": "31132e5e-7345-4351-9d1b-18e066efd83e", "session_id": "55ef2152-4304-4118-ad1c-fef7fb04e962", "timestamp": "2025-08-10T07:43:24.016700+00:00"}
{"asctime": "2025-08-10 09:43:24,016", "levelname": "INFO", "name": "AresGlobal.AresLauncher", "message": "✅ Found consolidated data: data_cache/aggtrades_BINANCE_ETHUSDT_consolidated.parquet", "correlation_id": "31132e5e-7345-4351-9d1b-18e066efd83e", "session_id": "55ef2152-4304-4118-ad1c-fef7fb04e962", "timestamp": "2025-08-10T07:43:24.016784+00:00"}
{"asctime": "2025-08-10 09:43:24,927", "levelname": "INFO", "name": "AresGlobal.AresLauncher", "message": "📊 Consolidated trade rows: 17744326", "correlation_id": "31132e5e-7345-4351-9d1b-18e066efd83e", "session_id": "55ef2152-4304-4118-ad1c-fef7fb04e962", "timestamp": "2025-08-10T07:43:24.927337+00:00"}
{"asctime": "2025-08-10 09:43:24,929", "levelname": "INFO", "name": "AresGlobal.ProgressManager", "message": "Initialized ProgressManager for ETHUSDT on BINANCE", "correlation_id": "31132e5e-7345-4351-9d1b-18e066efd83e", "session_id": "55ef2152-4304-4118-ad1c-fef7fb04e962", "timestamp": "2025-08-10T07:43:24.929417+00:00"}
{"asctime": "2025-08-10 09:43:24,929", "levelname": "INFO", "name": "AresGlobal.ProgressManager", "message": "Progress directory: data/training/progress/BINANCE_ETHUSDT", "correlation_id": "31132e5e-7345-4351-9d1b-18e066efd83e", "session_id": "55ef2152-4304-4118-ad1c-fef7fb04e962", "timestamp": "2025-08-10T07:43:24.929504+00:00"}
{"asctime": "2025-08-10 09:43:24,929", "levelname": "INFO", "name": "AresGlobal.StepOrchestrator", "message": "Initialized StepOrchestrator for ETHUSDT on BINANCE", "correlation_id": "31132e5e-7345-4351-9d1b-18e066efd83e", "session_id": "55ef2152-4304-4118-ad1c-fef7fb04e962", "timestamp": "2025-08-10T07:43:24.929570+00:00"}
{"asctime": "2025-08-10 09:43:24,929", "levelname": "INFO", "name": "AresGlobal.StepOrchestrator", "message": "🚀 Starting execution from step: step2_market_regime_classification", "correlation_id": "31132e5e-7345-4351-9d1b-18e066efd83e", "session_id": "55ef2152-4304-4118-ad1c-fef7fb04e962", "timestamp": "2025-08-10T07:43:24.929741+00:00"}
{"asctime": "2025-08-10 09:43:26,691", "levelname": "INFO", "name": "AresGlobal.EnhancedTrainingManagerOptimized", "message": "Loaded optimization configuration", "correlation_id": "31132e5e-7345-4351-9d1b-18e066efd83e", "session_id": "55ef2152-4304-4118-ad1c-fef7fb04e962", "timestamp": "2025-08-10T07:43:26.691600+00:00"}
{"asctime": "2025-08-10 09:43:26,694", "levelname": "INFO", "name": "AresGlobal.StepOrchestrator", "message": "✅ Enhanced training manager setup successfully", "correlation_id": "31132e5e-7345-4351-9d1b-18e066efd83e", "session_id": "55ef2152-4304-4118-ad1c-fef7fb04e962", "timestamp": "2025-08-10T07:43:26.694481+00:00"}
{"asctime": "2025-08-10 09:43:26,695", "levelname": "INFO", "name": "AresGlobal.EnhancedTrainingManagerOptimized", "message": "🚀 Initializing Enhanced Training Manager with Optimizations...", "correlation_id": "31132e5e-7345-4351-9d1b-18e066efd83e", "session_id": "55ef2152-4304-4118-ad1c-fef7fb04e962", "timestamp": "2025-08-10T07:43:26.695280+00:00"}
{"asctime": "2025-08-10 09:43:26,705", "levelname": "INFO", "name": "AresGlobal.EnhancedTrainingManagerOptimized", "message": "✅ Parallel backtester initialized with 8 workers", "correlation_id": "31132e5e-7345-4351-9d1b-18e066efd83e", "session_id": "55ef2152-4304-4118-ad1c-fef7fb04e962", "timestamp": "2025-08-10T07:43:26.705733+00:00"}
{"asctime": "2025-08-10 09:43:26,706", "levelname": "INFO", "name": "AresGlobal.EnhancedTrainingManagerOptimized", "message": "✅ All optimization components initialized successfully", "correlation_id": "31132e5e-7345-4351-9d1b-18e066efd83e", "session_id": "55ef2152-4304-4118-ad1c-fef7fb04e962", "timestamp": "2025-08-10T07:43:26.706261+00:00"}
