{"asctime": "2025-08-12 20:53:27,739", "levelname": "INFO", "name": "AresTradingSystem", "message": "✅ Enhanced Logger initialization completed successfully", "correlation_id": "-", "session_id": "-", "timestamp": "2025-08-12T18:53:27.739580+00:00"}
{"asctime": "2025-08-12 20:53:27,744", "levelname": "INFO", "name": "AresTradingSystem.System.AutoencoderConfig", "message": "📋 Configuration loaded successfully from src/analyst/autoencoder_config.yaml", "correlation_id": "-", "session_id": "-", "timestamp": "2025-08-12T18:53:27.745000+00:00"}
{"asctime": "2025-08-12 20:53:27,745", "levelname": "INFO", "name": "AresTradingSystem.System.AutoencoderConfig", "message": "📊 Configuration sections: ['preprocessing', 'sequence', 'autoencoder', 'training', 'feature_filtering', 'feature_analysis', 'output', 'feature_interactions']", "correlation_id": "-", "session_id": "-", "timestamp": "2025-08-12T18:53:27.745125+00:00"}
{"asctime": "2025-08-12 21:05:58,338", "levelname": "INFO", "name": "AresTradingSystem.System.UnifiedDataManager", "message": "🔄 Creating unified database with time-based splits...", "correlation_id": "-", "session_id": "-", "timestamp": "2025-08-12T19:05:58.338667+00:00"}
{"asctime": "2025-08-12 21:05:58,339", "levelname": "INFO", "name": "AresTradingSystem.System.UnifiedDataManager", "message": "📅 Applying lookback filter: 180 days", "correlation_id": "-", "session_id": "-", "timestamp": "2025-08-12T19:05:58.339352+00:00"}
{"asctime": "2025-08-12 21:05:58,354", "levelname": "INFO", "name": "AresTradingSystem.System.UnifiedDataManager", "message": "📊 Data filtered from 249731 to 249731 samples (from 2025-02-10 to 2025-08-09)", "correlation_id": "-", "session_id": "-", "timestamp": "2025-08-12T19:05:58.354767+00:00"}
{"asctime": "2025-08-12 21:05:58,367", "levelname": "INFO", "name": "AresTradingSystem.System.UnifiedDataManager", "message": "📅 Train period: 2025-02-13 20:54:00 to 2025-07-05 08:04:00", "correlation_id": "-", "session_id": "-", "timestamp": "2025-08-12T19:05:58.367724+00:00"}
{"asctime": "2025-08-12 21:05:58,367", "levelname": "INFO", "name": "AresTradingSystem.System.UnifiedDataManager", "message": "📅 Validation period: 2025-07-05 08:05:00 to 2025-07-23 06:08:00", "correlation_id": "-", "session_id": "-", "timestamp": "2025-08-12T19:05:58.367920+00:00"}
{"asctime": "2025-08-12 21:05:58,368", "levelname": "INFO", "name": "AresTradingSystem.System.UnifiedDataManager", "message": "📅 Test period: 2025-07-23 06:09:00 to 2025-08-09 17:47:00", "correlation_id": "-", "session_id": "-", "timestamp": "2025-08-12T19:05:58.368043+00:00"}
{"asctime": "2025-08-12 21:05:58,368", "levelname": "INFO", "name": "AresTradingSystem.System.UnifiedDataManager", "message": "📊 Time-based splits created (post-augmentation if applied):\n  • Training: 199784 samples (80.0%)\n  • Validation: 24973 samples (10.0%)\n  • Test: 24974 samples (10.0%)", "correlation_id": "-", "session_id": "-", "timestamp": "2025-08-12T19:05:58.368147+00:00"}
{"asctime": "2025-08-12 21:05:58,418", "levelname": "INFO", "name": "AresTradingSystem.System.UnifiedDataManager", "message": "💾 Unified database saved to data/training/unified_database/BINANCE_ETHUSDT_unified_dataset.pkl", "correlation_id": "-", "session_id": "-", "timestamp": "2025-08-12T19:05:58.418951+00:00"}
{"asctime": "2025-08-12 21:05:58,419", "levelname": "INFO", "name": "AresTradingSystem.System.UnifiedDataManager", "message": "📋 Metadata saved to data/training/unified_database/BINANCE_ETHUSDT_dataset_metadata.json", "correlation_id": "-", "session_id": "-", "timestamp": "2025-08-12T19:05:58.419157+00:00"}
{"asctime": "2025-08-12 21:05:58,660", "levelname": "INFO", "name": "AresTradingSystem.System.UnifiedDataManager", "message": "💾 Data splits saved (Parquet):", "correlation_id": "-", "session_id": "-", "timestamp": "2025-08-12T19:05:58.660975+00:00"}
{"asctime": "2025-08-12 21:05:58,661", "levelname": "INFO", "name": "AresTradingSystem.System.UnifiedDataManager", "message": "  • Training: data/training/BINANCE_ETHUSDT_train_data.parquet", "correlation_id": "-", "session_id": "-", "timestamp": "2025-08-12T19:05:58.661172+00:00"}
{"asctime": "2025-08-12 21:05:58,661", "levelname": "INFO", "name": "AresTradingSystem.System.UnifiedDataManager", "message": "  • Validation: data/training/BINANCE_ETHUSDT_validation_data.parquet", "correlation_id": "-", "session_id": "-", "timestamp": "2025-08-12T19:05:58.661270+00:00"}
{"asctime": "2025-08-12 21:05:58,661", "levelname": "INFO", "name": "AresTradingSystem.System.UnifiedDataManager", "message": "  • Test: data/training/BINANCE_ETHUSDT_test_data.parquet", "correlation_id": "-", "session_id": "-", "timestamp": "2025-08-12T19:05:58.661345+00:00"}
{"asctime": "2025-08-12 21:05:58,661", "levelname": "INFO", "name": "AresTradingSystem.System.UnifiedDataManager", "message": "✅ Unified database created successfully", "correlation_id": "-", "session_id": "-", "timestamp": "2025-08-12T19:05:58.661419+00:00"}
{"asctime": "2025-08-12 21:05:59,541", "levelname": "INFO", "name": "AresTradingSystem.System", "message": "Initializing Analyst Specialist Training Step...", "correlation_id": "-", "session_id": "-", "timestamp": "2025-08-12T19:05:59.541986+00:00"}
{"asctime": "2025-08-12 21:05:59,542", "levelname": "INFO", "name": "AresTradingSystem.System", "message": "Analyst Specialist Training Step initialized successfully", "correlation_id": "-", "session_id": "-", "timestamp": "2025-08-12T19:05:59.542211+00:00"}
{"asctime": "2025-08-12 21:05:59,542", "levelname": "INFO", "name": "AresTradingSystem.System", "message": "🔄 Executing Analyst Specialist Training...", "correlation_id": "-", "session_id": "-", "timestamp": "2025-08-12T19:05:59.542332+00:00"}
{"asctime": "2025-08-12 21:05:59,542", "levelname": "INFO", "name": "AresTradingSystem.System", "message": "Step5: expecting feature files: ['data/training/BINANCE_ETHUSDT_features_train.pkl', 'data/training/BINANCE_ETHUSDT_features_validation.pkl', 'data/training/BINANCE_ETHUSDT_features_test.pkl']", "correlation_id": "-", "session_id": "-", "timestamp": "2025-08-12T19:05:59.542452+00:00"}
{"asctime": "2025-08-12 21:05:59,548", "levelname": "INFO", "name": "AresTradingSystem.System", "message": "Loaded features file data/training/BINANCE_ETHUSDT_features_train.pkl: type=DataFrame, shape=(199784, 21)", "correlation_id": "-", "session_id": "-", "timestamp": "2025-08-12T19:05:59.548587+00:00"}
{"asctime": "2025-08-12 21:05:59,549", "levelname": "INFO", "name": "AresTradingSystem.System", "message": "Loaded features file data/training/BINANCE_ETHUSDT_features_validation.pkl: type=DataFrame, shape=(24973, 21)", "correlation_id": "-", "session_id": "-", "timestamp": "2025-08-12T19:05:59.549977+00:00"}
{"asctime": "2025-08-12 21:05:59,551", "levelname": "INFO", "name": "AresTradingSystem.System", "message": "Loaded features file data/training/BINANCE_ETHUSDT_features_test.pkl: type=DataFrame, shape=(24974, 21)", "correlation_id": "-", "session_id": "-", "timestamp": "2025-08-12T19:05:59.551694+00:00"}
{"asctime": "2025-08-12 21:05:59,556", "levelname": "INFO", "name": "AresTradingSystem.System", "message": "✅ Loaded combined feature data: (249731, 21)", "correlation_id": "-", "session_id": "-", "timestamp": "2025-08-12T19:05:59.556248+00:00"}
{"asctime": "2025-08-12 21:05:59,556", "levelname": "INFO", "name": "AresTradingSystem.System", "message": "Training specialist models for regime: combined", "correlation_id": "-", "session_id": "-", "timestamp": "2025-08-12T19:05:59.556420+00:00"}
{"asctime": "2025-08-12 21:05:59,662", "levelname": "INFO", "name": "AresTradingSystem.System", "message": "Training specialist models for regime: combined", "correlation_id": "-", "session_id": "-", "timestamp": "2025-08-12T19:05:59.662835+00:00"}
{"asctime": "2025-08-12 21:05:59,687", "levelname": "INFO", "name": "AresTradingSystem.System", "message": "📊 Training data shape: (249731, 20)", "correlation_id": "-", "session_id": "-", "timestamp": "2025-08-12T19:05:59.687528+00:00"}
{"asctime": "2025-08-12 21:05:59,687", "levelname": "INFO", "name": "AresTradingSystem.System", "message": "📊 Feature count: 20", "correlation_id": "-", "session_id": "-", "timestamp": "2025-08-12T19:05:59.687723+00:00"}
{"asctime": "2025-08-12 21:05:59,687", "levelname": "INFO", "name": "AresTradingSystem.System", "message": "📋 Feature names: ['distance_to_pivot_resistance_r2', 'returns_volatility_20', 'sma50_distance', 'vwap_distance_20', 'distance_to_pivot_support_s2', 'choppiness_index_14', 'distance_to_pivot_support_s1', 'returns_volume_correlation_20', 'volume_returns_volatility_20', 'dist_to_resistance_pct', 'bullish_engulf_strength_z', 'bearish_engulf_strength_z', 'gk_vol_returns', 'dist_to_support_pct', 'is_at_resistance', 'is_at_support', '30m_STRONG_TREND_CONTINUATION', 'funding_rate_returns', 'weekly_prev_close', 'sr_zone_position']", "correlation_id": "-", "session_id": "-", "timestamp": "2025-08-12T19:05:59.687811+00:00"}
{"asctime": "2025-08-12 21:05:59,688", "levelname": "INFO", "name": "AresTradingSystem.System", "message": "📊 Class distribution: {-1: 163299, 1: 86432}", "correlation_id": "-", "session_id": "-", "timestamp": "2025-08-12T19:05:59.688704+00:00"}
{"asctime": "2025-08-12 21:05:59,690", "levelname": "INFO", "name": "AresTradingSystem.System", "message": "📊 Class ratios: -1=65.39%, 1=34.61% (counts: -1=163299, 1=86432, total=249731)", "correlation_id": "-", "session_id": "-", "timestamp": "2025-08-12T19:05:59.690374+00:00"}
{"asctime": "2025-08-12 21:05:59,690", "levelname": "INFO", "name": "AresTradingSystem.System", "message": "🔢 Feature dtypes: {dtype('float64'): 17, dtype('int64'): 3}", "correlation_id": "-", "session_id": "-", "timestamp": "2025-08-12T19:05:59.690611+00:00"}
{"asctime": "2025-08-12 21:05:59,693", "levelname": "INFO", "name": "AresTradingSystem.System", "message": "🧪 No NaNs detected in feature matrix", "correlation_id": "-", "session_id": "-", "timestamp": "2025-08-12T19:05:59.693115+00:00"}
{"asctime": "2025-08-12 21:05:59,764", "levelname": "INFO", "name": "AresTradingSystem.System", "message": "🧠 Feature matrix memory: 39.96 MB", "correlation_id": "-", "session_id": "-", "timestamp": "2025-08-12T19:05:59.764307+00:00"}
{"asctime": "2025-08-12 21:05:59,764", "levelname": "INFO", "name": "AresTradingSystem.System", "message": "🧾 Feature columns (first 15): ['distance_to_pivot_resistance_r2', 'returns_volatility_20', 'sma50_distance', 'vwap_distance_20', 'distance_to_pivot_support_s2', 'choppiness_index_14', 'distance_to_pivot_support_s1', 'returns_volume_correlation_20', 'volume_returns_volatility_20', 'dist_to_resistance_pct', 'bullish_engulf_strength_z', 'bearish_engulf_strength_z', 'gk_vol_returns', 'dist_to_support_pct', 'is_at_resistance']", "correlation_id": "-", "session_id": "-", "timestamp": "2025-08-12T19:05:59.764519+00:00"}
{"asctime": "2025-08-12 21:05:59,764", "levelname": "INFO", "name": "AresTradingSystem.System", "message": "▶️ Step5 train_test_split start", "correlation_id": "-", "session_id": "-", "timestamp": "2025-08-12T19:05:59.764614+00:00"}
{"asctime": "2025-08-12 21:05:59,815", "levelname": "INFO", "name": "AresTradingSystem.System", "message": "✅ Step5 train_test_split done elapsed=0.1s", "correlation_id": "-", "session_id": "-", "timestamp": "2025-08-12T19:05:59.815913+00:00"}
{"asctime": "2025-08-12 21:05:59,816", "levelname": "INFO", "name": "AresTradingSystem.System", "message": "📊 Train set: (199784, 20)", "correlation_id": "-", "session_id": "-", "timestamp": "2025-08-12T19:05:59.816136+00:00"}
{"asctime": "2025-08-12 21:05:59,816", "levelname": "INFO", "name": "AresTradingSystem.System", "message": "📊 Test set: (49947, 20)", "correlation_id": "-", "session_id": "-", "timestamp": "2025-08-12T19:05:59.816213+00:00"}
{"asctime": "2025-08-12 21:05:59,818", "levelname": "INFO", "name": "AresTradingSystem.System", "message": "📊 Train class distribution: {-1: 130639, 1: 69145}", "correlation_id": "-", "session_id": "-", "timestamp": "2025-08-12T19:05:59.818698+00:00"}
{"asctime": "2025-08-12 21:05:59,819", "levelname": "INFO", "name": "AresTradingSystem.System", "message": "📊 Test class distribution: {-1: 32660, 1: 17287}", "correlation_id": "-", "session_id": "-", "timestamp": "2025-08-12T19:05:59.819397+00:00"}
{"asctime": "2025-08-12 21:05:59,820", "levelname": "INFO", "name": "AresTradingSystem.System", "message": "📊 Train class ratios: -1=65.39%, 1=34.61%", "correlation_id": "-", "session_id": "-", "timestamp": "2025-08-12T19:05:59.820181+00:00"}
{"asctime": "2025-08-12 21:05:59,820", "levelname": "INFO", "name": "AresTradingSystem.System", "message": "📊 Test class ratios: -1=65.39%, 1=34.61%", "correlation_id": "-", "session_id": "-", "timestamp": "2025-08-12T19:05:59.820317+00:00"}
{"asctime": "2025-08-12 21:05:59,824", "levelname": "INFO", "name": "AresTradingSystem.System", "message": "Step5: RandomForest training start", "correlation_id": "-", "session_id": "-", "timestamp": "2025-08-12T19:05:59.824111+00:00"}
{"asctime": "2025-08-12 21:05:59,824", "levelname": "INFO", "name": "AresTradingSystem.System", "message": "▶️ Step5 RandomForest training start", "correlation_id": "-", "session_id": "-", "timestamp": "2025-08-12T19:05:59.824302+00:00"}
{"asctime": "2025-08-12 21:06:10,795", "levelname": "INFO", "name": "AresTradingSystem.System", "message": "✅ Step5 RandomForest training done elapsed=11.0s", "correlation_id": "-", "session_id": "-", "timestamp": "2025-08-12T19:06:10.795495+00:00"}
{"asctime": "2025-08-12 21:06:10,795", "levelname": "INFO", "name": "AresTradingSystem.System", "message": "Step5: LightGBM training start", "correlation_id": "-", "session_id": "-", "timestamp": "2025-08-12T19:06:10.795823+00:00"}
{"asctime": "2025-08-12 21:06:10,795", "levelname": "INFO", "name": "AresTradingSystem.System", "message": "▶️ Step5 LightGBM training start", "correlation_id": "-", "session_id": "-", "timestamp": "2025-08-12T19:06:10.795955+00:00"}
{"asctime": "2025-08-12 21:06:19,189", "levelname": "INFO", "name": "AresTradingSystem.System", "message": "✅ Step5 LightGBM training done elapsed=8.4s", "correlation_id": "-", "session_id": "-", "timestamp": "2025-08-12T19:06:19.189576+00:00"}
{"asctime": "2025-08-12 21:06:19,190", "levelname": "INFO", "name": "AresTradingSystem.System", "message": "Step5: XGBoost training start", "correlation_id": "-", "session_id": "-", "timestamp": "2025-08-12T19:06:19.190055+00:00"}
{"asctime": "2025-08-12 21:06:19,190", "levelname": "INFO", "name": "AresTradingSystem.System", "message": "▶️ Step5 XGBoost training start", "correlation_id": "-", "session_id": "-", "timestamp": "2025-08-12T19:06:19.190213+00:00"}
{"asctime": "2025-08-12 21:06:19,190", "levelname": "ERROR", "name": "AresTradingSystem.System", "message": "\u001b[91m\u001b[1m❌\u001b[0m \u001b[91m\u001b[1mError training XGBoost for combined: No module named 'xgboost'\u001b[0m", "correlation_id": "-", "session_id": "-", "exc_info": "Traceback (most recent call last):\n  File \"/Users/remyroche/Documents/Ares/src/training/steps/step5_analyst_specialist_training.py\", line 1274, in _train_xgboost\n    import xgboost as xgb\nModuleNotFoundError: No module named 'xgboost'", "timestamp": "2025-08-12T19:06:19.190772+00:00"}
{"asctime": "2025-08-12 21:06:19,191", "levelname": "ERROR", "name": "AresTradingSystem.System", "message": "\u001b[91m\u001b[1m❌\u001b[0m \u001b[91m\u001b[1m❌ Step5 XGBoost training failed after 0.0s: No module named 'xgboost'\u001b[0m", "correlation_id": "-", "session_id": "-", "exc_info": "Traceback (most recent call last):\n  File \"/Users/remyroche/Documents/Ares/src/utils/logger.py\", line 805, in heartbeat\n    yield\n  File \"/Users/remyroche/Documents/Ares/src/training/steps/step5_analyst_specialist_training.py\", line 774, in _train_regime_models\n    xgb_model = await self._train_xgboost(\n                ^^^^^^^^^^^^^^^^^^^^^^^^^^\n  File \"/Users/remyroche/Documents/Ares/src/training/steps/step5_analyst_specialist_training.py\", line 1274, in _train_xgboost\n    import xgboost as xgb\nModuleNotFoundError: No module named 'xgboost'", "timestamp": "2025-08-12T19:06:19.191684+00:00"}
{"asctime": "2025-08-12 21:06:19,194", "levelname": "WARNING", "name": "AresTradingSystem.System", "message": "\u001b[93m\u001b[1m⚠️\u001b[0m \u001b[93m\u001b[1mXGBoost training failed: No module named 'xgboost'\u001b[0m", "correlation_id": "-", "session_id": "-", "timestamp": "2025-08-12T19:06:19.194218+00:00"}
{"asctime": "2025-08-12 21:06:19,194", "levelname": "INFO", "name": "AresTradingSystem.System", "message": "▶️ Step5 NeuralNet training start", "correlation_id": "-", "session_id": "-", "timestamp": "2025-08-12T19:06:19.194465+00:00"}
{"asctime": "2025-08-12 21:06:54,644", "levelname": "INFO", "name": "AresTradingSystem.System", "message": "✅ Step5 NeuralNet training done elapsed=35.4s", "correlation_id": "-", "session_id": "-", "timestamp": "2025-08-12T19:06:54.644185+00:00"}
{"asctime": "2025-08-12 21:06:54,644", "levelname": "INFO", "name": "AresTradingSystem.System", "message": "▶️ Step5 SVM training start", "correlation_id": "-", "session_id": "-", "timestamp": "2025-08-12T19:06:54.644766+00:00"}
{"asctime": "2025-08-12 21:07:54,653", "levelname": "INFO", "name": "AresTradingSystem.System", "message": "⏳ Step5 SVM training still running... elapsed=60.0s", "correlation_id": "-", "session_id": "-", "timestamp": "2025-08-12T19:07:54.653104+00:00"}
{"asctime": "2025-08-12 21:08:54,657", "levelname": "INFO", "name": "AresTradingSystem.System", "message": "⏳ Step5 SVM training still running... elapsed=120.0s", "correlation_id": "-", "session_id": "-", "timestamp": "2025-08-12T19:08:54.657085+00:00"}
{"asctime": "2025-08-12 21:09:54,668", "levelname": "INFO", "name": "AresTradingSystem.System", "message": "⏳ Step5 SVM training still running... elapsed=180.0s", "correlation_id": "-", "session_id": "-", "timestamp": "2025-08-12T19:09:54.668408+00:00"}
{"asctime": "2025-08-12 21:10:54,679", "levelname": "INFO", "name": "AresTradingSystem.System", "message": "⏳ Step5 SVM training still running... elapsed=240.0s", "correlation_id": "-", "session_id": "-", "timestamp": "2025-08-12T19:10:54.679743+00:00"}
{"asctime": "2025-08-12 21:11:54,691", "levelname": "INFO", "name": "AresTradingSystem.System", "message": "⏳ Step5 SVM training still running... elapsed=300.0s", "correlation_id": "-", "session_id": "-", "timestamp": "2025-08-12T19:11:54.691218+00:00"}
{"asctime": "2025-08-12 21:12:54,702", "levelname": "INFO", "name": "AresTradingSystem.System", "message": "⏳ Step5 SVM training still running... elapsed=360.1s", "correlation_id": "-", "session_id": "-", "timestamp": "2025-08-12T19:12:54.702728+00:00"}
{"asctime": "2025-08-12 21:13:54,714", "levelname": "INFO", "name": "AresTradingSystem.System", "message": "⏳ Step5 SVM training still running... elapsed=420.1s", "correlation_id": "-", "session_id": "-", "timestamp": "2025-08-12T19:13:54.714062+00:00"}
{"asctime": "2025-08-12 21:14:54,725", "levelname": "INFO", "name": "AresTradingSystem.System", "message": "⏳ Step5 SVM training still running... elapsed=480.1s", "correlation_id": "-", "session_id": "-", "timestamp": "2025-08-12T19:14:54.725466+00:00"}
{"asctime": "2025-08-12 21:15:54,736", "levelname": "INFO", "name": "AresTradingSystem.System", "message": "⏳ Step5 SVM training still running... elapsed=540.1s", "correlation_id": "-", "session_id": "-", "timestamp": "2025-08-12T19:15:54.736789+00:00"}
{"asctime": "2025-08-12 21:16:54,748", "levelname": "INFO", "name": "AresTradingSystem.System", "message": "⏳ Step5 SVM training still running... elapsed=600.1s", "correlation_id": "-", "session_id": "-", "timestamp": "2025-08-12T19:16:54.748140+00:00"}
{"asctime": "2025-08-12 21:17:54,759", "levelname": "INFO", "name": "AresTradingSystem.System", "message": "⏳ Step5 SVM training still running... elapsed=660.1s", "correlation_id": "-", "session_id": "-", "timestamp": "2025-08-12T19:17:54.759496+00:00"}
{"asctime": "2025-08-12 21:18:54,762", "levelname": "INFO", "name": "AresTradingSystem.System", "message": "⏳ Step5 SVM training still running... elapsed=720.1s", "correlation_id": "-", "session_id": "-", "timestamp": "2025-08-12T19:18:54.762727+00:00"}
{"asctime": "2025-08-12 21:19:54,774", "levelname": "INFO", "name": "AresTradingSystem.System", "message": "⏳ Step5 SVM training still running... elapsed=780.1s", "correlation_id": "-", "session_id": "-", "timestamp": "2025-08-12T19:19:54.774101+00:00"}
{"asctime": "2025-08-12 21:20:54,785", "levelname": "INFO", "name": "AresTradingSystem.System", "message": "⏳ Step5 SVM training still running... elapsed=840.1s", "correlation_id": "-", "session_id": "-", "timestamp": "2025-08-12T19:20:54.785457+00:00"}
{"asctime": "2025-08-12 21:21:54,794", "levelname": "INFO", "name": "AresTradingSystem.System", "message": "⏳ Step5 SVM training still running... elapsed=900.1s", "correlation_id": "-", "session_id": "-", "timestamp": "2025-08-12T19:21:54.794425+00:00"}
{"asctime": "2025-08-12 21:22:54,805", "levelname": "INFO", "name": "AresTradingSystem.System", "message": "⏳ Step5 SVM training still running... elapsed=960.1s", "correlation_id": "-", "session_id": "-", "timestamp": "2025-08-12T19:22:54.805691+00:00"}
{"asctime": "2025-08-12 21:23:54,816", "levelname": "INFO", "name": "AresTradingSystem.System", "message": "⏳ Step5 SVM training still running... elapsed=1020.2s", "correlation_id": "-", "session_id": "-", "timestamp": "2025-08-12T19:23:54.816950+00:00"}
{"asctime": "2025-08-12 21:24:54,819", "levelname": "INFO", "name": "AresTradingSystem.System", "message": "⏳ Step5 SVM training still running... elapsed=1080.2s", "correlation_id": "-", "session_id": "-", "timestamp": "2025-08-12T19:24:54.819904+00:00"}
{"asctime": "2025-08-12 21:25:54,831", "levelname": "INFO", "name": "AresTradingSystem.System", "message": "⏳ Step5 SVM training still running... elapsed=1140.2s", "correlation_id": "-", "session_id": "-", "timestamp": "2025-08-12T19:25:54.831245+00:00"}
{"asctime": "2025-08-12 21:26:54,842", "levelname": "INFO", "name": "AresTradingSystem.System", "message": "⏳ Step5 SVM training still running... elapsed=1200.2s", "correlation_id": "-", "session_id": "-", "timestamp": "2025-08-12T19:26:54.842589+00:00"}
{"asctime": "2025-08-12 21:27:54,908", "levelname": "INFO", "name": "AresTradingSystem.System", "message": "⏳ Step5 SVM training still running... elapsed=1260.2s", "correlation_id": "-", "session_id": "-", "timestamp": "2025-08-12T19:27:54.908938+00:00"}
{"asctime": "2025-08-12 21:28:54,921", "levelname": "INFO", "name": "AresTradingSystem.System", "message": "⏳ Step5 SVM training still running... elapsed=1320.2s", "correlation_id": "-", "session_id": "-", "timestamp": "2025-08-12T19:28:54.921042+00:00"}
{"asctime": "2025-08-12 21:29:54,933", "levelname": "INFO", "name": "AresTradingSystem.System", "message": "⏳ Step5 SVM training still running... elapsed=1380.2s", "correlation_id": "-", "session_id": "-", "timestamp": "2025-08-12T19:29:54.933149+00:00"}
{"asctime": "2025-08-12 21:30:54,945", "levelname": "INFO", "name": "AresTradingSystem.System", "message": "⏳ Step5 SVM training still running... elapsed=1440.2s", "correlation_id": "-", "session_id": "-", "timestamp": "2025-08-12T19:30:54.945236+00:00"}
{"asctime": "2025-08-12 21:31:54,957", "levelname": "INFO", "name": "AresTradingSystem.System", "message": "⏳ Step5 SVM training still running... elapsed=1500.2s", "correlation_id": "-", "session_id": "-", "timestamp": "2025-08-12T19:31:54.957333+00:00"}
{"asctime": "2025-08-12 21:32:54,969", "levelname": "INFO", "name": "AresTradingSystem.System", "message": "⏳ Step5 SVM training still running... elapsed=1560.2s", "correlation_id": "-", "session_id": "-", "timestamp": "2025-08-12T19:32:54.969496+00:00"}
{"asctime": "2025-08-12 21:33:54,981", "levelname": "INFO", "name": "AresTradingSystem.System", "message": "⏳ Step5 SVM training still running... elapsed=1620.3s", "correlation_id": "-", "session_id": "-", "timestamp": "2025-08-12T19:33:54.981606+00:00"}
{"asctime": "2025-08-12 21:34:54,993", "levelname": "INFO", "name": "AresTradingSystem.System", "message": "⏳ Step5 SVM training still running... elapsed=1680.3s", "correlation_id": "-", "session_id": "-", "timestamp": "2025-08-12T19:34:54.993721+00:00"}
{"asctime": "2025-08-12 21:35:55,005", "levelname": "INFO", "name": "AresTradingSystem.System", "message": "⏳ Step5 SVM training still running... elapsed=1740.3s", "correlation_id": "-", "session_id": "-", "timestamp": "2025-08-12T19:35:55.005868+00:00"}
{"asctime": "2025-08-12 21:36:55,015", "levelname": "INFO", "name": "AresTradingSystem.System", "message": "⏳ Step5 SVM training still running... elapsed=1800.3s", "correlation_id": "-", "session_id": "-", "timestamp": "2025-08-12T19:36:55.015677+00:00"}
{"asctime": "2025-08-12 21:37:55,027", "levelname": "INFO", "name": "AresTradingSystem.System", "message": "⏳ Step5 SVM training still running... elapsed=1860.3s", "correlation_id": "-", "session_id": "-", "timestamp": "2025-08-12T19:37:55.027792+00:00"}
{"asctime": "2025-08-12 21:38:55,040", "levelname": "INFO", "name": "AresTradingSystem.System", "message": "⏳ Step5 SVM training still running... elapsed=1920.3s", "correlation_id": "-", "session_id": "-", "timestamp": "2025-08-12T19:38:55.040062+00:00"}
{"asctime": "2025-08-12 21:39:55,052", "levelname": "INFO", "name": "AresTradingSystem.System", "message": "⏳ Step5 SVM training still running... elapsed=1980.3s", "correlation_id": "-", "session_id": "-", "timestamp": "2025-08-12T19:39:55.052079+00:00"}
{"asctime": "2025-08-12 21:40:55,064", "levelname": "INFO", "name": "AresTradingSystem.System", "message": "⏳ Step5 SVM training still running... elapsed=2040.3s", "correlation_id": "-", "session_id": "-", "timestamp": "2025-08-12T19:40:55.064098+00:00"}
{"asctime": "2025-08-12 21:41:55,066", "levelname": "INFO", "name": "AresTradingSystem.System", "message": "⏳ Step5 SVM training still running... elapsed=2100.3s", "correlation_id": "-", "session_id": "-", "timestamp": "2025-08-12T19:41:55.066805+00:00"}
{"asctime": "2025-08-12 21:42:55,078", "levelname": "INFO", "name": "AresTradingSystem.System", "message": "⏳ Step5 SVM training still running... elapsed=2160.3s", "correlation_id": "-", "session_id": "-", "timestamp": "2025-08-12T19:42:55.078806+00:00"}
{"asctime": "2025-08-12 21:43:55,090", "levelname": "INFO", "name": "AresTradingSystem.System", "message": "⏳ Step5 SVM training still running... elapsed=2220.3s", "correlation_id": "-", "session_id": "-", "timestamp": "2025-08-12T19:43:55.090824+00:00"}
{"asctime": "2025-08-12 21:44:55,102", "levelname": "INFO", "name": "AresTradingSystem.System", "message": "⏳ Step5 SVM training still running... elapsed=2280.4s", "correlation_id": "-", "session_id": "-", "timestamp": "2025-08-12T19:44:55.102829+00:00"}
{"asctime": "2025-08-12 21:45:55,114", "levelname": "INFO", "name": "AresTradingSystem.System", "message": "⏳ Step5 SVM training still running... elapsed=2340.4s", "correlation_id": "-", "session_id": "-", "timestamp": "2025-08-12T19:45:55.114826+00:00"}
{"asctime": "2025-08-12 21:46:55,126", "levelname": "INFO", "name": "AresTradingSystem.System", "message": "⏳ Step5 SVM training still running... elapsed=2400.4s", "correlation_id": "-", "session_id": "-", "timestamp": "2025-08-12T19:46:55.126828+00:00"}
{"asctime": "2025-08-12 21:47:55,138", "levelname": "INFO", "name": "AresTradingSystem.System", "message": "⏳ Step5 SVM training still running... elapsed=2460.4s", "correlation_id": "-", "session_id": "-", "timestamp": "2025-08-12T19:47:55.138858+00:00"}
{"asctime": "2025-08-12 21:48:55,150", "levelname": "INFO", "name": "AresTradingSystem.System", "message": "⏳ Step5 SVM training still running... elapsed=2520.4s", "correlation_id": "-", "session_id": "-", "timestamp": "2025-08-12T19:48:55.150883+00:00"}
{"asctime": "2025-08-12 21:49:55,153", "levelname": "INFO", "name": "AresTradingSystem.System", "message": "⏳ Step5 SVM training still running... elapsed=2580.4s", "correlation_id": "-", "session_id": "-", "timestamp": "2025-08-12T19:49:55.153724+00:00"}
{"asctime": "2025-08-12 21:50:55,146", "levelname": "INFO", "name": "AresTradingSystem.System", "message": "⏳ Step5 SVM training still running... elapsed=2640.4s", "correlation_id": "-", "session_id": "-", "timestamp": "2025-08-12T19:50:55.146604+00:00"}
{"asctime": "2025-08-12 21:51:55,157", "levelname": "INFO", "name": "AresTradingSystem.System", "message": "⏳ Step5 SVM training still running... elapsed=2700.4s", "correlation_id": "-", "session_id": "-", "timestamp": "2025-08-12T19:51:55.157843+00:00"}
{"asctime": "2025-08-12 21:52:55,169", "levelname": "INFO", "name": "AresTradingSystem.System", "message": "⏳ Step5 SVM training still running... elapsed=2760.4s", "correlation_id": "-", "session_id": "-", "timestamp": "2025-08-12T19:52:55.169637+00:00"}
{"asctime": "2025-08-12 21:53:55,181", "levelname": "INFO", "name": "AresTradingSystem.System", "message": "⏳ Step5 SVM training still running... elapsed=2820.4s", "correlation_id": "-", "session_id": "-", "timestamp": "2025-08-12T19:53:55.181243+00:00"}
{"asctime": "2025-08-12 21:54:55,192", "levelname": "INFO", "name": "AresTradingSystem.System", "message": "⏳ Step5 SVM training still running... elapsed=2880.5s", "correlation_id": "-", "session_id": "-", "timestamp": "2025-08-12T19:54:55.192836+00:00"}
{"asctime": "2025-08-12 21:55:55,204", "levelname": "INFO", "name": "AresTradingSystem.System", "message": "⏳ Step5 SVM training still running... elapsed=2940.5s", "correlation_id": "-", "session_id": "-", "timestamp": "2025-08-12T19:55:55.204427+00:00"}
{"asctime": "2025-08-12 21:56:55,216", "levelname": "INFO", "name": "AresTradingSystem.System", "message": "⏳ Step5 SVM training still running... elapsed=3000.5s", "correlation_id": "-", "session_id": "-", "timestamp": "2025-08-12T19:56:55.216035+00:00"}
{"asctime": "2025-08-12 21:57:55,227", "levelname": "INFO", "name": "AresTradingSystem.System", "message": "⏳ Step5 SVM training still running... elapsed=3060.5s", "correlation_id": "-", "session_id": "-", "timestamp": "2025-08-12T19:57:55.227611+00:00"}
{"asctime": "2025-08-12 21:58:55,239", "levelname": "INFO", "name": "AresTradingSystem.System", "message": "⏳ Step5 SVM training still running... elapsed=3120.5s", "correlation_id": "-", "session_id": "-", "timestamp": "2025-08-12T19:58:55.239192+00:00"}
{"asctime": "2025-08-12 21:59:55,250", "levelname": "INFO", "name": "AresTradingSystem.System", "message": "⏳ Step5 SVM training still running... elapsed=3180.5s", "correlation_id": "-", "session_id": "-", "timestamp": "2025-08-12T19:59:55.250807+00:00"}
{"asctime": "2025-08-12 22:00:55,262", "levelname": "INFO", "name": "AresTradingSystem.System", "message": "⏳ Step5 SVM training still running... elapsed=3240.5s", "correlation_id": "-", "session_id": "-", "timestamp": "2025-08-12T20:00:55.262430+00:00"}
{"asctime": "2025-08-12 22:01:55,274", "levelname": "INFO", "name": "AresTradingSystem.System", "message": "⏳ Step5 SVM training still running... elapsed=3300.5s", "correlation_id": "-", "session_id": "-", "timestamp": "2025-08-12T20:01:55.274056+00:00"}
{"asctime": "2025-08-12 22:02:55,285", "levelname": "INFO", "name": "AresTradingSystem.System", "message": "⏳ Step5 SVM training still running... elapsed=3360.5s", "correlation_id": "-", "session_id": "-", "timestamp": "2025-08-12T20:02:55.285658+00:00"}
{"asctime": "2025-08-12 22:03:55,297", "levelname": "INFO", "name": "AresTradingSystem.System", "message": "⏳ Step5 SVM training still running... elapsed=3420.6s", "correlation_id": "-", "session_id": "-", "timestamp": "2025-08-12T20:03:55.297248+00:00"}
{"asctime": "2025-08-12 22:04:55,308", "levelname": "INFO", "name": "AresTradingSystem.System", "message": "⏳ Step5 SVM training still running... elapsed=3480.6s", "correlation_id": "-", "session_id": "-", "timestamp": "2025-08-12T20:04:55.308873+00:00"}
{"asctime": "2025-08-12 22:05:55,315", "levelname": "INFO", "name": "AresTradingSystem.System", "message": "⏳ Step5 SVM training still running... elapsed=3540.6s", "correlation_id": "-", "session_id": "-", "timestamp": "2025-08-12T20:05:55.315673+00:00"}
{"asctime": "2025-08-12 22:06:55,322", "levelname": "INFO", "name": "AresTradingSystem.System", "message": "⏳ Step5 SVM training still running... elapsed=3600.6s", "correlation_id": "-", "session_id": "-", "timestamp": "2025-08-12T20:06:55.322261+00:00"}
{"asctime": "2025-08-12 22:07:55,328", "levelname": "INFO", "name": "AresTradingSystem.System", "message": "⏳ Step5 SVM training still running... elapsed=3660.6s", "correlation_id": "-", "session_id": "-", "timestamp": "2025-08-12T20:07:55.328853+00:00"}
{"asctime": "2025-08-12 22:08:55,335", "levelname": "INFO", "name": "AresTradingSystem.System", "message": "⏳ Step5 SVM training still running... elapsed=3720.6s", "correlation_id": "-", "session_id": "-", "timestamp": "2025-08-12T20:08:55.335441+00:00"}
{"asctime": "2025-08-12 22:09:55,342", "levelname": "INFO", "name": "AresTradingSystem.System", "message": "⏳ Step5 SVM training still running... elapsed=3780.6s", "correlation_id": "-", "session_id": "-", "timestamp": "2025-08-12T20:09:55.342089+00:00"}
{"asctime": "2025-08-12 22:10:55,353", "levelname": "INFO", "name": "AresTradingSystem.System", "message": "⏳ Step5 SVM training still running... elapsed=3840.6s", "correlation_id": "-", "session_id": "-", "timestamp": "2025-08-12T20:10:55.353953+00:00"}
{"asctime": "2025-08-12 22:11:55,365", "levelname": "INFO", "name": "AresTradingSystem.System", "message": "⏳ Step5 SVM training still running... elapsed=3900.6s", "correlation_id": "-", "session_id": "-", "timestamp": "2025-08-12T20:11:55.365548+00:00"}
{"asctime": "2025-08-12 22:12:55,377", "levelname": "INFO", "name": "AresTradingSystem.System", "message": "⏳ Step5 SVM training still running... elapsed=3960.6s", "correlation_id": "-", "session_id": "-", "timestamp": "2025-08-12T20:12:55.377261+00:00"}
{"asctime": "2025-08-12 22:13:55,388", "levelname": "INFO", "name": "AresTradingSystem.System", "message": "⏳ Step5 SVM training still running... elapsed=4020.6s", "correlation_id": "-", "session_id": "-", "timestamp": "2025-08-12T20:13:55.388862+00:00"}
{"asctime": "2025-08-12 22:14:55,380", "levelname": "INFO", "name": "AresTradingSystem.System", "message": "⏳ Step5 SVM training still running... elapsed=4080.6s", "correlation_id": "-", "session_id": "-", "timestamp": "2025-08-12T20:14:55.380708+00:00"}
{"asctime": "2025-08-12 22:15:55,390", "levelname": "INFO", "name": "AresTradingSystem.System", "message": "⏳ Step5 SVM training still running... elapsed=4140.7s", "correlation_id": "-", "session_id": "-", "timestamp": "2025-08-12T20:15:55.390647+00:00"}
{"asctime": "2025-08-12 22:16:55,401", "levelname": "INFO", "name": "AresTradingSystem.System", "message": "⏳ Step5 SVM training still running... elapsed=4200.7s", "correlation_id": "-", "session_id": "-", "timestamp": "2025-08-12T20:16:55.401904+00:00"}
{"asctime": "2025-08-12 22:17:55,413", "levelname": "INFO", "name": "AresTradingSystem.System", "message": "⏳ Step5 SVM training still running... elapsed=4260.7s", "correlation_id": "-", "session_id": "-", "timestamp": "2025-08-12T20:17:55.413677+00:00"}
{"asctime": "2025-08-12 22:18:55,424", "levelname": "INFO", "name": "AresTradingSystem.System", "message": "⏳ Step5 SVM training still running... elapsed=4320.7s", "correlation_id": "-", "session_id": "-", "timestamp": "2025-08-12T20:18:55.425003+00:00"}
{"asctime": "2025-08-12 22:19:55,436", "levelname": "INFO", "name": "AresTradingSystem.System", "message": "⏳ Step5 SVM training still running... elapsed=4380.7s", "correlation_id": "-", "session_id": "-", "timestamp": "2025-08-12T20:19:55.436359+00:00"}
{"asctime": "2025-08-12 22:20:55,447", "levelname": "INFO", "name": "AresTradingSystem.System", "message": "⏳ Step5 SVM training still running... elapsed=4440.7s", "correlation_id": "-", "session_id": "-", "timestamp": "2025-08-12T20:20:55.447627+00:00"}
{"asctime": "2025-08-12 22:21:55,458", "levelname": "INFO", "name": "AresTradingSystem.System", "message": "⏳ Step5 SVM training still running... elapsed=4500.7s", "correlation_id": "-", "session_id": "-", "timestamp": "2025-08-12T20:21:55.458885+00:00"}
{"asctime": "2025-08-12 22:22:55,470", "levelname": "INFO", "name": "AresTradingSystem.System", "message": "⏳ Step5 SVM training still running... elapsed=4560.7s", "correlation_id": "-", "session_id": "-", "timestamp": "2025-08-12T20:22:55.470161+00:00"}
{"asctime": "2025-08-12 22:23:55,481", "levelname": "INFO", "name": "AresTradingSystem.System", "message": "⏳ Step5 SVM training still running... elapsed=4620.7s", "correlation_id": "-", "session_id": "-", "timestamp": "2025-08-12T20:23:55.481433+00:00"}
{"asctime": "2025-08-12 22:24:55,492", "levelname": "INFO", "name": "AresTradingSystem.System", "message": "⏳ Step5 SVM training still running... elapsed=4680.7s", "correlation_id": "-", "session_id": "-", "timestamp": "2025-08-12T20:24:55.492724+00:00"}
{"asctime": "2025-08-12 22:25:55,504", "levelname": "INFO", "name": "AresTradingSystem.System", "message": "⏳ Step5 SVM training still running... elapsed=4740.8s", "correlation_id": "-", "session_id": "-", "timestamp": "2025-08-12T20:25:55.504059+00:00"}
{"asctime": "2025-08-12 22:26:55,515", "levelname": "INFO", "name": "AresTradingSystem.System", "message": "⏳ Step5 SVM training still running... elapsed=4800.8s", "correlation_id": "-", "session_id": "-", "timestamp": "2025-08-12T20:26:55.515326+00:00"}
{"asctime": "2025-08-12 22:27:55,526", "levelname": "INFO", "name": "AresTradingSystem.System", "message": "⏳ Step5 SVM training still running... elapsed=4860.8s", "correlation_id": "-", "session_id": "-", "timestamp": "2025-08-12T20:27:55.526595+00:00"}
{"asctime": "2025-08-12 22:28:55,537", "levelname": "INFO", "name": "AresTradingSystem.System", "message": "⏳ Step5 SVM training still running... elapsed=4920.8s", "correlation_id": "-", "session_id": "-", "timestamp": "2025-08-12T20:28:55.537891+00:00"}
{"asctime": "2025-08-12 22:29:55,549", "levelname": "INFO", "name": "AresTradingSystem.System", "message": "⏳ Step5 SVM training still running... elapsed=4980.8s", "correlation_id": "-", "session_id": "-", "timestamp": "2025-08-12T20:29:55.549167+00:00"}
{"asctime": "2025-08-12 22:30:55,560", "levelname": "INFO", "name": "AresTradingSystem.System", "message": "⏳ Step5 SVM training still running... elapsed=5040.8s", "correlation_id": "-", "session_id": "-", "timestamp": "2025-08-12T20:30:55.560453+00:00"}
{"asctime": "2025-08-12 22:31:55,571", "levelname": "INFO", "name": "AresTradingSystem.System", "message": "⏳ Step5 SVM training still running... elapsed=5100.8s", "correlation_id": "-", "session_id": "-", "timestamp": "2025-08-12T20:31:55.571741+00:00"}
{"asctime": "2025-08-12 22:32:55,582", "levelname": "INFO", "name": "AresTradingSystem.System", "message": "⏳ Step5 SVM training still running... elapsed=5160.8s", "correlation_id": "-", "session_id": "-", "timestamp": "2025-08-12T20:32:55.583005+00:00"}
{"asctime": "2025-08-12 22:33:55,594", "levelname": "INFO", "name": "AresTradingSystem.System", "message": "⏳ Step5 SVM training still running... elapsed=5220.8s", "correlation_id": "-", "session_id": "-", "timestamp": "2025-08-12T20:33:55.594275+00:00"}
{"asctime": "2025-08-12 22:34:55,605", "levelname": "INFO", "name": "AresTradingSystem.System", "message": "⏳ Step5 SVM training still running... elapsed=5280.8s", "correlation_id": "-", "session_id": "-", "timestamp": "2025-08-12T20:34:55.605542+00:00"}
{"asctime": "2025-08-12 22:35:55,616", "levelname": "INFO", "name": "AresTradingSystem.System", "message": "⏳ Step5 SVM training still running... elapsed=5340.9s", "correlation_id": "-", "session_id": "-", "timestamp": "2025-08-12T20:35:55.616792+00:00"}
{"asctime": "2025-08-12 22:36:55,628", "levelname": "INFO", "name": "AresTradingSystem.System", "message": "⏳ Step5 SVM training still running... elapsed=5400.9s", "correlation_id": "-", "session_id": "-", "timestamp": "2025-08-12T20:36:55.628056+00:00"}
{"asctime": "2025-08-12 22:37:55,639", "levelname": "INFO", "name": "AresTradingSystem.System", "message": "⏳ Step5 SVM training still running... elapsed=5460.9s", "correlation_id": "-", "session_id": "-", "timestamp": "2025-08-12T20:37:55.639359+00:00"}
{"asctime": "2025-08-12 22:38:55,657", "levelname": "INFO", "name": "AresTradingSystem.System", "message": "⏳ Step5 SVM training still running... elapsed=5520.9s", "correlation_id": "-", "session_id": "-", "timestamp": "2025-08-12T20:38:55.657405+00:00"}
{"asctime": "2025-08-12 22:39:55,673", "levelname": "INFO", "name": "AresTradingSystem.System", "message": "⏳ Step5 SVM training still running... elapsed=5580.9s", "correlation_id": "-", "session_id": "-", "timestamp": "2025-08-12T20:39:55.673019+00:00"}
{"asctime": "2025-08-12 22:40:55,677", "levelname": "INFO", "name": "AresTradingSystem.System", "message": "⏳ Step5 SVM training still running... elapsed=5640.9s", "correlation_id": "-", "session_id": "-", "timestamp": "2025-08-12T20:40:55.677256+00:00"}
{"asctime": "2025-08-12 22:41:55,683", "levelname": "INFO", "name": "AresTradingSystem.System", "message": "⏳ Step5 SVM training still running... elapsed=5700.9s", "correlation_id": "-", "session_id": "-", "timestamp": "2025-08-12T20:41:55.683541+00:00"}
{"asctime": "2025-08-12 22:42:55,694", "levelname": "INFO", "name": "AresTradingSystem.System", "message": "⏳ Step5 SVM training still running... elapsed=5760.9s", "correlation_id": "-", "session_id": "-", "timestamp": "2025-08-12T20:42:55.694985+00:00"}
{"asctime": "2025-08-12 22:43:55,706", "levelname": "INFO", "name": "AresTradingSystem.System", "message": "⏳ Step5 SVM training still running... elapsed=5820.9s", "correlation_id": "-", "session_id": "-", "timestamp": "2025-08-12T20:43:55.706492+00:00"}
{"asctime": "2025-08-12 22:44:55,717", "levelname": "INFO", "name": "AresTradingSystem.System", "message": "⏳ Step5 SVM training still running... elapsed=5880.9s", "correlation_id": "-", "session_id": "-", "timestamp": "2025-08-12T20:44:55.717967+00:00"}
{"asctime": "2025-08-12 22:45:55,729", "levelname": "INFO", "name": "AresTradingSystem.System", "message": "⏳ Step5 SVM training still running... elapsed=5940.9s", "correlation_id": "-", "session_id": "-", "timestamp": "2025-08-12T20:45:55.729442+00:00"}
{"asctime": "2025-08-12 22:46:55,740", "levelname": "INFO", "name": "AresTradingSystem.System", "message": "⏳ Step5 SVM training still running... elapsed=6001.0s", "correlation_id": "-", "session_id": "-", "timestamp": "2025-08-12T20:46:55.740880+00:00"}
{"asctime": "2025-08-12 22:47:55,752", "levelname": "INFO", "name": "AresTradingSystem.System", "message": "⏳ Step5 SVM training still running... elapsed=6061.0s", "correlation_id": "-", "session_id": "-", "timestamp": "2025-08-12T20:47:55.752356+00:00"}
{"asctime": "2025-08-12 22:48:55,764", "levelname": "INFO", "name": "AresTradingSystem.System", "message": "⏳ Step5 SVM training still running... elapsed=6121.0s", "correlation_id": "-", "session_id": "-", "timestamp": "2025-08-12T20:48:55.764048+00:00"}
{"asctime": "2025-08-12 22:49:55,775", "levelname": "INFO", "name": "AresTradingSystem.System", "message": "⏳ Step5 SVM training still running... elapsed=6181.0s", "correlation_id": "-", "session_id": "-", "timestamp": "2025-08-12T20:49:55.775490+00:00"}
{"asctime": "2025-08-12 22:50:55,786", "levelname": "INFO", "name": "AresTradingSystem.System", "message": "⏳ Step5 SVM training still running... elapsed=6241.0s", "correlation_id": "-", "session_id": "-", "timestamp": "2025-08-12T20:50:55.786960+00:00"}
{"asctime": "2025-08-12 22:51:55,798", "levelname": "INFO", "name": "AresTradingSystem.System", "message": "⏳ Step5 SVM training still running... elapsed=6301.0s", "correlation_id": "-", "session_id": "-", "timestamp": "2025-08-12T20:51:55.798421+00:00"}
{"asctime": "2025-08-12 22:52:55,809", "levelname": "INFO", "name": "AresTradingSystem.System", "message": "⏳ Step5 SVM training still running... elapsed=6361.0s", "correlation_id": "-", "session_id": "-", "timestamp": "2025-08-12T20:52:55.809907+00:00"}
{"asctime": "2025-08-12 22:53:55,821", "levelname": "INFO", "name": "AresTradingSystem.System", "message": "⏳ Step5 SVM training still running... elapsed=6421.0s", "correlation_id": "-", "session_id": "-", "timestamp": "2025-08-12T20:53:55.821392+00:00"}
{"asctime": "2025-08-12 22:54:55,832", "levelname": "INFO", "name": "AresTradingSystem.System", "message": "⏳ Step5 SVM training still running... elapsed=6481.0s", "correlation_id": "-", "session_id": "-", "timestamp": "2025-08-12T20:54:55.832929+00:00"}
{"asctime": "2025-08-12 22:55:55,839", "levelname": "INFO", "name": "AresTradingSystem.System", "message": "⏳ Step5 SVM training still running... elapsed=6541.0s", "correlation_id": "-", "session_id": "-", "timestamp": "2025-08-12T20:55:55.839163+00:00"}
{"asctime": "2025-08-12 22:56:55,845", "levelname": "INFO", "name": "AresTradingSystem.System", "message": "⏳ Step5 SVM training still running... elapsed=6601.1s", "correlation_id": "-", "session_id": "-", "timestamp": "2025-08-12T20:56:55.845852+00:00"}
{"asctime": "2025-08-12 22:57:55,852", "levelname": "INFO", "name": "AresTradingSystem.System", "message": "⏳ Step5 SVM training still running... elapsed=6661.1s", "correlation_id": "-", "session_id": "-", "timestamp": "2025-08-12T20:57:55.852464+00:00"}
{"asctime": "2025-08-12 22:58:55,858", "levelname": "INFO", "name": "AresTradingSystem.System", "message": "⏳ Step5 SVM training still running... elapsed=6721.1s", "correlation_id": "-", "session_id": "-", "timestamp": "2025-08-12T20:58:55.858984+00:00"}
{"asctime": "2025-08-12 22:59:55,863", "levelname": "INFO", "name": "AresTradingSystem.System", "message": "⏳ Step5 SVM training still running... elapsed=6781.1s", "correlation_id": "-", "session_id": "-", "timestamp": "2025-08-12T20:59:55.863213+00:00"}
{"asctime": "2025-08-12 23:00:55,869", "levelname": "INFO", "name": "AresTradingSystem.System", "message": "⏳ Step5 SVM training still running... elapsed=6841.1s", "correlation_id": "-", "session_id": "-", "timestamp": "2025-08-12T21:00:55.869735+00:00"}
{"asctime": "2025-08-12 23:01:55,876", "levelname": "INFO", "name": "AresTradingSystem.System", "message": "⏳ Step5 SVM training still running... elapsed=6901.1s", "correlation_id": "-", "session_id": "-", "timestamp": "2025-08-12T21:01:55.876260+00:00"}
{"asctime": "2025-08-12 23:02:55,894", "levelname": "INFO", "name": "AresTradingSystem.System", "message": "⏳ Step5 SVM training still running... elapsed=6961.1s", "correlation_id": "-", "session_id": "-", "timestamp": "2025-08-12T21:02:55.894887+00:00"}
