{"asctime": "2025-08-11 12:10:29,286", "levelname": "INFO", "name": "AresGlobal", "message": "================================================================================", "correlation_id": "-", "session_id": "-", "timestamp": "2025-08-11T10:10:29.286598+00:00"}
{"asctime": "2025-08-11 12:10:29,286", "levelname": "INFO", "name": "AresGlobal", "message": "ðŸ“Š SESSION SUMMARY", "correlation_id": "-", "session_id": "-", "timestamp": "2025-08-11T10:10:29.286762+00:00"}
{"asctime": "2025-08-11 12:10:29,286", "levelname": "INFO", "name": "AresGlobal", "message": "Session started: 2025-08-11 12:10:29", "correlation_id": "-", "session_id": "-", "timestamp": "2025-08-11T10:10:29.286894+00:00"}
{"asctime": "2025-08-11 12:10:29,286", "levelname": "INFO", "name": "AresGlobal", "message": "This file contains ALL logs for this session", "correlation_id": "-", "session_id": "-", "timestamp": "2025-08-11T10:10:29.286994+00:00"}
{"asctime": "2025-08-11 12:10:29,287", "levelname": "INFO", "name": "AresGlobal", "message": "================================================================================", "correlation_id": "-", "session_id": "-", "timestamp": "2025-08-11T10:10:29.287095+00:00"}
{"asctime": "2025-08-11 12:10:29,287", "levelname": "INFO", "name": "AresGlobal", "message": "[SYSTEM] ================================================================================", "correlation_id": "-", "session_id": "-", "timestamp": "2025-08-11T10:10:29.287355+00:00"}
{"asctime": "2025-08-11 12:10:29,287", "levelname": "INFO", "name": "AresGlobal", "message": "[SYSTEM] ðŸš€ ARES LAUNCHER STARTED - Mode: INITIALIZATION", "correlation_id": "-", "session_id": "-", "timestamp": "2025-08-11T10:10:29.287603+00:00"}
{"asctime": "2025-08-11 12:10:29,287", "levelname": "INFO", "name": "AresGlobal", "message": "[SYSTEM] Start time: 2025-08-11 12:10:29", "correlation_id": "-", "session_id": "-", "timestamp": "2025-08-11T10:10:29.287862+00:00"}
{"asctime": "2025-08-11 12:10:29,288", "levelname": "INFO", "name": "AresGlobal", "message": "[SYSTEM] Log directory: log", "correlation_id": "-", "session_id": "-", "timestamp": "2025-08-11T10:10:29.288120+00:00"}
{"asctime": "2025-08-11 12:10:29,288", "levelname": "INFO", "name": "AresGlobal", "message": "[SYSTEM] ================================================================================", "correlation_id": "-", "session_id": "-", "timestamp": "2025-08-11T10:10:29.288351+00:00"}
{"asctime": "2025-08-11 12:10:29,288", "levelname": "INFO", "name": "AresGlobal.AresLauncher", "message": "================================================================================", "correlation_id": "-", "session_id": "-", "timestamp": "2025-08-11T10:10:29.288490+00:00"}
{"asctime": "2025-08-11 12:10:29,288", "levelname": "INFO", "name": "AresGlobal.AresLauncher", "message": "ðŸš€ ARES COMPREHENSIVE LAUNCHER", "correlation_id": "-", "session_id": "-", "timestamp": "2025-08-11T10:10:29.288615+00:00"}
{"asctime": "2025-08-11 12:10:29,288", "levelname": "INFO", "name": "AresGlobal.AresLauncher", "message": "================================================================================", "correlation_id": "-", "session_id": "-", "timestamp": "2025-08-11T10:10:29.288717+00:00"}
{"asctime": "2025-08-11 12:10:29,288", "levelname": "INFO", "name": "AresGlobal.AresLauncher", "message": "Start time: 2025-08-11 12:10:29", "correlation_id": "-", "session_id": "-", "timestamp": "2025-08-11T10:10:29.288822+00:00"}
{"asctime": "2025-08-11 12:10:29,288", "levelname": "INFO", "name": "AresGlobal.AresLauncher", "message": "Log directory: log", "correlation_id": "-", "session_id": "-", "timestamp": "2025-08-11T10:10:29.288912+00:00"}
{"asctime": "2025-08-11 12:10:29,289", "levelname": "INFO", "name": "AresGlobal.AresLauncher", "message": "Log level: INFO", "correlation_id": "-", "session_id": "-", "timestamp": "2025-08-11T10:10:29.289000+00:00"}
{"asctime": "2025-08-11 12:10:29,289", "levelname": "INFO", "name": "AresGlobal.AresLauncher", "message": "Global log file: ares_global_20250811_121029.log", "correlation_id": "-", "session_id": "-", "timestamp": "2025-08-11T10:10:29.289298+00:00"}
{"asctime": "2025-08-11 12:10:29,289", "levelname": "INFO", "name": "AresGlobal.AresLauncher", "message": "================================================================================", "correlation_id": "-", "session_id": "-", "timestamp": "2025-08-11T10:10:29.289415+00:00"}
{"asctime": "2025-08-11 12:10:29,289", "levelname": "INFO", "name": "AresGlobal", "message": "[SYSTEM] ================================================================================", "correlation_id": "-", "session_id": "-", "timestamp": "2025-08-11T10:10:29.289799+00:00"}
{"asctime": "2025-08-11 12:10:29,290", "levelname": "INFO", "name": "AresGlobal", "message": "[SYSTEM] ðŸš€ ARES LAUNCHER STARTED - Mode: blank - Symbol: ETHUSDT - Exchange: BINANCE", "correlation_id": "-", "session_id": "-", "timestamp": "2025-08-11T10:10:29.290124+00:00"}
{"asctime": "2025-08-11 12:10:29,290", "levelname": "INFO", "name": "AresGlobal", "message": "[SYSTEM] Start time: 2025-08-11 12:10:29", "correlation_id": "-", "session_id": "-", "timestamp": "2025-08-11T10:10:29.290325+00:00"}
{"asctime": "2025-08-11 12:10:29,290", "levelname": "INFO", "name": "AresGlobal", "message": "[SYSTEM] Log directory: log", "correlation_id": "-", "session_id": "-", "timestamp": "2025-08-11T10:10:29.290497+00:00"}
{"asctime": "2025-08-11 12:10:29,290", "levelname": "INFO", "name": "AresGlobal", "message": "[SYSTEM] ================================================================================", "correlation_id": "-", "session_id": "-", "timestamp": "2025-08-11T10:10:29.290715+00:00"}
{"asctime": "2025-08-11 12:10:29,290", "levelname": "INFO", "name": "AresGlobal.AresLauncher", "message": "ðŸš€ Running enhanced 16-step training pipeline for ETHUSDT on BINANCE", "correlation_id": "-", "session_id": "-", "timestamp": "2025-08-11T10:10:29.290839+00:00"}
{"asctime": "2025-08-11 12:10:29,290", "levelname": "INFO", "name": "AresGlobal.AresLauncher", "message": "Starting from step: step4_analyst_labeling_feature_engineering", "correlation_id": "-", "session_id": "-", "timestamp": "2025-08-11T10:10:29.290939+00:00"}
{"asctime": "2025-08-11 12:10:29,291", "levelname": "INFO", "name": "AresGlobal.AresLauncher", "message": "ðŸ§ª BLANK TRAINING MODE: Set BLANK_TRAINING_MODE=1 for step-based training", "correlation_id": "-", "session_id": "-", "timestamp": "2025-08-11T10:10:29.291037+00:00"}
{"asctime": "2025-08-11 12:10:29,292", "levelname": "INFO", "name": "AresGlobal.ProgressManager", "message": "Initialized ProgressManager for ETHUSDT on BINANCE", "correlation_id": "-", "session_id": "-", "timestamp": "2025-08-11T10:10:29.292658+00:00"}
{"asctime": "2025-08-11 12:10:29,292", "levelname": "INFO", "name": "AresGlobal.ProgressManager", "message": "Progress directory: data/training/progress/BINANCE_ETHUSDT", "correlation_id": "-", "session_id": "-", "timestamp": "2025-08-11T10:10:29.292818+00:00"}
{"asctime": "2025-08-11 12:10:29,292", "levelname": "INFO", "name": "AresGlobal.StepOrchestrator", "message": "Initialized StepOrchestrator for ETHUSDT on BINANCE", "correlation_id": "-", "session_id": "-", "timestamp": "2025-08-11T10:10:29.292941+00:00"}
{"asctime": "2025-08-11 12:10:29,293", "levelname": "INFO", "name": "AresGlobal.StepOrchestrator", "message": "ðŸš€ Starting execution from step: step4_analyst_labeling_feature_engineering", "correlation_id": "-", "session_id": "-", "timestamp": "2025-08-11T10:10:29.293194+00:00"}
{"asctime": "2025-08-11 12:10:33,356", "levelname": "INFO", "name": "AresGlobal.EnhancedTrainingManager", "message": "Loaded optimization configuration", "correlation_id": "-", "session_id": "-", "timestamp": "2025-08-11T10:10:33.356071+00:00"}
{"asctime": "2025-08-11 12:10:33,356", "levelname": "INFO", "name": "AresGlobal.EnhancedTrainingManagerOptimized", "message": "Loaded optimization configuration", "correlation_id": "-", "session_id": "-", "timestamp": "2025-08-11T10:10:33.356326+00:00"}
{"asctime": "2025-08-11 12:10:33,356", "levelname": "INFO", "name": "AresGlobal.EnhancedTrainingManager", "message": "ðŸš€ Initializing Enhanced Training Manager...", "correlation_id": "-", "session_id": "-", "timestamp": "2025-08-11T10:10:33.356448+00:00"}
{"asctime": "2025-08-11 12:10:33,356", "levelname": "INFO", "name": "AresGlobal.EnhancedTrainingManager", "message": "ðŸ“Š Blank training mode: False", "correlation_id": "-", "session_id": "-", "timestamp": "2025-08-11T10:10:33.356563+00:00"}
{"asctime": "2025-08-11 12:10:33,356", "levelname": "INFO", "name": "AresGlobal.EnhancedTrainingManager", "message": "ðŸ”§ Max trials: 200", "correlation_id": "-", "session_id": "-", "timestamp": "2025-08-11T10:10:33.356658+00:00"}
{"asctime": "2025-08-11 12:10:33,356", "levelname": "INFO", "name": "AresGlobal.EnhancedTrainingManager", "message": "ðŸ”§ N trials: 100", "correlation_id": "-", "session_id": "-", "timestamp": "2025-08-11T10:10:33.356748+00:00"}
{"asctime": "2025-08-11 12:10:33,356", "levelname": "INFO", "name": "AresGlobal.EnhancedTrainingManager", "message": "ðŸ“ˆ Lookback days: 30", "correlation_id": "-", "session_id": "-", "timestamp": "2025-08-11T10:10:33.356837+00:00"}
{"asctime": "2025-08-11 12:10:33,356", "levelname": "INFO", "name": "AresGlobal.EnhancedTrainingManager", "message": "ðŸš€ Computational optimization: True", "correlation_id": "-", "session_id": "-", "timestamp": "2025-08-11T10:10:33.356922+00:00"}
{"asctime": "2025-08-11 12:10:33,357", "levelname": "INFO", "name": "AresGlobal.EnhancedTrainingManager", "message": "ðŸ“Š Resource Analysis:", "correlation_id": "-", "session_id": "-", "timestamp": "2025-08-11T10:10:33.357051+00:00"}
{"asctime": "2025-08-11 12:10:33,357", "levelname": "INFO", "name": "AresGlobal.EnhancedTrainingManager", "message": "   ðŸ’¾ System Memory: 16.0 GB", "correlation_id": "-", "session_id": "-", "timestamp": "2025-08-11T10:10:33.357144+00:00"}
{"asctime": "2025-08-11 12:10:33,357", "levelname": "INFO", "name": "AresGlobal.EnhancedTrainingManager", "message": "   ðŸ–¥ï¸ CPU Cores: 8", "correlation_id": "-", "session_id": "-", "timestamp": "2025-08-11T10:10:33.357232+00:00"}
{"asctime": "2025-08-11 12:10:33,357", "levelname": "INFO", "name": "AresGlobal.EnhancedTrainingManager", "message": "   ðŸ“ˆ Estimated Memory Usage: 8.0 GB", "correlation_id": "-", "session_id": "-", "timestamp": "2025-08-11T10:10:33.357317+00:00"}
{"asctime": "2025-08-11 12:10:33,357", "levelname": "INFO", "name": "AresGlobal.EnhancedTrainingManager", "message": "   â±ï¸ Estimated Time: 720 minutes (12.0 hours)", "correlation_id": "-", "session_id": "-", "timestamp": "2025-08-11T10:10:33.357404+00:00"}
{"asctime": "2025-08-11 12:10:33,357", "levelname": "INFO", "name": "AresGlobal.EnhancedTrainingManager", "message": "   ðŸ¤– Models to Train: 12", "correlation_id": "-", "session_id": "-", "timestamp": "2025-08-11T10:10:33.357501+00:00"}
{"asctime": "2025-08-11 12:10:33,357", "levelname": "INFO", "name": "AresGlobal.EnhancedTrainingManager", "message": "   ðŸ”§ Optimization Trials: 200", "correlation_id": "-", "session_id": "-", "timestamp": "2025-08-11T10:10:33.357585+00:00"}
{"asctime": "2025-08-11 12:10:33,357", "levelname": "INFO", "name": "AresGlobal.EnhancedTrainingManager", "message": "ðŸ“‹ Step-by-Step Time Estimates:", "correlation_id": "-", "session_id": "-", "timestamp": "2025-08-11T10:10:33.357669+00:00"}
{"asctime": "2025-08-11 12:10:33,357", "levelname": "INFO", "name": "AresGlobal.EnhancedTrainingManager", "message": "   step1_data_collection: 15 min (2.3%)", "correlation_id": "-", "session_id": "-", "timestamp": "2025-08-11T10:10:33.357841+00:00"}
{"asctime": "2025-08-11 12:10:33,357", "levelname": "INFO", "name": "AresGlobal.EnhancedTrainingManager", "message": "   step2_market_regime_classification: 8 min (1.2%)", "correlation_id": "-", "session_id": "-", "timestamp": "2025-08-11T10:10:33.357969+00:00"}
{"asctime": "2025-08-11 12:10:33,358", "levelname": "INFO", "name": "AresGlobal.EnhancedTrainingManager", "message": "   step3_regime_data_splitting: 5 min (0.8%)", "correlation_id": "-", "session_id": "-", "timestamp": "2025-08-11T10:10:33.358066+00:00"}
{"asctime": "2025-08-11 12:10:33,358", "levelname": "INFO", "name": "AresGlobal.EnhancedTrainingManager", "message": "   step4_analyst_labeling_feature_engineering: 60 min (9.0%)", "correlation_id": "-", "session_id": "-", "timestamp": "2025-08-11T10:10:33.358153+00:00"}
{"asctime": "2025-08-11 12:10:33,358", "levelname": "INFO", "name": "AresGlobal.EnhancedTrainingManager", "message": "   step5_analyst_specialist_training: 30 min (4.5%)", "correlation_id": "-", "session_id": "-", "timestamp": "2025-08-11T10:10:33.358339+00:00"}
{"asctime": "2025-08-11 12:10:33,358", "levelname": "INFO", "name": "AresGlobal.EnhancedTrainingManager", "message": "   step6_analyst_enhancement: 25 min (3.8%)", "correlation_id": "-", "session_id": "-", "timestamp": "2025-08-11T10:10:33.358437+00:00"}
{"asctime": "2025-08-11 12:10:33,358", "levelname": "INFO", "name": "AresGlobal.EnhancedTrainingManager", "message": "   step7_analyst_ensemble_creation: 35 min (5.3%)", "correlation_id": "-", "session_id": "-", "timestamp": "2025-08-11T10:10:33.358519+00:00"}
{"asctime": "2025-08-11 12:10:33,358", "levelname": "INFO", "name": "AresGlobal.EnhancedTrainingManager", "message": "   step8_tactician_labeling: 15 min (2.3%)", "correlation_id": "-", "session_id": "-", "timestamp": "2025-08-11T10:10:33.358601+00:00"}
{"asctime": "2025-08-11 12:10:33,358", "levelname": "INFO", "name": "AresGlobal.EnhancedTrainingManager", "message": "   step9_tactician_specialist_training: 30 min (4.5%)", "correlation_id": "-", "session_id": "-", "timestamp": "2025-08-11T10:10:33.358683+00:00"}
{"asctime": "2025-08-11 12:10:33,358", "levelname": "INFO", "name": "AresGlobal.EnhancedTrainingManager", "message": "   step10_tactician_ensemble_creation: 35 min (5.3%)", "correlation_id": "-", "session_id": "-", "timestamp": "2025-08-11T10:10:33.358769+00:00"}
{"asctime": "2025-08-11 12:10:33,358", "levelname": "INFO", "name": "AresGlobal.EnhancedTrainingManager", "message": "   step11_confidence_calibration: 10 min (1.5%)", "correlation_id": "-", "session_id": "-", "timestamp": "2025-08-11T10:10:33.358851+00:00"}
{"asctime": "2025-08-11 12:10:33,358", "levelname": "INFO", "name": "AresGlobal.EnhancedTrainingManager", "message": "   step12_final_parameters_optimization: 240 min (36.2%)", "correlation_id": "-", "session_id": "-", "timestamp": "2025-08-11T10:10:33.358931+00:00"}
{"asctime": "2025-08-11 12:10:33,359", "levelname": "INFO", "name": "AresGlobal.EnhancedTrainingManager", "message": "   step13_walk_forward_validation: 60 min (9.0%)", "correlation_id": "-", "session_id": "-", "timestamp": "2025-08-11T10:10:33.359011+00:00"}
{"asctime": "2025-08-11 12:10:33,359", "levelname": "INFO", "name": "AresGlobal.EnhancedTrainingManager", "message": "   step14_monte_carlo_validation: 60 min (9.0%)", "correlation_id": "-", "session_id": "-", "timestamp": "2025-08-11T10:10:33.359092+00:00"}
{"asctime": "2025-08-11 12:10:33,359", "levelname": "INFO", "name": "AresGlobal.EnhancedTrainingManager", "message": "   step15_ab_testing: 30 min (4.5%)", "correlation_id": "-", "session_id": "-", "timestamp": "2025-08-11T10:10:33.359168+00:00"}
{"asctime": "2025-08-11 12:10:33,359", "levelname": "INFO", "name": "AresGlobal.EnhancedTrainingManager", "message": "   step16_saving: 5 min (0.8%)", "correlation_id": "-", "session_id": "-", "timestamp": "2025-08-11T10:10:33.359246+00:00"}
{"asctime": "2025-08-11 12:10:33,359", "levelname": "INFO", "name": "AresGlobal.EnhancedTrainingManager", "message": "ðŸ’¡ Recommendations:", "correlation_id": "-", "session_id": "-", "timestamp": "2025-08-11T10:10:33.359327+00:00"}
{"asctime": "2025-08-11 12:10:33,359", "levelname": "INFO", "name": "AresGlobal.EnhancedTrainingManager", "message": "   âœ… Full training mode should work well on your system", "correlation_id": "-", "session_id": "-", "timestamp": "2025-08-11T10:10:33.359417+00:00"}
{"asctime": "2025-08-11 12:10:33,359", "levelname": "INFO", "name": "AresGlobal.EnhancedTrainingManager", "message": "ðŸš€ Initializing computational optimization components...", "correlation_id": "-", "session_id": "-", "timestamp": "2025-08-11T10:10:33.359506+00:00"}
{"asctime": "2025-08-11 12:10:33,360", "levelname": "INFO", "name": "AresGlobal.ComputationalOptimizationManager", "message": "Computational Optimization Manager initialized", "correlation_id": "-", "session_id": "-", "timestamp": "2025-08-11T10:10:33.360243+00:00"}
{"asctime": "2025-08-11 12:10:33,360", "levelname": "INFO", "name": "AresGlobal.EnhancedTrainingManager", "message": "âœ… Computational optimization components initialized successfully", "correlation_id": "-", "session_id": "-", "timestamp": "2025-08-11T10:10:33.360442+00:00"}
{"asctime": "2025-08-11 12:10:33,360", "levelname": "INFO", "name": "AresGlobal.EnhancedTrainingManager", "message": "âœ… Enhanced Training Manager initialized successfully", "correlation_id": "-", "session_id": "-", "timestamp": "2025-08-11T10:10:33.360563+00:00"}
{"asctime": "2025-08-11 12:10:33,360", "levelname": "INFO", "name": "AresGlobal.StepOrchestrator", "message": "âœ… Enhanced training manager setup successfully", "correlation_id": "-", "session_id": "-", "timestamp": "2025-08-11T10:10:33.360662+00:00"}
{"asctime": "2025-08-11 12:10:33,360", "levelname": "INFO", "name": "AresGlobal.EnhancedTrainingManager", "message": "================================================================================", "correlation_id": "-", "session_id": "-", "timestamp": "2025-08-11T10:10:33.360760+00:00"}
{"asctime": "2025-08-11 12:10:33,360", "levelname": "INFO", "name": "AresGlobal.EnhancedTrainingManager", "message": "ðŸš€ COMPREHENSIVE 16-STEP ENHANCED TRAINING PIPELINE START", "correlation_id": "-", "session_id": "-", "timestamp": "2025-08-11T10:10:33.360849+00:00"}
{"asctime": "2025-08-11 12:10:33,360", "levelname": "INFO", "name": "AresGlobal.EnhancedTrainingManager", "message": "================================================================================", "correlation_id": "-", "session_id": "-", "timestamp": "2025-08-11T10:10:33.360942+00:00"}
{"asctime": "2025-08-11 12:10:33,361", "levelname": "INFO", "name": "AresGlobal.EnhancedTrainingManager", "message": "ðŸ“… Started at: 2025-08-11 12:10:33", "correlation_id": "-", "session_id": "-", "timestamp": "2025-08-11T10:10:33.361033+00:00"}
{"asctime": "2025-08-11 12:10:33,361", "levelname": "INFO", "name": "AresGlobal.EnhancedTrainingManager", "message": "ðŸŽ¯ Symbol: ETHUSDT", "correlation_id": "-", "session_id": "-", "timestamp": "2025-08-11T10:10:33.361120+00:00"}
{"asctime": "2025-08-11 12:10:33,361", "levelname": "INFO", "name": "AresGlobal.EnhancedTrainingManager", "message": "ðŸ¢ Exchange: BINANCE", "correlation_id": "-", "session_id": "-", "timestamp": "2025-08-11T10:10:33.361208+00:00"}
{"asctime": "2025-08-11 12:10:33,361", "levelname": "INFO", "name": "AresGlobal.EnhancedTrainingManager", "message": "ðŸ“Š Training Mode: N/A", "correlation_id": "-", "session_id": "-", "timestamp": "2025-08-11T10:10:33.361292+00:00"}
{"asctime": "2025-08-11 12:10:33,361", "levelname": "INFO", "name": "AresGlobal.EnhancedTrainingManager", "message": "ðŸ“ˆ Lookback Days: 30", "correlation_id": "-", "session_id": "-", "timestamp": "2025-08-11T10:10:33.361377+00:00"}
{"asctime": "2025-08-11 12:10:33,361", "levelname": "INFO", "name": "AresGlobal.EnhancedTrainingManager", "message": "ðŸ”§ Blank Training Mode: False", "correlation_id": "-", "session_id": "-", "timestamp": "2025-08-11T10:10:33.361462+00:00"}
{"asctime": "2025-08-11 12:10:33,361", "levelname": "INFO", "name": "AresGlobal.EnhancedTrainingManager", "message": "ðŸ”§ Max Trials: 200", "correlation_id": "-", "session_id": "-", "timestamp": "2025-08-11T10:10:33.361545+00:00"}
{"asctime": "2025-08-11 12:10:33,361", "levelname": "INFO", "name": "AresGlobal.EnhancedTrainingManager", "message": "ðŸ”§ N Trials: 100", "correlation_id": "-", "session_id": "-", "timestamp": "2025-08-11T10:10:33.361630+00:00"}
{"asctime": "2025-08-11 12:10:33,361", "levelname": "INFO", "name": "AresGlobal.EnhancedTrainingManager", "message": "ðŸš€ Initializing optimized tools...", "correlation_id": "-", "session_id": "-", "timestamp": "2025-08-11T10:10:33.361721+00:00"}
{"asctime": "2025-08-11 12:10:33,361", "levelname": "INFO", "name": "AresGlobal.EnhancedTrainingManagerOptimized", "message": "ðŸš€ Initializing Enhanced Training Manager with Optimizations...", "correlation_id": "-", "session_id": "-", "timestamp": "2025-08-11T10:10:33.361807+00:00"}
{"asctime": "2025-08-11 12:10:33,370", "levelname": "INFO", "name": "AresGlobal.EnhancedTrainingManagerOptimized", "message": "âœ… Parallel backtester initialized with 8 workers", "correlation_id": "-", "session_id": "-", "timestamp": "2025-08-11T10:10:33.370590+00:00"}
{"asctime": "2025-08-11 12:10:33,371", "levelname": "INFO", "name": "AresGlobal.EnhancedTrainingManagerOptimized", "message": "âœ… All optimization components initialized successfully", "correlation_id": "-", "session_id": "-", "timestamp": "2025-08-11T10:10:33.371400+00:00"}
{"asctime": "2025-08-11 12:10:33,371", "levelname": "INFO", "name": "AresGlobal.EnhancedTrainingManager", "message": "   âœ… Optimized training manager initialized", "correlation_id": "-", "session_id": "-", "timestamp": "2025-08-11T10:10:33.371574+00:00"}
{"asctime": "2025-08-11 12:10:33,371", "levelname": "INFO", "name": "AresGlobal.EnhancedTrainingManager", "message": "   âœ… Streaming processor initialized", "correlation_id": "-", "session_id": "-", "timestamp": "2025-08-11T10:10:33.371763+00:00"}
{"asctime": "2025-08-11 12:10:33,372", "levelname": "INFO", "name": "AresGlobal.EnhancedTrainingManager", "message": "   âœ… Parallel backtester initialized with 8 workers", "correlation_id": "-", "session_id": "-", "timestamp": "2025-08-11T10:10:33.372116+00:00"}
{"asctime": "2025-08-11 12:10:33,372", "levelname": "INFO", "name": "AresGlobal.EnhancedTrainingManager", "message": "   âœ… Adaptive sampler initialized", "correlation_id": "-", "session_id": "-", "timestamp": "2025-08-11T10:10:33.372282+00:00"}
{"asctime": "2025-08-11 12:10:33,372", "levelname": "INFO", "name": "AresGlobal.EnhancedTrainingManager", "message": "   âœ… Incremental trainer initialized", "correlation_id": "-", "session_id": "-", "timestamp": "2025-08-11T10:10:33.372382+00:00"}
{"asctime": "2025-08-11 12:10:33,372", "levelname": "INFO", "name": "AresGlobal.EnhancedTrainingManager", "message": "âœ… All optimized tools initialized successfully", "correlation_id": "-", "session_id": "-", "timestamp": "2025-08-11T10:10:33.372539+00:00"}
{"asctime": "2025-08-11 12:10:33,373", "levelname": "INFO", "name": "AresGlobal.EnhancedTrainingManager", "message": "ðŸ“‚ Checkpoint loaded: step4_analyst_labeling_feature_engineering from checkpoints/BINANCE/ETHUSDT/1m/training_progress.json", "correlation_id": "-", "session_id": "-", "timestamp": "2025-08-11T10:10:33.373547+00:00"}
{"asctime": "2025-08-11 12:10:33,373", "levelname": "INFO", "name": "AresGlobal.EnhancedTrainingManager", "message": "ðŸ”„ Resuming from checkpoint...", "correlation_id": "-", "session_id": "-", "timestamp": "2025-08-11T10:10:33.373914+00:00"}
{"asctime": "2025-08-11 12:10:33,374", "levelname": "INFO", "name": "AresGlobal.EnhancedTrainingManager", "message": "ðŸ“‚ Last completed step: step4_analyst_labeling_feature_engineering", "correlation_id": "-", "session_id": "-", "timestamp": "2025-08-11T10:10:33.374191+00:00"}
{"asctime": "2025-08-11 12:10:33,374", "levelname": "INFO", "name": "AresGlobal.EnhancedTrainingManager", "message": "====================================================================================================", "correlation_id": "-", "session_id": "-", "timestamp": "2025-08-11T10:10:33.374307+00:00"}
{"asctime": "2025-08-11 12:10:33,374", "levelname": "INFO", "name": "AresGlobal.EnhancedTrainingManager", "message": "ðŸš€ COMPREHENSIVE TRAINING PIPELINE START", "correlation_id": "-", "session_id": "-", "timestamp": "2025-08-11T10:10:33.374543+00:00"}
{"asctime": "2025-08-11 12:10:33,374", "levelname": "INFO", "name": "AresGlobal.EnhancedTrainingManager", "message": "====================================================================================================", "correlation_id": "-", "session_id": "-", "timestamp": "2025-08-11T10:10:33.374638+00:00"}
{"asctime": "2025-08-11 12:10:33,374", "levelname": "INFO", "name": "AresGlobal.EnhancedTrainingManager", "message": "ðŸ“… Started at: 2025-08-11 12:10:33", "correlation_id": "-", "session_id": "-", "timestamp": "2025-08-11T10:10:33.374744+00:00"}
{"asctime": "2025-08-11 12:10:33,374", "levelname": "INFO", "name": "AresGlobal.EnhancedTrainingManager", "message": "ðŸŽ¯ Symbol: ETHUSDT", "correlation_id": "-", "session_id": "-", "timestamp": "2025-08-11T10:10:33.374850+00:00"}
{"asctime": "2025-08-11 12:10:33,375", "levelname": "INFO", "name": "AresGlobal.EnhancedTrainingManager", "message": "ðŸ¢ Exchange: BINANCE", "correlation_id": "-", "session_id": "-", "timestamp": "2025-08-11T10:10:33.375019+00:00"}
{"asctime": "2025-08-11 12:10:33,375", "levelname": "INFO", "name": "AresGlobal.EnhancedTrainingManager", "message": "ðŸ“Š Timeframe: 1m", "correlation_id": "-", "session_id": "-", "timestamp": "2025-08-11T10:10:33.375105+00:00"}
{"asctime": "2025-08-11 12:10:33,375", "levelname": "INFO", "name": "AresGlobal.EnhancedTrainingManager", "message": "ðŸ§  Training Mode: Full", "correlation_id": "-", "session_id": "-", "timestamp": "2025-08-11T10:10:33.375195+00:00"}
{"asctime": "2025-08-11 12:10:33,375", "levelname": "INFO", "name": "AresGlobal.EnhancedTrainingManager", "message": "ðŸ”§ Max Trials: 200", "correlation_id": "-", "session_id": "-", "timestamp": "2025-08-11T10:10:33.375317+00:00"}
{"asctime": "2025-08-11 12:10:33,375", "levelname": "INFO", "name": "AresGlobal.EnhancedTrainingManager", "message": "ðŸ“ˆ Lookback Days: 30", "correlation_id": "-", "session_id": "-", "timestamp": "2025-08-11T10:10:33.375688+00:00"}
{"asctime": "2025-08-11 12:10:33,375", "levelname": "INFO", "name": "AresGlobal.EnhancedTrainingManager", "message": "ðŸ’¾ Memory Optimization: Enabled", "correlation_id": "-", "session_id": "-", "timestamp": "2025-08-11T10:10:33.375999+00:00"}
{"asctime": "2025-08-11 12:10:33,376", "levelname": "INFO", "name": "AresGlobal.EnhancedTrainingManager", "message": "ðŸš€ Starting from step: step4_analyst_labeling_feature_engineering", "correlation_id": "-", "session_id": "-", "timestamp": "2025-08-11T10:10:33.376277+00:00"}
{"asctime": "2025-08-11 12:10:33,376", "levelname": "INFO", "name": "AresGlobal.EnhancedTrainingManager", "message": "====================================================================================================", "correlation_id": "-", "session_id": "-", "timestamp": "2025-08-11T10:10:33.376569+00:00"}
{"asctime": "2025-08-11 12:10:33,376", "levelname": "INFO", "name": "AresGlobal.EnhancedTrainingManager", "message": "â­ï¸  Skipping Step 1: Data Collection (using pre-consolidated data)", "correlation_id": "-", "session_id": "-", "timestamp": "2025-08-11T10:10:33.376749+00:00"}
{"asctime": "2025-08-11 12:10:33,376", "levelname": "INFO", "name": "AresGlobal.EnhancedTrainingManager", "message": "ðŸŽ­ STEP 2: Market Regime Classification...", "correlation_id": "-", "session_id": "-", "timestamp": "2025-08-11T10:10:33.376875+00:00"}
{"asctime": "2025-08-11 12:10:33,376", "levelname": "INFO", "name": "AresGlobal.EnhancedTrainingManager", "message": "   ðŸ§  Analyzing market regimes and volatility patterns...", "correlation_id": "-", "session_id": "-", "timestamp": "2025-08-11T10:10:33.376970+00:00"}
{"asctime": "2025-08-11 12:10:38,324", "levelname": "INFO", "name": "AresGlobal.EnhancedTrainingManager", "message": "ðŸ” Running validator for step2_market_regime_classification", "correlation_id": "-", "session_id": "-", "timestamp": "2025-08-11T10:10:38.324335+00:00"}
{"asctime": "2025-08-11 12:10:38,324", "levelname": "INFO", "name": "AresGlobal.ValidatorOrchestrator", "message": "ðŸ” Running validator for step2_market_regime_classification", "correlation_id": "-", "session_id": "-", "timestamp": "2025-08-11T10:10:38.324605+00:00"}
{"asctime": "2025-08-11 12:10:38,326", "levelname": "INFO", "name": "AresGlobal.Step2MarketRegimeClassificationValidator", "message": "ðŸ” Validating market regime classification step...", "correlation_id": "-", "session_id": "-", "timestamp": "2025-08-11T10:10:38.326133+00:00"}
{"asctime": "2025-08-11 12:10:38,326", "levelname": "INFO", "name": "AresGlobal.Step2MarketRegimeClassificationValidator", "message": "ðŸ”§ read_parquet start path=data/training/BINANCE_ETHUSDT_regime_classification.parquet columns=regime_columns", "correlation_id": "-", "session_id": "-", "timestamp": "2025-08-11T10:10:38.326792+00:00"}
{"asctime": "2025-08-11 12:10:38,329", "levelname": "INFO", "name": "AresGlobal.Step2MarketRegimeClassificationValidator", "message": "âœ… read_parquet ok path=data/training/BINANCE_ETHUSDT_regime_classification.parquet elapsed=0.003s size=14.4KB", "correlation_id": "-", "session_id": "-", "timestamp": "2025-08-11T10:10:38.329917+00:00"}
{"asctime": "2025-08-11 12:10:38,330", "levelname": "INFO", "name": "AresGlobal.Step2MarketRegimeClassificationValidator", "message": "âœ… Regime distribution validation passed: 2 regimes", "correlation_id": "-", "session_id": "-", "timestamp": "2025-08-11T10:10:38.330422+00:00"}
{"asctime": "2025-08-11 12:10:38,330", "levelname": "INFO", "name": "AresGlobal.Step2MarketRegimeClassificationValidator", "message": "âœ… Regime transitions validation passed: 4 transition types", "correlation_id": "-", "session_id": "-", "timestamp": "2025-08-11T10:10:38.330879+00:00"}
{"asctime": "2025-08-11 12:10:38,330", "levelname": "INFO", "name": "AresGlobal.Step2MarketRegimeClassificationValidator", "message": "âœ… Market regime classification validation passed (critical checks only)", "correlation_id": "-", "session_id": "-", "timestamp": "2025-08-11T10:10:38.330997+00:00"}
{"asctime": "2025-08-11 12:10:38,331", "levelname": "INFO", "name": "AresGlobal.ValidatorOrchestrator", "message": "âœ… Validator for step2_market_regime_classification completed: True", "correlation_id": "-", "session_id": "-", "timestamp": "2025-08-11T10:10:38.331137+00:00"}
{"asctime": "2025-08-11 12:10:38,331", "levelname": "INFO", "name": "AresGlobal.EnhancedTrainingManager", "message": "âœ… step2_market_regime_classification validation passed", "correlation_id": "-", "session_id": "-", "timestamp": "2025-08-11T10:10:38.331338+00:00"}
{"asctime": "2025-08-11 12:10:38,433", "levelname": "INFO", "name": "AresGlobal.EnhancedTrainingManager", "message": "âœ… Step 2: Market Regime Classification: completed successfully in 4.95s", "correlation_id": "-", "session_id": "-", "timestamp": "2025-08-11T10:10:38.433042+00:00"}
{"asctime": "2025-08-11 12:10:38,433", "levelname": "INFO", "name": "AresGlobal.EnhancedTrainingManager", "message": "ðŸ’¾ Process Memory: 408.0 MB | CPU: 0.1%", "correlation_id": "-", "session_id": "-", "timestamp": "2025-08-11T10:10:38.433485+00:00"}
{"asctime": "2025-08-11 12:10:38,433", "levelname": "INFO", "name": "AresGlobal.EnhancedTrainingManager", "message": "ðŸ–¥ï¸ System Memory: 61.4% | Available: 6.2 GB", "correlation_id": "-", "session_id": "-", "timestamp": "2025-08-11T10:10:38.433631+00:00"}
{"asctime": "2025-08-11 12:10:38,433", "levelname": "INFO", "name": "AresGlobal.EnhancedTrainingManager", "message": "ðŸ“Š Progress: 6.2% (1/16)", "correlation_id": "-", "session_id": "-", "timestamp": "2025-08-11T10:10:38.433758+00:00"}
{"asctime": "2025-08-11 12:10:38,434", "levelname": "INFO", "name": "AresGlobal.EnhancedTrainingManager", "message": "ðŸ’¾ Checkpoint saved: step2_market_regime_classification -> checkpoints/BINANCE/ETHUSDT/1m/training_progress.json", "correlation_id": "-", "session_id": "-", "timestamp": "2025-08-11T10:10:38.434968+00:00"}
{"asctime": "2025-08-11 12:10:38,435", "levelname": "INFO", "name": "AresGlobal.EnhancedTrainingManager", "message": "ðŸ“Š STEP 3: Regime Data Splitting...", "correlation_id": "-", "session_id": "-", "timestamp": "2025-08-11T10:10:38.435205+00:00"}
{"asctime": "2025-08-11 12:10:38,435", "levelname": "INFO", "name": "AresGlobal.EnhancedTrainingManager", "message": "   ðŸ“ˆ Splitting data by market regimes for specialized training...", "correlation_id": "-", "session_id": "-", "timestamp": "2025-08-11T10:10:38.435342+00:00"}
{"asctime": "2025-08-11 12:11:23,036", "levelname": "INFO", "name": "AresGlobal.EnhancedTrainingManager", "message": "ðŸ” Running validator for step3_regime_data_splitting", "correlation_id": "-", "session_id": "-", "timestamp": "2025-08-11T10:11:23.036141+00:00"}
{"asctime": "2025-08-11 12:11:23,036", "levelname": "INFO", "name": "AresGlobal.ValidatorOrchestrator", "message": "ðŸ” Running validator for step3_regime_data_splitting", "correlation_id": "-", "session_id": "-", "timestamp": "2025-08-11T10:11:23.036631+00:00"}
{"asctime": "2025-08-11 12:11:23,037", "levelname": "INFO", "name": "AresGlobal.Step3RegimeDataSplittingValidator", "message": "ðŸ”§ BLANK MODE: Using very lenient validation parameters", "correlation_id": "-", "session_id": "-", "timestamp": "2025-08-11T10:11:23.037747+00:00"}
{"asctime": "2025-08-11 12:11:23,037", "levelname": "INFO", "name": "AresGlobal.Step3RegimeDataSplittingValidator", "message": "ðŸ” Validating regime data splitting step...", "correlation_id": "-", "session_id": "-", "timestamp": "2025-08-11T10:11:23.037901+00:00"}
{"asctime": "2025-08-11 12:11:23,038", "levelname": "INFO", "name": "AresGlobal.Step3RegimeDataSplittingValidator", "message": "âœ… All split data files exist", "correlation_id": "-", "session_id": "-", "timestamp": "2025-08-11T10:11:23.038063+00:00"}
{"asctime": "2025-08-11 12:11:23,038", "levelname": "INFO", "name": "AresGlobal.Step3RegimeDataSplittingValidator", "message": "ðŸ”§ read_parquet start path=data/training/BINANCE_ETHUSDT_train_data.parquet columns=regime_columns", "correlation_id": "-", "session_id": "-", "timestamp": "2025-08-11T10:11:23.038694+00:00"}
{"asctime": "2025-08-11 12:11:23,048", "levelname": "INFO", "name": "AresGlobal.Step3RegimeDataSplittingValidator", "message": "âœ… read_parquet ok path=data/training/BINANCE_ETHUSDT_train_data.parquet elapsed=0.010s size=11.3MB", "correlation_id": "-", "session_id": "-", "timestamp": "2025-08-11T10:11:23.048919+00:00"}
{"asctime": "2025-08-11 12:11:23,089", "levelname": "INFO", "name": "AresGlobal.Step3RegimeDataSplittingValidator", "message": "ðŸ§® train_data: rows=179661 cols=3 memory=12.51MB dtypes={'datetime64[ns]': 1, 'object': 1, 'float64': 1}", "correlation_id": "-", "session_id": "-", "timestamp": "2025-08-11T10:11:23.089351+00:00"}
{"asctime": "2025-08-11 12:11:23,102", "levelname": "INFO", "name": "AresGlobal.Step3RegimeDataSplittingValidator", "message": "ðŸ§ª train_data nulls (first 10 cols): {'timestamp': 0, 'regime': 0, 'confidence': 0}", "correlation_id": "-", "session_id": "-", "timestamp": "2025-08-11T10:11:23.102623+00:00"}
{"asctime": "2025-08-11 12:11:23,178", "levelname": "WARNING", "name": "AresGlobal.Step3RegimeDataSplittingValidator", "message": "âš ï¸ train split missing columns: ['open', 'high', 'low', 'close', 'volume'] - continuing with caution in BLANK mode", "correlation_id": "-", "session_id": "-", "timestamp": "2025-08-11T10:11:23.178326+00:00"}
{"asctime": "2025-08-11 12:11:23,178", "levelname": "INFO", "name": "AresGlobal.Step3RegimeDataSplittingValidator", "message": "ðŸ”§ read_parquet start path=data/training/BINANCE_ETHUSDT_validation_data.parquet columns=regime_columns", "correlation_id": "-", "session_id": "-", "timestamp": "2025-08-11T10:11:23.178699+00:00"}
{"asctime": "2025-08-11 12:11:23,182", "levelname": "INFO", "name": "AresGlobal.Step3RegimeDataSplittingValidator", "message": "âœ… read_parquet ok path=data/training/BINANCE_ETHUSDT_validation_data.parquet elapsed=0.004s size=2.6MB", "correlation_id": "-", "session_id": "-", "timestamp": "2025-08-11T10:11:23.182843+00:00"}
{"asctime": "2025-08-11 12:11:23,192", "levelname": "INFO", "name": "AresGlobal.Step3RegimeDataSplittingValidator", "message": "ðŸ§® validation_data: rows=38499 cols=3 memory=2.68MB dtypes={'datetime64[ns]': 1, 'object': 1, 'float64': 1}", "correlation_id": "-", "session_id": "-", "timestamp": "2025-08-11T10:11:23.192362+00:00"}
{"asctime": "2025-08-11 12:11:23,197", "levelname": "INFO", "name": "AresGlobal.Step3RegimeDataSplittingValidator", "message": "ðŸ§ª validation_data nulls (first 10 cols): {'timestamp': 0, 'regime': 0, 'confidence': 0}", "correlation_id": "-", "session_id": "-", "timestamp": "2025-08-11T10:11:23.197600+00:00"}
{"asctime": "2025-08-11 12:11:23,215", "levelname": "WARNING", "name": "AresGlobal.Step3RegimeDataSplittingValidator", "message": "âš ï¸ validation split missing columns: ['open', 'high', 'low', 'close', 'volume'] - continuing with caution in BLANK mode", "correlation_id": "-", "session_id": "-", "timestamp": "2025-08-11T10:11:23.215647+00:00"}
{"asctime": "2025-08-11 12:11:23,215", "levelname": "INFO", "name": "AresGlobal.Step3RegimeDataSplittingValidator", "message": "ðŸ”§ read_parquet start path=data/training/BINANCE_ETHUSDT_test_data.parquet columns=regime_columns", "correlation_id": "-", "session_id": "-", "timestamp": "2025-08-11T10:11:23.215966+00:00"}
{"asctime": "2025-08-11 12:11:23,219", "levelname": "INFO", "name": "AresGlobal.Step3RegimeDataSplittingValidator", "message": "âœ… read_parquet ok path=data/training/BINANCE_ETHUSDT_test_data.parquet elapsed=0.004s size=2.2MB", "correlation_id": "-", "session_id": "-", "timestamp": "2025-08-11T10:11:23.219989+00:00"}
{"asctime": "2025-08-11 12:11:23,231", "levelname": "INFO", "name": "AresGlobal.Step3RegimeDataSplittingValidator", "message": "ðŸ§® test_data: rows=38499 cols=3 memory=2.68MB dtypes={'datetime64[ns]': 1, 'object': 1, 'float64': 1}", "correlation_id": "-", "session_id": "-", "timestamp": "2025-08-11T10:11:23.231085+00:00"}
{"asctime": "2025-08-11 12:11:23,234", "levelname": "INFO", "name": "AresGlobal.Step3RegimeDataSplittingValidator", "message": "ðŸ§ª test_data nulls (first 10 cols): {'timestamp': 0, 'regime': 0, 'confidence': 0}", "correlation_id": "-", "session_id": "-", "timestamp": "2025-08-11T10:11:23.234423+00:00"}
{"asctime": "2025-08-11 12:11:23,251", "levelname": "WARNING", "name": "AresGlobal.Step3RegimeDataSplittingValidator", "message": "âš ï¸ test split missing columns: ['open', 'high', 'low', 'close', 'volume'] - continuing with caution in BLANK mode", "correlation_id": "-", "session_id": "-", "timestamp": "2025-08-11T10:11:23.251801+00:00"}
{"asctime": "2025-08-11 12:11:23,252", "levelname": "INFO", "name": "AresGlobal.Step3RegimeDataSplittingValidator", "message": "âœ… All split data quality validation passed", "correlation_id": "-", "session_id": "-", "timestamp": "2025-08-11T10:11:23.252079+00:00"}
{"asctime": "2025-08-11 12:11:23,256", "levelname": "INFO", "name": "AresGlobal.Step3RegimeDataSplittingValidator", "message": "âœ… train proportion 0.799 within expected range (0.500-0.850)", "correlation_id": "-", "session_id": "-", "timestamp": "2025-08-11T10:11:23.256014+00:00"}
{"asctime": "2025-08-11 12:11:23,256", "levelname": "INFO", "name": "AresGlobal.Step3RegimeDataSplittingValidator", "message": "âœ… validation proportion 0.100 within expected range (0.050-0.250)", "correlation_id": "-", "session_id": "-", "timestamp": "2025-08-11T10:11:23.256299+00:00"}
{"asctime": "2025-08-11 12:11:23,256", "levelname": "INFO", "name": "AresGlobal.Step3RegimeDataSplittingValidator", "message": "âœ… test proportion 0.101 within expected range (0.050-0.250)", "correlation_id": "-", "session_id": "-", "timestamp": "2025-08-11T10:11:23.256522+00:00"}
{"asctime": "2025-08-11 12:11:23,256", "levelname": "INFO", "name": "AresGlobal.Step3RegimeDataSplittingValidator", "message": "âœ… Split proportions validation passed: {'train': 0.7991587802313355, 'validation': 0.09989484752891693, 'test': 0.10094637223974763}", "correlation_id": "-", "session_id": "-", "timestamp": "2025-08-11T10:11:23.256881+00:00"}
{"asctime": "2025-08-11 12:11:23,259", "levelname": "INFO", "name": "AresGlobal.Step3RegimeDataSplittingValidator", "message": "âœ… Split consistency validation passed", "correlation_id": "-", "session_id": "-", "timestamp": "2025-08-11T10:11:23.259161+00:00"}
{"asctime": "2025-08-11 12:11:23,259", "levelname": "INFO", "name": "AresGlobal.Step3RegimeDataSplittingValidator", "message": "âœ… Regime data splitting validation passed (critical checks only)", "correlation_id": "-", "session_id": "-", "timestamp": "2025-08-11T10:11:23.259580+00:00"}
{"asctime": "2025-08-11 12:11:23,259", "levelname": "INFO", "name": "AresGlobal.ValidatorOrchestrator", "message": "âœ… Validator for step3_regime_data_splitting completed: True", "correlation_id": "-", "session_id": "-", "timestamp": "2025-08-11T10:11:23.259801+00:00"}
{"asctime": "2025-08-11 12:11:23,260", "levelname": "INFO", "name": "AresGlobal.EnhancedTrainingManager", "message": "âœ… step3_regime_data_splitting validation passed", "correlation_id": "-", "session_id": "-", "timestamp": "2025-08-11T10:11:23.260053+00:00"}
{"asctime": "2025-08-11 12:11:23,365", "levelname": "INFO", "name": "AresGlobal.EnhancedTrainingManager", "message": "âœ… Step 3: Regime Data Splitting: completed successfully in 44.82s", "correlation_id": "-", "session_id": "-", "timestamp": "2025-08-11T10:11:23.365515+00:00"}
{"asctime": "2025-08-11 12:11:23,365", "levelname": "INFO", "name": "AresGlobal.EnhancedTrainingManager", "message": "ðŸ’¾ Process Memory: 980.3 MB | CPU: 0.0%", "correlation_id": "-", "session_id": "-", "timestamp": "2025-08-11T10:11:23.365727+00:00"}
{"asctime": "2025-08-11 12:11:23,365", "levelname": "INFO", "name": "AresGlobal.EnhancedTrainingManager", "message": "ðŸ–¥ï¸ System Memory: 62.5% | Available: 6.0 GB", "correlation_id": "-", "session_id": "-", "timestamp": "2025-08-11T10:11:23.365888+00:00"}
{"asctime": "2025-08-11 12:11:23,365", "levelname": "INFO", "name": "AresGlobal.EnhancedTrainingManager", "message": "ðŸ“Š Progress: 12.5% (2/16)", "correlation_id": "-", "session_id": "-", "timestamp": "2025-08-11T10:11:23.366003+00:00"}
{"asctime": "2025-08-11 12:11:23,367", "levelname": "INFO", "name": "AresGlobal.EnhancedTrainingManager", "message": "ðŸ’¾ Checkpoint saved: step3_regime_data_splitting -> checkpoints/BINANCE/ETHUSDT/1m/training_progress.json", "correlation_id": "-", "session_id": "-", "timestamp": "2025-08-11T10:11:23.367025+00:00"}
{"asctime": "2025-08-11 12:11:23,367", "levelname": "INFO", "name": "AresGlobal.EnhancedTrainingManager", "message": "ðŸ§  STEP 4: Analyst Labeling & Feature Engineering...", "correlation_id": "-", "session_id": "-", "timestamp": "2025-08-11T10:11:23.367170+00:00"}
{"asctime": "2025-08-11 12:11:23,428", "levelname": "INFO", "name": "AresGlobal.OptimizedTripleBarrierLabeling", "message": "ðŸ”– Triple barrier labeling configured for binary classification (BUY/SELL only)", "correlation_id": "-", "session_id": "-", "timestamp": "2025-08-11T10:11:23.428743+00:00"}
{"asctime": "2025-08-11 12:11:23,428", "levelname": "INFO", "name": "AresGlobal.OptimizedTripleBarrierLabeling", "message": "   â†’ HOLD samples will be automatically filtered out", "correlation_id": "-", "session_id": "-", "timestamp": "2025-08-11T10:11:23.428980+00:00"}
{"asctime": "2025-08-11 12:11:23,429", "levelname": "INFO", "name": "AresGlobal.OptimizedTripleBarrierLabeling", "message": "   â†’ This addresses label imbalance issues", "correlation_id": "-", "session_id": "-", "timestamp": "2025-08-11T10:11:23.429091+00:00"}
{"asctime": "2025-08-11 12:21:41,301", "levelname": "INFO", "name": "AresGlobal.AresLauncher", "message": "ðŸ§¹ Cleaning up processes...", "correlation_id": "-", "session_id": "-", "timestamp": "2025-08-11T10:21:41.301988+00:00"}
{"asctime": "2025-08-11 12:21:41,303", "levelname": "INFO", "name": "AresGlobal.AresLauncher", "message": "âœ… Cleanup completed", "correlation_id": "-", "session_id": "-", "timestamp": "2025-08-11T10:21:41.303916+00:00"}
