2025-08-07 22:09:56,709 - AresTradingSystem - INFO - ✅ Enhanced Logger initialization completed successfully
2025-08-07 22:09:56,717 - AresTradingSystem.System - INFO - Environment configuration loaded successfully. Trading Environment: PAPER, Exchange: BINANCE
2025-08-07 22:09:58,054 - AresTradingSystem.System.UnifiedRegimeClassifier - WARNING - Models not trained, training now...
2025-08-07 22:09:58,054 - AresTradingSystem.System.UnifiedRegimeClassifier - INFO - 🎓 Training Complete Regime Classification System...
2025-08-07 22:09:58,054 - AresTradingSystem.System.UnifiedRegimeClassifier - INFO - 🎓 Training HMM-based Market Regime Classifier...
2025-08-07 22:09:58,054 - AresTradingSystem.System.UnifiedRegimeClassifier - INFO - 🔧 Calculating features for 879 periods...
2025-08-07 22:09:58,061 - AresTradingSystem.System.UnifiedRegimeClassifier - INFO - ✅ Calculated comprehensive features for 854 periods (dropped 25 rows)
2025-08-07 22:09:58,153 - AresTradingSystem.System.UnifiedRegimeClassifier - INFO - State 0: SIDEWAYS (mean_return=-0.0010, mean_vol=0.0061, mean_adx=20.05)
2025-08-07 22:09:58,153 - AresTradingSystem.System.UnifiedRegimeClassifier - INFO - State 1: SIDEWAYS (mean_return=0.0002, mean_vol=0.0045, mean_adx=19.23)
2025-08-07 22:09:58,153 - AresTradingSystem.System.UnifiedRegimeClassifier - INFO - State 2: SIDEWAYS (mean_return=0.0007, mean_vol=0.0082, mean_adx=22.63)
2025-08-07 22:09:58,154 - AresTradingSystem.System.UnifiedRegimeClassifier - INFO - State 3: SIDEWAYS (mean_return=0.0158, mean_vol=0.0057, mean_adx=20.85)
2025-08-07 22:09:58,154 - AresTradingSystem.System.UnifiedRegimeClassifier - INFO - ✅ HMM-based regime classifier trained successfully
2025-08-07 22:09:58,154 - AresTradingSystem.System.UnifiedRegimeClassifier - INFO - 🎓 Training Basic Regime Ensemble...
2025-08-07 22:09:58,154 - AresTradingSystem.System.UnifiedRegimeClassifier - INFO - 🔧 Calculating features for 879 periods...
2025-08-07 22:09:58,161 - AresTradingSystem.System.UnifiedRegimeClassifier - INFO - ✅ Calculated comprehensive features for 854 periods (dropped 25 rows)
2025-08-07 22:09:58,169 - AresTradingSystem.System.UnifiedRegimeClassifier - INFO - ✅ Basic regime ensemble trained successfully
2025-08-07 22:09:58,169 - AresTradingSystem.System.UnifiedRegimeClassifier - INFO - 🎓 Training Location Classifier...
2025-08-07 22:09:58,169 - AresTradingSystem.System.UnifiedRegimeClassifier - INFO - 🔧 Calculating features for 879 periods...
2025-08-07 22:09:58,175 - AresTradingSystem.System.UnifiedRegimeClassifier - INFO - ✅ Calculated comprehensive features for 854 periods (dropped 25 rows)
2025-08-07 22:09:58,176 - AresTradingSystem.System.UnifiedRegimeClassifier - INFO - Classifying location with tactical pivots and strategic volume levels...
2025-08-07 22:09:58,178 - AresTradingSystem.System.UnifiedRegimeClassifier - ERROR - ❌ Failed to train location classifier: module 'pandas' has no attribute 'arange'
2025-08-07 22:09:58,178 - AresTradingSystem.System.UnifiedRegimeClassifier - INFO - 🔧 Calculating features for 879 periods...
2025-08-07 22:09:58,184 - AresTradingSystem.System.UnifiedRegimeClassifier - INFO - ✅ Calculated comprehensive features for 854 periods (dropped 25 rows)
2025-08-07 22:09:58,186 - AresTradingSystem.System.UnifiedRegimeClassifier - INFO - Classifying location with tactical pivots and strategic volume levels...
2025-08-07 22:09:58,188 - AresTradingSystem.System.UnifiedRegimeClassifier - ERROR - Error in regime classification: module 'pandas' has no attribute 'arange'
