{"asctime": "2025-08-10 20:00:04,147", "levelname": "INFO", "name": "AresTradingSystem", "message": "✅ Enhanced Logger initialization completed successfully", "correlation_id": "-", "session_id": "-", "timestamp": "2025-08-10T18:00:04.147885+00:00"}
{"asctime": "2025-08-10 20:00:04,148", "levelname": "INFO", "name": "AresTradingSystem.System.VectorizedLabellingOrchestrator", "message": "🚀 Initializing vectorized labeling orchestrator...", "correlation_id": "-", "session_id": "-", "timestamp": "2025-08-10T18:00:04.148703+00:00"}
{"asctime": "2025-08-10 20:00:04,154", "levelname": "INFO", "name": "AresTradingSystem.System.VectorizedLabellingOrchestrator", "message": "✅ CRITICAL FIX: Binary classification enabled to address label imbalance", "correlation_id": "-", "session_id": "-", "timestamp": "2025-08-10T18:00:04.154272+00:00"}
{"asctime": "2025-08-10 20:00:04,155", "levelname": "INFO", "name": "AresTradingSystem.System.VectorizedAdvancedFeatureEngineering", "message": "🚀 Initializing vectorized advanced feature engineering...", "correlation_id": "-", "session_id": "-", "timestamp": "2025-08-10T18:00:04.155579+00:00"}
{"asctime": "2025-08-10 20:00:04,155", "levelname": "INFO", "name": "AresTradingSystem.System.WaveletFeatureCache", "message": "✅ Cache directory initialized: data/wavelet_cache", "correlation_id": "-", "session_id": "-", "timestamp": "2025-08-10T18:00:04.155757+00:00"}
{"asctime": "2025-08-10 20:00:04,155", "levelname": "INFO", "name": "AresTradingSystem.System.VectorizedVolatilityRegimeModel", "message": "🚀 Initializing vectorized volatility regime model...", "correlation_id": "-", "session_id": "-", "timestamp": "2025-08-10T18:00:04.155838+00:00"}
{"asctime": "2025-08-10 20:00:04,155", "levelname": "INFO", "name": "AresTradingSystem.System.VectorizedVolatilityRegimeModel", "message": "✅ Vectorized volatility regime model initialized successfully", "correlation_id": "-", "session_id": "-", "timestamp": "2025-08-10T18:00:04.155900+00:00"}
{"asctime": "2025-08-10 20:00:04,155", "levelname": "INFO", "name": "AresTradingSystem.System.VectorizedCorrelationAnalyzer", "message": "🚀 Initializing vectorized correlation analyzer...", "correlation_id": "-", "session_id": "-", "timestamp": "2025-08-10T18:00:04.155964+00:00"}
{"asctime": "2025-08-10 20:00:04,156", "levelname": "INFO", "name": "AresTradingSystem.System.VectorizedCorrelationAnalyzer", "message": "✅ Vectorized correlation analyzer initialized successfully", "correlation_id": "-", "session_id": "-", "timestamp": "2025-08-10T18:00:04.156039+00:00"}
{"asctime": "2025-08-10 20:00:04,156", "levelname": "INFO", "name": "AresTradingSystem.System.VectorizedMomentumAnalyzer", "message": "🚀 Initializing vectorized momentum analyzer...", "correlation_id": "-", "session_id": "-", "timestamp": "2025-08-10T18:00:04.156134+00:00"}
{"asctime": "2025-08-10 20:00:04,156", "levelname": "INFO", "name": "AresTradingSystem.System.VectorizedMomentumAnalyzer", "message": "✅ Vectorized momentum analyzer initialized successfully", "correlation_id": "-", "session_id": "-", "timestamp": "2025-08-10T18:00:04.156208+00:00"}
{"asctime": "2025-08-10 20:00:04,156", "levelname": "INFO", "name": "AresTradingSystem.System.VectorizedLiquidityAnalyzer", "message": "🚀 Initializing vectorized liquidity analyzer...", "correlation_id": "-", "session_id": "-", "timestamp": "2025-08-10T18:00:04.156267+00:00"}
{"asctime": "2025-08-10 20:00:04,156", "levelname": "INFO", "name": "AresTradingSystem.System.VectorizedLiquidityAnalyzer", "message": "✅ Vectorized liquidity analyzer initialized successfully", "correlation_id": "-", "session_id": "-", "timestamp": "2025-08-10T18:00:04.156320+00:00"}
{"asctime": "2025-08-10 20:00:04,156", "levelname": "INFO", "name": "AresTradingSystem.System.VectorizedCandlestickPatternAnalyzer", "message": "🚀 Initializing vectorized candlestick pattern analyzer...", "correlation_id": "-", "session_id": "-", "timestamp": "2025-08-10T18:00:04.156379+00:00"}
{"asctime": "2025-08-10 20:00:04,156", "levelname": "INFO", "name": "AresTradingSystem.System.VectorizedCandlestickPatternAnalyzer", "message": "✅ Vectorized candlestick pattern analyzer initialized successfully", "correlation_id": "-", "session_id": "-", "timestamp": "2025-08-10T18:00:04.156433+00:00"}
{"asctime": "2025-08-10 20:00:04,156", "levelname": "INFO", "name": "AresTradingSystem.System.VectorizedSRDistanceCalculator", "message": "🚀 Initializing vectorized S/R distance calculator...", "correlation_id": "-", "session_id": "-", "timestamp": "2025-08-10T18:00:04.156497+00:00"}
{"asctime": "2025-08-10 20:00:04,156", "levelname": "INFO", "name": "AresTradingSystem.System.VectorizedSRDistanceCalculator", "message": "✅ Vectorized S/R distance calculator initialized successfully", "correlation_id": "-", "session_id": "-", "timestamp": "2025-08-10T18:00:04.156549+00:00"}
{"asctime": "2025-08-10 20:00:04,156", "levelname": "INFO", "name": "AresTradingSystem.System.VectorizedWaveletTransformAnalyzer", "message": "🚀 Initializing enhanced vectorized wavelet transform analyzer...", "correlation_id": "-", "session_id": "-", "timestamp": "2025-08-10T18:00:04.156610+00:00"}
{"asctime": "2025-08-10 20:00:04,156", "levelname": "INFO", "name": "AresTradingSystem.System.VectorizedWaveletTransformAnalyzer", "message": "✅ Enhanced vectorized wavelet transform analyzer initialized successfully", "correlation_id": "-", "session_id": "-", "timestamp": "2025-08-10T18:00:04.156665+00:00"}
{"asctime": "2025-08-10 20:00:04,156", "levelname": "INFO", "name": "AresTradingSystem.System.VectorizedWaveletTransformAnalyzer", "message": "📊 Configuration: padding_mode=symmetric, cwt_scale_method=logarithmic, max_features_per_wavelet=20", "correlation_id": "-", "session_id": "-", "timestamp": "2025-08-10T18:00:04.156718+00:00"}
{"asctime": "2025-08-10 20:00:04,157", "levelname": "INFO", "name": "AresTradingSystem.System.MetaLabelingSystem", "message": "🚀 Initializing meta-labeling system...", "correlation_id": "-", "session_id": "-", "timestamp": "2025-08-10T18:00:04.157567+00:00"}
{"asctime": "2025-08-10 20:00:04,157", "levelname": "INFO", "name": "AresTradingSystem.System.MetaLabelingSystem", "message": "✅ Meta-labeling system initialized successfully", "correlation_id": "-", "session_id": "-", "timestamp": "2025-08-10T18:00:04.157640+00:00"}
{"asctime": "2025-08-10 20:00:04,157", "levelname": "INFO", "name": "AresTradingSystem.System.VectorizedAdvancedFeatureEngineering", "message": "✅ Vectorized advanced feature engineering initialized successfully", "correlation_id": "-", "session_id": "-", "timestamp": "2025-08-10T18:00:04.157698+00:00"}
