2025-08-07 19:52:56,813 - AresTradingSystem - INFO - ✅ Enhanced Logger initialization completed successfully
2025-08-07 19:52:56,820 - AresTradingSystem.System - INFO - Environment configuration loaded successfully. Trading Environment: PAPER, Exchange: BINANCE
2025-08-07 19:52:57,156 - AresTradingSystem.System.SignalHandler - INFO - Initializing Signal Handler...
2025-08-07 19:52:57,156 - AresTradingSystem.System.SignalHandler - INFO - Signal configuration loaded successfully
2025-08-07 19:52:57,156 - AresTradingSystem.System.SignalHandler - INFO - Configuration validation successful
2025-08-07 19:52:57,156 - AresTradingSystem.System.SignalHandler - INFO - Registered SIGTERM handler
2025-08-07 19:52:57,156 - AresTradingSystem.System.SignalHandler - INFO - Registered SIGINT handler
2025-08-07 19:52:57,156 - AresTradingSystem.System.SignalHandler - INFO - Signal handlers registered successfully
2025-08-07 19:52:57,156 - AresTradingSystem.System.SignalHandler - INFO - ✅ Signal Handler initialization completed successfully
2025-08-07 19:52:57,158 - AresTradingSystem.System.SignalHandler - INFO - Shutdown callback registered
2025-08-07 19:53:01,505 - AresTradingSystem.System - INFO - Using device: MPS for PyTorch operations.
2025-08-07 19:53:01,505 - AresTradingSystem.System - INFO - Initializing Analyst Enhancement Step...
2025-08-07 19:53:01,505 - AresTradingSystem.System - INFO - Analyst Enhancement Step initialized successfully.
2025-08-07 19:53:01,506 - AresTradingSystem.System - INFO - 🔄 Executing Analyst Enhancement...
2025-08-07 19:53:01,506 - AresTradingSystem.System - ERROR - ❌ Error in Analyst Enhancement after 0.00s: No analyst models found in data/training/analyst_models
Traceback (most recent call last):
  File "/Users/remyroche/Documents/Ares/src/training/steps/step6_analyst_enhancement.py", line 90, in execute
    raise ValueError(f"No analyst models found in {models_dir}")
ValueError: No analyst models found in data/training/analyst_models
2025-08-07 19:53:01,597 - AresTradingSystem.System - INFO - Initializing Analyst Ensemble Creation Step...
2025-08-07 19:53:01,597 - AresTradingSystem.System - INFO - Analyst Ensemble Creation Step initialized successfully
2025-08-07 19:53:01,598 - AresTradingSystem.System - INFO - 🔄 Executing Analyst Ensemble Creation...
2025-08-07 19:53:01,598 - AresTradingSystem.System - INFO - Loading training and validation data...
2025-08-07 19:53:01,598 - AresTradingSystem.System - WARNING - No training or validation data found, attempting to load from klines data...
2025-08-07 19:53:01,598 - AresTradingSystem.System - ERROR - ❌ Error in Analyst Ensemble Creation: [Errno 2] No such file or directory: 'data/training/enhanced_analyst_models'
