{"asctime": "2025-08-11 10:07:29,401", "levelname": "INFO", "name": "AresGlobal", "message": "================================================================================", "correlation_id": "-", "session_id": "-", "timestamp": "2025-08-11T08:07:29.401942+00:00"}
{"asctime": "2025-08-11 10:07:29,402", "levelname": "INFO", "name": "AresGlobal", "message": "📊 SESSION SUMMARY", "correlation_id": "-", "session_id": "-", "timestamp": "2025-08-11T08:07:29.402086+00:00"}
{"asctime": "2025-08-11 10:07:29,402", "levelname": "INFO", "name": "AresGlobal", "message": "Session started: 2025-08-11 10:07:29", "correlation_id": "-", "session_id": "-", "timestamp": "2025-08-11T08:07:29.402196+00:00"}
{"asctime": "2025-08-11 10:07:29,402", "levelname": "INFO", "name": "AresGlobal", "message": "This file contains ALL logs for this session", "correlation_id": "-", "session_id": "-", "timestamp": "2025-08-11T08:07:29.402280+00:00"}
{"asctime": "2025-08-11 10:07:29,402", "levelname": "INFO", "name": "AresGlobal", "message": "================================================================================", "correlation_id": "-", "session_id": "-", "timestamp": "2025-08-11T08:07:29.402369+00:00"}
{"asctime": "2025-08-11 10:07:29,402", "levelname": "INFO", "name": "AresGlobal", "message": "[SYSTEM] ================================================================================", "correlation_id": "-", "session_id": "-", "timestamp": "2025-08-11T08:07:29.402585+00:00"}
{"asctime": "2025-08-11 10:07:29,402", "levelname": "INFO", "name": "AresGlobal", "message": "[SYSTEM] 🚀 ARES LAUNCHER STARTED - Mode: INITIALIZATION", "correlation_id": "-", "session_id": "-", "timestamp": "2025-08-11T08:07:29.402752+00:00"}
{"asctime": "2025-08-11 10:07:29,402", "levelname": "INFO", "name": "AresGlobal", "message": "[SYSTEM] Start time: 2025-08-11 10:07:29", "correlation_id": "-", "session_id": "-", "timestamp": "2025-08-11T08:07:29.402921+00:00"}
{"asctime": "2025-08-11 10:07:29,403", "levelname": "INFO", "name": "AresGlobal", "message": "[SYSTEM] Log directory: log", "correlation_id": "-", "session_id": "-", "timestamp": "2025-08-11T08:07:29.403090+00:00"}
{"asctime": "2025-08-11 10:07:29,403", "levelname": "INFO", "name": "AresGlobal", "message": "[SYSTEM] ================================================================================", "correlation_id": "-", "session_id": "-", "timestamp": "2025-08-11T08:07:29.403253+00:00"}
{"asctime": "2025-08-11 10:07:29,403", "levelname": "INFO", "name": "AresGlobal.AresLauncher", "message": "================================================================================", "correlation_id": "-", "session_id": "-", "timestamp": "2025-08-11T08:07:29.403340+00:00"}
{"asctime": "2025-08-11 10:07:29,403", "levelname": "INFO", "name": "AresGlobal.AresLauncher", "message": "🚀 ARES COMPREHENSIVE LAUNCHER", "correlation_id": "-", "session_id": "-", "timestamp": "2025-08-11T08:07:29.403497+00:00"}
{"asctime": "2025-08-11 10:07:29,403", "levelname": "INFO", "name": "AresGlobal.AresLauncher", "message": "================================================================================", "correlation_id": "-", "session_id": "-", "timestamp": "2025-08-11T08:07:29.403687+00:00"}
{"asctime": "2025-08-11 10:07:29,403", "levelname": "INFO", "name": "AresGlobal.AresLauncher", "message": "Start time: 2025-08-11 10:07:29", "correlation_id": "-", "session_id": "-", "timestamp": "2025-08-11T08:07:29.403802+00:00"}
{"asctime": "2025-08-11 10:07:29,403", "levelname": "INFO", "name": "AresGlobal.AresLauncher", "message": "Log directory: log", "correlation_id": "-", "session_id": "-", "timestamp": "2025-08-11T08:07:29.403894+00:00"}
{"asctime": "2025-08-11 10:07:29,403", "levelname": "INFO", "name": "AresGlobal.AresLauncher", "message": "Log level: INFO", "correlation_id": "-", "session_id": "-", "timestamp": "2025-08-11T08:07:29.403987+00:00"}
{"asctime": "2025-08-11 10:07:29,404", "levelname": "INFO", "name": "AresGlobal.AresLauncher", "message": "Global log file: ares_global_20250811_100729.log", "correlation_id": "-", "session_id": "-", "timestamp": "2025-08-11T08:07:29.404079+00:00"}
{"asctime": "2025-08-11 10:07:29,404", "levelname": "INFO", "name": "AresGlobal.AresLauncher", "message": "================================================================================", "correlation_id": "-", "session_id": "-", "timestamp": "2025-08-11T08:07:29.404170+00:00"}
{"asctime": "2025-08-11 10:07:29,404", "levelname": "INFO", "name": "AresGlobal", "message": "[SYSTEM] ================================================================================", "correlation_id": "-", "session_id": "-", "timestamp": "2025-08-11T08:07:29.404439+00:00"}
{"asctime": "2025-08-11 10:07:29,404", "levelname": "INFO", "name": "AresGlobal", "message": "[SYSTEM] 🚀 ARES LAUNCHER STARTED - Mode: blank - Symbol: ETHUSDT - Exchange: BINANCE", "correlation_id": "-", "session_id": "-", "timestamp": "2025-08-11T08:07:29.404606+00:00"}
{"asctime": "2025-08-11 10:07:29,404", "levelname": "INFO", "name": "AresGlobal", "message": "[SYSTEM] Start time: 2025-08-11 10:07:29", "correlation_id": "-", "session_id": "-", "timestamp": "2025-08-11T08:07:29.404783+00:00"}
{"asctime": "2025-08-11 10:07:29,404", "levelname": "INFO", "name": "AresGlobal", "message": "[SYSTEM] Log directory: log", "correlation_id": "-", "session_id": "-", "timestamp": "2025-08-11T08:07:29.404941+00:00"}
{"asctime": "2025-08-11 10:07:29,405", "levelname": "INFO", "name": "AresGlobal", "message": "[SYSTEM] ================================================================================", "correlation_id": "-", "session_id": "-", "timestamp": "2025-08-11T08:07:29.405097+00:00"}
{"asctime": "2025-08-11 10:07:29,405", "levelname": "INFO", "name": "AresGlobal.AresLauncher", "message": "🚀 Running enhanced 16-step training pipeline for ETHUSDT on BINANCE", "correlation_id": "-", "session_id": "-", "timestamp": "2025-08-11T08:07:29.405257+00:00"}
{"asctime": "2025-08-11 10:07:29,405", "levelname": "INFO", "name": "AresGlobal.AresLauncher", "message": "Starting from step: step4_analyst_labeling_feature_engineering", "correlation_id": "-", "session_id": "-", "timestamp": "2025-08-11T08:07:29.405441+00:00"}
{"asctime": "2025-08-11 10:07:29,405", "levelname": "INFO", "name": "AresGlobal.AresLauncher", "message": "🧪 BLANK TRAINING MODE: Set BLANK_TRAINING_MODE=1 for step-based training", "correlation_id": "-", "session_id": "-", "timestamp": "2025-08-11T08:07:29.405565+00:00"}
{"asctime": "2025-08-11 10:07:29,407", "levelname": "INFO", "name": "AresGlobal.ProgressManager", "message": "Initialized ProgressManager for ETHUSDT on BINANCE", "correlation_id": "-", "session_id": "-", "timestamp": "2025-08-11T08:07:29.407591+00:00"}
{"asctime": "2025-08-11 10:07:29,407", "levelname": "INFO", "name": "AresGlobal.ProgressManager", "message": "Progress directory: data/training/progress/BINANCE_ETHUSDT", "correlation_id": "-", "session_id": "-", "timestamp": "2025-08-11T08:07:29.407710+00:00"}
{"asctime": "2025-08-11 10:07:29,407", "levelname": "INFO", "name": "AresGlobal.StepOrchestrator", "message": "Initialized StepOrchestrator for ETHUSDT on BINANCE", "correlation_id": "-", "session_id": "-", "timestamp": "2025-08-11T08:07:29.407799+00:00"}
{"asctime": "2025-08-11 10:07:29,408", "levelname": "INFO", "name": "AresGlobal.StepOrchestrator", "message": "🚀 Starting execution from step: step4_analyst_labeling_feature_engineering", "correlation_id": "-", "session_id": "-", "timestamp": "2025-08-11T08:07:29.408016+00:00"}
{"asctime": "2025-08-11 10:07:33,310", "levelname": "INFO", "name": "AresGlobal.EnhancedTrainingManager", "message": "Loaded optimization configuration", "correlation_id": "-", "session_id": "-", "timestamp": "2025-08-11T08:07:33.310090+00:00"}
{"asctime": "2025-08-11 10:07:33,310", "levelname": "INFO", "name": "AresGlobal.EnhancedTrainingManagerOptimized", "message": "Loaded optimization configuration", "correlation_id": "-", "session_id": "-", "timestamp": "2025-08-11T08:07:33.310408+00:00"}
{"asctime": "2025-08-11 10:07:33,310", "levelname": "INFO", "name": "AresGlobal.EnhancedTrainingManager", "message": "🚀 Initializing Enhanced Training Manager...", "correlation_id": "-", "session_id": "-", "timestamp": "2025-08-11T08:07:33.310627+00:00"}
{"asctime": "2025-08-11 10:07:33,310", "levelname": "INFO", "name": "AresGlobal.EnhancedTrainingManager", "message": "📊 Blank training mode: False", "correlation_id": "-", "session_id": "-", "timestamp": "2025-08-11T08:07:33.310773+00:00"}
{"asctime": "2025-08-11 10:07:33,310", "levelname": "INFO", "name": "AresGlobal.EnhancedTrainingManager", "message": "🔧 Max trials: 200", "correlation_id": "-", "session_id": "-", "timestamp": "2025-08-11T08:07:33.310875+00:00"}
{"asctime": "2025-08-11 10:07:33,310", "levelname": "INFO", "name": "AresGlobal.EnhancedTrainingManager", "message": "🔧 N trials: 100", "correlation_id": "-", "session_id": "-", "timestamp": "2025-08-11T08:07:33.310968+00:00"}
{"asctime": "2025-08-11 10:07:33,311", "levelname": "INFO", "name": "AresGlobal.EnhancedTrainingManager", "message": "📈 Lookback days: 30", "correlation_id": "-", "session_id": "-", "timestamp": "2025-08-11T08:07:33.311056+00:00"}
{"asctime": "2025-08-11 10:07:33,311", "levelname": "INFO", "name": "AresGlobal.EnhancedTrainingManager", "message": "🚀 Computational optimization: True", "correlation_id": "-", "session_id": "-", "timestamp": "2025-08-11T08:07:33.311149+00:00"}
{"asctime": "2025-08-11 10:07:33,311", "levelname": "INFO", "name": "AresGlobal.EnhancedTrainingManager", "message": "📊 Resource Analysis:", "correlation_id": "-", "session_id": "-", "timestamp": "2025-08-11T08:07:33.311285+00:00"}
{"asctime": "2025-08-11 10:07:33,311", "levelname": "INFO", "name": "AresGlobal.EnhancedTrainingManager", "message": "   💾 System Memory: 16.0 GB", "correlation_id": "-", "session_id": "-", "timestamp": "2025-08-11T08:07:33.311377+00:00"}
{"asctime": "2025-08-11 10:07:33,311", "levelname": "INFO", "name": "AresGlobal.EnhancedTrainingManager", "message": "   🖥️ CPU Cores: 8", "correlation_id": "-", "session_id": "-", "timestamp": "2025-08-11T08:07:33.311462+00:00"}
{"asctime": "2025-08-11 10:07:33,311", "levelname": "INFO", "name": "AresGlobal.EnhancedTrainingManager", "message": "   📈 Estimated Memory Usage: 8.0 GB", "correlation_id": "-", "session_id": "-", "timestamp": "2025-08-11T08:07:33.311546+00:00"}
{"asctime": "2025-08-11 10:07:33,311", "levelname": "INFO", "name": "AresGlobal.EnhancedTrainingManager", "message": "   ⏱️ Estimated Time: 720 minutes (12.0 hours)", "correlation_id": "-", "session_id": "-", "timestamp": "2025-08-11T08:07:33.311637+00:00"}
{"asctime": "2025-08-11 10:07:33,311", "levelname": "INFO", "name": "AresGlobal.EnhancedTrainingManager", "message": "   🤖 Models to Train: 12", "correlation_id": "-", "session_id": "-", "timestamp": "2025-08-11T08:07:33.311733+00:00"}
{"asctime": "2025-08-11 10:07:33,311", "levelname": "INFO", "name": "AresGlobal.EnhancedTrainingManager", "message": "   🔧 Optimization Trials: 200", "correlation_id": "-", "session_id": "-", "timestamp": "2025-08-11T08:07:33.311928+00:00"}
{"asctime": "2025-08-11 10:07:33,312", "levelname": "INFO", "name": "AresGlobal.EnhancedTrainingManager", "message": "📋 Step-by-Step Time Estimates:", "correlation_id": "-", "session_id": "-", "timestamp": "2025-08-11T08:07:33.312074+00:00"}
{"asctime": "2025-08-11 10:07:33,312", "levelname": "INFO", "name": "AresGlobal.EnhancedTrainingManager", "message": "   step1_data_collection: 15 min (2.3%)", "correlation_id": "-", "session_id": "-", "timestamp": "2025-08-11T08:07:33.312210+00:00"}
{"asctime": "2025-08-11 10:07:33,312", "levelname": "INFO", "name": "AresGlobal.EnhancedTrainingManager", "message": "   step2_market_regime_classification: 8 min (1.2%)", "correlation_id": "-", "session_id": "-", "timestamp": "2025-08-11T08:07:33.312317+00:00"}
{"asctime": "2025-08-11 10:07:33,312", "levelname": "INFO", "name": "AresGlobal.EnhancedTrainingManager", "message": "   step3_regime_data_splitting: 5 min (0.8%)", "correlation_id": "-", "session_id": "-", "timestamp": "2025-08-11T08:07:33.312412+00:00"}
{"asctime": "2025-08-11 10:07:33,312", "levelname": "INFO", "name": "AresGlobal.EnhancedTrainingManager", "message": "   step4_analyst_labeling_feature_engineering: 60 min (9.0%)", "correlation_id": "-", "session_id": "-", "timestamp": "2025-08-11T08:07:33.312501+00:00"}
{"asctime": "2025-08-11 10:07:33,312", "levelname": "INFO", "name": "AresGlobal.EnhancedTrainingManager", "message": "   step5_analyst_specialist_training: 30 min (4.5%)", "correlation_id": "-", "session_id": "-", "timestamp": "2025-08-11T08:07:33.312597+00:00"}
{"asctime": "2025-08-11 10:07:33,312", "levelname": "INFO", "name": "AresGlobal.EnhancedTrainingManager", "message": "   step6_analyst_enhancement: 25 min (3.8%)", "correlation_id": "-", "session_id": "-", "timestamp": "2025-08-11T08:07:33.312726+00:00"}
{"asctime": "2025-08-11 10:07:33,312", "levelname": "INFO", "name": "AresGlobal.EnhancedTrainingManager", "message": "   step7_analyst_ensemble_creation: 35 min (5.3%)", "correlation_id": "-", "session_id": "-", "timestamp": "2025-08-11T08:07:33.312809+00:00"}
{"asctime": "2025-08-11 10:07:33,312", "levelname": "INFO", "name": "AresGlobal.EnhancedTrainingManager", "message": "   step8_tactician_labeling: 15 min (2.3%)", "correlation_id": "-", "session_id": "-", "timestamp": "2025-08-11T08:07:33.312889+00:00"}
{"asctime": "2025-08-11 10:07:33,312", "levelname": "INFO", "name": "AresGlobal.EnhancedTrainingManager", "message": "   step9_tactician_specialist_training: 30 min (4.5%)", "correlation_id": "-", "session_id": "-", "timestamp": "2025-08-11T08:07:33.312970+00:00"}
{"asctime": "2025-08-11 10:07:33,313", "levelname": "INFO", "name": "AresGlobal.EnhancedTrainingManager", "message": "   step10_tactician_ensemble_creation: 35 min (5.3%)", "correlation_id": "-", "session_id": "-", "timestamp": "2025-08-11T08:07:33.313050+00:00"}
{"asctime": "2025-08-11 10:07:33,313", "levelname": "INFO", "name": "AresGlobal.EnhancedTrainingManager", "message": "   step11_confidence_calibration: 10 min (1.5%)", "correlation_id": "-", "session_id": "-", "timestamp": "2025-08-11T08:07:33.313134+00:00"}
{"asctime": "2025-08-11 10:07:33,313", "levelname": "INFO", "name": "AresGlobal.EnhancedTrainingManager", "message": "   step12_final_parameters_optimization: 240 min (36.2%)", "correlation_id": "-", "session_id": "-", "timestamp": "2025-08-11T08:07:33.313213+00:00"}
{"asctime": "2025-08-11 10:07:33,313", "levelname": "INFO", "name": "AresGlobal.EnhancedTrainingManager", "message": "   step13_walk_forward_validation: 60 min (9.0%)", "correlation_id": "-", "session_id": "-", "timestamp": "2025-08-11T08:07:33.313292+00:00"}
{"asctime": "2025-08-11 10:07:33,313", "levelname": "INFO", "name": "AresGlobal.EnhancedTrainingManager", "message": "   step14_monte_carlo_validation: 60 min (9.0%)", "correlation_id": "-", "session_id": "-", "timestamp": "2025-08-11T08:07:33.313371+00:00"}
{"asctime": "2025-08-11 10:07:33,313", "levelname": "INFO", "name": "AresGlobal.EnhancedTrainingManager", "message": "   step15_ab_testing: 30 min (4.5%)", "correlation_id": "-", "session_id": "-", "timestamp": "2025-08-11T08:07:33.313448+00:00"}
{"asctime": "2025-08-11 10:07:33,313", "levelname": "INFO", "name": "AresGlobal.EnhancedTrainingManager", "message": "   step16_saving: 5 min (0.8%)", "correlation_id": "-", "session_id": "-", "timestamp": "2025-08-11T08:07:33.313527+00:00"}
{"asctime": "2025-08-11 10:07:33,313", "levelname": "INFO", "name": "AresGlobal.EnhancedTrainingManager", "message": "💡 Recommendations:", "correlation_id": "-", "session_id": "-", "timestamp": "2025-08-11T08:07:33.313605+00:00"}
{"asctime": "2025-08-11 10:07:33,313", "levelname": "INFO", "name": "AresGlobal.EnhancedTrainingManager", "message": "   ✅ Full training mode should work well on your system", "correlation_id": "-", "session_id": "-", "timestamp": "2025-08-11T08:07:33.313693+00:00"}
{"asctime": "2025-08-11 10:07:33,313", "levelname": "INFO", "name": "AresGlobal.EnhancedTrainingManager", "message": "🚀 Initializing computational optimization components...", "correlation_id": "-", "session_id": "-", "timestamp": "2025-08-11T08:07:33.313791+00:00"}
{"asctime": "2025-08-11 10:07:33,314", "levelname": "INFO", "name": "AresGlobal.ComputationalOptimizationManager", "message": "Computational Optimization Manager initialized", "correlation_id": "-", "session_id": "-", "timestamp": "2025-08-11T08:07:33.314736+00:00"}
{"asctime": "2025-08-11 10:07:33,314", "levelname": "INFO", "name": "AresGlobal.EnhancedTrainingManager", "message": "✅ Computational optimization components initialized successfully", "correlation_id": "-", "session_id": "-", "timestamp": "2025-08-11T08:07:33.314880+00:00"}
{"asctime": "2025-08-11 10:07:33,314", "levelname": "INFO", "name": "AresGlobal.EnhancedTrainingManager", "message": "✅ Enhanced Training Manager initialized successfully", "correlation_id": "-", "session_id": "-", "timestamp": "2025-08-11T08:07:33.314982+00:00"}
{"asctime": "2025-08-11 10:07:33,315", "levelname": "INFO", "name": "AresGlobal.StepOrchestrator", "message": "✅ Enhanced training manager setup successfully", "correlation_id": "-", "session_id": "-", "timestamp": "2025-08-11T08:07:33.315094+00:00"}
{"asctime": "2025-08-11 10:07:33,315", "levelname": "INFO", "name": "AresGlobal.EnhancedTrainingManager", "message": "================================================================================", "correlation_id": "-", "session_id": "-", "timestamp": "2025-08-11T08:07:33.315293+00:00"}
{"asctime": "2025-08-11 10:07:33,315", "levelname": "INFO", "name": "AresGlobal.EnhancedTrainingManager", "message": "🚀 COMPREHENSIVE 16-STEP ENHANCED TRAINING PIPELINE START", "correlation_id": "-", "session_id": "-", "timestamp": "2025-08-11T08:07:33.315424+00:00"}
{"asctime": "2025-08-11 10:07:33,315", "levelname": "INFO", "name": "AresGlobal.EnhancedTrainingManager", "message": "================================================================================", "correlation_id": "-", "session_id": "-", "timestamp": "2025-08-11T08:07:33.315525+00:00"}
{"asctime": "2025-08-11 10:07:33,315", "levelname": "INFO", "name": "AresGlobal.EnhancedTrainingManager", "message": "📅 Started at: 2025-08-11 10:07:33", "correlation_id": "-", "session_id": "-", "timestamp": "2025-08-11T08:07:33.315628+00:00"}
{"asctime": "2025-08-11 10:07:33,315", "levelname": "INFO", "name": "AresGlobal.EnhancedTrainingManager", "message": "🎯 Symbol: ETHUSDT", "correlation_id": "-", "session_id": "-", "timestamp": "2025-08-11T08:07:33.315719+00:00"}
{"asctime": "2025-08-11 10:07:33,315", "levelname": "INFO", "name": "AresGlobal.EnhancedTrainingManager", "message": "🏢 Exchange: BINANCE", "correlation_id": "-", "session_id": "-", "timestamp": "2025-08-11T08:07:33.315805+00:00"}
{"asctime": "2025-08-11 10:07:33,315", "levelname": "INFO", "name": "AresGlobal.EnhancedTrainingManager", "message": "📊 Training Mode: N/A", "correlation_id": "-", "session_id": "-", "timestamp": "2025-08-11T08:07:33.315887+00:00"}
{"asctime": "2025-08-11 10:07:33,315", "levelname": "INFO", "name": "AresGlobal.EnhancedTrainingManager", "message": "📈 Lookback Days: 30", "correlation_id": "-", "session_id": "-", "timestamp": "2025-08-11T08:07:33.315968+00:00"}
{"asctime": "2025-08-11 10:07:33,316", "levelname": "INFO", "name": "AresGlobal.EnhancedTrainingManager", "message": "🔧 Blank Training Mode: False", "correlation_id": "-", "session_id": "-", "timestamp": "2025-08-11T08:07:33.316050+00:00"}
{"asctime": "2025-08-11 10:07:33,316", "levelname": "INFO", "name": "AresGlobal.EnhancedTrainingManager", "message": "🔧 Max Trials: 200", "correlation_id": "-", "session_id": "-", "timestamp": "2025-08-11T08:07:33.316133+00:00"}
{"asctime": "2025-08-11 10:07:33,316", "levelname": "INFO", "name": "AresGlobal.EnhancedTrainingManager", "message": "🔧 N Trials: 100", "correlation_id": "-", "session_id": "-", "timestamp": "2025-08-11T08:07:33.316215+00:00"}
{"asctime": "2025-08-11 10:07:33,316", "levelname": "INFO", "name": "AresGlobal.EnhancedTrainingManager", "message": "🚀 Initializing optimized tools...", "correlation_id": "-", "session_id": "-", "timestamp": "2025-08-11T08:07:33.316306+00:00"}
{"asctime": "2025-08-11 10:07:33,316", "levelname": "INFO", "name": "AresGlobal.EnhancedTrainingManagerOptimized", "message": "🚀 Initializing Enhanced Training Manager with Optimizations...", "correlation_id": "-", "session_id": "-", "timestamp": "2025-08-11T08:07:33.316394+00:00"}
{"asctime": "2025-08-11 10:07:33,325", "levelname": "INFO", "name": "AresGlobal.EnhancedTrainingManagerOptimized", "message": "✅ Parallel backtester initialized with 8 workers", "correlation_id": "-", "session_id": "-", "timestamp": "2025-08-11T08:07:33.325304+00:00"}
{"asctime": "2025-08-11 10:07:33,325", "levelname": "INFO", "name": "AresGlobal.EnhancedTrainingManagerOptimized", "message": "✅ All optimization components initialized successfully", "correlation_id": "-", "session_id": "-", "timestamp": "2025-08-11T08:07:33.325837+00:00"}
{"asctime": "2025-08-11 10:07:33,325", "levelname": "INFO", "name": "AresGlobal.EnhancedTrainingManager", "message": "   ✅ Optimized training manager initialized", "correlation_id": "-", "session_id": "-", "timestamp": "2025-08-11T08:07:33.325984+00:00"}
{"asctime": "2025-08-11 10:07:33,326", "levelname": "INFO", "name": "AresGlobal.EnhancedTrainingManager", "message": "   ✅ Streaming processor initialized", "correlation_id": "-", "session_id": "-", "timestamp": "2025-08-11T08:07:33.326100+00:00"}
{"asctime": "2025-08-11 10:07:33,326", "levelname": "INFO", "name": "AresGlobal.EnhancedTrainingManager", "message": "   ✅ Parallel backtester initialized with 8 workers", "correlation_id": "-", "session_id": "-", "timestamp": "2025-08-11T08:07:33.326424+00:00"}
{"asctime": "2025-08-11 10:07:33,326", "levelname": "INFO", "name": "AresGlobal.EnhancedTrainingManager", "message": "   ✅ Adaptive sampler initialized", "correlation_id": "-", "session_id": "-", "timestamp": "2025-08-11T08:07:33.326576+00:00"}
{"asctime": "2025-08-11 10:07:33,326", "levelname": "INFO", "name": "AresGlobal.EnhancedTrainingManager", "message": "   ✅ Incremental trainer initialized", "correlation_id": "-", "session_id": "-", "timestamp": "2025-08-11T08:07:33.326670+00:00"}
{"asctime": "2025-08-11 10:07:33,326", "levelname": "INFO", "name": "AresGlobal.EnhancedTrainingManager", "message": "✅ All optimized tools initialized successfully", "correlation_id": "-", "session_id": "-", "timestamp": "2025-08-11T08:07:33.326757+00:00"}
{"asctime": "2025-08-11 10:07:33,327", "levelname": "INFO", "name": "AresGlobal.EnhancedTrainingManager", "message": "📂 Checkpoint loaded: step4_analyst_labeling_feature_engineering from checkpoints/BINANCE/ETHUSDT/1m/training_progress.json", "correlation_id": "-", "session_id": "-", "timestamp": "2025-08-11T08:07:33.327660+00:00"}
{"asctime": "2025-08-11 10:07:33,327", "levelname": "INFO", "name": "AresGlobal.EnhancedTrainingManager", "message": "🔄 Resuming from checkpoint...", "correlation_id": "-", "session_id": "-", "timestamp": "2025-08-11T08:07:33.327798+00:00"}
{"asctime": "2025-08-11 10:07:33,328", "levelname": "INFO", "name": "AresGlobal.EnhancedTrainingManager", "message": "📂 Last completed step: step4_analyst_labeling_feature_engineering", "correlation_id": "-", "session_id": "-", "timestamp": "2025-08-11T08:07:33.328070+00:00"}
{"asctime": "2025-08-11 10:07:33,328", "levelname": "INFO", "name": "AresGlobal.EnhancedTrainingManager", "message": "====================================================================================================", "correlation_id": "-", "session_id": "-", "timestamp": "2025-08-11T08:07:33.328270+00:00"}
{"asctime": "2025-08-11 10:07:33,328", "levelname": "INFO", "name": "AresGlobal.EnhancedTrainingManager", "message": "🚀 COMPREHENSIVE TRAINING PIPELINE START", "correlation_id": "-", "session_id": "-", "timestamp": "2025-08-11T08:07:33.328443+00:00"}
{"asctime": "2025-08-11 10:07:33,328", "levelname": "INFO", "name": "AresGlobal.EnhancedTrainingManager", "message": "====================================================================================================", "correlation_id": "-", "session_id": "-", "timestamp": "2025-08-11T08:07:33.328577+00:00"}
{"asctime": "2025-08-11 10:07:33,328", "levelname": "INFO", "name": "AresGlobal.EnhancedTrainingManager", "message": "📅 Started at: 2025-08-11 10:07:33", "correlation_id": "-", "session_id": "-", "timestamp": "2025-08-11T08:07:33.328718+00:00"}
{"asctime": "2025-08-11 10:07:33,328", "levelname": "INFO", "name": "AresGlobal.EnhancedTrainingManager", "message": "🎯 Symbol: ETHUSDT", "correlation_id": "-", "session_id": "-", "timestamp": "2025-08-11T08:07:33.328819+00:00"}
{"asctime": "2025-08-11 10:07:33,328", "levelname": "INFO", "name": "AresGlobal.EnhancedTrainingManager", "message": "🏢 Exchange: BINANCE", "correlation_id": "-", "session_id": "-", "timestamp": "2025-08-11T08:07:33.328906+00:00"}
{"asctime": "2025-08-11 10:07:33,328", "levelname": "INFO", "name": "AresGlobal.EnhancedTrainingManager", "message": "📊 Timeframe: 1m", "correlation_id": "-", "session_id": "-", "timestamp": "2025-08-11T08:07:33.328986+00:00"}
{"asctime": "2025-08-11 10:07:33,329", "levelname": "INFO", "name": "AresGlobal.EnhancedTrainingManager", "message": "🧠 Training Mode: Full", "correlation_id": "-", "session_id": "-", "timestamp": "2025-08-11T08:07:33.329069+00:00"}
{"asctime": "2025-08-11 10:07:33,329", "levelname": "INFO", "name": "AresGlobal.EnhancedTrainingManager", "message": "🔧 Max Trials: 200", "correlation_id": "-", "session_id": "-", "timestamp": "2025-08-11T08:07:33.329152+00:00"}
{"asctime": "2025-08-11 10:07:33,329", "levelname": "INFO", "name": "AresGlobal.EnhancedTrainingManager", "message": "📈 Lookback Days: 30", "correlation_id": "-", "session_id": "-", "timestamp": "2025-08-11T08:07:33.329233+00:00"}
{"asctime": "2025-08-11 10:07:33,329", "levelname": "INFO", "name": "AresGlobal.EnhancedTrainingManager", "message": "💾 Memory Optimization: Enabled", "correlation_id": "-", "session_id": "-", "timestamp": "2025-08-11T08:07:33.329314+00:00"}
{"asctime": "2025-08-11 10:07:33,329", "levelname": "INFO", "name": "AresGlobal.EnhancedTrainingManager", "message": "🚀 Starting from step: step4_analyst_labeling_feature_engineering", "correlation_id": "-", "session_id": "-", "timestamp": "2025-08-11T08:07:33.329397+00:00"}
{"asctime": "2025-08-11 10:07:33,329", "levelname": "INFO", "name": "AresGlobal.EnhancedTrainingManager", "message": "====================================================================================================", "correlation_id": "-", "session_id": "-", "timestamp": "2025-08-11T08:07:33.329477+00:00"}
{"asctime": "2025-08-11 10:07:33,329", "levelname": "INFO", "name": "AresGlobal.EnhancedTrainingManager", "message": "⏭️  Skipping Step 1: Data Collection (using pre-consolidated data)", "correlation_id": "-", "session_id": "-", "timestamp": "2025-08-11T08:07:33.329596+00:00"}
{"asctime": "2025-08-11 10:07:33,329", "levelname": "INFO", "name": "AresGlobal.EnhancedTrainingManager", "message": "🎭 STEP 2: Market Regime Classification...", "correlation_id": "-", "session_id": "-", "timestamp": "2025-08-11T08:07:33.329690+00:00"}
{"asctime": "2025-08-11 10:07:33,329", "levelname": "INFO", "name": "AresGlobal.EnhancedTrainingManager", "message": "   🧠 Analyzing market regimes and volatility patterns...", "correlation_id": "-", "session_id": "-", "timestamp": "2025-08-11T08:07:33.329804+00:00"}
{"asctime": "2025-08-11 10:07:38,915", "levelname": "INFO", "name": "AresGlobal.EnhancedTrainingManager", "message": "🔍 Running validator for step2_market_regime_classification", "correlation_id": "-", "session_id": "-", "timestamp": "2025-08-11T08:07:38.915526+00:00"}
{"asctime": "2025-08-11 10:07:38,915", "levelname": "INFO", "name": "AresGlobal.ValidatorOrchestrator", "message": "🔍 Running validator for step2_market_regime_classification", "correlation_id": "-", "session_id": "-", "timestamp": "2025-08-11T08:07:38.915696+00:00"}
{"asctime": "2025-08-11 10:07:38,917", "levelname": "INFO", "name": "AresGlobal.Step2MarketRegimeClassificationValidator", "message": "🔍 Validating market regime classification step...", "correlation_id": "-", "session_id": "-", "timestamp": "2025-08-11T08:07:38.917209+00:00"}
{"asctime": "2025-08-11 10:07:38,917", "levelname": "INFO", "name": "AresGlobal.Step2MarketRegimeClassificationValidator", "message": "🔧 read_parquet start path=data/training/BINANCE_ETHUSDT_regime_classification.parquet columns=regime_columns", "correlation_id": "-", "session_id": "-", "timestamp": "2025-08-11T08:07:38.917960+00:00"}
{"asctime": "2025-08-11 10:07:38,921", "levelname": "INFO", "name": "AresGlobal.Step2MarketRegimeClassificationValidator", "message": "✅ read_parquet ok path=data/training/BINANCE_ETHUSDT_regime_classification.parquet elapsed=0.004s size=14.4KB", "correlation_id": "-", "session_id": "-", "timestamp": "2025-08-11T08:07:38.922046+00:00"}
{"asctime": "2025-08-11 10:07:38,922", "levelname": "INFO", "name": "AresGlobal.Step2MarketRegimeClassificationValidator", "message": "✅ Regime distribution validation passed: 2 regimes", "correlation_id": "-", "session_id": "-", "timestamp": "2025-08-11T08:07:38.922719+00:00"}
{"asctime": "2025-08-11 10:07:38,923", "levelname": "INFO", "name": "AresGlobal.Step2MarketRegimeClassificationValidator", "message": "✅ Regime transitions validation passed: 4 transition types", "correlation_id": "-", "session_id": "-", "timestamp": "2025-08-11T08:07:38.923137+00:00"}
{"asctime": "2025-08-11 10:07:38,923", "levelname": "INFO", "name": "AresGlobal.Step2MarketRegimeClassificationValidator", "message": "✅ Market regime classification validation passed (critical checks only)", "correlation_id": "-", "session_id": "-", "timestamp": "2025-08-11T08:07:38.923239+00:00"}
{"asctime": "2025-08-11 10:07:38,923", "levelname": "INFO", "name": "AresGlobal.ValidatorOrchestrator", "message": "✅ Validator for step2_market_regime_classification completed: True", "correlation_id": "-", "session_id": "-", "timestamp": "2025-08-11T08:07:38.923371+00:00"}
{"asctime": "2025-08-11 10:07:38,923", "levelname": "INFO", "name": "AresGlobal.EnhancedTrainingManager", "message": "✅ step2_market_regime_classification validation passed", "correlation_id": "-", "session_id": "-", "timestamp": "2025-08-11T08:07:38.923560+00:00"}
{"asctime": "2025-08-11 10:07:39,026", "levelname": "INFO", "name": "AresGlobal.EnhancedTrainingManager", "message": "✅ Step 2: Market Regime Classification: completed successfully in 5.59s", "correlation_id": "-", "session_id": "-", "timestamp": "2025-08-11T08:07:39.026971+00:00"}
{"asctime": "2025-08-11 10:07:39,027", "levelname": "INFO", "name": "AresGlobal.EnhancedTrainingManager", "message": "💾 Process Memory: 406.7 MB | CPU: 0.1%", "correlation_id": "-", "session_id": "-", "timestamp": "2025-08-11T08:07:39.027267+00:00"}
{"asctime": "2025-08-11 10:07:39,027", "levelname": "INFO", "name": "AresGlobal.EnhancedTrainingManager", "message": "🖥️ System Memory: 64.7% | Available: 5.6 GB", "correlation_id": "-", "session_id": "-", "timestamp": "2025-08-11T08:07:39.027401+00:00"}
{"asctime": "2025-08-11 10:07:39,027", "levelname": "INFO", "name": "AresGlobal.EnhancedTrainingManager", "message": "📊 Progress: 6.2% (1/16)", "correlation_id": "-", "session_id": "-", "timestamp": "2025-08-11T08:07:39.027528+00:00"}
{"asctime": "2025-08-11 10:07:39,028", "levelname": "INFO", "name": "AresGlobal.EnhancedTrainingManager", "message": "💾 Checkpoint saved: step2_market_regime_classification -> checkpoints/BINANCE/ETHUSDT/1m/training_progress.json", "correlation_id": "-", "session_id": "-", "timestamp": "2025-08-11T08:07:39.028820+00:00"}
{"asctime": "2025-08-11 10:07:39,028", "levelname": "INFO", "name": "AresGlobal.EnhancedTrainingManager", "message": "📊 STEP 3: Regime Data Splitting...", "correlation_id": "-", "session_id": "-", "timestamp": "2025-08-11T08:07:39.028979+00:00"}
{"asctime": "2025-08-11 10:07:39,029", "levelname": "INFO", "name": "AresGlobal.EnhancedTrainingManager", "message": "   📈 Splitting data by market regimes for specialized training...", "correlation_id": "-", "session_id": "-", "timestamp": "2025-08-11T08:07:39.029092+00:00"}
{"asctime": "2025-08-11 10:08:23,646", "levelname": "INFO", "name": "AresGlobal.EnhancedTrainingManager", "message": "🔍 Running validator for step3_regime_data_splitting", "correlation_id": "-", "session_id": "-", "timestamp": "2025-08-11T08:08:23.646910+00:00"}
{"asctime": "2025-08-11 10:08:23,647", "levelname": "INFO", "name": "AresGlobal.ValidatorOrchestrator", "message": "🔍 Running validator for step3_regime_data_splitting", "correlation_id": "-", "session_id": "-", "timestamp": "2025-08-11T08:08:23.647219+00:00"}
{"asctime": "2025-08-11 10:08:23,648", "levelname": "INFO", "name": "AresGlobal.Step3RegimeDataSplittingValidator", "message": "🔧 BLANK MODE: Using very lenient validation parameters", "correlation_id": "-", "session_id": "-", "timestamp": "2025-08-11T08:08:23.648389+00:00"}
{"asctime": "2025-08-11 10:08:23,648", "levelname": "INFO", "name": "AresGlobal.Step3RegimeDataSplittingValidator", "message": "🔍 Validating regime data splitting step...", "correlation_id": "-", "session_id": "-", "timestamp": "2025-08-11T08:08:23.648527+00:00"}
{"asctime": "2025-08-11 10:08:23,648", "levelname": "INFO", "name": "AresGlobal.Step3RegimeDataSplittingValidator", "message": "✅ All split data files exist", "correlation_id": "-", "session_id": "-", "timestamp": "2025-08-11T08:08:23.648662+00:00"}
{"asctime": "2025-08-11 10:08:23,649", "levelname": "ERROR", "name": "AresGlobal.Step3RegimeDataSplittingValidator", "message": "\u001b[91m\u001b[1m❌\u001b[0m \u001b[91m\u001b[1m❌ Error validating train data: name 'os' is not defined\u001b[0m", "correlation_id": "-", "session_id": "-", "timestamp": "2025-08-11T08:08:23.649296+00:00"}
{"asctime": "2025-08-11 10:08:23,649", "levelname": "WARNING", "name": "AresGlobal.Step3RegimeDataSplittingValidator", "message": "⚠️ Split data quality validation failed - continuing with caution", "correlation_id": "-", "session_id": "-", "timestamp": "2025-08-11T08:08:23.649423+00:00"}
{"asctime": "2025-08-11 10:08:23,651", "levelname": "INFO", "name": "AresGlobal.Step3RegimeDataSplittingValidator", "message": "✅ train proportion 0.799 within expected range (0.500-0.850)", "correlation_id": "-", "session_id": "-", "timestamp": "2025-08-11T08:08:23.651292+00:00"}
{"asctime": "2025-08-11 10:08:23,651", "levelname": "INFO", "name": "AresGlobal.Step3RegimeDataSplittingValidator", "message": "✅ validation proportion 0.100 within expected range (0.050-0.250)", "correlation_id": "-", "session_id": "-", "timestamp": "2025-08-11T08:08:23.651417+00:00"}
{"asctime": "2025-08-11 10:08:23,651", "levelname": "INFO", "name": "AresGlobal.Step3RegimeDataSplittingValidator", "message": "✅ test proportion 0.101 within expected range (0.050-0.250)", "correlation_id": "-", "session_id": "-", "timestamp": "2025-08-11T08:08:23.651530+00:00"}
{"asctime": "2025-08-11 10:08:23,651", "levelname": "INFO", "name": "AresGlobal.Step3RegimeDataSplittingValidator", "message": "✅ Split proportions validation passed: {'train': 0.7991587802313355, 'validation': 0.09989484752891693, 'test': 0.10094637223974763}", "correlation_id": "-", "session_id": "-", "timestamp": "2025-08-11T08:08:23.651627+00:00"}
{"asctime": "2025-08-11 10:08:23,653", "levelname": "INFO", "name": "AresGlobal.Step3RegimeDataSplittingValidator", "message": "✅ Split consistency validation passed", "correlation_id": "-", "session_id": "-", "timestamp": "2025-08-11T08:08:23.653268+00:00"}
{"asctime": "2025-08-11 10:08:23,653", "levelname": "INFO", "name": "AresGlobal.Step3RegimeDataSplittingValidator", "message": "✅ Regime data splitting validation passed (critical checks only)", "correlation_id": "-", "session_id": "-", "timestamp": "2025-08-11T08:08:23.653583+00:00"}
{"asctime": "2025-08-11 10:08:23,653", "levelname": "INFO", "name": "AresGlobal.ValidatorOrchestrator", "message": "✅ Validator for step3_regime_data_splitting completed: True", "correlation_id": "-", "session_id": "-", "timestamp": "2025-08-11T08:08:23.654221+00:00"}
{"asctime": "2025-08-11 10:08:23,655", "levelname": "INFO", "name": "AresGlobal.EnhancedTrainingManager", "message": "✅ step3_regime_data_splitting validation passed", "correlation_id": "-", "session_id": "-", "timestamp": "2025-08-11T08:08:23.655129+00:00"}
{"asctime": "2025-08-11 10:08:23,760", "levelname": "INFO", "name": "AresGlobal.EnhancedTrainingManager", "message": "✅ Step 3: Regime Data Splitting: completed successfully in 44.63s", "correlation_id": "-", "session_id": "-", "timestamp": "2025-08-11T08:08:23.760981+00:00"}
{"asctime": "2025-08-11 10:08:23,761", "levelname": "INFO", "name": "AresGlobal.EnhancedTrainingManager", "message": "💾 Process Memory: 954.3 MB | CPU: 0.1%", "correlation_id": "-", "session_id": "-", "timestamp": "2025-08-11T08:08:23.761291+00:00"}
{"asctime": "2025-08-11 10:08:23,761", "levelname": "INFO", "name": "AresGlobal.EnhancedTrainingManager", "message": "🖥️ System Memory: 64.4% | Available: 5.7 GB", "correlation_id": "-", "session_id": "-", "timestamp": "2025-08-11T08:08:23.761413+00:00"}
{"asctime": "2025-08-11 10:08:23,761", "levelname": "INFO", "name": "AresGlobal.EnhancedTrainingManager", "message": "📊 Progress: 12.5% (2/16)", "correlation_id": "-", "session_id": "-", "timestamp": "2025-08-11T08:08:23.761524+00:00"}
{"asctime": "2025-08-11 10:08:23,764", "levelname": "INFO", "name": "AresGlobal.EnhancedTrainingManager", "message": "💾 Checkpoint saved: step3_regime_data_splitting -> checkpoints/BINANCE/ETHUSDT/1m/training_progress.json", "correlation_id": "-", "session_id": "-", "timestamp": "2025-08-11T08:08:23.765002+00:00"}
{"asctime": "2025-08-11 10:08:23,765", "levelname": "INFO", "name": "AresGlobal.EnhancedTrainingManager", "message": "🧠 STEP 4: Analyst Labeling & Feature Engineering...", "correlation_id": "-", "session_id": "-", "timestamp": "2025-08-11T08:08:23.765161+00:00"}
{"asctime": "2025-08-11 10:08:23,831", "levelname": "INFO", "name": "AresGlobal.OptimizedTripleBarrierLabeling", "message": "🔖 Triple barrier labeling configured for binary classification (BUY/SELL only)", "correlation_id": "-", "session_id": "-", "timestamp": "2025-08-11T08:08:23.831970+00:00"}
{"asctime": "2025-08-11 10:08:23,832", "levelname": "INFO", "name": "AresGlobal.OptimizedTripleBarrierLabeling", "message": "   → HOLD samples will be automatically filtered out", "correlation_id": "-", "session_id": "-", "timestamp": "2025-08-11T08:08:23.832204+00:00"}
{"asctime": "2025-08-11 10:08:23,832", "levelname": "INFO", "name": "AresGlobal.OptimizedTripleBarrierLabeling", "message": "   → This addresses label imbalance issues", "correlation_id": "-", "session_id": "-", "timestamp": "2025-08-11T08:08:23.832310+00:00"}
{"asctime": "2025-08-11 10:09:23,290", "levelname": "INFO", "name": "AresGlobal.OptimizedTripleBarrierLabeling", "message": "Applying triple barrier labeling | cols=['open', 'high', 'low', 'close', 'volume', 'year', 'month', 'day', 'exchange', 'symbol', 'timeframe', 'trade_volume', 'trade_count', 'avg_price', 'min_price', 'max_price', 'volume_ratio', 'funding_rate', 'close_returns', 'open_returns', 'high_returns', 'low_returns', 'close_log', 'open_log', 'high_log', 'low_log', 'close_detrended'] shape=(256781, 27)", "correlation_id": "-", "session_id": "-", "timestamp": "2025-08-11T08:09:23.290413+00:00"}
{"asctime": "2025-08-11 10:09:27,895", "levelname": "INFO", "name": "AresGlobal.OptimizedTripleBarrierLabeling", "message": "📊 Label distribution after filtering:", "correlation_id": "-", "session_id": "-", "timestamp": "2025-08-11T08:09:27.895214+00:00"}
{"asctime": "2025-08-11 10:09:27,896", "levelname": "INFO", "name": "AresGlobal.OptimizedTripleBarrierLabeling", "message": "   BUY (1): 87091 samples", "correlation_id": "-", "session_id": "-", "timestamp": "2025-08-11T08:09:27.896151+00:00"}
{"asctime": "2025-08-11 10:09:27,896", "levelname": "INFO", "name": "AresGlobal.OptimizedTripleBarrierLabeling", "message": "   SELL (-1): 164720 samples", "correlation_id": "-", "session_id": "-", "timestamp": "2025-08-11T08:09:27.896453+00:00"}
{"asctime": "2025-08-11 10:09:27,896", "levelname": "INFO", "name": "AresGlobal.OptimizedTripleBarrierLabeling", "message": "   HOLD (0): 4970 samples (removed)", "correlation_id": "-", "session_id": "-", "timestamp": "2025-08-11T08:09:27.896554+00:00"}
{"asctime": "2025-08-11 10:09:27,896", "levelname": "INFO", "name": "AresGlobal.OptimizedTripleBarrierLabeling", "message": "   Total samples: 251811 (from 256781)", "correlation_id": "-", "session_id": "-", "timestamp": "2025-08-11T08:09:27.896660+00:00"}
{"asctime": "2025-08-11 10:09:27,896", "levelname": "INFO", "name": "AresGlobal.OptimizedTripleBarrierLabeling", "message": "   Filtering ratio: 1.9% HOLD samples removed", "correlation_id": "-", "session_id": "-", "timestamp": "2025-08-11T08:09:27.896752+00:00"}
{"asctime": "2025-08-11 10:09:28,429", "levelname": "INFO", "name": "AresGlobal.MemoryEfficientDataManager", "message": "Optimized DataFrame memory usage", "correlation_id": "-", "session_id": "-", "timestamp": "2025-08-11T08:09:28.429664+00:00"}
{"asctime": "2025-08-11 10:09:28,430", "levelname": "INFO", "name": "AresGlobal.MemoryEfficientDataManager", "message": "Optimized DataFrame memory usage", "correlation_id": "-", "session_id": "-", "timestamp": "2025-08-11T08:09:28.430071+00:00"}
{"asctime": "2025-08-11 10:09:28,430", "levelname": "INFO", "name": "AresGlobal.MemoryEfficientDataManager", "message": "Optimized DataFrame memory usage", "correlation_id": "-", "session_id": "-", "timestamp": "2025-08-11T08:09:28.430435+00:00"}
{"asctime": "2025-08-11 10:09:28,436", "levelname": "INFO", "name": "AresGlobal.MemoryEfficientDataManager", "message": "Optimized DataFrame memory usage", "correlation_id": "-", "session_id": "-", "timestamp": "2025-08-11T08:09:28.436326+00:00"}
{"asctime": "2025-08-11 10:09:28,437", "levelname": "INFO", "name": "AresGlobal.MemoryEfficientDataManager", "message": "Optimized DataFrame memory usage", "correlation_id": "-", "session_id": "-", "timestamp": "2025-08-11T08:09:28.437041+00:00"}
{"asctime": "2025-08-11 10:09:28,437", "levelname": "INFO", "name": "AresGlobal.MemoryEfficientDataManager", "message": "Optimized DataFrame memory usage", "correlation_id": "-", "session_id": "-", "timestamp": "2025-08-11T08:09:28.437622+00:00"}
{"asctime": "2025-08-11 10:09:28,440", "levelname": "INFO", "name": "AresGlobal.MemoryEfficientDataManager", "message": "Optimized DataFrame memory usage", "correlation_id": "-", "session_id": "-", "timestamp": "2025-08-11T08:09:28.440675+00:00"}
{"asctime": "2025-08-11 10:09:28,441", "levelname": "INFO", "name": "AresGlobal.MemoryEfficientDataManager", "message": "Optimized DataFrame memory usage", "correlation_id": "-", "session_id": "-", "timestamp": "2025-08-11T08:09:28.441168+00:00"}
{"asctime": "2025-08-11 10:09:28,441", "levelname": "INFO", "name": "AresGlobal.MemoryEfficientDataManager", "message": "Optimized DataFrame memory usage", "correlation_id": "-", "session_id": "-", "timestamp": "2025-08-11T08:09:28.441572+00:00"}
{"asctime": "2025-08-11 10:09:28,445", "levelname": "INFO", "name": "AresGlobal.MemoryEfficientDataManager", "message": "Optimized DataFrame memory usage", "correlation_id": "-", "session_id": "-", "timestamp": "2025-08-11T08:09:28.445144+00:00"}
{"asctime": "2025-08-11 10:09:28,445", "levelname": "INFO", "name": "AresGlobal.MemoryEfficientDataManager", "message": "Optimized DataFrame memory usage", "correlation_id": "-", "session_id": "-", "timestamp": "2025-08-11T08:09:28.445524+00:00"}
{"asctime": "2025-08-11 10:09:28,445", "levelname": "INFO", "name": "AresGlobal.MemoryEfficientDataManager", "message": "Optimized DataFrame memory usage", "correlation_id": "-", "session_id": "-", "timestamp": "2025-08-11T08:09:28.445868+00:00"}
{"asctime": "2025-08-11 10:09:28,459", "levelname": "INFO", "name": "AresGlobal.EnhancedTrainingManager", "message": "💾 Checkpoint saved: step4_analyst_labeling_feature_engineering -> checkpoints/BINANCE/ETHUSDT/1m/training_progress.json", "correlation_id": "-", "session_id": "-", "timestamp": "2025-08-11T08:09:28.459577+00:00"}
{"asctime": "2025-08-11 10:09:28,563", "levelname": "INFO", "name": "AresGlobal.EnhancedTrainingManager", "message": "🧹 Memory optimization: 1446.0 MB before cleanup", "correlation_id": "-", "session_id": "-", "timestamp": "2025-08-11T08:09:28.563359+00:00"}
{"asctime": "2025-08-11 10:09:28,667", "levelname": "INFO", "name": "AresGlobal.EnhancedTrainingManager", "message": "🧹 Memory optimization: 1446.0 MB after cleanup (saved 0.0 MB)", "correlation_id": "-", "session_id": "-", "timestamp": "2025-08-11T08:09:28.667127+00:00"}
{"asctime": "2025-08-11 10:09:28,667", "levelname": "INFO", "name": "AresGlobal.EnhancedTrainingManager", "message": "🔍 Running validator for step4_analyst_labeling_feature_engineering", "correlation_id": "-", "session_id": "-", "timestamp": "2025-08-11T08:09:28.667410+00:00"}
{"asctime": "2025-08-11 10:09:28,667", "levelname": "INFO", "name": "AresGlobal.ValidatorOrchestrator", "message": "🔍 Running validator for step4_analyst_labeling_feature_engineering", "correlation_id": "-", "session_id": "-", "timestamp": "2025-08-11T08:09:28.667522+00:00"}
{"asctime": "2025-08-11 10:09:28,669", "levelname": "INFO", "name": "AresGlobal.Step4AnalystLabelingFeatureEngineeringValidator", "message": "🔍 Validating analyst labeling and feature engineering step...", "correlation_id": "-", "session_id": "-", "timestamp": "2025-08-11T08:09:28.669254+00:00"}
{"asctime": "2025-08-11 10:09:28,671", "levelname": "INFO", "name": "AresGlobal.Step4AnalystLabelingFeatureEngineeringValidator", "message": "\u001b[91m\u001b[1m❌\u001b[0m \u001b[91m\u001b[1m⚠️ feature_data quality validation failed\u001b[0m", "correlation_id": "-", "session_id": "-", "timestamp": "2025-08-11T08:09:28.671898+00:00"}
{"asctime": "2025-08-11 10:09:28,672", "levelname": "ERROR", "name": "AresGlobal.Step4AnalystLabelingFeatureEngineeringValidator", "message": "❌ Feature data quality validation failed for data/training/BINANCE_ETHUSDT_features_train.pkl - stopping process", "correlation_id": "-", "session_id": "-", "timestamp": "2025-08-11T08:09:28.672182+00:00"}
{"asctime": "2025-08-11 10:09:28,672", "levelname": "ERROR", "name": "AresGlobal.Step4AnalystLabelingFeatureEngineeringValidator", "message": "❌ Feature engineering outputs validation failed - stopping process", "correlation_id": "-", "session_id": "-", "timestamp": "2025-08-11T08:09:28.672411+00:00"}
{"asctime": "2025-08-11 10:09:28,672", "levelname": "INFO", "name": "AresGlobal.ValidatorOrchestrator", "message": "✅ Validator for step4_analyst_labeling_feature_engineering completed: False", "correlation_id": "-", "session_id": "-", "timestamp": "2025-08-11T08:09:28.672533+00:00"}
{"asctime": "2025-08-11 10:09:28,672", "levelname": "ERROR", "name": "AresGlobal.ValidatorOrchestrator", "message": "❌ Validator failed for step4_analyst_labeling_feature_engineering: Step validation failed", "correlation_id": "-", "session_id": "-", "timestamp": "2025-08-11T08:09:28.672634+00:00"}
{"asctime": "2025-08-11 10:09:28,672", "levelname": "WARNING", "name": "AresGlobal.EnhancedTrainingManager", "message": "⚠️ step4_analyst_labeling_feature_engineering validation failed: Unknown error", "correlation_id": "-", "session_id": "-", "timestamp": "2025-08-11T08:09:28.672788+00:00"}
{"asctime": "2025-08-11 10:09:28,778", "levelname": "INFO", "name": "AresGlobal.EnhancedTrainingManager", "message": "✅ Step 4: Analyst Labeling & Feature Engineering: completed successfully in 64.91s", "correlation_id": "-", "session_id": "-", "timestamp": "2025-08-11T08:09:28.778173+00:00"}
{"asctime": "2025-08-11 10:09:28,778", "levelname": "INFO", "name": "AresGlobal.EnhancedTrainingManager", "message": "💾 Process Memory: 1431.0 MB | CPU: 0.0%", "correlation_id": "-", "session_id": "-", "timestamp": "2025-08-11T08:09:28.778389+00:00"}
{"asctime": "2025-08-11 10:09:28,778", "levelname": "INFO", "name": "AresGlobal.EnhancedTrainingManager", "message": "🖥️ System Memory: 64.4% | Available: 5.7 GB", "correlation_id": "-", "session_id": "-", "timestamp": "2025-08-11T08:09:28.778487+00:00"}
{"asctime": "2025-08-11 10:09:28,778", "levelname": "INFO", "name": "AresGlobal.EnhancedTrainingManager", "message": "📊 Progress: 18.8% (3/16)", "correlation_id": "-", "session_id": "-", "timestamp": "2025-08-11T08:09:28.778596+00:00"}
{"asctime": "2025-08-11 10:09:28,778", "levelname": "INFO", "name": "AresGlobal.EnhancedTrainingManager", "message": "🎯 STEP 5: Analyst Specialist Training...", "correlation_id": "-", "session_id": "-", "timestamp": "2025-08-11T08:09:28.778707+00:00"}
{"asctime": "2025-08-11 10:09:28,993", "levelname": "INFO", "name": "AresGlobal.EnhancedTrainingManager", "message": "🔍 Running validator for step5_analyst_specialist_training", "correlation_id": "-", "session_id": "-", "timestamp": "2025-08-11T08:09:28.993687+00:00"}
{"asctime": "2025-08-11 10:09:28,993", "levelname": "INFO", "name": "AresGlobal.ValidatorOrchestrator", "message": "🔍 Running validator for step5_analyst_specialist_training", "correlation_id": "-", "session_id": "-", "timestamp": "2025-08-11T08:09:28.993851+00:00"}
{"asctime": "2025-08-11 10:09:28,995", "levelname": "INFO", "name": "AresGlobal.Step5AnalystSpecialistTrainingValidator", "message": "🔍 Validating analyst specialist training step...", "correlation_id": "-", "session_id": "-", "timestamp": "2025-08-11T08:09:28.995322+00:00"}
{"asctime": "2025-08-11 10:09:28,995", "levelname": "INFO", "name": "AresGlobal.Step5AnalystSpecialistTrainingValidator", "message": "✅ All model files exist", "correlation_id": "-", "session_id": "-", "timestamp": "2025-08-11T08:09:28.995470+00:00"}
{"asctime": "2025-08-11 10:09:28,995", "levelname": "INFO", "name": "AresGlobal.Step5AnalystSpecialistTrainingValidator", "message": "✅ analyst_model accuracy validation passed: 0.750 ≥ 0.600", "correlation_id": "-", "session_id": "-", "timestamp": "2025-08-11T08:09:28.995885+00:00"}
{"asctime": "2025-08-11 10:09:28,995", "levelname": "INFO", "name": "AresGlobal.Step5AnalystSpecialistTrainingValidator", "message": "✅ analyst_model loss validation passed: 0.250 ≤ 0.500", "correlation_id": "-", "session_id": "-", "timestamp": "2025-08-11T08:09:28.995997+00:00"}
{"asctime": "2025-08-11 10:09:28,996", "levelname": "INFO", "name": "AresGlobal.Step5AnalystSpecialistTrainingValidator", "message": "✅ analyst_model f1_score validation passed: 0.700 ≥ 0.000", "correlation_id": "-", "session_id": "-", "timestamp": "2025-08-11T08:09:28.996091+00:00"}
{"asctime": "2025-08-11 10:09:28,996", "levelname": "INFO", "name": "AresGlobal.Step5AnalystSpecialistTrainingValidator", "message": "✅ Model performance validation passed", "correlation_id": "-", "session_id": "-", "timestamp": "2025-08-11T08:09:28.996180+00:00"}
{"asctime": "2025-08-11 10:09:28,996", "levelname": "INFO", "name": "AresGlobal.Step5AnalystSpecialistTrainingValidator", "message": "✅ Training metrics validation passed", "correlation_id": "-", "session_id": "-", "timestamp": "2025-08-11T08:09:28.996322+00:00"}
{"asctime": "2025-08-11 10:09:28,996", "levelname": "INFO", "name": "AresGlobal.Step5AnalystSpecialistTrainingValidator", "message": "Model type: random_forest", "correlation_id": "-", "session_id": "-", "timestamp": "2025-08-11T08:09:28.996649+00:00"}
{"asctime": "2025-08-11 10:09:29,002", "levelname": "INFO", "name": "AresGlobal.Step5AnalystSpecialistTrainingValidator", "message": "✅ Model has predict method", "correlation_id": "-", "session_id": "-", "timestamp": "2025-08-11T08:09:29.002923+00:00"}
{"asctime": "2025-08-11 10:09:29,003", "levelname": "INFO", "name": "AresGlobal.Step5AnalystSpecialistTrainingValidator", "message": "✅ Model has fit method", "correlation_id": "-", "session_id": "-", "timestamp": "2025-08-11T08:09:29.003287+00:00"}
{"asctime": "2025-08-11 10:09:29,033", "levelname": "INFO", "name": "AresGlobal.Step5AnalystSpecialistTrainingValidator", "message": "✅ Model quality validation passed", "correlation_id": "-", "session_id": "-", "timestamp": "2025-08-11T08:09:29.033313+00:00"}
{"asctime": "2025-08-11 10:09:29,033", "levelname": "WARNING", "name": "AresGlobal.Step5AnalystSpecialistTrainingValidator", "message": "⚠️ Step step5_analyst_specialist_training outcome is not favorable | status=None | reasons=no success indicator | success_indicators=(success=False, completed=False, status=None) | note=BLANK MODE: This can be normal with limited data", "correlation_id": "-", "session_id": "-", "step_name": "step5_analyst_specialist_training", "status": null, "has_success_indicators": false, "has_error_indicators": false, "success_indicators": [false, false, false], "error_indicators": [false, false, false], "success_field_values": {"success": false, "completed": false, "status": null}, "expected_success_logic": "any(success, completed, status==SUCCESS)", "step_metrics_keys": [], "performance_metrics_keys": [], "error_message": null, "mode": "blank", "note": "BLANK MODE: Outcome may be unfavourable due to small samples; continuing", "next_steps": "Optional: sanity-check labeled/feature files and label balance; acceptable to proceed in blank mode", "timestamp": "2025-08-11T08:09:29.033715+00:00"}
{"asctime": "2025-08-11 10:09:29,034", "levelname": "WARNING", "name": "AresGlobal.Step5AnalystSpecialistTrainingValidator", "message": "⚠️ Analyst specialist training outcome is not favorable | symbol=ETHUSDT | exchange=BINANCE | status=None | reasons=no success indicator", "correlation_id": "-", "session_id": "-", "step_name": "step5_analyst_specialist_training", "phase": "validation", "component": "analyst_specialist_training", "symbol": "ETHUSDT", "exchange": "BINANCE", "status": null, "has_success_indicators": false, "has_error_indicators": false, "success_indicators": [false, false, false], "error_indicators": [false, false, false], "step_metrics_keys": [], "performance_metrics_keys": [], "error_message": null, "timestamp": "2025-08-11T08:09:29.034044+00:00"}
{"asctime": "2025-08-11 10:09:29,034", "levelname": "WARNING", "name": "AresGlobal.Step5AnalystSpecialistTrainingValidator", "message": "⚠️ BLANK MODE: Allowing Step 5 validation to pass despite unfavorable outcome. This is expected in blank runs (reduced artifacts/flags); safe to continue.", "correlation_id": "-", "session_id": "-", "step_name": "step5_analyst_specialist_training", "phase": "validation", "component": "analyst_specialist_training", "symbol": "ETHUSDT", "exchange": "BINANCE", "status": null, "blank_mode": true, "expected_in_blank_mode": true, "guidance": "No action required for blank mode; run full mode for strict validation.", "timestamp": "2025-08-11T08:09:29.034198+00:00"}
{"asctime": "2025-08-11 10:09:29,034", "levelname": "INFO", "name": "AresGlobal.ValidatorOrchestrator", "message": "✅ Validator for step5_analyst_specialist_training completed: True", "correlation_id": "-", "session_id": "-", "timestamp": "2025-08-11T08:09:29.034327+00:00"}
{"asctime": "2025-08-11 10:09:29,034", "levelname": "INFO", "name": "AresGlobal.EnhancedTrainingManager", "message": "✅ step5_analyst_specialist_training validation passed", "correlation_id": "-", "session_id": "-", "timestamp": "2025-08-11T08:09:29.034458+00:00"}
{"asctime": "2025-08-11 10:09:29,139", "levelname": "INFO", "name": "AresGlobal.EnhancedTrainingManager", "message": "✅ Step 5: Analyst Specialist Training: completed successfully in 0.26s", "correlation_id": "-", "session_id": "-", "timestamp": "2025-08-11T08:09:29.139526+00:00"}
{"asctime": "2025-08-11 10:09:29,139", "levelname": "INFO", "name": "AresGlobal.EnhancedTrainingManager", "message": "💾 Process Memory: 1418.6 MB | CPU: 0.1%", "correlation_id": "-", "session_id": "-", "timestamp": "2025-08-11T08:09:29.139831+00:00"}
{"asctime": "2025-08-11 10:09:29,139", "levelname": "INFO", "name": "AresGlobal.EnhancedTrainingManager", "message": "🖥️ System Memory: 64.5% | Available: 5.7 GB", "correlation_id": "-", "session_id": "-", "timestamp": "2025-08-11T08:09:29.139958+00:00"}
{"asctime": "2025-08-11 10:09:29,140", "levelname": "INFO", "name": "AresGlobal.EnhancedTrainingManager", "message": "📊 Progress: 25.0% (4/16)", "correlation_id": "-", "session_id": "-", "timestamp": "2025-08-11T08:09:29.140074+00:00"}
{"asctime": "2025-08-11 10:09:29,140", "levelname": "INFO", "name": "AresGlobal.EnhancedTrainingManager", "message": "🔧 STEP 6: Analyst Enhancement...", "correlation_id": "-", "session_id": "-", "timestamp": "2025-08-11T08:09:29.140196+00:00"}
{"asctime": "2025-08-11 10:09:31,163", "levelname": "INFO", "name": "AresGlobal.EnhancedTrainingManager", "message": "🔍 Running validator for step6_analyst_enhancement", "correlation_id": "-", "session_id": "-", "timestamp": "2025-08-11T08:09:31.163601+00:00"}
{"asctime": "2025-08-11 10:09:31,163", "levelname": "INFO", "name": "AresGlobal.ValidatorOrchestrator", "message": "🔍 Running validator for step6_analyst_enhancement", "correlation_id": "-", "session_id": "-", "timestamp": "2025-08-11T08:09:31.163819+00:00"}
{"asctime": "2025-08-11 10:09:31,164", "levelname": "INFO", "name": "AresGlobal.Step6AnalystEnhancementValidator", "message": "🔍 Validating analyst enhancement step...", "correlation_id": "-", "session_id": "-", "timestamp": "2025-08-11T08:09:31.164675+00:00"}
{"asctime": "2025-08-11 10:09:31,164", "levelname": "INFO", "name": "AresGlobal.Step6AnalystEnhancementValidator", "message": "\u001b[91m\u001b[1m❌\u001b[0m \u001b[91m\u001b[1m❌ No valid model files referenced in summary: data/training/BINANCE_ETHUSDT_analyst_enhancement_summary.json\u001b[0m", "correlation_id": "-", "session_id": "-", "timestamp": "2025-08-11T08:09:31.164907+00:00"}
{"asctime": "2025-08-11 10:09:31,165", "levelname": "INFO", "name": "AresGlobal.Step6AnalystEnhancementValidator", "message": "\u001b[91m\u001b[1m❌\u001b[0m \u001b[91m\u001b[1m❌ Enhanced model files validation failed\u001b[0m", "correlation_id": "-", "session_id": "-", "timestamp": "2025-08-11T08:09:31.165024+00:00"}
{"asctime": "2025-08-11 10:09:31,165", "levelname": "INFO", "name": "AresGlobal.ValidatorOrchestrator", "message": "✅ Validator for step6_analyst_enhancement completed: False", "correlation_id": "-", "session_id": "-", "timestamp": "2025-08-11T08:09:31.165136+00:00"}
{"asctime": "2025-08-11 10:09:31,165", "levelname": "ERROR", "name": "AresGlobal.ValidatorOrchestrator", "message": "❌ Validator failed for step6_analyst_enhancement: Step validation failed", "correlation_id": "-", "session_id": "-", "timestamp": "2025-08-11T08:09:31.165230+00:00"}
{"asctime": "2025-08-11 10:09:31,165", "levelname": "WARNING", "name": "AresGlobal.EnhancedTrainingManager", "message": "⚠️ step6_analyst_enhancement validation failed: Unknown error", "correlation_id": "-", "session_id": "-", "timestamp": "2025-08-11T08:09:31.165352+00:00"}
{"asctime": "2025-08-11 10:09:31,269", "levelname": "INFO", "name": "AresGlobal.EnhancedTrainingManager", "message": "✅ Step 6: Analyst Enhancement: completed successfully in 2.03s", "correlation_id": "-", "session_id": "-", "timestamp": "2025-08-11T08:09:31.269705+00:00"}
{"asctime": "2025-08-11 10:09:31,270", "levelname": "INFO", "name": "AresGlobal.EnhancedTrainingManager", "message": "💾 Process Memory: 1488.9 MB | CPU: 0.1%", "correlation_id": "-", "session_id": "-", "timestamp": "2025-08-11T08:09:31.270080+00:00"}
{"asctime": "2025-08-11 10:09:31,270", "levelname": "INFO", "name": "AresGlobal.EnhancedTrainingManager", "message": "🖥️ System Memory: 64.6% | Available: 5.7 GB", "correlation_id": "-", "session_id": "-", "timestamp": "2025-08-11T08:09:31.270195+00:00"}
{"asctime": "2025-08-11 10:09:31,270", "levelname": "INFO", "name": "AresGlobal.EnhancedTrainingManager", "message": "📊 Progress: 31.2% (5/16)", "correlation_id": "-", "session_id": "-", "timestamp": "2025-08-11T08:09:31.270300+00:00"}
{"asctime": "2025-08-11 10:09:31,270", "levelname": "INFO", "name": "AresGlobal.EnhancedTrainingManager", "message": "🎲 STEP 7: Analyst Ensemble Creation...", "correlation_id": "-", "session_id": "-", "timestamp": "2025-08-11T08:09:31.270412+00:00"}
{"asctime": "2025-08-11 10:09:31,279", "levelname": "ERROR", "name": "AresGlobal.EnhancedTrainingManager", "message": "💥 COMPREHENSIVE PIPELINE FAILED: invalid syntax (step7_analyst_ensemble_creation.py, line 594)", "correlation_id": "-", "session_id": "-", "timestamp": "2025-08-11T08:09:31.279300+00:00"}
{"asctime": "2025-08-11 10:09:31,279", "levelname": "ERROR", "name": "AresGlobal.EnhancedTrainingManager", "message": "📋 Error details: SyntaxError: invalid syntax (step7_analyst_ensemble_creation.py, line 594)", "correlation_id": "-", "session_id": "-", "timestamp": "2025-08-11T08:09:31.279537+00:00"}
{"asctime": "2025-08-11 10:09:31,279", "levelname": "ERROR", "name": "AresGlobal.EnhancedTrainingManager", "message": "⏱️ Time elapsed before failure: 117.96s", "correlation_id": "-", "session_id": "-", "timestamp": "2025-08-11T08:09:31.279673+00:00"}
{"asctime": "2025-08-11 10:09:31,279", "levelname": "INFO", "name": "AresGlobal.EnhancedTrainingManager", "message": "💾 Checkpoint saved - you can resume training later", "correlation_id": "-", "session_id": "-", "timestamp": "2025-08-11T08:09:31.279782+00:00"}
{"asctime": "2025-08-11 10:09:31,279", "levelname": "ERROR", "name": "AresGlobal.EnhancedTrainingManager", "message": "❌ Enhanced training pipeline failed", "correlation_id": "-", "session_id": "-", "timestamp": "2025-08-11T08:09:31.279877+00:00"}
{"asctime": "2025-08-11 10:09:31,279", "levelname": "INFO", "name": "AresGlobal.StepOrchestrator", "message": "\u001b[91m\u001b[1m❌\u001b[0m \u001b[91m\u001b[1m❌ Enhanced 16-step training pipeline failed\u001b[0m", "correlation_id": "-", "session_id": "-", "timestamp": "2025-08-11T08:09:31.279988+00:00"}
{"asctime": "2025-08-11 10:09:31,284", "levelname": "ERROR", "name": "AresGlobal.AresLauncher", "message": "❌ Enhanced 16-step training pipeline failed", "correlation_id": "-", "session_id": "-", "timestamp": "2025-08-11T08:09:31.284013+00:00"}
{"asctime": "2025-08-11 10:09:31,284", "levelname": "INFO", "name": "AresGlobal", "message": "[SYSTEM] ================================================================================", "correlation_id": "-", "session_id": "-", "timestamp": "2025-08-11T08:09:31.284560+00:00"}
{"asctime": "2025-08-11 10:09:31,284", "levelname": "INFO", "name": "AresGlobal", "message": "[SYSTEM] 🛑 ARES LAUNCHER ENDED - Exit code: 1", "correlation_id": "-", "session_id": "-", "timestamp": "2025-08-11T08:09:31.284845+00:00"}
{"asctime": "2025-08-11 10:09:31,285", "levelname": "INFO", "name": "AresGlobal", "message": "[SYSTEM] End time: 2025-08-11 10:09:31", "correlation_id": "-", "session_id": "-", "timestamp": "2025-08-11T08:09:31.285056+00:00"}
{"asctime": "2025-08-11 10:09:31,285", "levelname": "INFO", "name": "AresGlobal", "message": "[SYSTEM] ================================================================================", "correlation_id": "-", "session_id": "-", "timestamp": "2025-08-11T08:09:31.285219+00:00"}
{"asctime": "2025-08-11 10:09:31,285", "levelname": "INFO", "name": "AresGlobal.AresLauncher", "message": "🧹 Cleaning up processes...", "correlation_id": "-", "session_id": "-", "timestamp": "2025-08-11T08:09:31.285307+00:00"}
{"asctime": "2025-08-11 10:09:31,285", "levelname": "INFO", "name": "AresGlobal.AresLauncher", "message": "✅ Cleanup completed", "correlation_id": "-", "session_id": "-", "timestamp": "2025-08-11T08:09:31.285401+00:00"}
