{"asctime": "2025-08-11 18:22:30,081", "levelname": "INFO", "name": "AresTradingSystem", "message": "âœ… Enhanced Logger initialization completed successfully", "correlation_id": "-", "session_id": "-", "timestamp": "2025-08-11T16:22:30.081563+00:00"}
{"asctime": "2025-08-11 18:22:30,127", "levelname": "INFO", "name": "AresTradingSystem.System", "message": "Initializing Market Regime Classification Step...", "correlation_id": "-", "session_id": "-", "timestamp": "2025-08-11T16:22:30.127655+00:00"}
{"asctime": "2025-08-11 18:22:30,127", "levelname": "INFO", "name": "AresTradingSystem.System", "message": "Market Regime Classification Step initialized successfully", "correlation_id": "-", "session_id": "-", "timestamp": "2025-08-11T16:22:30.127959+00:00"}
{"asctime": "2025-08-11 18:22:30,128", "levelname": "INFO", "name": "AresTradingSystem.System", "message": "ðŸ”„ Executing Market Regime Classification...", "correlation_id": "-", "session_id": "-", "timestamp": "2025-08-11T16:22:30.128043+00:00"}
{"asctime": "2025-08-11 18:22:30,128", "levelname": "INFO", "name": "AresTradingSystem.System", "message": "Applied NumPy RNG unpickle compatibility shim (URC)", "correlation_id": "-", "session_id": "-", "timestamp": "2025-08-11T16:22:30.128142+00:00"}
{"asctime": "2025-08-11 18:22:30,128", "levelname": "INFO", "name": "AresTradingSystem.System.UnifiedRegimeClassifier", "message": "", "correlation_id": "-", "session_id": "-", "msg": "UnifiedRegimeClassifier configuration", "n_states_configured": 3, "n_states_enforced_min": 3, "min_data_points_default": 1000, "thresholds": {"adx_sideways_threshold": 18, "volatility_threshold": 0.025, "atr_normalized_threshold": 0.035, "volatility_percentile_threshold": 0.8, "bb_width_volatility_threshold": 0.045}, "timestamp": "2025-08-11T16:22:30.128229+00:00"}
{"asctime": "2025-08-11 18:22:30,128", "levelname": "INFO", "name": "AresTradingSystem.System.UnifiedRegimeClassifier", "message": "ðŸ”§ BLANK MODE DETECTED: Using reduced minimum data points (50)", "correlation_id": "-", "session_id": "-", "timestamp": "2025-08-11T16:22:30.128327+00:00"}
{"asctime": "2025-08-11 18:22:30,128", "levelname": "INFO", "name": "AresTradingSystem.System.UnifiedRegimeClassifier", "message": "Initializing UnifiedRegimeClassifier for BINANCE_ETHUSDT", "correlation_id": "-", "session_id": "-", "timestamp": "2025-08-11T16:22:30.128455+00:00"}
{"asctime": "2025-08-11 18:22:30,128", "levelname": "INFO", "name": "AresTradingSystem.System.UnifiedRegimeClassifier", "message": "", "correlation_id": "-", "session_id": "-", "msg": "UnifiedRegimeClassifier model directories", "model_dir": "/Users/remyroche/Documents/Ares/checkpoints/analyst_models", "hmm_model_path": "/Users/remyroche/Documents/Ares/checkpoints/analyst_models/unified_hmm_model_BINANCE_ETHUSDT_1h.joblib", "ensemble_model_path": "/Users/remyroche/Documents/Ares/checkpoints/analyst_models/unified_ensemble_model_BINANCE_ETHUSDT_1h.joblib", "location_model_path": "/Users/remyroche/Documents/Ares/checkpoints/analyst_models/unified_location_model_BINANCE_ETHUSDT_1h.joblib", "hierarchical_model_dir": "/Users/remyroche/Documents/Ares/checkpoints/analyst_models/BINANCE/ETHUSDT/1h", "timestamp": "2025-08-11T16:22:30.128530+00:00"}
{"asctime": "2025-08-11 18:22:30,129", "levelname": "INFO", "name": "AresTradingSystem.System.UnifiedRegimeClassifier", "message": "âœ… Loaded HMM model from /Users/remyroche/Documents/Ares/checkpoints/analyst_models/unified_hmm_model_BINANCE_ETHUSDT_1h.joblib", "correlation_id": "-", "session_id": "-", "timestamp": "2025-08-11T16:22:30.129625+00:00"}
{"asctime": "2025-08-11 18:22:30,134", "levelname": "INFO", "name": "AresTradingSystem.System.UnifiedRegimeClassifier", "message": "âœ… Loaded basic ensemble from /Users/remyroche/Documents/Ares/checkpoints/analyst_models/unified_ensemble_model_BINANCE_ETHUSDT_1h.joblib", "correlation_id": "-", "session_id": "-", "timestamp": "2025-08-11T16:22:30.134471+00:00"}
{"asctime": "2025-08-11 18:22:30,134", "levelname": "INFO", "name": "AresTradingSystem.System.UnifiedRegimeClassifier", "message": "âœ… Loaded existing models successfully", "correlation_id": "-", "session_id": "-", "timestamp": "2025-08-11T16:22:30.134919+00:00"}
{"asctime": "2025-08-11 18:22:30,135", "levelname": "INFO", "name": "AresTradingSystem.System.UnifiedRegimeClassifier", "message": "âœ… UnifiedRegimeClassifier initialized successfully", "correlation_id": "-", "session_id": "-", "timestamp": "2025-08-11T16:22:30.135023+00:00"}
{"asctime": "2025-08-11 18:22:30,135", "levelname": "INFO", "name": "AresTradingSystem.System", "message": "ðŸ”„ Loading data using unified data loader...", "correlation_id": "-", "session_id": "-", "timestamp": "2025-08-11T16:22:30.135092+00:00"}
{"asctime": "2025-08-11 18:22:30,135", "levelname": "INFO", "name": "AresTradingSystem.System.UnifiedDataLoader", "message": "ðŸ”„ Loading unified data for ETHUSDT on BINANCE", "correlation_id": "-", "session_id": "-", "timestamp": "2025-08-11T16:22:30.135174+00:00"}
{"asctime": "2025-08-11 18:22:30,135", "levelname": "INFO", "name": "AresTradingSystem.System.UnifiedDataLoader", "message": "   Timeframe: 1m", "correlation_id": "-", "session_id": "-", "timestamp": "2025-08-11T16:22:30.135235+00:00"}
{"asctime": "2025-08-11 18:22:30,135", "levelname": "INFO", "name": "AresTradingSystem.System.UnifiedDataLoader", "message": "   Date range: 2025-07-12 to 2025-08-11", "correlation_id": "-", "session_id": "-", "timestamp": "2025-08-11T16:22:30.135305+00:00"}
{"asctime": "2025-08-11 18:22:30,135", "levelname": "INFO", "name": "AresTradingSystem.System.UnifiedDataLoader", "message": "   Streaming: True", "correlation_id": "-", "session_id": "-", "timestamp": "2025-08-11T16:22:30.135363+00:00"}
{"asctime": "2025-08-11 18:22:30,135", "levelname": "INFO", "name": "AresTradingSystem.System.UnifiedDataLoader", "message": "   âš ï¸ Streaming disabled to avoid segmentation faults", "correlation_id": "-", "session_id": "-", "timestamp": "2025-08-11T16:22:30.135417+00:00"}
{"asctime": "2025-08-11 18:22:30,135", "levelname": "INFO", "name": "AresTradingSystem.System.UnifiedDataLoader", "message": "   ðŸ“ Found unified data cache, using optimized pyarrow loading", "correlation_id": "-", "session_id": "-", "timestamp": "2025-08-11T16:22:30.135484+00:00"}
{"asctime": "2025-08-11 18:22:30,135", "levelname": "INFO", "name": "AresTradingSystem.System.UnifiedDataLoader", "message": "ðŸ”§ Using optimized pyarrow loading...", "correlation_id": "-", "session_id": "-", "timestamp": "2025-08-11T16:22:30.135539+00:00"}
{"asctime": "2025-08-11 18:22:30,135", "levelname": "INFO", "name": "AresTradingSystem.System.UnifiedDataLoader", "message": "   âš ï¸ PyArrow disabled to avoid segmentation faults", "correlation_id": "-", "session_id": "-", "timestamp": "2025-08-11T16:22:30.135592+00:00"}
{"asctime": "2025-08-11 18:22:30,135", "levelname": "INFO", "name": "AresTradingSystem.System.UnifiedDataLoader", "message": "ðŸ”§ Using memory-efficient streaming loading for 180 days...", "correlation_id": "-", "session_id": "-", "timestamp": "2025-08-11T16:22:30.135644+00:00"}
{"asctime": "2025-08-11 18:22:30,136", "levelname": "INFO", "name": "AresTradingSystem.System.UnifiedDataLoader", "message": "ðŸ“ Found 29 partition files", "correlation_id": "-", "session_id": "-", "timestamp": "2025-08-11T16:22:30.136251+00:00"}
{"asctime": "2025-08-11 18:22:30,192", "levelname": "INFO", "name": "AresTradingSystem.System.UnifiedDataLoader", "message": "   ðŸ“„ Processing file 1/29: part-0.parquet", "correlation_id": "-", "session_id": "-", "timestamp": "2025-08-11T16:22:30.192737+00:00"}
{"asctime": "2025-08-11 18:22:30,270", "levelname": "INFO", "name": "AresTradingSystem.System.UnifiedDataLoader", "message": "   âœ… Loaded file 1: (1440, 19)", "correlation_id": "-", "session_id": "-", "timestamp": "2025-08-11T16:22:30.270643+00:00"}
{"asctime": "2025-08-11 18:22:30,275", "levelname": "INFO", "name": "AresTradingSystem.System.UnifiedDataLoader", "message": "   ðŸ” After date filtering: (337, 19)", "correlation_id": "-", "session_id": "-", "timestamp": "2025-08-11T16:22:30.275831+00:00"}
{"asctime": "2025-08-11 18:22:30,278", "levelname": "INFO", "name": "AresTradingSystem.System.UnifiedDataLoader", "message": "   ðŸ“Š Total rows so far: 337", "correlation_id": "-", "session_id": "-", "timestamp": "2025-08-11T16:22:30.278823+00:00"}
{"asctime": "2025-08-11 18:22:31,382", "levelname": "INFO", "name": "AresTradingSystem.System.UnifiedDataLoader", "message": "   ðŸ“„ Processing file 10/29: part-0.parquet", "correlation_id": "-", "session_id": "-", "timestamp": "2025-08-11T16:22:31.382578+00:00"}
{"asctime": "2025-08-11 18:22:31,385", "levelname": "INFO", "name": "AresTradingSystem.System.UnifiedDataLoader", "message": "   âœ… Loaded file 10: (1440, 19)", "correlation_id": "-", "session_id": "-", "timestamp": "2025-08-11T16:22:31.385852+00:00"}
{"asctime": "2025-08-11 18:22:31,386", "levelname": "INFO", "name": "AresTradingSystem.System.UnifiedDataLoader", "message": "   ðŸ” After date filtering: (1440, 19)", "correlation_id": "-", "session_id": "-", "timestamp": "2025-08-11T16:22:31.386568+00:00"}
{"asctime": "2025-08-11 18:22:31,391", "levelname": "INFO", "name": "AresTradingSystem.System.UnifiedDataLoader", "message": "   ðŸ“Š Total rows so far: 13297", "correlation_id": "-", "session_id": "-", "timestamp": "2025-08-11T16:22:31.391237+00:00"}
{"asctime": "2025-08-11 18:22:32,681", "levelname": "INFO", "name": "AresTradingSystem.System.UnifiedDataLoader", "message": "   ðŸ“„ Processing file 20/29: part-0.parquet", "correlation_id": "-", "session_id": "-", "timestamp": "2025-08-11T16:22:32.681081+00:00"}
{"asctime": "2025-08-11 18:22:32,683", "levelname": "INFO", "name": "AresTradingSystem.System.UnifiedDataLoader", "message": "   âœ… Loaded file 20: (1440, 19)", "correlation_id": "-", "session_id": "-", "timestamp": "2025-08-11T16:22:32.683973+00:00"}
{"asctime": "2025-08-11 18:22:32,684", "levelname": "INFO", "name": "AresTradingSystem.System.UnifiedDataLoader", "message": "   ðŸ” After date filtering: (1440, 19)", "correlation_id": "-", "session_id": "-", "timestamp": "2025-08-11T16:22:32.684626+00:00"}
{"asctime": "2025-08-11 18:22:32,689", "levelname": "INFO", "name": "AresTradingSystem.System.UnifiedDataLoader", "message": "   ðŸ“Š Total rows so far: 27697", "correlation_id": "-", "session_id": "-", "timestamp": "2025-08-11T16:22:32.689279+00:00"}
{"asctime": "2025-08-11 18:22:33,959", "levelname": "INFO", "name": "AresTradingSystem.System.UnifiedDataLoader", "message": "ðŸ”„ Converting 40287 records to DataFrame...", "correlation_id": "-", "session_id": "-", "timestamp": "2025-08-11T16:22:33.959344+00:00"}
{"asctime": "2025-08-11 18:22:34,141", "levelname": "INFO", "name": "AresTradingSystem.System.UnifiedDataLoader", "message": "âœ… Memory-efficient loading completed: (40287, 19)", "correlation_id": "-", "session_id": "-", "timestamp": "2025-08-11T16:22:34.141740+00:00"}
{"asctime": "2025-08-11 18:22:34,142", "levelname": "INFO", "name": "AresTradingSystem.System", "message": "âœ… Loaded unified data: 40287 rows", "correlation_id": "-", "session_id": "-", "timestamp": "2025-08-11T16:22:34.142720+00:00"}
{"asctime": "2025-08-11 18:22:34,142", "levelname": "INFO", "name": "AresTradingSystem.System", "message": "   Date range: 2025-07-12T18:23:00 to 2025-08-09T17:49:00", "correlation_id": "-", "session_id": "-", "timestamp": "2025-08-11T16:22:34.142883+00:00"}
{"asctime": "2025-08-11 18:22:34,143", "levelname": "INFO", "name": "AresTradingSystem.System", "message": "   Has aggtrades data: True", "correlation_id": "-", "session_id": "-", "timestamp": "2025-08-11T16:22:34.143091+00:00"}
{"asctime": "2025-08-11 18:22:34,143", "levelname": "INFO", "name": "AresTradingSystem.System", "message": "   Has futures data: True", "correlation_id": "-", "session_id": "-", "timestamp": "2025-08-11T16:22:34.143249+00:00"}
{"asctime": "2025-08-11 18:22:34,143", "levelname": "INFO", "name": "AresTradingSystem.System", "message": "ðŸ”„ Resampling data to 1h timeframe for regime classification...", "correlation_id": "-", "session_id": "-", "timestamp": "2025-08-11T16:22:34.143650+00:00"}
{"asctime": "2025-08-11 18:22:34,158", "levelname": "INFO", "name": "AresTradingSystem.System", "message": "âœ… Resampled to 1h: 672 records", "correlation_id": "-", "session_id": "-", "timestamp": "2025-08-11T16:22:34.158098+00:00"}
{"asctime": "2025-08-11 18:22:34,158", "levelname": "INFO", "name": "AresTradingSystem.System", "message": "Classifying market regimes for ETHUSDT on BINANCE...", "correlation_id": "-", "session_id": "-", "timestamp": "2025-08-11T16:22:34.158294+00:00"}
{"asctime": "2025-08-11 18:22:34,158", "levelname": "INFO", "name": "AresTradingSystem.System.UnifiedRegimeClassifier", "message": "ðŸ”§ Calculating features for 672 periods...", "correlation_id": "-", "session_id": "-", "timestamp": "2025-08-11T16:22:34.158936+00:00"}
{"asctime": "2025-08-11 18:22:34,171", "levelname": "INFO", "name": "AresTradingSystem.System.UnifiedRegimeClassifier", "message": "âœ… Calculated comprehensive features for 672 periods (dropped 0 rows due to NaN)", "correlation_id": "-", "session_id": "-", "timestamp": "2025-08-11T16:22:34.171446+00:00"}
{"asctime": "2025-08-11 18:22:34,171", "levelname": "INFO", "name": "AresTradingSystem.System.UnifiedRegimeClassifier", "message": "ðŸ” Using trained basic ensemble for regime classification", "correlation_id": "-", "session_id": "-", "timestamp": "2025-08-11T16:22:34.171994+00:00"}
{"asctime": "2025-08-11 18:22:34,195", "levelname": "INFO", "name": "AresTradingSystem.System.UnifiedRegimeClassifier", "message": "", "correlation_id": "-", "session_id": "-", "msg": "Ensemble regime prediction summary", "unique_regimes": ["BEAR", "BULL", "SIDEWAYS"], "counts": {"BEAR": 396, "BULL": 15, "SIDEWAYS": 261}, "expected_min": 3, "total_records": 672, "thresholds": {"adx_sideways_threshold": 18, "volatility_threshold": 0.025, "atr_normalized_threshold": 0.035, "volatility_percentile_threshold": 0.8}, "timestamp": "2025-08-11T16:22:34.195868+00:00"}
{"asctime": "2025-08-11 18:22:34,196", "levelname": "INFO", "name": "AresTradingSystem.System.UnifiedRegimeClassifier", "message": "Classifying location with tactical pivots and strategic volume levels...", "correlation_id": "-", "session_id": "-", "timestamp": "2025-08-11T16:22:34.196324+00:00"}
{"asctime": "2025-08-11 18:22:34,196", "levelname": "WARNING", "name": "AresTradingSystem.System.UnifiedRegimeClassifier", "message": "Insufficient data for location classification. Need at least 720 rows, but only have 672. Returning all OPEN_RANGE labels.", "correlation_id": "-", "session_id": "-", "timestamp": "2025-08-11T16:22:34.196420+00:00"}
{"asctime": "2025-08-11 18:22:34,197", "levelname": "INFO", "name": "AresTradingSystem.System.UnifiedRegimeClassifier", "message": "ðŸ“Š Regime distribution: {'BEAR': 396, 'SIDEWAYS': 261, 'BULL': 15}", "correlation_id": "-", "session_id": "-", "timestamp": "2025-08-11T16:22:34.197969+00:00"}
{"asctime": "2025-08-11 18:22:34,198", "levelname": "INFO", "name": "AresTradingSystem.System", "message": "Regime classification completed. Found 3 distinct regimes", "correlation_id": "-", "session_id": "-", "timestamp": "2025-08-11T16:22:34.198670+00:00"}
{"asctime": "2025-08-11 18:22:34,220", "levelname": "INFO", "name": "AresTradingSystem.System", "message": "âœ… Saved regime classification results to parquet: data/training/BINANCE_ETHUSDT_regime_classification.parquet", "correlation_id": "-", "session_id": "-", "timestamp": "2025-08-11T16:22:34.220231+00:00"}
{"asctime": "2025-08-11 18:22:34,220", "levelname": "INFO", "name": "AresTradingSystem.System", "message": "âœ… Market regime classification completed. Results saved to data/training/BINANCE_ETHUSDT_regime_classification.json", "correlation_id": "-", "session_id": "-", "timestamp": "2025-08-11T16:22:34.220398+00:00"}
{"asctime": "2025-08-11 18:22:34,348", "levelname": "INFO", "name": "AresTradingSystem.System", "message": "Initializing Regime Data Splitting Step...", "correlation_id": "-", "session_id": "-", "timestamp": "2025-08-11T16:22:34.348051+00:00"}
{"asctime": "2025-08-11 18:22:34,348", "levelname": "INFO", "name": "AresTradingSystem.System", "message": "Regime Data Splitting Step initialized successfully", "correlation_id": "-", "session_id": "-", "timestamp": "2025-08-11T16:22:34.348162+00:00"}
{"asctime": "2025-08-11 18:22:34,348", "levelname": "INFO", "name": "AresTradingSystem.System", "message": "ðŸ”„ Loading unified data for regime data splitting...", "correlation_id": "-", "session_id": "-", "timestamp": "2025-08-11T16:22:34.348236+00:00"}
{"asctime": "2025-08-11 18:22:34,348", "levelname": "INFO", "name": "AresTradingSystem.System.UnifiedDataLoader", "message": "ðŸ”„ Loading unified data for ETHUSDT on BINANCE", "correlation_id": "-", "session_id": "-", "timestamp": "2025-08-11T16:22:34.348319+00:00"}
{"asctime": "2025-08-11 18:22:34,348", "levelname": "INFO", "name": "AresTradingSystem.System.UnifiedDataLoader", "message": "   Timeframe: 1m", "correlation_id": "-", "session_id": "-", "timestamp": "2025-08-11T16:22:34.348383+00:00"}
{"asctime": "2025-08-11 18:22:34,348", "levelname": "INFO", "name": "AresTradingSystem.System.UnifiedDataLoader", "message": "   Date range: 2025-02-12 to 2025-08-11", "correlation_id": "-", "session_id": "-", "timestamp": "2025-08-11T16:22:34.348458+00:00"}
{"asctime": "2025-08-11 18:22:34,348", "levelname": "INFO", "name": "AresTradingSystem.System.UnifiedDataLoader", "message": "   Streaming: True", "correlation_id": "-", "session_id": "-", "timestamp": "2025-08-11T16:22:34.348519+00:00"}
{"asctime": "2025-08-11 18:22:34,348", "levelname": "INFO", "name": "AresTradingSystem.System.UnifiedDataLoader", "message": "   âš ï¸ Streaming disabled to avoid segmentation faults", "correlation_id": "-", "session_id": "-", "timestamp": "2025-08-11T16:22:34.348574+00:00"}
{"asctime": "2025-08-11 18:22:34,348", "levelname": "INFO", "name": "AresTradingSystem.System.UnifiedDataLoader", "message": "   ðŸ“ Found unified data cache, using optimized pyarrow loading", "correlation_id": "-", "session_id": "-", "timestamp": "2025-08-11T16:22:34.348652+00:00"}
{"asctime": "2025-08-11 18:22:34,348", "levelname": "INFO", "name": "AresTradingSystem.System.UnifiedDataLoader", "message": "ðŸ”§ Using optimized pyarrow loading...", "correlation_id": "-", "session_id": "-", "timestamp": "2025-08-11T16:22:34.348711+00:00"}
{"asctime": "2025-08-11 18:22:34,348", "levelname": "INFO", "name": "AresTradingSystem.System.UnifiedDataLoader", "message": "   âš ï¸ PyArrow disabled to avoid segmentation faults", "correlation_id": "-", "session_id": "-", "timestamp": "2025-08-11T16:22:34.348769+00:00"}
{"asctime": "2025-08-11 18:22:34,348", "levelname": "INFO", "name": "AresTradingSystem.System.UnifiedDataLoader", "message": "ðŸ”§ Using memory-efficient streaming loading for 180 days...", "correlation_id": "-", "session_id": "-", "timestamp": "2025-08-11T16:22:34.348881+00:00"}
{"asctime": "2025-08-11 18:22:34,358", "levelname": "INFO", "name": "AresTradingSystem.System.UnifiedDataLoader", "message": "ðŸ“ Found 179 partition files", "correlation_id": "-", "session_id": "-", "timestamp": "2025-08-11T16:22:34.358230+00:00"}
{"asctime": "2025-08-11 18:22:34,421", "levelname": "INFO", "name": "AresTradingSystem.System.UnifiedDataLoader", "message": "   ðŸ“„ Processing file 1/179: part-0.parquet", "correlation_id": "-", "session_id": "-", "timestamp": "2025-08-11T16:22:34.421356+00:00"}
{"asctime": "2025-08-11 18:22:34,424", "levelname": "INFO", "name": "AresTradingSystem.System.UnifiedDataLoader", "message": "   âœ… Loaded file 1: (1440, 19)", "correlation_id": "-", "session_id": "-", "timestamp": "2025-08-11T16:22:34.424646+00:00"}
{"asctime": "2025-08-11 18:22:34,425", "levelname": "INFO", "name": "AresTradingSystem.System.UnifiedDataLoader", "message": "   ðŸ” After date filtering: (337, 19)", "correlation_id": "-", "session_id": "-", "timestamp": "2025-08-11T16:22:34.425555+00:00"}
{"asctime": "2025-08-11 18:22:34,427", "levelname": "INFO", "name": "AresTradingSystem.System.UnifiedDataLoader", "message": "   ðŸ“Š Total rows so far: 337", "correlation_id": "-", "session_id": "-", "timestamp": "2025-08-11T16:22:34.427591+00:00"}
{"asctime": "2025-08-11 18:22:35,588", "levelname": "INFO", "name": "AresTradingSystem.System.UnifiedDataLoader", "message": "   ðŸ“„ Processing file 10/179: part-0.parquet", "correlation_id": "-", "session_id": "-", "timestamp": "2025-08-11T16:22:35.588515+00:00"}
{"asctime": "2025-08-11 18:22:35,591", "levelname": "INFO", "name": "AresTradingSystem.System.UnifiedDataLoader", "message": "   âœ… Loaded file 10: (1440, 19)", "correlation_id": "-", "session_id": "-", "timestamp": "2025-08-11T16:22:35.591867+00:00"}
{"asctime": "2025-08-11 18:22:35,592", "levelname": "INFO", "name": "AresTradingSystem.System.UnifiedDataLoader", "message": "   ðŸ” After date filtering: (1440, 19)", "correlation_id": "-", "session_id": "-", "timestamp": "2025-08-11T16:22:35.592612+00:00"}
{"asctime": "2025-08-11 18:22:35,597", "levelname": "INFO", "name": "AresTradingSystem.System.UnifiedDataLoader", "message": "   ðŸ“Š Total rows so far: 13297", "correlation_id": "-", "session_id": "-", "timestamp": "2025-08-11T16:22:35.597756+00:00"}
{"asctime": "2025-08-11 18:22:36,889", "levelname": "INFO", "name": "AresTradingSystem.System.UnifiedDataLoader", "message": "   ðŸ“„ Processing file 20/179: part-0.parquet", "correlation_id": "-", "session_id": "-", "timestamp": "2025-08-11T16:22:36.889361+00:00"}
{"asctime": "2025-08-11 18:22:36,895", "levelname": "INFO", "name": "AresTradingSystem.System.UnifiedDataLoader", "message": "   âœ… Loaded file 20: (1440, 19)", "correlation_id": "-", "session_id": "-", "timestamp": "2025-08-11T16:22:36.895244+00:00"}
{"asctime": "2025-08-11 18:22:36,896", "levelname": "INFO", "name": "AresTradingSystem.System.UnifiedDataLoader", "message": "   ðŸ” After date filtering: (1440, 19)", "correlation_id": "-", "session_id": "-", "timestamp": "2025-08-11T16:22:36.896298+00:00"}
{"asctime": "2025-08-11 18:22:36,900", "levelname": "INFO", "name": "AresTradingSystem.System.UnifiedDataLoader", "message": "   ðŸ“Š Total rows so far: 27697", "correlation_id": "-", "session_id": "-", "timestamp": "2025-08-11T16:22:36.900928+00:00"}
{"asctime": "2025-08-11 18:22:38,305", "levelname": "INFO", "name": "AresTradingSystem.System.UnifiedDataLoader", "message": "   ðŸ“„ Processing file 30/179: part-0.parquet", "correlation_id": "-", "session_id": "-", "timestamp": "2025-08-11T16:22:38.306013+00:00"}
{"asctime": "2025-08-11 18:22:38,309", "levelname": "INFO", "name": "AresTradingSystem.System.UnifiedDataLoader", "message": "   âœ… Loaded file 30: (1440, 19)", "correlation_id": "-", "session_id": "-", "timestamp": "2025-08-11T16:22:38.309871+00:00"}
{"asctime": "2025-08-11 18:22:38,311", "levelname": "INFO", "name": "AresTradingSystem.System.UnifiedDataLoader", "message": "   ðŸ” After date filtering: (1440, 19)", "correlation_id": "-", "session_id": "-", "timestamp": "2025-08-11T16:22:38.311095+00:00"}
{"asctime": "2025-08-11 18:22:38,316", "levelname": "INFO", "name": "AresTradingSystem.System.UnifiedDataLoader", "message": "   ðŸ“Š Total rows so far: 42097", "correlation_id": "-", "session_id": "-", "timestamp": "2025-08-11T16:22:38.316279+00:00"}
{"asctime": "2025-08-11 18:22:39,693", "levelname": "INFO", "name": "AresTradingSystem.System.UnifiedDataLoader", "message": "   ðŸ“„ Processing file 40/179: part-0.parquet", "correlation_id": "-", "session_id": "-", "timestamp": "2025-08-11T16:22:39.693027+00:00"}
{"asctime": "2025-08-11 18:22:39,696", "levelname": "INFO", "name": "AresTradingSystem.System.UnifiedDataLoader", "message": "   âœ… Loaded file 40: (1440, 19)", "correlation_id": "-", "session_id": "-", "timestamp": "2025-08-11T16:22:39.696453+00:00"}
{"asctime": "2025-08-11 18:22:39,697", "levelname": "INFO", "name": "AresTradingSystem.System.UnifiedDataLoader", "message": "   ðŸ” After date filtering: (1440, 19)", "correlation_id": "-", "session_id": "-", "timestamp": "2025-08-11T16:22:39.697963+00:00"}
{"asctime": "2025-08-11 18:22:39,703", "levelname": "INFO", "name": "AresTradingSystem.System.UnifiedDataLoader", "message": "   ðŸ“Š Total rows so far: 56497", "correlation_id": "-", "session_id": "-", "timestamp": "2025-08-11T16:22:39.703446+00:00"}
{"asctime": "2025-08-11 18:22:41,268", "levelname": "INFO", "name": "AresTradingSystem.System.UnifiedDataLoader", "message": "   ðŸ“„ Processing file 50/179: part-0.parquet", "correlation_id": "-", "session_id": "-", "timestamp": "2025-08-11T16:22:41.268998+00:00"}
{"asctime": "2025-08-11 18:22:41,272", "levelname": "INFO", "name": "AresTradingSystem.System.UnifiedDataLoader", "message": "   âœ… Loaded file 50: (1440, 19)", "correlation_id": "-", "session_id": "-", "timestamp": "2025-08-11T16:22:41.272167+00:00"}
{"asctime": "2025-08-11 18:22:41,272", "levelname": "INFO", "name": "AresTradingSystem.System.UnifiedDataLoader", "message": "   ðŸ” After date filtering: (1440, 19)", "correlation_id": "-", "session_id": "-", "timestamp": "2025-08-11T16:22:41.272914+00:00"}
{"asctime": "2025-08-11 18:22:41,277", "levelname": "INFO", "name": "AresTradingSystem.System.UnifiedDataLoader", "message": "   ðŸ“Š Total rows so far: 70897", "correlation_id": "-", "session_id": "-", "timestamp": "2025-08-11T16:22:41.277847+00:00"}
{"asctime": "2025-08-11 18:22:42,828", "levelname": "INFO", "name": "AresTradingSystem.System.UnifiedDataLoader", "message": "   ðŸ“„ Processing file 60/179: part-0.parquet", "correlation_id": "-", "session_id": "-", "timestamp": "2025-08-11T16:22:42.828054+00:00"}
{"asctime": "2025-08-11 18:22:42,831", "levelname": "INFO", "name": "AresTradingSystem.System.UnifiedDataLoader", "message": "   âœ… Loaded file 60: (1440, 19)", "correlation_id": "-", "session_id": "-", "timestamp": "2025-08-11T16:22:42.831678+00:00"}
{"asctime": "2025-08-11 18:22:42,832", "levelname": "INFO", "name": "AresTradingSystem.System.UnifiedDataLoader", "message": "   ðŸ” After date filtering: (1440, 19)", "correlation_id": "-", "session_id": "-", "timestamp": "2025-08-11T16:22:42.832388+00:00"}
{"asctime": "2025-08-11 18:22:42,837", "levelname": "INFO", "name": "AresTradingSystem.System.UnifiedDataLoader", "message": "   ðŸ“Š Total rows so far: 85297", "correlation_id": "-", "session_id": "-", "timestamp": "2025-08-11T16:22:42.837233+00:00"}
{"asctime": "2025-08-11 18:22:44,368", "levelname": "INFO", "name": "AresTradingSystem.System.UnifiedDataLoader", "message": "   ðŸ“„ Processing file 70/179: part-0.parquet", "correlation_id": "-", "session_id": "-", "timestamp": "2025-08-11T16:22:44.368486+00:00"}
{"asctime": "2025-08-11 18:22:44,371", "levelname": "INFO", "name": "AresTradingSystem.System.UnifiedDataLoader", "message": "   âœ… Loaded file 70: (1440, 19)", "correlation_id": "-", "session_id": "-", "timestamp": "2025-08-11T16:22:44.371853+00:00"}
{"asctime": "2025-08-11 18:22:44,372", "levelname": "INFO", "name": "AresTradingSystem.System.UnifiedDataLoader", "message": "   ðŸ” After date filtering: (1440, 19)", "correlation_id": "-", "session_id": "-", "timestamp": "2025-08-11T16:22:44.372552+00:00"}
{"asctime": "2025-08-11 18:22:44,377", "levelname": "INFO", "name": "AresTradingSystem.System.UnifiedDataLoader", "message": "   ðŸ“Š Total rows so far: 99697", "correlation_id": "-", "session_id": "-", "timestamp": "2025-08-11T16:22:44.377927+00:00"}
{"asctime": "2025-08-11 18:22:47,482", "levelname": "INFO", "name": "AresTradingSystem.System.UnifiedDataLoader", "message": "   ðŸ“„ Processing file 80/179: part-0.parquet", "correlation_id": "-", "session_id": "-", "timestamp": "2025-08-11T16:22:47.482226+00:00"}
{"asctime": "2025-08-11 18:22:47,485", "levelname": "INFO", "name": "AresTradingSystem.System.UnifiedDataLoader", "message": "   âœ… Loaded file 80: (1440, 19)", "correlation_id": "-", "session_id": "-", "timestamp": "2025-08-11T16:22:47.485595+00:00"}
{"asctime": "2025-08-11 18:22:47,486", "levelname": "INFO", "name": "AresTradingSystem.System.UnifiedDataLoader", "message": "   ðŸ” After date filtering: (1440, 19)", "correlation_id": "-", "session_id": "-", "timestamp": "2025-08-11T16:22:47.486336+00:00"}
{"asctime": "2025-08-11 18:22:47,491", "levelname": "INFO", "name": "AresTradingSystem.System.UnifiedDataLoader", "message": "   ðŸ“Š Total rows so far: 114097", "correlation_id": "-", "session_id": "-", "timestamp": "2025-08-11T16:22:47.491134+00:00"}
{"asctime": "2025-08-11 18:22:49,208", "levelname": "INFO", "name": "AresTradingSystem.System.UnifiedDataLoader", "message": "   ðŸ“„ Processing file 90/179: part-0.parquet", "correlation_id": "-", "session_id": "-", "timestamp": "2025-08-11T16:22:49.208067+00:00"}
{"asctime": "2025-08-11 18:22:49,211", "levelname": "INFO", "name": "AresTradingSystem.System.UnifiedDataLoader", "message": "   âœ… Loaded file 90: (1440, 19)", "correlation_id": "-", "session_id": "-", "timestamp": "2025-08-11T16:22:49.211651+00:00"}
{"asctime": "2025-08-11 18:22:49,212", "levelname": "INFO", "name": "AresTradingSystem.System.UnifiedDataLoader", "message": "   ðŸ” After date filtering: (1440, 19)", "correlation_id": "-", "session_id": "-", "timestamp": "2025-08-11T16:22:49.212686+00:00"}
{"asctime": "2025-08-11 18:22:49,217", "levelname": "INFO", "name": "AresTradingSystem.System.UnifiedDataLoader", "message": "   ðŸ“Š Total rows so far: 128497", "correlation_id": "-", "session_id": "-", "timestamp": "2025-08-11T16:22:49.217500+00:00"}
{"asctime": "2025-08-11 18:22:50,993", "levelname": "INFO", "name": "AresTradingSystem.System.UnifiedDataLoader", "message": "   ðŸ“„ Processing file 100/179: part-0.parquet", "correlation_id": "-", "session_id": "-", "timestamp": "2025-08-11T16:22:50.993714+00:00"}
{"asctime": "2025-08-11 18:22:50,997", "levelname": "INFO", "name": "AresTradingSystem.System.UnifiedDataLoader", "message": "   âœ… Loaded file 100: (1440, 19)", "correlation_id": "-", "session_id": "-", "timestamp": "2025-08-11T16:22:50.997224+00:00"}
{"asctime": "2025-08-11 18:22:50,997", "levelname": "INFO", "name": "AresTradingSystem.System.UnifiedDataLoader", "message": "   ðŸ” After date filtering: (1440, 19)", "correlation_id": "-", "session_id": "-", "timestamp": "2025-08-11T16:22:50.997993+00:00"}
{"asctime": "2025-08-11 18:22:51,002", "levelname": "INFO", "name": "AresTradingSystem.System.UnifiedDataLoader", "message": "   ðŸ“Š Total rows so far: 142897", "correlation_id": "-", "session_id": "-", "timestamp": "2025-08-11T16:22:51.002815+00:00"}
{"asctime": "2025-08-11 18:22:52,918", "levelname": "INFO", "name": "AresTradingSystem.System.UnifiedDataLoader", "message": "   ðŸ“„ Processing file 110/179: part-0.parquet", "correlation_id": "-", "session_id": "-", "timestamp": "2025-08-11T16:22:52.918376+00:00"}
{"asctime": "2025-08-11 18:22:52,921", "levelname": "INFO", "name": "AresTradingSystem.System.UnifiedDataLoader", "message": "   âœ… Loaded file 110: (1440, 19)", "correlation_id": "-", "session_id": "-", "timestamp": "2025-08-11T16:22:52.921550+00:00"}
{"asctime": "2025-08-11 18:22:52,922", "levelname": "INFO", "name": "AresTradingSystem.System.UnifiedDataLoader", "message": "   ðŸ” After date filtering: (1440, 19)", "correlation_id": "-", "session_id": "-", "timestamp": "2025-08-11T16:22:52.922298+00:00"}
{"asctime": "2025-08-11 18:22:52,927", "levelname": "INFO", "name": "AresTradingSystem.System.UnifiedDataLoader", "message": "   ðŸ“Š Total rows so far: 157297", "correlation_id": "-", "session_id": "-", "timestamp": "2025-08-11T16:22:52.927350+00:00"}
{"asctime": "2025-08-11 18:22:54,825", "levelname": "INFO", "name": "AresTradingSystem.System.UnifiedDataLoader", "message": "   ðŸ“„ Processing file 120/179: part-0.parquet", "correlation_id": "-", "session_id": "-", "timestamp": "2025-08-11T16:22:54.825842+00:00"}
{"asctime": "2025-08-11 18:22:54,829", "levelname": "INFO", "name": "AresTradingSystem.System.UnifiedDataLoader", "message": "   âœ… Loaded file 120: (1440, 19)", "correlation_id": "-", "session_id": "-", "timestamp": "2025-08-11T16:22:54.829723+00:00"}
{"asctime": "2025-08-11 18:22:54,830", "levelname": "INFO", "name": "AresTradingSystem.System.UnifiedDataLoader", "message": "   ðŸ” After date filtering: (1440, 19)", "correlation_id": "-", "session_id": "-", "timestamp": "2025-08-11T16:22:54.830600+00:00"}
{"asctime": "2025-08-11 18:22:54,835", "levelname": "INFO", "name": "AresTradingSystem.System.UnifiedDataLoader", "message": "   ðŸ“Š Total rows so far: 171697", "correlation_id": "-", "session_id": "-", "timestamp": "2025-08-11T16:22:54.835442+00:00"}
{"asctime": "2025-08-11 18:22:56,984", "levelname": "INFO", "name": "AresTradingSystem.System.UnifiedDataLoader", "message": "   ðŸ“„ Processing file 130/179: part-0.parquet", "correlation_id": "-", "session_id": "-", "timestamp": "2025-08-11T16:22:56.984774+00:00"}
{"asctime": "2025-08-11 18:22:56,988", "levelname": "INFO", "name": "AresTradingSystem.System.UnifiedDataLoader", "message": "   âœ… Loaded file 130: (1440, 19)", "correlation_id": "-", "session_id": "-", "timestamp": "2025-08-11T16:22:56.988294+00:00"}
{"asctime": "2025-08-11 18:22:56,989", "levelname": "INFO", "name": "AresTradingSystem.System.UnifiedDataLoader", "message": "   ðŸ” After date filtering: (1440, 19)", "correlation_id": "-", "session_id": "-", "timestamp": "2025-08-11T16:22:56.989058+00:00"}
{"asctime": "2025-08-11 18:22:56,994", "levelname": "INFO", "name": "AresTradingSystem.System.UnifiedDataLoader", "message": "   ðŸ“Š Total rows so far: 186097", "correlation_id": "-", "session_id": "-", "timestamp": "2025-08-11T16:22:56.994258+00:00"}
{"asctime": "2025-08-11 18:22:59,186", "levelname": "INFO", "name": "AresTradingSystem.System.UnifiedDataLoader", "message": "   ðŸ“„ Processing file 140/179: part-0.parquet", "correlation_id": "-", "session_id": "-", "timestamp": "2025-08-11T16:22:59.186092+00:00"}
{"asctime": "2025-08-11 18:22:59,189", "levelname": "INFO", "name": "AresTradingSystem.System.UnifiedDataLoader", "message": "   âœ… Loaded file 140: (1440, 19)", "correlation_id": "-", "session_id": "-", "timestamp": "2025-08-11T16:22:59.189438+00:00"}
{"asctime": "2025-08-11 18:22:59,190", "levelname": "INFO", "name": "AresTradingSystem.System.UnifiedDataLoader", "message": "   ðŸ” After date filtering: (1440, 19)", "correlation_id": "-", "session_id": "-", "timestamp": "2025-08-11T16:22:59.190226+00:00"}
{"asctime": "2025-08-11 18:22:59,195", "levelname": "INFO", "name": "AresTradingSystem.System.UnifiedDataLoader", "message": "   ðŸ“Š Total rows so far: 200497", "correlation_id": "-", "session_id": "-", "timestamp": "2025-08-11T16:22:59.195274+00:00"}
{"asctime": "2025-08-11 18:23:01,255", "levelname": "INFO", "name": "AresTradingSystem.System.UnifiedDataLoader", "message": "   ðŸ“„ Processing file 150/179: part-0.parquet", "correlation_id": "-", "session_id": "-", "timestamp": "2025-08-11T16:23:01.255503+00:00"}
{"asctime": "2025-08-11 18:23:01,258", "levelname": "INFO", "name": "AresTradingSystem.System.UnifiedDataLoader", "message": "   âœ… Loaded file 150: (1440, 19)", "correlation_id": "-", "session_id": "-", "timestamp": "2025-08-11T16:23:01.258626+00:00"}
{"asctime": "2025-08-11 18:23:01,259", "levelname": "INFO", "name": "AresTradingSystem.System.UnifiedDataLoader", "message": "   ðŸ” After date filtering: (1440, 19)", "correlation_id": "-", "session_id": "-", "timestamp": "2025-08-11T16:23:01.259369+00:00"}
{"asctime": "2025-08-11 18:23:01,264", "levelname": "INFO", "name": "AresTradingSystem.System.UnifiedDataLoader", "message": "   ðŸ“Š Total rows so far: 214897", "correlation_id": "-", "session_id": "-", "timestamp": "2025-08-11T16:23:01.264470+00:00"}
{"asctime": "2025-08-11 18:23:03,336", "levelname": "INFO", "name": "AresTradingSystem.System.UnifiedDataLoader", "message": "   ðŸ“„ Processing file 160/179: part-0.parquet", "correlation_id": "-", "session_id": "-", "timestamp": "2025-08-11T16:23:03.336663+00:00"}
{"asctime": "2025-08-11 18:23:03,339", "levelname": "INFO", "name": "AresTradingSystem.System.UnifiedDataLoader", "message": "   âœ… Loaded file 160: (1440, 19)", "correlation_id": "-", "session_id": "-", "timestamp": "2025-08-11T16:23:03.339901+00:00"}
{"asctime": "2025-08-11 18:23:03,340", "levelname": "INFO", "name": "AresTradingSystem.System.UnifiedDataLoader", "message": "   ðŸ” After date filtering: (1440, 19)", "correlation_id": "-", "session_id": "-", "timestamp": "2025-08-11T16:23:03.340580+00:00"}
{"asctime": "2025-08-11 18:23:03,345", "levelname": "INFO", "name": "AresTradingSystem.System.UnifiedDataLoader", "message": "   ðŸ“Š Total rows so far: 229297", "correlation_id": "-", "session_id": "-", "timestamp": "2025-08-11T16:23:03.345460+00:00"}
{"asctime": "2025-08-11 18:23:05,509", "levelname": "INFO", "name": "AresTradingSystem.System.UnifiedDataLoader", "message": "   ðŸ“„ Processing file 170/179: part-0.parquet", "correlation_id": "-", "session_id": "-", "timestamp": "2025-08-11T16:23:05.509333+00:00"}
{"asctime": "2025-08-11 18:23:05,512", "levelname": "INFO", "name": "AresTradingSystem.System.UnifiedDataLoader", "message": "   âœ… Loaded file 170: (1440, 19)", "correlation_id": "-", "session_id": "-", "timestamp": "2025-08-11T16:23:05.512536+00:00"}
{"asctime": "2025-08-11 18:23:05,513", "levelname": "INFO", "name": "AresTradingSystem.System.UnifiedDataLoader", "message": "   ðŸ” After date filtering: (1440, 19)", "correlation_id": "-", "session_id": "-", "timestamp": "2025-08-11T16:23:05.513393+00:00"}
{"asctime": "2025-08-11 18:23:05,518", "levelname": "INFO", "name": "AresTradingSystem.System.UnifiedDataLoader", "message": "   ðŸ“Š Total rows so far: 243697", "correlation_id": "-", "session_id": "-", "timestamp": "2025-08-11T16:23:05.518042+00:00"}
{"asctime": "2025-08-11 18:23:07,609", "levelname": "INFO", "name": "AresTradingSystem.System.UnifiedDataLoader", "message": "ðŸ”„ Converting 256287 records to DataFrame...", "correlation_id": "-", "session_id": "-", "timestamp": "2025-08-11T16:23:07.609310+00:00"}
{"asctime": "2025-08-11 18:23:08,409", "levelname": "INFO", "name": "AresTradingSystem.System.UnifiedDataLoader", "message": "âœ… Memory-efficient loading completed: (256287, 19)", "correlation_id": "-", "session_id": "-", "timestamp": "2025-08-11T16:23:08.409092+00:00"}
{"asctime": "2025-08-11 18:23:08,409", "levelname": "INFO", "name": "AresTradingSystem.System", "message": "âœ… Loaded unified data: 256287 rows", "correlation_id": "-", "session_id": "-", "timestamp": "2025-08-11T16:23:08.409488+00:00"}
{"asctime": "2025-08-11 18:23:08,409", "levelname": "INFO", "name": "AresTradingSystem.System", "message": "   Date range: 0 to 256286", "correlation_id": "-", "session_id": "-", "timestamp": "2025-08-11T16:23:08.409746+00:00"}
{"asctime": "2025-08-11 18:23:08,409", "levelname": "INFO", "name": "AresTradingSystem.System", "message": "   Has aggtrades data: False", "correlation_id": "-", "session_id": "-", "timestamp": "2025-08-11T16:23:08.409919+00:00"}
{"asctime": "2025-08-11 18:23:08,409", "levelname": "INFO", "name": "AresTradingSystem.System", "message": "   Has futures data: False", "correlation_id": "-", "session_id": "-", "timestamp": "2025-08-11T16:23:08.409987+00:00"}
{"asctime": "2025-08-11 18:23:08,410", "levelname": "INFO", "name": "AresTradingSystem.System", "message": "ðŸ“ Loading regime classification results from: data/training/BINANCE_ETHUSDT_regime_classification.parquet", "correlation_id": "-", "session_id": "-", "timestamp": "2025-08-11T16:23:08.410046+00:00"}
{"asctime": "2025-08-11 18:23:08,410", "levelname": "INFO", "name": "AresTradingSystem.System", "message": "   Trying direct pandas read...", "correlation_id": "-", "session_id": "-", "timestamp": "2025-08-11T16:23:08.410113+00:00"}
{"asctime": "2025-08-11 18:23:08,412", "levelname": "INFO", "name": "AresTradingSystem.System", "message": "   âœ… Successfully loaded with direct pandas read: (672, 3)", "correlation_id": "-", "session_id": "-", "timestamp": "2025-08-11T16:23:08.412742+00:00"}
{"asctime": "2025-08-11 18:23:08,412", "levelname": "INFO", "name": "AresTradingSystem.System", "message": "âœ… Loaded regime classification data: 672 rows", "correlation_id": "-", "session_id": "-", "timestamp": "2025-08-11T16:23:08.412888+00:00"}
{"asctime": "2025-08-11 18:23:08,413", "levelname": "INFO", "name": "AresTradingSystem.System", "message": "   Regimes found: ['BULL', 'BEAR', 'SIDEWAYS']", "correlation_id": "-", "session_id": "-", "timestamp": "2025-08-11T16:23:08.413559+00:00"}
{"asctime": "2025-08-11 18:23:08,435", "levelname": "WARNING", "name": "AresTradingSystem.System", "message": "\u001b[93m\u001b[1mâš ï¸\u001b[0m \u001b[93m\u001b[1m   255615 rows have missing regime labels, filling with 'SIDEWAYS'\u001b[0m", "correlation_id": "-", "session_id": "-", "timestamp": "2025-08-11T16:23:08.435370+00:00"}
{"asctime": "2025-08-11 18:23:08,542", "levelname": "WARNING", "name": "AresTradingSystem.System", "message": "\u001b[93m\u001b[1mâš ï¸\u001b[0m \u001b[93m\u001b[1mâš ï¸ SIDEWAYS ratio 99.8% > 40%; rebalancing to cap at 40%\u001b[0m", "correlation_id": "-", "session_id": "-", "timestamp": "2025-08-11T16:23:08.542141+00:00"}
{"asctime": "2025-08-11 18:23:08,683", "levelname": "INFO", "name": "AresTradingSystem.System", "message": "âœ… Applied soft rebalance to regime splits", "correlation_id": "-", "session_id": "-", "timestamp": "2025-08-11T16:23:08.683614+00:00"}
{"asctime": "2025-08-11 18:23:08,683", "levelname": "INFO", "name": "AresTradingSystem.System", "message": "âœ… Successfully split data by regimes: 3 regimes", "correlation_id": "-", "session_id": "-", "timestamp": "2025-08-11T16:23:08.683829+00:00"}
{"asctime": "2025-08-11 18:23:08,847", "levelname": "INFO", "name": "AresTradingSystem.System", "message": "âœ… Saved SIDEWAYS regime data: 204619 rows -> data/training/regime_data/SIDEWAYS.parquet", "correlation_id": "-", "session_id": "-", "timestamp": "2025-08-11T16:23:08.847986+00:00"}
{"asctime": "2025-08-11 18:23:08,869", "levelname": "INFO", "name": "AresTradingSystem.System", "message": "âœ… Saved BEAR regime data: 25786 rows -> data/training/regime_data/BEAR.parquet", "correlation_id": "-", "session_id": "-", "timestamp": "2025-08-11T16:23:08.869506+00:00"}
{"asctime": "2025-08-11 18:23:08,890", "levelname": "INFO", "name": "AresTradingSystem.System", "message": "âœ… Saved BULL regime data: 25882 rows -> data/training/regime_data/BULL.parquet", "correlation_id": "-", "session_id": "-", "timestamp": "2025-08-11T16:23:08.890564+00:00"}
{"asctime": "2025-08-11 18:23:09,145", "levelname": "INFO", "name": "AresTradingSystem.System", "message": "âœ… Created train/validation/test splits:", "correlation_id": "-", "session_id": "-", "timestamp": "2025-08-11T16:23:09.145779+00:00"}
{"asctime": "2025-08-11 18:23:09,145", "levelname": "INFO", "name": "AresTradingSystem.System", "message": "   Train: 179400 rows -> data/training/BINANCE_ETHUSDT_train_data.parquet", "correlation_id": "-", "session_id": "-", "timestamp": "2025-08-11T16:23:09.145986+00:00"}
{"asctime": "2025-08-11 18:23:09,146", "levelname": "INFO", "name": "AresTradingSystem.System", "message": "   Validation: 38443 rows -> data/training/BINANCE_ETHUSDT_validation_data.parquet", "correlation_id": "-", "session_id": "-", "timestamp": "2025-08-11T16:23:09.146056+00:00"}
{"asctime": "2025-08-11 18:23:09,146", "levelname": "INFO", "name": "AresTradingSystem.System", "message": "   Test: 38444 rows -> data/training/BINANCE_ETHUSDT_test_data.parquet", "correlation_id": "-", "session_id": "-", "timestamp": "2025-08-11T16:23:09.146118+00:00"}
{"asctime": "2025-08-11 18:23:09,150", "levelname": "INFO", "name": "AresTradingSystem.System", "message": "ðŸ“Š Regime Data Splitting Results:", "correlation_id": "-", "session_id": "-", "timestamp": "2025-08-11T16:23:09.150804+00:00"}
{"asctime": "2025-08-11 18:23:09,150", "levelname": "INFO", "name": "AresTradingSystem.System", "message": "   SIDEWAYS: 204619 rows (79.8%)", "correlation_id": "-", "session_id": "-", "timestamp": "2025-08-11T16:23:09.150986+00:00"}
{"asctime": "2025-08-11 18:23:09,151", "levelname": "INFO", "name": "AresTradingSystem.System", "message": "   BEAR: 25786 rows (10.1%)", "correlation_id": "-", "session_id": "-", "timestamp": "2025-08-11T16:23:09.151051+00:00"}
{"asctime": "2025-08-11 18:23:09,151", "levelname": "INFO", "name": "AresTradingSystem.System", "message": "   BULL: 25882 rows (10.1%)", "correlation_id": "-", "session_id": "-", "timestamp": "2025-08-11T16:23:09.151107+00:00"}
{"asctime": "2025-08-11 18:23:09,151", "levelname": "INFO", "name": "AresTradingSystem.System", "message": "âœ… Regime data splitting completed successfully", "correlation_id": "-", "session_id": "-", "timestamp": "2025-08-11T16:23:09.151203+00:00"}
{"asctime": "2025-08-11 18:23:09,584", "levelname": "INFO", "name": "AresTradingSystem.System.AnalystLabelingFeatureEngineeringStep", "message": "Initializing Analyst Labeling and Feature Engineering Step...", "correlation_id": "-", "session_id": "-", "timestamp": "2025-08-11T16:23:09.584653+00:00"}
{"asctime": "2025-08-11 18:23:09,658", "levelname": "INFO", "name": "AresTradingSystem.System.VectorizedLabellingOrchestrator", "message": "ðŸš€ Initializing vectorized labeling orchestrator...", "correlation_id": "-", "session_id": "-", "timestamp": "2025-08-11T16:23:09.658920+00:00"}
