2025-08-07 19:49:49,769 - AresTradingSystem - INFO - ✅ Enhanced Logger initialization completed successfully
2025-08-07 19:49:49,775 - AresTradingSystem.System - INFO - Environment configuration loaded successfully. Trading Environment: PAPER, Exchange: BINANCE
2025-08-07 19:49:50,013 - AresTradingSystem.System.SignalHandler - INFO - Initializing Signal Handler...
2025-08-07 19:49:50,013 - AresTradingSystem.System.SignalHandler - INFO - Signal configuration loaded successfully
2025-08-07 19:49:50,013 - AresTradingSystem.System.SignalHandler - INFO - Configuration validation successful
2025-08-07 19:49:50,013 - AresTradingSystem.System.SignalHandler - INFO - Registered SIGTERM handler
2025-08-07 19:49:50,013 - AresTradingSystem.System.SignalHandler - INFO - Registered SIGINT handler
2025-08-07 19:49:50,013 - AresTradingSystem.System.SignalHandler - INFO - Signal handlers registered successfully
2025-08-07 19:49:50,013 - AresTradingSystem.System.SignalHandler - INFO - ✅ Signal Handler initialization completed successfully
2025-08-07 19:49:50,015 - AresTradingSystem.System.SignalHandler - INFO - Shutdown callback registered
2025-08-07 19:49:50,798 - AresTradingSystem.System - INFO - Initializing Market Regime Classification Step...
2025-08-07 19:49:50,798 - AresTradingSystem.System - INFO - Market Regime Classification Step initialized successfully
2025-08-07 19:49:50,798 - AresTradingSystem.System - INFO - 🔄 Executing Market Regime Classification...
2025-08-07 19:49:50,798 - AresTradingSystem.System - INFO - 📁 Loading pre-consolidated data from: data_cache/aggtrades_BINANCE_ETHUSDT_consolidated.parquet
2025-08-07 19:49:51,010 - AresTradingSystem.System - INFO - ✅ Loaded consolidated trade data: 17744326 records
2025-08-07 19:49:51,010 - AresTradingSystem.System - INFO - 🔄 Converting trade data to OHLCV format...
2025-08-07 19:49:52,033 - AresTradingSystem.System - INFO - ✅ Converted to OHLCV: 879 records
2025-08-07 19:49:52,033 - AresTradingSystem.System - INFO - Classifying market regimes for ETHUSDT on BINANCE...
2025-08-07 19:49:52,034 - AresTradingSystem.System - INFO - Regime classification completed. Found 0 distinct regimes
2025-08-07 19:49:52,034 - AresTradingSystem.System - INFO - ✅ Market regime classification completed. Results saved to data/training/BINANCE_ETHUSDT_regime_classification.json
2025-08-07 19:49:52,045 - AresTradingSystem.System - INFO - Initializing Regime Data Splitting Step...
2025-08-07 19:49:52,045 - AresTradingSystem.System - INFO - Regime Data Splitting Step initialized successfully
2025-08-07 19:49:52,045 - AresTradingSystem.System - INFO - 🔄 Executing Regime Data Splitting...
2025-08-07 19:49:52,049 - AresTradingSystem.System - ERROR - ❌ Error in Regime Data Splitting: Data must be 1-dimensional, got ndarray of shape (60367, 5) instead
2025-08-07 19:49:52,130 - AresTradingSystem.System - INFO - Initializing Analyst Specialist Training Step...
2025-08-07 19:49:52,130 - AresTradingSystem.System - INFO - Analyst Specialist Training Step initialized successfully
2025-08-07 19:49:52,130 - AresTradingSystem.System - INFO - 🔄 Executing Analyst Specialist Training...
2025-08-07 19:49:52,130 - AresTradingSystem.System - ERROR - ❌ Error in Analyst Specialist Training: [Errno 2] No such file or directory: 'data/training/labeled_data'
