{"asctime": "2025-08-10 00:40:13,865", "levelname": "INFO", "name": "AresTradingSystem", "message": "✅ Enhanced Logger initialization completed successfully", "correlation_id": "-", "session_id": "-", "timestamp": "2025-08-09T22:40:13.865112+00:00"}
{"asctime": "2025-08-10 00:40:13,898", "levelname": "INFO", "name": "AresTradingSystem.System", "message": "Environment configuration loaded successfully. Trading Environment: PAPER, Exchange: BINANCE", "correlation_id": "-", "session_id": "-", "timestamp": "2025-08-09T22:40:13.898433+00:00"}
{"asctime": "2025-08-10 00:40:13,905", "levelname": "INFO", "name": "AresTradingSystem.System.OptimizedDataDownloader", "message": "🚀 CLEAN DATA DOWNLOAD PROCESS STARTED", "correlation_id": "-", "session_id": "-", "timestamp": "2025-08-09T22:40:13.905261+00:00"}
{"asctime": "2025-08-10 00:40:13,905", "levelname": "INFO", "name": "AresTradingSystem.System.OptimizedDataDownloader", "message": "🔧 STEP 1: Initializing...", "correlation_id": "-", "session_id": "-", "timestamp": "2025-08-09T22:40:13.905650+00:00"}
{"asctime": "2025-08-10 00:40:13,905", "levelname": "INFO", "name": "AresTradingSystem.System.OptimizedDataDownloader", "message": "🔧 STEP 1: Initializing clean downloader with CCXT...", "correlation_id": "-", "session_id": "-", "timestamp": "2025-08-09T22:40:13.905958+00:00"}
{"asctime": "2025-08-10 00:40:13,921", "levelname": "INFO", "name": "AresTradingSystem.System.OptimizedDataDownloader", "message": "✅ CCXT exchange created for BINANCE", "correlation_id": "-", "session_id": "-", "timestamp": "2025-08-09T22:40:13.921952+00:00"}
{"asctime": "2025-08-10 00:40:13,925", "levelname": "INFO", "name": "AresTradingSystem.System.OptimizedDataDownloader", "message": "🔄 STEP 4: Starting parallel downloads for all data types...", "correlation_id": "-", "session_id": "-", "timestamp": "2025-08-09T22:40:13.925868+00:00"}
{"asctime": "2025-08-10 00:40:13,926", "levelname": "INFO", "name": "AresTradingSystem.System.OptimizedDataDownloader", "message": "📋 Created 3 parallel download tasks", "correlation_id": "-", "session_id": "-", "timestamp": "2025-08-09T22:40:13.926206+00:00"}
{"asctime": "2025-08-10 00:40:13,926", "levelname": "INFO", "name": "AresTradingSystem.System.OptimizedDataDownloader", "message": "⏳ Executing all tasks concurrently...", "correlation_id": "-", "session_id": "-", "timestamp": "2025-08-09T22:40:13.926363+00:00"}
{"asctime": "2025-08-10 00:40:13,926", "levelname": "INFO", "name": "AresTradingSystem.System.OptimizedDataDownloader", "message": "📈 STEP 3A: Starting parallel klines download...", "correlation_id": "-", "session_id": "-", "timestamp": "2025-08-09T22:40:13.926630+00:00"}
{"asctime": "2025-08-10 00:40:13,926", "levelname": "INFO", "name": "AresTradingSystem.System.OptimizedDataDownloader", "message": "📅 STEP 2: Calculating time periods for klines...", "correlation_id": "-", "session_id": "-", "timestamp": "2025-08-09T22:40:13.926962+00:00"}
{"asctime": "2025-08-10 00:40:13,927", "levelname": "INFO", "name": "AresTradingSystem.System.OptimizedDataDownloader", "message": "📊 Date range: 2023-08-11 to 2025-08-10", "correlation_id": "-", "session_id": "-", "timestamp": "2025-08-09T22:40:13.927200+00:00"}
{"asctime": "2025-08-10 00:40:13,927", "levelname": "INFO", "name": "AresTradingSystem.System.OptimizedDataDownloader", "message": "📊 Total days: 730", "correlation_id": "-", "session_id": "-", "timestamp": "2025-08-09T22:40:13.927374+00:00"}
{"asctime": "2025-08-10 00:40:13,927", "levelname": "INFO", "name": "AresTradingSystem.System.OptimizedDataDownloader", "message": "📈 Processing klines (monthly periods)...", "correlation_id": "-", "session_id": "-", "timestamp": "2025-08-09T22:40:13.927542+00:00"}
{"asctime": "2025-08-10 00:40:13,927", "levelname": "INFO", "name": "AresTradingSystem.System.OptimizedDataDownloader", "message": "📁 Skipping existing: klines_BINANCE_ETHUSDT_1m_2023-08.csv", "correlation_id": "-", "session_id": "-", "timestamp": "2025-08-09T22:40:13.927781+00:00"}
{"asctime": "2025-08-10 00:40:13,928", "levelname": "INFO", "name": "AresTradingSystem.System.OptimizedDataDownloader", "message": "📁 Skipping existing: klines_BINANCE_ETHUSDT_1m_2023-09.csv", "correlation_id": "-", "session_id": "-", "timestamp": "2025-08-09T22:40:13.928105+00:00"}
{"asctime": "2025-08-10 00:40:13,928", "levelname": "INFO", "name": "AresTradingSystem.System.OptimizedDataDownloader", "message": "📁 Skipping existing: klines_BINANCE_ETHUSDT_1m_2023-10.csv", "correlation_id": "-", "session_id": "-", "timestamp": "2025-08-09T22:40:13.928370+00:00"}
{"asctime": "2025-08-10 00:40:13,928", "levelname": "INFO", "name": "AresTradingSystem.System.OptimizedDataDownloader", "message": "📁 Skipping existing: klines_BINANCE_ETHUSDT_1m_2023-11.csv", "correlation_id": "-", "session_id": "-", "timestamp": "2025-08-09T22:40:13.928591+00:00"}
{"asctime": "2025-08-10 00:40:13,928", "levelname": "INFO", "name": "AresTradingSystem.System.OptimizedDataDownloader", "message": "📁 Skipping existing: klines_BINANCE_ETHUSDT_1m_2023-12.csv", "correlation_id": "-", "session_id": "-", "timestamp": "2025-08-09T22:40:13.928800+00:00"}
{"asctime": "2025-08-10 00:40:13,929", "levelname": "INFO", "name": "AresTradingSystem.System.OptimizedDataDownloader", "message": "📁 Skipping existing: klines_BINANCE_ETHUSDT_1m_2024-01.csv", "correlation_id": "-", "session_id": "-", "timestamp": "2025-08-09T22:40:13.929078+00:00"}
{"asctime": "2025-08-10 00:40:13,929", "levelname": "INFO", "name": "AresTradingSystem.System.OptimizedDataDownloader", "message": "📁 Skipping existing: klines_BINANCE_ETHUSDT_1m_2024-02.csv", "correlation_id": "-", "session_id": "-", "timestamp": "2025-08-09T22:40:13.929320+00:00"}
{"asctime": "2025-08-10 00:40:13,929", "levelname": "INFO", "name": "AresTradingSystem.System.OptimizedDataDownloader", "message": "📁 Skipping existing: klines_BINANCE_ETHUSDT_1m_2024-03.csv", "correlation_id": "-", "session_id": "-", "timestamp": "2025-08-09T22:40:13.929536+00:00"}
{"asctime": "2025-08-10 00:40:13,929", "levelname": "INFO", "name": "AresTradingSystem.System.OptimizedDataDownloader", "message": "📁 Skipping existing: klines_BINANCE_ETHUSDT_1m_2024-04.csv", "correlation_id": "-", "session_id": "-", "timestamp": "2025-08-09T22:40:13.929745+00:00"}
{"asctime": "2025-08-10 00:40:13,929", "levelname": "INFO", "name": "AresTradingSystem.System.OptimizedDataDownloader", "message": "📁 Skipping existing: klines_BINANCE_ETHUSDT_1m_2024-05.csv", "correlation_id": "-", "session_id": "-", "timestamp": "2025-08-09T22:40:13.929949+00:00"}
{"asctime": "2025-08-10 00:40:13,930", "levelname": "INFO", "name": "AresTradingSystem.System.OptimizedDataDownloader", "message": "📁 Skipping existing: klines_BINANCE_ETHUSDT_1m_2024-06.csv", "correlation_id": "-", "session_id": "-", "timestamp": "2025-08-09T22:40:13.930153+00:00"}
{"asctime": "2025-08-10 00:40:13,930", "levelname": "INFO", "name": "AresTradingSystem.System.OptimizedDataDownloader", "message": "📁 Skipping existing: klines_BINANCE_ETHUSDT_1m_2024-07.csv", "correlation_id": "-", "session_id": "-", "timestamp": "2025-08-09T22:40:13.930355+00:00"}
{"asctime": "2025-08-10 00:40:13,930", "levelname": "INFO", "name": "AresTradingSystem.System.OptimizedDataDownloader", "message": "📁 Skipping existing: klines_BINANCE_ETHUSDT_1m_2024-08.csv", "correlation_id": "-", "session_id": "-", "timestamp": "2025-08-09T22:40:13.930564+00:00"}
{"asctime": "2025-08-10 00:40:13,930", "levelname": "INFO", "name": "AresTradingSystem.System.OptimizedDataDownloader", "message": "📁 Skipping existing: klines_BINANCE_ETHUSDT_1m_2024-09.csv", "correlation_id": "-", "session_id": "-", "timestamp": "2025-08-09T22:40:13.930763+00:00"}
{"asctime": "2025-08-10 00:40:13,930", "levelname": "INFO", "name": "AresTradingSystem.System.OptimizedDataDownloader", "message": "📁 Skipping existing: klines_BINANCE_ETHUSDT_1m_2024-10.csv", "correlation_id": "-", "session_id": "-", "timestamp": "2025-08-09T22:40:13.930959+00:00"}
{"asctime": "2025-08-10 00:40:13,931", "levelname": "INFO", "name": "AresTradingSystem.System.OptimizedDataDownloader", "message": "📁 Skipping existing: klines_BINANCE_ETHUSDT_1m_2024-11.csv", "correlation_id": "-", "session_id": "-", "timestamp": "2025-08-09T22:40:13.931155+00:00"}
{"asctime": "2025-08-10 00:40:13,931", "levelname": "INFO", "name": "AresTradingSystem.System.OptimizedDataDownloader", "message": "📁 Skipping existing: klines_BINANCE_ETHUSDT_1m_2024-12.csv", "correlation_id": "-", "session_id": "-", "timestamp": "2025-08-09T22:40:13.931470+00:00"}
{"asctime": "2025-08-10 00:40:13,931", "levelname": "INFO", "name": "AresTradingSystem.System.OptimizedDataDownloader", "message": "📁 Skipping existing: klines_BINANCE_ETHUSDT_1m_2025-01.csv", "correlation_id": "-", "session_id": "-", "timestamp": "2025-08-09T22:40:13.931720+00:00"}
{"asctime": "2025-08-10 00:40:13,932", "levelname": "INFO", "name": "AresTradingSystem.System.OptimizedDataDownloader", "message": "📁 Skipping existing: klines_BINANCE_ETHUSDT_1m_2025-02.csv", "correlation_id": "-", "session_id": "-", "timestamp": "2025-08-09T22:40:13.932064+00:00"}
{"asctime": "2025-08-10 00:40:13,932", "levelname": "INFO", "name": "AresTradingSystem.System.OptimizedDataDownloader", "message": "📁 Skipping existing: klines_BINANCE_ETHUSDT_1m_2025-03.csv", "correlation_id": "-", "session_id": "-", "timestamp": "2025-08-09T22:40:13.932289+00:00"}
{"asctime": "2025-08-10 00:40:13,932", "levelname": "INFO", "name": "AresTradingSystem.System.OptimizedDataDownloader", "message": "📁 Skipping existing: klines_BINANCE_ETHUSDT_1m_2025-04.csv", "correlation_id": "-", "session_id": "-", "timestamp": "2025-08-09T22:40:13.932504+00:00"}
{"asctime": "2025-08-10 00:40:13,932", "levelname": "INFO", "name": "AresTradingSystem.System.OptimizedDataDownloader", "message": "📁 Skipping existing: klines_BINANCE_ETHUSDT_1m_2025-05.csv", "correlation_id": "-", "session_id": "-", "timestamp": "2025-08-09T22:40:13.932709+00:00"}
{"asctime": "2025-08-10 00:40:13,932", "levelname": "INFO", "name": "AresTradingSystem.System.OptimizedDataDownloader", "message": "📁 Skipping existing: klines_BINANCE_ETHUSDT_1m_2025-06.csv", "correlation_id": "-", "session_id": "-", "timestamp": "2025-08-09T22:40:13.932912+00:00"}
{"asctime": "2025-08-10 00:40:13,933", "levelname": "INFO", "name": "AresTradingSystem.System.OptimizedDataDownloader", "message": "📁 Skipping existing: klines_BINANCE_ETHUSDT_1m_2025-07.csv", "correlation_id": "-", "session_id": "-", "timestamp": "2025-08-09T22:40:13.933115+00:00"}
{"asctime": "2025-08-10 00:40:13,933", "levelname": "INFO", "name": "AresTradingSystem.System.OptimizedDataDownloader", "message": "📁 Skipping existing: klines_BINANCE_ETHUSDT_1m_2025-08.csv", "correlation_id": "-", "session_id": "-", "timestamp": "2025-08-09T22:40:13.933313+00:00"}
{"asctime": "2025-08-10 00:40:13,933", "levelname": "INFO", "name": "AresTradingSystem.System.OptimizedDataDownloader", "message": "📊 Summary: 0 months to download, 25 months skipped", "correlation_id": "-", "session_id": "-", "timestamp": "2025-08-09T22:40:13.933512+00:00"}
{"asctime": "2025-08-10 00:40:13,933", "levelname": "INFO", "name": "AresTradingSystem.System.OptimizedDataDownloader", "message": "📁 No klines periods to download", "correlation_id": "-", "session_id": "-", "timestamp": "2025-08-09T22:40:13.933739+00:00"}
{"asctime": "2025-08-10 00:40:13,933", "levelname": "INFO", "name": "AresTradingSystem.System.OptimizedDataDownloader", "message": "📊 STEP 3B: Starting parallel aggtrades download...", "correlation_id": "-", "session_id": "-", "timestamp": "2025-08-09T22:40:13.933946+00:00"}
{"asctime": "2025-08-10 00:40:13,934", "levelname": "INFO", "name": "AresTradingSystem.System.OptimizedDataDownloader", "message": "📅 STEP 2: Calculating time periods for aggtrades...", "correlation_id": "-", "session_id": "-", "timestamp": "2025-08-09T22:40:13.934121+00:00"}
{"asctime": "2025-08-10 00:40:22,786", "levelname": "INFO", "name": "AresTradingSystem.System.OptimizedDataDownloader", "message": "📊 Date range: 2025-08-09 to 2025-08-10", "correlation_id": "-", "session_id": "-", "timestamp": "2025-08-09T22:40:22.786315+00:00"}
{"asctime": "2025-08-10 00:40:22,787", "levelname": "INFO", "name": "AresTradingSystem.System.OptimizedDataDownloader", "message": "📊 Total days: 0", "correlation_id": "-", "session_id": "-", "timestamp": "2025-08-09T22:40:22.787191+00:00"}
{"asctime": "2025-08-10 00:40:22,787", "levelname": "INFO", "name": "AresTradingSystem.System.OptimizedDataDownloader", "message": "📊 Processing aggtrades (daily periods)...", "correlation_id": "-", "session_id": "-", "timestamp": "2025-08-09T22:40:22.787525+00:00"}
{"asctime": "2025-08-10 00:40:31,560", "levelname": "INFO", "name": "AresTradingSystem.System.OptimizedDataDownloader", "message": "📁 No aggtrades periods to download", "correlation_id": "-", "session_id": "-", "timestamp": "2025-08-09T22:40:31.560525+00:00"}
{"asctime": "2025-08-10 00:40:31,561", "levelname": "INFO", "name": "AresTradingSystem.System.OptimizedDataDownloader", "message": "📈 STEP 3C: Starting parallel futures download...", "correlation_id": "-", "session_id": "-", "timestamp": "2025-08-09T22:40:31.561329+00:00"}
{"asctime": "2025-08-10 00:40:31,561", "levelname": "INFO", "name": "AresTradingSystem.System.OptimizedDataDownloader", "message": "📅 STEP 2: Calculating time periods for futures...", "correlation_id": "-", "session_id": "-", "timestamp": "2025-08-09T22:40:31.561628+00:00"}
{"asctime": "2025-08-10 00:40:31,561", "levelname": "INFO", "name": "AresTradingSystem.System.OptimizedDataDownloader", "message": "📊 Date range: 2023-08-11 to 2025-08-10", "correlation_id": "-", "session_id": "-", "timestamp": "2025-08-09T22:40:31.561975+00:00"}
{"asctime": "2025-08-10 00:40:31,562", "levelname": "INFO", "name": "AresTradingSystem.System.OptimizedDataDownloader", "message": "📊 Total days: 730", "correlation_id": "-", "session_id": "-", "timestamp": "2025-08-09T22:40:31.562378+00:00"}
{"asctime": "2025-08-10 00:40:31,562", "levelname": "INFO", "name": "AresTradingSystem.System.OptimizedDataDownloader", "message": "📈 Processing futures (monthly periods)...", "correlation_id": "-", "session_id": "-", "timestamp": "2025-08-09T22:40:31.562587+00:00"}
{"asctime": "2025-08-10 00:40:31,562", "levelname": "INFO", "name": "AresTradingSystem.System.OptimizedDataDownloader", "message": "📁 Skipping existing: futures_BINANCE_ETHUSDT_2023-08.csv", "correlation_id": "-", "session_id": "-", "timestamp": "2025-08-09T22:40:31.562853+00:00"}
{"asctime": "2025-08-10 00:40:31,563", "levelname": "INFO", "name": "AresTradingSystem.System.OptimizedDataDownloader", "message": "📁 Skipping existing: futures_BINANCE_ETHUSDT_2023-09.csv", "correlation_id": "-", "session_id": "-", "timestamp": "2025-08-09T22:40:31.563095+00:00"}
{"asctime": "2025-08-10 00:40:31,563", "levelname": "INFO", "name": "AresTradingSystem.System.OptimizedDataDownloader", "message": "📁 Skipping existing: futures_BINANCE_ETHUSDT_2023-10.csv", "correlation_id": "-", "session_id": "-", "timestamp": "2025-08-09T22:40:31.563329+00:00"}
{"asctime": "2025-08-10 00:40:31,563", "levelname": "INFO", "name": "AresTradingSystem.System.OptimizedDataDownloader", "message": "📁 Skipping existing: futures_BINANCE_ETHUSDT_2023-11.csv", "correlation_id": "-", "session_id": "-", "timestamp": "2025-08-09T22:40:31.563635+00:00"}
{"asctime": "2025-08-10 00:40:31,563", "levelname": "INFO", "name": "AresTradingSystem.System.OptimizedDataDownloader", "message": "📁 Skipping existing: futures_BINANCE_ETHUSDT_2023-12.csv", "correlation_id": "-", "session_id": "-", "timestamp": "2025-08-09T22:40:31.563887+00:00"}
{"asctime": "2025-08-10 00:40:31,564", "levelname": "INFO", "name": "AresTradingSystem.System.OptimizedDataDownloader", "message": "📁 Skipping existing: futures_BINANCE_ETHUSDT_2024-01.csv", "correlation_id": "-", "session_id": "-", "timestamp": "2025-08-09T22:40:31.564109+00:00"}
{"asctime": "2025-08-10 00:40:31,564", "levelname": "INFO", "name": "AresTradingSystem.System.OptimizedDataDownloader", "message": "📁 Skipping existing: futures_BINANCE_ETHUSDT_2024-02.csv", "correlation_id": "-", "session_id": "-", "timestamp": "2025-08-09T22:40:31.564339+00:00"}
{"asctime": "2025-08-10 00:40:31,564", "levelname": "INFO", "name": "AresTradingSystem.System.OptimizedDataDownloader", "message": "📁 Skipping existing: futures_BINANCE_ETHUSDT_2024-03.csv", "correlation_id": "-", "session_id": "-", "timestamp": "2025-08-09T22:40:31.564581+00:00"}
{"asctime": "2025-08-10 00:40:31,564", "levelname": "INFO", "name": "AresTradingSystem.System.OptimizedDataDownloader", "message": "📁 Skipping existing: futures_BINANCE_ETHUSDT_2024-04.csv", "correlation_id": "-", "session_id": "-", "timestamp": "2025-08-09T22:40:31.564961+00:00"}
{"asctime": "2025-08-10 00:40:31,565", "levelname": "INFO", "name": "AresTradingSystem.System.OptimizedDataDownloader", "message": "📁 Skipping existing: futures_BINANCE_ETHUSDT_2024-05.csv", "correlation_id": "-", "session_id": "-", "timestamp": "2025-08-09T22:40:31.565182+00:00"}
{"asctime": "2025-08-10 00:40:31,565", "levelname": "INFO", "name": "AresTradingSystem.System.OptimizedDataDownloader", "message": "📁 Skipping existing: futures_BINANCE_ETHUSDT_2024-06.csv", "correlation_id": "-", "session_id": "-", "timestamp": "2025-08-09T22:40:31.565395+00:00"}
{"asctime": "2025-08-10 00:40:31,565", "levelname": "INFO", "name": "AresTradingSystem.System.OptimizedDataDownloader", "message": "📁 Skipping existing: futures_BINANCE_ETHUSDT_2024-07.csv", "correlation_id": "-", "session_id": "-", "timestamp": "2025-08-09T22:40:31.565604+00:00"}
{"asctime": "2025-08-10 00:40:31,565", "levelname": "INFO", "name": "AresTradingSystem.System.OptimizedDataDownloader", "message": "📁 Skipping existing: futures_BINANCE_ETHUSDT_2024-08.csv", "correlation_id": "-", "session_id": "-", "timestamp": "2025-08-09T22:40:31.565818+00:00"}
{"asctime": "2025-08-10 00:40:31,566", "levelname": "INFO", "name": "AresTradingSystem.System.OptimizedDataDownloader", "message": "📁 Skipping existing: futures_BINANCE_ETHUSDT_2024-09.csv", "correlation_id": "-", "session_id": "-", "timestamp": "2025-08-09T22:40:31.566038+00:00"}
{"asctime": "2025-08-10 00:40:31,566", "levelname": "INFO", "name": "AresTradingSystem.System.OptimizedDataDownloader", "message": "📁 Skipping existing: futures_BINANCE_ETHUSDT_2024-10.csv", "correlation_id": "-", "session_id": "-", "timestamp": "2025-08-09T22:40:31.566239+00:00"}
{"asctime": "2025-08-10 00:40:31,566", "levelname": "INFO", "name": "AresTradingSystem.System.OptimizedDataDownloader", "message": "📁 Skipping existing: futures_BINANCE_ETHUSDT_2024-11.csv", "correlation_id": "-", "session_id": "-", "timestamp": "2025-08-09T22:40:31.566513+00:00"}
{"asctime": "2025-08-10 00:40:31,566", "levelname": "INFO", "name": "AresTradingSystem.System.OptimizedDataDownloader", "message": "📁 Skipping existing: futures_BINANCE_ETHUSDT_2024-12.csv", "correlation_id": "-", "session_id": "-", "timestamp": "2025-08-09T22:40:31.566763+00:00"}
{"asctime": "2025-08-10 00:40:31,566", "levelname": "INFO", "name": "AresTradingSystem.System.OptimizedDataDownloader", "message": "📁 Skipping existing: futures_BINANCE_ETHUSDT_2025-01.csv", "correlation_id": "-", "session_id": "-", "timestamp": "2025-08-09T22:40:31.566990+00:00"}
{"asctime": "2025-08-10 00:40:31,567", "levelname": "INFO", "name": "AresTradingSystem.System.OptimizedDataDownloader", "message": "📁 Skipping existing: futures_BINANCE_ETHUSDT_2025-02.csv", "correlation_id": "-", "session_id": "-", "timestamp": "2025-08-09T22:40:31.567254+00:00"}
{"asctime": "2025-08-10 00:40:31,567", "levelname": "INFO", "name": "AresTradingSystem.System.OptimizedDataDownloader", "message": "📁 Skipping existing: futures_BINANCE_ETHUSDT_2025-03.csv", "correlation_id": "-", "session_id": "-", "timestamp": "2025-08-09T22:40:31.567720+00:00"}
{"asctime": "2025-08-10 00:40:31,568", "levelname": "INFO", "name": "AresTradingSystem.System.OptimizedDataDownloader", "message": "📁 Skipping existing: futures_BINANCE_ETHUSDT_2025-04.csv", "correlation_id": "-", "session_id": "-", "timestamp": "2025-08-09T22:40:31.568183+00:00"}
{"asctime": "2025-08-10 00:40:31,568", "levelname": "INFO", "name": "AresTradingSystem.System.OptimizedDataDownloader", "message": "📁 Skipping existing: futures_BINANCE_ETHUSDT_2025-05.csv", "correlation_id": "-", "session_id": "-", "timestamp": "2025-08-09T22:40:31.568452+00:00"}
{"asctime": "2025-08-10 00:40:31,568", "levelname": "INFO", "name": "AresTradingSystem.System.OptimizedDataDownloader", "message": "📁 Skipping existing: futures_BINANCE_ETHUSDT_2025-06.csv", "correlation_id": "-", "session_id": "-", "timestamp": "2025-08-09T22:40:31.568701+00:00"}
{"asctime": "2025-08-10 00:40:31,568", "levelname": "INFO", "name": "AresTradingSystem.System.OptimizedDataDownloader", "message": "📁 Skipping existing: futures_BINANCE_ETHUSDT_2025-07.csv", "correlation_id": "-", "session_id": "-", "timestamp": "2025-08-09T22:40:31.568930+00:00"}
{"asctime": "2025-08-10 00:40:31,569", "levelname": "INFO", "name": "AresTradingSystem.System.OptimizedDataDownloader", "message": "📁 Skipping existing: futures_BINANCE_ETHUSDT_2025-08.csv", "correlation_id": "-", "session_id": "-", "timestamp": "2025-08-09T22:40:31.569143+00:00"}
{"asctime": "2025-08-10 00:40:31,569", "levelname": "INFO", "name": "AresTradingSystem.System.OptimizedDataDownloader", "message": "📊 Summary: 0 months to download, 25 months skipped", "correlation_id": "-", "session_id": "-", "timestamp": "2025-08-09T22:40:31.569322+00:00"}
{"asctime": "2025-08-10 00:40:31,569", "levelname": "INFO", "name": "AresTradingSystem.System.OptimizedDataDownloader", "message": "📁 No futures periods to download", "correlation_id": "-", "session_id": "-", "timestamp": "2025-08-09T22:40:31.569595+00:00"}
{"asctime": "2025-08-10 00:40:31,570", "levelname": "INFO", "name": "AresTradingSystem.System.OptimizedDataDownloader", "message": "📊 Processing final results...", "correlation_id": "-", "session_id": "-", "timestamp": "2025-08-09T22:40:31.570040+00:00"}
{"asctime": "2025-08-10 00:40:31,570", "levelname": "INFO", "name": "AresTradingSystem.System.OptimizedDataDownloader", "message": "✅ Klines download completed successfully", "correlation_id": "-", "session_id": "-", "timestamp": "2025-08-09T22:40:31.570365+00:00"}
{"asctime": "2025-08-10 00:40:31,570", "levelname": "INFO", "name": "AresTradingSystem.System.OptimizedDataDownloader", "message": "✅ Aggtrades download completed successfully", "correlation_id": "-", "session_id": "-", "timestamp": "2025-08-09T22:40:31.570568+00:00"}
{"asctime": "2025-08-10 00:40:31,570", "levelname": "INFO", "name": "AresTradingSystem.System.OptimizedDataDownloader", "message": "✅ Futures download completed successfully", "correlation_id": "-", "session_id": "-", "timestamp": "2025-08-09T22:40:31.570782+00:00"}
{"asctime": "2025-08-10 00:40:31,571", "levelname": "INFO", "name": "AresTradingSystem.System.OptimizedDataDownloader", "message": "🎉 CLEAN DOWNLOAD PROCESS COMPLETED", "correlation_id": "-", "session_id": "-", "timestamp": "2025-08-09T22:40:31.571018+00:00"}
{"asctime": "2025-08-10 00:40:31,571", "levelname": "INFO", "name": "AresTradingSystem.System.OptimizedDataDownloader", "message": "📊 FINAL STATISTICS:", "correlation_id": "-", "session_id": "-", "timestamp": "2025-08-09T22:40:31.571205+00:00"}
{"asctime": "2025-08-10 00:40:31,571", "levelname": "INFO", "name": "AresTradingSystem.System.OptimizedDataDownloader", "message": "✅ Successful downloads: 3/3", "correlation_id": "-", "session_id": "-", "timestamp": "2025-08-09T22:40:31.571388+00:00"}
{"asctime": "2025-08-10 00:40:31,572", "levelname": "INFO", "name": "AresTradingSystem.System.OptimizedDataDownloader", "message": "❌ Failed downloads: 0/3", "correlation_id": "-", "session_id": "-", "timestamp": "2025-08-09T22:40:31.572439+00:00"}
{"asctime": "2025-08-10 00:40:31,572", "levelname": "INFO", "name": "AresTradingSystem.System.OptimizedDataDownloader", "message": "⏱️ Total time: 17.67 seconds", "correlation_id": "-", "session_id": "-", "timestamp": "2025-08-09T22:40:31.572753+00:00"}
{"asctime": "2025-08-10 00:40:31,573", "levelname": "INFO", "name": "AresTradingSystem.System.OptimizedDataDownloader", "message": "📈 Klines files downloaded: 0", "correlation_id": "-", "session_id": "-", "timestamp": "2025-08-09T22:40:31.573026+00:00"}
{"asctime": "2025-08-10 00:40:31,573", "levelname": "INFO", "name": "AresTradingSystem.System.OptimizedDataDownloader", "message": "📊 Aggtrades files downloaded: 0", "correlation_id": "-", "session_id": "-", "timestamp": "2025-08-09T22:40:31.573271+00:00"}
{"asctime": "2025-08-10 00:40:31,573", "levelname": "INFO", "name": "AresTradingSystem.System.OptimizedDataDownloader", "message": "📈 Futures files downloaded: 0", "correlation_id": "-", "session_id": "-", "timestamp": "2025-08-09T22:40:31.573753+00:00"}
{"asctime": "2025-08-10 00:40:31,574", "levelname": "INFO", "name": "AresTradingSystem.System.OptimizedDataDownloader", "message": "❌ Total errors: 0", "correlation_id": "-", "session_id": "-", "timestamp": "2025-08-09T22:40:31.574225+00:00"}
{"asctime": "2025-08-10 00:40:31,574", "levelname": "INFO", "name": "AresTradingSystem.System.OptimizedDataDownloader", "message": "🧹 Cleaning up resources...", "correlation_id": "-", "session_id": "-", "timestamp": "2025-08-09T22:40:31.574494+00:00"}
{"asctime": "2025-08-10 00:40:31,826", "levelname": "INFO", "name": "AresTradingSystem.System.OptimizedDataDownloader", "message": "✅ CCXT exchange closed", "correlation_id": "-", "session_id": "-", "timestamp": "2025-08-09T22:40:31.826117+00:00"}
{"asctime": "2025-08-10 00:40:31,826", "levelname": "INFO", "name": "AresTradingSystem.System.OptimizedDataDownloader", "message": "✅ Cleanup completed", "correlation_id": "-", "session_id": "-", "timestamp": "2025-08-09T22:40:31.826536+00:00"}
{"asctime": "2025-08-10 00:40:31,826", "levelname": "INFO", "name": "AresTradingSystem.System.OptimizedDataDownloader", "message": "✅ Clean download completed successfully", "correlation_id": "-", "session_id": "-", "timestamp": "2025-08-09T22:40:31.826724+00:00"}
