{"asctime": "2025-08-10 19:38:09,054", "levelname": "INFO", "name": "AresTradingSystem", "message": "✅ Enhanced Logger initialization completed successfully", "correlation_id": "-", "session_id": "-", "timestamp": "2025-08-10T17:38:09.054641+00:00"}
{"asctime": "2025-08-10 19:38:09,055", "levelname": "INFO", "name": "AresTradingSystem.System.VectorizedLabellingOrchestrator", "message": "🚀 Initializing vectorized labeling orchestrator...", "correlation_id": "-", "session_id": "-", "timestamp": "2025-08-10T17:38:09.055106+00:00"}
{"asctime": "2025-08-10 19:38:09,061", "levelname": "INFO", "name": "AresTradingSystem.System.VectorizedLabellingOrchestrator", "message": "✅ CRITICAL FIX: Binary classification enabled to address label imbalance", "correlation_id": "-", "session_id": "-", "timestamp": "2025-08-10T17:38:09.061204+00:00"}
{"asctime": "2025-08-10 19:38:09,081", "levelname": "INFO", "name": "AresTradingSystem.System.VectorizedAdvancedFeatureEngineering", "message": "🚀 Initializing vectorized advanced feature engineering...", "correlation_id": "-", "session_id": "-", "timestamp": "2025-08-10T17:38:09.081804+00:00"}
{"asctime": "2025-08-10 19:38:09,082", "levelname": "INFO", "name": "AresTradingSystem.System.WaveletFeatureCache", "message": "✅ Cache directory initialized: data/wavelet_cache", "correlation_id": "-", "session_id": "-", "timestamp": "2025-08-10T17:38:09.082024+00:00"}
{"asctime": "2025-08-10 19:38:09,082", "levelname": "INFO", "name": "AresTradingSystem.System.VectorizedVolatilityRegimeModel", "message": "🚀 Initializing vectorized volatility regime model...", "correlation_id": "-", "session_id": "-", "timestamp": "2025-08-10T17:38:09.082114+00:00"}
{"asctime": "2025-08-10 19:38:09,082", "levelname": "INFO", "name": "AresTradingSystem.System.VectorizedVolatilityRegimeModel", "message": "✅ Vectorized volatility regime model initialized successfully", "correlation_id": "-", "session_id": "-", "timestamp": "2025-08-10T17:38:09.082181+00:00"}
{"asctime": "2025-08-10 19:38:09,082", "levelname": "INFO", "name": "AresTradingSystem.System.VectorizedCorrelationAnalyzer", "message": "🚀 Initializing vectorized correlation analyzer...", "correlation_id": "-", "session_id": "-", "timestamp": "2025-08-10T17:38:09.082250+00:00"}
{"asctime": "2025-08-10 19:38:09,082", "levelname": "INFO", "name": "AresTradingSystem.System.VectorizedCorrelationAnalyzer", "message": "✅ Vectorized correlation analyzer initialized successfully", "correlation_id": "-", "session_id": "-", "timestamp": "2025-08-10T17:38:09.082311+00:00"}
{"asctime": "2025-08-10 19:38:09,082", "levelname": "INFO", "name": "AresTradingSystem.System.VectorizedMomentumAnalyzer", "message": "🚀 Initializing vectorized momentum analyzer...", "correlation_id": "-", "session_id": "-", "timestamp": "2025-08-10T17:38:09.082393+00:00"}
{"asctime": "2025-08-10 19:38:09,082", "levelname": "INFO", "name": "AresTradingSystem.System.VectorizedMomentumAnalyzer", "message": "✅ Vectorized momentum analyzer initialized successfully", "correlation_id": "-", "session_id": "-", "timestamp": "2025-08-10T17:38:09.082453+00:00"}
{"asctime": "2025-08-10 19:38:09,082", "levelname": "INFO", "name": "AresTradingSystem.System.VectorizedLiquidityAnalyzer", "message": "🚀 Initializing vectorized liquidity analyzer...", "correlation_id": "-", "session_id": "-", "timestamp": "2025-08-10T17:38:09.082514+00:00"}
{"asctime": "2025-08-10 19:38:09,082", "levelname": "INFO", "name": "AresTradingSystem.System.VectorizedLiquidityAnalyzer", "message": "✅ Vectorized liquidity analyzer initialized successfully", "correlation_id": "-", "session_id": "-", "timestamp": "2025-08-10T17:38:09.082569+00:00"}
{"asctime": "2025-08-10 19:38:09,082", "levelname": "INFO", "name": "AresTradingSystem.System.VectorizedCandlestickPatternAnalyzer", "message": "🚀 Initializing vectorized candlestick pattern analyzer...", "correlation_id": "-", "session_id": "-", "timestamp": "2025-08-10T17:38:09.082630+00:00"}
{"asctime": "2025-08-10 19:38:09,082", "levelname": "INFO", "name": "AresTradingSystem.System.VectorizedCandlestickPatternAnalyzer", "message": "✅ Vectorized candlestick pattern analyzer initialized successfully", "correlation_id": "-", "session_id": "-", "timestamp": "2025-08-10T17:38:09.082688+00:00"}
{"asctime": "2025-08-10 19:38:09,082", "levelname": "INFO", "name": "AresTradingSystem.System.VectorizedSRDistanceCalculator", "message": "🚀 Initializing vectorized S/R distance calculator...", "correlation_id": "-", "session_id": "-", "timestamp": "2025-08-10T17:38:09.082759+00:00"}
{"asctime": "2025-08-10 19:38:09,082", "levelname": "INFO", "name": "AresTradingSystem.System.VectorizedSRDistanceCalculator", "message": "✅ Vectorized S/R distance calculator initialized successfully", "correlation_id": "-", "session_id": "-", "timestamp": "2025-08-10T17:38:09.082814+00:00"}
{"asctime": "2025-08-10 19:38:09,082", "levelname": "INFO", "name": "AresTradingSystem.System.VectorizedWaveletTransformAnalyzer", "message": "🚀 Initializing enhanced vectorized wavelet transform analyzer...", "correlation_id": "-", "session_id": "-", "timestamp": "2025-08-10T17:38:09.082880+00:00"}
{"asctime": "2025-08-10 19:38:09,082", "levelname": "INFO", "name": "AresTradingSystem.System.VectorizedWaveletTransformAnalyzer", "message": "✅ Enhanced vectorized wavelet transform analyzer initialized successfully", "correlation_id": "-", "session_id": "-", "timestamp": "2025-08-10T17:38:09.082935+00:00"}
{"asctime": "2025-08-10 19:38:09,082", "levelname": "INFO", "name": "AresTradingSystem.System.VectorizedWaveletTransformAnalyzer", "message": "📊 Configuration: padding_mode=symmetric, cwt_scale_method=logarithmic, max_features_per_wavelet=20", "correlation_id": "-", "session_id": "-", "timestamp": "2025-08-10T17:38:09.082990+00:00"}
{"asctime": "2025-08-10 19:38:09,083", "levelname": "INFO", "name": "AresTradingSystem.System.MetaLabelingSystem", "message": "🚀 Initializing meta-labeling system...", "correlation_id": "-", "session_id": "-", "timestamp": "2025-08-10T17:38:09.083873+00:00"}
{"asctime": "2025-08-10 19:38:09,083", "levelname": "INFO", "name": "AresTradingSystem.System.MetaLabelingSystem", "message": "✅ Meta-labeling system initialized successfully", "correlation_id": "-", "session_id": "-", "timestamp": "2025-08-10T17:38:09.083949+00:00"}
{"asctime": "2025-08-10 19:38:09,084", "levelname": "INFO", "name": "AresTradingSystem.System.VectorizedAdvancedFeatureEngineering", "message": "✅ Vectorized advanced feature engineering initialized successfully", "correlation_id": "-", "session_id": "-", "timestamp": "2025-08-10T17:38:09.084010+00:00"}
