2025-08-07 20:15:20,493 - AresGlobal - INFO - ================================================================================
2025-08-07 20:15:20,493 - AresGlobal - INFO - 📊 SESSION SUMMARY
2025-08-07 20:15:20,493 - AresGlobal - INFO - Session started: 2025-08-07 20:15:20
2025-08-07 20:15:20,493 - AresGlobal - INFO - Global log file: ares_global_20250807_201520.log
2025-08-07 20:15:20,493 - AresGlobal - INFO - This file contains ALL logs for this session
2025-08-07 20:15:20,493 - AresGlobal - INFO - ================================================================================
2025-08-07 20:15:20,493 - AresGlobal - INFO - [SYSTEM] ================================================================================
2025-08-07 20:15:20,493 - AresGlobal - INFO - [SYSTEM] 🚀 ARES LAUNCHER STARTED - Mode: INITIALIZATION
2025-08-07 20:15:20,493 - AresGlobal - INFO - [SYSTEM] Start time: 2025-08-07 20:15:20
2025-08-07 20:15:20,493 - AresGlobal - INFO - [SYSTEM] Log directory: log
2025-08-07 20:15:20,493 - AresGlobal - INFO - [SYSTEM] ================================================================================
2025-08-07 20:15:20,493 - AresGlobal.AresLauncher - INFO - ================================================================================
2025-08-07 20:15:20,493 - AresGlobal.AresLauncher - INFO - 🚀 ARES COMPREHENSIVE LAUNCHER
2025-08-07 20:15:20,493 - AresGlobal.AresLauncher - INFO - ================================================================================
2025-08-07 20:15:20,493 - AresGlobal.AresLauncher - INFO - Start time: 2025-08-07 20:15:20
2025-08-07 20:15:20,493 - AresGlobal.AresLauncher - INFO - Log directory: log
2025-08-07 20:15:20,493 - AresGlobal.AresLauncher - INFO - Log level: INFO
2025-08-07 20:15:20,493 - AresGlobal.AresLauncher - INFO - Global log file: ares_global_20250807_201520.log
2025-08-07 20:15:20,493 - AresGlobal.AresLauncher - INFO - ================================================================================
2025-08-07 20:15:20,494 - AresGlobal - INFO - [SYSTEM] ================================================================================
2025-08-07 20:15:20,494 - AresGlobal - INFO - [SYSTEM] 🚀 ARES LAUNCHER STARTED - Mode: load - Symbol: ETHUSDT - Exchange: BINANCE
2025-08-07 20:15:20,494 - AresGlobal - INFO - [SYSTEM] Start time: 2025-08-07 20:15:20
2025-08-07 20:15:20,494 - AresGlobal - INFO - [SYSTEM] Log directory: log
2025-08-07 20:15:20,494 - AresGlobal - INFO - [SYSTEM] ================================================================================
2025-08-07 20:15:20,494 - AresGlobal.AresLauncher - INFO - 🔄 Starting data loading for ETHUSDT on BINANCE
2025-08-07 20:15:20,494 - AresGlobal.AresLauncher - INFO - 📥 Step 1: Downloading data...
2025-08-07 20:15:20,494 - AresGlobal.AresLauncher - INFO - 🔧 Running download command: /opt/homebrew/Caskroom/miniforge/base/bin/python backtesting/ares_data_downloader_optimized.py --symbol ETHUSDT --exchange BINANCE --lookback-years 2
2025-08-07 20:15:54,676 - AresGlobal.AresLauncher - INFO - ✅ Data download completed successfully
2025-08-07 20:15:54,677 - AresGlobal.AresLauncher - INFO - 🔄 Step 2: Consolidating data...
2025-08-07 20:15:54,677 - AresGlobal.AresLauncher - INFO - 🔧 Running consolidation command: /opt/homebrew/Caskroom/miniforge/base/bin/python src/training/steps/step1_data_collection.py ETHUSDT BINANCE 1000 data_cache 730
2025-08-07 20:15:54,677 - AresGlobal.AresLauncher - INFO - 🔄 Starting consolidation subprocess...
2025-08-07 20:18:03,350 - AresGlobal.AresLauncher - INFO - 🧹 Cleaning up processes...
2025-08-07 20:18:03,351 - AresGlobal.AresLauncher - INFO - ✅ Cleanup completed
2025-08-07 20:20:55,359 - AresGlobal.AresLauncher - ERROR - ❌ Data loading failed: Command '['/opt/homebrew/Caskroom/miniforge/base/bin/python', 'src/training/steps/step1_data_collection.py', 'ETHUSDT', 'BINANCE', '1000', 'data_cache', '730']' timed out after 300 seconds
2025-08-07 20:20:55,370 - AresGlobal - INFO - [SYSTEM] ================================================================================
2025-08-07 20:20:55,370 - AresGlobal - INFO - [SYSTEM] 🛑 ARES LAUNCHER ENDED - Exit code: 1
2025-08-07 20:20:55,370 - AresGlobal - INFO - [SYSTEM] End time: 2025-08-07 20:20:55
2025-08-07 20:20:55,370 - AresGlobal - INFO - [SYSTEM] ================================================================================
2025-08-07 20:20:55,371 - AresGlobal.AresLauncher - INFO - 🧹 Cleaning up processes...
2025-08-07 20:20:55,371 - AresGlobal.AresLauncher - INFO - ✅ Cleanup completed
