{"asctime": "2025-08-11 23:40:26,337", "levelname": "INFO", "name": "AresGlobal", "message": "================================================================================", "correlation_id": "-", "session_id": "-", "timestamp": "2025-08-11T21:40:26.337923+00:00"}
{"asctime": "2025-08-11 23:40:26,338", "levelname": "INFO", "name": "AresGlobal", "message": "📊 SESSION SUMMARY", "correlation_id": "-", "session_id": "-", "timestamp": "2025-08-11T21:40:26.338057+00:00"}
{"asctime": "2025-08-11 23:40:26,338", "levelname": "INFO", "name": "AresGlobal", "message": "Session started: 2025-08-11 23:40:26", "correlation_id": "-", "session_id": "-", "timestamp": "2025-08-11T21:40:26.338169+00:00"}
{"asctime": "2025-08-11 23:40:26,338", "levelname": "INFO", "name": "AresGlobal", "message": "This file contains ALL logs for this session", "correlation_id": "-", "session_id": "-", "timestamp": "2025-08-11T21:40:26.338252+00:00"}
{"asctime": "2025-08-11 23:40:26,338", "levelname": "INFO", "name": "AresGlobal", "message": "================================================================================", "correlation_id": "-", "session_id": "-", "timestamp": "2025-08-11T21:40:26.338338+00:00"}
{"asctime": "2025-08-11 23:40:26,338", "levelname": "INFO", "name": "AresGlobal", "message": "[SYSTEM] ================================================================================", "correlation_id": "-", "session_id": "-", "timestamp": "2025-08-11T21:40:26.338596+00:00"}
{"asctime": "2025-08-11 23:40:26,338", "levelname": "INFO", "name": "AresGlobal", "message": "[SYSTEM] 🚀 ARES LAUNCHER STARTED - Mode: INITIALIZATION", "correlation_id": "-", "session_id": "-", "timestamp": "2025-08-11T21:40:26.338877+00:00"}
{"asctime": "2025-08-11 23:40:26,339", "levelname": "INFO", "name": "AresGlobal", "message": "[SYSTEM] Start time: 2025-08-11 23:40:26", "correlation_id": "-", "session_id": "-", "timestamp": "2025-08-11T21:40:26.339074+00:00"}
{"asctime": "2025-08-11 23:40:26,339", "levelname": "INFO", "name": "AresGlobal", "message": "[SYSTEM] Log directory: log", "correlation_id": "-", "session_id": "-", "timestamp": "2025-08-11T21:40:26.339246+00:00"}
{"asctime": "2025-08-11 23:40:26,339", "levelname": "INFO", "name": "AresGlobal", "message": "[SYSTEM] ================================================================================", "correlation_id": "-", "session_id": "-", "timestamp": "2025-08-11T21:40:26.339413+00:00"}
{"asctime": "2025-08-11 23:40:26,339", "levelname": "INFO", "name": "AresGlobal.AresLauncher", "message": "================================================================================", "correlation_id": "-", "session_id": "-", "timestamp": "2025-08-11T21:40:26.339496+00:00"}
{"asctime": "2025-08-11 23:40:26,339", "levelname": "INFO", "name": "AresGlobal.AresLauncher", "message": "🚀 ARES COMPREHENSIVE LAUNCHER", "correlation_id": "-", "session_id": "-", "timestamp": "2025-08-11T21:40:26.339576+00:00"}
{"asctime": "2025-08-11 23:40:26,339", "levelname": "INFO", "name": "AresGlobal.AresLauncher", "message": "================================================================================", "correlation_id": "-", "session_id": "-", "timestamp": "2025-08-11T21:40:26.339665+00:00"}
{"asctime": "2025-08-11 23:40:26,339", "levelname": "INFO", "name": "AresGlobal.AresLauncher", "message": "Start time: 2025-08-11 23:40:26", "correlation_id": "-", "session_id": "-", "timestamp": "2025-08-11T21:40:26.339754+00:00"}
{"asctime": "2025-08-11 23:40:26,339", "levelname": "INFO", "name": "AresGlobal.AresLauncher", "message": "Log directory: log", "correlation_id": "-", "session_id": "-", "timestamp": "2025-08-11T21:40:26.339833+00:00"}
{"asctime": "2025-08-11 23:40:26,339", "levelname": "INFO", "name": "AresGlobal.AresLauncher", "message": "Log level: INFO", "correlation_id": "-", "session_id": "-", "timestamp": "2025-08-11T21:40:26.339914+00:00"}
{"asctime": "2025-08-11 23:40:26,339", "levelname": "INFO", "name": "AresGlobal.AresLauncher", "message": "Global log file: ares_global_20250811_234026.log", "correlation_id": "-", "session_id": "-", "timestamp": "2025-08-11T21:40:26.339998+00:00"}
{"asctime": "2025-08-11 23:40:26,340", "levelname": "INFO", "name": "AresGlobal.AresLauncher", "message": "================================================================================", "correlation_id": "-", "session_id": "-", "timestamp": "2025-08-11T21:40:26.340086+00:00"}
{"asctime": "2025-08-11 23:40:26,340", "levelname": "INFO", "name": "AresGlobal", "message": "[SYSTEM] ================================================================================", "correlation_id": "-", "session_id": "-", "timestamp": "2025-08-11T21:40:26.340348+00:00"}
{"asctime": "2025-08-11 23:40:26,340", "levelname": "INFO", "name": "AresGlobal", "message": "[SYSTEM] 🚀 ARES LAUNCHER STARTED - Mode: blank - Symbol: ETHUSDT - Exchange: BINANCE", "correlation_id": "-", "session_id": "-", "timestamp": "2025-08-11T21:40:26.340515+00:00"}
{"asctime": "2025-08-11 23:40:26,340", "levelname": "INFO", "name": "AresGlobal", "message": "[SYSTEM] Start time: 2025-08-11 23:40:26", "correlation_id": "-", "session_id": "-", "timestamp": "2025-08-11T21:40:26.340693+00:00"}
{"asctime": "2025-08-11 23:40:26,340", "levelname": "INFO", "name": "AresGlobal", "message": "[SYSTEM] Log directory: log", "correlation_id": "-", "session_id": "-", "timestamp": "2025-08-11T21:40:26.340851+00:00"}
{"asctime": "2025-08-11 23:40:26,340", "levelname": "INFO", "name": "AresGlobal", "message": "[SYSTEM] ================================================================================", "correlation_id": "-", "session_id": "-", "timestamp": "2025-08-11T21:40:26.340999+00:00"}
{"asctime": "2025-08-11 23:40:26,341", "levelname": "INFO", "name": "AresGlobal.AresLauncher", "message": "🚀 Running enhanced 16-step training pipeline for ETHUSDT on BINANCE", "correlation_id": "-", "session_id": "-", "timestamp": "2025-08-11T21:40:26.341118+00:00"}
{"asctime": "2025-08-11 23:40:26,341", "levelname": "INFO", "name": "AresGlobal.AresLauncher", "message": "Starting from step: step4_analyst_labeling_feature_engineering", "correlation_id": "-", "session_id": "-", "timestamp": "2025-08-11T21:40:26.341197+00:00"}
{"asctime": "2025-08-11 23:40:26,341", "levelname": "INFO", "name": "AresGlobal.AresLauncher", "message": "🧪 BLANK TRAINING MODE: Set BLANK_TRAINING_MODE=1 for step-based training", "correlation_id": "-", "session_id": "-", "timestamp": "2025-08-11T21:40:26.341284+00:00"}
{"asctime": "2025-08-11 23:40:26,343", "levelname": "INFO", "name": "AresGlobal.ProgressManager", "message": "Initialized ProgressManager for ETHUSDT on BINANCE", "correlation_id": "-", "session_id": "-", "timestamp": "2025-08-11T21:40:26.343498+00:00"}
{"asctime": "2025-08-11 23:40:26,343", "levelname": "INFO", "name": "AresGlobal.ProgressManager", "message": "Progress directory: data/training/progress/BINANCE_ETHUSDT", "correlation_id": "-", "session_id": "-", "timestamp": "2025-08-11T21:40:26.343677+00:00"}
{"asctime": "2025-08-11 23:40:26,343", "levelname": "INFO", "name": "AresGlobal.StepOrchestrator", "message": "Initialized StepOrchestrator for ETHUSDT on BINANCE", "correlation_id": "-", "session_id": "-", "timestamp": "2025-08-11T21:40:26.343788+00:00"}
{"asctime": "2025-08-11 23:40:26,344", "levelname": "INFO", "name": "AresGlobal.StepOrchestrator", "message": "🚀 Starting execution from step: step4_analyst_labeling_feature_engineering", "correlation_id": "-", "session_id": "-", "timestamp": "2025-08-11T21:40:26.344029+00:00"}
{"asctime": "2025-08-11 23:40:33,918", "levelname": "INFO", "name": "AresGlobal.EnhancedTrainingManager", "message": "Loaded optimization configuration", "correlation_id": "-", "session_id": "-", "timestamp": "2025-08-11T21:40:33.918938+00:00"}
{"asctime": "2025-08-11 23:40:33,919", "levelname": "INFO", "name": "AresGlobal.EnhancedTrainingManagerOptimized", "message": "Loaded optimization configuration", "correlation_id": "-", "session_id": "-", "timestamp": "2025-08-11T21:40:33.919521+00:00"}
{"asctime": "2025-08-11 23:40:33,919", "levelname": "INFO", "name": "AresGlobal.EnhancedTrainingManager", "message": "🚀 Initializing Enhanced Training Manager...", "correlation_id": "-", "session_id": "-", "timestamp": "2025-08-11T21:40:33.919736+00:00"}
{"asctime": "2025-08-11 23:40:33,919", "levelname": "INFO", "name": "AresGlobal.EnhancedTrainingManager", "message": "📊 Blank training mode: True", "correlation_id": "-", "session_id": "-", "timestamp": "2025-08-11T21:40:33.919955+00:00"}
{"asctime": "2025-08-11 23:40:33,920", "levelname": "INFO", "name": "AresGlobal.EnhancedTrainingManager", "message": "🔧 Max trials: 200", "correlation_id": "-", "session_id": "-", "timestamp": "2025-08-11T21:40:33.920130+00:00"}
{"asctime": "2025-08-11 23:40:33,920", "levelname": "INFO", "name": "AresGlobal.EnhancedTrainingManager", "message": "🔧 N trials: 100", "correlation_id": "-", "session_id": "-", "timestamp": "2025-08-11T21:40:33.920298+00:00"}
{"asctime": "2025-08-11 23:40:33,920", "levelname": "INFO", "name": "AresGlobal.EnhancedTrainingManager", "message": "📈 Lookback days: 180", "correlation_id": "-", "session_id": "-", "timestamp": "2025-08-11T21:40:33.920458+00:00"}
{"asctime": "2025-08-11 23:40:33,920", "levelname": "INFO", "name": "AresGlobal.EnhancedTrainingManager", "message": "🚀 Computational optimization: True", "correlation_id": "-", "session_id": "-", "timestamp": "2025-08-11T21:40:33.920618+00:00"}
{"asctime": "2025-08-11 23:40:33,920", "levelname": "INFO", "name": "AresGlobal.EnhancedTrainingManager", "message": "📊 Resource Analysis:", "correlation_id": "-", "session_id": "-", "timestamp": "2025-08-11T21:40:33.920863+00:00"}
{"asctime": "2025-08-11 23:40:33,921", "levelname": "INFO", "name": "AresGlobal.EnhancedTrainingManager", "message": "   💾 System Memory: 16.0 GB", "correlation_id": "-", "session_id": "-", "timestamp": "2025-08-11T21:40:33.921032+00:00"}
{"asctime": "2025-08-11 23:40:33,921", "levelname": "INFO", "name": "AresGlobal.EnhancedTrainingManager", "message": "   🖥️ CPU Cores: 8", "correlation_id": "-", "session_id": "-", "timestamp": "2025-08-11T21:40:33.921816+00:00"}
{"asctime": "2025-08-11 23:40:33,922", "levelname": "INFO", "name": "AresGlobal.EnhancedTrainingManager", "message": "   📈 Estimated Memory Usage: 4.0 GB", "correlation_id": "-", "session_id": "-", "timestamp": "2025-08-11T21:40:33.922112+00:00"}
{"asctime": "2025-08-11 23:40:33,922", "levelname": "INFO", "name": "AresGlobal.EnhancedTrainingManager", "message": "   ⏱️ Estimated Time: 90 minutes (1.5 hours)", "correlation_id": "-", "session_id": "-", "timestamp": "2025-08-11T21:40:33.922538+00:00"}
{"asctime": "2025-08-11 23:40:33,923", "levelname": "INFO", "name": "AresGlobal.EnhancedTrainingManager", "message": "   🤖 Models to Train: 4", "correlation_id": "-", "session_id": "-", "timestamp": "2025-08-11T21:40:33.923103+00:00"}
{"asctime": "2025-08-11 23:40:33,923", "levelname": "INFO", "name": "AresGlobal.EnhancedTrainingManager", "message": "   🔧 Optimization Trials: 50", "correlation_id": "-", "session_id": "-", "timestamp": "2025-08-11T21:40:33.923485+00:00"}
{"asctime": "2025-08-11 23:40:33,923", "levelname": "INFO", "name": "AresGlobal.EnhancedTrainingManager", "message": "📋 Step-by-Step Time Estimates:", "correlation_id": "-", "session_id": "-", "timestamp": "2025-08-11T21:40:33.923751+00:00"}
{"asctime": "2025-08-11 23:40:33,924", "levelname": "INFO", "name": "AresGlobal.EnhancedTrainingManager", "message": "   step1_data_collection: 5 min (4.1%)", "correlation_id": "-", "session_id": "-", "timestamp": "2025-08-11T21:40:33.924041+00:00"}
{"asctime": "2025-08-11 23:40:33,924", "levelname": "INFO", "name": "AresGlobal.EnhancedTrainingManager", "message": "   step2_market_regime_classification: 3 min (2.4%)", "correlation_id": "-", "session_id": "-", "timestamp": "2025-08-11T21:40:33.924387+00:00"}
{"asctime": "2025-08-11 23:40:33,924", "levelname": "INFO", "name": "AresGlobal.EnhancedTrainingManager", "message": "   step3_regime_data_splitting: 2 min (1.6%)", "correlation_id": "-", "session_id": "-", "timestamp": "2025-08-11T21:40:33.924635+00:00"}
{"asctime": "2025-08-11 23:40:33,924", "levelname": "INFO", "name": "AresGlobal.EnhancedTrainingManager", "message": "   step4_analyst_labeling_feature_engineering: 15 min (12.2%)", "correlation_id": "-", "session_id": "-", "timestamp": "2025-08-11T21:40:33.924897+00:00"}
{"asctime": "2025-08-11 23:40:33,925", "levelname": "INFO", "name": "AresGlobal.EnhancedTrainingManager", "message": "   step5_analyst_specialist_training: 10 min (8.1%)", "correlation_id": "-", "session_id": "-", "timestamp": "2025-08-11T21:40:33.925151+00:00"}
{"asctime": "2025-08-11 23:40:33,925", "levelname": "INFO", "name": "AresGlobal.EnhancedTrainingManager", "message": "   step6_analyst_enhancement: 8 min (6.5%)", "correlation_id": "-", "session_id": "-", "timestamp": "2025-08-11T21:40:33.925323+00:00"}
{"asctime": "2025-08-11 23:40:33,925", "levelname": "INFO", "name": "AresGlobal.EnhancedTrainingManager", "message": "   step7_analyst_ensemble_creation: 12 min (9.8%)", "correlation_id": "-", "session_id": "-", "timestamp": "2025-08-11T21:40:33.925635+00:00"}
{"asctime": "2025-08-11 23:40:33,925", "levelname": "INFO", "name": "AresGlobal.EnhancedTrainingManager", "message": "   step8_tactician_labeling: 5 min (4.1%)", "correlation_id": "-", "session_id": "-", "timestamp": "2025-08-11T21:40:33.925905+00:00"}
{"asctime": "2025-08-11 23:40:33,926", "levelname": "INFO", "name": "AresGlobal.EnhancedTrainingManager", "message": "   step9_tactician_specialist_training: 10 min (8.1%)", "correlation_id": "-", "session_id": "-", "timestamp": "2025-08-11T21:40:33.926308+00:00"}
{"asctime": "2025-08-11 23:40:33,926", "levelname": "INFO", "name": "AresGlobal.EnhancedTrainingManager", "message": "   step10_tactician_ensemble_creation: 12 min (9.8%)", "correlation_id": "-", "session_id": "-", "timestamp": "2025-08-11T21:40:33.926537+00:00"}
{"asctime": "2025-08-11 23:40:33,926", "levelname": "INFO", "name": "AresGlobal.EnhancedTrainingManager", "message": "   step11_confidence_calibration: 3 min (2.4%)", "correlation_id": "-", "session_id": "-", "timestamp": "2025-08-11T21:40:33.926744+00:00"}
{"asctime": "2025-08-11 23:40:33,926", "levelname": "INFO", "name": "AresGlobal.EnhancedTrainingManager", "message": "   step12_final_parameters_optimization: 15 min (12.2%)", "correlation_id": "-", "session_id": "-", "timestamp": "2025-08-11T21:40:33.926927+00:00"}
{"asctime": "2025-08-11 23:40:33,927", "levelname": "INFO", "name": "AresGlobal.EnhancedTrainingManager", "message": "   step13_walk_forward_validation: 8 min (6.5%)", "correlation_id": "-", "session_id": "-", "timestamp": "2025-08-11T21:40:33.927231+00:00"}
{"asctime": "2025-08-11 23:40:33,927", "levelname": "INFO", "name": "AresGlobal.EnhancedTrainingManager", "message": "   step14_monte_carlo_validation: 8 min (6.5%)", "correlation_id": "-", "session_id": "-", "timestamp": "2025-08-11T21:40:33.927413+00:00"}
{"asctime": "2025-08-11 23:40:33,927", "levelname": "INFO", "name": "AresGlobal.EnhancedTrainingManager", "message": "   step15_ab_testing: 5 min (4.1%)", "correlation_id": "-", "session_id": "-", "timestamp": "2025-08-11T21:40:33.927584+00:00"}
{"asctime": "2025-08-11 23:40:33,927", "levelname": "INFO", "name": "AresGlobal.EnhancedTrainingManager", "message": "   step16_saving: 2 min (1.6%)", "correlation_id": "-", "session_id": "-", "timestamp": "2025-08-11T21:40:33.927800+00:00"}
{"asctime": "2025-08-11 23:40:33,927", "levelname": "INFO", "name": "AresGlobal.EnhancedTrainingManager", "message": "💡 Recommendations:", "correlation_id": "-", "session_id": "-", "timestamp": "2025-08-11T21:40:33.927951+00:00"}
{"asctime": "2025-08-11 23:40:33,928", "levelname": "INFO", "name": "AresGlobal.EnhancedTrainingManager", "message": "   ✅ Blank training mode is suitable for your system", "correlation_id": "-", "session_id": "-", "timestamp": "2025-08-11T21:40:33.928126+00:00"}
{"asctime": "2025-08-11 23:40:33,928", "levelname": "INFO", "name": "AresGlobal.EnhancedTrainingManager", "message": "🚀 Initializing computational optimization components...", "correlation_id": "-", "session_id": "-", "timestamp": "2025-08-11T21:40:33.928302+00:00"}
{"asctime": "2025-08-11 23:40:33,929", "levelname": "INFO", "name": "AresGlobal.ComputationalOptimizationManager", "message": "Computational Optimization Manager initialized", "correlation_id": "-", "session_id": "-", "timestamp": "2025-08-11T21:40:33.929077+00:00"}
{"asctime": "2025-08-11 23:40:33,929", "levelname": "INFO", "name": "AresGlobal.EnhancedTrainingManager", "message": "✅ Computational optimization components initialized successfully", "correlation_id": "-", "session_id": "-", "timestamp": "2025-08-11T21:40:33.929385+00:00"}
{"asctime": "2025-08-11 23:40:33,929", "levelname": "INFO", "name": "AresGlobal.EnhancedTrainingManager", "message": "✅ Enhanced Training Manager initialized successfully", "correlation_id": "-", "session_id": "-", "timestamp": "2025-08-11T21:40:33.929978+00:00"}
{"asctime": "2025-08-11 23:40:33,930", "levelname": "INFO", "name": "AresGlobal.StepOrchestrator", "message": "✅ Enhanced training manager setup successfully", "correlation_id": "-", "session_id": "-", "timestamp": "2025-08-11T21:40:33.930425+00:00"}
{"asctime": "2025-08-11 23:40:33,930", "levelname": "INFO", "name": "AresGlobal.EnhancedTrainingManager", "message": "================================================================================", "correlation_id": "-", "session_id": "-", "timestamp": "2025-08-11T21:40:33.930949+00:00"}
{"asctime": "2025-08-11 23:40:33,931", "levelname": "INFO", "name": "AresGlobal.EnhancedTrainingManager", "message": "🚀 COMPREHENSIVE 16-STEP ENHANCED TRAINING PIPELINE START", "correlation_id": "-", "session_id": "-", "timestamp": "2025-08-11T21:40:33.931183+00:00"}
{"asctime": "2025-08-11 23:40:33,931", "levelname": "INFO", "name": "AresGlobal.EnhancedTrainingManager", "message": "================================================================================", "correlation_id": "-", "session_id": "-", "timestamp": "2025-08-11T21:40:33.931704+00:00"}
{"asctime": "2025-08-11 23:40:33,931", "levelname": "INFO", "name": "AresGlobal.EnhancedTrainingManager", "message": "📅 Started at: 2025-08-11 23:40:33", "correlation_id": "-", "session_id": "-", "timestamp": "2025-08-11T21:40:33.931913+00:00"}
{"asctime": "2025-08-11 23:40:33,932", "levelname": "INFO", "name": "AresGlobal.EnhancedTrainingManager", "message": "🎯 Symbol: ETHUSDT", "correlation_id": "-", "session_id": "-", "timestamp": "2025-08-11T21:40:33.932089+00:00"}
{"asctime": "2025-08-11 23:40:33,932", "levelname": "INFO", "name": "AresGlobal.EnhancedTrainingManager", "message": "🏢 Exchange: BINANCE", "correlation_id": "-", "session_id": "-", "timestamp": "2025-08-11T21:40:33.932255+00:00"}
{"asctime": "2025-08-11 23:40:33,932", "levelname": "INFO", "name": "AresGlobal.EnhancedTrainingManager", "message": "📊 Training Mode: N/A", "correlation_id": "-", "session_id": "-", "timestamp": "2025-08-11T21:40:33.932418+00:00"}
{"asctime": "2025-08-11 23:40:33,932", "levelname": "INFO", "name": "AresGlobal.EnhancedTrainingManager", "message": "📈 Lookback Days: 180", "correlation_id": "-", "session_id": "-", "timestamp": "2025-08-11T21:40:33.932632+00:00"}
{"asctime": "2025-08-11 23:40:33,932", "levelname": "INFO", "name": "AresGlobal.EnhancedTrainingManager", "message": "🔧 Blank Training Mode: True", "correlation_id": "-", "session_id": "-", "timestamp": "2025-08-11T21:40:33.932787+00:00"}
{"asctime": "2025-08-11 23:40:33,933", "levelname": "INFO", "name": "AresGlobal.EnhancedTrainingManager", "message": "🔧 Max Trials: 200", "correlation_id": "-", "session_id": "-", "timestamp": "2025-08-11T21:40:33.933041+00:00"}
{"asctime": "2025-08-11 23:40:33,933", "levelname": "INFO", "name": "AresGlobal.EnhancedTrainingManager", "message": "🔧 N Trials: 100", "correlation_id": "-", "session_id": "-", "timestamp": "2025-08-11T21:40:33.933289+00:00"}
{"asctime": "2025-08-11 23:40:33,933", "levelname": "INFO", "name": "AresGlobal.EnhancedTrainingManager", "message": "🚀 Initializing optimized tools...", "correlation_id": "-", "session_id": "-", "timestamp": "2025-08-11T21:40:33.933464+00:00"}
{"asctime": "2025-08-11 23:40:33,933", "levelname": "INFO", "name": "AresGlobal.EnhancedTrainingManagerOptimized", "message": "🚀 Initializing Enhanced Training Manager with Optimizations...", "correlation_id": "-", "session_id": "-", "timestamp": "2025-08-11T21:40:33.933635+00:00"}
{"asctime": "2025-08-11 23:40:33,946", "levelname": "INFO", "name": "AresGlobal.EnhancedTrainingManagerOptimized", "message": "✅ Parallel backtester initialized with 8 workers", "correlation_id": "-", "session_id": "-", "timestamp": "2025-08-11T21:40:33.946373+00:00"}
{"asctime": "2025-08-11 23:40:33,947", "levelname": "INFO", "name": "AresGlobal.EnhancedTrainingManagerOptimized", "message": "✅ All optimization components initialized successfully", "correlation_id": "-", "session_id": "-", "timestamp": "2025-08-11T21:40:33.947606+00:00"}
{"asctime": "2025-08-11 23:40:33,947", "levelname": "INFO", "name": "AresGlobal.EnhancedTrainingManager", "message": "   ✅ Optimized training manager initialized", "correlation_id": "-", "session_id": "-", "timestamp": "2025-08-11T21:40:33.947998+00:00"}
{"asctime": "2025-08-11 23:40:33,948", "levelname": "INFO", "name": "AresGlobal.EnhancedTrainingManager", "message": "   ✅ Streaming processor initialized", "correlation_id": "-", "session_id": "-", "timestamp": "2025-08-11T21:40:33.948239+00:00"}
{"asctime": "2025-08-11 23:40:33,948", "levelname": "INFO", "name": "AresGlobal.EnhancedTrainingManager", "message": "   ✅ Parallel backtester initialized with 8 workers", "correlation_id": "-", "session_id": "-", "timestamp": "2025-08-11T21:40:33.948912+00:00"}
{"asctime": "2025-08-11 23:40:33,949", "levelname": "INFO", "name": "AresGlobal.EnhancedTrainingManager", "message": "   ✅ Adaptive sampler initialized", "correlation_id": "-", "session_id": "-", "timestamp": "2025-08-11T21:40:33.949204+00:00"}
{"asctime": "2025-08-11 23:40:33,949", "levelname": "INFO", "name": "AresGlobal.EnhancedTrainingManager", "message": "   ✅ Incremental trainer initialized", "correlation_id": "-", "session_id": "-", "timestamp": "2025-08-11T21:40:33.949402+00:00"}
{"asctime": "2025-08-11 23:40:33,949", "levelname": "INFO", "name": "AresGlobal.EnhancedTrainingManager", "message": "✅ All optimized tools initialized successfully", "correlation_id": "-", "session_id": "-", "timestamp": "2025-08-11T21:40:33.949804+00:00"}
{"asctime": "2025-08-11 23:40:33,950", "levelname": "INFO", "name": "AresGlobal.EnhancedTrainingManager", "message": "📂 Checkpoint loaded: step4_analyst_labeling_feature_engineering from checkpoints/BINANCE/ETHUSDT/1m/training_progress.json", "correlation_id": "-", "session_id": "-", "timestamp": "2025-08-11T21:40:33.951000+00:00"}
{"asctime": "2025-08-11 23:40:33,951", "levelname": "INFO", "name": "AresGlobal.EnhancedTrainingManager", "message": "🔄 Resuming from checkpoint...", "correlation_id": "-", "session_id": "-", "timestamp": "2025-08-11T21:40:33.951410+00:00"}
{"asctime": "2025-08-11 23:40:33,952", "levelname": "INFO", "name": "AresGlobal.EnhancedTrainingManager", "message": "📂 Last completed step: step4_analyst_labeling_feature_engineering", "correlation_id": "-", "session_id": "-", "timestamp": "2025-08-11T21:40:33.952245+00:00"}
{"asctime": "2025-08-11 23:40:33,952", "levelname": "INFO", "name": "AresGlobal.EnhancedTrainingManager", "message": "====================================================================================================", "correlation_id": "-", "session_id": "-", "timestamp": "2025-08-11T21:40:33.952879+00:00"}
{"asctime": "2025-08-11 23:40:33,953", "levelname": "INFO", "name": "AresGlobal.EnhancedTrainingManager", "message": "🚀 COMPREHENSIVE TRAINING PIPELINE START", "correlation_id": "-", "session_id": "-", "timestamp": "2025-08-11T21:40:33.953717+00:00"}
{"asctime": "2025-08-11 23:40:33,953", "levelname": "INFO", "name": "AresGlobal.EnhancedTrainingManager", "message": "====================================================================================================", "correlation_id": "-", "session_id": "-", "timestamp": "2025-08-11T21:40:33.954003+00:00"}
{"asctime": "2025-08-11 23:40:33,954", "levelname": "INFO", "name": "AresGlobal.EnhancedTrainingManager", "message": "📅 Started at: 2025-08-11 23:40:33", "correlation_id": "-", "session_id": "-", "timestamp": "2025-08-11T21:40:33.954478+00:00"}
{"asctime": "2025-08-11 23:40:33,954", "levelname": "INFO", "name": "AresGlobal.EnhancedTrainingManager", "message": "🎯 Symbol: ETHUSDT", "correlation_id": "-", "session_id": "-", "timestamp": "2025-08-11T21:40:33.954973+00:00"}
{"asctime": "2025-08-11 23:40:33,955", "levelname": "INFO", "name": "AresGlobal.EnhancedTrainingManager", "message": "🏢 Exchange: BINANCE", "correlation_id": "-", "session_id": "-", "timestamp": "2025-08-11T21:40:33.955265+00:00"}
{"asctime": "2025-08-11 23:40:33,955", "levelname": "INFO", "name": "AresGlobal.EnhancedTrainingManager", "message": "📊 Timeframe: 1m", "correlation_id": "-", "session_id": "-", "timestamp": "2025-08-11T21:40:33.955769+00:00"}
{"asctime": "2025-08-11 23:40:33,956", "levelname": "INFO", "name": "AresGlobal.EnhancedTrainingManager", "message": "🧠 Training Mode: Blank", "correlation_id": "-", "session_id": "-", "timestamp": "2025-08-11T21:40:33.956089+00:00"}
{"asctime": "2025-08-11 23:40:33,956", "levelname": "INFO", "name": "AresGlobal.EnhancedTrainingManager", "message": "🔧 Max Trials: 200", "correlation_id": "-", "session_id": "-", "timestamp": "2025-08-11T21:40:33.956501+00:00"}
{"asctime": "2025-08-11 23:40:33,956", "levelname": "INFO", "name": "AresGlobal.EnhancedTrainingManager", "message": "📈 Lookback Days: 180", "correlation_id": "-", "session_id": "-", "timestamp": "2025-08-11T21:40:33.956939+00:00"}
{"asctime": "2025-08-11 23:40:33,957", "levelname": "INFO", "name": "AresGlobal.EnhancedTrainingManager", "message": "💾 Memory Optimization: Enabled", "correlation_id": "-", "session_id": "-", "timestamp": "2025-08-11T21:40:33.957238+00:00"}
{"asctime": "2025-08-11 23:40:33,957", "levelname": "INFO", "name": "AresGlobal.EnhancedTrainingManager", "message": "🚀 Starting from step: step4_analyst_labeling_feature_engineering", "correlation_id": "-", "session_id": "-", "timestamp": "2025-08-11T21:40:33.957630+00:00"}
{"asctime": "2025-08-11 23:40:33,957", "levelname": "INFO", "name": "AresGlobal.EnhancedTrainingManager", "message": "====================================================================================================", "correlation_id": "-", "session_id": "-", "timestamp": "2025-08-11T21:40:33.958008+00:00"}
{"asctime": "2025-08-11 23:40:33,958", "levelname": "INFO", "name": "AresGlobal.EnhancedTrainingManager", "message": "⏭️  Skipping Step 1: Data Collection (using pre-consolidated data)", "correlation_id": "-", "session_id": "-", "timestamp": "2025-08-11T21:40:33.958319+00:00"}
{"asctime": "2025-08-11 23:40:33,958", "levelname": "INFO", "name": "AresGlobal.EnhancedTrainingManager", "message": "🎭 STEP 2: Market Regime Classification...", "correlation_id": "-", "session_id": "-", "timestamp": "2025-08-11T21:40:33.958509+00:00"}
{"asctime": "2025-08-11 23:40:33,958", "levelname": "INFO", "name": "AresGlobal.EnhancedTrainingManager", "message": "   🧠 Analyzing market regimes and volatility patterns...", "correlation_id": "-", "session_id": "-", "timestamp": "2025-08-11T21:40:33.958801+00:00"}
{"asctime": "2025-08-11 23:41:21,050", "levelname": "INFO", "name": "AresGlobal.EnhancedTrainingManager", "message": "🔍 Running validator for step2_market_regime_classification", "correlation_id": "-", "session_id": "-", "timestamp": "2025-08-11T21:41:21.050064+00:00"}
{"asctime": "2025-08-11 23:41:21,050", "levelname": "INFO", "name": "AresGlobal.ValidatorOrchestrator", "message": "🔍 Running validator for step2_market_regime_classification", "correlation_id": "-", "session_id": "-", "timestamp": "2025-08-11T21:41:21.050441+00:00"}
{"asctime": "2025-08-11 23:41:21,052", "levelname": "INFO", "name": "AresGlobal.Step2MarketRegimeClassificationValidator", "message": "🔍 Validating market regime classification step...", "correlation_id": "-", "session_id": "-", "timestamp": "2025-08-11T21:41:21.052286+00:00"}
{"asctime": "2025-08-11 23:41:21,052", "levelname": "INFO", "name": "AresGlobal.Step2MarketRegimeClassificationValidator", "message": "🔧 read_parquet start path=data/training/BINANCE_ETHUSDT_regime_classification.parquet columns=regime_columns", "correlation_id": "-", "session_id": "-", "timestamp": "2025-08-11T21:41:21.052888+00:00"}
{"asctime": "2025-08-11 23:41:21,073", "levelname": "INFO", "name": "AresGlobal.Step2MarketRegimeClassificationValidator", "message": "✅ read_parquet ok path=data/training/BINANCE_ETHUSDT_regime_classification.parquet elapsed=0.021s size=65.9KB", "correlation_id": "-", "session_id": "-", "timestamp": "2025-08-11T21:41:21.073549+00:00"}
{"asctime": "2025-08-11 23:41:21,075", "levelname": "WARNING", "name": "AresGlobal.Step2MarketRegimeClassificationValidator", "message": "⚠️ Regime distribution is imbalanced: 0.913 (max allowed: 0.850) - continuing with caution", "correlation_id": "-", "session_id": "-", "timestamp": "2025-08-11T21:41:21.075094+00:00"}
{"asctime": "2025-08-11 23:41:21,075", "levelname": "WARNING", "name": "AresGlobal.Step2MarketRegimeClassificationValidator", "message": "⚠️ Regime distribution validation failed - continuing with caution", "correlation_id": "-", "session_id": "-", "timestamp": "2025-08-11T21:41:21.075238+00:00"}
{"asctime": "2025-08-11 23:41:21,077", "levelname": "INFO", "name": "AresGlobal.Step2MarketRegimeClassificationValidator", "message": "✅ Regime transitions validation passed: 4 transition types", "correlation_id": "-", "session_id": "-", "timestamp": "2025-08-11T21:41:21.077267+00:00"}
{"asctime": "2025-08-11 23:41:21,077", "levelname": "INFO", "name": "AresGlobal.Step2MarketRegimeClassificationValidator", "message": "✅ Market regime classification validation passed (critical checks only)", "correlation_id": "-", "session_id": "-", "timestamp": "2025-08-11T21:41:21.077371+00:00"}
{"asctime": "2025-08-11 23:41:21,077", "levelname": "INFO", "name": "AresGlobal.ValidatorOrchestrator", "message": "✅ Validator for step2_market_regime_classification completed: True", "correlation_id": "-", "session_id": "-", "timestamp": "2025-08-11T21:41:21.077581+00:00"}
{"asctime": "2025-08-11 23:41:21,077", "levelname": "INFO", "name": "AresGlobal.EnhancedTrainingManager", "message": "✅ step2_market_regime_classification validation passed", "correlation_id": "-", "session_id": "-", "timestamp": "2025-08-11T21:41:21.077769+00:00"}
{"asctime": "2025-08-11 23:41:21,181", "levelname": "INFO", "name": "AresGlobal.EnhancedTrainingManager", "message": "✅ Step 2: Market Regime Classification: completed successfully in 47.12s", "correlation_id": "-", "session_id": "-", "timestamp": "2025-08-11T21:41:21.181808+00:00"}
{"asctime": "2025-08-11 23:41:21,182", "levelname": "INFO", "name": "AresGlobal.EnhancedTrainingManager", "message": "💾 Process Memory: 609.8 MB | CPU: 0.1%", "correlation_id": "-", "session_id": "-", "timestamp": "2025-08-11T21:41:21.182121+00:00"}
{"asctime": "2025-08-11 23:41:21,182", "levelname": "INFO", "name": "AresGlobal.EnhancedTrainingManager", "message": "🖥️ System Memory: 73.9% | Available: 4.2 GB", "correlation_id": "-", "session_id": "-", "timestamp": "2025-08-11T21:41:21.182258+00:00"}
{"asctime": "2025-08-11 23:41:21,182", "levelname": "INFO", "name": "AresGlobal.EnhancedTrainingManager", "message": "📊 Progress: 6.2% (1/16)", "correlation_id": "-", "session_id": "-", "timestamp": "2025-08-11T21:41:21.182382+00:00"}
{"asctime": "2025-08-11 23:41:21,184", "levelname": "INFO", "name": "AresGlobal.EnhancedTrainingManager", "message": "💾 Checkpoint saved: step2_market_regime_classification -> checkpoints/BINANCE/ETHUSDT/1m/training_progress.json", "correlation_id": "-", "session_id": "-", "timestamp": "2025-08-11T21:41:21.184535+00:00"}
{"asctime": "2025-08-11 23:41:21,184", "levelname": "INFO", "name": "AresGlobal.EnhancedTrainingManager", "message": "📊 STEP 3: Regime Data Splitting...", "correlation_id": "-", "session_id": "-", "timestamp": "2025-08-11T21:41:21.184706+00:00"}
{"asctime": "2025-08-11 23:41:21,184", "levelname": "INFO", "name": "AresGlobal.EnhancedTrainingManager", "message": "   📈 Splitting data by market regimes for specialized training...", "correlation_id": "-", "session_id": "-", "timestamp": "2025-08-11T21:41:21.184815+00:00"}
{"asctime": "2025-08-11 23:42:05,939", "levelname": "INFO", "name": "AresGlobal.EnhancedTrainingManager", "message": "🔍 Running validator for step3_regime_data_splitting", "correlation_id": "-", "session_id": "-", "timestamp": "2025-08-11T21:42:05.939657+00:00"}
{"asctime": "2025-08-11 23:42:05,940", "levelname": "INFO", "name": "AresGlobal.ValidatorOrchestrator", "message": "🔍 Running validator for step3_regime_data_splitting", "correlation_id": "-", "session_id": "-", "timestamp": "2025-08-11T21:42:05.940220+00:00"}
{"asctime": "2025-08-11 23:42:05,941", "levelname": "INFO", "name": "AresGlobal.Step3RegimeDataSplittingValidator", "message": "🔧 BLANK MODE: Using very lenient validation parameters", "correlation_id": "-", "session_id": "-", "timestamp": "2025-08-11T21:42:05.941834+00:00"}
{"asctime": "2025-08-11 23:42:05,941", "levelname": "INFO", "name": "AresGlobal.Step3RegimeDataSplittingValidator", "message": "🔍 Validating regime data splitting step...", "correlation_id": "-", "session_id": "-", "timestamp": "2025-08-11T21:42:05.942007+00:00"}
{"asctime": "2025-08-11 23:42:05,942", "levelname": "INFO", "name": "AresGlobal.Step3RegimeDataSplittingValidator", "message": "✅ All split data files exist", "correlation_id": "-", "session_id": "-", "timestamp": "2025-08-11T21:42:05.942152+00:00"}
{"asctime": "2025-08-11 23:42:05,942", "levelname": "INFO", "name": "AresGlobal.Step3RegimeDataSplittingValidator", "message": "🔧 read_parquet start path=data/training/BINANCE_ETHUSDT_train_data.parquet", "correlation_id": "-", "session_id": "-", "timestamp": "2025-08-11T21:42:05.942890+00:00"}
{"asctime": "2025-08-11 23:42:05,967", "levelname": "INFO", "name": "AresGlobal.Step3RegimeDataSplittingValidator", "message": "✅ read_parquet ok path=data/training/BINANCE_ETHUSDT_train_data.parquet elapsed=0.025s size=11.3MB", "correlation_id": "-", "session_id": "-", "timestamp": "2025-08-11T21:42:05.967686+00:00"}
{"asctime": "2025-08-11 23:42:06,256", "levelname": "INFO", "name": "AresGlobal.Step3RegimeDataSplittingValidator", "message": "✅ train split characteristics validation passed", "correlation_id": "-", "session_id": "-", "timestamp": "2025-08-11T21:42:06.256106+00:00"}
{"asctime": "2025-08-11 23:42:06,256", "levelname": "INFO", "name": "AresGlobal.Step3RegimeDataSplittingValidator", "message": "🔧 read_parquet start path=data/training/BINANCE_ETHUSDT_validation_data.parquet", "correlation_id": "-", "session_id": "-", "timestamp": "2025-08-11T21:42:06.256557+00:00"}
{"asctime": "2025-08-11 23:42:06,265", "levelname": "INFO", "name": "AresGlobal.Step3RegimeDataSplittingValidator", "message": "✅ read_parquet ok path=data/training/BINANCE_ETHUSDT_validation_data.parquet elapsed=0.009s size=2.6MB", "correlation_id": "-", "session_id": "-", "timestamp": "2025-08-11T21:42:06.265709+00:00"}
{"asctime": "2025-08-11 23:42:06,327", "levelname": "INFO", "name": "AresGlobal.Step3RegimeDataSplittingValidator", "message": "✅ validation split characteristics validation passed", "correlation_id": "-", "session_id": "-", "timestamp": "2025-08-11T21:42:06.328021+00:00"}
{"asctime": "2025-08-11 23:42:06,328", "levelname": "INFO", "name": "AresGlobal.Step3RegimeDataSplittingValidator", "message": "🔧 read_parquet start path=data/training/BINANCE_ETHUSDT_test_data.parquet", "correlation_id": "-", "session_id": "-", "timestamp": "2025-08-11T21:42:06.328344+00:00"}
{"asctime": "2025-08-11 23:42:06,335", "levelname": "INFO", "name": "AresGlobal.Step3RegimeDataSplittingValidator", "message": "✅ read_parquet ok path=data/training/BINANCE_ETHUSDT_test_data.parquet elapsed=0.007s size=2.2MB", "correlation_id": "-", "session_id": "-", "timestamp": "2025-08-11T21:42:06.335751+00:00"}
{"asctime": "2025-08-11 23:42:06,398", "levelname": "INFO", "name": "AresGlobal.Step3RegimeDataSplittingValidator", "message": "✅ test split characteristics validation passed", "correlation_id": "-", "session_id": "-", "timestamp": "2025-08-11T21:42:06.398235+00:00"}
{"asctime": "2025-08-11 23:42:06,398", "levelname": "INFO", "name": "AresGlobal.Step3RegimeDataSplittingValidator", "message": "✅ All split data quality validation passed", "correlation_id": "-", "session_id": "-", "timestamp": "2025-08-11T21:42:06.398500+00:00"}
{"asctime": "2025-08-11 23:42:06,405", "levelname": "INFO", "name": "AresGlobal.Step3RegimeDataSplittingValidator", "message": "✅ train proportion 0.799 within expected range (0.500-0.850)", "correlation_id": "-", "session_id": "-", "timestamp": "2025-08-11T21:42:06.405973+00:00"}
{"asctime": "2025-08-11 23:42:06,406", "levelname": "INFO", "name": "AresGlobal.Step3RegimeDataSplittingValidator", "message": "✅ validation proportion 0.100 within expected range (0.050-0.250)", "correlation_id": "-", "session_id": "-", "timestamp": "2025-08-11T21:42:06.406214+00:00"}
{"asctime": "2025-08-11 23:42:06,406", "levelname": "INFO", "name": "AresGlobal.Step3RegimeDataSplittingValidator", "message": "✅ test proportion 0.101 within expected range (0.050-0.250)", "correlation_id": "-", "session_id": "-", "timestamp": "2025-08-11T21:42:06.406318+00:00"}
{"asctime": "2025-08-11 23:42:06,406", "levelname": "INFO", "name": "AresGlobal.Step3RegimeDataSplittingValidator", "message": "✅ Split proportions validation passed: {'train': 0.7991587802313355, 'validation': 0.09989484752891693, 'test': 0.10094637223974763}", "correlation_id": "-", "session_id": "-", "timestamp": "2025-08-11T21:42:06.406425+00:00"}
{"asctime": "2025-08-11 23:42:06,407", "levelname": "INFO", "name": "AresGlobal.Step3RegimeDataSplittingValidator", "message": "✅ Split consistency validation passed", "correlation_id": "-", "session_id": "-", "timestamp": "2025-08-11T21:42:06.407857+00:00"}
{"asctime": "2025-08-11 23:42:06,408", "levelname": "INFO", "name": "AresGlobal.Step3RegimeDataSplittingValidator", "message": "✅ Regime data splitting validation passed (critical checks only)", "correlation_id": "-", "session_id": "-", "timestamp": "2025-08-11T21:42:06.408497+00:00"}
{"asctime": "2025-08-11 23:42:06,408", "levelname": "INFO", "name": "AresGlobal.ValidatorOrchestrator", "message": "✅ Validator for step3_regime_data_splitting completed: True", "correlation_id": "-", "session_id": "-", "timestamp": "2025-08-11T21:42:06.408607+00:00"}
{"asctime": "2025-08-11 23:42:06,408", "levelname": "INFO", "name": "AresGlobal.EnhancedTrainingManager", "message": "✅ step3_regime_data_splitting validation passed", "correlation_id": "-", "session_id": "-", "timestamp": "2025-08-11T21:42:06.408815+00:00"}
{"asctime": "2025-08-11 23:42:06,514", "levelname": "INFO", "name": "AresGlobal.EnhancedTrainingManager", "message": "✅ Step 3: Regime Data Splitting: completed successfully in 45.22s", "correlation_id": "-", "session_id": "-", "timestamp": "2025-08-11T21:42:06.514240+00:00"}
{"asctime": "2025-08-11 23:42:06,514", "levelname": "INFO", "name": "AresGlobal.EnhancedTrainingManager", "message": "💾 Process Memory: 870.8 MB | CPU: 0.0%", "correlation_id": "-", "session_id": "-", "timestamp": "2025-08-11T21:42:06.514544+00:00"}
{"asctime": "2025-08-11 23:42:06,514", "levelname": "INFO", "name": "AresGlobal.EnhancedTrainingManager", "message": "🖥️ System Memory: 74.0% | Available: 4.2 GB", "correlation_id": "-", "session_id": "-", "timestamp": "2025-08-11T21:42:06.514671+00:00"}
{"asctime": "2025-08-11 23:42:06,514", "levelname": "INFO", "name": "AresGlobal.EnhancedTrainingManager", "message": "📊 Progress: 12.5% (2/16)", "correlation_id": "-", "session_id": "-", "timestamp": "2025-08-11T21:42:06.514790+00:00"}
{"asctime": "2025-08-11 23:42:06,515", "levelname": "INFO", "name": "AresGlobal.EnhancedTrainingManager", "message": "💾 Checkpoint saved: step3_regime_data_splitting -> checkpoints/BINANCE/ETHUSDT/1m/training_progress.json", "correlation_id": "-", "session_id": "-", "timestamp": "2025-08-11T21:42:06.515708+00:00"}
{"asctime": "2025-08-11 23:42:06,515", "levelname": "INFO", "name": "AresGlobal.EnhancedTrainingManager", "message": "🧠 STEP 4: Analyst Labeling & Feature Engineering...", "correlation_id": "-", "session_id": "-", "timestamp": "2025-08-11T21:42:06.515900+00:00"}
{"asctime": "2025-08-11 23:42:06,591", "levelname": "INFO", "name": "AresGlobal.OptimizedTripleBarrierLabeling", "message": "🔖 Triple barrier labeling configured for binary classification (BUY/SELL only)", "correlation_id": "-", "session_id": "-", "timestamp": "2025-08-11T21:42:06.591354+00:00"}
{"asctime": "2025-08-11 23:42:06,591", "levelname": "INFO", "name": "AresGlobal.OptimizedTripleBarrierLabeling", "message": "   → HOLD samples will be automatically filtered out", "correlation_id": "-", "session_id": "-", "timestamp": "2025-08-11T21:42:06.591537+00:00"}
{"asctime": "2025-08-11 23:42:06,591", "levelname": "INFO", "name": "AresGlobal.OptimizedTripleBarrierLabeling", "message": "   → This addresses label imbalance issues", "correlation_id": "-", "session_id": "-", "timestamp": "2025-08-11T21:42:06.591649+00:00"}
{"asctime": "2025-08-11 23:47:35,924", "levelname": "INFO", "name": "AresGlobal.OptimizedTripleBarrierLabeling", "message": "Applying triple barrier labeling | cols=['timestamp', 'open', 'high', 'low', 'close', 'volume', 'year', 'month', 'day', 'exchange', 'symbol', 'timeframe', 'trade_volume', 'trade_count', 'avg_price', 'min_price', 'max_price', 'volume_ratio', 'funding_rate', 'close_returns', 'open_returns', 'high_returns', 'low_returns', 'close_log', 'open_log', 'high_log', 'low_log', 'close_detrended'] shape=(255967, 28)", "correlation_id": "-", "session_id": "-", "timestamp": "2025-08-11T21:47:35.924463+00:00"}
{"asctime": "2025-08-11 23:47:37,082", "levelname": "INFO", "name": "AresGlobal.OptimizedTripleBarrierLabeling", "message": "📊 Label distribution after filtering:", "correlation_id": "-", "session_id": "-", "timestamp": "2025-08-11T21:47:37.082932+00:00"}
{"asctime": "2025-08-11 23:47:37,086", "levelname": "INFO", "name": "AresGlobal.OptimizedTripleBarrierLabeling", "message": "   BUY (1): 89328 samples", "correlation_id": "-", "session_id": "-", "timestamp": "2025-08-11T21:47:37.086468+00:00"}
{"asctime": "2025-08-11 23:47:37,086", "levelname": "INFO", "name": "AresGlobal.OptimizedTripleBarrierLabeling", "message": "   SELL (-1): 166539 samples", "correlation_id": "-", "session_id": "-", "timestamp": "2025-08-11T21:47:37.086960+00:00"}
{"asctime": "2025-08-11 23:47:37,087", "levelname": "INFO", "name": "AresGlobal.OptimizedTripleBarrierLabeling", "message": "   HOLD (0): 100 samples (removed)", "correlation_id": "-", "session_id": "-", "timestamp": "2025-08-11T21:47:37.087082+00:00"}
{"asctime": "2025-08-11 23:47:37,087", "levelname": "INFO", "name": "AresGlobal.OptimizedTripleBarrierLabeling", "message": "   Total samples: 255867 (from 255967)", "correlation_id": "-", "session_id": "-", "timestamp": "2025-08-11T21:47:37.087181+00:00"}
{"asctime": "2025-08-11 23:47:37,087", "levelname": "INFO", "name": "AresGlobal.OptimizedTripleBarrierLabeling", "message": "   Filtering ratio: 0.0% HOLD samples removed", "correlation_id": "-", "session_id": "-", "timestamp": "2025-08-11T21:47:37.087277+00:00"}
{"asctime": "2025-08-11 23:47:37,096", "levelname": "INFO", "name": "AresGlobal.OptimizedTripleBarrierLabeling", "message": "", "correlation_id": "-", "session_id": "-", "msg": "Triple-barrier labeling diagnostics", "distribution": {"-1": "166539", "1": "89328"}, "long_nextbar_agree": 0.7655, "short_nextbar_agree": 0.6374, "overall_nextbar_agree": 0.6821, "timestamp": "2025-08-11T21:47:37.096766+00:00"}
{"asctime": "2025-08-11 23:52:18,617", "levelname": "INFO", "name": "AresGlobal.MemoryEfficientDataManager", "message": "Optimized DataFrame memory usage", "correlation_id": "-", "session_id": "-", "timestamp": "2025-08-11T21:52:18.617351+00:00"}
{"asctime": "2025-08-11 23:52:18,620", "levelname": "INFO", "name": "AresGlobal.MemoryEfficientDataManager", "message": "Optimized DataFrame memory usage", "correlation_id": "-", "session_id": "-", "timestamp": "2025-08-11T21:52:18.620321+00:00"}
{"asctime": "2025-08-11 23:52:18,623", "levelname": "INFO", "name": "AresGlobal.MemoryEfficientDataManager", "message": "Optimized DataFrame memory usage", "correlation_id": "-", "session_id": "-", "timestamp": "2025-08-11T21:52:18.623392+00:00"}
{"asctime": "2025-08-11 23:52:18,827", "levelname": "INFO", "name": "AresGlobal.MemoryEfficientDataManager", "message": "Optimized DataFrame memory usage", "correlation_id": "-", "session_id": "-", "timestamp": "2025-08-11T21:52:18.827549+00:00"}
{"asctime": "2025-08-11 23:52:18,832", "levelname": "INFO", "name": "AresGlobal.MemoryEfficientDataManager", "message": "Optimized DataFrame memory usage", "correlation_id": "-", "session_id": "-", "timestamp": "2025-08-11T21:52:18.832447+00:00"}
{"asctime": "2025-08-11 23:52:18,837", "levelname": "INFO", "name": "AresGlobal.MemoryEfficientDataManager", "message": "Optimized DataFrame memory usage", "correlation_id": "-", "session_id": "-", "timestamp": "2025-08-11T21:52:18.837118+00:00"}
{"asctime": "2025-08-11 23:52:19,258", "levelname": "INFO", "name": "AresGlobal.MemoryEfficientDataManager", "message": "Optimized DataFrame memory usage", "correlation_id": "-", "session_id": "-", "timestamp": "2025-08-11T21:52:19.258278+00:00"}
{"asctime": "2025-08-11 23:52:19,262", "levelname": "INFO", "name": "AresGlobal.MemoryEfficientDataManager", "message": "Optimized DataFrame memory usage", "correlation_id": "-", "session_id": "-", "timestamp": "2025-08-11T21:52:19.262169+00:00"}
{"asctime": "2025-08-11 23:52:19,266", "levelname": "INFO", "name": "AresGlobal.MemoryEfficientDataManager", "message": "Optimized DataFrame memory usage", "correlation_id": "-", "session_id": "-", "timestamp": "2025-08-11T21:52:19.266973+00:00"}
{"asctime": "2025-08-11 23:52:19,499", "levelname": "INFO", "name": "AresGlobal.MemoryEfficientDataManager", "message": "Optimized DataFrame memory usage", "correlation_id": "-", "session_id": "-", "timestamp": "2025-08-11T21:52:19.499108+00:00"}
{"asctime": "2025-08-11 23:52:19,501", "levelname": "INFO", "name": "AresGlobal.MemoryEfficientDataManager", "message": "Optimized DataFrame memory usage", "correlation_id": "-", "session_id": "-", "timestamp": "2025-08-11T21:52:19.501279+00:00"}
{"asctime": "2025-08-11 23:52:19,503", "levelname": "INFO", "name": "AresGlobal.MemoryEfficientDataManager", "message": "Optimized DataFrame memory usage", "correlation_id": "-", "session_id": "-", "timestamp": "2025-08-11T21:52:19.503102+00:00"}
{"asctime": "2025-08-11 23:52:20,205", "levelname": "INFO", "name": "AresGlobal.EnhancedTrainingManager", "message": "💾 Checkpoint saved: step4_analyst_labeling_feature_engineering -> checkpoints/BINANCE/ETHUSDT/1m/training_progress.json", "correlation_id": "-", "session_id": "-", "timestamp": "2025-08-11T21:52:20.205233+00:00"}
{"asctime": "2025-08-11 23:52:20,374", "levelname": "INFO", "name": "AresGlobal.EnhancedTrainingManager", "message": "🧹 Memory optimization: 1155.4 MB before cleanup", "correlation_id": "-", "session_id": "-", "timestamp": "2025-08-11T21:52:20.374793+00:00"}
{"asctime": "2025-08-11 23:52:20,484", "levelname": "INFO", "name": "AresGlobal.EnhancedTrainingManager", "message": "🧹 Memory optimization: 1155.4 MB after cleanup (saved 0.0 MB)", "correlation_id": "-", "session_id": "-", "timestamp": "2025-08-11T21:52:20.484054+00:00"}
{"asctime": "2025-08-11 23:52:20,484", "levelname": "INFO", "name": "AresGlobal.EnhancedTrainingManager", "message": "🔍 Running validator for step4_analyst_labeling_feature_engineering", "correlation_id": "-", "session_id": "-", "timestamp": "2025-08-11T21:52:20.484304+00:00"}
{"asctime": "2025-08-11 23:52:20,484", "levelname": "INFO", "name": "AresGlobal.ValidatorOrchestrator", "message": "🔍 Running validator for step4_analyst_labeling_feature_engineering", "correlation_id": "-", "session_id": "-", "timestamp": "2025-08-11T21:52:20.484415+00:00"}
{"asctime": "2025-08-11 23:52:20,485", "levelname": "INFO", "name": "AresGlobal.Step4AnalystLabelingFeatureEngineeringValidator", "message": "🔍 Validating analyst labeling and feature engineering step...", "correlation_id": "-", "session_id": "-", "timestamp": "2025-08-11T21:52:20.485973+00:00"}
{"asctime": "2025-08-11 23:52:20,586", "levelname": "INFO", "name": "AresGlobal.Step4AnalystLabelingFeatureEngineeringValidator", "message": "✅ Feature engineering outputs validation passed", "correlation_id": "-", "session_id": "-", "timestamp": "2025-08-11T21:52:20.586068+00:00"}
{"asctime": "2025-08-11 23:52:20,598", "levelname": "INFO", "name": "AresGlobal.Step4AnalystLabelingFeatureEngineeringValidator", "message": "✅ Labeling quality validation passed", "correlation_id": "-", "session_id": "-", "timestamp": "2025-08-11T21:52:20.598572+00:00"}
{"asctime": "2025-08-11 23:52:21,142", "levelname": "WARNING", "name": "AresGlobal.Step4AnalystLabelingFeatureEngineeringValidator", "message": "⚠️ Found 1 constant features - this should be 0. Examples: ['nearest_support_distance']", "correlation_id": "-", "session_id": "-", "timestamp": "2025-08-11T21:52:21.142627+00:00"}
{"asctime": "2025-08-11 23:52:21,220", "levelname": "WARNING", "name": "AresGlobal.Step4AnalystLabelingFeatureEngineeringValidator", "message": "⚠️ Found 2 constant features - this should be 0. Examples: ['nearest_support_distance', 'adaptive_sma']", "correlation_id": "-", "session_id": "-", "timestamp": "2025-08-11T21:52:21.220160+00:00"}
{"asctime": "2025-08-11 23:52:21,291", "levelname": "INFO", "name": "AresGlobal.Step4AnalystLabelingFeatureEngineeringValidator", "message": "✅ Feature quality validation passed", "correlation_id": "-", "session_id": "-", "timestamp": "2025-08-11T21:52:21.291022+00:00"}
{"asctime": "2025-08-11 23:52:21,302", "levelname": "INFO", "name": "AresGlobal.Step4AnalystLabelingFeatureEngineeringValidator", "message": "✅ Data balance validation passed", "correlation_id": "-", "session_id": "-", "timestamp": "2025-08-11T21:52:21.302527+00:00"}
{"asctime": "2025-08-11 23:52:21,304", "levelname": "INFO", "name": "AresGlobal.Step4AnalystLabelingFeatureEngineeringValidator", "message": "✅ Analyst labeling and feature engineering validation passed (critical checks only)", "correlation_id": "-", "session_id": "-", "timestamp": "2025-08-11T21:52:21.304776+00:00"}
{"asctime": "2025-08-11 23:52:21,305", "levelname": "INFO", "name": "AresGlobal.ValidatorOrchestrator", "message": "✅ Validator for step4_analyst_labeling_feature_engineering completed: True", "correlation_id": "-", "session_id": "-", "timestamp": "2025-08-11T21:52:21.305053+00:00"}
{"asctime": "2025-08-11 23:52:21,305", "levelname": "INFO", "name": "AresGlobal.EnhancedTrainingManager", "message": "✅ step4_analyst_labeling_feature_engineering validation passed", "correlation_id": "-", "session_id": "-", "timestamp": "2025-08-11T21:52:21.305316+00:00"}
{"asctime": "2025-08-11 23:52:21,409", "levelname": "INFO", "name": "AresGlobal.EnhancedTrainingManager", "message": "✅ Step 4: Analyst Labeling & Feature Engineering: completed successfully in 614.79s", "correlation_id": "-", "session_id": "-", "timestamp": "2025-08-11T21:52:21.409824+00:00"}
{"asctime": "2025-08-11 23:52:21,410", "levelname": "INFO", "name": "AresGlobal.EnhancedTrainingManager", "message": "💾 Process Memory: 1234.0 MB | CPU: 0.0%", "correlation_id": "-", "session_id": "-", "timestamp": "2025-08-11T21:52:21.410103+00:00"}
{"asctime": "2025-08-11 23:52:21,410", "levelname": "INFO", "name": "AresGlobal.EnhancedTrainingManager", "message": "🖥️ System Memory: 75.7% | Available: 3.9 GB", "correlation_id": "-", "session_id": "-", "timestamp": "2025-08-11T21:52:21.410318+00:00"}
{"asctime": "2025-08-11 23:52:21,410", "levelname": "INFO", "name": "AresGlobal.EnhancedTrainingManager", "message": "📊 Progress: 18.8% (3/16)", "correlation_id": "-", "session_id": "-", "timestamp": "2025-08-11T21:52:21.410501+00:00"}
{"asctime": "2025-08-11 23:52:21,410", "levelname": "INFO", "name": "AresGlobal.EnhancedTrainingManager", "message": "🎯 STEP 5: Analyst Specialist Training...", "correlation_id": "-", "session_id": "-", "timestamp": "2025-08-11T21:52:21.410779+00:00"}
{"asctime": "2025-08-11 23:52:54,208", "levelname": "INFO", "name": "AresGlobal.AresLauncher", "message": "🧹 Cleaning up processes...", "correlation_id": "-", "session_id": "-", "timestamp": "2025-08-11T21:52:54.208629+00:00"}
{"asctime": "2025-08-11 23:52:54,209", "levelname": "INFO", "name": "AresGlobal.AresLauncher", "message": "✅ Cleanup completed", "correlation_id": "-", "session_id": "-", "timestamp": "2025-08-11T21:52:54.209687+00:00"}
