{"asctime": "2025-08-11 13:53:09,260", "levelname": "INFO", "name": "AresTradingSystem", "message": "✅ Enhanced Logger initialization completed successfully", "correlation_id": "-", "session_id": "-", "timestamp": "2025-08-11T11:53:09.260151+00:00"}
{"asctime": "2025-08-11 13:53:09,266", "levelname": "INFO", "name": "AresTradingSystem.System.VectorizedAdvancedFeatureEngineering", "message": "🚀 Initializing vectorized advanced feature engineering...", "correlation_id": "-", "session_id": "-", "timestamp": "2025-08-11T11:53:09.266325+00:00"}
{"asctime": "2025-08-11 13:53:09,266", "levelname": "INFO", "name": "AresTradingSystem.System.WaveletFeatureCache", "message": "✅ Cache directory initialized: data/wavelet_cache", "correlation_id": "-", "session_id": "-", "timestamp": "2025-08-11T11:53:09.266845+00:00"}
{"asctime": "2025-08-11 13:53:09,267", "levelname": "INFO", "name": "AresTradingSystem.System.VectorizedVolatilityRegimeModel", "message": "🚀 Initializing vectorized volatility regime model...", "correlation_id": "-", "session_id": "-", "timestamp": "2025-08-11T11:53:09.267211+00:00"}
{"asctime": "2025-08-11 13:53:09,267", "levelname": "INFO", "name": "AresTradingSystem.System.VectorizedVolatilityRegimeModel", "message": "✅ Vectorized volatility regime model initialized successfully", "correlation_id": "-", "session_id": "-", "timestamp": "2025-08-11T11:53:09.267397+00:00"}
{"asctime": "2025-08-11 13:53:09,267", "levelname": "INFO", "name": "AresTradingSystem.System.VectorizedCorrelationAnalyzer", "message": "🚀 Initializing vectorized correlation analyzer...", "correlation_id": "-", "session_id": "-", "timestamp": "2025-08-11T11:53:09.267758+00:00"}
{"asctime": "2025-08-11 13:53:09,267", "levelname": "INFO", "name": "AresTradingSystem.System.VectorizedCorrelationAnalyzer", "message": "✅ Vectorized correlation analyzer initialized successfully", "correlation_id": "-", "session_id": "-", "timestamp": "2025-08-11T11:53:09.267984+00:00"}
{"asctime": "2025-08-11 13:53:09,268", "levelname": "INFO", "name": "AresTradingSystem.System.VectorizedMomentumAnalyzer", "message": "🚀 Initializing vectorized momentum analyzer...", "correlation_id": "-", "session_id": "-", "timestamp": "2025-08-11T11:53:09.268251+00:00"}
{"asctime": "2025-08-11 13:53:09,268", "levelname": "INFO", "name": "AresTradingSystem.System.VectorizedMomentumAnalyzer", "message": "✅ Vectorized momentum analyzer initialized successfully", "correlation_id": "-", "session_id": "-", "timestamp": "2025-08-11T11:53:09.268445+00:00"}
{"asctime": "2025-08-11 13:53:09,268", "levelname": "INFO", "name": "AresTradingSystem.System.VectorizedLiquidityAnalyzer", "message": "🚀 Initializing vectorized liquidity analyzer...", "correlation_id": "-", "session_id": "-", "timestamp": "2025-08-11T11:53:09.268556+00:00"}
{"asctime": "2025-08-11 13:53:09,268", "levelname": "INFO", "name": "AresTradingSystem.System.VectorizedLiquidityAnalyzer", "message": "✅ Vectorized liquidity analyzer initialized successfully", "correlation_id": "-", "session_id": "-", "timestamp": "2025-08-11T11:53:09.268831+00:00"}
{"asctime": "2025-08-11 13:53:09,268", "levelname": "INFO", "name": "AresTradingSystem.System.VectorizedCandlestickPatternAnalyzer", "message": "🚀 Initializing vectorized candlestick pattern analyzer...", "correlation_id": "-", "session_id": "-", "timestamp": "2025-08-11T11:53:09.268952+00:00"}
{"asctime": "2025-08-11 13:53:09,269", "levelname": "INFO", "name": "AresTradingSystem.System.VectorizedCandlestickPatternAnalyzer", "message": "✅ Vectorized candlestick pattern analyzer initialized successfully", "correlation_id": "-", "session_id": "-", "timestamp": "2025-08-11T11:53:09.269203+00:00"}
{"asctime": "2025-08-11 13:53:09,269", "levelname": "INFO", "name": "AresTradingSystem.System.VectorizedSRDistanceCalculator", "message": "🚀 Initializing vectorized S/R distance calculator...", "correlation_id": "-", "session_id": "-", "timestamp": "2025-08-11T11:53:09.269371+00:00"}
{"asctime": "2025-08-11 13:53:09,269", "levelname": "INFO", "name": "AresTradingSystem.System.VectorizedSRDistanceCalculator", "message": "✅ Vectorized S/R distance calculator initialized successfully", "correlation_id": "-", "session_id": "-", "timestamp": "2025-08-11T11:53:09.269463+00:00"}
{"asctime": "2025-08-11 13:53:09,269", "levelname": "INFO", "name": "AresTradingSystem.System.VectorizedWaveletTransformAnalyzer", "message": "🚀 Initializing enhanced vectorized wavelet transform analyzer...", "correlation_id": "-", "session_id": "-", "timestamp": "2025-08-11T11:53:09.269589+00:00"}
{"asctime": "2025-08-11 13:53:09,270", "levelname": "INFO", "name": "AresTradingSystem.System.VectorizedWaveletTransformAnalyzer", "message": "✅ Enhanced vectorized wavelet transform analyzer initialized successfully", "correlation_id": "-", "session_id": "-", "timestamp": "2025-08-11T11:53:09.270088+00:00"}
{"asctime": "2025-08-11 13:53:09,270", "levelname": "INFO", "name": "AresTradingSystem.System.VectorizedWaveletTransformAnalyzer", "message": "📊 Configuration: padding_mode=symmetric, cwt_scale_method=logarithmic, max_features_per_wavelet=40", "correlation_id": "-", "session_id": "-", "timestamp": "2025-08-11T11:53:09.270282+00:00"}
{"asctime": "2025-08-11 13:53:09,271", "levelname": "INFO", "name": "AresTradingSystem.System.MetaLabelingSystem", "message": "🚀 Initializing meta-labeling system...", "correlation_id": "-", "session_id": "-", "timestamp": "2025-08-11T11:53:09.271484+00:00"}
{"asctime": "2025-08-11 13:53:09,271", "levelname": "INFO", "name": "AresTradingSystem.System.MetaLabelingSystem", "message": "✅ Meta-labeling system initialized successfully", "correlation_id": "-", "session_id": "-", "timestamp": "2025-08-11T11:53:09.271617+00:00"}
{"asctime": "2025-08-11 13:53:09,271", "levelname": "INFO", "name": "AresTradingSystem.System.VectorizedAdvancedFeatureEngineering", "message": "✅ Vectorized advanced feature engineering initialized successfully", "correlation_id": "-", "session_id": "-", "timestamp": "2025-08-11T11:53:09.271700+00:00"}
