2025-08-07 22:44:55,030 - AresTradingSystem - INFO - ✅ Enhanced Logger initialization completed successfully
2025-08-07 22:44:55,049 - AresTradingSystem.System - INFO - Using device: MPS for PyTorch operations.
2025-08-07 22:44:55,049 - AresTradingSystem.System - INFO - Initializing Analyst Enhancement Step...
2025-08-07 22:44:55,049 - AresTradingSystem.System - INFO - Analyst Enhancement Step initialized successfully.
2025-08-07 22:44:55,049 - AresTradingSystem.System - INFO - 🔄 Executing Analyst Enhancement...
2025-08-07 22:44:55,073 - AresTradingSystem.System - INFO - --- Enhancing models for regime: BULL ---
2025-08-07 22:44:55,073 - AresTradingSystem.System - INFO - Loading data for regime 'BULL'...
2025-08-07 22:44:55,075 - AresTradingSystem.System - WARNING - No target column found in regime data. Available columns: ['value', 'index']
2025-08-07 22:44:55,075 - AresTradingSystem.System - WARNING - Creating dummy target - this may not be suitable for training
2025-08-07 22:44:55,076 - AresTradingSystem.System - INFO - Data loaded and split: X_train shape (800, 2), X_val shape (200, 2)
2025-08-07 22:44:55,076 - AresTradingSystem.System - INFO - Enhancing xgboost for BULL...
2025-08-07 22:44:55,076 - AresTradingSystem.System - INFO - Original model accuracy: 0.8399370026525199
2025-08-07 22:44:55,076 - AresTradingSystem.System - INFO - Running Optuna HPO with pruning for xgboost...
2025-08-07 22:46:44,531 - AresTradingSystem.System - INFO - HPO complete. Best score: 0.5800
2025-08-07 22:46:44,688 - AresTradingSystem.System - INFO - Selecting optimal features using SHAP...
2025-08-07 22:46:47,127 - AresTradingSystem.System - WARNING - SHAP analysis failed: Your currently installed version of Keras is Keras 3, but this is not yet supported in Transformers. Please install the backwards-compatible tf-keras package with `pip install tf-keras`.. Using all features.
2025-08-07 22:46:47,128 - AresTradingSystem.System - INFO - Retraining final model with 2 optimal features...
2025-08-07 22:46:47,288 - AresTradingSystem.System - INFO - Enhanced model accuracy: 0.5800
2025-08-07 22:46:47,289 - AresTradingSystem.System - INFO - Enhancing svm for BULL...
2025-08-07 22:46:47,289 - AresTradingSystem.System - INFO - Original model accuracy: 0.5370523872679045
2025-08-07 22:46:47,289 - AresTradingSystem.System - INFO - Running Optuna HPO with pruning for svm...
2025-08-07 22:46:47,297 - AresTradingSystem.System - ERROR - ❌ Error in Analyst Enhancement after 112.25s: BaseLibSVM.fit() got an unexpected keyword argument 'eval_set'
Traceback (most recent call last):
  File "/Users/remyroche/Documents/Ares/src/training/steps/step6_analyst_enhancement.py", line 105, in execute
    enhanced_model_package = await self._enhance_single_model(
                             ^^^^^^^^^^^^^^^^^^^^^^^^^^^^^^^^^
  File "/Users/remyroche/Documents/Ares/src/training/steps/step6_analyst_enhancement.py", line 225, in _enhance_single_model
    best_params, hpo_score = await self._apply_hyperparameter_optimization(
                             ^^^^^^^^^^^^^^^^^^^^^^^^^^^^^^^^^^^^^^^^^^^^^^
  File "/Users/remyroche/Documents/Ares/src/training/steps/step6_analyst_enhancement.py", line 367, in _apply_hyperparameter_optimization
    await asyncio.to_thread(study.optimize, objective, n_trials=100, n_jobs=-1)
  File "/opt/homebrew/Caskroom/miniforge/base/lib/python3.12/asyncio/threads.py", line 25, in to_thread
    return await loop.run_in_executor(None, func_call)
           ^^^^^^^^^^^^^^^^^^^^^^^^^^^^^^^^^^^^^^^^^^^
  File "/opt/homebrew/Caskroom/miniforge/base/lib/python3.12/concurrent/futures/thread.py", line 59, in run
    result = self.fn(*self.args, **self.kwargs)
             ^^^^^^^^^^^^^^^^^^^^^^^^^^^^^^^^^^
  File "/opt/homebrew/Caskroom/miniforge/base/lib/python3.12/site-packages/optuna/study/study.py", line 489, in optimize
    _optimize(
  File "/opt/homebrew/Caskroom/miniforge/base/lib/python3.12/site-packages/optuna/study/_optimize.py", line 101, in _optimize
    f.result()
  File "/opt/homebrew/Caskroom/miniforge/base/lib/python3.12/concurrent/futures/_base.py", line 449, in result
    return self.__get_result()
           ^^^^^^^^^^^^^^^^^^^
  File "/opt/homebrew/Caskroom/miniforge/base/lib/python3.12/concurrent/futures/_base.py", line 401, in __get_result
    raise self._exception
  File "/opt/homebrew/Caskroom/miniforge/base/lib/python3.12/concurrent/futures/thread.py", line 59, in run
    result = self.fn(*self.args, **self.kwargs)
             ^^^^^^^^^^^^^^^^^^^^^^^^^^^^^^^^^^
  File "/opt/homebrew/Caskroom/miniforge/base/lib/python3.12/site-packages/optuna/study/_optimize.py", line 161, in _optimize_sequential
    frozen_trial = _run_trial(study, func, catch)
                   ^^^^^^^^^^^^^^^^^^^^^^^^^^^^^^
  File "/opt/homebrew/Caskroom/miniforge/base/lib/python3.12/site-packages/optuna/study/_optimize.py", line 253, in _run_trial
    raise func_err
  File "/opt/homebrew/Caskroom/miniforge/base/lib/python3.12/site-packages/optuna/study/_optimize.py", line 201, in _run_trial
    value_or_values = func(trial)
                      ^^^^^^^^^^^
  File "/Users/remyroche/Documents/Ares/src/training/steps/step6_analyst_enhancement.py", line 355, in objective
    model.fit(X_train, y_train,
  File "/opt/homebrew/Caskroom/miniforge/base/lib/python3.12/site-packages/sklearn/base.py", line 1365, in wrapper
    return fit_method(estimator, *args, **kwargs)
           ^^^^^^^^^^^^^^^^^^^^^^^^^^^^^^^^^^^^^^
TypeError: BaseLibSVM.fit() got an unexpected keyword argument 'eval_set'
