{"asctime": "2025-08-10 00:40:11,354", "levelname": "INFO", "name": "AresGlobal", "message": "================================================================================", "correlation_id": "-", "session_id": "-", "timestamp": "2025-08-09T22:40:11.354641+00:00"}
{"asctime": "2025-08-10 00:40:11,354", "levelname": "INFO", "name": "AresGlobal", "message": "📊 SESSION SUMMARY", "correlation_id": "-", "session_id": "-", "timestamp": "2025-08-09T22:40:11.354985+00:00"}
{"asctime": "2025-08-10 00:40:11,355", "levelname": "INFO", "name": "AresGlobal", "message": "Session started: 2025-08-10 00:40:11", "correlation_id": "-", "session_id": "-", "timestamp": "2025-08-09T22:40:11.355240+00:00"}
{"asctime": "2025-08-10 00:40:11,355", "levelname": "INFO", "name": "AresGlobal", "message": "This file contains ALL logs for this session", "correlation_id": "-", "session_id": "-", "timestamp": "2025-08-09T22:40:11.355421+00:00"}
{"asctime": "2025-08-10 00:40:11,355", "levelname": "INFO", "name": "AresGlobal", "message": "================================================================================", "correlation_id": "-", "session_id": "-", "timestamp": "2025-08-09T22:40:11.355608+00:00"}
{"asctime": "2025-08-10 00:40:11,357", "levelname": "INFO", "name": "AresGlobal", "message": "Applied NumPy RNG unpickle compatibility shim (ModelManager)", "correlation_id": "-", "session_id": "-", "timestamp": "2025-08-09T22:40:11.357175+00:00"}
{"asctime": "2025-08-10 00:40:11,357", "levelname": "INFO", "name": "AresGlobal", "message": "[SYSTEM] ================================================================================", "correlation_id": "-", "session_id": "-", "timestamp": "2025-08-09T22:40:11.357553+00:00"}
{"asctime": "2025-08-10 00:40:11,357", "levelname": "INFO", "name": "AresGlobal", "message": "[SYSTEM] 🚀 ARES LAUNCHER STARTED - Mode: INITIALIZATION", "correlation_id": "-", "session_id": "-", "timestamp": "2025-08-09T22:40:11.357929+00:00"}
{"asctime": "2025-08-10 00:40:11,358", "levelname": "INFO", "name": "AresGlobal", "message": "[SYSTEM] Start time: 2025-08-10 00:40:11", "correlation_id": "-", "session_id": "-", "timestamp": "2025-08-09T22:40:11.358266+00:00"}
{"asctime": "2025-08-10 00:40:11,358", "levelname": "INFO", "name": "AresGlobal", "message": "[SYSTEM] Log directory: log", "correlation_id": "-", "session_id": "-", "timestamp": "2025-08-09T22:40:11.358606+00:00"}
{"asctime": "2025-08-10 00:40:11,358", "levelname": "INFO", "name": "AresGlobal", "message": "[SYSTEM] ================================================================================", "correlation_id": "-", "session_id": "-", "timestamp": "2025-08-09T22:40:11.358795+00:00"}
{"asctime": "2025-08-10 00:40:11,359", "levelname": "INFO", "name": "AresGlobal.AresLauncher", "message": "================================================================================", "correlation_id": "-", "session_id": "-", "timestamp": "2025-08-09T22:40:11.359079+00:00"}
{"asctime": "2025-08-10 00:40:11,359", "levelname": "INFO", "name": "AresGlobal.AresLauncher", "message": "🚀 ARES COMPREHENSIVE LAUNCHER", "correlation_id": "-", "session_id": "-", "timestamp": "2025-08-09T22:40:11.359184+00:00"}
{"asctime": "2025-08-10 00:40:11,359", "levelname": "INFO", "name": "AresGlobal.AresLauncher", "message": "================================================================================", "correlation_id": "-", "session_id": "-", "timestamp": "2025-08-09T22:40:11.359279+00:00"}
{"asctime": "2025-08-10 00:40:11,359", "levelname": "INFO", "name": "AresGlobal.AresLauncher", "message": "Start time: 2025-08-10 00:40:11", "correlation_id": "-", "session_id": "-", "timestamp": "2025-08-09T22:40:11.359419+00:00"}
{"asctime": "2025-08-10 00:40:11,359", "levelname": "INFO", "name": "AresGlobal.AresLauncher", "message": "Log directory: log", "correlation_id": "-", "session_id": "-", "timestamp": "2025-08-09T22:40:11.359782+00:00"}
{"asctime": "2025-08-10 00:40:11,359", "levelname": "INFO", "name": "AresGlobal.AresLauncher", "message": "Log level: INFO", "correlation_id": "-", "session_id": "-", "timestamp": "2025-08-09T22:40:11.359884+00:00"}
{"asctime": "2025-08-10 00:40:11,360", "levelname": "INFO", "name": "AresGlobal.AresLauncher", "message": "Global log file: ares_global_20250810_004011.log", "correlation_id": "-", "session_id": "-", "timestamp": "2025-08-09T22:40:11.360002+00:00"}
{"asctime": "2025-08-10 00:40:11,360", "levelname": "INFO", "name": "AresGlobal.AresLauncher", "message": "================================================================================", "correlation_id": "-", "session_id": "-", "timestamp": "2025-08-09T22:40:11.360088+00:00"}
{"asctime": "2025-08-10 00:40:11,360", "levelname": "INFO", "name": "AresGlobal", "message": "[SYSTEM] ================================================================================", "correlation_id": "bcfaa2f8-17a1-4772-9f76-dcf59bac9f59", "session_id": "b3fd75a0-658d-4431-ba5e-4aabb751391d", "timestamp": "2025-08-09T22:40:11.360683+00:00"}
{"asctime": "2025-08-10 00:40:11,360", "levelname": "INFO", "name": "AresGlobal", "message": "[SYSTEM] 🚀 ARES LAUNCHER STARTED - Mode: load - Symbol: ETHUSDT - Exchange: BINANCE", "correlation_id": "bcfaa2f8-17a1-4772-9f76-dcf59bac9f59", "session_id": "b3fd75a0-658d-4431-ba5e-4aabb751391d", "timestamp": "2025-08-09T22:40:11.360890+00:00"}
{"asctime": "2025-08-10 00:40:11,361", "levelname": "INFO", "name": "AresGlobal", "message": "[SYSTEM] Start time: 2025-08-10 00:40:11", "correlation_id": "bcfaa2f8-17a1-4772-9f76-dcf59bac9f59", "session_id": "b3fd75a0-658d-4431-ba5e-4aabb751391d", "timestamp": "2025-08-09T22:40:11.361124+00:00"}
{"asctime": "2025-08-10 00:40:11,361", "levelname": "INFO", "name": "AresGlobal", "message": "[SYSTEM] Log directory: log", "correlation_id": "bcfaa2f8-17a1-4772-9f76-dcf59bac9f59", "session_id": "b3fd75a0-658d-4431-ba5e-4aabb751391d", "timestamp": "2025-08-09T22:40:11.361300+00:00"}
{"asctime": "2025-08-10 00:40:11,361", "levelname": "INFO", "name": "AresGlobal", "message": "[SYSTEM] ================================================================================", "correlation_id": "bcfaa2f8-17a1-4772-9f76-dcf59bac9f59", "session_id": "b3fd75a0-658d-4431-ba5e-4aabb751391d", "timestamp": "2025-08-09T22:40:11.361553+00:00"}
{"asctime": "2025-08-10 00:40:11,361", "levelname": "INFO", "name": "AresGlobal.AresLauncher", "message": "🔄 Starting data loading for ETHUSDT on BINANCE", "correlation_id": "bcfaa2f8-17a1-4772-9f76-dcf59bac9f59", "session_id": "b3fd75a0-658d-4431-ba5e-4aabb751391d", "timestamp": "2025-08-09T22:40:11.361676+00:00"}
{"asctime": "2025-08-10 00:40:11,361", "levelname": "INFO", "name": "AresGlobal.AresLauncher", "message": "📥 Step 1: Downloading data...", "correlation_id": "bcfaa2f8-17a1-4772-9f76-dcf59bac9f59", "session_id": "b3fd75a0-658d-4431-ba5e-4aabb751391d", "timestamp": "2025-08-09T22:40:11.361852+00:00"}
{"asctime": "2025-08-10 00:40:11,361", "levelname": "INFO", "name": "AresGlobal.AresLauncher", "message": "🔧 Running download command: /opt/homebrew/Caskroom/miniforge/base/bin/python backtesting/ares_data_downloader_clean.py --symbol ETHUSDT --exchange BINANCE --lookback-years 2", "correlation_id": "bcfaa2f8-17a1-4772-9f76-dcf59bac9f59", "session_id": "b3fd75a0-658d-4431-ba5e-4aabb751391d", "timestamp": "2025-08-09T22:40:11.361963+00:00"}
{"asctime": "2025-08-10 00:40:32,127", "levelname": "INFO", "name": "AresGlobal.AresLauncher", "message": "✅ Data download completed successfully", "correlation_id": "bcfaa2f8-17a1-4772-9f76-dcf59bac9f59", "session_id": "b3fd75a0-658d-4431-ba5e-4aabb751391d", "timestamp": "2025-08-09T22:40:32.127718+00:00"}
{"asctime": "2025-08-10 00:40:32,128", "levelname": "INFO", "name": "AresGlobal.AresLauncher", "message": "🔄 Step 2: Consolidating data...", "correlation_id": "bcfaa2f8-17a1-4772-9f76-dcf59bac9f59", "session_id": "b3fd75a0-658d-4431-ba5e-4aabb751391d", "timestamp": "2025-08-09T22:40:32.128702+00:00"}
{"asctime": "2025-08-10 00:40:32,129", "levelname": "INFO", "name": "AresGlobal.AresLauncher", "message": "🔧 Running consolidation command: /opt/homebrew/Caskroom/miniforge/base/bin/python src/training/steps/step1_data_collection.py ETHUSDT BINANCE 1000 data_cache 730", "correlation_id": "bcfaa2f8-17a1-4772-9f76-dcf59bac9f59", "session_id": "b3fd75a0-658d-4431-ba5e-4aabb751391d", "timestamp": "2025-08-09T22:40:32.129211+00:00"}
{"asctime": "2025-08-10 00:40:32,129", "levelname": "INFO", "name": "AresGlobal.AresLauncher", "message": "📂 Consolidation CWD: /Users/remyroche/Documents/Ares", "correlation_id": "bcfaa2f8-17a1-4772-9f76-dcf59bac9f59", "session_id": "b3fd75a0-658d-4431-ba5e-4aabb751391d", "timestamp": "2025-08-09T22:40:32.129564+00:00"}
{"asctime": "2025-08-10 00:40:32,129", "levelname": "INFO", "name": "AresGlobal.AresLauncher", "message": "🐍 Python executable: /opt/homebrew/Caskroom/miniforge/base/bin/python", "correlation_id": "bcfaa2f8-17a1-4772-9f76-dcf59bac9f59", "session_id": "b3fd75a0-658d-4431-ba5e-4aabb751391d", "timestamp": "2025-08-09T22:40:32.129921+00:00"}
{"asctime": "2025-08-10 00:40:32,130", "levelname": "INFO", "name": "AresGlobal.AresLauncher", "message": "🌐 Env overrides: BLANK_TRAINING_MODE=1, ARES_ENV=None, PYTHONPATH set? False", "correlation_id": "bcfaa2f8-17a1-4772-9f76-dcf59bac9f59", "session_id": "b3fd75a0-658d-4431-ba5e-4aabb751391d", "timestamp": "2025-08-09T22:40:32.130324+00:00"}
{"asctime": "2025-08-10 00:40:32,130", "levelname": "INFO", "name": "AresGlobal.AresLauncher", "message": "🔄 Starting consolidation subprocess...", "correlation_id": "bcfaa2f8-17a1-4772-9f76-dcf59bac9f59", "session_id": "b3fd75a0-658d-4431-ba5e-4aabb751391d", "timestamp": "2025-08-09T22:40:32.130686+00:00"}
{"asctime": "2025-08-10 00:43:18,231", "levelname": "INFO", "name": "AresGlobal.AresLauncher", "message": "🧹 Cleaning up processes...", "correlation_id": "bcfaa2f8-17a1-4772-9f76-dcf59bac9f59", "session_id": "b3fd75a0-658d-4431-ba5e-4aabb751391d", "timestamp": "2025-08-09T22:43:18.231235+00:00"}
{"asctime": "2025-08-10 00:43:18,231", "levelname": "INFO", "name": "AresGlobal.AresLauncher", "message": "✅ Cleanup completed", "correlation_id": "bcfaa2f8-17a1-4772-9f76-dcf59bac9f59", "session_id": "b3fd75a0-658d-4431-ba5e-4aabb751391d", "timestamp": "2025-08-09T22:43:18.231984+00:00"}
