{"asctime": "2025-08-11 13:52:53,337", "levelname": "INFO", "name": "AresTradingSystem", "message": "✅ Enhanced Logger initialization completed successfully", "correlation_id": "-", "session_id": "-", "timestamp": "2025-08-11T11:52:53.337034+00:00"}
{"asctime": "2025-08-11 13:52:53,365", "levelname": "INFO", "name": "AresTradingSystem.System.VectorizedAdvancedFeatureEngineering", "message": "🚀 Initializing vectorized advanced feature engineering...", "correlation_id": "-", "session_id": "-", "timestamp": "2025-08-11T11:52:53.365678+00:00"}
{"asctime": "2025-08-11 13:52:53,366", "levelname": "INFO", "name": "AresTradingSystem.System.WaveletFeatureCache", "message": "✅ Cache directory initialized: data/wavelet_cache", "correlation_id": "-", "session_id": "-", "timestamp": "2025-08-11T11:52:53.366020+00:00"}
{"asctime": "2025-08-11 13:52:53,366", "levelname": "INFO", "name": "AresTradingSystem.System.VectorizedVolatilityRegimeModel", "message": "🚀 Initializing vectorized volatility regime model...", "correlation_id": "-", "session_id": "-", "timestamp": "2025-08-11T11:52:53.366208+00:00"}
{"asctime": "2025-08-11 13:52:53,366", "levelname": "INFO", "name": "AresTradingSystem.System.VectorizedVolatilityRegimeModel", "message": "✅ Vectorized volatility regime model initialized successfully", "correlation_id": "-", "session_id": "-", "timestamp": "2025-08-11T11:52:53.366725+00:00"}
{"asctime": "2025-08-11 13:52:53,366", "levelname": "INFO", "name": "AresTradingSystem.System.VectorizedCorrelationAnalyzer", "message": "🚀 Initializing vectorized correlation analyzer...", "correlation_id": "-", "session_id": "-", "timestamp": "2025-08-11T11:52:53.366949+00:00"}
{"asctime": "2025-08-11 13:52:53,367", "levelname": "INFO", "name": "AresTradingSystem.System.VectorizedCorrelationAnalyzer", "message": "✅ Vectorized correlation analyzer initialized successfully", "correlation_id": "-", "session_id": "-", "timestamp": "2025-08-11T11:52:53.367159+00:00"}
{"asctime": "2025-08-11 13:52:53,367", "levelname": "INFO", "name": "AresTradingSystem.System.VectorizedMomentumAnalyzer", "message": "🚀 Initializing vectorized momentum analyzer...", "correlation_id": "-", "session_id": "-", "timestamp": "2025-08-11T11:52:53.367262+00:00"}
{"asctime": "2025-08-11 13:52:53,367", "levelname": "INFO", "name": "AresTradingSystem.System.VectorizedMomentumAnalyzer", "message": "✅ Vectorized momentum analyzer initialized successfully", "correlation_id": "-", "session_id": "-", "timestamp": "2025-08-11T11:52:53.367348+00:00"}
{"asctime": "2025-08-11 13:52:53,367", "levelname": "INFO", "name": "AresTradingSystem.System.VectorizedLiquidityAnalyzer", "message": "🚀 Initializing vectorized liquidity analyzer...", "correlation_id": "-", "session_id": "-", "timestamp": "2025-08-11T11:52:53.367453+00:00"}
{"asctime": "2025-08-11 13:52:53,367", "levelname": "INFO", "name": "AresTradingSystem.System.VectorizedLiquidityAnalyzer", "message": "✅ Vectorized liquidity analyzer initialized successfully", "correlation_id": "-", "session_id": "-", "timestamp": "2025-08-11T11:52:53.367551+00:00"}
{"asctime": "2025-08-11 13:52:53,367", "levelname": "INFO", "name": "AresTradingSystem.System.VectorizedCandlestickPatternAnalyzer", "message": "🚀 Initializing vectorized candlestick pattern analyzer...", "correlation_id": "-", "session_id": "-", "timestamp": "2025-08-11T11:52:53.367648+00:00"}
{"asctime": "2025-08-11 13:52:53,367", "levelname": "INFO", "name": "AresTradingSystem.System.VectorizedCandlestickPatternAnalyzer", "message": "✅ Vectorized candlestick pattern analyzer initialized successfully", "correlation_id": "-", "session_id": "-", "timestamp": "2025-08-11T11:52:53.367726+00:00"}
{"asctime": "2025-08-11 13:52:53,367", "levelname": "INFO", "name": "AresTradingSystem.System.VectorizedSRDistanceCalculator", "message": "🚀 Initializing vectorized S/R distance calculator...", "correlation_id": "-", "session_id": "-", "timestamp": "2025-08-11T11:52:53.367836+00:00"}
{"asctime": "2025-08-11 13:52:53,367", "levelname": "INFO", "name": "AresTradingSystem.System.VectorizedSRDistanceCalculator", "message": "✅ Vectorized S/R distance calculator initialized successfully", "correlation_id": "-", "session_id": "-", "timestamp": "2025-08-11T11:52:53.367915+00:00"}
{"asctime": "2025-08-11 13:52:53,368", "levelname": "INFO", "name": "AresTradingSystem.System.VectorizedWaveletTransformAnalyzer", "message": "🚀 Initializing enhanced vectorized wavelet transform analyzer...", "correlation_id": "-", "session_id": "-", "timestamp": "2025-08-11T11:52:53.368026+00:00"}
{"asctime": "2025-08-11 13:52:53,368", "levelname": "INFO", "name": "AresTradingSystem.System.VectorizedWaveletTransformAnalyzer", "message": "✅ Enhanced vectorized wavelet transform analyzer initialized successfully", "correlation_id": "-", "session_id": "-", "timestamp": "2025-08-11T11:52:53.368108+00:00"}
{"asctime": "2025-08-11 13:52:53,368", "levelname": "INFO", "name": "AresTradingSystem.System.VectorizedWaveletTransformAnalyzer", "message": "📊 Configuration: padding_mode=symmetric, cwt_scale_method=logarithmic, max_features_per_wavelet=40", "correlation_id": "-", "session_id": "-", "timestamp": "2025-08-11T11:52:53.368186+00:00"}
{"asctime": "2025-08-11 13:52:53,369", "levelname": "INFO", "name": "AresTradingSystem.System.MetaLabelingSystem", "message": "🚀 Initializing meta-labeling system...", "correlation_id": "-", "session_id": "-", "timestamp": "2025-08-11T11:52:53.369539+00:00"}
{"asctime": "2025-08-11 13:52:53,369", "levelname": "INFO", "name": "AresTradingSystem.System.MetaLabelingSystem", "message": "✅ Meta-labeling system initialized successfully", "correlation_id": "-", "session_id": "-", "timestamp": "2025-08-11T11:52:53.369644+00:00"}
{"asctime": "2025-08-11 13:52:53,369", "levelname": "INFO", "name": "AresTradingSystem.System.VectorizedAdvancedFeatureEngineering", "message": "✅ Vectorized advanced feature engineering initialized successfully", "correlation_id": "-", "session_id": "-", "timestamp": "2025-08-11T11:52:53.369722+00:00"}
