{"asctime": "2025-08-10 10:47:55,454", "levelname": "INFO", "name": "AresGlobal", "message": "================================================================================", "correlation_id": "-", "session_id": "-", "timestamp": "2025-08-10T08:47:55.454247+00:00"}
{"asctime": "2025-08-10 10:47:55,454", "levelname": "INFO", "name": "AresGlobal", "message": "📊 SESSION SUMMARY", "correlation_id": "-", "session_id": "-", "timestamp": "2025-08-10T08:47:55.454344+00:00"}
{"asctime": "2025-08-10 10:47:55,454", "levelname": "INFO", "name": "AresGlobal", "message": "Session started: 2025-08-10 10:47:55", "correlation_id": "-", "session_id": "-", "timestamp": "2025-08-10T08:47:55.454420+00:00"}
{"asctime": "2025-08-10 10:47:55,454", "levelname": "INFO", "name": "AresGlobal", "message": "This file contains ALL logs for this session", "correlation_id": "-", "session_id": "-", "timestamp": "2025-08-10T08:47:55.454479+00:00"}
{"asctime": "2025-08-10 10:47:55,454", "levelname": "INFO", "name": "AresGlobal", "message": "================================================================================", "correlation_id": "-", "session_id": "-", "timestamp": "2025-08-10T08:47:55.454533+00:00"}
{"asctime": "2025-08-10 10:47:55,454", "levelname": "INFO", "name": "AresGlobal", "message": "Applied NumPy RNG unpickle compatibility shim (ModelManager)", "correlation_id": "-", "session_id": "-", "timestamp": "2025-08-10T08:47:55.454897+00:00"}
{"asctime": "2025-08-10 10:47:55,455", "levelname": "INFO", "name": "AresGlobal", "message": "[SYSTEM] ================================================================================", "correlation_id": "-", "session_id": "-", "timestamp": "2025-08-10T08:47:55.455029+00:00"}
{"asctime": "2025-08-10 10:47:55,455", "levelname": "INFO", "name": "AresGlobal", "message": "[SYSTEM] 🚀 ARES LAUNCHER STARTED - Mode: INITIALIZATION", "correlation_id": "-", "session_id": "-", "timestamp": "2025-08-10T08:47:55.455150+00:00"}
{"asctime": "2025-08-10 10:47:55,455", "levelname": "INFO", "name": "AresGlobal", "message": "[SYSTEM] Start time: 2025-08-10 10:47:55", "correlation_id": "-", "session_id": "-", "timestamp": "2025-08-10T08:47:55.455270+00:00"}
{"asctime": "2025-08-10 10:47:55,455", "levelname": "INFO", "name": "AresGlobal", "message": "[SYSTEM] Log directory: log", "correlation_id": "-", "session_id": "-", "timestamp": "2025-08-10T08:47:55.455376+00:00"}
{"asctime": "2025-08-10 10:47:55,455", "levelname": "INFO", "name": "AresGlobal", "message": "[SYSTEM] ================================================================================", "correlation_id": "-", "session_id": "-", "timestamp": "2025-08-10T08:47:55.455482+00:00"}
{"asctime": "2025-08-10 10:47:55,455", "levelname": "INFO", "name": "AresGlobal.AresLauncher", "message": "================================================================================", "correlation_id": "-", "session_id": "-", "timestamp": "2025-08-10T08:47:55.455532+00:00"}
{"asctime": "2025-08-10 10:47:55,455", "levelname": "INFO", "name": "AresGlobal.AresLauncher", "message": "🚀 ARES COMPREHENSIVE LAUNCHER", "correlation_id": "-", "session_id": "-", "timestamp": "2025-08-10T08:47:55.455587+00:00"}
{"asctime": "2025-08-10 10:47:55,455", "levelname": "INFO", "name": "AresGlobal.AresLauncher", "message": "================================================================================", "correlation_id": "-", "session_id": "-", "timestamp": "2025-08-10T08:47:55.455645+00:00"}
{"asctime": "2025-08-10 10:47:55,455", "levelname": "INFO", "name": "AresGlobal.AresLauncher", "message": "Start time: 2025-08-10 10:47:55", "correlation_id": "-", "session_id": "-", "timestamp": "2025-08-10T08:47:55.455701+00:00"}
{"asctime": "2025-08-10 10:47:55,455", "levelname": "INFO", "name": "AresGlobal.AresLauncher", "message": "Log directory: log", "correlation_id": "-", "session_id": "-", "timestamp": "2025-08-10T08:47:55.455754+00:00"}
{"asctime": "2025-08-10 10:47:55,455", "levelname": "INFO", "name": "AresGlobal.AresLauncher", "message": "Log level: INFO", "correlation_id": "-", "session_id": "-", "timestamp": "2025-08-10T08:47:55.455805+00:00"}
{"asctime": "2025-08-10 10:47:55,455", "levelname": "INFO", "name": "AresGlobal.AresLauncher", "message": "Global log file: ares_global_20250810_104755.log", "correlation_id": "-", "session_id": "-", "timestamp": "2025-08-10T08:47:55.455865+00:00"}
{"asctime": "2025-08-10 10:47:55,455", "levelname": "INFO", "name": "AresGlobal.AresLauncher", "message": "================================================================================", "correlation_id": "-", "session_id": "-", "timestamp": "2025-08-10T08:47:55.455916+00:00"}
{"asctime": "2025-08-10 10:47:55,456", "levelname": "INFO", "name": "AresGlobal", "message": "[SYSTEM] ================================================================================", "correlation_id": "e131a720-b132-4c52-acf0-2096d6cbbceb", "session_id": "0ef86eb6-8052-455b-a13a-a9b59189799b", "timestamp": "2025-08-10T08:47:55.456104+00:00"}
{"asctime": "2025-08-10 10:47:55,456", "levelname": "INFO", "name": "AresGlobal", "message": "[SYSTEM] 🚀 ARES LAUNCHER STARTED - Mode: blank - Symbol: ETHUSDT - Exchange: BINANCE", "correlation_id": "e131a720-b132-4c52-acf0-2096d6cbbceb", "session_id": "0ef86eb6-8052-455b-a13a-a9b59189799b", "timestamp": "2025-08-10T08:47:55.456215+00:00"}
{"asctime": "2025-08-10 10:47:55,456", "levelname": "INFO", "name": "AresGlobal", "message": "[SYSTEM] Start time: 2025-08-10 10:47:55", "correlation_id": "e131a720-b132-4c52-acf0-2096d6cbbceb", "session_id": "0ef86eb6-8052-455b-a13a-a9b59189799b", "timestamp": "2025-08-10T08:47:55.456326+00:00"}
{"asctime": "2025-08-10 10:47:55,456", "levelname": "INFO", "name": "AresGlobal", "message": "[SYSTEM] Log directory: log", "correlation_id": "e131a720-b132-4c52-acf0-2096d6cbbceb", "session_id": "0ef86eb6-8052-455b-a13a-a9b59189799b", "timestamp": "2025-08-10T08:47:55.456430+00:00"}
{"asctime": "2025-08-10 10:47:55,456", "levelname": "INFO", "name": "AresGlobal", "message": "[SYSTEM] ================================================================================", "correlation_id": "e131a720-b132-4c52-acf0-2096d6cbbceb", "session_id": "0ef86eb6-8052-455b-a13a-a9b59189799b", "timestamp": "2025-08-10T08:47:55.456533+00:00"}
{"asctime": "2025-08-10 10:47:55,456", "levelname": "INFO", "name": "AresGlobal.AresLauncher", "message": "🚀 Running enhanced 16-step training pipeline for ETHUSDT on BINANCE", "correlation_id": "e131a720-b132-4c52-acf0-2096d6cbbceb", "session_id": "0ef86eb6-8052-455b-a13a-a9b59189799b", "timestamp": "2025-08-10T08:47:55.456609+00:00"}
{"asctime": "2025-08-10 10:47:55,456", "levelname": "INFO", "name": "AresGlobal.AresLauncher", "message": "Starting from step: step1_5_data_converter", "correlation_id": "e131a720-b132-4c52-acf0-2096d6cbbceb", "session_id": "0ef86eb6-8052-455b-a13a-a9b59189799b", "timestamp": "2025-08-10T08:47:55.456668+00:00"}
{"asctime": "2025-08-10 10:47:55,456", "levelname": "INFO", "name": "AresGlobal.AresLauncher", "message": "🧪 BLANK TRAINING MODE: Set BLANK_TRAINING_MODE=1 for step-based training", "correlation_id": "e131a720-b132-4c52-acf0-2096d6cbbceb", "session_id": "0ef86eb6-8052-455b-a13a-a9b59189799b", "timestamp": "2025-08-10T08:47:55.456723+00:00"}
{"asctime": "2025-08-10 10:47:55,459", "levelname": "INFO", "name": "AresGlobal.ProgressManager", "message": "Initialized ProgressManager for ETHUSDT on BINANCE", "correlation_id": "e131a720-b132-4c52-acf0-2096d6cbbceb", "session_id": "0ef86eb6-8052-455b-a13a-a9b59189799b", "timestamp": "2025-08-10T08:47:55.459012+00:00"}
{"asctime": "2025-08-10 10:47:55,459", "levelname": "INFO", "name": "AresGlobal.ProgressManager", "message": "Progress directory: data/training/progress/BINANCE_ETHUSDT", "correlation_id": "e131a720-b132-4c52-acf0-2096d6cbbceb", "session_id": "0ef86eb6-8052-455b-a13a-a9b59189799b", "timestamp": "2025-08-10T08:47:55.459099+00:00"}
{"asctime": "2025-08-10 10:47:55,459", "levelname": "INFO", "name": "AresGlobal.StepOrchestrator", "message": "Initialized StepOrchestrator for ETHUSDT on BINANCE", "correlation_id": "e131a720-b132-4c52-acf0-2096d6cbbceb", "session_id": "0ef86eb6-8052-455b-a13a-a9b59189799b", "timestamp": "2025-08-10T08:47:55.459160+00:00"}
{"asctime": "2025-08-10 10:47:55,459", "levelname": "INFO", "name": "AresGlobal.StepOrchestrator", "message": "🚀 Starting execution from step: step1_5_data_converter", "correlation_id": "e131a720-b132-4c52-acf0-2096d6cbbceb", "session_id": "0ef86eb6-8052-455b-a13a-a9b59189799b", "timestamp": "2025-08-10T08:47:55.459313+00:00"}
{"asctime": "2025-08-10 10:47:57,926", "levelname": "INFO", "name": "AresGlobal.EnhancedTrainingManagerOptimized", "message": "Loaded optimization configuration", "correlation_id": "e131a720-b132-4c52-acf0-2096d6cbbceb", "session_id": "0ef86eb6-8052-455b-a13a-a9b59189799b", "timestamp": "2025-08-10T08:47:57.926106+00:00"}
{"asctime": "2025-08-10 10:47:57,928", "levelname": "INFO", "name": "AresGlobal.StepOrchestrator", "message": "✅ Enhanced training manager setup successfully", "correlation_id": "e131a720-b132-4c52-acf0-2096d6cbbceb", "session_id": "0ef86eb6-8052-455b-a13a-a9b59189799b", "timestamp": "2025-08-10T08:47:57.928975+00:00"}
{"asctime": "2025-08-10 10:47:57,930", "levelname": "INFO", "name": "AresGlobal.EnhancedTrainingManagerOptimized", "message": "🚀 Initializing Enhanced Training Manager with Optimizations...", "correlation_id": "e131a720-b132-4c52-acf0-2096d6cbbceb", "session_id": "0ef86eb6-8052-455b-a13a-a9b59189799b", "timestamp": "2025-08-10T08:47:57.930045+00:00"}
{"asctime": "2025-08-10 10:47:57,936", "levelname": "INFO", "name": "AresGlobal.EnhancedTrainingManagerOptimized", "message": "✅ Parallel backtester initialized with 8 workers", "correlation_id": "e131a720-b132-4c52-acf0-2096d6cbbceb", "session_id": "0ef86eb6-8052-455b-a13a-a9b59189799b", "timestamp": "2025-08-10T08:47:57.936807+00:00"}
{"asctime": "2025-08-10 10:47:57,937", "levelname": "INFO", "name": "AresGlobal.EnhancedTrainingManagerOptimized", "message": "✅ All optimization components initialized successfully", "correlation_id": "e131a720-b132-4c52-acf0-2096d6cbbceb", "session_id": "0ef86eb6-8052-455b-a13a-a9b59189799b", "timestamp": "2025-08-10T08:47:57.937499+00:00"}
{"asctime": "2025-08-10 10:47:57,943", "levelname": "INFO", "name": "AresGlobal.StepOrchestrator", "message": "\u001b[91m\u001b[1m❌\u001b[0m \u001b[91m\u001b[1m❌ Enhanced 16-step training pipeline failed\u001b[0m", "correlation_id": "e131a720-b132-4c52-acf0-2096d6cbbceb", "session_id": "0ef86eb6-8052-455b-a13a-a9b59189799b", "timestamp": "2025-08-10T08:47:57.943075+00:00"}
{"asctime": "2025-08-10 10:47:57,943", "levelname": "INFO", "name": "AresGlobal.AresLauncher", "message": "\u001b[91m\u001b[1m❌\u001b[0m \u001b[91m\u001b[1m❌ Enhanced 16-step training pipeline failed\u001b[0m", "correlation_id": "e131a720-b132-4c52-acf0-2096d6cbbceb", "session_id": "0ef86eb6-8052-455b-a13a-a9b59189799b", "timestamp": "2025-08-10T08:47:57.943672+00:00"}
{"asctime": "2025-08-10 10:47:57,943", "levelname": "INFO", "name": "AresGlobal", "message": "[SYSTEM] ================================================================================", "correlation_id": "e131a720-b132-4c52-acf0-2096d6cbbceb", "session_id": "0ef86eb6-8052-455b-a13a-a9b59189799b", "timestamp": "2025-08-10T08:47:57.943954+00:00"}
{"asctime": "2025-08-10 10:47:57,944", "levelname": "INFO", "name": "AresGlobal", "message": "[SYSTEM] 🛑 ARES LAUNCHER ENDED - Exit code: 1", "correlation_id": "e131a720-b132-4c52-acf0-2096d6cbbceb", "session_id": "0ef86eb6-8052-455b-a13a-a9b59189799b", "timestamp": "2025-08-10T08:47:57.944079+00:00"}
{"asctime": "2025-08-10 10:47:57,944", "levelname": "INFO", "name": "AresGlobal", "message": "[SYSTEM] End time: 2025-08-10 10:47:57", "correlation_id": "e131a720-b132-4c52-acf0-2096d6cbbceb", "session_id": "0ef86eb6-8052-455b-a13a-a9b59189799b", "timestamp": "2025-08-10T08:47:57.944208+00:00"}
{"asctime": "2025-08-10 10:47:57,944", "levelname": "INFO", "name": "AresGlobal", "message": "[SYSTEM] ================================================================================", "correlation_id": "e131a720-b132-4c52-acf0-2096d6cbbceb", "session_id": "0ef86eb6-8052-455b-a13a-a9b59189799b", "timestamp": "2025-08-10T08:47:57.944317+00:00"}
{"asctime": "2025-08-10 10:47:57,944", "levelname": "INFO", "name": "AresGlobal.AresLauncher", "message": "🧹 Cleaning up processes...", "correlation_id": "e131a720-b132-4c52-acf0-2096d6cbbceb", "session_id": "0ef86eb6-8052-455b-a13a-a9b59189799b", "timestamp": "2025-08-10T08:47:57.944397+00:00"}
{"asctime": "2025-08-10 10:47:57,944", "levelname": "INFO", "name": "AresGlobal.AresLauncher", "message": "✅ Cleanup completed", "correlation_id": "e131a720-b132-4c52-acf0-2096d6cbbceb", "session_id": "0ef86eb6-8052-455b-a13a-a9b59189799b", "timestamp": "2025-08-10T08:47:57.944458+00:00"}
