{"asctime": "2025-08-10 10:08:46,933", "levelname": "INFO", "name": "AresGlobal", "message": "================================================================================", "correlation_id": "-", "session_id": "-", "timestamp": "2025-08-10T08:08:46.933157+00:00"}
{"asctime": "2025-08-10 10:08:46,933", "levelname": "INFO", "name": "AresGlobal", "message": "📊 SESSION SUMMARY", "correlation_id": "-", "session_id": "-", "timestamp": "2025-08-10T08:08:46.933278+00:00"}
{"asctime": "2025-08-10 10:08:46,933", "levelname": "INFO", "name": "AresGlobal", "message": "Session started: 2025-08-10 10:08:46", "correlation_id": "-", "session_id": "-", "timestamp": "2025-08-10T08:08:46.933355+00:00"}
{"asctime": "2025-08-10 10:08:46,933", "levelname": "INFO", "name": "AresGlobal", "message": "This file contains ALL logs for this session", "correlation_id": "-", "session_id": "-", "timestamp": "2025-08-10T08:08:46.933415+00:00"}
{"asctime": "2025-08-10 10:08:46,933", "levelname": "INFO", "name": "AresGlobal", "message": "================================================================================", "correlation_id": "-", "session_id": "-", "timestamp": "2025-08-10T08:08:46.933476+00:00"}
{"asctime": "2025-08-10 10:08:46,934", "levelname": "INFO", "name": "AresGlobal", "message": "Applied NumPy RNG unpickle compatibility shim (ModelManager)", "correlation_id": "-", "session_id": "-", "timestamp": "2025-08-10T08:08:46.934197+00:00"}
{"asctime": "2025-08-10 10:08:46,934", "levelname": "INFO", "name": "AresGlobal", "message": "[SYSTEM] ================================================================================", "correlation_id": "-", "session_id": "-", "timestamp": "2025-08-10T08:08:46.934364+00:00"}
{"asctime": "2025-08-10 10:08:46,934", "levelname": "INFO", "name": "AresGlobal", "message": "[SYSTEM] 🚀 ARES LAUNCHER STARTED - Mode: INITIALIZATION", "correlation_id": "-", "session_id": "-", "timestamp": "2025-08-10T08:08:46.934486+00:00"}
{"asctime": "2025-08-10 10:08:46,934", "levelname": "INFO", "name": "AresGlobal", "message": "[SYSTEM] Start time: 2025-08-10 10:08:46", "correlation_id": "-", "session_id": "-", "timestamp": "2025-08-10T08:08:46.934611+00:00"}
{"asctime": "2025-08-10 10:08:46,934", "levelname": "INFO", "name": "AresGlobal", "message": "[SYSTEM] Log directory: log", "correlation_id": "-", "session_id": "-", "timestamp": "2025-08-10T08:08:46.934720+00:00"}
{"asctime": "2025-08-10 10:08:46,934", "levelname": "INFO", "name": "AresGlobal", "message": "[SYSTEM] ================================================================================", "correlation_id": "-", "session_id": "-", "timestamp": "2025-08-10T08:08:46.934822+00:00"}
{"asctime": "2025-08-10 10:08:46,934", "levelname": "INFO", "name": "AresGlobal.AresLauncher", "message": "================================================================================", "correlation_id": "-", "session_id": "-", "timestamp": "2025-08-10T08:08:46.934874+00:00"}
{"asctime": "2025-08-10 10:08:46,934", "levelname": "INFO", "name": "AresGlobal.AresLauncher", "message": "🚀 ARES COMPREHENSIVE LAUNCHER", "correlation_id": "-", "session_id": "-", "timestamp": "2025-08-10T08:08:46.934927+00:00"}
{"asctime": "2025-08-10 10:08:46,934", "levelname": "INFO", "name": "AresGlobal.AresLauncher", "message": "================================================================================", "correlation_id": "-", "session_id": "-", "timestamp": "2025-08-10T08:08:46.934982+00:00"}
{"asctime": "2025-08-10 10:08:46,935", "levelname": "INFO", "name": "AresGlobal.AresLauncher", "message": "Start time: 2025-08-10 10:08:46", "correlation_id": "-", "session_id": "-", "timestamp": "2025-08-10T08:08:46.935038+00:00"}
{"asctime": "2025-08-10 10:08:46,935", "levelname": "INFO", "name": "AresGlobal.AresLauncher", "message": "Log directory: log", "correlation_id": "-", "session_id": "-", "timestamp": "2025-08-10T08:08:46.935089+00:00"}
{"asctime": "2025-08-10 10:08:46,935", "levelname": "INFO", "name": "AresGlobal.AresLauncher", "message": "Log level: INFO", "correlation_id": "-", "session_id": "-", "timestamp": "2025-08-10T08:08:46.935140+00:00"}
{"asctime": "2025-08-10 10:08:46,935", "levelname": "INFO", "name": "AresGlobal.AresLauncher", "message": "Global log file: ares_global_20250810_100846.log", "correlation_id": "-", "session_id": "-", "timestamp": "2025-08-10T08:08:46.935206+00:00"}
{"asctime": "2025-08-10 10:08:46,935", "levelname": "INFO", "name": "AresGlobal.AresLauncher", "message": "================================================================================", "correlation_id": "-", "session_id": "-", "timestamp": "2025-08-10T08:08:46.935257+00:00"}
{"asctime": "2025-08-10 10:08:46,935", "levelname": "INFO", "name": "AresGlobal", "message": "[SYSTEM] ================================================================================", "correlation_id": "23dae26a-5e5b-4563-bf21-6a58bfd828aa", "session_id": "1283c214-dffb-4c72-9406-95b3b1bc9681", "timestamp": "2025-08-10T08:08:46.935451+00:00"}
{"asctime": "2025-08-10 10:08:46,935", "levelname": "INFO", "name": "AresGlobal", "message": "[SYSTEM] 🚀 ARES LAUNCHER STARTED - Mode: load - Symbol: ETHUSDT - Exchange: BINANCE", "correlation_id": "23dae26a-5e5b-4563-bf21-6a58bfd828aa", "session_id": "1283c214-dffb-4c72-9406-95b3b1bc9681", "timestamp": "2025-08-10T08:08:46.935559+00:00"}
{"asctime": "2025-08-10 10:08:46,935", "levelname": "INFO", "name": "AresGlobal", "message": "[SYSTEM] Start time: 2025-08-10 10:08:46", "correlation_id": "23dae26a-5e5b-4563-bf21-6a58bfd828aa", "session_id": "1283c214-dffb-4c72-9406-95b3b1bc9681", "timestamp": "2025-08-10T08:08:46.935667+00:00"}
{"asctime": "2025-08-10 10:08:46,935", "levelname": "INFO", "name": "AresGlobal", "message": "[SYSTEM] Log directory: log", "correlation_id": "23dae26a-5e5b-4563-bf21-6a58bfd828aa", "session_id": "1283c214-dffb-4c72-9406-95b3b1bc9681", "timestamp": "2025-08-10T08:08:46.935770+00:00"}
{"asctime": "2025-08-10 10:08:46,935", "levelname": "INFO", "name": "AresGlobal", "message": "[SYSTEM] ================================================================================", "correlation_id": "23dae26a-5e5b-4563-bf21-6a58bfd828aa", "session_id": "1283c214-dffb-4c72-9406-95b3b1bc9681", "timestamp": "2025-08-10T08:08:46.935871+00:00"}
{"asctime": "2025-08-10 10:08:46,935", "levelname": "INFO", "name": "AresGlobal.AresLauncher", "message": "🔄 Starting data loading for ETHUSDT on BINANCE", "correlation_id": "23dae26a-5e5b-4563-bf21-6a58bfd828aa", "session_id": "1283c214-dffb-4c72-9406-95b3b1bc9681", "timestamp": "2025-08-10T08:08:46.935945+00:00"}
{"asctime": "2025-08-10 10:08:46,936", "levelname": "INFO", "name": "AresGlobal.AresLauncher", "message": "📥 Step 1: Downloading data...", "correlation_id": "23dae26a-5e5b-4563-bf21-6a58bfd828aa", "session_id": "1283c214-dffb-4c72-9406-95b3b1bc9681", "timestamp": "2025-08-10T08:08:46.936016+00:00"}
{"asctime": "2025-08-10 10:08:46,936", "levelname": "INFO", "name": "AresGlobal.AresLauncher", "message": "🔧 Running download command: /opt/homebrew/Caskroom/miniforge/base/bin/python backtesting/ares_data_downloader_clean.py --symbol ETHUSDT --exchange BINANCE --lookback-years 2", "correlation_id": "23dae26a-5e5b-4563-bf21-6a58bfd828aa", "session_id": "1283c214-dffb-4c72-9406-95b3b1bc9681", "timestamp": "2025-08-10T08:08:46.936079+00:00"}
{"asctime": "2025-08-10 10:08:55,007", "levelname": "INFO", "name": "AresGlobal.AresLauncher", "message": "✅ Data download completed successfully", "correlation_id": "23dae26a-5e5b-4563-bf21-6a58bfd828aa", "session_id": "1283c214-dffb-4c72-9406-95b3b1bc9681", "timestamp": "2025-08-10T08:08:55.007679+00:00"}
{"asctime": "2025-08-10 10:08:55,008", "levelname": "INFO", "name": "AresGlobal.AresLauncher", "message": "🔄 Step 2: Consolidating data...", "correlation_id": "23dae26a-5e5b-4563-bf21-6a58bfd828aa", "session_id": "1283c214-dffb-4c72-9406-95b3b1bc9681", "timestamp": "2025-08-10T08:08:55.008022+00:00"}
{"asctime": "2025-08-10 10:08:55,008", "levelname": "INFO", "name": "AresGlobal.AresLauncher", "message": "🔧 Running consolidation command: /opt/homebrew/Caskroom/miniforge/base/bin/python src/training/steps/step1_data_collection.py ETHUSDT BINANCE 1000 data_cache 730", "correlation_id": "23dae26a-5e5b-4563-bf21-6a58bfd828aa", "session_id": "1283c214-dffb-4c72-9406-95b3b1bc9681", "timestamp": "2025-08-10T08:08:55.008137+00:00"}
{"asctime": "2025-08-10 10:08:55,008", "levelname": "INFO", "name": "AresGlobal.AresLauncher", "message": "📂 Consolidation CWD: /Users/remyroche/Documents/Ares", "correlation_id": "23dae26a-5e5b-4563-bf21-6a58bfd828aa", "session_id": "1283c214-dffb-4c72-9406-95b3b1bc9681", "timestamp": "2025-08-10T08:08:55.008281+00:00"}
{"asctime": "2025-08-10 10:08:55,008", "levelname": "INFO", "name": "AresGlobal.AresLauncher", "message": "🐍 Python executable: /opt/homebrew/Caskroom/miniforge/base/bin/python", "correlation_id": "23dae26a-5e5b-4563-bf21-6a58bfd828aa", "session_id": "1283c214-dffb-4c72-9406-95b3b1bc9681", "timestamp": "2025-08-10T08:08:55.008347+00:00"}
{"asctime": "2025-08-10 10:08:55,008", "levelname": "INFO", "name": "AresGlobal.AresLauncher", "message": "🌐 Env overrides: BLANK_TRAINING_MODE=1, ARES_ENV=None, PYTHONPATH set? False", "correlation_id": "23dae26a-5e5b-4563-bf21-6a58bfd828aa", "session_id": "1283c214-dffb-4c72-9406-95b3b1bc9681", "timestamp": "2025-08-10T08:08:55.008415+00:00"}
{"asctime": "2025-08-10 10:08:55,008", "levelname": "INFO", "name": "AresGlobal.AresLauncher", "message": "🔄 Starting consolidation subprocess...", "correlation_id": "23dae26a-5e5b-4563-bf21-6a58bfd828aa", "session_id": "1283c214-dffb-4c72-9406-95b3b1bc9681", "timestamp": "2025-08-10T08:08:55.008473+00:00"}
{"asctime": "2025-08-10 10:11:34,203", "levelname": "INFO", "name": "AresGlobal.AresLauncher", "message": "🧹 Cleaning up processes...", "correlation_id": "23dae26a-5e5b-4563-bf21-6a58bfd828aa", "session_id": "1283c214-dffb-4c72-9406-95b3b1bc9681", "timestamp": "2025-08-10T08:11:34.203026+00:00"}
{"asctime": "2025-08-10 10:11:34,203", "levelname": "INFO", "name": "AresGlobal.AresLauncher", "message": "✅ Cleanup completed", "correlation_id": "23dae26a-5e5b-4563-bf21-6a58bfd828aa", "session_id": "1283c214-dffb-4c72-9406-95b3b1bc9681", "timestamp": "2025-08-10T08:11:34.203710+00:00"}
{"asctime": "2025-08-10 10:13:55,289", "levelname": "INFO", "name": "AresGlobal.AresLauncher", "message": "\u001b[91m\u001b[1m❌\u001b[0m \u001b[91m\u001b[1m❌ Data loading failed: {e}\u001b[0m", "correlation_id": "23dae26a-5e5b-4563-bf21-6a58bfd828aa", "session_id": "1283c214-dffb-4c72-9406-95b3b1bc9681", "timestamp": "2025-08-10T08:13:55.289436+00:00"}
{"asctime": "2025-08-10 10:13:55,307", "levelname": "INFO", "name": "AresGlobal", "message": "[SYSTEM] ================================================================================", "correlation_id": "23dae26a-5e5b-4563-bf21-6a58bfd828aa", "session_id": "1283c214-dffb-4c72-9406-95b3b1bc9681", "timestamp": "2025-08-10T08:13:55.307710+00:00"}
{"asctime": "2025-08-10 10:13:55,308", "levelname": "INFO", "name": "AresGlobal", "message": "[SYSTEM] 🛑 ARES LAUNCHER ENDED - Exit code: 1", "correlation_id": "23dae26a-5e5b-4563-bf21-6a58bfd828aa", "session_id": "1283c214-dffb-4c72-9406-95b3b1bc9681", "timestamp": "2025-08-10T08:13:55.308765+00:00"}
{"asctime": "2025-08-10 10:13:55,312", "levelname": "INFO", "name": "AresGlobal", "message": "[SYSTEM] End time: 2025-08-10 10:13:55", "correlation_id": "23dae26a-5e5b-4563-bf21-6a58bfd828aa", "session_id": "1283c214-dffb-4c72-9406-95b3b1bc9681", "timestamp": "2025-08-10T08:13:55.312756+00:00"}
{"asctime": "2025-08-10 10:13:55,312", "levelname": "INFO", "name": "AresGlobal", "message": "[SYSTEM] ================================================================================", "correlation_id": "23dae26a-5e5b-4563-bf21-6a58bfd828aa", "session_id": "1283c214-dffb-4c72-9406-95b3b1bc9681", "timestamp": "2025-08-10T08:13:55.312894+00:00"}
{"asctime": "2025-08-10 10:13:55,314", "levelname": "INFO", "name": "AresGlobal.AresLauncher", "message": "🧹 Cleaning up processes...", "correlation_id": "23dae26a-5e5b-4563-bf21-6a58bfd828aa", "session_id": "1283c214-dffb-4c72-9406-95b3b1bc9681", "timestamp": "2025-08-10T08:13:55.314991+00:00"}
{"asctime": "2025-08-10 10:13:55,315", "levelname": "INFO", "name": "AresGlobal.AresLauncher", "message": "✅ Cleanup completed", "correlation_id": "23dae26a-5e5b-4563-bf21-6a58bfd828aa", "session_id": "1283c214-dffb-4c72-9406-95b3b1bc9681", "timestamp": "2025-08-10T08:13:55.315107+00:00"}
