2025-08-06 23:19:08,559 - AresTradingSystem - INFO - ✅ Enhanced Logger initialization completed successfully
2025-08-06 23:22:28,231 - AresTradingSystem.System - INFO - Initializing Market Regime Classification Step...
2025-08-06 23:22:28,232 - AresTradingSystem.System - INFO - Market Regime Classification Step initialized successfully
2025-08-06 23:22:28,232 - AresTradingSystem.System - INFO - 🔄 Executing Market Regime Classification...
2025-08-06 23:22:28,232 - AresTradingSystem.System.UnifiedRegimeClassifier - INFO - Initializing UnifiedRegimeClassifier...
2025-08-06 23:22:28,232 - AresTradingSystem.System.UnifiedRegimeClassifier - INFO - 📄 No HMM model found at: checkpoints/analyst_models/unified_hmm_model_BINANCE_ETHUSDT_1h.joblib
2025-08-06 23:22:28,232 - AresTradingSystem.System.UnifiedRegimeClassifier - INFO - 📄 No ensemble model found at: checkpoints/analyst_models/unified_ensemble_model_BINANCE_ETHUSDT_1h.joblib
2025-08-06 23:22:28,232 - AresTradingSystem.System.UnifiedRegimeClassifier - INFO - 📄 No location model found at: checkpoints/analyst_models/unified_location_model_BINANCE_ETHUSDT_1h.joblib
2025-08-06 23:22:28,232 - AresTradingSystem.System.UnifiedRegimeClassifier - INFO - ✅ UnifiedRegimeClassifier initialized successfully
2025-08-06 23:22:28,236 - AresTradingSystem.System - INFO - Loaded historical data: 4 records
2025-08-06 23:22:28,236 - AresTradingSystem.System - INFO - Extracted klines data: 60367 rows
2025-08-06 23:22:28,236 - AresTradingSystem.System - INFO - Classifying market regimes for ETHUSDT on BINANCE...
2025-08-06 23:22:28,238 - AresTradingSystem.System - INFO - Converted timestamp index to column for regime classification
2025-08-06 23:22:28,238 - AresTradingSystem.System - INFO - Current data columns: ['timestamp', 'open', 'high', 'low', 'close', 'volume']
2025-08-06 23:22:28,240 - AresTradingSystem.System - INFO - 🎓 Training regime classification models...
2025-08-06 23:22:28,240 - AresTradingSystem.System.UnifiedRegimeClassifier - INFO - 🎓 Training Complete Regime Classification System...
2025-08-06 23:22:28,240 - AresTradingSystem.System.UnifiedRegimeClassifier - INFO - 🎓 Training HMM-based Market Regime Classifier...
2025-08-06 23:22:28,240 - AresTradingSystem.System.UnifiedRegimeClassifier - INFO - 🔧 Feature calculation input: 60367 rows, min required: 100
2025-08-06 23:22:28,240 - AresTradingSystem.System.UnifiedRegimeClassifier - INFO - 📋 Input columns: ['timestamp', 'open', 'high', 'low', 'close', 'volume']
2025-08-06 23:22:28,240 - AresTradingSystem.System.UnifiedRegimeClassifier - INFO - 📅 Input date range: 0 to 60366
2025-08-06 23:22:28,240 - AresTradingSystem.System.UnifiedRegimeClassifier - INFO - 🔧 Calculating features for 60367 periods...
2025-08-06 23:22:28,362 - AresTradingSystem.System.UnifiedRegimeClassifier - INFO - ✅ Calculated comprehensive features for 60342 periods (dropped 25 rows)
2025-08-06 23:22:30,087 - AresTradingSystem.System.UnifiedRegimeClassifier - INFO - State 0: BEAR (mean_return=-0.0004, mean_vol=0.0013, vol_regime=0.544)
2025-08-06 23:22:30,093 - AresTradingSystem.System.UnifiedRegimeClassifier - INFO - State 1: SIDEWAYS (mean_return=0.0000, mean_vol=0.0007, vol_regime=0.000)
2025-08-06 23:22:30,094 - AresTradingSystem.System.UnifiedRegimeClassifier - INFO - State 2: SIDEWAYS (mean_return=0.0001, mean_vol=0.0017, vol_regime=0.384)
2025-08-06 23:22:30,095 - AresTradingSystem.System.UnifiedRegimeClassifier - INFO - State 3: VOLATILE (mean_return=0.0013, mean_vol=0.0008, vol_regime=0.801)
2025-08-06 23:22:30,096 - AresTradingSystem.System.UnifiedRegimeClassifier - INFO - ✅ HMM-based regime classifier trained successfully
2025-08-06 23:22:30,098 - AresTradingSystem.System.UnifiedRegimeClassifier - INFO - 🎓 Training Basic Regime Ensemble...
2025-08-06 23:22:30,098 - AresTradingSystem.System.UnifiedRegimeClassifier - INFO - 🔧 Calculating features for 60367 periods...
2025-08-06 23:22:30,256 - AresTradingSystem.System.UnifiedRegimeClassifier - INFO - ✅ Calculated comprehensive features for 60342 periods (dropped 25 rows)
2025-08-06 23:22:34,164 - AresTradingSystem.System.UnifiedRegimeClassifier - INFO - ✅ Basic regime ensemble trained successfully
2025-08-06 23:22:34,173 - AresTradingSystem.System.UnifiedRegimeClassifier - INFO - 🎓 Training Location Classifier...
2025-08-06 23:22:34,173 - AresTradingSystem.System.UnifiedRegimeClassifier - INFO - 🔧 Calculating features for 60367 periods...
2025-08-06 23:22:34,327 - AresTradingSystem.System.UnifiedRegimeClassifier - INFO - ✅ Calculated comprehensive features for 60342 periods (dropped 25 rows)
2025-08-06 23:22:34,557 - AresTradingSystem.System.UnifiedRegimeClassifier - INFO - 📍 Calculated 10 support and 10 resistance levels
2025-08-06 23:22:38,039 - AresTradingSystem.System.UnifiedRegimeClassifier - INFO - ✅ Location classifier trained successfully
2025-08-06 23:22:38,075 - AresTradingSystem.System.UnifiedRegimeClassifier - INFO - ✅ Complete regime classification system trained successfully
2025-08-06 23:22:38,076 - AresTradingSystem.System - INFO - ✅ Regime classification models trained successfully
2025-08-06 23:22:38,076 - AresTradingSystem.System.UnifiedRegimeClassifier - INFO - Classifying market regimes using 1h timeframe...
2025-08-06 23:22:38,076 - AresTradingSystem.System.UnifiedRegimeClassifier - INFO - 📊 Input data shape: (60367, 6)
2025-08-06 23:22:38,076 - AresTradingSystem.System.UnifiedRegimeClassifier - INFO - 📋 Input data columns: ['timestamp', 'open', 'high', 'low', 'close', 'volume']
2025-08-06 23:22:38,076 - AresTradingSystem.System.UnifiedRegimeClassifier - INFO - 📅 Input data index type: <class 'pandas.core.indexes.range.RangeIndex'>
2025-08-06 23:22:38,078 - AresTradingSystem.System.UnifiedRegimeClassifier - INFO - 🔄 Converting timestamp column to datetime index
2025-08-06 23:22:38,087 - AresTradingSystem.System.UnifiedRegimeClassifier - INFO - 📅 Data index after conversion: 2025-06-22 23:23:00 to 2025-08-03 21:29:00
2025-08-06 23:22:38,087 - AresTradingSystem.System.UnifiedRegimeClassifier - INFO - 🔄 Resampling 60367 rows to 1h timeframe...
2025-08-06 23:22:38,102 - AresTradingSystem.System.UnifiedRegimeClassifier - INFO - 📊 After resampling: 1007 hourly rows
2025-08-06 23:22:38,102 - AresTradingSystem.System.UnifiedRegimeClassifier - INFO - 📅 Hourly data range: 2025-06-22 23:00:00 to 2025-08-03 21:00:00
2025-08-06 23:22:38,102 - AresTradingSystem.System.UnifiedRegimeClassifier - INFO - 🔄 Using rolling window size: 100 for 1007 hourly rows
2025-08-06 23:22:38,103 - AresTradingSystem.System.UnifiedRegimeClassifier - INFO - 🔍 Processing window 20/1007: 20 data points
2025-08-06 23:22:38,103 - AresTradingSystem.System.UnifiedRegimeClassifier - INFO - 🤖 UnifiedRegimeClassifier: Starting regime prediction
2025-08-06 23:22:38,103 - AresTradingSystem.System.UnifiedRegimeClassifier - INFO - 📊 Model Status:
2025-08-06 23:22:38,103 - AresTradingSystem.System.UnifiedRegimeClassifier - INFO -    - HMM model: ✅ Available
2025-08-06 23:22:38,103 - AresTradingSystem.System.UnifiedRegimeClassifier - INFO -    - Basic ensemble: ✅ Available
2025-08-06 23:22:38,103 - AresTradingSystem.System.UnifiedRegimeClassifier - INFO -    - Location classifier: ✅ Available
2025-08-06 23:22:38,103 - AresTradingSystem.System.UnifiedRegimeClassifier - INFO -    - Training status: ✅ Trained
2025-08-06 23:22:38,103 - AresTradingSystem.System.UnifiedRegimeClassifier - INFO - 🔧 Calculating features for 20 periods...
2025-08-06 23:22:38,111 - AresTradingSystem.System.UnifiedRegimeClassifier - INFO - ✅ Calculated comprehensive features for 20 periods (dropped 0 rows)
2025-08-06 23:22:38,112 - AresTradingSystem.System.UnifiedRegimeClassifier - ERROR - Error in regime classification: cannot unpack non-iterable NoneType object
2025-08-06 23:22:38,123 - AresTradingSystem.System - INFO - Regime classification completed. Found 1 distinct regimes
2025-08-06 23:22:38,245 - AresTradingSystem.System - INFO - ✅ Market regime classification completed. Results saved to data/training/BINANCE_ETHUSDT_regime_classification.json
2025-08-06 23:22:38,302 - AresTradingSystem.System - INFO - Initializing Regime Data Splitting Step...
2025-08-06 23:22:38,302 - AresTradingSystem.System - INFO - Regime Data Splitting Step initialized successfully
2025-08-06 23:22:38,302 - AresTradingSystem.System - INFO - 🔄 Executing Regime Data Splitting...
2025-08-06 23:22:38,329 - AresTradingSystem.System - INFO - Splitting data by regimes for ETHUSDT on BINANCE...
2025-08-06 23:22:39,681 - AresTradingSystem.System - INFO - Regime 'SIDEWAYS': 60367 records
2025-08-06 23:22:39,681 - AresTradingSystem.System - INFO - High-data regimes: ['SIDEWAYS']
2025-08-06 23:22:39,681 - AresTradingSystem.System - INFO - Low-data regimes: []
2025-08-06 23:22:39,681 - AresTradingSystem.System - INFO - Other regimes: []
2025-08-06 23:22:39,689 - AresTradingSystem.System - INFO - Creating train/validation/test splits...
2025-08-06 23:22:39,695 - AresTradingSystem.System - INFO - ✅ Created train/validation/test splits:
2025-08-06 23:22:39,695 - AresTradingSystem.System - INFO -    - Train: 48293 records (80.0%)
2025-08-06 23:22:39,696 - AresTradingSystem.System - INFO -    - Validation: 6037 records (10.0%)
2025-08-06 23:22:39,696 - AresTradingSystem.System - INFO -    - Test: 6037 records (10.0%)
2025-08-06 23:22:39,697 - AresTradingSystem.System - INFO - ✅ Regime data splitting completed. Results saved to data/training/regime_data
2025-08-06 23:22:44,965 - AresTradingSystem.System.AutoencoderConfig - ERROR - Error loading config: expected str, bytes or os.PathLike object, not dict, using default config.
2025-08-06 23:22:44,984 - AresTradingSystem.System.FeatureEngineeringOrchestrator - INFO - 🚀 FeatureEngineeringOrchestrator initialized successfully
2025-08-06 23:22:44,984 - AresTradingSystem.System.PrecomputedFeaturesManager - WARNING - InfluxDB not available - features will be stored locally only
2025-08-06 23:22:44,985 - AresTradingSystem.System.AnalystLabelingFeatureEngineeringStep - INFO - Initializing Analyst Labeling and Feature Engineering Step...
2025-08-06 23:22:44,985 - AresTradingSystem.System.PrecomputedFeaturesManager - INFO - 🚀 Initializing PrecomputedFeaturesManager...
2025-08-06 23:22:44,985 - AresTradingSystem.System.PrecomputedFeaturesManager - INFO - Feature metadata storage configured
2025-08-06 23:22:44,985 - AresTradingSystem.System.PrecomputedFeaturesManager - INFO - ✅ PrecomputedFeaturesManager initialized successfully
2025-08-06 23:22:44,985 - AresTradingSystem.System.EfficientFeaturesDatabase - INFO - 🚀 Initializing EfficientFeaturesDatabase...
2025-08-06 23:22:44,985 - AresTradingSystem.System.EfficientFeaturesDatabase - INFO - Found 0 existing precomputed features databases
2025-08-06 23:22:44,985 - AresTradingSystem.System.EfficientFeaturesDatabase - INFO - ✅ EfficientFeaturesDatabase initialized successfully
2025-08-06 23:22:44,985 - AresTradingSystem.System.MetaLabelingSystem - INFO - 🚀 Initializing meta-labeling system...
2025-08-06 23:22:44,985 - AresTradingSystem.System.MetaLabelingSystem - INFO - ✅ Meta-labeling system initialized successfully
2025-08-06 23:22:44,985 - AresTradingSystem.System.UnifiedRegimeClassifier - INFO - Initializing UnifiedRegimeClassifier...
2025-08-06 23:22:44,985 - AresTradingSystem.System.UnifiedRegimeClassifier - INFO - 📄 No HMM model found at: checkpoints/analyst_models/unified_hmm_model_UNKNOWN_UNKNOWN_1h.joblib
2025-08-06 23:22:44,985 - AresTradingSystem.System.UnifiedRegimeClassifier - INFO - 📄 No ensemble model found at: checkpoints/analyst_models/unified_ensemble_model_UNKNOWN_UNKNOWN_1h.joblib
2025-08-06 23:22:44,986 - AresTradingSystem.System.UnifiedRegimeClassifier - INFO - 📄 No location model found at: checkpoints/analyst_models/unified_location_model_UNKNOWN_UNKNOWN_1h.joblib
2025-08-06 23:22:44,986 - AresTradingSystem.System.UnifiedRegimeClassifier - INFO - ✅ UnifiedRegimeClassifier initialized successfully
2025-08-06 23:22:44,986 - AresTradingSystem.System.AnalystLabelingFeatureEngineeringStep - INFO - Analyst Labeling and Feature Engineering Step initialized successfully
2025-08-06 23:22:44,986 - AresTradingSystem.System.AnalystLabelingFeatureEngineeringStep - INFO - 🔄 Executing Analyst Labeling and Feature Engineering with Incremental Processing...
2025-08-06 23:22:44,986 - AresTradingSystem.System.UnifiedRegimeClassifier - INFO - Initializing UnifiedRegimeClassifier...
2025-08-06 23:22:44,986 - AresTradingSystem.System.UnifiedRegimeClassifier - INFO - 📄 No HMM model found at: checkpoints/analyst_models/unified_hmm_model_BINANCE_ETHUSDT_1h.joblib
2025-08-06 23:22:44,986 - AresTradingSystem.System.UnifiedRegimeClassifier - INFO - 📄 No ensemble model found at: checkpoints/analyst_models/unified_ensemble_model_BINANCE_ETHUSDT_1h.joblib
2025-08-06 23:22:44,986 - AresTradingSystem.System.UnifiedRegimeClassifier - INFO - 📄 No location model found at: checkpoints/analyst_models/unified_location_model_BINANCE_ETHUSDT_1h.joblib
2025-08-06 23:22:44,986 - AresTradingSystem.System.UnifiedRegimeClassifier - INFO - ✅ UnifiedRegimeClassifier initialized successfully
2025-08-06 23:22:44,990 - AresTradingSystem.System.AnalystLabelingFeatureEngineeringStep - INFO - Loaded 60367 historical records for ETHUSDT on BINANCE
2025-08-06 23:22:44,991 - AresTradingSystem.System.AnalystLabelingFeatureEngineeringStep - INFO - No existing database found, will process all data
2025-08-06 23:22:44,992 - AresTradingSystem.System.AnalystLabelingFeatureEngineeringStep - INFO - Processing 1 missing time ranges
2025-08-06 23:22:44,995 - AresTradingSystem.System.AnalystLabelingFeatureEngineeringStep - INFO - 🔧 Processing NEW range with full feature engineering: 2025-06-22 23:23:00 to 2025-08-03 21:29:00 (60367 records)
2025-08-06 23:22:44,996 - AresTradingSystem.System.AnalystLabelingFeatureEngineeringStep - INFO - Processing data range: 60367 records
2025-08-06 23:22:44,996 - AresTradingSystem.System.AnalystLabelingFeatureEngineeringStep - INFO - Generating comprehensive features for ETHUSDT on BINANCE
2025-08-06 23:22:44,996 - AresTradingSystem.System.FeatureEngineeringOrchestrator - INFO - 🎯 Starting comprehensive feature generation orchestration...
2025-08-06 23:22:44,996 - AresTradingSystem.System.FeatureEngineeringOrchestrator - INFO - 📊 Generating all features with AdvancedFeatureEngineering...
2025-08-06 23:22:44,996 - AresTradingSystem.System.AdvancedFeatureEngineering - WARNING - AdvancedFeatureEngineering not initialized, initializing now...
2025-08-06 23:22:44,997 - AresTradingSystem.System.AdvancedFeatureEngineering - ERROR - Error generating features: 'AdvancedFeatureEngineering' object has no attribute '_calculate_standard_indicators'
2025-08-06 23:22:44,998 - AresTradingSystem.System.FeatureEngineeringOrchestrator - INFO - ✅ All features generated. Shape: (60367, 5)
2025-08-06 23:22:44,998 - AresTradingSystem.System.FeatureEngineeringOrchestrator - INFO - 🤖 Generating autoencoder features...
2025-08-06 23:22:44,998 - AresTradingSystem.System.FeatureEngineeringOrchestrator - WARNING - Autoencoder feature generation failed: AutoencoderFeatureGenerator.generate_features() missing 2 required positional arguments: 'regime_name' and 'labels'
2025-08-06 23:22:45,009 - AresTradingSystem.System.FeatureEngineeringOrchestrator - INFO - Feature cleanup completed. Final shape: (60367, 5)
2025-08-06 23:22:45,010 - AresTradingSystem.System.FeatureEngineeringOrchestrator - INFO - 🎉 Feature generation orchestration completed! Final shape: (60367, 5)
2025-08-06 23:22:45,010 - AresTradingSystem.System.FeatureEngineeringOrchestrator - INFO - 📊 Total features generated: 5
2025-08-06 23:22:45,011 - AresTradingSystem.System.AnalystLabelingFeatureEngineeringStep - INFO - Standardized 0 feature names
2025-08-06 23:22:45,011 - AresTradingSystem.System.AnalystLabelingFeatureEngineeringStep - INFO - Generated 5 comprehensive features
2025-08-06 23:22:45,012 - AresTradingSystem.System.AnalystLabelingFeatureEngineeringStep - INFO - Applying Tactician Triple Barrier Method for ETHUSDT on BINANCE...
2025-08-06 23:22:45,019 - AresTradingSystem.System.AnalystLabelingFeatureEngineeringStep - INFO - Pre-calculated volatility with a 100-period lookback.
2025-08-06 23:39:27,983 - AresTradingSystem.System.SignalHandler - WARNING - 🛑 Received SIGINT signal
2025-08-06 23:39:27,984 - AresTradingSystem.System.SignalHandler - WARNING - 🛑 Initiating graceful shutdown: SIGINT
2025-08-06 23:39:27,984 - AresTradingSystem.System.SignalHandler - INFO - Running 1 shutdown callbacks...
2025-08-06 23:39:27,984 - AresTradingSystem.System.SignalHandler - INFO - ✅ Shutdown callback 1 completed
2025-08-06 23:39:27,984 - AresTradingSystem.System.SignalHandler - INFO - ✅ All shutdown callbacks completed
