{"asctime": "2025-08-11 22:45:09,541", "levelname": "INFO", "name": "AresGlobal", "message": "================================================================================", "correlation_id": "-", "session_id": "-", "timestamp": "2025-08-11T20:45:09.541622+00:00"}
{"asctime": "2025-08-11 22:45:09,541", "levelname": "INFO", "name": "AresGlobal", "message": "📊 SESSION SUMMARY", "correlation_id": "-", "session_id": "-", "timestamp": "2025-08-11T20:45:09.541924+00:00"}
{"asctime": "2025-08-11 22:45:09,542", "levelname": "INFO", "name": "AresGlobal", "message": "Session started: 2025-08-11 22:45:09", "correlation_id": "-", "session_id": "-", "timestamp": "2025-08-11T20:45:09.542295+00:00"}
{"asctime": "2025-08-11 22:45:09,542", "levelname": "INFO", "name": "AresGlobal", "message": "This file contains ALL logs for this session", "correlation_id": "-", "session_id": "-", "timestamp": "2025-08-11T20:45:09.542480+00:00"}
{"asctime": "2025-08-11 22:45:09,542", "levelname": "INFO", "name": "AresGlobal", "message": "================================================================================", "correlation_id": "-", "session_id": "-", "timestamp": "2025-08-11T20:45:09.542648+00:00"}
{"asctime": "2025-08-11 22:45:09,543", "levelname": "INFO", "name": "AresGlobal", "message": "[SYSTEM] ================================================================================", "correlation_id": "-", "session_id": "-", "timestamp": "2025-08-11T20:45:09.543037+00:00"}
{"asctime": "2025-08-11 22:45:09,543", "levelname": "INFO", "name": "AresGlobal", "message": "[SYSTEM] 🚀 ARES LAUNCHER STARTED - Mode: INITIALIZATION", "correlation_id": "-", "session_id": "-", "timestamp": "2025-08-11T20:45:09.543293+00:00"}
{"asctime": "2025-08-11 22:45:09,543", "levelname": "INFO", "name": "AresGlobal", "message": "[SYSTEM] Start time: 2025-08-11 22:45:09", "correlation_id": "-", "session_id": "-", "timestamp": "2025-08-11T20:45:09.543557+00:00"}
{"asctime": "2025-08-11 22:45:09,543", "levelname": "INFO", "name": "AresGlobal", "message": "[SYSTEM] Log directory: log", "correlation_id": "-", "session_id": "-", "timestamp": "2025-08-11T20:45:09.543811+00:00"}
{"asctime": "2025-08-11 22:45:09,544", "levelname": "INFO", "name": "AresGlobal", "message": "[SYSTEM] ================================================================================", "correlation_id": "-", "session_id": "-", "timestamp": "2025-08-11T20:45:09.544048+00:00"}
{"asctime": "2025-08-11 22:45:09,544", "levelname": "INFO", "name": "AresGlobal.AresLauncher", "message": "================================================================================", "correlation_id": "-", "session_id": "-", "timestamp": "2025-08-11T20:45:09.544170+00:00"}
{"asctime": "2025-08-11 22:45:09,544", "levelname": "INFO", "name": "AresGlobal.AresLauncher", "message": "🚀 ARES COMPREHENSIVE LAUNCHER", "correlation_id": "-", "session_id": "-", "timestamp": "2025-08-11T20:45:09.544287+00:00"}
{"asctime": "2025-08-11 22:45:09,544", "levelname": "INFO", "name": "AresGlobal.AresLauncher", "message": "================================================================================", "correlation_id": "-", "session_id": "-", "timestamp": "2025-08-11T20:45:09.544411+00:00"}
{"asctime": "2025-08-11 22:45:09,544", "levelname": "INFO", "name": "AresGlobal.AresLauncher", "message": "Start time: 2025-08-11 22:45:09", "correlation_id": "-", "session_id": "-", "timestamp": "2025-08-11T20:45:09.544539+00:00"}
{"asctime": "2025-08-11 22:45:09,544", "levelname": "INFO", "name": "AresGlobal.AresLauncher", "message": "Log directory: log", "correlation_id": "-", "session_id": "-", "timestamp": "2025-08-11T20:45:09.544655+00:00"}
{"asctime": "2025-08-11 22:45:09,544", "levelname": "INFO", "name": "AresGlobal.AresLauncher", "message": "Log level: INFO", "correlation_id": "-", "session_id": "-", "timestamp": "2025-08-11T20:45:09.544770+00:00"}
{"asctime": "2025-08-11 22:45:09,544", "levelname": "INFO", "name": "AresGlobal.AresLauncher", "message": "Global log file: ares_global_20250811_224509.log", "correlation_id": "-", "session_id": "-", "timestamp": "2025-08-11T20:45:09.544894+00:00"}
{"asctime": "2025-08-11 22:45:09,545", "levelname": "INFO", "name": "AresGlobal.AresLauncher", "message": "================================================================================", "correlation_id": "-", "session_id": "-", "timestamp": "2025-08-11T20:45:09.545019+00:00"}
{"asctime": "2025-08-11 22:45:09,545", "levelname": "INFO", "name": "AresGlobal", "message": "[SYSTEM] ================================================================================", "correlation_id": "-", "session_id": "-", "timestamp": "2025-08-11T20:45:09.545477+00:00"}
{"asctime": "2025-08-11 22:45:09,545", "levelname": "INFO", "name": "AresGlobal", "message": "[SYSTEM] 🚀 ARES LAUNCHER STARTED - Mode: regime - Symbol: ETHUSDT - Exchange: BINANCE", "correlation_id": "-", "session_id": "-", "timestamp": "2025-08-11T20:45:09.545976+00:00"}
{"asctime": "2025-08-11 22:45:09,546", "levelname": "INFO", "name": "AresGlobal", "message": "[SYSTEM] Start time: 2025-08-11 22:45:09", "correlation_id": "-", "session_id": "-", "timestamp": "2025-08-11T20:45:09.546284+00:00"}
{"asctime": "2025-08-11 22:45:09,546", "levelname": "INFO", "name": "AresGlobal", "message": "[SYSTEM] Log directory: log", "correlation_id": "-", "session_id": "-", "timestamp": "2025-08-11T20:45:09.546540+00:00"}
{"asctime": "2025-08-11 22:45:09,546", "levelname": "INFO", "name": "AresGlobal", "message": "[SYSTEM] ================================================================================", "correlation_id": "-", "session_id": "-", "timestamp": "2025-08-11T20:45:09.546786+00:00"}
{"asctime": "2025-08-11 22:45:09,547", "levelname": "INFO", "name": "AresGlobal.AresLauncher", "message": "🧠 Running regime operations for ETHUSDT on BINANCE", "correlation_id": "-", "session_id": "-", "timestamp": "2025-08-11T20:45:09.547186+00:00"}
{"asctime": "2025-08-11 22:45:09,547", "levelname": "INFO", "name": "AresGlobal.AresLauncher", "message": "📋 Subcommand: train", "correlation_id": "-", "session_id": "-", "timestamp": "2025-08-11T20:45:09.547338+00:00"}
{"asctime": "2025-08-11 22:45:09,547", "levelname": "INFO", "name": "AresGlobal.AresLauncher", "message": "🖥️ GUI mode: False", "correlation_id": "-", "session_id": "-", "timestamp": "2025-08-11T20:45:09.547469+00:00"}
{"asctime": "2025-08-11 22:45:09,547", "levelname": "INFO", "name": "AresGlobal.AresLauncher", "message": "⏰ Start time: 2025-08-11 22:45:09", "correlation_id": "-", "session_id": "-", "timestamp": "2025-08-11T20:45:09.547603+00:00"}
{"asctime": "2025-08-11 22:45:09,547", "levelname": "INFO", "name": "AresGlobal.AresLauncher", "message": "📦 Importing required modules...", "correlation_id": "-", "session_id": "-", "timestamp": "2025-08-11T20:45:09.547724+00:00"}
{"asctime": "2025-08-11 22:45:12,942", "levelname": "INFO", "name": "AresGlobal.AresLauncher", "message": "✅ Modules imported successfully", "correlation_id": "-", "session_id": "-", "timestamp": "2025-08-11T20:45:12.942452+00:00"}
{"asctime": "2025-08-11 22:45:12,942", "levelname": "INFO", "name": "AresGlobal.AresLauncher", "message": "🔧 Initializing unified regime classifier...", "correlation_id": "-", "session_id": "-", "timestamp": "2025-08-11T20:45:12.942825+00:00"}
{"asctime": "2025-08-11 22:45:12,943", "levelname": "INFO", "name": "AresGlobal.UnifiedRegimeClassifier", "message": "", "correlation_id": "-", "session_id": "-", "msg": "UnifiedRegimeClassifier configuration", "n_states_configured": 3, "n_states_enforced_min": 3, "min_data_points_default": 500, "thresholds": {"adx_sideways_threshold": 18, "volatility_threshold": 0.02, "atr_normalized_threshold": 0.028, "volatility_percentile_threshold": 0.75, "bb_width_volatility_threshold": 0.045}, "timestamp": "2025-08-11T20:45:12.943180+00:00"}
{"asctime": "2025-08-11 22:45:12,943", "levelname": "INFO", "name": "AresGlobal.AresLauncher", "message": "✅ Unified regime classifier initialized successfully", "correlation_id": "-", "session_id": "-", "timestamp": "2025-08-11T20:45:12.943416+00:00"}
{"asctime": "2025-08-11 22:45:12,943", "levelname": "INFO", "name": "AresGlobal.AresLauncher", "message": "🚀 Starting unified regime classifier training for ETHUSDT on BINANCE (2 years data)...", "correlation_id": "-", "session_id": "-", "timestamp": "2025-08-11T20:45:12.943549+00:00"}
{"asctime": "2025-08-11 22:45:12,943", "levelname": "INFO", "name": "AresGlobal.AresLauncher", "message": "📊 Training configuration:", "correlation_id": "-", "session_id": "-", "timestamp": "2025-08-11T20:45:12.943688+00:00"}
{"asctime": "2025-08-11 22:45:12,943", "levelname": "INFO", "name": "AresGlobal.AresLauncher", "message": "   - Symbol: ETHUSDT", "correlation_id": "-", "session_id": "-", "timestamp": "2025-08-11T20:45:12.943804+00:00"}
{"asctime": "2025-08-11 22:45:12,943", "levelname": "INFO", "name": "AresGlobal.AresLauncher", "message": "   - Exchange: BINANCE", "correlation_id": "-", "session_id": "-", "timestamp": "2025-08-11T20:45:12.943908+00:00"}
{"asctime": "2025-08-11 22:45:12,944", "levelname": "INFO", "name": "AresGlobal.AresLauncher", "message": "   - Lookback years: 2", "correlation_id": "-", "session_id": "-", "timestamp": "2025-08-11T20:45:12.944011+00:00"}
{"asctime": "2025-08-11 22:45:12,944", "levelname": "INFO", "name": "AresGlobal.AresLauncher", "message": "   - Target timeframe: 1h", "correlation_id": "-", "session_id": "-", "timestamp": "2025-08-11T20:45:12.944112+00:00"}
{"asctime": "2025-08-11 22:45:13,145", "levelname": "INFO", "name": "AresGlobal.UnifiedRegimeClassifier", "message": "🎓 Training Complete Regime Classification System...", "correlation_id": "-", "session_id": "-", "timestamp": "2025-08-11T20:45:13.145363+00:00"}
{"asctime": "2025-08-11 22:45:13,145", "levelname": "INFO", "name": "AresGlobal.UnifiedRegimeClassifier", "message": "🎓 Training HMM-based Market Regime Classifier...", "correlation_id": "-", "session_id": "-", "timestamp": "2025-08-11T20:45:13.145704+00:00"}
{"asctime": "2025-08-11 22:45:13,145", "levelname": "INFO", "name": "AresGlobal.UnifiedRegimeClassifier", "message": "🔧 Calculating features for 17756 periods...", "correlation_id": "-", "session_id": "-", "timestamp": "2025-08-11T20:45:13.145877+00:00"}
{"asctime": "2025-08-11 22:45:13,282", "levelname": "INFO", "name": "AresGlobal.UnifiedRegimeClassifier", "message": "✅ Calculated comprehensive features for 17755 periods (dropped 1 rows due to NaN)", "correlation_id": "-", "session_id": "-", "timestamp": "2025-08-11T20:45:13.282873+00:00"}
{"asctime": "2025-08-11 22:45:14,000", "levelname": "INFO", "name": "AresGlobal.UnifiedRegimeClassifier", "message": "State 0: BULL (mean_return=0.0001, mean_vol=0.0056, mean_adx=21.34, is_sideways=False)", "correlation_id": "-", "session_id": "-", "timestamp": "2025-08-11T20:45:14.000594+00:00"}
{"asctime": "2025-08-11 22:45:14,001", "levelname": "INFO", "name": "AresGlobal.UnifiedRegimeClassifier", "message": "State 1: BEAR (mean_return=-0.0029, mean_vol=0.0009, mean_adx=44.62, is_sideways=False)", "correlation_id": "-", "session_id": "-", "timestamp": "2025-08-11T20:45:14.001891+00:00"}
{"asctime": "2025-08-11 22:45:14,002", "levelname": "INFO", "name": "AresGlobal.UnifiedRegimeClassifier", "message": "State 2: BEAR (mean_return=-0.0011, mean_vol=0.0145, mean_adx=28.95, is_sideways=False)", "correlation_id": "-", "session_id": "-", "timestamp": "2025-08-11T20:45:14.002767+00:00"}
{"asctime": "2025-08-11 22:45:14,003", "levelname": "INFO", "name": "AresGlobal.UnifiedRegimeClassifier", "message": "", "correlation_id": "-", "session_id": "-", "msg": "HMM state mapping summary", "n_states": 3, "unique_mapped_regimes": ["BEAR", "BULL"], "mapped_counts": {"BULL": 16976, "BEAR": 779}, "thresholds": {"adx_sideways_threshold": 18, "volatility_threshold": 0.02, "atr_normalized_threshold": 0.028}, "timestamp": "2025-08-11T20:45:14.003330+00:00"}
{"asctime": "2025-08-11 22:45:14,004", "levelname": "INFO", "name": "AresGlobal.UnifiedRegimeClassifier", "message": "✅ HMM-based regime classifier trained successfully", "correlation_id": "-", "session_id": "-", "timestamp": "2025-08-11T20:45:14.004166+00:00"}
{"asctime": "2025-08-11 22:45:14,005", "levelname": "INFO", "name": "AresGlobal.UnifiedRegimeClassifier", "message": "🎓 Training Basic Regime Ensemble...", "correlation_id": "-", "session_id": "-", "timestamp": "2025-08-11T20:45:14.005576+00:00"}
{"asctime": "2025-08-11 22:45:14,005", "levelname": "INFO", "name": "AresGlobal.UnifiedRegimeClassifier", "message": "🔧 Calculating features for 17756 periods...", "correlation_id": "-", "session_id": "-", "timestamp": "2025-08-11T20:45:14.005967+00:00"}
{"asctime": "2025-08-11 22:45:14,117", "levelname": "INFO", "name": "AresGlobal.UnifiedRegimeClassifier", "message": "✅ Calculated comprehensive features for 17755 periods (dropped 1 rows due to NaN)", "correlation_id": "-", "session_id": "-", "timestamp": "2025-08-11T20:45:14.117514+00:00"}
{"asctime": "2025-08-11 22:45:14,133", "levelname": "INFO", "name": "AresGlobal.UnifiedRegimeClassifier", "message": "📊 Ensemble training regime distribution (balanced): {'BEAR': 0.04387496479864827, 'BULL': 0.9561250352013517}", "correlation_id": "-", "session_id": "-", "timestamp": "2025-08-11T20:45:14.133236+00:00"}
{"asctime": "2025-08-11 22:45:14,133", "levelname": "INFO", "name": "AresGlobal.UnifiedRegimeClassifier", "message": "✅ SIDEWAYS ratio in ensemble training data is 0.000 (within acceptable range)", "correlation_id": "-", "session_id": "-", "timestamp": "2025-08-11T20:45:14.133595+00:00"}
{"asctime": "2025-08-11 22:45:15,040", "levelname": "INFO", "name": "AresGlobal.UnifiedRegimeClassifier", "message": "📊 Ensemble training results distribution: {np.str_('BEAR'): 0.062235989862010704, np.str_('BULL'): 0.9377640101379893}", "correlation_id": "-", "session_id": "-", "timestamp": "2025-08-11T20:45:15.040960+00:00"}
{"asctime": "2025-08-11 22:45:15,041", "levelname": "INFO", "name": "AresGlobal.UnifiedRegimeClassifier", "message": "✅ Ensemble training maintained SIDEWAYS ratio 0.000 (within acceptable range)", "correlation_id": "-", "session_id": "-", "timestamp": "2025-08-11T20:45:15.041641+00:00"}
{"asctime": "2025-08-11 22:45:15,041", "levelname": "INFO", "name": "AresGlobal.UnifiedRegimeClassifier", "message": "✅ Basic regime ensemble trained successfully", "correlation_id": "-", "session_id": "-", "timestamp": "2025-08-11T20:45:15.041968+00:00"}
{"asctime": "2025-08-11 22:45:15,043", "levelname": "INFO", "name": "AresGlobal.UnifiedRegimeClassifier", "message": "🎓 Training Location Classifier...", "correlation_id": "-", "session_id": "-", "timestamp": "2025-08-11T20:45:15.043015+00:00"}
{"asctime": "2025-08-11 22:45:15,043", "levelname": "INFO", "name": "AresGlobal.UnifiedRegimeClassifier", "message": "🔧 Calculating features for 17756 periods...", "correlation_id": "-", "session_id": "-", "timestamp": "2025-08-11T20:45:15.043239+00:00"}
{"asctime": "2025-08-11 22:45:15,173", "levelname": "INFO", "name": "AresGlobal.UnifiedRegimeClassifier", "message": "✅ Calculated comprehensive features for 17755 periods (dropped 1 rows due to NaN)", "correlation_id": "-", "session_id": "-", "timestamp": "2025-08-11T20:45:15.173274+00:00"}
{"asctime": "2025-08-11 22:45:15,173", "levelname": "INFO", "name": "AresGlobal.UnifiedRegimeClassifier", "message": "Classifying location with tactical pivots and strategic volume levels...", "correlation_id": "-", "session_id": "-", "timestamp": "2025-08-11T20:45:15.173789+00:00"}
{"asctime": "2025-08-11 22:45:15,174", "levelname": "INFO", "name": "AresGlobal.UnifiedRegimeClassifier", "message": "🔍 Calculating global volume levels...", "correlation_id": "-", "session_id": "-", "timestamp": "2025-08-11T20:45:15.174254+00:00"}
{"asctime": "2025-08-11 22:45:15,184", "levelname": "INFO", "name": "AresGlobal.UnifiedRegimeClassifier", "message": "📊 Processing 17035 records in 171 batches...", "correlation_id": "-", "session_id": "-", "timestamp": "2025-08-11T20:45:15.184753+00:00"}
{"asctime": "2025-08-11 22:45:18,069", "levelname": "INFO", "name": "AresGlobal.UnifiedRegimeClassifier", "message": "🔄 Processing batch 10/171 (records 1620-1720)", "correlation_id": "-", "session_id": "-", "timestamp": "2025-08-11T20:45:18.069693+00:00"}
{"asctime": "2025-08-11 22:45:21,556", "levelname": "INFO", "name": "AresGlobal.UnifiedRegimeClassifier", "message": "🔄 Processing batch 20/171 (records 2620-2720)", "correlation_id": "-", "session_id": "-", "timestamp": "2025-08-11T20:45:21.556578+00:00"}
{"asctime": "2025-08-11 22:45:25,882", "levelname": "INFO", "name": "AresGlobal.UnifiedRegimeClassifier", "message": "🔄 Processing batch 30/171 (records 3620-3720)", "correlation_id": "-", "session_id": "-", "timestamp": "2025-08-11T20:45:25.882230+00:00"}
{"asctime": "2025-08-11 22:45:29,035", "levelname": "INFO", "name": "AresGlobal.UnifiedRegimeClassifier", "message": "🔄 Processing batch 40/171 (records 4620-4720)", "correlation_id": "-", "session_id": "-", "timestamp": "2025-08-11T20:45:29.035066+00:00"}
{"asctime": "2025-08-11 22:45:32,366", "levelname": "INFO", "name": "AresGlobal.UnifiedRegimeClassifier", "message": "🔄 Processing batch 50/171 (records 5620-5720)", "correlation_id": "-", "session_id": "-", "timestamp": "2025-08-11T20:45:32.366072+00:00"}
{"asctime": "2025-08-11 22:45:35,584", "levelname": "INFO", "name": "AresGlobal.UnifiedRegimeClassifier", "message": "🔄 Processing batch 60/171 (records 6620-6720)", "correlation_id": "-", "session_id": "-", "timestamp": "2025-08-11T20:45:35.584933+00:00"}
{"asctime": "2025-08-11 22:45:40,418", "levelname": "INFO", "name": "AresGlobal.UnifiedRegimeClassifier", "message": "🔄 Processing batch 70/171 (records 7620-7720)", "correlation_id": "-", "session_id": "-", "timestamp": "2025-08-11T20:45:40.418853+00:00"}
{"asctime": "2025-08-11 22:45:43,105", "levelname": "INFO", "name": "AresGlobal.UnifiedRegimeClassifier", "message": "🔄 Processing batch 80/171 (records 8620-8720)", "correlation_id": "-", "session_id": "-", "timestamp": "2025-08-11T20:45:43.105284+00:00"}
{"asctime": "2025-08-11 22:45:45,808", "levelname": "INFO", "name": "AresGlobal.UnifiedRegimeClassifier", "message": "🔄 Processing batch 90/171 (records 9620-9720)", "correlation_id": "-", "session_id": "-", "timestamp": "2025-08-11T20:45:45.808378+00:00"}
{"asctime": "2025-08-11 22:45:48,697", "levelname": "INFO", "name": "AresGlobal.UnifiedRegimeClassifier", "message": "🔄 Processing batch 100/171 (records 10620-10720)", "correlation_id": "-", "session_id": "-", "timestamp": "2025-08-11T20:45:48.697357+00:00"}
{"asctime": "2025-08-11 22:45:51,372", "levelname": "INFO", "name": "AresGlobal.UnifiedRegimeClassifier", "message": "🔄 Processing batch 110/171 (records 11620-11720)", "correlation_id": "-", "session_id": "-", "timestamp": "2025-08-11T20:45:51.372547+00:00"}
{"asctime": "2025-08-11 22:45:56,824", "levelname": "INFO", "name": "AresGlobal.UnifiedRegimeClassifier", "message": "🔄 Processing batch 120/171 (records 12620-12720)", "correlation_id": "-", "session_id": "-", "timestamp": "2025-08-11T20:45:56.824193+00:00"}
{"asctime": "2025-08-11 22:46:01,007", "levelname": "INFO", "name": "AresGlobal.UnifiedRegimeClassifier", "message": "🔄 Processing batch 130/171 (records 13620-13720)", "correlation_id": "-", "session_id": "-", "timestamp": "2025-08-11T20:46:01.007808+00:00"}
{"asctime": "2025-08-11 22:46:04,008", "levelname": "INFO", "name": "AresGlobal.UnifiedRegimeClassifier", "message": "🔄 Processing batch 140/171 (records 14620-14720)", "correlation_id": "-", "session_id": "-", "timestamp": "2025-08-11T20:46:04.008767+00:00"}
{"asctime": "2025-08-11 22:46:06,932", "levelname": "INFO", "name": "AresGlobal.UnifiedRegimeClassifier", "message": "🔄 Processing batch 150/171 (records 15620-15720)", "correlation_id": "-", "session_id": "-", "timestamp": "2025-08-11T20:46:06.932142+00:00"}
{"asctime": "2025-08-11 22:46:10,137", "levelname": "INFO", "name": "AresGlobal.UnifiedRegimeClassifier", "message": "🔄 Processing batch 160/171 (records 16620-16720)", "correlation_id": "-", "session_id": "-", "timestamp": "2025-08-11T20:46:10.137395+00:00"}
{"asctime": "2025-08-11 22:46:13,802", "levelname": "INFO", "name": "AresGlobal.UnifiedRegimeClassifier", "message": "🔄 Processing batch 170/171 (records 17620-17720)", "correlation_id": "-", "session_id": "-", "timestamp": "2025-08-11T20:46:13.802357+00:00"}
{"asctime": "2025-08-11 22:46:14,123", "levelname": "INFO", "name": "AresGlobal.UnifiedRegimeClassifier", "message": "✅ Finished classifying locations. Found: {'OPEN_RANGE': 17755}", "correlation_id": "-", "session_id": "-", "timestamp": "2025-08-11T20:46:14.123190+00:00"}
{"asctime": "2025-08-11 22:46:14,140", "levelname": "INFO", "name": "AresGlobal.UnifiedRegimeClassifier", "message": "✅ Location classifier trained successfully", "correlation_id": "-", "session_id": "-", "timestamp": "2025-08-11T20:46:14.140976+00:00"}
{"asctime": "2025-08-11 22:46:14,141", "levelname": "INFO", "name": "AresGlobal.UnifiedRegimeClassifier", "message": "✅ Complete regime classification system trained successfully", "correlation_id": "-", "session_id": "-", "timestamp": "2025-08-11T20:46:14.141844+00:00"}
{"asctime": "2025-08-11 22:46:14,143", "levelname": "INFO", "name": "AresGlobal.UnifiedRegimeClassifier", "message": "✅ HMM model saved to /Users/remyroche/Documents/Ares/checkpoints/analyst_models/unified_hmm_model_BINANCE_ETHUSDT_1h.joblib", "correlation_id": "-", "session_id": "-", "timestamp": "2025-08-11T20:46:14.143424+00:00"}
{"asctime": "2025-08-11 22:46:14,146", "levelname": "INFO", "name": "AresGlobal.UnifiedRegimeClassifier", "message": "✅ Basic ensemble saved to /Users/remyroche/Documents/Ares/checkpoints/analyst_models/unified_ensemble_model_BINANCE_ETHUSDT_1h.joblib", "correlation_id": "-", "session_id": "-", "timestamp": "2025-08-11T20:46:14.146768+00:00"}
{"asctime": "2025-08-11 22:46:14,148", "levelname": "INFO", "name": "AresGlobal.UnifiedRegimeClassifier", "message": "✅ Location classifier saved to /Users/remyroche/Documents/Ares/checkpoints/analyst_models/unified_location_model_BINANCE_ETHUSDT_1h.joblib", "correlation_id": "-", "session_id": "-", "timestamp": "2025-08-11T20:46:14.148030+00:00"}
{"asctime": "2025-08-11 22:46:14,148", "levelname": "INFO", "name": "AresGlobal.AresLauncher", "message": "✅ Unified regime classifier training completed successfully", "correlation_id": "-", "session_id": "-", "timestamp": "2025-08-11T20:46:14.148792+00:00"}
{"asctime": "2025-08-11 22:46:14,149", "levelname": "INFO", "name": "AresGlobal", "message": "[SYSTEM] ================================================================================", "correlation_id": "-", "session_id": "-", "timestamp": "2025-08-11T20:46:14.149851+00:00"}
{"asctime": "2025-08-11 22:46:14,150", "levelname": "INFO", "name": "AresGlobal", "message": "[SYSTEM] 🛑 ARES LAUNCHER ENDED - Exit code: 0", "correlation_id": "-", "session_id": "-", "timestamp": "2025-08-11T20:46:14.150076+00:00"}
{"asctime": "2025-08-11 22:46:14,150", "levelname": "INFO", "name": "AresGlobal", "message": "[SYSTEM] End time: 2025-08-11 22:46:14", "correlation_id": "-", "session_id": "-", "timestamp": "2025-08-11T20:46:14.150266+00:00"}
{"asctime": "2025-08-11 22:46:14,150", "levelname": "INFO", "name": "AresGlobal", "message": "[SYSTEM] ================================================================================", "correlation_id": "-", "session_id": "-", "timestamp": "2025-08-11T20:46:14.150423+00:00"}
{"asctime": "2025-08-11 22:46:14,150", "levelname": "INFO", "name": "AresGlobal.AresLauncher", "message": "🧹 Cleaning up processes...", "correlation_id": "-", "session_id": "-", "timestamp": "2025-08-11T20:46:14.150506+00:00"}
{"asctime": "2025-08-11 22:46:14,150", "levelname": "INFO", "name": "AresGlobal.AresLauncher", "message": "✅ Cleanup completed", "correlation_id": "-", "session_id": "-", "timestamp": "2025-08-11T20:46:14.150594+00:00"}
