{"asctime": "2025-08-10 16:05:19,120", "levelname": "INFO", "name": "AresGlobal", "message": "================================================================================", "correlation_id": "-", "session_id": "-", "timestamp": "2025-08-10T14:05:19.120625+00:00"}
{"asctime": "2025-08-10 16:05:19,120", "levelname": "INFO", "name": "AresGlobal", "message": "📊 SESSION SUMMARY", "correlation_id": "-", "session_id": "-", "timestamp": "2025-08-10T14:05:19.120727+00:00"}
{"asctime": "2025-08-10 16:05:19,120", "levelname": "INFO", "name": "AresGlobal", "message": "Session started: 2025-08-10 16:05:19", "correlation_id": "-", "session_id": "-", "timestamp": "2025-08-10T14:05:19.120804+00:00"}
{"asctime": "2025-08-10 16:05:19,120", "levelname": "INFO", "name": "AresGlobal", "message": "This file contains ALL logs for this session", "correlation_id": "-", "session_id": "-", "timestamp": "2025-08-10T14:05:19.120862+00:00"}
{"asctime": "2025-08-10 16:05:19,120", "levelname": "INFO", "name": "AresGlobal", "message": "================================================================================", "correlation_id": "-", "session_id": "-", "timestamp": "2025-08-10T14:05:19.120917+00:00"}
{"asctime": "2025-08-10 16:05:19,121", "levelname": "INFO", "name": "AresGlobal", "message": "Applied NumPy RNG unpickle compatibility shim (ModelManager)", "correlation_id": "-", "session_id": "-", "timestamp": "2025-08-10T14:05:19.121403+00:00"}
{"asctime": "2025-08-10 16:05:19,121", "levelname": "INFO", "name": "AresGlobal", "message": "[SYSTEM] ================================================================================", "correlation_id": "-", "session_id": "-", "timestamp": "2025-08-10T14:05:19.121537+00:00"}
{"asctime": "2025-08-10 16:05:19,121", "levelname": "INFO", "name": "AresGlobal", "message": "[SYSTEM] 🚀 ARES LAUNCHER STARTED - Mode: INITIALIZATION", "correlation_id": "-", "session_id": "-", "timestamp": "2025-08-10T14:05:19.121647+00:00"}
{"asctime": "2025-08-10 16:05:19,121", "levelname": "INFO", "name": "AresGlobal", "message": "[SYSTEM] Start time: 2025-08-10 16:05:19", "correlation_id": "-", "session_id": "-", "timestamp": "2025-08-10T14:05:19.121760+00:00"}
{"asctime": "2025-08-10 16:05:19,121", "levelname": "INFO", "name": "AresGlobal", "message": "[SYSTEM] Log directory: log", "correlation_id": "-", "session_id": "-", "timestamp": "2025-08-10T14:05:19.121863+00:00"}
{"asctime": "2025-08-10 16:05:19,121", "levelname": "INFO", "name": "AresGlobal", "message": "[SYSTEM] ================================================================================", "correlation_id": "-", "session_id": "-", "timestamp": "2025-08-10T14:05:19.121967+00:00"}
{"asctime": "2025-08-10 16:05:19,122", "levelname": "INFO", "name": "AresGlobal.AresLauncher", "message": "================================================================================", "correlation_id": "-", "session_id": "-", "timestamp": "2025-08-10T14:05:19.122020+00:00"}
{"asctime": "2025-08-10 16:05:19,122", "levelname": "INFO", "name": "AresGlobal.AresLauncher", "message": "🚀 ARES COMPREHENSIVE LAUNCHER", "correlation_id": "-", "session_id": "-", "timestamp": "2025-08-10T14:05:19.122072+00:00"}
{"asctime": "2025-08-10 16:05:19,122", "levelname": "INFO", "name": "AresGlobal.AresLauncher", "message": "================================================================================", "correlation_id": "-", "session_id": "-", "timestamp": "2025-08-10T14:05:19.122130+00:00"}
{"asctime": "2025-08-10 16:05:19,122", "levelname": "INFO", "name": "AresGlobal.AresLauncher", "message": "Start time: 2025-08-10 16:05:19", "correlation_id": "-", "session_id": "-", "timestamp": "2025-08-10T14:05:19.122258+00:00"}
{"asctime": "2025-08-10 16:05:19,122", "levelname": "INFO", "name": "AresGlobal.AresLauncher", "message": "Log directory: log", "correlation_id": "-", "session_id": "-", "timestamp": "2025-08-10T14:05:19.122320+00:00"}
{"asctime": "2025-08-10 16:05:19,122", "levelname": "INFO", "name": "AresGlobal.AresLauncher", "message": "Log level: INFO", "correlation_id": "-", "session_id": "-", "timestamp": "2025-08-10T14:05:19.122371+00:00"}
{"asctime": "2025-08-10 16:05:19,122", "levelname": "INFO", "name": "AresGlobal.AresLauncher", "message": "Global log file: ares_global_20250810_160519.log", "correlation_id": "-", "session_id": "-", "timestamp": "2025-08-10T14:05:19.122464+00:00"}
{"asctime": "2025-08-10 16:05:19,122", "levelname": "INFO", "name": "AresGlobal.AresLauncher", "message": "================================================================================", "correlation_id": "-", "session_id": "-", "timestamp": "2025-08-10T14:05:19.122515+00:00"}
{"asctime": "2025-08-10 16:05:19,122", "levelname": "INFO", "name": "AresGlobal", "message": "[SYSTEM] ================================================================================", "correlation_id": "0e039184-67dc-4efb-91b6-2eafe06ec237", "session_id": "02c7a4b5-26a5-4b70-83f5-6628e4fc3920", "timestamp": "2025-08-10T14:05:19.122709+00:00"}
{"asctime": "2025-08-10 16:05:19,122", "levelname": "INFO", "name": "AresGlobal", "message": "[SYSTEM] 🚀 ARES LAUNCHER STARTED - Mode: blank - Symbol: ETHUSDT - Exchange: BINANCE", "correlation_id": "0e039184-67dc-4efb-91b6-2eafe06ec237", "session_id": "02c7a4b5-26a5-4b70-83f5-6628e4fc3920", "timestamp": "2025-08-10T14:05:19.122816+00:00"}
{"asctime": "2025-08-10 16:05:19,122", "levelname": "INFO", "name": "AresGlobal", "message": "[SYSTEM] Start time: 2025-08-10 16:05:19", "correlation_id": "0e039184-67dc-4efb-91b6-2eafe06ec237", "session_id": "02c7a4b5-26a5-4b70-83f5-6628e4fc3920", "timestamp": "2025-08-10T14:05:19.122925+00:00"}
{"asctime": "2025-08-10 16:05:19,123", "levelname": "INFO", "name": "AresGlobal", "message": "[SYSTEM] Log directory: log", "correlation_id": "0e039184-67dc-4efb-91b6-2eafe06ec237", "session_id": "02c7a4b5-26a5-4b70-83f5-6628e4fc3920", "timestamp": "2025-08-10T14:05:19.123023+00:00"}
{"asctime": "2025-08-10 16:05:19,123", "levelname": "INFO", "name": "AresGlobal", "message": "[SYSTEM] ================================================================================", "correlation_id": "0e039184-67dc-4efb-91b6-2eafe06ec237", "session_id": "02c7a4b5-26a5-4b70-83f5-6628e4fc3920", "timestamp": "2025-08-10T14:05:19.123123+00:00"}
{"asctime": "2025-08-10 16:05:19,123", "levelname": "INFO", "name": "AresGlobal.AresLauncher", "message": "🚀 Running enhanced 16-step training pipeline for ETHUSDT on BINANCE", "correlation_id": "0e039184-67dc-4efb-91b6-2eafe06ec237", "session_id": "02c7a4b5-26a5-4b70-83f5-6628e4fc3920", "timestamp": "2025-08-10T14:05:19.123198+00:00"}
{"asctime": "2025-08-10 16:05:19,123", "levelname": "INFO", "name": "AresGlobal.AresLauncher", "message": "Starting from step: step3_regime_data_splitting", "correlation_id": "0e039184-67dc-4efb-91b6-2eafe06ec237", "session_id": "02c7a4b5-26a5-4b70-83f5-6628e4fc3920", "timestamp": "2025-08-10T14:05:19.123259+00:00"}
{"asctime": "2025-08-10 16:05:19,123", "levelname": "INFO", "name": "AresGlobal.AresLauncher", "message": "🧪 BLANK TRAINING MODE: Set BLANK_TRAINING_MODE=1 for step-based training", "correlation_id": "0e039184-67dc-4efb-91b6-2eafe06ec237", "session_id": "02c7a4b5-26a5-4b70-83f5-6628e4fc3920", "timestamp": "2025-08-10T14:05:19.123317+00:00"}
{"asctime": "2025-08-10 16:05:19,124", "levelname": "INFO", "name": "AresGlobal.ProgressManager", "message": "Initialized ProgressManager for ETHUSDT on BINANCE", "correlation_id": "0e039184-67dc-4efb-91b6-2eafe06ec237", "session_id": "02c7a4b5-26a5-4b70-83f5-6628e4fc3920", "timestamp": "2025-08-10T14:05:19.124026+00:00"}
{"asctime": "2025-08-10 16:05:19,124", "levelname": "INFO", "name": "AresGlobal.ProgressManager", "message": "Progress directory: data/training/progress/BINANCE_ETHUSDT", "correlation_id": "0e039184-67dc-4efb-91b6-2eafe06ec237", "session_id": "02c7a4b5-26a5-4b70-83f5-6628e4fc3920", "timestamp": "2025-08-10T14:05:19.124143+00:00"}
{"asctime": "2025-08-10 16:05:19,124", "levelname": "INFO", "name": "AresGlobal.StepOrchestrator", "message": "Initialized StepOrchestrator for ETHUSDT on BINANCE", "correlation_id": "0e039184-67dc-4efb-91b6-2eafe06ec237", "session_id": "02c7a4b5-26a5-4b70-83f5-6628e4fc3920", "timestamp": "2025-08-10T14:05:19.124224+00:00"}
{"asctime": "2025-08-10 16:05:19,124", "levelname": "INFO", "name": "AresGlobal.StepOrchestrator", "message": "🚀 Starting execution from step: step3_regime_data_splitting", "correlation_id": "0e039184-67dc-4efb-91b6-2eafe06ec237", "session_id": "02c7a4b5-26a5-4b70-83f5-6628e4fc3920", "timestamp": "2025-08-10T14:05:19.124393+00:00"}
{"asctime": "2025-08-10 16:05:21,098", "levelname": "INFO", "name": "AresGlobal.EnhancedTrainingManagerOptimized", "message": "Loaded optimization configuration", "correlation_id": "0e039184-67dc-4efb-91b6-2eafe06ec237", "session_id": "02c7a4b5-26a5-4b70-83f5-6628e4fc3920", "timestamp": "2025-08-10T14:05:21.098576+00:00"}
{"asctime": "2025-08-10 16:05:21,101", "levelname": "INFO", "name": "AresGlobal.StepOrchestrator", "message": "✅ Enhanced training manager setup successfully", "correlation_id": "0e039184-67dc-4efb-91b6-2eafe06ec237", "session_id": "02c7a4b5-26a5-4b70-83f5-6628e4fc3920", "timestamp": "2025-08-10T14:05:21.101473+00:00"}
{"asctime": "2025-08-10 16:05:21,102", "levelname": "INFO", "name": "AresGlobal.EnhancedTrainingManagerOptimized", "message": "🚀 Initializing Enhanced Training Manager with Optimizations...", "correlation_id": "0e039184-67dc-4efb-91b6-2eafe06ec237", "session_id": "02c7a4b5-26a5-4b70-83f5-6628e4fc3920", "timestamp": "2025-08-10T14:05:21.102335+00:00"}
{"asctime": "2025-08-10 16:05:21,109", "levelname": "INFO", "name": "AresGlobal.EnhancedTrainingManagerOptimized", "message": "✅ Parallel backtester initialized with 8 workers", "correlation_id": "0e039184-67dc-4efb-91b6-2eafe06ec237", "session_id": "02c7a4b5-26a5-4b70-83f5-6628e4fc3920", "timestamp": "2025-08-10T14:05:21.109343+00:00"}
{"asctime": "2025-08-10 16:05:21,109", "levelname": "INFO", "name": "AresGlobal.EnhancedTrainingManagerOptimized", "message": "✅ All optimization components initialized successfully", "correlation_id": "0e039184-67dc-4efb-91b6-2eafe06ec237", "session_id": "02c7a4b5-26a5-4b70-83f5-6628e4fc3920", "timestamp": "2025-08-10T14:05:21.109771+00:00"}
{"asctime": "2025-08-10 16:05:23,606", "levelname": "INFO", "name": "AresGlobal.StepOrchestrator", "message": "\u001b[91m\u001b[1m❌\u001b[0m \u001b[91m\u001b[1m❌ Enhanced 16-step training pipeline failed\u001b[0m", "correlation_id": "0e039184-67dc-4efb-91b6-2eafe06ec237", "session_id": "02c7a4b5-26a5-4b70-83f5-6628e4fc3920", "timestamp": "2025-08-10T14:05:23.606280+00:00"}
{"asctime": "2025-08-10 16:05:23,606", "levelname": "INFO", "name": "AresGlobal.AresLauncher", "message": "\u001b[91m\u001b[1m❌\u001b[0m \u001b[91m\u001b[1m❌ Enhanced 16-step training pipeline failed\u001b[0m", "correlation_id": "0e039184-67dc-4efb-91b6-2eafe06ec237", "session_id": "02c7a4b5-26a5-4b70-83f5-6628e4fc3920", "timestamp": "2025-08-10T14:05:23.606691+00:00"}
{"asctime": "2025-08-10 16:05:23,607", "levelname": "INFO", "name": "AresGlobal", "message": "[SYSTEM] ================================================================================", "correlation_id": "0e039184-67dc-4efb-91b6-2eafe06ec237", "session_id": "02c7a4b5-26a5-4b70-83f5-6628e4fc3920", "timestamp": "2025-08-10T14:05:23.607163+00:00"}
{"asctime": "2025-08-10 16:05:23,607", "levelname": "INFO", "name": "AresGlobal", "message": "[SYSTEM] 🛑 ARES LAUNCHER ENDED - Exit code: 1", "correlation_id": "0e039184-67dc-4efb-91b6-2eafe06ec237", "session_id": "02c7a4b5-26a5-4b70-83f5-6628e4fc3920", "timestamp": "2025-08-10T14:05:23.607323+00:00"}
{"asctime": "2025-08-10 16:05:23,607", "levelname": "INFO", "name": "AresGlobal", "message": "[SYSTEM] End time: 2025-08-10 16:05:23", "correlation_id": "0e039184-67dc-4efb-91b6-2eafe06ec237", "session_id": "02c7a4b5-26a5-4b70-83f5-6628e4fc3920", "timestamp": "2025-08-10T14:05:23.607485+00:00"}
{"asctime": "2025-08-10 16:05:23,607", "levelname": "INFO", "name": "AresGlobal", "message": "[SYSTEM] ================================================================================", "correlation_id": "0e039184-67dc-4efb-91b6-2eafe06ec237", "session_id": "02c7a4b5-26a5-4b70-83f5-6628e4fc3920", "timestamp": "2025-08-10T14:05:23.607623+00:00"}
{"asctime": "2025-08-10 16:05:23,607", "levelname": "INFO", "name": "AresGlobal.AresLauncher", "message": "🧹 Cleaning up processes...", "correlation_id": "0e039184-67dc-4efb-91b6-2eafe06ec237", "session_id": "02c7a4b5-26a5-4b70-83f5-6628e4fc3920", "timestamp": "2025-08-10T14:05:23.607868+00:00"}
{"asctime": "2025-08-10 16:05:23,608", "levelname": "INFO", "name": "AresGlobal.AresLauncher", "message": "✅ Cleanup completed", "correlation_id": "0e039184-67dc-4efb-91b6-2eafe06ec237", "session_id": "02c7a4b5-26a5-4b70-83f5-6628e4fc3920", "timestamp": "2025-08-10T14:05:23.608574+00:00"}
