{"asctime": "2025-08-10 16:08:58,984", "levelname": "INFO", "name": "AresGlobal", "message": "================================================================================", "correlation_id": "-", "session_id": "-", "timestamp": "2025-08-10T14:08:58.984996+00:00"}
{"asctime": "2025-08-10 16:08:58,985", "levelname": "INFO", "name": "AresGlobal", "message": "📊 SESSION SUMMARY", "correlation_id": "-", "session_id": "-", "timestamp": "2025-08-10T14:08:58.985149+00:00"}
{"asctime": "2025-08-10 16:08:58,985", "levelname": "INFO", "name": "AresGlobal", "message": "Session started: 2025-08-10 16:08:58", "correlation_id": "-", "session_id": "-", "timestamp": "2025-08-10T14:08:58.985233+00:00"}
{"asctime": "2025-08-10 16:08:58,985", "levelname": "INFO", "name": "AresGlobal", "message": "This file contains ALL logs for this session", "correlation_id": "-", "session_id": "-", "timestamp": "2025-08-10T14:08:58.985290+00:00"}
{"asctime": "2025-08-10 16:08:58,985", "levelname": "INFO", "name": "AresGlobal", "message": "================================================================================", "correlation_id": "-", "session_id": "-", "timestamp": "2025-08-10T14:08:58.985416+00:00"}
{"asctime": "2025-08-10 16:08:58,986", "levelname": "INFO", "name": "AresGlobal", "message": "Applied NumPy RNG unpickle compatibility shim (ModelManager)", "correlation_id": "-", "session_id": "-", "timestamp": "2025-08-10T14:08:58.986139+00:00"}
{"asctime": "2025-08-10 16:08:58,986", "levelname": "INFO", "name": "AresGlobal", "message": "[SYSTEM] ================================================================================", "correlation_id": "-", "session_id": "-", "timestamp": "2025-08-10T14:08:58.986363+00:00"}
{"asctime": "2025-08-10 16:08:58,986", "levelname": "INFO", "name": "AresGlobal", "message": "[SYSTEM] 🚀 ARES LAUNCHER STARTED - Mode: INITIALIZATION", "correlation_id": "-", "session_id": "-", "timestamp": "2025-08-10T14:08:58.986488+00:00"}
{"asctime": "2025-08-10 16:08:58,986", "levelname": "INFO", "name": "AresGlobal", "message": "[SYSTEM] Start time: 2025-08-10 16:08:58", "correlation_id": "-", "session_id": "-", "timestamp": "2025-08-10T14:08:58.986611+00:00"}
{"asctime": "2025-08-10 16:08:58,986", "levelname": "INFO", "name": "AresGlobal", "message": "[SYSTEM] Log directory: log", "correlation_id": "-", "session_id": "-", "timestamp": "2025-08-10T14:08:58.986726+00:00"}
{"asctime": "2025-08-10 16:08:58,986", "levelname": "INFO", "name": "AresGlobal", "message": "[SYSTEM] ================================================================================", "correlation_id": "-", "session_id": "-", "timestamp": "2025-08-10T14:08:58.986830+00:00"}
{"asctime": "2025-08-10 16:08:58,986", "levelname": "INFO", "name": "AresGlobal.AresLauncher", "message": "================================================================================", "correlation_id": "-", "session_id": "-", "timestamp": "2025-08-10T14:08:58.986883+00:00"}
{"asctime": "2025-08-10 16:08:58,986", "levelname": "INFO", "name": "AresGlobal.AresLauncher", "message": "🚀 ARES COMPREHENSIVE LAUNCHER", "correlation_id": "-", "session_id": "-", "timestamp": "2025-08-10T14:08:58.986936+00:00"}
{"asctime": "2025-08-10 16:08:58,986", "levelname": "INFO", "name": "AresGlobal.AresLauncher", "message": "================================================================================", "correlation_id": "-", "session_id": "-", "timestamp": "2025-08-10T14:08:58.986992+00:00"}
{"asctime": "2025-08-10 16:08:58,987", "levelname": "INFO", "name": "AresGlobal.AresLauncher", "message": "Start time: 2025-08-10 16:08:58", "correlation_id": "-", "session_id": "-", "timestamp": "2025-08-10T14:08:58.987050+00:00"}
{"asctime": "2025-08-10 16:08:58,987", "levelname": "INFO", "name": "AresGlobal.AresLauncher", "message": "Log directory: log", "correlation_id": "-", "session_id": "-", "timestamp": "2025-08-10T14:08:58.987103+00:00"}
{"asctime": "2025-08-10 16:08:58,987", "levelname": "INFO", "name": "AresGlobal.AresLauncher", "message": "Log level: INFO", "correlation_id": "-", "session_id": "-", "timestamp": "2025-08-10T14:08:58.987156+00:00"}
{"asctime": "2025-08-10 16:08:58,987", "levelname": "INFO", "name": "AresGlobal.AresLauncher", "message": "Global log file: ares_global_20250810_160858.log", "correlation_id": "-", "session_id": "-", "timestamp": "2025-08-10T14:08:58.987221+00:00"}
{"asctime": "2025-08-10 16:08:58,987", "levelname": "INFO", "name": "AresGlobal.AresLauncher", "message": "================================================================================", "correlation_id": "-", "session_id": "-", "timestamp": "2025-08-10T14:08:58.987270+00:00"}
{"asctime": "2025-08-10 16:08:58,987", "levelname": "INFO", "name": "AresGlobal", "message": "[SYSTEM] ================================================================================", "correlation_id": "48018d93-7a0b-481f-a0b9-8015587dc487", "session_id": "41de6ab1-85c8-4b46-b1d7-28f2f5eb140d", "timestamp": "2025-08-10T14:08:58.987478+00:00"}
{"asctime": "2025-08-10 16:08:58,987", "levelname": "INFO", "name": "AresGlobal", "message": "[SYSTEM] 🚀 ARES LAUNCHER STARTED - Mode: blank - Symbol: ETHUSDT - Exchange: BINANCE", "correlation_id": "48018d93-7a0b-481f-a0b9-8015587dc487", "session_id": "41de6ab1-85c8-4b46-b1d7-28f2f5eb140d", "timestamp": "2025-08-10T14:08:58.987587+00:00"}
{"asctime": "2025-08-10 16:08:58,987", "levelname": "INFO", "name": "AresGlobal", "message": "[SYSTEM] Start time: 2025-08-10 16:08:58", "correlation_id": "48018d93-7a0b-481f-a0b9-8015587dc487", "session_id": "41de6ab1-85c8-4b46-b1d7-28f2f5eb140d", "timestamp": "2025-08-10T14:08:58.987697+00:00"}
{"asctime": "2025-08-10 16:08:58,987", "levelname": "INFO", "name": "AresGlobal", "message": "[SYSTEM] Log directory: log", "correlation_id": "48018d93-7a0b-481f-a0b9-8015587dc487", "session_id": "41de6ab1-85c8-4b46-b1d7-28f2f5eb140d", "timestamp": "2025-08-10T14:08:58.987803+00:00"}
{"asctime": "2025-08-10 16:08:58,987", "levelname": "INFO", "name": "AresGlobal", "message": "[SYSTEM] ================================================================================", "correlation_id": "48018d93-7a0b-481f-a0b9-8015587dc487", "session_id": "41de6ab1-85c8-4b46-b1d7-28f2f5eb140d", "timestamp": "2025-08-10T14:08:58.987905+00:00"}
{"asctime": "2025-08-10 16:08:58,987", "levelname": "INFO", "name": "AresGlobal.AresLauncher", "message": "🚀 Running enhanced 16-step training pipeline for ETHUSDT on BINANCE", "correlation_id": "48018d93-7a0b-481f-a0b9-8015587dc487", "session_id": "41de6ab1-85c8-4b46-b1d7-28f2f5eb140d", "timestamp": "2025-08-10T14:08:58.987984+00:00"}
{"asctime": "2025-08-10 16:08:58,988", "levelname": "INFO", "name": "AresGlobal.AresLauncher", "message": "Starting from step: step3_regime_data_splitting", "correlation_id": "48018d93-7a0b-481f-a0b9-8015587dc487", "session_id": "41de6ab1-85c8-4b46-b1d7-28f2f5eb140d", "timestamp": "2025-08-10T14:08:58.988048+00:00"}
{"asctime": "2025-08-10 16:08:58,988", "levelname": "INFO", "name": "AresGlobal.AresLauncher", "message": "🧪 BLANK TRAINING MODE: Set BLANK_TRAINING_MODE=1 for step-based training", "correlation_id": "48018d93-7a0b-481f-a0b9-8015587dc487", "session_id": "41de6ab1-85c8-4b46-b1d7-28f2f5eb140d", "timestamp": "2025-08-10T14:08:58.988111+00:00"}
{"asctime": "2025-08-10 16:08:58,988", "levelname": "INFO", "name": "AresGlobal.ProgressManager", "message": "Initialized ProgressManager for ETHUSDT on BINANCE", "correlation_id": "48018d93-7a0b-481f-a0b9-8015587dc487", "session_id": "41de6ab1-85c8-4b46-b1d7-28f2f5eb140d", "timestamp": "2025-08-10T14:08:58.988881+00:00"}
{"asctime": "2025-08-10 16:08:58,988", "levelname": "INFO", "name": "AresGlobal.ProgressManager", "message": "Progress directory: data/training/progress/BINANCE_ETHUSDT", "correlation_id": "48018d93-7a0b-481f-a0b9-8015587dc487", "session_id": "41de6ab1-85c8-4b46-b1d7-28f2f5eb140d", "timestamp": "2025-08-10T14:08:58.988994+00:00"}
{"asctime": "2025-08-10 16:08:58,989", "levelname": "INFO", "name": "AresGlobal.StepOrchestrator", "message": "Initialized StepOrchestrator for ETHUSDT on BINANCE", "correlation_id": "48018d93-7a0b-481f-a0b9-8015587dc487", "session_id": "41de6ab1-85c8-4b46-b1d7-28f2f5eb140d", "timestamp": "2025-08-10T14:08:58.989055+00:00"}
{"asctime": "2025-08-10 16:08:58,989", "levelname": "INFO", "name": "AresGlobal.StepOrchestrator", "message": "🚀 Starting execution from step: step3_regime_data_splitting", "correlation_id": "48018d93-7a0b-481f-a0b9-8015587dc487", "session_id": "41de6ab1-85c8-4b46-b1d7-28f2f5eb140d", "timestamp": "2025-08-10T14:08:58.989255+00:00"}
{"asctime": "2025-08-10 16:09:01,792", "levelname": "INFO", "name": "AresGlobal.EnhancedTrainingManagerOptimized", "message": "Loaded optimization configuration", "correlation_id": "48018d93-7a0b-481f-a0b9-8015587dc487", "session_id": "41de6ab1-85c8-4b46-b1d7-28f2f5eb140d", "timestamp": "2025-08-10T14:09:01.792689+00:00"}
{"asctime": "2025-08-10 16:09:01,795", "levelname": "INFO", "name": "AresGlobal.StepOrchestrator", "message": "✅ Enhanced training manager setup successfully", "correlation_id": "48018d93-7a0b-481f-a0b9-8015587dc487", "session_id": "41de6ab1-85c8-4b46-b1d7-28f2f5eb140d", "timestamp": "2025-08-10T14:09:01.795424+00:00"}
{"asctime": "2025-08-10 16:09:01,796", "levelname": "INFO", "name": "AresGlobal.EnhancedTrainingManagerOptimized", "message": "🚀 Initializing Enhanced Training Manager with Optimizations...", "correlation_id": "48018d93-7a0b-481f-a0b9-8015587dc487", "session_id": "41de6ab1-85c8-4b46-b1d7-28f2f5eb140d", "timestamp": "2025-08-10T14:09:01.796175+00:00"}
{"asctime": "2025-08-10 16:09:01,805", "levelname": "INFO", "name": "AresGlobal.EnhancedTrainingManagerOptimized", "message": "✅ Parallel backtester initialized with 8 workers", "correlation_id": "48018d93-7a0b-481f-a0b9-8015587dc487", "session_id": "41de6ab1-85c8-4b46-b1d7-28f2f5eb140d", "timestamp": "2025-08-10T14:09:01.805090+00:00"}
{"asctime": "2025-08-10 16:09:01,805", "levelname": "INFO", "name": "AresGlobal.EnhancedTrainingManagerOptimized", "message": "✅ All optimization components initialized successfully", "correlation_id": "48018d93-7a0b-481f-a0b9-8015587dc487", "session_id": "41de6ab1-85c8-4b46-b1d7-28f2f5eb140d", "timestamp": "2025-08-10T14:09:01.805648+00:00"}
{"asctime": "2025-08-10 16:09:01,952", "levelname": "INFO", "name": "AresGlobal.StepOrchestrator", "message": "\u001b[91m\u001b[1m❌\u001b[0m \u001b[91m\u001b[1m❌ Enhanced 16-step training pipeline failed\u001b[0m", "correlation_id": "48018d93-7a0b-481f-a0b9-8015587dc487", "session_id": "41de6ab1-85c8-4b46-b1d7-28f2f5eb140d", "timestamp": "2025-08-10T14:09:01.952742+00:00"}
{"asctime": "2025-08-10 16:09:01,953", "levelname": "INFO", "name": "AresGlobal.AresLauncher", "message": "\u001b[91m\u001b[1m❌\u001b[0m \u001b[91m\u001b[1m❌ Enhanced 16-step training pipeline failed\u001b[0m", "correlation_id": "48018d93-7a0b-481f-a0b9-8015587dc487", "session_id": "41de6ab1-85c8-4b46-b1d7-28f2f5eb140d", "timestamp": "2025-08-10T14:09:01.953190+00:00"}
{"asctime": "2025-08-10 16:09:01,953", "levelname": "INFO", "name": "AresGlobal", "message": "[SYSTEM] ================================================================================", "correlation_id": "48018d93-7a0b-481f-a0b9-8015587dc487", "session_id": "41de6ab1-85c8-4b46-b1d7-28f2f5eb140d", "timestamp": "2025-08-10T14:09:01.953592+00:00"}
{"asctime": "2025-08-10 16:09:01,953", "levelname": "INFO", "name": "AresGlobal", "message": "[SYSTEM] 🛑 ARES LAUNCHER ENDED - Exit code: 1", "correlation_id": "48018d93-7a0b-481f-a0b9-8015587dc487", "session_id": "41de6ab1-85c8-4b46-b1d7-28f2f5eb140d", "timestamp": "2025-08-10T14:09:01.953796+00:00"}
{"asctime": "2025-08-10 16:09:01,954", "levelname": "INFO", "name": "AresGlobal", "message": "[SYSTEM] End time: 2025-08-10 16:09:01", "correlation_id": "48018d93-7a0b-481f-a0b9-8015587dc487", "session_id": "41de6ab1-85c8-4b46-b1d7-28f2f5eb140d", "timestamp": "2025-08-10T14:09:01.954013+00:00"}
{"asctime": "2025-08-10 16:09:01,954", "levelname": "INFO", "name": "AresGlobal", "message": "[SYSTEM] ================================================================================", "correlation_id": "48018d93-7a0b-481f-a0b9-8015587dc487", "session_id": "41de6ab1-85c8-4b46-b1d7-28f2f5eb140d", "timestamp": "2025-08-10T14:09:01.954197+00:00"}
{"asctime": "2025-08-10 16:09:01,954", "levelname": "INFO", "name": "AresGlobal.AresLauncher", "message": "🧹 Cleaning up processes...", "correlation_id": "48018d93-7a0b-481f-a0b9-8015587dc487", "session_id": "41de6ab1-85c8-4b46-b1d7-28f2f5eb140d", "timestamp": "2025-08-10T14:09:01.954314+00:00"}
{"asctime": "2025-08-10 16:09:01,954", "levelname": "INFO", "name": "AresGlobal.AresLauncher", "message": "✅ Cleanup completed", "correlation_id": "48018d93-7a0b-481f-a0b9-8015587dc487", "session_id": "41de6ab1-85c8-4b46-b1d7-28f2f5eb140d", "timestamp": "2025-08-10T14:09:01.954414+00:00"}
