{"asctime": "2025-08-10 15:59:56,961", "levelname": "INFO", "name": "AresGlobal", "message": "================================================================================", "correlation_id": "-", "session_id": "-", "timestamp": "2025-08-10T13:59:56.961332+00:00"}
{"asctime": "2025-08-10 15:59:56,961", "levelname": "INFO", "name": "AresGlobal", "message": "📊 SESSION SUMMARY", "correlation_id": "-", "session_id": "-", "timestamp": "2025-08-10T13:59:56.961438+00:00"}
{"asctime": "2025-08-10 15:59:56,961", "levelname": "INFO", "name": "AresGlobal", "message": "Session started: 2025-08-10 15:59:56", "correlation_id": "-", "session_id": "-", "timestamp": "2025-08-10T13:59:56.961549+00:00"}
{"asctime": "2025-08-10 15:59:56,961", "levelname": "INFO", "name": "AresGlobal", "message": "This file contains ALL logs for this session", "correlation_id": "-", "session_id": "-", "timestamp": "2025-08-10T13:59:56.961622+00:00"}
{"asctime": "2025-08-10 15:59:56,961", "levelname": "INFO", "name": "AresGlobal", "message": "================================================================================", "correlation_id": "-", "session_id": "-", "timestamp": "2025-08-10T13:59:56.961677+00:00"}
{"asctime": "2025-08-10 15:59:56,962", "levelname": "INFO", "name": "AresGlobal", "message": "Applied NumPy RNG unpickle compatibility shim (ModelManager)", "correlation_id": "-", "session_id": "-", "timestamp": "2025-08-10T13:59:56.962123+00:00"}
{"asctime": "2025-08-10 15:59:56,962", "levelname": "INFO", "name": "AresGlobal", "message": "[SYSTEM] ================================================================================", "correlation_id": "-", "session_id": "-", "timestamp": "2025-08-10T13:59:56.962284+00:00"}
{"asctime": "2025-08-10 15:59:56,962", "levelname": "INFO", "name": "AresGlobal", "message": "[SYSTEM] 🚀 ARES LAUNCHER STARTED - Mode: INITIALIZATION", "correlation_id": "-", "session_id": "-", "timestamp": "2025-08-10T13:59:56.962566+00:00"}
{"asctime": "2025-08-10 15:59:56,962", "levelname": "INFO", "name": "AresGlobal", "message": "[SYSTEM] Start time: 2025-08-10 15:59:56", "correlation_id": "-", "session_id": "-", "timestamp": "2025-08-10T13:59:56.962716+00:00"}
{"asctime": "2025-08-10 15:59:56,962", "levelname": "INFO", "name": "AresGlobal", "message": "[SYSTEM] Log directory: log", "correlation_id": "-", "session_id": "-", "timestamp": "2025-08-10T13:59:56.962837+00:00"}
{"asctime": "2025-08-10 15:59:56,962", "levelname": "INFO", "name": "AresGlobal", "message": "[SYSTEM] ================================================================================", "correlation_id": "-", "session_id": "-", "timestamp": "2025-08-10T13:59:56.962944+00:00"}
{"asctime": "2025-08-10 15:59:56,963", "levelname": "INFO", "name": "AresGlobal.AresLauncher", "message": "================================================================================", "correlation_id": "-", "session_id": "-", "timestamp": "2025-08-10T13:59:56.963001+00:00"}
{"asctime": "2025-08-10 15:59:56,963", "levelname": "INFO", "name": "AresGlobal.AresLauncher", "message": "🚀 ARES COMPREHENSIVE LAUNCHER", "correlation_id": "-", "session_id": "-", "timestamp": "2025-08-10T13:59:56.963054+00:00"}
{"asctime": "2025-08-10 15:59:56,963", "levelname": "INFO", "name": "AresGlobal.AresLauncher", "message": "================================================================================", "correlation_id": "-", "session_id": "-", "timestamp": "2025-08-10T13:59:56.963112+00:00"}
{"asctime": "2025-08-10 15:59:56,963", "levelname": "INFO", "name": "AresGlobal.AresLauncher", "message": "Start time: 2025-08-10 15:59:56", "correlation_id": "-", "session_id": "-", "timestamp": "2025-08-10T13:59:56.963167+00:00"}
{"asctime": "2025-08-10 15:59:56,963", "levelname": "INFO", "name": "AresGlobal.AresLauncher", "message": "Log directory: log", "correlation_id": "-", "session_id": "-", "timestamp": "2025-08-10T13:59:56.963219+00:00"}
{"asctime": "2025-08-10 15:59:56,963", "levelname": "INFO", "name": "AresGlobal.AresLauncher", "message": "Log level: INFO", "correlation_id": "-", "session_id": "-", "timestamp": "2025-08-10T13:59:56.963270+00:00"}
{"asctime": "2025-08-10 15:59:56,963", "levelname": "INFO", "name": "AresGlobal.AresLauncher", "message": "Global log file: ares_global_20250810_155956.log", "correlation_id": "-", "session_id": "-", "timestamp": "2025-08-10T13:59:56.963335+00:00"}
{"asctime": "2025-08-10 15:59:56,963", "levelname": "INFO", "name": "AresGlobal.AresLauncher", "message": "================================================================================", "correlation_id": "-", "session_id": "-", "timestamp": "2025-08-10T13:59:56.963385+00:00"}
{"asctime": "2025-08-10 15:59:56,963", "levelname": "INFO", "name": "AresGlobal", "message": "[SYSTEM] ================================================================================", "correlation_id": "e3cac1f5-57ea-4ae5-937a-76620205f83d", "session_id": "18903e0d-5f4d-40bb-b01f-a9176ccb5c6e", "timestamp": "2025-08-10T13:59:56.963584+00:00"}
{"asctime": "2025-08-10 15:59:56,963", "levelname": "INFO", "name": "AresGlobal", "message": "[SYSTEM] 🚀 ARES LAUNCHER STARTED - Mode: blank - Symbol: ETHUSDT - Exchange: BINANCE", "correlation_id": "e3cac1f5-57ea-4ae5-937a-76620205f83d", "session_id": "18903e0d-5f4d-40bb-b01f-a9176ccb5c6e", "timestamp": "2025-08-10T13:59:56.963694+00:00"}
{"asctime": "2025-08-10 15:59:56,963", "levelname": "INFO", "name": "AresGlobal", "message": "[SYSTEM] Start time: 2025-08-10 15:59:56", "correlation_id": "e3cac1f5-57ea-4ae5-937a-76620205f83d", "session_id": "18903e0d-5f4d-40bb-b01f-a9176ccb5c6e", "timestamp": "2025-08-10T13:59:56.963805+00:00"}
{"asctime": "2025-08-10 15:59:56,963", "levelname": "INFO", "name": "AresGlobal", "message": "[SYSTEM] Log directory: log", "correlation_id": "e3cac1f5-57ea-4ae5-937a-76620205f83d", "session_id": "18903e0d-5f4d-40bb-b01f-a9176ccb5c6e", "timestamp": "2025-08-10T13:59:56.963904+00:00"}
{"asctime": "2025-08-10 15:59:56,964", "levelname": "INFO", "name": "AresGlobal", "message": "[SYSTEM] ================================================================================", "correlation_id": "e3cac1f5-57ea-4ae5-937a-76620205f83d", "session_id": "18903e0d-5f4d-40bb-b01f-a9176ccb5c6e", "timestamp": "2025-08-10T13:59:56.964004+00:00"}
{"asctime": "2025-08-10 15:59:56,964", "levelname": "INFO", "name": "AresGlobal.AresLauncher", "message": "🚀 Running enhanced 16-step training pipeline for ETHUSDT on BINANCE", "correlation_id": "e3cac1f5-57ea-4ae5-937a-76620205f83d", "session_id": "18903e0d-5f4d-40bb-b01f-a9176ccb5c6e", "timestamp": "2025-08-10T13:59:56.964080+00:00"}
{"asctime": "2025-08-10 15:59:56,964", "levelname": "INFO", "name": "AresGlobal.AresLauncher", "message": "Starting from step: step3_regime_data_splitting", "correlation_id": "e3cac1f5-57ea-4ae5-937a-76620205f83d", "session_id": "18903e0d-5f4d-40bb-b01f-a9176ccb5c6e", "timestamp": "2025-08-10T13:59:56.964149+00:00"}
{"asctime": "2025-08-10 15:59:56,964", "levelname": "INFO", "name": "AresGlobal.AresLauncher", "message": "🧪 BLANK TRAINING MODE: Set BLANK_TRAINING_MODE=1 for step-based training", "correlation_id": "e3cac1f5-57ea-4ae5-937a-76620205f83d", "session_id": "18903e0d-5f4d-40bb-b01f-a9176ccb5c6e", "timestamp": "2025-08-10T13:59:56.964205+00:00"}
{"asctime": "2025-08-10 15:59:56,964", "levelname": "INFO", "name": "AresGlobal.ProgressManager", "message": "Initialized ProgressManager for ETHUSDT on BINANCE", "correlation_id": "e3cac1f5-57ea-4ae5-937a-76620205f83d", "session_id": "18903e0d-5f4d-40bb-b01f-a9176ccb5c6e", "timestamp": "2025-08-10T13:59:56.964819+00:00"}
{"asctime": "2025-08-10 15:59:56,964", "levelname": "INFO", "name": "AresGlobal.ProgressManager", "message": "Progress directory: data/training/progress/BINANCE_ETHUSDT", "correlation_id": "e3cac1f5-57ea-4ae5-937a-76620205f83d", "session_id": "18903e0d-5f4d-40bb-b01f-a9176ccb5c6e", "timestamp": "2025-08-10T13:59:56.964884+00:00"}
{"asctime": "2025-08-10 15:59:56,964", "levelname": "INFO", "name": "AresGlobal.StepOrchestrator", "message": "Initialized StepOrchestrator for ETHUSDT on BINANCE", "correlation_id": "e3cac1f5-57ea-4ae5-937a-76620205f83d", "session_id": "18903e0d-5f4d-40bb-b01f-a9176ccb5c6e", "timestamp": "2025-08-10T13:59:56.964944+00:00"}
{"asctime": "2025-08-10 15:59:56,965", "levelname": "INFO", "name": "AresGlobal.StepOrchestrator", "message": "🚀 Starting execution from step: step3_regime_data_splitting", "correlation_id": "e3cac1f5-57ea-4ae5-937a-76620205f83d", "session_id": "18903e0d-5f4d-40bb-b01f-a9176ccb5c6e", "timestamp": "2025-08-10T13:59:56.965089+00:00"}
{"asctime": "2025-08-10 15:59:59,432", "levelname": "INFO", "name": "AresGlobal.EnhancedTrainingManagerOptimized", "message": "Loaded optimization configuration", "correlation_id": "e3cac1f5-57ea-4ae5-937a-76620205f83d", "session_id": "18903e0d-5f4d-40bb-b01f-a9176ccb5c6e", "timestamp": "2025-08-10T13:59:59.432612+00:00"}
{"asctime": "2025-08-10 15:59:59,436", "levelname": "INFO", "name": "AresGlobal.StepOrchestrator", "message": "✅ Enhanced training manager setup successfully", "correlation_id": "e3cac1f5-57ea-4ae5-937a-76620205f83d", "session_id": "18903e0d-5f4d-40bb-b01f-a9176ccb5c6e", "timestamp": "2025-08-10T13:59:59.436315+00:00"}
{"asctime": "2025-08-10 15:59:59,437", "levelname": "INFO", "name": "AresGlobal.EnhancedTrainingManagerOptimized", "message": "🚀 Initializing Enhanced Training Manager with Optimizations...", "correlation_id": "e3cac1f5-57ea-4ae5-937a-76620205f83d", "session_id": "18903e0d-5f4d-40bb-b01f-a9176ccb5c6e", "timestamp": "2025-08-10T13:59:59.437102+00:00"}
{"asctime": "2025-08-10 15:59:59,443", "levelname": "INFO", "name": "AresGlobal.EnhancedTrainingManagerOptimized", "message": "✅ Parallel backtester initialized with 8 workers", "correlation_id": "e3cac1f5-57ea-4ae5-937a-76620205f83d", "session_id": "18903e0d-5f4d-40bb-b01f-a9176ccb5c6e", "timestamp": "2025-08-10T13:59:59.443524+00:00"}
{"asctime": "2025-08-10 15:59:59,444", "levelname": "INFO", "name": "AresGlobal.EnhancedTrainingManagerOptimized", "message": "✅ All optimization components initialized successfully", "correlation_id": "e3cac1f5-57ea-4ae5-937a-76620205f83d", "session_id": "18903e0d-5f4d-40bb-b01f-a9176ccb5c6e", "timestamp": "2025-08-10T13:59:59.444489+00:00"}
{"asctime": "2025-08-10 15:59:59,462", "levelname": "INFO", "name": "AresGlobal.StepOrchestrator", "message": "\u001b[91m\u001b[1m❌\u001b[0m \u001b[91m\u001b[1m❌ Enhanced 16-step training pipeline failed\u001b[0m", "correlation_id": "e3cac1f5-57ea-4ae5-937a-76620205f83d", "session_id": "18903e0d-5f4d-40bb-b01f-a9176ccb5c6e", "timestamp": "2025-08-10T13:59:59.462572+00:00"}
{"asctime": "2025-08-10 15:59:59,462", "levelname": "INFO", "name": "AresGlobal.AresLauncher", "message": "\u001b[91m\u001b[1m❌\u001b[0m \u001b[91m\u001b[1m❌ Enhanced 16-step training pipeline failed\u001b[0m", "correlation_id": "e3cac1f5-57ea-4ae5-937a-76620205f83d", "session_id": "18903e0d-5f4d-40bb-b01f-a9176ccb5c6e", "timestamp": "2025-08-10T13:59:59.462893+00:00"}
{"asctime": "2025-08-10 15:59:59,463", "levelname": "INFO", "name": "AresGlobal", "message": "[SYSTEM] ================================================================================", "correlation_id": "e3cac1f5-57ea-4ae5-937a-76620205f83d", "session_id": "18903e0d-5f4d-40bb-b01f-a9176ccb5c6e", "timestamp": "2025-08-10T13:59:59.463113+00:00"}
{"asctime": "2025-08-10 15:59:59,463", "levelname": "INFO", "name": "AresGlobal", "message": "[SYSTEM] 🛑 ARES LAUNCHER ENDED - Exit code: 1", "correlation_id": "e3cac1f5-57ea-4ae5-937a-76620205f83d", "session_id": "18903e0d-5f4d-40bb-b01f-a9176ccb5c6e", "timestamp": "2025-08-10T13:59:59.463234+00:00"}
{"asctime": "2025-08-10 15:59:59,463", "levelname": "INFO", "name": "AresGlobal", "message": "[SYSTEM] End time: 2025-08-10 15:59:59", "correlation_id": "e3cac1f5-57ea-4ae5-937a-76620205f83d", "session_id": "18903e0d-5f4d-40bb-b01f-a9176ccb5c6e", "timestamp": "2025-08-10T13:59:59.463367+00:00"}
{"asctime": "2025-08-10 15:59:59,463", "levelname": "INFO", "name": "AresGlobal", "message": "[SYSTEM] ================================================================================", "correlation_id": "e3cac1f5-57ea-4ae5-937a-76620205f83d", "session_id": "18903e0d-5f4d-40bb-b01f-a9176ccb5c6e", "timestamp": "2025-08-10T13:59:59.463477+00:00"}
{"asctime": "2025-08-10 15:59:59,463", "levelname": "INFO", "name": "AresGlobal.AresLauncher", "message": "🧹 Cleaning up processes...", "correlation_id": "e3cac1f5-57ea-4ae5-937a-76620205f83d", "session_id": "18903e0d-5f4d-40bb-b01f-a9176ccb5c6e", "timestamp": "2025-08-10T13:59:59.463547+00:00"}
{"asctime": "2025-08-10 15:59:59,463", "levelname": "INFO", "name": "AresGlobal.AresLauncher", "message": "✅ Cleanup completed", "correlation_id": "e3cac1f5-57ea-4ae5-937a-76620205f83d", "session_id": "18903e0d-5f4d-40bb-b01f-a9176ccb5c6e", "timestamp": "2025-08-10T13:59:59.463607+00:00"}
