{"asctime": "2025-08-10 09:34:15,529", "levelname": "INFO", "name": "AresGlobal", "message": "================================================================================", "correlation_id": "-", "session_id": "-", "timestamp": "2025-08-10T07:34:15.529672+00:00"}
{"asctime": "2025-08-10 09:34:15,529", "levelname": "INFO", "name": "AresGlobal", "message": "📊 SESSION SUMMARY", "correlation_id": "-", "session_id": "-", "timestamp": "2025-08-10T07:34:15.529754+00:00"}
{"asctime": "2025-08-10 09:34:15,529", "levelname": "INFO", "name": "AresGlobal", "message": "Session started: 2025-08-10 09:34:15", "correlation_id": "-", "session_id": "-", "timestamp": "2025-08-10T07:34:15.529824+00:00"}
{"asctime": "2025-08-10 09:34:15,529", "levelname": "INFO", "name": "AresGlobal", "message": "This file contains ALL logs for this session", "correlation_id": "-", "session_id": "-", "timestamp": "2025-08-10T07:34:15.529879+00:00"}
{"asctime": "2025-08-10 09:34:15,529", "levelname": "INFO", "name": "AresGlobal", "message": "================================================================================", "correlation_id": "-", "session_id": "-", "timestamp": "2025-08-10T07:34:15.529931+00:00"}
{"asctime": "2025-08-10 09:34:15,530", "levelname": "INFO", "name": "AresGlobal", "message": "Applied NumPy RNG unpickle compatibility shim (ModelManager)", "correlation_id": "-", "session_id": "-", "timestamp": "2025-08-10T07:34:15.530270+00:00"}
{"asctime": "2025-08-10 09:34:15,530", "levelname": "INFO", "name": "AresGlobal", "message": "[SYSTEM] ================================================================================", "correlation_id": "-", "session_id": "-", "timestamp": "2025-08-10T07:34:15.530400+00:00"}
{"asctime": "2025-08-10 09:34:15,530", "levelname": "INFO", "name": "AresGlobal", "message": "[SYSTEM] 🚀 ARES LAUNCHER STARTED - Mode: INITIALIZATION", "correlation_id": "-", "session_id": "-", "timestamp": "2025-08-10T07:34:15.530510+00:00"}
{"asctime": "2025-08-10 09:34:15,530", "levelname": "INFO", "name": "AresGlobal", "message": "[SYSTEM] Start time: 2025-08-10 09:34:15", "correlation_id": "-", "session_id": "-", "timestamp": "2025-08-10T07:34:15.530629+00:00"}
{"asctime": "2025-08-10 09:34:15,530", "levelname": "INFO", "name": "AresGlobal", "message": "[SYSTEM] Log directory: log", "correlation_id": "-", "session_id": "-", "timestamp": "2025-08-10T07:34:15.530734+00:00"}
{"asctime": "2025-08-10 09:34:15,530", "levelname": "INFO", "name": "AresGlobal", "message": "[SYSTEM] ================================================================================", "correlation_id": "-", "session_id": "-", "timestamp": "2025-08-10T07:34:15.530837+00:00"}
{"asctime": "2025-08-10 09:34:15,530", "levelname": "INFO", "name": "AresGlobal.AresLauncher", "message": "================================================================================", "correlation_id": "-", "session_id": "-", "timestamp": "2025-08-10T07:34:15.530888+00:00"}
{"asctime": "2025-08-10 09:34:15,530", "levelname": "INFO", "name": "AresGlobal.AresLauncher", "message": "🚀 ARES COMPREHENSIVE LAUNCHER", "correlation_id": "-", "session_id": "-", "timestamp": "2025-08-10T07:34:15.530941+00:00"}
{"asctime": "2025-08-10 09:34:15,530", "levelname": "INFO", "name": "AresGlobal.AresLauncher", "message": "================================================================================", "correlation_id": "-", "session_id": "-", "timestamp": "2025-08-10T07:34:15.530997+00:00"}
{"asctime": "2025-08-10 09:34:15,531", "levelname": "INFO", "name": "AresGlobal.AresLauncher", "message": "Start time: 2025-08-10 09:34:15", "correlation_id": "-", "session_id": "-", "timestamp": "2025-08-10T07:34:15.531055+00:00"}
{"asctime": "2025-08-10 09:34:15,531", "levelname": "INFO", "name": "AresGlobal.AresLauncher", "message": "Log directory: log", "correlation_id": "-", "session_id": "-", "timestamp": "2025-08-10T07:34:15.531105+00:00"}
{"asctime": "2025-08-10 09:34:15,531", "levelname": "INFO", "name": "AresGlobal.AresLauncher", "message": "Log level: INFO", "correlation_id": "-", "session_id": "-", "timestamp": "2025-08-10T07:34:15.531155+00:00"}
{"asctime": "2025-08-10 09:34:15,531", "levelname": "INFO", "name": "AresGlobal.AresLauncher", "message": "Global log file: ares_global_20250810_093415.log", "correlation_id": "-", "session_id": "-", "timestamp": "2025-08-10T07:34:15.531216+00:00"}
{"asctime": "2025-08-10 09:34:15,531", "levelname": "INFO", "name": "AresGlobal.AresLauncher", "message": "================================================================================", "correlation_id": "-", "session_id": "-", "timestamp": "2025-08-10T07:34:15.531266+00:00"}
{"asctime": "2025-08-10 09:34:15,531", "levelname": "INFO", "name": "AresGlobal", "message": "[SYSTEM] ================================================================================", "correlation_id": "1742c61a-1647-4818-ab7d-2775e4f47ac5", "session_id": "ee143895-3278-4f5d-aee8-bacdb7bf2420", "timestamp": "2025-08-10T07:34:15.531457+00:00"}
{"asctime": "2025-08-10 09:34:15,531", "levelname": "INFO", "name": "AresGlobal", "message": "[SYSTEM] 🚀 ARES LAUNCHER STARTED - Mode: blank - Symbol: ETHUSDT - Exchange: BINANCE", "correlation_id": "1742c61a-1647-4818-ab7d-2775e4f47ac5", "session_id": "ee143895-3278-4f5d-aee8-bacdb7bf2420", "timestamp": "2025-08-10T07:34:15.531565+00:00"}
{"asctime": "2025-08-10 09:34:15,531", "levelname": "INFO", "name": "AresGlobal", "message": "[SYSTEM] Start time: 2025-08-10 09:34:15", "correlation_id": "1742c61a-1647-4818-ab7d-2775e4f47ac5", "session_id": "ee143895-3278-4f5d-aee8-bacdb7bf2420", "timestamp": "2025-08-10T07:34:15.531674+00:00"}
{"asctime": "2025-08-10 09:34:15,531", "levelname": "INFO", "name": "AresGlobal", "message": "[SYSTEM] Log directory: log", "correlation_id": "1742c61a-1647-4818-ab7d-2775e4f47ac5", "session_id": "ee143895-3278-4f5d-aee8-bacdb7bf2420", "timestamp": "2025-08-10T07:34:15.531777+00:00"}
{"asctime": "2025-08-10 09:34:15,531", "levelname": "INFO", "name": "AresGlobal", "message": "[SYSTEM] ================================================================================", "correlation_id": "1742c61a-1647-4818-ab7d-2775e4f47ac5", "session_id": "ee143895-3278-4f5d-aee8-bacdb7bf2420", "timestamp": "2025-08-10T07:34:15.531881+00:00"}
{"asctime": "2025-08-10 09:34:15,531", "levelname": "INFO", "name": "AresGlobal.AresLauncher", "message": "🚀 Running enhanced 16-step training pipeline for ETHUSDT on BINANCE", "correlation_id": "1742c61a-1647-4818-ab7d-2775e4f47ac5", "session_id": "ee143895-3278-4f5d-aee8-bacdb7bf2420", "timestamp": "2025-08-10T07:34:15.531954+00:00"}
{"asctime": "2025-08-10 09:34:15,532", "levelname": "INFO", "name": "AresGlobal.AresLauncher", "message": "Starting from step: step3_regime_data_splitting", "correlation_id": "1742c61a-1647-4818-ab7d-2775e4f47ac5", "session_id": "ee143895-3278-4f5d-aee8-bacdb7bf2420", "timestamp": "2025-08-10T07:34:15.532012+00:00"}
{"asctime": "2025-08-10 09:34:15,532", "levelname": "INFO", "name": "AresGlobal.AresLauncher", "message": "🧪 BLANK TRAINING MODE: Set BLANK_TRAINING_MODE=1 for step-based training", "correlation_id": "1742c61a-1647-4818-ab7d-2775e4f47ac5", "session_id": "ee143895-3278-4f5d-aee8-bacdb7bf2420", "timestamp": "2025-08-10T07:34:15.532067+00:00"}
{"asctime": "2025-08-10 09:34:15,532", "levelname": "INFO", "name": "AresGlobal.ProgressManager", "message": "Initialized ProgressManager for ETHUSDT on BINANCE", "correlation_id": "1742c61a-1647-4818-ab7d-2775e4f47ac5", "session_id": "ee143895-3278-4f5d-aee8-bacdb7bf2420", "timestamp": "2025-08-10T07:34:15.532655+00:00"}
{"asctime": "2025-08-10 09:34:15,532", "levelname": "INFO", "name": "AresGlobal.ProgressManager", "message": "Progress directory: data/training/progress/BINANCE_ETHUSDT", "correlation_id": "1742c61a-1647-4818-ab7d-2775e4f47ac5", "session_id": "ee143895-3278-4f5d-aee8-bacdb7bf2420", "timestamp": "2025-08-10T07:34:15.532720+00:00"}
{"asctime": "2025-08-10 09:34:15,532", "levelname": "INFO", "name": "AresGlobal.StepOrchestrator", "message": "Initialized StepOrchestrator for ETHUSDT on BINANCE", "correlation_id": "1742c61a-1647-4818-ab7d-2775e4f47ac5", "session_id": "ee143895-3278-4f5d-aee8-bacdb7bf2420", "timestamp": "2025-08-10T07:34:15.532777+00:00"}
{"asctime": "2025-08-10 09:34:15,532", "levelname": "INFO", "name": "AresGlobal.StepOrchestrator", "message": "🚀 Starting execution from step: step3_regime_data_splitting", "correlation_id": "1742c61a-1647-4818-ab7d-2775e4f47ac5", "session_id": "ee143895-3278-4f5d-aee8-bacdb7bf2420", "timestamp": "2025-08-10T07:34:15.532904+00:00"}
{"asctime": "2025-08-10 09:34:17,409", "levelname": "INFO", "name": "AresGlobal.EnhancedTrainingManagerOptimized", "message": "Loaded optimization configuration", "correlation_id": "1742c61a-1647-4818-ab7d-2775e4f47ac5", "session_id": "ee143895-3278-4f5d-aee8-bacdb7bf2420", "timestamp": "2025-08-10T07:34:17.409603+00:00"}
{"asctime": "2025-08-10 09:34:17,413", "levelname": "INFO", "name": "AresGlobal.StepOrchestrator", "message": "✅ Enhanced training manager setup successfully", "correlation_id": "1742c61a-1647-4818-ab7d-2775e4f47ac5", "session_id": "ee143895-3278-4f5d-aee8-bacdb7bf2420", "timestamp": "2025-08-10T07:34:17.413615+00:00"}
{"asctime": "2025-08-10 09:34:17,414", "levelname": "INFO", "name": "AresGlobal.EnhancedTrainingManagerOptimized", "message": "🚀 Initializing Enhanced Training Manager with Optimizations...", "correlation_id": "1742c61a-1647-4818-ab7d-2775e4f47ac5", "session_id": "ee143895-3278-4f5d-aee8-bacdb7bf2420", "timestamp": "2025-08-10T07:34:17.414638+00:00"}
{"asctime": "2025-08-10 09:34:17,420", "levelname": "INFO", "name": "AresGlobal.EnhancedTrainingManagerOptimized", "message": "✅ Parallel backtester initialized with 8 workers", "correlation_id": "1742c61a-1647-4818-ab7d-2775e4f47ac5", "session_id": "ee143895-3278-4f5d-aee8-bacdb7bf2420", "timestamp": "2025-08-10T07:34:17.420896+00:00"}
{"asctime": "2025-08-10 09:34:17,421", "levelname": "INFO", "name": "AresGlobal.EnhancedTrainingManagerOptimized", "message": "✅ All optimization components initialized successfully", "correlation_id": "1742c61a-1647-4818-ab7d-2775e4f47ac5", "session_id": "ee143895-3278-4f5d-aee8-bacdb7bf2420", "timestamp": "2025-08-10T07:34:17.421601+00:00"}
