{"asctime": "2025-08-10 11:16:52,439", "levelname": "INFO", "name": "AresTradingSystem", "message": "✅ Enhanced Logger initialization completed successfully", "correlation_id": "-", "session_id": "-", "timestamp": "2025-08-10T09:16:52.439859+00:00"}
{"asctime": "2025-08-10 11:16:52,447", "levelname": "INFO", "name": "AresTradingSystem.System", "message": "Environment configuration loaded successfully. Trading Environment: PAPER, Exchange: BINANCE", "correlation_id": "-", "session_id": "-", "timestamp": "2025-08-10T09:16:52.447213+00:00"}
{"asctime": "2025-08-10 11:16:52,834", "levelname": "INFO", "name": "AresTradingSystem.System.UnifiedDataConverter", "message": "🚀 Initializing Unified Data Converter...", "correlation_id": "-", "session_id": "-", "timestamp": "2025-08-10T09:16:52.834283+00:00"}
{"asctime": "2025-08-10 11:16:52,834", "levelname": "INFO", "name": "AresTradingSystem.System.UnifiedDataConverter", "message": "📁 Unified data directory: data_cache/unified", "correlation_id": "-", "session_id": "-", "timestamp": "2025-08-10T09:16:52.834449+00:00"}
{"asctime": "2025-08-10 11:16:52,834", "levelname": "INFO", "name": "AresTradingSystem.System.UnifiedDataConverter", "message": "📁 Backup directory: data_cache/backup_pre_unified", "correlation_id": "-", "session_id": "-", "timestamp": "2025-08-10T09:16:52.834521+00:00"}
{"asctime": "2025-08-10 11:16:52,834", "levelname": "INFO", "name": "AresTradingSystem.System.UnifiedDataConverter", "message": "================================================================================", "correlation_id": "-", "session_id": "-", "timestamp": "2025-08-10T09:16:52.834749+00:00"}
{"asctime": "2025-08-10 11:16:52,834", "levelname": "INFO", "name": "AresTradingSystem.System.UnifiedDataConverter", "message": "🔄 STEP 1.5: Unified Data Converter", "correlation_id": "-", "session_id": "-", "timestamp": "2025-08-10T09:16:52.834812+00:00"}
{"asctime": "2025-08-10 11:16:52,834", "levelname": "INFO", "name": "AresTradingSystem.System.UnifiedDataConverter", "message": "================================================================================", "correlation_id": "-", "session_id": "-", "timestamp": "2025-08-10T09:16:52.834879+00:00"}
{"asctime": "2025-08-10 11:16:52,834", "levelname": "INFO", "name": "AresTradingSystem.System.UnifiedDataConverter", "message": "🎯 Symbol: BTCUSDT", "correlation_id": "-", "session_id": "-", "timestamp": "2025-08-10T09:16:52.834938+00:00"}
{"asctime": "2025-08-10 11:16:52,834", "levelname": "INFO", "name": "AresTradingSystem.System.UnifiedDataConverter", "message": "🏢 Exchange: binance", "correlation_id": "-", "session_id": "-", "timestamp": "2025-08-10T09:16:52.834997+00:00"}
{"asctime": "2025-08-10 11:16:52,835", "levelname": "INFO", "name": "AresTradingSystem.System.UnifiedDataConverter", "message": "📊 Timeframe: 1m", "correlation_id": "-", "session_id": "-", "timestamp": "2025-08-10T09:16:52.835051+00:00"}
{"asctime": "2025-08-10 11:16:52,835", "levelname": "INFO", "name": "AresTradingSystem.System.UnifiedDataConverter", "message": "📁 Data directory: /var/folders/dr/hz7y0z9j0x39z7519pbshgqh0000gn/T/tmpu85xhspp/data_cache", "correlation_id": "-", "session_id": "-", "timestamp": "2025-08-10T09:16:52.835138+00:00"}
{"asctime": "2025-08-10 11:16:52,835", "levelname": "INFO", "name": "AresTradingSystem.System.UnifiedDataConverter", "message": "📦 Backing up existing consolidated data...", "correlation_id": "-", "session_id": "-", "timestamp": "2025-08-10T09:16:52.835206+00:00"}
{"asctime": "2025-08-10 11:16:52,835", "levelname": "INFO", "name": "AresTradingSystem.System.UnifiedDataConverter", "message": "   📦 Backed up: klines_binance_BTCUSDT_1m_consolidated.parquet", "correlation_id": "-", "session_id": "-", "timestamp": "2025-08-10T09:16:52.835780+00:00"}
{"asctime": "2025-08-10 11:16:52,836", "levelname": "INFO", "name": "AresTradingSystem.System.UnifiedDataConverter", "message": "   📦 Backed up: aggtrades_binance_BTCUSDT_consolidated.parquet", "correlation_id": "-", "session_id": "-", "timestamp": "2025-08-10T09:16:52.836974+00:00"}
{"asctime": "2025-08-10 11:16:52,838", "levelname": "INFO", "name": "AresTradingSystem.System.UnifiedDataConverter", "message": "   📦 Backed up: futures_binance_BTCUSDT_consolidated.parquet", "correlation_id": "-", "session_id": "-", "timestamp": "2025-08-10T09:16:52.838635+00:00"}
{"asctime": "2025-08-10 11:16:52,838", "levelname": "INFO", "name": "AresTradingSystem.System.UnifiedDataConverter", "message": "✅ Backup completed: 3 files backed up", "correlation_id": "-", "session_id": "-", "timestamp": "2025-08-10T09:16:52.838844+00:00"}
{"asctime": "2025-08-10 11:16:52,838", "levelname": "INFO", "name": "AresTradingSystem.System.UnifiedDataConverter", "message": "🔄 Converting existing consolidated data to unified format...", "correlation_id": "-", "session_id": "-", "timestamp": "2025-08-10T09:16:52.838923+00:00"}
{"asctime": "2025-08-10 11:16:52,839", "levelname": "INFO", "name": "AresTradingSystem.System.UnifiedDataConverter", "message": "📊 Loading klines from parquet: /var/folders/dr/hz7y0z9j0x39z7519pbshgqh0000gn/T/tmpu85xhspp/data_cache/klines_binance_BTCUSDT_1m_consolidated.parquet", "correlation_id": "-", "session_id": "-", "timestamp": "2025-08-10T09:16:52.839052+00:00"}
{"asctime": "2025-08-10 11:16:52,861", "levelname": "INFO", "name": "AresTradingSystem.System.UnifiedDataConverter", "message": "   ✅ Loaded 1440 klines rows", "correlation_id": "-", "session_id": "-", "timestamp": "2025-08-10T09:16:52.861013+00:00"}
{"asctime": "2025-08-10 11:16:52,861", "levelname": "INFO", "name": "AresTradingSystem.System.UnifiedDataConverter", "message": "📊 Loading aggtrades from consolidated parquet: /var/folders/dr/hz7y0z9j0x39z7519pbshgqh0000gn/T/tmpu85xhspp/data_cache/aggtrades_binance_BTCUSDT_consolidated.parquet", "correlation_id": "-", "session_id": "-", "timestamp": "2025-08-10T09:16:52.861188+00:00"}
{"asctime": "2025-08-10 11:16:52,863", "levelname": "INFO", "name": "AresTradingSystem.System.UnifiedDataConverter", "message": "   ✅ Loaded 86400 aggtrades rows", "correlation_id": "-", "session_id": "-", "timestamp": "2025-08-10T09:16:52.863555+00:00"}
{"asctime": "2025-08-10 11:16:52,863", "levelname": "INFO", "name": "AresTradingSystem.System.UnifiedDataConverter", "message": "📊 Loading futures from parquet: /var/folders/dr/hz7y0z9j0x39z7519pbshgqh0000gn/T/tmpu85xhspp/data_cache/futures_binance_BTCUSDT_consolidated.parquet", "correlation_id": "-", "session_id": "-", "timestamp": "2025-08-10T09:16:52.863749+00:00"}
{"asctime": "2025-08-10 11:16:52,864", "levelname": "INFO", "name": "AresTradingSystem.System.UnifiedDataConverter", "message": "   ✅ Loaded 3 futures rows", "correlation_id": "-", "session_id": "-", "timestamp": "2025-08-10T09:16:52.864552+00:00"}
{"asctime": "2025-08-10 11:16:52,864", "levelname": "INFO", "name": "AresTradingSystem.System.UnifiedDataConverter", "message": "🔗 Merging data into unified format...", "correlation_id": "-", "session_id": "-", "timestamp": "2025-08-10T09:16:52.864641+00:00"}
{"asctime": "2025-08-10 11:16:52,867", "levelname": "INFO", "name": "AresTradingSystem.System.UnifiedDataConverter", "message": "📊 Data availability summary:", "correlation_id": "-", "session_id": "-", "timestamp": "2025-08-10T09:16:52.867292+00:00"}
{"asctime": "2025-08-10 11:16:52,867", "levelname": "INFO", "name": "AresTradingSystem.System.UnifiedDataConverter", "message": "   ✅ Klines: 1440 rows", "correlation_id": "-", "session_id": "-", "timestamp": "2025-08-10T09:16:52.867461+00:00"}
{"asctime": "2025-08-10 11:16:52,867", "levelname": "INFO", "name": "AresTradingSystem.System.UnifiedDataConverter", "message": "   ✅ Aggtrades: 86400 rows", "correlation_id": "-", "session_id": "-", "timestamp": "2025-08-10T09:16:52.867748+00:00"}
{"asctime": "2025-08-10 11:16:52,867", "levelname": "INFO", "name": "AresTradingSystem.System.UnifiedDataConverter", "message": "   ✅ Futures: 3 rows", "correlation_id": "-", "session_id": "-", "timestamp": "2025-08-10T09:16:52.867875+00:00"}
{"asctime": "2025-08-10 11:16:52,867", "levelname": "INFO", "name": "AresTradingSystem.System.UnifiedDataConverter", "message": "🔗 Merging aggtrades data...", "correlation_id": "-", "session_id": "-", "timestamp": "2025-08-10T09:16:52.867946+00:00"}
{"asctime": "2025-08-10 11:16:52,882", "levelname": "INFO", "name": "AresTradingSystem.System.UnifiedDataConverter", "message": "   ✅ Aggtrades data merged: 1440 kline periods aggregated", "correlation_id": "-", "session_id": "-", "timestamp": "2025-08-10T09:16:52.882393+00:00"}
{"asctime": "2025-08-10 11:16:52,882", "levelname": "INFO", "name": "AresTradingSystem.System.UnifiedDataConverter", "message": "🔗 Merging futures data...", "correlation_id": "-", "session_id": "-", "timestamp": "2025-08-10T09:16:52.882711+00:00"}
{"asctime": "2025-08-10 11:16:52,883", "levelname": "INFO", "name": "AresTradingSystem.System.UnifiedDataConverter", "message": "   📊 Futures data coverage: 2024-01-01 00:00:00+00:00 to 2024-01-01 16:00:00+00:00 (3 records)", "correlation_id": "-", "session_id": "-", "timestamp": "2025-08-10T09:16:52.883368+00:00"}
{"asctime": "2025-08-10 11:16:52,884", "levelname": "INFO", "name": "AresTradingSystem.System.UnifiedDataConverter", "message": "   ✅ Futures data merged: 100.0% of klines have funding rates", "correlation_id": "-", "session_id": "-", "timestamp": "2025-08-10T09:16:52.884244+00:00"}
{"asctime": "2025-08-10 11:16:52,884", "levelname": "INFO", "name": "AresTradingSystem.System.UnifiedDataConverter", "message": "🔧 Filling missing values...", "correlation_id": "-", "session_id": "-", "timestamp": "2025-08-10T09:16:52.884331+00:00"}
{"asctime": "2025-08-10 11:16:52,885", "levelname": "INFO", "name": "AresTradingSystem.System.UnifiedDataConverter", "message": "   ✅ No missing values found", "correlation_id": "-", "session_id": "-", "timestamp": "2025-08-10T09:16:52.885574+00:00"}
{"asctime": "2025-08-10 11:16:52,886", "levelname": "INFO", "name": "AresTradingSystem.System.UnifiedDataConverter", "message": "✅ Unified dataset created: 1440 rows, 19 columns", "correlation_id": "-", "session_id": "-", "timestamp": "2025-08-10T09:16:52.886048+00:00"}
{"asctime": "2025-08-10 11:16:52,886", "levelname": "INFO", "name": "AresTradingSystem.System.UnifiedDataConverter", "message": "📋 Columns: ['timestamp', 'open', 'high', 'low', 'close', 'volume', 'exchange', 'symbol', 'timeframe', 'year', 'month', 'day', 'trade_volume', 'trade_count', 'avg_price', 'min_price', 'max_price', 'volume_ratio', 'funding_rate']", "correlation_id": "-", "session_id": "-", "timestamp": "2025-08-10T09:16:52.886140+00:00"}
{"asctime": "2025-08-10 11:16:52,886", "levelname": "INFO", "name": "AresTradingSystem.System.UnifiedDataConverter", "message": "💾 Writing unified dataset with partitioning...", "correlation_id": "-", "session_id": "-", "timestamp": "2025-08-10T09:16:52.886213+00:00"}
{"asctime": "2025-08-10 11:16:53,394", "levelname": "ERROR", "name": "AresTradingSystem.System.UnifiedDataConverter", "message": "❌ Failed to write unified dataset: ParquetDatasetManager.write_partitioned_dataset() got an unexpected keyword argument 'max_rows_per_group'", "correlation_id": "-", "session_id": "-", "exc_info": "Traceback (most recent call last):\n  File \"/Users/remyroche/Documents/Ares/src/training/steps/step1_5_data_converter.py\", line 638, in _write_unified_dataset\n    pdm.write_partitioned_dataset(\nTypeError: ParquetDatasetManager.write_partitioned_dataset() got an unexpected keyword argument 'max_rows_per_group'", "timestamp": "2025-08-10T09:16:53.394463+00:00"}
{"asctime": "2025-08-10 11:16:53,394", "levelname": "ERROR", "name": "AresTradingSystem.System.UnifiedDataConverter", "message": "❌ Failed to write unified dataset", "correlation_id": "-", "session_id": "-", "timestamp": "2025-08-10T09:16:53.394850+00:00"}
{"asctime": "2025-08-10 11:16:53,395", "levelname": "ERROR", "name": "AresTradingSystem.System.UnifiedDataConverter", "message": "❌ Failed to convert existing data", "correlation_id": "-", "session_id": "-", "timestamp": "2025-08-10T09:16:53.395024+00:00"}
