{"asctime": "2025-08-12 19:41:39,719", "levelname": "INFO", "name": "AresTradingSystem", "message": "✅ Enhanced Logger initialization completed successfully", "correlation_id": "-", "session_id": "-", "timestamp": "2025-08-12T17:41:39.719471+00:00"}
{"asctime": "2025-08-12 19:41:39,744", "levelname": "INFO", "name": "AresTradingSystem.System", "message": "Initializing Market Regime Classification Step...", "correlation_id": "-", "session_id": "-", "timestamp": "2025-08-12T17:41:39.744059+00:00"}
{"asctime": "2025-08-12 19:41:39,744", "levelname": "INFO", "name": "AresTradingSystem.System", "message": "Market Regime Classification Step initialized successfully", "correlation_id": "-", "session_id": "-", "timestamp": "2025-08-12T17:41:39.744214+00:00"}
{"asctime": "2025-08-12 19:41:39,744", "levelname": "INFO", "name": "AresTradingSystem.System", "message": "🔄 Executing Market Regime Classification...", "correlation_id": "-", "session_id": "-", "timestamp": "2025-08-12T17:41:39.744288+00:00"}
{"asctime": "2025-08-12 19:41:39,744", "levelname": "INFO", "name": "AresTradingSystem.System", "message": "🔄 Loading data using unified data loader...", "correlation_id": "-", "session_id": "-", "timestamp": "2025-08-12T17:41:39.744355+00:00"}
{"asctime": "2025-08-12 19:41:39,744", "levelname": "INFO", "name": "AresTradingSystem.System.UnifiedDataLoader", "message": "🔄 Loading unified data for ETHUSDT on BINANCE", "correlation_id": "-", "session_id": "-", "timestamp": "2025-08-12T17:41:39.744435+00:00"}
{"asctime": "2025-08-12 19:41:39,744", "levelname": "INFO", "name": "AresTradingSystem.System.UnifiedDataLoader", "message": "   Timeframe: 1m", "correlation_id": "-", "session_id": "-", "timestamp": "2025-08-12T17:41:39.744503+00:00"}
{"asctime": "2025-08-12 19:41:39,744", "levelname": "INFO", "name": "AresTradingSystem.System.UnifiedDataLoader", "message": "   Date range: 2025-02-13 to 2025-08-12", "correlation_id": "-", "session_id": "-", "timestamp": "2025-08-12T17:41:39.744655+00:00"}
{"asctime": "2025-08-12 19:41:39,744", "levelname": "INFO", "name": "AresTradingSystem.System.UnifiedDataLoader", "message": "   Streaming: True", "correlation_id": "-", "session_id": "-", "timestamp": "2025-08-12T17:41:39.744768+00:00"}
{"asctime": "2025-08-12 19:41:39,744", "levelname": "INFO", "name": "AresTradingSystem.System.UnifiedDataLoader", "message": "   ⚠️ Streaming disabled to avoid segmentation faults", "correlation_id": "-", "session_id": "-", "timestamp": "2025-08-12T17:41:39.744820+00:00"}
{"asctime": "2025-08-12 19:41:39,744", "levelname": "INFO", "name": "AresTradingSystem.System.UnifiedDataLoader", "message": "   📁 Found unified data cache, using optimized pyarrow loading", "correlation_id": "-", "session_id": "-", "timestamp": "2025-08-12T17:41:39.744955+00:00"}
{"asctime": "2025-08-12 19:41:39,745", "levelname": "INFO", "name": "AresTradingSystem.System.UnifiedDataLoader", "message": "🔧 Using optimized pyarrow loading...", "correlation_id": "-", "session_id": "-", "timestamp": "2025-08-12T17:41:39.745015+00:00"}
{"asctime": "2025-08-12 19:41:39,745", "levelname": "INFO", "name": "AresTradingSystem.System.UnifiedDataLoader", "message": "   ⚠️ PyArrow disabled to avoid segmentation faults", "correlation_id": "-", "session_id": "-", "timestamp": "2025-08-12T17:41:39.745070+00:00"}
{"asctime": "2025-08-12 19:41:39,745", "levelname": "INFO", "name": "AresTradingSystem.System.UnifiedDataLoader", "message": "🔧 Using memory-efficient streaming loading for 180 days...", "correlation_id": "-", "session_id": "-", "timestamp": "2025-08-12T17:41:39.745123+00:00"}
{"asctime": "2025-08-12 19:41:39,748", "levelname": "INFO", "name": "AresTradingSystem.System.UnifiedDataLoader", "message": "📁 Found 178 partition files", "correlation_id": "-", "session_id": "-", "timestamp": "2025-08-12T17:41:39.748243+00:00"}
{"asctime": "2025-08-12 19:41:39,832", "levelname": "INFO", "name": "AresTradingSystem.System.UnifiedDataLoader", "message": "   📄 Processing file 1/178: part-0.parquet", "correlation_id": "-", "session_id": "-", "timestamp": "2025-08-12T17:41:39.832083+00:00"}
{"asctime": "2025-08-12 19:41:39,900", "levelname": "INFO", "name": "AresTradingSystem.System.UnifiedDataLoader", "message": "   ✅ Loaded file 1: (1440, 19)", "correlation_id": "-", "session_id": "-", "timestamp": "2025-08-12T17:41:39.900876+00:00"}
{"asctime": "2025-08-12 19:41:39,906", "levelname": "INFO", "name": "AresTradingSystem.System.UnifiedDataLoader", "message": "   🔍 After date filtering: (258, 19)", "correlation_id": "-", "session_id": "-", "timestamp": "2025-08-12T17:41:39.906149+00:00"}
{"asctime": "2025-08-12 19:41:39,908", "levelname": "INFO", "name": "AresTradingSystem.System.UnifiedDataLoader", "message": "   📊 Total rows so far: 258", "correlation_id": "-", "session_id": "-", "timestamp": "2025-08-12T17:41:39.908461+00:00"}
{"asctime": "2025-08-12 19:41:40,916", "levelname": "INFO", "name": "AresTradingSystem.System.UnifiedDataLoader", "message": "   📄 Processing file 10/178: part-0.parquet", "correlation_id": "-", "session_id": "-", "timestamp": "2025-08-12T17:41:40.916480+00:00"}
{"asctime": "2025-08-12 19:41:40,919", "levelname": "INFO", "name": "AresTradingSystem.System.UnifiedDataLoader", "message": "   ✅ Loaded file 10: (1440, 19)", "correlation_id": "-", "session_id": "-", "timestamp": "2025-08-12T17:41:40.919662+00:00"}
{"asctime": "2025-08-12 19:41:40,920", "levelname": "INFO", "name": "AresTradingSystem.System.UnifiedDataLoader", "message": "   🔍 After date filtering: (1440, 19)", "correlation_id": "-", "session_id": "-", "timestamp": "2025-08-12T17:41:40.920350+00:00"}
{"asctime": "2025-08-12 19:41:40,924", "levelname": "INFO", "name": "AresTradingSystem.System.UnifiedDataLoader", "message": "   📊 Total rows so far: 13218", "correlation_id": "-", "session_id": "-", "timestamp": "2025-08-12T17:41:40.924981+00:00"}
{"asctime": "2025-08-12 19:41:42,134", "levelname": "INFO", "name": "AresTradingSystem.System.UnifiedDataLoader", "message": "   📄 Processing file 20/178: part-0.parquet", "correlation_id": "-", "session_id": "-", "timestamp": "2025-08-12T17:41:42.134860+00:00"}
{"asctime": "2025-08-12 19:41:42,138", "levelname": "INFO", "name": "AresTradingSystem.System.UnifiedDataLoader", "message": "   ✅ Loaded file 20: (1440, 19)", "correlation_id": "-", "session_id": "-", "timestamp": "2025-08-12T17:41:42.138083+00:00"}
{"asctime": "2025-08-12 19:41:42,138", "levelname": "INFO", "name": "AresTradingSystem.System.UnifiedDataLoader", "message": "   🔍 After date filtering: (1440, 19)", "correlation_id": "-", "session_id": "-", "timestamp": "2025-08-12T17:41:42.138803+00:00"}
{"asctime": "2025-08-12 19:41:42,143", "levelname": "INFO", "name": "AresTradingSystem.System.UnifiedDataLoader", "message": "   📊 Total rows so far: 27618", "correlation_id": "-", "session_id": "-", "timestamp": "2025-08-12T17:41:42.143590+00:00"}
{"asctime": "2025-08-12 19:41:43,342", "levelname": "INFO", "name": "AresTradingSystem.System.UnifiedDataLoader", "message": "   📄 Processing file 30/178: part-0.parquet", "correlation_id": "-", "session_id": "-", "timestamp": "2025-08-12T17:41:43.342114+00:00"}
{"asctime": "2025-08-12 19:41:43,345", "levelname": "INFO", "name": "AresTradingSystem.System.UnifiedDataLoader", "message": "   ✅ Loaded file 30: (1440, 19)", "correlation_id": "-", "session_id": "-", "timestamp": "2025-08-12T17:41:43.345403+00:00"}
{"asctime": "2025-08-12 19:41:43,346", "levelname": "INFO", "name": "AresTradingSystem.System.UnifiedDataLoader", "message": "   🔍 After date filtering: (1440, 19)", "correlation_id": "-", "session_id": "-", "timestamp": "2025-08-12T17:41:43.346117+00:00"}
{"asctime": "2025-08-12 19:41:43,351", "levelname": "INFO", "name": "AresTradingSystem.System.UnifiedDataLoader", "message": "   📊 Total rows so far: 42018", "correlation_id": "-", "session_id": "-", "timestamp": "2025-08-12T17:41:43.351106+00:00"}
{"asctime": "2025-08-12 19:41:44,661", "levelname": "INFO", "name": "AresTradingSystem.System.UnifiedDataLoader", "message": "   📄 Processing file 40/178: part-0.parquet", "correlation_id": "-", "session_id": "-", "timestamp": "2025-08-12T17:41:44.661247+00:00"}
{"asctime": "2025-08-12 19:41:44,664", "levelname": "INFO", "name": "AresTradingSystem.System.UnifiedDataLoader", "message": "   ✅ Loaded file 40: (1440, 19)", "correlation_id": "-", "session_id": "-", "timestamp": "2025-08-12T17:41:44.664361+00:00"}
{"asctime": "2025-08-12 19:41:44,665", "levelname": "INFO", "name": "AresTradingSystem.System.UnifiedDataLoader", "message": "   🔍 After date filtering: (1440, 19)", "correlation_id": "-", "session_id": "-", "timestamp": "2025-08-12T17:41:44.665065+00:00"}
{"asctime": "2025-08-12 19:41:44,669", "levelname": "INFO", "name": "AresTradingSystem.System.UnifiedDataLoader", "message": "   📊 Total rows so far: 56418", "correlation_id": "-", "session_id": "-", "timestamp": "2025-08-12T17:41:44.669666+00:00"}
{"asctime": "2025-08-12 19:41:45,954", "levelname": "INFO", "name": "AresTradingSystem.System.UnifiedDataLoader", "message": "   📄 Processing file 50/178: part-0.parquet", "correlation_id": "-", "session_id": "-", "timestamp": "2025-08-12T17:41:45.954734+00:00"}
{"asctime": "2025-08-12 19:41:45,957", "levelname": "INFO", "name": "AresTradingSystem.System.UnifiedDataLoader", "message": "   ✅ Loaded file 50: (1440, 19)", "correlation_id": "-", "session_id": "-", "timestamp": "2025-08-12T17:41:45.957576+00:00"}
{"asctime": "2025-08-12 19:41:45,958", "levelname": "INFO", "name": "AresTradingSystem.System.UnifiedDataLoader", "message": "   🔍 After date filtering: (1440, 19)", "correlation_id": "-", "session_id": "-", "timestamp": "2025-08-12T17:41:45.958245+00:00"}
{"asctime": "2025-08-12 19:41:45,962", "levelname": "INFO", "name": "AresTradingSystem.System.UnifiedDataLoader", "message": "   📊 Total rows so far: 70818", "correlation_id": "-", "session_id": "-", "timestamp": "2025-08-12T17:41:45.962770+00:00"}
{"asctime": "2025-08-12 19:41:47,305", "levelname": "INFO", "name": "AresTradingSystem.System.UnifiedDataLoader", "message": "   📄 Processing file 60/178: part-0.parquet", "correlation_id": "-", "session_id": "-", "timestamp": "2025-08-12T17:41:47.305954+00:00"}
{"asctime": "2025-08-12 19:41:47,308", "levelname": "INFO", "name": "AresTradingSystem.System.UnifiedDataLoader", "message": "   ✅ Loaded file 60: (1440, 19)", "correlation_id": "-", "session_id": "-", "timestamp": "2025-08-12T17:41:47.308753+00:00"}
{"asctime": "2025-08-12 19:41:47,309", "levelname": "INFO", "name": "AresTradingSystem.System.UnifiedDataLoader", "message": "   🔍 After date filtering: (1440, 19)", "correlation_id": "-", "session_id": "-", "timestamp": "2025-08-12T17:41:47.309440+00:00"}
{"asctime": "2025-08-12 19:41:47,314", "levelname": "INFO", "name": "AresTradingSystem.System.UnifiedDataLoader", "message": "   📊 Total rows so far: 85218", "correlation_id": "-", "session_id": "-", "timestamp": "2025-08-12T17:41:47.314035+00:00"}
{"asctime": "2025-08-12 19:41:48,712", "levelname": "INFO", "name": "AresTradingSystem.System.UnifiedDataLoader", "message": "   📄 Processing file 70/178: part-0.parquet", "correlation_id": "-", "session_id": "-", "timestamp": "2025-08-12T17:41:48.712781+00:00"}
{"asctime": "2025-08-12 19:41:48,715", "levelname": "INFO", "name": "AresTradingSystem.System.UnifiedDataLoader", "message": "   ✅ Loaded file 70: (1440, 19)", "correlation_id": "-", "session_id": "-", "timestamp": "2025-08-12T17:41:48.715918+00:00"}
{"asctime": "2025-08-12 19:41:48,716", "levelname": "INFO", "name": "AresTradingSystem.System.UnifiedDataLoader", "message": "   🔍 After date filtering: (1440, 19)", "correlation_id": "-", "session_id": "-", "timestamp": "2025-08-12T17:41:48.716593+00:00"}
{"asctime": "2025-08-12 19:41:48,721", "levelname": "INFO", "name": "AresTradingSystem.System.UnifiedDataLoader", "message": "   📊 Total rows so far: 99618", "correlation_id": "-", "session_id": "-", "timestamp": "2025-08-12T17:41:48.721144+00:00"}
{"asctime": "2025-08-12 19:41:50,134", "levelname": "INFO", "name": "AresTradingSystem.System.UnifiedDataLoader", "message": "   📄 Processing file 80/178: part-0.parquet", "correlation_id": "-", "session_id": "-", "timestamp": "2025-08-12T17:41:50.134151+00:00"}
{"asctime": "2025-08-12 19:41:50,137", "levelname": "INFO", "name": "AresTradingSystem.System.UnifiedDataLoader", "message": "   ✅ Loaded file 80: (1440, 19)", "correlation_id": "-", "session_id": "-", "timestamp": "2025-08-12T17:41:50.137229+00:00"}
{"asctime": "2025-08-12 19:41:50,137", "levelname": "INFO", "name": "AresTradingSystem.System.UnifiedDataLoader", "message": "   🔍 After date filtering: (1440, 19)", "correlation_id": "-", "session_id": "-", "timestamp": "2025-08-12T17:41:50.137897+00:00"}
{"asctime": "2025-08-12 19:41:50,142", "levelname": "INFO", "name": "AresTradingSystem.System.UnifiedDataLoader", "message": "   📊 Total rows so far: 114018", "correlation_id": "-", "session_id": "-", "timestamp": "2025-08-12T17:41:50.142612+00:00"}
{"asctime": "2025-08-12 19:41:51,623", "levelname": "INFO", "name": "AresTradingSystem.System.UnifiedDataLoader", "message": "   📄 Processing file 90/178: part-0.parquet", "correlation_id": "-", "session_id": "-", "timestamp": "2025-08-12T17:41:51.623392+00:00"}
{"asctime": "2025-08-12 19:41:51,626", "levelname": "INFO", "name": "AresTradingSystem.System.UnifiedDataLoader", "message": "   ✅ Loaded file 90: (1440, 19)", "correlation_id": "-", "session_id": "-", "timestamp": "2025-08-12T17:41:51.626570+00:00"}
{"asctime": "2025-08-12 19:41:51,627", "levelname": "INFO", "name": "AresTradingSystem.System.UnifiedDataLoader", "message": "   🔍 After date filtering: (1440, 19)", "correlation_id": "-", "session_id": "-", "timestamp": "2025-08-12T17:41:51.627267+00:00"}
{"asctime": "2025-08-12 19:41:51,631", "levelname": "INFO", "name": "AresTradingSystem.System.UnifiedDataLoader", "message": "   📊 Total rows so far: 128418", "correlation_id": "-", "session_id": "-", "timestamp": "2025-08-12T17:41:51.631888+00:00"}
{"asctime": "2025-08-12 19:41:53,152", "levelname": "INFO", "name": "AresTradingSystem.System.UnifiedDataLoader", "message": "   📄 Processing file 100/178: part-0.parquet", "correlation_id": "-", "session_id": "-", "timestamp": "2025-08-12T17:41:53.152913+00:00"}
{"asctime": "2025-08-12 19:41:53,156", "levelname": "INFO", "name": "AresTradingSystem.System.UnifiedDataLoader", "message": "   ✅ Loaded file 100: (1440, 19)", "correlation_id": "-", "session_id": "-", "timestamp": "2025-08-12T17:41:53.156154+00:00"}
{"asctime": "2025-08-12 19:41:53,156", "levelname": "INFO", "name": "AresTradingSystem.System.UnifiedDataLoader", "message": "   🔍 After date filtering: (1440, 19)", "correlation_id": "-", "session_id": "-", "timestamp": "2025-08-12T17:41:53.156813+00:00"}
{"asctime": "2025-08-12 19:41:53,161", "levelname": "INFO", "name": "AresTradingSystem.System.UnifiedDataLoader", "message": "   📊 Total rows so far: 142818", "correlation_id": "-", "session_id": "-", "timestamp": "2025-08-12T17:41:53.161333+00:00"}
{"asctime": "2025-08-12 19:41:54,742", "levelname": "INFO", "name": "AresTradingSystem.System.UnifiedDataLoader", "message": "   📄 Processing file 110/178: part-0.parquet", "correlation_id": "-", "session_id": "-", "timestamp": "2025-08-12T17:41:54.742874+00:00"}
{"asctime": "2025-08-12 19:41:54,745", "levelname": "INFO", "name": "AresTradingSystem.System.UnifiedDataLoader", "message": "   ✅ Loaded file 110: (1440, 19)", "correlation_id": "-", "session_id": "-", "timestamp": "2025-08-12T17:41:54.745979+00:00"}
{"asctime": "2025-08-12 19:41:54,746", "levelname": "INFO", "name": "AresTradingSystem.System.UnifiedDataLoader", "message": "   🔍 After date filtering: (1440, 19)", "correlation_id": "-", "session_id": "-", "timestamp": "2025-08-12T17:41:54.746662+00:00"}
{"asctime": "2025-08-12 19:41:54,751", "levelname": "INFO", "name": "AresTradingSystem.System.UnifiedDataLoader", "message": "   📊 Total rows so far: 157218", "correlation_id": "-", "session_id": "-", "timestamp": "2025-08-12T17:41:54.751218+00:00"}
{"asctime": "2025-08-12 19:41:56,407", "levelname": "INFO", "name": "AresTradingSystem.System.UnifiedDataLoader", "message": "   📄 Processing file 120/178: part-0.parquet", "correlation_id": "-", "session_id": "-", "timestamp": "2025-08-12T17:41:56.407198+00:00"}
{"asctime": "2025-08-12 19:41:56,410", "levelname": "INFO", "name": "AresTradingSystem.System.UnifiedDataLoader", "message": "   ✅ Loaded file 120: (1440, 19)", "correlation_id": "-", "session_id": "-", "timestamp": "2025-08-12T17:41:56.410363+00:00"}
{"asctime": "2025-08-12 19:41:56,411", "levelname": "INFO", "name": "AresTradingSystem.System.UnifiedDataLoader", "message": "   🔍 After date filtering: (1440, 19)", "correlation_id": "-", "session_id": "-", "timestamp": "2025-08-12T17:41:56.411045+00:00"}
{"asctime": "2025-08-12 19:41:56,415", "levelname": "INFO", "name": "AresTradingSystem.System.UnifiedDataLoader", "message": "   📊 Total rows so far: 171618", "correlation_id": "-", "session_id": "-", "timestamp": "2025-08-12T17:41:56.415894+00:00"}
{"asctime": "2025-08-12 19:41:58,091", "levelname": "INFO", "name": "AresTradingSystem.System.UnifiedDataLoader", "message": "   📄 Processing file 130/178: part-0.parquet", "correlation_id": "-", "session_id": "-", "timestamp": "2025-08-12T17:41:58.091909+00:00"}
{"asctime": "2025-08-12 19:41:58,095", "levelname": "INFO", "name": "AresTradingSystem.System.UnifiedDataLoader", "message": "   ✅ Loaded file 130: (1440, 19)", "correlation_id": "-", "session_id": "-", "timestamp": "2025-08-12T17:41:58.095124+00:00"}
{"asctime": "2025-08-12 19:41:58,095", "levelname": "INFO", "name": "AresTradingSystem.System.UnifiedDataLoader", "message": "   🔍 After date filtering: (1440, 19)", "correlation_id": "-", "session_id": "-", "timestamp": "2025-08-12T17:41:58.095790+00:00"}
{"asctime": "2025-08-12 19:41:58,100", "levelname": "INFO", "name": "AresTradingSystem.System.UnifiedDataLoader", "message": "   📊 Total rows so far: 186018", "correlation_id": "-", "session_id": "-", "timestamp": "2025-08-12T17:41:58.100401+00:00"}
{"asctime": "2025-08-12 19:41:59,816", "levelname": "INFO", "name": "AresTradingSystem.System.UnifiedDataLoader", "message": "   📄 Processing file 140/178: part-0.parquet", "correlation_id": "-", "session_id": "-", "timestamp": "2025-08-12T17:41:59.816360+00:00"}
{"asctime": "2025-08-12 19:41:59,819", "levelname": "INFO", "name": "AresTradingSystem.System.UnifiedDataLoader", "message": "   ✅ Loaded file 140: (1440, 19)", "correlation_id": "-", "session_id": "-", "timestamp": "2025-08-12T17:41:59.819442+00:00"}
{"asctime": "2025-08-12 19:41:59,820", "levelname": "INFO", "name": "AresTradingSystem.System.UnifiedDataLoader", "message": "   🔍 After date filtering: (1440, 19)", "correlation_id": "-", "session_id": "-", "timestamp": "2025-08-12T17:41:59.820103+00:00"}
{"asctime": "2025-08-12 19:41:59,824", "levelname": "INFO", "name": "AresTradingSystem.System.UnifiedDataLoader", "message": "   📊 Total rows so far: 200418", "correlation_id": "-", "session_id": "-", "timestamp": "2025-08-12T17:41:59.824658+00:00"}
{"asctime": "2025-08-12 19:42:01,651", "levelname": "INFO", "name": "AresTradingSystem.System.UnifiedDataLoader", "message": "   📄 Processing file 150/178: part-0.parquet", "correlation_id": "-", "session_id": "-", "timestamp": "2025-08-12T17:42:01.651478+00:00"}
{"asctime": "2025-08-12 19:42:01,655", "levelname": "INFO", "name": "AresTradingSystem.System.UnifiedDataLoader", "message": "   ✅ Loaded file 150: (1440, 19)", "correlation_id": "-", "session_id": "-", "timestamp": "2025-08-12T17:42:01.655036+00:00"}
{"asctime": "2025-08-12 19:42:01,655", "levelname": "INFO", "name": "AresTradingSystem.System.UnifiedDataLoader", "message": "   🔍 After date filtering: (1440, 19)", "correlation_id": "-", "session_id": "-", "timestamp": "2025-08-12T17:42:01.655898+00:00"}
{"asctime": "2025-08-12 19:42:01,661", "levelname": "INFO", "name": "AresTradingSystem.System.UnifiedDataLoader", "message": "   📊 Total rows so far: 214818", "correlation_id": "-", "session_id": "-", "timestamp": "2025-08-12T17:42:01.661034+00:00"}
{"asctime": "2025-08-12 19:42:03,628", "levelname": "INFO", "name": "AresTradingSystem.System.UnifiedDataLoader", "message": "   📄 Processing file 160/178: part-0.parquet", "correlation_id": "-", "session_id": "-", "timestamp": "2025-08-12T17:42:03.628752+00:00"}
{"asctime": "2025-08-12 19:42:03,631", "levelname": "INFO", "name": "AresTradingSystem.System.UnifiedDataLoader", "message": "   ✅ Loaded file 160: (1440, 19)", "correlation_id": "-", "session_id": "-", "timestamp": "2025-08-12T17:42:03.631623+00:00"}
{"asctime": "2025-08-12 19:42:03,632", "levelname": "INFO", "name": "AresTradingSystem.System.UnifiedDataLoader", "message": "   🔍 After date filtering: (1440, 19)", "correlation_id": "-", "session_id": "-", "timestamp": "2025-08-12T17:42:03.632266+00:00"}
{"asctime": "2025-08-12 19:42:03,636", "levelname": "INFO", "name": "AresTradingSystem.System.UnifiedDataLoader", "message": "   📊 Total rows so far: 229218", "correlation_id": "-", "session_id": "-", "timestamp": "2025-08-12T17:42:03.636832+00:00"}
{"asctime": "2025-08-12 19:42:05,558", "levelname": "INFO", "name": "AresTradingSystem.System.UnifiedDataLoader", "message": "   📄 Processing file 170/178: part-0.parquet", "correlation_id": "-", "session_id": "-", "timestamp": "2025-08-12T17:42:05.558459+00:00"}
{"asctime": "2025-08-12 19:42:05,561", "levelname": "INFO", "name": "AresTradingSystem.System.UnifiedDataLoader", "message": "   ✅ Loaded file 170: (1440, 19)", "correlation_id": "-", "session_id": "-", "timestamp": "2025-08-12T17:42:05.561280+00:00"}
{"asctime": "2025-08-12 19:42:05,561", "levelname": "INFO", "name": "AresTradingSystem.System.UnifiedDataLoader", "message": "   🔍 After date filtering: (1440, 19)", "correlation_id": "-", "session_id": "-", "timestamp": "2025-08-12T17:42:05.561935+00:00"}
{"asctime": "2025-08-12 19:42:05,566", "levelname": "INFO", "name": "AresTradingSystem.System.UnifiedDataLoader", "message": "   📊 Total rows so far: 243618", "correlation_id": "-", "session_id": "-", "timestamp": "2025-08-12T17:42:05.566980+00:00"}
{"asctime": "2025-08-12 19:42:07,263", "levelname": "INFO", "name": "AresTradingSystem.System.UnifiedDataLoader", "message": "🔄 Converting 254768 records to DataFrame...", "correlation_id": "-", "session_id": "-", "timestamp": "2025-08-12T17:42:07.263832+00:00"}
{"asctime": "2025-08-12 19:42:07,991", "levelname": "INFO", "name": "AresTradingSystem.System.UnifiedDataLoader", "message": "✅ Memory-efficient loading completed: (254768, 19)", "correlation_id": "-", "session_id": "-", "timestamp": "2025-08-12T17:42:07.991317+00:00"}
{"asctime": "2025-08-12 19:42:07,992", "levelname": "INFO", "name": "AresTradingSystem.System", "message": "✅ Loaded unified data: 254768 rows", "correlation_id": "-", "session_id": "-", "timestamp": "2025-08-12T17:42:07.992348+00:00"}
{"asctime": "2025-08-12 19:42:07,992", "levelname": "INFO", "name": "AresTradingSystem.System", "message": "   Date range: 2025-02-13T19:42:00 to 2025-08-09T17:49:00", "correlation_id": "-", "session_id": "-", "timestamp": "2025-08-12T17:42:07.992444+00:00"}
{"asctime": "2025-08-12 19:42:07,992", "levelname": "INFO", "name": "AresTradingSystem.System", "message": "   Has aggtrades data: True", "correlation_id": "-", "session_id": "-", "timestamp": "2025-08-12T17:42:07.992511+00:00"}
{"asctime": "2025-08-12 19:42:07,992", "levelname": "INFO", "name": "AresTradingSystem.System", "message": "   Has futures data: True", "correlation_id": "-", "session_id": "-", "timestamp": "2025-08-12T17:42:07.992587+00:00"}
{"asctime": "2025-08-12 19:42:07,992", "levelname": "INFO", "name": "AresTradingSystem.System", "message": "🔄 Resampling data to 1h timeframe for regime classification...", "correlation_id": "-", "session_id": "-", "timestamp": "2025-08-12T17:42:07.992645+00:00"}
{"asctime": "2025-08-12 19:42:08,034", "levelname": "INFO", "name": "AresTradingSystem.System", "message": "✅ Resampled to 1h: 4247 records", "correlation_id": "-", "session_id": "-", "timestamp": "2025-08-12T17:42:08.034265+00:00"}
{"asctime": "2025-08-12 19:42:08,034", "levelname": "INFO", "name": "AresTradingSystem.System", "message": "Classifying market regimes (EMA/ADX) for ETHUSDT on BINANCE...", "correlation_id": "-", "session_id": "-", "timestamp": "2025-08-12T17:42:08.034491+00:00"}
{"asctime": "2025-08-12 19:42:08,043", "levelname": "INFO", "name": "AresTradingSystem.System", "message": "Regime classification (EMA/ADX) completed. Found 3 distinct regimes", "correlation_id": "-", "session_id": "-", "timestamp": "2025-08-12T17:42:08.043504+00:00"}
{"asctime": "2025-08-12 19:42:08,068", "levelname": "INFO", "name": "AresTradingSystem.System", "message": "✅ Saved regime classification results to parquet: data/training/BINANCE_ETHUSDT_regime_classification.parquet", "correlation_id": "-", "session_id": "-", "timestamp": "2025-08-12T17:42:08.068853+00:00"}
{"asctime": "2025-08-12 19:42:08,068", "levelname": "INFO", "name": "AresTradingSystem.System", "message": "✅ Market regime classification completed. Results saved to data/training/BINANCE_ETHUSDT_regime_classification.json", "correlation_id": "-", "session_id": "-", "timestamp": "2025-08-12T17:42:08.068988+00:00"}
{"asctime": "2025-08-12 19:42:08,194", "levelname": "INFO", "name": "AresTradingSystem.System", "message": "Initializing Regime Data Splitting Step...", "correlation_id": "-", "session_id": "-", "timestamp": "2025-08-12T17:42:08.194909+00:00"}
{"asctime": "2025-08-12 19:42:08,195", "levelname": "INFO", "name": "AresTradingSystem.System", "message": "Regime Data Splitting Step initialized successfully", "correlation_id": "-", "session_id": "-", "timestamp": "2025-08-12T17:42:08.195024+00:00"}
{"asctime": "2025-08-12 19:42:08,195", "levelname": "INFO", "name": "AresTradingSystem.System", "message": "🔄 Loading unified data for regime data splitting...", "correlation_id": "-", "session_id": "-", "timestamp": "2025-08-12T17:42:08.195110+00:00"}
{"asctime": "2025-08-12 19:42:08,195", "levelname": "INFO", "name": "AresTradingSystem.System.UnifiedDataLoader", "message": "🔄 Loading unified data for ETHUSDT on BINANCE", "correlation_id": "-", "session_id": "-", "timestamp": "2025-08-12T17:42:08.195204+00:00"}
{"asctime": "2025-08-12 19:42:08,195", "levelname": "INFO", "name": "AresTradingSystem.System.UnifiedDataLoader", "message": "   Timeframe: 1m", "correlation_id": "-", "session_id": "-", "timestamp": "2025-08-12T17:42:08.195291+00:00"}
{"asctime": "2025-08-12 19:42:08,195", "levelname": "INFO", "name": "AresTradingSystem.System.UnifiedDataLoader", "message": "   Date range: 2025-02-13 to 2025-08-12", "correlation_id": "-", "session_id": "-", "timestamp": "2025-08-12T17:42:08.195414+00:00"}
{"asctime": "2025-08-12 19:42:08,195", "levelname": "INFO", "name": "AresTradingSystem.System.UnifiedDataLoader", "message": "   Streaming: True", "correlation_id": "-", "session_id": "-", "timestamp": "2025-08-12T17:42:08.195504+00:00"}
{"asctime": "2025-08-12 19:42:08,195", "levelname": "INFO", "name": "AresTradingSystem.System.UnifiedDataLoader", "message": "   ⚠️ Streaming disabled to avoid segmentation faults", "correlation_id": "-", "session_id": "-", "timestamp": "2025-08-12T17:42:08.195667+00:00"}
{"asctime": "2025-08-12 19:42:08,195", "levelname": "INFO", "name": "AresTradingSystem.System.UnifiedDataLoader", "message": "   📁 Found unified data cache, using optimized pyarrow loading", "correlation_id": "-", "session_id": "-", "timestamp": "2025-08-12T17:42:08.195908+00:00"}
{"asctime": "2025-08-12 19:42:08,196", "levelname": "INFO", "name": "AresTradingSystem.System.UnifiedDataLoader", "message": "🔧 Using optimized pyarrow loading...", "correlation_id": "-", "session_id": "-", "timestamp": "2025-08-12T17:42:08.196084+00:00"}
{"asctime": "2025-08-12 19:42:08,196", "levelname": "INFO", "name": "AresTradingSystem.System.UnifiedDataLoader", "message": "   ⚠️ PyArrow disabled to avoid segmentation faults", "correlation_id": "-", "session_id": "-", "timestamp": "2025-08-12T17:42:08.196191+00:00"}
{"asctime": "2025-08-12 19:42:08,196", "levelname": "INFO", "name": "AresTradingSystem.System.UnifiedDataLoader", "message": "🔧 Using memory-efficient streaming loading for 180 days...", "correlation_id": "-", "session_id": "-", "timestamp": "2025-08-12T17:42:08.196283+00:00"}
{"asctime": "2025-08-12 19:42:08,202", "levelname": "INFO", "name": "AresTradingSystem.System.UnifiedDataLoader", "message": "📁 Found 178 partition files", "correlation_id": "-", "session_id": "-", "timestamp": "2025-08-12T17:42:08.202992+00:00"}
{"asctime": "2025-08-12 19:42:08,253", "levelname": "INFO", "name": "AresTradingSystem.System.UnifiedDataLoader", "message": "   📄 Processing file 1/178: part-0.parquet", "correlation_id": "-", "session_id": "-", "timestamp": "2025-08-12T17:42:08.253139+00:00"}
{"asctime": "2025-08-12 19:42:08,255", "levelname": "INFO", "name": "AresTradingSystem.System.UnifiedDataLoader", "message": "   ✅ Loaded file 1: (1440, 19)", "correlation_id": "-", "session_id": "-", "timestamp": "2025-08-12T17:42:08.255750+00:00"}
{"asctime": "2025-08-12 19:42:08,256", "levelname": "INFO", "name": "AresTradingSystem.System.UnifiedDataLoader", "message": "   🔍 After date filtering: (257, 19)", "correlation_id": "-", "session_id": "-", "timestamp": "2025-08-12T17:42:08.256552+00:00"}
{"asctime": "2025-08-12 19:42:08,257", "levelname": "INFO", "name": "AresTradingSystem.System.UnifiedDataLoader", "message": "   📊 Total rows so far: 257", "correlation_id": "-", "session_id": "-", "timestamp": "2025-08-12T17:42:08.257726+00:00"}
{"asctime": "2025-08-12 19:42:09,246", "levelname": "INFO", "name": "AresTradingSystem.System.UnifiedDataLoader", "message": "   📄 Processing file 10/178: part-0.parquet", "correlation_id": "-", "session_id": "-", "timestamp": "2025-08-12T17:42:09.246464+00:00"}
{"asctime": "2025-08-12 19:42:09,249", "levelname": "INFO", "name": "AresTradingSystem.System.UnifiedDataLoader", "message": "   ✅ Loaded file 10: (1440, 19)", "correlation_id": "-", "session_id": "-", "timestamp": "2025-08-12T17:42:09.249520+00:00"}
{"asctime": "2025-08-12 19:42:09,250", "levelname": "INFO", "name": "AresTradingSystem.System.UnifiedDataLoader", "message": "   🔍 After date filtering: (1440, 19)", "correlation_id": "-", "session_id": "-", "timestamp": "2025-08-12T17:42:09.250561+00:00"}
{"asctime": "2025-08-12 19:42:09,254", "levelname": "INFO", "name": "AresTradingSystem.System.UnifiedDataLoader", "message": "   📊 Total rows so far: 13217", "correlation_id": "-", "session_id": "-", "timestamp": "2025-08-12T17:42:09.254995+00:00"}
{"asctime": "2025-08-12 19:42:10,452", "levelname": "INFO", "name": "AresTradingSystem.System.UnifiedDataLoader", "message": "   📄 Processing file 20/178: part-0.parquet", "correlation_id": "-", "session_id": "-", "timestamp": "2025-08-12T17:42:10.452302+00:00"}
{"asctime": "2025-08-12 19:42:10,454", "levelname": "INFO", "name": "AresTradingSystem.System.UnifiedDataLoader", "message": "   ✅ Loaded file 20: (1440, 19)", "correlation_id": "-", "session_id": "-", "timestamp": "2025-08-12T17:42:10.454876+00:00"}
{"asctime": "2025-08-12 19:42:10,455", "levelname": "INFO", "name": "AresTradingSystem.System.UnifiedDataLoader", "message": "   🔍 After date filtering: (1440, 19)", "correlation_id": "-", "session_id": "-", "timestamp": "2025-08-12T17:42:10.455534+00:00"}
{"asctime": "2025-08-12 19:42:10,459", "levelname": "INFO", "name": "AresTradingSystem.System.UnifiedDataLoader", "message": "   📊 Total rows so far: 27617", "correlation_id": "-", "session_id": "-", "timestamp": "2025-08-12T17:42:10.459940+00:00"}
{"asctime": "2025-08-12 19:42:11,654", "levelname": "INFO", "name": "AresTradingSystem.System.UnifiedDataLoader", "message": "   📄 Processing file 30/178: part-0.parquet", "correlation_id": "-", "session_id": "-", "timestamp": "2025-08-12T17:42:11.654043+00:00"}
{"asctime": "2025-08-12 19:42:11,656", "levelname": "INFO", "name": "AresTradingSystem.System.UnifiedDataLoader", "message": "   ✅ Loaded file 30: (1440, 19)", "correlation_id": "-", "session_id": "-", "timestamp": "2025-08-12T17:42:11.656504+00:00"}
{"asctime": "2025-08-12 19:42:11,657", "levelname": "INFO", "name": "AresTradingSystem.System.UnifiedDataLoader", "message": "   🔍 After date filtering: (1440, 19)", "correlation_id": "-", "session_id": "-", "timestamp": "2025-08-12T17:42:11.657141+00:00"}
{"asctime": "2025-08-12 19:42:11,661", "levelname": "INFO", "name": "AresTradingSystem.System.UnifiedDataLoader", "message": "   📊 Total rows so far: 42017", "correlation_id": "-", "session_id": "-", "timestamp": "2025-08-12T17:42:11.661518+00:00"}
{"asctime": "2025-08-12 19:42:12,925", "levelname": "INFO", "name": "AresTradingSystem.System.UnifiedDataLoader", "message": "   📄 Processing file 40/178: part-0.parquet", "correlation_id": "-", "session_id": "-", "timestamp": "2025-08-12T17:42:12.925853+00:00"}
{"asctime": "2025-08-12 19:42:12,928", "levelname": "INFO", "name": "AresTradingSystem.System.UnifiedDataLoader", "message": "   ✅ Loaded file 40: (1440, 19)", "correlation_id": "-", "session_id": "-", "timestamp": "2025-08-12T17:42:12.928346+00:00"}
{"asctime": "2025-08-12 19:42:12,929", "levelname": "INFO", "name": "AresTradingSystem.System.UnifiedDataLoader", "message": "   🔍 After date filtering: (1440, 19)", "correlation_id": "-", "session_id": "-", "timestamp": "2025-08-12T17:42:12.929009+00:00"}
{"asctime": "2025-08-12 19:42:12,934", "levelname": "INFO", "name": "AresTradingSystem.System.UnifiedDataLoader", "message": "   📊 Total rows so far: 56417", "correlation_id": "-", "session_id": "-", "timestamp": "2025-08-12T17:42:12.934523+00:00"}
{"asctime": "2025-08-12 19:42:14,263", "levelname": "INFO", "name": "AresTradingSystem.System.UnifiedDataLoader", "message": "   📄 Processing file 50/178: part-0.parquet", "correlation_id": "-", "session_id": "-", "timestamp": "2025-08-12T17:42:14.263720+00:00"}
{"asctime": "2025-08-12 19:42:14,266", "levelname": "INFO", "name": "AresTradingSystem.System.UnifiedDataLoader", "message": "   ✅ Loaded file 50: (1440, 19)", "correlation_id": "-", "session_id": "-", "timestamp": "2025-08-12T17:42:14.266181+00:00"}
{"asctime": "2025-08-12 19:42:14,266", "levelname": "INFO", "name": "AresTradingSystem.System.UnifiedDataLoader", "message": "   🔍 After date filtering: (1440, 19)", "correlation_id": "-", "session_id": "-", "timestamp": "2025-08-12T17:42:14.266822+00:00"}
{"asctime": "2025-08-12 19:42:14,271", "levelname": "INFO", "name": "AresTradingSystem.System.UnifiedDataLoader", "message": "   📊 Total rows so far: 70817", "correlation_id": "-", "session_id": "-", "timestamp": "2025-08-12T17:42:14.271263+00:00"}
{"asctime": "2025-08-12 19:42:15,673", "levelname": "INFO", "name": "AresTradingSystem.System.UnifiedDataLoader", "message": "   📄 Processing file 60/178: part-0.parquet", "correlation_id": "-", "session_id": "-", "timestamp": "2025-08-12T17:42:15.673539+00:00"}
{"asctime": "2025-08-12 19:42:15,675", "levelname": "INFO", "name": "AresTradingSystem.System.UnifiedDataLoader", "message": "   ✅ Loaded file 60: (1440, 19)", "correlation_id": "-", "session_id": "-", "timestamp": "2025-08-12T17:42:15.675992+00:00"}
{"asctime": "2025-08-12 19:42:15,676", "levelname": "INFO", "name": "AresTradingSystem.System.UnifiedDataLoader", "message": "   🔍 After date filtering: (1440, 19)", "correlation_id": "-", "session_id": "-", "timestamp": "2025-08-12T17:42:15.676638+00:00"}
{"asctime": "2025-08-12 19:42:15,681", "levelname": "INFO", "name": "AresTradingSystem.System.UnifiedDataLoader", "message": "   📊 Total rows so far: 85217", "correlation_id": "-", "session_id": "-", "timestamp": "2025-08-12T17:42:15.681065+00:00"}
{"asctime": "2025-08-12 19:42:17,068", "levelname": "INFO", "name": "AresTradingSystem.System.UnifiedDataLoader", "message": "   📄 Processing file 70/178: part-0.parquet", "correlation_id": "-", "session_id": "-", "timestamp": "2025-08-12T17:42:17.068343+00:00"}
{"asctime": "2025-08-12 19:42:17,070", "levelname": "INFO", "name": "AresTradingSystem.System.UnifiedDataLoader", "message": "   ✅ Loaded file 70: (1440, 19)", "correlation_id": "-", "session_id": "-", "timestamp": "2025-08-12T17:42:17.070803+00:00"}
{"asctime": "2025-08-12 19:42:17,071", "levelname": "INFO", "name": "AresTradingSystem.System.UnifiedDataLoader", "message": "   🔍 After date filtering: (1440, 19)", "correlation_id": "-", "session_id": "-", "timestamp": "2025-08-12T17:42:17.071451+00:00"}
{"asctime": "2025-08-12 19:42:17,075", "levelname": "INFO", "name": "AresTradingSystem.System.UnifiedDataLoader", "message": "   📊 Total rows so far: 99617", "correlation_id": "-", "session_id": "-", "timestamp": "2025-08-12T17:42:17.075852+00:00"}
{"asctime": "2025-08-12 19:42:18,526", "levelname": "INFO", "name": "AresTradingSystem.System.UnifiedDataLoader", "message": "   📄 Processing file 80/178: part-0.parquet", "correlation_id": "-", "session_id": "-", "timestamp": "2025-08-12T17:42:18.526841+00:00"}
{"asctime": "2025-08-12 19:42:18,529", "levelname": "INFO", "name": "AresTradingSystem.System.UnifiedDataLoader", "message": "   ✅ Loaded file 80: (1440, 19)", "correlation_id": "-", "session_id": "-", "timestamp": "2025-08-12T17:42:18.529738+00:00"}
{"asctime": "2025-08-12 19:42:18,530", "levelname": "INFO", "name": "AresTradingSystem.System.UnifiedDataLoader", "message": "   🔍 After date filtering: (1440, 19)", "correlation_id": "-", "session_id": "-", "timestamp": "2025-08-12T17:42:18.530650+00:00"}
{"asctime": "2025-08-12 19:42:18,538", "levelname": "INFO", "name": "AresTradingSystem.System.UnifiedDataLoader", "message": "   📊 Total rows so far: 114017", "correlation_id": "-", "session_id": "-", "timestamp": "2025-08-12T17:42:18.538396+00:00"}
{"asctime": "2025-08-12 19:42:20,245", "levelname": "INFO", "name": "AresTradingSystem.System.UnifiedDataLoader", "message": "   📄 Processing file 90/178: part-0.parquet", "correlation_id": "-", "session_id": "-", "timestamp": "2025-08-12T17:42:20.245106+00:00"}
{"asctime": "2025-08-12 19:42:20,247", "levelname": "INFO", "name": "AresTradingSystem.System.UnifiedDataLoader", "message": "   ✅ Loaded file 90: (1440, 19)", "correlation_id": "-", "session_id": "-", "timestamp": "2025-08-12T17:42:20.247669+00:00"}
{"asctime": "2025-08-12 19:42:20,248", "levelname": "INFO", "name": "AresTradingSystem.System.UnifiedDataLoader", "message": "   🔍 After date filtering: (1440, 19)", "correlation_id": "-", "session_id": "-", "timestamp": "2025-08-12T17:42:20.248345+00:00"}
{"asctime": "2025-08-12 19:42:20,253", "levelname": "INFO", "name": "AresTradingSystem.System.UnifiedDataLoader", "message": "   📊 Total rows so far: 128417", "correlation_id": "-", "session_id": "-", "timestamp": "2025-08-12T17:42:20.253038+00:00"}
{"asctime": "2025-08-12 19:42:21,946", "levelname": "INFO", "name": "AresTradingSystem.System.UnifiedDataLoader", "message": "   📄 Processing file 100/178: part-0.parquet", "correlation_id": "-", "session_id": "-", "timestamp": "2025-08-12T17:42:21.946376+00:00"}
{"asctime": "2025-08-12 19:42:21,949", "levelname": "INFO", "name": "AresTradingSystem.System.UnifiedDataLoader", "message": "   ✅ Loaded file 100: (1440, 19)", "correlation_id": "-", "session_id": "-", "timestamp": "2025-08-12T17:42:21.949153+00:00"}
{"asctime": "2025-08-12 19:42:21,949", "levelname": "INFO", "name": "AresTradingSystem.System.UnifiedDataLoader", "message": "   🔍 After date filtering: (1440, 19)", "correlation_id": "-", "session_id": "-", "timestamp": "2025-08-12T17:42:21.949833+00:00"}
{"asctime": "2025-08-12 19:42:21,954", "levelname": "INFO", "name": "AresTradingSystem.System.UnifiedDataLoader", "message": "   📊 Total rows so far: 142817", "correlation_id": "-", "session_id": "-", "timestamp": "2025-08-12T17:42:21.954359+00:00"}
{"asctime": "2025-08-12 19:42:23,771", "levelname": "INFO", "name": "AresTradingSystem.System.UnifiedDataLoader", "message": "   📄 Processing file 110/178: part-0.parquet", "correlation_id": "-", "session_id": "-", "timestamp": "2025-08-12T17:42:23.771348+00:00"}
{"asctime": "2025-08-12 19:42:23,773", "levelname": "INFO", "name": "AresTradingSystem.System.UnifiedDataLoader", "message": "   ✅ Loaded file 110: (1440, 19)", "correlation_id": "-", "session_id": "-", "timestamp": "2025-08-12T17:42:23.773945+00:00"}
{"asctime": "2025-08-12 19:42:23,774", "levelname": "INFO", "name": "AresTradingSystem.System.UnifiedDataLoader", "message": "   🔍 After date filtering: (1440, 19)", "correlation_id": "-", "session_id": "-", "timestamp": "2025-08-12T17:42:23.774650+00:00"}
{"asctime": "2025-08-12 19:42:23,779", "levelname": "INFO", "name": "AresTradingSystem.System.UnifiedDataLoader", "message": "   📊 Total rows so far: 157217", "correlation_id": "-", "session_id": "-", "timestamp": "2025-08-12T17:42:23.779719+00:00"}
{"asctime": "2025-08-12 19:42:25,665", "levelname": "INFO", "name": "AresTradingSystem.System.UnifiedDataLoader", "message": "   📄 Processing file 120/178: part-0.parquet", "correlation_id": "-", "session_id": "-", "timestamp": "2025-08-12T17:42:25.665475+00:00"}
{"asctime": "2025-08-12 19:42:25,668", "levelname": "INFO", "name": "AresTradingSystem.System.UnifiedDataLoader", "message": "   ✅ Loaded file 120: (1440, 19)", "correlation_id": "-", "session_id": "-", "timestamp": "2025-08-12T17:42:25.668410+00:00"}
{"asctime": "2025-08-12 19:42:25,669", "levelname": "INFO", "name": "AresTradingSystem.System.UnifiedDataLoader", "message": "   🔍 After date filtering: (1440, 19)", "correlation_id": "-", "session_id": "-", "timestamp": "2025-08-12T17:42:25.669153+00:00"}
{"asctime": "2025-08-12 19:42:25,673", "levelname": "INFO", "name": "AresTradingSystem.System.UnifiedDataLoader", "message": "   📊 Total rows so far: 171617", "correlation_id": "-", "session_id": "-", "timestamp": "2025-08-12T17:42:25.673737+00:00"}
{"asctime": "2025-08-12 19:42:27,624", "levelname": "INFO", "name": "AresTradingSystem.System.UnifiedDataLoader", "message": "   📄 Processing file 130/178: part-0.parquet", "correlation_id": "-", "session_id": "-", "timestamp": "2025-08-12T17:42:27.624751+00:00"}
{"asctime": "2025-08-12 19:42:27,627", "levelname": "INFO", "name": "AresTradingSystem.System.UnifiedDataLoader", "message": "   ✅ Loaded file 130: (1440, 19)", "correlation_id": "-", "session_id": "-", "timestamp": "2025-08-12T17:42:27.627293+00:00"}
{"asctime": "2025-08-12 19:42:27,627", "levelname": "INFO", "name": "AresTradingSystem.System.UnifiedDataLoader", "message": "   🔍 After date filtering: (1440, 19)", "correlation_id": "-", "session_id": "-", "timestamp": "2025-08-12T17:42:27.627970+00:00"}
{"asctime": "2025-08-12 19:42:27,632", "levelname": "INFO", "name": "AresTradingSystem.System.UnifiedDataLoader", "message": "   📊 Total rows so far: 186017", "correlation_id": "-", "session_id": "-", "timestamp": "2025-08-12T17:42:27.632776+00:00"}
{"asctime": "2025-08-12 19:42:29,329", "levelname": "INFO", "name": "AresTradingSystem.System.SignalHandler", "message": "\u001b[93m\u001b[1m⚠️\u001b[0m \u001b[93m\u001b[1m🛑 Received SIGINT signal\u001b[0m", "correlation_id": "-", "session_id": "-", "timestamp": "2025-08-12T17:42:29.329341+00:00"}
{"asctime": "2025-08-12 19:42:29,329", "levelname": "INFO", "name": "AresTradingSystem.System.SignalHandler", "message": "\u001b[91m\u001b[1m❌\u001b[0m \u001b[91m\u001b[1m🛑 Initiating graceful shutdown: {reason}\u001b[0m", "correlation_id": "-", "session_id": "-", "timestamp": "2025-08-12T17:42:29.329567+00:00"}
{"asctime": "2025-08-12 19:42:29,329", "levelname": "INFO", "name": "AresTradingSystem.System.SignalHandler", "message": "Running 1 shutdown callbacks...", "correlation_id": "-", "session_id": "-", "timestamp": "2025-08-12T17:42:29.329646+00:00"}
{"asctime": "2025-08-12 19:42:29,329", "levelname": "INFO", "name": "AresTradingSystem.System.SignalHandler", "message": "✅ Shutdown callback 1 completed", "correlation_id": "-", "session_id": "-", "timestamp": "2025-08-12T17:42:29.329913+00:00"}
{"asctime": "2025-08-12 19:42:29,329", "levelname": "INFO", "name": "AresTradingSystem.System.SignalHandler", "message": "✅ All shutdown callbacks completed", "correlation_id": "-", "session_id": "-", "timestamp": "2025-08-12T17:42:29.329975+00:00"}
{"asctime": "2025-08-12 19:42:29,608", "levelname": "INFO", "name": "AresTradingSystem.System.UnifiedDataLoader", "message": "   📄 Processing file 140/178: part-0.parquet", "correlation_id": "-", "session_id": "-", "timestamp": "2025-08-12T17:42:29.608444+00:00"}
{"asctime": "2025-08-12 19:42:29,611", "levelname": "INFO", "name": "AresTradingSystem.System.UnifiedDataLoader", "message": "   ✅ Loaded file 140: (1440, 19)", "correlation_id": "-", "session_id": "-", "timestamp": "2025-08-12T17:42:29.611256+00:00"}
{"asctime": "2025-08-12 19:42:29,612", "levelname": "INFO", "name": "AresTradingSystem.System.UnifiedDataLoader", "message": "   🔍 After date filtering: (1440, 19)", "correlation_id": "-", "session_id": "-", "timestamp": "2025-08-12T17:42:29.612202+00:00"}
{"asctime": "2025-08-12 19:42:29,617", "levelname": "INFO", "name": "AresTradingSystem.System.UnifiedDataLoader", "message": "   📊 Total rows so far: 200417", "correlation_id": "-", "session_id": "-", "timestamp": "2025-08-12T17:42:29.617040+00:00"}
{"asctime": "2025-08-12 19:42:31,479", "levelname": "INFO", "name": "AresTradingSystem.System.UnifiedDataLoader", "message": "   📄 Processing file 150/178: part-0.parquet", "correlation_id": "-", "session_id": "-", "timestamp": "2025-08-12T17:42:31.479078+00:00"}
{"asctime": "2025-08-12 19:42:31,481", "levelname": "INFO", "name": "AresTradingSystem.System.UnifiedDataLoader", "message": "   ✅ Loaded file 150: (1440, 19)", "correlation_id": "-", "session_id": "-", "timestamp": "2025-08-12T17:42:31.481615+00:00"}
{"asctime": "2025-08-12 19:42:31,482", "levelname": "INFO", "name": "AresTradingSystem.System.UnifiedDataLoader", "message": "   🔍 After date filtering: (1440, 19)", "correlation_id": "-", "session_id": "-", "timestamp": "2025-08-12T17:42:31.482281+00:00"}
{"asctime": "2025-08-12 19:42:31,486", "levelname": "INFO", "name": "AresTradingSystem.System.UnifiedDataLoader", "message": "   📊 Total rows so far: 214817", "correlation_id": "-", "session_id": "-", "timestamp": "2025-08-12T17:42:31.486894+00:00"}
