{"asctime": "2025-08-11 11:24:08,497", "levelname": "INFO", "name": "AresGlobal", "message": "================================================================================", "correlation_id": "-", "session_id": "-", "timestamp": "2025-08-11T09:24:08.497593+00:00"}
{"asctime": "2025-08-11 11:24:08,497", "levelname": "INFO", "name": "AresGlobal", "message": "ðŸ“Š SESSION SUMMARY", "correlation_id": "-", "session_id": "-", "timestamp": "2025-08-11T09:24:08.497733+00:00"}
{"asctime": "2025-08-11 11:24:08,497", "levelname": "INFO", "name": "AresGlobal", "message": "Session started: 2025-08-11 11:24:08", "correlation_id": "-", "session_id": "-", "timestamp": "2025-08-11T09:24:08.497846+00:00"}
{"asctime": "2025-08-11 11:24:08,497", "levelname": "INFO", "name": "AresGlobal", "message": "This file contains ALL logs for this session", "correlation_id": "-", "session_id": "-", "timestamp": "2025-08-11T09:24:08.497929+00:00"}
{"asctime": "2025-08-11 11:24:08,498", "levelname": "INFO", "name": "AresGlobal", "message": "================================================================================", "correlation_id": "-", "session_id": "-", "timestamp": "2025-08-11T09:24:08.498011+00:00"}
{"asctime": "2025-08-11 11:24:08,498", "levelname": "INFO", "name": "AresGlobal", "message": "[SYSTEM] ================================================================================", "correlation_id": "-", "session_id": "-", "timestamp": "2025-08-11T09:24:08.498247+00:00"}
{"asctime": "2025-08-11 11:24:08,498", "levelname": "INFO", "name": "AresGlobal", "message": "[SYSTEM] ðŸš€ ARES LAUNCHER STARTED - Mode: INITIALIZATION", "correlation_id": "-", "session_id": "-", "timestamp": "2025-08-11T09:24:08.498411+00:00"}
{"asctime": "2025-08-11 11:24:08,498", "levelname": "INFO", "name": "AresGlobal", "message": "[SYSTEM] Start time: 2025-08-11 11:24:08", "correlation_id": "-", "session_id": "-", "timestamp": "2025-08-11T09:24:08.498580+00:00"}
{"asctime": "2025-08-11 11:24:08,498", "levelname": "INFO", "name": "AresGlobal", "message": "[SYSTEM] Log directory: log", "correlation_id": "-", "session_id": "-", "timestamp": "2025-08-11T09:24:08.498744+00:00"}
{"asctime": "2025-08-11 11:24:08,498", "levelname": "INFO", "name": "AresGlobal", "message": "[SYSTEM] ================================================================================", "correlation_id": "-", "session_id": "-", "timestamp": "2025-08-11T09:24:08.498897+00:00"}
{"asctime": "2025-08-11 11:24:08,498", "levelname": "INFO", "name": "AresGlobal.AresLauncher", "message": "================================================================================", "correlation_id": "-", "session_id": "-", "timestamp": "2025-08-11T09:24:08.498977+00:00"}
{"asctime": "2025-08-11 11:24:08,499", "levelname": "INFO", "name": "AresGlobal.AresLauncher", "message": "ðŸš€ ARES COMPREHENSIVE LAUNCHER", "correlation_id": "-", "session_id": "-", "timestamp": "2025-08-11T09:24:08.499056+00:00"}
{"asctime": "2025-08-11 11:24:08,499", "levelname": "INFO", "name": "AresGlobal.AresLauncher", "message": "================================================================================", "correlation_id": "-", "session_id": "-", "timestamp": "2025-08-11T09:24:08.499139+00:00"}
{"asctime": "2025-08-11 11:24:08,499", "levelname": "INFO", "name": "AresGlobal.AresLauncher", "message": "Start time: 2025-08-11 11:24:08", "correlation_id": "-", "session_id": "-", "timestamp": "2025-08-11T09:24:08.499223+00:00"}
{"asctime": "2025-08-11 11:24:08,499", "levelname": "INFO", "name": "AresGlobal.AresLauncher", "message": "Log directory: log", "correlation_id": "-", "session_id": "-", "timestamp": "2025-08-11T09:24:08.499301+00:00"}
{"asctime": "2025-08-11 11:24:08,499", "levelname": "INFO", "name": "AresGlobal.AresLauncher", "message": "Log level: INFO", "correlation_id": "-", "session_id": "-", "timestamp": "2025-08-11T09:24:08.499379+00:00"}
{"asctime": "2025-08-11 11:24:08,499", "levelname": "INFO", "name": "AresGlobal.AresLauncher", "message": "Global log file: ares_global_20250811_112408.log", "correlation_id": "-", "session_id": "-", "timestamp": "2025-08-11T09:24:08.499461+00:00"}
{"asctime": "2025-08-11 11:24:08,499", "levelname": "INFO", "name": "AresGlobal.AresLauncher", "message": "================================================================================", "correlation_id": "-", "session_id": "-", "timestamp": "2025-08-11T09:24:08.499549+00:00"}
{"asctime": "2025-08-11 11:24:08,499", "levelname": "INFO", "name": "AresGlobal", "message": "[SYSTEM] ================================================================================", "correlation_id": "-", "session_id": "-", "timestamp": "2025-08-11T09:24:08.499791+00:00"}
{"asctime": "2025-08-11 11:24:08,499", "levelname": "INFO", "name": "AresGlobal", "message": "[SYSTEM] ðŸš€ ARES LAUNCHER STARTED - Mode: blank - Symbol: ETHUSDT - Exchange: BINANCE", "correlation_id": "-", "session_id": "-", "timestamp": "2025-08-11T09:24:08.499950+00:00"}
{"asctime": "2025-08-11 11:24:08,500", "levelname": "INFO", "name": "AresGlobal", "message": "[SYSTEM] Start time: 2025-08-11 11:24:08", "correlation_id": "-", "session_id": "-", "timestamp": "2025-08-11T09:24:08.500117+00:00"}
{"asctime": "2025-08-11 11:24:08,500", "levelname": "INFO", "name": "AresGlobal", "message": "[SYSTEM] Log directory: log", "correlation_id": "-", "session_id": "-", "timestamp": "2025-08-11T09:24:08.500272+00:00"}
{"asctime": "2025-08-11 11:24:08,500", "levelname": "INFO", "name": "AresGlobal", "message": "[SYSTEM] ================================================================================", "correlation_id": "-", "session_id": "-", "timestamp": "2025-08-11T09:24:08.500421+00:00"}
{"asctime": "2025-08-11 11:24:08,500", "levelname": "INFO", "name": "AresGlobal.AresLauncher", "message": "ðŸš€ Running enhanced 16-step training pipeline for ETHUSDT on BINANCE", "correlation_id": "-", "session_id": "-", "timestamp": "2025-08-11T09:24:08.500525+00:00"}
{"asctime": "2025-08-11 11:24:08,500", "levelname": "INFO", "name": "AresGlobal.AresLauncher", "message": "Starting from step: step4_analyst_labeling_feature_engineering", "correlation_id": "-", "session_id": "-", "timestamp": "2025-08-11T09:24:08.500604+00:00"}
{"asctime": "2025-08-11 11:24:08,500", "levelname": "INFO", "name": "AresGlobal.AresLauncher", "message": "ðŸ§ª BLANK TRAINING MODE: Set BLANK_TRAINING_MODE=1 for step-based training", "correlation_id": "-", "session_id": "-", "timestamp": "2025-08-11T09:24:08.500683+00:00"}
{"asctime": "2025-08-11 11:24:08,502", "levelname": "INFO", "name": "AresGlobal.ProgressManager", "message": "Initialized ProgressManager for ETHUSDT on BINANCE", "correlation_id": "-", "session_id": "-", "timestamp": "2025-08-11T09:24:08.502542+00:00"}
{"asctime": "2025-08-11 11:24:08,502", "levelname": "INFO", "name": "AresGlobal.ProgressManager", "message": "Progress directory: data/training/progress/BINANCE_ETHUSDT", "correlation_id": "-", "session_id": "-", "timestamp": "2025-08-11T09:24:08.502702+00:00"}
{"asctime": "2025-08-11 11:24:08,502", "levelname": "INFO", "name": "AresGlobal.StepOrchestrator", "message": "Initialized StepOrchestrator for ETHUSDT on BINANCE", "correlation_id": "-", "session_id": "-", "timestamp": "2025-08-11T09:24:08.502810+00:00"}
{"asctime": "2025-08-11 11:24:08,503", "levelname": "INFO", "name": "AresGlobal.StepOrchestrator", "message": "ðŸš€ Starting execution from step: step4_analyst_labeling_feature_engineering", "correlation_id": "-", "session_id": "-", "timestamp": "2025-08-11T09:24:08.503011+00:00"}
{"asctime": "2025-08-11 11:24:12,595", "levelname": "INFO", "name": "AresGlobal.EnhancedTrainingManager", "message": "Loaded optimization configuration", "correlation_id": "-", "session_id": "-", "timestamp": "2025-08-11T09:24:12.595211+00:00"}
{"asctime": "2025-08-11 11:24:12,595", "levelname": "INFO", "name": "AresGlobal.EnhancedTrainingManagerOptimized", "message": "Loaded optimization configuration", "correlation_id": "-", "session_id": "-", "timestamp": "2025-08-11T09:24:12.595435+00:00"}
{"asctime": "2025-08-11 11:24:12,595", "levelname": "INFO", "name": "AresGlobal.EnhancedTrainingManager", "message": "ðŸš€ Initializing Enhanced Training Manager...", "correlation_id": "-", "session_id": "-", "timestamp": "2025-08-11T09:24:12.595544+00:00"}
{"asctime": "2025-08-11 11:24:12,595", "levelname": "INFO", "name": "AresGlobal.EnhancedTrainingManager", "message": "ðŸ“Š Blank training mode: False", "correlation_id": "-", "session_id": "-", "timestamp": "2025-08-11T09:24:12.595656+00:00"}
{"asctime": "2025-08-11 11:24:12,595", "levelname": "INFO", "name": "AresGlobal.EnhancedTrainingManager", "message": "ðŸ”§ Max trials: 200", "correlation_id": "-", "session_id": "-", "timestamp": "2025-08-11T09:24:12.595748+00:00"}
{"asctime": "2025-08-11 11:24:12,595", "levelname": "INFO", "name": "AresGlobal.EnhancedTrainingManager", "message": "ðŸ”§ N trials: 100", "correlation_id": "-", "session_id": "-", "timestamp": "2025-08-11T09:24:12.595840+00:00"}
{"asctime": "2025-08-11 11:24:12,595", "levelname": "INFO", "name": "AresGlobal.EnhancedTrainingManager", "message": "ðŸ“ˆ Lookback days: 30", "correlation_id": "-", "session_id": "-", "timestamp": "2025-08-11T09:24:12.595925+00:00"}
{"asctime": "2025-08-11 11:24:12,596", "levelname": "INFO", "name": "AresGlobal.EnhancedTrainingManager", "message": "ðŸš€ Computational optimization: True", "correlation_id": "-", "session_id": "-", "timestamp": "2025-08-11T09:24:12.596014+00:00"}
{"asctime": "2025-08-11 11:24:12,596", "levelname": "INFO", "name": "AresGlobal.EnhancedTrainingManager", "message": "ðŸ“Š Resource Analysis:", "correlation_id": "-", "session_id": "-", "timestamp": "2025-08-11T09:24:12.596140+00:00"}
{"asctime": "2025-08-11 11:24:12,596", "levelname": "INFO", "name": "AresGlobal.EnhancedTrainingManager", "message": "   ðŸ’¾ System Memory: 16.0 GB", "correlation_id": "-", "session_id": "-", "timestamp": "2025-08-11T09:24:12.596228+00:00"}
{"asctime": "2025-08-11 11:24:12,596", "levelname": "INFO", "name": "AresGlobal.EnhancedTrainingManager", "message": "   ðŸ–¥ï¸ CPU Cores: 8", "correlation_id": "-", "session_id": "-", "timestamp": "2025-08-11T09:24:12.596312+00:00"}
{"asctime": "2025-08-11 11:24:12,596", "levelname": "INFO", "name": "AresGlobal.EnhancedTrainingManager", "message": "   ðŸ“ˆ Estimated Memory Usage: 8.0 GB", "correlation_id": "-", "session_id": "-", "timestamp": "2025-08-11T09:24:12.596394+00:00"}
{"asctime": "2025-08-11 11:24:12,596", "levelname": "INFO", "name": "AresGlobal.EnhancedTrainingManager", "message": "   â±ï¸ Estimated Time: 720 minutes (12.0 hours)", "correlation_id": "-", "session_id": "-", "timestamp": "2025-08-11T09:24:12.596479+00:00"}
{"asctime": "2025-08-11 11:24:12,596", "levelname": "INFO", "name": "AresGlobal.EnhancedTrainingManager", "message": "   ðŸ¤– Models to Train: 12", "correlation_id": "-", "session_id": "-", "timestamp": "2025-08-11T09:24:12.596563+00:00"}
{"asctime": "2025-08-11 11:24:12,596", "levelname": "INFO", "name": "AresGlobal.EnhancedTrainingManager", "message": "   ðŸ”§ Optimization Trials: 200", "correlation_id": "-", "session_id": "-", "timestamp": "2025-08-11T09:24:12.596645+00:00"}
{"asctime": "2025-08-11 11:24:12,596", "levelname": "INFO", "name": "AresGlobal.EnhancedTrainingManager", "message": "ðŸ“‹ Step-by-Step Time Estimates:", "correlation_id": "-", "session_id": "-", "timestamp": "2025-08-11T09:24:12.596728+00:00"}
{"asctime": "2025-08-11 11:24:12,596", "levelname": "INFO", "name": "AresGlobal.EnhancedTrainingManager", "message": "   step1_data_collection: 15 min (2.3%)", "correlation_id": "-", "session_id": "-", "timestamp": "2025-08-11T09:24:12.596812+00:00"}
{"asctime": "2025-08-11 11:24:12,596", "levelname": "INFO", "name": "AresGlobal.EnhancedTrainingManager", "message": "   step2_market_regime_classification: 8 min (1.2%)", "correlation_id": "-", "session_id": "-", "timestamp": "2025-08-11T09:24:12.596894+00:00"}
{"asctime": "2025-08-11 11:24:12,596", "levelname": "INFO", "name": "AresGlobal.EnhancedTrainingManager", "message": "   step3_regime_data_splitting: 5 min (0.8%)", "correlation_id": "-", "session_id": "-", "timestamp": "2025-08-11T09:24:12.596973+00:00"}
{"asctime": "2025-08-11 11:24:12,597", "levelname": "INFO", "name": "AresGlobal.EnhancedTrainingManager", "message": "   step4_analyst_labeling_feature_engineering: 60 min (9.0%)", "correlation_id": "-", "session_id": "-", "timestamp": "2025-08-11T09:24:12.597049+00:00"}
{"asctime": "2025-08-11 11:24:12,597", "levelname": "INFO", "name": "AresGlobal.EnhancedTrainingManager", "message": "   step5_analyst_specialist_training: 30 min (4.5%)", "correlation_id": "-", "session_id": "-", "timestamp": "2025-08-11T09:24:12.597134+00:00"}
{"asctime": "2025-08-11 11:24:12,597", "levelname": "INFO", "name": "AresGlobal.EnhancedTrainingManager", "message": "   step6_analyst_enhancement: 25 min (3.8%)", "correlation_id": "-", "session_id": "-", "timestamp": "2025-08-11T09:24:12.597209+00:00"}
{"asctime": "2025-08-11 11:24:12,597", "levelname": "INFO", "name": "AresGlobal.EnhancedTrainingManager", "message": "   step7_analyst_ensemble_creation: 35 min (5.3%)", "correlation_id": "-", "session_id": "-", "timestamp": "2025-08-11T09:24:12.597286+00:00"}
{"asctime": "2025-08-11 11:24:12,597", "levelname": "INFO", "name": "AresGlobal.EnhancedTrainingManager", "message": "   step8_tactician_labeling: 15 min (2.3%)", "correlation_id": "-", "session_id": "-", "timestamp": "2025-08-11T09:24:12.597363+00:00"}
{"asctime": "2025-08-11 11:24:12,597", "levelname": "INFO", "name": "AresGlobal.EnhancedTrainingManager", "message": "   step9_tactician_specialist_training: 30 min (4.5%)", "correlation_id": "-", "session_id": "-", "timestamp": "2025-08-11T09:24:12.597440+00:00"}
{"asctime": "2025-08-11 11:24:12,597", "levelname": "INFO", "name": "AresGlobal.EnhancedTrainingManager", "message": "   step10_tactician_ensemble_creation: 35 min (5.3%)", "correlation_id": "-", "session_id": "-", "timestamp": "2025-08-11T09:24:12.597516+00:00"}
{"asctime": "2025-08-11 11:24:12,597", "levelname": "INFO", "name": "AresGlobal.EnhancedTrainingManager", "message": "   step11_confidence_calibration: 10 min (1.5%)", "correlation_id": "-", "session_id": "-", "timestamp": "2025-08-11T09:24:12.597591+00:00"}
{"asctime": "2025-08-11 11:24:12,597", "levelname": "INFO", "name": "AresGlobal.EnhancedTrainingManager", "message": "   step12_final_parameters_optimization: 240 min (36.2%)", "correlation_id": "-", "session_id": "-", "timestamp": "2025-08-11T09:24:12.597671+00:00"}
{"asctime": "2025-08-11 11:24:12,597", "levelname": "INFO", "name": "AresGlobal.EnhancedTrainingManager", "message": "   step13_walk_forward_validation: 60 min (9.0%)", "correlation_id": "-", "session_id": "-", "timestamp": "2025-08-11T09:24:12.597751+00:00"}
{"asctime": "2025-08-11 11:24:12,597", "levelname": "INFO", "name": "AresGlobal.EnhancedTrainingManager", "message": "   step14_monte_carlo_validation: 60 min (9.0%)", "correlation_id": "-", "session_id": "-", "timestamp": "2025-08-11T09:24:12.597829+00:00"}
{"asctime": "2025-08-11 11:24:12,597", "levelname": "INFO", "name": "AresGlobal.EnhancedTrainingManager", "message": "   step15_ab_testing: 30 min (4.5%)", "correlation_id": "-", "session_id": "-", "timestamp": "2025-08-11T09:24:12.597907+00:00"}
{"asctime": "2025-08-11 11:24:12,597", "levelname": "INFO", "name": "AresGlobal.EnhancedTrainingManager", "message": "   step16_saving: 5 min (0.8%)", "correlation_id": "-", "session_id": "-", "timestamp": "2025-08-11T09:24:12.597984+00:00"}
{"asctime": "2025-08-11 11:24:12,598", "levelname": "INFO", "name": "AresGlobal.EnhancedTrainingManager", "message": "ðŸ’¡ Recommendations:", "correlation_id": "-", "session_id": "-", "timestamp": "2025-08-11T09:24:12.598058+00:00"}
{"asctime": "2025-08-11 11:24:12,598", "levelname": "INFO", "name": "AresGlobal.EnhancedTrainingManager", "message": "   âœ… Full training mode should work well on your system", "correlation_id": "-", "session_id": "-", "timestamp": "2025-08-11T09:24:12.598140+00:00"}
{"asctime": "2025-08-11 11:24:12,598", "levelname": "INFO", "name": "AresGlobal.EnhancedTrainingManager", "message": "ðŸš€ Initializing computational optimization components...", "correlation_id": "-", "session_id": "-", "timestamp": "2025-08-11T09:24:12.598223+00:00"}
{"asctime": "2025-08-11 11:24:12,598", "levelname": "INFO", "name": "AresGlobal.ComputationalOptimizationManager", "message": "Computational Optimization Manager initialized", "correlation_id": "-", "session_id": "-", "timestamp": "2025-08-11T09:24:12.598895+00:00"}
{"asctime": "2025-08-11 11:24:12,599", "levelname": "INFO", "name": "AresGlobal.EnhancedTrainingManager", "message": "âœ… Computational optimization components initialized successfully", "correlation_id": "-", "session_id": "-", "timestamp": "2025-08-11T09:24:12.599012+00:00"}
{"asctime": "2025-08-11 11:24:12,599", "levelname": "INFO", "name": "AresGlobal.EnhancedTrainingManager", "message": "âœ… Enhanced Training Manager initialized successfully", "correlation_id": "-", "session_id": "-", "timestamp": "2025-08-11T09:24:12.599103+00:00"}
{"asctime": "2025-08-11 11:24:12,599", "levelname": "INFO", "name": "AresGlobal.StepOrchestrator", "message": "âœ… Enhanced training manager setup successfully", "correlation_id": "-", "session_id": "-", "timestamp": "2025-08-11T09:24:12.599191+00:00"}
{"asctime": "2025-08-11 11:24:12,599", "levelname": "INFO", "name": "AresGlobal.EnhancedTrainingManager", "message": "================================================================================", "correlation_id": "-", "session_id": "-", "timestamp": "2025-08-11T09:24:12.599276+00:00"}
{"asctime": "2025-08-11 11:24:12,599", "levelname": "INFO", "name": "AresGlobal.EnhancedTrainingManager", "message": "ðŸš€ COMPREHENSIVE 16-STEP ENHANCED TRAINING PIPELINE START", "correlation_id": "-", "session_id": "-", "timestamp": "2025-08-11T09:24:12.599354+00:00"}
{"asctime": "2025-08-11 11:24:12,599", "levelname": "INFO", "name": "AresGlobal.EnhancedTrainingManager", "message": "================================================================================", "correlation_id": "-", "session_id": "-", "timestamp": "2025-08-11T09:24:12.599434+00:00"}
{"asctime": "2025-08-11 11:24:12,599", "levelname": "INFO", "name": "AresGlobal.EnhancedTrainingManager", "message": "ðŸ“… Started at: 2025-08-11 11:24:12", "correlation_id": "-", "session_id": "-", "timestamp": "2025-08-11T09:24:12.599521+00:00"}
{"asctime": "2025-08-11 11:24:12,599", "levelname": "INFO", "name": "AresGlobal.EnhancedTrainingManager", "message": "ðŸŽ¯ Symbol: ETHUSDT", "correlation_id": "-", "session_id": "-", "timestamp": "2025-08-11T09:24:12.599603+00:00"}
{"asctime": "2025-08-11 11:24:12,599", "levelname": "INFO", "name": "AresGlobal.EnhancedTrainingManager", "message": "ðŸ¢ Exchange: BINANCE", "correlation_id": "-", "session_id": "-", "timestamp": "2025-08-11T09:24:12.599683+00:00"}
{"asctime": "2025-08-11 11:24:12,599", "levelname": "INFO", "name": "AresGlobal.EnhancedTrainingManager", "message": "ðŸ“Š Training Mode: N/A", "correlation_id": "-", "session_id": "-", "timestamp": "2025-08-11T09:24:12.599763+00:00"}
{"asctime": "2025-08-11 11:24:12,599", "levelname": "INFO", "name": "AresGlobal.EnhancedTrainingManager", "message": "ðŸ“ˆ Lookback Days: 30", "correlation_id": "-", "session_id": "-", "timestamp": "2025-08-11T09:24:12.599861+00:00"}
{"asctime": "2025-08-11 11:24:12,599", "levelname": "INFO", "name": "AresGlobal.EnhancedTrainingManager", "message": "ðŸ”§ Blank Training Mode: False", "correlation_id": "-", "session_id": "-", "timestamp": "2025-08-11T09:24:12.599943+00:00"}
{"asctime": "2025-08-11 11:24:12,600", "levelname": "INFO", "name": "AresGlobal.EnhancedTrainingManager", "message": "ðŸ”§ Max Trials: 200", "correlation_id": "-", "session_id": "-", "timestamp": "2025-08-11T09:24:12.600024+00:00"}
{"asctime": "2025-08-11 11:24:12,600", "levelname": "INFO", "name": "AresGlobal.EnhancedTrainingManager", "message": "ðŸ”§ N Trials: 100", "correlation_id": "-", "session_id": "-", "timestamp": "2025-08-11T09:24:12.600102+00:00"}
{"asctime": "2025-08-11 11:24:12,600", "levelname": "INFO", "name": "AresGlobal.EnhancedTrainingManager", "message": "ðŸš€ Initializing optimized tools...", "correlation_id": "-", "session_id": "-", "timestamp": "2025-08-11T09:24:12.600189+00:00"}
{"asctime": "2025-08-11 11:24:12,600", "levelname": "INFO", "name": "AresGlobal.EnhancedTrainingManagerOptimized", "message": "ðŸš€ Initializing Enhanced Training Manager with Optimizations...", "correlation_id": "-", "session_id": "-", "timestamp": "2025-08-11T09:24:12.600273+00:00"}
{"asctime": "2025-08-11 11:24:12,607", "levelname": "INFO", "name": "AresGlobal.EnhancedTrainingManagerOptimized", "message": "âœ… Parallel backtester initialized with 8 workers", "correlation_id": "-", "session_id": "-", "timestamp": "2025-08-11T09:24:12.608043+00:00"}
{"asctime": "2025-08-11 11:24:12,608", "levelname": "INFO", "name": "AresGlobal.EnhancedTrainingManagerOptimized", "message": "âœ… All optimization components initialized successfully", "correlation_id": "-", "session_id": "-", "timestamp": "2025-08-11T09:24:12.608631+00:00"}
{"asctime": "2025-08-11 11:24:12,608", "levelname": "INFO", "name": "AresGlobal.EnhancedTrainingManager", "message": "   âœ… Optimized training manager initialized", "correlation_id": "-", "session_id": "-", "timestamp": "2025-08-11T09:24:12.608949+00:00"}
{"asctime": "2025-08-11 11:24:12,609", "levelname": "INFO", "name": "AresGlobal.EnhancedTrainingManager", "message": "   âœ… Streaming processor initialized", "correlation_id": "-", "session_id": "-", "timestamp": "2025-08-11T09:24:12.609089+00:00"}
{"asctime": "2025-08-11 11:24:12,609", "levelname": "INFO", "name": "AresGlobal.EnhancedTrainingManager", "message": "   âœ… Parallel backtester initialized with 8 workers", "correlation_id": "-", "session_id": "-", "timestamp": "2025-08-11T09:24:12.609362+00:00"}
{"asctime": "2025-08-11 11:24:12,609", "levelname": "INFO", "name": "AresGlobal.EnhancedTrainingManager", "message": "   âœ… Adaptive sampler initialized", "correlation_id": "-", "session_id": "-", "timestamp": "2025-08-11T09:24:12.609494+00:00"}
{"asctime": "2025-08-11 11:24:12,609", "levelname": "INFO", "name": "AresGlobal.EnhancedTrainingManager", "message": "   âœ… Incremental trainer initialized", "correlation_id": "-", "session_id": "-", "timestamp": "2025-08-11T09:24:12.609593+00:00"}
{"asctime": "2025-08-11 11:24:12,609", "levelname": "INFO", "name": "AresGlobal.EnhancedTrainingManager", "message": "âœ… All optimized tools initialized successfully", "correlation_id": "-", "session_id": "-", "timestamp": "2025-08-11T09:24:12.609676+00:00"}
{"asctime": "2025-08-11 11:24:12,610", "levelname": "INFO", "name": "AresGlobal.EnhancedTrainingManager", "message": "ðŸ“‚ Checkpoint loaded: step4_analyst_labeling_feature_engineering from checkpoints/BINANCE/ETHUSDT/1m/training_progress.json", "correlation_id": "-", "session_id": "-", "timestamp": "2025-08-11T09:24:12.610352+00:00"}
{"asctime": "2025-08-11 11:24:12,610", "levelname": "INFO", "name": "AresGlobal.EnhancedTrainingManager", "message": "ðŸ”„ Resuming from checkpoint...", "correlation_id": "-", "session_id": "-", "timestamp": "2025-08-11T09:24:12.610549+00:00"}
{"asctime": "2025-08-11 11:24:12,610", "levelname": "INFO", "name": "AresGlobal.EnhancedTrainingManager", "message": "ðŸ“‚ Last completed step: step4_analyst_labeling_feature_engineering", "correlation_id": "-", "session_id": "-", "timestamp": "2025-08-11T09:24:12.610659+00:00"}
{"asctime": "2025-08-11 11:24:12,610", "levelname": "INFO", "name": "AresGlobal.EnhancedTrainingManager", "message": "====================================================================================================", "correlation_id": "-", "session_id": "-", "timestamp": "2025-08-11T09:24:12.610753+00:00"}
{"asctime": "2025-08-11 11:24:12,610", "levelname": "INFO", "name": "AresGlobal.EnhancedTrainingManager", "message": "ðŸš€ COMPREHENSIVE TRAINING PIPELINE START", "correlation_id": "-", "session_id": "-", "timestamp": "2025-08-11T09:24:12.610871+00:00"}
{"asctime": "2025-08-11 11:24:12,610", "levelname": "INFO", "name": "AresGlobal.EnhancedTrainingManager", "message": "====================================================================================================", "correlation_id": "-", "session_id": "-", "timestamp": "2025-08-11T09:24:12.610955+00:00"}
{"asctime": "2025-08-11 11:24:12,611", "levelname": "INFO", "name": "AresGlobal.EnhancedTrainingManager", "message": "ðŸ“… Started at: 2025-08-11 11:24:12", "correlation_id": "-", "session_id": "-", "timestamp": "2025-08-11T09:24:12.611056+00:00"}
{"asctime": "2025-08-11 11:24:12,611", "levelname": "INFO", "name": "AresGlobal.EnhancedTrainingManager", "message": "ðŸŽ¯ Symbol: ETHUSDT", "correlation_id": "-", "session_id": "-", "timestamp": "2025-08-11T09:24:12.611158+00:00"}
{"asctime": "2025-08-11 11:24:12,611", "levelname": "INFO", "name": "AresGlobal.EnhancedTrainingManager", "message": "ðŸ¢ Exchange: BINANCE", "correlation_id": "-", "session_id": "-", "timestamp": "2025-08-11T09:24:12.611246+00:00"}
{"asctime": "2025-08-11 11:24:12,611", "levelname": "INFO", "name": "AresGlobal.EnhancedTrainingManager", "message": "ðŸ“Š Timeframe: 1m", "correlation_id": "-", "session_id": "-", "timestamp": "2025-08-11T09:24:12.611352+00:00"}
{"asctime": "2025-08-11 11:24:12,611", "levelname": "INFO", "name": "AresGlobal.EnhancedTrainingManager", "message": "ðŸ§  Training Mode: Full", "correlation_id": "-", "session_id": "-", "timestamp": "2025-08-11T09:24:12.611523+00:00"}
{"asctime": "2025-08-11 11:24:12,611", "levelname": "INFO", "name": "AresGlobal.EnhancedTrainingManager", "message": "ðŸ”§ Max Trials: 200", "correlation_id": "-", "session_id": "-", "timestamp": "2025-08-11T09:24:12.611618+00:00"}
{"asctime": "2025-08-11 11:24:12,611", "levelname": "INFO", "name": "AresGlobal.EnhancedTrainingManager", "message": "ðŸ“ˆ Lookback Days: 30", "correlation_id": "-", "session_id": "-", "timestamp": "2025-08-11T09:24:12.611704+00:00"}
{"asctime": "2025-08-11 11:24:12,611", "levelname": "INFO", "name": "AresGlobal.EnhancedTrainingManager", "message": "ðŸ’¾ Memory Optimization: Enabled", "correlation_id": "-", "session_id": "-", "timestamp": "2025-08-11T09:24:12.611787+00:00"}
{"asctime": "2025-08-11 11:24:12,611", "levelname": "INFO", "name": "AresGlobal.EnhancedTrainingManager", "message": "ðŸš€ Starting from step: step4_analyst_labeling_feature_engineering", "correlation_id": "-", "session_id": "-", "timestamp": "2025-08-11T09:24:12.611869+00:00"}
{"asctime": "2025-08-11 11:24:12,611", "levelname": "INFO", "name": "AresGlobal.EnhancedTrainingManager", "message": "====================================================================================================", "correlation_id": "-", "session_id": "-", "timestamp": "2025-08-11T09:24:12.611960+00:00"}
{"asctime": "2025-08-11 11:24:12,612", "levelname": "INFO", "name": "AresGlobal.EnhancedTrainingManager", "message": "â­ï¸  Skipping Step 1: Data Collection (using pre-consolidated data)", "correlation_id": "-", "session_id": "-", "timestamp": "2025-08-11T09:24:12.612042+00:00"}
{"asctime": "2025-08-11 11:24:12,612", "levelname": "INFO", "name": "AresGlobal.EnhancedTrainingManager", "message": "ðŸŽ­ STEP 2: Market Regime Classification...", "correlation_id": "-", "session_id": "-", "timestamp": "2025-08-11T09:24:12.612135+00:00"}
{"asctime": "2025-08-11 11:24:12,612", "levelname": "INFO", "name": "AresGlobal.EnhancedTrainingManager", "message": "   ðŸ§  Analyzing market regimes and volatility patterns...", "correlation_id": "-", "session_id": "-", "timestamp": "2025-08-11T09:24:12.612226+00:00"}
{"asctime": "2025-08-11 11:24:17,151", "levelname": "INFO", "name": "AresGlobal.EnhancedTrainingManager", "message": "ðŸ” Running validator for step2_market_regime_classification", "correlation_id": "-", "session_id": "-", "timestamp": "2025-08-11T09:24:17.151752+00:00"}
{"asctime": "2025-08-11 11:24:17,151", "levelname": "INFO", "name": "AresGlobal.ValidatorOrchestrator", "message": "ðŸ” Running validator for step2_market_regime_classification", "correlation_id": "-", "session_id": "-", "timestamp": "2025-08-11T09:24:17.151956+00:00"}
{"asctime": "2025-08-11 11:24:17,153", "levelname": "INFO", "name": "AresGlobal.Step2MarketRegimeClassificationValidator", "message": "ðŸ” Validating market regime classification step...", "correlation_id": "-", "session_id": "-", "timestamp": "2025-08-11T09:24:17.153500+00:00"}
{"asctime": "2025-08-11 11:24:17,154", "levelname": "INFO", "name": "AresGlobal.Step2MarketRegimeClassificationValidator", "message": "ðŸ”§ read_parquet start path=data/training/BINANCE_ETHUSDT_regime_classification.parquet columns=regime_columns", "correlation_id": "-", "session_id": "-", "timestamp": "2025-08-11T09:24:17.154179+00:00"}
{"asctime": "2025-08-11 11:24:17,174", "levelname": "INFO", "name": "AresGlobal.Step2MarketRegimeClassificationValidator", "message": "âœ… read_parquet ok path=data/training/BINANCE_ETHUSDT_regime_classification.parquet elapsed=0.020s size=14.4KB", "correlation_id": "-", "session_id": "-", "timestamp": "2025-08-11T09:24:17.174630+00:00"}
{"asctime": "2025-08-11 11:24:17,175", "levelname": "INFO", "name": "AresGlobal.Step2MarketRegimeClassificationValidator", "message": "âœ… Regime distribution validation passed: 2 regimes", "correlation_id": "-", "session_id": "-", "timestamp": "2025-08-11T09:24:17.175092+00:00"}
{"asctime": "2025-08-11 11:24:17,175", "levelname": "INFO", "name": "AresGlobal.Step2MarketRegimeClassificationValidator", "message": "âœ… Regime transitions validation passed: 4 transition types", "correlation_id": "-", "session_id": "-", "timestamp": "2025-08-11T09:24:17.175490+00:00"}
{"asctime": "2025-08-11 11:24:17,175", "levelname": "INFO", "name": "AresGlobal.Step2MarketRegimeClassificationValidator", "message": "âœ… Market regime classification validation passed (critical checks only)", "correlation_id": "-", "session_id": "-", "timestamp": "2025-08-11T09:24:17.175598+00:00"}
{"asctime": "2025-08-11 11:24:17,175", "levelname": "INFO", "name": "AresGlobal.ValidatorOrchestrator", "message": "âœ… Validator for step2_market_regime_classification completed: True", "correlation_id": "-", "session_id": "-", "timestamp": "2025-08-11T09:24:17.175727+00:00"}
{"asctime": "2025-08-11 11:24:17,175", "levelname": "INFO", "name": "AresGlobal.EnhancedTrainingManager", "message": "âœ… step2_market_regime_classification validation passed", "correlation_id": "-", "session_id": "-", "timestamp": "2025-08-11T09:24:17.175912+00:00"}
{"asctime": "2025-08-11 11:24:17,281", "levelname": "INFO", "name": "AresGlobal.EnhancedTrainingManager", "message": "âœ… Step 2: Market Regime Classification: completed successfully in 4.56s", "correlation_id": "-", "session_id": "-", "timestamp": "2025-08-11T09:24:17.281288+00:00"}
{"asctime": "2025-08-11 11:24:17,281", "levelname": "INFO", "name": "AresGlobal.EnhancedTrainingManager", "message": "ðŸ’¾ Process Memory: 404.0 MB | CPU: 0.1%", "correlation_id": "-", "session_id": "-", "timestamp": "2025-08-11T09:24:17.281511+00:00"}
{"asctime": "2025-08-11 11:24:17,281", "levelname": "INFO", "name": "AresGlobal.EnhancedTrainingManager", "message": "ðŸ–¥ï¸ System Memory: 58.3% | Available: 6.7 GB", "correlation_id": "-", "session_id": "-", "timestamp": "2025-08-11T09:24:17.281641+00:00"}
{"asctime": "2025-08-11 11:24:17,281", "levelname": "INFO", "name": "AresGlobal.EnhancedTrainingManager", "message": "ðŸ“Š Progress: 6.2% (1/16)", "correlation_id": "-", "session_id": "-", "timestamp": "2025-08-11T09:24:17.281774+00:00"}
{"asctime": "2025-08-11 11:24:17,282", "levelname": "INFO", "name": "AresGlobal.EnhancedTrainingManager", "message": "ðŸ’¾ Checkpoint saved: step2_market_regime_classification -> checkpoints/BINANCE/ETHUSDT/1m/training_progress.json", "correlation_id": "-", "session_id": "-", "timestamp": "2025-08-11T09:24:17.282870+00:00"}
{"asctime": "2025-08-11 11:24:17,283", "levelname": "INFO", "name": "AresGlobal.EnhancedTrainingManager", "message": "ðŸ“Š STEP 3: Regime Data Splitting...", "correlation_id": "-", "session_id": "-", "timestamp": "2025-08-11T09:24:17.283024+00:00"}
{"asctime": "2025-08-11 11:24:17,283", "levelname": "INFO", "name": "AresGlobal.EnhancedTrainingManager", "message": "   ðŸ“ˆ Splitting data by market regimes for specialized training...", "correlation_id": "-", "session_id": "-", "timestamp": "2025-08-11T09:24:17.283149+00:00"}
{"asctime": "2025-08-11 11:24:54,427", "levelname": "INFO", "name": "AresGlobal.EnhancedTrainingManager", "message": "ðŸ” Running validator for step3_regime_data_splitting", "correlation_id": "-", "session_id": "-", "timestamp": "2025-08-11T09:24:54.427182+00:00"}
{"asctime": "2025-08-11 11:24:54,427", "levelname": "INFO", "name": "AresGlobal.ValidatorOrchestrator", "message": "ðŸ” Running validator for step3_regime_data_splitting", "correlation_id": "-", "session_id": "-", "timestamp": "2025-08-11T09:24:54.427652+00:00"}
{"asctime": "2025-08-11 11:24:54,428", "levelname": "INFO", "name": "AresGlobal.Step3RegimeDataSplittingValidator", "message": "ðŸ”§ BLANK MODE: Using very lenient validation parameters", "correlation_id": "-", "session_id": "-", "timestamp": "2025-08-11T09:24:54.428530+00:00"}
{"asctime": "2025-08-11 11:24:54,428", "levelname": "INFO", "name": "AresGlobal.Step3RegimeDataSplittingValidator", "message": "ðŸ” Validating regime data splitting step...", "correlation_id": "-", "session_id": "-", "timestamp": "2025-08-11T09:24:54.428649+00:00"}
{"asctime": "2025-08-11 11:24:54,428", "levelname": "INFO", "name": "AresGlobal.Step3RegimeDataSplittingValidator", "message": "âœ… All split data files exist", "correlation_id": "-", "session_id": "-", "timestamp": "2025-08-11T09:24:54.428779+00:00"}
{"asctime": "2025-08-11 11:24:54,429", "levelname": "INFO", "name": "AresGlobal.Step3RegimeDataSplittingValidator", "message": "ðŸ”§ read_parquet start path=data/training/BINANCE_ETHUSDT_train_data.parquet columns=regime_columns", "correlation_id": "-", "session_id": "-", "timestamp": "2025-08-11T09:24:54.429317+00:00"}
{"asctime": "2025-08-11 11:24:54,438", "levelname": "INFO", "name": "AresGlobal.Step3RegimeDataSplittingValidator", "message": "âœ… read_parquet ok path=data/training/BINANCE_ETHUSDT_train_data.parquet elapsed=0.009s size=11.3MB", "correlation_id": "-", "session_id": "-", "timestamp": "2025-08-11T09:24:54.438026+00:00"}
{"asctime": "2025-08-11 11:24:54,471", "levelname": "INFO", "name": "AresGlobal.Step3RegimeDataSplittingValidator", "message": "ðŸ§® train_data: rows=179693 cols=3 memory=12.51MB dtypes={'datetime64[ns]': 1, 'object': 1, 'float64': 1}", "correlation_id": "-", "session_id": "-", "timestamp": "2025-08-11T09:24:54.471841+00:00"}
{"asctime": "2025-08-11 11:24:54,481", "levelname": "INFO", "name": "AresGlobal.Step3RegimeDataSplittingValidator", "message": "ðŸ§ª train_data nulls (first 10 cols): {'timestamp': 0, 'regime': 0, 'confidence': 0}", "correlation_id": "-", "session_id": "-", "timestamp": "2025-08-11T09:24:54.481920+00:00"}
{"asctime": "2025-08-11 11:24:54,540", "levelname": "WARNING", "name": "AresGlobal.Step3RegimeDataSplittingValidator", "message": "âš ï¸ train split missing columns: ['open', 'high', 'low', 'close', 'volume'] - continuing with caution in BLANK mode", "correlation_id": "-", "session_id": "-", "timestamp": "2025-08-11T09:24:54.540581+00:00"}
{"asctime": "2025-08-11 11:24:54,540", "levelname": "INFO", "name": "AresGlobal.Step3RegimeDataSplittingValidator", "message": "ðŸ”§ read_parquet start path=data/training/BINANCE_ETHUSDT_validation_data.parquet columns=regime_columns", "correlation_id": "-", "session_id": "-", "timestamp": "2025-08-11T09:24:54.540834+00:00"}
{"asctime": "2025-08-11 11:24:54,544", "levelname": "INFO", "name": "AresGlobal.Step3RegimeDataSplittingValidator", "message": "âœ… read_parquet ok path=data/training/BINANCE_ETHUSDT_validation_data.parquet elapsed=0.004s size=2.6MB", "correlation_id": "-", "session_id": "-", "timestamp": "2025-08-11T09:24:54.544742+00:00"}
{"asctime": "2025-08-11 11:24:54,552", "levelname": "INFO", "name": "AresGlobal.Step3RegimeDataSplittingValidator", "message": "ðŸ§® validation_data: rows=38506 cols=3 memory=2.68MB dtypes={'datetime64[ns]': 1, 'object': 1, 'float64': 1}", "correlation_id": "-", "session_id": "-", "timestamp": "2025-08-11T09:24:54.552397+00:00"}
{"asctime": "2025-08-11 11:24:54,554", "levelname": "INFO", "name": "AresGlobal.Step3RegimeDataSplittingValidator", "message": "ðŸ§ª validation_data nulls (first 10 cols): {'timestamp': 0, 'regime': 0, 'confidence': 0}", "correlation_id": "-", "session_id": "-", "timestamp": "2025-08-11T09:24:54.554988+00:00"}
{"asctime": "2025-08-11 11:24:54,569", "levelname": "WARNING", "name": "AresGlobal.Step3RegimeDataSplittingValidator", "message": "âš ï¸ validation split missing columns: ['open', 'high', 'low', 'close', 'volume'] - continuing with caution in BLANK mode", "correlation_id": "-", "session_id": "-", "timestamp": "2025-08-11T09:24:54.569451+00:00"}
{"asctime": "2025-08-11 11:24:54,569", "levelname": "INFO", "name": "AresGlobal.Step3RegimeDataSplittingValidator", "message": "ðŸ”§ read_parquet start path=data/training/BINANCE_ETHUSDT_test_data.parquet columns=regime_columns", "correlation_id": "-", "session_id": "-", "timestamp": "2025-08-11T09:24:54.569737+00:00"}
{"asctime": "2025-08-11 11:24:54,572", "levelname": "INFO", "name": "AresGlobal.Step3RegimeDataSplittingValidator", "message": "âœ… read_parquet ok path=data/training/BINANCE_ETHUSDT_test_data.parquet elapsed=0.003s size=2.2MB", "correlation_id": "-", "session_id": "-", "timestamp": "2025-08-11T09:24:54.572848+00:00"}
{"asctime": "2025-08-11 11:24:54,580", "levelname": "INFO", "name": "AresGlobal.Step3RegimeDataSplittingValidator", "message": "ðŸ§® test_data: rows=38506 cols=3 memory=2.68MB dtypes={'datetime64[ns]': 1, 'object': 1, 'float64': 1}", "correlation_id": "-", "session_id": "-", "timestamp": "2025-08-11T09:24:54.580582+00:00"}
{"asctime": "2025-08-11 11:24:54,582", "levelname": "INFO", "name": "AresGlobal.Step3RegimeDataSplittingValidator", "message": "ðŸ§ª test_data nulls (first 10 cols): {'timestamp': 0, 'regime': 0, 'confidence': 0}", "correlation_id": "-", "session_id": "-", "timestamp": "2025-08-11T09:24:54.582973+00:00"}
{"asctime": "2025-08-11 11:24:54,596", "levelname": "WARNING", "name": "AresGlobal.Step3RegimeDataSplittingValidator", "message": "âš ï¸ test split missing columns: ['open', 'high', 'low', 'close', 'volume'] - continuing with caution in BLANK mode", "correlation_id": "-", "session_id": "-", "timestamp": "2025-08-11T09:24:54.596386+00:00"}
{"asctime": "2025-08-11 11:24:54,596", "levelname": "INFO", "name": "AresGlobal.Step3RegimeDataSplittingValidator", "message": "âœ… All split data quality validation passed", "correlation_id": "-", "session_id": "-", "timestamp": "2025-08-11T09:24:54.596570+00:00"}
{"asctime": "2025-08-11 11:24:54,598", "levelname": "INFO", "name": "AresGlobal.Step3RegimeDataSplittingValidator", "message": "âœ… train proportion 0.799 within expected range (0.500-0.850)", "correlation_id": "-", "session_id": "-", "timestamp": "2025-08-11T09:24:54.598641+00:00"}
{"asctime": "2025-08-11 11:24:54,598", "levelname": "INFO", "name": "AresGlobal.Step3RegimeDataSplittingValidator", "message": "âœ… validation proportion 0.100 within expected range (0.050-0.250)", "correlation_id": "-", "session_id": "-", "timestamp": "2025-08-11T09:24:54.598779+00:00"}
{"asctime": "2025-08-11 11:24:54,598", "levelname": "INFO", "name": "AresGlobal.Step3RegimeDataSplittingValidator", "message": "âœ… test proportion 0.101 within expected range (0.050-0.250)", "correlation_id": "-", "session_id": "-", "timestamp": "2025-08-11T09:24:54.598881+00:00"}
{"asctime": "2025-08-11 11:24:54,599", "levelname": "INFO", "name": "AresGlobal.Step3RegimeDataSplittingValidator", "message": "âœ… Split proportions validation passed: {'train': 0.7991587802313355, 'validation': 0.09989484752891693, 'test': 0.10094637223974763}", "correlation_id": "-", "session_id": "-", "timestamp": "2025-08-11T09:24:54.599009+00:00"}
{"asctime": "2025-08-11 11:24:54,600", "levelname": "INFO", "name": "AresGlobal.Step3RegimeDataSplittingValidator", "message": "âœ… Split consistency validation passed", "correlation_id": "-", "session_id": "-", "timestamp": "2025-08-11T09:24:54.600207+00:00"}
{"asctime": "2025-08-11 11:24:54,600", "levelname": "INFO", "name": "AresGlobal.Step3RegimeDataSplittingValidator", "message": "âœ… Regime data splitting validation passed (critical checks only)", "correlation_id": "-", "session_id": "-", "timestamp": "2025-08-11T09:24:54.600355+00:00"}
{"asctime": "2025-08-11 11:24:54,600", "levelname": "INFO", "name": "AresGlobal.ValidatorOrchestrator", "message": "âœ… Validator for step3_regime_data_splitting completed: True", "correlation_id": "-", "session_id": "-", "timestamp": "2025-08-11T09:24:54.600463+00:00"}
{"asctime": "2025-08-11 11:24:54,600", "levelname": "INFO", "name": "AresGlobal.EnhancedTrainingManager", "message": "âœ… step3_regime_data_splitting validation passed", "correlation_id": "-", "session_id": "-", "timestamp": "2025-08-11T09:24:54.600608+00:00"}
{"asctime": "2025-08-11 11:24:54,710", "levelname": "INFO", "name": "AresGlobal.EnhancedTrainingManager", "message": "âœ… Step 3: Regime Data Splitting: completed successfully in 37.32s", "correlation_id": "-", "session_id": "-", "timestamp": "2025-08-11T09:24:54.710933+00:00"}
{"asctime": "2025-08-11 11:24:54,711", "levelname": "INFO", "name": "AresGlobal.EnhancedTrainingManager", "message": "ðŸ’¾ Process Memory: 1008.1 MB | CPU: 0.0%", "correlation_id": "-", "session_id": "-", "timestamp": "2025-08-11T09:24:54.711079+00:00"}
{"asctime": "2025-08-11 11:24:54,711", "levelname": "INFO", "name": "AresGlobal.EnhancedTrainingManager", "message": "ðŸ–¥ï¸ System Memory: 59.0% | Available: 6.6 GB", "correlation_id": "-", "session_id": "-", "timestamp": "2025-08-11T09:24:54.711196+00:00"}
{"asctime": "2025-08-11 11:24:54,711", "levelname": "INFO", "name": "AresGlobal.EnhancedTrainingManager", "message": "ðŸ“Š Progress: 12.5% (2/16)", "correlation_id": "-", "session_id": "-", "timestamp": "2025-08-11T09:24:54.711378+00:00"}
{"asctime": "2025-08-11 11:24:54,712", "levelname": "INFO", "name": "AresGlobal.EnhancedTrainingManager", "message": "ðŸ’¾ Checkpoint saved: step3_regime_data_splitting -> checkpoints/BINANCE/ETHUSDT/1m/training_progress.json", "correlation_id": "-", "session_id": "-", "timestamp": "2025-08-11T09:24:54.712288+00:00"}
{"asctime": "2025-08-11 11:24:54,712", "levelname": "INFO", "name": "AresGlobal.EnhancedTrainingManager", "message": "ðŸ§  STEP 4: Analyst Labeling & Feature Engineering...", "correlation_id": "-", "session_id": "-", "timestamp": "2025-08-11T09:24:54.712447+00:00"}
{"asctime": "2025-08-11 11:24:54,811", "levelname": "INFO", "name": "AresGlobal.OptimizedTripleBarrierLabeling", "message": "ðŸ”– Triple barrier labeling configured for binary classification (BUY/SELL only)", "correlation_id": "-", "session_id": "-", "timestamp": "2025-08-11T09:24:54.811609+00:00"}
{"asctime": "2025-08-11 11:24:54,811", "levelname": "INFO", "name": "AresGlobal.OptimizedTripleBarrierLabeling", "message": "   â†’ HOLD samples will be automatically filtered out", "correlation_id": "-", "session_id": "-", "timestamp": "2025-08-11T09:24:54.811789+00:00"}
{"asctime": "2025-08-11 11:24:54,811", "levelname": "INFO", "name": "AresGlobal.OptimizedTripleBarrierLabeling", "message": "   â†’ This addresses label imbalance issues", "correlation_id": "-", "session_id": "-", "timestamp": "2025-08-11T09:24:54.811895+00:00"}
{"asctime": "2025-08-11 11:32:29,202", "levelname": "INFO", "name": "AresGlobal.OptimizedTripleBarrierLabeling", "message": "Applying triple barrier labeling | cols=['timestamp', 'open', 'high', 'low', 'close', 'volume', 'year', 'month', 'day', 'exchange', 'symbol', 'timeframe', 'trade_volume', 'trade_count', 'avg_price', 'min_price', 'max_price', 'volume_ratio', 'funding_rate', 'close_returns', 'open_returns', 'high_returns', 'low_returns', 'close_log', 'open_log', 'high_log', 'low_log', 'close_detrended'] shape=(256704, 28)", "correlation_id": "-", "session_id": "-", "timestamp": "2025-08-11T09:32:29.202621+00:00"}
{"asctime": "2025-08-11 11:32:30,346", "levelname": "INFO", "name": "AresGlobal.OptimizedTripleBarrierLabeling", "message": "ðŸ“Š Label distribution after filtering:", "correlation_id": "-", "session_id": "-", "timestamp": "2025-08-11T09:32:30.346700+00:00"}
{"asctime": "2025-08-11 11:32:30,347", "levelname": "INFO", "name": "AresGlobal.OptimizedTripleBarrierLabeling", "message": "   BUY (1): 89628 samples", "correlation_id": "-", "session_id": "-", "timestamp": "2025-08-11T09:32:30.347260+00:00"}
{"asctime": "2025-08-11 11:32:30,347", "levelname": "INFO", "name": "AresGlobal.OptimizedTripleBarrierLabeling", "message": "   SELL (-1): 166976 samples", "correlation_id": "-", "session_id": "-", "timestamp": "2025-08-11T09:32:30.347542+00:00"}
{"asctime": "2025-08-11 11:32:30,347", "levelname": "INFO", "name": "AresGlobal.OptimizedTripleBarrierLabeling", "message": "   HOLD (0): 100 samples (removed)", "correlation_id": "-", "session_id": "-", "timestamp": "2025-08-11T09:32:30.347656+00:00"}
{"asctime": "2025-08-11 11:32:30,347", "levelname": "INFO", "name": "AresGlobal.OptimizedTripleBarrierLabeling", "message": "   Total samples: 256604 (from 256704)", "correlation_id": "-", "session_id": "-", "timestamp": "2025-08-11T09:32:30.347748+00:00"}
{"asctime": "2025-08-11 11:32:30,347", "levelname": "INFO", "name": "AresGlobal.OptimizedTripleBarrierLabeling", "message": "   Filtering ratio: 0.0% HOLD samples removed", "correlation_id": "-", "session_id": "-", "timestamp": "2025-08-11T09:32:30.347874+00:00"}
{"asctime": "2025-08-11 11:32:30,359", "levelname": "INFO", "name": "AresGlobal.OptimizedTripleBarrierLabeling", "message": "", "correlation_id": "-", "session_id": "-", "msg": "Triple-barrier labeling diagnostics", "distribution": {"-1": "166976", "1": "89628"}, "long_nextbar_agree": 0.7656, "short_nextbar_agree": 0.6375, "overall_nextbar_agree": 0.6822, "timestamp": "2025-08-11T09:32:30.359096+00:00"}
{"asctime": "2025-08-11 11:33:06,321", "levelname": "INFO", "name": "AresGlobal.MemoryEfficientDataManager", "message": "Optimized DataFrame memory usage", "correlation_id": "-", "session_id": "-", "timestamp": "2025-08-11T09:33:06.321374+00:00"}
{"asctime": "2025-08-11 11:33:06,321", "levelname": "INFO", "name": "AresGlobal.MemoryEfficientDataManager", "message": "Optimized DataFrame memory usage", "correlation_id": "-", "session_id": "-", "timestamp": "2025-08-11T09:33:06.321736+00:00"}
{"asctime": "2025-08-11 11:33:06,322", "levelname": "INFO", "name": "AresGlobal.MemoryEfficientDataManager", "message": "Optimized DataFrame memory usage", "correlation_id": "-", "session_id": "-", "timestamp": "2025-08-11T09:33:06.322028+00:00"}
{"asctime": "2025-08-11 11:33:06,334", "levelname": "INFO", "name": "AresGlobal.MemoryEfficientDataManager", "message": "Optimized DataFrame memory usage", "correlation_id": "-", "session_id": "-", "timestamp": "2025-08-11T09:33:06.334920+00:00"}
{"asctime": "2025-08-11 11:33:06,335", "levelname": "INFO", "name": "AresGlobal.MemoryEfficientDataManager", "message": "Optimized DataFrame memory usage", "correlation_id": "-", "session_id": "-", "timestamp": "2025-08-11T09:33:06.335222+00:00"}
{"asctime": "2025-08-11 11:33:06,335", "levelname": "INFO", "name": "AresGlobal.MemoryEfficientDataManager", "message": "Optimized DataFrame memory usage", "correlation_id": "-", "session_id": "-", "timestamp": "2025-08-11T09:33:06.335489+00:00"}
{"asctime": "2025-08-11 11:33:06,341", "levelname": "INFO", "name": "AresGlobal.MemoryEfficientDataManager", "message": "Optimized DataFrame memory usage", "correlation_id": "-", "session_id": "-", "timestamp": "2025-08-11T09:33:06.341126+00:00"}
{"asctime": "2025-08-11 11:33:06,341", "levelname": "INFO", "name": "AresGlobal.MemoryEfficientDataManager", "message": "Optimized DataFrame memory usage", "correlation_id": "-", "session_id": "-", "timestamp": "2025-08-11T09:33:06.341573+00:00"}
{"asctime": "2025-08-11 11:33:06,341", "levelname": "INFO", "name": "AresGlobal.MemoryEfficientDataManager", "message": "Optimized DataFrame memory usage", "correlation_id": "-", "session_id": "-", "timestamp": "2025-08-11T09:33:06.341899+00:00"}
{"asctime": "2025-08-11 11:33:06,351", "levelname": "INFO", "name": "AresGlobal.MemoryEfficientDataManager", "message": "Optimized DataFrame memory usage", "correlation_id": "-", "session_id": "-", "timestamp": "2025-08-11T09:33:06.351868+00:00"}
{"asctime": "2025-08-11 11:33:06,352", "levelname": "INFO", "name": "AresGlobal.MemoryEfficientDataManager", "message": "Optimized DataFrame memory usage", "correlation_id": "-", "session_id": "-", "timestamp": "2025-08-11T09:33:06.352251+00:00"}
{"asctime": "2025-08-11 11:33:06,352", "levelname": "INFO", "name": "AresGlobal.MemoryEfficientDataManager", "message": "Optimized DataFrame memory usage", "correlation_id": "-", "session_id": "-", "timestamp": "2025-08-11T09:33:06.352521+00:00"}
{"asctime": "2025-08-11 11:33:06,396", "levelname": "INFO", "name": "AresGlobal.EnhancedTrainingManager", "message": "ðŸ’¾ Checkpoint saved: step4_analyst_labeling_feature_engineering -> checkpoints/BINANCE/ETHUSDT/1m/training_progress.json", "correlation_id": "-", "session_id": "-", "timestamp": "2025-08-11T09:33:06.396456+00:00"}
{"asctime": "2025-08-11 11:33:06,530", "levelname": "INFO", "name": "AresGlobal.EnhancedTrainingManager", "message": "ðŸ§¹ Memory optimization: 1376.5 MB before cleanup", "correlation_id": "-", "session_id": "-", "timestamp": "2025-08-11T09:33:06.530425+00:00"}
{"asctime": "2025-08-11 11:33:06,630", "levelname": "INFO", "name": "AresGlobal.EnhancedTrainingManager", "message": "ðŸ§¹ Memory optimization: 1376.5 MB after cleanup (saved 0.0 MB)", "correlation_id": "-", "session_id": "-", "timestamp": "2025-08-11T09:33:06.630467+00:00"}
{"asctime": "2025-08-11 11:33:06,630", "levelname": "INFO", "name": "AresGlobal.EnhancedTrainingManager", "message": "ðŸ” Running validator for step4_analyst_labeling_feature_engineering", "correlation_id": "-", "session_id": "-", "timestamp": "2025-08-11T09:33:06.630716+00:00"}
{"asctime": "2025-08-11 11:33:06,630", "levelname": "INFO", "name": "AresGlobal.ValidatorOrchestrator", "message": "ðŸ” Running validator for step4_analyst_labeling_feature_engineering", "correlation_id": "-", "session_id": "-", "timestamp": "2025-08-11T09:33:06.630831+00:00"}
{"asctime": "2025-08-11 11:33:06,632", "levelname": "INFO", "name": "AresGlobal.Step4AnalystLabelingFeatureEngineeringValidator", "message": "ðŸ” Validating analyst labeling and feature engineering step...", "correlation_id": "-", "session_id": "-", "timestamp": "2025-08-11T09:33:06.632498+00:00"}
{"asctime": "2025-08-11 11:33:06,639", "levelname": "INFO", "name": "AresGlobal.Step4AnalystLabelingFeatureEngineeringValidator", "message": "âœ… Feature engineering outputs validation passed", "correlation_id": "-", "session_id": "-", "timestamp": "2025-08-11T09:33:06.639196+00:00"}
{"asctime": "2025-08-11 11:33:06,639", "levelname": "WARNING", "name": "AresGlobal.Step4AnalystLabelingFeatureEngineeringValidator", "message": "âš ï¸ Missing OHLCV columns in data/training/BINANCE_ETHUSDT_labeled_train.pkl: ['open', 'high', 'low', 'close', 'volume'] - this may affect labeling quality", "correlation_id": "-", "session_id": "-", "timestamp": "2025-08-11T09:33:06.639858+00:00"}
{"asctime": "2025-08-11 11:33:06,640", "levelname": "WARNING", "name": "AresGlobal.Step4AnalystLabelingFeatureEngineeringValidator", "message": "Triple barrier labeling requires proper OHLCV data for accurate labels", "correlation_id": "-", "session_id": "-", "timestamp": "2025-08-11T09:33:06.640050+00:00"}
{"asctime": "2025-08-11 11:33:06,643", "levelname": "WARNING", "name": "AresGlobal.Step4AnalystLabelingFeatureEngineeringValidator", "message": "âš ï¸ Missing OHLCV columns in data/training/BINANCE_ETHUSDT_labeled_validation.pkl: ['open', 'high', 'low', 'close', 'volume'] - this may affect labeling quality", "correlation_id": "-", "session_id": "-", "timestamp": "2025-08-11T09:33:06.643068+00:00"}
{"asctime": "2025-08-11 11:33:06,643", "levelname": "WARNING", "name": "AresGlobal.Step4AnalystLabelingFeatureEngineeringValidator", "message": "Triple barrier labeling requires proper OHLCV data for accurate labels", "correlation_id": "-", "session_id": "-", "timestamp": "2025-08-11T09:33:06.643333+00:00"}
{"asctime": "2025-08-11 11:33:06,645", "levelname": "WARNING", "name": "AresGlobal.Step4AnalystLabelingFeatureEngineeringValidator", "message": "âš ï¸ Missing OHLCV columns in data/training/BINANCE_ETHUSDT_labeled_test.pkl: ['open', 'high', 'low', 'close', 'volume'] - this may affect labeling quality", "correlation_id": "-", "session_id": "-", "timestamp": "2025-08-11T09:33:06.645481+00:00"}
{"asctime": "2025-08-11 11:33:06,645", "levelname": "WARNING", "name": "AresGlobal.Step4AnalystLabelingFeatureEngineeringValidator", "message": "Triple barrier labeling requires proper OHLCV data for accurate labels", "correlation_id": "-", "session_id": "-", "timestamp": "2025-08-11T09:33:06.645647+00:00"}
{"asctime": "2025-08-11 11:33:06,646", "levelname": "INFO", "name": "AresGlobal.Step4AnalystLabelingFeatureEngineeringValidator", "message": "âœ… Labeling quality validation passed", "correlation_id": "-", "session_id": "-", "timestamp": "2025-08-11T09:33:06.646300+00:00"}
{"asctime": "2025-08-11 11:33:06,646", "levelname": "WARNING", "name": "AresGlobal.Step4AnalystLabelingFeatureEngineeringValidator", "message": "âš ï¸ Too few features: 1 (min: 10) - continuing with caution", "correlation_id": "-", "session_id": "-", "timestamp": "2025-08-11T09:33:06.646892+00:00"}
{"asctime": "2025-08-11 11:33:06,647", "levelname": "WARNING", "name": "AresGlobal.Step4AnalystLabelingFeatureEngineeringValidator", "message": "âš ï¸ Feature quality validation failed - continuing with caution", "correlation_id": "-", "session_id": "-", "timestamp": "2025-08-11T09:33:06.647023+00:00"}
{"asctime": "2025-08-11 11:33:06,649", "levelname": "INFO", "name": "AresGlobal.Step4AnalystLabelingFeatureEngineeringValidator", "message": "âœ… Data balance validation passed", "correlation_id": "-", "session_id": "-", "timestamp": "2025-08-11T09:33:06.649741+00:00"}
{"asctime": "2025-08-11 11:33:06,649", "levelname": "INFO", "name": "AresGlobal.Step4AnalystLabelingFeatureEngineeringValidator", "message": "âœ… Analyst labeling and feature engineering validation passed (critical checks only)", "correlation_id": "-", "session_id": "-", "timestamp": "2025-08-11T09:33:06.649957+00:00"}
{"asctime": "2025-08-11 11:33:06,650", "levelname": "INFO", "name": "AresGlobal.ValidatorOrchestrator", "message": "âœ… Validator for step4_analyst_labeling_feature_engineering completed: True", "correlation_id": "-", "session_id": "-", "timestamp": "2025-08-11T09:33:06.650276+00:00"}
{"asctime": "2025-08-11 11:33:06,650", "levelname": "INFO", "name": "AresGlobal.EnhancedTrainingManager", "message": "âœ… step4_analyst_labeling_feature_engineering validation passed", "correlation_id": "-", "session_id": "-", "timestamp": "2025-08-11T09:33:06.650518+00:00"}
{"asctime": "2025-08-11 11:33:06,752", "levelname": "INFO", "name": "AresGlobal.EnhancedTrainingManager", "message": "âœ… Step 4: Analyst Labeling & Feature Engineering: completed successfully in 491.94s", "correlation_id": "-", "session_id": "-", "timestamp": "2025-08-11T09:33:06.753000+00:00"}
{"asctime": "2025-08-11 11:33:06,753", "levelname": "INFO", "name": "AresGlobal.EnhancedTrainingManager", "message": "ðŸ’¾ Process Memory: 1365.1 MB | CPU: 0.0%", "correlation_id": "-", "session_id": "-", "timestamp": "2025-08-11T09:33:06.753239+00:00"}
{"asctime": "2025-08-11 11:33:06,753", "levelname": "INFO", "name": "AresGlobal.EnhancedTrainingManager", "message": "ðŸ–¥ï¸ System Memory: 54.6% | Available: 7.3 GB", "correlation_id": "-", "session_id": "-", "timestamp": "2025-08-11T09:33:06.753347+00:00"}
{"asctime": "2025-08-11 11:33:06,753", "levelname": "INFO", "name": "AresGlobal.EnhancedTrainingManager", "message": "ðŸ“Š Progress: 18.8% (3/16)", "correlation_id": "-", "session_id": "-", "timestamp": "2025-08-11T09:33:06.753453+00:00"}
{"asctime": "2025-08-11 11:33:06,753", "levelname": "INFO", "name": "AresGlobal.EnhancedTrainingManager", "message": "ðŸŽ¯ STEP 5: Analyst Specialist Training...", "correlation_id": "-", "session_id": "-", "timestamp": "2025-08-11T09:33:06.753568+00:00"}
