{"asctime": "2025-08-11 10:57:07,200", "levelname": "INFO", "name": "AresGlobal", "message": "================================================================================", "correlation_id": "-", "session_id": "-", "timestamp": "2025-08-11T08:57:07.200252+00:00"}
{"asctime": "2025-08-11 10:57:07,200", "levelname": "INFO", "name": "AresGlobal", "message": "ðŸ“Š SESSION SUMMARY", "correlation_id": "-", "session_id": "-", "timestamp": "2025-08-11T08:57:07.200461+00:00"}
{"asctime": "2025-08-11 10:57:07,200", "levelname": "INFO", "name": "AresGlobal", "message": "Session started: 2025-08-11 10:57:07", "correlation_id": "-", "session_id": "-", "timestamp": "2025-08-11T08:57:07.200591+00:00"}
{"asctime": "2025-08-11 10:57:07,200", "levelname": "INFO", "name": "AresGlobal", "message": "This file contains ALL logs for this session", "correlation_id": "-", "session_id": "-", "timestamp": "2025-08-11T08:57:07.200685+00:00"}
{"asctime": "2025-08-11 10:57:07,200", "levelname": "INFO", "name": "AresGlobal", "message": "================================================================================", "correlation_id": "-", "session_id": "-", "timestamp": "2025-08-11T08:57:07.200775+00:00"}
{"asctime": "2025-08-11 10:57:07,201", "levelname": "INFO", "name": "AresGlobal", "message": "[SYSTEM] ================================================================================", "correlation_id": "-", "session_id": "-", "timestamp": "2025-08-11T08:57:07.201009+00:00"}
{"asctime": "2025-08-11 10:57:07,201", "levelname": "INFO", "name": "AresGlobal", "message": "[SYSTEM] ðŸš€ ARES LAUNCHER STARTED - Mode: INITIALIZATION", "correlation_id": "-", "session_id": "-", "timestamp": "2025-08-11T08:57:07.201179+00:00"}
{"asctime": "2025-08-11 10:57:07,201", "levelname": "INFO", "name": "AresGlobal", "message": "[SYSTEM] Start time: 2025-08-11 10:57:07", "correlation_id": "-", "session_id": "-", "timestamp": "2025-08-11T08:57:07.201349+00:00"}
{"asctime": "2025-08-11 10:57:07,201", "levelname": "INFO", "name": "AresGlobal", "message": "[SYSTEM] Log directory: log", "correlation_id": "-", "session_id": "-", "timestamp": "2025-08-11T08:57:07.201506+00:00"}
{"asctime": "2025-08-11 10:57:07,201", "levelname": "INFO", "name": "AresGlobal", "message": "[SYSTEM] ================================================================================", "correlation_id": "-", "session_id": "-", "timestamp": "2025-08-11T08:57:07.201659+00:00"}
{"asctime": "2025-08-11 10:57:07,201", "levelname": "INFO", "name": "AresGlobal.AresLauncher", "message": "================================================================================", "correlation_id": "-", "session_id": "-", "timestamp": "2025-08-11T08:57:07.201739+00:00"}
{"asctime": "2025-08-11 10:57:07,201", "levelname": "INFO", "name": "AresGlobal.AresLauncher", "message": "ðŸš€ ARES COMPREHENSIVE LAUNCHER", "correlation_id": "-", "session_id": "-", "timestamp": "2025-08-11T08:57:07.201817+00:00"}
{"asctime": "2025-08-11 10:57:07,201", "levelname": "INFO", "name": "AresGlobal.AresLauncher", "message": "================================================================================", "correlation_id": "-", "session_id": "-", "timestamp": "2025-08-11T08:57:07.201900+00:00"}
{"asctime": "2025-08-11 10:57:07,201", "levelname": "INFO", "name": "AresGlobal.AresLauncher", "message": "Start time: 2025-08-11 10:57:07", "correlation_id": "-", "session_id": "-", "timestamp": "2025-08-11T08:57:07.201987+00:00"}
{"asctime": "2025-08-11 10:57:07,202", "levelname": "INFO", "name": "AresGlobal.AresLauncher", "message": "Log directory: log", "correlation_id": "-", "session_id": "-", "timestamp": "2025-08-11T08:57:07.202068+00:00"}
{"asctime": "2025-08-11 10:57:07,202", "levelname": "INFO", "name": "AresGlobal.AresLauncher", "message": "Log level: INFO", "correlation_id": "-", "session_id": "-", "timestamp": "2025-08-11T08:57:07.202150+00:00"}
{"asctime": "2025-08-11 10:57:07,202", "levelname": "INFO", "name": "AresGlobal.AresLauncher", "message": "Global log file: ares_global_20250811_105707.log", "correlation_id": "-", "session_id": "-", "timestamp": "2025-08-11T08:57:07.202236+00:00"}
{"asctime": "2025-08-11 10:57:07,202", "levelname": "INFO", "name": "AresGlobal.AresLauncher", "message": "================================================================================", "correlation_id": "-", "session_id": "-", "timestamp": "2025-08-11T08:57:07.202322+00:00"}
{"asctime": "2025-08-11 10:57:07,202", "levelname": "INFO", "name": "AresGlobal", "message": "[SYSTEM] ================================================================================", "correlation_id": "-", "session_id": "-", "timestamp": "2025-08-11T08:57:07.202567+00:00"}
{"asctime": "2025-08-11 10:57:07,202", "levelname": "INFO", "name": "AresGlobal", "message": "[SYSTEM] ðŸš€ ARES LAUNCHER STARTED - Mode: blank - Symbol: ETHUSDT - Exchange: BINANCE", "correlation_id": "-", "session_id": "-", "timestamp": "2025-08-11T08:57:07.202727+00:00"}
{"asctime": "2025-08-11 10:57:07,202", "levelname": "INFO", "name": "AresGlobal", "message": "[SYSTEM] Start time: 2025-08-11 10:57:07", "correlation_id": "-", "session_id": "-", "timestamp": "2025-08-11T08:57:07.202893+00:00"}
{"asctime": "2025-08-11 10:57:07,203", "levelname": "INFO", "name": "AresGlobal", "message": "[SYSTEM] Log directory: log", "correlation_id": "-", "session_id": "-", "timestamp": "2025-08-11T08:57:07.203046+00:00"}
{"asctime": "2025-08-11 10:57:07,203", "levelname": "INFO", "name": "AresGlobal", "message": "[SYSTEM] ================================================================================", "correlation_id": "-", "session_id": "-", "timestamp": "2025-08-11T08:57:07.203193+00:00"}
{"asctime": "2025-08-11 10:57:07,203", "levelname": "INFO", "name": "AresGlobal.AresLauncher", "message": "ðŸš€ Running enhanced 16-step training pipeline for ETHUSDT on BINANCE", "correlation_id": "-", "session_id": "-", "timestamp": "2025-08-11T08:57:07.203301+00:00"}
{"asctime": "2025-08-11 10:57:07,203", "levelname": "INFO", "name": "AresGlobal.AresLauncher", "message": "Starting from step: step4_analyst_labeling_feature_engineering", "correlation_id": "-", "session_id": "-", "timestamp": "2025-08-11T08:57:07.203382+00:00"}
{"asctime": "2025-08-11 10:57:07,203", "levelname": "INFO", "name": "AresGlobal.AresLauncher", "message": "ðŸ§ª BLANK TRAINING MODE: Set BLANK_TRAINING_MODE=1 for step-based training", "correlation_id": "-", "session_id": "-", "timestamp": "2025-08-11T08:57:07.203464+00:00"}
{"asctime": "2025-08-11 10:57:07,204", "levelname": "INFO", "name": "AresGlobal.ProgressManager", "message": "Initialized ProgressManager for ETHUSDT on BINANCE", "correlation_id": "-", "session_id": "-", "timestamp": "2025-08-11T08:57:07.204353+00:00"}
{"asctime": "2025-08-11 10:57:07,204", "levelname": "INFO", "name": "AresGlobal.ProgressManager", "message": "Progress directory: data/training/progress/BINANCE_ETHUSDT", "correlation_id": "-", "session_id": "-", "timestamp": "2025-08-11T08:57:07.204456+00:00"}
{"asctime": "2025-08-11 10:57:07,204", "levelname": "INFO", "name": "AresGlobal.StepOrchestrator", "message": "Initialized StepOrchestrator for ETHUSDT on BINANCE", "correlation_id": "-", "session_id": "-", "timestamp": "2025-08-11T08:57:07.204537+00:00"}
{"asctime": "2025-08-11 10:57:07,204", "levelname": "INFO", "name": "AresGlobal.StepOrchestrator", "message": "ðŸš€ Starting execution from step: step4_analyst_labeling_feature_engineering", "correlation_id": "-", "session_id": "-", "timestamp": "2025-08-11T08:57:07.204723+00:00"}
{"asctime": "2025-08-11 10:57:09,968", "levelname": "INFO", "name": "AresGlobal.EnhancedTrainingManager", "message": "Loaded optimization configuration", "correlation_id": "-", "session_id": "-", "timestamp": "2025-08-11T08:57:09.968870+00:00"}
{"asctime": "2025-08-11 10:57:09,969", "levelname": "INFO", "name": "AresGlobal.EnhancedTrainingManagerOptimized", "message": "Loaded optimization configuration", "correlation_id": "-", "session_id": "-", "timestamp": "2025-08-11T08:57:09.969081+00:00"}
{"asctime": "2025-08-11 10:57:09,969", "levelname": "INFO", "name": "AresGlobal.EnhancedTrainingManager", "message": "ðŸš€ Initializing Enhanced Training Manager...", "correlation_id": "-", "session_id": "-", "timestamp": "2025-08-11T08:57:09.969195+00:00"}
{"asctime": "2025-08-11 10:57:09,969", "levelname": "INFO", "name": "AresGlobal.EnhancedTrainingManager", "message": "ðŸ“Š Blank training mode: False", "correlation_id": "-", "session_id": "-", "timestamp": "2025-08-11T08:57:09.969316+00:00"}
{"asctime": "2025-08-11 10:57:09,969", "levelname": "INFO", "name": "AresGlobal.EnhancedTrainingManager", "message": "ðŸ”§ Max trials: 200", "correlation_id": "-", "session_id": "-", "timestamp": "2025-08-11T08:57:09.969410+00:00"}
{"asctime": "2025-08-11 10:57:09,969", "levelname": "INFO", "name": "AresGlobal.EnhancedTrainingManager", "message": "ðŸ”§ N trials: 100", "correlation_id": "-", "session_id": "-", "timestamp": "2025-08-11T08:57:09.969499+00:00"}
{"asctime": "2025-08-11 10:57:09,969", "levelname": "INFO", "name": "AresGlobal.EnhancedTrainingManager", "message": "ðŸ“ˆ Lookback days: 30", "correlation_id": "-", "session_id": "-", "timestamp": "2025-08-11T08:57:09.969584+00:00"}
{"asctime": "2025-08-11 10:57:09,969", "levelname": "INFO", "name": "AresGlobal.EnhancedTrainingManager", "message": "ðŸš€ Computational optimization: True", "correlation_id": "-", "session_id": "-", "timestamp": "2025-08-11T08:57:09.969667+00:00"}
{"asctime": "2025-08-11 10:57:09,969", "levelname": "INFO", "name": "AresGlobal.EnhancedTrainingManager", "message": "ðŸ“Š Resource Analysis:", "correlation_id": "-", "session_id": "-", "timestamp": "2025-08-11T08:57:09.969795+00:00"}
{"asctime": "2025-08-11 10:57:09,969", "levelname": "INFO", "name": "AresGlobal.EnhancedTrainingManager", "message": "   ðŸ’¾ System Memory: 16.0 GB", "correlation_id": "-", "session_id": "-", "timestamp": "2025-08-11T08:57:09.969883+00:00"}
{"asctime": "2025-08-11 10:57:09,969", "levelname": "INFO", "name": "AresGlobal.EnhancedTrainingManager", "message": "   ðŸ–¥ï¸ CPU Cores: 8", "correlation_id": "-", "session_id": "-", "timestamp": "2025-08-11T08:57:09.969966+00:00"}
{"asctime": "2025-08-11 10:57:09,970", "levelname": "INFO", "name": "AresGlobal.EnhancedTrainingManager", "message": "   ðŸ“ˆ Estimated Memory Usage: 8.0 GB", "correlation_id": "-", "session_id": "-", "timestamp": "2025-08-11T08:57:09.970048+00:00"}
{"asctime": "2025-08-11 10:57:09,970", "levelname": "INFO", "name": "AresGlobal.EnhancedTrainingManager", "message": "   â±ï¸ Estimated Time: 720 minutes (12.0 hours)", "correlation_id": "-", "session_id": "-", "timestamp": "2025-08-11T08:57:09.970132+00:00"}
{"asctime": "2025-08-11 10:57:09,970", "levelname": "INFO", "name": "AresGlobal.EnhancedTrainingManager", "message": "   ðŸ¤– Models to Train: 12", "correlation_id": "-", "session_id": "-", "timestamp": "2025-08-11T08:57:09.970217+00:00"}
{"asctime": "2025-08-11 10:57:09,970", "levelname": "INFO", "name": "AresGlobal.EnhancedTrainingManager", "message": "   ðŸ”§ Optimization Trials: 200", "correlation_id": "-", "session_id": "-", "timestamp": "2025-08-11T08:57:09.970299+00:00"}
{"asctime": "2025-08-11 10:57:09,970", "levelname": "INFO", "name": "AresGlobal.EnhancedTrainingManager", "message": "ðŸ“‹ Step-by-Step Time Estimates:", "correlation_id": "-", "session_id": "-", "timestamp": "2025-08-11T08:57:09.970378+00:00"}
{"asctime": "2025-08-11 10:57:09,970", "levelname": "INFO", "name": "AresGlobal.EnhancedTrainingManager", "message": "   step1_data_collection: 15 min (2.3%)", "correlation_id": "-", "session_id": "-", "timestamp": "2025-08-11T08:57:09.970462+00:00"}
{"asctime": "2025-08-11 10:57:09,970", "levelname": "INFO", "name": "AresGlobal.EnhancedTrainingManager", "message": "   step2_market_regime_classification: 8 min (1.2%)", "correlation_id": "-", "session_id": "-", "timestamp": "2025-08-11T08:57:09.970549+00:00"}
{"asctime": "2025-08-11 10:57:09,970", "levelname": "INFO", "name": "AresGlobal.EnhancedTrainingManager", "message": "   step3_regime_data_splitting: 5 min (0.8%)", "correlation_id": "-", "session_id": "-", "timestamp": "2025-08-11T08:57:09.970692+00:00"}
{"asctime": "2025-08-11 10:57:09,970", "levelname": "INFO", "name": "AresGlobal.EnhancedTrainingManager", "message": "   step4_analyst_labeling_feature_engineering: 60 min (9.0%)", "correlation_id": "-", "session_id": "-", "timestamp": "2025-08-11T08:57:09.970850+00:00"}
{"asctime": "2025-08-11 10:57:09,970", "levelname": "INFO", "name": "AresGlobal.EnhancedTrainingManager", "message": "   step5_analyst_specialist_training: 30 min (4.5%)", "correlation_id": "-", "session_id": "-", "timestamp": "2025-08-11T08:57:09.970966+00:00"}
{"asctime": "2025-08-11 10:57:09,971", "levelname": "INFO", "name": "AresGlobal.EnhancedTrainingManager", "message": "   step6_analyst_enhancement: 25 min (3.8%)", "correlation_id": "-", "session_id": "-", "timestamp": "2025-08-11T08:57:09.971060+00:00"}
{"asctime": "2025-08-11 10:57:09,971", "levelname": "INFO", "name": "AresGlobal.EnhancedTrainingManager", "message": "   step7_analyst_ensemble_creation: 35 min (5.3%)", "correlation_id": "-", "session_id": "-", "timestamp": "2025-08-11T08:57:09.971149+00:00"}
{"asctime": "2025-08-11 10:57:09,971", "levelname": "INFO", "name": "AresGlobal.EnhancedTrainingManager", "message": "   step8_tactician_labeling: 15 min (2.3%)", "correlation_id": "-", "session_id": "-", "timestamp": "2025-08-11T08:57:09.971230+00:00"}
{"asctime": "2025-08-11 10:57:09,971", "levelname": "INFO", "name": "AresGlobal.EnhancedTrainingManager", "message": "   step9_tactician_specialist_training: 30 min (4.5%)", "correlation_id": "-", "session_id": "-", "timestamp": "2025-08-11T08:57:09.971311+00:00"}
{"asctime": "2025-08-11 10:57:09,971", "levelname": "INFO", "name": "AresGlobal.EnhancedTrainingManager", "message": "   step10_tactician_ensemble_creation: 35 min (5.3%)", "correlation_id": "-", "session_id": "-", "timestamp": "2025-08-11T08:57:09.971391+00:00"}
{"asctime": "2025-08-11 10:57:09,971", "levelname": "INFO", "name": "AresGlobal.EnhancedTrainingManager", "message": "   step11_confidence_calibration: 10 min (1.5%)", "correlation_id": "-", "session_id": "-", "timestamp": "2025-08-11T08:57:09.971469+00:00"}
{"asctime": "2025-08-11 10:57:09,971", "levelname": "INFO", "name": "AresGlobal.EnhancedTrainingManager", "message": "   step12_final_parameters_optimization: 240 min (36.2%)", "correlation_id": "-", "session_id": "-", "timestamp": "2025-08-11T08:57:09.971545+00:00"}
{"asctime": "2025-08-11 10:57:09,971", "levelname": "INFO", "name": "AresGlobal.EnhancedTrainingManager", "message": "   step13_walk_forward_validation: 60 min (9.0%)", "correlation_id": "-", "session_id": "-", "timestamp": "2025-08-11T08:57:09.971622+00:00"}
{"asctime": "2025-08-11 10:57:09,971", "levelname": "INFO", "name": "AresGlobal.EnhancedTrainingManager", "message": "   step14_monte_carlo_validation: 60 min (9.0%)", "correlation_id": "-", "session_id": "-", "timestamp": "2025-08-11T08:57:09.971699+00:00"}
{"asctime": "2025-08-11 10:57:09,971", "levelname": "INFO", "name": "AresGlobal.EnhancedTrainingManager", "message": "   step15_ab_testing: 30 min (4.5%)", "correlation_id": "-", "session_id": "-", "timestamp": "2025-08-11T08:57:09.971775+00:00"}
{"asctime": "2025-08-11 10:57:09,971", "levelname": "INFO", "name": "AresGlobal.EnhancedTrainingManager", "message": "   step16_saving: 5 min (0.8%)", "correlation_id": "-", "session_id": "-", "timestamp": "2025-08-11T08:57:09.971851+00:00"}
{"asctime": "2025-08-11 10:57:09,971", "levelname": "INFO", "name": "AresGlobal.EnhancedTrainingManager", "message": "ðŸ’¡ Recommendations:", "correlation_id": "-", "session_id": "-", "timestamp": "2025-08-11T08:57:09.971927+00:00"}
{"asctime": "2025-08-11 10:57:09,972", "levelname": "INFO", "name": "AresGlobal.EnhancedTrainingManager", "message": "   âœ… Full training mode should work well on your system", "correlation_id": "-", "session_id": "-", "timestamp": "2025-08-11T08:57:09.972021+00:00"}
{"asctime": "2025-08-11 10:57:09,972", "levelname": "INFO", "name": "AresGlobal.EnhancedTrainingManager", "message": "ðŸš€ Initializing computational optimization components...", "correlation_id": "-", "session_id": "-", "timestamp": "2025-08-11T08:57:09.972109+00:00"}
{"asctime": "2025-08-11 10:57:09,972", "levelname": "INFO", "name": "AresGlobal.ComputationalOptimizationManager", "message": "Computational Optimization Manager initialized", "correlation_id": "-", "session_id": "-", "timestamp": "2025-08-11T08:57:09.972813+00:00"}
{"asctime": "2025-08-11 10:57:09,972", "levelname": "INFO", "name": "AresGlobal.EnhancedTrainingManager", "message": "âœ… Computational optimization components initialized successfully", "correlation_id": "-", "session_id": "-", "timestamp": "2025-08-11T08:57:09.972935+00:00"}
{"asctime": "2025-08-11 10:57:09,973", "levelname": "INFO", "name": "AresGlobal.EnhancedTrainingManager", "message": "âœ… Enhanced Training Manager initialized successfully", "correlation_id": "-", "session_id": "-", "timestamp": "2025-08-11T08:57:09.973034+00:00"}
{"asctime": "2025-08-11 10:57:09,973", "levelname": "INFO", "name": "AresGlobal.StepOrchestrator", "message": "âœ… Enhanced training manager setup successfully", "correlation_id": "-", "session_id": "-", "timestamp": "2025-08-11T08:57:09.973126+00:00"}
{"asctime": "2025-08-11 10:57:09,973", "levelname": "INFO", "name": "AresGlobal.EnhancedTrainingManager", "message": "================================================================================", "correlation_id": "-", "session_id": "-", "timestamp": "2025-08-11T08:57:09.973215+00:00"}
{"asctime": "2025-08-11 10:57:09,973", "levelname": "INFO", "name": "AresGlobal.EnhancedTrainingManager", "message": "ðŸš€ COMPREHENSIVE 16-STEP ENHANCED TRAINING PIPELINE START", "correlation_id": "-", "session_id": "-", "timestamp": "2025-08-11T08:57:09.973295+00:00"}
{"asctime": "2025-08-11 10:57:09,973", "levelname": "INFO", "name": "AresGlobal.EnhancedTrainingManager", "message": "================================================================================", "correlation_id": "-", "session_id": "-", "timestamp": "2025-08-11T08:57:09.973378+00:00"}
{"asctime": "2025-08-11 10:57:09,973", "levelname": "INFO", "name": "AresGlobal.EnhancedTrainingManager", "message": "ðŸ“… Started at: 2025-08-11 10:57:09", "correlation_id": "-", "session_id": "-", "timestamp": "2025-08-11T08:57:09.973467+00:00"}
{"asctime": "2025-08-11 10:57:09,973", "levelname": "INFO", "name": "AresGlobal.EnhancedTrainingManager", "message": "ðŸŽ¯ Symbol: ETHUSDT", "correlation_id": "-", "session_id": "-", "timestamp": "2025-08-11T08:57:09.973554+00:00"}
{"asctime": "2025-08-11 10:57:09,973", "levelname": "INFO", "name": "AresGlobal.EnhancedTrainingManager", "message": "ðŸ¢ Exchange: BINANCE", "correlation_id": "-", "session_id": "-", "timestamp": "2025-08-11T08:57:09.973636+00:00"}
{"asctime": "2025-08-11 10:57:09,973", "levelname": "INFO", "name": "AresGlobal.EnhancedTrainingManager", "message": "ðŸ“Š Training Mode: N/A", "correlation_id": "-", "session_id": "-", "timestamp": "2025-08-11T08:57:09.973718+00:00"}
{"asctime": "2025-08-11 10:57:09,973", "levelname": "INFO", "name": "AresGlobal.EnhancedTrainingManager", "message": "ðŸ“ˆ Lookback Days: 30", "correlation_id": "-", "session_id": "-", "timestamp": "2025-08-11T08:57:09.973798+00:00"}
{"asctime": "2025-08-11 10:57:09,973", "levelname": "INFO", "name": "AresGlobal.EnhancedTrainingManager", "message": "ðŸ”§ Blank Training Mode: False", "correlation_id": "-", "session_id": "-", "timestamp": "2025-08-11T08:57:09.973878+00:00"}
{"asctime": "2025-08-11 10:57:09,973", "levelname": "INFO", "name": "AresGlobal.EnhancedTrainingManager", "message": "ðŸ”§ Max Trials: 200", "correlation_id": "-", "session_id": "-", "timestamp": "2025-08-11T08:57:09.973958+00:00"}
{"asctime": "2025-08-11 10:57:09,974", "levelname": "INFO", "name": "AresGlobal.EnhancedTrainingManager", "message": "ðŸ”§ N Trials: 100", "correlation_id": "-", "session_id": "-", "timestamp": "2025-08-11T08:57:09.974038+00:00"}
{"asctime": "2025-08-11 10:57:09,974", "levelname": "INFO", "name": "AresGlobal.EnhancedTrainingManager", "message": "ðŸš€ Initializing optimized tools...", "correlation_id": "-", "session_id": "-", "timestamp": "2025-08-11T08:57:09.974124+00:00"}
{"asctime": "2025-08-11 10:57:09,974", "levelname": "INFO", "name": "AresGlobal.EnhancedTrainingManagerOptimized", "message": "ðŸš€ Initializing Enhanced Training Manager with Optimizations...", "correlation_id": "-", "session_id": "-", "timestamp": "2025-08-11T08:57:09.974209+00:00"}
{"asctime": "2025-08-11 10:57:09,982", "levelname": "INFO", "name": "AresGlobal.EnhancedTrainingManagerOptimized", "message": "âœ… Parallel backtester initialized with 8 workers", "correlation_id": "-", "session_id": "-", "timestamp": "2025-08-11T08:57:09.982077+00:00"}
{"asctime": "2025-08-11 10:57:09,982", "levelname": "INFO", "name": "AresGlobal.EnhancedTrainingManagerOptimized", "message": "âœ… All optimization components initialized successfully", "correlation_id": "-", "session_id": "-", "timestamp": "2025-08-11T08:57:09.982869+00:00"}
{"asctime": "2025-08-11 10:57:09,983", "levelname": "INFO", "name": "AresGlobal.EnhancedTrainingManager", "message": "   âœ… Optimized training manager initialized", "correlation_id": "-", "session_id": "-", "timestamp": "2025-08-11T08:57:09.983154+00:00"}
{"asctime": "2025-08-11 10:57:09,983", "levelname": "INFO", "name": "AresGlobal.EnhancedTrainingManager", "message": "   âœ… Streaming processor initialized", "correlation_id": "-", "session_id": "-", "timestamp": "2025-08-11T08:57:09.983285+00:00"}
{"asctime": "2025-08-11 10:57:09,983", "levelname": "INFO", "name": "AresGlobal.EnhancedTrainingManager", "message": "   âœ… Parallel backtester initialized with 8 workers", "correlation_id": "-", "session_id": "-", "timestamp": "2025-08-11T08:57:09.983651+00:00"}
{"asctime": "2025-08-11 10:57:09,983", "levelname": "INFO", "name": "AresGlobal.EnhancedTrainingManager", "message": "   âœ… Adaptive sampler initialized", "correlation_id": "-", "session_id": "-", "timestamp": "2025-08-11T08:57:09.983765+00:00"}
{"asctime": "2025-08-11 10:57:09,983", "levelname": "INFO", "name": "AresGlobal.EnhancedTrainingManager", "message": "   âœ… Incremental trainer initialized", "correlation_id": "-", "session_id": "-", "timestamp": "2025-08-11T08:57:09.983862+00:00"}
{"asctime": "2025-08-11 10:57:09,984", "levelname": "INFO", "name": "AresGlobal.EnhancedTrainingManager", "message": "âœ… All optimized tools initialized successfully", "correlation_id": "-", "session_id": "-", "timestamp": "2025-08-11T08:57:09.984052+00:00"}
{"asctime": "2025-08-11 10:57:09,984", "levelname": "INFO", "name": "AresGlobal.EnhancedTrainingManager", "message": "ðŸ“‚ Checkpoint loaded: step3_regime_data_splitting from checkpoints/BINANCE/ETHUSDT/1m/training_progress.json", "correlation_id": "-", "session_id": "-", "timestamp": "2025-08-11T08:57:09.984558+00:00"}
{"asctime": "2025-08-11 10:57:09,984", "levelname": "INFO", "name": "AresGlobal.EnhancedTrainingManager", "message": "ðŸ”„ Resuming from checkpoint...", "correlation_id": "-", "session_id": "-", "timestamp": "2025-08-11T08:57:09.984670+00:00"}
{"asctime": "2025-08-11 10:57:09,984", "levelname": "INFO", "name": "AresGlobal.EnhancedTrainingManager", "message": "ðŸ“‚ Last completed step: step3_regime_data_splitting", "correlation_id": "-", "session_id": "-", "timestamp": "2025-08-11T08:57:09.984764+00:00"}
{"asctime": "2025-08-11 10:57:09,984", "levelname": "INFO", "name": "AresGlobal.EnhancedTrainingManager", "message": "====================================================================================================", "correlation_id": "-", "session_id": "-", "timestamp": "2025-08-11T08:57:09.984851+00:00"}
{"asctime": "2025-08-11 10:57:09,984", "levelname": "INFO", "name": "AresGlobal.EnhancedTrainingManager", "message": "ðŸš€ COMPREHENSIVE TRAINING PIPELINE START", "correlation_id": "-", "session_id": "-", "timestamp": "2025-08-11T08:57:09.984943+00:00"}
{"asctime": "2025-08-11 10:57:09,985", "levelname": "INFO", "name": "AresGlobal.EnhancedTrainingManager", "message": "====================================================================================================", "correlation_id": "-", "session_id": "-", "timestamp": "2025-08-11T08:57:09.985023+00:00"}
{"asctime": "2025-08-11 10:57:09,985", "levelname": "INFO", "name": "AresGlobal.EnhancedTrainingManager", "message": "ðŸ“… Started at: 2025-08-11 10:57:09", "correlation_id": "-", "session_id": "-", "timestamp": "2025-08-11T08:57:09.985116+00:00"}
{"asctime": "2025-08-11 10:57:09,985", "levelname": "INFO", "name": "AresGlobal.EnhancedTrainingManager", "message": "ðŸŽ¯ Symbol: ETHUSDT", "correlation_id": "-", "session_id": "-", "timestamp": "2025-08-11T08:57:09.985212+00:00"}
{"asctime": "2025-08-11 10:57:09,985", "levelname": "INFO", "name": "AresGlobal.EnhancedTrainingManager", "message": "ðŸ¢ Exchange: BINANCE", "correlation_id": "-", "session_id": "-", "timestamp": "2025-08-11T08:57:09.985298+00:00"}
{"asctime": "2025-08-11 10:57:09,985", "levelname": "INFO", "name": "AresGlobal.EnhancedTrainingManager", "message": "ðŸ“Š Timeframe: 1m", "correlation_id": "-", "session_id": "-", "timestamp": "2025-08-11T08:57:09.985379+00:00"}
{"asctime": "2025-08-11 10:57:09,985", "levelname": "INFO", "name": "AresGlobal.EnhancedTrainingManager", "message": "ðŸ§  Training Mode: Full", "correlation_id": "-", "session_id": "-", "timestamp": "2025-08-11T08:57:09.985462+00:00"}
{"asctime": "2025-08-11 10:57:09,985", "levelname": "INFO", "name": "AresGlobal.EnhancedTrainingManager", "message": "ðŸ”§ Max Trials: 200", "correlation_id": "-", "session_id": "-", "timestamp": "2025-08-11T08:57:09.985543+00:00"}
{"asctime": "2025-08-11 10:57:09,985", "levelname": "INFO", "name": "AresGlobal.EnhancedTrainingManager", "message": "ðŸ“ˆ Lookback Days: 30", "correlation_id": "-", "session_id": "-", "timestamp": "2025-08-11T08:57:09.985622+00:00"}
{"asctime": "2025-08-11 10:57:09,985", "levelname": "INFO", "name": "AresGlobal.EnhancedTrainingManager", "message": "ðŸ’¾ Memory Optimization: Enabled", "correlation_id": "-", "session_id": "-", "timestamp": "2025-08-11T08:57:09.985701+00:00"}
{"asctime": "2025-08-11 10:57:09,985", "levelname": "INFO", "name": "AresGlobal.EnhancedTrainingManager", "message": "ðŸš€ Starting from step: step4_analyst_labeling_feature_engineering", "correlation_id": "-", "session_id": "-", "timestamp": "2025-08-11T08:57:09.985780+00:00"}
{"asctime": "2025-08-11 10:57:09,985", "levelname": "INFO", "name": "AresGlobal.EnhancedTrainingManager", "message": "====================================================================================================", "correlation_id": "-", "session_id": "-", "timestamp": "2025-08-11T08:57:09.985860+00:00"}
{"asctime": "2025-08-11 10:57:09,985", "levelname": "INFO", "name": "AresGlobal.EnhancedTrainingManager", "message": "â­ï¸  Skipping Step 1: Data Collection (using pre-consolidated data)", "correlation_id": "-", "session_id": "-", "timestamp": "2025-08-11T08:57:09.985940+00:00"}
{"asctime": "2025-08-11 10:57:09,986", "levelname": "INFO", "name": "AresGlobal.EnhancedTrainingManager", "message": "ðŸŽ­ STEP 2: Market Regime Classification...", "correlation_id": "-", "session_id": "-", "timestamp": "2025-08-11T08:57:09.986033+00:00"}
{"asctime": "2025-08-11 10:57:09,986", "levelname": "INFO", "name": "AresGlobal.EnhancedTrainingManager", "message": "   ðŸ§  Analyzing market regimes and volatility patterns...", "correlation_id": "-", "session_id": "-", "timestamp": "2025-08-11T08:57:09.986118+00:00"}
{"asctime": "2025-08-11 10:57:15,091", "levelname": "INFO", "name": "AresGlobal.EnhancedTrainingManager", "message": "ðŸ” Running validator for step2_market_regime_classification", "correlation_id": "-", "session_id": "-", "timestamp": "2025-08-11T08:57:15.091805+00:00"}
{"asctime": "2025-08-11 10:57:15,091", "levelname": "INFO", "name": "AresGlobal.ValidatorOrchestrator", "message": "ðŸ” Running validator for step2_market_regime_classification", "correlation_id": "-", "session_id": "-", "timestamp": "2025-08-11T08:57:15.091967+00:00"}
{"asctime": "2025-08-11 10:57:15,092", "levelname": "INFO", "name": "AresGlobal.Step2MarketRegimeClassificationValidator", "message": "ðŸ” Validating market regime classification step...", "correlation_id": "-", "session_id": "-", "timestamp": "2025-08-11T08:57:15.092867+00:00"}
{"asctime": "2025-08-11 10:57:15,093", "levelname": "INFO", "name": "AresGlobal.Step2MarketRegimeClassificationValidator", "message": "ðŸ”§ read_parquet start path=data/training/BINANCE_ETHUSDT_regime_classification.parquet columns=regime_columns", "correlation_id": "-", "session_id": "-", "timestamp": "2025-08-11T08:57:15.093270+00:00"}
{"asctime": "2025-08-11 10:57:15,095", "levelname": "INFO", "name": "AresGlobal.Step2MarketRegimeClassificationValidator", "message": "âœ… read_parquet ok path=data/training/BINANCE_ETHUSDT_regime_classification.parquet elapsed=0.003s size=14.5KB", "correlation_id": "-", "session_id": "-", "timestamp": "2025-08-11T08:57:15.095836+00:00"}
{"asctime": "2025-08-11 10:57:15,096", "levelname": "INFO", "name": "AresGlobal.Step2MarketRegimeClassificationValidator", "message": "âœ… Regime distribution validation passed: 2 regimes", "correlation_id": "-", "session_id": "-", "timestamp": "2025-08-11T08:57:15.096268+00:00"}
{"asctime": "2025-08-11 10:57:15,096", "levelname": "INFO", "name": "AresGlobal.Step2MarketRegimeClassificationValidator", "message": "âœ… Regime transitions validation passed: 4 transition types", "correlation_id": "-", "session_id": "-", "timestamp": "2025-08-11T08:57:15.096675+00:00"}
{"asctime": "2025-08-11 10:57:15,096", "levelname": "INFO", "name": "AresGlobal.Step2MarketRegimeClassificationValidator", "message": "âœ… Market regime classification validation passed (critical checks only)", "correlation_id": "-", "session_id": "-", "timestamp": "2025-08-11T08:57:15.096783+00:00"}
{"asctime": "2025-08-11 10:57:15,096", "levelname": "INFO", "name": "AresGlobal.ValidatorOrchestrator", "message": "âœ… Validator for step2_market_regime_classification completed: True", "correlation_id": "-", "session_id": "-", "timestamp": "2025-08-11T08:57:15.096903+00:00"}
{"asctime": "2025-08-11 10:57:15,097", "levelname": "INFO", "name": "AresGlobal.EnhancedTrainingManager", "message": "âœ… step2_market_regime_classification validation passed", "correlation_id": "-", "session_id": "-", "timestamp": "2025-08-11T08:57:15.097080+00:00"}
{"asctime": "2025-08-11 10:57:15,202", "levelname": "INFO", "name": "AresGlobal.EnhancedTrainingManager", "message": "âœ… Step 2: Market Regime Classification: completed successfully in 5.11s", "correlation_id": "-", "session_id": "-", "timestamp": "2025-08-11T08:57:15.202464+00:00"}
{"asctime": "2025-08-11 10:57:15,202", "levelname": "INFO", "name": "AresGlobal.EnhancedTrainingManager", "message": "ðŸ’¾ Process Memory: 409.7 MB | CPU: 0.1%", "correlation_id": "-", "session_id": "-", "timestamp": "2025-08-11T08:57:15.202689+00:00"}
{"asctime": "2025-08-11 10:57:15,202", "levelname": "INFO", "name": "AresGlobal.EnhancedTrainingManager", "message": "ðŸ–¥ï¸ System Memory: 56.4% | Available: 7.0 GB", "correlation_id": "-", "session_id": "-", "timestamp": "2025-08-11T08:57:15.202819+00:00"}
{"asctime": "2025-08-11 10:57:15,202", "levelname": "INFO", "name": "AresGlobal.EnhancedTrainingManager", "message": "ðŸ“Š Progress: 6.2% (1/16)", "correlation_id": "-", "session_id": "-", "timestamp": "2025-08-11T08:57:15.202949+00:00"}
{"asctime": "2025-08-11 10:57:15,203", "levelname": "INFO", "name": "AresGlobal.EnhancedTrainingManager", "message": "ðŸ’¾ Checkpoint saved: step2_market_regime_classification -> checkpoints/BINANCE/ETHUSDT/1m/training_progress.json", "correlation_id": "-", "session_id": "-", "timestamp": "2025-08-11T08:57:15.203994+00:00"}
{"asctime": "2025-08-11 10:57:15,204", "levelname": "INFO", "name": "AresGlobal.EnhancedTrainingManager", "message": "ðŸ“Š STEP 3: Regime Data Splitting...", "correlation_id": "-", "session_id": "-", "timestamp": "2025-08-11T08:57:15.204144+00:00"}
{"asctime": "2025-08-11 10:57:15,204", "levelname": "INFO", "name": "AresGlobal.EnhancedTrainingManager", "message": "   ðŸ“ˆ Splitting data by market regimes for specialized training...", "correlation_id": "-", "session_id": "-", "timestamp": "2025-08-11T08:57:15.204263+00:00"}
{"asctime": "2025-08-11 10:58:02,491", "levelname": "INFO", "name": "AresGlobal.EnhancedTrainingManager", "message": "ðŸ” Running validator for step3_regime_data_splitting", "correlation_id": "-", "session_id": "-", "timestamp": "2025-08-11T08:58:02.491720+00:00"}
{"asctime": "2025-08-11 10:58:02,492", "levelname": "INFO", "name": "AresGlobal.ValidatorOrchestrator", "message": "ðŸ” Running validator for step3_regime_data_splitting", "correlation_id": "-", "session_id": "-", "timestamp": "2025-08-11T08:58:02.492012+00:00"}
{"asctime": "2025-08-11 10:58:02,492", "levelname": "INFO", "name": "AresGlobal.Step3RegimeDataSplittingValidator", "message": "ðŸ”§ BLANK MODE: Using very lenient validation parameters", "correlation_id": "-", "session_id": "-", "timestamp": "2025-08-11T08:58:02.492703+00:00"}
{"asctime": "2025-08-11 10:58:02,492", "levelname": "INFO", "name": "AresGlobal.Step3RegimeDataSplittingValidator", "message": "ðŸ” Validating regime data splitting step...", "correlation_id": "-", "session_id": "-", "timestamp": "2025-08-11T08:58:02.492824+00:00"}
{"asctime": "2025-08-11 10:58:02,492", "levelname": "INFO", "name": "AresGlobal.Step3RegimeDataSplittingValidator", "message": "âœ… All split data files exist", "correlation_id": "-", "session_id": "-", "timestamp": "2025-08-11T08:58:02.492982+00:00"}
{"asctime": "2025-08-11 10:58:02,493", "levelname": "INFO", "name": "AresGlobal.Step3RegimeDataSplittingValidator", "message": "ðŸ”§ read_parquet start path=data/training/BINANCE_ETHUSDT_train_data.parquet columns=regime_columns", "correlation_id": "-", "session_id": "-", "timestamp": "2025-08-11T08:58:02.493410+00:00"}
{"asctime": "2025-08-11 10:58:02,500", "levelname": "INFO", "name": "AresGlobal.Step3RegimeDataSplittingValidator", "message": "âœ… read_parquet ok path=data/training/BINANCE_ETHUSDT_train_data.parquet elapsed=0.008s size=11.3MB", "correlation_id": "-", "session_id": "-", "timestamp": "2025-08-11T08:58:02.500978+00:00"}
{"asctime": "2025-08-11 10:58:02,534", "levelname": "INFO", "name": "AresGlobal.Step3RegimeDataSplittingValidator", "message": "ðŸ§® train_data: rows=179712 cols=3 memory=12.51MB dtypes={'datetime64[ns]': 1, 'object': 1, 'float64': 1}", "correlation_id": "-", "session_id": "-", "timestamp": "2025-08-11T08:58:02.535006+00:00"}
{"asctime": "2025-08-11 10:58:02,544", "levelname": "INFO", "name": "AresGlobal.Step3RegimeDataSplittingValidator", "message": "ðŸ§ª train_data nulls (first 10 cols): {'timestamp': 0, 'regime': 0, 'confidence': 0}", "correlation_id": "-", "session_id": "-", "timestamp": "2025-08-11T08:58:02.544757+00:00"}
{"asctime": "2025-08-11 10:58:02,602", "levelname": "WARNING", "name": "AresGlobal.Step3RegimeDataSplittingValidator", "message": "âš ï¸ train split missing columns: ['open', 'high', 'low', 'close', 'volume'] - continuing with caution in BLANK mode", "correlation_id": "-", "session_id": "-", "timestamp": "2025-08-11T08:58:02.602931+00:00"}
{"asctime": "2025-08-11 10:58:02,603", "levelname": "INFO", "name": "AresGlobal.Step3RegimeDataSplittingValidator", "message": "ðŸ”§ read_parquet start path=data/training/BINANCE_ETHUSDT_validation_data.parquet columns=regime_columns", "correlation_id": "-", "session_id": "-", "timestamp": "2025-08-11T08:58:02.603235+00:00"}
{"asctime": "2025-08-11 10:58:02,606", "levelname": "INFO", "name": "AresGlobal.Step3RegimeDataSplittingValidator", "message": "âœ… read_parquet ok path=data/training/BINANCE_ETHUSDT_validation_data.parquet elapsed=0.004s size=2.6MB", "correlation_id": "-", "session_id": "-", "timestamp": "2025-08-11T08:58:02.606835+00:00"}
{"asctime": "2025-08-11 10:58:02,614", "levelname": "INFO", "name": "AresGlobal.Step3RegimeDataSplittingValidator", "message": "ðŸ§® validation_data: rows=38510 cols=3 memory=2.68MB dtypes={'datetime64[ns]': 1, 'object': 1, 'float64': 1}", "correlation_id": "-", "session_id": "-", "timestamp": "2025-08-11T08:58:02.614684+00:00"}
{"asctime": "2025-08-11 10:58:02,617", "levelname": "INFO", "name": "AresGlobal.Step3RegimeDataSplittingValidator", "message": "ðŸ§ª validation_data nulls (first 10 cols): {'timestamp': 0, 'regime': 0, 'confidence': 0}", "correlation_id": "-", "session_id": "-", "timestamp": "2025-08-11T08:58:02.617502+00:00"}
{"asctime": "2025-08-11 10:58:02,630", "levelname": "WARNING", "name": "AresGlobal.Step3RegimeDataSplittingValidator", "message": "âš ï¸ validation split missing columns: ['open', 'high', 'low', 'close', 'volume'] - continuing with caution in BLANK mode", "correlation_id": "-", "session_id": "-", "timestamp": "2025-08-11T08:58:02.630492+00:00"}
{"asctime": "2025-08-11 10:58:02,630", "levelname": "INFO", "name": "AresGlobal.Step3RegimeDataSplittingValidator", "message": "ðŸ”§ read_parquet start path=data/training/BINANCE_ETHUSDT_test_data.parquet columns=regime_columns", "correlation_id": "-", "session_id": "-", "timestamp": "2025-08-11T08:58:02.630772+00:00"}
{"asctime": "2025-08-11 10:58:02,635", "levelname": "INFO", "name": "AresGlobal.Step3RegimeDataSplittingValidator", "message": "âœ… read_parquet ok path=data/training/BINANCE_ETHUSDT_test_data.parquet elapsed=0.004s size=2.2MB", "correlation_id": "-", "session_id": "-", "timestamp": "2025-08-11T08:58:02.635074+00:00"}
{"asctime": "2025-08-11 10:58:02,643", "levelname": "INFO", "name": "AresGlobal.Step3RegimeDataSplittingValidator", "message": "ðŸ§® test_data: rows=38510 cols=3 memory=2.68MB dtypes={'datetime64[ns]': 1, 'object': 1, 'float64': 1}", "correlation_id": "-", "session_id": "-", "timestamp": "2025-08-11T08:58:02.643204+00:00"}
{"asctime": "2025-08-11 10:58:02,645", "levelname": "INFO", "name": "AresGlobal.Step3RegimeDataSplittingValidator", "message": "ðŸ§ª test_data nulls (first 10 cols): {'timestamp': 0, 'regime': 0, 'confidence': 0}", "correlation_id": "-", "session_id": "-", "timestamp": "2025-08-11T08:58:02.645737+00:00"}
{"asctime": "2025-08-11 10:58:02,659", "levelname": "WARNING", "name": "AresGlobal.Step3RegimeDataSplittingValidator", "message": "âš ï¸ test split missing columns: ['open', 'high', 'low', 'close', 'volume'] - continuing with caution in BLANK mode", "correlation_id": "-", "session_id": "-", "timestamp": "2025-08-11T08:58:02.659087+00:00"}
{"asctime": "2025-08-11 10:58:02,659", "levelname": "INFO", "name": "AresGlobal.Step3RegimeDataSplittingValidator", "message": "âœ… All split data quality validation passed", "correlation_id": "-", "session_id": "-", "timestamp": "2025-08-11T08:58:02.659290+00:00"}
{"asctime": "2025-08-11 10:58:02,660", "levelname": "INFO", "name": "AresGlobal.Step3RegimeDataSplittingValidator", "message": "âœ… train proportion 0.799 within expected range (0.500-0.850)", "correlation_id": "-", "session_id": "-", "timestamp": "2025-08-11T08:58:02.660362+00:00"}
{"asctime": "2025-08-11 10:58:02,660", "levelname": "INFO", "name": "AresGlobal.Step3RegimeDataSplittingValidator", "message": "âœ… validation proportion 0.100 within expected range (0.050-0.250)", "correlation_id": "-", "session_id": "-", "timestamp": "2025-08-11T08:58:02.660481+00:00"}
{"asctime": "2025-08-11 10:58:02,660", "levelname": "INFO", "name": "AresGlobal.Step3RegimeDataSplittingValidator", "message": "âœ… test proportion 0.101 within expected range (0.050-0.250)", "correlation_id": "-", "session_id": "-", "timestamp": "2025-08-11T08:58:02.660597+00:00"}
{"asctime": "2025-08-11 10:58:02,660", "levelname": "INFO", "name": "AresGlobal.Step3RegimeDataSplittingValidator", "message": "âœ… Split proportions validation passed: {'train': 0.7991587802313355, 'validation': 0.09989484752891693, 'test': 0.10094637223974763}", "correlation_id": "-", "session_id": "-", "timestamp": "2025-08-11T08:58:02.660693+00:00"}
{"asctime": "2025-08-11 10:58:02,661", "levelname": "INFO", "name": "AresGlobal.Step3RegimeDataSplittingValidator", "message": "âœ… Split consistency validation passed", "correlation_id": "-", "session_id": "-", "timestamp": "2025-08-11T08:58:02.661930+00:00"}
{"asctime": "2025-08-11 10:58:02,662", "levelname": "INFO", "name": "AresGlobal.Step3RegimeDataSplittingValidator", "message": "âœ… Regime data splitting validation passed (critical checks only)", "correlation_id": "-", "session_id": "-", "timestamp": "2025-08-11T08:58:02.662386+00:00"}
{"asctime": "2025-08-11 10:58:02,662", "levelname": "INFO", "name": "AresGlobal.ValidatorOrchestrator", "message": "âœ… Validator for step3_regime_data_splitting completed: True", "correlation_id": "-", "session_id": "-", "timestamp": "2025-08-11T08:58:02.662500+00:00"}
{"asctime": "2025-08-11 10:58:02,662", "levelname": "INFO", "name": "AresGlobal.EnhancedTrainingManager", "message": "âœ… step3_regime_data_splitting validation passed", "correlation_id": "-", "session_id": "-", "timestamp": "2025-08-11T08:58:02.662648+00:00"}
{"asctime": "2025-08-11 10:58:02,770", "levelname": "INFO", "name": "AresGlobal.EnhancedTrainingManager", "message": "âœ… Step 3: Regime Data Splitting: completed successfully in 47.46s", "correlation_id": "-", "session_id": "-", "timestamp": "2025-08-11T08:58:02.771181+00:00"}
{"asctime": "2025-08-11 10:58:02,778", "levelname": "INFO", "name": "AresGlobal.EnhancedTrainingManager", "message": "ðŸ’¾ Process Memory: 969.6 MB | CPU: 0.1%", "correlation_id": "-", "session_id": "-", "timestamp": "2025-08-11T08:58:02.778949+00:00"}
{"asctime": "2025-08-11 10:58:02,779", "levelname": "INFO", "name": "AresGlobal.EnhancedTrainingManager", "message": "ðŸ–¥ï¸ System Memory: 58.7% | Available: 6.6 GB", "correlation_id": "-", "session_id": "-", "timestamp": "2025-08-11T08:58:02.782144+00:00"}
{"asctime": "2025-08-11 10:58:02,810", "levelname": "INFO", "name": "AresGlobal.EnhancedTrainingManager", "message": "ðŸ“Š Progress: 12.5% (2/16)", "correlation_id": "-", "session_id": "-", "timestamp": "2025-08-11T08:58:02.810650+00:00"}
{"asctime": "2025-08-11 10:58:02,827", "levelname": "INFO", "name": "AresGlobal.EnhancedTrainingManager", "message": "ðŸ’¾ Checkpoint saved: step3_regime_data_splitting -> checkpoints/BINANCE/ETHUSDT/1m/training_progress.json", "correlation_id": "-", "session_id": "-", "timestamp": "2025-08-11T08:58:02.827713+00:00"}
{"asctime": "2025-08-11 10:58:02,828", "levelname": "INFO", "name": "AresGlobal.EnhancedTrainingManager", "message": "ðŸ§  STEP 4: Analyst Labeling & Feature Engineering...", "correlation_id": "-", "session_id": "-", "timestamp": "2025-08-11T08:58:02.828175+00:00"}
{"asctime": "2025-08-11 10:58:03,194", "levelname": "INFO", "name": "AresGlobal.OptimizedTripleBarrierLabeling", "message": "ðŸ”– Triple barrier labeling configured for binary classification (BUY/SELL only)", "correlation_id": "-", "session_id": "-", "timestamp": "2025-08-11T08:58:03.194806+00:00"}
{"asctime": "2025-08-11 10:58:03,195", "levelname": "INFO", "name": "AresGlobal.OptimizedTripleBarrierLabeling", "message": "   â†’ HOLD samples will be automatically filtered out", "correlation_id": "-", "session_id": "-", "timestamp": "2025-08-11T08:58:03.195202+00:00"}
{"asctime": "2025-08-11 10:58:03,195", "levelname": "INFO", "name": "AresGlobal.OptimizedTripleBarrierLabeling", "message": "   â†’ This addresses label imbalance issues", "correlation_id": "-", "session_id": "-", "timestamp": "2025-08-11T08:58:03.195362+00:00"}
{"asctime": "2025-08-11 10:58:06,782", "levelname": "INFO", "name": "AresGlobal.AresLauncher", "message": "ðŸ§¹ Cleaning up processes...", "correlation_id": "-", "session_id": "-", "timestamp": "2025-08-11T08:58:06.782581+00:00"}
{"asctime": "2025-08-11 10:58:06,782", "levelname": "INFO", "name": "AresGlobal.AresLauncher", "message": "âœ… Cleanup completed", "correlation_id": "-", "session_id": "-", "timestamp": "2025-08-11T08:58:06.782686+00:00"}
