{"asctime": "2025-08-10 23:11:35,052", "levelname": "INFO", "name": "AresTradingSystem", "message": "✅ Enhanced Logger initialization completed successfully", "correlation_id": "-", "session_id": "-", "timestamp": "2025-08-10T21:11:35.052503+00:00"}
{"asctime": "2025-08-10 23:11:35,061", "levelname": "INFO", "name": "AresTradingSystem.System", "message": "Environment configuration loaded successfully. Trading Environment: PAPER, Exchange: BINANCE", "correlation_id": "-", "session_id": "-", "timestamp": "2025-08-10T21:11:35.061177+00:00"}
{"asctime": "2025-08-10 23:11:35,401", "levelname": "INFO", "name": "AresTradingSystem", "message": "✅ Enhanced Logger initialization completed successfully", "correlation_id": "-", "session_id": "-", "timestamp": "2025-08-10T21:11:35.401159+00:00"}
{"asctime": "2025-08-10 23:11:35,403", "levelname": "INFO", "name": "AresTradingSystem.System.VectorizedAdvancedFeatureEngineering", "message": "🚀 Initializing vectorized advanced feature engineering...", "correlation_id": "-", "session_id": "-", "timestamp": "2025-08-10T21:11:35.403675+00:00"}
{"asctime": "2025-08-10 23:11:35,404", "levelname": "INFO", "name": "AresTradingSystem.System.WaveletFeatureCache", "message": "✅ Cache directory initialized: data/wavelet_cache", "correlation_id": "-", "session_id": "-", "timestamp": "2025-08-10T21:11:35.404318+00:00"}
{"asctime": "2025-08-10 23:11:35,404", "levelname": "INFO", "name": "AresTradingSystem.System.VectorizedVolatilityRegimeModel", "message": "🚀 Initializing vectorized volatility regime model...", "correlation_id": "-", "session_id": "-", "timestamp": "2025-08-10T21:11:35.404545+00:00"}
{"asctime": "2025-08-10 23:11:35,404", "levelname": "INFO", "name": "AresTradingSystem.System.VectorizedVolatilityRegimeModel", "message": "✅ Vectorized volatility regime model initialized successfully", "correlation_id": "-", "session_id": "-", "timestamp": "2025-08-10T21:11:35.404946+00:00"}
{"asctime": "2025-08-10 23:11:35,408", "levelname": "INFO", "name": "AresTradingSystem.System.VectorizedCorrelationAnalyzer", "message": "🚀 Initializing vectorized correlation analyzer...", "correlation_id": "-", "session_id": "-", "timestamp": "2025-08-10T21:11:35.408723+00:00"}
{"asctime": "2025-08-10 23:11:35,408", "levelname": "INFO", "name": "AresTradingSystem.System.VectorizedCorrelationAnalyzer", "message": "✅ Vectorized correlation analyzer initialized successfully", "correlation_id": "-", "session_id": "-", "timestamp": "2025-08-10T21:11:35.408823+00:00"}
{"asctime": "2025-08-10 23:11:35,408", "levelname": "INFO", "name": "AresTradingSystem.System.VectorizedMomentumAnalyzer", "message": "🚀 Initializing vectorized momentum analyzer...", "correlation_id": "-", "session_id": "-", "timestamp": "2025-08-10T21:11:35.408896+00:00"}
{"asctime": "2025-08-10 23:11:35,408", "levelname": "INFO", "name": "AresTradingSystem.System.VectorizedMomentumAnalyzer", "message": "✅ Vectorized momentum analyzer initialized successfully", "correlation_id": "-", "session_id": "-", "timestamp": "2025-08-10T21:11:35.408957+00:00"}
{"asctime": "2025-08-10 23:11:35,414", "levelname": "INFO", "name": "AresTradingSystem.System.VectorizedLiquidityAnalyzer", "message": "🚀 Initializing vectorized liquidity analyzer...", "correlation_id": "-", "session_id": "-", "timestamp": "2025-08-10T21:11:35.414042+00:00"}
{"asctime": "2025-08-10 23:11:35,414", "levelname": "INFO", "name": "AresTradingSystem.System.VectorizedLiquidityAnalyzer", "message": "✅ Vectorized liquidity analyzer initialized successfully", "correlation_id": "-", "session_id": "-", "timestamp": "2025-08-10T21:11:35.414344+00:00"}
{"asctime": "2025-08-10 23:11:35,414", "levelname": "INFO", "name": "AresTradingSystem.System.VectorizedCandlestickPatternAnalyzer", "message": "🚀 Initializing vectorized candlestick pattern analyzer...", "correlation_id": "-", "session_id": "-", "timestamp": "2025-08-10T21:11:35.414575+00:00"}
{"asctime": "2025-08-10 23:11:35,414", "levelname": "INFO", "name": "AresTradingSystem.System.VectorizedCandlestickPatternAnalyzer", "message": "✅ Vectorized candlestick pattern analyzer initialized successfully", "correlation_id": "-", "session_id": "-", "timestamp": "2025-08-10T21:11:35.414772+00:00"}
{"asctime": "2025-08-10 23:11:35,415", "levelname": "INFO", "name": "AresTradingSystem.System.VectorizedSRDistanceCalculator", "message": "🚀 Initializing vectorized S/R distance calculator...", "correlation_id": "-", "session_id": "-", "timestamp": "2025-08-10T21:11:35.415013+00:00"}
{"asctime": "2025-08-10 23:11:35,416", "levelname": "INFO", "name": "AresTradingSystem.System.VectorizedSRDistanceCalculator", "message": "✅ Vectorized S/R distance calculator initialized successfully", "correlation_id": "-", "session_id": "-", "timestamp": "2025-08-10T21:11:35.416635+00:00"}
{"asctime": "2025-08-10 23:11:35,416", "levelname": "INFO", "name": "AresTradingSystem.System.VectorizedWaveletTransformAnalyzer", "message": "🚀 Initializing enhanced vectorized wavelet transform analyzer...", "correlation_id": "-", "session_id": "-", "timestamp": "2025-08-10T21:11:35.416789+00:00"}
{"asctime": "2025-08-10 23:11:35,416", "levelname": "INFO", "name": "AresTradingSystem.System.VectorizedWaveletTransformAnalyzer", "message": "✅ Enhanced vectorized wavelet transform analyzer initialized successfully", "correlation_id": "-", "session_id": "-", "timestamp": "2025-08-10T21:11:35.416862+00:00"}
{"asctime": "2025-08-10 23:11:35,416", "levelname": "INFO", "name": "AresTradingSystem.System.VectorizedWaveletTransformAnalyzer", "message": "📊 Configuration: padding_mode=symmetric, cwt_scale_method=logarithmic, max_features_per_wavelet=20", "correlation_id": "-", "session_id": "-", "timestamp": "2025-08-10T21:11:35.416926+00:00"}
{"asctime": "2025-08-10 23:11:35,418", "levelname": "INFO", "name": "AresTradingSystem.System.MetaLabelingSystem", "message": "🚀 Initializing meta-labeling system...", "correlation_id": "-", "session_id": "-", "timestamp": "2025-08-10T21:11:35.418169+00:00"}
{"asctime": "2025-08-10 23:11:35,418", "levelname": "INFO", "name": "AresTradingSystem.System.MetaLabelingSystem", "message": "✅ Meta-labeling system initialized successfully", "correlation_id": "-", "session_id": "-", "timestamp": "2025-08-10T21:11:35.418920+00:00"}
{"asctime": "2025-08-10 23:11:35,419", "levelname": "INFO", "name": "AresTradingSystem.System.VectorizedAdvancedFeatureEngineering", "message": "✅ Vectorized advanced feature engineering initialized successfully", "correlation_id": "-", "session_id": "-", "timestamp": "2025-08-10T21:11:35.419197+00:00"}
{"asctime": "2025-08-10 23:11:35,420", "levelname": "WARNING", "name": "AresTradingSystem.System.VectorizedAdvancedFeatureEngineering", "message": "Cannot create OHLCV structure. Available columns: ['close']", "correlation_id": "-", "session_id": "-", "timestamp": "2025-08-10T21:11:35.420809+00:00"}
{"asctime": "2025-08-10 23:11:35,421", "levelname": "INFO", "name": "AresTradingSystem.System.VectorizedAdvancedFeatureEngineering", "message": "🔄 Calculating returns from close prices as basis for all feature engineering...", "correlation_id": "-", "session_id": "-", "timestamp": "2025-08-10T21:11:35.421560+00:00"}
{"asctime": "2025-08-10 23:11:35,422", "levelname": "INFO", "name": "AresTradingSystem.System.VectorizedAdvancedFeatureEngineering", "message": "✅ Returns calculated from close prices. Shape: (10,)", "correlation_id": "-", "session_id": "-", "timestamp": "2025-08-10T21:11:35.422168+00:00"}
{"asctime": "2025-08-10 23:11:35,422", "levelname": "INFO", "name": "AresTradingSystem.System.VectorizedAdvancedFeatureEngineering", "message": "🔄 All feature engineering will now use returns as the primary input", "correlation_id": "-", "session_id": "-", "timestamp": "2025-08-10T21:11:35.422350+00:00"}
{"asctime": "2025-08-10 23:11:35,422", "levelname": "INFO", "name": "AresTradingSystem.System.VectorizedAdvancedFeatureEngineering", "message": "📊 Returns statistics: mean=0.000000, std=0.000000, min=0.000000, max=0.000000", "correlation_id": "-", "session_id": "-", "timestamp": "2025-08-10T21:11:35.422562+00:00"}
{"asctime": "2025-08-10 23:11:35,422", "levelname": "INFO", "name": "AresTradingSystem.System.VectorizedAdvancedFeatureEngineering", "message": "🔄 Using returns series for price impact calculation", "correlation_id": "-", "session_id": "-", "timestamp": "2025-08-10T21:11:35.422684+00:00"}
{"asctime": "2025-08-10 23:11:35,424", "levelname": "INFO", "name": "AresTradingSystem.System.VectorizedAdvancedFeatureEngineering", "message": "✅ Price impact calculated using returns as input", "correlation_id": "-", "session_id": "-", "timestamp": "2025-08-10T21:11:35.424188+00:00"}
{"asctime": "2025-08-10 23:11:35,424", "levelname": "INFO", "name": "AresTradingSystem.System.VectorizedAdvancedFeatureEngineering", "message": "🔄 Using returns series for volume-price impact calculation", "correlation_id": "-", "session_id": "-", "timestamp": "2025-08-10T21:11:35.424391+00:00"}
{"asctime": "2025-08-10 23:11:35,428", "levelname": "INFO", "name": "AresTradingSystem.System.VectorizedAdvancedFeatureEngineering", "message": "✅ Enhanced market depth calculated successfully", "correlation_id": "-", "session_id": "-", "timestamp": "2025-08-10T21:11:35.428568+00:00"}
{"asctime": "2025-08-10 23:11:35,428", "levelname": "INFO", "name": "AresTradingSystem.System.VectorizedAdvancedFeatureEngineering", "message": "🔄 Using returns series for enhanced liquidity score calculation", "correlation_id": "-", "session_id": "-", "timestamp": "2025-08-10T21:11:35.428811+00:00"}
{"asctime": "2025-08-10 23:11:35,431", "levelname": "INFO", "name": "AresTradingSystem.System.VectorizedAdvancedFeatureEngineering", "message": "✅ Enhanced liquidity score calculated successfully using returns as input", "correlation_id": "-", "session_id": "-", "timestamp": "2025-08-10T21:11:35.431376+00:00"}
{"asctime": "2025-08-10 23:11:35,431", "levelname": "INFO", "name": "AresTradingSystem.System.VectorizedVolatilityRegimeModel", "message": "🔄 Using returns series for volatility regime modeling", "correlation_id": "-", "session_id": "-", "timestamp": "2025-08-10T21:11:35.431616+00:00"}
{"asctime": "2025-08-10 23:11:35,431", "levelname": "INFO", "name": "AresTradingSystem.System.VectorizedVolatilityRegimeModel", "message": "🔄 Using returns series for Parkinson volatility calculation", "correlation_id": "-", "session_id": "-", "timestamp": "2025-08-10T21:11:35.431816+00:00"}
{"asctime": "2025-08-10 23:11:35,432", "levelname": "INFO", "name": "AresTradingSystem.System.VectorizedVolatilityRegimeModel", "message": "✅ Parkinson volatility calculated using returns as input", "correlation_id": "-", "session_id": "-", "timestamp": "2025-08-10T21:11:35.432155+00:00"}
{"asctime": "2025-08-10 23:11:35,432", "levelname": "INFO", "name": "AresTradingSystem.System.VectorizedVolatilityRegimeModel", "message": "🔄 Using returns series for Garman-Klass volatility calculation", "correlation_id": "-", "session_id": "-", "timestamp": "2025-08-10T21:11:35.432235+00:00"}
{"asctime": "2025-08-10 23:11:35,432", "levelname": "INFO", "name": "AresTradingSystem.System.VectorizedVolatilityRegimeModel", "message": "✅ Garman-Klass volatility calculated using returns as input", "correlation_id": "-", "session_id": "-", "timestamp": "2025-08-10T21:11:35.432687+00:00"}
{"asctime": "2025-08-10 23:11:35,433", "levelname": "INFO", "name": "AresTradingSystem.System.VectorizedVolatilityRegimeModel", "message": "✅ Volatility regime modeling completed using returns as input", "correlation_id": "-", "session_id": "-", "timestamp": "2025-08-10T21:11:35.433149+00:00"}
{"asctime": "2025-08-10 23:11:35,433", "levelname": "INFO", "name": "AresTradingSystem.System.VectorizedCorrelationAnalyzer", "message": "🔄 Using returns series for correlation analysis", "correlation_id": "-", "session_id": "-", "timestamp": "2025-08-10T21:11:35.433231+00:00"}
{"asctime": "2025-08-10 23:11:35,433", "levelname": "INFO", "name": "AresTradingSystem.System.VectorizedCorrelationAnalyzer", "message": "✅ Correlation analysis completed using returns as input", "correlation_id": "-", "session_id": "-", "timestamp": "2025-08-10T21:11:35.433927+00:00"}
{"asctime": "2025-08-10 23:11:35,434", "levelname": "INFO", "name": "AresTradingSystem.System.VectorizedMomentumAnalyzer", "message": "🔄 Using returns series for momentum analysis", "correlation_id": "-", "session_id": "-", "timestamp": "2025-08-10T21:11:35.434017+00:00"}
{"asctime": "2025-08-10 23:11:35,434", "levelname": "INFO", "name": "AresTradingSystem.System.VectorizedMomentumAnalyzer", "message": "✅ Momentum analysis completed using returns as input", "correlation_id": "-", "session_id": "-", "timestamp": "2025-08-10T21:11:35.434423+00:00"}
{"asctime": "2025-08-10 23:11:35,434", "levelname": "INFO", "name": "AresTradingSystem.System.VectorizedLiquidityAnalyzer", "message": "🔄 Using returns series for liquidity analysis", "correlation_id": "-", "session_id": "-", "timestamp": "2025-08-10T21:11:35.434533+00:00"}
{"asctime": "2025-08-10 23:11:35,434", "levelname": "INFO", "name": "AresTradingSystem.System.VectorizedLiquidityAnalyzer", "message": "✅ Liquidity analysis completed using returns as input", "correlation_id": "-", "session_id": "-", "timestamp": "2025-08-10T21:11:35.434882+00:00"}
{"asctime": "2025-08-10 23:11:35,448", "levelname": "INFO", "name": "AresTradingSystem.System.VectorizedCandlestickPatternAnalyzer", "message": "✅ Analyzed 8 pattern categories using vectorized operations", "correlation_id": "-", "session_id": "-", "timestamp": "2025-08-10T21:11:35.448730+00:00"}
{"asctime": "2025-08-10 23:11:35,448", "levelname": "INFO", "name": "AresTradingSystem.System.VectorizedAdvancedFeatureEngineering", "message": "🧹 Clearing wavelet cache to avoid stale data issues", "correlation_id": "-", "session_id": "-", "timestamp": "2025-08-10T21:11:35.448953+00:00"}
{"asctime": "2025-08-10 23:11:35,449", "levelname": "INFO", "name": "AresTradingSystem.System.WaveletFeatureCache", "message": "Cleared all cache files", "correlation_id": "-", "session_id": "-", "timestamp": "2025-08-10T21:11:35.449916+00:00"}
{"asctime": "2025-08-10 23:11:35,452", "levelname": "INFO", "name": "AresTradingSystem.System.VectorizedAdvancedFeatureEngineering", "message": "🔧 Computing wavelet features (not cached): a3eb1e96a1571370", "correlation_id": "-", "session_id": "-", "timestamp": "2025-08-10T21:11:35.452028+00:00"}
{"asctime": "2025-08-10 23:11:35,452", "levelname": "INFO", "name": "AresTradingSystem.System.VectorizedWaveletTransformAnalyzer", "message": "🔍 Performing enhanced wavelet transform analysis...", "correlation_id": "-", "session_id": "-", "timestamp": "2025-08-10T21:11:35.452194+00:00"}
{"asctime": "2025-08-10 23:11:35,452", "levelname": "INFO", "name": "AresTradingSystem.System.VectorizedWaveletTransformAnalyzer", "message": "🔍 Available columns in price_data: ['returns', 'price', 'close']", "correlation_id": "-", "session_id": "-", "timestamp": "2025-08-10T21:11:35.452273+00:00"}
{"asctime": "2025-08-10 23:11:35,452", "levelname": "INFO", "name": "AresTradingSystem.System.VectorizedWaveletTransformAnalyzer", "message": "🔄 Using returns series as primary input for wavelet analysis", "correlation_id": "-", "session_id": "-", "timestamp": "2025-08-10T21:11:35.452364+00:00"}
{"asctime": "2025-08-10 23:11:35,452", "levelname": "INFO", "name": "AresTradingSystem.System.VectorizedWaveletTransformAnalyzer", "message": "🔍 Performing enhanced discrete wavelet transform analysis...", "correlation_id": "-", "session_id": "-", "timestamp": "2025-08-10T21:11:35.452734+00:00"}
{"asctime": "2025-08-10 23:11:35,452", "levelname": "INFO", "name": "AresTradingSystem.System.VectorizedWaveletTransformAnalyzer", "message": "✅ Generated 0 DWT features", "correlation_id": "-", "session_id": "-", "timestamp": "2025-08-10T21:11:35.452823+00:00"}
{"asctime": "2025-08-10 23:11:35,452", "levelname": "INFO", "name": "AresTradingSystem.System.VectorizedWaveletTransformAnalyzer", "message": "🔍 Performing enhanced continuous wavelet transform analysis...", "correlation_id": "-", "session_id": "-", "timestamp": "2025-08-10T21:11:35.452893+00:00"}
{"asctime": "2025-08-10 23:11:35,452", "levelname": "INFO", "name": "AresTradingSystem.System.VectorizedWaveletTransformAnalyzer", "message": "✅ Generated 0 CWT features", "correlation_id": "-", "session_id": "-", "timestamp": "2025-08-10T21:11:35.452957+00:00"}
{"asctime": "2025-08-10 23:11:35,453", "levelname": "INFO", "name": "AresTradingSystem.System.VectorizedWaveletTransformAnalyzer", "message": "✅ Enhanced wavelet transform analysis completed in 0.00s. Generated 3 features from 3 candidates. Feature selection: variance", "correlation_id": "-", "session_id": "-", "timestamp": "2025-08-10T21:11:35.453320+00:00"}
{"asctime": "2025-08-10 23:11:35,453", "levelname": "INFO", "name": "AresTradingSystem.System.VectorizedWaveletTransformAnalyzer", "message": "📊 Wavelet Analysis Performance Metrics:", "correlation_id": "-", "session_id": "-", "timestamp": "2025-08-10T21:11:35.453403+00:00"}
{"asctime": "2025-08-10 23:11:35,453", "levelname": "INFO", "name": "AresTradingSystem.System.VectorizedWaveletTransformAnalyzer", "message": "  dwt: 0.000s (0 features)", "correlation_id": "-", "session_id": "-", "timestamp": "2025-08-10T21:11:35.453467+00:00"}
{"asctime": "2025-08-10 23:11:35,453", "levelname": "INFO", "name": "AresTradingSystem.System.VectorizedWaveletTransformAnalyzer", "message": "  cwt: 0.000s (0 features)", "correlation_id": "-", "session_id": "-", "timestamp": "2025-08-10T21:11:35.453525+00:00"}
{"asctime": "2025-08-10 23:11:35,453", "levelname": "INFO", "name": "AresTradingSystem.System.VectorizedWaveletTransformAnalyzer", "message": "  packet: 0.000s (0 features)", "correlation_id": "-", "session_id": "-", "timestamp": "2025-08-10T21:11:35.453577+00:00"}
{"asctime": "2025-08-10 23:11:35,453", "levelname": "INFO", "name": "AresTradingSystem.System.VectorizedWaveletTransformAnalyzer", "message": "  denoising: 0.000s (0 features)", "correlation_id": "-", "session_id": "-", "timestamp": "2025-08-10T21:11:35.453628+00:00"}
{"asctime": "2025-08-10 23:11:35,453", "levelname": "INFO", "name": "AresTradingSystem.System.VectorizedWaveletTransformAnalyzer", "message": "  multi_wavelet: 0.000s (0 features)", "correlation_id": "-", "session_id": "-", "timestamp": "2025-08-10T21:11:35.453680+00:00"}
{"asctime": "2025-08-10 23:11:35,453", "levelname": "INFO", "name": "AresTradingSystem.System.VectorizedWaveletTransformAnalyzer", "message": "  volume_wavelet: 0.000s (3 features)", "correlation_id": "-", "session_id": "-", "timestamp": "2025-08-10T21:11:35.453729+00:00"}
{"asctime": "2025-08-10 23:11:35,453", "levelname": "INFO", "name": "AresTradingSystem.System.VectorizedWaveletTransformAnalyzer", "message": "  Total: 0.001s (3 features)", "correlation_id": "-", "session_id": "-", "timestamp": "2025-08-10T21:11:35.453863+00:00"}
{"asctime": "2025-08-10 23:11:35,453", "levelname": "INFO", "name": "AresTradingSystem.System.VectorizedWaveletTransformAnalyzer", "message": "  Performance: 2862.4 features/second", "correlation_id": "-", "session_id": "-", "timestamp": "2025-08-10T21:11:35.453935+00:00"}
{"asctime": "2025-08-10 23:11:36,089", "levelname": "INFO", "name": "AresTradingSystem.System.MemoryEfficientDataManager", "message": "Optimized DataFrame memory usage", "correlation_id": "-", "session_id": "-", "timestamp": "2025-08-10T21:11:36.089283+00:00"}
{"asctime": "2025-08-10 23:11:36,091", "levelname": "INFO", "name": "AresTradingSystem.System.MemoryEfficientDataManager", "message": "Saved DataFrame to Parquet: data/wavelet_cache/features/a3eb1e96a1571370_features.parquet", "correlation_id": "-", "session_id": "-", "timestamp": "2025-08-10T21:11:36.091374+00:00"}
{"asctime": "2025-08-10 23:11:36,091", "levelname": "INFO", "name": "AresTradingSystem.System.WaveletFeatureCache", "message": "✅ Cached 3 wavelet features to data/wavelet_cache/features/a3eb1e96a1571370_features.parquet", "correlation_id": "-", "session_id": "-", "timestamp": "2025-08-10T21:11:36.091704+00:00"}
{"asctime": "2025-08-10 23:11:36,091", "levelname": "INFO", "name": "AresTradingSystem.System.VectorizedAdvancedFeatureEngineering", "message": "💾 Cached wavelet features: a3eb1e96a1571370", "correlation_id": "-", "session_id": "-", "timestamp": "2025-08-10T21:11:36.091797+00:00"}
{"asctime": "2025-08-10 23:11:36,091", "levelname": "INFO", "name": "AresTradingSystem.System.VectorizedAdvancedFeatureEngineering", "message": "🔄 Using returns series for adaptive SMA calculation", "correlation_id": "-", "session_id": "-", "timestamp": "2025-08-10T21:11:36.091886+00:00"}
{"asctime": "2025-08-10 23:11:36,093", "levelname": "INFO", "name": "AresTradingSystem.System.VectorizedAdvancedFeatureEngineering", "message": "✅ Adaptive SMA calculated using returns as input", "correlation_id": "-", "session_id": "-", "timestamp": "2025-08-10T21:11:36.093205+00:00"}
{"asctime": "2025-08-10 23:11:36,093", "levelname": "INFO", "name": "AresTradingSystem.System.VectorizedAdvancedFeatureEngineering", "message": "🔄 Using returns series for adaptive EMA calculation", "correlation_id": "-", "session_id": "-", "timestamp": "2025-08-10T21:11:36.093376+00:00"}
{"asctime": "2025-08-10 23:11:36,094", "levelname": "INFO", "name": "AresTradingSystem.System.VectorizedAdvancedFeatureEngineering", "message": "✅ Adaptive EMA calculated using returns as input", "correlation_id": "-", "session_id": "-", "timestamp": "2025-08-10T21:11:36.094247+00:00"}
{"asctime": "2025-08-10 23:11:36,094", "levelname": "INFO", "name": "AresTradingSystem.System.VectorizedAdvancedFeatureEngineering", "message": "🔄 Using returns series for adaptive ATR calculation", "correlation_id": "-", "session_id": "-", "timestamp": "2025-08-10T21:11:36.094365+00:00"}
{"asctime": "2025-08-10 23:11:36,095", "levelname": "INFO", "name": "AresTradingSystem.System.VectorizedAdvancedFeatureEngineering", "message": "✅ Adaptive ATR calculated using returns as input", "correlation_id": "-", "session_id": "-", "timestamp": "2025-08-10T21:11:36.095362+00:00"}
{"asctime": "2025-08-10 23:11:36,096", "levelname": "INFO", "name": "AresTradingSystem.System.VectorizedAdvancedFeatureEngineering", "message": "✅ Adaptive Bollinger Bands calculated using returns as input", "correlation_id": "-", "session_id": "-", "timestamp": "2025-08-10T21:11:36.096293+00:00"}
{"asctime": "2025-08-10 23:11:36,096", "levelname": "INFO", "name": "AresTradingSystem.System.VectorizedAdvancedFeatureEngineering", "message": "📊 Multi-timeframe analysis: 10 data points available", "correlation_id": "-", "session_id": "-", "timestamp": "2025-08-10T21:11:36.096427+00:00"}
{"asctime": "2025-08-10 23:11:36,096", "levelname": "INFO", "name": "AresTradingSystem.System.VectorizedAdvancedFeatureEngineering", "message": "📊 Multi-timeframe analysis: 10 data points available", "correlation_id": "-", "session_id": "-", "timestamp": "2025-08-10T21:11:36.096496+00:00"}
{"asctime": "2025-08-10 23:11:36,096", "levelname": "INFO", "name": "AresTradingSystem.System.VectorizedAdvancedFeatureEngineering", "message": "🔧 Processing timeframe: 1m", "correlation_id": "-", "session_id": "-", "timestamp": "2025-08-10T21:11:36.096556+00:00"}
{"asctime": "2025-08-10 23:11:36,096", "levelname": "INFO", "name": "AresTradingSystem.System.VectorizedAdvancedFeatureEngineering", "message": "🔄 Using returns series for 1m timeframe features", "correlation_id": "-", "session_id": "-", "timestamp": "2025-08-10T21:11:36.096621+00:00"}
{"asctime": "2025-08-10 23:11:36,096", "levelname": "INFO", "name": "AresTradingSystem.System.VectorizedAdvancedFeatureEngineering", "message": "📊 1m: using rolling window of 20 periods", "correlation_id": "-", "session_id": "-", "timestamp": "2025-08-10T21:11:36.096678+00:00"}
{"asctime": "2025-08-10 23:11:36,097", "levelname": "INFO", "name": "AresTradingSystem.System.VectorizedAdvancedFeatureEngineering", "message": "✅ 1m timeframe features calculated using returns as input", "correlation_id": "-", "session_id": "-", "timestamp": "2025-08-10T21:11:36.097198+00:00"}
{"asctime": "2025-08-10 23:11:36,097", "levelname": "INFO", "name": "AresTradingSystem.System.VectorizedAdvancedFeatureEngineering", "message": "🔧 Processing timeframe: 5m", "correlation_id": "-", "session_id": "-", "timestamp": "2025-08-10T21:11:36.097295+00:00"}
{"asctime": "2025-08-10 23:11:36,097", "levelname": "INFO", "name": "AresTradingSystem.System.VectorizedAdvancedFeatureEngineering", "message": "🔄 Using returns series for 5m timeframe features", "correlation_id": "-", "session_id": "-", "timestamp": "2025-08-10T21:11:36.097374+00:00"}
{"asctime": "2025-08-10 23:11:36,097", "levelname": "INFO", "name": "AresTradingSystem.System.VectorizedAdvancedFeatureEngineering", "message": "📊 5m: using rolling window of 12 periods", "correlation_id": "-", "session_id": "-", "timestamp": "2025-08-10T21:11:36.097431+00:00"}
{"asctime": "2025-08-10 23:11:36,097", "levelname": "INFO", "name": "AresTradingSystem.System.VectorizedAdvancedFeatureEngineering", "message": "✅ 5m timeframe features calculated using returns as input", "correlation_id": "-", "session_id": "-", "timestamp": "2025-08-10T21:11:36.097894+00:00"}
{"asctime": "2025-08-10 23:11:36,097", "levelname": "INFO", "name": "AresTradingSystem.System.VectorizedAdvancedFeatureEngineering", "message": "🔧 Processing timeframe: 15m", "correlation_id": "-", "session_id": "-", "timestamp": "2025-08-10T21:11:36.097969+00:00"}
{"asctime": "2025-08-10 23:11:36,098", "levelname": "INFO", "name": "AresTradingSystem.System.VectorizedAdvancedFeatureEngineering", "message": "🔄 Using returns series for 15m timeframe features", "correlation_id": "-", "session_id": "-", "timestamp": "2025-08-10T21:11:36.098028+00:00"}
{"asctime": "2025-08-10 23:11:36,098", "levelname": "INFO", "name": "AresTradingSystem.System.VectorizedAdvancedFeatureEngineering", "message": "📊 15m: using rolling window of 8 periods", "correlation_id": "-", "session_id": "-", "timestamp": "2025-08-10T21:11:36.098080+00:00"}
{"asctime": "2025-08-10 23:11:36,098", "levelname": "INFO", "name": "AresTradingSystem.System.VectorizedAdvancedFeatureEngineering", "message": "✅ 15m timeframe features calculated using returns as input", "correlation_id": "-", "session_id": "-", "timestamp": "2025-08-10T21:11:36.098573+00:00"}
{"asctime": "2025-08-10 23:11:36,098", "levelname": "INFO", "name": "AresTradingSystem.System.VectorizedAdvancedFeatureEngineering", "message": "🔧 Processing timeframe: 30m", "correlation_id": "-", "session_id": "-", "timestamp": "2025-08-10T21:11:36.098653+00:00"}
{"asctime": "2025-08-10 23:11:36,098", "levelname": "INFO", "name": "AresTradingSystem.System.VectorizedAdvancedFeatureEngineering", "message": "🔄 Using returns series for 30m timeframe features", "correlation_id": "-", "session_id": "-", "timestamp": "2025-08-10T21:11:36.098717+00:00"}
{"asctime": "2025-08-10 23:11:36,098", "levelname": "INFO", "name": "AresTradingSystem.System.VectorizedAdvancedFeatureEngineering", "message": "📊 30m: using rolling window of 4 periods", "correlation_id": "-", "session_id": "-", "timestamp": "2025-08-10T21:11:36.098775+00:00"}
{"asctime": "2025-08-10 23:11:36,099", "levelname": "INFO", "name": "AresTradingSystem.System.VectorizedAdvancedFeatureEngineering", "message": "✅ 30m timeframe features calculated using returns as input", "correlation_id": "-", "session_id": "-", "timestamp": "2025-08-10T21:11:36.099241+00:00"}
{"asctime": "2025-08-10 23:11:36,099", "levelname": "INFO", "name": "AresTradingSystem.System.VectorizedAdvancedFeatureEngineering", "message": "✅ Multi-timeframe features: 16 features generated", "correlation_id": "-", "session_id": "-", "timestamp": "2025-08-10T21:11:36.099368+00:00"}
{"asctime": "2025-08-10 23:11:36,099", "levelname": "INFO", "name": "AresTradingSystem.System.VectorizedAdvancedFeatureEngineering", "message": "🔄 Using returns series for meta labels generation", "correlation_id": "-", "session_id": "-", "timestamp": "2025-08-10T21:11:36.099522+00:00"}
{"asctime": "2025-08-10 23:11:36,100", "levelname": "INFO", "name": "AresTradingSystem.System.VectorizedAdvancedFeatureEngineering", "message": "📊 Generated meta labels (regime features): volatility_regime, volume_regime, trend_regime", "correlation_id": "-", "session_id": "-", "timestamp": "2025-08-10T21:11:36.100467+00:00"}
{"asctime": "2025-08-10 23:11:36,100", "levelname": "INFO", "name": "AresTradingSystem.System.VectorizedAdvancedFeatureEngineering", "message": "📊 These are regime classification features, not prediction targets", "correlation_id": "-", "session_id": "-", "timestamp": "2025-08-10T21:11:36.100584+00:00"}
{"asctime": "2025-08-10 23:11:36,100", "levelname": "INFO", "name": "AresTradingSystem.System.VectorizedAdvancedFeatureEngineering", "message": "✅ Meta labels generated using returns as input", "correlation_id": "-", "session_id": "-", "timestamp": "2025-08-10T21:11:36.100656+00:00"}
{"asctime": "2025-08-10 23:11:36,100", "levelname": "INFO", "name": "AresTradingSystem.System.VectorizedAdvancedFeatureEngineering", "message": "🔧 Generating additional technical indicators for autoencoder...", "correlation_id": "-", "session_id": "-", "timestamp": "2025-08-10T21:11:36.100728+00:00"}
{"asctime": "2025-08-10 23:11:36,103", "levelname": "ERROR", "name": "AresTradingSystem.System.VectorizedAdvancedFeatureEngineering", "message": "Error generating additional technical indicators: 'Rolling' object has no attribute 'abs'", "correlation_id": "-", "session_id": "-", "timestamp": "2025-08-10T21:11:36.103482+00:00"}
{"asctime": "2025-08-10 23:11:36,103", "levelname": "INFO", "name": "AresTradingSystem.System.VectorizedAdvancedFeatureEngineering", "message": "🔧 Performing final comprehensive NaN handling...", "correlation_id": "-", "session_id": "-", "timestamp": "2025-08-10T21:11:36.103654+00:00"}
{"asctime": "2025-08-10 23:11:36,103", "levelname": "INFO", "name": "AresTradingSystem.System.VectorizedAdvancedFeatureEngineering", "message": "🧹 Starting comprehensive NaN cleaning...", "correlation_id": "-", "session_id": "-", "timestamp": "2025-08-10T21:11:36.103732+00:00"}
{"asctime": "2025-08-10 23:11:36,104", "levelname": "INFO", "name": "AresTradingSystem.System.VectorizedAdvancedFeatureEngineering", "message": "🧹 NaN cleaning completed:", "correlation_id": "-", "session_id": "-", "timestamp": "2025-08-10T21:11:36.104219+00:00"}
{"asctime": "2025-08-10 23:11:36,104", "levelname": "INFO", "name": "AresTradingSystem.System.VectorizedAdvancedFeatureEngineering", "message": "   Features with NaN values: 0", "correlation_id": "-", "session_id": "-", "timestamp": "2025-08-10T21:11:36.104302+00:00"}
{"asctime": "2025-08-10 23:11:36,104", "levelname": "INFO", "name": "AresTradingSystem.System.VectorizedAdvancedFeatureEngineering", "message": "   Total NaN values removed: 0", "correlation_id": "-", "session_id": "-", "timestamp": "2025-08-10T21:11:36.104367+00:00"}
{"asctime": "2025-08-10 23:11:36,104", "levelname": "INFO", "name": "AresTradingSystem.System.VectorizedAdvancedFeatureEngineering", "message": "   Features processed: 19", "correlation_id": "-", "session_id": "-", "timestamp": "2025-08-10T21:11:36.104425+00:00"}
{"asctime": "2025-08-10 23:11:36,104", "levelname": "INFO", "name": "AresTradingSystem.System.VectorizedAdvancedFeatureEngineering", "message": "✅ Engineered 19 vectorized advanced features using returns as basis", "correlation_id": "-", "session_id": "-", "timestamp": "2025-08-10T21:11:36.104484+00:00"}
