2025-08-07 22:24:25,041 - AresTradingSystem - INFO - ✅ Enhanced Logger initialization completed successfully
2025-08-07 22:24:25,041 - AresTradingSystem.System.VectorizedLabellingOrchestrator - INFO - 🚀 Initializing vectorized labeling orchestrator...
2025-08-07 22:24:25,043 - AresTradingSystem.System.VectorizedAdvancedFeatureEngineering - INFO - 🚀 Initializing vectorized advanced feature engineering...
2025-08-07 22:24:25,043 - AresTradingSystem.System.WaveletFeatureCache - INFO - ✅ Cache directory initialized: data/wavelet_cache
2025-08-07 22:24:25,043 - AresTradingSystem.System.VectorizedVolatilityRegimeModel - INFO - 🚀 Initializing vectorized volatility regime model...
2025-08-07 22:24:25,043 - AresTradingSystem.System.VectorizedVolatilityRegimeModel - INFO - ✅ Vectorized volatility regime model initialized successfully
2025-08-07 22:24:25,043 - AresTradingSystem.System.VectorizedCorrelationAnalyzer - INFO - 🚀 Initializing vectorized correlation analyzer...
2025-08-07 22:24:25,043 - AresTradingSystem.System.VectorizedCorrelationAnalyzer - INFO - ✅ Vectorized correlation analyzer initialized successfully
2025-08-07 22:24:25,043 - AresTradingSystem.System.VectorizedMomentumAnalyzer - INFO - 🚀 Initializing vectorized momentum analyzer...
2025-08-07 22:24:25,043 - AresTradingSystem.System.VectorizedMomentumAnalyzer - INFO - ✅ Vectorized momentum analyzer initialized successfully
2025-08-07 22:24:25,043 - AresTradingSystem.System.VectorizedLiquidityAnalyzer - INFO - 🚀 Initializing vectorized liquidity analyzer...
2025-08-07 22:24:25,043 - AresTradingSystem.System.VectorizedLiquidityAnalyzer - INFO - ✅ Vectorized liquidity analyzer initialized successfully
2025-08-07 22:24:25,043 - AresTradingSystem.System.VectorizedCandlestickPatternAnalyzer - INFO - 🚀 Initializing vectorized candlestick pattern analyzer...
2025-08-07 22:24:25,043 - AresTradingSystem.System.VectorizedCandlestickPatternAnalyzer - INFO - ✅ Vectorized candlestick pattern analyzer initialized successfully
2025-08-07 22:24:25,043 - AresTradingSystem.System.VectorizedSRDistanceCalculator - INFO - 🚀 Initializing vectorized S/R distance calculator...
2025-08-07 22:24:25,043 - AresTradingSystem.System.VectorizedSRDistanceCalculator - INFO - ✅ Vectorized S/R distance calculator initialized successfully
2025-08-07 22:24:25,043 - AresTradingSystem.System.VectorizedWaveletTransformAnalyzer - INFO - 🚀 Initializing enhanced vectorized wavelet transform analyzer...
2025-08-07 22:24:25,043 - AresTradingSystem.System.VectorizedWaveletTransformAnalyzer - INFO - ✅ Enhanced vectorized wavelet transform analyzer initialized successfully
2025-08-07 22:24:25,043 - AresTradingSystem.System.VectorizedWaveletTransformAnalyzer - INFO - 📊 Configuration: padding_mode=symmetric, cwt_scale_method=logarithmic, max_features_per_wavelet=20
2025-08-07 22:24:25,044 - AresTradingSystem.System.MetaLabelingSystem - INFO - 🚀 Initializing meta-labeling system...
2025-08-07 22:24:25,044 - AresTradingSystem.System.MetaLabelingSystem - INFO - ✅ Meta-labeling system initialized successfully
2025-08-07 22:24:25,044 - AresTradingSystem.System.VectorizedAdvancedFeatureEngineering - INFO - ✅ Vectorized advanced feature engineering initialized successfully
2025-08-07 22:24:28,172 - AresTradingSystem.System.AutoencoderConfig - INFO - Configuration loaded from src/analyst/autoencoder_config.yaml
2025-08-07 22:24:28,173 - AresTradingSystem.System.VectorizedLabellingOrchestrator - INFO - ✅ Vectorized labeling orchestrator initialized successfully
2025-08-07 22:24:28,173 - AresTradingSystem.System.VectorizedLabellingOrchestrator - INFO - 🎯 Starting comprehensive vectorized labeling and feature engineering orchestration...
2025-08-07 22:24:28,173 - AresTradingSystem.System.VectorizedLabellingOrchestrator - INFO - 📊 Performing stationary checks...
2025-08-07 22:24:28,173 - AresTradingSystem.System.VectorizedStationarityChecker - INFO - 🔍 Checking data stationarity...
2025-08-07 22:24:28,174 - AresTradingSystem.System.VectorizedStationarityChecker - INFO - 📈 Transforming price data for stationarity...
2025-08-07 22:24:28,176 - AresTradingSystem.System.VectorizedStationarityChecker - INFO - 📊 Transforming volume data for stationarity...
2025-08-07 22:24:28,176 - AresTradingSystem.System.VectorizedLabellingOrchestrator - INFO - 🔧 Generating advanced features...
2025-08-07 22:24:28,181 - AresTradingSystem.System.VectorizedCandlestickPatternAnalyzer - INFO - ✅ Analyzed 8 pattern categories using vectorized operations
2025-08-07 22:24:28,183 - AresTradingSystem.System.VectorizedAdvancedFeatureEngineering - INFO - 📦 Loading wavelet features from cache: 048e476f9fe83b4a
2025-08-07 22:24:28,275 - AresTradingSystem.System.WaveletFeatureCache - INFO - ✅ Loaded 0 wavelet features from cache: 048e476f9fe83b4a
2025-08-07 22:24:28,278 - AresTradingSystem.System.VectorizedAdvancedFeatureEngineering - ERROR - Error resampling data: Only valid with DatetimeIndex, TimedeltaIndex or PeriodIndex, but got an instance of 'RangeIndex'
2025-08-07 22:24:28,278 - AresTradingSystem.System.VectorizedAdvancedFeatureEngineering - WARNING - Cannot resample data: missing required columns. Available: ['volume', 'volume_log', 'volume_detrended', 'volume_normalized']
2025-08-07 22:24:28,279 - AresTradingSystem.System.VectorizedAdvancedFeatureEngineering - ERROR - Error resampling data: Only valid with DatetimeIndex, TimedeltaIndex or PeriodIndex, but got an instance of 'RangeIndex'
2025-08-07 22:24:28,279 - AresTradingSystem.System.VectorizedAdvancedFeatureEngineering - WARNING - Cannot resample data: missing required columns. Available: ['volume', 'volume_log', 'volume_detrended', 'volume_normalized']
2025-08-07 22:24:28,279 - AresTradingSystem.System.VectorizedAdvancedFeatureEngineering - ERROR - Error resampling data: Only valid with DatetimeIndex, TimedeltaIndex or PeriodIndex, but got an instance of 'RangeIndex'
2025-08-07 22:24:28,280 - AresTradingSystem.System.VectorizedAdvancedFeatureEngineering - WARNING - Cannot resample data: missing required columns. Available: ['volume', 'volume_log', 'volume_detrended', 'volume_normalized']
2025-08-07 22:24:28,280 - AresTradingSystem.System.VectorizedAdvancedFeatureEngineering - ERROR - Error resampling data: Only valid with DatetimeIndex, TimedeltaIndex or PeriodIndex, but got an instance of 'RangeIndex'
2025-08-07 22:24:28,280 - AresTradingSystem.System.VectorizedAdvancedFeatureEngineering - WARNING - Cannot resample data: missing required columns. Available: ['volume', 'volume_log', 'volume_detrended', 'volume_normalized']
2025-08-07 22:24:28,281 - AresTradingSystem.System.VectorizedAdvancedFeatureEngineering - INFO - ✅ Engineered 66 vectorized advanced features including wavelet transforms
2025-08-07 22:24:28,281 - AresTradingSystem.System.VectorizedLabellingOrchestrator - INFO - 🏷️ Applying triple barrier labeling...
2025-08-07 22:24:28,281 - AresTradingSystem.System.VectorizedLabellingOrchestrator - INFO - 🔗 Combining features and labels...
2025-08-07 22:24:28,283 - AresTradingSystem.System.VectorizedLabellingOrchestrator - INFO - 🎯 Performing feature selection...
2025-08-07 22:24:28,283 - AresTradingSystem.System.VectorizedFeatureSelector - INFO - 🎯 Starting feature selection...
2025-08-07 22:24:28,283 - AresTradingSystem.System.VectorizedFeatureSelector - INFO - Handling NaN values in feature selection...
2025-08-07 22:24:28,286 - AresTradingSystem.System.VectorizedFeatureSelector - ERROR - Error in feature selection: Shape of passed values is (5, 72), indices imply (5, 81)
2025-08-07 22:24:28,286 - AresTradingSystem.System.VectorizedLabellingOrchestrator - INFO - 📏 Normalizing data...
2025-08-07 22:24:28,286 - AresTradingSystem.System.VectorizedDataNormalizer - INFO - 📏 Normalizing data...
2025-08-07 22:24:28,329 - AresTradingSystem.System.VectorizedDataNormalizer - INFO - ✅ Data normalization completed
2025-08-07 22:24:28,329 - AresTradingSystem.System.VectorizedLabellingOrchestrator - INFO - 🤖 Generating autoencoder features...
2025-08-07 22:24:28,329 - AresTradingSystem.System.AutoencoderFeatureGenerator - INFO - 🚀 Starting autoencoder feature generation for regime: vectorized_regime
2025-08-07 22:24:28,329 - AresTradingSystem.System.FeatureFilter - INFO - Starting feature filtering with Random Forest + SHAP...
2025-08-07 22:24:28,330 - AresTradingSystem.System.FeatureFilter - WARNING - Insufficient unique labels for classification, skipping filtering.
2025-08-07 22:24:28,330 - AresTradingSystem.System.AutoencoderPreprocessor - INFO - Fitting preprocessor on data with shape (5, 81)
2025-08-07 22:24:28,333 - AresTradingSystem.System.VectorizedLabellingOrchestrator - ERROR - Error in vectorized labeling orchestration: Must specify axis=0 or 1
