{"asctime": "2025-08-10 23:48:14,946", "levelname": "INFO", "name": "AresTradingSystem", "message": "✅ Enhanced Logger initialization completed successfully", "correlation_id": "-", "session_id": "-", "timestamp": "2025-08-10T21:48:14.946556+00:00"}
{"asctime": "2025-08-10 23:48:14,964", "levelname": "INFO", "name": "AresTradingSystem.System.OptimizedTripleBarrierLabeling", "message": "🔖 Triple barrier labeling configured for binary classification (BUY/SELL only)", "correlation_id": "-", "session_id": "-", "timestamp": "2025-08-10T21:48:14.964670+00:00"}
{"asctime": "2025-08-10 23:48:14,969", "levelname": "INFO", "name": "AresTradingSystem.System.OptimizedTripleBarrierLabeling", "message": "   → HOLD samples will be automatically filtered out", "correlation_id": "-", "session_id": "-", "timestamp": "2025-08-10T21:48:14.969576+00:00"}
{"asctime": "2025-08-10 23:48:14,969", "levelname": "INFO", "name": "AresTradingSystem.System.OptimizedTripleBarrierLabeling", "message": "   → This addresses label imbalance issues", "correlation_id": "-", "session_id": "-", "timestamp": "2025-08-10T21:48:14.969903+00:00"}
{"asctime": "2025-08-10 23:48:15,041", "levelname": "INFO", "name": "AresTradingSystem.System.VectorizedAdvancedFeatureEngineering", "message": "🚀 Initializing vectorized advanced feature engineering...", "correlation_id": "-", "session_id": "-", "timestamp": "2025-08-10T21:48:15.041706+00:00"}
{"asctime": "2025-08-10 23:48:15,042", "levelname": "INFO", "name": "AresTradingSystem.System.WaveletFeatureCache", "message": "✅ Cache directory initialized: data/wavelet_cache", "correlation_id": "-", "session_id": "-", "timestamp": "2025-08-10T21:48:15.042034+00:00"}
{"asctime": "2025-08-10 23:48:15,042", "levelname": "INFO", "name": "AresTradingSystem.System.VectorizedVolatilityRegimeModel", "message": "🚀 Initializing vectorized volatility regime model...", "correlation_id": "-", "session_id": "-", "timestamp": "2025-08-10T21:48:15.042211+00:00"}
{"asctime": "2025-08-10 23:48:15,042", "levelname": "INFO", "name": "AresTradingSystem.System.VectorizedVolatilityRegimeModel", "message": "✅ Vectorized volatility regime model initialized successfully", "correlation_id": "-", "session_id": "-", "timestamp": "2025-08-10T21:48:15.042319+00:00"}
{"asctime": "2025-08-10 23:48:15,042", "levelname": "INFO", "name": "AresTradingSystem.System.VectorizedCorrelationAnalyzer", "message": "🚀 Initializing vectorized correlation analyzer...", "correlation_id": "-", "session_id": "-", "timestamp": "2025-08-10T21:48:15.042423+00:00"}
{"asctime": "2025-08-10 23:48:15,042", "levelname": "INFO", "name": "AresTradingSystem.System.VectorizedCorrelationAnalyzer", "message": "✅ Vectorized correlation analyzer initialized successfully", "correlation_id": "-", "session_id": "-", "timestamp": "2025-08-10T21:48:15.042638+00:00"}
{"asctime": "2025-08-10 23:48:15,042", "levelname": "INFO", "name": "AresTradingSystem.System.VectorizedMomentumAnalyzer", "message": "🚀 Initializing vectorized momentum analyzer...", "correlation_id": "-", "session_id": "-", "timestamp": "2025-08-10T21:48:15.042814+00:00"}
{"asctime": "2025-08-10 23:48:15,042", "levelname": "INFO", "name": "AresTradingSystem.System.VectorizedMomentumAnalyzer", "message": "✅ Vectorized momentum analyzer initialized successfully", "correlation_id": "-", "session_id": "-", "timestamp": "2025-08-10T21:48:15.042918+00:00"}
{"asctime": "2025-08-10 23:48:15,043", "levelname": "INFO", "name": "AresTradingSystem.System.VectorizedLiquidityAnalyzer", "message": "🚀 Initializing vectorized liquidity analyzer...", "correlation_id": "-", "session_id": "-", "timestamp": "2025-08-10T21:48:15.043016+00:00"}
{"asctime": "2025-08-10 23:48:15,043", "levelname": "INFO", "name": "AresTradingSystem.System.VectorizedLiquidityAnalyzer", "message": "✅ Vectorized liquidity analyzer initialized successfully", "correlation_id": "-", "session_id": "-", "timestamp": "2025-08-10T21:48:15.043098+00:00"}
{"asctime": "2025-08-10 23:48:15,043", "levelname": "INFO", "name": "AresTradingSystem.System.VectorizedCandlestickPatternAnalyzer", "message": "🚀 Initializing vectorized candlestick pattern analyzer...", "correlation_id": "-", "session_id": "-", "timestamp": "2025-08-10T21:48:15.043188+00:00"}
{"asctime": "2025-08-10 23:48:15,043", "levelname": "INFO", "name": "AresTradingSystem.System.VectorizedCandlestickPatternAnalyzer", "message": "✅ Vectorized candlestick pattern analyzer initialized successfully", "correlation_id": "-", "session_id": "-", "timestamp": "2025-08-10T21:48:15.043300+00:00"}
{"asctime": "2025-08-10 23:48:15,043", "levelname": "INFO", "name": "AresTradingSystem.System.VectorizedSRDistanceCalculator", "message": "🚀 Initializing vectorized S/R distance calculator...", "correlation_id": "-", "session_id": "-", "timestamp": "2025-08-10T21:48:15.043388+00:00"}
{"asctime": "2025-08-10 23:48:15,043", "levelname": "INFO", "name": "AresTradingSystem.System.VectorizedSRDistanceCalculator", "message": "✅ Vectorized S/R distance calculator initialized successfully", "correlation_id": "-", "session_id": "-", "timestamp": "2025-08-10T21:48:15.043463+00:00"}
{"asctime": "2025-08-10 23:48:15,043", "levelname": "INFO", "name": "AresTradingSystem.System.VectorizedWaveletTransformAnalyzer", "message": "🚀 Initializing enhanced vectorized wavelet transform analyzer...", "correlation_id": "-", "session_id": "-", "timestamp": "2025-08-10T21:48:15.043625+00:00"}
{"asctime": "2025-08-10 23:48:15,043", "levelname": "INFO", "name": "AresTradingSystem.System.VectorizedWaveletTransformAnalyzer", "message": "✅ Enhanced vectorized wavelet transform analyzer initialized successfully", "correlation_id": "-", "session_id": "-", "timestamp": "2025-08-10T21:48:15.043742+00:00"}
{"asctime": "2025-08-10 23:48:15,043", "levelname": "INFO", "name": "AresTradingSystem.System.VectorizedWaveletTransformAnalyzer", "message": "📊 Configuration: padding_mode=symmetric, cwt_scale_method=logarithmic, max_features_per_wavelet=20", "correlation_id": "-", "session_id": "-", "timestamp": "2025-08-10T21:48:15.043842+00:00"}
{"asctime": "2025-08-10 23:48:15,045", "levelname": "INFO", "name": "AresTradingSystem.System.MetaLabelingSystem", "message": "🚀 Initializing meta-labeling system...", "correlation_id": "-", "session_id": "-", "timestamp": "2025-08-10T21:48:15.045206+00:00"}
{"asctime": "2025-08-10 23:48:15,045", "levelname": "INFO", "name": "AresTradingSystem.System.MetaLabelingSystem", "message": "✅ Meta-labeling system initialized successfully", "correlation_id": "-", "session_id": "-", "timestamp": "2025-08-10T21:48:15.045334+00:00"}
{"asctime": "2025-08-10 23:48:15,045", "levelname": "INFO", "name": "AresTradingSystem.System.VectorizedAdvancedFeatureEngineering", "message": "✅ Vectorized advanced feature engineering initialized successfully", "correlation_id": "-", "session_id": "-", "timestamp": "2025-08-10T21:48:15.045687+00:00"}
