{"asctime": "2025-08-10 23:22:42,468", "levelname": "INFO", "name": "AresTradingSystem", "message": "✅ Enhanced Logger initialization completed successfully", "correlation_id": "-", "session_id": "-", "timestamp": "2025-08-10T21:22:42.468776+00:00"}
{"asctime": "2025-08-10 23:22:42,470", "levelname": "INFO", "name": "AresTradingSystem.System.VectorizedAdvancedFeatureEngineering", "message": "🚀 Initializing vectorized advanced feature engineering...", "correlation_id": "-", "session_id": "-", "timestamp": "2025-08-10T21:22:42.470893+00:00"}
{"asctime": "2025-08-10 23:22:42,471", "levelname": "INFO", "name": "AresTradingSystem.System.WaveletFeatureCache", "message": "✅ Cache directory initialized: data/wavelet_cache", "correlation_id": "-", "session_id": "-", "timestamp": "2025-08-10T21:22:42.471251+00:00"}
{"asctime": "2025-08-10 23:22:42,471", "levelname": "INFO", "name": "AresTradingSystem.System.VectorizedVolatilityRegimeModel", "message": "🚀 Initializing vectorized volatility regime model...", "correlation_id": "-", "session_id": "-", "timestamp": "2025-08-10T21:22:42.471440+00:00"}
{"asctime": "2025-08-10 23:22:42,471", "levelname": "INFO", "name": "AresTradingSystem.System.VectorizedVolatilityRegimeModel", "message": "✅ Vectorized volatility regime model initialized successfully", "correlation_id": "-", "session_id": "-", "timestamp": "2025-08-10T21:22:42.471559+00:00"}
{"asctime": "2025-08-10 23:22:42,471", "levelname": "INFO", "name": "AresTradingSystem.System.VectorizedCorrelationAnalyzer", "message": "🚀 Initializing vectorized correlation analyzer...", "correlation_id": "-", "session_id": "-", "timestamp": "2025-08-10T21:22:42.471711+00:00"}
{"asctime": "2025-08-10 23:22:42,471", "levelname": "INFO", "name": "AresTradingSystem.System.VectorizedCorrelationAnalyzer", "message": "✅ Vectorized correlation analyzer initialized successfully", "correlation_id": "-", "session_id": "-", "timestamp": "2025-08-10T21:22:42.471795+00:00"}
{"asctime": "2025-08-10 23:22:42,471", "levelname": "INFO", "name": "AresTradingSystem.System.VectorizedMomentumAnalyzer", "message": "🚀 Initializing vectorized momentum analyzer...", "correlation_id": "-", "session_id": "-", "timestamp": "2025-08-10T21:22:42.471875+00:00"}
{"asctime": "2025-08-10 23:22:42,471", "levelname": "INFO", "name": "AresTradingSystem.System.VectorizedMomentumAnalyzer", "message": "✅ Vectorized momentum analyzer initialized successfully", "correlation_id": "-", "session_id": "-", "timestamp": "2025-08-10T21:22:42.471967+00:00"}
{"asctime": "2025-08-10 23:22:42,472", "levelname": "INFO", "name": "AresTradingSystem.System.VectorizedLiquidityAnalyzer", "message": "🚀 Initializing vectorized liquidity analyzer...", "correlation_id": "-", "session_id": "-", "timestamp": "2025-08-10T21:22:42.472089+00:00"}
{"asctime": "2025-08-10 23:22:42,472", "levelname": "INFO", "name": "AresTradingSystem.System.VectorizedLiquidityAnalyzer", "message": "✅ Vectorized liquidity analyzer initialized successfully", "correlation_id": "-", "session_id": "-", "timestamp": "2025-08-10T21:22:42.472189+00:00"}
{"asctime": "2025-08-10 23:22:42,472", "levelname": "INFO", "name": "AresTradingSystem.System.VectorizedCandlestickPatternAnalyzer", "message": "🚀 Initializing vectorized candlestick pattern analyzer...", "correlation_id": "-", "session_id": "-", "timestamp": "2025-08-10T21:22:42.472565+00:00"}
{"asctime": "2025-08-10 23:22:42,472", "levelname": "INFO", "name": "AresTradingSystem.System.VectorizedCandlestickPatternAnalyzer", "message": "✅ Vectorized candlestick pattern analyzer initialized successfully", "correlation_id": "-", "session_id": "-", "timestamp": "2025-08-10T21:22:42.472811+00:00"}
{"asctime": "2025-08-10 23:22:42,472", "levelname": "INFO", "name": "AresTradingSystem.System.VectorizedSRDistanceCalculator", "message": "🚀 Initializing vectorized S/R distance calculator...", "correlation_id": "-", "session_id": "-", "timestamp": "2025-08-10T21:22:42.472900+00:00"}
{"asctime": "2025-08-10 23:22:42,472", "levelname": "INFO", "name": "AresTradingSystem.System.VectorizedSRDistanceCalculator", "message": "✅ Vectorized S/R distance calculator initialized successfully", "correlation_id": "-", "session_id": "-", "timestamp": "2025-08-10T21:22:42.472963+00:00"}
{"asctime": "2025-08-10 23:22:42,473", "levelname": "INFO", "name": "AresTradingSystem.System.VectorizedWaveletTransformAnalyzer", "message": "🚀 Initializing enhanced vectorized wavelet transform analyzer...", "correlation_id": "-", "session_id": "-", "timestamp": "2025-08-10T21:22:42.473079+00:00"}
{"asctime": "2025-08-10 23:22:42,473", "levelname": "INFO", "name": "AresTradingSystem.System.VectorizedWaveletTransformAnalyzer", "message": "✅ Enhanced vectorized wavelet transform analyzer initialized successfully", "correlation_id": "-", "session_id": "-", "timestamp": "2025-08-10T21:22:42.473223+00:00"}
{"asctime": "2025-08-10 23:22:42,473", "levelname": "INFO", "name": "AresTradingSystem.System.VectorizedWaveletTransformAnalyzer", "message": "📊 Configuration: padding_mode=symmetric, cwt_scale_method=logarithmic, max_features_per_wavelet=20", "correlation_id": "-", "session_id": "-", "timestamp": "2025-08-10T21:22:42.473378+00:00"}
{"asctime": "2025-08-10 23:22:42,476", "levelname": "INFO", "name": "AresTradingSystem.System.MetaLabelingSystem", "message": "🚀 Initializing meta-labeling system...", "correlation_id": "-", "session_id": "-", "timestamp": "2025-08-10T21:22:42.476067+00:00"}
{"asctime": "2025-08-10 23:22:42,476", "levelname": "INFO", "name": "AresTradingSystem.System.MetaLabelingSystem", "message": "✅ Meta-labeling system initialized successfully", "correlation_id": "-", "session_id": "-", "timestamp": "2025-08-10T21:22:42.476206+00:00"}
{"asctime": "2025-08-10 23:22:42,476", "levelname": "INFO", "name": "AresTradingSystem.System.VectorizedAdvancedFeatureEngineering", "message": "✅ Vectorized advanced feature engineering initialized successfully", "correlation_id": "-", "session_id": "-", "timestamp": "2025-08-10T21:22:42.476296+00:00"}
{"asctime": "2025-08-10 23:22:42,480", "levelname": "WARNING", "name": "AresTradingSystem.System.VectorizedAdvancedFeatureEngineering", "message": "Cannot create OHLCV structure. Available columns: ['close']", "correlation_id": "-", "session_id": "-", "timestamp": "2025-08-10T21:22:42.480136+00:00"}
{"asctime": "2025-08-10 23:22:42,481", "levelname": "INFO", "name": "AresTradingSystem.System.VectorizedAdvancedFeatureEngineering", "message": "🔄 Calculating returns from close prices as basis for all feature engineering...", "correlation_id": "-", "session_id": "-", "timestamp": "2025-08-10T21:22:42.481832+00:00"}
{"asctime": "2025-08-10 23:22:42,483", "levelname": "INFO", "name": "AresTradingSystem.System.VectorizedAdvancedFeatureEngineering", "message": "✅ Returns calculated from close prices. Shape: (10,)", "correlation_id": "-", "session_id": "-", "timestamp": "2025-08-10T21:22:42.483408+00:00"}
{"asctime": "2025-08-10 23:22:42,483", "levelname": "INFO", "name": "AresTradingSystem.System.VectorizedAdvancedFeatureEngineering", "message": "🔄 All feature engineering will now use returns as the primary input", "correlation_id": "-", "session_id": "-", "timestamp": "2025-08-10T21:22:42.483702+00:00"}
{"asctime": "2025-08-10 23:22:42,484", "levelname": "INFO", "name": "AresTradingSystem.System.VectorizedAdvancedFeatureEngineering", "message": "📊 Returns statistics: mean=0.000000, std=0.000000, min=0.000000, max=0.000000", "correlation_id": "-", "session_id": "-", "timestamp": "2025-08-10T21:22:42.484648+00:00"}
{"asctime": "2025-08-10 23:22:42,484", "levelname": "INFO", "name": "AresTradingSystem.System.VectorizedAdvancedFeatureEngineering", "message": "🔄 Using returns series for price impact calculation", "correlation_id": "-", "session_id": "-", "timestamp": "2025-08-10T21:22:42.484879+00:00"}
{"asctime": "2025-08-10 23:22:42,486", "levelname": "INFO", "name": "AresTradingSystem.System.VectorizedAdvancedFeatureEngineering", "message": "✅ Price impact calculated using returns as input", "correlation_id": "-", "session_id": "-", "timestamp": "2025-08-10T21:22:42.486129+00:00"}
{"asctime": "2025-08-10 23:22:42,486", "levelname": "INFO", "name": "AresTradingSystem.System.VectorizedAdvancedFeatureEngineering", "message": "🔄 Using returns series for volume-price impact calculation", "correlation_id": "-", "session_id": "-", "timestamp": "2025-08-10T21:22:42.486353+00:00"}
{"asctime": "2025-08-10 23:22:42,494", "levelname": "INFO", "name": "AresTradingSystem.System.VectorizedAdvancedFeatureEngineering", "message": "✅ Enhanced market depth calculated successfully", "correlation_id": "-", "session_id": "-", "timestamp": "2025-08-10T21:22:42.494234+00:00"}
{"asctime": "2025-08-10 23:22:42,494", "levelname": "INFO", "name": "AresTradingSystem.System.VectorizedAdvancedFeatureEngineering", "message": "🔄 Using returns series for enhanced liquidity score calculation", "correlation_id": "-", "session_id": "-", "timestamp": "2025-08-10T21:22:42.494766+00:00"}
{"asctime": "2025-08-10 23:22:42,497", "levelname": "INFO", "name": "AresTradingSystem.System.VectorizedAdvancedFeatureEngineering", "message": "✅ Enhanced liquidity score calculated successfully using returns as input", "correlation_id": "-", "session_id": "-", "timestamp": "2025-08-10T21:22:42.497578+00:00"}
{"asctime": "2025-08-10 23:22:42,497", "levelname": "INFO", "name": "AresTradingSystem.System.VectorizedVolatilityRegimeModel", "message": "🔄 Using returns series for volatility regime modeling", "correlation_id": "-", "session_id": "-", "timestamp": "2025-08-10T21:22:42.497948+00:00"}
{"asctime": "2025-08-10 23:22:42,498", "levelname": "INFO", "name": "AresTradingSystem.System.VectorizedVolatilityRegimeModel", "message": "🔄 Using returns series for Parkinson volatility calculation", "correlation_id": "-", "session_id": "-", "timestamp": "2025-08-10T21:22:42.498223+00:00"}
{"asctime": "2025-08-10 23:22:42,498", "levelname": "INFO", "name": "AresTradingSystem.System.VectorizedVolatilityRegimeModel", "message": "✅ Parkinson volatility calculated using returns as input", "correlation_id": "-", "session_id": "-", "timestamp": "2025-08-10T21:22:42.498775+00:00"}
{"asctime": "2025-08-10 23:22:42,498", "levelname": "INFO", "name": "AresTradingSystem.System.VectorizedVolatilityRegimeModel", "message": "🔄 Using returns series for Garman-Klass volatility calculation", "correlation_id": "-", "session_id": "-", "timestamp": "2025-08-10T21:22:42.498992+00:00"}
{"asctime": "2025-08-10 23:22:42,499", "levelname": "INFO", "name": "AresTradingSystem.System.VectorizedVolatilityRegimeModel", "message": "✅ Garman-Klass volatility calculated using returns as input", "correlation_id": "-", "session_id": "-", "timestamp": "2025-08-10T21:22:42.499735+00:00"}
{"asctime": "2025-08-10 23:22:42,500", "levelname": "INFO", "name": "AresTradingSystem.System.VectorizedVolatilityRegimeModel", "message": "✅ Volatility regime modeling completed using returns as input", "correlation_id": "-", "session_id": "-", "timestamp": "2025-08-10T21:22:42.500477+00:00"}
{"asctime": "2025-08-10 23:22:42,500", "levelname": "INFO", "name": "AresTradingSystem.System.VectorizedCorrelationAnalyzer", "message": "🔄 Using returns series for correlation analysis", "correlation_id": "-", "session_id": "-", "timestamp": "2025-08-10T21:22:42.500625+00:00"}
{"asctime": "2025-08-10 23:22:42,501", "levelname": "INFO", "name": "AresTradingSystem.System.VectorizedCorrelationAnalyzer", "message": "✅ Correlation analysis completed using returns as input", "correlation_id": "-", "session_id": "-", "timestamp": "2025-08-10T21:22:42.501628+00:00"}
{"asctime": "2025-08-10 23:22:42,501", "levelname": "INFO", "name": "AresTradingSystem.System.VectorizedMomentumAnalyzer", "message": "🔄 Using returns series for momentum analysis", "correlation_id": "-", "session_id": "-", "timestamp": "2025-08-10T21:22:42.501774+00:00"}
{"asctime": "2025-08-10 23:22:42,502", "levelname": "INFO", "name": "AresTradingSystem.System.VectorizedMomentumAnalyzer", "message": "✅ Momentum analysis completed using returns as input", "correlation_id": "-", "session_id": "-", "timestamp": "2025-08-10T21:22:42.502261+00:00"}
{"asctime": "2025-08-10 23:22:42,502", "levelname": "INFO", "name": "AresTradingSystem.System.VectorizedLiquidityAnalyzer", "message": "🔄 Using returns series for liquidity analysis", "correlation_id": "-", "session_id": "-", "timestamp": "2025-08-10T21:22:42.502441+00:00"}
{"asctime": "2025-08-10 23:22:42,502", "levelname": "INFO", "name": "AresTradingSystem.System.VectorizedLiquidityAnalyzer", "message": "✅ Liquidity analysis completed using returns as input", "correlation_id": "-", "session_id": "-", "timestamp": "2025-08-10T21:22:42.502991+00:00"}
{"asctime": "2025-08-10 23:22:42,530", "levelname": "INFO", "name": "AresTradingSystem.System.VectorizedCandlestickPatternAnalyzer", "message": "✅ Analyzed 8 pattern categories using vectorized operations", "correlation_id": "-", "session_id": "-", "timestamp": "2025-08-10T21:22:42.530987+00:00"}
{"asctime": "2025-08-10 23:22:42,531", "levelname": "INFO", "name": "AresTradingSystem.System.VectorizedAdvancedFeatureEngineering", "message": "🧹 Clearing wavelet cache to avoid stale data issues", "correlation_id": "-", "session_id": "-", "timestamp": "2025-08-10T21:22:42.531793+00:00"}
{"asctime": "2025-08-10 23:22:42,534", "levelname": "INFO", "name": "AresTradingSystem.System.WaveletFeatureCache", "message": "Cleared all cache files", "correlation_id": "-", "session_id": "-", "timestamp": "2025-08-10T21:22:42.534358+00:00"}
{"asctime": "2025-08-10 23:22:42,542", "levelname": "INFO", "name": "AresTradingSystem.System.VectorizedAdvancedFeatureEngineering", "message": "🔧 Computing wavelet features (not cached): a3eb1e96a1571370", "correlation_id": "-", "session_id": "-", "timestamp": "2025-08-10T21:22:42.542693+00:00"}
{"asctime": "2025-08-10 23:22:42,543", "levelname": "INFO", "name": "AresTradingSystem.System.VectorizedWaveletTransformAnalyzer", "message": "🔍 Performing enhanced wavelet transform analysis...", "correlation_id": "-", "session_id": "-", "timestamp": "2025-08-10T21:22:42.543593+00:00"}
{"asctime": "2025-08-10 23:22:42,544", "levelname": "INFO", "name": "AresTradingSystem.System.VectorizedWaveletTransformAnalyzer", "message": "🔍 Available columns in price_data: ['returns', 'price', 'close']", "correlation_id": "-", "session_id": "-", "timestamp": "2025-08-10T21:22:42.544136+00:00"}
{"asctime": "2025-08-10 23:22:42,544", "levelname": "INFO", "name": "AresTradingSystem.System.VectorizedWaveletTransformAnalyzer", "message": "🔄 Using returns series as primary input for wavelet analysis", "correlation_id": "-", "session_id": "-", "timestamp": "2025-08-10T21:22:42.544390+00:00"}
{"asctime": "2025-08-10 23:22:42,545", "levelname": "INFO", "name": "AresTradingSystem.System.VectorizedWaveletTransformAnalyzer", "message": "🔍 Performing enhanced discrete wavelet transform analysis...", "correlation_id": "-", "session_id": "-", "timestamp": "2025-08-10T21:22:42.545378+00:00"}
{"asctime": "2025-08-10 23:22:42,545", "levelname": "INFO", "name": "AresTradingSystem.System.VectorizedWaveletTransformAnalyzer", "message": "✅ Generated 0 DWT features", "correlation_id": "-", "session_id": "-", "timestamp": "2025-08-10T21:22:42.545484+00:00"}
{"asctime": "2025-08-10 23:22:42,545", "levelname": "INFO", "name": "AresTradingSystem.System.VectorizedWaveletTransformAnalyzer", "message": "🔍 Performing enhanced continuous wavelet transform analysis...", "correlation_id": "-", "session_id": "-", "timestamp": "2025-08-10T21:22:42.545643+00:00"}
{"asctime": "2025-08-10 23:22:42,546", "levelname": "INFO", "name": "AresTradingSystem.System.VectorizedWaveletTransformAnalyzer", "message": "✅ Generated 0 CWT features", "correlation_id": "-", "session_id": "-", "timestamp": "2025-08-10T21:22:42.546020+00:00"}
{"asctime": "2025-08-10 23:22:42,547", "levelname": "INFO", "name": "AresTradingSystem.System.VectorizedWaveletTransformAnalyzer", "message": "✅ Enhanced wavelet transform analysis completed in 0.00s. Generated 3 features from 3 candidates. Feature selection: variance", "correlation_id": "-", "session_id": "-", "timestamp": "2025-08-10T21:22:42.547130+00:00"}
{"asctime": "2025-08-10 23:22:42,547", "levelname": "INFO", "name": "AresTradingSystem.System.VectorizedWaveletTransformAnalyzer", "message": "📊 Wavelet Analysis Performance Metrics:", "correlation_id": "-", "session_id": "-", "timestamp": "2025-08-10T21:22:42.547534+00:00"}
{"asctime": "2025-08-10 23:22:42,547", "levelname": "INFO", "name": "AresTradingSystem.System.VectorizedWaveletTransformAnalyzer", "message": "  dwt: 0.000s (0 features)", "correlation_id": "-", "session_id": "-", "timestamp": "2025-08-10T21:22:42.547976+00:00"}
{"asctime": "2025-08-10 23:22:42,548", "levelname": "INFO", "name": "AresTradingSystem.System.VectorizedWaveletTransformAnalyzer", "message": "  cwt: 0.001s (0 features)", "correlation_id": "-", "session_id": "-", "timestamp": "2025-08-10T21:22:42.548260+00:00"}
{"asctime": "2025-08-10 23:22:42,548", "levelname": "INFO", "name": "AresTradingSystem.System.VectorizedWaveletTransformAnalyzer", "message": "  packet: 0.000s (0 features)", "correlation_id": "-", "session_id": "-", "timestamp": "2025-08-10T21:22:42.548474+00:00"}
{"asctime": "2025-08-10 23:22:42,548", "levelname": "INFO", "name": "AresTradingSystem.System.VectorizedWaveletTransformAnalyzer", "message": "  denoising: 0.000s (0 features)", "correlation_id": "-", "session_id": "-", "timestamp": "2025-08-10T21:22:42.548856+00:00"}
{"asctime": "2025-08-10 23:22:42,549", "levelname": "INFO", "name": "AresTradingSystem.System.VectorizedWaveletTransformAnalyzer", "message": "  multi_wavelet: 0.000s (0 features)", "correlation_id": "-", "session_id": "-", "timestamp": "2025-08-10T21:22:42.549171+00:00"}
{"asctime": "2025-08-10 23:22:42,549", "levelname": "INFO", "name": "AresTradingSystem.System.VectorizedWaveletTransformAnalyzer", "message": "  volume_wavelet: 0.001s (3 features)", "correlation_id": "-", "session_id": "-", "timestamp": "2025-08-10T21:22:42.549417+00:00"}
{"asctime": "2025-08-10 23:22:42,549", "levelname": "INFO", "name": "AresTradingSystem.System.VectorizedWaveletTransformAnalyzer", "message": "  Total: 0.003s (3 features)", "correlation_id": "-", "session_id": "-", "timestamp": "2025-08-10T21:22:42.549518+00:00"}
{"asctime": "2025-08-10 23:22:42,549", "levelname": "INFO", "name": "AresTradingSystem.System.VectorizedWaveletTransformAnalyzer", "message": "  Performance: 1009.5 features/second", "correlation_id": "-", "session_id": "-", "timestamp": "2025-08-10T21:22:42.549848+00:00"}
{"asctime": "2025-08-10 23:22:44,667", "levelname": "INFO", "name": "AresTradingSystem.System.MemoryEfficientDataManager", "message": "Optimized DataFrame memory usage", "correlation_id": "-", "session_id": "-", "timestamp": "2025-08-10T21:22:44.667127+00:00"}
{"asctime": "2025-08-10 23:22:44,673", "levelname": "INFO", "name": "AresTradingSystem.System.MemoryEfficientDataManager", "message": "Saved DataFrame to Parquet: data/wavelet_cache/features/a3eb1e96a1571370_features.parquet", "correlation_id": "-", "session_id": "-", "timestamp": "2025-08-10T21:22:44.673279+00:00"}
{"asctime": "2025-08-10 23:22:44,674", "levelname": "INFO", "name": "AresTradingSystem.System.WaveletFeatureCache", "message": "✅ Cached 3 wavelet features to data/wavelet_cache/features/a3eb1e96a1571370_features.parquet", "correlation_id": "-", "session_id": "-", "timestamp": "2025-08-10T21:22:44.674421+00:00"}
{"asctime": "2025-08-10 23:22:44,674", "levelname": "INFO", "name": "AresTradingSystem.System.VectorizedAdvancedFeatureEngineering", "message": "💾 Cached wavelet features: a3eb1e96a1571370", "correlation_id": "-", "session_id": "-", "timestamp": "2025-08-10T21:22:44.674816+00:00"}
{"asctime": "2025-08-10 23:22:44,675", "levelname": "INFO", "name": "AresTradingSystem.System.VectorizedAdvancedFeatureEngineering", "message": "🔄 Using returns series for adaptive SMA calculation", "correlation_id": "-", "session_id": "-", "timestamp": "2025-08-10T21:22:44.675157+00:00"}
{"asctime": "2025-08-10 23:22:44,679", "levelname": "INFO", "name": "AresTradingSystem.System.VectorizedAdvancedFeatureEngineering", "message": "✅ Adaptive SMA calculated using returns as input", "correlation_id": "-", "session_id": "-", "timestamp": "2025-08-10T21:22:44.679281+00:00"}
{"asctime": "2025-08-10 23:22:44,679", "levelname": "INFO", "name": "AresTradingSystem.System.VectorizedAdvancedFeatureEngineering", "message": "🔄 Using returns series for adaptive EMA calculation", "correlation_id": "-", "session_id": "-", "timestamp": "2025-08-10T21:22:44.679707+00:00"}
{"asctime": "2025-08-10 23:22:44,682", "levelname": "INFO", "name": "AresTradingSystem.System.VectorizedAdvancedFeatureEngineering", "message": "✅ Adaptive EMA calculated using returns as input", "correlation_id": "-", "session_id": "-", "timestamp": "2025-08-10T21:22:44.682793+00:00"}
{"asctime": "2025-08-10 23:22:44,682", "levelname": "INFO", "name": "AresTradingSystem.System.VectorizedAdvancedFeatureEngineering", "message": "🔄 Using returns series for adaptive ATR calculation", "correlation_id": "-", "session_id": "-", "timestamp": "2025-08-10T21:22:44.682999+00:00"}
{"asctime": "2025-08-10 23:22:44,686", "levelname": "INFO", "name": "AresTradingSystem.System.VectorizedAdvancedFeatureEngineering", "message": "✅ Adaptive ATR calculated using returns as input", "correlation_id": "-", "session_id": "-", "timestamp": "2025-08-10T21:22:44.686698+00:00"}
{"asctime": "2025-08-10 23:22:44,689", "levelname": "INFO", "name": "AresTradingSystem.System.VectorizedAdvancedFeatureEngineering", "message": "✅ Adaptive Bollinger Bands calculated using returns as input", "correlation_id": "-", "session_id": "-", "timestamp": "2025-08-10T21:22:44.689343+00:00"}
{"asctime": "2025-08-10 23:22:44,689", "levelname": "INFO", "name": "AresTradingSystem.System.VectorizedAdvancedFeatureEngineering", "message": "📊 Multi-timeframe analysis: 10 data points available", "correlation_id": "-", "session_id": "-", "timestamp": "2025-08-10T21:22:44.689619+00:00"}
{"asctime": "2025-08-10 23:22:44,689", "levelname": "INFO", "name": "AresTradingSystem.System.VectorizedAdvancedFeatureEngineering", "message": "📊 Multi-timeframe analysis: 10 data points available", "correlation_id": "-", "session_id": "-", "timestamp": "2025-08-10T21:22:44.689900+00:00"}
{"asctime": "2025-08-10 23:22:44,690", "levelname": "INFO", "name": "AresTradingSystem.System.VectorizedAdvancedFeatureEngineering", "message": "🔧 Processing timeframe: 1m", "correlation_id": "-", "session_id": "-", "timestamp": "2025-08-10T21:22:44.690136+00:00"}
{"asctime": "2025-08-10 23:22:44,690", "levelname": "INFO", "name": "AresTradingSystem.System.VectorizedAdvancedFeatureEngineering", "message": "🔄 Using returns series for 1m timeframe features", "correlation_id": "-", "session_id": "-", "timestamp": "2025-08-10T21:22:44.690314+00:00"}
{"asctime": "2025-08-10 23:22:44,690", "levelname": "INFO", "name": "AresTradingSystem.System.VectorizedAdvancedFeatureEngineering", "message": "📊 1m: using rolling window of 20 periods", "correlation_id": "-", "session_id": "-", "timestamp": "2025-08-10T21:22:44.690778+00:00"}
{"asctime": "2025-08-10 23:22:44,697", "levelname": "INFO", "name": "AresTradingSystem.System.VectorizedAdvancedFeatureEngineering", "message": "✅ 1m timeframe features calculated using returns as input", "correlation_id": "-", "session_id": "-", "timestamp": "2025-08-10T21:22:44.697601+00:00"}
{"asctime": "2025-08-10 23:22:44,698", "levelname": "INFO", "name": "AresTradingSystem.System.VectorizedAdvancedFeatureEngineering", "message": "🔧 Processing timeframe: 5m", "correlation_id": "-", "session_id": "-", "timestamp": "2025-08-10T21:22:44.698212+00:00"}
{"asctime": "2025-08-10 23:22:44,698", "levelname": "INFO", "name": "AresTradingSystem.System.VectorizedAdvancedFeatureEngineering", "message": "🔄 Using returns series for 5m timeframe features", "correlation_id": "-", "session_id": "-", "timestamp": "2025-08-10T21:22:44.698533+00:00"}
{"asctime": "2025-08-10 23:22:44,698", "levelname": "INFO", "name": "AresTradingSystem.System.VectorizedAdvancedFeatureEngineering", "message": "📊 5m: using rolling window of 12 periods", "correlation_id": "-", "session_id": "-", "timestamp": "2025-08-10T21:22:44.698718+00:00"}
{"asctime": "2025-08-10 23:22:44,703", "levelname": "INFO", "name": "AresTradingSystem.System.VectorizedAdvancedFeatureEngineering", "message": "✅ 5m timeframe features calculated using returns as input", "correlation_id": "-", "session_id": "-", "timestamp": "2025-08-10T21:22:44.703550+00:00"}
{"asctime": "2025-08-10 23:22:44,704", "levelname": "INFO", "name": "AresTradingSystem.System.VectorizedAdvancedFeatureEngineering", "message": "🔧 Processing timeframe: 15m", "correlation_id": "-", "session_id": "-", "timestamp": "2025-08-10T21:22:44.704065+00:00"}
{"asctime": "2025-08-10 23:22:44,704", "levelname": "INFO", "name": "AresTradingSystem.System.VectorizedAdvancedFeatureEngineering", "message": "🔄 Using returns series for 15m timeframe features", "correlation_id": "-", "session_id": "-", "timestamp": "2025-08-10T21:22:44.704164+00:00"}
{"asctime": "2025-08-10 23:22:44,704", "levelname": "INFO", "name": "AresTradingSystem.System.VectorizedAdvancedFeatureEngineering", "message": "📊 15m: using rolling window of 8 periods", "correlation_id": "-", "session_id": "-", "timestamp": "2025-08-10T21:22:44.704297+00:00"}
{"asctime": "2025-08-10 23:22:44,706", "levelname": "INFO", "name": "AresTradingSystem.System.VectorizedAdvancedFeatureEngineering", "message": "✅ 15m timeframe features calculated using returns as input", "correlation_id": "-", "session_id": "-", "timestamp": "2025-08-10T21:22:44.706399+00:00"}
{"asctime": "2025-08-10 23:22:44,706", "levelname": "INFO", "name": "AresTradingSystem.System.VectorizedAdvancedFeatureEngineering", "message": "🔧 Processing timeframe: 30m", "correlation_id": "-", "session_id": "-", "timestamp": "2025-08-10T21:22:44.706586+00:00"}
{"asctime": "2025-08-10 23:22:44,706", "levelname": "INFO", "name": "AresTradingSystem.System.VectorizedAdvancedFeatureEngineering", "message": "🔄 Using returns series for 30m timeframe features", "correlation_id": "-", "session_id": "-", "timestamp": "2025-08-10T21:22:44.706670+00:00"}
{"asctime": "2025-08-10 23:22:44,706", "levelname": "INFO", "name": "AresTradingSystem.System.VectorizedAdvancedFeatureEngineering", "message": "📊 30m: using rolling window of 4 periods", "correlation_id": "-", "session_id": "-", "timestamp": "2025-08-10T21:22:44.706743+00:00"}
{"asctime": "2025-08-10 23:22:44,710", "levelname": "INFO", "name": "AresTradingSystem.System.VectorizedAdvancedFeatureEngineering", "message": "✅ 30m timeframe features calculated using returns as input", "correlation_id": "-", "session_id": "-", "timestamp": "2025-08-10T21:22:44.710286+00:00"}
{"asctime": "2025-08-10 23:22:44,710", "levelname": "INFO", "name": "AresTradingSystem.System.VectorizedAdvancedFeatureEngineering", "message": "✅ Multi-timeframe features: 36 features generated", "correlation_id": "-", "session_id": "-", "timestamp": "2025-08-10T21:22:44.710818+00:00"}
{"asctime": "2025-08-10 23:22:44,711", "levelname": "INFO", "name": "AresTradingSystem.System.VectorizedAdvancedFeatureEngineering", "message": "🔄 Using returns series for meta labels generation", "correlation_id": "-", "session_id": "-", "timestamp": "2025-08-10T21:22:44.711093+00:00"}
{"asctime": "2025-08-10 23:22:44,714", "levelname": "INFO", "name": "AresTradingSystem.System.VectorizedAdvancedFeatureEngineering", "message": "📊 Generated meta labels (regime features): volatility_regime, volume_regime, trend_regime", "correlation_id": "-", "session_id": "-", "timestamp": "2025-08-10T21:22:44.714725+00:00"}
{"asctime": "2025-08-10 23:22:44,715", "levelname": "INFO", "name": "AresTradingSystem.System.VectorizedAdvancedFeatureEngineering", "message": "📊 These are regime classification features, not prediction targets", "correlation_id": "-", "session_id": "-", "timestamp": "2025-08-10T21:22:44.715054+00:00"}
{"asctime": "2025-08-10 23:22:44,715", "levelname": "INFO", "name": "AresTradingSystem.System.VectorizedAdvancedFeatureEngineering", "message": "✅ Meta labels generated using returns as input", "correlation_id": "-", "session_id": "-", "timestamp": "2025-08-10T21:22:44.715364+00:00"}
{"asctime": "2025-08-10 23:22:44,715", "levelname": "INFO", "name": "AresTradingSystem.System.VectorizedAdvancedFeatureEngineering", "message": "🔧 Generating additional technical indicators for autoencoder...", "correlation_id": "-", "session_id": "-", "timestamp": "2025-08-10T21:22:44.715850+00:00"}
{"asctime": "2025-08-10 23:22:44,726", "levelname": "INFO", "name": "AresTradingSystem.System.VectorizedAdvancedFeatureEngineering", "message": "✅ Generated 35 additional technical indicators", "correlation_id": "-", "session_id": "-", "timestamp": "2025-08-10T21:22:44.726807+00:00"}
{"asctime": "2025-08-10 23:22:44,727", "levelname": "INFO", "name": "AresTradingSystem.System.VectorizedAdvancedFeatureEngineering", "message": "🔧 Performing final comprehensive NaN handling...", "correlation_id": "-", "session_id": "-", "timestamp": "2025-08-10T21:22:44.727024+00:00"}
{"asctime": "2025-08-10 23:22:44,727", "levelname": "INFO", "name": "AresTradingSystem.System.VectorizedAdvancedFeatureEngineering", "message": "🧹 Starting comprehensive NaN cleaning...", "correlation_id": "-", "session_id": "-", "timestamp": "2025-08-10T21:22:44.727426+00:00"}
{"asctime": "2025-08-10 23:22:44,736", "levelname": "INFO", "name": "AresTradingSystem.System.VectorizedAdvancedFeatureEngineering", "message": "🧹 NaN cleaning completed:", "correlation_id": "-", "session_id": "-", "timestamp": "2025-08-10T21:22:44.736818+00:00"}
{"asctime": "2025-08-10 23:22:44,737", "levelname": "INFO", "name": "AresTradingSystem.System.VectorizedAdvancedFeatureEngineering", "message": "   Features with NaN values: 0", "correlation_id": "-", "session_id": "-", "timestamp": "2025-08-10T21:22:44.737353+00:00"}
{"asctime": "2025-08-10 23:22:44,738", "levelname": "INFO", "name": "AresTradingSystem.System.VectorizedAdvancedFeatureEngineering", "message": "   Total NaN values removed: 0", "correlation_id": "-", "session_id": "-", "timestamp": "2025-08-10T21:22:44.738190+00:00"}
{"asctime": "2025-08-10 23:22:44,738", "levelname": "INFO", "name": "AresTradingSystem.System.VectorizedAdvancedFeatureEngineering", "message": "   Features processed: 74", "correlation_id": "-", "session_id": "-", "timestamp": "2025-08-10T21:22:44.738297+00:00"}
{"asctime": "2025-08-10 23:22:44,738", "levelname": "INFO", "name": "AresTradingSystem.System.VectorizedAdvancedFeatureEngineering", "message": "✅ Engineered 74 vectorized advanced features using returns as basis", "correlation_id": "-", "session_id": "-", "timestamp": "2025-08-10T21:22:44.738371+00:00"}
