2025-08-07 22:08:02,172 - AresGlobal - INFO - ================================================================================
2025-08-07 22:08:02,172 - AresGlobal - INFO - 📊 SESSION SUMMARY
2025-08-07 22:08:02,172 - AresGlobal - INFO - Session started: 2025-08-07 22:08:02
2025-08-07 22:08:02,172 - AresGlobal - INFO - Global log file: ares_global_20250807_220802.log
2025-08-07 22:08:02,172 - AresGlobal - INFO - This file contains ALL logs for this session
2025-08-07 22:08:02,172 - AresGlobal - INFO - ================================================================================
2025-08-07 22:08:02,172 - AresGlobal - INFO - [SYSTEM] ================================================================================
2025-08-07 22:08:02,172 - AresGlobal - INFO - [SYSTEM] 🚀 ARES LAUNCHER STARTED - Mode: INITIALIZATION
2025-08-07 22:08:02,172 - AresGlobal - INFO - [SYSTEM] Start time: 2025-08-07 22:08:02
2025-08-07 22:08:02,172 - AresGlobal - INFO - [SYSTEM] Log directory: log
2025-08-07 22:08:02,172 - AresGlobal - INFO - [SYSTEM] ================================================================================
2025-08-07 22:08:02,172 - AresGlobal.AresLauncher - INFO - ================================================================================
2025-08-07 22:08:02,172 - AresGlobal.AresLauncher - INFO - 🚀 ARES COMPREHENSIVE LAUNCHER
2025-08-07 22:08:02,173 - AresGlobal.AresLauncher - INFO - ================================================================================
2025-08-07 22:08:02,173 - AresGlobal.AresLauncher - INFO - Start time: 2025-08-07 22:08:02
2025-08-07 22:08:02,173 - AresGlobal.AresLauncher - INFO - Log directory: log
2025-08-07 22:08:02,173 - AresGlobal.AresLauncher - INFO - Log level: INFO
2025-08-07 22:08:02,173 - AresGlobal.AresLauncher - INFO - Global log file: ares_global_20250807_220802.log
2025-08-07 22:08:02,173 - AresGlobal.AresLauncher - INFO - ================================================================================
2025-08-07 22:08:02,173 - AresGlobal - INFO - [SYSTEM] ================================================================================
2025-08-07 22:08:02,173 - AresGlobal - INFO - [SYSTEM] 🚀 ARES LAUNCHER STARTED - Mode: load - Symbol: ETHUSDT - Exchange: BINANCE
2025-08-07 22:08:02,173 - AresGlobal - INFO - [SYSTEM] Start time: 2025-08-07 22:08:02
2025-08-07 22:08:02,173 - AresGlobal - INFO - [SYSTEM] Log directory: log
2025-08-07 22:08:02,173 - AresGlobal - INFO - [SYSTEM] ================================================================================
2025-08-07 22:08:02,173 - AresGlobal.AresLauncher - INFO - 🔄 Starting data loading for ETHUSDT on BINANCE
2025-08-07 22:08:02,173 - AresGlobal.AresLauncher - INFO - 📥 Step 1: Downloading data...
2025-08-07 22:08:02,173 - AresGlobal.AresLauncher - INFO - 🔧 Running download command: /opt/homebrew/Caskroom/miniforge/base/bin/python backtesting/ares_data_downloader_optimized.py --symbol ETHUSDT --exchange BINANCE --lookback-years 2
