{"asctime": "2025-08-10 09:34:31,177", "levelname": "INFO", "name": "AresGlobal", "message": "================================================================================", "correlation_id": "-", "session_id": "-", "timestamp": "2025-08-10T07:34:31.177300+00:00"}
{"asctime": "2025-08-10 09:34:31,177", "levelname": "INFO", "name": "AresGlobal", "message": "📊 SESSION SUMMARY", "correlation_id": "-", "session_id": "-", "timestamp": "2025-08-10T07:34:31.177389+00:00"}
{"asctime": "2025-08-10 09:34:31,177", "levelname": "INFO", "name": "AresGlobal", "message": "Session started: 2025-08-10 09:34:31", "correlation_id": "-", "session_id": "-", "timestamp": "2025-08-10T07:34:31.177465+00:00"}
{"asctime": "2025-08-10 09:34:31,177", "levelname": "INFO", "name": "AresGlobal", "message": "This file contains ALL logs for this session", "correlation_id": "-", "session_id": "-", "timestamp": "2025-08-10T07:34:31.177523+00:00"}
{"asctime": "2025-08-10 09:34:31,177", "levelname": "INFO", "name": "AresGlobal", "message": "================================================================================", "correlation_id": "-", "session_id": "-", "timestamp": "2025-08-10T07:34:31.177578+00:00"}
{"asctime": "2025-08-10 09:34:31,177", "levelname": "INFO", "name": "AresGlobal", "message": "Applied NumPy RNG unpickle compatibility shim (ModelManager)", "correlation_id": "-", "session_id": "-", "timestamp": "2025-08-10T07:34:31.177923+00:00"}
{"asctime": "2025-08-10 09:34:31,178", "levelname": "INFO", "name": "AresGlobal", "message": "[SYSTEM] ================================================================================", "correlation_id": "-", "session_id": "-", "timestamp": "2025-08-10T07:34:31.178046+00:00"}
{"asctime": "2025-08-10 09:34:31,178", "levelname": "INFO", "name": "AresGlobal", "message": "[SYSTEM] 🚀 ARES LAUNCHER STARTED - Mode: INITIALIZATION", "correlation_id": "-", "session_id": "-", "timestamp": "2025-08-10T07:34:31.178160+00:00"}
{"asctime": "2025-08-10 09:34:31,178", "levelname": "INFO", "name": "AresGlobal", "message": "[SYSTEM] Start time: 2025-08-10 09:34:31", "correlation_id": "-", "session_id": "-", "timestamp": "2025-08-10T07:34:31.178274+00:00"}
{"asctime": "2025-08-10 09:34:31,178", "levelname": "INFO", "name": "AresGlobal", "message": "[SYSTEM] Log directory: log", "correlation_id": "-", "session_id": "-", "timestamp": "2025-08-10T07:34:31.178377+00:00"}
{"asctime": "2025-08-10 09:34:31,178", "levelname": "INFO", "name": "AresGlobal", "message": "[SYSTEM] ================================================================================", "correlation_id": "-", "session_id": "-", "timestamp": "2025-08-10T07:34:31.178478+00:00"}
{"asctime": "2025-08-10 09:34:31,178", "levelname": "INFO", "name": "AresGlobal.AresLauncher", "message": "================================================================================", "correlation_id": "-", "session_id": "-", "timestamp": "2025-08-10T07:34:31.178531+00:00"}
{"asctime": "2025-08-10 09:34:31,178", "levelname": "INFO", "name": "AresGlobal.AresLauncher", "message": "🚀 ARES COMPREHENSIVE LAUNCHER", "correlation_id": "-", "session_id": "-", "timestamp": "2025-08-10T07:34:31.178584+00:00"}
{"asctime": "2025-08-10 09:34:31,178", "levelname": "INFO", "name": "AresGlobal.AresLauncher", "message": "================================================================================", "correlation_id": "-", "session_id": "-", "timestamp": "2025-08-10T07:34:31.178639+00:00"}
{"asctime": "2025-08-10 09:34:31,178", "levelname": "INFO", "name": "AresGlobal.AresLauncher", "message": "Start time: 2025-08-10 09:34:31", "correlation_id": "-", "session_id": "-", "timestamp": "2025-08-10T07:34:31.178696+00:00"}
{"asctime": "2025-08-10 09:34:31,178", "levelname": "INFO", "name": "AresGlobal.AresLauncher", "message": "Log directory: log", "correlation_id": "-", "session_id": "-", "timestamp": "2025-08-10T07:34:31.178745+00:00"}
{"asctime": "2025-08-10 09:34:31,178", "levelname": "INFO", "name": "AresGlobal.AresLauncher", "message": "Log level: INFO", "correlation_id": "-", "session_id": "-", "timestamp": "2025-08-10T07:34:31.178851+00:00"}
{"asctime": "2025-08-10 09:34:31,178", "levelname": "INFO", "name": "AresGlobal.AresLauncher", "message": "Global log file: ares_global_20250810_093431.log", "correlation_id": "-", "session_id": "-", "timestamp": "2025-08-10T07:34:31.178939+00:00"}
{"asctime": "2025-08-10 09:34:31,179", "levelname": "INFO", "name": "AresGlobal.AresLauncher", "message": "================================================================================", "correlation_id": "-", "session_id": "-", "timestamp": "2025-08-10T07:34:31.179001+00:00"}
{"asctime": "2025-08-10 09:34:31,179", "levelname": "INFO", "name": "AresGlobal", "message": "[SYSTEM] ================================================================================", "correlation_id": "38ff9ab4-3516-4cab-84bd-99c92fe52557", "session_id": "2d161dbf-8945-4bcc-941d-356ae7bd44ac", "timestamp": "2025-08-10T07:34:31.179205+00:00"}
{"asctime": "2025-08-10 09:34:31,179", "levelname": "INFO", "name": "AresGlobal", "message": "[SYSTEM] 🚀 ARES LAUNCHER STARTED - Mode: blank - Symbol: ETHUSDT - Exchange: BINANCE", "correlation_id": "38ff9ab4-3516-4cab-84bd-99c92fe52557", "session_id": "2d161dbf-8945-4bcc-941d-356ae7bd44ac", "timestamp": "2025-08-10T07:34:31.179320+00:00"}
{"asctime": "2025-08-10 09:34:31,179", "levelname": "INFO", "name": "AresGlobal", "message": "[SYSTEM] Start time: 2025-08-10 09:34:31", "correlation_id": "38ff9ab4-3516-4cab-84bd-99c92fe52557", "session_id": "2d161dbf-8945-4bcc-941d-356ae7bd44ac", "timestamp": "2025-08-10T07:34:31.179432+00:00"}
{"asctime": "2025-08-10 09:34:31,179", "levelname": "INFO", "name": "AresGlobal", "message": "[SYSTEM] Log directory: log", "correlation_id": "38ff9ab4-3516-4cab-84bd-99c92fe52557", "session_id": "2d161dbf-8945-4bcc-941d-356ae7bd44ac", "timestamp": "2025-08-10T07:34:31.179535+00:00"}
{"asctime": "2025-08-10 09:34:31,179", "levelname": "INFO", "name": "AresGlobal", "message": "[SYSTEM] ================================================================================", "correlation_id": "38ff9ab4-3516-4cab-84bd-99c92fe52557", "session_id": "2d161dbf-8945-4bcc-941d-356ae7bd44ac", "timestamp": "2025-08-10T07:34:31.179639+00:00"}
{"asctime": "2025-08-10 09:34:31,179", "levelname": "INFO", "name": "AresGlobal.AresLauncher", "message": "🚀 Running enhanced 16-step training pipeline for ETHUSDT on BINANCE", "correlation_id": "38ff9ab4-3516-4cab-84bd-99c92fe52557", "session_id": "2d161dbf-8945-4bcc-941d-356ae7bd44ac", "timestamp": "2025-08-10T07:34:31.179714+00:00"}
{"asctime": "2025-08-10 09:34:31,179", "levelname": "INFO", "name": "AresGlobal.AresLauncher", "message": "Starting from step: step4_analyst_labeling_feature_engineering", "correlation_id": "38ff9ab4-3516-4cab-84bd-99c92fe52557", "session_id": "2d161dbf-8945-4bcc-941d-356ae7bd44ac", "timestamp": "2025-08-10T07:34:31.179771+00:00"}
{"asctime": "2025-08-10 09:34:31,179", "levelname": "INFO", "name": "AresGlobal.AresLauncher", "message": "🧪 BLANK TRAINING MODE: Set BLANK_TRAINING_MODE=1 for step-based training", "correlation_id": "38ff9ab4-3516-4cab-84bd-99c92fe52557", "session_id": "2d161dbf-8945-4bcc-941d-356ae7bd44ac", "timestamp": "2025-08-10T07:34:31.179828+00:00"}
{"asctime": "2025-08-10 09:34:31,180", "levelname": "INFO", "name": "AresGlobal.ProgressManager", "message": "Initialized ProgressManager for ETHUSDT on BINANCE", "correlation_id": "38ff9ab4-3516-4cab-84bd-99c92fe52557", "session_id": "2d161dbf-8945-4bcc-941d-356ae7bd44ac", "timestamp": "2025-08-10T07:34:31.180425+00:00"}
{"asctime": "2025-08-10 09:34:31,180", "levelname": "INFO", "name": "AresGlobal.ProgressManager", "message": "Progress directory: data/training/progress/BINANCE_ETHUSDT", "correlation_id": "38ff9ab4-3516-4cab-84bd-99c92fe52557", "session_id": "2d161dbf-8945-4bcc-941d-356ae7bd44ac", "timestamp": "2025-08-10T07:34:31.180490+00:00"}
{"asctime": "2025-08-10 09:34:31,180", "levelname": "INFO", "name": "AresGlobal.StepOrchestrator", "message": "Initialized StepOrchestrator for ETHUSDT on BINANCE", "correlation_id": "38ff9ab4-3516-4cab-84bd-99c92fe52557", "session_id": "2d161dbf-8945-4bcc-941d-356ae7bd44ac", "timestamp": "2025-08-10T07:34:31.180544+00:00"}
{"asctime": "2025-08-10 09:34:31,180", "levelname": "INFO", "name": "AresGlobal.StepOrchestrator", "message": "🚀 Starting execution from step: step4_analyst_labeling_feature_engineering", "correlation_id": "38ff9ab4-3516-4cab-84bd-99c92fe52557", "session_id": "2d161dbf-8945-4bcc-941d-356ae7bd44ac", "timestamp": "2025-08-10T07:34:31.180706+00:00"}
{"asctime": "2025-08-10 09:34:32,889", "levelname": "INFO", "name": "AresGlobal.EnhancedTrainingManagerOptimized", "message": "Loaded optimization configuration", "correlation_id": "38ff9ab4-3516-4cab-84bd-99c92fe52557", "session_id": "2d161dbf-8945-4bcc-941d-356ae7bd44ac", "timestamp": "2025-08-10T07:34:32.889953+00:00"}
{"asctime": "2025-08-10 09:34:32,892", "levelname": "INFO", "name": "AresGlobal.StepOrchestrator", "message": "✅ Enhanced training manager setup successfully", "correlation_id": "38ff9ab4-3516-4cab-84bd-99c92fe52557", "session_id": "2d161dbf-8945-4bcc-941d-356ae7bd44ac", "timestamp": "2025-08-10T07:34:32.892646+00:00"}
{"asctime": "2025-08-10 09:34:32,893", "levelname": "INFO", "name": "AresGlobal.EnhancedTrainingManagerOptimized", "message": "🚀 Initializing Enhanced Training Manager with Optimizations...", "correlation_id": "38ff9ab4-3516-4cab-84bd-99c92fe52557", "session_id": "2d161dbf-8945-4bcc-941d-356ae7bd44ac", "timestamp": "2025-08-10T07:34:32.893463+00:00"}
{"asctime": "2025-08-10 09:34:32,900", "levelname": "INFO", "name": "AresGlobal.EnhancedTrainingManagerOptimized", "message": "✅ Parallel backtester initialized with 8 workers", "correlation_id": "38ff9ab4-3516-4cab-84bd-99c92fe52557", "session_id": "2d161dbf-8945-4bcc-941d-356ae7bd44ac", "timestamp": "2025-08-10T07:34:32.900913+00:00"}
{"asctime": "2025-08-10 09:34:32,901", "levelname": "INFO", "name": "AresGlobal.EnhancedTrainingManagerOptimized", "message": "✅ All optimization components initialized successfully", "correlation_id": "38ff9ab4-3516-4cab-84bd-99c92fe52557", "session_id": "2d161dbf-8945-4bcc-941d-356ae7bd44ac", "timestamp": "2025-08-10T07:34:32.901650+00:00"}
