2025-08-04 22:26:32,311 - AresGlobal - INFO - ================================================================================
2025-08-04 22:26:32,311 - AresGlobal - INFO - 📊 SESSION SUMMARY
2025-08-04 22:26:32,311 - AresGlobal - INFO - Session started: 2025-08-04 22:26:32
2025-08-04 22:26:32,311 - AresGlobal - INFO - Global log file: ares_global_20250804_222632.log
2025-08-04 22:26:32,311 - AresGlobal - INFO - This file contains ALL logs for this session
2025-08-04 22:26:32,311 - AresGlobal - INFO - ================================================================================
2025-08-04 22:26:32,311 - AresGlobal - INFO - [SYSTEM] ================================================================================
2025-08-04 22:26:32,311 - AresGlobal - INFO - [SYSTEM] 🚀 ARES LAUNCHER STARTED - Mode: INITIALIZATION
2025-08-04 22:26:32,311 - AresGlobal - INFO - [SYSTEM] Start time: 2025-08-04 22:26:32
2025-08-04 22:26:32,311 - AresGlobal - INFO - [SYSTEM] Log directory: log
2025-08-04 22:26:32,311 - AresGlobal - INFO - [SYSTEM] ================================================================================
2025-08-04 22:26:32,311 - AresGlobal.AresLauncher - INFO - ================================================================================
2025-08-04 22:26:32,311 - AresGlobal.AresLauncher - INFO - 🚀 ARES COMPREHENSIVE LAUNCHER
2025-08-04 22:26:32,311 - AresGlobal.AresLauncher - INFO - ================================================================================
2025-08-04 22:26:32,311 - AresGlobal.AresLauncher - INFO - Start time: 2025-08-04 22:26:32
2025-08-04 22:26:32,311 - AresGlobal.AresLauncher - INFO - Log directory: log
2025-08-04 22:26:32,311 - AresGlobal.AresLauncher - INFO - Log level: INFO
2025-08-04 22:26:32,311 - AresGlobal.AresLauncher - INFO - Global log file: ares_global_20250804_222632.log
2025-08-04 22:26:32,311 - AresGlobal.AresLauncher - INFO - ================================================================================
2025-08-04 22:26:32,312 - AresGlobal - INFO - [SYSTEM] ================================================================================
2025-08-04 22:26:32,312 - AresGlobal - INFO - [SYSTEM] 🚀 ARES LAUNCHER STARTED - Mode: blank - Symbol: ETHUSDT - Exchange: BINANCE
2025-08-04 22:26:32,312 - AresGlobal - INFO - [SYSTEM] Start time: 2025-08-04 22:26:32
2025-08-04 22:26:32,312 - AresGlobal - INFO - [SYSTEM] Log directory: log
2025-08-04 22:26:32,312 - AresGlobal - INFO - [SYSTEM] ================================================================================
2025-08-04 22:26:32,312 - AresGlobal.AresLauncher - INFO - 🚀 Starting blank training for ETHUSDT on BINANCE
2025-08-04 22:26:32,315 - AresGlobal.SQLiteManager - INFO - Initializing SQLite Manager...
2025-08-04 22:26:32,315 - AresGlobal.SQLiteManager - INFO - Database configuration loaded successfully
2025-08-04 22:26:32,315 - AresGlobal.SQLiteManager - INFO - Configuration validation successful
2025-08-04 22:26:32,317 - AresGlobal.SQLiteManager - INFO - Connection pool initialized with 10 connections
2025-08-04 22:26:32,317 - AresGlobal.SQLiteManager - INFO - Database tables created successfully
2025-08-04 22:26:32,317 - AresGlobal.SQLiteManager - INFO - Database initialized successfully
2025-08-04 22:26:32,317 - AresGlobal.SQLiteManager - INFO - ✅ SQLite Manager initialization completed successfully
2025-08-04 22:26:36,536 - AresGlobal.AresLauncher - ERROR - ❌ Failed to run blank training: cannot import name 'MultiStageHPO' from 'src.training.steps.step5_multi_stage_hpo' (/Users/remyroche/Documents/Ares/src/training/steps/step5_multi_stage_hpo.py)
2025-08-04 22:26:36,536 - AresGlobal - INFO - [SYSTEM] ================================================================================
2025-08-04 22:26:36,536 - AresGlobal - INFO - [SYSTEM] 🛑 ARES LAUNCHER ENDED - Exit code: 1
2025-08-04 22:26:36,537 - AresGlobal - INFO - [SYSTEM] End time: 2025-08-04 22:26:36
2025-08-04 22:26:36,537 - AresGlobal - INFO - [SYSTEM] ================================================================================
2025-08-04 22:26:36,537 - AresGlobal.AresLauncher - INFO - 🧹 Cleaning up processes...
2025-08-04 22:26:36,537 - AresGlobal.AresLauncher - INFO - ✅ Cleanup completed
