{"asctime": "2025-08-12 19:50:08,084", "levelname": "INFO", "name": "AresGlobal", "message": "================================================================================", "correlation_id": "-", "session_id": "-", "timestamp": "2025-08-12T17:50:08.084947+00:00"}
{"asctime": "2025-08-12 19:50:08,085", "levelname": "INFO", "name": "AresGlobal", "message": "📊 SESSION SUMMARY", "correlation_id": "-", "session_id": "-", "timestamp": "2025-08-12T17:50:08.085064+00:00"}
{"asctime": "2025-08-12 19:50:08,085", "levelname": "INFO", "name": "AresGlobal", "message": "Session started: 2025-08-12 19:50:08", "correlation_id": "-", "session_id": "-", "timestamp": "2025-08-12T17:50:08.085131+00:00"}
{"asctime": "2025-08-12 19:50:08,085", "levelname": "INFO", "name": "AresGlobal", "message": "This file contains ALL logs for this session", "correlation_id": "-", "session_id": "-", "timestamp": "2025-08-12T17:50:08.085184+00:00"}
{"asctime": "2025-08-12 19:50:08,085", "levelname": "INFO", "name": "AresGlobal", "message": "================================================================================", "correlation_id": "-", "session_id": "-", "timestamp": "2025-08-12T17:50:08.085234+00:00"}
{"asctime": "2025-08-12 19:50:08,085", "levelname": "INFO", "name": "AresGlobal", "message": "[SYSTEM] ================================================================================", "correlation_id": "-", "session_id": "-", "timestamp": "2025-08-12T17:50:08.085385+00:00"}
{"asctime": "2025-08-12 19:50:08,085", "levelname": "INFO", "name": "AresGlobal", "message": "[SYSTEM] 🚀 ARES LAUNCHER STARTED - Mode: INITIALIZATION", "correlation_id": "-", "session_id": "-", "timestamp": "2025-08-12T17:50:08.085490+00:00"}
{"asctime": "2025-08-12 19:50:08,085", "levelname": "INFO", "name": "AresGlobal", "message": "[SYSTEM] Start time: 2025-08-12 19:50:08", "correlation_id": "-", "session_id": "-", "timestamp": "2025-08-12T17:50:08.085595+00:00"}
{"asctime": "2025-08-12 19:50:08,085", "levelname": "INFO", "name": "AresGlobal", "message": "[SYSTEM] Log directory: log", "correlation_id": "-", "session_id": "-", "timestamp": "2025-08-12T17:50:08.085695+00:00"}
{"asctime": "2025-08-12 19:50:08,085", "levelname": "INFO", "name": "AresGlobal", "message": "[SYSTEM] ================================================================================", "correlation_id": "-", "session_id": "-", "timestamp": "2025-08-12T17:50:08.085795+00:00"}
{"asctime": "2025-08-12 19:50:08,085", "levelname": "INFO", "name": "AresGlobal.AresLauncher", "message": "================================================================================", "correlation_id": "-", "session_id": "-", "timestamp": "2025-08-12T17:50:08.085844+00:00"}
{"asctime": "2025-08-12 19:50:08,085", "levelname": "INFO", "name": "AresGlobal.AresLauncher", "message": "🚀 ARES COMPREHENSIVE LAUNCHER", "correlation_id": "-", "session_id": "-", "timestamp": "2025-08-12T17:50:08.085892+00:00"}
{"asctime": "2025-08-12 19:50:08,085", "levelname": "INFO", "name": "AresGlobal.AresLauncher", "message": "================================================================================", "correlation_id": "-", "session_id": "-", "timestamp": "2025-08-12T17:50:08.085942+00:00"}
{"asctime": "2025-08-12 19:50:08,085", "levelname": "INFO", "name": "AresGlobal.AresLauncher", "message": "Start time: 2025-08-12 19:50:08", "correlation_id": "-", "session_id": "-", "timestamp": "2025-08-12T17:50:08.085992+00:00"}
{"asctime": "2025-08-12 19:50:08,086", "levelname": "INFO", "name": "AresGlobal.AresLauncher", "message": "Log directory: log", "correlation_id": "-", "session_id": "-", "timestamp": "2025-08-12T17:50:08.086040+00:00"}
{"asctime": "2025-08-12 19:50:08,086", "levelname": "INFO", "name": "AresGlobal.AresLauncher", "message": "Log level: INFO", "correlation_id": "-", "session_id": "-", "timestamp": "2025-08-12T17:50:08.086088+00:00"}
{"asctime": "2025-08-12 19:50:08,086", "levelname": "INFO", "name": "AresGlobal.AresLauncher", "message": "Global log file: ares_global_20250812_195008.log", "correlation_id": "-", "session_id": "-", "timestamp": "2025-08-12T17:50:08.086141+00:00"}
{"asctime": "2025-08-12 19:50:08,086", "levelname": "INFO", "name": "AresGlobal.AresLauncher", "message": "================================================================================", "correlation_id": "-", "session_id": "-", "timestamp": "2025-08-12T17:50:08.086196+00:00"}
{"asctime": "2025-08-12 19:50:08,086", "levelname": "INFO", "name": "AresGlobal", "message": "[SYSTEM] ================================================================================", "correlation_id": "-", "session_id": "-", "timestamp": "2025-08-12T17:50:08.086363+00:00"}
{"asctime": "2025-08-12 19:50:08,086", "levelname": "INFO", "name": "AresGlobal", "message": "[SYSTEM] 🚀 ARES LAUNCHER STARTED - Mode: blank - Symbol: ETHUSDT - Exchange: BINANCE", "correlation_id": "-", "session_id": "-", "timestamp": "2025-08-12T17:50:08.086464+00:00"}
{"asctime": "2025-08-12 19:50:08,086", "levelname": "INFO", "name": "AresGlobal", "message": "[SYSTEM] Start time: 2025-08-12 19:50:08", "correlation_id": "-", "session_id": "-", "timestamp": "2025-08-12T17:50:08.086564+00:00"}
{"asctime": "2025-08-12 19:50:08,086", "levelname": "INFO", "name": "AresGlobal", "message": "[SYSTEM] Log directory: log", "correlation_id": "-", "session_id": "-", "timestamp": "2025-08-12T17:50:08.086657+00:00"}
{"asctime": "2025-08-12 19:50:08,086", "levelname": "INFO", "name": "AresGlobal", "message": "[SYSTEM] ================================================================================", "correlation_id": "-", "session_id": "-", "timestamp": "2025-08-12T17:50:08.086750+00:00"}
{"asctime": "2025-08-12 19:50:08,086", "levelname": "INFO", "name": "AresGlobal.AresLauncher", "message": "🚀 Running enhanced 16-step training pipeline for ETHUSDT on BINANCE", "correlation_id": "-", "session_id": "-", "timestamp": "2025-08-12T17:50:08.086811+00:00"}
{"asctime": "2025-08-12 19:50:08,086", "levelname": "INFO", "name": "AresGlobal.AresLauncher", "message": "Starting from step: step4_analyst_labeling_feature_engineering", "correlation_id": "-", "session_id": "-", "timestamp": "2025-08-12T17:50:08.086862+00:00"}
{"asctime": "2025-08-12 19:50:08,086", "levelname": "INFO", "name": "AresGlobal.AresLauncher", "message": "🧪 BLANK TRAINING MODE: Set BLANK_TRAINING_MODE=1 for step-based training", "correlation_id": "-", "session_id": "-", "timestamp": "2025-08-12T17:50:08.086913+00:00"}
{"asctime": "2025-08-12 19:50:08,087", "levelname": "INFO", "name": "AresGlobal.ProgressManager", "message": "Initialized ProgressManager for ETHUSDT on BINANCE", "correlation_id": "-", "session_id": "-", "timestamp": "2025-08-12T17:50:08.087466+00:00"}
{"asctime": "2025-08-12 19:50:08,087", "levelname": "INFO", "name": "AresGlobal.ProgressManager", "message": "Progress directory: data/training/progress/BINANCE_ETHUSDT", "correlation_id": "-", "session_id": "-", "timestamp": "2025-08-12T17:50:08.087531+00:00"}
{"asctime": "2025-08-12 19:50:08,087", "levelname": "INFO", "name": "AresGlobal.StepOrchestrator", "message": "Initialized StepOrchestrator for ETHUSDT on BINANCE", "correlation_id": "-", "session_id": "-", "timestamp": "2025-08-12T17:50:08.087583+00:00"}
{"asctime": "2025-08-12 19:50:08,087", "levelname": "INFO", "name": "AresGlobal.StepOrchestrator", "message": "🚀 Starting execution from step: step4_analyst_labeling_feature_engineering", "correlation_id": "-", "session_id": "-", "timestamp": "2025-08-12T17:50:08.087722+00:00"}
{"asctime": "2025-08-12 19:50:12,405", "levelname": "INFO", "name": "AresGlobal.EnhancedTrainingManager", "message": "Loaded optimization configuration", "correlation_id": "-", "session_id": "-", "timestamp": "2025-08-12T17:50:12.405594+00:00"}
{"asctime": "2025-08-12 19:50:12,405", "levelname": "INFO", "name": "AresGlobal.EnhancedTrainingManagerOptimized", "message": "Loaded optimization configuration", "correlation_id": "-", "session_id": "-", "timestamp": "2025-08-12T17:50:12.405862+00:00"}
{"asctime": "2025-08-12 19:50:12,405", "levelname": "INFO", "name": "AresGlobal.EnhancedTrainingManager", "message": "🚀 Initializing Enhanced Training Manager...", "correlation_id": "-", "session_id": "-", "timestamp": "2025-08-12T17:50:12.405942+00:00"}
{"asctime": "2025-08-12 19:50:12,406", "levelname": "INFO", "name": "AresGlobal.EnhancedTrainingManager", "message": "📊 Blank training mode: True", "correlation_id": "-", "session_id": "-", "timestamp": "2025-08-12T17:50:12.406018+00:00"}
{"asctime": "2025-08-12 19:50:12,406", "levelname": "INFO", "name": "AresGlobal.EnhancedTrainingManager", "message": "🔧 Max trials: 200", "correlation_id": "-", "session_id": "-", "timestamp": "2025-08-12T17:50:12.406075+00:00"}
{"asctime": "2025-08-12 19:50:12,406", "levelname": "INFO", "name": "AresGlobal.EnhancedTrainingManager", "message": "🔧 N trials: 100", "correlation_id": "-", "session_id": "-", "timestamp": "2025-08-12T17:50:12.406131+00:00"}
{"asctime": "2025-08-12 19:50:12,406", "levelname": "INFO", "name": "AresGlobal.EnhancedTrainingManager", "message": "📈 Lookback days: 180", "correlation_id": "-", "session_id": "-", "timestamp": "2025-08-12T17:50:12.406184+00:00"}
{"asctime": "2025-08-12 19:50:12,406", "levelname": "INFO", "name": "AresGlobal.EnhancedTrainingManager", "message": "🚀 Computational optimization: True", "correlation_id": "-", "session_id": "-", "timestamp": "2025-08-12T17:50:12.406239+00:00"}
{"asctime": "2025-08-12 19:50:12,406", "levelname": "INFO", "name": "AresGlobal.EnhancedTrainingManager", "message": "📊 Resource Analysis:", "correlation_id": "-", "session_id": "-", "timestamp": "2025-08-12T17:50:12.406319+00:00"}
{"asctime": "2025-08-12 19:50:12,406", "levelname": "INFO", "name": "AresGlobal.EnhancedTrainingManager", "message": "   💾 System Memory: 16.0 GB", "correlation_id": "-", "session_id": "-", "timestamp": "2025-08-12T17:50:12.406377+00:00"}
{"asctime": "2025-08-12 19:50:12,406", "levelname": "INFO", "name": "AresGlobal.EnhancedTrainingManager", "message": "   🖥️ CPU Cores: 8", "correlation_id": "-", "session_id": "-", "timestamp": "2025-08-12T17:50:12.406430+00:00"}
{"asctime": "2025-08-12 19:50:12,406", "levelname": "INFO", "name": "AresGlobal.EnhancedTrainingManager", "message": "   📈 Estimated Memory Usage: 4.0 GB", "correlation_id": "-", "session_id": "-", "timestamp": "2025-08-12T17:50:12.406483+00:00"}
{"asctime": "2025-08-12 19:50:12,406", "levelname": "INFO", "name": "AresGlobal.EnhancedTrainingManager", "message": "   ⏱️ Estimated Time: 90 minutes (1.5 hours)", "correlation_id": "-", "session_id": "-", "timestamp": "2025-08-12T17:50:12.406536+00:00"}
{"asctime": "2025-08-12 19:50:12,406", "levelname": "INFO", "name": "AresGlobal.EnhancedTrainingManager", "message": "   🤖 Models to Train: 4", "correlation_id": "-", "session_id": "-", "timestamp": "2025-08-12T17:50:12.406592+00:00"}
{"asctime": "2025-08-12 19:50:12,406", "levelname": "INFO", "name": "AresGlobal.EnhancedTrainingManager", "message": "   🔧 Optimization Trials: 50", "correlation_id": "-", "session_id": "-", "timestamp": "2025-08-12T17:50:12.406644+00:00"}
{"asctime": "2025-08-12 19:50:12,406", "levelname": "INFO", "name": "AresGlobal.EnhancedTrainingManager", "message": "📋 Step-by-Step Time Estimates:", "correlation_id": "-", "session_id": "-", "timestamp": "2025-08-12T17:50:12.406696+00:00"}
{"asctime": "2025-08-12 19:50:12,406", "levelname": "INFO", "name": "AresGlobal.EnhancedTrainingManager", "message": "   step1_data_collection: 5 min (4.1%)", "correlation_id": "-", "session_id": "-", "timestamp": "2025-08-12T17:50:12.406750+00:00"}
{"asctime": "2025-08-12 19:50:12,406", "levelname": "INFO", "name": "AresGlobal.EnhancedTrainingManager", "message": "   step2_market_regime_classification: 3 min (2.4%)", "correlation_id": "-", "session_id": "-", "timestamp": "2025-08-12T17:50:12.406803+00:00"}
{"asctime": "2025-08-12 19:50:12,406", "levelname": "INFO", "name": "AresGlobal.EnhancedTrainingManager", "message": "   step3_regime_data_splitting: 2 min (1.6%)", "correlation_id": "-", "session_id": "-", "timestamp": "2025-08-12T17:50:12.406856+00:00"}
{"asctime": "2025-08-12 19:50:12,406", "levelname": "INFO", "name": "AresGlobal.EnhancedTrainingManager", "message": "   step4_analyst_labeling_feature_engineering: 15 min (12.2%)", "correlation_id": "-", "session_id": "-", "timestamp": "2025-08-12T17:50:12.406908+00:00"}
{"asctime": "2025-08-12 19:50:12,406", "levelname": "INFO", "name": "AresGlobal.EnhancedTrainingManager", "message": "   step5_analyst_specialist_training: 10 min (8.1%)", "correlation_id": "-", "session_id": "-", "timestamp": "2025-08-12T17:50:12.406962+00:00"}
{"asctime": "2025-08-12 19:50:12,407", "levelname": "INFO", "name": "AresGlobal.EnhancedTrainingManager", "message": "   step6_analyst_enhancement: 8 min (6.5%)", "correlation_id": "-", "session_id": "-", "timestamp": "2025-08-12T17:50:12.407012+00:00"}
{"asctime": "2025-08-12 19:50:12,407", "levelname": "INFO", "name": "AresGlobal.EnhancedTrainingManager", "message": "   step7_analyst_ensemble_creation: 12 min (9.8%)", "correlation_id": "-", "session_id": "-", "timestamp": "2025-08-12T17:50:12.407061+00:00"}
{"asctime": "2025-08-12 19:50:12,407", "levelname": "INFO", "name": "AresGlobal.EnhancedTrainingManager", "message": "   step8_tactician_labeling: 5 min (4.1%)", "correlation_id": "-", "session_id": "-", "timestamp": "2025-08-12T17:50:12.407115+00:00"}
{"asctime": "2025-08-12 19:50:12,407", "levelname": "INFO", "name": "AresGlobal.EnhancedTrainingManager", "message": "   step9_tactician_specialist_training: 10 min (8.1%)", "correlation_id": "-", "session_id": "-", "timestamp": "2025-08-12T17:50:12.407166+00:00"}
{"asctime": "2025-08-12 19:50:12,407", "levelname": "INFO", "name": "AresGlobal.EnhancedTrainingManager", "message": "   step10_tactician_ensemble_creation: 12 min (9.8%)", "correlation_id": "-", "session_id": "-", "timestamp": "2025-08-12T17:50:12.407215+00:00"}
{"asctime": "2025-08-12 19:50:12,407", "levelname": "INFO", "name": "AresGlobal.EnhancedTrainingManager", "message": "   step11_confidence_calibration: 3 min (2.4%)", "correlation_id": "-", "session_id": "-", "timestamp": "2025-08-12T17:50:12.407264+00:00"}
{"asctime": "2025-08-12 19:50:12,407", "levelname": "INFO", "name": "AresGlobal.EnhancedTrainingManager", "message": "   step12_final_parameters_optimization: 15 min (12.2%)", "correlation_id": "-", "session_id": "-", "timestamp": "2025-08-12T17:50:12.407315+00:00"}
{"asctime": "2025-08-12 19:50:12,407", "levelname": "INFO", "name": "AresGlobal.EnhancedTrainingManager", "message": "   step13_walk_forward_validation: 8 min (6.5%)", "correlation_id": "-", "session_id": "-", "timestamp": "2025-08-12T17:50:12.407364+00:00"}
{"asctime": "2025-08-12 19:50:12,407", "levelname": "INFO", "name": "AresGlobal.EnhancedTrainingManager", "message": "   step14_monte_carlo_validation: 8 min (6.5%)", "correlation_id": "-", "session_id": "-", "timestamp": "2025-08-12T17:50:12.407414+00:00"}
{"asctime": "2025-08-12 19:50:12,407", "levelname": "INFO", "name": "AresGlobal.EnhancedTrainingManager", "message": "   step15_ab_testing: 5 min (4.1%)", "correlation_id": "-", "session_id": "-", "timestamp": "2025-08-12T17:50:12.407462+00:00"}
{"asctime": "2025-08-12 19:50:12,407", "levelname": "INFO", "name": "AresGlobal.EnhancedTrainingManager", "message": "   step16_saving: 2 min (1.6%)", "correlation_id": "-", "session_id": "-", "timestamp": "2025-08-12T17:50:12.407509+00:00"}
{"asctime": "2025-08-12 19:50:12,407", "levelname": "INFO", "name": "AresGlobal.EnhancedTrainingManager", "message": "💡 Recommendations:", "correlation_id": "-", "session_id": "-", "timestamp": "2025-08-12T17:50:12.407557+00:00"}
{"asctime": "2025-08-12 19:50:12,407", "levelname": "INFO", "name": "AresGlobal.EnhancedTrainingManager", "message": "   ✅ Blank training mode is suitable for your system", "correlation_id": "-", "session_id": "-", "timestamp": "2025-08-12T17:50:12.407609+00:00"}
{"asctime": "2025-08-12 19:50:12,407", "levelname": "INFO", "name": "AresGlobal.EnhancedTrainingManager", "message": "🚀 Initializing computational optimization components...", "correlation_id": "-", "session_id": "-", "timestamp": "2025-08-12T17:50:12.407663+00:00"}
{"asctime": "2025-08-12 19:50:12,407", "levelname": "INFO", "name": "AresGlobal.ComputationalOptimizationManager", "message": "Computational Optimization Manager initialized", "correlation_id": "-", "session_id": "-", "timestamp": "2025-08-12T17:50:12.407860+00:00"}
{"asctime": "2025-08-12 19:50:12,407", "levelname": "INFO", "name": "AresGlobal.EnhancedTrainingManager", "message": "✅ Computational optimization components initialized successfully", "correlation_id": "-", "session_id": "-", "timestamp": "2025-08-12T17:50:12.407928+00:00"}
{"asctime": "2025-08-12 19:50:12,407", "levelname": "INFO", "name": "AresGlobal.EnhancedTrainingManager", "message": "✅ Enhanced Training Manager initialized successfully", "correlation_id": "-", "session_id": "-", "timestamp": "2025-08-12T17:50:12.407986+00:00"}
{"asctime": "2025-08-12 19:50:12,408", "levelname": "INFO", "name": "AresGlobal.StepOrchestrator", "message": "✅ Enhanced training manager setup successfully", "correlation_id": "-", "session_id": "-", "timestamp": "2025-08-12T17:50:12.408040+00:00"}
{"asctime": "2025-08-12 19:50:12,408", "levelname": "INFO", "name": "AresGlobal.EnhancedTrainingManager", "message": "================================================================================", "correlation_id": "-", "session_id": "-", "timestamp": "2025-08-12T17:50:12.408094+00:00"}
{"asctime": "2025-08-12 19:50:12,408", "levelname": "INFO", "name": "AresGlobal.EnhancedTrainingManager", "message": "🚀 COMPREHENSIVE 16-STEP ENHANCED TRAINING PIPELINE START", "correlation_id": "-", "session_id": "-", "timestamp": "2025-08-12T17:50:12.408143+00:00"}
{"asctime": "2025-08-12 19:50:12,408", "levelname": "INFO", "name": "AresGlobal.EnhancedTrainingManager", "message": "================================================================================", "correlation_id": "-", "session_id": "-", "timestamp": "2025-08-12T17:50:12.408193+00:00"}
{"asctime": "2025-08-12 19:50:12,408", "levelname": "INFO", "name": "AresGlobal.EnhancedTrainingManager", "message": "📅 Started at: 2025-08-12 19:50:12", "correlation_id": "-", "session_id": "-", "timestamp": "2025-08-12T17:50:12.408249+00:00"}
{"asctime": "2025-08-12 19:50:12,408", "levelname": "INFO", "name": "AresGlobal.EnhancedTrainingManager", "message": "🎯 Symbol: ETHUSDT", "correlation_id": "-", "session_id": "-", "timestamp": "2025-08-12T17:50:12.408300+00:00"}
{"asctime": "2025-08-12 19:50:12,408", "levelname": "INFO", "name": "AresGlobal.EnhancedTrainingManager", "message": "🏢 Exchange: BINANCE", "correlation_id": "-", "session_id": "-", "timestamp": "2025-08-12T17:50:12.408350+00:00"}
{"asctime": "2025-08-12 19:50:12,408", "levelname": "INFO", "name": "AresGlobal.EnhancedTrainingManager", "message": "📊 Training Mode: N/A", "correlation_id": "-", "session_id": "-", "timestamp": "2025-08-12T17:50:12.408399+00:00"}
{"asctime": "2025-08-12 19:50:12,408", "levelname": "INFO", "name": "AresGlobal.EnhancedTrainingManager", "message": "📈 Lookback Days: 180", "correlation_id": "-", "session_id": "-", "timestamp": "2025-08-12T17:50:12.408449+00:00"}
{"asctime": "2025-08-12 19:50:12,408", "levelname": "INFO", "name": "AresGlobal.EnhancedTrainingManager", "message": "🔧 Blank Training Mode: True", "correlation_id": "-", "session_id": "-", "timestamp": "2025-08-12T17:50:12.408498+00:00"}
{"asctime": "2025-08-12 19:50:12,408", "levelname": "INFO", "name": "AresGlobal.EnhancedTrainingManager", "message": "🔧 Max Trials: 200", "correlation_id": "-", "session_id": "-", "timestamp": "2025-08-12T17:50:12.408547+00:00"}
{"asctime": "2025-08-12 19:50:12,408", "levelname": "INFO", "name": "AresGlobal.EnhancedTrainingManager", "message": "🔧 N Trials: 100", "correlation_id": "-", "session_id": "-", "timestamp": "2025-08-12T17:50:12.408595+00:00"}
{"asctime": "2025-08-12 19:50:12,408", "levelname": "INFO", "name": "AresGlobal.EnhancedTrainingManager", "message": "🚀 Initializing optimized tools...", "correlation_id": "-", "session_id": "-", "timestamp": "2025-08-12T17:50:12.408648+00:00"}
{"asctime": "2025-08-12 19:50:12,408", "levelname": "INFO", "name": "AresGlobal.EnhancedTrainingManagerOptimized", "message": "🚀 Initializing Enhanced Training Manager with Optimizations...", "correlation_id": "-", "session_id": "-", "timestamp": "2025-08-12T17:50:12.408698+00:00"}
{"asctime": "2025-08-12 19:50:12,425", "levelname": "INFO", "name": "AresGlobal.EnhancedTrainingManagerOptimized", "message": "✅ Parallel backtester initialized with 8 workers", "correlation_id": "-", "session_id": "-", "timestamp": "2025-08-12T17:50:12.425174+00:00"}
{"asctime": "2025-08-12 19:50:12,425", "levelname": "INFO", "name": "AresGlobal.EnhancedTrainingManagerOptimized", "message": "✅ All optimization components initialized successfully", "correlation_id": "-", "session_id": "-", "timestamp": "2025-08-12T17:50:12.425711+00:00"}
{"asctime": "2025-08-12 19:50:12,425", "levelname": "INFO", "name": "AresGlobal.EnhancedTrainingManager", "message": "   ✅ Optimized training manager initialized", "correlation_id": "-", "session_id": "-", "timestamp": "2025-08-12T17:50:12.425809+00:00"}
{"asctime": "2025-08-12 19:50:12,425", "levelname": "INFO", "name": "AresGlobal.EnhancedTrainingManager", "message": "   ✅ Streaming processor initialized", "correlation_id": "-", "session_id": "-", "timestamp": "2025-08-12T17:50:12.425902+00:00"}
{"asctime": "2025-08-12 19:50:12,426", "levelname": "INFO", "name": "AresGlobal.EnhancedTrainingManager", "message": "   ✅ Parallel backtester initialized with 8 workers", "correlation_id": "-", "session_id": "-", "timestamp": "2025-08-12T17:50:12.426120+00:00"}
{"asctime": "2025-08-12 19:50:12,426", "levelname": "INFO", "name": "AresGlobal.EnhancedTrainingManager", "message": "   ✅ Adaptive sampler initialized", "correlation_id": "-", "session_id": "-", "timestamp": "2025-08-12T17:50:12.426189+00:00"}
{"asctime": "2025-08-12 19:50:12,426", "levelname": "INFO", "name": "AresGlobal.EnhancedTrainingManager", "message": "   ✅ Incremental trainer initialized", "correlation_id": "-", "session_id": "-", "timestamp": "2025-08-12T17:50:12.426245+00:00"}
{"asctime": "2025-08-12 19:50:12,426", "levelname": "INFO", "name": "AresGlobal.EnhancedTrainingManager", "message": "✅ All optimized tools initialized successfully", "correlation_id": "-", "session_id": "-", "timestamp": "2025-08-12T17:50:12.426299+00:00"}
{"asctime": "2025-08-12 19:50:12,426", "levelname": "INFO", "name": "AresGlobal.EnhancedTrainingManager", "message": "📂 Checkpoint loaded: step3_regime_data_splitting from checkpoints/BINANCE/ETHUSDT/1m/training_progress.json", "correlation_id": "-", "session_id": "-", "timestamp": "2025-08-12T17:50:12.426559+00:00"}
{"asctime": "2025-08-12 19:50:12,426", "levelname": "INFO", "name": "AresGlobal.EnhancedTrainingManager", "message": "🔄 Resuming from checkpoint...", "correlation_id": "-", "session_id": "-", "timestamp": "2025-08-12T17:50:12.426630+00:00"}
{"asctime": "2025-08-12 19:50:12,426", "levelname": "INFO", "name": "AresGlobal.EnhancedTrainingManager", "message": "📂 Last completed step: step3_regime_data_splitting", "correlation_id": "-", "session_id": "-", "timestamp": "2025-08-12T17:50:12.426686+00:00"}
{"asctime": "2025-08-12 19:50:12,426", "levelname": "INFO", "name": "AresGlobal.EnhancedTrainingManager", "message": "====================================================================================================", "correlation_id": "-", "session_id": "-", "timestamp": "2025-08-12T17:50:12.426741+00:00"}
{"asctime": "2025-08-12 19:50:12,426", "levelname": "INFO", "name": "AresGlobal.EnhancedTrainingManager", "message": "🚀 COMPREHENSIVE TRAINING PIPELINE START", "correlation_id": "-", "session_id": "-", "timestamp": "2025-08-12T17:50:12.426930+00:00"}
{"asctime": "2025-08-12 19:50:12,426", "levelname": "INFO", "name": "AresGlobal.EnhancedTrainingManager", "message": "====================================================================================================", "correlation_id": "-", "session_id": "-", "timestamp": "2025-08-12T17:50:12.427001+00:00"}
{"asctime": "2025-08-12 19:50:12,427", "levelname": "INFO", "name": "AresGlobal.EnhancedTrainingManager", "message": "📅 Started at: 2025-08-12 19:50:12", "correlation_id": "-", "session_id": "-", "timestamp": "2025-08-12T17:50:12.427068+00:00"}
{"asctime": "2025-08-12 19:50:12,427", "levelname": "INFO", "name": "AresGlobal.EnhancedTrainingManager", "message": "🎯 Symbol: ETHUSDT", "correlation_id": "-", "session_id": "-", "timestamp": "2025-08-12T17:50:12.427136+00:00"}
{"asctime": "2025-08-12 19:50:12,427", "levelname": "INFO", "name": "AresGlobal.EnhancedTrainingManager", "message": "🏢 Exchange: BINANCE", "correlation_id": "-", "session_id": "-", "timestamp": "2025-08-12T17:50:12.427195+00:00"}
{"asctime": "2025-08-12 19:50:12,427", "levelname": "INFO", "name": "AresGlobal.EnhancedTrainingManager", "message": "📊 Timeframe: 1m", "correlation_id": "-", "session_id": "-", "timestamp": "2025-08-12T17:50:12.427249+00:00"}
{"asctime": "2025-08-12 19:50:12,427", "levelname": "INFO", "name": "AresGlobal.EnhancedTrainingManager", "message": "🧠 Training Mode: Blank", "correlation_id": "-", "session_id": "-", "timestamp": "2025-08-12T17:50:12.427301+00:00"}
{"asctime": "2025-08-12 19:50:12,427", "levelname": "INFO", "name": "AresGlobal.EnhancedTrainingManager", "message": "🔧 Max Trials: 200", "correlation_id": "-", "session_id": "-", "timestamp": "2025-08-12T17:50:12.427413+00:00"}
{"asctime": "2025-08-12 19:50:12,427", "levelname": "INFO", "name": "AresGlobal.EnhancedTrainingManager", "message": "📈 Lookback Days: 180", "correlation_id": "-", "session_id": "-", "timestamp": "2025-08-12T17:50:12.427651+00:00"}
{"asctime": "2025-08-12 19:50:12,427", "levelname": "INFO", "name": "AresGlobal.EnhancedTrainingManager", "message": "💾 Memory Optimization: Enabled", "correlation_id": "-", "session_id": "-", "timestamp": "2025-08-12T17:50:12.427904+00:00"}
{"asctime": "2025-08-12 19:50:12,428", "levelname": "INFO", "name": "AresGlobal.EnhancedTrainingManager", "message": "🚀 Starting from step: step4_analyst_labeling_feature_engineering", "correlation_id": "-", "session_id": "-", "timestamp": "2025-08-12T17:50:12.428009+00:00"}
{"asctime": "2025-08-12 19:50:12,428", "levelname": "INFO", "name": "AresGlobal.EnhancedTrainingManager", "message": "====================================================================================================", "correlation_id": "-", "session_id": "-", "timestamp": "2025-08-12T17:50:12.428076+00:00"}
{"asctime": "2025-08-12 19:50:12,428", "levelname": "INFO", "name": "AresGlobal.EnhancedTrainingManager", "message": "⏭️  Skipping Step 1: Data Collection (using pre-consolidated data)", "correlation_id": "-", "session_id": "-", "timestamp": "2025-08-12T17:50:12.428143+00:00"}
{"asctime": "2025-08-12 19:50:12,428", "levelname": "INFO", "name": "AresGlobal.EnhancedTrainingManager", "message": "🎭 STEP 2: Market Regime Classification...", "correlation_id": "-", "session_id": "-", "timestamp": "2025-08-12T17:50:12.428227+00:00"}
{"asctime": "2025-08-12 19:50:12,428", "levelname": "INFO", "name": "AresGlobal.EnhancedTrainingManager", "message": "   🧠 Analyzing market regimes and volatility patterns...", "correlation_id": "-", "session_id": "-", "timestamp": "2025-08-12T17:50:12.428312+00:00"}
{"asctime": "2025-08-12 19:50:12,433", "levelname": "INFO", "name": "AresGlobal.UnifiedDataLoader", "message": "🔄 Loading unified data for ETHUSDT on BINANCE", "correlation_id": "-", "session_id": "-", "timestamp": "2025-08-12T17:50:12.433919+00:00"}
{"asctime": "2025-08-12 19:50:12,433", "levelname": "INFO", "name": "AresGlobal.UnifiedDataLoader", "message": "   Timeframe: 1m", "correlation_id": "-", "session_id": "-", "timestamp": "2025-08-12T17:50:12.433995+00:00"}
{"asctime": "2025-08-12 19:50:12,434", "levelname": "INFO", "name": "AresGlobal.UnifiedDataLoader", "message": "   Date range: 2025-02-13 to 2025-08-12", "correlation_id": "-", "session_id": "-", "timestamp": "2025-08-12T17:50:12.434066+00:00"}
{"asctime": "2025-08-12 19:50:12,434", "levelname": "INFO", "name": "AresGlobal.UnifiedDataLoader", "message": "   Streaming: True", "correlation_id": "-", "session_id": "-", "timestamp": "2025-08-12T17:50:12.434120+00:00"}
{"asctime": "2025-08-12 19:50:12,434", "levelname": "INFO", "name": "AresGlobal.UnifiedDataLoader", "message": "   ⚠️ Streaming disabled to avoid segmentation faults", "correlation_id": "-", "session_id": "-", "timestamp": "2025-08-12T17:50:12.434181+00:00"}
{"asctime": "2025-08-12 19:50:12,434", "levelname": "INFO", "name": "AresGlobal.UnifiedDataLoader", "message": "   📁 Found unified data cache, using optimized pyarrow loading", "correlation_id": "-", "session_id": "-", "timestamp": "2025-08-12T17:50:12.434250+00:00"}
{"asctime": "2025-08-12 19:50:12,434", "levelname": "INFO", "name": "AresGlobal.UnifiedDataLoader", "message": "🔧 Using optimized pyarrow loading...", "correlation_id": "-", "session_id": "-", "timestamp": "2025-08-12T17:50:12.434303+00:00"}
{"asctime": "2025-08-12 19:50:12,434", "levelname": "INFO", "name": "AresGlobal.UnifiedDataLoader", "message": "   ⚠️ PyArrow disabled to avoid segmentation faults", "correlation_id": "-", "session_id": "-", "timestamp": "2025-08-12T17:50:12.434401+00:00"}
{"asctime": "2025-08-12 19:50:12,434", "levelname": "INFO", "name": "AresGlobal.UnifiedDataLoader", "message": "🔧 Using memory-efficient streaming loading for 180 days...", "correlation_id": "-", "session_id": "-", "timestamp": "2025-08-12T17:50:12.434472+00:00"}
{"asctime": "2025-08-12 19:50:12,438", "levelname": "INFO", "name": "AresGlobal.UnifiedDataLoader", "message": "📁 Found 178 partition files", "correlation_id": "-", "session_id": "-", "timestamp": "2025-08-12T17:50:12.438612+00:00"}
{"asctime": "2025-08-12 19:50:12,522", "levelname": "INFO", "name": "AresGlobal.UnifiedDataLoader", "message": "   📄 Processing file 1/178: part-0.parquet", "correlation_id": "-", "session_id": "-", "timestamp": "2025-08-12T17:50:12.522014+00:00"}
{"asctime": "2025-08-12 19:50:12,577", "levelname": "ERROR", "name": "AresGlobal.UnifiedDataLoader", "message": "   ❌ Failed to load chunk 1: Pandas requires version '2022.12.0' or newer of 'fastparquet' (version '0.8.3' currently installed).", "correlation_id": "-", "session_id": "-", "timestamp": "2025-08-12T17:50:12.577309+00:00"}
{"asctime": "2025-08-12 19:50:12,652", "levelname": "ERROR", "name": "AresGlobal.UnifiedDataLoader", "message": "   ❌ Failed to load chunk 2: Pandas requires version '2022.12.0' or newer of 'fastparquet' (version '0.8.3' currently installed).", "correlation_id": "-", "session_id": "-", "timestamp": "2025-08-12T17:50:12.652392+00:00"}
{"asctime": "2025-08-12 19:50:12,721", "levelname": "ERROR", "name": "AresGlobal.UnifiedDataLoader", "message": "   ❌ Failed to load chunk 3: Pandas requires version '2022.12.0' or newer of 'fastparquet' (version '0.8.3' currently installed).", "correlation_id": "-", "session_id": "-", "timestamp": "2025-08-12T17:50:12.721184+00:00"}
{"asctime": "2025-08-12 19:50:12,792", "levelname": "ERROR", "name": "AresGlobal.UnifiedDataLoader", "message": "   ❌ Failed to load chunk 4: Pandas requires version '2022.12.0' or newer of 'fastparquet' (version '0.8.3' currently installed).", "correlation_id": "-", "session_id": "-", "timestamp": "2025-08-12T17:50:12.792227+00:00"}
{"asctime": "2025-08-12 19:50:12,861", "levelname": "ERROR", "name": "AresGlobal.UnifiedDataLoader", "message": "   ❌ Failed to load chunk 5: Pandas requires version '2022.12.0' or newer of 'fastparquet' (version '0.8.3' currently installed).", "correlation_id": "-", "session_id": "-", "timestamp": "2025-08-12T17:50:12.861516+00:00"}
{"asctime": "2025-08-12 19:50:12,931", "levelname": "ERROR", "name": "AresGlobal.UnifiedDataLoader", "message": "   ❌ Failed to load chunk 6: Pandas requires version '2022.12.0' or newer of 'fastparquet' (version '0.8.3' currently installed).", "correlation_id": "-", "session_id": "-", "timestamp": "2025-08-12T17:50:12.931740+00:00"}
{"asctime": "2025-08-12 19:50:13,000", "levelname": "ERROR", "name": "AresGlobal.UnifiedDataLoader", "message": "   ❌ Failed to load chunk 7: Pandas requires version '2022.12.0' or newer of 'fastparquet' (version '0.8.3' currently installed).", "correlation_id": "-", "session_id": "-", "timestamp": "2025-08-12T17:50:13.000909+00:00"}
{"asctime": "2025-08-12 19:50:13,069", "levelname": "ERROR", "name": "AresGlobal.UnifiedDataLoader", "message": "   ❌ Failed to load chunk 8: Pandas requires version '2022.12.0' or newer of 'fastparquet' (version '0.8.3' currently installed).", "correlation_id": "-", "session_id": "-", "timestamp": "2025-08-12T17:50:13.069680+00:00"}
{"asctime": "2025-08-12 19:50:13,139", "levelname": "ERROR", "name": "AresGlobal.UnifiedDataLoader", "message": "   ❌ Failed to load chunk 9: Pandas requires version '2022.12.0' or newer of 'fastparquet' (version '0.8.3' currently installed).", "correlation_id": "-", "session_id": "-", "timestamp": "2025-08-12T17:50:13.139498+00:00"}
{"asctime": "2025-08-12 19:50:13,208", "levelname": "INFO", "name": "AresGlobal.UnifiedDataLoader", "message": "   📄 Processing file 10/178: part-0.parquet", "correlation_id": "-", "session_id": "-", "timestamp": "2025-08-12T17:50:13.208936+00:00"}
{"asctime": "2025-08-12 19:50:13,209", "levelname": "ERROR", "name": "AresGlobal.UnifiedDataLoader", "message": "   ❌ Failed to load chunk 10: Pandas requires version '2022.12.0' or newer of 'fastparquet' (version '0.8.3' currently installed).", "correlation_id": "-", "session_id": "-", "timestamp": "2025-08-12T17:50:13.209168+00:00"}
{"asctime": "2025-08-12 19:50:13,279", "levelname": "ERROR", "name": "AresGlobal.UnifiedDataLoader", "message": "   ❌ Failed to load chunk 11: Pandas requires version '2022.12.0' or newer of 'fastparquet' (version '0.8.3' currently installed).", "correlation_id": "-", "session_id": "-", "timestamp": "2025-08-12T17:50:13.279571+00:00"}
{"asctime": "2025-08-12 19:50:13,352", "levelname": "ERROR", "name": "AresGlobal.UnifiedDataLoader", "message": "   ❌ Failed to load chunk 12: Pandas requires version '2022.12.0' or newer of 'fastparquet' (version '0.8.3' currently installed).", "correlation_id": "-", "session_id": "-", "timestamp": "2025-08-12T17:50:13.352889+00:00"}
{"asctime": "2025-08-12 19:50:13,426", "levelname": "ERROR", "name": "AresGlobal.UnifiedDataLoader", "message": "   ❌ Failed to load chunk 13: Pandas requires version '2022.12.0' or newer of 'fastparquet' (version '0.8.3' currently installed).", "correlation_id": "-", "session_id": "-", "timestamp": "2025-08-12T17:50:13.426477+00:00"}
{"asctime": "2025-08-12 19:50:13,500", "levelname": "ERROR", "name": "AresGlobal.UnifiedDataLoader", "message": "   ❌ Failed to load chunk 14: Pandas requires version '2022.12.0' or newer of 'fastparquet' (version '0.8.3' currently installed).", "correlation_id": "-", "session_id": "-", "timestamp": "2025-08-12T17:50:13.500811+00:00"}
{"asctime": "2025-08-12 19:50:13,572", "levelname": "ERROR", "name": "AresGlobal.UnifiedDataLoader", "message": "   ❌ Failed to load chunk 15: Pandas requires version '2022.12.0' or newer of 'fastparquet' (version '0.8.3' currently installed).", "correlation_id": "-", "session_id": "-", "timestamp": "2025-08-12T17:50:13.572116+00:00"}
{"asctime": "2025-08-12 19:50:13,642", "levelname": "ERROR", "name": "AresGlobal.UnifiedDataLoader", "message": "   ❌ Failed to load chunk 16: Pandas requires version '2022.12.0' or newer of 'fastparquet' (version '0.8.3' currently installed).", "correlation_id": "-", "session_id": "-", "timestamp": "2025-08-12T17:50:13.642860+00:00"}
{"asctime": "2025-08-12 19:50:13,712", "levelname": "ERROR", "name": "AresGlobal.UnifiedDataLoader", "message": "   ❌ Failed to load chunk 17: Pandas requires version '2022.12.0' or newer of 'fastparquet' (version '0.8.3' currently installed).", "correlation_id": "-", "session_id": "-", "timestamp": "2025-08-12T17:50:13.712717+00:00"}
{"asctime": "2025-08-12 19:50:13,784", "levelname": "ERROR", "name": "AresGlobal.UnifiedDataLoader", "message": "   ❌ Failed to load chunk 18: Pandas requires version '2022.12.0' or newer of 'fastparquet' (version '0.8.3' currently installed).", "correlation_id": "-", "session_id": "-", "timestamp": "2025-08-12T17:50:13.784061+00:00"}
{"asctime": "2025-08-12 19:50:13,853", "levelname": "ERROR", "name": "AresGlobal.UnifiedDataLoader", "message": "   ❌ Failed to load chunk 19: Pandas requires version '2022.12.0' or newer of 'fastparquet' (version '0.8.3' currently installed).", "correlation_id": "-", "session_id": "-", "timestamp": "2025-08-12T17:50:13.853681+00:00"}
{"asctime": "2025-08-12 19:50:13,923", "levelname": "INFO", "name": "AresGlobal.UnifiedDataLoader", "message": "   📄 Processing file 20/178: part-0.parquet", "correlation_id": "-", "session_id": "-", "timestamp": "2025-08-12T17:50:13.923680+00:00"}
{"asctime": "2025-08-12 19:50:13,923", "levelname": "ERROR", "name": "AresGlobal.UnifiedDataLoader", "message": "   ❌ Failed to load chunk 20: Pandas requires version '2022.12.0' or newer of 'fastparquet' (version '0.8.3' currently installed).", "correlation_id": "-", "session_id": "-", "timestamp": "2025-08-12T17:50:13.923921+00:00"}
{"asctime": "2025-08-12 19:50:13,992", "levelname": "ERROR", "name": "AresGlobal.UnifiedDataLoader", "message": "   ❌ Failed to load chunk 21: Pandas requires version '2022.12.0' or newer of 'fastparquet' (version '0.8.3' currently installed).", "correlation_id": "-", "session_id": "-", "timestamp": "2025-08-12T17:50:13.992916+00:00"}
{"asctime": "2025-08-12 19:50:14,061", "levelname": "ERROR", "name": "AresGlobal.UnifiedDataLoader", "message": "   ❌ Failed to load chunk 22: Pandas requires version '2022.12.0' or newer of 'fastparquet' (version '0.8.3' currently installed).", "correlation_id": "-", "session_id": "-", "timestamp": "2025-08-12T17:50:14.061543+00:00"}
{"asctime": "2025-08-12 19:50:14,131", "levelname": "ERROR", "name": "AresGlobal.UnifiedDataLoader", "message": "   ❌ Failed to load chunk 23: Pandas requires version '2022.12.0' or newer of 'fastparquet' (version '0.8.3' currently installed).", "correlation_id": "-", "session_id": "-", "timestamp": "2025-08-12T17:50:14.131461+00:00"}
{"asctime": "2025-08-12 19:50:14,200", "levelname": "ERROR", "name": "AresGlobal.UnifiedDataLoader", "message": "   ❌ Failed to load chunk 24: Pandas requires version '2022.12.0' or newer of 'fastparquet' (version '0.8.3' currently installed).", "correlation_id": "-", "session_id": "-", "timestamp": "2025-08-12T17:50:14.200199+00:00"}
{"asctime": "2025-08-12 19:50:14,273", "levelname": "ERROR", "name": "AresGlobal.UnifiedDataLoader", "message": "   ❌ Failed to load chunk 25: Pandas requires version '2022.12.0' or newer of 'fastparquet' (version '0.8.3' currently installed).", "correlation_id": "-", "session_id": "-", "timestamp": "2025-08-12T17:50:14.273397+00:00"}
{"asctime": "2025-08-12 19:50:14,342", "levelname": "ERROR", "name": "AresGlobal.UnifiedDataLoader", "message": "   ❌ Failed to load chunk 26: Pandas requires version '2022.12.0' or newer of 'fastparquet' (version '0.8.3' currently installed).", "correlation_id": "-", "session_id": "-", "timestamp": "2025-08-12T17:50:14.342481+00:00"}
{"asctime": "2025-08-12 19:50:14,412", "levelname": "ERROR", "name": "AresGlobal.UnifiedDataLoader", "message": "   ❌ Failed to load chunk 27: Pandas requires version '2022.12.0' or newer of 'fastparquet' (version '0.8.3' currently installed).", "correlation_id": "-", "session_id": "-", "timestamp": "2025-08-12T17:50:14.412322+00:00"}
{"asctime": "2025-08-12 19:50:14,482", "levelname": "ERROR", "name": "AresGlobal.UnifiedDataLoader", "message": "   ❌ Failed to load chunk 28: Pandas requires version '2022.12.0' or newer of 'fastparquet' (version '0.8.3' currently installed).", "correlation_id": "-", "session_id": "-", "timestamp": "2025-08-12T17:50:14.482670+00:00"}
{"asctime": "2025-08-12 19:50:14,552", "levelname": "ERROR", "name": "AresGlobal.UnifiedDataLoader", "message": "   ❌ Failed to load chunk 29: Pandas requires version '2022.12.0' or newer of 'fastparquet' (version '0.8.3' currently installed).", "correlation_id": "-", "session_id": "-", "timestamp": "2025-08-12T17:50:14.552789+00:00"}
{"asctime": "2025-08-12 19:50:14,621", "levelname": "INFO", "name": "AresGlobal.UnifiedDataLoader", "message": "   📄 Processing file 30/178: part-0.parquet", "correlation_id": "-", "session_id": "-", "timestamp": "2025-08-12T17:50:14.622007+00:00"}
{"asctime": "2025-08-12 19:50:14,622", "levelname": "ERROR", "name": "AresGlobal.UnifiedDataLoader", "message": "   ❌ Failed to load chunk 30: Pandas requires version '2022.12.0' or newer of 'fastparquet' (version '0.8.3' currently installed).", "correlation_id": "-", "session_id": "-", "timestamp": "2025-08-12T17:50:14.622331+00:00"}
{"asctime": "2025-08-12 19:50:14,750", "levelname": "ERROR", "name": "AresGlobal.UnifiedDataLoader", "message": "   ❌ Failed to load chunk 31: Pandas requires version '2022.12.0' or newer of 'fastparquet' (version '0.8.3' currently installed).", "correlation_id": "-", "session_id": "-", "timestamp": "2025-08-12T17:50:14.750285+00:00"}
{"asctime": "2025-08-12 19:50:14,820", "levelname": "ERROR", "name": "AresGlobal.UnifiedDataLoader", "message": "   ❌ Failed to load chunk 32: Pandas requires version '2022.12.0' or newer of 'fastparquet' (version '0.8.3' currently installed).", "correlation_id": "-", "session_id": "-", "timestamp": "2025-08-12T17:50:14.821002+00:00"}
{"asctime": "2025-08-12 19:50:14,891", "levelname": "ERROR", "name": "AresGlobal.UnifiedDataLoader", "message": "   ❌ Failed to load chunk 33: Pandas requires version '2022.12.0' or newer of 'fastparquet' (version '0.8.3' currently installed).", "correlation_id": "-", "session_id": "-", "timestamp": "2025-08-12T17:50:14.891219+00:00"}
{"asctime": "2025-08-12 19:50:14,960", "levelname": "ERROR", "name": "AresGlobal.UnifiedDataLoader", "message": "   ❌ Failed to load chunk 34: Pandas requires version '2022.12.0' or newer of 'fastparquet' (version '0.8.3' currently installed).", "correlation_id": "-", "session_id": "-", "timestamp": "2025-08-12T17:50:14.960290+00:00"}
{"asctime": "2025-08-12 19:50:15,029", "levelname": "ERROR", "name": "AresGlobal.UnifiedDataLoader", "message": "   ❌ Failed to load chunk 35: Pandas requires version '2022.12.0' or newer of 'fastparquet' (version '0.8.3' currently installed).", "correlation_id": "-", "session_id": "-", "timestamp": "2025-08-12T17:50:15.029875+00:00"}
{"asctime": "2025-08-12 19:50:15,099", "levelname": "ERROR", "name": "AresGlobal.UnifiedDataLoader", "message": "   ❌ Failed to load chunk 36: Pandas requires version '2022.12.0' or newer of 'fastparquet' (version '0.8.3' currently installed).", "correlation_id": "-", "session_id": "-", "timestamp": "2025-08-12T17:50:15.099370+00:00"}
{"asctime": "2025-08-12 19:50:15,168", "levelname": "ERROR", "name": "AresGlobal.UnifiedDataLoader", "message": "   ❌ Failed to load chunk 37: Pandas requires version '2022.12.0' or newer of 'fastparquet' (version '0.8.3' currently installed).", "correlation_id": "-", "session_id": "-", "timestamp": "2025-08-12T17:50:15.168710+00:00"}
{"asctime": "2025-08-12 19:50:15,237", "levelname": "ERROR", "name": "AresGlobal.UnifiedDataLoader", "message": "   ❌ Failed to load chunk 38: Pandas requires version '2022.12.0' or newer of 'fastparquet' (version '0.8.3' currently installed).", "correlation_id": "-", "session_id": "-", "timestamp": "2025-08-12T17:50:15.238003+00:00"}
{"asctime": "2025-08-12 19:50:15,307", "levelname": "ERROR", "name": "AresGlobal.UnifiedDataLoader", "message": "   ❌ Failed to load chunk 39: Pandas requires version '2022.12.0' or newer of 'fastparquet' (version '0.8.3' currently installed).", "correlation_id": "-", "session_id": "-", "timestamp": "2025-08-12T17:50:15.307399+00:00"}
{"asctime": "2025-08-12 19:50:15,376", "levelname": "INFO", "name": "AresGlobal.UnifiedDataLoader", "message": "   📄 Processing file 40/178: part-0.parquet", "correlation_id": "-", "session_id": "-", "timestamp": "2025-08-12T17:50:15.376307+00:00"}
{"asctime": "2025-08-12 19:50:15,376", "levelname": "ERROR", "name": "AresGlobal.UnifiedDataLoader", "message": "   ❌ Failed to load chunk 40: Pandas requires version '2022.12.0' or newer of 'fastparquet' (version '0.8.3' currently installed).", "correlation_id": "-", "session_id": "-", "timestamp": "2025-08-12T17:50:15.376544+00:00"}
{"asctime": "2025-08-12 19:50:15,447", "levelname": "ERROR", "name": "AresGlobal.UnifiedDataLoader", "message": "   ❌ Failed to load chunk 41: Pandas requires version '2022.12.0' or newer of 'fastparquet' (version '0.8.3' currently installed).", "correlation_id": "-", "session_id": "-", "timestamp": "2025-08-12T17:50:15.447340+00:00"}
{"asctime": "2025-08-12 19:50:15,519", "levelname": "ERROR", "name": "AresGlobal.UnifiedDataLoader", "message": "   ❌ Failed to load chunk 42: Pandas requires version '2022.12.0' or newer of 'fastparquet' (version '0.8.3' currently installed).", "correlation_id": "-", "session_id": "-", "timestamp": "2025-08-12T17:50:15.519653+00:00"}
{"asctime": "2025-08-12 19:50:15,590", "levelname": "ERROR", "name": "AresGlobal.UnifiedDataLoader", "message": "   ❌ Failed to load chunk 43: Pandas requires version '2022.12.0' or newer of 'fastparquet' (version '0.8.3' currently installed).", "correlation_id": "-", "session_id": "-", "timestamp": "2025-08-12T17:50:15.590690+00:00"}
{"asctime": "2025-08-12 19:50:15,662", "levelname": "ERROR", "name": "AresGlobal.UnifiedDataLoader", "message": "   ❌ Failed to load chunk 44: Pandas requires version '2022.12.0' or newer of 'fastparquet' (version '0.8.3' currently installed).", "correlation_id": "-", "session_id": "-", "timestamp": "2025-08-12T17:50:15.662484+00:00"}
{"asctime": "2025-08-12 19:50:15,736", "levelname": "ERROR", "name": "AresGlobal.UnifiedDataLoader", "message": "   ❌ Failed to load chunk 45: Pandas requires version '2022.12.0' or newer of 'fastparquet' (version '0.8.3' currently installed).", "correlation_id": "-", "session_id": "-", "timestamp": "2025-08-12T17:50:15.736011+00:00"}
{"asctime": "2025-08-12 19:50:15,808", "levelname": "ERROR", "name": "AresGlobal.UnifiedDataLoader", "message": "   ❌ Failed to load chunk 46: Pandas requires version '2022.12.0' or newer of 'fastparquet' (version '0.8.3' currently installed).", "correlation_id": "-", "session_id": "-", "timestamp": "2025-08-12T17:50:15.808698+00:00"}
{"asctime": "2025-08-12 19:50:15,882", "levelname": "ERROR", "name": "AresGlobal.UnifiedDataLoader", "message": "   ❌ Failed to load chunk 47: Pandas requires version '2022.12.0' or newer of 'fastparquet' (version '0.8.3' currently installed).", "correlation_id": "-", "session_id": "-", "timestamp": "2025-08-12T17:50:15.882324+00:00"}
{"asctime": "2025-08-12 19:50:15,954", "levelname": "ERROR", "name": "AresGlobal.UnifiedDataLoader", "message": "   ❌ Failed to load chunk 48: Pandas requires version '2022.12.0' or newer of 'fastparquet' (version '0.8.3' currently installed).", "correlation_id": "-", "session_id": "-", "timestamp": "2025-08-12T17:50:15.954557+00:00"}
{"asctime": "2025-08-12 19:50:16,027", "levelname": "ERROR", "name": "AresGlobal.UnifiedDataLoader", "message": "   ❌ Failed to load chunk 49: Pandas requires version '2022.12.0' or newer of 'fastparquet' (version '0.8.3' currently installed).", "correlation_id": "-", "session_id": "-", "timestamp": "2025-08-12T17:50:16.027724+00:00"}
{"asctime": "2025-08-12 19:50:16,099", "levelname": "INFO", "name": "AresGlobal.UnifiedDataLoader", "message": "   📄 Processing file 50/178: part-0.parquet", "correlation_id": "-", "session_id": "-", "timestamp": "2025-08-12T17:50:16.099418+00:00"}
{"asctime": "2025-08-12 19:50:16,099", "levelname": "ERROR", "name": "AresGlobal.UnifiedDataLoader", "message": "   ❌ Failed to load chunk 50: Pandas requires version '2022.12.0' or newer of 'fastparquet' (version '0.8.3' currently installed).", "correlation_id": "-", "session_id": "-", "timestamp": "2025-08-12T17:50:16.099668+00:00"}
{"asctime": "2025-08-12 19:50:16,170", "levelname": "ERROR", "name": "AresGlobal.UnifiedDataLoader", "message": "   ❌ Failed to load chunk 51: Pandas requires version '2022.12.0' or newer of 'fastparquet' (version '0.8.3' currently installed).", "correlation_id": "-", "session_id": "-", "timestamp": "2025-08-12T17:50:16.170055+00:00"}
{"asctime": "2025-08-12 19:50:16,241", "levelname": "ERROR", "name": "AresGlobal.UnifiedDataLoader", "message": "   ❌ Failed to load chunk 52: Pandas requires version '2022.12.0' or newer of 'fastparquet' (version '0.8.3' currently installed).", "correlation_id": "-", "session_id": "-", "timestamp": "2025-08-12T17:50:16.241065+00:00"}
{"asctime": "2025-08-12 19:50:16,313", "levelname": "ERROR", "name": "AresGlobal.UnifiedDataLoader", "message": "   ❌ Failed to load chunk 53: Pandas requires version '2022.12.0' or newer of 'fastparquet' (version '0.8.3' currently installed).", "correlation_id": "-", "session_id": "-", "timestamp": "2025-08-12T17:50:16.313219+00:00"}
{"asctime": "2025-08-12 19:50:16,385", "levelname": "ERROR", "name": "AresGlobal.UnifiedDataLoader", "message": "   ❌ Failed to load chunk 54: Pandas requires version '2022.12.0' or newer of 'fastparquet' (version '0.8.3' currently installed).", "correlation_id": "-", "session_id": "-", "timestamp": "2025-08-12T17:50:16.385022+00:00"}
{"asctime": "2025-08-12 19:50:16,455", "levelname": "ERROR", "name": "AresGlobal.UnifiedDataLoader", "message": "   ❌ Failed to load chunk 55: Pandas requires version '2022.12.0' or newer of 'fastparquet' (version '0.8.3' currently installed).", "correlation_id": "-", "session_id": "-", "timestamp": "2025-08-12T17:50:16.455515+00:00"}
{"asctime": "2025-08-12 19:50:16,526", "levelname": "ERROR", "name": "AresGlobal.UnifiedDataLoader", "message": "   ❌ Failed to load chunk 56: Pandas requires version '2022.12.0' or newer of 'fastparquet' (version '0.8.3' currently installed).", "correlation_id": "-", "session_id": "-", "timestamp": "2025-08-12T17:50:16.526164+00:00"}
{"asctime": "2025-08-12 19:50:16,596", "levelname": "ERROR", "name": "AresGlobal.UnifiedDataLoader", "message": "   ❌ Failed to load chunk 57: Pandas requires version '2022.12.0' or newer of 'fastparquet' (version '0.8.3' currently installed).", "correlation_id": "-", "session_id": "-", "timestamp": "2025-08-12T17:50:16.596469+00:00"}
{"asctime": "2025-08-12 19:50:16,667", "levelname": "ERROR", "name": "AresGlobal.UnifiedDataLoader", "message": "   ❌ Failed to load chunk 58: Pandas requires version '2022.12.0' or newer of 'fastparquet' (version '0.8.3' currently installed).", "correlation_id": "-", "session_id": "-", "timestamp": "2025-08-12T17:50:16.667759+00:00"}
{"asctime": "2025-08-12 19:50:16,739", "levelname": "ERROR", "name": "AresGlobal.UnifiedDataLoader", "message": "   ❌ Failed to load chunk 59: Pandas requires version '2022.12.0' or newer of 'fastparquet' (version '0.8.3' currently installed).", "correlation_id": "-", "session_id": "-", "timestamp": "2025-08-12T17:50:16.739771+00:00"}
{"asctime": "2025-08-12 19:50:16,809", "levelname": "INFO", "name": "AresGlobal.UnifiedDataLoader", "message": "   📄 Processing file 60/178: part-0.parquet", "correlation_id": "-", "session_id": "-", "timestamp": "2025-08-12T17:50:16.809736+00:00"}
{"asctime": "2025-08-12 19:50:16,809", "levelname": "ERROR", "name": "AresGlobal.UnifiedDataLoader", "message": "   ❌ Failed to load chunk 60: Pandas requires version '2022.12.0' or newer of 'fastparquet' (version '0.8.3' currently installed).", "correlation_id": "-", "session_id": "-", "timestamp": "2025-08-12T17:50:16.809975+00:00"}
{"asctime": "2025-08-12 19:50:16,880", "levelname": "ERROR", "name": "AresGlobal.UnifiedDataLoader", "message": "   ❌ Failed to load chunk 61: Pandas requires version '2022.12.0' or newer of 'fastparquet' (version '0.8.3' currently installed).", "correlation_id": "-", "session_id": "-", "timestamp": "2025-08-12T17:50:16.880623+00:00"}
{"asctime": "2025-08-12 19:50:16,950", "levelname": "ERROR", "name": "AresGlobal.UnifiedDataLoader", "message": "   ❌ Failed to load chunk 62: Pandas requires version '2022.12.0' or newer of 'fastparquet' (version '0.8.3' currently installed).", "correlation_id": "-", "session_id": "-", "timestamp": "2025-08-12T17:50:16.950445+00:00"}
{"asctime": "2025-08-12 19:50:17,020", "levelname": "ERROR", "name": "AresGlobal.UnifiedDataLoader", "message": "   ❌ Failed to load chunk 63: Pandas requires version '2022.12.0' or newer of 'fastparquet' (version '0.8.3' currently installed).", "correlation_id": "-", "session_id": "-", "timestamp": "2025-08-12T17:50:17.020183+00:00"}
{"asctime": "2025-08-12 19:50:17,089", "levelname": "ERROR", "name": "AresGlobal.UnifiedDataLoader", "message": "   ❌ Failed to load chunk 64: Pandas requires version '2022.12.0' or newer of 'fastparquet' (version '0.8.3' currently installed).", "correlation_id": "-", "session_id": "-", "timestamp": "2025-08-12T17:50:17.089912+00:00"}
{"asctime": "2025-08-12 19:50:17,159", "levelname": "ERROR", "name": "AresGlobal.UnifiedDataLoader", "message": "   ❌ Failed to load chunk 65: Pandas requires version '2022.12.0' or newer of 'fastparquet' (version '0.8.3' currently installed).", "correlation_id": "-", "session_id": "-", "timestamp": "2025-08-12T17:50:17.159421+00:00"}
{"asctime": "2025-08-12 19:50:17,229", "levelname": "ERROR", "name": "AresGlobal.UnifiedDataLoader", "message": "   ❌ Failed to load chunk 66: Pandas requires version '2022.12.0' or newer of 'fastparquet' (version '0.8.3' currently installed).", "correlation_id": "-", "session_id": "-", "timestamp": "2025-08-12T17:50:17.229418+00:00"}
{"asctime": "2025-08-12 19:50:17,300", "levelname": "ERROR", "name": "AresGlobal.UnifiedDataLoader", "message": "   ❌ Failed to load chunk 67: Pandas requires version '2022.12.0' or newer of 'fastparquet' (version '0.8.3' currently installed).", "correlation_id": "-", "session_id": "-", "timestamp": "2025-08-12T17:50:17.300087+00:00"}
{"asctime": "2025-08-12 19:50:17,369", "levelname": "ERROR", "name": "AresGlobal.UnifiedDataLoader", "message": "   ❌ Failed to load chunk 68: Pandas requires version '2022.12.0' or newer of 'fastparquet' (version '0.8.3' currently installed).", "correlation_id": "-", "session_id": "-", "timestamp": "2025-08-12T17:50:17.369126+00:00"}
{"asctime": "2025-08-12 19:50:17,437", "levelname": "ERROR", "name": "AresGlobal.UnifiedDataLoader", "message": "   ❌ Failed to load chunk 69: Pandas requires version '2022.12.0' or newer of 'fastparquet' (version '0.8.3' currently installed).", "correlation_id": "-", "session_id": "-", "timestamp": "2025-08-12T17:50:17.437670+00:00"}
{"asctime": "2025-08-12 19:50:17,506", "levelname": "INFO", "name": "AresGlobal.UnifiedDataLoader", "message": "   📄 Processing file 70/178: part-0.parquet", "correlation_id": "-", "session_id": "-", "timestamp": "2025-08-12T17:50:17.506672+00:00"}
{"asctime": "2025-08-12 19:50:17,506", "levelname": "ERROR", "name": "AresGlobal.UnifiedDataLoader", "message": "   ❌ Failed to load chunk 70: Pandas requires version '2022.12.0' or newer of 'fastparquet' (version '0.8.3' currently installed).", "correlation_id": "-", "session_id": "-", "timestamp": "2025-08-12T17:50:17.506910+00:00"}
{"asctime": "2025-08-12 19:50:17,575", "levelname": "ERROR", "name": "AresGlobal.UnifiedDataLoader", "message": "   ❌ Failed to load chunk 71: Pandas requires version '2022.12.0' or newer of 'fastparquet' (version '0.8.3' currently installed).", "correlation_id": "-", "session_id": "-", "timestamp": "2025-08-12T17:50:17.575209+00:00"}
{"asctime": "2025-08-12 19:50:17,643", "levelname": "ERROR", "name": "AresGlobal.UnifiedDataLoader", "message": "   ❌ Failed to load chunk 72: Pandas requires version '2022.12.0' or newer of 'fastparquet' (version '0.8.3' currently installed).", "correlation_id": "-", "session_id": "-", "timestamp": "2025-08-12T17:50:17.643707+00:00"}
{"asctime": "2025-08-12 19:50:17,712", "levelname": "ERROR", "name": "AresGlobal.UnifiedDataLoader", "message": "   ❌ Failed to load chunk 73: Pandas requires version '2022.12.0' or newer of 'fastparquet' (version '0.8.3' currently installed).", "correlation_id": "-", "session_id": "-", "timestamp": "2025-08-12T17:50:17.712873+00:00"}
{"asctime": "2025-08-12 19:50:17,782", "levelname": "ERROR", "name": "AresGlobal.UnifiedDataLoader", "message": "   ❌ Failed to load chunk 74: Pandas requires version '2022.12.0' or newer of 'fastparquet' (version '0.8.3' currently installed).", "correlation_id": "-", "session_id": "-", "timestamp": "2025-08-12T17:50:17.782764+00:00"}
{"asctime": "2025-08-12 19:50:17,852", "levelname": "INFO", "name": "AresGlobal.AresLauncher", "message": "🧹 Cleaning up processes...", "correlation_id": "-", "session_id": "-", "timestamp": "2025-08-12T17:50:17.852930+00:00"}
{"asctime": "2025-08-12 19:50:17,852", "levelname": "INFO", "name": "AresGlobal.AresLauncher", "message": "✅ Cleanup completed", "correlation_id": "-", "session_id": "-", "timestamp": "2025-08-12T17:50:17.852995+00:00"}
{"asctime": "2025-08-12 19:50:17,853", "levelname": "ERROR", "name": "AresGlobal.UnifiedDataLoader", "message": "   ❌ Failed to load chunk 75: Pandas requires version '2022.12.0' or newer of 'fastparquet' (version '0.8.3' currently installed).", "correlation_id": "-", "session_id": "-", "timestamp": "2025-08-12T17:50:17.853190+00:00"}
{"asctime": "2025-08-12 19:50:17,922", "levelname": "ERROR", "name": "AresGlobal.UnifiedDataLoader", "message": "   ❌ Failed to load chunk 76: Pandas requires version '2022.12.0' or newer of 'fastparquet' (version '0.8.3' currently installed).", "correlation_id": "-", "session_id": "-", "timestamp": "2025-08-12T17:50:17.922139+00:00"}
{"asctime": "2025-08-12 19:50:17,989", "levelname": "ERROR", "name": "AresGlobal.UnifiedDataLoader", "message": "   ❌ Failed to load chunk 77: Pandas requires version '2022.12.0' or newer of 'fastparquet' (version '0.8.3' currently installed).", "correlation_id": "-", "session_id": "-", "timestamp": "2025-08-12T17:50:17.989797+00:00"}
{"asctime": "2025-08-12 19:50:18,059", "levelname": "ERROR", "name": "AresGlobal.UnifiedDataLoader", "message": "   ❌ Failed to load chunk 78: Pandas requires version '2022.12.0' or newer of 'fastparquet' (version '0.8.3' currently installed).", "correlation_id": "-", "session_id": "-", "timestamp": "2025-08-12T17:50:18.059745+00:00"}
{"asctime": "2025-08-12 19:50:18,128", "levelname": "ERROR", "name": "AresGlobal.UnifiedDataLoader", "message": "   ❌ Failed to load chunk 79: Pandas requires version '2022.12.0' or newer of 'fastparquet' (version '0.8.3' currently installed).", "correlation_id": "-", "session_id": "-", "timestamp": "2025-08-12T17:50:18.128103+00:00"}
{"asctime": "2025-08-12 19:50:18,197", "levelname": "INFO", "name": "AresGlobal.UnifiedDataLoader", "message": "   📄 Processing file 80/178: part-0.parquet", "correlation_id": "-", "session_id": "-", "timestamp": "2025-08-12T17:50:18.197681+00:00"}
{"asctime": "2025-08-12 19:50:18,197", "levelname": "ERROR", "name": "AresGlobal.UnifiedDataLoader", "message": "   ❌ Failed to load chunk 80: Pandas requires version '2022.12.0' or newer of 'fastparquet' (version '0.8.3' currently installed).", "correlation_id": "-", "session_id": "-", "timestamp": "2025-08-12T17:50:18.197980+00:00"}
{"asctime": "2025-08-12 19:50:18,267", "levelname": "ERROR", "name": "AresGlobal.UnifiedDataLoader", "message": "   ❌ Failed to load chunk 81: Pandas requires version '2022.12.0' or newer of 'fastparquet' (version '0.8.3' currently installed).", "correlation_id": "-", "session_id": "-", "timestamp": "2025-08-12T17:50:18.267676+00:00"}
{"asctime": "2025-08-12 19:50:18,335", "levelname": "ERROR", "name": "AresGlobal.UnifiedDataLoader", "message": "   ❌ Failed to load chunk 82: Pandas requires version '2022.12.0' or newer of 'fastparquet' (version '0.8.3' currently installed).", "correlation_id": "-", "session_id": "-", "timestamp": "2025-08-12T17:50:18.335763+00:00"}
{"asctime": "2025-08-12 19:50:18,404", "levelname": "ERROR", "name": "AresGlobal.UnifiedDataLoader", "message": "   ❌ Failed to load chunk 83: Pandas requires version '2022.12.0' or newer of 'fastparquet' (version '0.8.3' currently installed).", "correlation_id": "-", "session_id": "-", "timestamp": "2025-08-12T17:50:18.404304+00:00"}
{"asctime": "2025-08-12 19:50:18,473", "levelname": "ERROR", "name": "AresGlobal.UnifiedDataLoader", "message": "   ❌ Failed to load chunk 84: Pandas requires version '2022.12.0' or newer of 'fastparquet' (version '0.8.3' currently installed).", "correlation_id": "-", "session_id": "-", "timestamp": "2025-08-12T17:50:18.473544+00:00"}
{"asctime": "2025-08-12 19:50:18,541", "levelname": "ERROR", "name": "AresGlobal.UnifiedDataLoader", "message": "   ❌ Failed to load chunk 85: Pandas requires version '2022.12.0' or newer of 'fastparquet' (version '0.8.3' currently installed).", "correlation_id": "-", "session_id": "-", "timestamp": "2025-08-12T17:50:18.541566+00:00"}
{"asctime": "2025-08-12 19:50:18,609", "levelname": "ERROR", "name": "AresGlobal.UnifiedDataLoader", "message": "   ❌ Failed to load chunk 86: Pandas requires version '2022.12.0' or newer of 'fastparquet' (version '0.8.3' currently installed).", "correlation_id": "-", "session_id": "-", "timestamp": "2025-08-12T17:50:18.609264+00:00"}
{"asctime": "2025-08-12 19:50:18,676", "levelname": "ERROR", "name": "AresGlobal.UnifiedDataLoader", "message": "   ❌ Failed to load chunk 87: Pandas requires version '2022.12.0' or newer of 'fastparquet' (version '0.8.3' currently installed).", "correlation_id": "-", "session_id": "-", "timestamp": "2025-08-12T17:50:18.676773+00:00"}
{"asctime": "2025-08-12 19:50:18,744", "levelname": "ERROR", "name": "AresGlobal.UnifiedDataLoader", "message": "   ❌ Failed to load chunk 88: Pandas requires version '2022.12.0' or newer of 'fastparquet' (version '0.8.3' currently installed).", "correlation_id": "-", "session_id": "-", "timestamp": "2025-08-12T17:50:18.744034+00:00"}
{"asctime": "2025-08-12 19:50:18,811", "levelname": "ERROR", "name": "AresGlobal.UnifiedDataLoader", "message": "   ❌ Failed to load chunk 89: Pandas requires version '2022.12.0' or newer of 'fastparquet' (version '0.8.3' currently installed).", "correlation_id": "-", "session_id": "-", "timestamp": "2025-08-12T17:50:18.811359+00:00"}
{"asctime": "2025-08-12 19:50:18,879", "levelname": "INFO", "name": "AresGlobal.UnifiedDataLoader", "message": "   📄 Processing file 90/178: part-0.parquet", "correlation_id": "-", "session_id": "-", "timestamp": "2025-08-12T17:50:18.879480+00:00"}
{"asctime": "2025-08-12 19:50:18,879", "levelname": "ERROR", "name": "AresGlobal.UnifiedDataLoader", "message": "   ❌ Failed to load chunk 90: Pandas requires version '2022.12.0' or newer of 'fastparquet' (version '0.8.3' currently installed).", "correlation_id": "-", "session_id": "-", "timestamp": "2025-08-12T17:50:18.879808+00:00"}
{"asctime": "2025-08-12 19:50:18,948", "levelname": "ERROR", "name": "AresGlobal.UnifiedDataLoader", "message": "   ❌ Failed to load chunk 91: Pandas requires version '2022.12.0' or newer of 'fastparquet' (version '0.8.3' currently installed).", "correlation_id": "-", "session_id": "-", "timestamp": "2025-08-12T17:50:18.948070+00:00"}
{"asctime": "2025-08-12 19:50:19,015", "levelname": "ERROR", "name": "AresGlobal.UnifiedDataLoader", "message": "   ❌ Failed to load chunk 92: Pandas requires version '2022.12.0' or newer of 'fastparquet' (version '0.8.3' currently installed).", "correlation_id": "-", "session_id": "-", "timestamp": "2025-08-12T17:50:19.015337+00:00"}
{"asctime": "2025-08-12 19:50:19,084", "levelname": "ERROR", "name": "AresGlobal.UnifiedDataLoader", "message": "   ❌ Failed to load chunk 93: Pandas requires version '2022.12.0' or newer of 'fastparquet' (version '0.8.3' currently installed).", "correlation_id": "-", "session_id": "-", "timestamp": "2025-08-12T17:50:19.084183+00:00"}
{"asctime": "2025-08-12 19:50:19,151", "levelname": "ERROR", "name": "AresGlobal.UnifiedDataLoader", "message": "   ❌ Failed to load chunk 94: Pandas requires version '2022.12.0' or newer of 'fastparquet' (version '0.8.3' currently installed).", "correlation_id": "-", "session_id": "-", "timestamp": "2025-08-12T17:50:19.151811+00:00"}
{"asctime": "2025-08-12 19:50:19,225", "levelname": "ERROR", "name": "AresGlobal.UnifiedDataLoader", "message": "   ❌ Failed to load chunk 95: Pandas requires version '2022.12.0' or newer of 'fastparquet' (version '0.8.3' currently installed).", "correlation_id": "-", "session_id": "-", "timestamp": "2025-08-12T17:50:19.225030+00:00"}
{"asctime": "2025-08-12 19:50:19,292", "levelname": "ERROR", "name": "AresGlobal.UnifiedDataLoader", "message": "   ❌ Failed to load chunk 96: Pandas requires version '2022.12.0' or newer of 'fastparquet' (version '0.8.3' currently installed).", "correlation_id": "-", "session_id": "-", "timestamp": "2025-08-12T17:50:19.292897+00:00"}
{"asctime": "2025-08-12 19:50:19,365", "levelname": "ERROR", "name": "AresGlobal.UnifiedDataLoader", "message": "   ❌ Failed to load chunk 97: Pandas requires version '2022.12.0' or newer of 'fastparquet' (version '0.8.3' currently installed).", "correlation_id": "-", "session_id": "-", "timestamp": "2025-08-12T17:50:19.365689+00:00"}
{"asctime": "2025-08-12 19:50:19,433", "levelname": "ERROR", "name": "AresGlobal.UnifiedDataLoader", "message": "   ❌ Failed to load chunk 98: Pandas requires version '2022.12.0' or newer of 'fastparquet' (version '0.8.3' currently installed).", "correlation_id": "-", "session_id": "-", "timestamp": "2025-08-12T17:50:19.433904+00:00"}
{"asctime": "2025-08-12 19:50:19,502", "levelname": "ERROR", "name": "AresGlobal.UnifiedDataLoader", "message": "   ❌ Failed to load chunk 99: Pandas requires version '2022.12.0' or newer of 'fastparquet' (version '0.8.3' currently installed).", "correlation_id": "-", "session_id": "-", "timestamp": "2025-08-12T17:50:19.502318+00:00"}
{"asctime": "2025-08-12 19:50:19,569", "levelname": "INFO", "name": "AresGlobal.UnifiedDataLoader", "message": "   📄 Processing file 100/178: part-0.parquet", "correlation_id": "-", "session_id": "-", "timestamp": "2025-08-12T17:50:19.569784+00:00"}
{"asctime": "2025-08-12 19:50:19,570", "levelname": "ERROR", "name": "AresGlobal.UnifiedDataLoader", "message": "   ❌ Failed to load chunk 100: Pandas requires version '2022.12.0' or newer of 'fastparquet' (version '0.8.3' currently installed).", "correlation_id": "-", "session_id": "-", "timestamp": "2025-08-12T17:50:19.570021+00:00"}
{"asctime": "2025-08-12 19:50:19,637", "levelname": "ERROR", "name": "AresGlobal.UnifiedDataLoader", "message": "   ❌ Failed to load chunk 101: Pandas requires version '2022.12.0' or newer of 'fastparquet' (version '0.8.3' currently installed).", "correlation_id": "-", "session_id": "-", "timestamp": "2025-08-12T17:50:19.637370+00:00"}
{"asctime": "2025-08-12 19:50:19,704", "levelname": "ERROR", "name": "AresGlobal.UnifiedDataLoader", "message": "   ❌ Failed to load chunk 102: Pandas requires version '2022.12.0' or newer of 'fastparquet' (version '0.8.3' currently installed).", "correlation_id": "-", "session_id": "-", "timestamp": "2025-08-12T17:50:19.704804+00:00"}
{"asctime": "2025-08-12 19:50:19,772", "levelname": "ERROR", "name": "AresGlobal.UnifiedDataLoader", "message": "   ❌ Failed to load chunk 103: Pandas requires version '2022.12.0' or newer of 'fastparquet' (version '0.8.3' currently installed).", "correlation_id": "-", "session_id": "-", "timestamp": "2025-08-12T17:50:19.772743+00:00"}
{"asctime": "2025-08-12 19:50:19,842", "levelname": "ERROR", "name": "AresGlobal.UnifiedDataLoader", "message": "   ❌ Failed to load chunk 104: Pandas requires version '2022.12.0' or newer of 'fastparquet' (version '0.8.3' currently installed).", "correlation_id": "-", "session_id": "-", "timestamp": "2025-08-12T17:50:19.842691+00:00"}
{"asctime": "2025-08-12 19:50:19,910", "levelname": "ERROR", "name": "AresGlobal.UnifiedDataLoader", "message": "   ❌ Failed to load chunk 105: Pandas requires version '2022.12.0' or newer of 'fastparquet' (version '0.8.3' currently installed).", "correlation_id": "-", "session_id": "-", "timestamp": "2025-08-12T17:50:19.910406+00:00"}
{"asctime": "2025-08-12 19:50:19,979", "levelname": "ERROR", "name": "AresGlobal.UnifiedDataLoader", "message": "   ❌ Failed to load chunk 106: Pandas requires version '2022.12.0' or newer of 'fastparquet' (version '0.8.3' currently installed).", "correlation_id": "-", "session_id": "-", "timestamp": "2025-08-12T17:50:19.979035+00:00"}
{"asctime": "2025-08-12 19:50:20,048", "levelname": "ERROR", "name": "AresGlobal.UnifiedDataLoader", "message": "   ❌ Failed to load chunk 107: Pandas requires version '2022.12.0' or newer of 'fastparquet' (version '0.8.3' currently installed).", "correlation_id": "-", "session_id": "-", "timestamp": "2025-08-12T17:50:20.048685+00:00"}
{"asctime": "2025-08-12 19:50:20,116", "levelname": "ERROR", "name": "AresGlobal.UnifiedDataLoader", "message": "   ❌ Failed to load chunk 108: Pandas requires version '2022.12.0' or newer of 'fastparquet' (version '0.8.3' currently installed).", "correlation_id": "-", "session_id": "-", "timestamp": "2025-08-12T17:50:20.116886+00:00"}
{"asctime": "2025-08-12 19:50:20,184", "levelname": "ERROR", "name": "AresGlobal.UnifiedDataLoader", "message": "   ❌ Failed to load chunk 109: Pandas requires version '2022.12.0' or newer of 'fastparquet' (version '0.8.3' currently installed).", "correlation_id": "-", "session_id": "-", "timestamp": "2025-08-12T17:50:20.184951+00:00"}
{"asctime": "2025-08-12 19:50:20,256", "levelname": "INFO", "name": "AresGlobal.UnifiedDataLoader", "message": "   📄 Processing file 110/178: part-0.parquet", "correlation_id": "-", "session_id": "-", "timestamp": "2025-08-12T17:50:20.256289+00:00"}
{"asctime": "2025-08-12 19:50:20,256", "levelname": "ERROR", "name": "AresGlobal.UnifiedDataLoader", "message": "   ❌ Failed to load chunk 110: Pandas requires version '2022.12.0' or newer of 'fastparquet' (version '0.8.3' currently installed).", "correlation_id": "-", "session_id": "-", "timestamp": "2025-08-12T17:50:20.256549+00:00"}
{"asctime": "2025-08-12 19:50:20,328", "levelname": "ERROR", "name": "AresGlobal.UnifiedDataLoader", "message": "   ❌ Failed to load chunk 111: Pandas requires version '2022.12.0' or newer of 'fastparquet' (version '0.8.3' currently installed).", "correlation_id": "-", "session_id": "-", "timestamp": "2025-08-12T17:50:20.328030+00:00"}
{"asctime": "2025-08-12 19:50:20,400", "levelname": "ERROR", "name": "AresGlobal.UnifiedDataLoader", "message": "   ❌ Failed to load chunk 112: Pandas requires version '2022.12.0' or newer of 'fastparquet' (version '0.8.3' currently installed).", "correlation_id": "-", "session_id": "-", "timestamp": "2025-08-12T17:50:20.400395+00:00"}
{"asctime": "2025-08-12 19:50:20,471", "levelname": "ERROR", "name": "AresGlobal.UnifiedDataLoader", "message": "   ❌ Failed to load chunk 113: Pandas requires version '2022.12.0' or newer of 'fastparquet' (version '0.8.3' currently installed).", "correlation_id": "-", "session_id": "-", "timestamp": "2025-08-12T17:50:20.471557+00:00"}
{"asctime": "2025-08-12 19:50:20,544", "levelname": "ERROR", "name": "AresGlobal.UnifiedDataLoader", "message": "   ❌ Failed to load chunk 114: Pandas requires version '2022.12.0' or newer of 'fastparquet' (version '0.8.3' currently installed).", "correlation_id": "-", "session_id": "-", "timestamp": "2025-08-12T17:50:20.544573+00:00"}
{"asctime": "2025-08-12 19:50:20,618", "levelname": "ERROR", "name": "AresGlobal.UnifiedDataLoader", "message": "   ❌ Failed to load chunk 115: Pandas requires version '2022.12.0' or newer of 'fastparquet' (version '0.8.3' currently installed).", "correlation_id": "-", "session_id": "-", "timestamp": "2025-08-12T17:50:20.618062+00:00"}
{"asctime": "2025-08-12 19:50:20,687", "levelname": "ERROR", "name": "AresGlobal.UnifiedDataLoader", "message": "   ❌ Failed to load chunk 116: Pandas requires version '2022.12.0' or newer of 'fastparquet' (version '0.8.3' currently installed).", "correlation_id": "-", "session_id": "-", "timestamp": "2025-08-12T17:50:20.687828+00:00"}
{"asctime": "2025-08-12 19:50:20,757", "levelname": "ERROR", "name": "AresGlobal.UnifiedDataLoader", "message": "   ❌ Failed to load chunk 117: Pandas requires version '2022.12.0' or newer of 'fastparquet' (version '0.8.3' currently installed).", "correlation_id": "-", "session_id": "-", "timestamp": "2025-08-12T17:50:20.757505+00:00"}
{"asctime": "2025-08-12 19:50:20,827", "levelname": "ERROR", "name": "AresGlobal.UnifiedDataLoader", "message": "   ❌ Failed to load chunk 118: Pandas requires version '2022.12.0' or newer of 'fastparquet' (version '0.8.3' currently installed).", "correlation_id": "-", "session_id": "-", "timestamp": "2025-08-12T17:50:20.827113+00:00"}
{"asctime": "2025-08-12 19:50:20,899", "levelname": "ERROR", "name": "AresGlobal.UnifiedDataLoader", "message": "   ❌ Failed to load chunk 119: Pandas requires version '2022.12.0' or newer of 'fastparquet' (version '0.8.3' currently installed).", "correlation_id": "-", "session_id": "-", "timestamp": "2025-08-12T17:50:20.899946+00:00"}
{"asctime": "2025-08-12 19:50:20,972", "levelname": "INFO", "name": "AresGlobal.UnifiedDataLoader", "message": "   📄 Processing file 120/178: part-0.parquet", "correlation_id": "-", "session_id": "-", "timestamp": "2025-08-12T17:50:20.972109+00:00"}
{"asctime": "2025-08-12 19:50:20,972", "levelname": "ERROR", "name": "AresGlobal.UnifiedDataLoader", "message": "   ❌ Failed to load chunk 120: Pandas requires version '2022.12.0' or newer of 'fastparquet' (version '0.8.3' currently installed).", "correlation_id": "-", "session_id": "-", "timestamp": "2025-08-12T17:50:20.972351+00:00"}
{"asctime": "2025-08-12 19:50:21,043", "levelname": "ERROR", "name": "AresGlobal.UnifiedDataLoader", "message": "   ❌ Failed to load chunk 121: Pandas requires version '2022.12.0' or newer of 'fastparquet' (version '0.8.3' currently installed).", "correlation_id": "-", "session_id": "-", "timestamp": "2025-08-12T17:50:21.043920+00:00"}
{"asctime": "2025-08-12 19:50:21,112", "levelname": "ERROR", "name": "AresGlobal.UnifiedDataLoader", "message": "   ❌ Failed to load chunk 122: Pandas requires version '2022.12.0' or newer of 'fastparquet' (version '0.8.3' currently installed).", "correlation_id": "-", "session_id": "-", "timestamp": "2025-08-12T17:50:21.112341+00:00"}
{"asctime": "2025-08-12 19:50:21,186", "levelname": "ERROR", "name": "AresGlobal.UnifiedDataLoader", "message": "   ❌ Failed to load chunk 123: Pandas requires version '2022.12.0' or newer of 'fastparquet' (version '0.8.3' currently installed).", "correlation_id": "-", "session_id": "-", "timestamp": "2025-08-12T17:50:21.186606+00:00"}
{"asctime": "2025-08-12 19:50:21,257", "levelname": "ERROR", "name": "AresGlobal.UnifiedDataLoader", "message": "   ❌ Failed to load chunk 124: Pandas requires version '2022.12.0' or newer of 'fastparquet' (version '0.8.3' currently installed).", "correlation_id": "-", "session_id": "-", "timestamp": "2025-08-12T17:50:21.257309+00:00"}
{"asctime": "2025-08-12 19:50:21,327", "levelname": "ERROR", "name": "AresGlobal.UnifiedDataLoader", "message": "   ❌ Failed to load chunk 125: Pandas requires version '2022.12.0' or newer of 'fastparquet' (version '0.8.3' currently installed).", "correlation_id": "-", "session_id": "-", "timestamp": "2025-08-12T17:50:21.327988+00:00"}
{"asctime": "2025-08-12 19:50:21,402", "levelname": "ERROR", "name": "AresGlobal.UnifiedDataLoader", "message": "   ❌ Failed to load chunk 126: Pandas requires version '2022.12.0' or newer of 'fastparquet' (version '0.8.3' currently installed).", "correlation_id": "-", "session_id": "-", "timestamp": "2025-08-12T17:50:21.402836+00:00"}
{"asctime": "2025-08-12 19:50:21,473", "levelname": "ERROR", "name": "AresGlobal.UnifiedDataLoader", "message": "   ❌ Failed to load chunk 127: Pandas requires version '2022.12.0' or newer of 'fastparquet' (version '0.8.3' currently installed).", "correlation_id": "-", "session_id": "-", "timestamp": "2025-08-12T17:50:21.473170+00:00"}
{"asctime": "2025-08-12 19:50:21,541", "levelname": "ERROR", "name": "AresGlobal.UnifiedDataLoader", "message": "   ❌ Failed to load chunk 128: Pandas requires version '2022.12.0' or newer of 'fastparquet' (version '0.8.3' currently installed).", "correlation_id": "-", "session_id": "-", "timestamp": "2025-08-12T17:50:21.541879+00:00"}
{"asctime": "2025-08-12 19:50:21,610", "levelname": "ERROR", "name": "AresGlobal.UnifiedDataLoader", "message": "   ❌ Failed to load chunk 129: Pandas requires version '2022.12.0' or newer of 'fastparquet' (version '0.8.3' currently installed).", "correlation_id": "-", "session_id": "-", "timestamp": "2025-08-12T17:50:21.610697+00:00"}
{"asctime": "2025-08-12 19:50:21,682", "levelname": "INFO", "name": "AresGlobal.UnifiedDataLoader", "message": "   📄 Processing file 130/178: part-0.parquet", "correlation_id": "-", "session_id": "-", "timestamp": "2025-08-12T17:50:21.682034+00:00"}
{"asctime": "2025-08-12 19:50:21,682", "levelname": "ERROR", "name": "AresGlobal.UnifiedDataLoader", "message": "   ❌ Failed to load chunk 130: Pandas requires version '2022.12.0' or newer of 'fastparquet' (version '0.8.3' currently installed).", "correlation_id": "-", "session_id": "-", "timestamp": "2025-08-12T17:50:21.682316+00:00"}
{"asctime": "2025-08-12 19:50:21,750", "levelname": "ERROR", "name": "AresGlobal.UnifiedDataLoader", "message": "   ❌ Failed to load chunk 131: Pandas requires version '2022.12.0' or newer of 'fastparquet' (version '0.8.3' currently installed).", "correlation_id": "-", "session_id": "-", "timestamp": "2025-08-12T17:50:21.750608+00:00"}
{"asctime": "2025-08-12 19:50:21,821", "levelname": "ERROR", "name": "AresGlobal.UnifiedDataLoader", "message": "   ❌ Failed to load chunk 132: Pandas requires version '2022.12.0' or newer of 'fastparquet' (version '0.8.3' currently installed).", "correlation_id": "-", "session_id": "-", "timestamp": "2025-08-12T17:50:21.821780+00:00"}
{"asctime": "2025-08-12 19:50:21,892", "levelname": "ERROR", "name": "AresGlobal.UnifiedDataLoader", "message": "   ❌ Failed to load chunk 133: Pandas requires version '2022.12.0' or newer of 'fastparquet' (version '0.8.3' currently installed).", "correlation_id": "-", "session_id": "-", "timestamp": "2025-08-12T17:50:21.892150+00:00"}
{"asctime": "2025-08-12 19:50:21,961", "levelname": "ERROR", "name": "AresGlobal.UnifiedDataLoader", "message": "   ❌ Failed to load chunk 134: Pandas requires version '2022.12.0' or newer of 'fastparquet' (version '0.8.3' currently installed).", "correlation_id": "-", "session_id": "-", "timestamp": "2025-08-12T17:50:21.961558+00:00"}
{"asctime": "2025-08-12 19:50:22,087", "levelname": "ERROR", "name": "AresGlobal.UnifiedDataLoader", "message": "   ❌ Failed to load chunk 135: Pandas requires version '2022.12.0' or newer of 'fastparquet' (version '0.8.3' currently installed).", "correlation_id": "-", "session_id": "-", "timestamp": "2025-08-12T17:50:22.087880+00:00"}
{"asctime": "2025-08-12 19:50:22,160", "levelname": "ERROR", "name": "AresGlobal.UnifiedDataLoader", "message": "   ❌ Failed to load chunk 136: Pandas requires version '2022.12.0' or newer of 'fastparquet' (version '0.8.3' currently installed).", "correlation_id": "-", "session_id": "-", "timestamp": "2025-08-12T17:50:22.160290+00:00"}
{"asctime": "2025-08-12 19:50:22,229", "levelname": "ERROR", "name": "AresGlobal.UnifiedDataLoader", "message": "   ❌ Failed to load chunk 137: Pandas requires version '2022.12.0' or newer of 'fastparquet' (version '0.8.3' currently installed).", "correlation_id": "-", "session_id": "-", "timestamp": "2025-08-12T17:50:22.229510+00:00"}
{"asctime": "2025-08-12 19:50:22,298", "levelname": "ERROR", "name": "AresGlobal.UnifiedDataLoader", "message": "   ❌ Failed to load chunk 138: Pandas requires version '2022.12.0' or newer of 'fastparquet' (version '0.8.3' currently installed).", "correlation_id": "-", "session_id": "-", "timestamp": "2025-08-12T17:50:22.298878+00:00"}
{"asctime": "2025-08-12 19:50:22,368", "levelname": "ERROR", "name": "AresGlobal.UnifiedDataLoader", "message": "   ❌ Failed to load chunk 139: Pandas requires version '2022.12.0' or newer of 'fastparquet' (version '0.8.3' currently installed).", "correlation_id": "-", "session_id": "-", "timestamp": "2025-08-12T17:50:22.368835+00:00"}
{"asctime": "2025-08-12 19:50:22,440", "levelname": "INFO", "name": "AresGlobal.UnifiedDataLoader", "message": "   📄 Processing file 140/178: part-0.parquet", "correlation_id": "-", "session_id": "-", "timestamp": "2025-08-12T17:50:22.440220+00:00"}
{"asctime": "2025-08-12 19:50:22,440", "levelname": "ERROR", "name": "AresGlobal.UnifiedDataLoader", "message": "   ❌ Failed to load chunk 140: Pandas requires version '2022.12.0' or newer of 'fastparquet' (version '0.8.3' currently installed).", "correlation_id": "-", "session_id": "-", "timestamp": "2025-08-12T17:50:22.440485+00:00"}
{"asctime": "2025-08-12 19:50:22,509", "levelname": "ERROR", "name": "AresGlobal.UnifiedDataLoader", "message": "   ❌ Failed to load chunk 141: Pandas requires version '2022.12.0' or newer of 'fastparquet' (version '0.8.3' currently installed).", "correlation_id": "-", "session_id": "-", "timestamp": "2025-08-12T17:50:22.509514+00:00"}
{"asctime": "2025-08-12 19:50:22,577", "levelname": "ERROR", "name": "AresGlobal.UnifiedDataLoader", "message": "   ❌ Failed to load chunk 142: Pandas requires version '2022.12.0' or newer of 'fastparquet' (version '0.8.3' currently installed).", "correlation_id": "-", "session_id": "-", "timestamp": "2025-08-12T17:50:22.577613+00:00"}
{"asctime": "2025-08-12 19:50:22,648", "levelname": "ERROR", "name": "AresGlobal.UnifiedDataLoader", "message": "   ❌ Failed to load chunk 143: Pandas requires version '2022.12.0' or newer of 'fastparquet' (version '0.8.3' currently installed).", "correlation_id": "-", "session_id": "-", "timestamp": "2025-08-12T17:50:22.648534+00:00"}
{"asctime": "2025-08-12 19:50:22,719", "levelname": "ERROR", "name": "AresGlobal.UnifiedDataLoader", "message": "   ❌ Failed to load chunk 144: Pandas requires version '2022.12.0' or newer of 'fastparquet' (version '0.8.3' currently installed).", "correlation_id": "-", "session_id": "-", "timestamp": "2025-08-12T17:50:22.719946+00:00"}
{"asctime": "2025-08-12 19:50:22,790", "levelname": "ERROR", "name": "AresGlobal.UnifiedDataLoader", "message": "   ❌ Failed to load chunk 145: Pandas requires version '2022.12.0' or newer of 'fastparquet' (version '0.8.3' currently installed).", "correlation_id": "-", "session_id": "-", "timestamp": "2025-08-12T17:50:22.790794+00:00"}
{"asctime": "2025-08-12 19:50:22,861", "levelname": "ERROR", "name": "AresGlobal.UnifiedDataLoader", "message": "   ❌ Failed to load chunk 146: Pandas requires version '2022.12.0' or newer of 'fastparquet' (version '0.8.3' currently installed).", "correlation_id": "-", "session_id": "-", "timestamp": "2025-08-12T17:50:22.861131+00:00"}
{"asctime": "2025-08-12 19:50:22,933", "levelname": "ERROR", "name": "AresGlobal.UnifiedDataLoader", "message": "   ❌ Failed to load chunk 147: Pandas requires version '2022.12.0' or newer of 'fastparquet' (version '0.8.3' currently installed).", "correlation_id": "-", "session_id": "-", "timestamp": "2025-08-12T17:50:22.933548+00:00"}
{"asctime": "2025-08-12 19:50:23,003", "levelname": "ERROR", "name": "AresGlobal.UnifiedDataLoader", "message": "   ❌ Failed to load chunk 148: Pandas requires version '2022.12.0' or newer of 'fastparquet' (version '0.8.3' currently installed).", "correlation_id": "-", "session_id": "-", "timestamp": "2025-08-12T17:50:23.003666+00:00"}
{"asctime": "2025-08-12 19:50:23,074", "levelname": "ERROR", "name": "AresGlobal.UnifiedDataLoader", "message": "   ❌ Failed to load chunk 149: Pandas requires version '2022.12.0' or newer of 'fastparquet' (version '0.8.3' currently installed).", "correlation_id": "-", "session_id": "-", "timestamp": "2025-08-12T17:50:23.074151+00:00"}
{"asctime": "2025-08-12 19:50:23,144", "levelname": "INFO", "name": "AresGlobal.UnifiedDataLoader", "message": "   📄 Processing file 150/178: part-0.parquet", "correlation_id": "-", "session_id": "-", "timestamp": "2025-08-12T17:50:23.144757+00:00"}
{"asctime": "2025-08-12 19:50:23,145", "levelname": "ERROR", "name": "AresGlobal.UnifiedDataLoader", "message": "   ❌ Failed to load chunk 150: Pandas requires version '2022.12.0' or newer of 'fastparquet' (version '0.8.3' currently installed).", "correlation_id": "-", "session_id": "-", "timestamp": "2025-08-12T17:50:23.145107+00:00"}
{"asctime": "2025-08-12 19:50:23,222", "levelname": "ERROR", "name": "AresGlobal.UnifiedDataLoader", "message": "   ❌ Failed to load chunk 151: Pandas requires version '2022.12.0' or newer of 'fastparquet' (version '0.8.3' currently installed).", "correlation_id": "-", "session_id": "-", "timestamp": "2025-08-12T17:50:23.222152+00:00"}
{"asctime": "2025-08-12 19:50:23,291", "levelname": "ERROR", "name": "AresGlobal.UnifiedDataLoader", "message": "   ❌ Failed to load chunk 152: Pandas requires version '2022.12.0' or newer of 'fastparquet' (version '0.8.3' currently installed).", "correlation_id": "-", "session_id": "-", "timestamp": "2025-08-12T17:50:23.291791+00:00"}
{"asctime": "2025-08-12 19:50:23,361", "levelname": "ERROR", "name": "AresGlobal.UnifiedDataLoader", "message": "   ❌ Failed to load chunk 153: Pandas requires version '2022.12.0' or newer of 'fastparquet' (version '0.8.3' currently installed).", "correlation_id": "-", "session_id": "-", "timestamp": "2025-08-12T17:50:23.361518+00:00"}
{"asctime": "2025-08-12 19:50:23,430", "levelname": "ERROR", "name": "AresGlobal.UnifiedDataLoader", "message": "   ❌ Failed to load chunk 154: Pandas requires version '2022.12.0' or newer of 'fastparquet' (version '0.8.3' currently installed).", "correlation_id": "-", "session_id": "-", "timestamp": "2025-08-12T17:50:23.430979+00:00"}
{"asctime": "2025-08-12 19:50:23,499", "levelname": "ERROR", "name": "AresGlobal.UnifiedDataLoader", "message": "   ❌ Failed to load chunk 155: Pandas requires version '2022.12.0' or newer of 'fastparquet' (version '0.8.3' currently installed).", "correlation_id": "-", "session_id": "-", "timestamp": "2025-08-12T17:50:23.499115+00:00"}
{"asctime": "2025-08-12 19:50:23,568", "levelname": "ERROR", "name": "AresGlobal.UnifiedDataLoader", "message": "   ❌ Failed to load chunk 156: Pandas requires version '2022.12.0' or newer of 'fastparquet' (version '0.8.3' currently installed).", "correlation_id": "-", "session_id": "-", "timestamp": "2025-08-12T17:50:23.568161+00:00"}
{"asctime": "2025-08-12 19:50:23,641", "levelname": "ERROR", "name": "AresGlobal.UnifiedDataLoader", "message": "   ❌ Failed to load chunk 157: Pandas requires version '2022.12.0' or newer of 'fastparquet' (version '0.8.3' currently installed).", "correlation_id": "-", "session_id": "-", "timestamp": "2025-08-12T17:50:23.641335+00:00"}
{"asctime": "2025-08-12 19:50:23,710", "levelname": "ERROR", "name": "AresGlobal.UnifiedDataLoader", "message": "   ❌ Failed to load chunk 158: Pandas requires version '2022.12.0' or newer of 'fastparquet' (version '0.8.3' currently installed).", "correlation_id": "-", "session_id": "-", "timestamp": "2025-08-12T17:50:23.710804+00:00"}
{"asctime": "2025-08-12 19:50:23,779", "levelname": "ERROR", "name": "AresGlobal.UnifiedDataLoader", "message": "   ❌ Failed to load chunk 159: Pandas requires version '2022.12.0' or newer of 'fastparquet' (version '0.8.3' currently installed).", "correlation_id": "-", "session_id": "-", "timestamp": "2025-08-12T17:50:23.779703+00:00"}
{"asctime": "2025-08-12 19:50:23,848", "levelname": "INFO", "name": "AresGlobal.UnifiedDataLoader", "message": "   📄 Processing file 160/178: part-0.parquet", "correlation_id": "-", "session_id": "-", "timestamp": "2025-08-12T17:50:23.848430+00:00"}
{"asctime": "2025-08-12 19:50:23,848", "levelname": "ERROR", "name": "AresGlobal.UnifiedDataLoader", "message": "   ❌ Failed to load chunk 160: Pandas requires version '2022.12.0' or newer of 'fastparquet' (version '0.8.3' currently installed).", "correlation_id": "-", "session_id": "-", "timestamp": "2025-08-12T17:50:23.848707+00:00"}
{"asctime": "2025-08-12 19:50:23,917", "levelname": "ERROR", "name": "AresGlobal.UnifiedDataLoader", "message": "   ❌ Failed to load chunk 161: Pandas requires version '2022.12.0' or newer of 'fastparquet' (version '0.8.3' currently installed).", "correlation_id": "-", "session_id": "-", "timestamp": "2025-08-12T17:50:23.917374+00:00"}
{"asctime": "2025-08-12 19:50:23,985", "levelname": "ERROR", "name": "AresGlobal.UnifiedDataLoader", "message": "   ❌ Failed to load chunk 162: Pandas requires version '2022.12.0' or newer of 'fastparquet' (version '0.8.3' currently installed).", "correlation_id": "-", "session_id": "-", "timestamp": "2025-08-12T17:50:23.985716+00:00"}
{"asctime": "2025-08-12 19:50:24,053", "levelname": "ERROR", "name": "AresGlobal.UnifiedDataLoader", "message": "   ❌ Failed to load chunk 163: Pandas requires version '2022.12.0' or newer of 'fastparquet' (version '0.8.3' currently installed).", "correlation_id": "-", "session_id": "-", "timestamp": "2025-08-12T17:50:24.053979+00:00"}
{"asctime": "2025-08-12 19:50:24,124", "levelname": "ERROR", "name": "AresGlobal.UnifiedDataLoader", "message": "   ❌ Failed to load chunk 164: Pandas requires version '2022.12.0' or newer of 'fastparquet' (version '0.8.3' currently installed).", "correlation_id": "-", "session_id": "-", "timestamp": "2025-08-12T17:50:24.124470+00:00"}
{"asctime": "2025-08-12 19:50:24,193", "levelname": "ERROR", "name": "AresGlobal.UnifiedDataLoader", "message": "   ❌ Failed to load chunk 165: Pandas requires version '2022.12.0' or newer of 'fastparquet' (version '0.8.3' currently installed).", "correlation_id": "-", "session_id": "-", "timestamp": "2025-08-12T17:50:24.193273+00:00"}
{"asctime": "2025-08-12 19:50:24,268", "levelname": "ERROR", "name": "AresGlobal.UnifiedDataLoader", "message": "   ❌ Failed to load chunk 166: Pandas requires version '2022.12.0' or newer of 'fastparquet' (version '0.8.3' currently installed).", "correlation_id": "-", "session_id": "-", "timestamp": "2025-08-12T17:50:24.268116+00:00"}
{"asctime": "2025-08-12 19:50:24,338", "levelname": "ERROR", "name": "AresGlobal.UnifiedDataLoader", "message": "   ❌ Failed to load chunk 167: Pandas requires version '2022.12.0' or newer of 'fastparquet' (version '0.8.3' currently installed).", "correlation_id": "-", "session_id": "-", "timestamp": "2025-08-12T17:50:24.338226+00:00"}
{"asctime": "2025-08-12 19:50:24,407", "levelname": "ERROR", "name": "AresGlobal.UnifiedDataLoader", "message": "   ❌ Failed to load chunk 168: Pandas requires version '2022.12.0' or newer of 'fastparquet' (version '0.8.3' currently installed).", "correlation_id": "-", "session_id": "-", "timestamp": "2025-08-12T17:50:24.407229+00:00"}
{"asctime": "2025-08-12 19:50:24,475", "levelname": "ERROR", "name": "AresGlobal.UnifiedDataLoader", "message": "   ❌ Failed to load chunk 169: Pandas requires version '2022.12.0' or newer of 'fastparquet' (version '0.8.3' currently installed).", "correlation_id": "-", "session_id": "-", "timestamp": "2025-08-12T17:50:24.475990+00:00"}
{"asctime": "2025-08-12 19:50:24,545", "levelname": "INFO", "name": "AresGlobal.UnifiedDataLoader", "message": "   📄 Processing file 170/178: part-0.parquet", "correlation_id": "-", "session_id": "-", "timestamp": "2025-08-12T17:50:24.545965+00:00"}
{"asctime": "2025-08-12 19:50:24,546", "levelname": "ERROR", "name": "AresGlobal.UnifiedDataLoader", "message": "   ❌ Failed to load chunk 170: Pandas requires version '2022.12.0' or newer of 'fastparquet' (version '0.8.3' currently installed).", "correlation_id": "-", "session_id": "-", "timestamp": "2025-08-12T17:50:24.546315+00:00"}
{"asctime": "2025-08-12 19:50:24,615", "levelname": "ERROR", "name": "AresGlobal.UnifiedDataLoader", "message": "   ❌ Failed to load chunk 171: Pandas requires version '2022.12.0' or newer of 'fastparquet' (version '0.8.3' currently installed).", "correlation_id": "-", "session_id": "-", "timestamp": "2025-08-12T17:50:24.615762+00:00"}
{"asctime": "2025-08-12 19:50:24,687", "levelname": "ERROR", "name": "AresGlobal.UnifiedDataLoader", "message": "   ❌ Failed to load chunk 172: Pandas requires version '2022.12.0' or newer of 'fastparquet' (version '0.8.3' currently installed).", "correlation_id": "-", "session_id": "-", "timestamp": "2025-08-12T17:50:24.687475+00:00"}
{"asctime": "2025-08-12 19:50:24,757", "levelname": "ERROR", "name": "AresGlobal.UnifiedDataLoader", "message": "   ❌ Failed to load chunk 173: Pandas requires version '2022.12.0' or newer of 'fastparquet' (version '0.8.3' currently installed).", "correlation_id": "-", "session_id": "-", "timestamp": "2025-08-12T17:50:24.757851+00:00"}
{"asctime": "2025-08-12 19:50:24,827", "levelname": "ERROR", "name": "AresGlobal.UnifiedDataLoader", "message": "   ❌ Failed to load chunk 174: Pandas requires version '2022.12.0' or newer of 'fastparquet' (version '0.8.3' currently installed).", "correlation_id": "-", "session_id": "-", "timestamp": "2025-08-12T17:50:24.827761+00:00"}
{"asctime": "2025-08-12 19:50:24,902", "levelname": "ERROR", "name": "AresGlobal.UnifiedDataLoader", "message": "   ❌ Failed to load chunk 175: Pandas requires version '2022.12.0' or newer of 'fastparquet' (version '0.8.3' currently installed).", "correlation_id": "-", "session_id": "-", "timestamp": "2025-08-12T17:50:24.902472+00:00"}
{"asctime": "2025-08-12 19:50:24,975", "levelname": "ERROR", "name": "AresGlobal.UnifiedDataLoader", "message": "   ❌ Failed to load chunk 176: Pandas requires version '2022.12.0' or newer of 'fastparquet' (version '0.8.3' currently installed).", "correlation_id": "-", "session_id": "-", "timestamp": "2025-08-12T17:50:24.975367+00:00"}
{"asctime": "2025-08-12 19:50:25,045", "levelname": "ERROR", "name": "AresGlobal.UnifiedDataLoader", "message": "   ❌ Failed to load chunk 177: Pandas requires version '2022.12.0' or newer of 'fastparquet' (version '0.8.3' currently installed).", "correlation_id": "-", "session_id": "-", "timestamp": "2025-08-12T17:50:25.045727+00:00"}
{"asctime": "2025-08-12 19:50:25,119", "levelname": "ERROR", "name": "AresGlobal.UnifiedDataLoader", "message": "   ❌ Failed to load chunk 178: Pandas requires version '2022.12.0' or newer of 'fastparquet' (version '0.8.3' currently installed).", "correlation_id": "-", "session_id": "-", "timestamp": "2025-08-12T17:50:25.119134+00:00"}
{"asctime": "2025-08-12 19:50:25,119", "levelname": "ERROR", "name": "AresGlobal.UnifiedDataLoader", "message": "❌ No valid data loaded", "correlation_id": "-", "session_id": "-", "timestamp": "2025-08-12T17:50:25.119333+00:00"}
{"asctime": "2025-08-12 19:50:25,119", "levelname": "ERROR", "name": "AresGlobal.EnhancedTrainingManager", "message": "💥 COMPREHENSIVE PIPELINE FAILED: [Errno 32] Broken pipe", "correlation_id": "-", "session_id": "-", "timestamp": "2025-08-12T17:50:25.119428+00:00"}
{"asctime": "2025-08-12 19:50:25,119", "levelname": "ERROR", "name": "AresGlobal.EnhancedTrainingManager", "message": "📋 Error details: BrokenPipeError: [Errno 32] Broken pipe", "correlation_id": "-", "session_id": "-", "timestamp": "2025-08-12T17:50:25.119493+00:00"}
{"asctime": "2025-08-12 19:50:25,119", "levelname": "ERROR", "name": "AresGlobal.EnhancedTrainingManager", "message": "⏱️ Time elapsed before failure: 12.71s", "correlation_id": "-", "session_id": "-", "timestamp": "2025-08-12T17:50:25.119553+00:00"}
{"asctime": "2025-08-12 19:50:25,119", "levelname": "INFO", "name": "AresGlobal.EnhancedTrainingManager", "message": "💾 Checkpoint saved - you can resume training later", "correlation_id": "-", "session_id": "-", "timestamp": "2025-08-12T17:50:25.119615+00:00"}
{"asctime": "2025-08-12 19:50:25,119", "levelname": "ERROR", "name": "AresGlobal.EnhancedTrainingManager", "message": "❌ Enhanced training pipeline failed", "correlation_id": "-", "session_id": "-", "timestamp": "2025-08-12T17:50:25.119667+00:00"}
{"asctime": "2025-08-12 19:50:25,119", "levelname": "INFO", "name": "AresGlobal.StepOrchestrator", "message": "❌ ❌ Enhanced 16-step training pipeline failed", "correlation_id": "-", "session_id": "-", "timestamp": "2025-08-12T17:50:25.119732+00:00"}
{"asctime": "2025-08-12 19:50:25,120", "levelname": "ERROR", "name": "AresGlobal.AresLauncher", "message": "❌ Enhanced 16-step training pipeline failed", "correlation_id": "-", "session_id": "-", "timestamp": "2025-08-12T17:50:25.120014+00:00"}
{"asctime": "2025-08-12 19:50:25,120", "levelname": "ERROR", "name": "AresGlobal", "message": "Main function exception: [Errno 32] Broken pipe", "correlation_id": "-", "session_id": "-", "exc_info": "Traceback (most recent call last):\n  File \"/Users/remyroche/Documents/Ares/ares_launcher.py\", line 1995, in main\n    success = execute_command(launcher, args)\n              ^^^^^^^^^^^^^^^^^^^^^^^^^^^^^^^\n  File \"/Users/remyroche/Documents/Ares/ares_launcher.py\", line 1936, in execute_command\n    print(f\"🔍 DEBUG: Command execution result: {success}\")\nBrokenPipeError: [Errno 32] Broken pipe", "timestamp": "2025-08-12T17:50:25.120934+00:00"}
{"asctime": "2025-08-12 19:50:25,121", "levelname": "INFO", "name": "AresGlobal", "message": "[SYSTEM] ================================================================================", "correlation_id": "-", "session_id": "-", "timestamp": "2025-08-12T17:50:25.121265+00:00"}
{"asctime": "2025-08-12 19:50:25,121", "levelname": "INFO", "name": "AresGlobal", "message": "[SYSTEM] 🛑 ARES LAUNCHER ENDED - Exit code: 1", "correlation_id": "-", "session_id": "-", "timestamp": "2025-08-12T17:50:25.121363+00:00"}
{"asctime": "2025-08-12 19:50:25,121", "levelname": "INFO", "name": "AresGlobal", "message": "[SYSTEM] End time: 2025-08-12 19:50:25", "correlation_id": "-", "session_id": "-", "timestamp": "2025-08-12T17:50:25.121464+00:00"}
{"asctime": "2025-08-12 19:50:25,121", "levelname": "INFO", "name": "AresGlobal", "message": "[SYSTEM] ================================================================================", "correlation_id": "-", "session_id": "-", "timestamp": "2025-08-12T17:50:25.121561+00:00"}
{"asctime": "2025-08-12 19:50:25,121", "levelname": "INFO", "name": "AresGlobal.AresLauncher", "message": "🧹 Cleaning up processes...", "correlation_id": "-", "session_id": "-", "timestamp": "2025-08-12T17:50:25.121610+00:00"}
{"asctime": "2025-08-12 19:50:25,121", "levelname": "INFO", "name": "AresGlobal.AresLauncher", "message": "✅ Cleanup completed", "correlation_id": "-", "session_id": "-", "timestamp": "2025-08-12T17:50:25.121659+00:00"}
