{"asctime": "2025-08-11 14:16:32,387", "levelname": "INFO", "name": "AresTradingSystem", "message": "âœ… Enhanced Logger initialization completed successfully", "correlation_id": "-", "session_id": "-", "timestamp": "2025-08-11T12:16:32.387139+00:00"}
{"asctime": "2025-08-11 14:16:32,451", "levelname": "INFO", "name": "AresTradingSystem.System", "message": "Initializing Market Regime Classification Step...", "correlation_id": "-", "session_id": "-", "timestamp": "2025-08-11T12:16:32.451351+00:00"}
{"asctime": "2025-08-11 14:16:32,451", "levelname": "INFO", "name": "AresTradingSystem.System", "message": "Market Regime Classification Step initialized successfully", "correlation_id": "-", "session_id": "-", "timestamp": "2025-08-11T12:16:32.451633+00:00"}
{"asctime": "2025-08-11 14:16:32,451", "levelname": "INFO", "name": "AresTradingSystem.System", "message": "ðŸ”„ Executing Market Regime Classification...", "correlation_id": "-", "session_id": "-", "timestamp": "2025-08-11T12:16:32.451794+00:00"}
{"asctime": "2025-08-11 14:16:32,451", "levelname": "INFO", "name": "AresTradingSystem.System", "message": "Applied NumPy RNG unpickle compatibility shim (URC)", "correlation_id": "-", "session_id": "-", "timestamp": "2025-08-11T12:16:32.451922+00:00"}
{"asctime": "2025-08-11 14:16:32,452", "levelname": "INFO", "name": "AresTradingSystem.System.UnifiedRegimeClassifier", "message": "", "correlation_id": "-", "session_id": "-", "msg": "UnifiedRegimeClassifier configuration", "n_states_configured": 4, "n_states_enforced_min": 4, "min_data_points_default": 1000, "thresholds": {"adx_sideways_threshold": 18, "volatility_threshold": 0.025, "atr_normalized_threshold": 0.035, "volatility_percentile_threshold": 0.8, "bb_width_volatility_threshold": 0.045}, "timestamp": "2025-08-11T12:16:32.452039+00:00"}
{"asctime": "2025-08-11 14:16:32,452", "levelname": "INFO", "name": "AresTradingSystem.System.UnifiedRegimeClassifier", "message": "ðŸ”§ BLANK MODE DETECTED: Using reduced minimum data points (50)", "correlation_id": "-", "session_id": "-", "timestamp": "2025-08-11T12:16:32.452305+00:00"}
{"asctime": "2025-08-11 14:16:32,452", "levelname": "INFO", "name": "AresTradingSystem.System.UnifiedRegimeClassifier", "message": "Initializing UnifiedRegimeClassifier for BINANCE_ETHUSDT", "correlation_id": "-", "session_id": "-", "timestamp": "2025-08-11T12:16:32.452559+00:00"}
{"asctime": "2025-08-11 14:16:32,452", "levelname": "INFO", "name": "AresTradingSystem.System.UnifiedRegimeClassifier", "message": "", "correlation_id": "-", "session_id": "-", "msg": "UnifiedRegimeClassifier model directories", "model_dir": "/Users/remyroche/Documents/Ares/checkpoints/analyst_models", "hmm_model_path": "/Users/remyroche/Documents/Ares/checkpoints/analyst_models/unified_hmm_model_BINANCE_ETHUSDT_1h.joblib", "ensemble_model_path": "/Users/remyroche/Documents/Ares/checkpoints/analyst_models/unified_ensemble_model_BINANCE_ETHUSDT_1h.joblib", "location_model_path": "/Users/remyroche/Documents/Ares/checkpoints/analyst_models/unified_location_model_BINANCE_ETHUSDT_1h.joblib", "hierarchical_model_dir": "/Users/remyroche/Documents/Ares/checkpoints/analyst_models/BINANCE/ETHUSDT/1h", "timestamp": "2025-08-11T12:16:32.452680+00:00"}
{"asctime": "2025-08-11 14:16:32,453", "levelname": "INFO", "name": "AresTradingSystem.System.UnifiedRegimeClassifier", "message": "âœ… Loaded HMM model from /Users/remyroche/Documents/Ares/checkpoints/analyst_models/unified_hmm_model_BINANCE_ETHUSDT_1h.joblib", "correlation_id": "-", "session_id": "-", "timestamp": "2025-08-11T12:16:32.453873+00:00"}
{"asctime": "2025-08-11 14:16:32,460", "levelname": "INFO", "name": "AresTradingSystem.System.UnifiedRegimeClassifier", "message": "âœ… Loaded basic ensemble from /Users/remyroche/Documents/Ares/checkpoints/analyst_models/unified_ensemble_model_BINANCE_ETHUSDT_1h.joblib", "correlation_id": "-", "session_id": "-", "timestamp": "2025-08-11T12:16:32.460881+00:00"}
{"asctime": "2025-08-11 14:16:32,463", "levelname": "INFO", "name": "AresTradingSystem.System.UnifiedRegimeClassifier", "message": "âœ… Loaded existing models successfully", "correlation_id": "-", "session_id": "-", "timestamp": "2025-08-11T12:16:32.463852+00:00"}
{"asctime": "2025-08-11 14:16:32,464", "levelname": "INFO", "name": "AresTradingSystem.System.UnifiedRegimeClassifier", "message": "âœ… UnifiedRegimeClassifier initialized successfully", "correlation_id": "-", "session_id": "-", "timestamp": "2025-08-11T12:16:32.464258+00:00"}
{"asctime": "2025-08-11 14:16:32,464", "levelname": "INFO", "name": "AresTradingSystem.System", "message": "ðŸ”„ Loading data using unified data loader...", "correlation_id": "-", "session_id": "-", "timestamp": "2025-08-11T12:16:32.464570+00:00"}
{"asctime": "2025-08-11 14:16:32,464", "levelname": "INFO", "name": "AresTradingSystem.System.UnifiedDataLoader", "message": "ðŸ”„ Loading unified data for ETHUSDT on BINANCE", "correlation_id": "-", "session_id": "-", "timestamp": "2025-08-11T12:16:32.464960+00:00"}
{"asctime": "2025-08-11 14:16:32,465", "levelname": "INFO", "name": "AresTradingSystem.System.UnifiedDataLoader", "message": "   Timeframe: 1m", "correlation_id": "-", "session_id": "-", "timestamp": "2025-08-11T12:16:32.465106+00:00"}
{"asctime": "2025-08-11 14:16:32,465", "levelname": "INFO", "name": "AresTradingSystem.System.UnifiedDataLoader", "message": "   Date range: 2025-07-12 to 2025-08-11", "correlation_id": "-", "session_id": "-", "timestamp": "2025-08-11T12:16:32.465243+00:00"}
{"asctime": "2025-08-11 14:16:32,465", "levelname": "INFO", "name": "AresTradingSystem.System.UnifiedDataLoader", "message": "   Streaming: True", "correlation_id": "-", "session_id": "-", "timestamp": "2025-08-11T12:16:32.465389+00:00"}
{"asctime": "2025-08-11 14:16:32,465", "levelname": "INFO", "name": "AresTradingSystem.System.UnifiedDataLoader", "message": "   âš ï¸ Streaming disabled to avoid segmentation faults", "correlation_id": "-", "session_id": "-", "timestamp": "2025-08-11T12:16:32.465492+00:00"}
{"asctime": "2025-08-11 14:16:32,465", "levelname": "INFO", "name": "AresTradingSystem.System.UnifiedDataLoader", "message": "   ðŸ“ Found unified data cache, using optimized pyarrow loading", "correlation_id": "-", "session_id": "-", "timestamp": "2025-08-11T12:16:32.465623+00:00"}
{"asctime": "2025-08-11 14:16:32,465", "levelname": "INFO", "name": "AresTradingSystem.System.UnifiedDataLoader", "message": "ðŸ”§ Using optimized pyarrow loading...", "correlation_id": "-", "session_id": "-", "timestamp": "2025-08-11T12:16:32.465751+00:00"}
{"asctime": "2025-08-11 14:16:32,465", "levelname": "INFO", "name": "AresTradingSystem.System.UnifiedDataLoader", "message": "   âš ï¸ PyArrow disabled to avoid segmentation faults", "correlation_id": "-", "session_id": "-", "timestamp": "2025-08-11T12:16:32.465847+00:00"}
{"asctime": "2025-08-11 14:16:32,465", "levelname": "INFO", "name": "AresTradingSystem.System.UnifiedDataLoader", "message": "ðŸ”§ Using memory-efficient streaming loading for 180 days...", "correlation_id": "-", "session_id": "-", "timestamp": "2025-08-11T12:16:32.465942+00:00"}
{"asctime": "2025-08-11 14:16:32,469", "levelname": "INFO", "name": "AresTradingSystem.System.UnifiedDataLoader", "message": "ðŸ“ Found 29 partition files", "correlation_id": "-", "session_id": "-", "timestamp": "2025-08-11T12:16:32.469067+00:00"}
{"asctime": "2025-08-11 14:16:32,553", "levelname": "INFO", "name": "AresTradingSystem.System.UnifiedDataLoader", "message": "   ðŸ“„ Processing file 1/29: part-0.parquet", "correlation_id": "-", "session_id": "-", "timestamp": "2025-08-11T12:16:32.553209+00:00"}
{"asctime": "2025-08-11 14:16:32,635", "levelname": "INFO", "name": "AresTradingSystem.System.UnifiedDataLoader", "message": "   âœ… Loaded file 1: (1440, 19)", "correlation_id": "-", "session_id": "-", "timestamp": "2025-08-11T12:16:32.635639+00:00"}
{"asctime": "2025-08-11 14:16:32,638", "levelname": "INFO", "name": "AresTradingSystem.System.UnifiedDataLoader", "message": "   ðŸ” After date filtering: (583, 19)", "correlation_id": "-", "session_id": "-", "timestamp": "2025-08-11T12:16:32.638550+00:00"}
{"asctime": "2025-08-11 14:16:32,644", "levelname": "INFO", "name": "AresTradingSystem.System.UnifiedDataLoader", "message": "   ðŸ“Š Total rows so far: 583", "correlation_id": "-", "session_id": "-", "timestamp": "2025-08-11T12:16:32.644138+00:00"}
{"asctime": "2025-08-11 14:16:34,088", "levelname": "INFO", "name": "AresTradingSystem.System.UnifiedDataLoader", "message": "   ðŸ“„ Processing file 10/29: part-0.parquet", "correlation_id": "-", "session_id": "-", "timestamp": "2025-08-11T12:16:34.088724+00:00"}
{"asctime": "2025-08-11 14:16:34,094", "levelname": "INFO", "name": "AresTradingSystem.System.UnifiedDataLoader", "message": "   âœ… Loaded file 10: (1440, 19)", "correlation_id": "-", "session_id": "-", "timestamp": "2025-08-11T12:16:34.094505+00:00"}
{"asctime": "2025-08-11 14:16:34,095", "levelname": "INFO", "name": "AresTradingSystem.System.UnifiedDataLoader", "message": "   ðŸ” After date filtering: (1440, 19)", "correlation_id": "-", "session_id": "-", "timestamp": "2025-08-11T12:16:34.095898+00:00"}
{"asctime": "2025-08-11 14:16:34,104", "levelname": "INFO", "name": "AresTradingSystem.System.UnifiedDataLoader", "message": "   ðŸ“Š Total rows so far: 13543", "correlation_id": "-", "session_id": "-", "timestamp": "2025-08-11T12:16:34.104134+00:00"}
{"asctime": "2025-08-11 14:16:35,926", "levelname": "INFO", "name": "AresTradingSystem.System.UnifiedDataLoader", "message": "   ðŸ“„ Processing file 20/29: part-0.parquet", "correlation_id": "-", "session_id": "-", "timestamp": "2025-08-11T12:16:35.926272+00:00"}
{"asctime": "2025-08-11 14:16:35,931", "levelname": "INFO", "name": "AresTradingSystem.System.UnifiedDataLoader", "message": "   âœ… Loaded file 20: (1440, 19)", "correlation_id": "-", "session_id": "-", "timestamp": "2025-08-11T12:16:35.931313+00:00"}
{"asctime": "2025-08-11 14:16:35,932", "levelname": "INFO", "name": "AresTradingSystem.System.UnifiedDataLoader", "message": "   ðŸ” After date filtering: (1440, 19)", "correlation_id": "-", "session_id": "-", "timestamp": "2025-08-11T12:16:35.932839+00:00"}
{"asctime": "2025-08-11 14:16:35,942", "levelname": "INFO", "name": "AresTradingSystem.System.UnifiedDataLoader", "message": "   ðŸ“Š Total rows so far: 27943", "correlation_id": "-", "session_id": "-", "timestamp": "2025-08-11T12:16:35.942539+00:00"}
{"asctime": "2025-08-11 14:16:37,648", "levelname": "INFO", "name": "AresTradingSystem.System.UnifiedDataLoader", "message": "ðŸ”„ Converting 40533 records to DataFrame...", "correlation_id": "-", "session_id": "-", "timestamp": "2025-08-11T12:16:37.648520+00:00"}
{"asctime": "2025-08-11 14:16:37,909", "levelname": "INFO", "name": "AresTradingSystem.System.UnifiedDataLoader", "message": "âœ… Memory-efficient loading completed: (40533, 19)", "correlation_id": "-", "session_id": "-", "timestamp": "2025-08-11T12:16:37.909562+00:00"}
{"asctime": "2025-08-11 14:16:37,911", "levelname": "INFO", "name": "AresTradingSystem.System", "message": "âœ… Loaded unified data: 40533 rows", "correlation_id": "-", "session_id": "-", "timestamp": "2025-08-11T12:16:37.911107+00:00"}
{"asctime": "2025-08-11 14:16:37,911", "levelname": "INFO", "name": "AresTradingSystem.System", "message": "   Date range: 2025-07-12T14:17:00 to 2025-08-09T17:49:00", "correlation_id": "-", "session_id": "-", "timestamp": "2025-08-11T12:16:37.911558+00:00"}
{"asctime": "2025-08-11 14:16:37,911", "levelname": "INFO", "name": "AresTradingSystem.System", "message": "   Has aggtrades data: True", "correlation_id": "-", "session_id": "-", "timestamp": "2025-08-11T12:16:37.911719+00:00"}
{"asctime": "2025-08-11 14:16:37,911", "levelname": "INFO", "name": "AresTradingSystem.System", "message": "   Has futures data: True", "correlation_id": "-", "session_id": "-", "timestamp": "2025-08-11T12:16:37.911837+00:00"}
{"asctime": "2025-08-11 14:16:37,911", "levelname": "INFO", "name": "AresTradingSystem.System", "message": "ðŸ”„ Resampling data to 1h timeframe for regime classification...", "correlation_id": "-", "session_id": "-", "timestamp": "2025-08-11T12:16:37.911954+00:00"}
{"asctime": "2025-08-11 14:16:37,928", "levelname": "INFO", "name": "AresTradingSystem.System", "message": "âœ… Resampled to 1h: 676 records", "correlation_id": "-", "session_id": "-", "timestamp": "2025-08-11T12:16:37.928907+00:00"}
{"asctime": "2025-08-11 14:16:37,929", "levelname": "INFO", "name": "AresTradingSystem.System", "message": "Classifying market regimes for ETHUSDT on BINANCE...", "correlation_id": "-", "session_id": "-", "timestamp": "2025-08-11T12:16:37.929211+00:00"}
{"asctime": "2025-08-11 14:16:37,929", "levelname": "INFO", "name": "AresTradingSystem.System.UnifiedRegimeClassifier", "message": "ðŸ”§ Calculating features for 676 periods...", "correlation_id": "-", "session_id": "-", "timestamp": "2025-08-11T12:16:37.929728+00:00"}
{"asctime": "2025-08-11 14:16:37,947", "levelname": "INFO", "name": "AresTradingSystem.System.UnifiedRegimeClassifier", "message": "âœ… Calculated comprehensive features for 676 periods (dropped 0 rows due to NaN)", "correlation_id": "-", "session_id": "-", "timestamp": "2025-08-11T12:16:37.947946+00:00"}
{"asctime": "2025-08-11 14:16:37,948", "levelname": "INFO", "name": "AresTradingSystem.System.UnifiedRegimeClassifier", "message": "ðŸ” Using trained basic ensemble for regime classification", "correlation_id": "-", "session_id": "-", "timestamp": "2025-08-11T12:16:37.948763+00:00"}
{"asctime": "2025-08-11 14:16:37,979", "levelname": "INFO", "name": "AresTradingSystem.System.UnifiedRegimeClassifier", "message": "", "correlation_id": "-", "session_id": "-", "msg": "Ensemble regime prediction summary", "unique_regimes": ["BEAR", "BULL", "SIDEWAYS"], "counts": {"BEAR": 400, "BULL": 15, "SIDEWAYS": 261}, "expected_min": 4, "total_records": 676, "thresholds": {"adx_sideways_threshold": 18, "volatility_threshold": 0.025, "atr_normalized_threshold": 0.035, "volatility_percentile_threshold": 0.8}, "timestamp": "2025-08-11T12:16:37.979593+00:00"}
{"asctime": "2025-08-11 14:16:37,980", "levelname": "WARNING", "name": "AresTradingSystem.System.UnifiedRegimeClassifier", "message": "\u001b[93m\u001b[1mâš ï¸\u001b[0m \u001b[93m\u001b[1mFewer regimes predicted (3) than expected (4). Consider increasing min_data_points or enhancing volatility features.\u001b[0m", "correlation_id": "-", "session_id": "-", "timestamp": "2025-08-11T12:16:37.980128+00:00"}
{"asctime": "2025-08-11 14:16:37,980", "levelname": "INFO", "name": "AresTradingSystem.System.UnifiedRegimeClassifier", "message": "Classifying location with tactical pivots and strategic volume levels...", "correlation_id": "-", "session_id": "-", "timestamp": "2025-08-11T12:16:37.980272+00:00"}
{"asctime": "2025-08-11 14:16:37,980", "levelname": "WARNING", "name": "AresTradingSystem.System.UnifiedRegimeClassifier", "message": "Insufficient data for location classification. Need at least 720 rows, but only have 676. Returning all OPEN_RANGE labels.", "correlation_id": "-", "session_id": "-", "timestamp": "2025-08-11T12:16:37.980395+00:00"}
{"asctime": "2025-08-11 14:16:37,981", "levelname": "INFO", "name": "AresTradingSystem.System.UnifiedRegimeClassifier", "message": "ðŸ“Š Regime distribution: {'BEAR': 400, 'SIDEWAYS': 261, 'BULL': 15}", "correlation_id": "-", "session_id": "-", "timestamp": "2025-08-11T12:16:37.981355+00:00"}
{"asctime": "2025-08-11 14:16:37,982", "levelname": "INFO", "name": "AresTradingSystem.System", "message": "Regime classification completed. Found 3 distinct regimes", "correlation_id": "-", "session_id": "-", "timestamp": "2025-08-11T12:16:37.982492+00:00"}
{"asctime": "2025-08-11 14:16:37,993", "levelname": "INFO", "name": "AresTradingSystem.System", "message": "âœ… Saved regime classification results to parquet: data/training/BINANCE_ETHUSDT_regime_classification.parquet", "correlation_id": "-", "session_id": "-", "timestamp": "2025-08-11T12:16:37.993499+00:00"}
{"asctime": "2025-08-11 14:16:37,993", "levelname": "INFO", "name": "AresTradingSystem.System", "message": "âœ… Market regime classification completed. Results saved to data/training/BINANCE_ETHUSDT_regime_classification.json", "correlation_id": "-", "session_id": "-", "timestamp": "2025-08-11T12:16:37.993725+00:00"}
{"asctime": "2025-08-11 14:16:38,111", "levelname": "INFO", "name": "AresTradingSystem.System", "message": "Initializing Regime Data Splitting Step...", "correlation_id": "-", "session_id": "-", "timestamp": "2025-08-11T12:16:38.111612+00:00"}
{"asctime": "2025-08-11 14:16:38,111", "levelname": "INFO", "name": "AresTradingSystem.System", "message": "Regime Data Splitting Step initialized successfully", "correlation_id": "-", "session_id": "-", "timestamp": "2025-08-11T12:16:38.111753+00:00"}
{"asctime": "2025-08-11 14:16:38,111", "levelname": "INFO", "name": "AresTradingSystem.System", "message": "ðŸ”„ Loading unified data for regime data splitting...", "correlation_id": "-", "session_id": "-", "timestamp": "2025-08-11T12:16:38.111853+00:00"}
{"asctime": "2025-08-11 14:16:38,111", "levelname": "INFO", "name": "AresTradingSystem.System.UnifiedDataLoader", "message": "ðŸ”„ Loading unified data for ETHUSDT on BINANCE", "correlation_id": "-", "session_id": "-", "timestamp": "2025-08-11T12:16:38.111957+00:00"}
{"asctime": "2025-08-11 14:16:38,112", "levelname": "INFO", "name": "AresTradingSystem.System.UnifiedDataLoader", "message": "   Timeframe: 1m", "correlation_id": "-", "session_id": "-", "timestamp": "2025-08-11T12:16:38.112308+00:00"}
{"asctime": "2025-08-11 14:16:38,112", "levelname": "INFO", "name": "AresTradingSystem.System.UnifiedDataLoader", "message": "   Date range: 2025-02-12 to 2025-08-11", "correlation_id": "-", "session_id": "-", "timestamp": "2025-08-11T12:16:38.112517+00:00"}
{"asctime": "2025-08-11 14:16:38,112", "levelname": "INFO", "name": "AresTradingSystem.System.UnifiedDataLoader", "message": "   Streaming: True", "correlation_id": "-", "session_id": "-", "timestamp": "2025-08-11T12:16:38.112633+00:00"}
{"asctime": "2025-08-11 14:16:38,112", "levelname": "INFO", "name": "AresTradingSystem.System.UnifiedDataLoader", "message": "   âš ï¸ Streaming disabled to avoid segmentation faults", "correlation_id": "-", "session_id": "-", "timestamp": "2025-08-11T12:16:38.112730+00:00"}
{"asctime": "2025-08-11 14:16:38,112", "levelname": "INFO", "name": "AresTradingSystem.System.UnifiedDataLoader", "message": "   ðŸ“ Found unified data cache, using optimized pyarrow loading", "correlation_id": "-", "session_id": "-", "timestamp": "2025-08-11T12:16:38.112859+00:00"}
{"asctime": "2025-08-11 14:16:38,112", "levelname": "INFO", "name": "AresTradingSystem.System.UnifiedDataLoader", "message": "ðŸ”§ Using optimized pyarrow loading...", "correlation_id": "-", "session_id": "-", "timestamp": "2025-08-11T12:16:38.112957+00:00"}
{"asctime": "2025-08-11 14:16:38,113", "levelname": "INFO", "name": "AresTradingSystem.System.UnifiedDataLoader", "message": "   âš ï¸ PyArrow disabled to avoid segmentation faults", "correlation_id": "-", "session_id": "-", "timestamp": "2025-08-11T12:16:38.113060+00:00"}
{"asctime": "2025-08-11 14:16:38,113", "levelname": "INFO", "name": "AresTradingSystem.System.UnifiedDataLoader", "message": "ðŸ”§ Using memory-efficient streaming loading for 180 days...", "correlation_id": "-", "session_id": "-", "timestamp": "2025-08-11T12:16:38.113168+00:00"}
{"asctime": "2025-08-11 14:16:38,125", "levelname": "INFO", "name": "AresTradingSystem.System.UnifiedDataLoader", "message": "ðŸ“ Found 179 partition files", "correlation_id": "-", "session_id": "-", "timestamp": "2025-08-11T12:16:38.125409+00:00"}
{"asctime": "2025-08-11 14:16:38,203", "levelname": "INFO", "name": "AresTradingSystem.System.UnifiedDataLoader", "message": "   ðŸ“„ Processing file 1/179: part-0.parquet", "correlation_id": "-", "session_id": "-", "timestamp": "2025-08-11T12:16:38.203648+00:00"}
{"asctime": "2025-08-11 14:16:38,210", "levelname": "INFO", "name": "AresTradingSystem.System.UnifiedDataLoader", "message": "   âœ… Loaded file 1: (1440, 19)", "correlation_id": "-", "session_id": "-", "timestamp": "2025-08-11T12:16:38.210380+00:00"}
{"asctime": "2025-08-11 14:16:38,212", "levelname": "INFO", "name": "AresTradingSystem.System.UnifiedDataLoader", "message": "   ðŸ” After date filtering: (583, 19)", "correlation_id": "-", "session_id": "-", "timestamp": "2025-08-11T12:16:38.212321+00:00"}
{"asctime": "2025-08-11 14:16:38,216", "levelname": "INFO", "name": "AresTradingSystem.System.UnifiedDataLoader", "message": "   ðŸ“Š Total rows so far: 583", "correlation_id": "-", "session_id": "-", "timestamp": "2025-08-11T12:16:38.216268+00:00"}
{"asctime": "2025-08-11 14:16:39,674", "levelname": "INFO", "name": "AresTradingSystem.System.UnifiedDataLoader", "message": "   ðŸ“„ Processing file 10/179: part-0.parquet", "correlation_id": "-", "session_id": "-", "timestamp": "2025-08-11T12:16:39.674262+00:00"}
{"asctime": "2025-08-11 14:16:39,679", "levelname": "INFO", "name": "AresTradingSystem.System.UnifiedDataLoader", "message": "   âœ… Loaded file 10: (1440, 19)", "correlation_id": "-", "session_id": "-", "timestamp": "2025-08-11T12:16:39.679721+00:00"}
{"asctime": "2025-08-11 14:16:39,680", "levelname": "INFO", "name": "AresTradingSystem.System.UnifiedDataLoader", "message": "   ðŸ” After date filtering: (1440, 19)", "correlation_id": "-", "session_id": "-", "timestamp": "2025-08-11T12:16:39.681008+00:00"}
{"asctime": "2025-08-11 14:16:39,689", "levelname": "INFO", "name": "AresTradingSystem.System.UnifiedDataLoader", "message": "   ðŸ“Š Total rows so far: 13543", "correlation_id": "-", "session_id": "-", "timestamp": "2025-08-11T12:16:39.689905+00:00"}
{"asctime": "2025-08-11 14:16:41,378", "levelname": "INFO", "name": "AresTradingSystem.System.UnifiedDataLoader", "message": "   ðŸ“„ Processing file 20/179: part-0.parquet", "correlation_id": "-", "session_id": "-", "timestamp": "2025-08-11T12:16:41.378587+00:00"}
{"asctime": "2025-08-11 14:16:41,383", "levelname": "INFO", "name": "AresTradingSystem.System.UnifiedDataLoader", "message": "   âœ… Loaded file 20: (1440, 19)", "correlation_id": "-", "session_id": "-", "timestamp": "2025-08-11T12:16:41.383419+00:00"}
{"asctime": "2025-08-11 14:16:41,384", "levelname": "INFO", "name": "AresTradingSystem.System.UnifiedDataLoader", "message": "   ðŸ” After date filtering: (1440, 19)", "correlation_id": "-", "session_id": "-", "timestamp": "2025-08-11T12:16:41.384680+00:00"}
{"asctime": "2025-08-11 14:16:41,394", "levelname": "INFO", "name": "AresTradingSystem.System.UnifiedDataLoader", "message": "   ðŸ“Š Total rows so far: 27943", "correlation_id": "-", "session_id": "-", "timestamp": "2025-08-11T12:16:41.394194+00:00"}
{"asctime": "2025-08-11 14:16:43,215", "levelname": "INFO", "name": "AresTradingSystem.System.UnifiedDataLoader", "message": "   ðŸ“„ Processing file 30/179: part-0.parquet", "correlation_id": "-", "session_id": "-", "timestamp": "2025-08-11T12:16:43.215113+00:00"}
{"asctime": "2025-08-11 14:16:43,222", "levelname": "INFO", "name": "AresTradingSystem.System.UnifiedDataLoader", "message": "   âœ… Loaded file 30: (1440, 19)", "correlation_id": "-", "session_id": "-", "timestamp": "2025-08-11T12:16:43.222324+00:00"}
{"asctime": "2025-08-11 14:16:43,223", "levelname": "INFO", "name": "AresTradingSystem.System.UnifiedDataLoader", "message": "   ðŸ” After date filtering: (1440, 19)", "correlation_id": "-", "session_id": "-", "timestamp": "2025-08-11T12:16:43.223919+00:00"}
{"asctime": "2025-08-11 14:16:43,231", "levelname": "INFO", "name": "AresTradingSystem.System.UnifiedDataLoader", "message": "   ðŸ“Š Total rows so far: 42343", "correlation_id": "-", "session_id": "-", "timestamp": "2025-08-11T12:16:43.231742+00:00"}
{"asctime": "2025-08-11 14:16:45,074", "levelname": "INFO", "name": "AresTradingSystem.System.UnifiedDataLoader", "message": "   ðŸ“„ Processing file 40/179: part-0.parquet", "correlation_id": "-", "session_id": "-", "timestamp": "2025-08-11T12:16:45.074955+00:00"}
{"asctime": "2025-08-11 14:16:45,080", "levelname": "INFO", "name": "AresTradingSystem.System.UnifiedDataLoader", "message": "   âœ… Loaded file 40: (1440, 19)", "correlation_id": "-", "session_id": "-", "timestamp": "2025-08-11T12:16:45.080272+00:00"}
{"asctime": "2025-08-11 14:16:45,081", "levelname": "INFO", "name": "AresTradingSystem.System.UnifiedDataLoader", "message": "   ðŸ” After date filtering: (1440, 19)", "correlation_id": "-", "session_id": "-", "timestamp": "2025-08-11T12:16:45.081898+00:00"}
{"asctime": "2025-08-11 14:16:45,091", "levelname": "INFO", "name": "AresTradingSystem.System.UnifiedDataLoader", "message": "   ðŸ“Š Total rows so far: 56743", "correlation_id": "-", "session_id": "-", "timestamp": "2025-08-11T12:16:45.091485+00:00"}
{"asctime": "2025-08-11 14:16:47,005", "levelname": "INFO", "name": "AresTradingSystem.System.UnifiedDataLoader", "message": "   ðŸ“„ Processing file 50/179: part-0.parquet", "correlation_id": "-", "session_id": "-", "timestamp": "2025-08-11T12:16:47.005422+00:00"}
{"asctime": "2025-08-11 14:16:47,012", "levelname": "INFO", "name": "AresTradingSystem.System.UnifiedDataLoader", "message": "   âœ… Loaded file 50: (1440, 19)", "correlation_id": "-", "session_id": "-", "timestamp": "2025-08-11T12:16:47.012179+00:00"}
{"asctime": "2025-08-11 14:16:47,013", "levelname": "INFO", "name": "AresTradingSystem.System.UnifiedDataLoader", "message": "   ðŸ” After date filtering: (1440, 19)", "correlation_id": "-", "session_id": "-", "timestamp": "2025-08-11T12:16:47.013534+00:00"}
{"asctime": "2025-08-11 14:16:47,022", "levelname": "INFO", "name": "AresTradingSystem.System.UnifiedDataLoader", "message": "   ðŸ“Š Total rows so far: 71143", "correlation_id": "-", "session_id": "-", "timestamp": "2025-08-11T12:16:47.022727+00:00"}
{"asctime": "2025-08-11 14:16:49,072", "levelname": "INFO", "name": "AresTradingSystem.System.UnifiedDataLoader", "message": "   ðŸ“„ Processing file 60/179: part-0.parquet", "correlation_id": "-", "session_id": "-", "timestamp": "2025-08-11T12:16:49.072915+00:00"}
{"asctime": "2025-08-11 14:16:49,079", "levelname": "INFO", "name": "AresTradingSystem.System.UnifiedDataLoader", "message": "   âœ… Loaded file 60: (1440, 19)", "correlation_id": "-", "session_id": "-", "timestamp": "2025-08-11T12:16:49.079207+00:00"}
{"asctime": "2025-08-11 14:16:49,080", "levelname": "INFO", "name": "AresTradingSystem.System.UnifiedDataLoader", "message": "   ðŸ” After date filtering: (1440, 19)", "correlation_id": "-", "session_id": "-", "timestamp": "2025-08-11T12:16:49.080662+00:00"}
{"asctime": "2025-08-11 14:16:49,091", "levelname": "INFO", "name": "AresTradingSystem.System.UnifiedDataLoader", "message": "   ðŸ“Š Total rows so far: 85543", "correlation_id": "-", "session_id": "-", "timestamp": "2025-08-11T12:16:49.091540+00:00"}
{"asctime": "2025-08-11 14:16:51,197", "levelname": "INFO", "name": "AresTradingSystem.System.UnifiedDataLoader", "message": "   ðŸ“„ Processing file 70/179: part-0.parquet", "correlation_id": "-", "session_id": "-", "timestamp": "2025-08-11T12:16:51.197470+00:00"}
{"asctime": "2025-08-11 14:16:51,203", "levelname": "INFO", "name": "AresTradingSystem.System.UnifiedDataLoader", "message": "   âœ… Loaded file 70: (1440, 19)", "correlation_id": "-", "session_id": "-", "timestamp": "2025-08-11T12:16:51.203215+00:00"}
{"asctime": "2025-08-11 14:16:51,204", "levelname": "INFO", "name": "AresTradingSystem.System.UnifiedDataLoader", "message": "   ðŸ” After date filtering: (1440, 19)", "correlation_id": "-", "session_id": "-", "timestamp": "2025-08-11T12:16:51.204907+00:00"}
{"asctime": "2025-08-11 14:16:51,215", "levelname": "INFO", "name": "AresTradingSystem.System.UnifiedDataLoader", "message": "   ðŸ“Š Total rows so far: 99943", "correlation_id": "-", "session_id": "-", "timestamp": "2025-08-11T12:16:51.215309+00:00"}
{"asctime": "2025-08-11 14:16:53,374", "levelname": "INFO", "name": "AresTradingSystem.System.UnifiedDataLoader", "message": "   ðŸ“„ Processing file 80/179: part-0.parquet", "correlation_id": "-", "session_id": "-", "timestamp": "2025-08-11T12:16:53.374810+00:00"}
{"asctime": "2025-08-11 14:16:53,380", "levelname": "INFO", "name": "AresTradingSystem.System.UnifiedDataLoader", "message": "   âœ… Loaded file 80: (1440, 19)", "correlation_id": "-", "session_id": "-", "timestamp": "2025-08-11T12:16:53.380890+00:00"}
{"asctime": "2025-08-11 14:16:53,382", "levelname": "INFO", "name": "AresTradingSystem.System.UnifiedDataLoader", "message": "   ðŸ” After date filtering: (1440, 19)", "correlation_id": "-", "session_id": "-", "timestamp": "2025-08-11T12:16:53.382469+00:00"}
{"asctime": "2025-08-11 14:16:53,392", "levelname": "INFO", "name": "AresTradingSystem.System.UnifiedDataLoader", "message": "   ðŸ“Š Total rows so far: 114343", "correlation_id": "-", "session_id": "-", "timestamp": "2025-08-11T12:16:53.392878+00:00"}
{"asctime": "2025-08-11 14:16:55,749", "levelname": "INFO", "name": "AresTradingSystem.System.UnifiedDataLoader", "message": "   ðŸ“„ Processing file 90/179: part-0.parquet", "correlation_id": "-", "session_id": "-", "timestamp": "2025-08-11T12:16:55.749292+00:00"}
{"asctime": "2025-08-11 14:16:55,757", "levelname": "INFO", "name": "AresTradingSystem.System.UnifiedDataLoader", "message": "   âœ… Loaded file 90: (1440, 19)", "correlation_id": "-", "session_id": "-", "timestamp": "2025-08-11T12:16:55.757700+00:00"}
{"asctime": "2025-08-11 14:16:55,759", "levelname": "INFO", "name": "AresTradingSystem.System.UnifiedDataLoader", "message": "   ðŸ” After date filtering: (1440, 19)", "correlation_id": "-", "session_id": "-", "timestamp": "2025-08-11T12:16:55.759090+00:00"}
{"asctime": "2025-08-11 14:16:55,768", "levelname": "INFO", "name": "AresTradingSystem.System.UnifiedDataLoader", "message": "   ðŸ“Š Total rows so far: 128743", "correlation_id": "-", "session_id": "-", "timestamp": "2025-08-11T12:16:55.768337+00:00"}
{"asctime": "2025-08-11 14:16:58,203", "levelname": "INFO", "name": "AresTradingSystem.System.UnifiedDataLoader", "message": "   ðŸ“„ Processing file 100/179: part-0.parquet", "correlation_id": "-", "session_id": "-", "timestamp": "2025-08-11T12:16:58.203719+00:00"}
{"asctime": "2025-08-11 14:16:58,210", "levelname": "INFO", "name": "AresTradingSystem.System.UnifiedDataLoader", "message": "   âœ… Loaded file 100: (1440, 19)", "correlation_id": "-", "session_id": "-", "timestamp": "2025-08-11T12:16:58.210211+00:00"}
{"asctime": "2025-08-11 14:16:58,211", "levelname": "INFO", "name": "AresTradingSystem.System.UnifiedDataLoader", "message": "   ðŸ” After date filtering: (1440, 19)", "correlation_id": "-", "session_id": "-", "timestamp": "2025-08-11T12:16:58.211562+00:00"}
{"asctime": "2025-08-11 14:16:58,222", "levelname": "INFO", "name": "AresTradingSystem.System.UnifiedDataLoader", "message": "   ðŸ“Š Total rows so far: 143143", "correlation_id": "-", "session_id": "-", "timestamp": "2025-08-11T12:16:58.222264+00:00"}
{"asctime": "2025-08-11 14:17:00,717", "levelname": "INFO", "name": "AresTradingSystem.System.UnifiedDataLoader", "message": "   ðŸ“„ Processing file 110/179: part-0.parquet", "correlation_id": "-", "session_id": "-", "timestamp": "2025-08-11T12:17:00.717870+00:00"}
{"asctime": "2025-08-11 14:17:00,724", "levelname": "INFO", "name": "AresTradingSystem.System.UnifiedDataLoader", "message": "   âœ… Loaded file 110: (1440, 19)", "correlation_id": "-", "session_id": "-", "timestamp": "2025-08-11T12:17:00.724410+00:00"}
{"asctime": "2025-08-11 14:17:00,725", "levelname": "INFO", "name": "AresTradingSystem.System.UnifiedDataLoader", "message": "   ðŸ” After date filtering: (1440, 19)", "correlation_id": "-", "session_id": "-", "timestamp": "2025-08-11T12:17:00.725826+00:00"}
{"asctime": "2025-08-11 14:17:00,734", "levelname": "INFO", "name": "AresTradingSystem.System.UnifiedDataLoader", "message": "   ðŸ“Š Total rows so far: 157543", "correlation_id": "-", "session_id": "-", "timestamp": "2025-08-11T12:17:00.734516+00:00"}
{"asctime": "2025-08-11 14:17:03,268", "levelname": "INFO", "name": "AresTradingSystem.System.UnifiedDataLoader", "message": "   ðŸ“„ Processing file 120/179: part-0.parquet", "correlation_id": "-", "session_id": "-", "timestamp": "2025-08-11T12:17:03.268269+00:00"}
{"asctime": "2025-08-11 14:17:03,274", "levelname": "INFO", "name": "AresTradingSystem.System.UnifiedDataLoader", "message": "   âœ… Loaded file 120: (1440, 19)", "correlation_id": "-", "session_id": "-", "timestamp": "2025-08-11T12:17:03.274058+00:00"}
{"asctime": "2025-08-11 14:17:03,275", "levelname": "INFO", "name": "AresTradingSystem.System.UnifiedDataLoader", "message": "   ðŸ” After date filtering: (1440, 19)", "correlation_id": "-", "session_id": "-", "timestamp": "2025-08-11T12:17:03.275695+00:00"}
{"asctime": "2025-08-11 14:17:03,284", "levelname": "INFO", "name": "AresTradingSystem.System.UnifiedDataLoader", "message": "   ðŸ“Š Total rows so far: 171943", "correlation_id": "-", "session_id": "-", "timestamp": "2025-08-11T12:17:03.284550+00:00"}
{"asctime": "2025-08-11 14:17:05,836", "levelname": "INFO", "name": "AresTradingSystem.System.UnifiedDataLoader", "message": "   ðŸ“„ Processing file 130/179: part-0.parquet", "correlation_id": "-", "session_id": "-", "timestamp": "2025-08-11T12:17:05.836431+00:00"}
{"asctime": "2025-08-11 14:17:05,842", "levelname": "INFO", "name": "AresTradingSystem.System.UnifiedDataLoader", "message": "   âœ… Loaded file 130: (1440, 19)", "correlation_id": "-", "session_id": "-", "timestamp": "2025-08-11T12:17:05.842829+00:00"}
{"asctime": "2025-08-11 14:17:05,844", "levelname": "INFO", "name": "AresTradingSystem.System.UnifiedDataLoader", "message": "   ðŸ” After date filtering: (1440, 19)", "correlation_id": "-", "session_id": "-", "timestamp": "2025-08-11T12:17:05.844346+00:00"}
{"asctime": "2025-08-11 14:17:05,853", "levelname": "INFO", "name": "AresTradingSystem.System.UnifiedDataLoader", "message": "   ðŸ“Š Total rows so far: 186343", "correlation_id": "-", "session_id": "-", "timestamp": "2025-08-11T12:17:05.853178+00:00"}
{"asctime": "2025-08-11 14:17:08,529", "levelname": "INFO", "name": "AresTradingSystem.System.UnifiedDataLoader", "message": "   ðŸ“„ Processing file 140/179: part-0.parquet", "correlation_id": "-", "session_id": "-", "timestamp": "2025-08-11T12:17:08.529241+00:00"}
{"asctime": "2025-08-11 14:17:08,537", "levelname": "INFO", "name": "AresTradingSystem.System.UnifiedDataLoader", "message": "   âœ… Loaded file 140: (1440, 19)", "correlation_id": "-", "session_id": "-", "timestamp": "2025-08-11T12:17:08.537129+00:00"}
{"asctime": "2025-08-11 14:17:08,539", "levelname": "INFO", "name": "AresTradingSystem.System.UnifiedDataLoader", "message": "   ðŸ” After date filtering: (1440, 19)", "correlation_id": "-", "session_id": "-", "timestamp": "2025-08-11T12:17:08.539569+00:00"}
{"asctime": "2025-08-11 14:17:08,551", "levelname": "INFO", "name": "AresTradingSystem.System.UnifiedDataLoader", "message": "   ðŸ“Š Total rows so far: 200743", "correlation_id": "-", "session_id": "-", "timestamp": "2025-08-11T12:17:08.551556+00:00"}
{"asctime": "2025-08-11 14:17:12,633", "levelname": "INFO", "name": "AresTradingSystem.System.UnifiedDataLoader", "message": "   ðŸ“„ Processing file 150/179: part-0.parquet", "correlation_id": "-", "session_id": "-", "timestamp": "2025-08-11T12:17:12.633827+00:00"}
{"asctime": "2025-08-11 14:17:12,640", "levelname": "INFO", "name": "AresTradingSystem.System.UnifiedDataLoader", "message": "   âœ… Loaded file 150: (1440, 19)", "correlation_id": "-", "session_id": "-", "timestamp": "2025-08-11T12:17:12.640974+00:00"}
{"asctime": "2025-08-11 14:17:12,642", "levelname": "INFO", "name": "AresTradingSystem.System.UnifiedDataLoader", "message": "   ðŸ” After date filtering: (1440, 19)", "correlation_id": "-", "session_id": "-", "timestamp": "2025-08-11T12:17:12.642947+00:00"}
{"asctime": "2025-08-11 14:17:12,653", "levelname": "INFO", "name": "AresTradingSystem.System.UnifiedDataLoader", "message": "   ðŸ“Š Total rows so far: 215143", "correlation_id": "-", "session_id": "-", "timestamp": "2025-08-11T12:17:12.653856+00:00"}
{"asctime": "2025-08-11 14:17:17,734", "levelname": "INFO", "name": "AresTradingSystem.System.UnifiedDataLoader", "message": "   ðŸ“„ Processing file 160/179: part-0.parquet", "correlation_id": "-", "session_id": "-", "timestamp": "2025-08-11T12:17:17.734238+00:00"}
{"asctime": "2025-08-11 14:17:17,744", "levelname": "INFO", "name": "AresTradingSystem.System.UnifiedDataLoader", "message": "   âœ… Loaded file 160: (1440, 19)", "correlation_id": "-", "session_id": "-", "timestamp": "2025-08-11T12:17:17.744606+00:00"}
{"asctime": "2025-08-11 14:17:17,746", "levelname": "INFO", "name": "AresTradingSystem.System.UnifiedDataLoader", "message": "   ðŸ” After date filtering: (1440, 19)", "correlation_id": "-", "session_id": "-", "timestamp": "2025-08-11T12:17:17.746809+00:00"}
{"asctime": "2025-08-11 14:17:17,762", "levelname": "INFO", "name": "AresTradingSystem.System.UnifiedDataLoader", "message": "   ðŸ“Š Total rows so far: 229543", "correlation_id": "-", "session_id": "-", "timestamp": "2025-08-11T12:17:17.762410+00:00"}
{"asctime": "2025-08-11 14:17:21,686", "levelname": "INFO", "name": "AresTradingSystem.System.UnifiedDataLoader", "message": "   ðŸ“„ Processing file 170/179: part-0.parquet", "correlation_id": "-", "session_id": "-", "timestamp": "2025-08-11T12:17:21.687009+00:00"}
{"asctime": "2025-08-11 14:17:21,696", "levelname": "INFO", "name": "AresTradingSystem.System.UnifiedDataLoader", "message": "   âœ… Loaded file 170: (1440, 19)", "correlation_id": "-", "session_id": "-", "timestamp": "2025-08-11T12:17:21.696545+00:00"}
{"asctime": "2025-08-11 14:17:21,698", "levelname": "INFO", "name": "AresTradingSystem.System.UnifiedDataLoader", "message": "   ðŸ” After date filtering: (1440, 19)", "correlation_id": "-", "session_id": "-", "timestamp": "2025-08-11T12:17:21.698820+00:00"}
{"asctime": "2025-08-11 14:17:21,713", "levelname": "INFO", "name": "AresTradingSystem.System.UnifiedDataLoader", "message": "   ðŸ“Š Total rows so far: 243943", "correlation_id": "-", "session_id": "-", "timestamp": "2025-08-11T12:17:21.713523+00:00"}
{"asctime": "2025-08-11 14:17:26,959", "levelname": "INFO", "name": "AresTradingSystem.System.UnifiedDataLoader", "message": "ðŸ”„ Converting 256533 records to DataFrame...", "correlation_id": "-", "session_id": "-", "timestamp": "2025-08-11T12:17:26.959935+00:00"}
{"asctime": "2025-08-11 14:17:28,466", "levelname": "INFO", "name": "AresTradingSystem.System.UnifiedDataLoader", "message": "âœ… Memory-efficient loading completed: (256533, 19)", "correlation_id": "-", "session_id": "-", "timestamp": "2025-08-11T12:17:28.466037+00:00"}
{"asctime": "2025-08-11 14:17:28,466", "levelname": "INFO", "name": "AresTradingSystem.System", "message": "âœ… Loaded unified data: 256533 rows", "correlation_id": "-", "session_id": "-", "timestamp": "2025-08-11T12:17:28.466785+00:00"}
{"asctime": "2025-08-11 14:17:28,466", "levelname": "INFO", "name": "AresTradingSystem.System", "message": "   Date range: 0 to 256532", "correlation_id": "-", "session_id": "-", "timestamp": "2025-08-11T12:17:28.466996+00:00"}
{"asctime": "2025-08-11 14:17:28,467", "levelname": "INFO", "name": "AresTradingSystem.System", "message": "   Has aggtrades data: False", "correlation_id": "-", "session_id": "-", "timestamp": "2025-08-11T12:17:28.467213+00:00"}
{"asctime": "2025-08-11 14:17:28,467", "levelname": "INFO", "name": "AresTradingSystem.System", "message": "   Has futures data: False", "correlation_id": "-", "session_id": "-", "timestamp": "2025-08-11T12:17:28.467353+00:00"}
{"asctime": "2025-08-11 14:17:28,467", "levelname": "INFO", "name": "AresTradingSystem.System", "message": "ðŸ“ Loading regime classification results from: data/training/BINANCE_ETHUSDT_regime_classification.parquet", "correlation_id": "-", "session_id": "-", "timestamp": "2025-08-11T12:17:28.467466+00:00"}
{"asctime": "2025-08-11 14:17:28,467", "levelname": "INFO", "name": "AresTradingSystem.System", "message": "   Trying direct pandas read...", "correlation_id": "-", "session_id": "-", "timestamp": "2025-08-11T12:17:28.467593+00:00"}
{"asctime": "2025-08-11 14:17:28,472", "levelname": "INFO", "name": "AresTradingSystem.System", "message": "   âœ… Successfully loaded with direct pandas read: (676, 3)", "correlation_id": "-", "session_id": "-", "timestamp": "2025-08-11T12:17:28.472455+00:00"}
{"asctime": "2025-08-11 14:17:28,472", "levelname": "INFO", "name": "AresTradingSystem.System", "message": "âœ… Loaded regime classification data: 676 rows", "correlation_id": "-", "session_id": "-", "timestamp": "2025-08-11T12:17:28.472823+00:00"}
{"asctime": "2025-08-11 14:17:28,473", "levelname": "INFO", "name": "AresTradingSystem.System", "message": "   Regimes found: ['BULL', 'BEAR', 'SIDEWAYS']", "correlation_id": "-", "session_id": "-", "timestamp": "2025-08-11T12:17:28.473422+00:00"}
{"asctime": "2025-08-11 14:17:28,514", "levelname": "WARNING", "name": "AresTradingSystem.System", "message": "\u001b[93m\u001b[1mâš ï¸\u001b[0m \u001b[93m\u001b[1m   255857 rows have missing regime labels, filling with 'SIDEWAYS'\u001b[0m", "correlation_id": "-", "session_id": "-", "timestamp": "2025-08-11T12:17:28.514158+00:00"}
{"asctime": "2025-08-11 14:17:28,690", "levelname": "INFO", "name": "AresTradingSystem.System", "message": "âœ… Successfully split data by regimes: 3 regimes", "correlation_id": "-", "session_id": "-", "timestamp": "2025-08-11T12:17:28.691009+00:00"}
{"asctime": "2025-08-11 14:17:29,066", "levelname": "INFO", "name": "AresTradingSystem.System", "message": "âœ… Saved SIDEWAYS regime data: 256118 rows -> data/training/regime_data/SIDEWAYS.parquet", "correlation_id": "-", "session_id": "-", "timestamp": "2025-08-11T12:17:29.066407+00:00"}
{"asctime": "2025-08-11 14:17:29,071", "levelname": "INFO", "name": "AresTradingSystem.System", "message": "âœ… Saved BULL regime data: 15 rows -> data/training/regime_data/BULL.parquet", "correlation_id": "-", "session_id": "-", "timestamp": "2025-08-11T12:17:29.071857+00:00"}
{"asctime": "2025-08-11 14:17:29,078", "levelname": "INFO", "name": "AresTradingSystem.System", "message": "âœ… Saved BEAR regime data: 400 rows -> data/training/regime_data/BEAR.parquet", "correlation_id": "-", "session_id": "-", "timestamp": "2025-08-11T12:17:29.078829+00:00"}
{"asctime": "2025-08-11 14:17:29,569", "levelname": "INFO", "name": "AresTradingSystem.System", "message": "âœ… Created train/validation/test splits:", "correlation_id": "-", "session_id": "-", "timestamp": "2025-08-11T12:17:29.569749+00:00"}
{"asctime": "2025-08-11 14:17:29,570", "levelname": "INFO", "name": "AresTradingSystem.System", "message": "   Train: 179573 rows -> data/training/BINANCE_ETHUSDT_train_data.parquet", "correlation_id": "-", "session_id": "-", "timestamp": "2025-08-11T12:17:29.570121+00:00"}
{"asctime": "2025-08-11 14:17:29,570", "levelname": "INFO", "name": "AresTradingSystem.System", "message": "   Validation: 38480 rows -> data/training/BINANCE_ETHUSDT_validation_data.parquet", "correlation_id": "-", "session_id": "-", "timestamp": "2025-08-11T12:17:29.570288+00:00"}
{"asctime": "2025-08-11 14:17:29,570", "levelname": "INFO", "name": "AresTradingSystem.System", "message": "   Test: 38480 rows -> data/training/BINANCE_ETHUSDT_test_data.parquet", "correlation_id": "-", "session_id": "-", "timestamp": "2025-08-11T12:17:29.570718+00:00"}
{"asctime": "2025-08-11 14:17:29,579", "levelname": "INFO", "name": "AresTradingSystem.System", "message": "ðŸ“Š Regime Data Splitting Results:", "correlation_id": "-", "session_id": "-", "timestamp": "2025-08-11T12:17:29.579573+00:00"}
{"asctime": "2025-08-11 14:17:29,579", "levelname": "INFO", "name": "AresTradingSystem.System", "message": "   SIDEWAYS: 256118 rows (99.8%)", "correlation_id": "-", "session_id": "-", "timestamp": "2025-08-11T12:17:29.579926+00:00"}
{"asctime": "2025-08-11 14:17:29,580", "levelname": "INFO", "name": "AresTradingSystem.System", "message": "   BULL: 15 rows (0.0%)", "correlation_id": "-", "session_id": "-", "timestamp": "2025-08-11T12:17:29.580075+00:00"}
{"asctime": "2025-08-11 14:17:29,580", "levelname": "INFO", "name": "AresTradingSystem.System", "message": "   BEAR: 400 rows (0.2%)", "correlation_id": "-", "session_id": "-", "timestamp": "2025-08-11T12:17:29.580195+00:00"}
{"asctime": "2025-08-11 14:17:29,580", "levelname": "INFO", "name": "AresTradingSystem.System", "message": "âœ… Regime data splitting completed successfully", "correlation_id": "-", "session_id": "-", "timestamp": "2025-08-11T12:17:29.580309+00:00"}
{"asctime": "2025-08-11 14:17:29,964", "levelname": "INFO", "name": "AresTradingSystem.System.AnalystLabelingFeatureEngineeringStep", "message": "Initializing Analyst Labeling and Feature Engineering Step...", "correlation_id": "-", "session_id": "-", "timestamp": "2025-08-11T12:17:29.964991+00:00"}
{"asctime": "2025-08-11 14:17:30,033", "levelname": "INFO", "name": "AresTradingSystem.System.VectorizedLabellingOrchestrator", "message": "ðŸš€ Initializing vectorized labeling orchestrator...", "correlation_id": "-", "session_id": "-", "timestamp": "2025-08-11T12:17:30.033708+00:00"}
