{"asctime": "2025-08-10 09:50:21,336", "levelname": "INFO", "name": "AresGlobal", "message": "================================================================================", "correlation_id": "-", "session_id": "-", "timestamp": "2025-08-10T07:50:21.336173+00:00"}
{"asctime": "2025-08-10 09:50:21,336", "levelname": "INFO", "name": "AresGlobal", "message": "📊 SESSION SUMMARY", "correlation_id": "-", "session_id": "-", "timestamp": "2025-08-10T07:50:21.336278+00:00"}
{"asctime": "2025-08-10 09:50:21,336", "levelname": "INFO", "name": "AresGlobal", "message": "Session started: 2025-08-10 09:50:21", "correlation_id": "-", "session_id": "-", "timestamp": "2025-08-10T07:50:21.336351+00:00"}
{"asctime": "2025-08-10 09:50:21,336", "levelname": "INFO", "name": "AresGlobal", "message": "This file contains ALL logs for this session", "correlation_id": "-", "session_id": "-", "timestamp": "2025-08-10T07:50:21.336406+00:00"}
{"asctime": "2025-08-10 09:50:21,336", "levelname": "INFO", "name": "AresGlobal", "message": "================================================================================", "correlation_id": "-", "session_id": "-", "timestamp": "2025-08-10T07:50:21.336460+00:00"}
{"asctime": "2025-08-10 09:50:21,336", "levelname": "INFO", "name": "AresGlobal", "message": "Applied NumPy RNG unpickle compatibility shim (ModelManager)", "correlation_id": "-", "session_id": "-", "timestamp": "2025-08-10T07:50:21.336864+00:00"}
{"asctime": "2025-08-10 09:50:21,337", "levelname": "INFO", "name": "AresGlobal", "message": "[SYSTEM] ================================================================================", "correlation_id": "-", "session_id": "-", "timestamp": "2025-08-10T07:50:21.337013+00:00"}
{"asctime": "2025-08-10 09:50:21,337", "levelname": "INFO", "name": "AresGlobal", "message": "[SYSTEM] 🚀 ARES LAUNCHER STARTED - Mode: INITIALIZATION", "correlation_id": "-", "session_id": "-", "timestamp": "2025-08-10T07:50:21.337136+00:00"}
{"asctime": "2025-08-10 09:50:21,337", "levelname": "INFO", "name": "AresGlobal", "message": "[SYSTEM] Start time: 2025-08-10 09:50:21", "correlation_id": "-", "session_id": "-", "timestamp": "2025-08-10T07:50:21.337249+00:00"}
{"asctime": "2025-08-10 09:50:21,337", "levelname": "INFO", "name": "AresGlobal", "message": "[SYSTEM] Log directory: log", "correlation_id": "-", "session_id": "-", "timestamp": "2025-08-10T07:50:21.337354+00:00"}
{"asctime": "2025-08-10 09:50:21,337", "levelname": "INFO", "name": "AresGlobal", "message": "[SYSTEM] ================================================================================", "correlation_id": "-", "session_id": "-", "timestamp": "2025-08-10T07:50:21.337457+00:00"}
{"asctime": "2025-08-10 09:50:21,337", "levelname": "INFO", "name": "AresGlobal.AresLauncher", "message": "================================================================================", "correlation_id": "-", "session_id": "-", "timestamp": "2025-08-10T07:50:21.337509+00:00"}
{"asctime": "2025-08-10 09:50:21,337", "levelname": "INFO", "name": "AresGlobal.AresLauncher", "message": "🚀 ARES COMPREHENSIVE LAUNCHER", "correlation_id": "-", "session_id": "-", "timestamp": "2025-08-10T07:50:21.337565+00:00"}
{"asctime": "2025-08-10 09:50:21,337", "levelname": "INFO", "name": "AresGlobal.AresLauncher", "message": "================================================================================", "correlation_id": "-", "session_id": "-", "timestamp": "2025-08-10T07:50:21.337622+00:00"}
{"asctime": "2025-08-10 09:50:21,337", "levelname": "INFO", "name": "AresGlobal.AresLauncher", "message": "Start time: 2025-08-10 09:50:21", "correlation_id": "-", "session_id": "-", "timestamp": "2025-08-10T07:50:21.337679+00:00"}
{"asctime": "2025-08-10 09:50:21,337", "levelname": "INFO", "name": "AresGlobal.AresLauncher", "message": "Log directory: log", "correlation_id": "-", "session_id": "-", "timestamp": "2025-08-10T07:50:21.337731+00:00"}
{"asctime": "2025-08-10 09:50:21,337", "levelname": "INFO", "name": "AresGlobal.AresLauncher", "message": "Log level: INFO", "correlation_id": "-", "session_id": "-", "timestamp": "2025-08-10T07:50:21.337783+00:00"}
{"asctime": "2025-08-10 09:50:21,337", "levelname": "INFO", "name": "AresGlobal.AresLauncher", "message": "Global log file: ares_global_20250810_095021.log", "correlation_id": "-", "session_id": "-", "timestamp": "2025-08-10T07:50:21.337850+00:00"}
{"asctime": "2025-08-10 09:50:21,337", "levelname": "INFO", "name": "AresGlobal.AresLauncher", "message": "================================================================================", "correlation_id": "-", "session_id": "-", "timestamp": "2025-08-10T07:50:21.337902+00:00"}
{"asctime": "2025-08-10 09:50:21,338", "levelname": "INFO", "name": "AresGlobal", "message": "[SYSTEM] ================================================================================", "correlation_id": "ee6a2cd9-cc33-448b-b407-467a76132892", "session_id": "666d3db7-1e2e-4995-9f27-0ecafe81d121", "timestamp": "2025-08-10T07:50:21.338096+00:00"}
{"asctime": "2025-08-10 09:50:21,338", "levelname": "INFO", "name": "AresGlobal", "message": "[SYSTEM] 🚀 ARES LAUNCHER STARTED - Mode: blank - Symbol: ETHUSDT - Exchange: BINANCE", "correlation_id": "ee6a2cd9-cc33-448b-b407-467a76132892", "session_id": "666d3db7-1e2e-4995-9f27-0ecafe81d121", "timestamp": "2025-08-10T07:50:21.338204+00:00"}
{"asctime": "2025-08-10 09:50:21,338", "levelname": "INFO", "name": "AresGlobal", "message": "[SYSTEM] Start time: 2025-08-10 09:50:21", "correlation_id": "ee6a2cd9-cc33-448b-b407-467a76132892", "session_id": "666d3db7-1e2e-4995-9f27-0ecafe81d121", "timestamp": "2025-08-10T07:50:21.338312+00:00"}
{"asctime": "2025-08-10 09:50:21,338", "levelname": "INFO", "name": "AresGlobal", "message": "[SYSTEM] Log directory: log", "correlation_id": "ee6a2cd9-cc33-448b-b407-467a76132892", "session_id": "666d3db7-1e2e-4995-9f27-0ecafe81d121", "timestamp": "2025-08-10T07:50:21.338409+00:00"}
{"asctime": "2025-08-10 09:50:21,338", "levelname": "INFO", "name": "AresGlobal", "message": "[SYSTEM] ================================================================================", "correlation_id": "ee6a2cd9-cc33-448b-b407-467a76132892", "session_id": "666d3db7-1e2e-4995-9f27-0ecafe81d121", "timestamp": "2025-08-10T07:50:21.338546+00:00"}
{"asctime": "2025-08-10 09:50:21,338", "levelname": "INFO", "name": "AresGlobal.AresLauncher", "message": "🚀 Running enhanced 16-step training pipeline for ETHUSDT on BINANCE", "correlation_id": "ee6a2cd9-cc33-448b-b407-467a76132892", "session_id": "666d3db7-1e2e-4995-9f27-0ecafe81d121", "timestamp": "2025-08-10T07:50:21.338641+00:00"}
{"asctime": "2025-08-10 09:50:21,338", "levelname": "INFO", "name": "AresGlobal.AresLauncher", "message": "Starting from step: step3_regime_data_splitting", "correlation_id": "ee6a2cd9-cc33-448b-b407-467a76132892", "session_id": "666d3db7-1e2e-4995-9f27-0ecafe81d121", "timestamp": "2025-08-10T07:50:21.338712+00:00"}
{"asctime": "2025-08-10 09:50:21,338", "levelname": "INFO", "name": "AresGlobal.AresLauncher", "message": "🧪 BLANK TRAINING MODE: Set BLANK_TRAINING_MODE=1 for step-based training", "correlation_id": "ee6a2cd9-cc33-448b-b407-467a76132892", "session_id": "666d3db7-1e2e-4995-9f27-0ecafe81d121", "timestamp": "2025-08-10T07:50:21.338774+00:00"}
{"asctime": "2025-08-10 09:50:21,339", "levelname": "INFO", "name": "AresGlobal.ProgressManager", "message": "Initialized ProgressManager for ETHUSDT on BINANCE", "correlation_id": "ee6a2cd9-cc33-448b-b407-467a76132892", "session_id": "666d3db7-1e2e-4995-9f27-0ecafe81d121", "timestamp": "2025-08-10T07:50:21.339448+00:00"}
{"asctime": "2025-08-10 09:50:21,339", "levelname": "INFO", "name": "AresGlobal.ProgressManager", "message": "Progress directory: data/training/progress/BINANCE_ETHUSDT", "correlation_id": "ee6a2cd9-cc33-448b-b407-467a76132892", "session_id": "666d3db7-1e2e-4995-9f27-0ecafe81d121", "timestamp": "2025-08-10T07:50:21.339552+00:00"}
{"asctime": "2025-08-10 09:50:21,339", "levelname": "INFO", "name": "AresGlobal.StepOrchestrator", "message": "Initialized StepOrchestrator for ETHUSDT on BINANCE", "correlation_id": "ee6a2cd9-cc33-448b-b407-467a76132892", "session_id": "666d3db7-1e2e-4995-9f27-0ecafe81d121", "timestamp": "2025-08-10T07:50:21.339623+00:00"}
{"asctime": "2025-08-10 09:50:21,339", "levelname": "INFO", "name": "AresGlobal.StepOrchestrator", "message": "🚀 Starting execution from step: step3_regime_data_splitting", "correlation_id": "ee6a2cd9-cc33-448b-b407-467a76132892", "session_id": "666d3db7-1e2e-4995-9f27-0ecafe81d121", "timestamp": "2025-08-10T07:50:21.339844+00:00"}
{"asctime": "2025-08-10 09:50:23,158", "levelname": "INFO", "name": "AresGlobal.EnhancedTrainingManagerOptimized", "message": "Loaded optimization configuration", "correlation_id": "ee6a2cd9-cc33-448b-b407-467a76132892", "session_id": "666d3db7-1e2e-4995-9f27-0ecafe81d121", "timestamp": "2025-08-10T07:50:23.158679+00:00"}
{"asctime": "2025-08-10 09:50:23,161", "levelname": "INFO", "name": "AresGlobal.StepOrchestrator", "message": "✅ Enhanced training manager setup successfully", "correlation_id": "ee6a2cd9-cc33-448b-b407-467a76132892", "session_id": "666d3db7-1e2e-4995-9f27-0ecafe81d121", "timestamp": "2025-08-10T07:50:23.161313+00:00"}
{"asctime": "2025-08-10 09:50:23,162", "levelname": "INFO", "name": "AresGlobal.EnhancedTrainingManagerOptimized", "message": "🚀 Initializing Enhanced Training Manager with Optimizations...", "correlation_id": "ee6a2cd9-cc33-448b-b407-467a76132892", "session_id": "666d3db7-1e2e-4995-9f27-0ecafe81d121", "timestamp": "2025-08-10T07:50:23.162035+00:00"}
{"asctime": "2025-08-10 09:50:23,169", "levelname": "INFO", "name": "AresGlobal.EnhancedTrainingManagerOptimized", "message": "✅ Parallel backtester initialized with 8 workers", "correlation_id": "ee6a2cd9-cc33-448b-b407-467a76132892", "session_id": "666d3db7-1e2e-4995-9f27-0ecafe81d121", "timestamp": "2025-08-10T07:50:23.169184+00:00"}
{"asctime": "2025-08-10 09:50:23,170", "levelname": "INFO", "name": "AresGlobal.EnhancedTrainingManagerOptimized", "message": "✅ All optimization components initialized successfully", "correlation_id": "ee6a2cd9-cc33-448b-b407-467a76132892", "session_id": "666d3db7-1e2e-4995-9f27-0ecafe81d121", "timestamp": "2025-08-10T07:50:23.170029+00:00"}
