{"asctime": "2025-08-14 00:01:35,540", "levelname": "INFO", "name": "AresGlobal", "message": "================================================================================", "correlation_id": "-", "session_id": "-", "timestamp": "2025-08-13T22:01:35.540583+00:00"}
{"asctime": "2025-08-14 00:01:35,540", "levelname": "INFO", "name": "AresGlobal", "message": "📊 SESSION SUMMARY", "correlation_id": "-", "session_id": "-", "timestamp": "2025-08-13T22:01:35.540739+00:00"}
{"asctime": "2025-08-14 00:01:35,540", "levelname": "INFO", "name": "AresGlobal", "message": "Session started: 2025-08-14 00:01:35", "correlation_id": "-", "session_id": "-", "timestamp": "2025-08-13T22:01:35.540842+00:00"}
{"asctime": "2025-08-14 00:01:35,540", "levelname": "INFO", "name": "AresGlobal", "message": "This file contains ALL logs for this session", "correlation_id": "-", "session_id": "-", "timestamp": "2025-08-13T22:01:35.540930+00:00"}
{"asctime": "2025-08-14 00:01:35,541", "levelname": "INFO", "name": "AresGlobal", "message": "================================================================================", "correlation_id": "-", "session_id": "-", "timestamp": "2025-08-13T22:01:35.541014+00:00"}
{"asctime": "2025-08-14 00:01:35,541", "levelname": "INFO", "name": "AresSystem", "message": "================================================================================", "correlation_id": "-", "session_id": "-", "timestamp": "2025-08-13T22:01:35.541125+00:00"}
{"asctime": "2025-08-14 00:01:35,541", "levelname": "INFO", "name": "AresGlobal", "message": "[SYSTEM] ================================================================================", "correlation_id": "-", "session_id": "-", "timestamp": "2025-08-13T22:01:35.541226+00:00"}
{"asctime": "2025-08-14 00:01:35,541", "levelname": "INFO", "name": "AresSystem", "message": "🚀 ARES LAUNCHER STARTED - Mode: INITIALIZATION", "correlation_id": "-", "session_id": "-", "timestamp": "2025-08-13T22:01:35.541313+00:00"}
{"asctime": "2025-08-14 00:01:35,541", "levelname": "INFO", "name": "AresGlobal", "message": "[SYSTEM] 🚀 ARES LAUNCHER STARTED - Mode: INITIALIZATION", "correlation_id": "-", "session_id": "-", "timestamp": "2025-08-13T22:01:35.541401+00:00"}
{"asctime": "2025-08-14 00:01:35,541", "levelname": "INFO", "name": "AresSystem", "message": "Start time: 2025-08-14 00:01:35", "correlation_id": "-", "session_id": "-", "timestamp": "2025-08-13T22:01:35.541489+00:00"}
{"asctime": "2025-08-14 00:01:35,541", "levelname": "INFO", "name": "AresGlobal", "message": "[SYSTEM] Start time: 2025-08-14 00:01:35", "correlation_id": "-", "session_id": "-", "timestamp": "2025-08-13T22:01:35.541569+00:00"}
{"asctime": "2025-08-14 00:01:35,541", "levelname": "INFO", "name": "AresSystem", "message": "Log directory: log", "correlation_id": "-", "session_id": "-", "timestamp": "2025-08-13T22:01:35.541649+00:00"}
{"asctime": "2025-08-14 00:01:35,541", "levelname": "INFO", "name": "AresGlobal", "message": "[SYSTEM] Log directory: log", "correlation_id": "-", "session_id": "-", "timestamp": "2025-08-13T22:01:35.541729+00:00"}
{"asctime": "2025-08-14 00:01:35,541", "levelname": "INFO", "name": "AresSystem", "message": "================================================================================", "correlation_id": "-", "session_id": "-", "timestamp": "2025-08-13T22:01:35.541809+00:00"}
{"asctime": "2025-08-14 00:01:35,541", "levelname": "INFO", "name": "AresGlobal", "message": "[SYSTEM] ================================================================================", "correlation_id": "-", "session_id": "-", "timestamp": "2025-08-13T22:01:35.541892+00:00"}
{"asctime": "2025-08-14 00:01:35,541", "levelname": "INFO", "name": "AresGlobal.AresLauncher", "message": "================================================================================", "correlation_id": "-", "session_id": "-", "timestamp": "2025-08-13T22:01:35.541976+00:00"}
{"asctime": "2025-08-14 00:01:35,542", "levelname": "INFO", "name": "AresGlobal.AresLauncher", "message": "🚀 ARES COMPREHENSIVE LAUNCHER", "correlation_id": "-", "session_id": "-", "timestamp": "2025-08-13T22:01:35.542058+00:00"}
{"asctime": "2025-08-14 00:01:35,542", "levelname": "INFO", "name": "AresGlobal.AresLauncher", "message": "================================================================================", "correlation_id": "-", "session_id": "-", "timestamp": "2025-08-13T22:01:35.542200+00:00"}
{"asctime": "2025-08-14 00:01:35,542", "levelname": "INFO", "name": "AresGlobal.AresLauncher", "message": "Start time: 2025-08-14 00:01:35", "correlation_id": "-", "session_id": "-", "timestamp": "2025-08-13T22:01:35.542343+00:00"}
{"asctime": "2025-08-14 00:01:35,542", "levelname": "INFO", "name": "AresGlobal.AresLauncher", "message": "Log directory: log", "correlation_id": "-", "session_id": "-", "timestamp": "2025-08-13T22:01:35.542480+00:00"}
{"asctime": "2025-08-14 00:01:35,542", "levelname": "INFO", "name": "AresGlobal.AresLauncher", "message": "Log level: INFO", "correlation_id": "-", "session_id": "-", "timestamp": "2025-08-13T22:01:35.542616+00:00"}
{"asctime": "2025-08-14 00:01:35,542", "levelname": "INFO", "name": "AresGlobal.AresLauncher", "message": "Global log file: ares_global_20250814_000135.log", "correlation_id": "-", "session_id": "-", "timestamp": "2025-08-13T22:01:35.542758+00:00"}
{"asctime": "2025-08-14 00:01:35,542", "levelname": "INFO", "name": "AresGlobal.AresLauncher", "message": "Full run log: log/ares_full_20250814_000135.log", "correlation_id": "-", "session_id": "-", "timestamp": "2025-08-13T22:01:35.542907+00:00"}
{"asctime": "2025-08-14 00:01:35,543", "levelname": "INFO", "name": "AresGlobal.AresLauncher", "message": "================================================================================", "correlation_id": "-", "session_id": "-", "timestamp": "2025-08-13T22:01:35.543052+00:00"}
{"asctime": "2025-08-14 00:01:35,543", "levelname": "INFO", "name": "AresTradingSystem.System.SignalHandler", "message": "Shutdown callback registered", "correlation_id": "-", "session_id": "-", "timestamp": "2025-08-13T22:01:35.543194+00:00"}
{"asctime": "2025-08-14 00:01:35,543", "levelname": "INFO", "name": "AresSystem", "message": "================================================================================", "correlation_id": "-", "session_id": "-", "timestamp": "2025-08-13T22:01:35.543337+00:00"}
{"asctime": "2025-08-14 00:01:35,543", "levelname": "INFO", "name": "AresGlobal", "message": "[SYSTEM] ================================================================================", "correlation_id": "-", "session_id": "-", "timestamp": "2025-08-13T22:01:35.543473+00:00"}
{"asctime": "2025-08-14 00:01:35,543", "levelname": "INFO", "name": "AresSystem", "message": "🚀 ARES LAUNCHER STARTED - Mode: full - Symbol: ETHUSDT - Exchange: BINANCE", "correlation_id": "-", "session_id": "-", "timestamp": "2025-08-13T22:01:35.543607+00:00"}
{"asctime": "2025-08-14 00:01:35,543", "levelname": "INFO", "name": "AresGlobal", "message": "[SYSTEM] 🚀 ARES LAUNCHER STARTED - Mode: full - Symbol: ETHUSDT - Exchange: BINANCE", "correlation_id": "-", "session_id": "-", "timestamp": "2025-08-13T22:01:35.543755+00:00"}
{"asctime": "2025-08-14 00:01:35,543", "levelname": "INFO", "name": "AresSystem", "message": "Start time: 2025-08-14 00:01:35", "correlation_id": "-", "session_id": "-", "timestamp": "2025-08-13T22:01:35.543905+00:00"}
{"asctime": "2025-08-14 00:01:35,544", "levelname": "INFO", "name": "AresGlobal", "message": "[SYSTEM] Start time: 2025-08-14 00:01:35", "correlation_id": "-", "session_id": "-", "timestamp": "2025-08-13T22:01:35.544043+00:00"}
{"asctime": "2025-08-14 00:01:35,544", "levelname": "INFO", "name": "AresSystem", "message": "Log directory: log", "correlation_id": "-", "session_id": "-", "timestamp": "2025-08-13T22:01:35.544177+00:00"}
{"asctime": "2025-08-14 00:01:35,544", "levelname": "INFO", "name": "AresGlobal", "message": "[SYSTEM] Log directory: log", "correlation_id": "-", "session_id": "-", "timestamp": "2025-08-13T22:01:35.544310+00:00"}
{"asctime": "2025-08-14 00:01:35,544", "levelname": "INFO", "name": "AresSystem", "message": "================================================================================", "correlation_id": "-", "session_id": "-", "timestamp": "2025-08-13T22:01:35.544440+00:00"}
{"asctime": "2025-08-14 00:01:35,544", "levelname": "INFO", "name": "AresGlobal", "message": "[SYSTEM] ================================================================================", "correlation_id": "-", "session_id": "-", "timestamp": "2025-08-13T22:01:35.544579+00:00"}
{"asctime": "2025-08-14 00:01:35,544", "levelname": "INFO", "name": "AresGlobal.AresLauncher", "message": "🚀 Running step-based full training for ETHUSDT on BINANCE", "correlation_id": "-", "session_id": "-", "timestamp": "2025-08-13T22:01:35.544863+00:00"}
{"asctime": "2025-08-14 00:01:35,545", "levelname": "INFO", "name": "AresGlobal.AresLauncher", "message": "📊 Using full parameters (730 days lookback, full training parameters)", "correlation_id": "-", "session_id": "-", "timestamp": "2025-08-13T22:01:35.545052+00:00"}
{"asctime": "2025-08-14 00:01:35,545", "levelname": "INFO", "name": "AresGlobal.AresLauncher", "message": "Starting from step: step2_processing_labeling_feature_engineering", "correlation_id": "-", "session_id": "-", "timestamp": "2025-08-13T22:01:35.545357+00:00"}
{"asctime": "2025-08-14 00:01:35,548", "levelname": "INFO", "name": "AresGlobal.AresLauncher", "message": "📊 FULL TRAINING MODE: Set FULL_TRAINING_MODE=1 for step-based training", "correlation_id": "-", "session_id": "-", "timestamp": "2025-08-13T22:01:35.548825+00:00"}
{"asctime": "2025-08-14 00:01:35,549", "levelname": "INFO", "name": "AresGlobal.ProgressManager", "message": "Initialized ProgressManager for ETHUSDT on BINANCE", "correlation_id": "-", "session_id": "-", "timestamp": "2025-08-13T22:01:35.549471+00:00"}
{"asctime": "2025-08-14 00:01:35,549", "levelname": "INFO", "name": "AresGlobal.ProgressManager", "message": "Progress directory: data/training/progress/BINANCE_ETHUSDT", "correlation_id": "-", "session_id": "-", "timestamp": "2025-08-13T22:01:35.549746+00:00"}
{"asctime": "2025-08-14 00:01:35,549", "levelname": "INFO", "name": "AresGlobal.StepOrchestrator", "message": "Initialized StepOrchestrator for ETHUSDT on BINANCE", "correlation_id": "-", "session_id": "-", "timestamp": "2025-08-13T22:01:35.549885+00:00"}
{"asctime": "2025-08-14 00:01:35,550", "levelname": "INFO", "name": "AresGlobal.ProgressManager", "message": "🗑️  Cleared progress for step2_processing_labeling_feature_engineering", "correlation_id": "-", "session_id": "-", "timestamp": "2025-08-13T22:01:35.550063+00:00"}
{"asctime": "2025-08-14 00:01:35,550", "levelname": "INFO", "name": "AresGlobal.ProgressManager", "message": "🗑️  Cleared progress for step3_feature_engineering", "correlation_id": "-", "session_id": "-", "timestamp": "2025-08-13T22:01:35.550279+00:00"}
{"asctime": "2025-08-14 00:01:35,550", "levelname": "INFO", "name": "AresGlobal.ProgressManager", "message": "🗑️  Cleared progress for step4_regime_data_splitting", "correlation_id": "-", "session_id": "-", "timestamp": "2025-08-13T22:01:35.550508+00:00"}
{"asctime": "2025-08-14 00:01:35,551", "levelname": "INFO", "name": "AresGlobal.ProgressManager", "message": "🗑️  Cleared progress for step5_analyst_specialist_training", "correlation_id": "-", "session_id": "-", "timestamp": "2025-08-13T22:01:35.551709+00:00"}
{"asctime": "2025-08-14 00:01:35,552", "levelname": "INFO", "name": "AresGlobal.ProgressManager", "message": "🗑️  Cleared progress for step6_analyst_enhancement", "correlation_id": "-", "session_id": "-", "timestamp": "2025-08-13T22:01:35.552569+00:00"}
{"asctime": "2025-08-14 00:01:35,552", "levelname": "INFO", "name": "AresGlobal.ProgressManager", "message": "🗑️  Cleared progress for step7_analyst_ensemble_creation", "correlation_id": "-", "session_id": "-", "timestamp": "2025-08-13T22:01:35.552912+00:00"}
{"asctime": "2025-08-14 00:01:35,553", "levelname": "INFO", "name": "AresGlobal.ProgressManager", "message": "🗑️  Cleared progress for step8_tactician_labeling", "correlation_id": "-", "session_id": "-", "timestamp": "2025-08-13T22:01:35.553665+00:00"}
{"asctime": "2025-08-14 00:01:35,554", "levelname": "INFO", "name": "AresGlobal.ProgressManager", "message": "🗑️  Cleared progress for step9_tactician_specialist_training", "correlation_id": "-", "session_id": "-", "timestamp": "2025-08-13T22:01:35.554093+00:00"}
{"asctime": "2025-08-14 00:01:35,554", "levelname": "INFO", "name": "AresGlobal.ProgressManager", "message": "🗑️  Cleared progress for step10_tactician_ensemble_creation", "correlation_id": "-", "session_id": "-", "timestamp": "2025-08-13T22:01:35.554417+00:00"}
{"asctime": "2025-08-14 00:01:35,554", "levelname": "INFO", "name": "AresGlobal.ProgressManager", "message": "🗑️  Cleared progress for step11_confidence_calibration", "correlation_id": "-", "session_id": "-", "timestamp": "2025-08-13T22:01:35.554840+00:00"}
{"asctime": "2025-08-14 00:01:35,555", "levelname": "INFO", "name": "AresGlobal.ProgressManager", "message": "🗑️  Cleared progress for step12_final_parameters_optimization", "correlation_id": "-", "session_id": "-", "timestamp": "2025-08-13T22:01:35.555502+00:00"}
{"asctime": "2025-08-14 00:01:35,556", "levelname": "INFO", "name": "AresGlobal.ProgressManager", "message": "🗑️  Cleared progress for step13_walk_forward_validation", "correlation_id": "-", "session_id": "-", "timestamp": "2025-08-13T22:01:35.556071+00:00"}
{"asctime": "2025-08-14 00:01:35,557", "levelname": "INFO", "name": "AresGlobal.ProgressManager", "message": "🗑️  Cleared progress for step14_monte_carlo_validation", "correlation_id": "-", "session_id": "-", "timestamp": "2025-08-13T22:01:35.557111+00:00"}
{"asctime": "2025-08-14 00:01:35,558", "levelname": "INFO", "name": "AresGlobal.ProgressManager", "message": "🗑️  Cleared progress for step15_ab_testing", "correlation_id": "-", "session_id": "-", "timestamp": "2025-08-13T22:01:35.558154+00:00"}
{"asctime": "2025-08-14 00:01:35,559", "levelname": "INFO", "name": "AresGlobal.ProgressManager", "message": "🗑️  Cleared progress for step16_saving", "correlation_id": "-", "session_id": "-", "timestamp": "2025-08-13T22:01:35.559161+00:00"}
{"asctime": "2025-08-14 00:01:35,559", "levelname": "INFO", "name": "AresGlobal.AresLauncher", "message": "🧹 Cleared progress for steps from 'step2_processing_labeling_feature_engineering' to the end of the pipeline", "correlation_id": "-", "session_id": "-", "timestamp": "2025-08-13T22:01:35.559867+00:00"}
{"asctime": "2025-08-14 00:01:35,560", "levelname": "INFO", "name": "AresGlobal.AresLauncher", "message": "🗑️  Cleared checkpoint: checkpoints/BINANCE/ETHUSDT/1m/training_progress.json", "correlation_id": "-", "session_id": "-", "timestamp": "2025-08-13T22:01:35.560734+00:00"}
{"asctime": "2025-08-14 00:01:35,560", "levelname": "INFO", "name": "AresGlobal.AresLauncher", "message": "📁 Using pre-consolidated data for step2", "correlation_id": "-", "session_id": "-", "timestamp": "2025-08-13T22:01:35.560942+00:00"}
{"asctime": "2025-08-14 00:01:35,561", "levelname": "INFO", "name": "AresGlobal.AresLauncher", "message": "✅ Found consolidated data: data_cache/aggtrades_BINANCE_ETHUSDT_consolidated.parquet", "correlation_id": "-", "session_id": "-", "timestamp": "2025-08-13T22:01:35.561083+00:00"}
{"asctime": "2025-08-14 00:01:35,561", "levelname": "DEBUG", "name": "asyncio", "message": "Using selector: KqueueSelector", "correlation_id": "-", "session_id": "-", "timestamp": "2025-08-13T22:01:35.561263+00:00"}
{"asctime": "2025-08-14 00:01:35,561", "levelname": "INFO", "name": "AresGlobal.StepOrchestrator", "message": "🚀 Starting execution from step: step2_processing_labeling_feature_engineering", "correlation_id": "-", "session_id": "-", "timestamp": "2025-08-13T22:01:35.561537+00:00"}
{"asctime": "2025-08-14 00:01:35,744", "levelname": "INFO", "name": "src.utils.prometheus_metrics", "message": "Prometheus metrics server started on port 9000", "correlation_id": "-", "session_id": "-", "timestamp": "2025-08-13T22:01:35.744104+00:00"}
{"asctime": "2025-08-14 00:01:39,855", "levelname": "DEBUG", "name": "matplotlib", "message": "matplotlib data path: /Users/remyroche/Library/Caches/pypoetry/virtualenvs/ares-trading-bot-aKyeIWDD-py3.11/lib/python3.11/site-packages/matplotlib/mpl-data", "correlation_id": "-", "session_id": "-", "timestamp": "2025-08-13T22:01:39.855826+00:00"}
{"asctime": "2025-08-14 00:01:39,859", "levelname": "DEBUG", "name": "matplotlib", "message": "CONFIGDIR=/Users/remyroche/.matplotlib", "correlation_id": "-", "session_id": "-", "timestamp": "2025-08-13T22:01:39.859973+00:00"}
{"asctime": "2025-08-14 00:01:39,861", "levelname": "DEBUG", "name": "matplotlib", "message": "interactive is False", "correlation_id": "-", "session_id": "-", "timestamp": "2025-08-13T22:01:39.861210+00:00"}
{"asctime": "2025-08-14 00:01:39,861", "levelname": "DEBUG", "name": "matplotlib", "message": "platform is darwin", "correlation_id": "-", "session_id": "-", "timestamp": "2025-08-13T22:01:39.861336+00:00"}
{"asctime": "2025-08-14 00:01:39,901", "levelname": "DEBUG", "name": "matplotlib", "message": "CACHEDIR=/Users/remyroche/.matplotlib", "correlation_id": "-", "session_id": "-", "timestamp": "2025-08-13T22:01:39.901036+00:00"}
{"asctime": "2025-08-14 00:01:39,902", "levelname": "DEBUG", "name": "matplotlib.font_manager", "message": "Using fontManager instance from /Users/remyroche/.matplotlib/fontlist-v390.json", "correlation_id": "-", "session_id": "-", "timestamp": "2025-08-13T22:01:39.902493+00:00"}
{"asctime": "2025-08-14 00:01:45,507", "levelname": "INFO", "name": "AresGlobal.EnhancedTrainingManager", "message": "Loaded optimization configuration", "correlation_id": "-", "session_id": "-", "timestamp": "2025-08-13T22:01:45.507726+00:00"}
{"asctime": "2025-08-14 00:01:45,508", "levelname": "INFO", "name": "AresGlobal.EnhancedTrainingManagerOptimized", "message": "Loaded optimization configuration", "correlation_id": "-", "session_id": "-", "timestamp": "2025-08-13T22:01:45.508483+00:00"}
{"asctime": "2025-08-14 00:01:45,508", "levelname": "INFO", "name": "AresGlobal.EnhancedTrainingManager", "message": "Loaded optimization configuration", "correlation_id": "-", "session_id": "-", "timestamp": "2025-08-13T22:01:45.508844+00:00"}
{"asctime": "2025-08-14 00:01:45,509", "levelname": "INFO", "name": "AresGlobal.EnhancedTrainingManager", "message": "🚀 Initializing Enhanced Training Manager...", "correlation_id": "-", "session_id": "-", "timestamp": "2025-08-13T22:01:45.509018+00:00"}
{"asctime": "2025-08-14 00:01:45,509", "levelname": "INFO", "name": "AresGlobal.EnhancedTrainingManager", "message": "📊 Blank training mode: False", "correlation_id": "-", "session_id": "-", "timestamp": "2025-08-13T22:01:45.509311+00:00"}
{"asctime": "2025-08-14 00:01:45,509", "levelname": "INFO", "name": "AresGlobal.EnhancedTrainingManager", "message": "🔧 Max trials: 200", "correlation_id": "-", "session_id": "-", "timestamp": "2025-08-13T22:01:45.509433+00:00"}
{"asctime": "2025-08-14 00:01:45,509", "levelname": "INFO", "name": "AresGlobal.EnhancedTrainingManager", "message": "🔧 N trials: 100", "correlation_id": "-", "session_id": "-", "timestamp": "2025-08-13T22:01:45.509534+00:00"}
{"asctime": "2025-08-14 00:01:45,509", "levelname": "INFO", "name": "AresGlobal.EnhancedTrainingManager", "message": "📈 Lookback days: 30", "correlation_id": "-", "session_id": "-", "timestamp": "2025-08-13T22:01:45.509634+00:00"}
{"asctime": "2025-08-14 00:01:45,509", "levelname": "INFO", "name": "AresGlobal.EnhancedTrainingManager", "message": "🚀 Computational optimization: True", "correlation_id": "-", "session_id": "-", "timestamp": "2025-08-13T22:01:45.509802+00:00"}
{"asctime": "2025-08-14 00:01:45,509", "levelname": "INFO", "name": "AresGlobal.EnhancedTrainingManager", "message": "📊 Resource Analysis:", "correlation_id": "-", "session_id": "-", "timestamp": "2025-08-13T22:01:45.509947+00:00"}
{"asctime": "2025-08-14 00:01:45,510", "levelname": "INFO", "name": "AresGlobal.EnhancedTrainingManager", "message": "   💾 System Memory: 16.0 GB", "correlation_id": "-", "session_id": "-", "timestamp": "2025-08-13T22:01:45.510147+00:00"}
{"asctime": "2025-08-14 00:01:45,510", "levelname": "INFO", "name": "AresGlobal.EnhancedTrainingManager", "message": "   🖥️ CPU Cores: 8", "correlation_id": "-", "session_id": "-", "timestamp": "2025-08-13T22:01:45.510255+00:00"}
{"asctime": "2025-08-14 00:01:45,510", "levelname": "INFO", "name": "AresGlobal.EnhancedTrainingManager", "message": "   📈 Estimated Memory Usage: 8.0 GB", "correlation_id": "-", "session_id": "-", "timestamp": "2025-08-13T22:01:45.510367+00:00"}
{"asctime": "2025-08-14 00:01:45,510", "levelname": "INFO", "name": "AresGlobal.EnhancedTrainingManager", "message": "   ⏱️ Estimated Time: 720 minutes (12.0 hours)", "correlation_id": "-", "session_id": "-", "timestamp": "2025-08-13T22:01:45.510459+00:00"}
{"asctime": "2025-08-14 00:01:45,510", "levelname": "INFO", "name": "AresGlobal.EnhancedTrainingManager", "message": "   🤖 Models to Train: 12", "correlation_id": "-", "session_id": "-", "timestamp": "2025-08-13T22:01:45.510563+00:00"}
{"asctime": "2025-08-14 00:01:45,510", "levelname": "INFO", "name": "AresGlobal.EnhancedTrainingManager", "message": "   🔧 Optimization Trials: 200", "correlation_id": "-", "session_id": "-", "timestamp": "2025-08-13T22:01:45.510654+00:00"}
{"asctime": "2025-08-14 00:01:45,511", "levelname": "INFO", "name": "AresGlobal.EnhancedTrainingManager", "message": "📋 Step-by-Step Time Estimates:", "correlation_id": "-", "session_id": "-", "timestamp": "2025-08-13T22:01:45.511161+00:00"}
{"asctime": "2025-08-14 00:01:45,511", "levelname": "INFO", "name": "AresGlobal.EnhancedTrainingManager", "message": "   step1_data_collection: 15 min (2.4%)", "correlation_id": "-", "session_id": "-", "timestamp": "2025-08-13T22:01:45.511543+00:00"}
{"asctime": "2025-08-14 00:01:45,511", "levelname": "INFO", "name": "AresGlobal.EnhancedTrainingManager", "message": "   step2_market_regime_classification: 8 min (1.3%)", "correlation_id": "-", "session_id": "-", "timestamp": "2025-08-13T22:01:45.511943+00:00"}
{"asctime": "2025-08-14 00:01:45,512", "levelname": "INFO", "name": "AresGlobal.EnhancedTrainingManager", "message": "   step4_regime_data_splitting: 5 min (0.8%)", "correlation_id": "-", "session_id": "-", "timestamp": "2025-08-13T22:01:45.512400+00:00"}
{"asctime": "2025-08-14 00:01:45,512", "levelname": "INFO", "name": "AresGlobal.EnhancedTrainingManager", "message": "   step3_feature_engineering: 60 min (9.6%)", "correlation_id": "-", "session_id": "-", "timestamp": "2025-08-13T22:01:45.512775+00:00"}
{"asctime": "2025-08-14 00:01:45,513", "levelname": "INFO", "name": "AresGlobal.EnhancedTrainingManager", "message": "   step5_analyst_specialist_training: 30 min (4.8%)", "correlation_id": "-", "session_id": "-", "timestamp": "2025-08-13T22:01:45.513107+00:00"}
{"asctime": "2025-08-14 00:01:45,513", "levelname": "INFO", "name": "AresGlobal.EnhancedTrainingManager", "message": "   step6_analyst_enhancement: 25 min (4.0%)", "correlation_id": "-", "session_id": "-", "timestamp": "2025-08-13T22:01:45.513513+00:00"}
{"asctime": "2025-08-14 00:01:45,513", "levelname": "INFO", "name": "AresGlobal.EnhancedTrainingManager", "message": "   step7_analyst_ensemble_creation: 35 min (5.6%)", "correlation_id": "-", "session_id": "-", "timestamp": "2025-08-13T22:01:45.513836+00:00"}
{"asctime": "2025-08-14 00:01:45,513", "levelname": "INFO", "name": "AresGlobal.EnhancedTrainingManager", "message": "   step8_tactician_labeling: 15 min (2.4%)", "correlation_id": "-", "session_id": "-", "timestamp": "2025-08-13T22:01:45.513978+00:00"}
{"asctime": "2025-08-14 00:01:45,514", "levelname": "INFO", "name": "AresGlobal.EnhancedTrainingManager", "message": "   step9_tactician_specialist_training: 30 min (4.8%)", "correlation_id": "-", "session_id": "-", "timestamp": "2025-08-13T22:01:45.514550+00:00"}
{"asctime": "2025-08-14 00:01:45,514", "levelname": "INFO", "name": "AresGlobal.EnhancedTrainingManager", "message": "   step11_confidence_calibration: 10 min (1.6%)", "correlation_id": "-", "session_id": "-", "timestamp": "2025-08-13T22:01:45.514870+00:00"}
{"asctime": "2025-08-14 00:01:45,514", "levelname": "INFO", "name": "AresGlobal.EnhancedTrainingManager", "message": "   step12_final_parameters_optimization: 240 min (38.2%)", "correlation_id": "-", "session_id": "-", "timestamp": "2025-08-13T22:01:45.514970+00:00"}
{"asctime": "2025-08-14 00:01:45,515", "levelname": "INFO", "name": "AresGlobal.EnhancedTrainingManager", "message": "   step13_walk_forward_validation: 60 min (9.6%)", "correlation_id": "-", "session_id": "-", "timestamp": "2025-08-13T22:01:45.515070+00:00"}
{"asctime": "2025-08-14 00:01:45,515", "levelname": "INFO", "name": "AresGlobal.EnhancedTrainingManager", "message": "   step14_monte_carlo_validation: 60 min (9.6%)", "correlation_id": "-", "session_id": "-", "timestamp": "2025-08-13T22:01:45.515613+00:00"}
{"asctime": "2025-08-14 00:01:45,515", "levelname": "INFO", "name": "AresGlobal.EnhancedTrainingManager", "message": "   step15_ab_testing: 30 min (4.8%)", "correlation_id": "-", "session_id": "-", "timestamp": "2025-08-13T22:01:45.515914+00:00"}
{"asctime": "2025-08-14 00:01:45,516", "levelname": "INFO", "name": "AresGlobal.EnhancedTrainingManager", "message": "   step16_saving: 5 min (0.8%)", "correlation_id": "-", "session_id": "-", "timestamp": "2025-08-13T22:01:45.516008+00:00"}
{"asctime": "2025-08-14 00:01:45,516", "levelname": "INFO", "name": "AresGlobal.EnhancedTrainingManager", "message": "💡 Recommendations:", "correlation_id": "-", "session_id": "-", "timestamp": "2025-08-13T22:01:45.516094+00:00"}
{"asctime": "2025-08-14 00:01:45,516", "levelname": "INFO", "name": "AresGlobal.EnhancedTrainingManager", "message": "   ✅ Full training mode should work well on your system", "correlation_id": "-", "session_id": "-", "timestamp": "2025-08-13T22:01:45.516736+00:00"}
{"asctime": "2025-08-14 00:01:45,517", "levelname": "INFO", "name": "AresGlobal.EnhancedTrainingManager", "message": "🚀 Initializing computational optimization components...", "correlation_id": "-", "session_id": "-", "timestamp": "2025-08-13T22:01:45.517203+00:00"}
{"asctime": "2025-08-14 00:01:45,517", "levelname": "INFO", "name": "AresGlobal.ComputationalOptimizationManager", "message": "Computational Optimization Manager initialized", "correlation_id": "-", "session_id": "-", "timestamp": "2025-08-13T22:01:45.517851+00:00"}
{"asctime": "2025-08-14 00:01:45,517", "levelname": "INFO", "name": "AresGlobal.EnhancedTrainingManager", "message": "✅ Computational optimization components initialized successfully", "correlation_id": "-", "session_id": "-", "timestamp": "2025-08-13T22:01:45.518002+00:00"}
{"asctime": "2025-08-14 00:01:45,518", "levelname": "INFO", "name": "AresGlobal.EnhancedTrainingManager", "message": "✅ Enhanced Training Manager initialized successfully", "correlation_id": "-", "session_id": "-", "timestamp": "2025-08-13T22:01:45.518182+00:00"}
{"asctime": "2025-08-14 00:01:45,518", "levelname": "INFO", "name": "AresGlobal.StepOrchestrator", "message": "✅ Enhanced training manager setup successfully", "correlation_id": "-", "session_id": "-", "timestamp": "2025-08-13T22:01:45.518280+00:00"}
{"asctime": "2025-08-14 00:01:45,518", "levelname": "INFO", "name": "AresGlobal.EnhancedTrainingManager", "message": "================================================================================", "correlation_id": "-", "session_id": "-", "timestamp": "2025-08-13T22:01:45.518370+00:00"}
{"asctime": "2025-08-14 00:01:45,518", "levelname": "INFO", "name": "AresGlobal.EnhancedTrainingManager", "message": "🚀 COMPREHENSIVE 16-STEP ENHANCED TRAINING PIPELINE START", "correlation_id": "-", "session_id": "-", "timestamp": "2025-08-13T22:01:45.518481+00:00"}
{"asctime": "2025-08-14 00:01:45,518", "levelname": "INFO", "name": "AresGlobal.EnhancedTrainingManager", "message": "================================================================================", "correlation_id": "-", "session_id": "-", "timestamp": "2025-08-13T22:01:45.518616+00:00"}
{"asctime": "2025-08-14 00:01:45,518", "levelname": "INFO", "name": "AresGlobal.EnhancedTrainingManager", "message": "📅 Started at: 2025-08-14 00:01:45", "correlation_id": "-", "session_id": "-", "timestamp": "2025-08-13T22:01:45.518721+00:00"}
{"asctime": "2025-08-14 00:01:45,518", "levelname": "INFO", "name": "AresGlobal.EnhancedTrainingManager", "message": "🎯 Symbol: ETHUSDT", "correlation_id": "-", "session_id": "-", "timestamp": "2025-08-13T22:01:45.518825+00:00"}
{"asctime": "2025-08-14 00:01:45,518", "levelname": "INFO", "name": "AresGlobal.EnhancedTrainingManager", "message": "🏢 Exchange: BINANCE", "correlation_id": "-", "session_id": "-", "timestamp": "2025-08-13T22:01:45.518923+00:00"}
{"asctime": "2025-08-14 00:01:45,519", "levelname": "INFO", "name": "AresGlobal.EnhancedTrainingManager", "message": "📊 Training Mode: N/A", "correlation_id": "-", "session_id": "-", "timestamp": "2025-08-13T22:01:45.519009+00:00"}
{"asctime": "2025-08-14 00:01:45,519", "levelname": "INFO", "name": "AresGlobal.EnhancedTrainingManager", "message": "📈 Lookback Days: 30", "correlation_id": "-", "session_id": "-", "timestamp": "2025-08-13T22:01:45.519475+00:00"}
{"asctime": "2025-08-14 00:01:45,519", "levelname": "INFO", "name": "AresGlobal.EnhancedTrainingManager", "message": "🔧 Blank Training Mode: False", "correlation_id": "-", "session_id": "-", "timestamp": "2025-08-13T22:01:45.519597+00:00"}
{"asctime": "2025-08-14 00:01:45,519", "levelname": "INFO", "name": "AresGlobal.EnhancedTrainingManager", "message": "🔧 Max Trials: 200", "correlation_id": "-", "session_id": "-", "timestamp": "2025-08-13T22:01:45.519733+00:00"}
{"asctime": "2025-08-14 00:01:45,520", "levelname": "INFO", "name": "AresGlobal.EnhancedTrainingManager", "message": "🔧 N Trials: 100", "correlation_id": "-", "session_id": "-", "timestamp": "2025-08-13T22:01:45.520184+00:00"}
{"asctime": "2025-08-14 00:01:45,520", "levelname": "INFO", "name": "AresGlobal.EnhancedTrainingManager", "message": "🚀 Initializing optimized tools...", "correlation_id": "-", "session_id": "-", "timestamp": "2025-08-13T22:01:45.520616+00:00"}
{"asctime": "2025-08-14 00:01:45,520", "levelname": "INFO", "name": "AresGlobal.EnhancedTrainingManagerOptimized", "message": "🚀 Initializing Enhanced Training Manager with Optimizations...", "correlation_id": "-", "session_id": "-", "timestamp": "2025-08-13T22:01:45.520944+00:00"}
{"asctime": "2025-08-14 00:01:45,559", "levelname": "INFO", "name": "AresGlobal.EnhancedTrainingManagerOptimized", "message": "✅ Parallel backtester initialized with 8 workers", "correlation_id": "-", "session_id": "-", "timestamp": "2025-08-13T22:01:45.559369+00:00"}
{"asctime": "2025-08-14 00:01:45,560", "levelname": "INFO", "name": "AresGlobal.EnhancedTrainingManagerOptimized", "message": "✅ All optimization components initialized successfully", "correlation_id": "-", "session_id": "-", "timestamp": "2025-08-13T22:01:45.560161+00:00"}
{"asctime": "2025-08-14 00:01:45,560", "levelname": "INFO", "name": "AresGlobal.EnhancedTrainingManager", "message": "   ✅ Optimized training manager initialized", "correlation_id": "-", "session_id": "-", "timestamp": "2025-08-13T22:01:45.560328+00:00"}
{"asctime": "2025-08-14 00:01:45,560", "levelname": "INFO", "name": "AresGlobal.EnhancedTrainingManager", "message": "   ✅ Streaming processor initialized", "correlation_id": "-", "session_id": "-", "timestamp": "2025-08-13T22:01:45.560476+00:00"}
{"asctime": "2025-08-14 00:01:45,560", "levelname": "INFO", "name": "AresGlobal.EnhancedTrainingManager", "message": "   ✅ Parallel backtester initialized with 8 workers", "correlation_id": "-", "session_id": "-", "timestamp": "2025-08-13T22:01:45.560775+00:00"}
{"asctime": "2025-08-14 00:01:45,560", "levelname": "INFO", "name": "AresGlobal.EnhancedTrainingManager", "message": "   ✅ Adaptive sampler initialized", "correlation_id": "-", "session_id": "-", "timestamp": "2025-08-13T22:01:45.560885+00:00"}
{"asctime": "2025-08-14 00:01:45,560", "levelname": "INFO", "name": "AresGlobal.EnhancedTrainingManager", "message": "   ✅ Incremental trainer initialized", "correlation_id": "-", "session_id": "-", "timestamp": "2025-08-13T22:01:45.560977+00:00"}
{"asctime": "2025-08-14 00:01:45,561", "levelname": "INFO", "name": "AresGlobal.EnhancedTrainingManager", "message": "✅ All optimized tools initialized successfully", "correlation_id": "-", "session_id": "-", "timestamp": "2025-08-13T22:01:45.561064+00:00"}
{"asctime": "2025-08-14 00:01:45,561", "levelname": "INFO", "name": "AresGlobal.EnhancedTrainingManager", "message": "🚀 Starting fresh training...", "correlation_id": "-", "session_id": "-", "timestamp": "2025-08-13T22:01:45.561281+00:00"}
{"asctime": "2025-08-14 00:01:45,561", "levelname": "INFO", "name": "AresGlobal.EnhancedTrainingManager", "message": "====================================================================================================", "correlation_id": "-", "session_id": "-", "timestamp": "2025-08-13T22:01:45.561383+00:00"}
{"asctime": "2025-08-14 00:01:45,561", "levelname": "INFO", "name": "AresGlobal.EnhancedTrainingManager", "message": "🚀 COMPREHENSIVE TRAINING PIPELINE START", "correlation_id": "-", "session_id": "-", "timestamp": "2025-08-13T22:01:45.561921+00:00"}
{"asctime": "2025-08-14 00:01:45,562", "levelname": "INFO", "name": "AresGlobal.EnhancedTrainingManager", "message": "====================================================================================================", "correlation_id": "-", "session_id": "-", "timestamp": "2025-08-13T22:01:45.562282+00:00"}
{"asctime": "2025-08-14 00:01:45,562", "levelname": "INFO", "name": "AresGlobal.EnhancedTrainingManager", "message": "📅 Started at: 2025-08-14 00:01:45", "correlation_id": "-", "session_id": "-", "timestamp": "2025-08-13T22:01:45.562626+00:00"}
{"asctime": "2025-08-14 00:01:45,562", "levelname": "INFO", "name": "AresGlobal.EnhancedTrainingManager", "message": "🎯 Symbol: ETHUSDT", "correlation_id": "-", "session_id": "-", "timestamp": "2025-08-13T22:01:45.562982+00:00"}
{"asctime": "2025-08-14 00:01:45,563", "levelname": "INFO", "name": "AresGlobal.EnhancedTrainingManager", "message": "🏢 Exchange: BINANCE", "correlation_id": "-", "session_id": "-", "timestamp": "2025-08-13T22:01:45.563553+00:00"}
{"asctime": "2025-08-14 00:01:45,563", "levelname": "INFO", "name": "AresGlobal.EnhancedTrainingManager", "message": "📊 Timeframe: 1m", "correlation_id": "-", "session_id": "-", "timestamp": "2025-08-13T22:01:45.563663+00:00"}
{"asctime": "2025-08-14 00:01:45,563", "levelname": "INFO", "name": "AresGlobal.EnhancedTrainingManager", "message": "🧠 Training Mode: Full", "correlation_id": "-", "session_id": "-", "timestamp": "2025-08-13T22:01:45.563762+00:00"}
{"asctime": "2025-08-14 00:01:45,563", "levelname": "INFO", "name": "AresGlobal.EnhancedTrainingManager", "message": "🔧 Max Trials: 200", "correlation_id": "-", "session_id": "-", "timestamp": "2025-08-13T22:01:45.563851+00:00"}
{"asctime": "2025-08-14 00:01:45,563", "levelname": "INFO", "name": "AresGlobal.EnhancedTrainingManager", "message": "📈 Lookback Days: 30", "correlation_id": "-", "session_id": "-", "timestamp": "2025-08-13T22:01:45.563937+00:00"}
{"asctime": "2025-08-14 00:01:45,565", "levelname": "INFO", "name": "AresGlobal.EnhancedTrainingManager", "message": "💾 Memory Optimization: Enabled", "correlation_id": "-", "session_id": "-", "timestamp": "2025-08-13T22:01:45.565256+00:00"}
{"asctime": "2025-08-14 00:01:45,565", "levelname": "INFO", "name": "AresGlobal.EnhancedTrainingManager", "message": "🚀 Starting from step: step2_processing_labeling_feature_engineering", "correlation_id": "-", "session_id": "-", "timestamp": "2025-08-13T22:01:45.565520+00:00"}
{"asctime": "2025-08-14 00:01:45,565", "levelname": "INFO", "name": "AresGlobal.EnhancedTrainingManager", "message": "====================================================================================================", "correlation_id": "-", "session_id": "-", "timestamp": "2025-08-13T22:01:45.565632+00:00"}
{"asctime": "2025-08-14 00:01:45,566", "levelname": "INFO", "name": "AresGlobal.EnhancedTrainingManager", "message": "⏭️  Skipping Step 1: Data Collection (using pre-consolidated data)", "correlation_id": "-", "session_id": "-", "timestamp": "2025-08-13T22:01:45.566464+00:00"}
{"asctime": "2025-08-14 00:01:45,566", "levelname": "ERROR", "name": "AresGlobal.EnhancedTrainingManager", "message": "💥 COMPREHENSIVE PIPELINE FAILED: 'EnhancedTrainingManager' object has no attribute '_heartbeat'", "correlation_id": "-", "session_id": "-", "timestamp": "2025-08-13T22:01:45.566672+00:00"}
{"asctime": "2025-08-14 00:01:45,567", "levelname": "ERROR", "name": "AresGlobal.EnhancedTrainingManager", "message": "📋 Error details: AttributeError: 'EnhancedTrainingManager' object has no attribute '_heartbeat'", "correlation_id": "-", "session_id": "-", "timestamp": "2025-08-13T22:01:45.567659+00:00"}
{"asctime": "2025-08-14 00:01:45,567", "levelname": "ERROR", "name": "AresGlobal.EnhancedTrainingManager", "message": "⏱️ Time elapsed before failure: 0.05s", "correlation_id": "-", "session_id": "-", "timestamp": "2025-08-13T22:01:45.567781+00:00"}
{"asctime": "2025-08-14 00:01:45,567", "levelname": "INFO", "name": "AresGlobal.EnhancedTrainingManager", "message": "💾 Checkpoint saved - you can resume training later", "correlation_id": "-", "session_id": "-", "timestamp": "2025-08-13T22:01:45.567883+00:00"}
{"asctime": "2025-08-14 00:01:45,567", "levelname": "ERROR", "name": "AresGlobal.EnhancedTrainingManager", "message": "❌ Enhanced training pipeline failed", "correlation_id": "-", "session_id": "-", "timestamp": "2025-08-13T22:01:45.567979+00:00"}
{"asctime": "2025-08-14 00:01:45,568", "levelname": "INFO", "name": "AresGlobal.StepOrchestrator", "message": "\u001b[91m\u001b[1m❌\u001b[0m \u001b[91m\u001b[1m❌ Enhanced 16-step training pipeline failed\u001b[0m", "correlation_id": "-", "session_id": "-", "timestamp": "2025-08-13T22:01:45.568143+00:00"}
{"asctime": "2025-08-14 00:01:45,569", "levelname": "ERROR", "name": "AresGlobal.AresLauncher", "message": "❌ Step-based training pipeline failed", "correlation_id": "-", "session_id": "-", "timestamp": "2025-08-13T22:01:45.569512+00:00"}
{"asctime": "2025-08-14 00:01:45,570", "levelname": "INFO", "name": "AresSystem", "message": "================================================================================", "correlation_id": "-", "session_id": "-", "timestamp": "2025-08-13T22:01:45.570090+00:00"}
{"asctime": "2025-08-14 00:01:45,570", "levelname": "INFO", "name": "AresGlobal", "message": "[SYSTEM] ================================================================================", "correlation_id": "-", "session_id": "-", "timestamp": "2025-08-13T22:01:45.570660+00:00"}
{"asctime": "2025-08-14 00:01:45,571", "levelname": "INFO", "name": "AresSystem", "message": "🛑 ARES LAUNCHER ENDED - Exit code: 1", "correlation_id": "-", "session_id": "-", "timestamp": "2025-08-13T22:01:45.571197+00:00"}
{"asctime": "2025-08-14 00:01:45,571", "levelname": "INFO", "name": "AresGlobal", "message": "[SYSTEM] 🛑 ARES LAUNCHER ENDED - Exit code: 1", "correlation_id": "-", "session_id": "-", "timestamp": "2025-08-13T22:01:45.571554+00:00"}
{"asctime": "2025-08-14 00:01:45,573", "levelname": "INFO", "name": "AresSystem", "message": "End time: 2025-08-14 00:01:45", "correlation_id": "-", "session_id": "-", "timestamp": "2025-08-13T22:01:45.573396+00:00"}
{"asctime": "2025-08-14 00:01:45,573", "levelname": "INFO", "name": "AresGlobal", "message": "[SYSTEM] End time: 2025-08-14 00:01:45", "correlation_id": "-", "session_id": "-", "timestamp": "2025-08-13T22:01:45.573781+00:00"}
{"asctime": "2025-08-14 00:01:45,574", "levelname": "INFO", "name": "AresSystem", "message": "================================================================================", "correlation_id": "-", "session_id": "-", "timestamp": "2025-08-13T22:01:45.574100+00:00"}
{"asctime": "2025-08-14 00:01:45,574", "levelname": "INFO", "name": "AresGlobal", "message": "[SYSTEM] ================================================================================", "correlation_id": "-", "session_id": "-", "timestamp": "2025-08-13T22:01:45.574423+00:00"}
{"asctime": "2025-08-14 00:01:45,574", "levelname": "INFO", "name": "AresGlobal.AresLauncher", "message": "🧹 Cleaning up processes...", "correlation_id": "-", "session_id": "-", "timestamp": "2025-08-13T22:01:45.574785+00:00"}
{"asctime": "2025-08-14 00:01:45,575", "levelname": "INFO", "name": "AresGlobal.AresLauncher", "message": "✅ Cleanup completed", "correlation_id": "-", "session_id": "-", "timestamp": "2025-08-13T22:01:45.575149+00:00"}
