{"asctime": "2025-08-10 23:12:09,411", "levelname": "INFO", "name": "AresTradingSystem", "message": "✅ Enhanced Logger initialization completed successfully", "correlation_id": "-", "session_id": "-", "timestamp": "2025-08-10T21:12:09.411874+00:00"}
{"asctime": "2025-08-10 23:12:09,421", "levelname": "INFO", "name": "AresTradingSystem.System", "message": "Environment configuration loaded successfully. Trading Environment: PAPER, Exchange: BINANCE", "correlation_id": "-", "session_id": "-", "timestamp": "2025-08-10T21:12:09.421530+00:00"}
{"asctime": "2025-08-10 23:12:09,686", "levelname": "INFO", "name": "AresTradingSystem", "message": "✅ Enhanced Logger initialization completed successfully", "correlation_id": "-", "session_id": "-", "timestamp": "2025-08-10T21:12:09.686645+00:00"}
{"asctime": "2025-08-10 23:12:09,688", "levelname": "INFO", "name": "AresTradingSystem.System.VectorizedAdvancedFeatureEngineering", "message": "🚀 Initializing vectorized advanced feature engineering...", "correlation_id": "-", "session_id": "-", "timestamp": "2025-08-10T21:12:09.688455+00:00"}
{"asctime": "2025-08-10 23:12:09,688", "levelname": "INFO", "name": "AresTradingSystem.System.WaveletFeatureCache", "message": "✅ Cache directory initialized: data/wavelet_cache", "correlation_id": "-", "session_id": "-", "timestamp": "2025-08-10T21:12:09.688711+00:00"}
{"asctime": "2025-08-10 23:12:09,688", "levelname": "INFO", "name": "AresTradingSystem.System.VectorizedVolatilityRegimeModel", "message": "🚀 Initializing vectorized volatility regime model...", "correlation_id": "-", "session_id": "-", "timestamp": "2025-08-10T21:12:09.688807+00:00"}
{"asctime": "2025-08-10 23:12:09,688", "levelname": "INFO", "name": "AresTradingSystem.System.VectorizedVolatilityRegimeModel", "message": "✅ Vectorized volatility regime model initialized successfully", "correlation_id": "-", "session_id": "-", "timestamp": "2025-08-10T21:12:09.688884+00:00"}
{"asctime": "2025-08-10 23:12:09,688", "levelname": "INFO", "name": "AresTradingSystem.System.VectorizedCorrelationAnalyzer", "message": "🚀 Initializing vectorized correlation analyzer...", "correlation_id": "-", "session_id": "-", "timestamp": "2025-08-10T21:12:09.688960+00:00"}
{"asctime": "2025-08-10 23:12:09,689", "levelname": "INFO", "name": "AresTradingSystem.System.VectorizedCorrelationAnalyzer", "message": "✅ Vectorized correlation analyzer initialized successfully", "correlation_id": "-", "session_id": "-", "timestamp": "2025-08-10T21:12:09.689018+00:00"}
{"asctime": "2025-08-10 23:12:09,689", "levelname": "INFO", "name": "AresTradingSystem.System.VectorizedMomentumAnalyzer", "message": "🚀 Initializing vectorized momentum analyzer...", "correlation_id": "-", "session_id": "-", "timestamp": "2025-08-10T21:12:09.689095+00:00"}
{"asctime": "2025-08-10 23:12:09,689", "levelname": "INFO", "name": "AresTradingSystem.System.VectorizedMomentumAnalyzer", "message": "✅ Vectorized momentum analyzer initialized successfully", "correlation_id": "-", "session_id": "-", "timestamp": "2025-08-10T21:12:09.689156+00:00"}
{"asctime": "2025-08-10 23:12:09,689", "levelname": "INFO", "name": "AresTradingSystem.System.VectorizedLiquidityAnalyzer", "message": "🚀 Initializing vectorized liquidity analyzer...", "correlation_id": "-", "session_id": "-", "timestamp": "2025-08-10T21:12:09.689223+00:00"}
{"asctime": "2025-08-10 23:12:09,689", "levelname": "INFO", "name": "AresTradingSystem.System.VectorizedLiquidityAnalyzer", "message": "✅ Vectorized liquidity analyzer initialized successfully", "correlation_id": "-", "session_id": "-", "timestamp": "2025-08-10T21:12:09.689288+00:00"}
{"asctime": "2025-08-10 23:12:09,689", "levelname": "INFO", "name": "AresTradingSystem.System.VectorizedCandlestickPatternAnalyzer", "message": "🚀 Initializing vectorized candlestick pattern analyzer...", "correlation_id": "-", "session_id": "-", "timestamp": "2025-08-10T21:12:09.689361+00:00"}
{"asctime": "2025-08-10 23:12:09,689", "levelname": "INFO", "name": "AresTradingSystem.System.VectorizedCandlestickPatternAnalyzer", "message": "✅ Vectorized candlestick pattern analyzer initialized successfully", "correlation_id": "-", "session_id": "-", "timestamp": "2025-08-10T21:12:09.689416+00:00"}
{"asctime": "2025-08-10 23:12:09,689", "levelname": "INFO", "name": "AresTradingSystem.System.VectorizedSRDistanceCalculator", "message": "🚀 Initializing vectorized S/R distance calculator...", "correlation_id": "-", "session_id": "-", "timestamp": "2025-08-10T21:12:09.689494+00:00"}
{"asctime": "2025-08-10 23:12:09,689", "levelname": "INFO", "name": "AresTradingSystem.System.VectorizedSRDistanceCalculator", "message": "✅ Vectorized S/R distance calculator initialized successfully", "correlation_id": "-", "session_id": "-", "timestamp": "2025-08-10T21:12:09.689557+00:00"}
{"asctime": "2025-08-10 23:12:09,689", "levelname": "INFO", "name": "AresTradingSystem.System.VectorizedWaveletTransformAnalyzer", "message": "🚀 Initializing enhanced vectorized wavelet transform analyzer...", "correlation_id": "-", "session_id": "-", "timestamp": "2025-08-10T21:12:09.689626+00:00"}
{"asctime": "2025-08-10 23:12:09,689", "levelname": "INFO", "name": "AresTradingSystem.System.VectorizedWaveletTransformAnalyzer", "message": "✅ Enhanced vectorized wavelet transform analyzer initialized successfully", "correlation_id": "-", "session_id": "-", "timestamp": "2025-08-10T21:12:09.689693+00:00"}
{"asctime": "2025-08-10 23:12:09,689", "levelname": "INFO", "name": "AresTradingSystem.System.VectorizedWaveletTransformAnalyzer", "message": "📊 Configuration: padding_mode=symmetric, cwt_scale_method=logarithmic, max_features_per_wavelet=20", "correlation_id": "-", "session_id": "-", "timestamp": "2025-08-10T21:12:09.689757+00:00"}
{"asctime": "2025-08-10 23:12:09,690", "levelname": "INFO", "name": "AresTradingSystem.System.MetaLabelingSystem", "message": "🚀 Initializing meta-labeling system...", "correlation_id": "-", "session_id": "-", "timestamp": "2025-08-10T21:12:09.690877+00:00"}
{"asctime": "2025-08-10 23:12:09,690", "levelname": "INFO", "name": "AresTradingSystem.System.MetaLabelingSystem", "message": "✅ Meta-labeling system initialized successfully", "correlation_id": "-", "session_id": "-", "timestamp": "2025-08-10T21:12:09.690993+00:00"}
{"asctime": "2025-08-10 23:12:09,691", "levelname": "INFO", "name": "AresTradingSystem.System.VectorizedAdvancedFeatureEngineering", "message": "✅ Vectorized advanced feature engineering initialized successfully", "correlation_id": "-", "session_id": "-", "timestamp": "2025-08-10T21:12:09.691078+00:00"}
{"asctime": "2025-08-10 23:12:09,691", "levelname": "WARNING", "name": "AresTradingSystem.System.VectorizedAdvancedFeatureEngineering", "message": "Cannot create OHLCV structure. Available columns: ['close']", "correlation_id": "-", "session_id": "-", "timestamp": "2025-08-10T21:12:09.691829+00:00"}
{"asctime": "2025-08-10 23:12:09,692", "levelname": "INFO", "name": "AresTradingSystem.System.VectorizedAdvancedFeatureEngineering", "message": "🔄 Calculating returns from close prices as basis for all feature engineering...", "correlation_id": "-", "session_id": "-", "timestamp": "2025-08-10T21:12:09.692592+00:00"}
{"asctime": "2025-08-10 23:12:09,693", "levelname": "INFO", "name": "AresTradingSystem.System.VectorizedAdvancedFeatureEngineering", "message": "✅ Returns calculated from close prices. Shape: (10,)", "correlation_id": "-", "session_id": "-", "timestamp": "2025-08-10T21:12:09.693132+00:00"}
{"asctime": "2025-08-10 23:12:09,693", "levelname": "INFO", "name": "AresTradingSystem.System.VectorizedAdvancedFeatureEngineering", "message": "🔄 All feature engineering will now use returns as the primary input", "correlation_id": "-", "session_id": "-", "timestamp": "2025-08-10T21:12:09.693304+00:00"}
{"asctime": "2025-08-10 23:12:09,693", "levelname": "INFO", "name": "AresTradingSystem.System.VectorizedAdvancedFeatureEngineering", "message": "📊 Returns statistics: mean=0.000000, std=0.000000, min=0.000000, max=0.000000", "correlation_id": "-", "session_id": "-", "timestamp": "2025-08-10T21:12:09.693508+00:00"}
{"asctime": "2025-08-10 23:12:09,693", "levelname": "INFO", "name": "AresTradingSystem.System.VectorizedAdvancedFeatureEngineering", "message": "🔄 Using returns series for price impact calculation", "correlation_id": "-", "session_id": "-", "timestamp": "2025-08-10T21:12:09.693612+00:00"}
{"asctime": "2025-08-10 23:12:09,695", "levelname": "INFO", "name": "AresTradingSystem.System.VectorizedAdvancedFeatureEngineering", "message": "✅ Price impact calculated using returns as input", "correlation_id": "-", "session_id": "-", "timestamp": "2025-08-10T21:12:09.695010+00:00"}
{"asctime": "2025-08-10 23:12:09,695", "levelname": "INFO", "name": "AresTradingSystem.System.VectorizedAdvancedFeatureEngineering", "message": "🔄 Using returns series for volume-price impact calculation", "correlation_id": "-", "session_id": "-", "timestamp": "2025-08-10T21:12:09.695111+00:00"}
{"asctime": "2025-08-10 23:12:09,699", "levelname": "INFO", "name": "AresTradingSystem.System.VectorizedAdvancedFeatureEngineering", "message": "✅ Enhanced market depth calculated successfully", "correlation_id": "-", "session_id": "-", "timestamp": "2025-08-10T21:12:09.699605+00:00"}
{"asctime": "2025-08-10 23:12:09,699", "levelname": "INFO", "name": "AresTradingSystem.System.VectorizedAdvancedFeatureEngineering", "message": "🔄 Using returns series for enhanced liquidity score calculation", "correlation_id": "-", "session_id": "-", "timestamp": "2025-08-10T21:12:09.699810+00:00"}
{"asctime": "2025-08-10 23:12:09,702", "levelname": "INFO", "name": "AresTradingSystem.System.VectorizedAdvancedFeatureEngineering", "message": "✅ Enhanced liquidity score calculated successfully using returns as input", "correlation_id": "-", "session_id": "-", "timestamp": "2025-08-10T21:12:09.702254+00:00"}
{"asctime": "2025-08-10 23:12:09,702", "levelname": "INFO", "name": "AresTradingSystem.System.VectorizedVolatilityRegimeModel", "message": "🔄 Using returns series for volatility regime modeling", "correlation_id": "-", "session_id": "-", "timestamp": "2025-08-10T21:12:09.702561+00:00"}
{"asctime": "2025-08-10 23:12:09,702", "levelname": "INFO", "name": "AresTradingSystem.System.VectorizedVolatilityRegimeModel", "message": "🔄 Using returns series for Parkinson volatility calculation", "correlation_id": "-", "session_id": "-", "timestamp": "2025-08-10T21:12:09.702832+00:00"}
{"asctime": "2025-08-10 23:12:09,703", "levelname": "INFO", "name": "AresTradingSystem.System.VectorizedVolatilityRegimeModel", "message": "✅ Parkinson volatility calculated using returns as input", "correlation_id": "-", "session_id": "-", "timestamp": "2025-08-10T21:12:09.703295+00:00"}
{"asctime": "2025-08-10 23:12:09,703", "levelname": "INFO", "name": "AresTradingSystem.System.VectorizedVolatilityRegimeModel", "message": "🔄 Using returns series for Garman-Klass volatility calculation", "correlation_id": "-", "session_id": "-", "timestamp": "2025-08-10T21:12:09.703401+00:00"}
{"asctime": "2025-08-10 23:12:09,704", "levelname": "INFO", "name": "AresTradingSystem.System.VectorizedVolatilityRegimeModel", "message": "✅ Garman-Klass volatility calculated using returns as input", "correlation_id": "-", "session_id": "-", "timestamp": "2025-08-10T21:12:09.704104+00:00"}
{"asctime": "2025-08-10 23:12:09,705", "levelname": "INFO", "name": "AresTradingSystem.System.VectorizedVolatilityRegimeModel", "message": "✅ Volatility regime modeling completed using returns as input", "correlation_id": "-", "session_id": "-", "timestamp": "2025-08-10T21:12:09.705068+00:00"}
{"asctime": "2025-08-10 23:12:09,705", "levelname": "INFO", "name": "AresTradingSystem.System.VectorizedCorrelationAnalyzer", "message": "🔄 Using returns series for correlation analysis", "correlation_id": "-", "session_id": "-", "timestamp": "2025-08-10T21:12:09.705250+00:00"}
{"asctime": "2025-08-10 23:12:09,706", "levelname": "INFO", "name": "AresTradingSystem.System.VectorizedCorrelationAnalyzer", "message": "✅ Correlation analysis completed using returns as input", "correlation_id": "-", "session_id": "-", "timestamp": "2025-08-10T21:12:09.706132+00:00"}
{"asctime": "2025-08-10 23:12:09,706", "levelname": "INFO", "name": "AresTradingSystem.System.VectorizedMomentumAnalyzer", "message": "🔄 Using returns series for momentum analysis", "correlation_id": "-", "session_id": "-", "timestamp": "2025-08-10T21:12:09.706408+00:00"}
{"asctime": "2025-08-10 23:12:09,706", "levelname": "INFO", "name": "AresTradingSystem.System.VectorizedMomentumAnalyzer", "message": "✅ Momentum analysis completed using returns as input", "correlation_id": "-", "session_id": "-", "timestamp": "2025-08-10T21:12:09.706914+00:00"}
{"asctime": "2025-08-10 23:12:09,707", "levelname": "INFO", "name": "AresTradingSystem.System.VectorizedLiquidityAnalyzer", "message": "🔄 Using returns series for liquidity analysis", "correlation_id": "-", "session_id": "-", "timestamp": "2025-08-10T21:12:09.707066+00:00"}
{"asctime": "2025-08-10 23:12:09,707", "levelname": "INFO", "name": "AresTradingSystem.System.VectorizedLiquidityAnalyzer", "message": "✅ Liquidity analysis completed using returns as input", "correlation_id": "-", "session_id": "-", "timestamp": "2025-08-10T21:12:09.707472+00:00"}
{"asctime": "2025-08-10 23:12:09,723", "levelname": "INFO", "name": "AresTradingSystem.System.VectorizedCandlestickPatternAnalyzer", "message": "✅ Analyzed 8 pattern categories using vectorized operations", "correlation_id": "-", "session_id": "-", "timestamp": "2025-08-10T21:12:09.723341+00:00"}
{"asctime": "2025-08-10 23:12:09,723", "levelname": "INFO", "name": "AresTradingSystem.System.VectorizedAdvancedFeatureEngineering", "message": "🧹 Clearing wavelet cache to avoid stale data issues", "correlation_id": "-", "session_id": "-", "timestamp": "2025-08-10T21:12:09.723703+00:00"}
{"asctime": "2025-08-10 23:12:09,724", "levelname": "INFO", "name": "AresTradingSystem.System.WaveletFeatureCache", "message": "Cleared all cache files", "correlation_id": "-", "session_id": "-", "timestamp": "2025-08-10T21:12:09.724469+00:00"}
{"asctime": "2025-08-10 23:12:09,726", "levelname": "INFO", "name": "AresTradingSystem.System.VectorizedAdvancedFeatureEngineering", "message": "🔧 Computing wavelet features (not cached): a3eb1e96a1571370", "correlation_id": "-", "session_id": "-", "timestamp": "2025-08-10T21:12:09.726346+00:00"}
{"asctime": "2025-08-10 23:12:09,726", "levelname": "INFO", "name": "AresTradingSystem.System.VectorizedWaveletTransformAnalyzer", "message": "🔍 Performing enhanced wavelet transform analysis...", "correlation_id": "-", "session_id": "-", "timestamp": "2025-08-10T21:12:09.726484+00:00"}
{"asctime": "2025-08-10 23:12:09,726", "levelname": "INFO", "name": "AresTradingSystem.System.VectorizedWaveletTransformAnalyzer", "message": "🔍 Available columns in price_data: ['returns', 'price', 'close']", "correlation_id": "-", "session_id": "-", "timestamp": "2025-08-10T21:12:09.726559+00:00"}
{"asctime": "2025-08-10 23:12:09,726", "levelname": "INFO", "name": "AresTradingSystem.System.VectorizedWaveletTransformAnalyzer", "message": "🔄 Using returns series as primary input for wavelet analysis", "correlation_id": "-", "session_id": "-", "timestamp": "2025-08-10T21:12:09.726650+00:00"}
{"asctime": "2025-08-10 23:12:09,726", "levelname": "INFO", "name": "AresTradingSystem.System.VectorizedWaveletTransformAnalyzer", "message": "🔍 Performing enhanced discrete wavelet transform analysis...", "correlation_id": "-", "session_id": "-", "timestamp": "2025-08-10T21:12:09.726963+00:00"}
{"asctime": "2025-08-10 23:12:09,727", "levelname": "INFO", "name": "AresTradingSystem.System.VectorizedWaveletTransformAnalyzer", "message": "✅ Generated 0 DWT features", "correlation_id": "-", "session_id": "-", "timestamp": "2025-08-10T21:12:09.727050+00:00"}
{"asctime": "2025-08-10 23:12:09,727", "levelname": "INFO", "name": "AresTradingSystem.System.VectorizedWaveletTransformAnalyzer", "message": "🔍 Performing enhanced continuous wavelet transform analysis...", "correlation_id": "-", "session_id": "-", "timestamp": "2025-08-10T21:12:09.727121+00:00"}
{"asctime": "2025-08-10 23:12:09,727", "levelname": "INFO", "name": "AresTradingSystem.System.VectorizedWaveletTransformAnalyzer", "message": "✅ Generated 0 CWT features", "correlation_id": "-", "session_id": "-", "timestamp": "2025-08-10T21:12:09.727189+00:00"}
{"asctime": "2025-08-10 23:12:09,727", "levelname": "INFO", "name": "AresTradingSystem.System.VectorizedWaveletTransformAnalyzer", "message": "✅ Enhanced wavelet transform analysis completed in 0.00s. Generated 3 features from 3 candidates. Feature selection: variance", "correlation_id": "-", "session_id": "-", "timestamp": "2025-08-10T21:12:09.727503+00:00"}
{"asctime": "2025-08-10 23:12:09,727", "levelname": "INFO", "name": "AresTradingSystem.System.VectorizedWaveletTransformAnalyzer", "message": "📊 Wavelet Analysis Performance Metrics:", "correlation_id": "-", "session_id": "-", "timestamp": "2025-08-10T21:12:09.727582+00:00"}
{"asctime": "2025-08-10 23:12:09,727", "levelname": "INFO", "name": "AresTradingSystem.System.VectorizedWaveletTransformAnalyzer", "message": "  dwt: 0.000s (0 features)", "correlation_id": "-", "session_id": "-", "timestamp": "2025-08-10T21:12:09.727661+00:00"}
{"asctime": "2025-08-10 23:12:09,727", "levelname": "INFO", "name": "AresTradingSystem.System.VectorizedWaveletTransformAnalyzer", "message": "  cwt: 0.000s (0 features)", "correlation_id": "-", "session_id": "-", "timestamp": "2025-08-10T21:12:09.727723+00:00"}
{"asctime": "2025-08-10 23:12:09,727", "levelname": "INFO", "name": "AresTradingSystem.System.VectorizedWaveletTransformAnalyzer", "message": "  packet: 0.000s (0 features)", "correlation_id": "-", "session_id": "-", "timestamp": "2025-08-10T21:12:09.727777+00:00"}
{"asctime": "2025-08-10 23:12:09,727", "levelname": "INFO", "name": "AresTradingSystem.System.VectorizedWaveletTransformAnalyzer", "message": "  denoising: 0.000s (0 features)", "correlation_id": "-", "session_id": "-", "timestamp": "2025-08-10T21:12:09.727839+00:00"}
{"asctime": "2025-08-10 23:12:09,727", "levelname": "INFO", "name": "AresTradingSystem.System.VectorizedWaveletTransformAnalyzer", "message": "  multi_wavelet: 0.000s (0 features)", "correlation_id": "-", "session_id": "-", "timestamp": "2025-08-10T21:12:09.727894+00:00"}
{"asctime": "2025-08-10 23:12:09,727", "levelname": "INFO", "name": "AresTradingSystem.System.VectorizedWaveletTransformAnalyzer", "message": "  volume_wavelet: 0.000s (3 features)", "correlation_id": "-", "session_id": "-", "timestamp": "2025-08-10T21:12:09.727952+00:00"}
{"asctime": "2025-08-10 23:12:09,728", "levelname": "INFO", "name": "AresTradingSystem.System.VectorizedWaveletTransformAnalyzer", "message": "  Total: 0.001s (3 features)", "correlation_id": "-", "session_id": "-", "timestamp": "2025-08-10T21:12:09.728012+00:00"}
{"asctime": "2025-08-10 23:12:09,728", "levelname": "INFO", "name": "AresTradingSystem.System.VectorizedWaveletTransformAnalyzer", "message": "  Performance: 3178.3 features/second", "correlation_id": "-", "session_id": "-", "timestamp": "2025-08-10T21:12:09.728072+00:00"}
{"asctime": "2025-08-10 23:12:10,262", "levelname": "INFO", "name": "AresTradingSystem.System.MemoryEfficientDataManager", "message": "Optimized DataFrame memory usage", "correlation_id": "-", "session_id": "-", "timestamp": "2025-08-10T21:12:10.262913+00:00"}
{"asctime": "2025-08-10 23:12:10,264", "levelname": "INFO", "name": "AresTradingSystem.System.MemoryEfficientDataManager", "message": "Saved DataFrame to Parquet: data/wavelet_cache/features/a3eb1e96a1571370_features.parquet", "correlation_id": "-", "session_id": "-", "timestamp": "2025-08-10T21:12:10.264915+00:00"}
{"asctime": "2025-08-10 23:12:10,265", "levelname": "INFO", "name": "AresTradingSystem.System.WaveletFeatureCache", "message": "✅ Cached 3 wavelet features to data/wavelet_cache/features/a3eb1e96a1571370_features.parquet", "correlation_id": "-", "session_id": "-", "timestamp": "2025-08-10T21:12:10.265224+00:00"}
{"asctime": "2025-08-10 23:12:10,265", "levelname": "INFO", "name": "AresTradingSystem.System.VectorizedAdvancedFeatureEngineering", "message": "💾 Cached wavelet features: a3eb1e96a1571370", "correlation_id": "-", "session_id": "-", "timestamp": "2025-08-10T21:12:10.265320+00:00"}
{"asctime": "2025-08-10 23:12:10,265", "levelname": "INFO", "name": "AresTradingSystem.System.VectorizedAdvancedFeatureEngineering", "message": "🔄 Using returns series for adaptive SMA calculation", "correlation_id": "-", "session_id": "-", "timestamp": "2025-08-10T21:12:10.265419+00:00"}
{"asctime": "2025-08-10 23:12:10,266", "levelname": "INFO", "name": "AresTradingSystem.System.VectorizedAdvancedFeatureEngineering", "message": "✅ Adaptive SMA calculated using returns as input", "correlation_id": "-", "session_id": "-", "timestamp": "2025-08-10T21:12:10.266691+00:00"}
{"asctime": "2025-08-10 23:12:10,266", "levelname": "INFO", "name": "AresTradingSystem.System.VectorizedAdvancedFeatureEngineering", "message": "🔄 Using returns series for adaptive EMA calculation", "correlation_id": "-", "session_id": "-", "timestamp": "2025-08-10T21:12:10.266795+00:00"}
{"asctime": "2025-08-10 23:12:10,267", "levelname": "INFO", "name": "AresTradingSystem.System.VectorizedAdvancedFeatureEngineering", "message": "✅ Adaptive EMA calculated using returns as input", "correlation_id": "-", "session_id": "-", "timestamp": "2025-08-10T21:12:10.267802+00:00"}
{"asctime": "2025-08-10 23:12:10,267", "levelname": "INFO", "name": "AresTradingSystem.System.VectorizedAdvancedFeatureEngineering", "message": "🔄 Using returns series for adaptive ATR calculation", "correlation_id": "-", "session_id": "-", "timestamp": "2025-08-10T21:12:10.267943+00:00"}
{"asctime": "2025-08-10 23:12:10,269", "levelname": "INFO", "name": "AresTradingSystem.System.VectorizedAdvancedFeatureEngineering", "message": "✅ Adaptive ATR calculated using returns as input", "correlation_id": "-", "session_id": "-", "timestamp": "2025-08-10T21:12:10.269241+00:00"}
{"asctime": "2025-08-10 23:12:10,270", "levelname": "INFO", "name": "AresTradingSystem.System.VectorizedAdvancedFeatureEngineering", "message": "✅ Adaptive Bollinger Bands calculated using returns as input", "correlation_id": "-", "session_id": "-", "timestamp": "2025-08-10T21:12:10.270484+00:00"}
{"asctime": "2025-08-10 23:12:10,270", "levelname": "INFO", "name": "AresTradingSystem.System.VectorizedAdvancedFeatureEngineering", "message": "📊 Multi-timeframe analysis: 10 data points available", "correlation_id": "-", "session_id": "-", "timestamp": "2025-08-10T21:12:10.270731+00:00"}
{"asctime": "2025-08-10 23:12:10,270", "levelname": "INFO", "name": "AresTradingSystem.System.VectorizedAdvancedFeatureEngineering", "message": "📊 Multi-timeframe analysis: 10 data points available", "correlation_id": "-", "session_id": "-", "timestamp": "2025-08-10T21:12:10.270840+00:00"}
{"asctime": "2025-08-10 23:12:10,270", "levelname": "INFO", "name": "AresTradingSystem.System.VectorizedAdvancedFeatureEngineering", "message": "🔧 Processing timeframe: 1m", "correlation_id": "-", "session_id": "-", "timestamp": "2025-08-10T21:12:10.270919+00:00"}
{"asctime": "2025-08-10 23:12:10,271", "levelname": "INFO", "name": "AresTradingSystem.System.VectorizedAdvancedFeatureEngineering", "message": "🔄 Using returns series for 1m timeframe features", "correlation_id": "-", "session_id": "-", "timestamp": "2025-08-10T21:12:10.271007+00:00"}
{"asctime": "2025-08-10 23:12:10,271", "levelname": "INFO", "name": "AresTradingSystem.System.VectorizedAdvancedFeatureEngineering", "message": "📊 1m: using rolling window of 20 periods", "correlation_id": "-", "session_id": "-", "timestamp": "2025-08-10T21:12:10.271077+00:00"}
{"asctime": "2025-08-10 23:12:10,271", "levelname": "INFO", "name": "AresTradingSystem.System.VectorizedAdvancedFeatureEngineering", "message": "✅ 1m timeframe features calculated using returns as input", "correlation_id": "-", "session_id": "-", "timestamp": "2025-08-10T21:12:10.271720+00:00"}
{"asctime": "2025-08-10 23:12:10,271", "levelname": "INFO", "name": "AresTradingSystem.System.VectorizedAdvancedFeatureEngineering", "message": "🔧 Processing timeframe: 5m", "correlation_id": "-", "session_id": "-", "timestamp": "2025-08-10T21:12:10.271816+00:00"}
{"asctime": "2025-08-10 23:12:10,271", "levelname": "INFO", "name": "AresTradingSystem.System.VectorizedAdvancedFeatureEngineering", "message": "🔄 Using returns series for 5m timeframe features", "correlation_id": "-", "session_id": "-", "timestamp": "2025-08-10T21:12:10.271906+00:00"}
{"asctime": "2025-08-10 23:12:10,272", "levelname": "INFO", "name": "AresTradingSystem.System.VectorizedAdvancedFeatureEngineering", "message": "📊 5m: using rolling window of 12 periods", "correlation_id": "-", "session_id": "-", "timestamp": "2025-08-10T21:12:10.272112+00:00"}
{"asctime": "2025-08-10 23:12:10,272", "levelname": "INFO", "name": "AresTradingSystem.System.VectorizedAdvancedFeatureEngineering", "message": "✅ 5m timeframe features calculated using returns as input", "correlation_id": "-", "session_id": "-", "timestamp": "2025-08-10T21:12:10.272880+00:00"}
{"asctime": "2025-08-10 23:12:10,273", "levelname": "INFO", "name": "AresTradingSystem.System.VectorizedAdvancedFeatureEngineering", "message": "🔧 Processing timeframe: 15m", "correlation_id": "-", "session_id": "-", "timestamp": "2025-08-10T21:12:10.273042+00:00"}
{"asctime": "2025-08-10 23:12:10,273", "levelname": "INFO", "name": "AresTradingSystem.System.VectorizedAdvancedFeatureEngineering", "message": "🔄 Using returns series for 15m timeframe features", "correlation_id": "-", "session_id": "-", "timestamp": "2025-08-10T21:12:10.273121+00:00"}
{"asctime": "2025-08-10 23:12:10,273", "levelname": "INFO", "name": "AresTradingSystem.System.VectorizedAdvancedFeatureEngineering", "message": "📊 15m: using rolling window of 8 periods", "correlation_id": "-", "session_id": "-", "timestamp": "2025-08-10T21:12:10.273188+00:00"}
{"asctime": "2025-08-10 23:12:10,273", "levelname": "INFO", "name": "AresTradingSystem.System.VectorizedAdvancedFeatureEngineering", "message": "✅ 15m timeframe features calculated using returns as input", "correlation_id": "-", "session_id": "-", "timestamp": "2025-08-10T21:12:10.273896+00:00"}
{"asctime": "2025-08-10 23:12:10,273", "levelname": "INFO", "name": "AresTradingSystem.System.VectorizedAdvancedFeatureEngineering", "message": "🔧 Processing timeframe: 30m", "correlation_id": "-", "session_id": "-", "timestamp": "2025-08-10T21:12:10.273991+00:00"}
{"asctime": "2025-08-10 23:12:10,274", "levelname": "INFO", "name": "AresTradingSystem.System.VectorizedAdvancedFeatureEngineering", "message": "🔄 Using returns series for 30m timeframe features", "correlation_id": "-", "session_id": "-", "timestamp": "2025-08-10T21:12:10.274074+00:00"}
{"asctime": "2025-08-10 23:12:10,274", "levelname": "INFO", "name": "AresTradingSystem.System.VectorizedAdvancedFeatureEngineering", "message": "📊 30m: using rolling window of 4 periods", "correlation_id": "-", "session_id": "-", "timestamp": "2025-08-10T21:12:10.274137+00:00"}
{"asctime": "2025-08-10 23:12:10,274", "levelname": "INFO", "name": "AresTradingSystem.System.VectorizedAdvancedFeatureEngineering", "message": "✅ 30m timeframe features calculated using returns as input", "correlation_id": "-", "session_id": "-", "timestamp": "2025-08-10T21:12:10.274658+00:00"}
{"asctime": "2025-08-10 23:12:10,274", "levelname": "INFO", "name": "AresTradingSystem.System.VectorizedAdvancedFeatureEngineering", "message": "✅ Multi-timeframe features: 16 features generated", "correlation_id": "-", "session_id": "-", "timestamp": "2025-08-10T21:12:10.274744+00:00"}
{"asctime": "2025-08-10 23:12:10,274", "levelname": "INFO", "name": "AresTradingSystem.System.VectorizedAdvancedFeatureEngineering", "message": "🔄 Using returns series for meta labels generation", "correlation_id": "-", "session_id": "-", "timestamp": "2025-08-10T21:12:10.274812+00:00"}
{"asctime": "2025-08-10 23:12:10,275", "levelname": "INFO", "name": "AresTradingSystem.System.VectorizedAdvancedFeatureEngineering", "message": "📊 Generated meta labels (regime features): volatility_regime, volume_regime, trend_regime", "correlation_id": "-", "session_id": "-", "timestamp": "2025-08-10T21:12:10.275608+00:00"}
{"asctime": "2025-08-10 23:12:10,275", "levelname": "INFO", "name": "AresTradingSystem.System.VectorizedAdvancedFeatureEngineering", "message": "📊 These are regime classification features, not prediction targets", "correlation_id": "-", "session_id": "-", "timestamp": "2025-08-10T21:12:10.275703+00:00"}
{"asctime": "2025-08-10 23:12:10,275", "levelname": "INFO", "name": "AresTradingSystem.System.VectorizedAdvancedFeatureEngineering", "message": "✅ Meta labels generated using returns as input", "correlation_id": "-", "session_id": "-", "timestamp": "2025-08-10T21:12:10.275769+00:00"}
{"asctime": "2025-08-10 23:12:10,275", "levelname": "INFO", "name": "AresTradingSystem.System.VectorizedAdvancedFeatureEngineering", "message": "🔧 Generating additional technical indicators for autoencoder...", "correlation_id": "-", "session_id": "-", "timestamp": "2025-08-10T21:12:10.275838+00:00"}
{"asctime": "2025-08-10 23:12:10,279", "levelname": "INFO", "name": "AresTradingSystem.System.VectorizedAdvancedFeatureEngineering", "message": "✅ Generated 35 additional technical indicators", "correlation_id": "-", "session_id": "-", "timestamp": "2025-08-10T21:12:10.279790+00:00"}
{"asctime": "2025-08-10 23:12:10,279", "levelname": "INFO", "name": "AresTradingSystem.System.VectorizedAdvancedFeatureEngineering", "message": "🔧 Performing final comprehensive NaN handling...", "correlation_id": "-", "session_id": "-", "timestamp": "2025-08-10T21:12:10.279940+00:00"}
{"asctime": "2025-08-10 23:12:10,280", "levelname": "INFO", "name": "AresTradingSystem.System.VectorizedAdvancedFeatureEngineering", "message": "🧹 Starting comprehensive NaN cleaning...", "correlation_id": "-", "session_id": "-", "timestamp": "2025-08-10T21:12:10.280025+00:00"}
{"asctime": "2025-08-10 23:12:10,281", "levelname": "INFO", "name": "AresTradingSystem.System.VectorizedAdvancedFeatureEngineering", "message": "🧹 NaN cleaning completed:", "correlation_id": "-", "session_id": "-", "timestamp": "2025-08-10T21:12:10.281147+00:00"}
{"asctime": "2025-08-10 23:12:10,281", "levelname": "INFO", "name": "AresTradingSystem.System.VectorizedAdvancedFeatureEngineering", "message": "   Features with NaN values: 0", "correlation_id": "-", "session_id": "-", "timestamp": "2025-08-10T21:12:10.281229+00:00"}
{"asctime": "2025-08-10 23:12:10,281", "levelname": "INFO", "name": "AresTradingSystem.System.VectorizedAdvancedFeatureEngineering", "message": "   Total NaN values removed: 0", "correlation_id": "-", "session_id": "-", "timestamp": "2025-08-10T21:12:10.281308+00:00"}
{"asctime": "2025-08-10 23:12:10,281", "levelname": "INFO", "name": "AresTradingSystem.System.VectorizedAdvancedFeatureEngineering", "message": "   Features processed: 54", "correlation_id": "-", "session_id": "-", "timestamp": "2025-08-10T21:12:10.281375+00:00"}
{"asctime": "2025-08-10 23:12:10,281", "levelname": "INFO", "name": "AresTradingSystem.System.VectorizedAdvancedFeatureEngineering", "message": "✅ Engineered 54 vectorized advanced features using returns as basis", "correlation_id": "-", "session_id": "-", "timestamp": "2025-08-10T21:12:10.281438+00:00"}
