{"asctime": "2025-08-11 18:22:25,870", "levelname": "INFO", "name": "AresGlobal", "message": "================================================================================", "correlation_id": "-", "session_id": "-", "timestamp": "2025-08-11T16:22:25.870206+00:00"}
{"asctime": "2025-08-11 18:22:25,870", "levelname": "INFO", "name": "AresGlobal", "message": "📊 SESSION SUMMARY", "correlation_id": "-", "session_id": "-", "timestamp": "2025-08-11T16:22:25.870300+00:00"}
{"asctime": "2025-08-11 18:22:25,870", "levelname": "INFO", "name": "AresGlobal", "message": "Session started: 2025-08-11 18:22:25", "correlation_id": "-", "session_id": "-", "timestamp": "2025-08-11T16:22:25.870370+00:00"}
{"asctime": "2025-08-11 18:22:25,870", "levelname": "INFO", "name": "AresGlobal", "message": "This file contains ALL logs for this session", "correlation_id": "-", "session_id": "-", "timestamp": "2025-08-11T16:22:25.870424+00:00"}
{"asctime": "2025-08-11 18:22:25,870", "levelname": "INFO", "name": "AresGlobal", "message": "================================================================================", "correlation_id": "-", "session_id": "-", "timestamp": "2025-08-11T16:22:25.870480+00:00"}
{"asctime": "2025-08-11 18:22:25,870", "levelname": "INFO", "name": "AresGlobal", "message": "[SYSTEM] ================================================================================", "correlation_id": "-", "session_id": "-", "timestamp": "2025-08-11T16:22:25.870623+00:00"}
{"asctime": "2025-08-11 18:22:25,870", "levelname": "INFO", "name": "AresGlobal", "message": "[SYSTEM] 🚀 ARES LAUNCHER STARTED - Mode: INITIALIZATION", "correlation_id": "-", "session_id": "-", "timestamp": "2025-08-11T16:22:25.870731+00:00"}
{"asctime": "2025-08-11 18:22:25,870", "levelname": "INFO", "name": "AresGlobal", "message": "[SYSTEM] Start time: 2025-08-11 18:22:25", "correlation_id": "-", "session_id": "-", "timestamp": "2025-08-11T16:22:25.870845+00:00"}
{"asctime": "2025-08-11 18:22:25,870", "levelname": "INFO", "name": "AresGlobal", "message": "[SYSTEM] Log directory: log", "correlation_id": "-", "session_id": "-", "timestamp": "2025-08-11T16:22:25.870950+00:00"}
{"asctime": "2025-08-11 18:22:25,871", "levelname": "INFO", "name": "AresGlobal", "message": "[SYSTEM] ================================================================================", "correlation_id": "-", "session_id": "-", "timestamp": "2025-08-11T16:22:25.871126+00:00"}
{"asctime": "2025-08-11 18:22:25,871", "levelname": "INFO", "name": "AresGlobal.AresLauncher", "message": "================================================================================", "correlation_id": "-", "session_id": "-", "timestamp": "2025-08-11T16:22:25.871234+00:00"}
{"asctime": "2025-08-11 18:22:25,871", "levelname": "INFO", "name": "AresGlobal.AresLauncher", "message": "🚀 ARES COMPREHENSIVE LAUNCHER", "correlation_id": "-", "session_id": "-", "timestamp": "2025-08-11T16:22:25.871317+00:00"}
{"asctime": "2025-08-11 18:22:25,871", "levelname": "INFO", "name": "AresGlobal.AresLauncher", "message": "================================================================================", "correlation_id": "-", "session_id": "-", "timestamp": "2025-08-11T16:22:25.871393+00:00"}
{"asctime": "2025-08-11 18:22:25,871", "levelname": "INFO", "name": "AresGlobal.AresLauncher", "message": "Start time: 2025-08-11 18:22:25", "correlation_id": "-", "session_id": "-", "timestamp": "2025-08-11T16:22:25.871457+00:00"}
{"asctime": "2025-08-11 18:22:25,871", "levelname": "INFO", "name": "AresGlobal.AresLauncher", "message": "Log directory: log", "correlation_id": "-", "session_id": "-", "timestamp": "2025-08-11T16:22:25.871513+00:00"}
{"asctime": "2025-08-11 18:22:25,871", "levelname": "INFO", "name": "AresGlobal.AresLauncher", "message": "Log level: INFO", "correlation_id": "-", "session_id": "-", "timestamp": "2025-08-11T16:22:25.871567+00:00"}
{"asctime": "2025-08-11 18:22:25,871", "levelname": "INFO", "name": "AresGlobal.AresLauncher", "message": "Global log file: ares_global_20250811_182225.log", "correlation_id": "-", "session_id": "-", "timestamp": "2025-08-11T16:22:25.871625+00:00"}
{"asctime": "2025-08-11 18:22:25,871", "levelname": "INFO", "name": "AresGlobal.AresLauncher", "message": "================================================================================", "correlation_id": "-", "session_id": "-", "timestamp": "2025-08-11T16:22:25.871684+00:00"}
{"asctime": "2025-08-11 18:22:25,871", "levelname": "INFO", "name": "AresGlobal", "message": "[SYSTEM] ================================================================================", "correlation_id": "-", "session_id": "-", "timestamp": "2025-08-11T16:22:25.871853+00:00"}
{"asctime": "2025-08-11 18:22:25,871", "levelname": "INFO", "name": "AresGlobal", "message": "[SYSTEM] 🚀 ARES LAUNCHER STARTED - Mode: blank - Symbol: ETHUSDT - Exchange: BINANCE", "correlation_id": "-", "session_id": "-", "timestamp": "2025-08-11T16:22:25.871962+00:00"}
{"asctime": "2025-08-11 18:22:25,872", "levelname": "INFO", "name": "AresGlobal", "message": "[SYSTEM] Start time: 2025-08-11 18:22:25", "correlation_id": "-", "session_id": "-", "timestamp": "2025-08-11T16:22:25.872074+00:00"}
{"asctime": "2025-08-11 18:22:25,872", "levelname": "INFO", "name": "AresGlobal", "message": "[SYSTEM] Log directory: log", "correlation_id": "-", "session_id": "-", "timestamp": "2025-08-11T16:22:25.872175+00:00"}
{"asctime": "2025-08-11 18:22:25,872", "levelname": "INFO", "name": "AresGlobal", "message": "[SYSTEM] ================================================================================", "correlation_id": "-", "session_id": "-", "timestamp": "2025-08-11T16:22:25.872276+00:00"}
{"asctime": "2025-08-11 18:22:25,872", "levelname": "INFO", "name": "AresGlobal.AresLauncher", "message": "🚀 Running enhanced 16-step training pipeline for ETHUSDT on BINANCE", "correlation_id": "-", "session_id": "-", "timestamp": "2025-08-11T16:22:25.872349+00:00"}
{"asctime": "2025-08-11 18:22:25,872", "levelname": "INFO", "name": "AresGlobal.AresLauncher", "message": "Starting from step: step4_analyst_labeling_feature_engineering", "correlation_id": "-", "session_id": "-", "timestamp": "2025-08-11T16:22:25.872403+00:00"}
{"asctime": "2025-08-11 18:22:25,872", "levelname": "INFO", "name": "AresGlobal.AresLauncher", "message": "🧪 BLANK TRAINING MODE: Set BLANK_TRAINING_MODE=1 for step-based training", "correlation_id": "-", "session_id": "-", "timestamp": "2025-08-11T16:22:25.872460+00:00"}
{"asctime": "2025-08-11 18:22:25,873", "levelname": "INFO", "name": "AresGlobal.ProgressManager", "message": "Initialized ProgressManager for ETHUSDT on BINANCE", "correlation_id": "-", "session_id": "-", "timestamp": "2025-08-11T16:22:25.873754+00:00"}
{"asctime": "2025-08-11 18:22:25,873", "levelname": "INFO", "name": "AresGlobal.ProgressManager", "message": "Progress directory: data/training/progress/BINANCE_ETHUSDT", "correlation_id": "-", "session_id": "-", "timestamp": "2025-08-11T16:22:25.873836+00:00"}
{"asctime": "2025-08-11 18:22:25,873", "levelname": "INFO", "name": "AresGlobal.StepOrchestrator", "message": "Initialized StepOrchestrator for ETHUSDT on BINANCE", "correlation_id": "-", "session_id": "-", "timestamp": "2025-08-11T16:22:25.873894+00:00"}
{"asctime": "2025-08-11 18:22:25,874", "levelname": "INFO", "name": "AresGlobal.StepOrchestrator", "message": "🚀 Starting execution from step: step4_analyst_labeling_feature_engineering", "correlation_id": "-", "session_id": "-", "timestamp": "2025-08-11T16:22:25.874030+00:00"}
{"asctime": "2025-08-11 18:22:30,084", "levelname": "INFO", "name": "AresGlobal.EnhancedTrainingManager", "message": "Loaded optimization configuration", "correlation_id": "-", "session_id": "-", "timestamp": "2025-08-11T16:22:30.084295+00:00"}
{"asctime": "2025-08-11 18:22:30,084", "levelname": "INFO", "name": "AresGlobal.EnhancedTrainingManagerOptimized", "message": "Loaded optimization configuration", "correlation_id": "-", "session_id": "-", "timestamp": "2025-08-11T16:22:30.084455+00:00"}
{"asctime": "2025-08-11 18:22:30,084", "levelname": "INFO", "name": "AresGlobal.EnhancedTrainingManager", "message": "🚀 Initializing Enhanced Training Manager...", "correlation_id": "-", "session_id": "-", "timestamp": "2025-08-11T16:22:30.084531+00:00"}
{"asctime": "2025-08-11 18:22:30,084", "levelname": "INFO", "name": "AresGlobal.EnhancedTrainingManager", "message": "📊 Blank training mode: True", "correlation_id": "-", "session_id": "-", "timestamp": "2025-08-11T16:22:30.084607+00:00"}
{"asctime": "2025-08-11 18:22:30,084", "levelname": "INFO", "name": "AresGlobal.EnhancedTrainingManager", "message": "🔧 Max trials: 200", "correlation_id": "-", "session_id": "-", "timestamp": "2025-08-11T16:22:30.084667+00:00"}
{"asctime": "2025-08-11 18:22:30,084", "levelname": "INFO", "name": "AresGlobal.EnhancedTrainingManager", "message": "🔧 N trials: 100", "correlation_id": "-", "session_id": "-", "timestamp": "2025-08-11T16:22:30.084725+00:00"}
{"asctime": "2025-08-11 18:22:30,084", "levelname": "INFO", "name": "AresGlobal.EnhancedTrainingManager", "message": "📈 Lookback days: 180", "correlation_id": "-", "session_id": "-", "timestamp": "2025-08-11T16:22:30.084779+00:00"}
{"asctime": "2025-08-11 18:22:30,084", "levelname": "INFO", "name": "AresGlobal.EnhancedTrainingManager", "message": "🚀 Computational optimization: True", "correlation_id": "-", "session_id": "-", "timestamp": "2025-08-11T16:22:30.084834+00:00"}
{"asctime": "2025-08-11 18:22:30,084", "levelname": "INFO", "name": "AresGlobal.EnhancedTrainingManager", "message": "📊 Resource Analysis:", "correlation_id": "-", "session_id": "-", "timestamp": "2025-08-11T16:22:30.084919+00:00"}
{"asctime": "2025-08-11 18:22:30,084", "levelname": "INFO", "name": "AresGlobal.EnhancedTrainingManager", "message": "   💾 System Memory: 16.0 GB", "correlation_id": "-", "session_id": "-", "timestamp": "2025-08-11T16:22:30.084976+00:00"}
{"asctime": "2025-08-11 18:22:30,085", "levelname": "INFO", "name": "AresGlobal.EnhancedTrainingManager", "message": "   🖥️ CPU Cores: 8", "correlation_id": "-", "session_id": "-", "timestamp": "2025-08-11T16:22:30.085031+00:00"}
{"asctime": "2025-08-11 18:22:30,085", "levelname": "INFO", "name": "AresGlobal.EnhancedTrainingManager", "message": "   📈 Estimated Memory Usage: 4.0 GB", "correlation_id": "-", "session_id": "-", "timestamp": "2025-08-11T16:22:30.085089+00:00"}
{"asctime": "2025-08-11 18:22:30,085", "levelname": "INFO", "name": "AresGlobal.EnhancedTrainingManager", "message": "   ⏱️ Estimated Time: 90 minutes (1.5 hours)", "correlation_id": "-", "session_id": "-", "timestamp": "2025-08-11T16:22:30.085144+00:00"}
{"asctime": "2025-08-11 18:22:30,085", "levelname": "INFO", "name": "AresGlobal.EnhancedTrainingManager", "message": "   🤖 Models to Train: 4", "correlation_id": "-", "session_id": "-", "timestamp": "2025-08-11T16:22:30.085201+00:00"}
{"asctime": "2025-08-11 18:22:30,085", "levelname": "INFO", "name": "AresGlobal.EnhancedTrainingManager", "message": "   🔧 Optimization Trials: 50", "correlation_id": "-", "session_id": "-", "timestamp": "2025-08-11T16:22:30.085256+00:00"}
{"asctime": "2025-08-11 18:22:30,085", "levelname": "INFO", "name": "AresGlobal.EnhancedTrainingManager", "message": "📋 Step-by-Step Time Estimates:", "correlation_id": "-", "session_id": "-", "timestamp": "2025-08-11T16:22:30.085309+00:00"}
{"asctime": "2025-08-11 18:22:30,085", "levelname": "INFO", "name": "AresGlobal.EnhancedTrainingManager", "message": "   step1_data_collection: 5 min (4.1%)", "correlation_id": "-", "session_id": "-", "timestamp": "2025-08-11T16:22:30.085367+00:00"}
{"asctime": "2025-08-11 18:22:30,085", "levelname": "INFO", "name": "AresGlobal.EnhancedTrainingManager", "message": "   step2_market_regime_classification: 3 min (2.4%)", "correlation_id": "-", "session_id": "-", "timestamp": "2025-08-11T16:22:30.085422+00:00"}
{"asctime": "2025-08-11 18:22:30,085", "levelname": "INFO", "name": "AresGlobal.EnhancedTrainingManager", "message": "   step3_regime_data_splitting: 2 min (1.6%)", "correlation_id": "-", "session_id": "-", "timestamp": "2025-08-11T16:22:30.085574+00:00"}
{"asctime": "2025-08-11 18:22:30,085", "levelname": "INFO", "name": "AresGlobal.EnhancedTrainingManager", "message": "   step4_analyst_labeling_feature_engineering: 15 min (12.2%)", "correlation_id": "-", "session_id": "-", "timestamp": "2025-08-11T16:22:30.085646+00:00"}
{"asctime": "2025-08-11 18:22:30,085", "levelname": "INFO", "name": "AresGlobal.EnhancedTrainingManager", "message": "   step5_analyst_specialist_training: 10 min (8.1%)", "correlation_id": "-", "session_id": "-", "timestamp": "2025-08-11T16:22:30.085713+00:00"}
{"asctime": "2025-08-11 18:22:30,085", "levelname": "INFO", "name": "AresGlobal.EnhancedTrainingManager", "message": "   step6_analyst_enhancement: 8 min (6.5%)", "correlation_id": "-", "session_id": "-", "timestamp": "2025-08-11T16:22:30.085772+00:00"}
{"asctime": "2025-08-11 18:22:30,085", "levelname": "INFO", "name": "AresGlobal.EnhancedTrainingManager", "message": "   step7_analyst_ensemble_creation: 12 min (9.8%)", "correlation_id": "-", "session_id": "-", "timestamp": "2025-08-11T16:22:30.085896+00:00"}
{"asctime": "2025-08-11 18:22:30,085", "levelname": "INFO", "name": "AresGlobal.EnhancedTrainingManager", "message": "   step8_tactician_labeling: 5 min (4.1%)", "correlation_id": "-", "session_id": "-", "timestamp": "2025-08-11T16:22:30.085984+00:00"}
{"asctime": "2025-08-11 18:22:30,086", "levelname": "INFO", "name": "AresGlobal.EnhancedTrainingManager", "message": "   step9_tactician_specialist_training: 10 min (8.1%)", "correlation_id": "-", "session_id": "-", "timestamp": "2025-08-11T16:22:30.086052+00:00"}
{"asctime": "2025-08-11 18:22:30,086", "levelname": "INFO", "name": "AresGlobal.EnhancedTrainingManager", "message": "   step10_tactician_ensemble_creation: 12 min (9.8%)", "correlation_id": "-", "session_id": "-", "timestamp": "2025-08-11T16:22:30.086143+00:00"}
{"asctime": "2025-08-11 18:22:30,086", "levelname": "INFO", "name": "AresGlobal.EnhancedTrainingManager", "message": "   step11_confidence_calibration: 3 min (2.4%)", "correlation_id": "-", "session_id": "-", "timestamp": "2025-08-11T16:22:30.086210+00:00"}
{"asctime": "2025-08-11 18:22:30,086", "levelname": "INFO", "name": "AresGlobal.EnhancedTrainingManager", "message": "   step12_final_parameters_optimization: 15 min (12.2%)", "correlation_id": "-", "session_id": "-", "timestamp": "2025-08-11T16:22:30.086268+00:00"}
{"asctime": "2025-08-11 18:22:30,086", "levelname": "INFO", "name": "AresGlobal.EnhancedTrainingManager", "message": "   step13_walk_forward_validation: 8 min (6.5%)", "correlation_id": "-", "session_id": "-", "timestamp": "2025-08-11T16:22:30.086323+00:00"}
{"asctime": "2025-08-11 18:22:30,086", "levelname": "INFO", "name": "AresGlobal.EnhancedTrainingManager", "message": "   step14_monte_carlo_validation: 8 min (6.5%)", "correlation_id": "-", "session_id": "-", "timestamp": "2025-08-11T16:22:30.086377+00:00"}
{"asctime": "2025-08-11 18:22:30,086", "levelname": "INFO", "name": "AresGlobal.EnhancedTrainingManager", "message": "   step15_ab_testing: 5 min (4.1%)", "correlation_id": "-", "session_id": "-", "timestamp": "2025-08-11T16:22:30.086436+00:00"}
{"asctime": "2025-08-11 18:22:30,086", "levelname": "INFO", "name": "AresGlobal.EnhancedTrainingManager", "message": "   step16_saving: 2 min (1.6%)", "correlation_id": "-", "session_id": "-", "timestamp": "2025-08-11T16:22:30.086491+00:00"}
{"asctime": "2025-08-11 18:22:30,086", "levelname": "INFO", "name": "AresGlobal.EnhancedTrainingManager", "message": "💡 Recommendations:", "correlation_id": "-", "session_id": "-", "timestamp": "2025-08-11T16:22:30.086546+00:00"}
{"asctime": "2025-08-11 18:22:30,086", "levelname": "INFO", "name": "AresGlobal.EnhancedTrainingManager", "message": "   ✅ Blank training mode is suitable for your system", "correlation_id": "-", "session_id": "-", "timestamp": "2025-08-11T16:22:30.086624+00:00"}
{"asctime": "2025-08-11 18:22:30,086", "levelname": "INFO", "name": "AresGlobal.EnhancedTrainingManager", "message": "🚀 Initializing computational optimization components...", "correlation_id": "-", "session_id": "-", "timestamp": "2025-08-11T16:22:30.086691+00:00"}
{"asctime": "2025-08-11 18:22:30,087", "levelname": "INFO", "name": "AresGlobal.ComputationalOptimizationManager", "message": "Computational Optimization Manager initialized", "correlation_id": "-", "session_id": "-", "timestamp": "2025-08-11T16:22:30.087134+00:00"}
{"asctime": "2025-08-11 18:22:30,087", "levelname": "INFO", "name": "AresGlobal.EnhancedTrainingManager", "message": "✅ Computational optimization components initialized successfully", "correlation_id": "-", "session_id": "-", "timestamp": "2025-08-11T16:22:30.087292+00:00"}
{"asctime": "2025-08-11 18:22:30,087", "levelname": "INFO", "name": "AresGlobal.EnhancedTrainingManager", "message": "✅ Enhanced Training Manager initialized successfully", "correlation_id": "-", "session_id": "-", "timestamp": "2025-08-11T16:22:30.087361+00:00"}
{"asctime": "2025-08-11 18:22:30,087", "levelname": "INFO", "name": "AresGlobal.StepOrchestrator", "message": "✅ Enhanced training manager setup successfully", "correlation_id": "-", "session_id": "-", "timestamp": "2025-08-11T16:22:30.087423+00:00"}
{"asctime": "2025-08-11 18:22:30,087", "levelname": "INFO", "name": "AresGlobal.EnhancedTrainingManager", "message": "================================================================================", "correlation_id": "-", "session_id": "-", "timestamp": "2025-08-11T16:22:30.087483+00:00"}
{"asctime": "2025-08-11 18:22:30,087", "levelname": "INFO", "name": "AresGlobal.EnhancedTrainingManager", "message": "🚀 COMPREHENSIVE 16-STEP ENHANCED TRAINING PIPELINE START", "correlation_id": "-", "session_id": "-", "timestamp": "2025-08-11T16:22:30.087535+00:00"}
{"asctime": "2025-08-11 18:22:30,087", "levelname": "INFO", "name": "AresGlobal.EnhancedTrainingManager", "message": "================================================================================", "correlation_id": "-", "session_id": "-", "timestamp": "2025-08-11T16:22:30.087589+00:00"}
{"asctime": "2025-08-11 18:22:30,087", "levelname": "INFO", "name": "AresGlobal.EnhancedTrainingManager", "message": "📅 Started at: 2025-08-11 18:22:30", "correlation_id": "-", "session_id": "-", "timestamp": "2025-08-11T16:22:30.087648+00:00"}
{"asctime": "2025-08-11 18:22:30,087", "levelname": "INFO", "name": "AresGlobal.EnhancedTrainingManager", "message": "🎯 Symbol: ETHUSDT", "correlation_id": "-", "session_id": "-", "timestamp": "2025-08-11T16:22:30.087702+00:00"}
{"asctime": "2025-08-11 18:22:30,087", "levelname": "INFO", "name": "AresGlobal.EnhancedTrainingManager", "message": "🏢 Exchange: BINANCE", "correlation_id": "-", "session_id": "-", "timestamp": "2025-08-11T16:22:30.087754+00:00"}
{"asctime": "2025-08-11 18:22:30,087", "levelname": "INFO", "name": "AresGlobal.EnhancedTrainingManager", "message": "📊 Training Mode: N/A", "correlation_id": "-", "session_id": "-", "timestamp": "2025-08-11T16:22:30.087805+00:00"}
{"asctime": "2025-08-11 18:22:30,087", "levelname": "INFO", "name": "AresGlobal.EnhancedTrainingManager", "message": "📈 Lookback Days: 180", "correlation_id": "-", "session_id": "-", "timestamp": "2025-08-11T16:22:30.087856+00:00"}
{"asctime": "2025-08-11 18:22:30,087", "levelname": "INFO", "name": "AresGlobal.EnhancedTrainingManager", "message": "🔧 Blank Training Mode: True", "correlation_id": "-", "session_id": "-", "timestamp": "2025-08-11T16:22:30.087907+00:00"}
{"asctime": "2025-08-11 18:22:30,087", "levelname": "INFO", "name": "AresGlobal.EnhancedTrainingManager", "message": "🔧 Max Trials: 200", "correlation_id": "-", "session_id": "-", "timestamp": "2025-08-11T16:22:30.087958+00:00"}
{"asctime": "2025-08-11 18:22:30,088", "levelname": "INFO", "name": "AresGlobal.EnhancedTrainingManager", "message": "🔧 N Trials: 100", "correlation_id": "-", "session_id": "-", "timestamp": "2025-08-11T16:22:30.088010+00:00"}
{"asctime": "2025-08-11 18:22:30,088", "levelname": "INFO", "name": "AresGlobal.EnhancedTrainingManager", "message": "🚀 Initializing optimized tools...", "correlation_id": "-", "session_id": "-", "timestamp": "2025-08-11T16:22:30.088069+00:00"}
{"asctime": "2025-08-11 18:22:30,088", "levelname": "INFO", "name": "AresGlobal.EnhancedTrainingManagerOptimized", "message": "🚀 Initializing Enhanced Training Manager with Optimizations...", "correlation_id": "-", "session_id": "-", "timestamp": "2025-08-11T16:22:30.088133+00:00"}
{"asctime": "2025-08-11 18:22:30,094", "levelname": "INFO", "name": "AresGlobal.EnhancedTrainingManagerOptimized", "message": "✅ Parallel backtester initialized with 8 workers", "correlation_id": "-", "session_id": "-", "timestamp": "2025-08-11T16:22:30.094529+00:00"}
{"asctime": "2025-08-11 18:22:30,095", "levelname": "INFO", "name": "AresGlobal.EnhancedTrainingManagerOptimized", "message": "✅ All optimization components initialized successfully", "correlation_id": "-", "session_id": "-", "timestamp": "2025-08-11T16:22:30.095445+00:00"}
{"asctime": "2025-08-11 18:22:30,095", "levelname": "INFO", "name": "AresGlobal.EnhancedTrainingManager", "message": "   ✅ Optimized training manager initialized", "correlation_id": "-", "session_id": "-", "timestamp": "2025-08-11T16:22:30.095677+00:00"}
{"asctime": "2025-08-11 18:22:30,095", "levelname": "INFO", "name": "AresGlobal.EnhancedTrainingManager", "message": "   ✅ Streaming processor initialized", "correlation_id": "-", "session_id": "-", "timestamp": "2025-08-11T16:22:30.095776+00:00"}
{"asctime": "2025-08-11 18:22:30,096", "levelname": "INFO", "name": "AresGlobal.EnhancedTrainingManager", "message": "   ✅ Parallel backtester initialized with 8 workers", "correlation_id": "-", "session_id": "-", "timestamp": "2025-08-11T16:22:30.096053+00:00"}
{"asctime": "2025-08-11 18:22:30,096", "levelname": "INFO", "name": "AresGlobal.EnhancedTrainingManager", "message": "   ✅ Adaptive sampler initialized", "correlation_id": "-", "session_id": "-", "timestamp": "2025-08-11T16:22:30.096241+00:00"}
{"asctime": "2025-08-11 18:22:30,096", "levelname": "INFO", "name": "AresGlobal.EnhancedTrainingManager", "message": "   ✅ Incremental trainer initialized", "correlation_id": "-", "session_id": "-", "timestamp": "2025-08-11T16:22:30.096337+00:00"}
{"asctime": "2025-08-11 18:22:30,096", "levelname": "INFO", "name": "AresGlobal.EnhancedTrainingManager", "message": "✅ All optimized tools initialized successfully", "correlation_id": "-", "session_id": "-", "timestamp": "2025-08-11T16:22:30.096412+00:00"}
{"asctime": "2025-08-11 18:22:30,097", "levelname": "INFO", "name": "AresGlobal.EnhancedTrainingManager", "message": "📂 Checkpoint loaded: step4_analyst_labeling_feature_engineering from checkpoints/BINANCE/ETHUSDT/1m/training_progress.json", "correlation_id": "-", "session_id": "-", "timestamp": "2025-08-11T16:22:30.097040+00:00"}
{"asctime": "2025-08-11 18:22:30,097", "levelname": "INFO", "name": "AresGlobal.EnhancedTrainingManager", "message": "🔄 Resuming from checkpoint...", "correlation_id": "-", "session_id": "-", "timestamp": "2025-08-11T16:22:30.097127+00:00"}
{"asctime": "2025-08-11 18:22:30,097", "levelname": "INFO", "name": "AresGlobal.EnhancedTrainingManager", "message": "📂 Last completed step: step4_analyst_labeling_feature_engineering", "correlation_id": "-", "session_id": "-", "timestamp": "2025-08-11T16:22:30.097191+00:00"}
{"asctime": "2025-08-11 18:22:30,097", "levelname": "INFO", "name": "AresGlobal.EnhancedTrainingManager", "message": "====================================================================================================", "correlation_id": "-", "session_id": "-", "timestamp": "2025-08-11T16:22:30.097250+00:00"}
{"asctime": "2025-08-11 18:22:30,097", "levelname": "INFO", "name": "AresGlobal.EnhancedTrainingManager", "message": "🚀 COMPREHENSIVE TRAINING PIPELINE START", "correlation_id": "-", "session_id": "-", "timestamp": "2025-08-11T16:22:30.097317+00:00"}
{"asctime": "2025-08-11 18:22:30,097", "levelname": "INFO", "name": "AresGlobal.EnhancedTrainingManager", "message": "====================================================================================================", "correlation_id": "-", "session_id": "-", "timestamp": "2025-08-11T16:22:30.097378+00:00"}
{"asctime": "2025-08-11 18:22:30,097", "levelname": "INFO", "name": "AresGlobal.EnhancedTrainingManager", "message": "📅 Started at: 2025-08-11 18:22:30", "correlation_id": "-", "session_id": "-", "timestamp": "2025-08-11T16:22:30.097447+00:00"}
{"asctime": "2025-08-11 18:22:30,097", "levelname": "INFO", "name": "AresGlobal.EnhancedTrainingManager", "message": "🎯 Symbol: ETHUSDT", "correlation_id": "-", "session_id": "-", "timestamp": "2025-08-11T16:22:30.097573+00:00"}
{"asctime": "2025-08-11 18:22:30,097", "levelname": "INFO", "name": "AresGlobal.EnhancedTrainingManager", "message": "🏢 Exchange: BINANCE", "correlation_id": "-", "session_id": "-", "timestamp": "2025-08-11T16:22:30.097636+00:00"}
{"asctime": "2025-08-11 18:22:30,097", "levelname": "INFO", "name": "AresGlobal.EnhancedTrainingManager", "message": "📊 Timeframe: 1m", "correlation_id": "-", "session_id": "-", "timestamp": "2025-08-11T16:22:30.097691+00:00"}
{"asctime": "2025-08-11 18:22:30,097", "levelname": "INFO", "name": "AresGlobal.EnhancedTrainingManager", "message": "🧠 Training Mode: Blank", "correlation_id": "-", "session_id": "-", "timestamp": "2025-08-11T16:22:30.097750+00:00"}
{"asctime": "2025-08-11 18:22:30,097", "levelname": "INFO", "name": "AresGlobal.EnhancedTrainingManager", "message": "🔧 Max Trials: 200", "correlation_id": "-", "session_id": "-", "timestamp": "2025-08-11T16:22:30.097803+00:00"}
{"asctime": "2025-08-11 18:22:30,097", "levelname": "INFO", "name": "AresGlobal.EnhancedTrainingManager", "message": "📈 Lookback Days: 180", "correlation_id": "-", "session_id": "-", "timestamp": "2025-08-11T16:22:30.097857+00:00"}
{"asctime": "2025-08-11 18:22:30,097", "levelname": "INFO", "name": "AresGlobal.EnhancedTrainingManager", "message": "💾 Memory Optimization: Enabled", "correlation_id": "-", "session_id": "-", "timestamp": "2025-08-11T16:22:30.097911+00:00"}
{"asctime": "2025-08-11 18:22:30,098", "levelname": "INFO", "name": "AresGlobal.EnhancedTrainingManager", "message": "🚀 Starting from step: step4_analyst_labeling_feature_engineering", "correlation_id": "-", "session_id": "-", "timestamp": "2025-08-11T16:22:30.098010+00:00"}
{"asctime": "2025-08-11 18:22:30,098", "levelname": "INFO", "name": "AresGlobal.EnhancedTrainingManager", "message": "====================================================================================================", "correlation_id": "-", "session_id": "-", "timestamp": "2025-08-11T16:22:30.098070+00:00"}
{"asctime": "2025-08-11 18:22:30,098", "levelname": "INFO", "name": "AresGlobal.EnhancedTrainingManager", "message": "⏭️  Skipping Step 1: Data Collection (using pre-consolidated data)", "correlation_id": "-", "session_id": "-", "timestamp": "2025-08-11T16:22:30.098126+00:00"}
{"asctime": "2025-08-11 18:22:30,098", "levelname": "INFO", "name": "AresGlobal.EnhancedTrainingManager", "message": "🎭 STEP 2: Market Regime Classification...", "correlation_id": "-", "session_id": "-", "timestamp": "2025-08-11T16:22:30.098187+00:00"}
{"asctime": "2025-08-11 18:22:30,098", "levelname": "INFO", "name": "AresGlobal.EnhancedTrainingManager", "message": "   🧠 Analyzing market regimes and volatility patterns...", "correlation_id": "-", "session_id": "-", "timestamp": "2025-08-11T16:22:30.098245+00:00"}
{"asctime": "2025-08-11 18:22:34,221", "levelname": "INFO", "name": "AresGlobal.EnhancedTrainingManager", "message": "🔍 Running validator for step2_market_regime_classification", "correlation_id": "-", "session_id": "-", "timestamp": "2025-08-11T16:22:34.221702+00:00"}
{"asctime": "2025-08-11 18:22:34,221", "levelname": "INFO", "name": "AresGlobal.ValidatorOrchestrator", "message": "🔍 Running validator for step2_market_regime_classification", "correlation_id": "-", "session_id": "-", "timestamp": "2025-08-11T16:22:34.221994+00:00"}
{"asctime": "2025-08-11 18:22:34,223", "levelname": "INFO", "name": "AresGlobal.Step2MarketRegimeClassificationValidator", "message": "🔍 Validating market regime classification step...", "correlation_id": "-", "session_id": "-", "timestamp": "2025-08-11T16:22:34.223182+00:00"}
{"asctime": "2025-08-11 18:22:34,223", "levelname": "INFO", "name": "AresGlobal.Step2MarketRegimeClassificationValidator", "message": "🔧 read_parquet start path=data/training/BINANCE_ETHUSDT_regime_classification.parquet columns=regime_columns", "correlation_id": "-", "session_id": "-", "timestamp": "2025-08-11T16:22:34.223923+00:00"}
{"asctime": "2025-08-11 18:22:34,238", "levelname": "INFO", "name": "AresGlobal.Step2MarketRegimeClassificationValidator", "message": "✅ read_parquet ok path=data/training/BINANCE_ETHUSDT_regime_classification.parquet elapsed=0.014s size=14.5KB", "correlation_id": "-", "session_id": "-", "timestamp": "2025-08-11T16:22:34.238172+00:00"}
{"asctime": "2025-08-11 18:22:34,238", "levelname": "WARNING", "name": "AresGlobal.Step2MarketRegimeClassificationValidator", "message": "⚠️ Some regimes have very low frequency: 0.022 (min allowed: 0.030) - continuing with caution", "correlation_id": "-", "session_id": "-", "timestamp": "2025-08-11T16:22:34.238521+00:00"}
{"asctime": "2025-08-11 18:22:34,238", "levelname": "WARNING", "name": "AresGlobal.Step2MarketRegimeClassificationValidator", "message": "⚠️ Regime distribution validation failed - continuing with caution", "correlation_id": "-", "session_id": "-", "timestamp": "2025-08-11T16:22:34.238598+00:00"}
{"asctime": "2025-08-11 18:22:34,238", "levelname": "INFO", "name": "AresGlobal.Step2MarketRegimeClassificationValidator", "message": "✅ Regime transitions validation passed: 6 transition types", "correlation_id": "-", "session_id": "-", "timestamp": "2025-08-11T16:22:34.238852+00:00"}
{"asctime": "2025-08-11 18:22:34,238", "levelname": "INFO", "name": "AresGlobal.Step2MarketRegimeClassificationValidator", "message": "✅ Market regime classification validation passed (critical checks only)", "correlation_id": "-", "session_id": "-", "timestamp": "2025-08-11T16:22:34.238918+00:00"}
{"asctime": "2025-08-11 18:22:34,239", "levelname": "INFO", "name": "AresGlobal.ValidatorOrchestrator", "message": "✅ Validator for step2_market_regime_classification completed: True", "correlation_id": "-", "session_id": "-", "timestamp": "2025-08-11T16:22:34.239005+00:00"}
{"asctime": "2025-08-11 18:22:34,239", "levelname": "INFO", "name": "AresGlobal.EnhancedTrainingManager", "message": "✅ step2_market_regime_classification validation passed", "correlation_id": "-", "session_id": "-", "timestamp": "2025-08-11T16:22:34.239138+00:00"}
{"asctime": "2025-08-11 18:22:34,343", "levelname": "INFO", "name": "AresGlobal.EnhancedTrainingManager", "message": "✅ Step 2: Market Regime Classification: completed successfully in 4.14s", "correlation_id": "-", "session_id": "-", "timestamp": "2025-08-11T16:22:34.343453+00:00"}
{"asctime": "2025-08-11 18:22:34,344", "levelname": "INFO", "name": "AresGlobal.EnhancedTrainingManager", "message": "💾 Process Memory: 407.0 MB | CPU: 0.1%", "correlation_id": "-", "session_id": "-", "timestamp": "2025-08-11T16:22:34.344123+00:00"}
{"asctime": "2025-08-11 18:22:34,344", "levelname": "INFO", "name": "AresGlobal.EnhancedTrainingManager", "message": "🖥️ System Memory: 75.0% | Available: 4.0 GB", "correlation_id": "-", "session_id": "-", "timestamp": "2025-08-11T16:22:34.344413+00:00"}
{"asctime": "2025-08-11 18:22:34,344", "levelname": "INFO", "name": "AresGlobal.EnhancedTrainingManager", "message": "📊 Progress: 6.2% (1/16)", "correlation_id": "-", "session_id": "-", "timestamp": "2025-08-11T16:22:34.344632+00:00"}
{"asctime": "2025-08-11 18:22:34,346", "levelname": "INFO", "name": "AresGlobal.EnhancedTrainingManager", "message": "💾 Checkpoint saved: step2_market_regime_classification -> checkpoints/BINANCE/ETHUSDT/1m/training_progress.json", "correlation_id": "-", "session_id": "-", "timestamp": "2025-08-11T16:22:34.346333+00:00"}
{"asctime": "2025-08-11 18:22:34,346", "levelname": "INFO", "name": "AresGlobal.EnhancedTrainingManager", "message": "📊 STEP 3: Regime Data Splitting...", "correlation_id": "-", "session_id": "-", "timestamp": "2025-08-11T16:22:34.346933+00:00"}
{"asctime": "2025-08-11 18:22:34,347", "levelname": "INFO", "name": "AresGlobal.EnhancedTrainingManager", "message": "   📈 Splitting data by market regimes for specialized training...", "correlation_id": "-", "session_id": "-", "timestamp": "2025-08-11T16:22:34.347095+00:00"}
{"asctime": "2025-08-11 18:23:09,159", "levelname": "INFO", "name": "AresGlobal.EnhancedTrainingManager", "message": "🔍 Running validator for step3_regime_data_splitting", "correlation_id": "-", "session_id": "-", "timestamp": "2025-08-11T16:23:09.159402+00:00"}
{"asctime": "2025-08-11 18:23:09,159", "levelname": "INFO", "name": "AresGlobal.ValidatorOrchestrator", "message": "🔍 Running validator for step3_regime_data_splitting", "correlation_id": "-", "session_id": "-", "timestamp": "2025-08-11T16:23:09.159752+00:00"}
{"asctime": "2025-08-11 18:23:09,160", "levelname": "INFO", "name": "AresGlobal.Step3RegimeDataSplittingValidator", "message": "🔧 BLANK MODE: Using very lenient validation parameters", "correlation_id": "-", "session_id": "-", "timestamp": "2025-08-11T16:23:09.160921+00:00"}
{"asctime": "2025-08-11 18:23:09,161", "levelname": "INFO", "name": "AresGlobal.Step3RegimeDataSplittingValidator", "message": "🔍 Validating regime data splitting step...", "correlation_id": "-", "session_id": "-", "timestamp": "2025-08-11T16:23:09.161174+00:00"}
{"asctime": "2025-08-11 18:23:09,161", "levelname": "INFO", "name": "AresGlobal.Step3RegimeDataSplittingValidator", "message": "✅ All split data files exist", "correlation_id": "-", "session_id": "-", "timestamp": "2025-08-11T16:23:09.161475+00:00"}
{"asctime": "2025-08-11 18:23:09,162", "levelname": "INFO", "name": "AresGlobal.Step3RegimeDataSplittingValidator", "message": "🔧 read_parquet start path=data/training/BINANCE_ETHUSDT_train_data.parquet", "correlation_id": "-", "session_id": "-", "timestamp": "2025-08-11T16:23:09.162442+00:00"}
{"asctime": "2025-08-11 18:23:09,181", "levelname": "INFO", "name": "AresGlobal.Step3RegimeDataSplittingValidator", "message": "✅ read_parquet ok path=data/training/BINANCE_ETHUSDT_train_data.parquet elapsed=0.019s size=11.3MB", "correlation_id": "-", "session_id": "-", "timestamp": "2025-08-11T16:23:09.181293+00:00"}
{"asctime": "2025-08-11 18:23:09,363", "levelname": "INFO", "name": "AresGlobal.Step3RegimeDataSplittingValidator", "message": "✅ train split characteristics validation passed", "correlation_id": "-", "session_id": "-", "timestamp": "2025-08-11T16:23:09.363211+00:00"}
{"asctime": "2025-08-11 18:23:09,363", "levelname": "INFO", "name": "AresGlobal.Step3RegimeDataSplittingValidator", "message": "🔧 read_parquet start path=data/training/BINANCE_ETHUSDT_validation_data.parquet", "correlation_id": "-", "session_id": "-", "timestamp": "2025-08-11T16:23:09.363539+00:00"}
{"asctime": "2025-08-11 18:23:09,371", "levelname": "INFO", "name": "AresGlobal.Step3RegimeDataSplittingValidator", "message": "✅ read_parquet ok path=data/training/BINANCE_ETHUSDT_validation_data.parquet elapsed=0.008s size=2.6MB", "correlation_id": "-", "session_id": "-", "timestamp": "2025-08-11T16:23:09.371351+00:00"}
{"asctime": "2025-08-11 18:23:09,412", "levelname": "INFO", "name": "AresGlobal.Step3RegimeDataSplittingValidator", "message": "✅ validation split characteristics validation passed", "correlation_id": "-", "session_id": "-", "timestamp": "2025-08-11T16:23:09.412431+00:00"}
{"asctime": "2025-08-11 18:23:09,412", "levelname": "INFO", "name": "AresGlobal.Step3RegimeDataSplittingValidator", "message": "🔧 read_parquet start path=data/training/BINANCE_ETHUSDT_test_data.parquet", "correlation_id": "-", "session_id": "-", "timestamp": "2025-08-11T16:23:09.412792+00:00"}
{"asctime": "2025-08-11 18:23:09,418", "levelname": "INFO", "name": "AresGlobal.Step3RegimeDataSplittingValidator", "message": "✅ read_parquet ok path=data/training/BINANCE_ETHUSDT_test_data.parquet elapsed=0.006s size=2.2MB", "correlation_id": "-", "session_id": "-", "timestamp": "2025-08-11T16:23:09.418962+00:00"}
{"asctime": "2025-08-11 18:23:09,458", "levelname": "INFO", "name": "AresGlobal.Step3RegimeDataSplittingValidator", "message": "✅ test split characteristics validation passed", "correlation_id": "-", "session_id": "-", "timestamp": "2025-08-11T16:23:09.458139+00:00"}
{"asctime": "2025-08-11 18:23:09,458", "levelname": "INFO", "name": "AresGlobal.Step3RegimeDataSplittingValidator", "message": "✅ All split data quality validation passed", "correlation_id": "-", "session_id": "-", "timestamp": "2025-08-11T16:23:09.458361+00:00"}
{"asctime": "2025-08-11 18:23:09,460", "levelname": "INFO", "name": "AresGlobal.Step3RegimeDataSplittingValidator", "message": "✅ train proportion 0.799 within expected range (0.500-0.850)", "correlation_id": "-", "session_id": "-", "timestamp": "2025-08-11T16:23:09.460721+00:00"}
{"asctime": "2025-08-11 18:23:09,460", "levelname": "INFO", "name": "AresGlobal.Step3RegimeDataSplittingValidator", "message": "✅ validation proportion 0.100 within expected range (0.050-0.250)", "correlation_id": "-", "session_id": "-", "timestamp": "2025-08-11T16:23:09.460860+00:00"}
{"asctime": "2025-08-11 18:23:09,460", "levelname": "INFO", "name": "AresGlobal.Step3RegimeDataSplittingValidator", "message": "✅ test proportion 0.101 within expected range (0.050-0.250)", "correlation_id": "-", "session_id": "-", "timestamp": "2025-08-11T16:23:09.460926+00:00"}
{"asctime": "2025-08-11 18:23:09,461", "levelname": "INFO", "name": "AresGlobal.Step3RegimeDataSplittingValidator", "message": "✅ Split proportions validation passed: {'train': 0.7991587802313355, 'validation': 0.09989484752891693, 'test': 0.10094637223974763}", "correlation_id": "-", "session_id": "-", "timestamp": "2025-08-11T16:23:09.461005+00:00"}
{"asctime": "2025-08-11 18:23:09,462", "levelname": "INFO", "name": "AresGlobal.Step3RegimeDataSplittingValidator", "message": "✅ Split consistency validation passed", "correlation_id": "-", "session_id": "-", "timestamp": "2025-08-11T16:23:09.462043+00:00"}
{"asctime": "2025-08-11 18:23:09,462", "levelname": "INFO", "name": "AresGlobal.Step3RegimeDataSplittingValidator", "message": "✅ Regime data splitting validation passed (critical checks only)", "correlation_id": "-", "session_id": "-", "timestamp": "2025-08-11T16:23:09.462734+00:00"}
{"asctime": "2025-08-11 18:23:09,462", "levelname": "INFO", "name": "AresGlobal.ValidatorOrchestrator", "message": "✅ Validator for step3_regime_data_splitting completed: True", "correlation_id": "-", "session_id": "-", "timestamp": "2025-08-11T16:23:09.462813+00:00"}
{"asctime": "2025-08-11 18:23:09,462", "levelname": "INFO", "name": "AresGlobal.EnhancedTrainingManager", "message": "✅ step3_regime_data_splitting validation passed", "correlation_id": "-", "session_id": "-", "timestamp": "2025-08-11T16:23:09.462930+00:00"}
{"asctime": "2025-08-11 18:23:09,568", "levelname": "INFO", "name": "AresGlobal.EnhancedTrainingManager", "message": "✅ Step 3: Regime Data Splitting: completed successfully in 35.12s", "correlation_id": "-", "session_id": "-", "timestamp": "2025-08-11T16:23:09.568334+00:00"}
{"asctime": "2025-08-11 18:23:09,568", "levelname": "INFO", "name": "AresGlobal.EnhancedTrainingManager", "message": "💾 Process Memory: 999.7 MB | CPU: 0.1%", "correlation_id": "-", "session_id": "-", "timestamp": "2025-08-11T16:23:09.568604+00:00"}
{"asctime": "2025-08-11 18:23:09,568", "levelname": "INFO", "name": "AresGlobal.EnhancedTrainingManager", "message": "🖥️ System Memory: 77.4% | Available: 3.6 GB", "correlation_id": "-", "session_id": "-", "timestamp": "2025-08-11T16:23:09.568724+00:00"}
{"asctime": "2025-08-11 18:23:09,568", "levelname": "INFO", "name": "AresGlobal.EnhancedTrainingManager", "message": "📊 Progress: 12.5% (2/16)", "correlation_id": "-", "session_id": "-", "timestamp": "2025-08-11T16:23:09.568883+00:00"}
{"asctime": "2025-08-11 18:23:09,569", "levelname": "INFO", "name": "AresGlobal.EnhancedTrainingManager", "message": "💾 Checkpoint saved: step3_regime_data_splitting -> checkpoints/BINANCE/ETHUSDT/1m/training_progress.json", "correlation_id": "-", "session_id": "-", "timestamp": "2025-08-11T16:23:09.569773+00:00"}
{"asctime": "2025-08-11 18:23:09,569", "levelname": "INFO", "name": "AresGlobal.EnhancedTrainingManager", "message": "🧠 STEP 4: Analyst Labeling & Feature Engineering...", "correlation_id": "-", "session_id": "-", "timestamp": "2025-08-11T16:23:09.569922+00:00"}
{"asctime": "2025-08-11 18:23:09,665", "levelname": "INFO", "name": "AresGlobal.OptimizedTripleBarrierLabeling", "message": "🔖 Triple barrier labeling configured for binary classification (BUY/SELL only)", "correlation_id": "-", "session_id": "-", "timestamp": "2025-08-11T16:23:09.665984+00:00"}
{"asctime": "2025-08-11 18:23:09,666", "levelname": "INFO", "name": "AresGlobal.OptimizedTripleBarrierLabeling", "message": "   → HOLD samples will be automatically filtered out", "correlation_id": "-", "session_id": "-", "timestamp": "2025-08-11T16:23:09.666148+00:00"}
{"asctime": "2025-08-11 18:23:09,666", "levelname": "INFO", "name": "AresGlobal.OptimizedTripleBarrierLabeling", "message": "   → This addresses label imbalance issues", "correlation_id": "-", "session_id": "-", "timestamp": "2025-08-11T16:23:09.666218+00:00"}
{"asctime": "2025-08-11 18:24:06,528", "levelname": "INFO", "name": "AresGlobal.OptimizedTripleBarrierLabeling", "message": "Applying triple barrier labeling | cols=['timestamp', 'open', 'high', 'low', 'close', 'volume', 'year', 'month', 'day', 'exchange', 'symbol', 'timeframe', 'trade_volume', 'trade_count', 'avg_price', 'min_price', 'max_price', 'volume_ratio', 'funding_rate', 'close_returns', 'open_returns', 'high_returns', 'low_returns', 'close_log', 'open_log', 'high_log', 'low_log', 'close_detrended'] shape=(256286, 28)", "correlation_id": "-", "session_id": "-", "timestamp": "2025-08-11T16:24:06.528678+00:00"}
{"asctime": "2025-08-11 18:24:07,262", "levelname": "INFO", "name": "AresGlobal.OptimizedTripleBarrierLabeling", "message": "📊 Label distribution after filtering:", "correlation_id": "-", "session_id": "-", "timestamp": "2025-08-11T16:24:07.262213+00:00"}
{"asctime": "2025-08-11 18:24:07,262", "levelname": "INFO", "name": "AresGlobal.OptimizedTripleBarrierLabeling", "message": "   BUY (1): 89455 samples", "correlation_id": "-", "session_id": "-", "timestamp": "2025-08-11T16:24:07.262776+00:00"}
{"asctime": "2025-08-11 18:24:07,262", "levelname": "INFO", "name": "AresGlobal.OptimizedTripleBarrierLabeling", "message": "   SELL (-1): 166731 samples", "correlation_id": "-", "session_id": "-", "timestamp": "2025-08-11T16:24:07.262978+00:00"}
{"asctime": "2025-08-11 18:24:07,263", "levelname": "INFO", "name": "AresGlobal.OptimizedTripleBarrierLabeling", "message": "   HOLD (0): 100 samples (removed)", "correlation_id": "-", "session_id": "-", "timestamp": "2025-08-11T16:24:07.263047+00:00"}
{"asctime": "2025-08-11 18:24:07,263", "levelname": "INFO", "name": "AresGlobal.OptimizedTripleBarrierLabeling", "message": "   Total samples: 256186 (from 256286)", "correlation_id": "-", "session_id": "-", "timestamp": "2025-08-11T16:24:07.263111+00:00"}
{"asctime": "2025-08-11 18:24:07,263", "levelname": "INFO", "name": "AresGlobal.OptimizedTripleBarrierLabeling", "message": "   Filtering ratio: 0.0% HOLD samples removed", "correlation_id": "-", "session_id": "-", "timestamp": "2025-08-11T16:24:07.263175+00:00"}
{"asctime": "2025-08-11 18:24:07,270", "levelname": "INFO", "name": "AresGlobal.OptimizedTripleBarrierLabeling", "message": "", "correlation_id": "-", "session_id": "-", "msg": "Triple-barrier labeling diagnostics", "distribution": {"-1": "166731", "1": "89455"}, "long_nextbar_agree": 0.7655, "short_nextbar_agree": 0.6374, "overall_nextbar_agree": 0.6821, "timestamp": "2025-08-11T16:24:07.270480+00:00"}
{"asctime": "2025-08-11 18:24:21,034", "levelname": "INFO", "name": "AresGlobal.MemoryEfficientDataManager", "message": "Optimized DataFrame memory usage", "correlation_id": "-", "session_id": "-", "timestamp": "2025-08-11T16:24:21.034237+00:00"}
{"asctime": "2025-08-11 18:24:21,035", "levelname": "INFO", "name": "AresGlobal.MemoryEfficientDataManager", "message": "Optimized DataFrame memory usage", "correlation_id": "-", "session_id": "-", "timestamp": "2025-08-11T16:24:21.035923+00:00"}
{"asctime": "2025-08-11 18:24:21,038", "levelname": "INFO", "name": "AresGlobal.MemoryEfficientDataManager", "message": "Optimized DataFrame memory usage", "correlation_id": "-", "session_id": "-", "timestamp": "2025-08-11T16:24:21.038514+00:00"}
{"asctime": "2025-08-11 18:24:21,068", "levelname": "INFO", "name": "AresGlobal.MemoryEfficientDataManager", "message": "Optimized DataFrame memory usage", "correlation_id": "-", "session_id": "-", "timestamp": "2025-08-11T16:24:21.068764+00:00"}
{"asctime": "2025-08-11 18:24:21,070", "levelname": "INFO", "name": "AresGlobal.MemoryEfficientDataManager", "message": "Optimized DataFrame memory usage", "correlation_id": "-", "session_id": "-", "timestamp": "2025-08-11T16:24:21.070246+00:00"}
{"asctime": "2025-08-11 18:24:21,071", "levelname": "INFO", "name": "AresGlobal.MemoryEfficientDataManager", "message": "Optimized DataFrame memory usage", "correlation_id": "-", "session_id": "-", "timestamp": "2025-08-11T16:24:21.071693+00:00"}
{"asctime": "2025-08-11 18:24:21,155", "levelname": "INFO", "name": "AresGlobal.MemoryEfficientDataManager", "message": "Optimized DataFrame memory usage", "correlation_id": "-", "session_id": "-", "timestamp": "2025-08-11T16:24:21.155314+00:00"}
{"asctime": "2025-08-11 18:24:21,156", "levelname": "INFO", "name": "AresGlobal.MemoryEfficientDataManager", "message": "Optimized DataFrame memory usage", "correlation_id": "-", "session_id": "-", "timestamp": "2025-08-11T16:24:21.156755+00:00"}
{"asctime": "2025-08-11 18:24:21,157", "levelname": "INFO", "name": "AresGlobal.MemoryEfficientDataManager", "message": "Optimized DataFrame memory usage", "correlation_id": "-", "session_id": "-", "timestamp": "2025-08-11T16:24:21.157910+00:00"}
{"asctime": "2025-08-11 18:24:21,250", "levelname": "INFO", "name": "AresGlobal.MemoryEfficientDataManager", "message": "Optimized DataFrame memory usage", "correlation_id": "-", "session_id": "-", "timestamp": "2025-08-11T16:24:21.250548+00:00"}
{"asctime": "2025-08-11 18:24:21,252", "levelname": "INFO", "name": "AresGlobal.MemoryEfficientDataManager", "message": "Optimized DataFrame memory usage", "correlation_id": "-", "session_id": "-", "timestamp": "2025-08-11T16:24:21.252016+00:00"}
{"asctime": "2025-08-11 18:24:21,253", "levelname": "INFO", "name": "AresGlobal.MemoryEfficientDataManager", "message": "Optimized DataFrame memory usage", "correlation_id": "-", "session_id": "-", "timestamp": "2025-08-11T16:24:21.253476+00:00"}
{"asctime": "2025-08-11 18:24:21,461", "levelname": "INFO", "name": "AresGlobal.EnhancedTrainingManager", "message": "💾 Checkpoint saved: step4_analyst_labeling_feature_engineering -> checkpoints/BINANCE/ETHUSDT/1m/training_progress.json", "correlation_id": "-", "session_id": "-", "timestamp": "2025-08-11T16:24:21.461498+00:00"}
{"asctime": "2025-08-11 18:24:21,617", "levelname": "INFO", "name": "AresGlobal.EnhancedTrainingManager", "message": "🧹 Memory optimization: 1083.5 MB before cleanup", "correlation_id": "-", "session_id": "-", "timestamp": "2025-08-11T16:24:21.617576+00:00"}
{"asctime": "2025-08-11 18:24:21,702", "levelname": "INFO", "name": "AresGlobal.EnhancedTrainingManager", "message": "🧹 Memory optimization: 1083.5 MB after cleanup (saved 0.0 MB)", "correlation_id": "-", "session_id": "-", "timestamp": "2025-08-11T16:24:21.702693+00:00"}
{"asctime": "2025-08-11 18:24:21,702", "levelname": "INFO", "name": "AresGlobal.EnhancedTrainingManager", "message": "🔍 Running validator for step4_analyst_labeling_feature_engineering", "correlation_id": "-", "session_id": "-", "timestamp": "2025-08-11T16:24:21.702969+00:00"}
{"asctime": "2025-08-11 18:24:21,703", "levelname": "INFO", "name": "AresGlobal.ValidatorOrchestrator", "message": "🔍 Running validator for step4_analyst_labeling_feature_engineering", "correlation_id": "-", "session_id": "-", "timestamp": "2025-08-11T16:24:21.703051+00:00"}
{"asctime": "2025-08-11 18:24:21,704", "levelname": "INFO", "name": "AresGlobal.Step4AnalystLabelingFeatureEngineeringValidator", "message": "🔍 Validating analyst labeling and feature engineering step...", "correlation_id": "-", "session_id": "-", "timestamp": "2025-08-11T16:24:21.704487+00:00"}
{"asctime": "2025-08-11 18:24:21,716", "levelname": "INFO", "name": "AresGlobal.Step4AnalystLabelingFeatureEngineeringValidator", "message": "✅ Feature engineering outputs validation passed", "correlation_id": "-", "session_id": "-", "timestamp": "2025-08-11T16:24:21.716940+00:00"}
{"asctime": "2025-08-11 18:24:21,722", "levelname": "INFO", "name": "AresGlobal.Step4AnalystLabelingFeatureEngineeringValidator", "message": "✅ Labeling quality validation passed", "correlation_id": "-", "session_id": "-", "timestamp": "2025-08-11T16:24:21.722093+00:00"}
{"asctime": "2025-08-11 18:24:21,723", "levelname": "WARNING", "name": "AresGlobal.Step4AnalystLabelingFeatureEngineeringValidator", "message": "⚠️ Too few features: 3 (min: 10) - continuing with caution", "correlation_id": "-", "session_id": "-", "timestamp": "2025-08-11T16:24:21.723457+00:00"}
{"asctime": "2025-08-11 18:24:21,724", "levelname": "WARNING", "name": "AresGlobal.Step4AnalystLabelingFeatureEngineeringValidator", "message": "⚠️ Feature quality validation failed - continuing with caution", "correlation_id": "-", "session_id": "-", "timestamp": "2025-08-11T16:24:21.724352+00:00"}
{"asctime": "2025-08-11 18:24:21,728", "levelname": "INFO", "name": "AresGlobal.Step4AnalystLabelingFeatureEngineeringValidator", "message": "✅ Data balance validation passed", "correlation_id": "-", "session_id": "-", "timestamp": "2025-08-11T16:24:21.728726+00:00"}
{"asctime": "2025-08-11 18:24:21,730", "levelname": "INFO", "name": "AresGlobal.Step4AnalystLabelingFeatureEngineeringValidator", "message": "✅ Analyst labeling and feature engineering validation passed (critical checks only)", "correlation_id": "-", "session_id": "-", "timestamp": "2025-08-11T16:24:21.730077+00:00"}
{"asctime": "2025-08-11 18:24:21,730", "levelname": "INFO", "name": "AresGlobal.ValidatorOrchestrator", "message": "✅ Validator for step4_analyst_labeling_feature_engineering completed: True", "correlation_id": "-", "session_id": "-", "timestamp": "2025-08-11T16:24:21.730205+00:00"}
{"asctime": "2025-08-11 18:24:21,730", "levelname": "INFO", "name": "AresGlobal.EnhancedTrainingManager", "message": "✅ step4_analyst_labeling_feature_engineering validation passed", "correlation_id": "-", "session_id": "-", "timestamp": "2025-08-11T16:24:21.730326+00:00"}
{"asctime": "2025-08-11 18:24:21,835", "levelname": "INFO", "name": "AresGlobal.EnhancedTrainingManager", "message": "✅ Step 4: Analyst Labeling & Feature Engineering: completed successfully in 72.16s", "correlation_id": "-", "session_id": "-", "timestamp": "2025-08-11T16:24:21.835658+00:00"}
{"asctime": "2025-08-11 18:24:21,835", "levelname": "INFO", "name": "AresGlobal.EnhancedTrainingManager", "message": "💾 Process Memory: 1086.0 MB | CPU: 0.1%", "correlation_id": "-", "session_id": "-", "timestamp": "2025-08-11T16:24:21.835861+00:00"}
{"asctime": "2025-08-11 18:24:21,836", "levelname": "INFO", "name": "AresGlobal.EnhancedTrainingManager", "message": "🖥️ System Memory: 78.1% | Available: 3.5 GB", "correlation_id": "-", "session_id": "-", "timestamp": "2025-08-11T16:24:21.836397+00:00"}
{"asctime": "2025-08-11 18:24:21,836", "levelname": "INFO", "name": "AresGlobal.EnhancedTrainingManager", "message": "📊 Progress: 18.8% (3/16)", "correlation_id": "-", "session_id": "-", "timestamp": "2025-08-11T16:24:21.836517+00:00"}
{"asctime": "2025-08-11 18:24:21,836", "levelname": "INFO", "name": "AresGlobal.EnhancedTrainingManager", "message": "🎯 STEP 5: Analyst Specialist Training...", "correlation_id": "-", "session_id": "-", "timestamp": "2025-08-11T16:24:21.836602+00:00"}
