{"asctime": "2025-08-11 22:40:38,036", "levelname": "INFO", "name": "AresTradingSystem", "message": "✅ Enhanced Logger initialization completed successfully", "correlation_id": "-", "session_id": "-", "timestamp": "2025-08-11T20:40:38.036444+00:00"}
{"asctime": "2025-08-11 22:40:38,182", "levelname": "INFO", "name": "AresTradingSystem.System", "message": "Initializing Market Regime Classification Step...", "correlation_id": "-", "session_id": "-", "timestamp": "2025-08-11T20:40:38.182752+00:00"}
{"asctime": "2025-08-11 22:40:38,183", "levelname": "INFO", "name": "AresTradingSystem.System", "message": "Market Regime Classification Step initialized successfully", "correlation_id": "-", "session_id": "-", "timestamp": "2025-08-11T20:40:38.183425+00:00"}
{"asctime": "2025-08-11 22:40:38,183", "levelname": "INFO", "name": "AresTradingSystem.System", "message": "🔄 Executing Market Regime Classification...", "correlation_id": "-", "session_id": "-", "timestamp": "2025-08-11T20:40:38.183879+00:00"}
{"asctime": "2025-08-11 22:40:38,184", "levelname": "INFO", "name": "AresTradingSystem.System", "message": "Applied NumPy RNG unpickle compatibility shim (URC)", "correlation_id": "-", "session_id": "-", "timestamp": "2025-08-11T20:40:38.184182+00:00"}
{"asctime": "2025-08-11 22:40:38,184", "levelname": "INFO", "name": "AresTradingSystem.System.UnifiedRegimeClassifier", "message": "", "correlation_id": "-", "session_id": "-", "msg": "UnifiedRegimeClassifier configuration", "n_states_configured": 3, "n_states_enforced_min": 3, "min_data_points_default": 1000, "thresholds": {"adx_sideways_threshold": 18, "volatility_threshold": 0.025, "atr_normalized_threshold": 0.035, "volatility_percentile_threshold": 0.8, "bb_width_volatility_threshold": 0.045}, "timestamp": "2025-08-11T20:40:38.184661+00:00"}
{"asctime": "2025-08-11 22:40:38,185", "levelname": "INFO", "name": "AresTradingSystem.System.UnifiedRegimeClassifier", "message": "🔧 BLANK MODE DETECTED: Using reduced minimum data points (50)", "correlation_id": "-", "session_id": "-", "timestamp": "2025-08-11T20:40:38.185018+00:00"}
{"asctime": "2025-08-11 22:40:38,185", "levelname": "INFO", "name": "AresTradingSystem.System.UnifiedRegimeClassifier", "message": "Initializing UnifiedRegimeClassifier for BINANCE_ETHUSDT", "correlation_id": "-", "session_id": "-", "timestamp": "2025-08-11T20:40:38.185356+00:00"}
{"asctime": "2025-08-11 22:40:38,185", "levelname": "INFO", "name": "AresTradingSystem.System.UnifiedRegimeClassifier", "message": "", "correlation_id": "-", "session_id": "-", "msg": "UnifiedRegimeClassifier model directories", "model_dir": "/Users/remyroche/Documents/Ares/checkpoints/analyst_models", "hmm_model_path": "/Users/remyroche/Documents/Ares/checkpoints/analyst_models/unified_hmm_model_BINANCE_ETHUSDT_1h.joblib", "ensemble_model_path": "/Users/remyroche/Documents/Ares/checkpoints/analyst_models/unified_ensemble_model_BINANCE_ETHUSDT_1h.joblib", "location_model_path": "/Users/remyroche/Documents/Ares/checkpoints/analyst_models/unified_location_model_BINANCE_ETHUSDT_1h.joblib", "hierarchical_model_dir": "/Users/remyroche/Documents/Ares/checkpoints/analyst_models/BINANCE/ETHUSDT/1h", "timestamp": "2025-08-11T20:40:38.185967+00:00"}
{"asctime": "2025-08-11 22:40:38,190", "levelname": "INFO", "name": "AresTradingSystem.System.UnifiedRegimeClassifier", "message": "✅ Loaded HMM model from /Users/remyroche/Documents/Ares/checkpoints/analyst_models/unified_hmm_model_BINANCE_ETHUSDT_1h.joblib", "correlation_id": "-", "session_id": "-", "timestamp": "2025-08-11T20:40:38.190031+00:00"}
{"asctime": "2025-08-11 22:40:38,200", "levelname": "INFO", "name": "AresTradingSystem.System.UnifiedRegimeClassifier", "message": "✅ Loaded basic ensemble from /Users/remyroche/Documents/Ares/checkpoints/analyst_models/unified_ensemble_model_BINANCE_ETHUSDT_1h.joblib", "correlation_id": "-", "session_id": "-", "timestamp": "2025-08-11T20:40:38.200897+00:00"}
{"asctime": "2025-08-11 22:40:38,202", "levelname": "INFO", "name": "AresTradingSystem.System.UnifiedRegimeClassifier", "message": "✅ Loaded existing models successfully", "correlation_id": "-", "session_id": "-", "timestamp": "2025-08-11T20:40:38.202234+00:00"}
{"asctime": "2025-08-11 22:40:38,202", "levelname": "INFO", "name": "AresTradingSystem.System.UnifiedRegimeClassifier", "message": "✅ UnifiedRegimeClassifier initialized successfully", "correlation_id": "-", "session_id": "-", "timestamp": "2025-08-11T20:40:38.202700+00:00"}
{"asctime": "2025-08-11 22:40:38,203", "levelname": "INFO", "name": "AresTradingSystem.System", "message": "🔄 Loading data using unified data loader...", "correlation_id": "-", "session_id": "-", "timestamp": "2025-08-11T20:40:38.203071+00:00"}
{"asctime": "2025-08-11 22:40:38,203", "levelname": "INFO", "name": "AresTradingSystem.System.UnifiedDataLoader", "message": "🔄 Loading unified data for ETHUSDT on BINANCE", "correlation_id": "-", "session_id": "-", "timestamp": "2025-08-11T20:40:38.203498+00:00"}
{"asctime": "2025-08-11 22:40:38,203", "levelname": "INFO", "name": "AresTradingSystem.System.UnifiedDataLoader", "message": "   Timeframe: 1m", "correlation_id": "-", "session_id": "-", "timestamp": "2025-08-11T20:40:38.203912+00:00"}
{"asctime": "2025-08-11 22:40:38,204", "levelname": "INFO", "name": "AresTradingSystem.System.UnifiedDataLoader", "message": "   Date range: 2025-02-12 to 2025-08-11", "correlation_id": "-", "session_id": "-", "timestamp": "2025-08-11T20:40:38.204225+00:00"}
{"asctime": "2025-08-11 22:40:38,204", "levelname": "INFO", "name": "AresTradingSystem.System.UnifiedDataLoader", "message": "   Streaming: True", "correlation_id": "-", "session_id": "-", "timestamp": "2025-08-11T20:40:38.204402+00:00"}
{"asctime": "2025-08-11 22:40:38,204", "levelname": "INFO", "name": "AresTradingSystem.System.UnifiedDataLoader", "message": "   ⚠️ Streaming disabled to avoid segmentation faults", "correlation_id": "-", "session_id": "-", "timestamp": "2025-08-11T20:40:38.204635+00:00"}
{"asctime": "2025-08-11 22:40:38,205", "levelname": "INFO", "name": "AresTradingSystem.System.UnifiedDataLoader", "message": "   📁 Found unified data cache, using optimized pyarrow loading", "correlation_id": "-", "session_id": "-", "timestamp": "2025-08-11T20:40:38.205237+00:00"}
{"asctime": "2025-08-11 22:40:38,205", "levelname": "INFO", "name": "AresTradingSystem.System.UnifiedDataLoader", "message": "🔧 Using optimized pyarrow loading...", "correlation_id": "-", "session_id": "-", "timestamp": "2025-08-11T20:40:38.205597+00:00"}
{"asctime": "2025-08-11 22:40:38,205", "levelname": "INFO", "name": "AresTradingSystem.System.UnifiedDataLoader", "message": "   ⚠️ PyArrow disabled to avoid segmentation faults", "correlation_id": "-", "session_id": "-", "timestamp": "2025-08-11T20:40:38.205969+00:00"}
{"asctime": "2025-08-11 22:40:38,206", "levelname": "INFO", "name": "AresTradingSystem.System.UnifiedDataLoader", "message": "🔧 Using memory-efficient streaming loading for 180 days...", "correlation_id": "-", "session_id": "-", "timestamp": "2025-08-11T20:40:38.206191+00:00"}
{"asctime": "2025-08-11 22:40:38,233", "levelname": "INFO", "name": "AresTradingSystem.System.UnifiedDataLoader", "message": "📁 Found 179 partition files", "correlation_id": "-", "session_id": "-", "timestamp": "2025-08-11T20:40:38.233463+00:00"}
{"asctime": "2025-08-11 22:40:38,371", "levelname": "INFO", "name": "AresTradingSystem.System.UnifiedDataLoader", "message": "   📄 Processing file 1/179: part-0.parquet", "correlation_id": "-", "session_id": "-", "timestamp": "2025-08-11T20:40:38.371501+00:00"}
{"asctime": "2025-08-11 22:40:38,590", "levelname": "INFO", "name": "AresTradingSystem.System.UnifiedDataLoader", "message": "   ✅ Loaded file 1: (1440, 19)", "correlation_id": "-", "session_id": "-", "timestamp": "2025-08-11T20:40:38.590703+00:00"}
{"asctime": "2025-08-11 22:40:38,595", "levelname": "INFO", "name": "AresTradingSystem.System.UnifiedDataLoader", "message": "   🔍 After date filtering: (79, 19)", "correlation_id": "-", "session_id": "-", "timestamp": "2025-08-11T20:40:38.595991+00:00"}
{"asctime": "2025-08-11 22:40:38,601", "levelname": "INFO", "name": "AresTradingSystem.System.UnifiedDataLoader", "message": "   📊 Total rows so far: 79", "correlation_id": "-", "session_id": "-", "timestamp": "2025-08-11T20:40:38.601230+00:00"}
{"asctime": "2025-08-11 22:40:40,814", "levelname": "INFO", "name": "AresTradingSystem.System.UnifiedDataLoader", "message": "   📄 Processing file 10/179: part-0.parquet", "correlation_id": "-", "session_id": "-", "timestamp": "2025-08-11T20:40:40.814613+00:00"}
{"asctime": "2025-08-11 22:40:40,821", "levelname": "INFO", "name": "AresTradingSystem.System.UnifiedDataLoader", "message": "   ✅ Loaded file 10: (1440, 19)", "correlation_id": "-", "session_id": "-", "timestamp": "2025-08-11T20:40:40.821235+00:00"}
{"asctime": "2025-08-11 22:40:40,824", "levelname": "INFO", "name": "AresTradingSystem.System.UnifiedDataLoader", "message": "   🔍 After date filtering: (1440, 19)", "correlation_id": "-", "session_id": "-", "timestamp": "2025-08-11T20:40:40.824385+00:00"}
{"asctime": "2025-08-11 22:40:40,838", "levelname": "INFO", "name": "AresTradingSystem.System.UnifiedDataLoader", "message": "   📊 Total rows so far: 13039", "correlation_id": "-", "session_id": "-", "timestamp": "2025-08-11T20:40:40.838372+00:00"}
{"asctime": "2025-08-11 22:40:43,381", "levelname": "INFO", "name": "AresTradingSystem.System.UnifiedDataLoader", "message": "   📄 Processing file 20/179: part-0.parquet", "correlation_id": "-", "session_id": "-", "timestamp": "2025-08-11T20:40:43.381913+00:00"}
{"asctime": "2025-08-11 22:40:43,387", "levelname": "INFO", "name": "AresTradingSystem.System.UnifiedDataLoader", "message": "   ✅ Loaded file 20: (1440, 19)", "correlation_id": "-", "session_id": "-", "timestamp": "2025-08-11T20:40:43.387829+00:00"}
{"asctime": "2025-08-11 22:40:43,390", "levelname": "INFO", "name": "AresTradingSystem.System.UnifiedDataLoader", "message": "   🔍 After date filtering: (1440, 19)", "correlation_id": "-", "session_id": "-", "timestamp": "2025-08-11T20:40:43.390407+00:00"}
{"asctime": "2025-08-11 22:40:43,402", "levelname": "INFO", "name": "AresTradingSystem.System.UnifiedDataLoader", "message": "   📊 Total rows so far: 27439", "correlation_id": "-", "session_id": "-", "timestamp": "2025-08-11T20:40:43.402560+00:00"}
{"asctime": "2025-08-11 22:40:45,650", "levelname": "INFO", "name": "AresTradingSystem.System.UnifiedDataLoader", "message": "   📄 Processing file 30/179: part-0.parquet", "correlation_id": "-", "session_id": "-", "timestamp": "2025-08-11T20:40:45.650668+00:00"}
{"asctime": "2025-08-11 22:40:45,660", "levelname": "INFO", "name": "AresTradingSystem.System.UnifiedDataLoader", "message": "   ✅ Loaded file 30: (1440, 19)", "correlation_id": "-", "session_id": "-", "timestamp": "2025-08-11T20:40:45.660347+00:00"}
{"asctime": "2025-08-11 22:40:45,662", "levelname": "INFO", "name": "AresTradingSystem.System.UnifiedDataLoader", "message": "   🔍 After date filtering: (1440, 19)", "correlation_id": "-", "session_id": "-", "timestamp": "2025-08-11T20:40:45.662116+00:00"}
{"asctime": "2025-08-11 22:40:45,669", "levelname": "INFO", "name": "AresTradingSystem.System.UnifiedDataLoader", "message": "   📊 Total rows so far: 41839", "correlation_id": "-", "session_id": "-", "timestamp": "2025-08-11T20:40:45.670019+00:00"}
{"asctime": "2025-08-11 22:40:48,059", "levelname": "INFO", "name": "AresTradingSystem.System.UnifiedDataLoader", "message": "   📄 Processing file 40/179: part-0.parquet", "correlation_id": "-", "session_id": "-", "timestamp": "2025-08-11T20:40:48.059300+00:00"}
{"asctime": "2025-08-11 22:40:48,066", "levelname": "INFO", "name": "AresTradingSystem.System.UnifiedDataLoader", "message": "   ✅ Loaded file 40: (1440, 19)", "correlation_id": "-", "session_id": "-", "timestamp": "2025-08-11T20:40:48.066168+00:00"}
{"asctime": "2025-08-11 22:40:48,068", "levelname": "INFO", "name": "AresTradingSystem.System.UnifiedDataLoader", "message": "   🔍 After date filtering: (1440, 19)", "correlation_id": "-", "session_id": "-", "timestamp": "2025-08-11T20:40:48.068062+00:00"}
{"asctime": "2025-08-11 22:40:48,080", "levelname": "INFO", "name": "AresTradingSystem.System.UnifiedDataLoader", "message": "   📊 Total rows so far: 56239", "correlation_id": "-", "session_id": "-", "timestamp": "2025-08-11T20:40:48.080369+00:00"}
{"asctime": "2025-08-11 22:40:50,325", "levelname": "INFO", "name": "AresTradingSystem.System.UnifiedDataLoader", "message": "   📄 Processing file 50/179: part-0.parquet", "correlation_id": "-", "session_id": "-", "timestamp": "2025-08-11T20:40:50.325393+00:00"}
{"asctime": "2025-08-11 22:40:50,336", "levelname": "INFO", "name": "AresTradingSystem.System.UnifiedDataLoader", "message": "   ✅ Loaded file 50: (1440, 19)", "correlation_id": "-", "session_id": "-", "timestamp": "2025-08-11T20:40:50.336616+00:00"}
{"asctime": "2025-08-11 22:40:50,339", "levelname": "INFO", "name": "AresTradingSystem.System.UnifiedDataLoader", "message": "   🔍 After date filtering: (1440, 19)", "correlation_id": "-", "session_id": "-", "timestamp": "2025-08-11T20:40:50.339607+00:00"}
{"asctime": "2025-08-11 22:40:50,358", "levelname": "INFO", "name": "AresTradingSystem.System.UnifiedDataLoader", "message": "   📊 Total rows so far: 70639", "correlation_id": "-", "session_id": "-", "timestamp": "2025-08-11T20:40:50.358604+00:00"}
{"asctime": "2025-08-11 22:40:52,509", "levelname": "INFO", "name": "AresTradingSystem.System.UnifiedDataLoader", "message": "   📄 Processing file 60/179: part-0.parquet", "correlation_id": "-", "session_id": "-", "timestamp": "2025-08-11T20:40:52.509774+00:00"}
{"asctime": "2025-08-11 22:40:52,516", "levelname": "INFO", "name": "AresTradingSystem.System.UnifiedDataLoader", "message": "   ✅ Loaded file 60: (1440, 19)", "correlation_id": "-", "session_id": "-", "timestamp": "2025-08-11T20:40:52.516293+00:00"}
{"asctime": "2025-08-11 22:40:52,517", "levelname": "INFO", "name": "AresTradingSystem.System.UnifiedDataLoader", "message": "   🔍 After date filtering: (1440, 19)", "correlation_id": "-", "session_id": "-", "timestamp": "2025-08-11T20:40:52.517795+00:00"}
{"asctime": "2025-08-11 22:40:52,529", "levelname": "INFO", "name": "AresTradingSystem.System.UnifiedDataLoader", "message": "   📊 Total rows so far: 85039", "correlation_id": "-", "session_id": "-", "timestamp": "2025-08-11T20:40:52.529574+00:00"}
{"asctime": "2025-08-11 22:40:54,767", "levelname": "INFO", "name": "AresTradingSystem.System.UnifiedDataLoader", "message": "   📄 Processing file 70/179: part-0.parquet", "correlation_id": "-", "session_id": "-", "timestamp": "2025-08-11T20:40:54.767921+00:00"}
{"asctime": "2025-08-11 22:40:54,774", "levelname": "INFO", "name": "AresTradingSystem.System.UnifiedDataLoader", "message": "   ✅ Loaded file 70: (1440, 19)", "correlation_id": "-", "session_id": "-", "timestamp": "2025-08-11T20:40:54.774513+00:00"}
{"asctime": "2025-08-11 22:40:54,776", "levelname": "INFO", "name": "AresTradingSystem.System.UnifiedDataLoader", "message": "   🔍 After date filtering: (1440, 19)", "correlation_id": "-", "session_id": "-", "timestamp": "2025-08-11T20:40:54.776035+00:00"}
{"asctime": "2025-08-11 22:40:54,784", "levelname": "INFO", "name": "AresTradingSystem.System.UnifiedDataLoader", "message": "   📊 Total rows so far: 99439", "correlation_id": "-", "session_id": "-", "timestamp": "2025-08-11T20:40:54.784663+00:00"}
{"asctime": "2025-08-11 22:40:57,143", "levelname": "INFO", "name": "AresTradingSystem.System.UnifiedDataLoader", "message": "   📄 Processing file 80/179: part-0.parquet", "correlation_id": "-", "session_id": "-", "timestamp": "2025-08-11T20:40:57.143794+00:00"}
{"asctime": "2025-08-11 22:40:57,150", "levelname": "INFO", "name": "AresTradingSystem.System.UnifiedDataLoader", "message": "   ✅ Loaded file 80: (1440, 19)", "correlation_id": "-", "session_id": "-", "timestamp": "2025-08-11T20:40:57.150309+00:00"}
{"asctime": "2025-08-11 22:40:57,151", "levelname": "INFO", "name": "AresTradingSystem.System.UnifiedDataLoader", "message": "   🔍 After date filtering: (1440, 19)", "correlation_id": "-", "session_id": "-", "timestamp": "2025-08-11T20:40:57.152000+00:00"}
{"asctime": "2025-08-11 22:40:57,162", "levelname": "INFO", "name": "AresTradingSystem.System.UnifiedDataLoader", "message": "   📊 Total rows so far: 113839", "correlation_id": "-", "session_id": "-", "timestamp": "2025-08-11T20:40:57.162656+00:00"}
{"asctime": "2025-08-11 22:40:59,545", "levelname": "INFO", "name": "AresTradingSystem.System.UnifiedDataLoader", "message": "   📄 Processing file 90/179: part-0.parquet", "correlation_id": "-", "session_id": "-", "timestamp": "2025-08-11T20:40:59.545333+00:00"}
{"asctime": "2025-08-11 22:40:59,550", "levelname": "INFO", "name": "AresTradingSystem.System.UnifiedDataLoader", "message": "   ✅ Loaded file 90: (1440, 19)", "correlation_id": "-", "session_id": "-", "timestamp": "2025-08-11T20:40:59.550633+00:00"}
{"asctime": "2025-08-11 22:40:59,552", "levelname": "INFO", "name": "AresTradingSystem.System.UnifiedDataLoader", "message": "   🔍 After date filtering: (1440, 19)", "correlation_id": "-", "session_id": "-", "timestamp": "2025-08-11T20:40:59.552058+00:00"}
{"asctime": "2025-08-11 22:40:59,561", "levelname": "INFO", "name": "AresTradingSystem.System.UnifiedDataLoader", "message": "   📊 Total rows so far: 128239", "correlation_id": "-", "session_id": "-", "timestamp": "2025-08-11T20:40:59.561509+00:00"}
{"asctime": "2025-08-11 22:41:02,063", "levelname": "INFO", "name": "AresTradingSystem.System.UnifiedDataLoader", "message": "   📄 Processing file 100/179: part-0.parquet", "correlation_id": "-", "session_id": "-", "timestamp": "2025-08-11T20:41:02.063414+00:00"}
{"asctime": "2025-08-11 22:41:02,068", "levelname": "INFO", "name": "AresTradingSystem.System.UnifiedDataLoader", "message": "   ✅ Loaded file 100: (1440, 19)", "correlation_id": "-", "session_id": "-", "timestamp": "2025-08-11T20:41:02.068953+00:00"}
{"asctime": "2025-08-11 22:41:02,070", "levelname": "INFO", "name": "AresTradingSystem.System.UnifiedDataLoader", "message": "   🔍 After date filtering: (1440, 19)", "correlation_id": "-", "session_id": "-", "timestamp": "2025-08-11T20:41:02.070352+00:00"}
{"asctime": "2025-08-11 22:41:02,080", "levelname": "INFO", "name": "AresTradingSystem.System.UnifiedDataLoader", "message": "   📊 Total rows so far: 142639", "correlation_id": "-", "session_id": "-", "timestamp": "2025-08-11T20:41:02.080065+00:00"}
{"asctime": "2025-08-11 22:41:04,799", "levelname": "INFO", "name": "AresTradingSystem.System.UnifiedDataLoader", "message": "   📄 Processing file 110/179: part-0.parquet", "correlation_id": "-", "session_id": "-", "timestamp": "2025-08-11T20:41:04.799071+00:00"}
{"asctime": "2025-08-11 22:41:04,805", "levelname": "INFO", "name": "AresTradingSystem.System.UnifiedDataLoader", "message": "   ✅ Loaded file 110: (1440, 19)", "correlation_id": "-", "session_id": "-", "timestamp": "2025-08-11T20:41:04.805278+00:00"}
{"asctime": "2025-08-11 22:41:04,807", "levelname": "INFO", "name": "AresTradingSystem.System.UnifiedDataLoader", "message": "   🔍 After date filtering: (1440, 19)", "correlation_id": "-", "session_id": "-", "timestamp": "2025-08-11T20:41:04.807735+00:00"}
{"asctime": "2025-08-11 22:41:04,816", "levelname": "INFO", "name": "AresTradingSystem.System.UnifiedDataLoader", "message": "   📊 Total rows so far: 157039", "correlation_id": "-", "session_id": "-", "timestamp": "2025-08-11T20:41:04.816738+00:00"}
{"asctime": "2025-08-11 22:41:07,562", "levelname": "INFO", "name": "AresTradingSystem.System.UnifiedDataLoader", "message": "   📄 Processing file 120/179: part-0.parquet", "correlation_id": "-", "session_id": "-", "timestamp": "2025-08-11T20:41:07.562913+00:00"}
{"asctime": "2025-08-11 22:41:07,569", "levelname": "INFO", "name": "AresTradingSystem.System.UnifiedDataLoader", "message": "   ✅ Loaded file 120: (1440, 19)", "correlation_id": "-", "session_id": "-", "timestamp": "2025-08-11T20:41:07.569240+00:00"}
{"asctime": "2025-08-11 22:41:07,570", "levelname": "INFO", "name": "AresTradingSystem.System.UnifiedDataLoader", "message": "   🔍 After date filtering: (1440, 19)", "correlation_id": "-", "session_id": "-", "timestamp": "2025-08-11T20:41:07.570787+00:00"}
{"asctime": "2025-08-11 22:41:07,582", "levelname": "INFO", "name": "AresTradingSystem.System.UnifiedDataLoader", "message": "   📊 Total rows so far: 171439", "correlation_id": "-", "session_id": "-", "timestamp": "2025-08-11T20:41:07.582309+00:00"}
{"asctime": "2025-08-11 22:41:11,265", "levelname": "INFO", "name": "AresTradingSystem.System.UnifiedDataLoader", "message": "   📄 Processing file 130/179: part-0.parquet", "correlation_id": "-", "session_id": "-", "timestamp": "2025-08-11T20:41:11.265634+00:00"}
{"asctime": "2025-08-11 22:41:11,276", "levelname": "INFO", "name": "AresTradingSystem.System.UnifiedDataLoader", "message": "   ✅ Loaded file 130: (1440, 19)", "correlation_id": "-", "session_id": "-", "timestamp": "2025-08-11T20:41:11.276955+00:00"}
{"asctime": "2025-08-11 22:41:11,279", "levelname": "INFO", "name": "AresTradingSystem.System.UnifiedDataLoader", "message": "   🔍 After date filtering: (1440, 19)", "correlation_id": "-", "session_id": "-", "timestamp": "2025-08-11T20:41:11.279313+00:00"}
{"asctime": "2025-08-11 22:41:11,291", "levelname": "INFO", "name": "AresTradingSystem.System.UnifiedDataLoader", "message": "   📊 Total rows so far: 185839", "correlation_id": "-", "session_id": "-", "timestamp": "2025-08-11T20:41:11.291741+00:00"}
{"asctime": "2025-08-11 22:41:14,551", "levelname": "INFO", "name": "AresTradingSystem.System.UnifiedDataLoader", "message": "   📄 Processing file 140/179: part-0.parquet", "correlation_id": "-", "session_id": "-", "timestamp": "2025-08-11T20:41:14.551877+00:00"}
{"asctime": "2025-08-11 22:41:14,558", "levelname": "INFO", "name": "AresTradingSystem.System.UnifiedDataLoader", "message": "   ✅ Loaded file 140: (1440, 19)", "correlation_id": "-", "session_id": "-", "timestamp": "2025-08-11T20:41:14.558194+00:00"}
{"asctime": "2025-08-11 22:41:14,559", "levelname": "INFO", "name": "AresTradingSystem.System.UnifiedDataLoader", "message": "   🔍 After date filtering: (1440, 19)", "correlation_id": "-", "session_id": "-", "timestamp": "2025-08-11T20:41:14.559531+00:00"}
{"asctime": "2025-08-11 22:41:14,568", "levelname": "INFO", "name": "AresTradingSystem.System.UnifiedDataLoader", "message": "   📊 Total rows so far: 200239", "correlation_id": "-", "session_id": "-", "timestamp": "2025-08-11T20:41:14.568100+00:00"}
{"asctime": "2025-08-11 22:41:18,931", "levelname": "INFO", "name": "AresTradingSystem.System.UnifiedDataLoader", "message": "   📄 Processing file 150/179: part-0.parquet", "correlation_id": "-", "session_id": "-", "timestamp": "2025-08-11T20:41:18.932037+00:00"}
{"asctime": "2025-08-11 22:41:18,943", "levelname": "INFO", "name": "AresTradingSystem.System.UnifiedDataLoader", "message": "   ✅ Loaded file 150: (1440, 19)", "correlation_id": "-", "session_id": "-", "timestamp": "2025-08-11T20:41:18.943459+00:00"}
{"asctime": "2025-08-11 22:41:18,945", "levelname": "INFO", "name": "AresTradingSystem.System.UnifiedDataLoader", "message": "   🔍 After date filtering: (1440, 19)", "correlation_id": "-", "session_id": "-", "timestamp": "2025-08-11T20:41:18.946003+00:00"}
{"asctime": "2025-08-11 22:41:18,965", "levelname": "INFO", "name": "AresTradingSystem.System.UnifiedDataLoader", "message": "   📊 Total rows so far: 214639", "correlation_id": "-", "session_id": "-", "timestamp": "2025-08-11T20:41:18.965597+00:00"}
{"asctime": "2025-08-11 22:41:21,461", "levelname": "INFO", "name": "AresTradingSystem.System.UnifiedDataLoader", "message": "   📄 Processing file 160/179: part-0.parquet", "correlation_id": "-", "session_id": "-", "timestamp": "2025-08-11T20:41:21.461024+00:00"}
{"asctime": "2025-08-11 22:41:21,466", "levelname": "INFO", "name": "AresTradingSystem.System.UnifiedDataLoader", "message": "   ✅ Loaded file 160: (1440, 19)", "correlation_id": "-", "session_id": "-", "timestamp": "2025-08-11T20:41:21.466927+00:00"}
{"asctime": "2025-08-11 22:41:21,468", "levelname": "INFO", "name": "AresTradingSystem.System.UnifiedDataLoader", "message": "   🔍 After date filtering: (1440, 19)", "correlation_id": "-", "session_id": "-", "timestamp": "2025-08-11T20:41:21.468494+00:00"}
{"asctime": "2025-08-11 22:41:21,478", "levelname": "INFO", "name": "AresTradingSystem.System.UnifiedDataLoader", "message": "   📊 Total rows so far: 229039", "correlation_id": "-", "session_id": "-", "timestamp": "2025-08-11T20:41:21.478327+00:00"}
{"asctime": "2025-08-11 22:41:23,996", "levelname": "INFO", "name": "AresTradingSystem.System.UnifiedDataLoader", "message": "   📄 Processing file 170/179: part-0.parquet", "correlation_id": "-", "session_id": "-", "timestamp": "2025-08-11T20:41:23.996090+00:00"}
{"asctime": "2025-08-11 22:41:24,000", "levelname": "INFO", "name": "AresTradingSystem.System.UnifiedDataLoader", "message": "   ✅ Loaded file 170: (1440, 19)", "correlation_id": "-", "session_id": "-", "timestamp": "2025-08-11T20:41:24.000395+00:00"}
{"asctime": "2025-08-11 22:41:24,001", "levelname": "INFO", "name": "AresTradingSystem.System.UnifiedDataLoader", "message": "   🔍 After date filtering: (1440, 19)", "correlation_id": "-", "session_id": "-", "timestamp": "2025-08-11T20:41:24.001463+00:00"}
{"asctime": "2025-08-11 22:41:24,009", "levelname": "INFO", "name": "AresTradingSystem.System.UnifiedDataLoader", "message": "   📊 Total rows so far: 243439", "correlation_id": "-", "session_id": "-", "timestamp": "2025-08-11T20:41:24.009626+00:00"}
{"asctime": "2025-08-11 22:41:26,465", "levelname": "INFO", "name": "AresTradingSystem.System.UnifiedDataLoader", "message": "🔄 Converting 256029 records to DataFrame...", "correlation_id": "-", "session_id": "-", "timestamp": "2025-08-11T20:41:26.465813+00:00"}
{"asctime": "2025-08-11 22:41:27,734", "levelname": "INFO", "name": "AresTradingSystem.System.UnifiedDataLoader", "message": "✅ Memory-efficient loading completed: (256029, 19)", "correlation_id": "-", "session_id": "-", "timestamp": "2025-08-11T20:41:27.734921+00:00"}
{"asctime": "2025-08-11 22:41:27,736", "levelname": "INFO", "name": "AresTradingSystem.System", "message": "✅ Loaded unified data: 256029 rows", "correlation_id": "-", "session_id": "-", "timestamp": "2025-08-11T20:41:27.736691+00:00"}
{"asctime": "2025-08-11 22:41:27,736", "levelname": "INFO", "name": "AresTradingSystem.System", "message": "   Date range: 2025-02-12T22:41:00 to 2025-08-09T17:49:00", "correlation_id": "-", "session_id": "-", "timestamp": "2025-08-11T20:41:27.736886+00:00"}
{"asctime": "2025-08-11 22:41:27,736", "levelname": "INFO", "name": "AresTradingSystem.System", "message": "   Has aggtrades data: True", "correlation_id": "-", "session_id": "-", "timestamp": "2025-08-11T20:41:27.736990+00:00"}
{"asctime": "2025-08-11 22:41:27,737", "levelname": "INFO", "name": "AresTradingSystem.System", "message": "   Has futures data: True", "correlation_id": "-", "session_id": "-", "timestamp": "2025-08-11T20:41:27.737169+00:00"}
{"asctime": "2025-08-11 22:41:27,737", "levelname": "INFO", "name": "AresTradingSystem.System", "message": "🔄 Resampling data to 1h timeframe for regime classification...", "correlation_id": "-", "session_id": "-", "timestamp": "2025-08-11T20:41:27.737312+00:00"}
{"asctime": "2025-08-11 22:41:27,806", "levelname": "INFO", "name": "AresTradingSystem.System", "message": "✅ Resampled to 1h: 4268 records", "correlation_id": "-", "session_id": "-", "timestamp": "2025-08-11T20:41:27.806934+00:00"}
{"asctime": "2025-08-11 22:41:27,807", "levelname": "INFO", "name": "AresTradingSystem.System", "message": "Classifying market regimes for ETHUSDT on BINANCE...", "correlation_id": "-", "session_id": "-", "timestamp": "2025-08-11T20:41:27.807284+00:00"}
{"asctime": "2025-08-11 22:41:27,808", "levelname": "INFO", "name": "AresTradingSystem.System.UnifiedRegimeClassifier", "message": "🔧 Calculating features for 4268 periods...", "correlation_id": "-", "session_id": "-", "timestamp": "2025-08-11T20:41:27.808884+00:00"}
{"asctime": "2025-08-11 22:41:27,834", "levelname": "INFO", "name": "AresTradingSystem.System.UnifiedRegimeClassifier", "message": "✅ Calculated comprehensive features for 4268 periods (dropped 0 rows due to NaN)", "correlation_id": "-", "session_id": "-", "timestamp": "2025-08-11T20:41:27.834479+00:00"}
{"asctime": "2025-08-11 22:41:27,835", "levelname": "INFO", "name": "AresTradingSystem.System.UnifiedRegimeClassifier", "message": "🔍 Using trained basic ensemble for regime classification", "correlation_id": "-", "session_id": "-", "timestamp": "2025-08-11T20:41:27.835318+00:00"}
{"asctime": "2025-08-11 22:41:27,910", "levelname": "INFO", "name": "AresTradingSystem.System.UnifiedRegimeClassifier", "message": "", "correlation_id": "-", "session_id": "-", "msg": "Ensemble regime prediction summary", "unique_regimes": ["BEAR", "BULL", "SIDEWAYS"], "counts": {"BEAR": 2993, "BULL": 15, "SIDEWAYS": 1260}, "expected_min": 3, "total_records": 4268, "thresholds": {"adx_sideways_threshold": 18, "volatility_threshold": 0.025, "atr_normalized_threshold": 0.035, "volatility_percentile_threshold": 0.8}, "timestamp": "2025-08-11T20:41:27.910754+00:00"}
{"asctime": "2025-08-11 22:41:27,911", "levelname": "INFO", "name": "AresTradingSystem.System.UnifiedRegimeClassifier", "message": "Classifying location with tactical pivots and strategic volume levels...", "correlation_id": "-", "session_id": "-", "timestamp": "2025-08-11T20:41:27.911323+00:00"}
{"asctime": "2025-08-11 22:43:33,519", "levelname": "INFO", "name": "AresTradingSystem.System.UnifiedRegimeClassifier", "message": "Finished classifying locations. Found: {'OPEN_RANGE': 4268}", "correlation_id": "-", "session_id": "-", "timestamp": "2025-08-11T20:43:33.519665+00:00"}
{"asctime": "2025-08-11 22:43:33,523", "levelname": "INFO", "name": "AresTradingSystem.System.UnifiedRegimeClassifier", "message": "📊 Regime distribution: {'BEAR': 2993, 'SIDEWAYS': 1260, 'BULL': 15}", "correlation_id": "-", "session_id": "-", "timestamp": "2025-08-11T20:43:33.523119+00:00"}
{"asctime": "2025-08-11 22:43:33,525", "levelname": "INFO", "name": "AresTradingSystem.System", "message": "Regime classification completed. Found 3 distinct regimes", "correlation_id": "-", "session_id": "-", "timestamp": "2025-08-11T20:43:33.525862+00:00"}
{"asctime": "2025-08-11 22:43:33,558", "levelname": "INFO", "name": "AresTradingSystem.System", "message": "✅ Saved regime classification results to parquet: data/training/BINANCE_ETHUSDT_regime_classification.parquet", "correlation_id": "-", "session_id": "-", "timestamp": "2025-08-11T20:43:33.558614+00:00"}
{"asctime": "2025-08-11 22:43:33,558", "levelname": "INFO", "name": "AresTradingSystem.System", "message": "✅ Market regime classification completed. Results saved to data/training/BINANCE_ETHUSDT_regime_classification.json", "correlation_id": "-", "session_id": "-", "timestamp": "2025-08-11T20:43:33.558924+00:00"}
{"asctime": "2025-08-11 22:43:33,696", "levelname": "INFO", "name": "AresTradingSystem.System", "message": "Initializing Regime Data Splitting Step...", "correlation_id": "-", "session_id": "-", "timestamp": "2025-08-11T20:43:33.696414+00:00"}
{"asctime": "2025-08-11 22:43:33,696", "levelname": "INFO", "name": "AresTradingSystem.System", "message": "Regime Data Splitting Step initialized successfully", "correlation_id": "-", "session_id": "-", "timestamp": "2025-08-11T20:43:33.696605+00:00"}
{"asctime": "2025-08-11 22:43:33,696", "levelname": "INFO", "name": "AresTradingSystem.System", "message": "🔄 Loading unified data for regime data splitting...", "correlation_id": "-", "session_id": "-", "timestamp": "2025-08-11T20:43:33.696709+00:00"}
{"asctime": "2025-08-11 22:43:33,696", "levelname": "INFO", "name": "AresTradingSystem.System.UnifiedDataLoader", "message": "🔄 Loading unified data for ETHUSDT on BINANCE", "correlation_id": "-", "session_id": "-", "timestamp": "2025-08-11T20:43:33.696819+00:00"}
{"asctime": "2025-08-11 22:43:33,696", "levelname": "INFO", "name": "AresTradingSystem.System.UnifiedDataLoader", "message": "   Timeframe: 1m", "correlation_id": "-", "session_id": "-", "timestamp": "2025-08-11T20:43:33.696911+00:00"}
{"asctime": "2025-08-11 22:43:33,697", "levelname": "INFO", "name": "AresTradingSystem.System.UnifiedDataLoader", "message": "   Date range: 2025-02-12 to 2025-08-11", "correlation_id": "-", "session_id": "-", "timestamp": "2025-08-11T20:43:33.697016+00:00"}
{"asctime": "2025-08-11 22:43:33,697", "levelname": "INFO", "name": "AresTradingSystem.System.UnifiedDataLoader", "message": "   Streaming: True", "correlation_id": "-", "session_id": "-", "timestamp": "2025-08-11T20:43:33.697109+00:00"}
{"asctime": "2025-08-11 22:43:33,697", "levelname": "INFO", "name": "AresTradingSystem.System.UnifiedDataLoader", "message": "   ⚠️ Streaming disabled to avoid segmentation faults", "correlation_id": "-", "session_id": "-", "timestamp": "2025-08-11T20:43:33.697190+00:00"}
{"asctime": "2025-08-11 22:43:33,697", "levelname": "INFO", "name": "AresTradingSystem.System.UnifiedDataLoader", "message": "   📁 Found unified data cache, using optimized pyarrow loading", "correlation_id": "-", "session_id": "-", "timestamp": "2025-08-11T20:43:33.697294+00:00"}
{"asctime": "2025-08-11 22:43:33,697", "levelname": "INFO", "name": "AresTradingSystem.System.UnifiedDataLoader", "message": "🔧 Using optimized pyarrow loading...", "correlation_id": "-", "session_id": "-", "timestamp": "2025-08-11T20:43:33.697386+00:00"}
{"asctime": "2025-08-11 22:43:33,697", "levelname": "INFO", "name": "AresTradingSystem.System.UnifiedDataLoader", "message": "   ⚠️ PyArrow disabled to avoid segmentation faults", "correlation_id": "-", "session_id": "-", "timestamp": "2025-08-11T20:43:33.697472+00:00"}
{"asctime": "2025-08-11 22:43:33,697", "levelname": "INFO", "name": "AresTradingSystem.System.UnifiedDataLoader", "message": "🔧 Using memory-efficient streaming loading for 180 days...", "correlation_id": "-", "session_id": "-", "timestamp": "2025-08-11T20:43:33.697558+00:00"}
{"asctime": "2025-08-11 22:43:33,705", "levelname": "INFO", "name": "AresTradingSystem.System.UnifiedDataLoader", "message": "📁 Found 179 partition files", "correlation_id": "-", "session_id": "-", "timestamp": "2025-08-11T20:43:33.705698+00:00"}
{"asctime": "2025-08-11 22:43:33,818", "levelname": "INFO", "name": "AresTradingSystem.System.UnifiedDataLoader", "message": "   📄 Processing file 1/179: part-0.parquet", "correlation_id": "-", "session_id": "-", "timestamp": "2025-08-11T20:43:33.818729+00:00"}
{"asctime": "2025-08-11 22:43:33,828", "levelname": "INFO", "name": "AresTradingSystem.System.UnifiedDataLoader", "message": "   ✅ Loaded file 1: (1440, 19)", "correlation_id": "-", "session_id": "-", "timestamp": "2025-08-11T20:43:33.828031+00:00"}
{"asctime": "2025-08-11 22:43:33,829", "levelname": "INFO", "name": "AresTradingSystem.System.UnifiedDataLoader", "message": "   🔍 After date filtering: (76, 19)", "correlation_id": "-", "session_id": "-", "timestamp": "2025-08-11T20:43:33.829663+00:00"}
{"asctime": "2025-08-11 22:43:33,830", "levelname": "INFO", "name": "AresTradingSystem.System.UnifiedDataLoader", "message": "   📊 Total rows so far: 76", "correlation_id": "-", "session_id": "-", "timestamp": "2025-08-11T20:43:33.831001+00:00"}
{"asctime": "2025-08-11 22:43:35,210", "levelname": "INFO", "name": "AresTradingSystem.System.UnifiedDataLoader", "message": "   📄 Processing file 10/179: part-0.parquet", "correlation_id": "-", "session_id": "-", "timestamp": "2025-08-11T20:43:35.210526+00:00"}
{"asctime": "2025-08-11 22:43:35,215", "levelname": "INFO", "name": "AresTradingSystem.System.UnifiedDataLoader", "message": "   ✅ Loaded file 10: (1440, 19)", "correlation_id": "-", "session_id": "-", "timestamp": "2025-08-11T20:43:35.215973+00:00"}
{"asctime": "2025-08-11 22:43:35,217", "levelname": "INFO", "name": "AresTradingSystem.System.UnifiedDataLoader", "message": "   🔍 After date filtering: (1440, 19)", "correlation_id": "-", "session_id": "-", "timestamp": "2025-08-11T20:43:35.217199+00:00"}
{"asctime": "2025-08-11 22:43:35,225", "levelname": "INFO", "name": "AresTradingSystem.System.UnifiedDataLoader", "message": "   📊 Total rows so far: 13036", "correlation_id": "-", "session_id": "-", "timestamp": "2025-08-11T20:43:35.225942+00:00"}
{"asctime": "2025-08-11 22:43:36,806", "levelname": "INFO", "name": "AresTradingSystem.System.UnifiedDataLoader", "message": "   📄 Processing file 20/179: part-0.parquet", "correlation_id": "-", "session_id": "-", "timestamp": "2025-08-11T20:43:36.806210+00:00"}
{"asctime": "2025-08-11 22:43:36,811", "levelname": "INFO", "name": "AresTradingSystem.System.UnifiedDataLoader", "message": "   ✅ Loaded file 20: (1440, 19)", "correlation_id": "-", "session_id": "-", "timestamp": "2025-08-11T20:43:36.811341+00:00"}
{"asctime": "2025-08-11 22:43:36,812", "levelname": "INFO", "name": "AresTradingSystem.System.UnifiedDataLoader", "message": "   🔍 After date filtering: (1440, 19)", "correlation_id": "-", "session_id": "-", "timestamp": "2025-08-11T20:43:36.812386+00:00"}
{"asctime": "2025-08-11 22:43:36,820", "levelname": "INFO", "name": "AresTradingSystem.System.UnifiedDataLoader", "message": "   📊 Total rows so far: 27436", "correlation_id": "-", "session_id": "-", "timestamp": "2025-08-11T20:43:36.820192+00:00"}
{"asctime": "2025-08-11 22:43:38,485", "levelname": "INFO", "name": "AresTradingSystem.System.UnifiedDataLoader", "message": "   📄 Processing file 30/179: part-0.parquet", "correlation_id": "-", "session_id": "-", "timestamp": "2025-08-11T20:43:38.485130+00:00"}
{"asctime": "2025-08-11 22:43:38,491", "levelname": "INFO", "name": "AresTradingSystem.System.UnifiedDataLoader", "message": "   ✅ Loaded file 30: (1440, 19)", "correlation_id": "-", "session_id": "-", "timestamp": "2025-08-11T20:43:38.491148+00:00"}
{"asctime": "2025-08-11 22:43:38,492", "levelname": "INFO", "name": "AresTradingSystem.System.UnifiedDataLoader", "message": "   🔍 After date filtering: (1440, 19)", "correlation_id": "-", "session_id": "-", "timestamp": "2025-08-11T20:43:38.492342+00:00"}
{"asctime": "2025-08-11 22:43:38,500", "levelname": "INFO", "name": "AresTradingSystem.System.UnifiedDataLoader", "message": "   📊 Total rows so far: 41836", "correlation_id": "-", "session_id": "-", "timestamp": "2025-08-11T20:43:38.500153+00:00"}
{"asctime": "2025-08-11 22:43:40,211", "levelname": "INFO", "name": "AresTradingSystem.System.UnifiedDataLoader", "message": "   📄 Processing file 40/179: part-0.parquet", "correlation_id": "-", "session_id": "-", "timestamp": "2025-08-11T20:43:40.211392+00:00"}
{"asctime": "2025-08-11 22:43:40,216", "levelname": "INFO", "name": "AresTradingSystem.System.UnifiedDataLoader", "message": "   ✅ Loaded file 40: (1440, 19)", "correlation_id": "-", "session_id": "-", "timestamp": "2025-08-11T20:43:40.216211+00:00"}
{"asctime": "2025-08-11 22:43:40,217", "levelname": "INFO", "name": "AresTradingSystem.System.UnifiedDataLoader", "message": "   🔍 After date filtering: (1440, 19)", "correlation_id": "-", "session_id": "-", "timestamp": "2025-08-11T20:43:40.217397+00:00"}
{"asctime": "2025-08-11 22:43:40,225", "levelname": "INFO", "name": "AresTradingSystem.System.UnifiedDataLoader", "message": "   📊 Total rows so far: 56236", "correlation_id": "-", "session_id": "-", "timestamp": "2025-08-11T20:43:40.225507+00:00"}
{"asctime": "2025-08-11 22:43:41,998", "levelname": "INFO", "name": "AresTradingSystem.System.UnifiedDataLoader", "message": "   📄 Processing file 50/179: part-0.parquet", "correlation_id": "-", "session_id": "-", "timestamp": "2025-08-11T20:43:41.998189+00:00"}
{"asctime": "2025-08-11 22:43:42,003", "levelname": "INFO", "name": "AresTradingSystem.System.UnifiedDataLoader", "message": "   ✅ Loaded file 50: (1440, 19)", "correlation_id": "-", "session_id": "-", "timestamp": "2025-08-11T20:43:42.003965+00:00"}
{"asctime": "2025-08-11 22:43:42,005", "levelname": "INFO", "name": "AresTradingSystem.System.UnifiedDataLoader", "message": "   🔍 After date filtering: (1440, 19)", "correlation_id": "-", "session_id": "-", "timestamp": "2025-08-11T20:43:42.005481+00:00"}
{"asctime": "2025-08-11 22:43:42,013", "levelname": "INFO", "name": "AresTradingSystem.System.UnifiedDataLoader", "message": "   📊 Total rows so far: 70636", "correlation_id": "-", "session_id": "-", "timestamp": "2025-08-11T20:43:42.013402+00:00"}
{"asctime": "2025-08-11 22:43:43,858", "levelname": "INFO", "name": "AresTradingSystem.System.UnifiedDataLoader", "message": "   📄 Processing file 60/179: part-0.parquet", "correlation_id": "-", "session_id": "-", "timestamp": "2025-08-11T20:43:43.858582+00:00"}
{"asctime": "2025-08-11 22:43:43,863", "levelname": "INFO", "name": "AresTradingSystem.System.UnifiedDataLoader", "message": "   ✅ Loaded file 60: (1440, 19)", "correlation_id": "-", "session_id": "-", "timestamp": "2025-08-11T20:43:43.863528+00:00"}
{"asctime": "2025-08-11 22:43:43,864", "levelname": "INFO", "name": "AresTradingSystem.System.UnifiedDataLoader", "message": "   🔍 After date filtering: (1440, 19)", "correlation_id": "-", "session_id": "-", "timestamp": "2025-08-11T20:43:43.864641+00:00"}
{"asctime": "2025-08-11 22:43:43,872", "levelname": "INFO", "name": "AresTradingSystem.System.UnifiedDataLoader", "message": "   📊 Total rows so far: 85036", "correlation_id": "-", "session_id": "-", "timestamp": "2025-08-11T20:43:43.872876+00:00"}
{"asctime": "2025-08-11 22:43:48,482", "levelname": "INFO", "name": "AresTradingSystem.System.UnifiedDataLoader", "message": "   📄 Processing file 70/179: part-0.parquet", "correlation_id": "-", "session_id": "-", "timestamp": "2025-08-11T20:43:48.482872+00:00"}
{"asctime": "2025-08-11 22:43:48,495", "levelname": "INFO", "name": "AresTradingSystem.System.UnifiedDataLoader", "message": "   ✅ Loaded file 70: (1440, 19)", "correlation_id": "-", "session_id": "-", "timestamp": "2025-08-11T20:43:48.495326+00:00"}
{"asctime": "2025-08-11 22:43:48,498", "levelname": "INFO", "name": "AresTradingSystem.System.UnifiedDataLoader", "message": "   🔍 After date filtering: (1440, 19)", "correlation_id": "-", "session_id": "-", "timestamp": "2025-08-11T20:43:48.498705+00:00"}
{"asctime": "2025-08-11 22:43:48,517", "levelname": "INFO", "name": "AresTradingSystem.System.UnifiedDataLoader", "message": "   📊 Total rows so far: 99436", "correlation_id": "-", "session_id": "-", "timestamp": "2025-08-11T20:43:48.517639+00:00"}
{"asctime": "2025-08-11 22:43:51,736", "levelname": "INFO", "name": "AresTradingSystem.System.UnifiedDataLoader", "message": "   📄 Processing file 80/179: part-0.parquet", "correlation_id": "-", "session_id": "-", "timestamp": "2025-08-11T20:43:51.736287+00:00"}
{"asctime": "2025-08-11 22:43:51,745", "levelname": "INFO", "name": "AresTradingSystem.System.UnifiedDataLoader", "message": "   ✅ Loaded file 80: (1440, 19)", "correlation_id": "-", "session_id": "-", "timestamp": "2025-08-11T20:43:51.745189+00:00"}
{"asctime": "2025-08-11 22:43:51,747", "levelname": "INFO", "name": "AresTradingSystem.System.UnifiedDataLoader", "message": "   🔍 After date filtering: (1440, 19)", "correlation_id": "-", "session_id": "-", "timestamp": "2025-08-11T20:43:51.747213+00:00"}
{"asctime": "2025-08-11 22:43:51,762", "levelname": "INFO", "name": "AresTradingSystem.System.UnifiedDataLoader", "message": "   📊 Total rows so far: 113836", "correlation_id": "-", "session_id": "-", "timestamp": "2025-08-11T20:43:51.762916+00:00"}
{"asctime": "2025-08-11 22:43:53,840", "levelname": "INFO", "name": "AresTradingSystem.System.UnifiedDataLoader", "message": "   📄 Processing file 90/179: part-0.parquet", "correlation_id": "-", "session_id": "-", "timestamp": "2025-08-11T20:43:53.840824+00:00"}
{"asctime": "2025-08-11 22:43:53,846", "levelname": "INFO", "name": "AresTradingSystem.System.UnifiedDataLoader", "message": "   ✅ Loaded file 90: (1440, 19)", "correlation_id": "-", "session_id": "-", "timestamp": "2025-08-11T20:43:53.846405+00:00"}
{"asctime": "2025-08-11 22:43:53,847", "levelname": "INFO", "name": "AresTradingSystem.System.UnifiedDataLoader", "message": "   🔍 After date filtering: (1440, 19)", "correlation_id": "-", "session_id": "-", "timestamp": "2025-08-11T20:43:53.847516+00:00"}
{"asctime": "2025-08-11 22:43:53,855", "levelname": "INFO", "name": "AresTradingSystem.System.UnifiedDataLoader", "message": "   📊 Total rows so far: 128236", "correlation_id": "-", "session_id": "-", "timestamp": "2025-08-11T20:43:53.855266+00:00"}
{"asctime": "2025-08-11 22:43:55,982", "levelname": "INFO", "name": "AresTradingSystem.System.UnifiedDataLoader", "message": "   📄 Processing file 100/179: part-0.parquet", "correlation_id": "-", "session_id": "-", "timestamp": "2025-08-11T20:43:55.982162+00:00"}
{"asctime": "2025-08-11 22:43:55,987", "levelname": "INFO", "name": "AresTradingSystem.System.UnifiedDataLoader", "message": "   ✅ Loaded file 100: (1440, 19)", "correlation_id": "-", "session_id": "-", "timestamp": "2025-08-11T20:43:55.987362+00:00"}
{"asctime": "2025-08-11 22:43:55,988", "levelname": "INFO", "name": "AresTradingSystem.System.UnifiedDataLoader", "message": "   🔍 After date filtering: (1440, 19)", "correlation_id": "-", "session_id": "-", "timestamp": "2025-08-11T20:43:55.988873+00:00"}
{"asctime": "2025-08-11 22:43:55,996", "levelname": "INFO", "name": "AresTradingSystem.System.UnifiedDataLoader", "message": "   📊 Total rows so far: 142636", "correlation_id": "-", "session_id": "-", "timestamp": "2025-08-11T20:43:55.996999+00:00"}
{"asctime": "2025-08-11 22:43:58,391", "levelname": "INFO", "name": "AresTradingSystem.System.UnifiedDataLoader", "message": "   📄 Processing file 110/179: part-0.parquet", "correlation_id": "-", "session_id": "-", "timestamp": "2025-08-11T20:43:58.391842+00:00"}
{"asctime": "2025-08-11 22:43:58,397", "levelname": "INFO", "name": "AresTradingSystem.System.UnifiedDataLoader", "message": "   ✅ Loaded file 110: (1440, 19)", "correlation_id": "-", "session_id": "-", "timestamp": "2025-08-11T20:43:58.397518+00:00"}
{"asctime": "2025-08-11 22:43:58,398", "levelname": "INFO", "name": "AresTradingSystem.System.UnifiedDataLoader", "message": "   🔍 After date filtering: (1440, 19)", "correlation_id": "-", "session_id": "-", "timestamp": "2025-08-11T20:43:58.398930+00:00"}
{"asctime": "2025-08-11 22:43:58,406", "levelname": "INFO", "name": "AresTradingSystem.System.UnifiedDataLoader", "message": "   📊 Total rows so far: 157036", "correlation_id": "-", "session_id": "-", "timestamp": "2025-08-11T20:43:58.406987+00:00"}
{"asctime": "2025-08-11 22:44:00,602", "levelname": "INFO", "name": "AresTradingSystem.System.UnifiedDataLoader", "message": "   📄 Processing file 120/179: part-0.parquet", "correlation_id": "-", "session_id": "-", "timestamp": "2025-08-11T20:44:00.602977+00:00"}
{"asctime": "2025-08-11 22:44:00,607", "levelname": "INFO", "name": "AresTradingSystem.System.UnifiedDataLoader", "message": "   ✅ Loaded file 120: (1440, 19)", "correlation_id": "-", "session_id": "-", "timestamp": "2025-08-11T20:44:00.607910+00:00"}
{"asctime": "2025-08-11 22:44:00,609", "levelname": "INFO", "name": "AresTradingSystem.System.UnifiedDataLoader", "message": "   🔍 After date filtering: (1440, 19)", "correlation_id": "-", "session_id": "-", "timestamp": "2025-08-11T20:44:00.609141+00:00"}
{"asctime": "2025-08-11 22:44:00,616", "levelname": "INFO", "name": "AresTradingSystem.System.UnifiedDataLoader", "message": "   📊 Total rows so far: 171436", "correlation_id": "-", "session_id": "-", "timestamp": "2025-08-11T20:44:00.616977+00:00"}
{"asctime": "2025-08-11 22:44:05,264", "levelname": "INFO", "name": "AresTradingSystem.System.UnifiedDataLoader", "message": "   📄 Processing file 130/179: part-0.parquet", "correlation_id": "-", "session_id": "-", "timestamp": "2025-08-11T20:44:05.264232+00:00"}
{"asctime": "2025-08-11 22:44:05,272", "levelname": "INFO", "name": "AresTradingSystem.System.UnifiedDataLoader", "message": "   ✅ Loaded file 130: (1440, 19)", "correlation_id": "-", "session_id": "-", "timestamp": "2025-08-11T20:44:05.272598+00:00"}
{"asctime": "2025-08-11 22:44:05,274", "levelname": "INFO", "name": "AresTradingSystem.System.UnifiedDataLoader", "message": "   🔍 After date filtering: (1440, 19)", "correlation_id": "-", "session_id": "-", "timestamp": "2025-08-11T20:44:05.274479+00:00"}
{"asctime": "2025-08-11 22:44:05,286", "levelname": "INFO", "name": "AresTradingSystem.System.UnifiedDataLoader", "message": "   📊 Total rows so far: 185836", "correlation_id": "-", "session_id": "-", "timestamp": "2025-08-11T20:44:05.286058+00:00"}
{"asctime": "2025-08-11 22:44:07,779", "levelname": "INFO", "name": "AresTradingSystem.System.UnifiedDataLoader", "message": "   📄 Processing file 140/179: part-0.parquet", "correlation_id": "-", "session_id": "-", "timestamp": "2025-08-11T20:44:07.779953+00:00"}
{"asctime": "2025-08-11 22:44:07,785", "levelname": "INFO", "name": "AresTradingSystem.System.UnifiedDataLoader", "message": "   ✅ Loaded file 140: (1440, 19)", "correlation_id": "-", "session_id": "-", "timestamp": "2025-08-11T20:44:07.785543+00:00"}
{"asctime": "2025-08-11 22:44:07,786", "levelname": "INFO", "name": "AresTradingSystem.System.UnifiedDataLoader", "message": "   🔍 After date filtering: (1440, 19)", "correlation_id": "-", "session_id": "-", "timestamp": "2025-08-11T20:44:07.786788+00:00"}
{"asctime": "2025-08-11 22:44:07,794", "levelname": "INFO", "name": "AresTradingSystem.System.UnifiedDataLoader", "message": "   📊 Total rows so far: 200236", "correlation_id": "-", "session_id": "-", "timestamp": "2025-08-11T20:44:07.794587+00:00"}
{"asctime": "2025-08-11 22:44:11,102", "levelname": "INFO", "name": "AresTradingSystem.System.UnifiedDataLoader", "message": "   📄 Processing file 150/179: part-0.parquet", "correlation_id": "-", "session_id": "-", "timestamp": "2025-08-11T20:44:11.102513+00:00"}
{"asctime": "2025-08-11 22:44:11,112", "levelname": "INFO", "name": "AresTradingSystem.System.UnifiedDataLoader", "message": "   ✅ Loaded file 150: (1440, 19)", "correlation_id": "-", "session_id": "-", "timestamp": "2025-08-11T20:44:11.112884+00:00"}
{"asctime": "2025-08-11 22:44:11,115", "levelname": "INFO", "name": "AresTradingSystem.System.UnifiedDataLoader", "message": "   🔍 After date filtering: (1440, 19)", "correlation_id": "-", "session_id": "-", "timestamp": "2025-08-11T20:44:11.115075+00:00"}
{"asctime": "2025-08-11 22:44:11,131", "levelname": "INFO", "name": "AresTradingSystem.System.UnifiedDataLoader", "message": "   📊 Total rows so far: 214636", "correlation_id": "-", "session_id": "-", "timestamp": "2025-08-11T20:44:11.131044+00:00"}
{"asctime": "2025-08-11 22:44:14,243", "levelname": "INFO", "name": "AresTradingSystem.System.UnifiedDataLoader", "message": "   📄 Processing file 160/179: part-0.parquet", "correlation_id": "-", "session_id": "-", "timestamp": "2025-08-11T20:44:14.243992+00:00"}
{"asctime": "2025-08-11 22:44:14,249", "levelname": "INFO", "name": "AresTradingSystem.System.UnifiedDataLoader", "message": "   ✅ Loaded file 160: (1440, 19)", "correlation_id": "-", "session_id": "-", "timestamp": "2025-08-11T20:44:14.249089+00:00"}
{"asctime": "2025-08-11 22:44:14,250", "levelname": "INFO", "name": "AresTradingSystem.System.UnifiedDataLoader", "message": "   🔍 After date filtering: (1440, 19)", "correlation_id": "-", "session_id": "-", "timestamp": "2025-08-11T20:44:14.250209+00:00"}
{"asctime": "2025-08-11 22:44:14,258", "levelname": "INFO", "name": "AresTradingSystem.System.UnifiedDataLoader", "message": "   📊 Total rows so far: 229036", "correlation_id": "-", "session_id": "-", "timestamp": "2025-08-11T20:44:14.258417+00:00"}
{"asctime": "2025-08-11 22:44:16,814", "levelname": "INFO", "name": "AresTradingSystem.System.UnifiedDataLoader", "message": "   📄 Processing file 170/179: part-0.parquet", "correlation_id": "-", "session_id": "-", "timestamp": "2025-08-11T20:44:16.814942+00:00"}
{"asctime": "2025-08-11 22:44:16,819", "levelname": "INFO", "name": "AresTradingSystem.System.UnifiedDataLoader", "message": "   ✅ Loaded file 170: (1440, 19)", "correlation_id": "-", "session_id": "-", "timestamp": "2025-08-11T20:44:16.819634+00:00"}
{"asctime": "2025-08-11 22:44:16,820", "levelname": "INFO", "name": "AresTradingSystem.System.UnifiedDataLoader", "message": "   🔍 After date filtering: (1440, 19)", "correlation_id": "-", "session_id": "-", "timestamp": "2025-08-11T20:44:16.821004+00:00"}
{"asctime": "2025-08-11 22:44:16,828", "levelname": "INFO", "name": "AresTradingSystem.System.UnifiedDataLoader", "message": "   📊 Total rows so far: 243436", "correlation_id": "-", "session_id": "-", "timestamp": "2025-08-11T20:44:16.828819+00:00"}
{"asctime": "2025-08-11 22:44:19,333", "levelname": "INFO", "name": "AresTradingSystem.System.UnifiedDataLoader", "message": "🔄 Converting 256026 records to DataFrame...", "correlation_id": "-", "session_id": "-", "timestamp": "2025-08-11T20:44:19.333210+00:00"}
{"asctime": "2025-08-11 22:44:20,481", "levelname": "INFO", "name": "AresTradingSystem.System.UnifiedDataLoader", "message": "✅ Memory-efficient loading completed: (256026, 19)", "correlation_id": "-", "session_id": "-", "timestamp": "2025-08-11T20:44:20.481144+00:00"}
{"asctime": "2025-08-11 22:44:20,482", "levelname": "INFO", "name": "AresTradingSystem.System", "message": "✅ Loaded unified data: 256026 rows", "correlation_id": "-", "session_id": "-", "timestamp": "2025-08-11T20:44:20.482509+00:00"}
{"asctime": "2025-08-11 22:44:20,482", "levelname": "INFO", "name": "AresTradingSystem.System", "message": "   Date range: 0 to 256025", "correlation_id": "-", "session_id": "-", "timestamp": "2025-08-11T20:44:20.482708+00:00"}
{"asctime": "2025-08-11 22:44:20,482", "levelname": "INFO", "name": "AresTradingSystem.System", "message": "   Has aggtrades data: False", "correlation_id": "-", "session_id": "-", "timestamp": "2025-08-11T20:44:20.482894+00:00"}
{"asctime": "2025-08-11 22:44:20,483", "levelname": "INFO", "name": "AresTradingSystem.System", "message": "   Has futures data: False", "correlation_id": "-", "session_id": "-", "timestamp": "2025-08-11T20:44:20.483007+00:00"}
{"asctime": "2025-08-11 22:44:20,483", "levelname": "INFO", "name": "AresTradingSystem.System", "message": "📁 Loading regime classification results from: data/training/BINANCE_ETHUSDT_regime_classification.parquet", "correlation_id": "-", "session_id": "-", "timestamp": "2025-08-11T20:44:20.483096+00:00"}
{"asctime": "2025-08-11 22:44:20,483", "levelname": "INFO", "name": "AresTradingSystem.System", "message": "   Trying direct pandas read...", "correlation_id": "-", "session_id": "-", "timestamp": "2025-08-11T20:44:20.483203+00:00"}
{"asctime": "2025-08-11 22:44:20,487", "levelname": "INFO", "name": "AresTradingSystem.System", "message": "   ✅ Successfully loaded with direct pandas read: (4268, 3)", "correlation_id": "-", "session_id": "-", "timestamp": "2025-08-11T20:44:20.487374+00:00"}
{"asctime": "2025-08-11 22:44:20,487", "levelname": "INFO", "name": "AresTradingSystem.System", "message": "✅ Loaded regime classification data: 4268 rows", "correlation_id": "-", "session_id": "-", "timestamp": "2025-08-11T20:44:20.487652+00:00"}
{"asctime": "2025-08-11 22:44:20,488", "levelname": "INFO", "name": "AresTradingSystem.System", "message": "   Regimes found: ['BULL', 'BEAR', 'SIDEWAYS']", "correlation_id": "-", "session_id": "-", "timestamp": "2025-08-11T20:44:20.488633+00:00"}
{"asctime": "2025-08-11 22:44:20,686", "levelname": "INFO", "name": "AresTradingSystem.System", "message": "✅ Successfully split data by regimes: 3 regimes", "correlation_id": "-", "session_id": "-", "timestamp": "2025-08-11T20:44:20.686265+00:00"}
{"asctime": "2025-08-11 22:44:20,700", "levelname": "INFO", "name": "AresTradingSystem.System", "message": "✅ Saved BULL regime data: 856 rows -> data/training/regime_data/BULL.parquet", "correlation_id": "-", "session_id": "-", "timestamp": "2025-08-11T20:44:20.700819+00:00"}
{"asctime": "2025-08-11 22:44:20,915", "levelname": "INFO", "name": "AresTradingSystem.System", "message": "✅ Saved BEAR regime data: 179570 rows -> data/training/regime_data/BEAR.parquet", "correlation_id": "-", "session_id": "-", "timestamp": "2025-08-11T20:44:20.915152+00:00"}
{"asctime": "2025-08-11 22:44:21,008", "levelname": "INFO", "name": "AresTradingSystem.System", "message": "✅ Saved SIDEWAYS regime data: 75600 rows -> data/training/regime_data/SIDEWAYS.parquet", "correlation_id": "-", "session_id": "-", "timestamp": "2025-08-11T20:44:21.008742+00:00"}
{"asctime": "2025-08-11 22:44:21,396", "levelname": "INFO", "name": "AresTradingSystem.System", "message": "✅ Created train/validation/test splits:", "correlation_id": "-", "session_id": "-", "timestamp": "2025-08-11T20:44:21.396642+00:00"}
{"asctime": "2025-08-11 22:44:21,396", "levelname": "INFO", "name": "AresTradingSystem.System", "message": "   Train: 179218 rows -> data/training/BINANCE_ETHUSDT_train_data.parquet", "correlation_id": "-", "session_id": "-", "timestamp": "2025-08-11T20:44:21.396880+00:00"}
{"asctime": "2025-08-11 22:44:21,396", "levelname": "INFO", "name": "AresTradingSystem.System", "message": "   Validation: 38404 rows -> data/training/BINANCE_ETHUSDT_validation_data.parquet", "correlation_id": "-", "session_id": "-", "timestamp": "2025-08-11T20:44:21.396984+00:00"}
{"asctime": "2025-08-11 22:44:21,397", "levelname": "INFO", "name": "AresTradingSystem.System", "message": "   Test: 38404 rows -> data/training/BINANCE_ETHUSDT_test_data.parquet", "correlation_id": "-", "session_id": "-", "timestamp": "2025-08-11T20:44:21.397080+00:00"}
{"asctime": "2025-08-11 22:44:21,403", "levelname": "INFO", "name": "AresTradingSystem.System", "message": "📊 Regime Data Splitting Results:", "correlation_id": "-", "session_id": "-", "timestamp": "2025-08-11T20:44:21.403181+00:00"}
{"asctime": "2025-08-11 22:44:21,403", "levelname": "INFO", "name": "AresTradingSystem.System", "message": "   BULL: 856 rows (0.3%)", "correlation_id": "-", "session_id": "-", "timestamp": "2025-08-11T20:44:21.403437+00:00"}
{"asctime": "2025-08-11 22:44:21,403", "levelname": "INFO", "name": "AresTradingSystem.System", "message": "   BEAR: 179570 rows (70.1%)", "correlation_id": "-", "session_id": "-", "timestamp": "2025-08-11T20:44:21.403546+00:00"}
{"asctime": "2025-08-11 22:44:21,403", "levelname": "INFO", "name": "AresTradingSystem.System", "message": "   SIDEWAYS: 75600 rows (29.5%)", "correlation_id": "-", "session_id": "-", "timestamp": "2025-08-11T20:44:21.403694+00:00"}
{"asctime": "2025-08-11 22:44:21,403", "levelname": "INFO", "name": "AresTradingSystem.System", "message": "✅ Regime data splitting completed successfully", "correlation_id": "-", "session_id": "-", "timestamp": "2025-08-11T20:44:21.403785+00:00"}
{"asctime": "2025-08-11 22:44:22,002", "levelname": "INFO", "name": "AresTradingSystem.System.AnalystLabelingFeatureEngineeringStep", "message": "Initializing Analyst Labeling and Feature Engineering Step...", "correlation_id": "-", "session_id": "-", "timestamp": "2025-08-11T20:44:22.002647+00:00"}
{"asctime": "2025-08-11 22:44:22,073", "levelname": "INFO", "name": "AresTradingSystem.System.VectorizedLabellingOrchestrator", "message": "🚀 Initializing vectorized labeling orchestrator...", "correlation_id": "-", "session_id": "-", "timestamp": "2025-08-11T20:44:22.073246+00:00"}
{"asctime": "2025-08-11 22:44:22,107", "levelname": "INFO", "name": "AresTradingSystem.System.VectorizedAdvancedFeatureEngineering", "message": "🚀 Initializing vectorized advanced feature engineering...", "correlation_id": "-", "session_id": "-", "timestamp": "2025-08-11T20:44:22.107548+00:00"}
{"asctime": "2025-08-11 22:44:22,107", "levelname": "INFO", "name": "AresTradingSystem.System.WaveletFeatureCache", "message": "✅ Cache directory initialized: data/wavelet_cache", "correlation_id": "-", "session_id": "-", "timestamp": "2025-08-11T20:44:22.107946+00:00"}
{"asctime": "2025-08-11 22:44:22,108", "levelname": "INFO", "name": "AresTradingSystem.System.VectorizedVolatilityRegimeModel", "message": "🚀 Initializing vectorized volatility regime model...", "correlation_id": "-", "session_id": "-", "timestamp": "2025-08-11T20:44:22.108074+00:00"}
{"asctime": "2025-08-11 22:44:22,108", "levelname": "INFO", "name": "AresTradingSystem.System.VectorizedVolatilityRegimeModel", "message": "✅ Vectorized volatility regime model initialized successfully", "correlation_id": "-", "session_id": "-", "timestamp": "2025-08-11T20:44:22.108179+00:00"}
{"asctime": "2025-08-11 22:44:22,108", "levelname": "INFO", "name": "AresTradingSystem.System.VectorizedCorrelationAnalyzer", "message": "🚀 Initializing vectorized correlation analyzer...", "correlation_id": "-", "session_id": "-", "timestamp": "2025-08-11T20:44:22.108280+00:00"}
{"asctime": "2025-08-11 22:44:22,108", "levelname": "INFO", "name": "AresTradingSystem.System.VectorizedCorrelationAnalyzer", "message": "✅ Vectorized correlation analyzer initialized successfully", "correlation_id": "-", "session_id": "-", "timestamp": "2025-08-11T20:44:22.108379+00:00"}
{"asctime": "2025-08-11 22:44:22,108", "levelname": "INFO", "name": "AresTradingSystem.System.VectorizedMomentumAnalyzer", "message": "🚀 Initializing vectorized momentum analyzer...", "correlation_id": "-", "session_id": "-", "timestamp": "2025-08-11T20:44:22.108470+00:00"}
{"asctime": "2025-08-11 22:44:22,108", "levelname": "INFO", "name": "AresTradingSystem.System.VectorizedMomentumAnalyzer", "message": "✅ Vectorized momentum analyzer initialized successfully", "correlation_id": "-", "session_id": "-", "timestamp": "2025-08-11T20:44:22.108554+00:00"}
{"asctime": "2025-08-11 22:44:22,108", "levelname": "INFO", "name": "AresTradingSystem.System.VectorizedLiquidityAnalyzer", "message": "🚀 Initializing vectorized liquidity analyzer...", "correlation_id": "-", "session_id": "-", "timestamp": "2025-08-11T20:44:22.108641+00:00"}
{"asctime": "2025-08-11 22:44:22,108", "levelname": "INFO", "name": "AresTradingSystem.System.VectorizedLiquidityAnalyzer", "message": "✅ Vectorized liquidity analyzer initialized successfully", "correlation_id": "-", "session_id": "-", "timestamp": "2025-08-11T20:44:22.108723+00:00"}
{"asctime": "2025-08-11 22:44:22,108", "levelname": "INFO", "name": "AresTradingSystem.System.VectorizedCandlestickPatternAnalyzer", "message": "🚀 Initializing vectorized candlestick pattern analyzer...", "correlation_id": "-", "session_id": "-", "timestamp": "2025-08-11T20:44:22.108813+00:00"}
{"asctime": "2025-08-11 22:44:22,108", "levelname": "INFO", "name": "AresTradingSystem.System.VectorizedCandlestickPatternAnalyzer", "message": "✅ Vectorized candlestick pattern analyzer initialized successfully", "correlation_id": "-", "session_id": "-", "timestamp": "2025-08-11T20:44:22.108895+00:00"}
{"asctime": "2025-08-11 22:44:22,108", "levelname": "INFO", "name": "AresTradingSystem.System.VectorizedSRDistanceCalculator", "message": "🚀 Initializing vectorized S/R distance calculator...", "correlation_id": "-", "session_id": "-", "timestamp": "2025-08-11T20:44:22.108984+00:00"}
{"asctime": "2025-08-11 22:44:22,109", "levelname": "INFO", "name": "AresTradingSystem.System.VectorizedSRDistanceCalculator", "message": "✅ Vectorized S/R distance calculator initialized successfully", "correlation_id": "-", "session_id": "-", "timestamp": "2025-08-11T20:44:22.109064+00:00"}
{"asctime": "2025-08-11 22:44:22,109", "levelname": "INFO", "name": "AresTradingSystem.System.VectorizedWaveletTransformAnalyzer", "message": "🚀 Initializing enhanced vectorized wavelet transform analyzer...", "correlation_id": "-", "session_id": "-", "timestamp": "2025-08-11T20:44:22.109160+00:00"}
{"asctime": "2025-08-11 22:44:22,109", "levelname": "INFO", "name": "AresTradingSystem.System.VectorizedWaveletTransformAnalyzer", "message": "✅ Enhanced vectorized wavelet transform analyzer initialized successfully", "correlation_id": "-", "session_id": "-", "timestamp": "2025-08-11T20:44:22.109248+00:00"}
{"asctime": "2025-08-11 22:44:22,109", "levelname": "INFO", "name": "AresTradingSystem.System.VectorizedWaveletTransformAnalyzer", "message": "📊 Configuration: padding_mode=symmetric, cwt_scale_method=logarithmic, max_features_per_wavelet=80", "correlation_id": "-", "session_id": "-", "timestamp": "2025-08-11T20:44:22.109332+00:00"}
{"asctime": "2025-08-11 22:44:22,110", "levelname": "INFO", "name": "AresTradingSystem.System.MetaLabelingSystem", "message": "🚀 Initializing meta-labeling system...", "correlation_id": "-", "session_id": "-", "timestamp": "2025-08-11T20:44:22.110279+00:00"}
{"asctime": "2025-08-11 22:44:22,110", "levelname": "INFO", "name": "AresTradingSystem.System.MetaLabelingSystem", "message": "✅ Meta-labeling system initialized successfully", "correlation_id": "-", "session_id": "-", "timestamp": "2025-08-11T20:44:22.110451+00:00"}
{"asctime": "2025-08-11 22:44:22,110", "levelname": "INFO", "name": "AresTradingSystem.System.VectorizedAdvancedFeatureEngineering", "message": "✅ Vectorized advanced feature engineering initialized successfully", "correlation_id": "-", "session_id": "-", "timestamp": "2025-08-11T20:44:22.110578+00:00"}
