{"asctime": "2025-08-10 16:04:53,458", "levelname": "INFO", "name": "AresGlobal", "message": "================================================================================", "correlation_id": "-", "session_id": "-", "timestamp": "2025-08-10T14:04:53.458403+00:00"}
{"asctime": "2025-08-10 16:04:53,458", "levelname": "INFO", "name": "AresGlobal", "message": "📊 SESSION SUMMARY", "correlation_id": "-", "session_id": "-", "timestamp": "2025-08-10T14:04:53.458486+00:00"}
{"asctime": "2025-08-10 16:04:53,458", "levelname": "INFO", "name": "AresGlobal", "message": "Session started: 2025-08-10 16:04:53", "correlation_id": "-", "session_id": "-", "timestamp": "2025-08-10T14:04:53.458565+00:00"}
{"asctime": "2025-08-10 16:04:53,458", "levelname": "INFO", "name": "AresGlobal", "message": "This file contains ALL logs for this session", "correlation_id": "-", "session_id": "-", "timestamp": "2025-08-10T14:04:53.458690+00:00"}
{"asctime": "2025-08-10 16:04:53,458", "levelname": "INFO", "name": "AresGlobal", "message": "================================================================================", "correlation_id": "-", "session_id": "-", "timestamp": "2025-08-10T14:04:53.458874+00:00"}
{"asctime": "2025-08-10 16:04:53,459", "levelname": "INFO", "name": "AresGlobal", "message": "Applied NumPy RNG unpickle compatibility shim (ModelManager)", "correlation_id": "-", "session_id": "-", "timestamp": "2025-08-10T14:04:53.459693+00:00"}
{"asctime": "2025-08-10 16:04:53,459", "levelname": "INFO", "name": "AresGlobal", "message": "[SYSTEM] ================================================================================", "correlation_id": "-", "session_id": "-", "timestamp": "2025-08-10T14:04:53.459913+00:00"}
{"asctime": "2025-08-10 16:04:53,460", "levelname": "INFO", "name": "AresGlobal", "message": "[SYSTEM] 🚀 ARES LAUNCHER STARTED - Mode: INITIALIZATION", "correlation_id": "-", "session_id": "-", "timestamp": "2025-08-10T14:04:53.460169+00:00"}
{"asctime": "2025-08-10 16:04:53,460", "levelname": "INFO", "name": "AresGlobal", "message": "[SYSTEM] Start time: 2025-08-10 16:04:53", "correlation_id": "-", "session_id": "-", "timestamp": "2025-08-10T14:04:53.460312+00:00"}
{"asctime": "2025-08-10 16:04:53,460", "levelname": "INFO", "name": "AresGlobal", "message": "[SYSTEM] Log directory: log", "correlation_id": "-", "session_id": "-", "timestamp": "2025-08-10T14:04:53.460441+00:00"}
{"asctime": "2025-08-10 16:04:53,460", "levelname": "INFO", "name": "AresGlobal", "message": "[SYSTEM] ================================================================================", "correlation_id": "-", "session_id": "-", "timestamp": "2025-08-10T14:04:53.460549+00:00"}
{"asctime": "2025-08-10 16:04:53,460", "levelname": "INFO", "name": "AresGlobal.AresLauncher", "message": "================================================================================", "correlation_id": "-", "session_id": "-", "timestamp": "2025-08-10T14:04:53.460611+00:00"}
{"asctime": "2025-08-10 16:04:53,460", "levelname": "INFO", "name": "AresGlobal.AresLauncher", "message": "🚀 ARES COMPREHENSIVE LAUNCHER", "correlation_id": "-", "session_id": "-", "timestamp": "2025-08-10T14:04:53.460671+00:00"}
{"asctime": "2025-08-10 16:04:53,460", "levelname": "INFO", "name": "AresGlobal.AresLauncher", "message": "================================================================================", "correlation_id": "-", "session_id": "-", "timestamp": "2025-08-10T14:04:53.460731+00:00"}
{"asctime": "2025-08-10 16:04:53,460", "levelname": "INFO", "name": "AresGlobal.AresLauncher", "message": "Start time: 2025-08-10 16:04:53", "correlation_id": "-", "session_id": "-", "timestamp": "2025-08-10T14:04:53.460792+00:00"}
{"asctime": "2025-08-10 16:04:53,460", "levelname": "INFO", "name": "AresGlobal.AresLauncher", "message": "Log directory: log", "correlation_id": "-", "session_id": "-", "timestamp": "2025-08-10T14:04:53.460849+00:00"}
{"asctime": "2025-08-10 16:04:53,460", "levelname": "INFO", "name": "AresGlobal.AresLauncher", "message": "Log level: INFO", "correlation_id": "-", "session_id": "-", "timestamp": "2025-08-10T14:04:53.460905+00:00"}
{"asctime": "2025-08-10 16:04:53,460", "levelname": "INFO", "name": "AresGlobal.AresLauncher", "message": "Global log file: ares_global_20250810_160453.log", "correlation_id": "-", "session_id": "-", "timestamp": "2025-08-10T14:04:53.460976+00:00"}
{"asctime": "2025-08-10 16:04:53,461", "levelname": "INFO", "name": "AresGlobal.AresLauncher", "message": "================================================================================", "correlation_id": "-", "session_id": "-", "timestamp": "2025-08-10T14:04:53.461030+00:00"}
{"asctime": "2025-08-10 16:04:53,461", "levelname": "INFO", "name": "AresGlobal", "message": "[SYSTEM] ================================================================================", "correlation_id": "2230e038-0505-472d-acc7-1491660e4d22", "session_id": "4f7f043a-d625-478d-a9b6-14c61518dcb1", "timestamp": "2025-08-10T14:04:53.461289+00:00"}
{"asctime": "2025-08-10 16:04:53,461", "levelname": "INFO", "name": "AresGlobal", "message": "[SYSTEM] 🚀 ARES LAUNCHER STARTED - Mode: blank - Symbol: ETHUSDT - Exchange: BINANCE", "correlation_id": "2230e038-0505-472d-acc7-1491660e4d22", "session_id": "4f7f043a-d625-478d-a9b6-14c61518dcb1", "timestamp": "2025-08-10T14:04:53.461405+00:00"}
{"asctime": "2025-08-10 16:04:53,461", "levelname": "INFO", "name": "AresGlobal", "message": "[SYSTEM] Start time: 2025-08-10 16:04:53", "correlation_id": "2230e038-0505-472d-acc7-1491660e4d22", "session_id": "4f7f043a-d625-478d-a9b6-14c61518dcb1", "timestamp": "2025-08-10T14:04:53.461515+00:00"}
{"asctime": "2025-08-10 16:04:53,461", "levelname": "INFO", "name": "AresGlobal", "message": "[SYSTEM] Log directory: log", "correlation_id": "2230e038-0505-472d-acc7-1491660e4d22", "session_id": "4f7f043a-d625-478d-a9b6-14c61518dcb1", "timestamp": "2025-08-10T14:04:53.461618+00:00"}
{"asctime": "2025-08-10 16:04:53,461", "levelname": "INFO", "name": "AresGlobal", "message": "[SYSTEM] ================================================================================", "correlation_id": "2230e038-0505-472d-acc7-1491660e4d22", "session_id": "4f7f043a-d625-478d-a9b6-14c61518dcb1", "timestamp": "2025-08-10T14:04:53.461718+00:00"}
{"asctime": "2025-08-10 16:04:53,461", "levelname": "INFO", "name": "AresGlobal.AresLauncher", "message": "🚀 Running enhanced 16-step training pipeline for ETHUSDT on BINANCE", "correlation_id": "2230e038-0505-472d-acc7-1491660e4d22", "session_id": "4f7f043a-d625-478d-a9b6-14c61518dcb1", "timestamp": "2025-08-10T14:04:53.461807+00:00"}
{"asctime": "2025-08-10 16:04:53,461", "levelname": "INFO", "name": "AresGlobal.AresLauncher", "message": "Starting from step: step3_regime_data_splitting", "correlation_id": "2230e038-0505-472d-acc7-1491660e4d22", "session_id": "4f7f043a-d625-478d-a9b6-14c61518dcb1", "timestamp": "2025-08-10T14:04:53.461871+00:00"}
{"asctime": "2025-08-10 16:04:53,461", "levelname": "INFO", "name": "AresGlobal.AresLauncher", "message": "🧪 BLANK TRAINING MODE: Set BLANK_TRAINING_MODE=1 for step-based training", "correlation_id": "2230e038-0505-472d-acc7-1491660e4d22", "session_id": "4f7f043a-d625-478d-a9b6-14c61518dcb1", "timestamp": "2025-08-10T14:04:53.461938+00:00"}
{"asctime": "2025-08-10 16:04:53,462", "levelname": "INFO", "name": "AresGlobal.ProgressManager", "message": "Initialized ProgressManager for ETHUSDT on BINANCE", "correlation_id": "2230e038-0505-472d-acc7-1491660e4d22", "session_id": "4f7f043a-d625-478d-a9b6-14c61518dcb1", "timestamp": "2025-08-10T14:04:53.462865+00:00"}
{"asctime": "2025-08-10 16:04:53,462", "levelname": "INFO", "name": "AresGlobal.ProgressManager", "message": "Progress directory: data/training/progress/BINANCE_ETHUSDT", "correlation_id": "2230e038-0505-472d-acc7-1491660e4d22", "session_id": "4f7f043a-d625-478d-a9b6-14c61518dcb1", "timestamp": "2025-08-10T14:04:53.462990+00:00"}
{"asctime": "2025-08-10 16:04:53,463", "levelname": "INFO", "name": "AresGlobal.StepOrchestrator", "message": "Initialized StepOrchestrator for ETHUSDT on BINANCE", "correlation_id": "2230e038-0505-472d-acc7-1491660e4d22", "session_id": "4f7f043a-d625-478d-a9b6-14c61518dcb1", "timestamp": "2025-08-10T14:04:53.463051+00:00"}
{"asctime": "2025-08-10 16:04:53,463", "levelname": "INFO", "name": "AresGlobal.StepOrchestrator", "message": "🚀 Starting execution from step: step3_regime_data_splitting", "correlation_id": "2230e038-0505-472d-acc7-1491660e4d22", "session_id": "4f7f043a-d625-478d-a9b6-14c61518dcb1", "timestamp": "2025-08-10T14:04:53.463328+00:00"}
{"asctime": "2025-08-10 16:04:55,733", "levelname": "INFO", "name": "AresGlobal.EnhancedTrainingManagerOptimized", "message": "Loaded optimization configuration", "correlation_id": "2230e038-0505-472d-acc7-1491660e4d22", "session_id": "4f7f043a-d625-478d-a9b6-14c61518dcb1", "timestamp": "2025-08-10T14:04:55.733641+00:00"}
{"asctime": "2025-08-10 16:04:55,736", "levelname": "INFO", "name": "AresGlobal.StepOrchestrator", "message": "✅ Enhanced training manager setup successfully", "correlation_id": "2230e038-0505-472d-acc7-1491660e4d22", "session_id": "4f7f043a-d625-478d-a9b6-14c61518dcb1", "timestamp": "2025-08-10T14:04:55.736675+00:00"}
{"asctime": "2025-08-10 16:04:55,737", "levelname": "INFO", "name": "AresGlobal.EnhancedTrainingManagerOptimized", "message": "🚀 Initializing Enhanced Training Manager with Optimizations...", "correlation_id": "2230e038-0505-472d-acc7-1491660e4d22", "session_id": "4f7f043a-d625-478d-a9b6-14c61518dcb1", "timestamp": "2025-08-10T14:04:55.737415+00:00"}
{"asctime": "2025-08-10 16:04:55,745", "levelname": "INFO", "name": "AresGlobal.EnhancedTrainingManagerOptimized", "message": "✅ Parallel backtester initialized with 8 workers", "correlation_id": "2230e038-0505-472d-acc7-1491660e4d22", "session_id": "4f7f043a-d625-478d-a9b6-14c61518dcb1", "timestamp": "2025-08-10T14:04:55.745589+00:00"}
{"asctime": "2025-08-10 16:04:55,746", "levelname": "INFO", "name": "AresGlobal.EnhancedTrainingManagerOptimized", "message": "✅ All optimization components initialized successfully", "correlation_id": "2230e038-0505-472d-acc7-1491660e4d22", "session_id": "4f7f043a-d625-478d-a9b6-14c61518dcb1", "timestamp": "2025-08-10T14:04:55.746773+00:00"}
{"asctime": "2025-08-10 16:04:55,893", "levelname": "INFO", "name": "AresGlobal.StepOrchestrator", "message": "\u001b[91m\u001b[1m❌\u001b[0m \u001b[91m\u001b[1m❌ Enhanced 16-step training pipeline failed\u001b[0m", "correlation_id": "2230e038-0505-472d-acc7-1491660e4d22", "session_id": "4f7f043a-d625-478d-a9b6-14c61518dcb1", "timestamp": "2025-08-10T14:04:55.893571+00:00"}
{"asctime": "2025-08-10 16:04:55,893", "levelname": "INFO", "name": "AresGlobal.AresLauncher", "message": "\u001b[91m\u001b[1m❌\u001b[0m \u001b[91m\u001b[1m❌ Enhanced 16-step training pipeline failed\u001b[0m", "correlation_id": "2230e038-0505-472d-acc7-1491660e4d22", "session_id": "4f7f043a-d625-478d-a9b6-14c61518dcb1", "timestamp": "2025-08-10T14:04:55.894001+00:00"}
{"asctime": "2025-08-10 16:04:55,894", "levelname": "INFO", "name": "AresGlobal", "message": "[SYSTEM] ================================================================================", "correlation_id": "2230e038-0505-472d-acc7-1491660e4d22", "session_id": "4f7f043a-d625-478d-a9b6-14c61518dcb1", "timestamp": "2025-08-10T14:04:55.894290+00:00"}
{"asctime": "2025-08-10 16:04:55,894", "levelname": "INFO", "name": "AresGlobal", "message": "[SYSTEM] 🛑 ARES LAUNCHER ENDED - Exit code: 1", "correlation_id": "2230e038-0505-472d-acc7-1491660e4d22", "session_id": "4f7f043a-d625-478d-a9b6-14c61518dcb1", "timestamp": "2025-08-10T14:04:55.894414+00:00"}
{"asctime": "2025-08-10 16:04:55,894", "levelname": "INFO", "name": "AresGlobal", "message": "[SYSTEM] End time: 2025-08-10 16:04:55", "correlation_id": "2230e038-0505-472d-acc7-1491660e4d22", "session_id": "4f7f043a-d625-478d-a9b6-14c61518dcb1", "timestamp": "2025-08-10T14:04:55.894543+00:00"}
{"asctime": "2025-08-10 16:04:55,894", "levelname": "INFO", "name": "AresGlobal", "message": "[SYSTEM] ================================================================================", "correlation_id": "2230e038-0505-472d-acc7-1491660e4d22", "session_id": "4f7f043a-d625-478d-a9b6-14c61518dcb1", "timestamp": "2025-08-10T14:04:55.894660+00:00"}
{"asctime": "2025-08-10 16:04:55,894", "levelname": "INFO", "name": "AresGlobal.AresLauncher", "message": "🧹 Cleaning up processes...", "correlation_id": "2230e038-0505-472d-acc7-1491660e4d22", "session_id": "4f7f043a-d625-478d-a9b6-14c61518dcb1", "timestamp": "2025-08-10T14:04:55.894740+00:00"}
{"asctime": "2025-08-10 16:04:55,894", "levelname": "INFO", "name": "AresGlobal.AresLauncher", "message": "✅ Cleanup completed", "correlation_id": "2230e038-0505-472d-acc7-1491660e4d22", "session_id": "4f7f043a-d625-478d-a9b6-14c61518dcb1", "timestamp": "2025-08-10T14:04:55.894804+00:00"}
