{"asctime": "2025-08-10 11:00:28,955", "levelname": "INFO", "name": "AresTradingSystem", "message": "✅ Enhanced Logger initialization completed successfully", "correlation_id": "-", "session_id": "-", "timestamp": "2025-08-10T09:00:28.955320+00:00"}
{"asctime": "2025-08-10 11:00:28,962", "levelname": "INFO", "name": "AresTradingSystem.System", "message": "Environment configuration loaded successfully. Trading Environment: PAPER, Exchange: BINANCE", "correlation_id": "-", "session_id": "-", "timestamp": "2025-08-10T09:00:28.962790+00:00"}
{"asctime": "2025-08-10 11:00:29,432", "levelname": "INFO", "name": "AresTradingSystem.System.UnifiedDataConverter", "message": "🚀 Initializing Unified Data Converter...", "correlation_id": "-", "session_id": "-", "timestamp": "2025-08-10T09:00:29.432532+00:00"}
{"asctime": "2025-08-10 11:00:29,432", "levelname": "INFO", "name": "AresTradingSystem.System.UnifiedDataConverter", "message": "📁 Unified data directory: data_cache/unified", "correlation_id": "-", "session_id": "-", "timestamp": "2025-08-10T09:00:29.432714+00:00"}
{"asctime": "2025-08-10 11:00:29,432", "levelname": "INFO", "name": "AresTradingSystem.System.UnifiedDataConverter", "message": "📁 Backup directory: data_cache/backup_pre_unified", "correlation_id": "-", "session_id": "-", "timestamp": "2025-08-10T09:00:29.432786+00:00"}
{"asctime": "2025-08-10 11:00:29,432", "levelname": "INFO", "name": "AresTradingSystem.System.UnifiedDataConverter", "message": "================================================================================", "correlation_id": "-", "session_id": "-", "timestamp": "2025-08-10T09:00:29.432852+00:00"}
{"asctime": "2025-08-10 11:00:29,432", "levelname": "INFO", "name": "AresTradingSystem.System.UnifiedDataConverter", "message": "🔄 STEP 1.5: Unified Data Converter", "correlation_id": "-", "session_id": "-", "timestamp": "2025-08-10T09:00:29.432958+00:00"}
{"asctime": "2025-08-10 11:00:29,433", "levelname": "INFO", "name": "AresTradingSystem.System.UnifiedDataConverter", "message": "================================================================================", "correlation_id": "-", "session_id": "-", "timestamp": "2025-08-10T09:00:29.433046+00:00"}
{"asctime": "2025-08-10 11:00:29,433", "levelname": "INFO", "name": "AresTradingSystem.System.UnifiedDataConverter", "message": "🎯 Symbol: BTCUSDT", "correlation_id": "-", "session_id": "-", "timestamp": "2025-08-10T09:00:29.433111+00:00"}
{"asctime": "2025-08-10 11:00:29,433", "levelname": "INFO", "name": "AresTradingSystem.System.UnifiedDataConverter", "message": "🏢 Exchange: binance", "correlation_id": "-", "session_id": "-", "timestamp": "2025-08-10T09:00:29.433178+00:00"}
{"asctime": "2025-08-10 11:00:29,433", "levelname": "INFO", "name": "AresTradingSystem.System.UnifiedDataConverter", "message": "📊 Timeframe: 1m", "correlation_id": "-", "session_id": "-", "timestamp": "2025-08-10T09:00:29.433239+00:00"}
{"asctime": "2025-08-10 11:00:29,433", "levelname": "INFO", "name": "AresTradingSystem.System.UnifiedDataConverter", "message": "📁 Data directory: /var/folders/dr/hz7y0z9j0x39z7519pbshgqh0000gn/T/tmpihrgh223/data_cache", "correlation_id": "-", "session_id": "-", "timestamp": "2025-08-10T09:00:29.433312+00:00"}
{"asctime": "2025-08-10 11:00:29,433", "levelname": "INFO", "name": "AresTradingSystem.System.UnifiedDataConverter", "message": "📦 Backing up existing consolidated data...", "correlation_id": "-", "session_id": "-", "timestamp": "2025-08-10T09:00:29.433389+00:00"}
{"asctime": "2025-08-10 11:00:29,442", "levelname": "INFO", "name": "AresTradingSystem.System.UnifiedDataConverter", "message": "✅ Backup completed: 0 files backed up", "correlation_id": "-", "session_id": "-", "timestamp": "2025-08-10T09:00:29.442540+00:00"}
{"asctime": "2025-08-10 11:00:29,442", "levelname": "INFO", "name": "AresTradingSystem.System.UnifiedDataConverter", "message": "🔄 Converting existing consolidated data to unified format...", "correlation_id": "-", "session_id": "-", "timestamp": "2025-08-10T09:00:29.442931+00:00"}
{"asctime": "2025-08-10 11:00:29,443", "levelname": "WARNING", "name": "AresTradingSystem.System.UnifiedDataConverter", "message": "⚠️ No klines data found for binance_BTCUSDT_1m", "correlation_id": "-", "session_id": "-", "timestamp": "2025-08-10T09:00:29.443091+00:00"}
{"asctime": "2025-08-10 11:00:29,443", "levelname": "WARNING", "name": "AresTradingSystem.System.UnifiedDataConverter", "message": "⚠️ No aggtrades data found for binance_BTCUSDT", "correlation_id": "-", "session_id": "-", "timestamp": "2025-08-10T09:00:29.443198+00:00"}
{"asctime": "2025-08-10 11:00:29,443", "levelname": "WARNING", "name": "AresTradingSystem.System.UnifiedDataConverter", "message": "⚠️ No futures data found for binance_BTCUSDT", "correlation_id": "-", "session_id": "-", "timestamp": "2025-08-10T09:00:29.443268+00:00"}
{"asctime": "2025-08-10 11:00:29,443", "levelname": "ERROR", "name": "AresTradingSystem.System.UnifiedDataConverter", "message": "❌ No klines data found - cannot proceed with conversion", "correlation_id": "-", "session_id": "-", "timestamp": "2025-08-10T09:00:29.443331+00:00"}
{"asctime": "2025-08-10 11:00:29,443", "levelname": "ERROR", "name": "AresTradingSystem.System.UnifiedDataConverter", "message": "❌ Failed to convert existing data", "correlation_id": "-", "session_id": "-", "timestamp": "2025-08-10T09:00:29.443392+00:00"}
{"asctime": "2025-08-10 11:00:29,446", "levelname": "INFO", "name": "AresTradingSystem.System.UnifiedDataConverter", "message": "🚀 Initializing Unified Data Converter...", "correlation_id": "-", "session_id": "-", "timestamp": "2025-08-10T09:00:29.446223+00:00"}
{"asctime": "2025-08-10 11:00:29,446", "levelname": "INFO", "name": "AresTradingSystem.System.UnifiedDataConverter", "message": "📁 Unified data directory: data_cache/unified", "correlation_id": "-", "session_id": "-", "timestamp": "2025-08-10T09:00:29.446345+00:00"}
{"asctime": "2025-08-10 11:00:29,446", "levelname": "INFO", "name": "AresTradingSystem.System.UnifiedDataConverter", "message": "📁 Backup directory: data_cache/backup_pre_unified", "correlation_id": "-", "session_id": "-", "timestamp": "2025-08-10T09:00:29.446405+00:00"}
{"asctime": "2025-08-10 11:00:29,446", "levelname": "INFO", "name": "AresTradingSystem.System.UnifiedDataConverter", "message": "================================================================================", "correlation_id": "-", "session_id": "-", "timestamp": "2025-08-10T09:00:29.446476+00:00"}
{"asctime": "2025-08-10 11:00:29,446", "levelname": "INFO", "name": "AresTradingSystem.System.UnifiedDataConverter", "message": "🔄 STEP 1.5: Unified Data Converter", "correlation_id": "-", "session_id": "-", "timestamp": "2025-08-10T09:00:29.446528+00:00"}
{"asctime": "2025-08-10 11:00:29,446", "levelname": "INFO", "name": "AresTradingSystem.System.UnifiedDataConverter", "message": "================================================================================", "correlation_id": "-", "session_id": "-", "timestamp": "2025-08-10T09:00:29.446582+00:00"}
{"asctime": "2025-08-10 11:00:29,446", "levelname": "INFO", "name": "AresTradingSystem.System.UnifiedDataConverter", "message": "🎯 Symbol: BTCUSDT", "correlation_id": "-", "session_id": "-", "timestamp": "2025-08-10T09:00:29.446635+00:00"}
{"asctime": "2025-08-10 11:00:29,446", "levelname": "INFO", "name": "AresTradingSystem.System.UnifiedDataConverter", "message": "🏢 Exchange: binance", "correlation_id": "-", "session_id": "-", "timestamp": "2025-08-10T09:00:29.446691+00:00"}
{"asctime": "2025-08-10 11:00:29,446", "levelname": "INFO", "name": "AresTradingSystem.System.UnifiedDataConverter", "message": "📊 Timeframe: 1m", "correlation_id": "-", "session_id": "-", "timestamp": "2025-08-10T09:00:29.446746+00:00"}
{"asctime": "2025-08-10 11:00:29,446", "levelname": "INFO", "name": "AresTradingSystem.System.UnifiedDataConverter", "message": "📁 Data directory: /var/folders/dr/hz7y0z9j0x39z7519pbshgqh0000gn/T/tmp7_feu249/data_cache", "correlation_id": "-", "session_id": "-", "timestamp": "2025-08-10T09:00:29.446861+00:00"}
{"asctime": "2025-08-10 11:00:29,446", "levelname": "INFO", "name": "AresTradingSystem.System.UnifiedDataConverter", "message": "📦 Backing up existing consolidated data...", "correlation_id": "-", "session_id": "-", "timestamp": "2025-08-10T09:00:29.446970+00:00"}
{"asctime": "2025-08-10 11:00:29,457", "levelname": "INFO", "name": "AresTradingSystem.System.UnifiedDataConverter", "message": "✅ Backup completed: 0 files backed up", "correlation_id": "-", "session_id": "-", "timestamp": "2025-08-10T09:00:29.457862+00:00"}
{"asctime": "2025-08-10 11:00:29,458", "levelname": "INFO", "name": "AresTradingSystem.System.UnifiedDataConverter", "message": "🔄 Converting existing consolidated data to unified format...", "correlation_id": "-", "session_id": "-", "timestamp": "2025-08-10T09:00:29.458188+00:00"}
{"asctime": "2025-08-10 11:00:29,458", "levelname": "WARNING", "name": "AresTradingSystem.System.UnifiedDataConverter", "message": "⚠️ No klines data found for binance_BTCUSDT_1m", "correlation_id": "-", "session_id": "-", "timestamp": "2025-08-10T09:00:29.458299+00:00"}
{"asctime": "2025-08-10 11:00:29,458", "levelname": "WARNING", "name": "AresTradingSystem.System.UnifiedDataConverter", "message": "⚠️ No aggtrades data found for binance_BTCUSDT", "correlation_id": "-", "session_id": "-", "timestamp": "2025-08-10T09:00:29.458381+00:00"}
{"asctime": "2025-08-10 11:00:29,458", "levelname": "WARNING", "name": "AresTradingSystem.System.UnifiedDataConverter", "message": "⚠️ No futures data found for binance_BTCUSDT", "correlation_id": "-", "session_id": "-", "timestamp": "2025-08-10T09:00:29.458575+00:00"}
{"asctime": "2025-08-10 11:00:29,458", "levelname": "ERROR", "name": "AresTradingSystem.System.UnifiedDataConverter", "message": "❌ No klines data found - cannot proceed with conversion", "correlation_id": "-", "session_id": "-", "timestamp": "2025-08-10T09:00:29.458813+00:00"}
{"asctime": "2025-08-10 11:00:29,458", "levelname": "ERROR", "name": "AresTradingSystem.System.UnifiedDataConverter", "message": "❌ Failed to convert existing data", "correlation_id": "-", "session_id": "-", "timestamp": "2025-08-10T09:00:29.458902+00:00"}
