2025-08-06 22:41:23,295 - AresTradingSystem - INFO - ✅ Enhanced Logger initialization completed successfully
2025-08-06 22:44:23,665 - AresTradingSystem.System - INFO - Initializing Market Regime Classification Step...
2025-08-06 22:44:23,665 - AresTradingSystem.System - INFO - Market Regime Classification Step initialized successfully
2025-08-06 22:44:23,665 - AresTradingSystem.System - INFO - 🔄 Executing Market Regime Classification...
2025-08-06 22:44:23,665 - AresTradingSystem.System.UnifiedRegimeClassifier - INFO - Initializing UnifiedRegimeClassifier...
2025-08-06 22:44:23,665 - AresTradingSystem.System.UnifiedRegimeClassifier - INFO - 📄 No HMM model found at: checkpoints/analyst_models/unified_hmm_model_BINANCE_ETHUSDT_1h.joblib
2025-08-06 22:44:23,665 - AresTradingSystem.System.UnifiedRegimeClassifier - INFO - 📄 No ensemble model found at: checkpoints/analyst_models/unified_ensemble_model_BINANCE_ETHUSDT_1h.joblib
2025-08-06 22:44:23,665 - AresTradingSystem.System.UnifiedRegimeClassifier - INFO - 📄 No location model found at: checkpoints/analyst_models/unified_location_model_BINANCE_ETHUSDT_1h.joblib
2025-08-06 22:44:23,665 - AresTradingSystem.System.UnifiedRegimeClassifier - INFO - ✅ UnifiedRegimeClassifier initialized successfully
2025-08-06 22:44:23,667 - AresTradingSystem.System - INFO - Loaded historical data: 4 records
2025-08-06 22:44:23,667 - AresTradingSystem.System - INFO - Extracted klines data: 60405 rows
2025-08-06 22:44:23,667 - AresTradingSystem.System - INFO - Classifying market regimes for ETHUSDT on BINANCE...
2025-08-06 22:44:23,668 - AresTradingSystem.System - INFO - Converted timestamp index to column for regime classification
2025-08-06 22:44:23,668 - AresTradingSystem.System - INFO - Current data columns: ['timestamp', 'open', 'high', 'low', 'close', 'volume']
2025-08-06 22:44:23,670 - AresTradingSystem.System.UnifiedRegimeClassifier - INFO - Classifying market regimes using 1h timeframe...
2025-08-06 22:44:23,670 - AresTradingSystem.System.UnifiedRegimeClassifier - INFO - 📊 Input data shape: (60405, 6)
2025-08-06 22:44:23,670 - AresTradingSystem.System.UnifiedRegimeClassifier - INFO - 📋 Input data columns: ['timestamp', 'open', 'high', 'low', 'close', 'volume']
2025-08-06 22:44:23,670 - AresTradingSystem.System.UnifiedRegimeClassifier - INFO - 📅 Input data index type: <class 'pandas.core.indexes.range.RangeIndex'>
2025-08-06 22:44:23,671 - AresTradingSystem.System.UnifiedRegimeClassifier - INFO - 🔄 Converting timestamp column to datetime index
2025-08-06 22:44:23,678 - AresTradingSystem.System.UnifiedRegimeClassifier - INFO - 📅 Data index after conversion: 2025-06-22 22:45:00 to 2025-08-03 21:29:00
2025-08-06 22:44:23,678 - AresTradingSystem.System.UnifiedRegimeClassifier - INFO - 🔄 Resampling 60405 rows to 1h timeframe...
2025-08-06 22:44:23,685 - AresTradingSystem.System.UnifiedRegimeClassifier - INFO - 📊 After resampling: 1008 hourly rows
2025-08-06 22:44:23,685 - AresTradingSystem.System.UnifiedRegimeClassifier - INFO - 📅 Hourly data range: 2025-06-22 22:00:00 to 2025-08-03 21:00:00
2025-08-06 22:44:23,685 - AresTradingSystem.System.UnifiedRegimeClassifier - INFO - 🔄 Using rolling window size: 100 for 1008 hourly rows
2025-08-06 22:44:23,685 - AresTradingSystem.System.UnifiedRegimeClassifier - INFO - 🔍 Processing window 20/1008: 20 data points
2025-08-06 22:44:23,686 - AresTradingSystem.System.UnifiedRegimeClassifier - INFO - 🤖 UnifiedRegimeClassifier: Starting regime prediction
2025-08-06 22:44:23,686 - AresTradingSystem.System.UnifiedRegimeClassifier - INFO - 📊 Model Status:
2025-08-06 22:44:23,686 - AresTradingSystem.System.UnifiedRegimeClassifier - INFO -    - HMM model: ❌ Not loaded
2025-08-06 22:44:23,686 - AresTradingSystem.System.UnifiedRegimeClassifier - INFO -    - Basic ensemble: ❌ Not loaded
2025-08-06 22:44:23,686 - AresTradingSystem.System.UnifiedRegimeClassifier - INFO -    - Location classifier: ❌ Not loaded
2025-08-06 22:44:23,686 - AresTradingSystem.System.UnifiedRegimeClassifier - INFO -    - Training status: ❌ Not trained
2025-08-06 22:44:23,686 - AresTradingSystem.System.UnifiedRegimeClassifier - INFO - 🔄 No HMM model available, returning default predictions
2025-08-06 22:44:23,686 - AresTradingSystem.System.UnifiedRegimeClassifier - INFO - 💡 Note: HMM model should be trained from labeled data in the pipeline
2025-08-06 22:44:23,686 - AresTradingSystem.System.UnifiedRegimeClassifier - INFO - 🔍 Fallback classification debug:
2025-08-06 22:44:23,686 - AresTradingSystem.System.UnifiedRegimeClassifier - INFO -    - Volatility: 0.0080
2025-08-06 22:44:23,686 - AresTradingSystem.System.UnifiedRegimeClassifier - INFO -    - Trend strength: 0.0056
2025-08-06 22:44:23,686 - AresTradingSystem.System.UnifiedRegimeClassifier - INFO -    - Recent return: 0.0057
2025-08-06 22:44:23,686 - AresTradingSystem.System.UnifiedRegimeClassifier - INFO - 🔍 Processing window 21/1008: 21 data points
2025-08-06 22:44:23,687 - AresTradingSystem.System.UnifiedRegimeClassifier - INFO - 🔍 Processing window 22/1008: 22 data points
2025-08-06 22:44:23,687 - AresTradingSystem.System.UnifiedRegimeClassifier - INFO - 🔍 Processing window 23/1008: 23 data points
2025-08-06 22:44:23,687 - AresTradingSystem.System.UnifiedRegimeClassifier - INFO - 🔍 Processing window 24/1008: 24 data points
2025-08-06 22:44:23,692 - AresTradingSystem.System.UnifiedRegimeClassifier - INFO - 🔍 Processing window 101/1008: 100 data points
2025-08-06 22:44:23,699 - AresTradingSystem.System.UnifiedRegimeClassifier - INFO - 🔍 Processing window 201/1008: 100 data points
2025-08-06 22:44:23,705 - AresTradingSystem.System.UnifiedRegimeClassifier - INFO - 🔍 Processing window 301/1008: 100 data points
2025-08-06 22:44:23,711 - AresTradingSystem.System.UnifiedRegimeClassifier - INFO - 🔍 Processing window 401/1008: 100 data points
2025-08-06 22:44:23,718 - AresTradingSystem.System.UnifiedRegimeClassifier - INFO - 🔍 Processing window 501/1008: 100 data points
2025-08-06 22:44:23,724 - AresTradingSystem.System.UnifiedRegimeClassifier - INFO - 🔍 Processing window 601/1008: 100 data points
2025-08-06 22:44:23,730 - AresTradingSystem.System.UnifiedRegimeClassifier - INFO - 🔍 Processing window 701/1008: 100 data points
2025-08-06 22:44:23,737 - AresTradingSystem.System.UnifiedRegimeClassifier - INFO - 🔍 Processing window 801/1008: 100 data points
2025-08-06 22:44:23,743 - AresTradingSystem.System.UnifiedRegimeClassifier - INFO - 🔍 Processing window 901/1008: 100 data points
2025-08-06 22:44:23,749 - AresTradingSystem.System.UnifiedRegimeClassifier - INFO - 🔍 Processing window 1001/1008: 100 data points
2025-08-06 22:44:23,750 - AresTradingSystem.System.UnifiedRegimeClassifier - INFO - ⏱️ Rolling window processing completed in 0.06 seconds
2025-08-06 22:44:23,750 - AresTradingSystem.System.UnifiedRegimeClassifier - INFO - 📍 Mapping 1008 hourly regimes back to 60405 minute records...
2025-08-06 22:44:23,851 - AresTradingSystem.System.UnifiedRegimeClassifier - INFO - ✅ Completed mapping regimes to minute data
2025-08-06 22:44:23,852 - AresTradingSystem.System.UnifiedRegimeClassifier - INFO - 📊 Regime Distribution Summary:
2025-08-06 22:44:23,852 - AresTradingSystem.System.UnifiedRegimeClassifier - INFO -    - SIDEWAYS: 67/1008 (6.6%)
2025-08-06 22:44:23,852 - AresTradingSystem.System.UnifiedRegimeClassifier - INFO -    - BULL: 546/1008 (54.2%)
2025-08-06 22:44:23,852 - AresTradingSystem.System.UnifiedRegimeClassifier - INFO -    - BEAR: 395/1008 (39.2%)
2025-08-06 22:44:23,852 - AresTradingSystem.System.UnifiedRegimeClassifier - WARNING - ⚠️ Low sideways detection: 6.6% (target: 30-40%)
2025-08-06 22:44:23,859 - AresTradingSystem.System - INFO - Regime classification completed. Found 3 distinct regimes
2025-08-06 22:44:23,874 - AresTradingSystem.System - INFO - ✅ Market regime classification completed. Results saved to data/training/BINANCE_ETHUSDT_regime_classification.json
2025-08-06 22:44:23,882 - AresTradingSystem.System - INFO - Initializing Regime Data Splitting Step...
2025-08-06 22:44:23,882 - AresTradingSystem.System - INFO - Regime Data Splitting Step initialized successfully
2025-08-06 22:44:23,882 - AresTradingSystem.System - INFO - 🔄 Executing Regime Data Splitting...
2025-08-06 22:44:23,888 - AresTradingSystem.System - INFO - Splitting data by regimes for ETHUSDT on BINANCE...
2025-08-06 22:44:25,174 - AresTradingSystem.System - INFO - Regime 'SIDEWAYS': 3975 records
2025-08-06 22:44:25,201 - AresTradingSystem.System - INFO - Regime 'BULL': 32730 records
2025-08-06 22:44:25,220 - AresTradingSystem.System - INFO - Regime 'BEAR': 23700 records
2025-08-06 22:44:25,221 - AresTradingSystem.System - INFO - High-data regimes: ['SIDEWAYS', 'BULL', 'BEAR']
2025-08-06 22:44:25,221 - AresTradingSystem.System - INFO - Low-data regimes: []
2025-08-06 22:44:25,221 - AresTradingSystem.System - INFO - Other regimes: []
2025-08-06 22:44:25,230 - AresTradingSystem.System - INFO - ✅ Regime data splitting completed. Results saved to data/training/regime_data
