{"asctime": "2025-08-12 20:31:15,808", "levelname": "INFO", "name": "AresTradingSystem", "message": "✅ Enhanced Logger initialization completed successfully", "correlation_id": "-", "session_id": "-", "timestamp": "2025-08-12T18:31:15.808296+00:00"}
{"asctime": "2025-08-12 20:31:15,813", "levelname": "INFO", "name": "AresTradingSystem.System.AutoencoderConfig", "message": "📋 Configuration loaded successfully from src/analyst/autoencoder_config.yaml", "correlation_id": "-", "session_id": "-", "timestamp": "2025-08-12T18:31:15.814003+00:00"}
{"asctime": "2025-08-12 20:31:15,814", "levelname": "INFO", "name": "AresTradingSystem.System.AutoencoderConfig", "message": "📊 Configuration sections: ['preprocessing', 'sequence', 'autoencoder', 'training', 'feature_filtering', 'feature_analysis', 'output', 'feature_interactions']", "correlation_id": "-", "session_id": "-", "timestamp": "2025-08-12T18:31:15.814124+00:00"}
{"asctime": "2025-08-12 20:44:46,789", "levelname": "INFO", "name": "AresTradingSystem.System.UnifiedDataManager", "message": "🔄 Creating unified database with time-based splits...", "correlation_id": "-", "session_id": "-", "timestamp": "2025-08-12T18:44:46.789773+00:00"}
{"asctime": "2025-08-12 20:44:46,790", "levelname": "INFO", "name": "AresTradingSystem.System.UnifiedDataManager", "message": "📅 Applying lookback filter: 180 days", "correlation_id": "-", "session_id": "-", "timestamp": "2025-08-12T18:44:46.790467+00:00"}
{"asctime": "2025-08-12 20:44:46,802", "levelname": "INFO", "name": "AresTradingSystem.System.UnifiedDataManager", "message": "📊 Data filtered from 249753 to 249753 samples (from 2025-02-10 to 2025-08-09)", "correlation_id": "-", "session_id": "-", "timestamp": "2025-08-12T18:44:46.802916+00:00"}
{"asctime": "2025-08-12 20:44:46,815", "levelname": "INFO", "name": "AresTradingSystem.System.UnifiedDataManager", "message": "📅 Train period: 2025-02-13 20:32:00 to 2025-07-05 07:56:00", "correlation_id": "-", "session_id": "-", "timestamp": "2025-08-12T18:44:46.815896+00:00"}
{"asctime": "2025-08-12 20:44:46,816", "levelname": "INFO", "name": "AresTradingSystem.System.UnifiedDataManager", "message": "📅 Validation period: 2025-07-05 07:57:00 to 2025-07-23 06:06:00", "correlation_id": "-", "session_id": "-", "timestamp": "2025-08-12T18:44:46.816095+00:00"}
{"asctime": "2025-08-12 20:44:46,816", "levelname": "INFO", "name": "AresTradingSystem.System.UnifiedDataManager", "message": "📅 Test period: 2025-07-23 06:07:00 to 2025-08-09 17:47:00", "correlation_id": "-", "session_id": "-", "timestamp": "2025-08-12T18:44:46.816227+00:00"}
{"asctime": "2025-08-12 20:44:46,816", "levelname": "INFO", "name": "AresTradingSystem.System.UnifiedDataManager", "message": "📊 Time-based splits created (post-augmentation if applied):\n  • Training: 199802 samples (80.0%)\n  • Validation: 24975 samples (10.0%)\n  • Test: 24976 samples (10.0%)", "correlation_id": "-", "session_id": "-", "timestamp": "2025-08-12T18:44:46.816331+00:00"}
{"asctime": "2025-08-12 20:44:46,868", "levelname": "INFO", "name": "AresTradingSystem.System.UnifiedDataManager", "message": "💾 Unified database saved to data/training/unified_database/BINANCE_ETHUSDT_unified_dataset.pkl", "correlation_id": "-", "session_id": "-", "timestamp": "2025-08-12T18:44:46.868232+00:00"}
{"asctime": "2025-08-12 20:44:46,868", "levelname": "INFO", "name": "AresTradingSystem.System.UnifiedDataManager", "message": "📋 Metadata saved to data/training/unified_database/BINANCE_ETHUSDT_dataset_metadata.json", "correlation_id": "-", "session_id": "-", "timestamp": "2025-08-12T18:44:46.868433+00:00"}
{"asctime": "2025-08-12 20:44:47,115", "levelname": "INFO", "name": "AresTradingSystem.System.UnifiedDataManager", "message": "💾 Data splits saved (Parquet):", "correlation_id": "-", "session_id": "-", "timestamp": "2025-08-12T18:44:47.115962+00:00"}
{"asctime": "2025-08-12 20:44:47,116", "levelname": "INFO", "name": "AresTradingSystem.System.UnifiedDataManager", "message": "  • Training: data/training/BINANCE_ETHUSDT_train_data.parquet", "correlation_id": "-", "session_id": "-", "timestamp": "2025-08-12T18:44:47.116154+00:00"}
{"asctime": "2025-08-12 20:44:47,116", "levelname": "INFO", "name": "AresTradingSystem.System.UnifiedDataManager", "message": "  • Validation: data/training/BINANCE_ETHUSDT_validation_data.parquet", "correlation_id": "-", "session_id": "-", "timestamp": "2025-08-12T18:44:47.116250+00:00"}
{"asctime": "2025-08-12 20:44:47,116", "levelname": "INFO", "name": "AresTradingSystem.System.UnifiedDataManager", "message": "  • Test: data/training/BINANCE_ETHUSDT_test_data.parquet", "correlation_id": "-", "session_id": "-", "timestamp": "2025-08-12T18:44:47.116334+00:00"}
{"asctime": "2025-08-12 20:44:47,116", "levelname": "INFO", "name": "AresTradingSystem.System.UnifiedDataManager", "message": "✅ Unified database created successfully", "correlation_id": "-", "session_id": "-", "timestamp": "2025-08-12T18:44:47.116410+00:00"}
{"asctime": "2025-08-12 20:44:47,976", "levelname": "INFO", "name": "AresTradingSystem.System", "message": "Initializing Analyst Specialist Training Step...", "correlation_id": "-", "session_id": "-", "timestamp": "2025-08-12T18:44:47.976424+00:00"}
{"asctime": "2025-08-12 20:44:47,976", "levelname": "INFO", "name": "AresTradingSystem.System", "message": "Analyst Specialist Training Step initialized successfully", "correlation_id": "-", "session_id": "-", "timestamp": "2025-08-12T18:44:47.976615+00:00"}
{"asctime": "2025-08-12 20:44:47,976", "levelname": "INFO", "name": "AresTradingSystem.System", "message": "🔄 Executing Analyst Specialist Training...", "correlation_id": "-", "session_id": "-", "timestamp": "2025-08-12T18:44:47.976735+00:00"}
{"asctime": "2025-08-12 20:44:47,976", "levelname": "INFO", "name": "AresTradingSystem.System", "message": "Step5: expecting feature files: ['data/training/BINANCE_ETHUSDT_features_train.pkl', 'data/training/BINANCE_ETHUSDT_features_validation.pkl', 'data/training/BINANCE_ETHUSDT_features_test.pkl']", "correlation_id": "-", "session_id": "-", "timestamp": "2025-08-12T18:44:47.976853+00:00"}
{"asctime": "2025-08-12 20:44:47,983", "levelname": "INFO", "name": "AresTradingSystem.System", "message": "Loaded features file data/training/BINANCE_ETHUSDT_features_train.pkl: type=DataFrame, shape=(199802, 20)", "correlation_id": "-", "session_id": "-", "timestamp": "2025-08-12T18:44:47.983095+00:00"}
{"asctime": "2025-08-12 20:44:47,984", "levelname": "INFO", "name": "AresTradingSystem.System", "message": "Loaded features file data/training/BINANCE_ETHUSDT_features_validation.pkl: type=DataFrame, shape=(24975, 20)", "correlation_id": "-", "session_id": "-", "timestamp": "2025-08-12T18:44:47.984249+00:00"}
{"asctime": "2025-08-12 20:44:47,985", "levelname": "INFO", "name": "AresTradingSystem.System", "message": "Loaded features file data/training/BINANCE_ETHUSDT_features_test.pkl: type=DataFrame, shape=(24976, 20)", "correlation_id": "-", "session_id": "-", "timestamp": "2025-08-12T18:44:47.985287+00:00"}
{"asctime": "2025-08-12 20:44:47,989", "levelname": "INFO", "name": "AresTradingSystem.System", "message": "✅ Loaded combined feature data: (249753, 20)", "correlation_id": "-", "session_id": "-", "timestamp": "2025-08-12T18:44:47.989238+00:00"}
{"asctime": "2025-08-12 20:44:47,989", "levelname": "INFO", "name": "AresTradingSystem.System", "message": "Training specialist models for regime: combined", "correlation_id": "-", "session_id": "-", "timestamp": "2025-08-12T18:44:47.989398+00:00"}
{"asctime": "2025-08-12 20:44:48,096", "levelname": "INFO", "name": "AresTradingSystem.System", "message": "Training specialist models for regime: combined", "correlation_id": "-", "session_id": "-", "timestamp": "2025-08-12T18:44:48.096071+00:00"}
{"asctime": "2025-08-12 20:44:48,115", "levelname": "INFO", "name": "AresTradingSystem.System", "message": "📊 Training data shape: (249753, 19)", "correlation_id": "-", "session_id": "-", "timestamp": "2025-08-12T18:44:48.115149+00:00"}
{"asctime": "2025-08-12 20:44:48,115", "levelname": "INFO", "name": "AresTradingSystem.System", "message": "📊 Feature count: 19", "correlation_id": "-", "session_id": "-", "timestamp": "2025-08-12T18:44:48.115340+00:00"}
{"asctime": "2025-08-12 20:44:48,115", "levelname": "INFO", "name": "AresTradingSystem.System", "message": "📋 Feature names: ['distance_to_pivot_resistance_r2', 'returns_volatility_20', 'sma50_distance', 'distance_to_pivot_support_s1', 'vwap_distance_20', 'choppiness_index_14', 'distance_to_pivot_support_s2', 'volume_returns_volatility_20', 'returns_volume_correlation_20', 'dist_to_resistance_pct', 'bullish_engulf_strength_z', 'bearish_engulf_strength_z', 'dist_to_support_pct', 'gk_vol_returns', 'is_at_resistance', 'is_at_support', 'weekly_prev_close', 'sr_zone_position', 'sr_bounce_up']", "correlation_id": "-", "session_id": "-", "timestamp": "2025-08-12T18:44:48.115423+00:00"}
{"asctime": "2025-08-12 20:44:48,116", "levelname": "INFO", "name": "AresTradingSystem.System", "message": "📊 Class distribution: {-1: 163318, 1: 86435}", "correlation_id": "-", "session_id": "-", "timestamp": "2025-08-12T18:44:48.116337+00:00"}
{"asctime": "2025-08-12 20:44:48,117", "levelname": "INFO", "name": "AresTradingSystem.System", "message": "📊 Class ratios: -1=65.39%, 1=34.61% (counts: -1=163318, 1=86435, total=249753)", "correlation_id": "-", "session_id": "-", "timestamp": "2025-08-12T18:44:48.117582+00:00"}
{"asctime": "2025-08-12 20:44:48,117", "levelname": "INFO", "name": "AresTradingSystem.System", "message": "🔢 Feature dtypes: {dtype('float64'): 16, dtype('int64'): 3}", "correlation_id": "-", "session_id": "-", "timestamp": "2025-08-12T18:44:48.117800+00:00"}
{"asctime": "2025-08-12 20:44:48,120", "levelname": "INFO", "name": "AresTradingSystem.System", "message": "🧪 No NaNs detected in feature matrix", "correlation_id": "-", "session_id": "-", "timestamp": "2025-08-12T18:44:48.120253+00:00"}
{"asctime": "2025-08-12 20:44:48,186", "levelname": "INFO", "name": "AresTradingSystem.System", "message": "🧠 Feature matrix memory: 37.96 MB", "correlation_id": "-", "session_id": "-", "timestamp": "2025-08-12T18:44:48.186442+00:00"}
{"asctime": "2025-08-12 20:44:48,186", "levelname": "INFO", "name": "AresTradingSystem.System", "message": "🧾 Feature columns (first 15): ['distance_to_pivot_resistance_r2', 'returns_volatility_20', 'sma50_distance', 'distance_to_pivot_support_s1', 'vwap_distance_20', 'choppiness_index_14', 'distance_to_pivot_support_s2', 'volume_returns_volatility_20', 'returns_volume_correlation_20', 'dist_to_resistance_pct', 'bullish_engulf_strength_z', 'bearish_engulf_strength_z', 'dist_to_support_pct', 'gk_vol_returns', 'is_at_resistance']", "correlation_id": "-", "session_id": "-", "timestamp": "2025-08-12T18:44:48.186609+00:00"}
{"asctime": "2025-08-12 20:44:48,186", "levelname": "INFO", "name": "AresTradingSystem.System", "message": "▶️ Step5 train_test_split start", "correlation_id": "-", "session_id": "-", "timestamp": "2025-08-12T18:44:48.186693+00:00"}
{"asctime": "2025-08-12 20:44:48,235", "levelname": "INFO", "name": "AresTradingSystem.System", "message": "✅ Step5 train_test_split done elapsed=0.0s", "correlation_id": "-", "session_id": "-", "timestamp": "2025-08-12T18:44:48.235643+00:00"}
{"asctime": "2025-08-12 20:44:48,235", "levelname": "INFO", "name": "AresTradingSystem.System", "message": "📊 Train set: (199802, 19)", "correlation_id": "-", "session_id": "-", "timestamp": "2025-08-12T18:44:48.235809+00:00"}
{"asctime": "2025-08-12 20:44:48,235", "levelname": "INFO", "name": "AresTradingSystem.System", "message": "📊 Test set: (49951, 19)", "correlation_id": "-", "session_id": "-", "timestamp": "2025-08-12T18:44:48.235873+00:00"}
{"asctime": "2025-08-12 20:44:48,237", "levelname": "INFO", "name": "AresTradingSystem.System", "message": "📊 Train class distribution: {-1: 130654, 1: 69148}", "correlation_id": "-", "session_id": "-", "timestamp": "2025-08-12T18:44:48.237353+00:00"}
{"asctime": "2025-08-12 20:44:48,237", "levelname": "INFO", "name": "AresTradingSystem.System", "message": "📊 Test class distribution: {-1: 32664, 1: 17287}", "correlation_id": "-", "session_id": "-", "timestamp": "2025-08-12T18:44:48.237839+00:00"}
{"asctime": "2025-08-12 20:44:48,238", "levelname": "INFO", "name": "AresTradingSystem.System", "message": "📊 Train class ratios: -1=65.39%, 1=34.61%", "correlation_id": "-", "session_id": "-", "timestamp": "2025-08-12T18:44:48.238234+00:00"}
{"asctime": "2025-08-12 20:44:48,238", "levelname": "INFO", "name": "AresTradingSystem.System", "message": "📊 Test class ratios: -1=65.39%, 1=34.61%", "correlation_id": "-", "session_id": "-", "timestamp": "2025-08-12T18:44:48.238312+00:00"}
{"asctime": "2025-08-12 20:44:48,241", "levelname": "INFO", "name": "AresTradingSystem.System", "message": "Step5: RandomForest training start", "correlation_id": "-", "session_id": "-", "timestamp": "2025-08-12T18:44:48.241446+00:00"}
{"asctime": "2025-08-12 20:44:48,241", "levelname": "INFO", "name": "AresTradingSystem.System", "message": "▶️ Step5 RandomForest training start", "correlation_id": "-", "session_id": "-", "timestamp": "2025-08-12T18:44:48.241604+00:00"}
{"asctime": "2025-08-12 20:44:59,803", "levelname": "INFO", "name": "AresTradingSystem.System", "message": "✅ Step5 RandomForest training done elapsed=11.6s", "correlation_id": "-", "session_id": "-", "timestamp": "2025-08-12T18:44:59.803711+00:00"}
{"asctime": "2025-08-12 20:44:59,804", "levelname": "INFO", "name": "AresTradingSystem.System", "message": "Step5: LightGBM training start", "correlation_id": "-", "session_id": "-", "timestamp": "2025-08-12T18:44:59.804059+00:00"}
{"asctime": "2025-08-12 20:44:59,804", "levelname": "INFO", "name": "AresTradingSystem.System", "message": "▶️ Step5 LightGBM training start", "correlation_id": "-", "session_id": "-", "timestamp": "2025-08-12T18:44:59.804198+00:00"}
{"asctime": "2025-08-12 20:45:11,095", "levelname": "INFO", "name": "AresTradingSystem.System", "message": "✅ Step5 LightGBM training done elapsed=11.3s", "correlation_id": "-", "session_id": "-", "timestamp": "2025-08-12T18:45:11.096012+00:00"}
{"asctime": "2025-08-12 20:45:11,096", "levelname": "INFO", "name": "AresTradingSystem.System", "message": "Step5: XGBoost training start", "correlation_id": "-", "session_id": "-", "timestamp": "2025-08-12T18:45:11.096539+00:00"}
{"asctime": "2025-08-12 20:45:11,096", "levelname": "INFO", "name": "AresTradingSystem.System", "message": "▶️ Step5 XGBoost training start", "correlation_id": "-", "session_id": "-", "timestamp": "2025-08-12T18:45:11.096689+00:00"}
{"asctime": "2025-08-12 20:45:18,741", "levelname": "INFO", "name": "AresTradingSystem.System", "message": "✅ Step5 XGBoost training done elapsed=7.6s", "correlation_id": "-", "session_id": "-", "timestamp": "2025-08-12T18:45:18.741454+00:00"}
{"asctime": "2025-08-12 20:45:18,741", "levelname": "INFO", "name": "AresTradingSystem.System", "message": "▶️ Step5 NeuralNet training start", "correlation_id": "-", "session_id": "-", "timestamp": "2025-08-12T18:45:18.741830+00:00"}
{"asctime": "2025-08-12 20:45:55,054", "levelname": "INFO", "name": "AresTradingSystem.System", "message": "✅ Step5 NeuralNet training done elapsed=36.3s", "correlation_id": "-", "session_id": "-", "timestamp": "2025-08-12T18:45:55.054124+00:00"}
{"asctime": "2025-08-12 20:45:55,054", "levelname": "INFO", "name": "AresTradingSystem.System", "message": "▶️ Step5 SVM training start", "correlation_id": "-", "session_id": "-", "timestamp": "2025-08-12T18:45:55.054735+00:00"}
{"asctime": "2025-08-12 20:46:55,057", "levelname": "INFO", "name": "AresTradingSystem.System", "message": "⏳ Step5 SVM training still running... elapsed=60.0s", "correlation_id": "-", "session_id": "-", "timestamp": "2025-08-12T18:46:55.057170+00:00"}
{"asctime": "2025-08-12 20:47:55,068", "levelname": "INFO", "name": "AresTradingSystem.System", "message": "⏳ Step5 SVM training still running... elapsed=120.0s", "correlation_id": "-", "session_id": "-", "timestamp": "2025-08-12T18:47:55.068104+00:00"}
{"asctime": "2025-08-12 20:48:55,079", "levelname": "INFO", "name": "AresTradingSystem.System", "message": "⏳ Step5 SVM training still running... elapsed=180.0s", "correlation_id": "-", "session_id": "-", "timestamp": "2025-08-12T18:48:55.079463+00:00"}
