{"asctime": "2025-08-10 23:25:38,657", "levelname": "INFO", "name": "AresTradingSystem", "message": "✅ Enhanced Logger initialization completed successfully", "correlation_id": "-", "session_id": "-", "timestamp": "2025-08-10T21:25:38.657785+00:00"}
{"asctime": "2025-08-10 23:25:38,666", "levelname": "INFO", "name": "AresTradingSystem.System", "message": "Environment configuration loaded successfully. Trading Environment: PAPER, Exchange: BINANCE", "correlation_id": "-", "session_id": "-", "timestamp": "2025-08-10T21:25:38.666267+00:00"}
{"asctime": "2025-08-10 23:25:38,974", "levelname": "INFO", "name": "AresTradingSystem", "message": "✅ Enhanced Logger initialization completed successfully", "correlation_id": "-", "session_id": "-", "timestamp": "2025-08-10T21:25:38.974714+00:00"}
{"asctime": "2025-08-10 23:25:38,975", "levelname": "INFO", "name": "AresTradingSystem.System.VectorizedAdvancedFeatureEngineering", "message": "🚀 Initializing vectorized advanced feature engineering...", "correlation_id": "-", "session_id": "-", "timestamp": "2025-08-10T21:25:38.975983+00:00"}
{"asctime": "2025-08-10 23:25:38,976", "levelname": "INFO", "name": "AresTradingSystem.System.WaveletFeatureCache", "message": "✅ Cache directory initialized: data/wavelet_cache", "correlation_id": "-", "session_id": "-", "timestamp": "2025-08-10T21:25:38.976200+00:00"}
{"asctime": "2025-08-10 23:25:38,976", "levelname": "INFO", "name": "AresTradingSystem.System.VectorizedVolatilityRegimeModel", "message": "🚀 Initializing vectorized volatility regime model...", "correlation_id": "-", "session_id": "-", "timestamp": "2025-08-10T21:25:38.976284+00:00"}
{"asctime": "2025-08-10 23:25:38,976", "levelname": "INFO", "name": "AresTradingSystem.System.VectorizedVolatilityRegimeModel", "message": "✅ Vectorized volatility regime model initialized successfully", "correlation_id": "-", "session_id": "-", "timestamp": "2025-08-10T21:25:38.976347+00:00"}
{"asctime": "2025-08-10 23:25:38,976", "levelname": "INFO", "name": "AresTradingSystem.System.VectorizedCorrelationAnalyzer", "message": "🚀 Initializing vectorized correlation analyzer...", "correlation_id": "-", "session_id": "-", "timestamp": "2025-08-10T21:25:38.976411+00:00"}
{"asctime": "2025-08-10 23:25:38,976", "levelname": "INFO", "name": "AresTradingSystem.System.VectorizedCorrelationAnalyzer", "message": "✅ Vectorized correlation analyzer initialized successfully", "correlation_id": "-", "session_id": "-", "timestamp": "2025-08-10T21:25:38.976470+00:00"}
{"asctime": "2025-08-10 23:25:38,976", "levelname": "INFO", "name": "AresTradingSystem.System.VectorizedMomentumAnalyzer", "message": "🚀 Initializing vectorized momentum analyzer...", "correlation_id": "-", "session_id": "-", "timestamp": "2025-08-10T21:25:38.976531+00:00"}
{"asctime": "2025-08-10 23:25:38,976", "levelname": "INFO", "name": "AresTradingSystem.System.VectorizedMomentumAnalyzer", "message": "✅ Vectorized momentum analyzer initialized successfully", "correlation_id": "-", "session_id": "-", "timestamp": "2025-08-10T21:25:38.976586+00:00"}
{"asctime": "2025-08-10 23:25:38,976", "levelname": "INFO", "name": "AresTradingSystem.System.VectorizedLiquidityAnalyzer", "message": "🚀 Initializing vectorized liquidity analyzer...", "correlation_id": "-", "session_id": "-", "timestamp": "2025-08-10T21:25:38.976647+00:00"}
{"asctime": "2025-08-10 23:25:38,976", "levelname": "INFO", "name": "AresTradingSystem.System.VectorizedLiquidityAnalyzer", "message": "✅ Vectorized liquidity analyzer initialized successfully", "correlation_id": "-", "session_id": "-", "timestamp": "2025-08-10T21:25:38.976700+00:00"}
{"asctime": "2025-08-10 23:25:38,976", "levelname": "INFO", "name": "AresTradingSystem.System.VectorizedCandlestickPatternAnalyzer", "message": "🚀 Initializing vectorized candlestick pattern analyzer...", "correlation_id": "-", "session_id": "-", "timestamp": "2025-08-10T21:25:38.976761+00:00"}
{"asctime": "2025-08-10 23:25:38,976", "levelname": "INFO", "name": "AresTradingSystem.System.VectorizedCandlestickPatternAnalyzer", "message": "✅ Vectorized candlestick pattern analyzer initialized successfully", "correlation_id": "-", "session_id": "-", "timestamp": "2025-08-10T21:25:38.976815+00:00"}
{"asctime": "2025-08-10 23:25:38,976", "levelname": "INFO", "name": "AresTradingSystem.System.VectorizedSRDistanceCalculator", "message": "🚀 Initializing vectorized S/R distance calculator...", "correlation_id": "-", "session_id": "-", "timestamp": "2025-08-10T21:25:38.976883+00:00"}
{"asctime": "2025-08-10 23:25:38,976", "levelname": "INFO", "name": "AresTradingSystem.System.VectorizedSRDistanceCalculator", "message": "✅ Vectorized S/R distance calculator initialized successfully", "correlation_id": "-", "session_id": "-", "timestamp": "2025-08-10T21:25:38.976935+00:00"}
{"asctime": "2025-08-10 23:25:38,976", "levelname": "INFO", "name": "AresTradingSystem.System.VectorizedWaveletTransformAnalyzer", "message": "🚀 Initializing enhanced vectorized wavelet transform analyzer...", "correlation_id": "-", "session_id": "-", "timestamp": "2025-08-10T21:25:38.976998+00:00"}
{"asctime": "2025-08-10 23:25:38,977", "levelname": "INFO", "name": "AresTradingSystem.System.VectorizedWaveletTransformAnalyzer", "message": "✅ Enhanced vectorized wavelet transform analyzer initialized successfully", "correlation_id": "-", "session_id": "-", "timestamp": "2025-08-10T21:25:38.977055+00:00"}
{"asctime": "2025-08-10 23:25:38,977", "levelname": "INFO", "name": "AresTradingSystem.System.VectorizedWaveletTransformAnalyzer", "message": "📊 Configuration: padding_mode=symmetric, cwt_scale_method=logarithmic, max_features_per_wavelet=20", "correlation_id": "-", "session_id": "-", "timestamp": "2025-08-10T21:25:38.977111+00:00"}
{"asctime": "2025-08-10 23:25:38,978", "levelname": "INFO", "name": "AresTradingSystem.System.MetaLabelingSystem", "message": "🚀 Initializing meta-labeling system...", "correlation_id": "-", "session_id": "-", "timestamp": "2025-08-10T21:25:38.978332+00:00"}
{"asctime": "2025-08-10 23:25:38,978", "levelname": "INFO", "name": "AresTradingSystem.System.MetaLabelingSystem", "message": "✅ Meta-labeling system initialized successfully", "correlation_id": "-", "session_id": "-", "timestamp": "2025-08-10T21:25:38.978467+00:00"}
{"asctime": "2025-08-10 23:25:38,978", "levelname": "INFO", "name": "AresTradingSystem.System.VectorizedAdvancedFeatureEngineering", "message": "✅ Vectorized advanced feature engineering initialized successfully", "correlation_id": "-", "session_id": "-", "timestamp": "2025-08-10T21:25:38.978543+00:00"}
{"asctime": "2025-08-10 23:25:38,979", "levelname": "WARNING", "name": "AresTradingSystem.System.VectorizedAdvancedFeatureEngineering", "message": "Cannot create OHLCV structure. Available columns: ['close']", "correlation_id": "-", "session_id": "-", "timestamp": "2025-08-10T21:25:38.979174+00:00"}
{"asctime": "2025-08-10 23:25:38,979", "levelname": "INFO", "name": "AresTradingSystem.System.VectorizedAdvancedFeatureEngineering", "message": "🔄 Calculating returns from close prices as basis for all feature engineering...", "correlation_id": "-", "session_id": "-", "timestamp": "2025-08-10T21:25:38.979945+00:00"}
{"asctime": "2025-08-10 23:25:38,980", "levelname": "INFO", "name": "AresTradingSystem.System.VectorizedAdvancedFeatureEngineering", "message": "✅ Returns calculated from close prices. Shape: (10,)", "correlation_id": "-", "session_id": "-", "timestamp": "2025-08-10T21:25:38.980531+00:00"}
{"asctime": "2025-08-10 23:25:38,980", "levelname": "INFO", "name": "AresTradingSystem.System.VectorizedAdvancedFeatureEngineering", "message": "🔄 All feature engineering will now use returns as the primary input", "correlation_id": "-", "session_id": "-", "timestamp": "2025-08-10T21:25:38.980693+00:00"}
{"asctime": "2025-08-10 23:25:38,980", "levelname": "INFO", "name": "AresTradingSystem.System.VectorizedAdvancedFeatureEngineering", "message": "📊 Returns statistics: mean=0.000000, std=0.000000, min=0.000000, max=0.000000", "correlation_id": "-", "session_id": "-", "timestamp": "2025-08-10T21:25:38.980888+00:00"}
{"asctime": "2025-08-10 23:25:38,981", "levelname": "INFO", "name": "AresTradingSystem.System.VectorizedAdvancedFeatureEngineering", "message": "🔄 Using returns series for price impact calculation", "correlation_id": "-", "session_id": "-", "timestamp": "2025-08-10T21:25:38.981032+00:00"}
{"asctime": "2025-08-10 23:25:38,981", "levelname": "INFO", "name": "AresTradingSystem.System.VectorizedAdvancedFeatureEngineering", "message": "✅ Price impact calculated using returns as input", "correlation_id": "-", "session_id": "-", "timestamp": "2025-08-10T21:25:38.981854+00:00"}
{"asctime": "2025-08-10 23:25:38,981", "levelname": "INFO", "name": "AresTradingSystem.System.VectorizedAdvancedFeatureEngineering", "message": "🔄 Using returns series for volume-price impact calculation", "correlation_id": "-", "session_id": "-", "timestamp": "2025-08-10T21:25:38.981967+00:00"}
{"asctime": "2025-08-10 23:25:38,985", "levelname": "INFO", "name": "AresTradingSystem.System.VectorizedAdvancedFeatureEngineering", "message": "✅ Enhanced market depth calculated successfully", "correlation_id": "-", "session_id": "-", "timestamp": "2025-08-10T21:25:38.985698+00:00"}
{"asctime": "2025-08-10 23:25:38,985", "levelname": "INFO", "name": "AresTradingSystem.System.VectorizedAdvancedFeatureEngineering", "message": "🔄 Using returns series for enhanced liquidity score calculation", "correlation_id": "-", "session_id": "-", "timestamp": "2025-08-10T21:25:38.985933+00:00"}
{"asctime": "2025-08-10 23:25:38,988", "levelname": "INFO", "name": "AresTradingSystem.System.VectorizedAdvancedFeatureEngineering", "message": "✅ Enhanced liquidity score calculated successfully using returns as input", "correlation_id": "-", "session_id": "-", "timestamp": "2025-08-10T21:25:38.988483+00:00"}
{"asctime": "2025-08-10 23:25:38,988", "levelname": "INFO", "name": "AresTradingSystem.System.VectorizedVolatilityRegimeModel", "message": "🔄 Using returns series for volatility regime modeling", "correlation_id": "-", "session_id": "-", "timestamp": "2025-08-10T21:25:38.988741+00:00"}
{"asctime": "2025-08-10 23:25:38,988", "levelname": "INFO", "name": "AresTradingSystem.System.VectorizedVolatilityRegimeModel", "message": "🔄 Using returns series for Parkinson volatility calculation", "correlation_id": "-", "session_id": "-", "timestamp": "2025-08-10T21:25:38.988935+00:00"}
{"asctime": "2025-08-10 23:25:38,989", "levelname": "INFO", "name": "AresTradingSystem.System.VectorizedVolatilityRegimeModel", "message": "✅ Parkinson volatility calculated using returns as input", "correlation_id": "-", "session_id": "-", "timestamp": "2025-08-10T21:25:38.989252+00:00"}
{"asctime": "2025-08-10 23:25:38,989", "levelname": "INFO", "name": "AresTradingSystem.System.VectorizedVolatilityRegimeModel", "message": "🔄 Using returns series for Garman-Klass volatility calculation", "correlation_id": "-", "session_id": "-", "timestamp": "2025-08-10T21:25:38.989332+00:00"}
{"asctime": "2025-08-10 23:25:38,989", "levelname": "INFO", "name": "AresTradingSystem.System.VectorizedVolatilityRegimeModel", "message": "✅ Garman-Klass volatility calculated using returns as input", "correlation_id": "-", "session_id": "-", "timestamp": "2025-08-10T21:25:38.989753+00:00"}
{"asctime": "2025-08-10 23:25:38,990", "levelname": "INFO", "name": "AresTradingSystem.System.VectorizedVolatilityRegimeModel", "message": "✅ Volatility regime modeling completed using returns as input", "correlation_id": "-", "session_id": "-", "timestamp": "2025-08-10T21:25:38.990175+00:00"}
{"asctime": "2025-08-10 23:25:38,990", "levelname": "INFO", "name": "AresTradingSystem.System.VectorizedCorrelationAnalyzer", "message": "🔄 Using returns series for correlation analysis", "correlation_id": "-", "session_id": "-", "timestamp": "2025-08-10T21:25:38.990256+00:00"}
{"asctime": "2025-08-10 23:25:38,991", "levelname": "INFO", "name": "AresTradingSystem.System.VectorizedCorrelationAnalyzer", "message": "✅ Correlation analysis completed using returns as input", "correlation_id": "-", "session_id": "-", "timestamp": "2025-08-10T21:25:38.991001+00:00"}
{"asctime": "2025-08-10 23:25:38,991", "levelname": "INFO", "name": "AresTradingSystem.System.VectorizedMomentumAnalyzer", "message": "🔄 Using returns series for momentum analysis", "correlation_id": "-", "session_id": "-", "timestamp": "2025-08-10T21:25:38.991112+00:00"}
{"asctime": "2025-08-10 23:25:38,991", "levelname": "INFO", "name": "AresTradingSystem.System.VectorizedMomentumAnalyzer", "message": "✅ Momentum analysis completed using returns as input", "correlation_id": "-", "session_id": "-", "timestamp": "2025-08-10T21:25:38.991463+00:00"}
{"asctime": "2025-08-10 23:25:38,991", "levelname": "INFO", "name": "AresTradingSystem.System.VectorizedLiquidityAnalyzer", "message": "🔄 Using returns series for liquidity analysis", "correlation_id": "-", "session_id": "-", "timestamp": "2025-08-10T21:25:38.991543+00:00"}
{"asctime": "2025-08-10 23:25:38,992", "levelname": "INFO", "name": "AresTradingSystem.System.VectorizedLiquidityAnalyzer", "message": "✅ Liquidity analysis completed using returns as input", "correlation_id": "-", "session_id": "-", "timestamp": "2025-08-10T21:25:38.992020+00:00"}
{"asctime": "2025-08-10 23:25:39,006", "levelname": "INFO", "name": "AresTradingSystem.System.VectorizedCandlestickPatternAnalyzer", "message": "✅ Analyzed 8 pattern categories using vectorized operations", "correlation_id": "-", "session_id": "-", "timestamp": "2025-08-10T21:25:39.006169+00:00"}
{"asctime": "2025-08-10 23:25:39,006", "levelname": "INFO", "name": "AresTradingSystem.System.VectorizedAdvancedFeatureEngineering", "message": "🧹 Clearing wavelet cache to avoid stale data issues", "correlation_id": "-", "session_id": "-", "timestamp": "2025-08-10T21:25:39.006395+00:00"}
{"asctime": "2025-08-10 23:25:39,006", "levelname": "INFO", "name": "AresTradingSystem.System.WaveletFeatureCache", "message": "Cleared all cache files", "correlation_id": "-", "session_id": "-", "timestamp": "2025-08-10T21:25:39.006983+00:00"}
{"asctime": "2025-08-10 23:25:39,008", "levelname": "INFO", "name": "AresTradingSystem.System.VectorizedAdvancedFeatureEngineering", "message": "🔧 Computing wavelet features (not cached): a3eb1e96a1571370", "correlation_id": "-", "session_id": "-", "timestamp": "2025-08-10T21:25:39.008856+00:00"}
{"asctime": "2025-08-10 23:25:39,009", "levelname": "INFO", "name": "AresTradingSystem.System.VectorizedWaveletTransformAnalyzer", "message": "🔍 Performing enhanced wavelet transform analysis...", "correlation_id": "-", "session_id": "-", "timestamp": "2025-08-10T21:25:39.009011+00:00"}
{"asctime": "2025-08-10 23:25:39,009", "levelname": "INFO", "name": "AresTradingSystem.System.VectorizedWaveletTransformAnalyzer", "message": "🔍 Available columns in price_data: ['returns', 'price', 'close']", "correlation_id": "-", "session_id": "-", "timestamp": "2025-08-10T21:25:39.009085+00:00"}
{"asctime": "2025-08-10 23:25:39,009", "levelname": "INFO", "name": "AresTradingSystem.System.VectorizedWaveletTransformAnalyzer", "message": "🔄 Using returns series as primary input for wavelet analysis", "correlation_id": "-", "session_id": "-", "timestamp": "2025-08-10T21:25:39.009168+00:00"}
{"asctime": "2025-08-10 23:25:39,009", "levelname": "INFO", "name": "AresTradingSystem.System.VectorizedWaveletTransformAnalyzer", "message": "🔍 Performing enhanced discrete wavelet transform analysis...", "correlation_id": "-", "session_id": "-", "timestamp": "2025-08-10T21:25:39.009475+00:00"}
{"asctime": "2025-08-10 23:25:39,009", "levelname": "INFO", "name": "AresTradingSystem.System.VectorizedWaveletTransformAnalyzer", "message": "✅ Generated 0 DWT features", "correlation_id": "-", "session_id": "-", "timestamp": "2025-08-10T21:25:39.009551+00:00"}
{"asctime": "2025-08-10 23:25:39,009", "levelname": "INFO", "name": "AresTradingSystem.System.VectorizedWaveletTransformAnalyzer", "message": "🔍 Performing enhanced continuous wavelet transform analysis...", "correlation_id": "-", "session_id": "-", "timestamp": "2025-08-10T21:25:39.009641+00:00"}
{"asctime": "2025-08-10 23:25:39,009", "levelname": "INFO", "name": "AresTradingSystem.System.VectorizedWaveletTransformAnalyzer", "message": "✅ Generated 0 CWT features", "correlation_id": "-", "session_id": "-", "timestamp": "2025-08-10T21:25:39.009713+00:00"}
{"asctime": "2025-08-10 23:25:39,010", "levelname": "INFO", "name": "AresTradingSystem.System.VectorizedWaveletTransformAnalyzer", "message": "✅ Enhanced wavelet transform analysis completed in 0.00s. Generated 3 features from 3 candidates. Feature selection: variance", "correlation_id": "-", "session_id": "-", "timestamp": "2025-08-10T21:25:39.010037+00:00"}
{"asctime": "2025-08-10 23:25:39,010", "levelname": "INFO", "name": "AresTradingSystem.System.VectorizedWaveletTransformAnalyzer", "message": "📊 Wavelet Analysis Performance Metrics:", "correlation_id": "-", "session_id": "-", "timestamp": "2025-08-10T21:25:39.010109+00:00"}
{"asctime": "2025-08-10 23:25:39,010", "levelname": "INFO", "name": "AresTradingSystem.System.VectorizedWaveletTransformAnalyzer", "message": "  dwt: 0.000s (0 features)", "correlation_id": "-", "session_id": "-", "timestamp": "2025-08-10T21:25:39.010170+00:00"}
{"asctime": "2025-08-10 23:25:39,010", "levelname": "INFO", "name": "AresTradingSystem.System.VectorizedWaveletTransformAnalyzer", "message": "  cwt: 0.000s (0 features)", "correlation_id": "-", "session_id": "-", "timestamp": "2025-08-10T21:25:39.010224+00:00"}
{"asctime": "2025-08-10 23:25:39,010", "levelname": "INFO", "name": "AresTradingSystem.System.VectorizedWaveletTransformAnalyzer", "message": "  packet: 0.000s (0 features)", "correlation_id": "-", "session_id": "-", "timestamp": "2025-08-10T21:25:39.010276+00:00"}
{"asctime": "2025-08-10 23:25:39,010", "levelname": "INFO", "name": "AresTradingSystem.System.VectorizedWaveletTransformAnalyzer", "message": "  denoising: 0.000s (0 features)", "correlation_id": "-", "session_id": "-", "timestamp": "2025-08-10T21:25:39.010334+00:00"}
{"asctime": "2025-08-10 23:25:39,010", "levelname": "INFO", "name": "AresTradingSystem.System.VectorizedWaveletTransformAnalyzer", "message": "  multi_wavelet: 0.000s (0 features)", "correlation_id": "-", "session_id": "-", "timestamp": "2025-08-10T21:25:39.010386+00:00"}
{"asctime": "2025-08-10 23:25:39,010", "levelname": "INFO", "name": "AresTradingSystem.System.VectorizedWaveletTransformAnalyzer", "message": "  volume_wavelet: 0.000s (3 features)", "correlation_id": "-", "session_id": "-", "timestamp": "2025-08-10T21:25:39.010437+00:00"}
{"asctime": "2025-08-10 23:25:39,010", "levelname": "INFO", "name": "AresTradingSystem.System.VectorizedWaveletTransformAnalyzer", "message": "  Total: 0.001s (3 features)", "correlation_id": "-", "session_id": "-", "timestamp": "2025-08-10T21:25:39.010490+00:00"}
{"asctime": "2025-08-10 23:25:39,010", "levelname": "INFO", "name": "AresTradingSystem.System.VectorizedWaveletTransformAnalyzer", "message": "  Performance: 3150.5 features/second", "correlation_id": "-", "session_id": "-", "timestamp": "2025-08-10T21:25:39.010579+00:00"}
{"asctime": "2025-08-10 23:25:39,622", "levelname": "INFO", "name": "AresTradingSystem.System.MemoryEfficientDataManager", "message": "Optimized DataFrame memory usage", "correlation_id": "-", "session_id": "-", "timestamp": "2025-08-10T21:25:39.622203+00:00"}
{"asctime": "2025-08-10 23:25:39,624", "levelname": "INFO", "name": "AresTradingSystem.System.MemoryEfficientDataManager", "message": "Saved DataFrame to Parquet: data/wavelet_cache/features/a3eb1e96a1571370_features.parquet", "correlation_id": "-", "session_id": "-", "timestamp": "2025-08-10T21:25:39.624539+00:00"}
{"asctime": "2025-08-10 23:25:39,624", "levelname": "INFO", "name": "AresTradingSystem.System.WaveletFeatureCache", "message": "✅ Cached 3 wavelet features to data/wavelet_cache/features/a3eb1e96a1571370_features.parquet", "correlation_id": "-", "session_id": "-", "timestamp": "2025-08-10T21:25:39.624863+00:00"}
{"asctime": "2025-08-10 23:25:39,624", "levelname": "INFO", "name": "AresTradingSystem.System.VectorizedAdvancedFeatureEngineering", "message": "💾 Cached wavelet features: a3eb1e96a1571370", "correlation_id": "-", "session_id": "-", "timestamp": "2025-08-10T21:25:39.624952+00:00"}
{"asctime": "2025-08-10 23:25:39,625", "levelname": "INFO", "name": "AresTradingSystem.System.VectorizedAdvancedFeatureEngineering", "message": "🔄 Using returns series for adaptive SMA calculation", "correlation_id": "-", "session_id": "-", "timestamp": "2025-08-10T21:25:39.625039+00:00"}
{"asctime": "2025-08-10 23:25:39,626", "levelname": "INFO", "name": "AresTradingSystem.System.VectorizedAdvancedFeatureEngineering", "message": "✅ Adaptive SMA calculated using returns as input", "correlation_id": "-", "session_id": "-", "timestamp": "2025-08-10T21:25:39.626315+00:00"}
{"asctime": "2025-08-10 23:25:39,626", "levelname": "INFO", "name": "AresTradingSystem.System.VectorizedAdvancedFeatureEngineering", "message": "🔄 Using returns series for adaptive EMA calculation", "correlation_id": "-", "session_id": "-", "timestamp": "2025-08-10T21:25:39.626433+00:00"}
{"asctime": "2025-08-10 23:25:39,627", "levelname": "INFO", "name": "AresTradingSystem.System.VectorizedAdvancedFeatureEngineering", "message": "✅ Adaptive EMA calculated using returns as input", "correlation_id": "-", "session_id": "-", "timestamp": "2025-08-10T21:25:39.627397+00:00"}
{"asctime": "2025-08-10 23:25:39,627", "levelname": "INFO", "name": "AresTradingSystem.System.VectorizedAdvancedFeatureEngineering", "message": "🔄 Using returns series for adaptive ATR calculation", "correlation_id": "-", "session_id": "-", "timestamp": "2025-08-10T21:25:39.627588+00:00"}
{"asctime": "2025-08-10 23:25:39,628", "levelname": "INFO", "name": "AresTradingSystem.System.VectorizedAdvancedFeatureEngineering", "message": "✅ Adaptive ATR calculated using returns as input", "correlation_id": "-", "session_id": "-", "timestamp": "2025-08-10T21:25:39.628637+00:00"}
{"asctime": "2025-08-10 23:25:39,629", "levelname": "INFO", "name": "AresTradingSystem.System.VectorizedAdvancedFeatureEngineering", "message": "✅ Adaptive Bollinger Bands calculated using returns as input", "correlation_id": "-", "session_id": "-", "timestamp": "2025-08-10T21:25:39.629597+00:00"}
{"asctime": "2025-08-10 23:25:39,629", "levelname": "INFO", "name": "AresTradingSystem.System.VectorizedAdvancedFeatureEngineering", "message": "📊 Multi-timeframe analysis: 10 data points available", "correlation_id": "-", "session_id": "-", "timestamp": "2025-08-10T21:25:39.629721+00:00"}
{"asctime": "2025-08-10 23:25:39,629", "levelname": "INFO", "name": "AresTradingSystem.System.VectorizedAdvancedFeatureEngineering", "message": "📊 Multi-timeframe analysis: 10 data points available", "correlation_id": "-", "session_id": "-", "timestamp": "2025-08-10T21:25:39.629794+00:00"}
{"asctime": "2025-08-10 23:25:39,629", "levelname": "INFO", "name": "AresTradingSystem.System.VectorizedAdvancedFeatureEngineering", "message": "🔧 Processing timeframe: 1m", "correlation_id": "-", "session_id": "-", "timestamp": "2025-08-10T21:25:39.629856+00:00"}
{"asctime": "2025-08-10 23:25:39,629", "levelname": "INFO", "name": "AresTradingSystem.System.VectorizedAdvancedFeatureEngineering", "message": "🔄 Using returns series for 1m timeframe features", "correlation_id": "-", "session_id": "-", "timestamp": "2025-08-10T21:25:39.629922+00:00"}
{"asctime": "2025-08-10 23:25:39,629", "levelname": "INFO", "name": "AresTradingSystem.System.VectorizedAdvancedFeatureEngineering", "message": "📊 1m: using rolling window of 20 periods", "correlation_id": "-", "session_id": "-", "timestamp": "2025-08-10T21:25:39.629981+00:00"}
{"asctime": "2025-08-10 23:25:39,630", "levelname": "INFO", "name": "AresTradingSystem.System.VectorizedAdvancedFeatureEngineering", "message": "✅ 1m timeframe features calculated using returns as input", "correlation_id": "-", "session_id": "-", "timestamp": "2025-08-10T21:25:39.630939+00:00"}
{"asctime": "2025-08-10 23:25:39,631", "levelname": "INFO", "name": "AresTradingSystem.System.VectorizedAdvancedFeatureEngineering", "message": "🔧 Processing timeframe: 5m", "correlation_id": "-", "session_id": "-", "timestamp": "2025-08-10T21:25:39.631045+00:00"}
{"asctime": "2025-08-10 23:25:39,631", "levelname": "INFO", "name": "AresTradingSystem.System.VectorizedAdvancedFeatureEngineering", "message": "🔄 Using returns series for 5m timeframe features", "correlation_id": "-", "session_id": "-", "timestamp": "2025-08-10T21:25:39.631132+00:00"}
{"asctime": "2025-08-10 23:25:39,631", "levelname": "INFO", "name": "AresTradingSystem.System.VectorizedAdvancedFeatureEngineering", "message": "📊 5m: using rolling window of 12 periods", "correlation_id": "-", "session_id": "-", "timestamp": "2025-08-10T21:25:39.631189+00:00"}
{"asctime": "2025-08-10 23:25:39,632", "levelname": "INFO", "name": "AresTradingSystem.System.VectorizedAdvancedFeatureEngineering", "message": "✅ 5m timeframe features calculated using returns as input", "correlation_id": "-", "session_id": "-", "timestamp": "2025-08-10T21:25:39.632082+00:00"}
{"asctime": "2025-08-10 23:25:39,632", "levelname": "INFO", "name": "AresTradingSystem.System.VectorizedAdvancedFeatureEngineering", "message": "🔧 Processing timeframe: 15m", "correlation_id": "-", "session_id": "-", "timestamp": "2025-08-10T21:25:39.632183+00:00"}
{"asctime": "2025-08-10 23:25:39,632", "levelname": "INFO", "name": "AresTradingSystem.System.VectorizedAdvancedFeatureEngineering", "message": "🔄 Using returns series for 15m timeframe features", "correlation_id": "-", "session_id": "-", "timestamp": "2025-08-10T21:25:39.632248+00:00"}
{"asctime": "2025-08-10 23:25:39,632", "levelname": "INFO", "name": "AresTradingSystem.System.VectorizedAdvancedFeatureEngineering", "message": "📊 15m: using rolling window of 8 periods", "correlation_id": "-", "session_id": "-", "timestamp": "2025-08-10T21:25:39.632305+00:00"}
{"asctime": "2025-08-10 23:25:39,633", "levelname": "INFO", "name": "AresTradingSystem.System.VectorizedAdvancedFeatureEngineering", "message": "✅ 15m timeframe features calculated using returns as input", "correlation_id": "-", "session_id": "-", "timestamp": "2025-08-10T21:25:39.633332+00:00"}
{"asctime": "2025-08-10 23:25:39,633", "levelname": "INFO", "name": "AresTradingSystem.System.VectorizedAdvancedFeatureEngineering", "message": "🔧 Processing timeframe: 30m", "correlation_id": "-", "session_id": "-", "timestamp": "2025-08-10T21:25:39.633438+00:00"}
{"asctime": "2025-08-10 23:25:39,633", "levelname": "INFO", "name": "AresTradingSystem.System.VectorizedAdvancedFeatureEngineering", "message": "🔄 Using returns series for 30m timeframe features", "correlation_id": "-", "session_id": "-", "timestamp": "2025-08-10T21:25:39.633505+00:00"}
{"asctime": "2025-08-10 23:25:39,633", "levelname": "INFO", "name": "AresTradingSystem.System.VectorizedAdvancedFeatureEngineering", "message": "📊 30m: using rolling window of 4 periods", "correlation_id": "-", "session_id": "-", "timestamp": "2025-08-10T21:25:39.633563+00:00"}
{"asctime": "2025-08-10 23:25:39,634", "levelname": "INFO", "name": "AresTradingSystem.System.VectorizedAdvancedFeatureEngineering", "message": "✅ 30m timeframe features calculated using returns as input", "correlation_id": "-", "session_id": "-", "timestamp": "2025-08-10T21:25:39.634335+00:00"}
{"asctime": "2025-08-10 23:25:39,634", "levelname": "INFO", "name": "AresTradingSystem.System.VectorizedAdvancedFeatureEngineering", "message": "✅ Multi-timeframe features: 36 features generated", "correlation_id": "-", "session_id": "-", "timestamp": "2025-08-10T21:25:39.634419+00:00"}
{"asctime": "2025-08-10 23:25:39,634", "levelname": "INFO", "name": "AresTradingSystem.System.VectorizedAdvancedFeatureEngineering", "message": "🔄 Using returns series for meta labels generation", "correlation_id": "-", "session_id": "-", "timestamp": "2025-08-10T21:25:39.634497+00:00"}
{"asctime": "2025-08-10 23:25:39,636", "levelname": "INFO", "name": "AresTradingSystem.System.VectorizedAdvancedFeatureEngineering", "message": "📊 Generated meta labels (regime features): volatility_regime, volume_regime, trend_regime", "correlation_id": "-", "session_id": "-", "timestamp": "2025-08-10T21:25:39.636214+00:00"}
{"asctime": "2025-08-10 23:25:39,636", "levelname": "INFO", "name": "AresTradingSystem.System.VectorizedAdvancedFeatureEngineering", "message": "📊 These are regime classification features, not prediction targets", "correlation_id": "-", "session_id": "-", "timestamp": "2025-08-10T21:25:39.636694+00:00"}
{"asctime": "2025-08-10 23:25:39,636", "levelname": "INFO", "name": "AresTradingSystem.System.VectorizedAdvancedFeatureEngineering", "message": "✅ Meta labels generated using returns as input", "correlation_id": "-", "session_id": "-", "timestamp": "2025-08-10T21:25:39.636910+00:00"}
{"asctime": "2025-08-10 23:25:39,637", "levelname": "INFO", "name": "AresTradingSystem.System.VectorizedAdvancedFeatureEngineering", "message": "🔧 Generating additional technical indicators for autoencoder...", "correlation_id": "-", "session_id": "-", "timestamp": "2025-08-10T21:25:39.637075+00:00"}
{"asctime": "2025-08-10 23:25:39,641", "levelname": "INFO", "name": "AresTradingSystem.System.VectorizedAdvancedFeatureEngineering", "message": "✅ Generated 35 additional technical indicators", "correlation_id": "-", "session_id": "-", "timestamp": "2025-08-10T21:25:39.641430+00:00"}
{"asctime": "2025-08-10 23:25:39,641", "levelname": "INFO", "name": "AresTradingSystem.System.VectorizedAdvancedFeatureEngineering", "message": "🔧 Performing final comprehensive NaN handling...", "correlation_id": "-", "session_id": "-", "timestamp": "2025-08-10T21:25:39.641677+00:00"}
{"asctime": "2025-08-10 23:25:39,641", "levelname": "INFO", "name": "AresTradingSystem.System.VectorizedAdvancedFeatureEngineering", "message": "🧹 Starting comprehensive NaN cleaning...", "correlation_id": "-", "session_id": "-", "timestamp": "2025-08-10T21:25:39.641857+00:00"}
{"asctime": "2025-08-10 23:25:39,643", "levelname": "INFO", "name": "AresTradingSystem.System.VectorizedAdvancedFeatureEngineering", "message": "🧹 NaN cleaning completed:", "correlation_id": "-", "session_id": "-", "timestamp": "2025-08-10T21:25:39.643228+00:00"}
{"asctime": "2025-08-10 23:25:39,643", "levelname": "INFO", "name": "AresTradingSystem.System.VectorizedAdvancedFeatureEngineering", "message": "   Features with NaN values: 0", "correlation_id": "-", "session_id": "-", "timestamp": "2025-08-10T21:25:39.643345+00:00"}
{"asctime": "2025-08-10 23:25:39,643", "levelname": "INFO", "name": "AresTradingSystem.System.VectorizedAdvancedFeatureEngineering", "message": "   Total NaN values removed: 0", "correlation_id": "-", "session_id": "-", "timestamp": "2025-08-10T21:25:39.643412+00:00"}
{"asctime": "2025-08-10 23:25:39,643", "levelname": "INFO", "name": "AresTradingSystem.System.VectorizedAdvancedFeatureEngineering", "message": "   Features processed: 74", "correlation_id": "-", "session_id": "-", "timestamp": "2025-08-10T21:25:39.643467+00:00"}
{"asctime": "2025-08-10 23:25:39,643", "levelname": "INFO", "name": "AresTradingSystem.System.VectorizedAdvancedFeatureEngineering", "message": "✅ Engineered 74 vectorized advanced features using returns as basis", "correlation_id": "-", "session_id": "-", "timestamp": "2025-08-10T21:25:39.643524+00:00"}
