2025-08-04 22:50:31,719 - AresGlobal - INFO - ================================================================================
2025-08-04 22:50:31,719 - AresGlobal - INFO - 📊 SESSION SUMMARY
2025-08-04 22:50:31,719 - AresGlobal - INFO - Session started: 2025-08-04 22:50:31
2025-08-04 22:50:31,719 - AresGlobal - INFO - Global log file: ares_global_20250804_225031.log
2025-08-04 22:50:31,719 - AresGlobal - INFO - This file contains ALL logs for this session
2025-08-04 22:50:31,719 - AresGlobal - INFO - ================================================================================
2025-08-04 22:50:31,719 - AresGlobal - INFO - [SYSTEM] ================================================================================
2025-08-04 22:50:31,719 - AresGlobal - INFO - [SYSTEM] 🚀 ARES LAUNCHER STARTED - Mode: INITIALIZATION
2025-08-04 22:50:31,719 - AresGlobal - INFO - [SYSTEM] Start time: 2025-08-04 22:50:31
2025-08-04 22:50:31,720 - AresGlobal - INFO - [SYSTEM] Log directory: log
2025-08-04 22:50:31,720 - AresGlobal - INFO - [SYSTEM] ================================================================================
2025-08-04 22:50:31,720 - AresGlobal.AresLauncher - INFO - ================================================================================
2025-08-04 22:50:31,720 - AresGlobal.AresLauncher - INFO - 🚀 ARES COMPREHENSIVE LAUNCHER
2025-08-04 22:50:31,720 - AresGlobal.AresLauncher - INFO - ================================================================================
2025-08-04 22:50:31,720 - AresGlobal.AresLauncher - INFO - Start time: 2025-08-04 22:50:31
2025-08-04 22:50:31,720 - AresGlobal.AresLauncher - INFO - Log directory: log
2025-08-04 22:50:31,720 - AresGlobal.AresLauncher - INFO - Log level: INFO
2025-08-04 22:50:31,720 - AresGlobal.AresLauncher - INFO - Global log file: ares_global_20250804_225031.log
2025-08-04 22:50:31,720 - AresGlobal.AresLauncher - INFO - ================================================================================
2025-08-04 22:50:31,720 - AresGlobal - INFO - [SYSTEM] ================================================================================
2025-08-04 22:50:31,720 - AresGlobal - INFO - [SYSTEM] 🚀 ARES LAUNCHER STARTED - Mode: regime - Symbol: ETHUSDT - Exchange: BINANCE
2025-08-04 22:50:31,720 - AresGlobal - INFO - [SYSTEM] Start time: 2025-08-04 22:50:31
2025-08-04 22:50:31,720 - AresGlobal - INFO - [SYSTEM] Log directory: log
2025-08-04 22:50:31,720 - AresGlobal - INFO - [SYSTEM] ================================================================================
2025-08-04 22:50:31,720 - AresGlobal.AresLauncher - INFO - 🧠 Running regime operations for ETHUSDT on BINANCE
2025-08-04 22:50:31,720 - AresGlobal.AresLauncher - INFO - 📋 Subcommand: train
2025-08-04 22:50:31,720 - AresGlobal.AresLauncher - INFO - 🖥️ GUI mode: False
2025-08-04 22:50:31,720 - AresGlobal.AresLauncher - INFO - ⏰ Start time: 2025-08-04 22:50:31
2025-08-04 22:50:31,721 - AresGlobal.AresLauncher - INFO - 📦 Importing required modules...
2025-08-04 22:50:32,811 - AresGlobal.AresLauncher - INFO - ✅ Modules imported successfully
2025-08-04 22:50:32,811 - AresGlobal.AresLauncher - INFO - 🔧 Initializing unified regime classifier...
2025-08-04 22:50:32,812 - AresGlobal.AresLauncher - INFO - ✅ Unified regime classifier initialized successfully
2025-08-04 22:50:32,812 - AresGlobal.AresLauncher - INFO - 🚀 Starting unified regime classifier training for ETHUSDT on BINANCE (2 years data)...
2025-08-04 22:50:32,812 - AresGlobal.AresLauncher - INFO - 📊 Training configuration:
2025-08-04 22:50:32,812 - AresGlobal.AresLauncher - INFO -    - Symbol: ETHUSDT
2025-08-04 22:50:32,812 - AresGlobal.AresLauncher - INFO -    - Exchange: BINANCE
2025-08-04 22:50:32,812 - AresGlobal.AresLauncher - INFO -    - Lookback years: 2
2025-08-04 22:50:32,812 - AresGlobal.AresLauncher - INFO -    - Target timeframe: 1h
2025-08-04 22:50:32,875 - AresGlobal.UnifiedRegimeClassifier - INFO - 🚀 Training complete unified regime classification system...
2025-08-04 22:50:32,876 - AresGlobal.SRLevelAnalyzer - INFO - Initializing SR Level Analyzer...
2025-08-04 22:50:32,876 - AresGlobal.SRLevelAnalyzer - INFO - SR configuration loaded successfully
2025-08-04 22:50:32,876 - AresGlobal.SRLevelAnalyzer - INFO - Analysis parameters initialized
2025-08-04 22:50:32,876 - AresGlobal.SRLevelAnalyzer - INFO - Configuration validation successful
2025-08-04 22:50:32,876 - AresGlobal.SRLevelAnalyzer - INFO - ✅ SR Level Analyzer initialization completed successfully
2025-08-04 22:50:32,876 - AresGlobal.UnifiedRegimeClassifier - INFO - ✅ SR analyzer initialized successfully
2025-08-04 22:50:32,876 - AresGlobal.UnifiedRegimeClassifier - INFO - 🔍 Analyzing historical data for SR levels...
2025-08-04 22:50:32,876 - AresGlobal.SRLevelAnalyzer - INFO - Starting SR level analysis...
2025-08-04 22:50:32,892 - AresGlobal.SRLevelAnalyzer - INFO - SR: VPVR levels found: 2
2025-08-04 22:50:32,892 - AresGlobal.SRLevelAnalyzer - INFO - SR: VPVR Price Levels (ALL):
2025-08-04 22:50:32,892 - AresGlobal.SRLevelAnalyzer - INFO -     1. Price: $1848.20, Type: support, Strength: 0.900, Method: vpvr_poc
2025-08-04 22:50:32,892 - AresGlobal.SRLevelAnalyzer - INFO -     2. Price: $3266.08, Type: support, Strength: 0.750, Method: vpvr_hvn
2025-08-04 22:50:32,892 - AresGlobal.SRLevelAnalyzer - INFO - SR: Total VPVR levels found: 2
2025-08-04 22:50:32,892 - AresGlobal.SRLevelAnalyzer - INFO - SR: Levels after consolidation: 3
2025-08-04 22:50:32,892 - AresGlobal.SRLevelAnalyzer - INFO - SR: Levels after strength filtering (>=0.4): 3
2025-08-04 22:50:32,893 - AresGlobal.SRLevelAnalyzer - INFO - SR: Levels after strength-based filtering: 3
2025-08-04 22:50:32,893 - AresGlobal.SRLevelAnalyzer - INFO - SR: Levels after consolidation: 3 (time decay skipped)
2025-08-04 22:50:32,893 - AresGlobal.SRLevelAnalyzer - INFO - SR: Final Consolidated Price Levels (ALL):
2025-08-04 22:50:32,893 - AresGlobal.SRLevelAnalyzer - INFO -     1. Price: $1848.20, Type: support, Strength: 0.900
2025-08-04 22:50:32,893 - AresGlobal.SRLevelAnalyzer - INFO -     2. Price: $3266.08, Type: support, Strength: 0.750
2025-08-04 22:50:32,893 - AresGlobal.SRLevelAnalyzer - INFO -     3. Price: $3878.00, Type: traditional, Strength: 1.000
2025-08-04 22:50:32,893 - AresGlobal.SRLevelAnalyzer - INFO - SR: Total consolidated levels: 3
2025-08-04 22:50:32,893 - AresGlobal.SRLevelAnalyzer - INFO - ✅ SR analysis completed successfully
2025-08-04 22:50:32,893 - AresGlobal.SRLevelAnalyzer - INFO - 📊 SR Levels Detected: 2 total (2 support, 0 resistance)
2025-08-04 22:50:32,893 - AresGlobal.UnifiedRegimeClassifier - INFO - 📊 SR Analysis completed: 2 support levels, 0 resistance levels
2025-08-04 22:50:32,893 - AresGlobal.CandleAnalyzer - INFO - Initializing Candle Analyzer...
2025-08-04 22:50:32,894 - AresGlobal.CandleAnalyzer - INFO - Candle configuration loaded successfully
2025-08-04 22:50:32,894 - AresGlobal.CandleAnalyzer - INFO - Analysis parameters initialized
2025-08-04 22:50:32,894 - AresGlobal.CandleAnalyzer - INFO - Configuration validation successful
2025-08-04 22:50:32,894 - AresGlobal.CandleAnalyzer - INFO - Analysis parameters initialized
2025-08-04 22:50:32,894 - AresGlobal.CandleAnalyzer - INFO - ✅ Candle Analyzer initialization completed successfully
2025-08-04 22:50:32,894 - AresGlobal.UnifiedRegimeClassifier - INFO - ✅ Candle analyzer initialized successfully
2025-08-04 22:50:32,894 - AresGlobal.UnifiedRegimeClassifier - INFO - 🎯 Step 1: Training HMM-based labeler...
2025-08-04 22:50:32,923 - AresGlobal.UnifiedRegimeClassifier - INFO - Calculated 16 features for 17616 periods
2025-08-04 22:50:34,850 - AresGlobal.UnifiedRegimeClassifier - INFO - State 0: SIDEWAYS (mean_return=-0.0000, mean_vol=0.0028)
2025-08-04 22:50:34,851 - AresGlobal.UnifiedRegimeClassifier - INFO - State 1: BULL (mean_return=0.0001, mean_vol=0.0048)
2025-08-04 22:50:34,852 - AresGlobal.UnifiedRegimeClassifier - INFO - State 2: SIDEWAYS (mean_return=-0.0001, mean_vol=0.0119)
2025-08-04 22:50:34,852 - AresGlobal.UnifiedRegimeClassifier - INFO - State 3: SIDEWAYS (mean_return=0.0000, mean_vol=0.0069)
2025-08-04 22:50:34,852 - AresGlobal.UnifiedRegimeClassifier - INFO - ✅ HMM labeler trained successfully
2025-08-04 22:50:34,853 - AresGlobal.UnifiedRegimeClassifier - INFO - 🎯 Step 2: Training basic regime ensemble...
2025-08-04 22:50:34,869 - AresGlobal.UnifiedRegimeClassifier - INFO - Calculated 16 features for 17616 periods
2025-08-04 22:51:16,686 - AresGlobal.UnifiedRegimeClassifier - INFO - ✅ Basic ensemble trained - Train: 0.997, Test: 0.964
2025-08-04 22:51:16,687 - AresGlobal.UnifiedRegimeClassifier - INFO - 🎯 Step 3: Training advanced regime classifier...
2025-08-04 22:51:16,699 - AresGlobal.UnifiedRegimeClassifier - INFO - Calculated 16 features for 17616 periods
2025-08-04 22:51:16,700 - AresGlobal.UnifiedRegimeClassifier - INFO - 🔍 Starting advanced regime detection for 17616 periods...
2025-08-04 22:51:16,700 - AresGlobal.UnifiedRegimeClassifier - INFO - 📊 Candle analyzer available: True
2025-08-04 22:51:16,700 - AresGlobal.UnifiedRegimeClassifier - INFO - 📊 SR analyzer available: True
2025-08-04 22:51:17,232 - AresGlobal.UnifiedRegimeClassifier - INFO - 📊 Advanced regime detection results:
2025-08-04 22:51:17,232 - AresGlobal.UnifiedRegimeClassifier - INFO -    - HUGE_CANDLE: 0 periods
2025-08-04 22:51:17,232 - AresGlobal.UnifiedRegimeClassifier - INFO -    - SR_ZONE_ACTION: 30 periods
2025-08-04 22:51:17,232 - AresGlobal.UnifiedRegimeClassifier - INFO -    - NORMAL: 17586 periods
2025-08-04 22:51:17,232 - AresGlobal.UnifiedRegimeClassifier - INFO -    - Total special cases: 30
2025-08-04 22:51:17,233 - AresGlobal.UnifiedRegimeClassifier - INFO - 📊 Special cases analysis:
2025-08-04 22:51:17,233 - AresGlobal.UnifiedRegimeClassifier - INFO -    - Total periods analyzed: 17616
2025-08-04 22:51:17,233 - AresGlobal.UnifiedRegimeClassifier - INFO -    - Special cases found: 30
2025-08-04 22:51:17,233 - AresGlobal.UnifiedRegimeClassifier - INFO -    - Special case types: {'SR_ZONE_ACTION'}
2025-08-04 22:51:17,233 - AresGlobal.UnifiedRegimeClassifier - WARNING - Only 30 special cases found. Using all data.
2025-08-04 22:51:17,472 - AresGlobal.UnifiedRegimeClassifier - INFO - 📊 Expanded to use all 17616 cases for training
2025-08-04 22:51:17,473 - AresGlobal.UnifiedRegimeClassifier - INFO - 📊 Using 10 features: ['log_returns', 'volatility_20', 'volume_ratio', 'rsi', 'macd', 'bb_position', 'bb_width', 'atr', 'candle_body_ratio', 'price_momentum_5']
2025-08-04 22:51:17,561 - AresGlobal.UnifiedRegimeClassifier - INFO - 📊 Encoded labels: ['NORMAL' 'SR_ZONE_ACTION']
2025-08-04 22:51:17,561 - AresGlobal.UnifiedRegimeClassifier - INFO - 📊 Label distribution: {np.str_('NORMAL'): np.int64(17586), np.str_('SR_ZONE_ACTION'): np.int64(30)}
2025-08-04 22:51:17,565 - AresGlobal.UnifiedRegimeClassifier - INFO - 📊 Training set size: 14092
2025-08-04 22:51:17,565 - AresGlobal.UnifiedRegimeClassifier - INFO - 📊 Test set size: 3524
2025-08-04 22:51:18,052 - AresGlobal.UnifiedRegimeClassifier - INFO - ✅ Advanced classifier trained - Train: 1.000, Test: 0.998
2025-08-04 22:51:18,061 - AresGlobal.UnifiedRegimeClassifier - INFO - HMM model saved to checkpoints/analyst_models/unified_hmm_model_1h.joblib
2025-08-04 22:51:18,081 - AresGlobal.UnifiedRegimeClassifier - INFO - Basic ensemble saved to checkpoints/analyst_models/unified_ensemble_model_1h.joblib
2025-08-04 22:51:18,083 - AresGlobal.UnifiedRegimeClassifier - INFO - Advanced classifier saved to checkpoints/analyst_models/unified_advanced_model_1h.joblib
2025-08-04 22:51:18,083 - AresGlobal.UnifiedRegimeClassifier - INFO - ✅ Complete unified regime classification system trained successfully
2025-08-04 22:51:18,083 - AresGlobal.AresLauncher - INFO - ✅ Unified regime classifier training completed successfully
2025-08-04 22:51:18,091 - AresGlobal - INFO - [SYSTEM] ================================================================================
2025-08-04 22:51:18,091 - AresGlobal - INFO - [SYSTEM] 🛑 ARES LAUNCHER ENDED - Exit code: 0
2025-08-04 22:51:18,091 - AresGlobal - INFO - [SYSTEM] End time: 2025-08-04 22:51:18
2025-08-04 22:51:18,092 - AresGlobal - INFO - [SYSTEM] ================================================================================
2025-08-04 22:51:18,092 - AresGlobal.AresLauncher - INFO - 🧹 Cleaning up processes...
2025-08-04 22:51:18,092 - AresGlobal.AresLauncher - INFO - ✅ Cleanup completed
