{"asctime": "2025-08-11 11:39:07,070", "levelname": "INFO", "name": "AresGlobal", "message": "================================================================================", "correlation_id": "-", "session_id": "-", "timestamp": "2025-08-11T09:39:07.070938+00:00"}
{"asctime": "2025-08-11 11:39:07,071", "levelname": "INFO", "name": "AresGlobal", "message": "ðŸ“Š SESSION SUMMARY", "correlation_id": "-", "session_id": "-", "timestamp": "2025-08-11T09:39:07.071255+00:00"}
{"asctime": "2025-08-11 11:39:07,071", "levelname": "INFO", "name": "AresGlobal", "message": "Session started: 2025-08-11 11:39:07", "correlation_id": "-", "session_id": "-", "timestamp": "2025-08-11T09:39:07.071783+00:00"}
{"asctime": "2025-08-11 11:39:07,072", "levelname": "INFO", "name": "AresGlobal", "message": "This file contains ALL logs for this session", "correlation_id": "-", "session_id": "-", "timestamp": "2025-08-11T09:39:07.072080+00:00"}
{"asctime": "2025-08-11 11:39:07,072", "levelname": "INFO", "name": "AresGlobal", "message": "================================================================================", "correlation_id": "-", "session_id": "-", "timestamp": "2025-08-11T09:39:07.072222+00:00"}
{"asctime": "2025-08-11 11:39:07,072", "levelname": "INFO", "name": "AresGlobal", "message": "[SYSTEM] ================================================================================", "correlation_id": "-", "session_id": "-", "timestamp": "2025-08-11T09:39:07.072663+00:00"}
{"asctime": "2025-08-11 11:39:07,072", "levelname": "INFO", "name": "AresGlobal", "message": "[SYSTEM] ðŸš€ ARES LAUNCHER STARTED - Mode: INITIALIZATION", "correlation_id": "-", "session_id": "-", "timestamp": "2025-08-11T09:39:07.072988+00:00"}
{"asctime": "2025-08-11 11:39:07,073", "levelname": "INFO", "name": "AresGlobal", "message": "[SYSTEM] Start time: 2025-08-11 11:39:07", "correlation_id": "-", "session_id": "-", "timestamp": "2025-08-11T09:39:07.073258+00:00"}
{"asctime": "2025-08-11 11:39:07,073", "levelname": "INFO", "name": "AresGlobal", "message": "[SYSTEM] Log directory: log", "correlation_id": "-", "session_id": "-", "timestamp": "2025-08-11T09:39:07.073469+00:00"}
{"asctime": "2025-08-11 11:39:07,073", "levelname": "INFO", "name": "AresGlobal", "message": "[SYSTEM] ================================================================================", "correlation_id": "-", "session_id": "-", "timestamp": "2025-08-11T09:39:07.073763+00:00"}
{"asctime": "2025-08-11 11:39:07,073", "levelname": "INFO", "name": "AresGlobal.AresLauncher", "message": "================================================================================", "correlation_id": "-", "session_id": "-", "timestamp": "2025-08-11T09:39:07.073879+00:00"}
{"asctime": "2025-08-11 11:39:07,073", "levelname": "INFO", "name": "AresGlobal.AresLauncher", "message": "ðŸš€ ARES COMPREHENSIVE LAUNCHER", "correlation_id": "-", "session_id": "-", "timestamp": "2025-08-11T09:39:07.073994+00:00"}
{"asctime": "2025-08-11 11:39:07,074", "levelname": "INFO", "name": "AresGlobal.AresLauncher", "message": "================================================================================", "correlation_id": "-", "session_id": "-", "timestamp": "2025-08-11T09:39:07.074140+00:00"}
{"asctime": "2025-08-11 11:39:07,074", "levelname": "INFO", "name": "AresGlobal.AresLauncher", "message": "Start time: 2025-08-11 11:39:07", "correlation_id": "-", "session_id": "-", "timestamp": "2025-08-11T09:39:07.074384+00:00"}
{"asctime": "2025-08-11 11:39:07,074", "levelname": "INFO", "name": "AresGlobal.AresLauncher", "message": "Log directory: log", "correlation_id": "-", "session_id": "-", "timestamp": "2025-08-11T09:39:07.074582+00:00"}
{"asctime": "2025-08-11 11:39:07,074", "levelname": "INFO", "name": "AresGlobal.AresLauncher", "message": "Log level: INFO", "correlation_id": "-", "session_id": "-", "timestamp": "2025-08-11T09:39:07.074687+00:00"}
{"asctime": "2025-08-11 11:39:07,074", "levelname": "INFO", "name": "AresGlobal.AresLauncher", "message": "Global log file: ares_global_20250811_113907.log", "correlation_id": "-", "session_id": "-", "timestamp": "2025-08-11T09:39:07.074798+00:00"}
{"asctime": "2025-08-11 11:39:07,074", "levelname": "INFO", "name": "AresGlobal.AresLauncher", "message": "================================================================================", "correlation_id": "-", "session_id": "-", "timestamp": "2025-08-11T09:39:07.074923+00:00"}
{"asctime": "2025-08-11 11:39:07,075", "levelname": "INFO", "name": "AresGlobal", "message": "[SYSTEM] ================================================================================", "correlation_id": "-", "session_id": "-", "timestamp": "2025-08-11T09:39:07.075256+00:00"}
{"asctime": "2025-08-11 11:39:07,075", "levelname": "INFO", "name": "AresGlobal", "message": "[SYSTEM] ðŸš€ ARES LAUNCHER STARTED - Mode: blank - Symbol: ETHUSDT - Exchange: BINANCE", "correlation_id": "-", "session_id": "-", "timestamp": "2025-08-11T09:39:07.075466+00:00"}
{"asctime": "2025-08-11 11:39:07,075", "levelname": "INFO", "name": "AresGlobal", "message": "[SYSTEM] Start time: 2025-08-11 11:39:07", "correlation_id": "-", "session_id": "-", "timestamp": "2025-08-11T09:39:07.075857+00:00"}
{"asctime": "2025-08-11 11:39:07,076", "levelname": "INFO", "name": "AresGlobal", "message": "[SYSTEM] Log directory: log", "correlation_id": "-", "session_id": "-", "timestamp": "2025-08-11T09:39:07.076158+00:00"}
{"asctime": "2025-08-11 11:39:07,076", "levelname": "INFO", "name": "AresGlobal", "message": "[SYSTEM] ================================================================================", "correlation_id": "-", "session_id": "-", "timestamp": "2025-08-11T09:39:07.076749+00:00"}
{"asctime": "2025-08-11 11:39:07,077", "levelname": "INFO", "name": "AresGlobal.AresLauncher", "message": "ðŸš€ Running enhanced 16-step training pipeline for ETHUSDT on BINANCE", "correlation_id": "-", "session_id": "-", "timestamp": "2025-08-11T09:39:07.077331+00:00"}
{"asctime": "2025-08-11 11:39:07,077", "levelname": "INFO", "name": "AresGlobal.AresLauncher", "message": "Starting from step: step4_analyst_labeling_feature_engineering", "correlation_id": "-", "session_id": "-", "timestamp": "2025-08-11T09:39:07.077670+00:00"}
{"asctime": "2025-08-11 11:39:07,078", "levelname": "INFO", "name": "AresGlobal.AresLauncher", "message": "ðŸ§ª BLANK TRAINING MODE: Set BLANK_TRAINING_MODE=1 for step-based training", "correlation_id": "-", "session_id": "-", "timestamp": "2025-08-11T09:39:07.078023+00:00"}
{"asctime": "2025-08-11 11:39:07,081", "levelname": "INFO", "name": "AresGlobal.ProgressManager", "message": "Initialized ProgressManager for ETHUSDT on BINANCE", "correlation_id": "-", "session_id": "-", "timestamp": "2025-08-11T09:39:07.081088+00:00"}
{"asctime": "2025-08-11 11:39:07,081", "levelname": "INFO", "name": "AresGlobal.ProgressManager", "message": "Progress directory: data/training/progress/BINANCE_ETHUSDT", "correlation_id": "-", "session_id": "-", "timestamp": "2025-08-11T09:39:07.081332+00:00"}
{"asctime": "2025-08-11 11:39:07,081", "levelname": "INFO", "name": "AresGlobal.StepOrchestrator", "message": "Initialized StepOrchestrator for ETHUSDT on BINANCE", "correlation_id": "-", "session_id": "-", "timestamp": "2025-08-11T09:39:07.081454+00:00"}
{"asctime": "2025-08-11 11:39:07,081", "levelname": "INFO", "name": "AresGlobal.StepOrchestrator", "message": "ðŸš€ Starting execution from step: step4_analyst_labeling_feature_engineering", "correlation_id": "-", "session_id": "-", "timestamp": "2025-08-11T09:39:07.081969+00:00"}
{"asctime": "2025-08-11 11:39:12,665", "levelname": "INFO", "name": "AresGlobal.EnhancedTrainingManager", "message": "Loaded optimization configuration", "correlation_id": "-", "session_id": "-", "timestamp": "2025-08-11T09:39:12.665636+00:00"}
{"asctime": "2025-08-11 11:39:12,666", "levelname": "INFO", "name": "AresGlobal.EnhancedTrainingManagerOptimized", "message": "Loaded optimization configuration", "correlation_id": "-", "session_id": "-", "timestamp": "2025-08-11T09:39:12.666425+00:00"}
{"asctime": "2025-08-11 11:39:12,666", "levelname": "INFO", "name": "AresGlobal.EnhancedTrainingManager", "message": "ðŸš€ Initializing Enhanced Training Manager...", "correlation_id": "-", "session_id": "-", "timestamp": "2025-08-11T09:39:12.666686+00:00"}
{"asctime": "2025-08-11 11:39:12,666", "levelname": "INFO", "name": "AresGlobal.EnhancedTrainingManager", "message": "ðŸ“Š Blank training mode: False", "correlation_id": "-", "session_id": "-", "timestamp": "2025-08-11T09:39:12.666929+00:00"}
{"asctime": "2025-08-11 11:39:12,667", "levelname": "INFO", "name": "AresGlobal.EnhancedTrainingManager", "message": "ðŸ”§ Max trials: 200", "correlation_id": "-", "session_id": "-", "timestamp": "2025-08-11T09:39:12.667155+00:00"}
{"asctime": "2025-08-11 11:39:12,667", "levelname": "INFO", "name": "AresGlobal.EnhancedTrainingManager", "message": "ðŸ”§ N trials: 100", "correlation_id": "-", "session_id": "-", "timestamp": "2025-08-11T09:39:12.667929+00:00"}
{"asctime": "2025-08-11 11:39:12,668", "levelname": "INFO", "name": "AresGlobal.EnhancedTrainingManager", "message": "ðŸ“ˆ Lookback days: 30", "correlation_id": "-", "session_id": "-", "timestamp": "2025-08-11T09:39:12.668233+00:00"}
{"asctime": "2025-08-11 11:39:12,668", "levelname": "INFO", "name": "AresGlobal.EnhancedTrainingManager", "message": "ðŸš€ Computational optimization: True", "correlation_id": "-", "session_id": "-", "timestamp": "2025-08-11T09:39:12.668468+00:00"}
{"asctime": "2025-08-11 11:39:12,668", "levelname": "INFO", "name": "AresGlobal.EnhancedTrainingManager", "message": "ðŸ“Š Resource Analysis:", "correlation_id": "-", "session_id": "-", "timestamp": "2025-08-11T09:39:12.668975+00:00"}
{"asctime": "2025-08-11 11:39:12,669", "levelname": "INFO", "name": "AresGlobal.EnhancedTrainingManager", "message": "   ðŸ’¾ System Memory: 16.0 GB", "correlation_id": "-", "session_id": "-", "timestamp": "2025-08-11T09:39:12.669343+00:00"}
{"asctime": "2025-08-11 11:39:12,669", "levelname": "INFO", "name": "AresGlobal.EnhancedTrainingManager", "message": "   ðŸ–¥ï¸ CPU Cores: 8", "correlation_id": "-", "session_id": "-", "timestamp": "2025-08-11T09:39:12.669537+00:00"}
{"asctime": "2025-08-11 11:39:12,669", "levelname": "INFO", "name": "AresGlobal.EnhancedTrainingManager", "message": "   ðŸ“ˆ Estimated Memory Usage: 8.0 GB", "correlation_id": "-", "session_id": "-", "timestamp": "2025-08-11T09:39:12.669706+00:00"}
{"asctime": "2025-08-11 11:39:12,669", "levelname": "INFO", "name": "AresGlobal.EnhancedTrainingManager", "message": "   â±ï¸ Estimated Time: 720 minutes (12.0 hours)", "correlation_id": "-", "session_id": "-", "timestamp": "2025-08-11T09:39:12.669873+00:00"}
{"asctime": "2025-08-11 11:39:12,670", "levelname": "INFO", "name": "AresGlobal.EnhancedTrainingManager", "message": "   ðŸ¤– Models to Train: 12", "correlation_id": "-", "session_id": "-", "timestamp": "2025-08-11T09:39:12.670041+00:00"}
{"asctime": "2025-08-11 11:39:12,670", "levelname": "INFO", "name": "AresGlobal.EnhancedTrainingManager", "message": "   ðŸ”§ Optimization Trials: 200", "correlation_id": "-", "session_id": "-", "timestamp": "2025-08-11T09:39:12.670402+00:00"}
{"asctime": "2025-08-11 11:39:12,670", "levelname": "INFO", "name": "AresGlobal.EnhancedTrainingManager", "message": "ðŸ“‹ Step-by-Step Time Estimates:", "correlation_id": "-", "session_id": "-", "timestamp": "2025-08-11T09:39:12.670776+00:00"}
{"asctime": "2025-08-11 11:39:12,671", "levelname": "INFO", "name": "AresGlobal.EnhancedTrainingManager", "message": "   step1_data_collection: 15 min (2.3%)", "correlation_id": "-", "session_id": "-", "timestamp": "2025-08-11T09:39:12.671248+00:00"}
{"asctime": "2025-08-11 11:39:12,671", "levelname": "INFO", "name": "AresGlobal.EnhancedTrainingManager", "message": "   step2_market_regime_classification: 8 min (1.2%)", "correlation_id": "-", "session_id": "-", "timestamp": "2025-08-11T09:39:12.671474+00:00"}
{"asctime": "2025-08-11 11:39:12,671", "levelname": "INFO", "name": "AresGlobal.EnhancedTrainingManager", "message": "   step3_regime_data_splitting: 5 min (0.8%)", "correlation_id": "-", "session_id": "-", "timestamp": "2025-08-11T09:39:12.671847+00:00"}
{"asctime": "2025-08-11 11:39:12,672", "levelname": "INFO", "name": "AresGlobal.EnhancedTrainingManager", "message": "   step4_analyst_labeling_feature_engineering: 60 min (9.0%)", "correlation_id": "-", "session_id": "-", "timestamp": "2025-08-11T09:39:12.672163+00:00"}
{"asctime": "2025-08-11 11:39:12,672", "levelname": "INFO", "name": "AresGlobal.EnhancedTrainingManager", "message": "   step5_analyst_specialist_training: 30 min (4.5%)", "correlation_id": "-", "session_id": "-", "timestamp": "2025-08-11T09:39:12.672454+00:00"}
{"asctime": "2025-08-11 11:39:12,673", "levelname": "INFO", "name": "AresGlobal.EnhancedTrainingManager", "message": "   step6_analyst_enhancement: 25 min (3.8%)", "correlation_id": "-", "session_id": "-", "timestamp": "2025-08-11T09:39:12.673056+00:00"}
{"asctime": "2025-08-11 11:39:12,673", "levelname": "INFO", "name": "AresGlobal.EnhancedTrainingManager", "message": "   step7_analyst_ensemble_creation: 35 min (5.3%)", "correlation_id": "-", "session_id": "-", "timestamp": "2025-08-11T09:39:12.673241+00:00"}
{"asctime": "2025-08-11 11:39:12,673", "levelname": "INFO", "name": "AresGlobal.EnhancedTrainingManager", "message": "   step8_tactician_labeling: 15 min (2.3%)", "correlation_id": "-", "session_id": "-", "timestamp": "2025-08-11T09:39:12.673420+00:00"}
{"asctime": "2025-08-11 11:39:12,673", "levelname": "INFO", "name": "AresGlobal.EnhancedTrainingManager", "message": "   step9_tactician_specialist_training: 30 min (4.5%)", "correlation_id": "-", "session_id": "-", "timestamp": "2025-08-11T09:39:12.673606+00:00"}
{"asctime": "2025-08-11 11:39:12,675", "levelname": "INFO", "name": "AresGlobal.EnhancedTrainingManager", "message": "   step10_tactician_ensemble_creation: 35 min (5.3%)", "correlation_id": "-", "session_id": "-", "timestamp": "2025-08-11T09:39:12.675140+00:00"}
{"asctime": "2025-08-11 11:39:12,675", "levelname": "INFO", "name": "AresGlobal.EnhancedTrainingManager", "message": "   step11_confidence_calibration: 10 min (1.5%)", "correlation_id": "-", "session_id": "-", "timestamp": "2025-08-11T09:39:12.675523+00:00"}
{"asctime": "2025-08-11 11:39:12,675", "levelname": "INFO", "name": "AresGlobal.EnhancedTrainingManager", "message": "   step12_final_parameters_optimization: 240 min (36.2%)", "correlation_id": "-", "session_id": "-", "timestamp": "2025-08-11T09:39:12.675906+00:00"}
{"asctime": "2025-08-11 11:39:12,676", "levelname": "INFO", "name": "AresGlobal.EnhancedTrainingManager", "message": "   step13_walk_forward_validation: 60 min (9.0%)", "correlation_id": "-", "session_id": "-", "timestamp": "2025-08-11T09:39:12.676096+00:00"}
{"asctime": "2025-08-11 11:39:12,676", "levelname": "INFO", "name": "AresGlobal.EnhancedTrainingManager", "message": "   step14_monte_carlo_validation: 60 min (9.0%)", "correlation_id": "-", "session_id": "-", "timestamp": "2025-08-11T09:39:12.676254+00:00"}
{"asctime": "2025-08-11 11:39:12,676", "levelname": "INFO", "name": "AresGlobal.EnhancedTrainingManager", "message": "   step15_ab_testing: 30 min (4.5%)", "correlation_id": "-", "session_id": "-", "timestamp": "2025-08-11T09:39:12.676405+00:00"}
{"asctime": "2025-08-11 11:39:12,676", "levelname": "INFO", "name": "AresGlobal.EnhancedTrainingManager", "message": "   step16_saving: 5 min (0.8%)", "correlation_id": "-", "session_id": "-", "timestamp": "2025-08-11T09:39:12.676554+00:00"}
{"asctime": "2025-08-11 11:39:12,676", "levelname": "INFO", "name": "AresGlobal.EnhancedTrainingManager", "message": "ðŸ’¡ Recommendations:", "correlation_id": "-", "session_id": "-", "timestamp": "2025-08-11T09:39:12.676850+00:00"}
{"asctime": "2025-08-11 11:39:12,677", "levelname": "INFO", "name": "AresGlobal.EnhancedTrainingManager", "message": "   âœ… Full training mode should work well on your system", "correlation_id": "-", "session_id": "-", "timestamp": "2025-08-11T09:39:12.677050+00:00"}
{"asctime": "2025-08-11 11:39:12,677", "levelname": "INFO", "name": "AresGlobal.EnhancedTrainingManager", "message": "ðŸš€ Initializing computational optimization components...", "correlation_id": "-", "session_id": "-", "timestamp": "2025-08-11T09:39:12.677240+00:00"}
{"asctime": "2025-08-11 11:39:12,679", "levelname": "INFO", "name": "AresGlobal.ComputationalOptimizationManager", "message": "Computational Optimization Manager initialized", "correlation_id": "-", "session_id": "-", "timestamp": "2025-08-11T09:39:12.679408+00:00"}
{"asctime": "2025-08-11 11:39:12,680", "levelname": "INFO", "name": "AresGlobal.EnhancedTrainingManager", "message": "âœ… Computational optimization components initialized successfully", "correlation_id": "-", "session_id": "-", "timestamp": "2025-08-11T09:39:12.680087+00:00"}
{"asctime": "2025-08-11 11:39:12,680", "levelname": "INFO", "name": "AresGlobal.EnhancedTrainingManager", "message": "âœ… Enhanced Training Manager initialized successfully", "correlation_id": "-", "session_id": "-", "timestamp": "2025-08-11T09:39:12.680514+00:00"}
{"asctime": "2025-08-11 11:39:12,680", "levelname": "INFO", "name": "AresGlobal.StepOrchestrator", "message": "âœ… Enhanced training manager setup successfully", "correlation_id": "-", "session_id": "-", "timestamp": "2025-08-11T09:39:12.680889+00:00"}
{"asctime": "2025-08-11 11:39:12,681", "levelname": "INFO", "name": "AresGlobal.EnhancedTrainingManager", "message": "================================================================================", "correlation_id": "-", "session_id": "-", "timestamp": "2025-08-11T09:39:12.681146+00:00"}
{"asctime": "2025-08-11 11:39:12,681", "levelname": "INFO", "name": "AresGlobal.EnhancedTrainingManager", "message": "ðŸš€ COMPREHENSIVE 16-STEP ENHANCED TRAINING PIPELINE START", "correlation_id": "-", "session_id": "-", "timestamp": "2025-08-11T09:39:12.681321+00:00"}
{"asctime": "2025-08-11 11:39:12,681", "levelname": "INFO", "name": "AresGlobal.EnhancedTrainingManager", "message": "================================================================================", "correlation_id": "-", "session_id": "-", "timestamp": "2025-08-11T09:39:12.681496+00:00"}
{"asctime": "2025-08-11 11:39:12,681", "levelname": "INFO", "name": "AresGlobal.EnhancedTrainingManager", "message": "ðŸ“… Started at: 2025-08-11 11:39:12", "correlation_id": "-", "session_id": "-", "timestamp": "2025-08-11T09:39:12.681677+00:00"}
{"asctime": "2025-08-11 11:39:12,681", "levelname": "INFO", "name": "AresGlobal.EnhancedTrainingManager", "message": "ðŸŽ¯ Symbol: ETHUSDT", "correlation_id": "-", "session_id": "-", "timestamp": "2025-08-11T09:39:12.681842+00:00"}
{"asctime": "2025-08-11 11:39:12,682", "levelname": "INFO", "name": "AresGlobal.EnhancedTrainingManager", "message": "ðŸ¢ Exchange: BINANCE", "correlation_id": "-", "session_id": "-", "timestamp": "2025-08-11T09:39:12.682144+00:00"}
{"asctime": "2025-08-11 11:39:12,682", "levelname": "INFO", "name": "AresGlobal.EnhancedTrainingManager", "message": "ðŸ“Š Training Mode: N/A", "correlation_id": "-", "session_id": "-", "timestamp": "2025-08-11T09:39:12.682642+00:00"}
{"asctime": "2025-08-11 11:39:12,682", "levelname": "INFO", "name": "AresGlobal.EnhancedTrainingManager", "message": "ðŸ“ˆ Lookback Days: 30", "correlation_id": "-", "session_id": "-", "timestamp": "2025-08-11T09:39:12.682838+00:00"}
{"asctime": "2025-08-11 11:39:12,683", "levelname": "INFO", "name": "AresGlobal.EnhancedTrainingManager", "message": "ðŸ”§ Blank Training Mode: False", "correlation_id": "-", "session_id": "-", "timestamp": "2025-08-11T09:39:12.683009+00:00"}
{"asctime": "2025-08-11 11:39:12,683", "levelname": "INFO", "name": "AresGlobal.EnhancedTrainingManager", "message": "ðŸ”§ Max Trials: 200", "correlation_id": "-", "session_id": "-", "timestamp": "2025-08-11T09:39:12.683173+00:00"}
{"asctime": "2025-08-11 11:39:12,683", "levelname": "INFO", "name": "AresGlobal.EnhancedTrainingManager", "message": "ðŸ”§ N Trials: 100", "correlation_id": "-", "session_id": "-", "timestamp": "2025-08-11T09:39:12.683329+00:00"}
{"asctime": "2025-08-11 11:39:12,683", "levelname": "INFO", "name": "AresGlobal.EnhancedTrainingManager", "message": "ðŸš€ Initializing optimized tools...", "correlation_id": "-", "session_id": "-", "timestamp": "2025-08-11T09:39:12.683491+00:00"}
{"asctime": "2025-08-11 11:39:12,684", "levelname": "INFO", "name": "AresGlobal.EnhancedTrainingManagerOptimized", "message": "ðŸš€ Initializing Enhanced Training Manager with Optimizations...", "correlation_id": "-", "session_id": "-", "timestamp": "2025-08-11T09:39:12.684077+00:00"}
{"asctime": "2025-08-11 11:39:12,699", "levelname": "INFO", "name": "AresGlobal.EnhancedTrainingManagerOptimized", "message": "âœ… Parallel backtester initialized with 8 workers", "correlation_id": "-", "session_id": "-", "timestamp": "2025-08-11T09:39:12.699381+00:00"}
{"asctime": "2025-08-11 11:39:12,700", "levelname": "INFO", "name": "AresGlobal.EnhancedTrainingManagerOptimized", "message": "âœ… All optimization components initialized successfully", "correlation_id": "-", "session_id": "-", "timestamp": "2025-08-11T09:39:12.700791+00:00"}
{"asctime": "2025-08-11 11:39:12,701", "levelname": "INFO", "name": "AresGlobal.EnhancedTrainingManager", "message": "   âœ… Optimized training manager initialized", "correlation_id": "-", "session_id": "-", "timestamp": "2025-08-11T09:39:12.701241+00:00"}
{"asctime": "2025-08-11 11:39:12,701", "levelname": "INFO", "name": "AresGlobal.EnhancedTrainingManager", "message": "   âœ… Streaming processor initialized", "correlation_id": "-", "session_id": "-", "timestamp": "2025-08-11T09:39:12.701475+00:00"}
{"asctime": "2025-08-11 11:39:12,701", "levelname": "INFO", "name": "AresGlobal.EnhancedTrainingManager", "message": "   âœ… Parallel backtester initialized with 8 workers", "correlation_id": "-", "session_id": "-", "timestamp": "2025-08-11T09:39:12.702009+00:00"}
{"asctime": "2025-08-11 11:39:12,702", "levelname": "INFO", "name": "AresGlobal.EnhancedTrainingManager", "message": "   âœ… Adaptive sampler initialized", "correlation_id": "-", "session_id": "-", "timestamp": "2025-08-11T09:39:12.702214+00:00"}
{"asctime": "2025-08-11 11:39:12,702", "levelname": "INFO", "name": "AresGlobal.EnhancedTrainingManager", "message": "   âœ… Incremental trainer initialized", "correlation_id": "-", "session_id": "-", "timestamp": "2025-08-11T09:39:12.702436+00:00"}
{"asctime": "2025-08-11 11:39:12,702", "levelname": "INFO", "name": "AresGlobal.EnhancedTrainingManager", "message": "âœ… All optimized tools initialized successfully", "correlation_id": "-", "session_id": "-", "timestamp": "2025-08-11T09:39:12.702636+00:00"}
{"asctime": "2025-08-11 11:39:12,703", "levelname": "INFO", "name": "AresGlobal.EnhancedTrainingManager", "message": "ðŸ“‚ Checkpoint loaded: step4_analyst_labeling_feature_engineering from checkpoints/BINANCE/ETHUSDT/1m/training_progress.json", "correlation_id": "-", "session_id": "-", "timestamp": "2025-08-11T09:39:12.703598+00:00"}
{"asctime": "2025-08-11 11:39:12,703", "levelname": "INFO", "name": "AresGlobal.EnhancedTrainingManager", "message": "ðŸ”„ Resuming from checkpoint...", "correlation_id": "-", "session_id": "-", "timestamp": "2025-08-11T09:39:12.703827+00:00"}
{"asctime": "2025-08-11 11:39:12,703", "levelname": "INFO", "name": "AresGlobal.EnhancedTrainingManager", "message": "ðŸ“‚ Last completed step: step4_analyst_labeling_feature_engineering", "correlation_id": "-", "session_id": "-", "timestamp": "2025-08-11T09:39:12.704005+00:00"}
{"asctime": "2025-08-11 11:39:12,704", "levelname": "INFO", "name": "AresGlobal.EnhancedTrainingManager", "message": "====================================================================================================", "correlation_id": "-", "session_id": "-", "timestamp": "2025-08-11T09:39:12.704616+00:00"}
{"asctime": "2025-08-11 11:39:12,704", "levelname": "INFO", "name": "AresGlobal.EnhancedTrainingManager", "message": "ðŸš€ COMPREHENSIVE TRAINING PIPELINE START", "correlation_id": "-", "session_id": "-", "timestamp": "2025-08-11T09:39:12.704972+00:00"}
{"asctime": "2025-08-11 11:39:12,705", "levelname": "INFO", "name": "AresGlobal.EnhancedTrainingManager", "message": "====================================================================================================", "correlation_id": "-", "session_id": "-", "timestamp": "2025-08-11T09:39:12.705179+00:00"}
{"asctime": "2025-08-11 11:39:12,705", "levelname": "INFO", "name": "AresGlobal.EnhancedTrainingManager", "message": "ðŸ“… Started at: 2025-08-11 11:39:12", "correlation_id": "-", "session_id": "-", "timestamp": "2025-08-11T09:39:12.705428+00:00"}
{"asctime": "2025-08-11 11:39:12,705", "levelname": "INFO", "name": "AresGlobal.EnhancedTrainingManager", "message": "ðŸŽ¯ Symbol: ETHUSDT", "correlation_id": "-", "session_id": "-", "timestamp": "2025-08-11T09:39:12.705823+00:00"}
{"asctime": "2025-08-11 11:39:12,706", "levelname": "INFO", "name": "AresGlobal.EnhancedTrainingManager", "message": "ðŸ¢ Exchange: BINANCE", "correlation_id": "-", "session_id": "-", "timestamp": "2025-08-11T09:39:12.706262+00:00"}
{"asctime": "2025-08-11 11:39:12,706", "levelname": "INFO", "name": "AresGlobal.EnhancedTrainingManager", "message": "ðŸ“Š Timeframe: 1m", "correlation_id": "-", "session_id": "-", "timestamp": "2025-08-11T09:39:12.706683+00:00"}
{"asctime": "2025-08-11 11:39:12,707", "levelname": "INFO", "name": "AresGlobal.EnhancedTrainingManager", "message": "ðŸ§  Training Mode: Full", "correlation_id": "-", "session_id": "-", "timestamp": "2025-08-11T09:39:12.707210+00:00"}
{"asctime": "2025-08-11 11:39:12,707", "levelname": "INFO", "name": "AresGlobal.EnhancedTrainingManager", "message": "ðŸ”§ Max Trials: 200", "correlation_id": "-", "session_id": "-", "timestamp": "2025-08-11T09:39:12.707460+00:00"}
{"asctime": "2025-08-11 11:39:12,707", "levelname": "INFO", "name": "AresGlobal.EnhancedTrainingManager", "message": "ðŸ“ˆ Lookback Days: 30", "correlation_id": "-", "session_id": "-", "timestamp": "2025-08-11T09:39:12.707795+00:00"}
{"asctime": "2025-08-11 11:39:12,707", "levelname": "INFO", "name": "AresGlobal.EnhancedTrainingManager", "message": "ðŸ’¾ Memory Optimization: Enabled", "correlation_id": "-", "session_id": "-", "timestamp": "2025-08-11T09:39:12.707966+00:00"}
{"asctime": "2025-08-11 11:39:12,708", "levelname": "INFO", "name": "AresGlobal.EnhancedTrainingManager", "message": "ðŸš€ Starting from step: step4_analyst_labeling_feature_engineering", "correlation_id": "-", "session_id": "-", "timestamp": "2025-08-11T09:39:12.708129+00:00"}
{"asctime": "2025-08-11 11:39:12,708", "levelname": "INFO", "name": "AresGlobal.EnhancedTrainingManager", "message": "====================================================================================================", "correlation_id": "-", "session_id": "-", "timestamp": "2025-08-11T09:39:12.708302+00:00"}
{"asctime": "2025-08-11 11:39:12,708", "levelname": "INFO", "name": "AresGlobal.EnhancedTrainingManager", "message": "â­ï¸  Skipping Step 1: Data Collection (using pre-consolidated data)", "correlation_id": "-", "session_id": "-", "timestamp": "2025-08-11T09:39:12.708820+00:00"}
{"asctime": "2025-08-11 11:39:12,709", "levelname": "INFO", "name": "AresGlobal.EnhancedTrainingManager", "message": "ðŸŽ­ STEP 2: Market Regime Classification...", "correlation_id": "-", "session_id": "-", "timestamp": "2025-08-11T09:39:12.709131+00:00"}
{"asctime": "2025-08-11 11:39:12,709", "levelname": "INFO", "name": "AresGlobal.EnhancedTrainingManager", "message": "   ðŸ§  Analyzing market regimes and volatility patterns...", "correlation_id": "-", "session_id": "-", "timestamp": "2025-08-11T09:39:12.709391+00:00"}
{"asctime": "2025-08-11 11:39:17,364", "levelname": "INFO", "name": "AresGlobal.AresLauncher", "message": "ðŸ§¹ Cleaning up processes...", "correlation_id": "-", "session_id": "-", "timestamp": "2025-08-11T09:39:17.364249+00:00"}
{"asctime": "2025-08-11 11:39:17,364", "levelname": "INFO", "name": "AresGlobal.AresLauncher", "message": "âœ… Cleanup completed", "correlation_id": "-", "session_id": "-", "timestamp": "2025-08-11T09:39:17.364862+00:00"}
{"asctime": "2025-08-11 11:39:22,195", "levelname": "INFO", "name": "AresGlobal.EnhancedTrainingManager", "message": "ðŸ” Running validator for step2_market_regime_classification", "correlation_id": "-", "session_id": "-", "timestamp": "2025-08-11T09:39:22.195272+00:00"}
{"asctime": "2025-08-11 11:39:22,196", "levelname": "INFO", "name": "AresGlobal.ValidatorOrchestrator", "message": "ðŸ” Running validator for step2_market_regime_classification", "correlation_id": "-", "session_id": "-", "timestamp": "2025-08-11T09:39:22.196034+00:00"}
{"asctime": "2025-08-11 11:39:22,198", "levelname": "INFO", "name": "AresGlobal.Step2MarketRegimeClassificationValidator", "message": "ðŸ” Validating market regime classification step...", "correlation_id": "-", "session_id": "-", "timestamp": "2025-08-11T09:39:22.198324+00:00"}
{"asctime": "2025-08-11 11:39:22,199", "levelname": "INFO", "name": "AresGlobal.Step2MarketRegimeClassificationValidator", "message": "ðŸ”§ read_parquet start path=data/training/BINANCE_ETHUSDT_regime_classification.parquet columns=regime_columns", "correlation_id": "-", "session_id": "-", "timestamp": "2025-08-11T09:39:22.199360+00:00"}
{"asctime": "2025-08-11 11:39:22,203", "levelname": "INFO", "name": "AresGlobal.Step2MarketRegimeClassificationValidator", "message": "âœ… read_parquet ok path=data/training/BINANCE_ETHUSDT_regime_classification.parquet elapsed=0.004s size=14.4KB", "correlation_id": "-", "session_id": "-", "timestamp": "2025-08-11T09:39:22.203473+00:00"}
{"asctime": "2025-08-11 11:39:22,204", "levelname": "INFO", "name": "AresGlobal.Step2MarketRegimeClassificationValidator", "message": "âœ… Regime distribution validation passed: 2 regimes", "correlation_id": "-", "session_id": "-", "timestamp": "2025-08-11T09:39:22.204232+00:00"}
{"asctime": "2025-08-11 11:39:22,205", "levelname": "INFO", "name": "AresGlobal.Step2MarketRegimeClassificationValidator", "message": "âœ… Regime transitions validation passed: 4 transition types", "correlation_id": "-", "session_id": "-", "timestamp": "2025-08-11T09:39:22.205071+00:00"}
{"asctime": "2025-08-11 11:39:22,205", "levelname": "INFO", "name": "AresGlobal.Step2MarketRegimeClassificationValidator", "message": "âœ… Market regime classification validation passed (critical checks only)", "correlation_id": "-", "session_id": "-", "timestamp": "2025-08-11T09:39:22.205390+00:00"}
{"asctime": "2025-08-11 11:39:22,205", "levelname": "INFO", "name": "AresGlobal.ValidatorOrchestrator", "message": "âœ… Validator for step2_market_regime_classification completed: True", "correlation_id": "-", "session_id": "-", "timestamp": "2025-08-11T09:39:22.205741+00:00"}
{"asctime": "2025-08-11 11:39:22,206", "levelname": "INFO", "name": "AresGlobal.EnhancedTrainingManager", "message": "âœ… step2_market_regime_classification validation passed", "correlation_id": "-", "session_id": "-", "timestamp": "2025-08-11T09:39:22.206092+00:00"}
{"asctime": "2025-08-11 11:39:22,311", "levelname": "INFO", "name": "AresGlobal.EnhancedTrainingManager", "message": "âœ… Step 2: Market Regime Classification: completed successfully in 9.50s", "correlation_id": "-", "session_id": "-", "timestamp": "2025-08-11T09:39:22.311343+00:00"}
{"asctime": "2025-08-11 11:39:22,312", "levelname": "INFO", "name": "AresGlobal.EnhancedTrainingManager", "message": "ðŸ’¾ Process Memory: 416.7 MB | CPU: 0.1%", "correlation_id": "-", "session_id": "-", "timestamp": "2025-08-11T09:39:22.312604+00:00"}
{"asctime": "2025-08-11 11:39:22,313", "levelname": "INFO", "name": "AresGlobal.EnhancedTrainingManager", "message": "ðŸ–¥ï¸ System Memory: 60.2% | Available: 6.4 GB", "correlation_id": "-", "session_id": "-", "timestamp": "2025-08-11T09:39:22.313201+00:00"}
{"asctime": "2025-08-11 11:39:22,313", "levelname": "INFO", "name": "AresGlobal.EnhancedTrainingManager", "message": "ðŸ“Š Progress: 6.2% (1/16)", "correlation_id": "-", "session_id": "-", "timestamp": "2025-08-11T09:39:22.313774+00:00"}
{"asctime": "2025-08-11 11:39:22,315", "levelname": "INFO", "name": "AresGlobal.EnhancedTrainingManager", "message": "ðŸ’¾ Checkpoint saved: step2_market_regime_classification -> checkpoints/BINANCE/ETHUSDT/1m/training_progress.json", "correlation_id": "-", "session_id": "-", "timestamp": "2025-08-11T09:39:22.315506+00:00"}
{"asctime": "2025-08-11 11:39:22,316", "levelname": "INFO", "name": "AresGlobal.EnhancedTrainingManager", "message": "ðŸ“Š STEP 3: Regime Data Splitting...", "correlation_id": "-", "session_id": "-", "timestamp": "2025-08-11T09:39:22.316272+00:00"}
{"asctime": "2025-08-11 11:39:22,316", "levelname": "INFO", "name": "AresGlobal.EnhancedTrainingManager", "message": "   ðŸ“ˆ Splitting data by market regimes for specialized training...", "correlation_id": "-", "session_id": "-", "timestamp": "2025-08-11T09:39:22.316716+00:00"}
{"asctime": "2025-08-11 11:40:13,574", "levelname": "INFO", "name": "AresGlobal.EnhancedTrainingManager", "message": "ðŸ” Running validator for step3_regime_data_splitting", "correlation_id": "-", "session_id": "-", "timestamp": "2025-08-11T09:40:13.574754+00:00"}
{"asctime": "2025-08-11 11:40:13,575", "levelname": "INFO", "name": "AresGlobal.ValidatorOrchestrator", "message": "ðŸ” Running validator for step3_regime_data_splitting", "correlation_id": "-", "session_id": "-", "timestamp": "2025-08-11T09:40:13.575032+00:00"}
{"asctime": "2025-08-11 11:40:13,576", "levelname": "INFO", "name": "AresGlobal.Step3RegimeDataSplittingValidator", "message": "ðŸ”§ BLANK MODE: Using very lenient validation parameters", "correlation_id": "-", "session_id": "-", "timestamp": "2025-08-11T09:40:13.576046+00:00"}
{"asctime": "2025-08-11 11:40:13,576", "levelname": "INFO", "name": "AresGlobal.Step3RegimeDataSplittingValidator", "message": "ðŸ” Validating regime data splitting step...", "correlation_id": "-", "session_id": "-", "timestamp": "2025-08-11T09:40:13.576244+00:00"}
{"asctime": "2025-08-11 11:40:13,576", "levelname": "INFO", "name": "AresGlobal.Step3RegimeDataSplittingValidator", "message": "âœ… All split data files exist", "correlation_id": "-", "session_id": "-", "timestamp": "2025-08-11T09:40:13.576394+00:00"}
{"asctime": "2025-08-11 11:40:13,576", "levelname": "INFO", "name": "AresGlobal.Step3RegimeDataSplittingValidator", "message": "ðŸ”§ read_parquet start path=data/training/BINANCE_ETHUSDT_train_data.parquet columns=regime_columns", "correlation_id": "-", "session_id": "-", "timestamp": "2025-08-11T09:40:13.576987+00:00"}
{"asctime": "2025-08-11 11:40:13,586", "levelname": "INFO", "name": "AresGlobal.Step3RegimeDataSplittingValidator", "message": "âœ… read_parquet ok path=data/training/BINANCE_ETHUSDT_train_data.parquet elapsed=0.009s size=11.3MB", "correlation_id": "-", "session_id": "-", "timestamp": "2025-08-11T09:40:13.586048+00:00"}
{"asctime": "2025-08-11 11:40:13,620", "levelname": "INFO", "name": "AresGlobal.Step3RegimeDataSplittingValidator", "message": "ðŸ§® train_data: rows=179683 cols=3 memory=12.51MB dtypes={'datetime64[ns]': 1, 'object': 1, 'float64': 1}", "correlation_id": "-", "session_id": "-", "timestamp": "2025-08-11T09:40:13.620918+00:00"}
{"asctime": "2025-08-11 11:40:13,630", "levelname": "INFO", "name": "AresGlobal.Step3RegimeDataSplittingValidator", "message": "ðŸ§ª train_data nulls (first 10 cols): {'timestamp': 0, 'regime': 0, 'confidence': 0}", "correlation_id": "-", "session_id": "-", "timestamp": "2025-08-11T09:40:13.630984+00:00"}
{"asctime": "2025-08-11 11:40:13,689", "levelname": "WARNING", "name": "AresGlobal.Step3RegimeDataSplittingValidator", "message": "âš ï¸ train split missing columns: ['open', 'high', 'low', 'close', 'volume'] - continuing with caution in BLANK mode", "correlation_id": "-", "session_id": "-", "timestamp": "2025-08-11T09:40:13.689791+00:00"}
{"asctime": "2025-08-11 11:40:13,690", "levelname": "INFO", "name": "AresGlobal.Step3RegimeDataSplittingValidator", "message": "ðŸ”§ read_parquet start path=data/training/BINANCE_ETHUSDT_validation_data.parquet columns=regime_columns", "correlation_id": "-", "session_id": "-", "timestamp": "2025-08-11T09:40:13.690113+00:00"}
{"asctime": "2025-08-11 11:40:13,694", "levelname": "INFO", "name": "AresGlobal.Step3RegimeDataSplittingValidator", "message": "âœ… read_parquet ok path=data/training/BINANCE_ETHUSDT_validation_data.parquet elapsed=0.004s size=2.6MB", "correlation_id": "-", "session_id": "-", "timestamp": "2025-08-11T09:40:13.694060+00:00"}
{"asctime": "2025-08-11 11:40:13,702", "levelname": "INFO", "name": "AresGlobal.Step3RegimeDataSplittingValidator", "message": "ðŸ§® validation_data: rows=38503 cols=3 memory=2.68MB dtypes={'datetime64[ns]': 1, 'object': 1, 'float64': 1}", "correlation_id": "-", "session_id": "-", "timestamp": "2025-08-11T09:40:13.702615+00:00"}
{"asctime": "2025-08-11 11:40:13,705", "levelname": "INFO", "name": "AresGlobal.Step3RegimeDataSplittingValidator", "message": "ðŸ§ª validation_data nulls (first 10 cols): {'timestamp': 0, 'regime': 0, 'confidence': 0}", "correlation_id": "-", "session_id": "-", "timestamp": "2025-08-11T09:40:13.705196+00:00"}
{"asctime": "2025-08-11 11:40:13,720", "levelname": "WARNING", "name": "AresGlobal.Step3RegimeDataSplittingValidator", "message": "âš ï¸ validation split missing columns: ['open', 'high', 'low', 'close', 'volume'] - continuing with caution in BLANK mode", "correlation_id": "-", "session_id": "-", "timestamp": "2025-08-11T09:40:13.720109+00:00"}
{"asctime": "2025-08-11 11:40:13,720", "levelname": "INFO", "name": "AresGlobal.Step3RegimeDataSplittingValidator", "message": "ðŸ”§ read_parquet start path=data/training/BINANCE_ETHUSDT_test_data.parquet columns=regime_columns", "correlation_id": "-", "session_id": "-", "timestamp": "2025-08-11T09:40:13.720388+00:00"}
{"asctime": "2025-08-11 11:40:13,723", "levelname": "INFO", "name": "AresGlobal.Step3RegimeDataSplittingValidator", "message": "âœ… read_parquet ok path=data/training/BINANCE_ETHUSDT_test_data.parquet elapsed=0.003s size=2.2MB", "correlation_id": "-", "session_id": "-", "timestamp": "2025-08-11T09:40:13.723538+00:00"}
{"asctime": "2025-08-11 11:40:13,732", "levelname": "INFO", "name": "AresGlobal.Step3RegimeDataSplittingValidator", "message": "ðŸ§® test_data: rows=38504 cols=3 memory=2.68MB dtypes={'datetime64[ns]': 1, 'object': 1, 'float64': 1}", "correlation_id": "-", "session_id": "-", "timestamp": "2025-08-11T09:40:13.732153+00:00"}
{"asctime": "2025-08-11 11:40:13,734", "levelname": "INFO", "name": "AresGlobal.Step3RegimeDataSplittingValidator", "message": "ðŸ§ª test_data nulls (first 10 cols): {'timestamp': 0, 'regime': 0, 'confidence': 0}", "correlation_id": "-", "session_id": "-", "timestamp": "2025-08-11T09:40:13.734761+00:00"}
{"asctime": "2025-08-11 11:40:13,750", "levelname": "WARNING", "name": "AresGlobal.Step3RegimeDataSplittingValidator", "message": "âš ï¸ test split missing columns: ['open', 'high', 'low', 'close', 'volume'] - continuing with caution in BLANK mode", "correlation_id": "-", "session_id": "-", "timestamp": "2025-08-11T09:40:13.750251+00:00"}
{"asctime": "2025-08-11 11:40:13,750", "levelname": "INFO", "name": "AresGlobal.Step3RegimeDataSplittingValidator", "message": "âœ… All split data quality validation passed", "correlation_id": "-", "session_id": "-", "timestamp": "2025-08-11T09:40:13.750529+00:00"}
{"asctime": "2025-08-11 11:40:13,752", "levelname": "INFO", "name": "AresGlobal.Step3RegimeDataSplittingValidator", "message": "âœ… train proportion 0.799 within expected range (0.500-0.850)", "correlation_id": "-", "session_id": "-", "timestamp": "2025-08-11T09:40:13.752645+00:00"}
{"asctime": "2025-08-11 11:40:13,752", "levelname": "INFO", "name": "AresGlobal.Step3RegimeDataSplittingValidator", "message": "âœ… validation proportion 0.100 within expected range (0.050-0.250)", "correlation_id": "-", "session_id": "-", "timestamp": "2025-08-11T09:40:13.752799+00:00"}
{"asctime": "2025-08-11 11:40:13,752", "levelname": "INFO", "name": "AresGlobal.Step3RegimeDataSplittingValidator", "message": "âœ… test proportion 0.101 within expected range (0.050-0.250)", "correlation_id": "-", "session_id": "-", "timestamp": "2025-08-11T09:40:13.752898+00:00"}
{"asctime": "2025-08-11 11:40:13,753", "levelname": "INFO", "name": "AresGlobal.Step3RegimeDataSplittingValidator", "message": "âœ… Split proportions validation passed: {'train': 0.7991587802313355, 'validation': 0.09989484752891693, 'test': 0.10094637223974763}", "correlation_id": "-", "session_id": "-", "timestamp": "2025-08-11T09:40:13.753035+00:00"}
{"asctime": "2025-08-11 11:40:13,754", "levelname": "INFO", "name": "AresGlobal.Step3RegimeDataSplittingValidator", "message": "âœ… Split consistency validation passed", "correlation_id": "-", "session_id": "-", "timestamp": "2025-08-11T09:40:13.754253+00:00"}
{"asctime": "2025-08-11 11:40:13,754", "levelname": "INFO", "name": "AresGlobal.Step3RegimeDataSplittingValidator", "message": "âœ… Regime data splitting validation passed (critical checks only)", "correlation_id": "-", "session_id": "-", "timestamp": "2025-08-11T09:40:13.754412+00:00"}
{"asctime": "2025-08-11 11:40:13,754", "levelname": "INFO", "name": "AresGlobal.ValidatorOrchestrator", "message": "âœ… Validator for step3_regime_data_splitting completed: True", "correlation_id": "-", "session_id": "-", "timestamp": "2025-08-11T09:40:13.754517+00:00"}
{"asctime": "2025-08-11 11:40:13,754", "levelname": "INFO", "name": "AresGlobal.EnhancedTrainingManager", "message": "âœ… step3_regime_data_splitting validation passed", "correlation_id": "-", "session_id": "-", "timestamp": "2025-08-11T09:40:13.754707+00:00"}
{"asctime": "2025-08-11 11:40:13,860", "levelname": "INFO", "name": "AresGlobal.EnhancedTrainingManager", "message": "âœ… Step 3: Regime Data Splitting: completed successfully in 51.44s", "correlation_id": "-", "session_id": "-", "timestamp": "2025-08-11T09:40:13.860210+00:00"}
{"asctime": "2025-08-11 11:40:13,860", "levelname": "INFO", "name": "AresGlobal.EnhancedTrainingManager", "message": "ðŸ’¾ Process Memory: 948.0 MB | CPU: 0.1%", "correlation_id": "-", "session_id": "-", "timestamp": "2025-08-11T09:40:13.860469+00:00"}
{"asctime": "2025-08-11 11:40:13,860", "levelname": "INFO", "name": "AresGlobal.EnhancedTrainingManager", "message": "ðŸ–¥ï¸ System Memory: 61.0% | Available: 6.2 GB", "correlation_id": "-", "session_id": "-", "timestamp": "2025-08-11T09:40:13.860592+00:00"}
{"asctime": "2025-08-11 11:40:13,860", "levelname": "INFO", "name": "AresGlobal.EnhancedTrainingManager", "message": "ðŸ“Š Progress: 12.5% (2/16)", "correlation_id": "-", "session_id": "-", "timestamp": "2025-08-11T09:40:13.860709+00:00"}
{"asctime": "2025-08-11 11:40:13,861", "levelname": "INFO", "name": "AresGlobal.EnhancedTrainingManager", "message": "ðŸ’¾ Checkpoint saved: step3_regime_data_splitting -> checkpoints/BINANCE/ETHUSDT/1m/training_progress.json", "correlation_id": "-", "session_id": "-", "timestamp": "2025-08-11T09:40:13.861665+00:00"}
{"asctime": "2025-08-11 11:40:13,861", "levelname": "INFO", "name": "AresGlobal.EnhancedTrainingManager", "message": "ðŸ§  STEP 4: Analyst Labeling & Feature Engineering...", "correlation_id": "-", "session_id": "-", "timestamp": "2025-08-11T09:40:13.861829+00:00"}
{"asctime": "2025-08-11 11:40:13,934", "levelname": "INFO", "name": "AresGlobal.OptimizedTripleBarrierLabeling", "message": "ðŸ”– Triple barrier labeling configured for binary classification (BUY/SELL only)", "correlation_id": "-", "session_id": "-", "timestamp": "2025-08-11T09:40:13.934941+00:00"}
{"asctime": "2025-08-11 11:40:13,935", "levelname": "INFO", "name": "AresGlobal.OptimizedTripleBarrierLabeling", "message": "   â†’ HOLD samples will be automatically filtered out", "correlation_id": "-", "session_id": "-", "timestamp": "2025-08-11T09:40:13.935147+00:00"}
{"asctime": "2025-08-11 11:40:13,935", "levelname": "INFO", "name": "AresGlobal.OptimizedTripleBarrierLabeling", "message": "   â†’ This addresses label imbalance issues", "correlation_id": "-", "session_id": "-", "timestamp": "2025-08-11T09:40:13.935254+00:00"}
{"asctime": "2025-08-11 11:48:51,574", "levelname": "INFO", "name": "AresGlobal.OptimizedTripleBarrierLabeling", "message": "Applying triple barrier labeling | cols=['timestamp', 'open', 'high', 'low', 'close', 'volume', 'year', 'month', 'day', 'exchange', 'symbol', 'timeframe', 'trade_volume', 'trade_count', 'avg_price', 'min_price', 'max_price', 'volume_ratio', 'funding_rate', 'close_returns', 'open_returns', 'high_returns', 'low_returns', 'close_log', 'open_log', 'high_log', 'low_log', 'close_detrended'] shape=(256689, 28)", "correlation_id": "-", "session_id": "-", "timestamp": "2025-08-11T09:48:51.574658+00:00"}
{"asctime": "2025-08-11 11:48:52,858", "levelname": "INFO", "name": "AresGlobal.OptimizedTripleBarrierLabeling", "message": "ðŸ“Š Label distribution after filtering:", "correlation_id": "-", "session_id": "-", "timestamp": "2025-08-11T09:48:52.858130+00:00"}
{"asctime": "2025-08-11 11:48:52,859", "levelname": "INFO", "name": "AresGlobal.OptimizedTripleBarrierLabeling", "message": "   BUY (1): 89614 samples", "correlation_id": "-", "session_id": "-", "timestamp": "2025-08-11T09:48:52.859335+00:00"}
{"asctime": "2025-08-11 11:48:52,860", "levelname": "INFO", "name": "AresGlobal.OptimizedTripleBarrierLabeling", "message": "   SELL (-1): 166975 samples", "correlation_id": "-", "session_id": "-", "timestamp": "2025-08-11T09:48:52.860207+00:00"}
{"asctime": "2025-08-11 11:48:52,860", "levelname": "INFO", "name": "AresGlobal.OptimizedTripleBarrierLabeling", "message": "   HOLD (0): 100 samples (removed)", "correlation_id": "-", "session_id": "-", "timestamp": "2025-08-11T09:48:52.860469+00:00"}
{"asctime": "2025-08-11 11:48:52,860", "levelname": "INFO", "name": "AresGlobal.OptimizedTripleBarrierLabeling", "message": "   Total samples: 256589 (from 256689)", "correlation_id": "-", "session_id": "-", "timestamp": "2025-08-11T09:48:52.860694+00:00"}
{"asctime": "2025-08-11 11:48:52,860", "levelname": "INFO", "name": "AresGlobal.OptimizedTripleBarrierLabeling", "message": "   Filtering ratio: 0.0% HOLD samples removed", "correlation_id": "-", "session_id": "-", "timestamp": "2025-08-11T09:48:52.860906+00:00"}
{"asctime": "2025-08-11 11:48:52,877", "levelname": "INFO", "name": "AresGlobal.OptimizedTripleBarrierLabeling", "message": "", "correlation_id": "-", "session_id": "-", "msg": "Triple-barrier labeling diagnostics", "distribution": {"-1": "166975", "1": "89614"}, "long_nextbar_agree": 0.7656, "short_nextbar_agree": 0.6375, "overall_nextbar_agree": 0.6822, "timestamp": "2025-08-11T09:48:52.877316+00:00"}
{"asctime": "2025-08-11 11:48:54,302", "levelname": "INFO", "name": "AresGlobal.MemoryEfficientDataManager", "message": "Optimized DataFrame memory usage", "correlation_id": "-", "session_id": "-", "timestamp": "2025-08-11T09:48:54.302424+00:00"}
{"asctime": "2025-08-11 11:48:54,302", "levelname": "INFO", "name": "AresGlobal.MemoryEfficientDataManager", "message": "Optimized DataFrame memory usage", "correlation_id": "-", "session_id": "-", "timestamp": "2025-08-11T09:48:54.302723+00:00"}
{"asctime": "2025-08-11 11:48:54,302", "levelname": "INFO", "name": "AresGlobal.MemoryEfficientDataManager", "message": "Optimized DataFrame memory usage", "correlation_id": "-", "session_id": "-", "timestamp": "2025-08-11T09:48:54.302981+00:00"}
{"asctime": "2025-08-11 11:48:54,313", "levelname": "INFO", "name": "AresGlobal.MemoryEfficientDataManager", "message": "Optimized DataFrame memory usage", "correlation_id": "-", "session_id": "-", "timestamp": "2025-08-11T09:48:54.313207+00:00"}
{"asctime": "2025-08-11 11:48:54,313", "levelname": "INFO", "name": "AresGlobal.MemoryEfficientDataManager", "message": "Optimized DataFrame memory usage", "correlation_id": "-", "session_id": "-", "timestamp": "2025-08-11T09:48:54.313698+00:00"}
{"asctime": "2025-08-11 11:48:54,314", "levelname": "INFO", "name": "AresGlobal.MemoryEfficientDataManager", "message": "Optimized DataFrame memory usage", "correlation_id": "-", "session_id": "-", "timestamp": "2025-08-11T09:48:54.314083+00:00"}
{"asctime": "2025-08-11 11:48:54,321", "levelname": "INFO", "name": "AresGlobal.MemoryEfficientDataManager", "message": "Optimized DataFrame memory usage", "correlation_id": "-", "session_id": "-", "timestamp": "2025-08-11T09:48:54.321652+00:00"}
{"asctime": "2025-08-11 11:48:54,322", "levelname": "INFO", "name": "AresGlobal.MemoryEfficientDataManager", "message": "Optimized DataFrame memory usage", "correlation_id": "-", "session_id": "-", "timestamp": "2025-08-11T09:48:54.322041+00:00"}
{"asctime": "2025-08-11 11:48:54,322", "levelname": "INFO", "name": "AresGlobal.MemoryEfficientDataManager", "message": "Optimized DataFrame memory usage", "correlation_id": "-", "session_id": "-", "timestamp": "2025-08-11T09:48:54.322359+00:00"}
{"asctime": "2025-08-11 11:48:54,332", "levelname": "INFO", "name": "AresGlobal.MemoryEfficientDataManager", "message": "Optimized DataFrame memory usage", "correlation_id": "-", "session_id": "-", "timestamp": "2025-08-11T09:48:54.332583+00:00"}
{"asctime": "2025-08-11 11:48:54,332", "levelname": "INFO", "name": "AresGlobal.MemoryEfficientDataManager", "message": "Optimized DataFrame memory usage", "correlation_id": "-", "session_id": "-", "timestamp": "2025-08-11T09:48:54.332902+00:00"}
{"asctime": "2025-08-11 11:48:54,333", "levelname": "INFO", "name": "AresGlobal.MemoryEfficientDataManager", "message": "Optimized DataFrame memory usage", "correlation_id": "-", "session_id": "-", "timestamp": "2025-08-11T09:48:54.333293+00:00"}
{"asctime": "2025-08-11 11:48:54,372", "levelname": "INFO", "name": "AresGlobal.EnhancedTrainingManager", "message": "ðŸ’¾ Checkpoint saved: step4_analyst_labeling_feature_engineering -> checkpoints/BINANCE/ETHUSDT/1m/training_progress.json", "correlation_id": "-", "session_id": "-", "timestamp": "2025-08-11T09:48:54.372974+00:00"}
{"asctime": "2025-08-11 11:48:54,472", "levelname": "INFO", "name": "AresGlobal.EnhancedTrainingManager", "message": "ðŸ§¹ Memory optimization: 1871.1 MB before cleanup", "correlation_id": "-", "session_id": "-", "timestamp": "2025-08-11T09:48:54.472780+00:00"}
{"asctime": "2025-08-11 11:48:54,571", "levelname": "INFO", "name": "AresGlobal.EnhancedTrainingManager", "message": "ðŸ§¹ Memory optimization: 1871.1 MB after cleanup (saved 0.0 MB)", "correlation_id": "-", "session_id": "-", "timestamp": "2025-08-11T09:48:54.571261+00:00"}
{"asctime": "2025-08-11 11:48:54,571", "levelname": "INFO", "name": "AresGlobal.EnhancedTrainingManager", "message": "ðŸ” Running validator for step4_analyst_labeling_feature_engineering", "correlation_id": "-", "session_id": "-", "timestamp": "2025-08-11T09:48:54.571535+00:00"}
{"asctime": "2025-08-11 11:48:54,571", "levelname": "INFO", "name": "AresGlobal.ValidatorOrchestrator", "message": "ðŸ” Running validator for step4_analyst_labeling_feature_engineering", "correlation_id": "-", "session_id": "-", "timestamp": "2025-08-11T09:48:54.571711+00:00"}
{"asctime": "2025-08-11 11:48:54,573", "levelname": "INFO", "name": "AresGlobal.Step4AnalystLabelingFeatureEngineeringValidator", "message": "ðŸ” Validating analyst labeling and feature engineering step...", "correlation_id": "-", "session_id": "-", "timestamp": "2025-08-11T09:48:54.573197+00:00"}
{"asctime": "2025-08-11 11:48:54,583", "levelname": "INFO", "name": "AresGlobal.Step4AnalystLabelingFeatureEngineeringValidator", "message": "âœ… Feature engineering outputs validation passed", "correlation_id": "-", "session_id": "-", "timestamp": "2025-08-11T09:48:54.583859+00:00"}
{"asctime": "2025-08-11 11:48:54,584", "levelname": "WARNING", "name": "AresGlobal.Step4AnalystLabelingFeatureEngineeringValidator", "message": "âš ï¸ Missing OHLCV columns in data/training/BINANCE_ETHUSDT_labeled_train.pkl: ['open', 'high', 'low', 'close', 'volume'] - this may affect labeling quality", "correlation_id": "-", "session_id": "-", "timestamp": "2025-08-11T09:48:54.584674+00:00"}
{"asctime": "2025-08-11 11:48:54,584", "levelname": "WARNING", "name": "AresGlobal.Step4AnalystLabelingFeatureEngineeringValidator", "message": "Triple barrier labeling requires proper OHLCV data for accurate labels", "correlation_id": "-", "session_id": "-", "timestamp": "2025-08-11T09:48:54.584821+00:00"}
{"asctime": "2025-08-11 11:48:54,587", "levelname": "WARNING", "name": "AresGlobal.Step4AnalystLabelingFeatureEngineeringValidator", "message": "âš ï¸ Missing OHLCV columns in data/training/BINANCE_ETHUSDT_labeled_validation.pkl: ['open', 'high', 'low', 'close', 'volume'] - this may affect labeling quality", "correlation_id": "-", "session_id": "-", "timestamp": "2025-08-11T09:48:54.587688+00:00"}
{"asctime": "2025-08-11 11:48:54,587", "levelname": "WARNING", "name": "AresGlobal.Step4AnalystLabelingFeatureEngineeringValidator", "message": "Triple barrier labeling requires proper OHLCV data for accurate labels", "correlation_id": "-", "session_id": "-", "timestamp": "2025-08-11T09:48:54.587828+00:00"}
{"asctime": "2025-08-11 11:48:54,588", "levelname": "WARNING", "name": "AresGlobal.Step4AnalystLabelingFeatureEngineeringValidator", "message": "âš ï¸ Missing OHLCV columns in data/training/BINANCE_ETHUSDT_labeled_test.pkl: ['open', 'high', 'low', 'close', 'volume'] - this may affect labeling quality", "correlation_id": "-", "session_id": "-", "timestamp": "2025-08-11T09:48:54.588978+00:00"}
{"asctime": "2025-08-11 11:48:54,589", "levelname": "WARNING", "name": "AresGlobal.Step4AnalystLabelingFeatureEngineeringValidator", "message": "Triple barrier labeling requires proper OHLCV data for accurate labels", "correlation_id": "-", "session_id": "-", "timestamp": "2025-08-11T09:48:54.589096+00:00"}
{"asctime": "2025-08-11 11:48:54,590", "levelname": "INFO", "name": "AresGlobal.Step4AnalystLabelingFeatureEngineeringValidator", "message": "âœ… Labeling quality validation passed", "correlation_id": "-", "session_id": "-", "timestamp": "2025-08-11T09:48:54.590300+00:00"}
{"asctime": "2025-08-11 11:48:54,590", "levelname": "WARNING", "name": "AresGlobal.Step4AnalystLabelingFeatureEngineeringValidator", "message": "âš ï¸ Too few features: 1 (min: 10) - continuing with caution", "correlation_id": "-", "session_id": "-", "timestamp": "2025-08-11T09:48:54.590933+00:00"}
{"asctime": "2025-08-11 11:48:54,591", "levelname": "WARNING", "name": "AresGlobal.Step4AnalystLabelingFeatureEngineeringValidator", "message": "âš ï¸ Feature quality validation failed - continuing with caution", "correlation_id": "-", "session_id": "-", "timestamp": "2025-08-11T09:48:54.591075+00:00"}
{"asctime": "2025-08-11 11:48:54,594", "levelname": "INFO", "name": "AresGlobal.Step4AnalystLabelingFeatureEngineeringValidator", "message": "âœ… Data balance validation passed", "correlation_id": "-", "session_id": "-", "timestamp": "2025-08-11T09:48:54.594451+00:00"}
{"asctime": "2025-08-11 11:48:54,594", "levelname": "INFO", "name": "AresGlobal.Step4AnalystLabelingFeatureEngineeringValidator", "message": "âœ… Analyst labeling and feature engineering validation passed (critical checks only)", "correlation_id": "-", "session_id": "-", "timestamp": "2025-08-11T09:48:54.594679+00:00"}
{"asctime": "2025-08-11 11:48:54,594", "levelname": "INFO", "name": "AresGlobal.ValidatorOrchestrator", "message": "âœ… Validator for step4_analyst_labeling_feature_engineering completed: True", "correlation_id": "-", "session_id": "-", "timestamp": "2025-08-11T09:48:54.594822+00:00"}
{"asctime": "2025-08-11 11:48:54,595", "levelname": "INFO", "name": "AresGlobal.EnhancedTrainingManager", "message": "âœ… step4_analyst_labeling_feature_engineering validation passed", "correlation_id": "-", "session_id": "-", "timestamp": "2025-08-11T09:48:54.595073+00:00"}
{"asctime": "2025-08-11 11:48:54,705", "levelname": "INFO", "name": "AresGlobal.EnhancedTrainingManager", "message": "âœ… Step 4: Analyst Labeling & Feature Engineering: completed successfully in 520.73s", "correlation_id": "-", "session_id": "-", "timestamp": "2025-08-11T09:48:54.705478+00:00"}
{"asctime": "2025-08-11 11:48:54,705", "levelname": "INFO", "name": "AresGlobal.EnhancedTrainingManager", "message": "ðŸ’¾ Process Memory: 1851.1 MB | CPU: 0.0%", "correlation_id": "-", "session_id": "-", "timestamp": "2025-08-11T09:48:54.705742+00:00"}
{"asctime": "2025-08-11 11:48:54,705", "levelname": "INFO", "name": "AresGlobal.EnhancedTrainingManager", "message": "ðŸ–¥ï¸ System Memory: 59.7% | Available: 6.4 GB", "correlation_id": "-", "session_id": "-", "timestamp": "2025-08-11T09:48:54.705855+00:00"}
{"asctime": "2025-08-11 11:48:54,705", "levelname": "INFO", "name": "AresGlobal.EnhancedTrainingManager", "message": "ðŸ“Š Progress: 18.8% (3/16)", "correlation_id": "-", "session_id": "-", "timestamp": "2025-08-11T09:48:54.705964+00:00"}
{"asctime": "2025-08-11 11:48:54,706", "levelname": "INFO", "name": "AresGlobal.EnhancedTrainingManager", "message": "ðŸŽ¯ STEP 5: Analyst Specialist Training...", "correlation_id": "-", "session_id": "-", "timestamp": "2025-08-11T09:48:54.706074+00:00"}
