{"asctime": "2025-08-11 11:00:50,687", "levelname": "INFO", "name": "AresGlobal", "message": "================================================================================", "correlation_id": "-", "session_id": "-", "timestamp": "2025-08-11T09:00:50.687304+00:00"}
{"asctime": "2025-08-11 11:00:50,687", "levelname": "INFO", "name": "AresGlobal", "message": "ðŸ“Š SESSION SUMMARY", "correlation_id": "-", "session_id": "-", "timestamp": "2025-08-11T09:00:50.687435+00:00"}
{"asctime": "2025-08-11 11:00:50,687", "levelname": "INFO", "name": "AresGlobal", "message": "Session started: 2025-08-11 11:00:50", "correlation_id": "-", "session_id": "-", "timestamp": "2025-08-11T09:00:50.687543+00:00"}
{"asctime": "2025-08-11 11:00:50,687", "levelname": "INFO", "name": "AresGlobal", "message": "This file contains ALL logs for this session", "correlation_id": "-", "session_id": "-", "timestamp": "2025-08-11T09:00:50.687630+00:00"}
{"asctime": "2025-08-11 11:00:50,687", "levelname": "INFO", "name": "AresGlobal", "message": "================================================================================", "correlation_id": "-", "session_id": "-", "timestamp": "2025-08-11T09:00:50.687714+00:00"}
{"asctime": "2025-08-11 11:00:50,687", "levelname": "INFO", "name": "AresGlobal", "message": "[SYSTEM] ================================================================================", "correlation_id": "-", "session_id": "-", "timestamp": "2025-08-11T09:00:50.687926+00:00"}
{"asctime": "2025-08-11 11:00:50,688", "levelname": "INFO", "name": "AresGlobal", "message": "[SYSTEM] ðŸš€ ARES LAUNCHER STARTED - Mode: INITIALIZATION", "correlation_id": "-", "session_id": "-", "timestamp": "2025-08-11T09:00:50.688088+00:00"}
{"asctime": "2025-08-11 11:00:50,688", "levelname": "INFO", "name": "AresGlobal", "message": "[SYSTEM] Start time: 2025-08-11 11:00:50", "correlation_id": "-", "session_id": "-", "timestamp": "2025-08-11T09:00:50.688255+00:00"}
{"asctime": "2025-08-11 11:00:50,688", "levelname": "INFO", "name": "AresGlobal", "message": "[SYSTEM] Log directory: log", "correlation_id": "-", "session_id": "-", "timestamp": "2025-08-11T09:00:50.688415+00:00"}
{"asctime": "2025-08-11 11:00:50,688", "levelname": "INFO", "name": "AresGlobal", "message": "[SYSTEM] ================================================================================", "correlation_id": "-", "session_id": "-", "timestamp": "2025-08-11T09:00:50.688568+00:00"}
{"asctime": "2025-08-11 11:00:50,688", "levelname": "INFO", "name": "AresGlobal.AresLauncher", "message": "================================================================================", "correlation_id": "-", "session_id": "-", "timestamp": "2025-08-11T09:00:50.688646+00:00"}
{"asctime": "2025-08-11 11:00:50,688", "levelname": "INFO", "name": "AresGlobal.AresLauncher", "message": "ðŸš€ ARES COMPREHENSIVE LAUNCHER", "correlation_id": "-", "session_id": "-", "timestamp": "2025-08-11T09:00:50.688725+00:00"}
{"asctime": "2025-08-11 11:00:50,688", "levelname": "INFO", "name": "AresGlobal.AresLauncher", "message": "================================================================================", "correlation_id": "-", "session_id": "-", "timestamp": "2025-08-11T09:00:50.688808+00:00"}
{"asctime": "2025-08-11 11:00:50,688", "levelname": "INFO", "name": "AresGlobal.AresLauncher", "message": "Start time: 2025-08-11 11:00:50", "correlation_id": "-", "session_id": "-", "timestamp": "2025-08-11T09:00:50.688893+00:00"}
{"asctime": "2025-08-11 11:00:50,688", "levelname": "INFO", "name": "AresGlobal.AresLauncher", "message": "Log directory: log", "correlation_id": "-", "session_id": "-", "timestamp": "2025-08-11T09:00:50.688970+00:00"}
{"asctime": "2025-08-11 11:00:50,689", "levelname": "INFO", "name": "AresGlobal.AresLauncher", "message": "Log level: INFO", "correlation_id": "-", "session_id": "-", "timestamp": "2025-08-11T09:00:50.689048+00:00"}
{"asctime": "2025-08-11 11:00:50,689", "levelname": "INFO", "name": "AresGlobal.AresLauncher", "message": "Global log file: ares_global_20250811_110050.log", "correlation_id": "-", "session_id": "-", "timestamp": "2025-08-11T09:00:50.689132+00:00"}
{"asctime": "2025-08-11 11:00:50,689", "levelname": "INFO", "name": "AresGlobal.AresLauncher", "message": "================================================================================", "correlation_id": "-", "session_id": "-", "timestamp": "2025-08-11T09:00:50.689221+00:00"}
{"asctime": "2025-08-11 11:00:50,689", "levelname": "INFO", "name": "AresGlobal", "message": "[SYSTEM] ================================================================================", "correlation_id": "-", "session_id": "-", "timestamp": "2025-08-11T09:00:50.689465+00:00"}
{"asctime": "2025-08-11 11:00:50,689", "levelname": "INFO", "name": "AresGlobal", "message": "[SYSTEM] ðŸš€ ARES LAUNCHER STARTED - Mode: blank - Symbol: ETHUSDT - Exchange: BINANCE", "correlation_id": "-", "session_id": "-", "timestamp": "2025-08-11T09:00:50.689623+00:00"}
{"asctime": "2025-08-11 11:00:50,689", "levelname": "INFO", "name": "AresGlobal", "message": "[SYSTEM] Start time: 2025-08-11 11:00:50", "correlation_id": "-", "session_id": "-", "timestamp": "2025-08-11T09:00:50.689790+00:00"}
{"asctime": "2025-08-11 11:00:50,689", "levelname": "INFO", "name": "AresGlobal", "message": "[SYSTEM] Log directory: log", "correlation_id": "-", "session_id": "-", "timestamp": "2025-08-11T09:00:50.689940+00:00"}
{"asctime": "2025-08-11 11:00:50,690", "levelname": "INFO", "name": "AresGlobal", "message": "[SYSTEM] ================================================================================", "correlation_id": "-", "session_id": "-", "timestamp": "2025-08-11T09:00:50.690089+00:00"}
{"asctime": "2025-08-11 11:00:50,690", "levelname": "INFO", "name": "AresGlobal.AresLauncher", "message": "ðŸš€ Running enhanced 16-step training pipeline for ETHUSDT on BINANCE", "correlation_id": "-", "session_id": "-", "timestamp": "2025-08-11T09:00:50.690239+00:00"}
{"asctime": "2025-08-11 11:00:50,690", "levelname": "INFO", "name": "AresGlobal.AresLauncher", "message": "Starting from step: step4_analyst_labeling_feature_engineering", "correlation_id": "-", "session_id": "-", "timestamp": "2025-08-11T09:00:50.690398+00:00"}
{"asctime": "2025-08-11 11:00:50,690", "levelname": "INFO", "name": "AresGlobal.AresLauncher", "message": "ðŸ§ª BLANK TRAINING MODE: Set BLANK_TRAINING_MODE=1 for step-based training", "correlation_id": "-", "session_id": "-", "timestamp": "2025-08-11T09:00:50.690506+00:00"}
{"asctime": "2025-08-11 11:00:50,691", "levelname": "INFO", "name": "AresGlobal.ProgressManager", "message": "Initialized ProgressManager for ETHUSDT on BINANCE", "correlation_id": "-", "session_id": "-", "timestamp": "2025-08-11T09:00:50.691412+00:00"}
{"asctime": "2025-08-11 11:00:50,691", "levelname": "INFO", "name": "AresGlobal.ProgressManager", "message": "Progress directory: data/training/progress/BINANCE_ETHUSDT", "correlation_id": "-", "session_id": "-", "timestamp": "2025-08-11T09:00:50.691521+00:00"}
{"asctime": "2025-08-11 11:00:50,691", "levelname": "INFO", "name": "AresGlobal.StepOrchestrator", "message": "Initialized StepOrchestrator for ETHUSDT on BINANCE", "correlation_id": "-", "session_id": "-", "timestamp": "2025-08-11T09:00:50.691607+00:00"}
{"asctime": "2025-08-11 11:00:50,691", "levelname": "INFO", "name": "AresGlobal.StepOrchestrator", "message": "ðŸš€ Starting execution from step: step4_analyst_labeling_feature_engineering", "correlation_id": "-", "session_id": "-", "timestamp": "2025-08-11T09:00:50.691799+00:00"}
{"asctime": "2025-08-11 11:00:54,238", "levelname": "INFO", "name": "AresGlobal.EnhancedTrainingManager", "message": "Loaded optimization configuration", "correlation_id": "-", "session_id": "-", "timestamp": "2025-08-11T09:00:54.238071+00:00"}
{"asctime": "2025-08-11 11:00:54,238", "levelname": "INFO", "name": "AresGlobal.EnhancedTrainingManagerOptimized", "message": "Loaded optimization configuration", "correlation_id": "-", "session_id": "-", "timestamp": "2025-08-11T09:00:54.238292+00:00"}
{"asctime": "2025-08-11 11:00:54,238", "levelname": "INFO", "name": "AresGlobal.EnhancedTrainingManager", "message": "ðŸš€ Initializing Enhanced Training Manager...", "correlation_id": "-", "session_id": "-", "timestamp": "2025-08-11T09:00:54.238403+00:00"}
{"asctime": "2025-08-11 11:00:54,238", "levelname": "INFO", "name": "AresGlobal.EnhancedTrainingManager", "message": "ðŸ“Š Blank training mode: False", "correlation_id": "-", "session_id": "-", "timestamp": "2025-08-11T09:00:54.238523+00:00"}
{"asctime": "2025-08-11 11:00:54,238", "levelname": "INFO", "name": "AresGlobal.EnhancedTrainingManager", "message": "ðŸ”§ Max trials: 200", "correlation_id": "-", "session_id": "-", "timestamp": "2025-08-11T09:00:54.238616+00:00"}
{"asctime": "2025-08-11 11:00:54,238", "levelname": "INFO", "name": "AresGlobal.EnhancedTrainingManager", "message": "ðŸ”§ N trials: 100", "correlation_id": "-", "session_id": "-", "timestamp": "2025-08-11T09:00:54.238704+00:00"}
{"asctime": "2025-08-11 11:00:54,238", "levelname": "INFO", "name": "AresGlobal.EnhancedTrainingManager", "message": "ðŸ“ˆ Lookback days: 30", "correlation_id": "-", "session_id": "-", "timestamp": "2025-08-11T09:00:54.238788+00:00"}
{"asctime": "2025-08-11 11:00:54,238", "levelname": "INFO", "name": "AresGlobal.EnhancedTrainingManager", "message": "ðŸš€ Computational optimization: True", "correlation_id": "-", "session_id": "-", "timestamp": "2025-08-11T09:00:54.238871+00:00"}
{"asctime": "2025-08-11 11:00:54,238", "levelname": "INFO", "name": "AresGlobal.EnhancedTrainingManager", "message": "ðŸ“Š Resource Analysis:", "correlation_id": "-", "session_id": "-", "timestamp": "2025-08-11T09:00:54.238996+00:00"}
{"asctime": "2025-08-11 11:00:54,239", "levelname": "INFO", "name": "AresGlobal.EnhancedTrainingManager", "message": "   ðŸ’¾ System Memory: 16.0 GB", "correlation_id": "-", "session_id": "-", "timestamp": "2025-08-11T09:00:54.239084+00:00"}
{"asctime": "2025-08-11 11:00:54,239", "levelname": "INFO", "name": "AresGlobal.EnhancedTrainingManager", "message": "   ðŸ–¥ï¸ CPU Cores: 8", "correlation_id": "-", "session_id": "-", "timestamp": "2025-08-11T09:00:54.239167+00:00"}
{"asctime": "2025-08-11 11:00:54,239", "levelname": "INFO", "name": "AresGlobal.EnhancedTrainingManager", "message": "   ðŸ“ˆ Estimated Memory Usage: 8.0 GB", "correlation_id": "-", "session_id": "-", "timestamp": "2025-08-11T09:00:54.239250+00:00"}
{"asctime": "2025-08-11 11:00:54,239", "levelname": "INFO", "name": "AresGlobal.EnhancedTrainingManager", "message": "   â±ï¸ Estimated Time: 720 minutes (12.0 hours)", "correlation_id": "-", "session_id": "-", "timestamp": "2025-08-11T09:00:54.239336+00:00"}
{"asctime": "2025-08-11 11:00:54,239", "levelname": "INFO", "name": "AresGlobal.EnhancedTrainingManager", "message": "   ðŸ¤– Models to Train: 12", "correlation_id": "-", "session_id": "-", "timestamp": "2025-08-11T09:00:54.239422+00:00"}
{"asctime": "2025-08-11 11:00:54,239", "levelname": "INFO", "name": "AresGlobal.EnhancedTrainingManager", "message": "   ðŸ”§ Optimization Trials: 200", "correlation_id": "-", "session_id": "-", "timestamp": "2025-08-11T09:00:54.239504+00:00"}
{"asctime": "2025-08-11 11:00:54,239", "levelname": "INFO", "name": "AresGlobal.EnhancedTrainingManager", "message": "ðŸ“‹ Step-by-Step Time Estimates:", "correlation_id": "-", "session_id": "-", "timestamp": "2025-08-11T09:00:54.239592+00:00"}
{"asctime": "2025-08-11 11:00:54,239", "levelname": "INFO", "name": "AresGlobal.EnhancedTrainingManager", "message": "   step1_data_collection: 15 min (2.3%)", "correlation_id": "-", "session_id": "-", "timestamp": "2025-08-11T09:00:54.239679+00:00"}
{"asctime": "2025-08-11 11:00:54,239", "levelname": "INFO", "name": "AresGlobal.EnhancedTrainingManager", "message": "   step2_market_regime_classification: 8 min (1.2%)", "correlation_id": "-", "session_id": "-", "timestamp": "2025-08-11T09:00:54.239762+00:00"}
{"asctime": "2025-08-11 11:00:54,239", "levelname": "INFO", "name": "AresGlobal.EnhancedTrainingManager", "message": "   step3_regime_data_splitting: 5 min (0.8%)", "correlation_id": "-", "session_id": "-", "timestamp": "2025-08-11T09:00:54.239843+00:00"}
{"asctime": "2025-08-11 11:00:54,239", "levelname": "INFO", "name": "AresGlobal.EnhancedTrainingManager", "message": "   step4_analyst_labeling_feature_engineering: 60 min (9.0%)", "correlation_id": "-", "session_id": "-", "timestamp": "2025-08-11T09:00:54.239920+00:00"}
{"asctime": "2025-08-11 11:00:54,240", "levelname": "INFO", "name": "AresGlobal.EnhancedTrainingManager", "message": "   step5_analyst_specialist_training: 30 min (4.5%)", "correlation_id": "-", "session_id": "-", "timestamp": "2025-08-11T09:00:54.240008+00:00"}
{"asctime": "2025-08-11 11:00:54,240", "levelname": "INFO", "name": "AresGlobal.EnhancedTrainingManager", "message": "   step6_analyst_enhancement: 25 min (3.8%)", "correlation_id": "-", "session_id": "-", "timestamp": "2025-08-11T09:00:54.240086+00:00"}
{"asctime": "2025-08-11 11:00:54,240", "levelname": "INFO", "name": "AresGlobal.EnhancedTrainingManager", "message": "   step7_analyst_ensemble_creation: 35 min (5.3%)", "correlation_id": "-", "session_id": "-", "timestamp": "2025-08-11T09:00:54.240167+00:00"}
{"asctime": "2025-08-11 11:00:54,240", "levelname": "INFO", "name": "AresGlobal.EnhancedTrainingManager", "message": "   step8_tactician_labeling: 15 min (2.3%)", "correlation_id": "-", "session_id": "-", "timestamp": "2025-08-11T09:00:54.240247+00:00"}
{"asctime": "2025-08-11 11:00:54,240", "levelname": "INFO", "name": "AresGlobal.EnhancedTrainingManager", "message": "   step9_tactician_specialist_training: 30 min (4.5%)", "correlation_id": "-", "session_id": "-", "timestamp": "2025-08-11T09:00:54.240328+00:00"}
{"asctime": "2025-08-11 11:00:54,240", "levelname": "INFO", "name": "AresGlobal.EnhancedTrainingManager", "message": "   step10_tactician_ensemble_creation: 35 min (5.3%)", "correlation_id": "-", "session_id": "-", "timestamp": "2025-08-11T09:00:54.240410+00:00"}
{"asctime": "2025-08-11 11:00:54,240", "levelname": "INFO", "name": "AresGlobal.EnhancedTrainingManager", "message": "   step11_confidence_calibration: 10 min (1.5%)", "correlation_id": "-", "session_id": "-", "timestamp": "2025-08-11T09:00:54.240490+00:00"}
{"asctime": "2025-08-11 11:00:54,240", "levelname": "INFO", "name": "AresGlobal.EnhancedTrainingManager", "message": "   step12_final_parameters_optimization: 240 min (36.2%)", "correlation_id": "-", "session_id": "-", "timestamp": "2025-08-11T09:00:54.240569+00:00"}
{"asctime": "2025-08-11 11:00:54,240", "levelname": "INFO", "name": "AresGlobal.EnhancedTrainingManager", "message": "   step13_walk_forward_validation: 60 min (9.0%)", "correlation_id": "-", "session_id": "-", "timestamp": "2025-08-11T09:00:54.240649+00:00"}
{"asctime": "2025-08-11 11:00:54,240", "levelname": "INFO", "name": "AresGlobal.EnhancedTrainingManager", "message": "   step14_monte_carlo_validation: 60 min (9.0%)", "correlation_id": "-", "session_id": "-", "timestamp": "2025-08-11T09:00:54.240726+00:00"}
{"asctime": "2025-08-11 11:00:54,240", "levelname": "INFO", "name": "AresGlobal.EnhancedTrainingManager", "message": "   step15_ab_testing: 30 min (4.5%)", "correlation_id": "-", "session_id": "-", "timestamp": "2025-08-11T09:00:54.240800+00:00"}
{"asctime": "2025-08-11 11:00:54,240", "levelname": "INFO", "name": "AresGlobal.EnhancedTrainingManager", "message": "   step16_saving: 5 min (0.8%)", "correlation_id": "-", "session_id": "-", "timestamp": "2025-08-11T09:00:54.240874+00:00"}
{"asctime": "2025-08-11 11:00:54,240", "levelname": "INFO", "name": "AresGlobal.EnhancedTrainingManager", "message": "ðŸ’¡ Recommendations:", "correlation_id": "-", "session_id": "-", "timestamp": "2025-08-11T09:00:54.240951+00:00"}
{"asctime": "2025-08-11 11:00:54,241", "levelname": "INFO", "name": "AresGlobal.EnhancedTrainingManager", "message": "   âœ… Full training mode should work well on your system", "correlation_id": "-", "session_id": "-", "timestamp": "2025-08-11T09:00:54.241034+00:00"}
{"asctime": "2025-08-11 11:00:54,241", "levelname": "INFO", "name": "AresGlobal.EnhancedTrainingManager", "message": "ðŸš€ Initializing computational optimization components...", "correlation_id": "-", "session_id": "-", "timestamp": "2025-08-11T09:00:54.241119+00:00"}
{"asctime": "2025-08-11 11:00:54,241", "levelname": "INFO", "name": "AresGlobal.ComputationalOptimizationManager", "message": "Computational Optimization Manager initialized", "correlation_id": "-", "session_id": "-", "timestamp": "2025-08-11T09:00:54.241803+00:00"}
{"asctime": "2025-08-11 11:00:54,241", "levelname": "INFO", "name": "AresGlobal.EnhancedTrainingManager", "message": "âœ… Computational optimization components initialized successfully", "correlation_id": "-", "session_id": "-", "timestamp": "2025-08-11T09:00:54.241923+00:00"}
{"asctime": "2025-08-11 11:00:54,242", "levelname": "INFO", "name": "AresGlobal.EnhancedTrainingManager", "message": "âœ… Enhanced Training Manager initialized successfully", "correlation_id": "-", "session_id": "-", "timestamp": "2025-08-11T09:00:54.242017+00:00"}
{"asctime": "2025-08-11 11:00:54,242", "levelname": "INFO", "name": "AresGlobal.StepOrchestrator", "message": "âœ… Enhanced training manager setup successfully", "correlation_id": "-", "session_id": "-", "timestamp": "2025-08-11T09:00:54.242107+00:00"}
{"asctime": "2025-08-11 11:00:54,242", "levelname": "INFO", "name": "AresGlobal.EnhancedTrainingManager", "message": "================================================================================", "correlation_id": "-", "session_id": "-", "timestamp": "2025-08-11T09:00:54.242192+00:00"}
{"asctime": "2025-08-11 11:00:54,242", "levelname": "INFO", "name": "AresGlobal.EnhancedTrainingManager", "message": "ðŸš€ COMPREHENSIVE 16-STEP ENHANCED TRAINING PIPELINE START", "correlation_id": "-", "session_id": "-", "timestamp": "2025-08-11T09:00:54.242269+00:00"}
{"asctime": "2025-08-11 11:00:54,242", "levelname": "INFO", "name": "AresGlobal.EnhancedTrainingManager", "message": "================================================================================", "correlation_id": "-", "session_id": "-", "timestamp": "2025-08-11T09:00:54.242350+00:00"}
{"asctime": "2025-08-11 11:00:54,242", "levelname": "INFO", "name": "AresGlobal.EnhancedTrainingManager", "message": "ðŸ“… Started at: 2025-08-11 11:00:54", "correlation_id": "-", "session_id": "-", "timestamp": "2025-08-11T09:00:54.242439+00:00"}
{"asctime": "2025-08-11 11:00:54,242", "levelname": "INFO", "name": "AresGlobal.EnhancedTrainingManager", "message": "ðŸŽ¯ Symbol: ETHUSDT", "correlation_id": "-", "session_id": "-", "timestamp": "2025-08-11T09:00:54.242521+00:00"}
{"asctime": "2025-08-11 11:00:54,242", "levelname": "INFO", "name": "AresGlobal.EnhancedTrainingManager", "message": "ðŸ¢ Exchange: BINANCE", "correlation_id": "-", "session_id": "-", "timestamp": "2025-08-11T09:00:54.242603+00:00"}
{"asctime": "2025-08-11 11:00:54,242", "levelname": "INFO", "name": "AresGlobal.EnhancedTrainingManager", "message": "ðŸ“Š Training Mode: N/A", "correlation_id": "-", "session_id": "-", "timestamp": "2025-08-11T09:00:54.242686+00:00"}
{"asctime": "2025-08-11 11:00:54,242", "levelname": "INFO", "name": "AresGlobal.EnhancedTrainingManager", "message": "ðŸ“ˆ Lookback Days: 30", "correlation_id": "-", "session_id": "-", "timestamp": "2025-08-11T09:00:54.242770+00:00"}
{"asctime": "2025-08-11 11:00:54,242", "levelname": "INFO", "name": "AresGlobal.EnhancedTrainingManager", "message": "ðŸ”§ Blank Training Mode: False", "correlation_id": "-", "session_id": "-", "timestamp": "2025-08-11T09:00:54.242848+00:00"}
{"asctime": "2025-08-11 11:00:54,242", "levelname": "INFO", "name": "AresGlobal.EnhancedTrainingManager", "message": "ðŸ”§ Max Trials: 200", "correlation_id": "-", "session_id": "-", "timestamp": "2025-08-11T09:00:54.242927+00:00"}
{"asctime": "2025-08-11 11:00:54,243", "levelname": "INFO", "name": "AresGlobal.EnhancedTrainingManager", "message": "ðŸ”§ N Trials: 100", "correlation_id": "-", "session_id": "-", "timestamp": "2025-08-11T09:00:54.243005+00:00"}
{"asctime": "2025-08-11 11:00:54,243", "levelname": "INFO", "name": "AresGlobal.EnhancedTrainingManager", "message": "ðŸš€ Initializing optimized tools...", "correlation_id": "-", "session_id": "-", "timestamp": "2025-08-11T09:00:54.243090+00:00"}
{"asctime": "2025-08-11 11:00:54,243", "levelname": "INFO", "name": "AresGlobal.EnhancedTrainingManagerOptimized", "message": "ðŸš€ Initializing Enhanced Training Manager with Optimizations...", "correlation_id": "-", "session_id": "-", "timestamp": "2025-08-11T09:00:54.243360+00:00"}
{"asctime": "2025-08-11 11:00:54,253", "levelname": "INFO", "name": "AresGlobal.EnhancedTrainingManagerOptimized", "message": "âœ… Parallel backtester initialized with 8 workers", "correlation_id": "-", "session_id": "-", "timestamp": "2025-08-11T09:00:54.253954+00:00"}
{"asctime": "2025-08-11 11:00:54,254", "levelname": "INFO", "name": "AresGlobal.EnhancedTrainingManagerOptimized", "message": "âœ… All optimization components initialized successfully", "correlation_id": "-", "session_id": "-", "timestamp": "2025-08-11T09:00:54.254732+00:00"}
{"asctime": "2025-08-11 11:00:54,255", "levelname": "INFO", "name": "AresGlobal.EnhancedTrainingManager", "message": "   âœ… Optimized training manager initialized", "correlation_id": "-", "session_id": "-", "timestamp": "2025-08-11T09:00:54.255025+00:00"}
{"asctime": "2025-08-11 11:00:54,255", "levelname": "INFO", "name": "AresGlobal.EnhancedTrainingManager", "message": "   âœ… Streaming processor initialized", "correlation_id": "-", "session_id": "-", "timestamp": "2025-08-11T09:00:54.255170+00:00"}
{"asctime": "2025-08-11 11:00:54,255", "levelname": "INFO", "name": "AresGlobal.EnhancedTrainingManager", "message": "   âœ… Parallel backtester initialized with 8 workers", "correlation_id": "-", "session_id": "-", "timestamp": "2025-08-11T09:00:54.255482+00:00"}
{"asctime": "2025-08-11 11:00:54,255", "levelname": "INFO", "name": "AresGlobal.EnhancedTrainingManager", "message": "   âœ… Adaptive sampler initialized", "correlation_id": "-", "session_id": "-", "timestamp": "2025-08-11T09:00:54.255634+00:00"}
{"asctime": "2025-08-11 11:00:54,255", "levelname": "INFO", "name": "AresGlobal.EnhancedTrainingManager", "message": "   âœ… Incremental trainer initialized", "correlation_id": "-", "session_id": "-", "timestamp": "2025-08-11T09:00:54.255730+00:00"}
{"asctime": "2025-08-11 11:00:54,255", "levelname": "INFO", "name": "AresGlobal.EnhancedTrainingManager", "message": "âœ… All optimized tools initialized successfully", "correlation_id": "-", "session_id": "-", "timestamp": "2025-08-11T09:00:54.255816+00:00"}
{"asctime": "2025-08-11 11:00:54,256", "levelname": "INFO", "name": "AresGlobal.EnhancedTrainingManager", "message": "ðŸ“‚ Checkpoint loaded: step3_regime_data_splitting from checkpoints/BINANCE/ETHUSDT/1m/training_progress.json", "correlation_id": "-", "session_id": "-", "timestamp": "2025-08-11T09:00:54.256675+00:00"}
{"asctime": "2025-08-11 11:00:54,257", "levelname": "INFO", "name": "AresGlobal.EnhancedTrainingManager", "message": "ðŸ”„ Resuming from checkpoint...", "correlation_id": "-", "session_id": "-", "timestamp": "2025-08-11T09:00:54.257199+00:00"}
{"asctime": "2025-08-11 11:00:54,257", "levelname": "INFO", "name": "AresGlobal.EnhancedTrainingManager", "message": "ðŸ“‚ Last completed step: step3_regime_data_splitting", "correlation_id": "-", "session_id": "-", "timestamp": "2025-08-11T09:00:54.257578+00:00"}
{"asctime": "2025-08-11 11:00:54,257", "levelname": "INFO", "name": "AresGlobal.EnhancedTrainingManager", "message": "====================================================================================================", "correlation_id": "-", "session_id": "-", "timestamp": "2025-08-11T09:00:54.257816+00:00"}
{"asctime": "2025-08-11 11:00:54,258", "levelname": "INFO", "name": "AresGlobal.EnhancedTrainingManager", "message": "ðŸš€ COMPREHENSIVE TRAINING PIPELINE START", "correlation_id": "-", "session_id": "-", "timestamp": "2025-08-11T09:00:54.258033+00:00"}
{"asctime": "2025-08-11 11:00:54,258", "levelname": "INFO", "name": "AresGlobal.EnhancedTrainingManager", "message": "====================================================================================================", "correlation_id": "-", "session_id": "-", "timestamp": "2025-08-11T09:00:54.258136+00:00"}
{"asctime": "2025-08-11 11:00:54,258", "levelname": "INFO", "name": "AresGlobal.EnhancedTrainingManager", "message": "ðŸ“… Started at: 2025-08-11 11:00:54", "correlation_id": "-", "session_id": "-", "timestamp": "2025-08-11T09:00:54.258248+00:00"}
{"asctime": "2025-08-11 11:00:54,258", "levelname": "INFO", "name": "AresGlobal.EnhancedTrainingManager", "message": "ðŸŽ¯ Symbol: ETHUSDT", "correlation_id": "-", "session_id": "-", "timestamp": "2025-08-11T09:00:54.258363+00:00"}
{"asctime": "2025-08-11 11:00:54,258", "levelname": "INFO", "name": "AresGlobal.EnhancedTrainingManager", "message": "ðŸ¢ Exchange: BINANCE", "correlation_id": "-", "session_id": "-", "timestamp": "2025-08-11T09:00:54.258462+00:00"}
{"asctime": "2025-08-11 11:00:54,258", "levelname": "INFO", "name": "AresGlobal.EnhancedTrainingManager", "message": "ðŸ“Š Timeframe: 1m", "correlation_id": "-", "session_id": "-", "timestamp": "2025-08-11T09:00:54.258552+00:00"}
{"asctime": "2025-08-11 11:00:54,258", "levelname": "INFO", "name": "AresGlobal.EnhancedTrainingManager", "message": "ðŸ§  Training Mode: Full", "correlation_id": "-", "session_id": "-", "timestamp": "2025-08-11T09:00:54.258647+00:00"}
{"asctime": "2025-08-11 11:00:54,258", "levelname": "INFO", "name": "AresGlobal.EnhancedTrainingManager", "message": "ðŸ”§ Max Trials: 200", "correlation_id": "-", "session_id": "-", "timestamp": "2025-08-11T09:00:54.258751+00:00"}
{"asctime": "2025-08-11 11:00:54,258", "levelname": "INFO", "name": "AresGlobal.EnhancedTrainingManager", "message": "ðŸ“ˆ Lookback Days: 30", "correlation_id": "-", "session_id": "-", "timestamp": "2025-08-11T09:00:54.258838+00:00"}
{"asctime": "2025-08-11 11:00:54,259", "levelname": "INFO", "name": "AresGlobal.EnhancedTrainingManager", "message": "ðŸ’¾ Memory Optimization: Enabled", "correlation_id": "-", "session_id": "-", "timestamp": "2025-08-11T09:00:54.259028+00:00"}
{"asctime": "2025-08-11 11:00:54,259", "levelname": "INFO", "name": "AresGlobal.EnhancedTrainingManager", "message": "ðŸš€ Starting from step: step4_analyst_labeling_feature_engineering", "correlation_id": "-", "session_id": "-", "timestamp": "2025-08-11T09:00:54.259146+00:00"}
{"asctime": "2025-08-11 11:00:54,259", "levelname": "INFO", "name": "AresGlobal.EnhancedTrainingManager", "message": "====================================================================================================", "correlation_id": "-", "session_id": "-", "timestamp": "2025-08-11T09:00:54.259232+00:00"}
{"asctime": "2025-08-11 11:00:54,259", "levelname": "INFO", "name": "AresGlobal.EnhancedTrainingManager", "message": "â­ï¸  Skipping Step 1: Data Collection (using pre-consolidated data)", "correlation_id": "-", "session_id": "-", "timestamp": "2025-08-11T09:00:54.259371+00:00"}
{"asctime": "2025-08-11 11:00:54,259", "levelname": "INFO", "name": "AresGlobal.EnhancedTrainingManager", "message": "ðŸŽ­ STEP 2: Market Regime Classification...", "correlation_id": "-", "session_id": "-", "timestamp": "2025-08-11T09:00:54.259465+00:00"}
{"asctime": "2025-08-11 11:00:54,259", "levelname": "INFO", "name": "AresGlobal.EnhancedTrainingManager", "message": "   ðŸ§  Analyzing market regimes and volatility patterns...", "correlation_id": "-", "session_id": "-", "timestamp": "2025-08-11T09:00:54.259554+00:00"}
{"asctime": "2025-08-11 11:01:00,264", "levelname": "INFO", "name": "AresGlobal.EnhancedTrainingManager", "message": "ðŸ” Running validator for step2_market_regime_classification", "correlation_id": "-", "session_id": "-", "timestamp": "2025-08-11T09:01:00.264960+00:00"}
{"asctime": "2025-08-11 11:01:00,265", "levelname": "INFO", "name": "AresGlobal.ValidatorOrchestrator", "message": "ðŸ” Running validator for step2_market_regime_classification", "correlation_id": "-", "session_id": "-", "timestamp": "2025-08-11T09:01:00.265254+00:00"}
{"asctime": "2025-08-11 11:01:00,266", "levelname": "INFO", "name": "AresGlobal.Step2MarketRegimeClassificationValidator", "message": "ðŸ” Validating market regime classification step...", "correlation_id": "-", "session_id": "-", "timestamp": "2025-08-11T09:01:00.266342+00:00"}
{"asctime": "2025-08-11 11:01:00,266", "levelname": "INFO", "name": "AresGlobal.Step2MarketRegimeClassificationValidator", "message": "ðŸ”§ read_parquet start path=data/training/BINANCE_ETHUSDT_regime_classification.parquet columns=regime_columns", "correlation_id": "-", "session_id": "-", "timestamp": "2025-08-11T09:01:00.266823+00:00"}
{"asctime": "2025-08-11 11:01:00,269", "levelname": "INFO", "name": "AresGlobal.Step2MarketRegimeClassificationValidator", "message": "âœ… read_parquet ok path=data/training/BINANCE_ETHUSDT_regime_classification.parquet elapsed=0.003s size=14.4KB", "correlation_id": "-", "session_id": "-", "timestamp": "2025-08-11T09:01:00.269625+00:00"}
{"asctime": "2025-08-11 11:01:00,270", "levelname": "INFO", "name": "AresGlobal.Step2MarketRegimeClassificationValidator", "message": "âœ… Regime distribution validation passed: 2 regimes", "correlation_id": "-", "session_id": "-", "timestamp": "2025-08-11T09:01:00.270044+00:00"}
{"asctime": "2025-08-11 11:01:00,270", "levelname": "INFO", "name": "AresGlobal.Step2MarketRegimeClassificationValidator", "message": "âœ… Regime transitions validation passed: 4 transition types", "correlation_id": "-", "session_id": "-", "timestamp": "2025-08-11T09:01:00.270441+00:00"}
{"asctime": "2025-08-11 11:01:00,270", "levelname": "INFO", "name": "AresGlobal.Step2MarketRegimeClassificationValidator", "message": "âœ… Market regime classification validation passed (critical checks only)", "correlation_id": "-", "session_id": "-", "timestamp": "2025-08-11T09:01:00.270545+00:00"}
{"asctime": "2025-08-11 11:01:00,270", "levelname": "INFO", "name": "AresGlobal.ValidatorOrchestrator", "message": "âœ… Validator for step2_market_regime_classification completed: True", "correlation_id": "-", "session_id": "-", "timestamp": "2025-08-11T09:01:00.270661+00:00"}
{"asctime": "2025-08-11 11:01:00,270", "levelname": "INFO", "name": "AresGlobal.EnhancedTrainingManager", "message": "âœ… step2_market_regime_classification validation passed", "correlation_id": "-", "session_id": "-", "timestamp": "2025-08-11T09:01:00.270831+00:00"}
{"asctime": "2025-08-11 11:01:00,376", "levelname": "INFO", "name": "AresGlobal.EnhancedTrainingManager", "message": "âœ… Step 2: Market Regime Classification: completed successfully in 6.01s", "correlation_id": "-", "session_id": "-", "timestamp": "2025-08-11T09:01:00.376241+00:00"}
{"asctime": "2025-08-11 11:01:00,376", "levelname": "INFO", "name": "AresGlobal.EnhancedTrainingManager", "message": "ðŸ’¾ Process Memory: 408.7 MB | CPU: 0.1%", "correlation_id": "-", "session_id": "-", "timestamp": "2025-08-11T09:01:00.376484+00:00"}
{"asctime": "2025-08-11 11:01:00,376", "levelname": "INFO", "name": "AresGlobal.EnhancedTrainingManager", "message": "ðŸ–¥ï¸ System Memory: 57.9% | Available: 6.7 GB", "correlation_id": "-", "session_id": "-", "timestamp": "2025-08-11T09:01:00.376603+00:00"}
{"asctime": "2025-08-11 11:01:00,376", "levelname": "INFO", "name": "AresGlobal.EnhancedTrainingManager", "message": "ðŸ“Š Progress: 6.2% (1/16)", "correlation_id": "-", "session_id": "-", "timestamp": "2025-08-11T09:01:00.376717+00:00"}
{"asctime": "2025-08-11 11:01:00,377", "levelname": "INFO", "name": "AresGlobal.EnhancedTrainingManager", "message": "ðŸ’¾ Checkpoint saved: step2_market_regime_classification -> checkpoints/BINANCE/ETHUSDT/1m/training_progress.json", "correlation_id": "-", "session_id": "-", "timestamp": "2025-08-11T09:01:00.377713+00:00"}
{"asctime": "2025-08-11 11:01:00,377", "levelname": "INFO", "name": "AresGlobal.EnhancedTrainingManager", "message": "ðŸ“Š STEP 3: Regime Data Splitting...", "correlation_id": "-", "session_id": "-", "timestamp": "2025-08-11T09:01:00.377969+00:00"}
{"asctime": "2025-08-11 11:01:00,378", "levelname": "INFO", "name": "AresGlobal.EnhancedTrainingManager", "message": "   ðŸ“ˆ Splitting data by market regimes for specialized training...", "correlation_id": "-", "session_id": "-", "timestamp": "2025-08-11T09:01:00.378087+00:00"}
{"asctime": "2025-08-11 11:01:40,579", "levelname": "INFO", "name": "AresGlobal.EnhancedTrainingManager", "message": "ðŸ” Running validator for step3_regime_data_splitting", "correlation_id": "-", "session_id": "-", "timestamp": "2025-08-11T09:01:40.579557+00:00"}
{"asctime": "2025-08-11 11:01:40,580", "levelname": "INFO", "name": "AresGlobal.ValidatorOrchestrator", "message": "ðŸ” Running validator for step3_regime_data_splitting", "correlation_id": "-", "session_id": "-", "timestamp": "2025-08-11T09:01:40.580137+00:00"}
{"asctime": "2025-08-11 11:01:40,581", "levelname": "INFO", "name": "AresGlobal.Step3RegimeDataSplittingValidator", "message": "ðŸ”§ BLANK MODE: Using very lenient validation parameters", "correlation_id": "-", "session_id": "-", "timestamp": "2025-08-11T09:01:40.581174+00:00"}
{"asctime": "2025-08-11 11:01:40,581", "levelname": "INFO", "name": "AresGlobal.Step3RegimeDataSplittingValidator", "message": "ðŸ” Validating regime data splitting step...", "correlation_id": "-", "session_id": "-", "timestamp": "2025-08-11T09:01:40.581301+00:00"}
{"asctime": "2025-08-11 11:01:40,581", "levelname": "INFO", "name": "AresGlobal.Step3RegimeDataSplittingValidator", "message": "âœ… All split data files exist", "correlation_id": "-", "session_id": "-", "timestamp": "2025-08-11T09:01:40.581435+00:00"}
{"asctime": "2025-08-11 11:01:40,582", "levelname": "INFO", "name": "AresGlobal.Step3RegimeDataSplittingValidator", "message": "ðŸ”§ read_parquet start path=data/training/BINANCE_ETHUSDT_train_data.parquet columns=regime_columns", "correlation_id": "-", "session_id": "-", "timestamp": "2025-08-11T09:01:40.582059+00:00"}
{"asctime": "2025-08-11 11:01:40,589", "levelname": "INFO", "name": "AresGlobal.Step3RegimeDataSplittingValidator", "message": "âœ… read_parquet ok path=data/training/BINANCE_ETHUSDT_train_data.parquet elapsed=0.008s size=11.3MB", "correlation_id": "-", "session_id": "-", "timestamp": "2025-08-11T09:01:40.589655+00:00"}
{"asctime": "2025-08-11 11:01:40,624", "levelname": "INFO", "name": "AresGlobal.Step3RegimeDataSplittingValidator", "message": "ðŸ§® train_data: rows=179709 cols=3 memory=12.51MB dtypes={'datetime64[ns]': 1, 'object': 1, 'float64': 1}", "correlation_id": "-", "session_id": "-", "timestamp": "2025-08-11T09:01:40.624749+00:00"}
{"asctime": "2025-08-11 11:01:40,635", "levelname": "INFO", "name": "AresGlobal.Step3RegimeDataSplittingValidator", "message": "ðŸ§ª train_data nulls (first 10 cols): {'timestamp': 0, 'regime': 0, 'confidence': 0}", "correlation_id": "-", "session_id": "-", "timestamp": "2025-08-11T09:01:40.635171+00:00"}
{"asctime": "2025-08-11 11:01:40,695", "levelname": "WARNING", "name": "AresGlobal.Step3RegimeDataSplittingValidator", "message": "âš ï¸ train split missing columns: ['open', 'high', 'low', 'close', 'volume'] - continuing with caution in BLANK mode", "correlation_id": "-", "session_id": "-", "timestamp": "2025-08-11T09:01:40.695026+00:00"}
{"asctime": "2025-08-11 11:01:40,695", "levelname": "INFO", "name": "AresGlobal.Step3RegimeDataSplittingValidator", "message": "ðŸ”§ read_parquet start path=data/training/BINANCE_ETHUSDT_validation_data.parquet columns=regime_columns", "correlation_id": "-", "session_id": "-", "timestamp": "2025-08-11T09:01:40.695424+00:00"}
{"asctime": "2025-08-11 11:01:40,700", "levelname": "INFO", "name": "AresGlobal.Step3RegimeDataSplittingValidator", "message": "âœ… read_parquet ok path=data/training/BINANCE_ETHUSDT_validation_data.parquet elapsed=0.005s size=2.6MB", "correlation_id": "-", "session_id": "-", "timestamp": "2025-08-11T09:01:40.700344+00:00"}
{"asctime": "2025-08-11 11:01:40,708", "levelname": "INFO", "name": "AresGlobal.Step3RegimeDataSplittingValidator", "message": "ðŸ§® validation_data: rows=38509 cols=3 memory=2.68MB dtypes={'datetime64[ns]': 1, 'object': 1, 'float64': 1}", "correlation_id": "-", "session_id": "-", "timestamp": "2025-08-11T09:01:40.708271+00:00"}
{"asctime": "2025-08-11 11:01:40,710", "levelname": "INFO", "name": "AresGlobal.Step3RegimeDataSplittingValidator", "message": "ðŸ§ª validation_data nulls (first 10 cols): {'timestamp': 0, 'regime': 0, 'confidence': 0}", "correlation_id": "-", "session_id": "-", "timestamp": "2025-08-11T09:01:40.710847+00:00"}
{"asctime": "2025-08-11 11:01:40,724", "levelname": "WARNING", "name": "AresGlobal.Step3RegimeDataSplittingValidator", "message": "âš ï¸ validation split missing columns: ['open', 'high', 'low', 'close', 'volume'] - continuing with caution in BLANK mode", "correlation_id": "-", "session_id": "-", "timestamp": "2025-08-11T09:01:40.724664+00:00"}
{"asctime": "2025-08-11 11:01:40,724", "levelname": "INFO", "name": "AresGlobal.Step3RegimeDataSplittingValidator", "message": "ðŸ”§ read_parquet start path=data/training/BINANCE_ETHUSDT_test_data.parquet columns=regime_columns", "correlation_id": "-", "session_id": "-", "timestamp": "2025-08-11T09:01:40.724977+00:00"}
{"asctime": "2025-08-11 11:01:40,728", "levelname": "INFO", "name": "AresGlobal.Step3RegimeDataSplittingValidator", "message": "âœ… read_parquet ok path=data/training/BINANCE_ETHUSDT_test_data.parquet elapsed=0.003s size=2.2MB", "correlation_id": "-", "session_id": "-", "timestamp": "2025-08-11T09:01:40.728329+00:00"}
{"asctime": "2025-08-11 11:01:40,736", "levelname": "INFO", "name": "AresGlobal.Step3RegimeDataSplittingValidator", "message": "ðŸ§® test_data: rows=38510 cols=3 memory=2.68MB dtypes={'datetime64[ns]': 1, 'object': 1, 'float64': 1}", "correlation_id": "-", "session_id": "-", "timestamp": "2025-08-11T09:01:40.736722+00:00"}
{"asctime": "2025-08-11 11:01:40,739", "levelname": "INFO", "name": "AresGlobal.Step3RegimeDataSplittingValidator", "message": "ðŸ§ª test_data nulls (first 10 cols): {'timestamp': 0, 'regime': 0, 'confidence': 0}", "correlation_id": "-", "session_id": "-", "timestamp": "2025-08-11T09:01:40.740008+00:00"}
{"asctime": "2025-08-11 11:01:40,753", "levelname": "WARNING", "name": "AresGlobal.Step3RegimeDataSplittingValidator", "message": "âš ï¸ test split missing columns: ['open', 'high', 'low', 'close', 'volume'] - continuing with caution in BLANK mode", "correlation_id": "-", "session_id": "-", "timestamp": "2025-08-11T09:01:40.753653+00:00"}
{"asctime": "2025-08-11 11:01:40,753", "levelname": "INFO", "name": "AresGlobal.Step3RegimeDataSplittingValidator", "message": "âœ… All split data quality validation passed", "correlation_id": "-", "session_id": "-", "timestamp": "2025-08-11T09:01:40.753868+00:00"}
{"asctime": "2025-08-11 11:01:40,756", "levelname": "INFO", "name": "AresGlobal.Step3RegimeDataSplittingValidator", "message": "âœ… train proportion 0.799 within expected range (0.500-0.850)", "correlation_id": "-", "session_id": "-", "timestamp": "2025-08-11T09:01:40.756801+00:00"}
{"asctime": "2025-08-11 11:01:40,756", "levelname": "INFO", "name": "AresGlobal.Step3RegimeDataSplittingValidator", "message": "âœ… validation proportion 0.100 within expected range (0.050-0.250)", "correlation_id": "-", "session_id": "-", "timestamp": "2025-08-11T09:01:40.756958+00:00"}
{"asctime": "2025-08-11 11:01:40,757", "levelname": "INFO", "name": "AresGlobal.Step3RegimeDataSplittingValidator", "message": "âœ… test proportion 0.101 within expected range (0.050-0.250)", "correlation_id": "-", "session_id": "-", "timestamp": "2025-08-11T09:01:40.757064+00:00"}
{"asctime": "2025-08-11 11:01:40,757", "levelname": "INFO", "name": "AresGlobal.Step3RegimeDataSplittingValidator", "message": "âœ… Split proportions validation passed: {'train': 0.7991587802313355, 'validation': 0.09989484752891693, 'test': 0.10094637223974763}", "correlation_id": "-", "session_id": "-", "timestamp": "2025-08-11T09:01:40.757166+00:00"}
{"asctime": "2025-08-11 11:01:40,758", "levelname": "INFO", "name": "AresGlobal.Step3RegimeDataSplittingValidator", "message": "âœ… Split consistency validation passed", "correlation_id": "-", "session_id": "-", "timestamp": "2025-08-11T09:01:40.758438+00:00"}
{"asctime": "2025-08-11 11:01:40,758", "levelname": "INFO", "name": "AresGlobal.Step3RegimeDataSplittingValidator", "message": "âœ… Regime data splitting validation passed (critical checks only)", "correlation_id": "-", "session_id": "-", "timestamp": "2025-08-11T09:01:40.758612+00:00"}
{"asctime": "2025-08-11 11:01:40,758", "levelname": "INFO", "name": "AresGlobal.ValidatorOrchestrator", "message": "âœ… Validator for step3_regime_data_splitting completed: True", "correlation_id": "-", "session_id": "-", "timestamp": "2025-08-11T09:01:40.758720+00:00"}
{"asctime": "2025-08-11 11:01:40,758", "levelname": "INFO", "name": "AresGlobal.EnhancedTrainingManager", "message": "âœ… step3_regime_data_splitting validation passed", "correlation_id": "-", "session_id": "-", "timestamp": "2025-08-11T09:01:40.758939+00:00"}
{"asctime": "2025-08-11 11:01:40,860", "levelname": "INFO", "name": "AresGlobal.EnhancedTrainingManager", "message": "âœ… Step 3: Regime Data Splitting: completed successfully in 40.38s", "correlation_id": "-", "session_id": "-", "timestamp": "2025-08-11T09:01:40.860672+00:00"}
{"asctime": "2025-08-11 11:01:40,860", "levelname": "INFO", "name": "AresGlobal.EnhancedTrainingManager", "message": "ðŸ’¾ Process Memory: 938.1 MB | CPU: 0.1%", "correlation_id": "-", "session_id": "-", "timestamp": "2025-08-11T09:01:40.860991+00:00"}
{"asctime": "2025-08-11 11:01:40,861", "levelname": "INFO", "name": "AresGlobal.EnhancedTrainingManager", "message": "ðŸ–¥ï¸ System Memory: 57.9% | Available: 6.7 GB", "correlation_id": "-", "session_id": "-", "timestamp": "2025-08-11T09:01:40.861115+00:00"}
{"asctime": "2025-08-11 11:01:40,861", "levelname": "INFO", "name": "AresGlobal.EnhancedTrainingManager", "message": "ðŸ“Š Progress: 12.5% (2/16)", "correlation_id": "-", "session_id": "-", "timestamp": "2025-08-11T09:01:40.861230+00:00"}
{"asctime": "2025-08-11 11:01:40,862", "levelname": "INFO", "name": "AresGlobal.EnhancedTrainingManager", "message": "ðŸ’¾ Checkpoint saved: step3_regime_data_splitting -> checkpoints/BINANCE/ETHUSDT/1m/training_progress.json", "correlation_id": "-", "session_id": "-", "timestamp": "2025-08-11T09:01:40.862221+00:00"}
{"asctime": "2025-08-11 11:01:40,862", "levelname": "INFO", "name": "AresGlobal.EnhancedTrainingManager", "message": "ðŸ§  STEP 4: Analyst Labeling & Feature Engineering...", "correlation_id": "-", "session_id": "-", "timestamp": "2025-08-11T09:01:40.862393+00:00"}
{"asctime": "2025-08-11 11:01:40,931", "levelname": "INFO", "name": "AresGlobal.OptimizedTripleBarrierLabeling", "message": "ðŸ”– Triple barrier labeling configured for binary classification (BUY/SELL only)", "correlation_id": "-", "session_id": "-", "timestamp": "2025-08-11T09:01:40.931052+00:00"}
{"asctime": "2025-08-11 11:01:40,931", "levelname": "INFO", "name": "AresGlobal.OptimizedTripleBarrierLabeling", "message": "   â†’ HOLD samples will be automatically filtered out", "correlation_id": "-", "session_id": "-", "timestamp": "2025-08-11T09:01:40.931305+00:00"}
{"asctime": "2025-08-11 11:01:40,931", "levelname": "INFO", "name": "AresGlobal.OptimizedTripleBarrierLabeling", "message": "   â†’ This addresses label imbalance issues", "correlation_id": "-", "session_id": "-", "timestamp": "2025-08-11T09:01:40.931414+00:00"}
{"asctime": "2025-08-11 11:03:56,605", "levelname": "INFO", "name": "AresGlobal.OptimizedTripleBarrierLabeling", "message": "Applying triple barrier labeling | cols=['timestamp', 'open', 'high', 'low', 'close', 'volume', 'year', 'month', 'day', 'exchange', 'symbol', 'timeframe', 'trade_volume', 'trade_count', 'avg_price', 'min_price', 'max_price', 'volume_ratio', 'funding_rate', 'close_returns', 'open_returns', 'high_returns', 'low_returns', 'close_log', 'open_log', 'high_log', 'low_log', 'close_detrended'] shape=(256728, 28)", "correlation_id": "-", "session_id": "-", "timestamp": "2025-08-11T09:03:56.605070+00:00"}
{"asctime": "2025-08-11 11:03:57,767", "levelname": "INFO", "name": "AresGlobal.OptimizedTripleBarrierLabeling", "message": "ðŸ“Š Label distribution after filtering:", "correlation_id": "-", "session_id": "-", "timestamp": "2025-08-11T09:03:57.767048+00:00"}
{"asctime": "2025-08-11 11:03:57,768", "levelname": "INFO", "name": "AresGlobal.OptimizedTripleBarrierLabeling", "message": "   BUY (1): 89641 samples", "correlation_id": "-", "session_id": "-", "timestamp": "2025-08-11T09:03:57.768210+00:00"}
{"asctime": "2025-08-11 11:03:57,768", "levelname": "INFO", "name": "AresGlobal.OptimizedTripleBarrierLabeling", "message": "   SELL (-1): 166987 samples", "correlation_id": "-", "session_id": "-", "timestamp": "2025-08-11T09:03:57.768521+00:00"}
{"asctime": "2025-08-11 11:03:57,770", "levelname": "INFO", "name": "AresGlobal.OptimizedTripleBarrierLabeling", "message": "   HOLD (0): 100 samples (removed)", "correlation_id": "-", "session_id": "-", "timestamp": "2025-08-11T09:03:57.770295+00:00"}
{"asctime": "2025-08-11 11:03:57,770", "levelname": "INFO", "name": "AresGlobal.OptimizedTripleBarrierLabeling", "message": "   Total samples: 256628 (from 256728)", "correlation_id": "-", "session_id": "-", "timestamp": "2025-08-11T09:03:57.770469+00:00"}
{"asctime": "2025-08-11 11:03:57,770", "levelname": "INFO", "name": "AresGlobal.OptimizedTripleBarrierLabeling", "message": "   Filtering ratio: 0.0% HOLD samples removed", "correlation_id": "-", "session_id": "-", "timestamp": "2025-08-11T09:03:57.770584+00:00"}
{"asctime": "2025-08-11 11:03:57,778", "levelname": "INFO", "name": "AresGlobal.OptimizedTripleBarrierLabeling", "message": "", "correlation_id": "-", "session_id": "-", "msg": "Triple-barrier labeling diagnostics", "distribution": {"-1": "166987", "1": "89641"}, "long_nextbar_agree": 0.7656, "short_nextbar_agree": 0.6375, "overall_nextbar_agree": 0.6822, "timestamp": "2025-08-11T09:03:57.778819+00:00"}
{"asctime": "2025-08-11 11:04:34,336", "levelname": "INFO", "name": "AresGlobal.MemoryEfficientDataManager", "message": "Optimized DataFrame memory usage", "correlation_id": "-", "session_id": "-", "timestamp": "2025-08-11T09:04:34.336656+00:00"}
{"asctime": "2025-08-11 11:04:34,337", "levelname": "INFO", "name": "AresGlobal.MemoryEfficientDataManager", "message": "Optimized DataFrame memory usage", "correlation_id": "-", "session_id": "-", "timestamp": "2025-08-11T09:04:34.337269+00:00"}
{"asctime": "2025-08-11 11:04:34,337", "levelname": "INFO", "name": "AresGlobal.MemoryEfficientDataManager", "message": "Optimized DataFrame memory usage", "correlation_id": "-", "session_id": "-", "timestamp": "2025-08-11T09:04:34.337558+00:00"}
{"asctime": "2025-08-11 11:04:34,348", "levelname": "INFO", "name": "AresGlobal.MemoryEfficientDataManager", "message": "Optimized DataFrame memory usage", "correlation_id": "-", "session_id": "-", "timestamp": "2025-08-11T09:04:34.348768+00:00"}
{"asctime": "2025-08-11 11:04:34,349", "levelname": "INFO", "name": "AresGlobal.MemoryEfficientDataManager", "message": "Optimized DataFrame memory usage", "correlation_id": "-", "session_id": "-", "timestamp": "2025-08-11T09:04:34.349058+00:00"}
{"asctime": "2025-08-11 11:04:34,349", "levelname": "INFO", "name": "AresGlobal.MemoryEfficientDataManager", "message": "Optimized DataFrame memory usage", "correlation_id": "-", "session_id": "-", "timestamp": "2025-08-11T09:04:34.349312+00:00"}
{"asctime": "2025-08-11 11:04:34,355", "levelname": "INFO", "name": "AresGlobal.MemoryEfficientDataManager", "message": "Optimized DataFrame memory usage", "correlation_id": "-", "session_id": "-", "timestamp": "2025-08-11T09:04:34.355843+00:00"}
{"asctime": "2025-08-11 11:04:34,356", "levelname": "INFO", "name": "AresGlobal.MemoryEfficientDataManager", "message": "Optimized DataFrame memory usage", "correlation_id": "-", "session_id": "-", "timestamp": "2025-08-11T09:04:34.356107+00:00"}
{"asctime": "2025-08-11 11:04:34,356", "levelname": "INFO", "name": "AresGlobal.MemoryEfficientDataManager", "message": "Optimized DataFrame memory usage", "correlation_id": "-", "session_id": "-", "timestamp": "2025-08-11T09:04:34.356353+00:00"}
{"asctime": "2025-08-11 11:04:34,367", "levelname": "INFO", "name": "AresGlobal.MemoryEfficientDataManager", "message": "Optimized DataFrame memory usage", "correlation_id": "-", "session_id": "-", "timestamp": "2025-08-11T09:04:34.367091+00:00"}
{"asctime": "2025-08-11 11:04:34,367", "levelname": "INFO", "name": "AresGlobal.MemoryEfficientDataManager", "message": "Optimized DataFrame memory usage", "correlation_id": "-", "session_id": "-", "timestamp": "2025-08-11T09:04:34.367366+00:00"}
{"asctime": "2025-08-11 11:04:34,367", "levelname": "INFO", "name": "AresGlobal.MemoryEfficientDataManager", "message": "Optimized DataFrame memory usage", "correlation_id": "-", "session_id": "-", "timestamp": "2025-08-11T09:04:34.367612+00:00"}
{"asctime": "2025-08-11 11:04:34,404", "levelname": "INFO", "name": "AresGlobal.EnhancedTrainingManager", "message": "ðŸ’¾ Checkpoint saved: step4_analyst_labeling_feature_engineering -> checkpoints/BINANCE/ETHUSDT/1m/training_progress.json", "correlation_id": "-", "session_id": "-", "timestamp": "2025-08-11T09:04:34.404570+00:00"}
{"asctime": "2025-08-11 11:04:34,507", "levelname": "INFO", "name": "AresGlobal.EnhancedTrainingManager", "message": "ðŸ§¹ Memory optimization: 1264.2 MB before cleanup", "correlation_id": "-", "session_id": "-", "timestamp": "2025-08-11T09:04:34.507350+00:00"}
{"asctime": "2025-08-11 11:04:34,602", "levelname": "INFO", "name": "AresGlobal.EnhancedTrainingManager", "message": "ðŸ§¹ Memory optimization: 1264.2 MB after cleanup (saved 0.0 MB)", "correlation_id": "-", "session_id": "-", "timestamp": "2025-08-11T09:04:34.602679+00:00"}
{"asctime": "2025-08-11 11:04:34,602", "levelname": "INFO", "name": "AresGlobal.EnhancedTrainingManager", "message": "ðŸ” Running validator for step4_analyst_labeling_feature_engineering", "correlation_id": "-", "session_id": "-", "timestamp": "2025-08-11T09:04:34.602972+00:00"}
{"asctime": "2025-08-11 11:04:34,603", "levelname": "INFO", "name": "AresGlobal.ValidatorOrchestrator", "message": "ðŸ” Running validator for step4_analyst_labeling_feature_engineering", "correlation_id": "-", "session_id": "-", "timestamp": "2025-08-11T09:04:34.603082+00:00"}
{"asctime": "2025-08-11 11:04:34,603", "levelname": "INFO", "name": "AresGlobal.Step4AnalystLabelingFeatureEngineeringValidator", "message": "ðŸ” Validating analyst labeling and feature engineering step...", "correlation_id": "-", "session_id": "-", "timestamp": "2025-08-11T09:04:34.603954+00:00"}
{"asctime": "2025-08-11 11:04:34,611", "levelname": "INFO", "name": "AresGlobal.Step4AnalystLabelingFeatureEngineeringValidator", "message": "âœ… Feature engineering outputs validation passed", "correlation_id": "-", "session_id": "-", "timestamp": "2025-08-11T09:04:34.611299+00:00"}
{"asctime": "2025-08-11 11:04:34,611", "levelname": "WARNING", "name": "AresGlobal.Step4AnalystLabelingFeatureEngineeringValidator", "message": "âš ï¸ Missing OHLCV columns in data/training/BINANCE_ETHUSDT_labeled_train.pkl: ['open', 'high', 'low', 'close', 'volume'] - this may affect labeling quality", "correlation_id": "-", "session_id": "-", "timestamp": "2025-08-11T09:04:34.611999+00:00"}
{"asctime": "2025-08-11 11:04:34,612", "levelname": "WARNING", "name": "AresGlobal.Step4AnalystLabelingFeatureEngineeringValidator", "message": "Triple barrier labeling requires proper OHLCV data for accurate labels", "correlation_id": "-", "session_id": "-", "timestamp": "2025-08-11T09:04:34.612122+00:00"}
{"asctime": "2025-08-11 11:04:34,614", "levelname": "WARNING", "name": "AresGlobal.Step4AnalystLabelingFeatureEngineeringValidator", "message": "âš ï¸ Missing OHLCV columns in data/training/BINANCE_ETHUSDT_labeled_validation.pkl: ['open', 'high', 'low', 'close', 'volume'] - this may affect labeling quality", "correlation_id": "-", "session_id": "-", "timestamp": "2025-08-11T09:04:34.614562+00:00"}
{"asctime": "2025-08-11 11:04:34,614", "levelname": "WARNING", "name": "AresGlobal.Step4AnalystLabelingFeatureEngineeringValidator", "message": "Triple barrier labeling requires proper OHLCV data for accurate labels", "correlation_id": "-", "session_id": "-", "timestamp": "2025-08-11T09:04:34.614679+00:00"}
{"asctime": "2025-08-11 11:04:34,615", "levelname": "WARNING", "name": "AresGlobal.Step4AnalystLabelingFeatureEngineeringValidator", "message": "âš ï¸ Missing OHLCV columns in data/training/BINANCE_ETHUSDT_labeled_test.pkl: ['open', 'high', 'low', 'close', 'volume'] - this may affect labeling quality", "correlation_id": "-", "session_id": "-", "timestamp": "2025-08-11T09:04:34.615450+00:00"}
{"asctime": "2025-08-11 11:04:34,615", "levelname": "WARNING", "name": "AresGlobal.Step4AnalystLabelingFeatureEngineeringValidator", "message": "Triple barrier labeling requires proper OHLCV data for accurate labels", "correlation_id": "-", "session_id": "-", "timestamp": "2025-08-11T09:04:34.615633+00:00"}
{"asctime": "2025-08-11 11:04:34,616", "levelname": "INFO", "name": "AresGlobal.Step4AnalystLabelingFeatureEngineeringValidator", "message": "âœ… Labeling quality validation passed", "correlation_id": "-", "session_id": "-", "timestamp": "2025-08-11T09:04:34.616343+00:00"}
{"asctime": "2025-08-11 11:04:34,617", "levelname": "WARNING", "name": "AresGlobal.Step4AnalystLabelingFeatureEngineeringValidator", "message": "âš ï¸ Too few features: 1 (min: 10) - continuing with caution", "correlation_id": "-", "session_id": "-", "timestamp": "2025-08-11T09:04:34.617039+00:00"}
{"asctime": "2025-08-11 11:04:34,617", "levelname": "WARNING", "name": "AresGlobal.Step4AnalystLabelingFeatureEngineeringValidator", "message": "âš ï¸ Feature quality validation failed - continuing with caution", "correlation_id": "-", "session_id": "-", "timestamp": "2025-08-11T09:04:34.617486+00:00"}
{"asctime": "2025-08-11 11:04:34,620", "levelname": "INFO", "name": "AresGlobal.Step4AnalystLabelingFeatureEngineeringValidator", "message": "âœ… Data balance validation passed", "correlation_id": "-", "session_id": "-", "timestamp": "2025-08-11T09:04:34.620342+00:00"}
{"asctime": "2025-08-11 11:04:34,621", "levelname": "INFO", "name": "AresGlobal.Step4AnalystLabelingFeatureEngineeringValidator", "message": "âœ… Analyst labeling and feature engineering validation passed (critical checks only)", "correlation_id": "-", "session_id": "-", "timestamp": "2025-08-11T09:04:34.621265+00:00"}
{"asctime": "2025-08-11 11:04:34,621", "levelname": "INFO", "name": "AresGlobal.ValidatorOrchestrator", "message": "âœ… Validator for step4_analyst_labeling_feature_engineering completed: True", "correlation_id": "-", "session_id": "-", "timestamp": "2025-08-11T09:04:34.621450+00:00"}
{"asctime": "2025-08-11 11:04:34,621", "levelname": "INFO", "name": "AresGlobal.EnhancedTrainingManager", "message": "âœ… step4_analyst_labeling_feature_engineering validation passed", "correlation_id": "-", "session_id": "-", "timestamp": "2025-08-11T09:04:34.621825+00:00"}
{"asctime": "2025-08-11 11:04:34,725", "levelname": "INFO", "name": "AresGlobal.EnhancedTrainingManager", "message": "âœ… Step 4: Analyst Labeling & Feature Engineering: completed successfully in 173.76s", "correlation_id": "-", "session_id": "-", "timestamp": "2025-08-11T09:04:34.725760+00:00"}
{"asctime": "2025-08-11 11:04:34,726", "levelname": "INFO", "name": "AresGlobal.EnhancedTrainingManager", "message": "ðŸ’¾ Process Memory: 1254.2 MB | CPU: 0.0%", "correlation_id": "-", "session_id": "-", "timestamp": "2025-08-11T09:04:34.726134+00:00"}
{"asctime": "2025-08-11 11:04:34,726", "levelname": "INFO", "name": "AresGlobal.EnhancedTrainingManager", "message": "ðŸ–¥ï¸ System Memory: 47.9% | Available: 8.3 GB", "correlation_id": "-", "session_id": "-", "timestamp": "2025-08-11T09:04:34.726289+00:00"}
{"asctime": "2025-08-11 11:04:34,726", "levelname": "INFO", "name": "AresGlobal.EnhancedTrainingManager", "message": "ðŸ“Š Progress: 18.8% (3/16)", "correlation_id": "-", "session_id": "-", "timestamp": "2025-08-11T09:04:34.726461+00:00"}
{"asctime": "2025-08-11 11:04:34,726", "levelname": "INFO", "name": "AresGlobal.EnhancedTrainingManager", "message": "ðŸŽ¯ STEP 5: Analyst Specialist Training...", "correlation_id": "-", "session_id": "-", "timestamp": "2025-08-11T09:04:34.726604+00:00"}
