2025-08-04 19:54:49,358 - AresTradingSystem - INFO - ✅ Enhanced Logger initialization completed successfully
2025-08-04 19:54:49,450 - AresTradingSystem.System.UnifiedRegimeClassifier - INFO - 🎯 Step 1: Training HMM-based labeler...
2025-08-04 19:54:49,466 - AresTradingSystem.System.UnifiedRegimeClassifier - INFO - Calculated 16 features for 8760 periods
2025-08-04 19:54:50,533 - AresTradingSystem.System.UnifiedRegimeClassifier - INFO - State 0: BULL (mean_return=0.0130, mean_vol=0.0198)
2025-08-04 19:54:50,534 - AresTradingSystem.System.UnifiedRegimeClassifier - INFO - State 1: BULL (mean_return=0.0001, mean_vol=0.0102)
2025-08-04 19:54:50,534 - AresTradingSystem.System.UnifiedRegimeClassifier - INFO - State 2: BEAR (mean_return=-0.0187, mean_vol=0.0198)
2025-08-04 19:54:50,535 - AresTradingSystem.System.UnifiedRegimeClassifier - INFO - State 3: BULL (mean_return=0.0298, mean_vol=0.0127)
2025-08-04 19:54:50,535 - AresTradingSystem.System.UnifiedRegimeClassifier - INFO - ✅ HMM labeler trained successfully
2025-08-04 19:54:50,535 - AresTradingSystem.System.UnifiedRegimeClassifier - INFO - 🎯 Step 2: Training basic regime ensemble...
2025-08-04 19:54:50,548 - AresTradingSystem.System.UnifiedRegimeClassifier - INFO - Calculated 16 features for 8760 periods
2025-08-04 19:55:04,825 - AresTradingSystem.System.UnifiedRegimeClassifier - INFO - ✅ Basic ensemble trained - Train: 1.000, Test: 0.975
2025-08-04 19:55:04,826 - AresTradingSystem.System.UnifiedRegimeClassifier - INFO - 🎯 Step 3: Training advanced regime classifier...
2025-08-04 19:55:04,839 - AresTradingSystem.System.UnifiedRegimeClassifier - INFO - Calculated 16 features for 8760 periods
2025-08-04 19:55:06,175 - AresTradingSystem.System.UnifiedRegimeClassifier - INFO - ✅ Advanced classifier trained - Train: 1.000, Test: 0.998
2025-08-04 19:55:06,177 - AresTradingSystem.System.UnifiedRegimeClassifier - INFO - 🚀 Training complete unified regime classification system...
2025-08-04 19:55:06,240 - AresTradingSystem.System.SRLevelAnalyzer - INFO - Initializing SR Level Analyzer...
2025-08-04 19:55:06,240 - AresTradingSystem.System.SRLevelAnalyzer - INFO - SR configuration loaded successfully
2025-08-04 19:55:06,240 - AresTradingSystem.System.SRLevelAnalyzer - INFO - Analysis parameters initialized
2025-08-04 19:55:06,241 - AresTradingSystem.System.SRLevelAnalyzer - INFO - Configuration validation successful
2025-08-04 19:55:06,241 - AresTradingSystem.System.SRLevelAnalyzer - INFO - ✅ SR Level Analyzer initialization completed successfully
2025-08-04 19:55:06,241 - AresTradingSystem.System.UnifiedRegimeClassifier - INFO - ✅ SR analyzer initialized successfully
2025-08-04 19:55:06,247 - AresTradingSystem.System.CandleAnalyzer - INFO - Initializing Candle Analyzer...
2025-08-04 19:55:06,247 - AresTradingSystem.System.CandleAnalyzer - INFO - Candle configuration loaded successfully
2025-08-04 19:55:06,247 - AresTradingSystem.System.CandleAnalyzer - INFO - Analysis parameters initialized
2025-08-04 19:55:06,247 - AresTradingSystem.System.CandleAnalyzer - INFO - Configuration validation successful
2025-08-04 19:55:06,247 - AresTradingSystem.System.CandleAnalyzer - INFO - Analysis parameters initialized
2025-08-04 19:55:06,247 - AresTradingSystem.System.CandleAnalyzer - INFO - ✅ Candle Analyzer initialization completed successfully
2025-08-04 19:55:06,247 - AresTradingSystem.System.UnifiedRegimeClassifier - INFO - ✅ Candle analyzer initialized successfully
2025-08-04 19:55:06,247 - AresTradingSystem.System.UnifiedRegimeClassifier - INFO - 🎯 Step 1: Training HMM-based labeler...
2025-08-04 19:55:06,262 - AresTradingSystem.System.UnifiedRegimeClassifier - INFO - Calculated 16 features for 8760 periods
2025-08-04 19:55:07,286 - AresTradingSystem.System.UnifiedRegimeClassifier - INFO - State 0: BULL (mean_return=0.0130, mean_vol=0.0198)
2025-08-04 19:55:07,287 - AresTradingSystem.System.UnifiedRegimeClassifier - INFO - State 1: BULL (mean_return=0.0001, mean_vol=0.0102)
2025-08-04 19:55:07,287 - AresTradingSystem.System.UnifiedRegimeClassifier - INFO - State 2: BEAR (mean_return=-0.0187, mean_vol=0.0198)
2025-08-04 19:55:07,287 - AresTradingSystem.System.UnifiedRegimeClassifier - INFO - State 3: BULL (mean_return=0.0298, mean_vol=0.0127)
2025-08-04 19:55:07,288 - AresTradingSystem.System.UnifiedRegimeClassifier - INFO - ✅ HMM labeler trained successfully
2025-08-04 19:55:07,288 - AresTradingSystem.System.UnifiedRegimeClassifier - INFO - 🎯 Step 2: Training basic regime ensemble...
2025-08-04 19:55:07,300 - AresTradingSystem.System.UnifiedRegimeClassifier - INFO - Calculated 16 features for 8760 periods
2025-08-04 19:55:26,098 - AresTradingSystem.System.UnifiedRegimeClassifier - INFO - ✅ Basic ensemble trained - Train: 1.000, Test: 0.975
2025-08-04 19:55:26,099 - AresTradingSystem.System.UnifiedRegimeClassifier - INFO - 🎯 Step 3: Training advanced regime classifier...
2025-08-04 19:55:26,114 - AresTradingSystem.System.UnifiedRegimeClassifier - INFO - Calculated 16 features for 8760 periods
2025-08-04 19:55:26,465 - AresTradingSystem.System.UnifiedRegimeClassifier - WARNING - Only 0 special cases found. Using all data.
2025-08-04 19:55:26,741 - AresTradingSystem.System.UnifiedRegimeClassifier - INFO - ✅ Advanced classifier trained - Train: 1.000, Test: 1.000
2025-08-04 19:55:26,747 - AresTradingSystem.System.UnifiedRegimeClassifier - INFO - HMM model saved to checkpoints/analyst_models/unified_hmm_model_1h.joblib
2025-08-04 19:55:26,778 - AresTradingSystem.System.UnifiedRegimeClassifier - INFO - Basic ensemble saved to checkpoints/analyst_models/unified_ensemble_model_1h.joblib
2025-08-04 19:55:26,779 - AresTradingSystem.System.UnifiedRegimeClassifier - INFO - Advanced classifier saved to checkpoints/analyst_models/unified_advanced_model_1h.joblib
2025-08-04 19:55:26,780 - AresTradingSystem.System.UnifiedRegimeClassifier - INFO - ✅ Complete unified regime classification system trained successfully
2025-08-04 19:55:26,788 - AresTradingSystem.System.UnifiedRegimeClassifier - INFO - Calculated 16 features for 100 periods
2025-08-04 19:55:26,802 - AresTradingSystem.System.UnifiedRegimeClassifier - INFO - HMM model saved to checkpoints/analyst_models/unified_hmm_model_1h.joblib
2025-08-04 19:55:26,829 - AresTradingSystem.System.UnifiedRegimeClassifier - INFO - Basic ensemble saved to checkpoints/analyst_models/unified_ensemble_model_1h.joblib
2025-08-04 19:55:26,830 - AresTradingSystem.System.UnifiedRegimeClassifier - INFO - Advanced classifier saved to checkpoints/analyst_models/unified_advanced_model_1h.joblib
2025-08-04 19:55:26,831 - AresTradingSystem.System.UnifiedRegimeClassifier - INFO - HMM model loaded successfully
2025-08-04 19:55:26,850 - AresTradingSystem.System.UnifiedRegimeClassifier - INFO - Basic ensemble loaded successfully
2025-08-04 19:55:26,850 - AresTradingSystem.System.UnifiedRegimeClassifier - INFO - Advanced classifier loaded successfully
2025-08-04 19:55:26,851 - AresTradingSystem.System.UnifiedRegimeClassifier - INFO - All models loaded successfully
2025-08-04 19:55:26,858 - AresTradingSystem.System.UnifiedRegimeClassifier - INFO - Calculated 16 features for 100 periods
