2025-08-07 22:55:49,387 - AresTradingSystem - INFO - ✅ Enhanced Logger initialization completed successfully
2025-08-07 22:55:49,483 - AresTradingSystem.System - INFO - Using device: MPS for PyTorch operations.
2025-08-07 22:55:49,483 - AresTradingSystem.System - INFO - Initializing Analyst Enhancement Step...
2025-08-07 22:55:49,483 - AresTradingSystem.System - INFO - Analyst Enhancement Step initialized successfully.
2025-08-07 22:55:49,483 - AresTradingSystem.System - INFO - 🔄 Executing Analyst Enhancement...
2025-08-07 22:55:49,483 - AresTradingSystem.System - INFO - --- Enhancing models for regime: bull_trend ---
2025-08-07 22:55:49,483 - AresTradingSystem.System - INFO - Loading data for regime 'bull_trend'...
2025-08-07 22:55:49,484 - AresTradingSystem.System - INFO - Loaded data shape: (1000, 21), columns: ['feature_0', 'feature_1', 'feature_2', 'feature_3', 'feature_4', 'feature_5', 'feature_6', 'feature_7', 'feature_8', 'feature_9', 'feature_10', 'feature_11', 'feature_12', 'feature_13', 'feature_14', 'feature_15', 'feature_16', 'feature_17', 'feature_18', 'feature_19', 'label']
2025-08-07 22:55:49,484 - AresTradingSystem.System - INFO - After numeric filtering: (1000, 21), columns: ['feature_0', 'feature_1', 'feature_2', 'feature_3', 'feature_4', 'feature_5', 'feature_6', 'feature_7', 'feature_8', 'feature_9', 'feature_10', 'feature_11', 'feature_12', 'feature_13', 'feature_14', 'feature_15', 'feature_16', 'feature_17', 'feature_18', 'feature_19', 'label']
2025-08-07 22:55:49,484 - AresTradingSystem.System - INFO - Found target column: label
2025-08-07 22:55:49,485 - AresTradingSystem.System - INFO - Target distribution: {1: np.int64(510), 0: np.int64(490)}
2025-08-07 22:55:49,485 - AresTradingSystem.System - INFO - Data loaded and split: X_train shape (800, 20), X_val shape (200, 20)
2025-08-07 22:55:49,485 - AresTradingSystem.System - INFO - Target classes in training: [1 0], in validation: [1 0]
2025-08-07 22:55:49,485 - AresTradingSystem.System - INFO - Enhancing svm for bull_trend...
2025-08-07 22:55:49,485 - AresTradingSystem.System - INFO - Original model accuracy: 0.75
2025-08-07 22:55:49,485 - AresTradingSystem.System - INFO - Running Optuna HPO with pruning for svm...
2025-08-07 22:55:49,740 - AresTradingSystem - INFO - ✅ Enhanced Logger initialization completed successfully
2025-08-07 22:55:49,766 - AresTradingSystem.System - INFO - Environment configuration loaded successfully. Trading Environment: PAPER, Exchange: BINANCE
2025-08-07 22:55:51,087 - AresTradingSystem.System - INFO - HPO complete. Best score: 0.9750
2025-08-07 22:55:51,118 - AresTradingSystem.System - INFO - Selecting optimal features using robust methods...
