2025-08-04 19:34:14,833 - AresTradingSystem - INFO - ✅ Enhanced Logger initialization completed successfully
2025-08-04 19:34:14,940 - AresTradingSystem.System.UnifiedRegimeClassifier - INFO - 🎯 Step 1: Training HMM-based labeler...
2025-08-04 19:34:14,962 - AresTradingSystem.System.UnifiedRegimeClassifier - INFO - Calculated 16 features for 8760 periods
2025-08-04 19:34:16,535 - AresTradingSystem.System.UnifiedRegimeClassifier - INFO - State 0: BULL (mean_return=0.0130, mean_vol=0.0198)
2025-08-04 19:34:16,537 - AresTradingSystem.System.UnifiedRegimeClassifier - INFO - State 1: BULL (mean_return=0.0001, mean_vol=0.0102)
2025-08-04 19:34:16,538 - AresTradingSystem.System.UnifiedRegimeClassifier - INFO - State 2: BEAR (mean_return=-0.0187, mean_vol=0.0198)
2025-08-04 19:34:16,539 - AresTradingSystem.System.UnifiedRegimeClassifier - INFO - State 3: BULL (mean_return=0.0298, mean_vol=0.0127)
2025-08-04 19:34:16,539 - AresTradingSystem.System.UnifiedRegimeClassifier - INFO - ✅ HMM labeler trained successfully
2025-08-04 19:34:16,540 - AresTradingSystem.System.UnifiedRegimeClassifier - INFO - 🎯 Step 2: Training basic regime ensemble...
2025-08-04 19:34:16,576 - AresTradingSystem.System.UnifiedRegimeClassifier - INFO - Calculated 16 features for 8760 periods
2025-08-04 19:34:36,263 - AresTradingSystem.System.UnifiedRegimeClassifier - INFO - ✅ Basic ensemble trained - Train: 1.000, Test: 0.975
2025-08-04 19:34:36,265 - AresTradingSystem.System.UnifiedRegimeClassifier - INFO - 🎯 Step 3: Training advanced regime classifier...
2025-08-04 19:34:36,278 - AresTradingSystem.System.UnifiedRegimeClassifier - INFO - Calculated 16 features for 8760 periods
2025-08-04 19:34:37,625 - AresTradingSystem.System.UnifiedRegimeClassifier - INFO - ✅ Advanced classifier trained - Train: 1.000, Test: 0.998
2025-08-04 19:34:37,627 - AresTradingSystem.System.UnifiedRegimeClassifier - INFO - 🚀 Training complete unified regime classification system...
2025-08-04 19:34:37,627 - AresTradingSystem.System.UnifiedRegimeClassifier - INFO - 🎯 Step 1: Training HMM-based labeler...
2025-08-04 19:34:37,640 - AresTradingSystem.System.UnifiedRegimeClassifier - INFO - Calculated 16 features for 8760 periods
2025-08-04 19:34:39,223 - AresTradingSystem.System.UnifiedRegimeClassifier - INFO - State 0: BULL (mean_return=0.0130, mean_vol=0.0198)
2025-08-04 19:34:39,224 - AresTradingSystem.System.UnifiedRegimeClassifier - INFO - State 1: BULL (mean_return=0.0001, mean_vol=0.0102)
2025-08-04 19:34:39,224 - AresTradingSystem.System.UnifiedRegimeClassifier - INFO - State 2: BEAR (mean_return=-0.0187, mean_vol=0.0198)
2025-08-04 19:34:39,225 - AresTradingSystem.System.UnifiedRegimeClassifier - INFO - State 3: BULL (mean_return=0.0298, mean_vol=0.0127)
2025-08-04 19:34:39,225 - AresTradingSystem.System.UnifiedRegimeClassifier - INFO - ✅ HMM labeler trained successfully
2025-08-04 19:34:39,225 - AresTradingSystem.System.UnifiedRegimeClassifier - INFO - 🎯 Step 2: Training basic regime ensemble...
2025-08-04 19:34:39,239 - AresTradingSystem.System.UnifiedRegimeClassifier - INFO - Calculated 16 features for 8760 periods
2025-08-04 19:34:56,852 - AresTradingSystem.System.UnifiedRegimeClassifier - INFO - ✅ Basic ensemble trained - Train: 1.000, Test: 0.975
2025-08-04 19:34:56,854 - AresTradingSystem.System.UnifiedRegimeClassifier - INFO - 🎯 Step 3: Training advanced regime classifier...
2025-08-04 19:34:56,868 - AresTradingSystem.System.UnifiedRegimeClassifier - INFO - Calculated 16 features for 8760 periods
2025-08-04 19:34:58,866 - AresTradingSystem.System.UnifiedRegimeClassifier - INFO - ✅ Advanced classifier trained - Train: 1.000, Test: 0.998
2025-08-04 19:34:58,872 - AresTradingSystem.System.UnifiedRegimeClassifier - INFO - HMM model saved to checkpoints/analyst_models/unified_hmm_model_1h.joblib
2025-08-04 19:34:58,936 - AresTradingSystem.System.UnifiedRegimeClassifier - INFO - Basic ensemble saved to checkpoints/analyst_models/unified_ensemble_model_1h.joblib
2025-08-04 19:34:58,940 - AresTradingSystem.System.UnifiedRegimeClassifier - INFO - Advanced classifier saved to checkpoints/analyst_models/unified_advanced_model_1h.joblib
2025-08-04 19:34:58,940 - AresTradingSystem.System.UnifiedRegimeClassifier - INFO - ✅ Complete unified regime classification system trained successfully
2025-08-04 19:34:58,956 - AresTradingSystem.System.UnifiedRegimeClassifier - INFO - Calculated 16 features for 100 periods
2025-08-04 19:34:58,980 - AresTradingSystem.System.UnifiedRegimeClassifier - INFO - HMM model saved to checkpoints/analyst_models/unified_hmm_model_1h.joblib
2025-08-04 19:34:59,025 - AresTradingSystem.System.UnifiedRegimeClassifier - INFO - Basic ensemble saved to checkpoints/analyst_models/unified_ensemble_model_1h.joblib
2025-08-04 19:34:59,028 - AresTradingSystem.System.UnifiedRegimeClassifier - INFO - Advanced classifier saved to checkpoints/analyst_models/unified_advanced_model_1h.joblib
2025-08-04 19:34:59,029 - AresTradingSystem.System.UnifiedRegimeClassifier - INFO - HMM model loaded successfully
2025-08-04 19:34:59,100 - AresTradingSystem.System.UnifiedRegimeClassifier - INFO - Basic ensemble loaded successfully
2025-08-04 19:34:59,102 - AresTradingSystem.System.UnifiedRegimeClassifier - INFO - Advanced classifier loaded successfully
2025-08-04 19:34:59,102 - AresTradingSystem.System.UnifiedRegimeClassifier - INFO - All models loaded successfully
2025-08-04 19:34:59,114 - AresTradingSystem.System.UnifiedRegimeClassifier - INFO - Calculated 16 features for 100 periods
