{"asctime": "2025-08-12 23:33:50,822", "levelname": "INFO", "name": "AresTradingSystem", "message": "✅ Enhanced Logger initialization completed successfully", "correlation_id": "-", "session_id": "-", "timestamp": "2025-08-12T21:33:50.822347+00:00"}
{"asctime": "2025-08-12 23:33:50,827", "levelname": "INFO", "name": "AresTradingSystem.System.AutoencoderConfig", "message": "📋 Configuration loaded successfully from src/analyst/autoencoder_config.yaml", "correlation_id": "-", "session_id": "-", "timestamp": "2025-08-12T21:33:50.827989+00:00"}
{"asctime": "2025-08-12 23:33:50,828", "levelname": "INFO", "name": "AresTradingSystem.System.AutoencoderConfig", "message": "📊 Configuration sections: ['preprocessing', 'sequence', 'autoencoder', 'training', 'feature_filtering', 'feature_analysis', 'output', 'feature_interactions']", "correlation_id": "-", "session_id": "-", "timestamp": "2025-08-12T21:33:50.828133+00:00"}
{"asctime": "2025-08-12 23:33:50,828", "levelname": "INFO", "name": "AresTradingSystem.System.AutoencoderConfig", "message": "⚙️ Key params: timesteps=10, overlap=0.5", "correlation_id": "-", "session_id": "-", "timestamp": "2025-08-12T21:33:50.828213+00:00"}
{"asctime": "2025-08-12 23:33:50,828", "levelname": "INFO", "name": "AresTradingSystem.System.AutoencoderConfig", "message": "⚙️ Training params: n_trials=50, n_jobs=1, epoch_logging_interval=n/a", "correlation_id": "-", "session_id": "-", "timestamp": "2025-08-12T21:33:50.828281+00:00"}
{"asctime": "2025-08-12 23:33:50,828", "levelname": "INFO", "name": "AresTradingSystem.System.AutoencoderConfig", "message": "⚙️ AE params: epochs=100, early_stopping_patience=10, reduce_lr_patience=5", "correlation_id": "-", "session_id": "-", "timestamp": "2025-08-12T21:33:50.828342+00:00"}
{"asctime": "2025-08-12 23:48:12,410", "levelname": "INFO", "name": "AresTradingSystem.System.UnifiedDataManager", "message": "🔄 Creating unified database with time-based splits...", "correlation_id": "-", "session_id": "-", "timestamp": "2025-08-12T21:48:12.410975+00:00"}
{"asctime": "2025-08-12 23:48:12,411", "levelname": "INFO", "name": "AresTradingSystem.System.UnifiedDataManager", "message": "📅 Applying lookback filter: 180 days", "correlation_id": "-", "session_id": "-", "timestamp": "2025-08-12T21:48:12.411655+00:00"}
{"asctime": "2025-08-12 23:48:12,420", "levelname": "INFO", "name": "AresTradingSystem.System.UnifiedDataManager", "message": "📊 Data filtered from 249571 to 249571 samples (from 2025-02-10 to 2025-08-09)", "correlation_id": "-", "session_id": "-", "timestamp": "2025-08-12T21:48:12.420451+00:00"}
{"asctime": "2025-08-12 23:48:12,429", "levelname": "INFO", "name": "AresTradingSystem.System.UnifiedDataManager", "message": "📅 Train period: 2025-02-13 23:34:00 to 2025-07-05 08:36:00", "correlation_id": "-", "session_id": "-", "timestamp": "2025-08-12T21:48:12.429094+00:00"}
{"asctime": "2025-08-12 23:48:12,429", "levelname": "INFO", "name": "AresTradingSystem.System.UnifiedDataManager", "message": "📅 Validation period: 2025-07-05 08:37:00 to 2025-07-23 06:24:00", "correlation_id": "-", "session_id": "-", "timestamp": "2025-08-12T21:48:12.429274+00:00"}
{"asctime": "2025-08-12 23:48:12,429", "levelname": "INFO", "name": "AresTradingSystem.System.UnifiedDataManager", "message": "📅 Test period: 2025-07-23 06:25:00 to 2025-08-09 17:47:00", "correlation_id": "-", "session_id": "-", "timestamp": "2025-08-12T21:48:12.429370+00:00"}
{"asctime": "2025-08-12 23:48:12,429", "levelname": "INFO", "name": "AresTradingSystem.System.UnifiedDataManager", "message": "📊 Time-based splits created (post-augmentation if applied):\n  • Training: 199656 samples (80.0%)\n  • Validation: 24957 samples (10.0%)\n  • Test: 24958 samples (10.0%)", "correlation_id": "-", "session_id": "-", "timestamp": "2025-08-12T21:48:12.429450+00:00"}
{"asctime": "2025-08-12 23:48:12,453", "levelname": "INFO", "name": "AresTradingSystem.System.UnifiedDataManager", "message": "💾 Unified database saved to data/training/unified_database/BINANCE_ETHUSDT_unified_dataset.pkl", "correlation_id": "-", "session_id": "-", "timestamp": "2025-08-12T21:48:12.453719+00:00"}
{"asctime": "2025-08-12 23:48:12,453", "levelname": "INFO", "name": "AresTradingSystem.System.UnifiedDataManager", "message": "📋 Metadata saved to data/training/unified_database/BINANCE_ETHUSDT_dataset_metadata.json", "correlation_id": "-", "session_id": "-", "timestamp": "2025-08-12T21:48:12.453896+00:00"}
{"asctime": "2025-08-12 23:48:12,597", "levelname": "INFO", "name": "AresTradingSystem.System.UnifiedDataManager", "message": "💾 Data splits saved (Parquet):", "correlation_id": "-", "session_id": "-", "timestamp": "2025-08-12T21:48:12.597360+00:00"}
{"asctime": "2025-08-12 23:48:12,597", "levelname": "INFO", "name": "AresTradingSystem.System.UnifiedDataManager", "message": "  • Training: data/training/BINANCE_ETHUSDT_train_data.parquet", "correlation_id": "-", "session_id": "-", "timestamp": "2025-08-12T21:48:12.597662+00:00"}
{"asctime": "2025-08-12 23:48:12,597", "levelname": "INFO", "name": "AresTradingSystem.System.UnifiedDataManager", "message": "  • Validation: data/training/BINANCE_ETHUSDT_validation_data.parquet", "correlation_id": "-", "session_id": "-", "timestamp": "2025-08-12T21:48:12.597788+00:00"}
{"asctime": "2025-08-12 23:48:12,597", "levelname": "INFO", "name": "AresTradingSystem.System.UnifiedDataManager", "message": "  • Test: data/training/BINANCE_ETHUSDT_test_data.parquet", "correlation_id": "-", "session_id": "-", "timestamp": "2025-08-12T21:48:12.597891+00:00"}
{"asctime": "2025-08-12 23:48:12,597", "levelname": "INFO", "name": "AresTradingSystem.System.UnifiedDataManager", "message": "✅ Unified database created successfully", "correlation_id": "-", "session_id": "-", "timestamp": "2025-08-12T21:48:12.597999+00:00"}
{"asctime": "2025-08-12 23:48:13,388", "levelname": "INFO", "name": "AresTradingSystem.System", "message": "Initializing Analyst Specialist Training Step...", "correlation_id": "-", "session_id": "-", "timestamp": "2025-08-12T21:48:13.388397+00:00"}
{"asctime": "2025-08-12 23:48:13,388", "levelname": "INFO", "name": "AresTradingSystem.System", "message": "Analyst Specialist Training Step initialized successfully", "correlation_id": "-", "session_id": "-", "timestamp": "2025-08-12T21:48:13.388579+00:00"}
{"asctime": "2025-08-12 23:48:13,388", "levelname": "INFO", "name": "AresTradingSystem.System", "message": "🔄 Executing Analyst Specialist Training...", "correlation_id": "-", "session_id": "-", "timestamp": "2025-08-12T21:48:13.388667+00:00"}
{"asctime": "2025-08-12 23:48:13,388", "levelname": "INFO", "name": "AresTradingSystem.System", "message": "Step5: expecting feature files: ['data/training/BINANCE_ETHUSDT_features_train.pkl', 'data/training/BINANCE_ETHUSDT_features_validation.pkl', 'data/training/BINANCE_ETHUSDT_features_test.pkl']", "correlation_id": "-", "session_id": "-", "timestamp": "2025-08-12T21:48:13.388760+00:00"}
{"asctime": "2025-08-12 23:48:13,393", "levelname": "INFO", "name": "AresTradingSystem.System", "message": "Loaded features file data/training/BINANCE_ETHUSDT_features_train.pkl: type=DataFrame, shape=(199656, 17)", "correlation_id": "-", "session_id": "-", "timestamp": "2025-08-12T21:48:13.393485+00:00"}
{"asctime": "2025-08-12 23:48:13,394", "levelname": "INFO", "name": "AresTradingSystem.System", "message": "Loaded features file data/training/BINANCE_ETHUSDT_features_validation.pkl: type=DataFrame, shape=(24957, 17)", "correlation_id": "-", "session_id": "-", "timestamp": "2025-08-12T21:48:13.394700+00:00"}
{"asctime": "2025-08-12 23:48:13,395", "levelname": "INFO", "name": "AresTradingSystem.System", "message": "Loaded features file data/training/BINANCE_ETHUSDT_features_test.pkl: type=DataFrame, shape=(24958, 17)", "correlation_id": "-", "session_id": "-", "timestamp": "2025-08-12T21:48:13.395667+00:00"}
{"asctime": "2025-08-12 23:48:13,399", "levelname": "INFO", "name": "AresTradingSystem.System", "message": "✅ Loaded combined feature data: (249571, 17)", "correlation_id": "-", "session_id": "-", "timestamp": "2025-08-12T21:48:13.399258+00:00"}
{"asctime": "2025-08-12 23:48:13,399", "levelname": "INFO", "name": "AresTradingSystem.System", "message": "Training specialist models for regime: combined", "correlation_id": "-", "session_id": "-", "timestamp": "2025-08-12T21:48:13.399495+00:00"}
{"asctime": "2025-08-12 23:48:13,502", "levelname": "INFO", "name": "AresTradingSystem.System", "message": "Training specialist models for regime: combined", "correlation_id": "-", "session_id": "-", "timestamp": "2025-08-12T21:48:13.502046+00:00"}
{"asctime": "2025-08-12 23:48:13,521", "levelname": "INFO", "name": "AresTradingSystem.System", "message": "📊 Training data shape: (249571, 16)", "correlation_id": "-", "session_id": "-", "timestamp": "2025-08-12T21:48:13.521348+00:00"}
{"asctime": "2025-08-12 23:48:13,521", "levelname": "INFO", "name": "AresTradingSystem.System", "message": "📊 Feature count: 16", "correlation_id": "-", "session_id": "-", "timestamp": "2025-08-12T21:48:13.521571+00:00"}
{"asctime": "2025-08-12 23:48:13,521", "levelname": "INFO", "name": "AresTradingSystem.System", "message": "📋 Feature names: ['nearest_resistance_distance', 'returns_volatility_20', 'sma50_distance', 'nearest_support_distance', 'vwap_distance_20', 'close_returns', 'returns_volume_correlation_20', 'volume_returns_volatility_20', 'bullish_engulf_strength_z', 'bearish_engulf_strength_z', 'dist_to_support_pct', 'gk_vol_returns', 'is_at_resistance', 'is_at_support', 'funding_rate_returns', 'sr_zone_position']", "correlation_id": "-", "session_id": "-", "timestamp": "2025-08-12T21:48:13.521648+00:00"}
{"asctime": "2025-08-12 23:48:13,523", "levelname": "INFO", "name": "AresTradingSystem.System", "message": "📊 Class distribution: {-1: 163206, 1: 86365}", "correlation_id": "-", "session_id": "-", "timestamp": "2025-08-12T21:48:13.523441+00:00"}
{"asctime": "2025-08-12 23:48:13,524", "levelname": "INFO", "name": "AresTradingSystem.System", "message": "📊 Class ratios: -1=65.39%, 1=34.61% (counts: -1=163206, 1=86365, total=249571)", "correlation_id": "-", "session_id": "-", "timestamp": "2025-08-12T21:48:13.524979+00:00"}
{"asctime": "2025-08-12 23:48:13,525", "levelname": "INFO", "name": "AresTradingSystem.System", "message": "🔢 Feature dtypes: {dtype('float64'): 14, dtype('int64'): 2}", "correlation_id": "-", "session_id": "-", "timestamp": "2025-08-12T21:48:13.525292+00:00"}
{"asctime": "2025-08-12 23:48:13,528", "levelname": "INFO", "name": "AresTradingSystem.System", "message": "🧪 No NaNs detected in feature matrix", "correlation_id": "-", "session_id": "-", "timestamp": "2025-08-12T21:48:13.528565+00:00"}
{"asctime": "2025-08-12 23:48:13,595", "levelname": "INFO", "name": "AresTradingSystem.System", "message": "🧠 Feature matrix memory: 31.95 MB", "correlation_id": "-", "session_id": "-", "timestamp": "2025-08-12T21:48:13.595643+00:00"}
{"asctime": "2025-08-12 23:48:13,595", "levelname": "INFO", "name": "AresTradingSystem.System", "message": "🧾 Feature columns (first 15): ['nearest_resistance_distance', 'returns_volatility_20', 'sma50_distance', 'nearest_support_distance', 'vwap_distance_20', 'close_returns', 'returns_volume_correlation_20', 'volume_returns_volatility_20', 'bullish_engulf_strength_z', 'bearish_engulf_strength_z', 'dist_to_support_pct', 'gk_vol_returns', 'is_at_resistance', 'is_at_support', 'funding_rate_returns']", "correlation_id": "-", "session_id": "-", "timestamp": "2025-08-12T21:48:13.595843+00:00"}
{"asctime": "2025-08-12 23:48:13,595", "levelname": "INFO", "name": "AresTradingSystem.System", "message": "▶️ Step5 train_test_split start", "correlation_id": "-", "session_id": "-", "timestamp": "2025-08-12T21:48:13.595935+00:00"}
{"asctime": "2025-08-12 23:48:13,645", "levelname": "INFO", "name": "AresTradingSystem.System", "message": "✅ Step5 train_test_split done elapsed=0.0s", "correlation_id": "-", "session_id": "-", "timestamp": "2025-08-12T21:48:13.645712+00:00"}
{"asctime": "2025-08-12 23:48:13,645", "levelname": "INFO", "name": "AresTradingSystem.System", "message": "📊 Train set: (199656, 16)", "correlation_id": "-", "session_id": "-", "timestamp": "2025-08-12T21:48:13.645932+00:00"}
{"asctime": "2025-08-12 23:48:13,646", "levelname": "INFO", "name": "AresTradingSystem.System", "message": "📊 Test set: (49915, 16)", "correlation_id": "-", "session_id": "-", "timestamp": "2025-08-12T21:48:13.646018+00:00"}
{"asctime": "2025-08-12 23:48:13,648", "levelname": "INFO", "name": "AresTradingSystem.System", "message": "📊 Train class distribution: {-1: 130564, 1: 69092}", "correlation_id": "-", "session_id": "-", "timestamp": "2025-08-12T21:48:13.648112+00:00"}
{"asctime": "2025-08-12 23:48:13,648", "levelname": "INFO", "name": "AresTradingSystem.System", "message": "📊 Test class distribution: {-1: 32642, 1: 17273}", "correlation_id": "-", "session_id": "-", "timestamp": "2025-08-12T21:48:13.648473+00:00"}
{"asctime": "2025-08-12 23:48:13,649", "levelname": "INFO", "name": "AresTradingSystem.System", "message": "📊 Train class ratios: -1=65.39%, 1=34.61%", "correlation_id": "-", "session_id": "-", "timestamp": "2025-08-12T21:48:13.649956+00:00"}
{"asctime": "2025-08-12 23:48:13,650", "levelname": "INFO", "name": "AresTradingSystem.System", "message": "📊 Test class ratios: -1=65.40%, 1=34.60%", "correlation_id": "-", "session_id": "-", "timestamp": "2025-08-12T21:48:13.650075+00:00"}
{"asctime": "2025-08-12 23:48:13,654", "levelname": "INFO", "name": "AresTradingSystem.System", "message": "Step5: RandomForest training start", "correlation_id": "-", "session_id": "-", "timestamp": "2025-08-12T21:48:13.654297+00:00"}
{"asctime": "2025-08-12 23:48:13,654", "levelname": "INFO", "name": "AresTradingSystem.System", "message": "▶️ Step5 RandomForest training start", "correlation_id": "-", "session_id": "-", "timestamp": "2025-08-12T21:48:13.654517+00:00"}
{"asctime": "2025-08-12 23:48:22,762", "levelname": "INFO", "name": "AresTradingSystem.System", "message": "✅ Step5 RandomForest training done elapsed=9.1s", "correlation_id": "-", "session_id": "-", "timestamp": "2025-08-12T21:48:22.762218+00:00"}
{"asctime": "2025-08-12 23:48:22,762", "levelname": "INFO", "name": "AresTradingSystem.System", "message": "Step5: LightGBM training start", "correlation_id": "-", "session_id": "-", "timestamp": "2025-08-12T21:48:22.762477+00:00"}
{"asctime": "2025-08-12 23:48:22,762", "levelname": "INFO", "name": "AresTradingSystem.System", "message": "▶️ Step5 LightGBM training start", "correlation_id": "-", "session_id": "-", "timestamp": "2025-08-12T21:48:22.762566+00:00"}
{"asctime": "2025-08-12 23:48:29,059", "levelname": "INFO", "name": "AresTradingSystem.System", "message": "✅ Step5 LightGBM training done elapsed=6.3s", "correlation_id": "-", "session_id": "-", "timestamp": "2025-08-12T21:48:29.059738+00:00"}
{"asctime": "2025-08-12 23:48:29,060", "levelname": "INFO", "name": "AresTradingSystem.System", "message": "Step5: XGBoost training start", "correlation_id": "-", "session_id": "-", "timestamp": "2025-08-12T21:48:29.060204+00:00"}
{"asctime": "2025-08-12 23:48:29,060", "levelname": "INFO", "name": "AresTradingSystem.System", "message": "▶️ Step5 XGBoost training start", "correlation_id": "-", "session_id": "-", "timestamp": "2025-08-12T21:48:29.060318+00:00"}
{"asctime": "2025-08-12 23:48:29,060", "levelname": "ERROR", "name": "AresTradingSystem.System", "message": "\u001b[91m\u001b[1m❌\u001b[0m \u001b[91m\u001b[1mError training XGBoost for combined: No module named 'xgboost'\u001b[0m", "correlation_id": "-", "session_id": "-", "exc_info": "Traceback (most recent call last):\n  File \"/Users/remyroche/Documents/Ares/src/training/steps/step5_analyst_specialist_training.py\", line 1297, in _train_xgboost\n    import xgboost as xgb\nModuleNotFoundError: No module named 'xgboost'", "timestamp": "2025-08-12T21:48:29.060762+00:00"}
{"asctime": "2025-08-12 23:48:29,061", "levelname": "ERROR", "name": "AresTradingSystem.System", "message": "\u001b[91m\u001b[1m❌\u001b[0m \u001b[91m\u001b[1m❌ Step5 XGBoost training failed after 0.0s: No module named 'xgboost'\u001b[0m", "correlation_id": "-", "session_id": "-", "exc_info": "Traceback (most recent call last):\n  File \"/Users/remyroche/Documents/Ares/src/utils/logger.py\", line 805, in heartbeat\n    yield\n  File \"/Users/remyroche/Documents/Ares/src/training/steps/step5_analyst_specialist_training.py\", line 797, in _train_regime_models\n    xgb_model = await self._train_xgboost(\n                ^^^^^^^^^^^^^^^^^^^^^^^^^^\n  File \"/Users/remyroche/Documents/Ares/src/training/steps/step5_analyst_specialist_training.py\", line 1297, in _train_xgboost\n    import xgboost as xgb\nModuleNotFoundError: No module named 'xgboost'", "timestamp": "2025-08-12T21:48:29.061488+00:00"}
{"asctime": "2025-08-12 23:48:29,064", "levelname": "WARNING", "name": "AresTradingSystem.System", "message": "\u001b[93m\u001b[1m⚠️\u001b[0m \u001b[93m\u001b[1mXGBoost training failed: No module named 'xgboost'\u001b[0m", "correlation_id": "-", "session_id": "-", "timestamp": "2025-08-12T21:48:29.064696+00:00"}
{"asctime": "2025-08-12 23:48:29,064", "levelname": "INFO", "name": "AresTradingSystem.System", "message": "▶️ Step5 NeuralNet training start", "correlation_id": "-", "session_id": "-", "timestamp": "2025-08-12T21:48:29.064874+00:00"}
{"asctime": "2025-08-12 23:49:29,073", "levelname": "INFO", "name": "AresTradingSystem.System", "message": "⏳ Step5 NeuralNet training still running... elapsed=60.0s", "correlation_id": "-", "session_id": "-", "timestamp": "2025-08-12T21:49:29.073920+00:00"}
{"asctime": "2025-08-12 23:49:30,889", "levelname": "INFO", "name": "AresTradingSystem.System", "message": "✅ Step5 NeuralNet training done elapsed=61.8s", "correlation_id": "-", "session_id": "-", "timestamp": "2025-08-12T21:49:30.889561+00:00"}
{"asctime": "2025-08-12 23:49:30,890", "levelname": "INFO", "name": "AresTradingSystem.System", "message": "▶️ Step5 SVM training start", "correlation_id": "-", "session_id": "-", "timestamp": "2025-08-12T21:49:30.890094+00:00"}
{"asctime": "2025-08-12 23:49:30,910", "levelname": "INFO", "name": "AresTradingSystem.System", "message": "RBFApprox tuning on stratified subset: 50000 of 199656 rows (frac=0.250)", "correlation_id": "-", "session_id": "-", "timestamp": "2025-08-12T21:49:30.910470+00:00"}
{"asctime": "2025-08-12 23:49:30,971", "levelname": "INFO", "name": "AresTradingSystem.System", "message": "Using StratifiedKFold(n_splits=3, shuffle=True) for CV", "correlation_id": "-", "session_id": "-", "timestamp": "2025-08-12T21:49:30.971197+00:00"}
{"asctime": "2025-08-12 23:49:30,971", "levelname": "INFO", "name": "AresTradingSystem.System", "message": "▶️ Step5 RBFApprox CV tuning start", "correlation_id": "-", "session_id": "-", "timestamp": "2025-08-12T21:49:30.971492+00:00"}
{"asctime": "2025-08-12 23:50:30,920", "levelname": "INFO", "name": "AresTradingSystem.System", "message": "⏳ Step5 SVM training still running... elapsed=60.0s", "correlation_id": "-", "session_id": "-", "timestamp": "2025-08-12T21:50:30.921189+00:00"}
{"asctime": "2025-08-12 23:50:31,004", "levelname": "INFO", "name": "AresTradingSystem.System", "message": "⏳ Step5 RBFApprox CV tuning still running... elapsed=60.0s", "correlation_id": "-", "session_id": "-", "timestamp": "2025-08-12T21:50:31.004271+00:00"}
{"asctime": "2025-08-12 23:51:30,934", "levelname": "INFO", "name": "AresTradingSystem.System", "message": "⏳ Step5 SVM training still running... elapsed=120.0s", "correlation_id": "-", "session_id": "-", "timestamp": "2025-08-12T21:51:30.934422+00:00"}
{"asctime": "2025-08-12 23:51:31,013", "levelname": "INFO", "name": "AresTradingSystem.System", "message": "⏳ Step5 RBFApprox CV tuning still running... elapsed=120.0s", "correlation_id": "-", "session_id": "-", "timestamp": "2025-08-12T21:51:31.013188+00:00"}
{"asctime": "2025-08-12 23:52:30,950", "levelname": "INFO", "name": "AresTradingSystem.System", "message": "⏳ Step5 SVM training still running... elapsed=180.0s", "correlation_id": "-", "session_id": "-", "timestamp": "2025-08-12T21:52:30.950948+00:00"}
{"asctime": "2025-08-12 23:52:31,019", "levelname": "INFO", "name": "AresTradingSystem.System", "message": "⏳ Step5 RBFApprox CV tuning still running... elapsed=180.0s", "correlation_id": "-", "session_id": "-", "timestamp": "2025-08-12T21:52:31.019509+00:00"}
{"asctime": "2025-08-12 23:53:30,968", "levelname": "INFO", "name": "AresTradingSystem.System", "message": "⏳ Step5 SVM training still running... elapsed=240.0s", "correlation_id": "-", "session_id": "-", "timestamp": "2025-08-12T21:53:30.970104+00:00"}
{"asctime": "2025-08-12 23:53:31,024", "levelname": "INFO", "name": "AresTradingSystem.System", "message": "⏳ Step5 RBFApprox CV tuning still running... elapsed=240.0s", "correlation_id": "-", "session_id": "-", "timestamp": "2025-08-12T21:53:31.024125+00:00"}
{"asctime": "2025-08-12 23:54:30,980", "levelname": "INFO", "name": "AresTradingSystem.System", "message": "⏳ Step5 SVM training still running... elapsed=300.1s", "correlation_id": "-", "session_id": "-", "timestamp": "2025-08-12T21:54:30.981962+00:00"}
{"asctime": "2025-08-12 23:54:31,027", "levelname": "INFO", "name": "AresTradingSystem.System", "message": "⏳ Step5 RBFApprox CV tuning still running... elapsed=300.0s", "correlation_id": "-", "session_id": "-", "timestamp": "2025-08-12T21:54:31.027376+00:00"}
{"asctime": "2025-08-12 23:55:30,996", "levelname": "INFO", "name": "AresTradingSystem.System", "message": "⏳ Step5 SVM training still running... elapsed=360.1s", "correlation_id": "-", "session_id": "-", "timestamp": "2025-08-12T21:55:30.997004+00:00"}
{"asctime": "2025-08-12 23:55:31,030", "levelname": "INFO", "name": "AresTradingSystem.System", "message": "⏳ Step5 RBFApprox CV tuning still running... elapsed=360.0s", "correlation_id": "-", "session_id": "-", "timestamp": "2025-08-12T21:55:31.030469+00:00"}
{"asctime": "2025-08-12 23:56:31,006", "levelname": "INFO", "name": "AresTradingSystem.System", "message": "⏳ Step5 SVM training still running... elapsed=420.1s", "correlation_id": "-", "session_id": "-", "timestamp": "2025-08-12T21:56:31.007741+00:00"}
{"asctime": "2025-08-12 23:56:31,034", "levelname": "INFO", "name": "AresTradingSystem.System", "message": "⏳ Step5 RBFApprox CV tuning still running... elapsed=420.0s", "correlation_id": "-", "session_id": "-", "timestamp": "2025-08-12T21:56:31.034796+00:00"}
{"asctime": "2025-08-12 23:57:31,024", "levelname": "INFO", "name": "AresTradingSystem.System", "message": "⏳ Step5 SVM training still running... elapsed=480.1s", "correlation_id": "-", "session_id": "-", "timestamp": "2025-08-12T21:57:31.024298+00:00"}
{"asctime": "2025-08-12 23:57:31,048", "levelname": "INFO", "name": "AresTradingSystem.System", "message": "⏳ Step5 RBFApprox CV tuning still running... elapsed=480.0s", "correlation_id": "-", "session_id": "-", "timestamp": "2025-08-12T21:57:31.048190+00:00"}
{"asctime": "2025-08-12 23:58:31,030", "levelname": "INFO", "name": "AresTradingSystem.System", "message": "⏳ Step5 SVM training still running... elapsed=540.1s", "correlation_id": "-", "session_id": "-", "timestamp": "2025-08-12T21:58:31.031576+00:00"}
{"asctime": "2025-08-12 23:58:31,051", "levelname": "INFO", "name": "AresTradingSystem.System", "message": "⏳ Step5 RBFApprox CV tuning still running... elapsed=540.0s", "correlation_id": "-", "session_id": "-", "timestamp": "2025-08-12T21:58:31.051672+00:00"}
{"asctime": "2025-08-12 23:59:31,043", "levelname": "INFO", "name": "AresTradingSystem.System", "message": "⏳ Step5 SVM training still running... elapsed=600.1s", "correlation_id": "-", "session_id": "-", "timestamp": "2025-08-12T21:59:31.045423+00:00"}
{"asctime": "2025-08-12 23:59:31,057", "levelname": "INFO", "name": "AresTradingSystem.System", "message": "⏳ Step5 RBFApprox CV tuning still running... elapsed=600.0s", "correlation_id": "-", "session_id": "-", "timestamp": "2025-08-12T21:59:31.057641+00:00"}
{"asctime": "2025-08-13 00:00:31,061", "levelname": "INFO", "name": "AresTradingSystem.System", "message": "⏳ Step5 SVM training still running... elapsed=660.1s", "correlation_id": "-", "session_id": "-", "timestamp": "2025-08-12T22:00:31.062140+00:00"}
{"asctime": "2025-08-13 00:00:31,064", "levelname": "INFO", "name": "AresTradingSystem.System", "message": "⏳ Step5 RBFApprox CV tuning still running... elapsed=660.0s", "correlation_id": "-", "session_id": "-", "timestamp": "2025-08-12T22:00:31.064735+00:00"}
{"asctime": "2025-08-13 00:01:31,077", "levelname": "INFO", "name": "AresTradingSystem.System", "message": "⏳ Step5 RBFApprox CV tuning still running... elapsed=720.1s", "correlation_id": "-", "session_id": "-", "timestamp": "2025-08-12T22:01:31.078256+00:00"}
{"asctime": "2025-08-13 00:01:31,089", "levelname": "INFO", "name": "AresTradingSystem.System", "message": "⏳ Step5 SVM training still running... elapsed=720.2s", "correlation_id": "-", "session_id": "-", "timestamp": "2025-08-12T22:01:31.089454+00:00"}
{"asctime": "2025-08-13 00:02:31,112", "levelname": "INFO", "name": "AresTradingSystem.System", "message": "⏳ Step5 RBFApprox CV tuning still running... elapsed=780.1s", "correlation_id": "-", "session_id": "-", "timestamp": "2025-08-12T22:02:31.112562+00:00"}
{"asctime": "2025-08-13 00:02:31,108", "levelname": "INFO", "name": "AresTradingSystem.System", "message": "⏳ Step5 SVM training still running... elapsed=780.2s", "correlation_id": "-", "session_id": "-", "timestamp": "2025-08-12T22:02:31.110216+00:00"}
{"asctime": "2025-08-13 00:03:31,134", "levelname": "INFO", "name": "AresTradingSystem.System", "message": "⏳ Step5 SVM training still running... elapsed=840.2s", "correlation_id": "-", "session_id": "-", "timestamp": "2025-08-12T22:03:31.135042+00:00"}
{"asctime": "2025-08-13 00:03:31,132", "levelname": "INFO", "name": "AresTradingSystem.System", "message": "⏳ Step5 RBFApprox CV tuning still running... elapsed=840.1s", "correlation_id": "-", "session_id": "-", "timestamp": "2025-08-12T22:03:31.133730+00:00"}
{"asctime": "2025-08-13 00:04:31,150", "levelname": "INFO", "name": "AresTradingSystem.System", "message": "⏳ Step5 RBFApprox CV tuning still running... elapsed=900.1s", "correlation_id": "-", "session_id": "-", "timestamp": "2025-08-12T22:04:31.151081+00:00"}
{"asctime": "2025-08-13 00:04:31,156", "levelname": "INFO", "name": "AresTradingSystem.System", "message": "⏳ Step5 SVM training still running... elapsed=900.2s", "correlation_id": "-", "session_id": "-", "timestamp": "2025-08-12T22:04:31.156206+00:00"}
{"asctime": "2025-08-13 00:05:31,171", "levelname": "INFO", "name": "AresTradingSystem.System", "message": "⏳ Step5 RBFApprox CV tuning still running... elapsed=960.1s", "correlation_id": "-", "session_id": "-", "timestamp": "2025-08-12T22:05:31.171542+00:00"}
{"asctime": "2025-08-13 00:05:31,172", "levelname": "INFO", "name": "AresTradingSystem.System", "message": "⏳ Step5 SVM training still running... elapsed=960.2s", "correlation_id": "-", "session_id": "-", "timestamp": "2025-08-12T22:05:31.172837+00:00"}
{"asctime": "2025-08-13 00:06:31,186", "levelname": "INFO", "name": "AresTradingSystem.System", "message": "⏳ Step5 SVM training still running... elapsed=1020.2s", "correlation_id": "-", "session_id": "-", "timestamp": "2025-08-12T22:06:31.187189+00:00"}
{"asctime": "2025-08-13 00:06:31,191", "levelname": "INFO", "name": "AresTradingSystem.System", "message": "⏳ Step5 RBFApprox CV tuning still running... elapsed=1020.2s", "correlation_id": "-", "session_id": "-", "timestamp": "2025-08-12T22:06:31.191318+00:00"}
{"asctime": "2025-08-13 00:07:31,203", "levelname": "INFO", "name": "AresTradingSystem.System", "message": "⏳ Step5 SVM training still running... elapsed=1080.3s", "correlation_id": "-", "session_id": "-", "timestamp": "2025-08-12T22:07:31.203754+00:00"}
{"asctime": "2025-08-13 00:07:31,204", "levelname": "INFO", "name": "AresTradingSystem.System", "message": "⏳ Step5 RBFApprox CV tuning still running... elapsed=1080.2s", "correlation_id": "-", "session_id": "-", "timestamp": "2025-08-12T22:07:31.204969+00:00"}
{"asctime": "2025-08-13 00:08:31,214", "levelname": "INFO", "name": "AresTradingSystem.System", "message": "⏳ Step5 SVM training still running... elapsed=1140.3s", "correlation_id": "-", "session_id": "-", "timestamp": "2025-08-12T22:08:31.215478+00:00"}
{"asctime": "2025-08-13 00:08:31,212", "levelname": "INFO", "name": "AresTradingSystem.System", "message": "⏳ Step5 RBFApprox CV tuning still running... elapsed=1140.2s", "correlation_id": "-", "session_id": "-", "timestamp": "2025-08-12T22:08:31.219723+00:00"}
{"asctime": "2025-08-13 00:09:31,231", "levelname": "INFO", "name": "AresTradingSystem.System", "message": "⏳ Step5 SVM training still running... elapsed=1200.3s", "correlation_id": "-", "session_id": "-", "timestamp": "2025-08-12T22:09:31.232743+00:00"}
{"asctime": "2025-08-13 00:09:31,237", "levelname": "INFO", "name": "AresTradingSystem.System", "message": "⏳ Step5 RBFApprox CV tuning still running... elapsed=1200.2s", "correlation_id": "-", "session_id": "-", "timestamp": "2025-08-12T22:09:31.237395+00:00"}
{"asctime": "2025-08-13 00:10:31,253", "levelname": "INFO", "name": "AresTradingSystem.System", "message": "⏳ Step5 RBFApprox CV tuning still running... elapsed=1260.2s", "correlation_id": "-", "session_id": "-", "timestamp": "2025-08-12T22:10:31.253690+00:00"}
{"asctime": "2025-08-13 00:10:31,252", "levelname": "INFO", "name": "AresTradingSystem.System", "message": "⏳ Step5 SVM training still running... elapsed=1260.3s", "correlation_id": "-", "session_id": "-", "timestamp": "2025-08-12T22:10:31.256345+00:00"}
{"asctime": "2025-08-13 00:11:31,272", "levelname": "INFO", "name": "AresTradingSystem.System", "message": "⏳ Step5 RBFApprox CV tuning still running... elapsed=1320.2s", "correlation_id": "-", "session_id": "-", "timestamp": "2025-08-12T22:11:31.273308+00:00"}
{"asctime": "2025-08-13 00:11:31,268", "levelname": "INFO", "name": "AresTradingSystem.System", "message": "⏳ Step5 SVM training still running... elapsed=1320.3s", "correlation_id": "-", "session_id": "-", "timestamp": "2025-08-12T22:11:31.269988+00:00"}
{"asctime": "2025-08-13 00:12:31,299", "levelname": "INFO", "name": "AresTradingSystem.System", "message": "⏳ Step5 RBFApprox CV tuning still running... elapsed=1380.3s", "correlation_id": "-", "session_id": "-", "timestamp": "2025-08-12T22:12:31.299942+00:00"}
{"asctime": "2025-08-13 00:12:31,300", "levelname": "INFO", "name": "AresTradingSystem.System", "message": "⏳ Step5 SVM training still running... elapsed=1380.4s", "correlation_id": "-", "session_id": "-", "timestamp": "2025-08-12T22:12:31.300670+00:00"}
{"asctime": "2025-08-13 00:13:31,325", "levelname": "INFO", "name": "AresTradingSystem.System", "message": "⏳ Step5 RBFApprox CV tuning still running... elapsed=1440.3s", "correlation_id": "-", "session_id": "-", "timestamp": "2025-08-12T22:13:31.325581+00:00"}
{"asctime": "2025-08-13 00:13:31,325", "levelname": "INFO", "name": "AresTradingSystem.System", "message": "⏳ Step5 SVM training still running... elapsed=1440.4s", "correlation_id": "-", "session_id": "-", "timestamp": "2025-08-12T22:13:31.325776+00:00"}
{"asctime": "2025-08-13 00:14:31,338", "levelname": "INFO", "name": "AresTradingSystem.System", "message": "⏳ Step5 RBFApprox CV tuning still running... elapsed=1500.3s", "correlation_id": "-", "session_id": "-", "timestamp": "2025-08-12T22:14:31.338499+00:00"}
{"asctime": "2025-08-13 00:14:31,347", "levelname": "INFO", "name": "AresTradingSystem.System", "message": "⏳ Step5 SVM training still running... elapsed=1500.4s", "correlation_id": "-", "session_id": "-", "timestamp": "2025-08-12T22:14:31.347709+00:00"}
{"asctime": "2025-08-13 00:15:31,357", "levelname": "INFO", "name": "AresTradingSystem.System", "message": "⏳ Step5 SVM training still running... elapsed=1560.4s", "correlation_id": "-", "session_id": "-", "timestamp": "2025-08-12T22:15:31.358907+00:00"}
{"asctime": "2025-08-13 00:15:31,362", "levelname": "INFO", "name": "AresTradingSystem.System", "message": "⏳ Step5 RBFApprox CV tuning still running... elapsed=1560.3s", "correlation_id": "-", "session_id": "-", "timestamp": "2025-08-12T22:15:31.362229+00:00"}
{"asctime": "2025-08-13 00:16:31,375", "levelname": "INFO", "name": "AresTradingSystem.System", "message": "⏳ Step5 SVM training still running... elapsed=1620.4s", "correlation_id": "-", "session_id": "-", "timestamp": "2025-08-12T22:16:31.377191+00:00"}
{"asctime": "2025-08-13 00:16:31,383", "levelname": "INFO", "name": "AresTradingSystem.System", "message": "⏳ Step5 RBFApprox CV tuning still running... elapsed=1620.3s", "correlation_id": "-", "session_id": "-", "timestamp": "2025-08-12T22:16:31.383368+00:00"}
{"asctime": "2025-08-13 00:17:31,393", "levelname": "INFO", "name": "AresTradingSystem.System", "message": "⏳ Step5 RBFApprox CV tuning still running... elapsed=1680.3s", "correlation_id": "-", "session_id": "-", "timestamp": "2025-08-12T22:17:31.393866+00:00"}
{"asctime": "2025-08-13 00:17:31,396", "levelname": "INFO", "name": "AresTradingSystem.System", "message": "⏳ Step5 SVM training still running... elapsed=1680.4s", "correlation_id": "-", "session_id": "-", "timestamp": "2025-08-12T22:17:31.396978+00:00"}
{"asctime": "2025-08-13 00:18:31,406", "levelname": "INFO", "name": "AresTradingSystem.System", "message": "⏳ Step5 RBFApprox CV tuning still running... elapsed=1740.3s", "correlation_id": "-", "session_id": "-", "timestamp": "2025-08-12T22:18:31.407455+00:00"}
{"asctime": "2025-08-13 00:18:31,410", "levelname": "INFO", "name": "AresTradingSystem.System", "message": "⏳ Step5 SVM training still running... elapsed=1740.4s", "correlation_id": "-", "session_id": "-", "timestamp": "2025-08-12T22:18:31.410532+00:00"}
{"asctime": "2025-08-13 00:19:31,420", "levelname": "INFO", "name": "AresTradingSystem.System", "message": "⏳ Step5 SVM training still running... elapsed=1800.4s", "correlation_id": "-", "session_id": "-", "timestamp": "2025-08-12T22:19:31.421956+00:00"}
{"asctime": "2025-08-13 00:19:31,426", "levelname": "INFO", "name": "AresTradingSystem.System", "message": "⏳ Step5 RBFApprox CV tuning still running... elapsed=1800.4s", "correlation_id": "-", "session_id": "-", "timestamp": "2025-08-12T22:19:31.426260+00:00"}
{"asctime": "2025-08-13 00:20:31,437", "levelname": "INFO", "name": "AresTradingSystem.System", "message": "⏳ Step5 SVM training still running... elapsed=1860.5s", "correlation_id": "-", "session_id": "-", "timestamp": "2025-08-12T22:20:31.437571+00:00"}
{"asctime": "2025-08-13 00:20:31,442", "levelname": "INFO", "name": "AresTradingSystem.System", "message": "⏳ Step5 RBFApprox CV tuning still running... elapsed=1860.4s", "correlation_id": "-", "session_id": "-", "timestamp": "2025-08-12T22:20:31.442409+00:00"}
{"asctime": "2025-08-13 00:21:31,445", "levelname": "INFO", "name": "AresTradingSystem.System", "message": "⏳ Step5 SVM training still running... elapsed=1920.5s", "correlation_id": "-", "session_id": "-", "timestamp": "2025-08-12T22:21:31.445783+00:00"}
{"asctime": "2025-08-13 00:21:31,448", "levelname": "INFO", "name": "AresTradingSystem.System", "message": "⏳ Step5 RBFApprox CV tuning still running... elapsed=1920.4s", "correlation_id": "-", "session_id": "-", "timestamp": "2025-08-12T22:21:31.448199+00:00"}
{"asctime": "2025-08-13 00:22:31,460", "levelname": "INFO", "name": "AresTradingSystem.System", "message": "⏳ Step5 RBFApprox CV tuning still running... elapsed=1980.4s", "correlation_id": "-", "session_id": "-", "timestamp": "2025-08-12T22:22:31.460687+00:00"}
{"asctime": "2025-08-13 00:22:31,457", "levelname": "INFO", "name": "AresTradingSystem.System", "message": "⏳ Step5 SVM training still running... elapsed=1980.5s", "correlation_id": "-", "session_id": "-", "timestamp": "2025-08-12T22:22:31.459736+00:00"}
{"asctime": "2025-08-13 00:23:31,472", "levelname": "INFO", "name": "AresTradingSystem.System", "message": "⏳ Step5 SVM training still running... elapsed=2040.5s", "correlation_id": "-", "session_id": "-", "timestamp": "2025-08-12T22:23:31.474205+00:00"}
{"asctime": "2025-08-13 00:23:31,478", "levelname": "INFO", "name": "AresTradingSystem.System", "message": "⏳ Step5 RBFApprox CV tuning still running... elapsed=2040.4s", "correlation_id": "-", "session_id": "-", "timestamp": "2025-08-12T22:23:31.479209+00:00"}
{"asctime": "2025-08-13 00:24:31,499", "levelname": "INFO", "name": "AresTradingSystem.System", "message": "⏳ Step5 SVM training still running... elapsed=2100.5s", "correlation_id": "-", "session_id": "-", "timestamp": "2025-08-12T22:24:31.499594+00:00"}
{"asctime": "2025-08-13 00:24:31,501", "levelname": "INFO", "name": "AresTradingSystem.System", "message": "⏳ Step5 RBFApprox CV tuning still running... elapsed=2100.4s", "correlation_id": "-", "session_id": "-", "timestamp": "2025-08-12T22:24:31.501404+00:00"}
{"asctime": "2025-08-13 00:25:31,516", "levelname": "INFO", "name": "AresTradingSystem.System", "message": "⏳ Step5 RBFApprox CV tuning still running... elapsed=2160.4s", "correlation_id": "-", "session_id": "-", "timestamp": "2025-08-12T22:25:31.517673+00:00"}
{"asctime": "2025-08-13 00:25:31,522", "levelname": "INFO", "name": "AresTradingSystem.System", "message": "⏳ Step5 SVM training still running... elapsed=2160.5s", "correlation_id": "-", "session_id": "-", "timestamp": "2025-08-12T22:25:31.523093+00:00"}
{"asctime": "2025-08-13 00:26:31,534", "levelname": "INFO", "name": "AresTradingSystem.System", "message": "⏳ Step5 SVM training still running... elapsed=2220.5s", "correlation_id": "-", "session_id": "-", "timestamp": "2025-08-12T22:26:31.535530+00:00"}
{"asctime": "2025-08-13 00:26:31,538", "levelname": "INFO", "name": "AresTradingSystem.System", "message": "⏳ Step5 RBFApprox CV tuning still running... elapsed=2220.5s", "correlation_id": "-", "session_id": "-", "timestamp": "2025-08-12T22:26:31.538525+00:00"}
{"asctime": "2025-08-13 00:27:31,547", "levelname": "INFO", "name": "AresTradingSystem.System", "message": "⏳ Step5 SVM training still running... elapsed=2280.5s", "correlation_id": "-", "session_id": "-", "timestamp": "2025-08-12T22:27:31.548888+00:00"}
{"asctime": "2025-08-13 00:27:31,553", "levelname": "INFO", "name": "AresTradingSystem.System", "message": "⏳ Step5 RBFApprox CV tuning still running... elapsed=2280.5s", "correlation_id": "-", "session_id": "-", "timestamp": "2025-08-12T22:27:31.553445+00:00"}
{"asctime": "2025-08-13 00:27:41,694", "levelname": "INFO", "name": "AresTradingSystem.System", "message": "✅ Step5 RBFApprox CV tuning done elapsed=2290.6s", "correlation_id": "-", "session_id": "-", "timestamp": "2025-08-12T22:27:41.695137+00:00"}
{"asctime": "2025-08-13 00:27:41,697", "levelname": "INFO", "name": "AresTradingSystem.System", "message": "RBFApprox best params: gamma=0.001, n_components=1500, C=0.5 (cv_acc=0.6552)", "correlation_id": "-", "session_id": "-", "timestamp": "2025-08-12T22:27:41.697730+00:00"}
{"asctime": "2025-08-13 00:28:03,121", "levelname": "INFO", "name": "AresTradingSystem.System", "message": "✅ Step5 SVM training done elapsed=2312.1s", "correlation_id": "-", "session_id": "-", "timestamp": "2025-08-12T22:28:03.121837+00:00"}
{"asctime": "2025-08-13 00:28:03,122", "levelname": "INFO", "name": "AresTradingSystem.System", "message": "✅ Trained 4 models for regime: combined", "correlation_id": "-", "session_id": "-", "timestamp": "2025-08-12T22:28:03.122588+00:00"}
{"asctime": "2025-08-13 00:28:03,847", "levelname": "INFO", "name": "AresTradingSystem.System", "message": "✅ Saved main analyst model to data/training/BINANCE_ETHUSDT_analyst_model.pkl", "correlation_id": "-", "session_id": "-", "timestamp": "2025-08-12T22:28:03.847864+00:00"}
{"asctime": "2025-08-13 00:28:03,879", "levelname": "INFO", "name": "AresTradingSystem.System", "message": "✅ Saved model metadata to data/training/BINANCE_ETHUSDT_analyst_model_metadata.json", "correlation_id": "-", "session_id": "-", "timestamp": "2025-08-12T22:28:03.879469+00:00"}
{"asctime": "2025-08-13 00:28:03,879", "levelname": "INFO", "name": "AresTradingSystem.System", "message": "✅ Saved training history to data/training/BINANCE_ETHUSDT_analyst_training_history.json", "correlation_id": "-", "session_id": "-", "timestamp": "2025-08-12T22:28:03.879916+00:00"}
{"asctime": "2025-08-13 00:28:03,885", "levelname": "INFO", "name": "AresTradingSystem.System", "message": "Saved regime model: data/training/analyst_models/combined/random_forest.pkl", "correlation_id": "-", "session_id": "-", "timestamp": "2025-08-12T22:28:03.885394+00:00"}
{"asctime": "2025-08-13 00:28:03,920", "levelname": "INFO", "name": "AresTradingSystem.System", "message": "Saved regime model: data/training/analyst_models/combined/lightgbm.pkl", "correlation_id": "-", "session_id": "-", "timestamp": "2025-08-12T22:28:03.920761+00:00"}
{"asctime": "2025-08-13 00:28:03,923", "levelname": "INFO", "name": "AresTradingSystem.System", "message": "Saved regime model: data/training/analyst_models/combined/neural_network.pkl", "correlation_id": "-", "session_id": "-", "timestamp": "2025-08-12T22:28:03.923849+00:00"}
{"asctime": "2025-08-13 00:28:03,925", "levelname": "INFO", "name": "AresTradingSystem.System", "message": "Saved regime model: data/training/analyst_models/combined/svm.pkl", "correlation_id": "-", "session_id": "-", "timestamp": "2025-08-12T22:28:03.925538+00:00"}
{"asctime": "2025-08-13 00:28:03,925", "levelname": "WARNING", "name": "AresTradingSystem.System", "message": "\u001b[93m\u001b[1m⚠️\u001b[0m \u001b[93m\u001b[1mS/R training skipped: missing sr_event_label in data\u001b[0m", "correlation_id": "-", "session_id": "-", "timestamp": "2025-08-12T22:28:03.925668+00:00"}
{"asctime": "2025-08-13 00:28:03,927", "levelname": "INFO", "name": "AresTradingSystem.System", "message": "✅ Analyst specialist training completed. Results saved to data/training/analyst_models", "correlation_id": "-", "session_id": "-", "timestamp": "2025-08-12T22:28:03.927764+00:00"}
