2025-08-07 21:40:15,584 - AresTradingSystem - INFO - ✅ Enhanced Logger initialization completed successfully
2025-08-07 21:40:15,592 - AresTradingSystem.System - INFO - Environment configuration loaded successfully. Trading Environment: PAPER, Exchange: BINANCE
2025-08-07 21:40:15,897 - AresTradingSystem.System.SignalHandler - INFO - Initializing Signal Handler...
2025-08-07 21:40:15,897 - AresTradingSystem.System.SignalHandler - INFO - Signal configuration loaded successfully
2025-08-07 21:40:15,897 - AresTradingSystem.System.SignalHandler - INFO - Configuration validation successful
2025-08-07 21:40:15,897 - AresTradingSystem.System.SignalHandler - INFO - Registered SIGTERM handler
2025-08-07 21:40:15,897 - AresTradingSystem.System.SignalHandler - INFO - Registered SIGINT handler
2025-08-07 21:40:15,897 - AresTradingSystem.System.SignalHandler - INFO - Signal handlers registered successfully
2025-08-07 21:40:15,897 - AresTradingSystem.System.SignalHandler - INFO - ✅ Signal Handler initialization completed successfully
2025-08-07 21:40:15,898 - AresTradingSystem.System.SignalHandler - INFO - Shutdown callback registered
2025-08-07 21:40:17,040 - AresTradingSystem.System - INFO - Initializing Market Regime Classification Step...
2025-08-07 21:40:17,040 - AresTradingSystem.System - INFO - Market Regime Classification Step initialized successfully
2025-08-07 21:40:17,040 - AresTradingSystem.System - INFO - 🔄 Executing Market Regime Classification...
2025-08-07 21:40:17,040 - AresTradingSystem.System - INFO - 📁 Loading pre-consolidated data from: data_cache/aggtrades_BINANCE_ETHUSDT_consolidated.parquet
2025-08-07 21:40:17,288 - AresTradingSystem.System - INFO - ✅ Loaded consolidated trade data: 17744326 records
2025-08-07 21:40:17,288 - AresTradingSystem.System - INFO - 🔄 Converting trade data to OHLCV format...
2025-08-07 21:40:18,392 - AresTradingSystem.System - INFO - ✅ Converted to OHLCV: 879 records
2025-08-07 21:40:18,392 - AresTradingSystem.System - INFO - Classifying market regimes for ETHUSDT on BINANCE...
2025-08-07 21:40:18,394 - AresTradingSystem.System - INFO - Regime classification completed. Found 0 distinct regimes
2025-08-07 21:40:18,394 - AresTradingSystem.System - INFO - ✅ Market regime classification completed. Results saved to data/training/BINANCE_ETHUSDT_regime_classification.json
2025-08-07 21:40:18,406 - AresTradingSystem.System - INFO - Initializing Regime Data Splitting Step...
2025-08-07 21:40:18,406 - AresTradingSystem.System - INFO - Regime Data Splitting Step initialized successfully
2025-08-07 21:40:18,406 - AresTradingSystem.System - INFO - 🔄 Executing Regime Data Splitting...
2025-08-07 21:40:18,410 - AresTradingSystem.System - INFO - ✅ Extracted klines data: (60367, 5)
2025-08-07 21:40:18,410 - AresTradingSystem.System - INFO - Splitting data by regimes for ETHUSDT on BINANCE...
2025-08-07 21:40:18,410 - AresTradingSystem.System - INFO - Data shape: (60367, 5)
2025-08-07 21:40:18,410 - AresTradingSystem.System - WARNING - No regime sequence found, creating default sequence
2025-08-07 21:40:18,572 - AresTradingSystem.System - INFO - Regime 'BULL': 60367 records
2025-08-07 21:40:18,572 - AresTradingSystem.System - INFO - High-data regimes: ['BULL']
2025-08-07 21:40:18,572 - AresTradingSystem.System - INFO - Low-data regimes: []
2025-08-07 21:40:18,572 - AresTradingSystem.System - INFO - Other regimes: []
2025-08-07 21:40:18,574 - AresTradingSystem.System - INFO - ✅ Regime data splitting completed. Results saved to data/training/regime_data
2025-08-07 21:40:35,536 - AresTradingSystem.System - INFO - Initializing Analyst Specialist Training Step...
2025-08-07 21:40:35,536 - AresTradingSystem.System - INFO - Analyst Specialist Training Step initialized successfully
2025-08-07 21:40:35,536 - AresTradingSystem.System - INFO - 🔄 Executing Analyst Specialist Training...
2025-08-07 21:40:35,538 - AresTradingSystem.System - INFO - Training specialist models for regime: BULL
2025-08-07 21:40:35,538 - AresTradingSystem.System - INFO - Training specialist models for regime: BULL
2025-08-07 21:47:03,964 - AresTradingSystem.System - INFO - Trained 5 models for regime BULL
2025-08-07 21:47:03,975 - AresTradingSystem.System - INFO - ✅ Analyst specialist training completed. Results saved to data/training/analyst_models
2025-08-07 21:47:06,663 - AresTradingSystem.System - INFO - Using device: MPS for PyTorch operations.
2025-08-07 21:47:06,663 - AresTradingSystem.System - INFO - Initializing Analyst Enhancement Step...
2025-08-07 21:47:06,663 - AresTradingSystem.System - INFO - Analyst Enhancement Step initialized successfully.
2025-08-07 21:47:06,663 - AresTradingSystem.System - INFO - 🔄 Executing Analyst Enhancement...
2025-08-07 21:47:06,669 - AresTradingSystem.System - INFO - --- Enhancing models for regime: BULL ---
2025-08-07 21:47:06,669 - AresTradingSystem.System - INFO - Loading data for regime 'BULL'...
2025-08-07 21:47:06,672 - AresTradingSystem.System - WARNING - No 'label' column found, creating dummy target
2025-08-07 21:47:06,673 - AresTradingSystem.System - INFO - Data loaded and split: X_train shape (48293, 2), X_val shape (12074, 2)
2025-08-07 21:47:06,673 - AresTradingSystem.System - INFO - Enhancing xgboost for BULL...
2025-08-07 21:47:06,673 - AresTradingSystem.System - INFO - Original model accuracy: 0.8399370026525199
2025-08-07 21:47:06,673 - AresTradingSystem.System - INFO - Running Optuna HPO with pruning for xgboost...
2025-08-07 21:47:06,730 - AresTradingSystem.System - ERROR - ❌ Error in Analyst Enhancement after 0.07s: [21:47:06] /Users/runner/work/xgboost/xgboost/src/context.cc:107: Invalid argument for `device`. Expected to be one of the following:
- cpu
- cuda
- cuda:<device ordinal>  # e.g. cuda:0
- gpu
- gpu:<device ordinal>   # e.g. gpu:0
Got: `mps`.
Stack trace:
  [bt] (0) 1   libxgboost.dylib                    0x0000000155b8d9e0 dmlc::LogMessageFatal::~LogMessageFatal() + 124
  [bt] (1) 2   libxgboost.dylib                    0x0000000155cd2470 xgboost::(anonymous namespace)::MakeDeviceOrd(std::__1::basic_string<char, std::__1::char_traits<char>, std::__1::allocator<char>> const&, bool)::$_3::operator()() const + 176
  [bt] (2) 3   libxgboost.dylib                    0x0000000155cd0a10 xgboost::Context::SetDeviceOrdinal(std::__1::vector<std::__1::pair<std::__1::basic_string<char, std::__1::char_traits<char>, std::__1::allocator<char>>, std::__1::basic_string<char, std::__1::char_traits<char>, std::__1::allocator<char>>>, std::__1::allocator<std::__1::pair<std::__1::basic_string<char, std::__1::char_traits<char>, std::__1::allocator<char>>, std::__1::basic_string<char, std::__1::char_traits<char>, std::__1::allocator<char>>>>> const&) + 568
  [bt] (3) 4   libxgboost.dylib                    0x0000000155d8fb58 xgboost::LearnerConfiguration::Configure() + 568
  [bt] (4) 5   libxgboost.dylib                    0x0000000155d90068 xgboost::LearnerImpl::UpdateOneIter(int, std::__1::shared_ptr<xgboost::DMatrix>) + 128
  [bt] (5) 6   libxgboost.dylib                    0x0000000155bb056c XGBoosterUpdateOneIter + 144
  [bt] (6) 7   libffi.8.dylib                      0x00000001046a8050 ffi_call_SYSV + 80
  [bt] (7) 8   libffi.8.dylib                      0x00000001046a5868 ffi_call_int + 1452
  [bt] (8) 9   _ctypes.cpython-312-darwin.so       0x00000001046888e0 _ctypes_callproc + 1168

Traceback (most recent call last):
  File "/Users/remyroche/Documents/Ares/src/training/steps/step6_analyst_enhancement.py", line 104, in execute
    enhanced_model_package = await self._enhance_single_model(
                             ^^^^^^^^^^^^^^^^^^^^^^^^^^^^^^^^^
  File "/Users/remyroche/Documents/Ares/src/training/steps/step6_analyst_enhancement.py", line 206, in _enhance_single_model
    best_params, hpo_score = await self._apply_hyperparameter_optimization(
                             ^^^^^^^^^^^^^^^^^^^^^^^^^^^^^^^^^^^^^^^^^^^^^^
  File "/Users/remyroche/Documents/Ares/src/training/steps/step6_analyst_enhancement.py", line 330, in _apply_hyperparameter_optimization
    await asyncio.to_thread(study.optimize, objective, n_trials=100, n_jobs=-1)
  File "/opt/homebrew/Caskroom/miniforge/base/lib/python3.12/asyncio/threads.py", line 25, in to_thread
    return await loop.run_in_executor(None, func_call)
           ^^^^^^^^^^^^^^^^^^^^^^^^^^^^^^^^^^^^^^^^^^^
  File "/opt/homebrew/Caskroom/miniforge/base/lib/python3.12/concurrent/futures/thread.py", line 59, in run
    result = self.fn(*self.args, **self.kwargs)
             ^^^^^^^^^^^^^^^^^^^^^^^^^^^^^^^^^^
  File "/opt/homebrew/Caskroom/miniforge/base/lib/python3.12/site-packages/optuna/study/study.py", line 489, in optimize
    _optimize(
  File "/opt/homebrew/Caskroom/miniforge/base/lib/python3.12/site-packages/optuna/study/_optimize.py", line 101, in _optimize
    f.result()
  File "/opt/homebrew/Caskroom/miniforge/base/lib/python3.12/concurrent/futures/_base.py", line 449, in result
    return self.__get_result()
           ^^^^^^^^^^^^^^^^^^^
  File "/opt/homebrew/Caskroom/miniforge/base/lib/python3.12/concurrent/futures/_base.py", line 401, in __get_result
    raise self._exception
  File "/opt/homebrew/Caskroom/miniforge/base/lib/python3.12/concurrent/futures/thread.py", line 59, in run
    result = self.fn(*self.args, **self.kwargs)
             ^^^^^^^^^^^^^^^^^^^^^^^^^^^^^^^^^^
  File "/opt/homebrew/Caskroom/miniforge/base/lib/python3.12/site-packages/optuna/study/_optimize.py", line 161, in _optimize_sequential
    frozen_trial = _run_trial(study, func, catch)
                   ^^^^^^^^^^^^^^^^^^^^^^^^^^^^^^
  File "/opt/homebrew/Caskroom/miniforge/base/lib/python3.12/site-packages/optuna/study/_optimize.py", line 253, in _run_trial
    raise func_err
  File "/opt/homebrew/Caskroom/miniforge/base/lib/python3.12/site-packages/optuna/study/_optimize.py", line 201, in _run_trial
    value_or_values = func(trial)
                      ^^^^^^^^^^^
  File "/Users/remyroche/Documents/Ares/src/training/steps/step6_analyst_enhancement.py", line 318, in objective
    model.fit(X_train, y_train,
  File "/opt/homebrew/Caskroom/miniforge/base/lib/python3.12/site-packages/xgboost/core.py", line 729, in inner_f
    return func(**kwargs)
           ^^^^^^^^^^^^^^
  File "/opt/homebrew/Caskroom/miniforge/base/lib/python3.12/site-packages/xgboost/sklearn.py", line 1682, in fit
    self._Booster = train(
                    ^^^^^^
  File "/opt/homebrew/Caskroom/miniforge/base/lib/python3.12/site-packages/xgboost/core.py", line 729, in inner_f
    return func(**kwargs)
           ^^^^^^^^^^^^^^
  File "/opt/homebrew/Caskroom/miniforge/base/lib/python3.12/site-packages/xgboost/training.py", line 183, in train
    bst.update(dtrain, iteration=i, fobj=obj)
  File "/opt/homebrew/Caskroom/miniforge/base/lib/python3.12/site-packages/xgboost/core.py", line 2246, in update
    _check_call(
  File "/opt/homebrew/Caskroom/miniforge/base/lib/python3.12/site-packages/xgboost/core.py", line 310, in _check_call
    raise XGBoostError(py_str(_LIB.XGBGetLastError()))
xgboost.core.XGBoostError: [21:47:06] /Users/runner/work/xgboost/xgboost/src/context.cc:107: Invalid argument for `device`. Expected to be one of the following:
- cpu
- cuda
- cuda:<device ordinal>  # e.g. cuda:0
- gpu
- gpu:<device ordinal>   # e.g. gpu:0
Got: `mps`.
Stack trace:
  [bt] (0) 1   libxgboost.dylib                    0x0000000155b8d9e0 dmlc::LogMessageFatal::~LogMessageFatal() + 124
  [bt] (1) 2   libxgboost.dylib                    0x0000000155cd2470 xgboost::(anonymous namespace)::MakeDeviceOrd(std::__1::basic_string<char, std::__1::char_traits<char>, std::__1::allocator<char>> const&, bool)::$_3::operator()() const + 176
  [bt] (2) 3   libxgboost.dylib                    0x0000000155cd0a10 xgboost::Context::SetDeviceOrdinal(std::__1::vector<std::__1::pair<std::__1::basic_string<char, std::__1::char_traits<char>, std::__1::allocator<char>>, std::__1::basic_string<char, std::__1::char_traits<char>, std::__1::allocator<char>>>, std::__1::allocator<std::__1::pair<std::__1::basic_string<char, std::__1::char_traits<char>, std::__1::allocator<char>>, std::__1::basic_string<char, std::__1::char_traits<char>, std::__1::allocator<char>>>>> const&) + 568
  [bt] (3) 4   libxgboost.dylib                    0x0000000155d8fb58 xgboost::LearnerConfiguration::Configure() + 568
  [bt] (4) 5   libxgboost.dylib                    0x0000000155d90068 xgboost::LearnerImpl::UpdateOneIter(int, std::__1::shared_ptr<xgboost::DMatrix>) + 128
  [bt] (5) 6   libxgboost.dylib                    0x0000000155bb056c XGBoosterUpdateOneIter + 144
  [bt] (6) 7   libffi.8.dylib                      0x00000001046a8050 ffi_call_SYSV + 80
  [bt] (7) 8   libffi.8.dylib                      0x00000001046a5868 ffi_call_int + 1452
  [bt] (8) 9   _ctypes.cpython-312-darwin.so       0x00000001046888e0 _ctypes_callproc + 1168


