{"asctime": "2025-08-11 18:23:14,473", "levelname": "INFO", "name": "AresTradingSystem", "message": "✅ Enhanced Logger initialization completed successfully", "correlation_id": "-", "session_id": "-", "timestamp": "2025-08-11T16:23:14.473492+00:00"}
{"asctime": "2025-08-11 18:23:14,478", "levelname": "INFO", "name": "AresTradingSystem.System.AutoencoderConfig", "message": "📋 Configuration loaded successfully from src/analyst/autoencoder_config.yaml", "correlation_id": "-", "session_id": "-", "timestamp": "2025-08-11T16:23:14.478762+00:00"}
{"asctime": "2025-08-11 18:23:14,479", "levelname": "INFO", "name": "AresTradingSystem.System.AutoencoderConfig", "message": "📊 Configuration sections: ['preprocessing', 'sequence', 'autoencoder', 'training', 'feature_filtering', 'feature_analysis', 'output', 'feature_interactions']", "correlation_id": "-", "session_id": "-", "timestamp": "2025-08-11T16:23:14.479034+00:00"}
{"asctime": "2025-08-11 18:23:14,479", "levelname": "INFO", "name": "AresTradingSystem.System.VectorizedLabellingOrchestrator", "message": "✅ Vectorized labeling orchestrator initialized successfully", "correlation_id": "-", "session_id": "-", "timestamp": "2025-08-11T16:23:14.479192+00:00"}
{"asctime": "2025-08-11 18:23:14,479", "levelname": "INFO", "name": "AresTradingSystem.System.AnalystLabelingFeatureEngineeringStep", "message": "Analyst Labeling and Feature Engineering Step initialized successfully", "correlation_id": "-", "session_id": "-", "timestamp": "2025-08-11T16:23:14.479278+00:00"}
{"asctime": "2025-08-11 18:23:14,479", "levelname": "INFO", "name": "AresTradingSystem.System.AnalystLabelingFeatureEngineeringStep", "message": "Starting analyst labeling and feature engineering...", "correlation_id": "-", "session_id": "-", "timestamp": "2025-08-11T16:23:14.479346+00:00"}
{"asctime": "2025-08-11 18:23:14,479", "levelname": "INFO", "name": "AresTradingSystem.System.AnalystLabelingFeatureEngineeringStep", "message": "🔄 Loading unified data...", "correlation_id": "-", "session_id": "-", "timestamp": "2025-08-11T16:23:14.479411+00:00"}
{"asctime": "2025-08-11 18:23:14,479", "levelname": "INFO", "name": "AresTradingSystem.System.UnifiedDataLoader", "message": "🔄 Loading unified data for ETHUSDT on BINANCE", "correlation_id": "-", "session_id": "-", "timestamp": "2025-08-11T16:23:14.479483+00:00"}
{"asctime": "2025-08-11 18:23:14,479", "levelname": "INFO", "name": "AresTradingSystem.System.UnifiedDataLoader", "message": "   Timeframe: 1m", "correlation_id": "-", "session_id": "-", "timestamp": "2025-08-11T16:23:14.479542+00:00"}
{"asctime": "2025-08-11 18:23:14,479", "levelname": "INFO", "name": "AresTradingSystem.System.UnifiedDataLoader", "message": "   Date range: 2025-02-12 to 2025-08-11", "correlation_id": "-", "session_id": "-", "timestamp": "2025-08-11T16:23:14.479616+00:00"}
{"asctime": "2025-08-11 18:23:14,479", "levelname": "INFO", "name": "AresTradingSystem.System.UnifiedDataLoader", "message": "   Streaming: True", "correlation_id": "-", "session_id": "-", "timestamp": "2025-08-11T16:23:14.479673+00:00"}
{"asctime": "2025-08-11 18:23:14,479", "levelname": "INFO", "name": "AresTradingSystem.System.UnifiedDataLoader", "message": "   ⚠️ Streaming disabled to avoid segmentation faults", "correlation_id": "-", "session_id": "-", "timestamp": "2025-08-11T16:23:14.479727+00:00"}
{"asctime": "2025-08-11 18:23:14,479", "levelname": "INFO", "name": "AresTradingSystem.System.UnifiedDataLoader", "message": "   📁 Found unified data cache, using optimized pyarrow loading", "correlation_id": "-", "session_id": "-", "timestamp": "2025-08-11T16:23:14.479800+00:00"}
{"asctime": "2025-08-11 18:23:14,479", "levelname": "INFO", "name": "AresTradingSystem.System.UnifiedDataLoader", "message": "🔧 Using optimized pyarrow loading...", "correlation_id": "-", "session_id": "-", "timestamp": "2025-08-11T16:23:14.479858+00:00"}
{"asctime": "2025-08-11 18:23:14,479", "levelname": "INFO", "name": "AresTradingSystem.System.UnifiedDataLoader", "message": "   ⚠️ PyArrow disabled to avoid segmentation faults", "correlation_id": "-", "session_id": "-", "timestamp": "2025-08-11T16:23:14.479911+00:00"}
{"asctime": "2025-08-11 18:23:14,479", "levelname": "INFO", "name": "AresTradingSystem.System.UnifiedDataLoader", "message": "🔧 Using memory-efficient streaming loading for 180 days...", "correlation_id": "-", "session_id": "-", "timestamp": "2025-08-11T16:23:14.479980+00:00"}
{"asctime": "2025-08-11 18:23:14,483", "levelname": "INFO", "name": "AresTradingSystem.System.UnifiedDataLoader", "message": "📁 Found 179 partition files", "correlation_id": "-", "session_id": "-", "timestamp": "2025-08-11T16:23:14.483099+00:00"}
{"asctime": "2025-08-11 18:23:14,572", "levelname": "INFO", "name": "AresTradingSystem.System.UnifiedDataLoader", "message": "   📄 Processing file 1/179: part-0.parquet", "correlation_id": "-", "session_id": "-", "timestamp": "2025-08-11T16:23:14.572342+00:00"}
{"asctime": "2025-08-11 18:23:14,576", "levelname": "INFO", "name": "AresTradingSystem.System.UnifiedDataLoader", "message": "   ✅ Loaded file 1: (1440, 19)", "correlation_id": "-", "session_id": "-", "timestamp": "2025-08-11T16:23:14.576071+00:00"}
{"asctime": "2025-08-11 18:23:14,577", "levelname": "INFO", "name": "AresTradingSystem.System.UnifiedDataLoader", "message": "   🔍 After date filtering: (336, 19)", "correlation_id": "-", "session_id": "-", "timestamp": "2025-08-11T16:23:14.577533+00:00"}
{"asctime": "2025-08-11 18:23:14,579", "levelname": "INFO", "name": "AresTradingSystem.System.UnifiedDataLoader", "message": "   📊 Total rows so far: 336", "correlation_id": "-", "session_id": "-", "timestamp": "2025-08-11T16:23:14.579971+00:00"}
{"asctime": "2025-08-11 18:23:16,317", "levelname": "INFO", "name": "AresTradingSystem.System.UnifiedDataLoader", "message": "   📄 Processing file 10/179: part-0.parquet", "correlation_id": "-", "session_id": "-", "timestamp": "2025-08-11T16:23:16.317952+00:00"}
{"asctime": "2025-08-11 18:23:16,321", "levelname": "INFO", "name": "AresTradingSystem.System.UnifiedDataLoader", "message": "   ✅ Loaded file 10: (1440, 19)", "correlation_id": "-", "session_id": "-", "timestamp": "2025-08-11T16:23:16.321267+00:00"}
{"asctime": "2025-08-11 18:23:16,321", "levelname": "INFO", "name": "AresTradingSystem.System.UnifiedDataLoader", "message": "   🔍 After date filtering: (1440, 19)", "correlation_id": "-", "session_id": "-", "timestamp": "2025-08-11T16:23:16.321984+00:00"}
{"asctime": "2025-08-11 18:23:16,326", "levelname": "INFO", "name": "AresTradingSystem.System.UnifiedDataLoader", "message": "   📊 Total rows so far: 13296", "correlation_id": "-", "session_id": "-", "timestamp": "2025-08-11T16:23:16.326716+00:00"}
{"asctime": "2025-08-11 18:23:18,424", "levelname": "INFO", "name": "AresTradingSystem.System.UnifiedDataLoader", "message": "   📄 Processing file 20/179: part-0.parquet", "correlation_id": "-", "session_id": "-", "timestamp": "2025-08-11T16:23:18.424322+00:00"}
{"asctime": "2025-08-11 18:23:18,430", "levelname": "INFO", "name": "AresTradingSystem.System.UnifiedDataLoader", "message": "   ✅ Loaded file 20: (1440, 19)", "correlation_id": "-", "session_id": "-", "timestamp": "2025-08-11T16:23:18.430309+00:00"}
{"asctime": "2025-08-11 18:23:18,431", "levelname": "INFO", "name": "AresTradingSystem.System.UnifiedDataLoader", "message": "   🔍 After date filtering: (1440, 19)", "correlation_id": "-", "session_id": "-", "timestamp": "2025-08-11T16:23:18.431681+00:00"}
{"asctime": "2025-08-11 18:23:18,437", "levelname": "INFO", "name": "AresTradingSystem.System.UnifiedDataLoader", "message": "   📊 Total rows so far: 27696", "correlation_id": "-", "session_id": "-", "timestamp": "2025-08-11T16:23:18.437418+00:00"}
{"asctime": "2025-08-11 18:23:22,765", "levelname": "INFO", "name": "AresTradingSystem.System.UnifiedDataLoader", "message": "   📄 Processing file 30/179: part-0.parquet", "correlation_id": "-", "session_id": "-", "timestamp": "2025-08-11T16:23:22.765284+00:00"}
{"asctime": "2025-08-11 18:23:22,768", "levelname": "INFO", "name": "AresTradingSystem.System.UnifiedDataLoader", "message": "   ✅ Loaded file 30: (1440, 19)", "correlation_id": "-", "session_id": "-", "timestamp": "2025-08-11T16:23:22.768704+00:00"}
{"asctime": "2025-08-11 18:23:22,769", "levelname": "INFO", "name": "AresTradingSystem.System.UnifiedDataLoader", "message": "   🔍 After date filtering: (1440, 19)", "correlation_id": "-", "session_id": "-", "timestamp": "2025-08-11T16:23:22.769498+00:00"}
{"asctime": "2025-08-11 18:23:22,774", "levelname": "INFO", "name": "AresTradingSystem.System.UnifiedDataLoader", "message": "   📊 Total rows so far: 42096", "correlation_id": "-", "session_id": "-", "timestamp": "2025-08-11T16:23:22.774323+00:00"}
{"asctime": "2025-08-11 18:23:24,987", "levelname": "INFO", "name": "AresTradingSystem.System.UnifiedDataLoader", "message": "   📄 Processing file 40/179: part-0.parquet", "correlation_id": "-", "session_id": "-", "timestamp": "2025-08-11T16:23:24.987318+00:00"}
{"asctime": "2025-08-11 18:23:24,990", "levelname": "INFO", "name": "AresTradingSystem.System.UnifiedDataLoader", "message": "   ✅ Loaded file 40: (1440, 19)", "correlation_id": "-", "session_id": "-", "timestamp": "2025-08-11T16:23:24.990438+00:00"}
{"asctime": "2025-08-11 18:23:24,991", "levelname": "INFO", "name": "AresTradingSystem.System.UnifiedDataLoader", "message": "   🔍 After date filtering: (1440, 19)", "correlation_id": "-", "session_id": "-", "timestamp": "2025-08-11T16:23:24.991222+00:00"}
{"asctime": "2025-08-11 18:23:24,996", "levelname": "INFO", "name": "AresTradingSystem.System.UnifiedDataLoader", "message": "   📊 Total rows so far: 56496", "correlation_id": "-", "session_id": "-", "timestamp": "2025-08-11T16:23:24.996854+00:00"}
{"asctime": "2025-08-11 18:23:28,121", "levelname": "INFO", "name": "AresTradingSystem.System.UnifiedDataLoader", "message": "   📄 Processing file 50/179: part-0.parquet", "correlation_id": "-", "session_id": "-", "timestamp": "2025-08-11T16:23:28.121492+00:00"}
{"asctime": "2025-08-11 18:23:28,157", "levelname": "INFO", "name": "AresTradingSystem.System.UnifiedDataLoader", "message": "   ✅ Loaded file 50: (1440, 19)", "correlation_id": "-", "session_id": "-", "timestamp": "2025-08-11T16:23:28.157924+00:00"}
{"asctime": "2025-08-11 18:23:28,184", "levelname": "INFO", "name": "AresTradingSystem.System.UnifiedDataLoader", "message": "   🔍 After date filtering: (1440, 19)", "correlation_id": "-", "session_id": "-", "timestamp": "2025-08-11T16:23:28.204357+00:00"}
{"asctime": "2025-08-11 18:23:28,308", "levelname": "INFO", "name": "AresTradingSystem.System.UnifiedDataLoader", "message": "   📊 Total rows so far: 70896", "correlation_id": "-", "session_id": "-", "timestamp": "2025-08-11T16:23:28.308945+00:00"}
{"asctime": "2025-08-11 18:23:31,651", "levelname": "INFO", "name": "AresTradingSystem.System.UnifiedDataLoader", "message": "   📄 Processing file 60/179: part-0.parquet", "correlation_id": "-", "session_id": "-", "timestamp": "2025-08-11T16:23:31.652014+00:00"}
{"asctime": "2025-08-11 18:23:31,655", "levelname": "INFO", "name": "AresTradingSystem.System.UnifiedDataLoader", "message": "   ✅ Loaded file 60: (1440, 19)", "correlation_id": "-", "session_id": "-", "timestamp": "2025-08-11T16:23:31.655161+00:00"}
{"asctime": "2025-08-11 18:23:31,655", "levelname": "INFO", "name": "AresTradingSystem.System.UnifiedDataLoader", "message": "   🔍 After date filtering: (1440, 19)", "correlation_id": "-", "session_id": "-", "timestamp": "2025-08-11T16:23:31.655930+00:00"}
{"asctime": "2025-08-11 18:23:31,661", "levelname": "INFO", "name": "AresTradingSystem.System.UnifiedDataLoader", "message": "   📊 Total rows so far: 85296", "correlation_id": "-", "session_id": "-", "timestamp": "2025-08-11T16:23:31.661063+00:00"}
{"asctime": "2025-08-11 18:23:34,101", "levelname": "INFO", "name": "AresTradingSystem.System.UnifiedDataLoader", "message": "   📄 Processing file 70/179: part-0.parquet", "correlation_id": "-", "session_id": "-", "timestamp": "2025-08-11T16:23:34.101791+00:00"}
{"asctime": "2025-08-11 18:23:34,105", "levelname": "INFO", "name": "AresTradingSystem.System.UnifiedDataLoader", "message": "   ✅ Loaded file 70: (1440, 19)", "correlation_id": "-", "session_id": "-", "timestamp": "2025-08-11T16:23:34.105132+00:00"}
{"asctime": "2025-08-11 18:23:34,105", "levelname": "INFO", "name": "AresTradingSystem.System.UnifiedDataLoader", "message": "   🔍 After date filtering: (1440, 19)", "correlation_id": "-", "session_id": "-", "timestamp": "2025-08-11T16:23:34.105800+00:00"}
{"asctime": "2025-08-11 18:23:34,110", "levelname": "INFO", "name": "AresTradingSystem.System.UnifiedDataLoader", "message": "   📊 Total rows so far: 99696", "correlation_id": "-", "session_id": "-", "timestamp": "2025-08-11T16:23:34.110644+00:00"}
{"asctime": "2025-08-11 18:23:36,547", "levelname": "INFO", "name": "AresTradingSystem.System.UnifiedDataLoader", "message": "   📄 Processing file 80/179: part-0.parquet", "correlation_id": "-", "session_id": "-", "timestamp": "2025-08-11T16:23:36.547676+00:00"}
{"asctime": "2025-08-11 18:23:36,551", "levelname": "INFO", "name": "AresTradingSystem.System.UnifiedDataLoader", "message": "   ✅ Loaded file 80: (1440, 19)", "correlation_id": "-", "session_id": "-", "timestamp": "2025-08-11T16:23:36.551090+00:00"}
{"asctime": "2025-08-11 18:23:36,551", "levelname": "INFO", "name": "AresTradingSystem.System.UnifiedDataLoader", "message": "   🔍 After date filtering: (1440, 19)", "correlation_id": "-", "session_id": "-", "timestamp": "2025-08-11T16:23:36.551785+00:00"}
{"asctime": "2025-08-11 18:23:36,556", "levelname": "INFO", "name": "AresTradingSystem.System.UnifiedDataLoader", "message": "   📊 Total rows so far: 114096", "correlation_id": "-", "session_id": "-", "timestamp": "2025-08-11T16:23:36.556557+00:00"}
{"asctime": "2025-08-11 18:23:39,068", "levelname": "INFO", "name": "AresTradingSystem.System.UnifiedDataLoader", "message": "   📄 Processing file 90/179: part-0.parquet", "correlation_id": "-", "session_id": "-", "timestamp": "2025-08-11T16:23:39.068785+00:00"}
{"asctime": "2025-08-11 18:23:39,071", "levelname": "INFO", "name": "AresTradingSystem.System.UnifiedDataLoader", "message": "   ✅ Loaded file 90: (1440, 19)", "correlation_id": "-", "session_id": "-", "timestamp": "2025-08-11T16:23:39.071831+00:00"}
{"asctime": "2025-08-11 18:23:39,072", "levelname": "INFO", "name": "AresTradingSystem.System.UnifiedDataLoader", "message": "   🔍 After date filtering: (1440, 19)", "correlation_id": "-", "session_id": "-", "timestamp": "2025-08-11T16:23:39.072616+00:00"}
{"asctime": "2025-08-11 18:23:39,077", "levelname": "INFO", "name": "AresTradingSystem.System.UnifiedDataLoader", "message": "   📊 Total rows so far: 128496", "correlation_id": "-", "session_id": "-", "timestamp": "2025-08-11T16:23:39.077420+00:00"}
{"asctime": "2025-08-11 18:23:41,691", "levelname": "INFO", "name": "AresTradingSystem.System.UnifiedDataLoader", "message": "   📄 Processing file 100/179: part-0.parquet", "correlation_id": "-", "session_id": "-", "timestamp": "2025-08-11T16:23:41.691596+00:00"}
{"asctime": "2025-08-11 18:23:41,694", "levelname": "INFO", "name": "AresTradingSystem.System.UnifiedDataLoader", "message": "   ✅ Loaded file 100: (1440, 19)", "correlation_id": "-", "session_id": "-", "timestamp": "2025-08-11T16:23:41.694958+00:00"}
{"asctime": "2025-08-11 18:23:41,695", "levelname": "INFO", "name": "AresTradingSystem.System.UnifiedDataLoader", "message": "   🔍 After date filtering: (1440, 19)", "correlation_id": "-", "session_id": "-", "timestamp": "2025-08-11T16:23:41.695981+00:00"}
{"asctime": "2025-08-11 18:23:41,700", "levelname": "INFO", "name": "AresTradingSystem.System.UnifiedDataLoader", "message": "   📊 Total rows so far: 142896", "correlation_id": "-", "session_id": "-", "timestamp": "2025-08-11T16:23:41.700903+00:00"}
{"asctime": "2025-08-11 18:23:44,354", "levelname": "INFO", "name": "AresTradingSystem.System.UnifiedDataLoader", "message": "   📄 Processing file 110/179: part-0.parquet", "correlation_id": "-", "session_id": "-", "timestamp": "2025-08-11T16:23:44.354998+00:00"}
{"asctime": "2025-08-11 18:23:44,358", "levelname": "INFO", "name": "AresTradingSystem.System.UnifiedDataLoader", "message": "   ✅ Loaded file 110: (1440, 19)", "correlation_id": "-", "session_id": "-", "timestamp": "2025-08-11T16:23:44.358575+00:00"}
{"asctime": "2025-08-11 18:23:44,359", "levelname": "INFO", "name": "AresTradingSystem.System.UnifiedDataLoader", "message": "   🔍 After date filtering: (1440, 19)", "correlation_id": "-", "session_id": "-", "timestamp": "2025-08-11T16:23:44.359407+00:00"}
{"asctime": "2025-08-11 18:23:44,364", "levelname": "INFO", "name": "AresTradingSystem.System.UnifiedDataLoader", "message": "   📊 Total rows so far: 157296", "correlation_id": "-", "session_id": "-", "timestamp": "2025-08-11T16:23:44.364256+00:00"}
{"asctime": "2025-08-11 18:23:48,476", "levelname": "INFO", "name": "AresTradingSystem.System.UnifiedDataLoader", "message": "   📄 Processing file 120/179: part-0.parquet", "correlation_id": "-", "session_id": "-", "timestamp": "2025-08-11T16:23:48.476579+00:00"}
{"asctime": "2025-08-11 18:23:48,483", "levelname": "INFO", "name": "AresTradingSystem.System.UnifiedDataLoader", "message": "   ✅ Loaded file 120: (1440, 19)", "correlation_id": "-", "session_id": "-", "timestamp": "2025-08-11T16:23:48.483555+00:00"}
{"asctime": "2025-08-11 18:23:48,485", "levelname": "INFO", "name": "AresTradingSystem.System.UnifiedDataLoader", "message": "   🔍 After date filtering: (1440, 19)", "correlation_id": "-", "session_id": "-", "timestamp": "2025-08-11T16:23:48.485705+00:00"}
{"asctime": "2025-08-11 18:23:48,491", "levelname": "INFO", "name": "AresTradingSystem.System.UnifiedDataLoader", "message": "   📊 Total rows so far: 171696", "correlation_id": "-", "session_id": "-", "timestamp": "2025-08-11T16:23:48.492013+00:00"}
{"asctime": "2025-08-11 18:23:51,516", "levelname": "INFO", "name": "AresTradingSystem.System.UnifiedDataLoader", "message": "   📄 Processing file 130/179: part-0.parquet", "correlation_id": "-", "session_id": "-", "timestamp": "2025-08-11T16:23:51.516432+00:00"}
{"asctime": "2025-08-11 18:23:51,520", "levelname": "INFO", "name": "AresTradingSystem.System.UnifiedDataLoader", "message": "   ✅ Loaded file 130: (1440, 19)", "correlation_id": "-", "session_id": "-", "timestamp": "2025-08-11T16:23:51.520461+00:00"}
{"asctime": "2025-08-11 18:23:51,521", "levelname": "INFO", "name": "AresTradingSystem.System.UnifiedDataLoader", "message": "   🔍 After date filtering: (1440, 19)", "correlation_id": "-", "session_id": "-", "timestamp": "2025-08-11T16:23:51.521137+00:00"}
{"asctime": "2025-08-11 18:23:51,525", "levelname": "INFO", "name": "AresTradingSystem.System.UnifiedDataLoader", "message": "   📊 Total rows so far: 186096", "correlation_id": "-", "session_id": "-", "timestamp": "2025-08-11T16:23:51.525875+00:00"}
{"asctime": "2025-08-11 18:23:54,220", "levelname": "INFO", "name": "AresTradingSystem.System.UnifiedDataLoader", "message": "   📄 Processing file 140/179: part-0.parquet", "correlation_id": "-", "session_id": "-", "timestamp": "2025-08-11T16:23:54.220664+00:00"}
{"asctime": "2025-08-11 18:23:54,224", "levelname": "INFO", "name": "AresTradingSystem.System.UnifiedDataLoader", "message": "   ✅ Loaded file 140: (1440, 19)", "correlation_id": "-", "session_id": "-", "timestamp": "2025-08-11T16:23:54.224912+00:00"}
{"asctime": "2025-08-11 18:23:54,225", "levelname": "INFO", "name": "AresTradingSystem.System.UnifiedDataLoader", "message": "   🔍 After date filtering: (1440, 19)", "correlation_id": "-", "session_id": "-", "timestamp": "2025-08-11T16:23:54.225723+00:00"}
{"asctime": "2025-08-11 18:23:54,231", "levelname": "INFO", "name": "AresTradingSystem.System.UnifiedDataLoader", "message": "   📊 Total rows so far: 200496", "correlation_id": "-", "session_id": "-", "timestamp": "2025-08-11T16:23:54.231046+00:00"}
{"asctime": "2025-08-11 18:23:56,943", "levelname": "INFO", "name": "AresTradingSystem.System.UnifiedDataLoader", "message": "   📄 Processing file 150/179: part-0.parquet", "correlation_id": "-", "session_id": "-", "timestamp": "2025-08-11T16:23:56.943314+00:00"}
{"asctime": "2025-08-11 18:23:56,947", "levelname": "INFO", "name": "AresTradingSystem.System.UnifiedDataLoader", "message": "   ✅ Loaded file 150: (1440, 19)", "correlation_id": "-", "session_id": "-", "timestamp": "2025-08-11T16:23:56.947221+00:00"}
{"asctime": "2025-08-11 18:23:56,948", "levelname": "INFO", "name": "AresTradingSystem.System.UnifiedDataLoader", "message": "   🔍 After date filtering: (1440, 19)", "correlation_id": "-", "session_id": "-", "timestamp": "2025-08-11T16:23:56.948081+00:00"}
{"asctime": "2025-08-11 18:23:56,952", "levelname": "INFO", "name": "AresTradingSystem.System.UnifiedDataLoader", "message": "   📊 Total rows so far: 214896", "correlation_id": "-", "session_id": "-", "timestamp": "2025-08-11T16:23:56.952767+00:00"}
{"asctime": "2025-08-11 18:23:59,808", "levelname": "INFO", "name": "AresTradingSystem.System.UnifiedDataLoader", "message": "   📄 Processing file 160/179: part-0.parquet", "correlation_id": "-", "session_id": "-", "timestamp": "2025-08-11T16:23:59.808924+00:00"}
{"asctime": "2025-08-11 18:23:59,813", "levelname": "INFO", "name": "AresTradingSystem.System.UnifiedDataLoader", "message": "   ✅ Loaded file 160: (1440, 19)", "correlation_id": "-", "session_id": "-", "timestamp": "2025-08-11T16:23:59.813331+00:00"}
{"asctime": "2025-08-11 18:23:59,814", "levelname": "INFO", "name": "AresTradingSystem.System.UnifiedDataLoader", "message": "   🔍 After date filtering: (1440, 19)", "correlation_id": "-", "session_id": "-", "timestamp": "2025-08-11T16:23:59.814137+00:00"}
{"asctime": "2025-08-11 18:23:59,818", "levelname": "INFO", "name": "AresTradingSystem.System.UnifiedDataLoader", "message": "   📊 Total rows so far: 229296", "correlation_id": "-", "session_id": "-", "timestamp": "2025-08-11T16:23:59.818868+00:00"}
{"asctime": "2025-08-11 18:24:02,667", "levelname": "INFO", "name": "AresTradingSystem.System.UnifiedDataLoader", "message": "   📄 Processing file 170/179: part-0.parquet", "correlation_id": "-", "session_id": "-", "timestamp": "2025-08-11T16:24:02.667508+00:00"}
{"asctime": "2025-08-11 18:24:02,670", "levelname": "INFO", "name": "AresTradingSystem.System.UnifiedDataLoader", "message": "   ✅ Loaded file 170: (1440, 19)", "correlation_id": "-", "session_id": "-", "timestamp": "2025-08-11T16:24:02.670619+00:00"}
{"asctime": "2025-08-11 18:24:02,671", "levelname": "INFO", "name": "AresTradingSystem.System.UnifiedDataLoader", "message": "   🔍 After date filtering: (1440, 19)", "correlation_id": "-", "session_id": "-", "timestamp": "2025-08-11T16:24:02.671317+00:00"}
{"asctime": "2025-08-11 18:24:02,676", "levelname": "INFO", "name": "AresTradingSystem.System.UnifiedDataLoader", "message": "   📊 Total rows so far: 243696", "correlation_id": "-", "session_id": "-", "timestamp": "2025-08-11T16:24:02.676119+00:00"}
{"asctime": "2025-08-11 18:24:05,477", "levelname": "INFO", "name": "AresTradingSystem.System.UnifiedDataLoader", "message": "🔄 Converting 256286 records to DataFrame...", "correlation_id": "-", "session_id": "-", "timestamp": "2025-08-11T16:24:05.477248+00:00"}
{"asctime": "2025-08-11 18:24:06,333", "levelname": "INFO", "name": "AresTradingSystem.System.UnifiedDataLoader", "message": "✅ Memory-efficient loading completed: (256286, 19)", "correlation_id": "-", "session_id": "-", "timestamp": "2025-08-11T16:24:06.333363+00:00"}
{"asctime": "2025-08-11 18:24:06,334", "levelname": "INFO", "name": "AresTradingSystem.System.AnalystLabelingFeatureEngineeringStep", "message": "✅ Loaded unified data: 256286 rows", "correlation_id": "-", "session_id": "-", "timestamp": "2025-08-11T16:24:06.334566+00:00"}
{"asctime": "2025-08-11 18:24:06,334", "levelname": "INFO", "name": "AresTradingSystem.System.AnalystLabelingFeatureEngineeringStep", "message": "✅ Validated OHLCV data", "correlation_id": "-", "session_id": "-", "timestamp": "2025-08-11T16:24:06.334673+00:00"}
{"asctime": "2025-08-11 18:24:06,335", "levelname": "INFO", "name": "AresTradingSystem.System.VectorizedLabellingOrchestrator", "message": "🎯 Starting comprehensive vectorized labeling and feature engineering orchestration...", "correlation_id": "-", "session_id": "-", "timestamp": "2025-08-11T16:24:06.335325+00:00"}
{"asctime": "2025-08-11 18:24:06,335", "levelname": "INFO", "name": "AresTradingSystem.System.VectorizedLabellingOrchestrator", "message": "📊 Performing stationary checks...", "correlation_id": "-", "session_id": "-", "timestamp": "2025-08-11T16:24:06.335427+00:00"}
{"asctime": "2025-08-11 18:24:06,335", "levelname": "INFO", "name": "AresTradingSystem.System.VectorizedStationarityChecker", "message": "🔍 Checking data stationarity...", "correlation_id": "-", "session_id": "-", "timestamp": "2025-08-11T16:24:06.335493+00:00"}
{"asctime": "2025-08-11 18:24:06,367", "levelname": "INFO", "name": "AresTradingSystem.System.VectorizedStationarityChecker", "message": "📈 Transforming price data for stationarity...", "correlation_id": "-", "session_id": "-", "timestamp": "2025-08-11T16:24:06.367533+00:00"}
{"asctime": "2025-08-11 18:24:06,388", "levelname": "INFO", "name": "AresTradingSystem.System.VectorizedStationarityChecker", "message": "✅ Transformed price data shape: (256286, 28), columns: ['timestamp', 'open', 'high', 'low', 'close', 'volume', 'year', 'month', 'day', 'exchange', 'symbol', 'timeframe', 'trade_volume', 'trade_count', 'avg_price', 'min_price', 'max_price', 'volume_ratio', 'funding_rate', 'close_returns', 'open_returns', 'high_returns', 'low_returns', 'close_log', 'open_log', 'high_log', 'low_log', 'close_detrended']", "correlation_id": "-", "session_id": "-", "timestamp": "2025-08-11T16:24:06.388508+00:00"}
{"asctime": "2025-08-11 18:24:06,414", "levelname": "INFO", "name": "AresTradingSystem.System.VectorizedStationarityChecker", "message": "📊 Transforming volume data for stationarity...", "correlation_id": "-", "session_id": "-", "timestamp": "2025-08-11T16:24:06.414482+00:00"}
{"asctime": "2025-08-11 18:24:06,420", "levelname": "INFO", "name": "AresTradingSystem.System.VectorizedStationarityChecker", "message": "✅ Transformed volume data shape: (256286, 4), columns: ['volume', 'volume_log', 'volume_detrended', 'volume_normalized']", "correlation_id": "-", "session_id": "-", "timestamp": "2025-08-11T16:24:06.420629+00:00"}
{"asctime": "2025-08-11 18:24:06,474", "levelname": "INFO", "name": "AresTradingSystem.System.VectorizedLabellingOrchestrator", "message": "Feature sample written: log/features_samples/20250811_182406_04_01_Stationarity.log", "correlation_id": "-", "session_id": "-", "timestamp": "2025-08-11T16:24:06.474984+00:00"}
{"asctime": "2025-08-11 18:24:06,499", "levelname": "INFO", "name": "AresTradingSystem.System.VectorizedLabellingOrchestrator", "message": "🔧 Generating advanced features...", "correlation_id": "-", "session_id": "-", "timestamp": "2025-08-11T16:24:06.499718+00:00"}
{"asctime": "2025-08-11 18:24:06,499", "levelname": "WARNING", "name": "AresTradingSystem.System.VectorizedLabellingOrchestrator", "message": "Advanced feature engineer not available, using basic features", "correlation_id": "-", "session_id": "-", "timestamp": "2025-08-11T16:24:06.499853+00:00"}
{"asctime": "2025-08-11 18:24:06,511", "levelname": "INFO", "name": "AresTradingSystem.System.VectorizedLabellingOrchestrator", "message": "Feature sample written: log/features_samples/20250811_182406_04_02_EngineerFeatures.log", "correlation_id": "-", "session_id": "-", "timestamp": "2025-08-11T16:24:06.511716+00:00"}
{"asctime": "2025-08-11 18:24:06,513", "levelname": "INFO", "name": "AresTradingSystem.System.VectorizedLabellingOrchestrator", "message": "🏷️ Applying triple barrier labeling...", "correlation_id": "-", "session_id": "-", "timestamp": "2025-08-11T16:24:06.513016+00:00"}
{"asctime": "2025-08-11 18:24:07,274", "levelname": "INFO", "name": "AresTradingSystem.System.VectorizedLabellingOrchestrator", "message": "🔗 Combining features and labels...", "correlation_id": "-", "session_id": "-", "timestamp": "2025-08-11T16:24:07.274235+00:00"}
{"asctime": "2025-08-11 18:24:07,274", "levelname": "INFO", "name": "AresTradingSystem.System.VectorizedLabellingOrchestrator", "message": "🗑️ Removing metadata columns: ['year', 'exchange', 'symbol', 'timeframe', 'month', 'day']", "correlation_id": "-", "session_id": "-", "timestamp": "2025-08-11T16:24:07.274459+00:00"}
{"asctime": "2025-08-11 18:24:07,286", "levelname": "INFO", "name": "AresTradingSystem.System.VectorizedLabellingOrchestrator", "message": "Removing datetime columns: ['timestamp']", "correlation_id": "-", "session_id": "-", "timestamp": "2025-08-11T16:24:07.286927+00:00"}
{"asctime": "2025-08-11 18:24:07,312", "levelname": "INFO", "name": "AresTradingSystem.System.VectorizedLabellingOrchestrator", "message": "Feature sample written: log/features_samples/20250811_182407_04_03_Combine.log", "correlation_id": "-", "session_id": "-", "timestamp": "2025-08-11T16:24:07.312568+00:00"}
{"asctime": "2025-08-11 18:24:07,324", "levelname": "INFO", "name": "AresTradingSystem.System.VectorizedLabellingOrchestrator", "message": "Removing stationarity helper columns: ['close_returns', 'open_returns', 'high_returns', 'low_returns', 'close_log', 'open_log', 'high_log', 'low_log', 'close_detrended']", "correlation_id": "-", "session_id": "-", "timestamp": "2025-08-11T16:24:07.324280+00:00"}
{"asctime": "2025-08-11 18:24:07,328", "levelname": "INFO", "name": "AresTradingSystem.System.VectorizedLabellingOrchestrator", "message": "🎯 Performing feature selection...", "correlation_id": "-", "session_id": "-", "timestamp": "2025-08-11T16:24:07.328975+00:00"}
{"asctime": "2025-08-11 18:24:07,329", "levelname": "INFO", "name": "AresTradingSystem.System.VectorizedFeatureSelector", "message": "🎯 Starting feature selection...", "correlation_id": "-", "session_id": "-", "timestamp": "2025-08-11T16:24:07.329361+00:00"}
{"asctime": "2025-08-11 18:24:07,332", "levelname": "INFO", "name": "AresTradingSystem.System.VectorizedFeatureSelector", "message": "Handling NaN values in feature selection...", "correlation_id": "-", "session_id": "-", "timestamp": "2025-08-11T16:24:07.332683+00:00"}
{"asctime": "2025-08-11 18:24:07,741", "levelname": "INFO", "name": "AresTradingSystem.System.VectorizedFeatureSelector", "message": "Skipping correlated feature removal (removal %: 0.38 > threshold: 0.30)", "correlation_id": "-", "session_id": "-", "timestamp": "2025-08-11T16:24:07.741916+00:00"}
{"asctime": "2025-08-11 18:24:07,742", "levelname": "INFO", "name": "AresTradingSystem.System.VectorizedFeatureSelector", "message": "🔄 Applying PCA-based feature combination for highly collinear features...", "correlation_id": "-", "session_id": "-", "timestamp": "2025-08-11T16:24:07.742113+00:00"}
{"asctime": "2025-08-11 18:24:08,539", "levelname": "INFO", "name": "AresTradingSystem.System.VectorizedFeatureSelector", "message": "🔍 VIF Analysis: Found 7 features with VIF > 20.0 for PCA combination", "correlation_id": "-", "session_id": "-", "timestamp": "2025-08-11T16:24:08.539769+00:00"}
{"asctime": "2025-08-11 18:24:08,540", "levelname": "INFO", "name": "AresTradingSystem.System.VectorizedFeatureSelector", "message": "📊 High VIF feature - avg_price: 9347544.00", "correlation_id": "-", "session_id": "-", "timestamp": "2025-08-11T16:24:08.540041+00:00"}
{"asctime": "2025-08-11 18:24:08,540", "levelname": "INFO", "name": "AresTradingSystem.System.VectorizedFeatureSelector", "message": "📊 High VIF feature - max_price: 3813288.77", "correlation_id": "-", "session_id": "-", "timestamp": "2025-08-11T16:24:08.540153+00:00"}
{"asctime": "2025-08-11 18:24:08,540", "levelname": "INFO", "name": "AresTradingSystem.System.VectorizedFeatureSelector", "message": "📊 High VIF feature - min_price: 3793747.47", "correlation_id": "-", "session_id": "-", "timestamp": "2025-08-11T16:24:08.540218+00:00"}
{"asctime": "2025-08-11 18:24:08,540", "levelname": "INFO", "name": "AresTradingSystem.System.VectorizedFeatureSelector", "message": "📊 High VIF feature - high: 874168.89", "correlation_id": "-", "session_id": "-", "timestamp": "2025-08-11T16:24:08.540297+00:00"}
{"asctime": "2025-08-11 18:24:08,540", "levelname": "INFO", "name": "AresTradingSystem.System.VectorizedFeatureSelector", "message": "📊 High VIF feature - low: 868008.22", "correlation_id": "-", "session_id": "-", "timestamp": "2025-08-11T16:24:08.540364+00:00"}
{"asctime": "2025-08-11 18:24:08,540", "levelname": "INFO", "name": "AresTradingSystem.System.VectorizedFeatureSelector", "message": "📊 High VIF feature - close: 335390.65", "correlation_id": "-", "session_id": "-", "timestamp": "2025-08-11T16:24:08.540436+00:00"}
{"asctime": "2025-08-11 18:24:08,540", "levelname": "INFO", "name": "AresTradingSystem.System.VectorizedFeatureSelector", "message": "📊 High VIF feature - open: 296011.52", "correlation_id": "-", "session_id": "-", "timestamp": "2025-08-11T16:24:08.540492+00:00"}
{"asctime": "2025-08-11 18:24:08,564", "levelname": "INFO", "name": "AresTradingSystem.System.VectorizedFeatureSelector", "message": "🔍 Found 2 clusters of highly collinear features for PCA combination", "correlation_id": "-", "session_id": "-", "timestamp": "2025-08-11T16:24:08.564370+00:00"}
{"asctime": "2025-08-11 18:24:08,566", "levelname": "INFO", "name": "AresTradingSystem.System.VectorizedFeatureSelector", "message": "📊 Processing cluster 1: ['open', 'high', 'low', 'close']", "correlation_id": "-", "session_id": "-", "timestamp": "2025-08-11T16:24:08.566444+00:00"}
{"asctime": "2025-08-11 18:24:08,567", "levelname": "INFO", "name": "AresTradingSystem.System.VectorizedFeatureSelector", "message": "📊 Cluster 1 - Original feature statistics:", "correlation_id": "-", "session_id": "-", "timestamp": "2025-08-11T16:24:08.567502+00:00"}
{"asctime": "2025-08-11 18:24:08,569", "levelname": "INFO", "name": "AresTradingSystem.System.VectorizedFeatureSelector", "message": "   open: mean=2449.9049, std=621.8068, range=2855.4700", "correlation_id": "-", "session_id": "-", "timestamp": "2025-08-11T16:24:08.569067+00:00"}
{"asctime": "2025-08-11 18:24:08,570", "levelname": "INFO", "name": "AresTradingSystem.System.VectorizedFeatureSelector", "message": "   high: mean=2451.3871, std=622.1159, range=2851.5500", "correlation_id": "-", "session_id": "-", "timestamp": "2025-08-11T16:24:08.570222+00:00"}
{"asctime": "2025-08-11 18:24:08,571", "levelname": "INFO", "name": "AresTradingSystem.System.VectorizedFeatureSelector", "message": "   low: mean=2448.4027, std=621.4962, range=2854.0000", "correlation_id": "-", "session_id": "-", "timestamp": "2025-08-11T16:24:08.571611+00:00"}
{"asctime": "2025-08-11 18:24:08,573", "levelname": "INFO", "name": "AresTradingSystem.System.VectorizedFeatureSelector", "message": "   close: mean=2449.9116, std=621.8160, range=2855.4600", "correlation_id": "-", "session_id": "-", "timestamp": "2025-08-11T16:24:08.573158+00:00"}
{"asctime": "2025-08-11 18:24:08,573", "levelname": "INFO", "name": "AresTradingSystem.System.VectorizedFeatureSelector", "message": "📊 Using StandardScaler (z-score normalization) for cluster 1", "correlation_id": "-", "session_id": "-", "timestamp": "2025-08-11T16:24:08.573418+00:00"}
{"asctime": "2025-08-11 18:24:08,579", "levelname": "INFO", "name": "AresTradingSystem.System.VectorizedFeatureSelector", "message": "📊 Cluster 1 - Scaled feature statistics:", "correlation_id": "-", "session_id": "-", "timestamp": "2025-08-11T16:24:08.579965+00:00"}
{"asctime": "2025-08-11 18:24:08,581", "levelname": "INFO", "name": "AresTradingSystem.System.VectorizedFeatureSelector", "message": "   open: mean=0.000000, std=1.000002, range=[-1.708146, 2.884077]", "correlation_id": "-", "session_id": "-", "timestamp": "2025-08-11T16:24:08.581917+00:00"}
{"asctime": "2025-08-11 18:24:08,583", "levelname": "INFO", "name": "AresTradingSystem.System.VectorizedFeatureSelector", "message": "   high: mean=0.000000, std=1.000002, range=[-1.694329, 2.889311]", "correlation_id": "-", "session_id": "-", "timestamp": "2025-08-11T16:24:08.583239+00:00"}
{"asctime": "2025-08-11 18:24:08,584", "levelname": "INFO", "name": "AresTradingSystem.System.VectorizedFeatureSelector", "message": "   low: mean=0.000000, std=1.000002, range=[-1.712649, 2.879504]", "correlation_id": "-", "session_id": "-", "timestamp": "2025-08-11T16:24:08.584570+00:00"}
{"asctime": "2025-08-11 18:24:08,585", "levelname": "INFO", "name": "AresTradingSystem.System.VectorizedFeatureSelector", "message": "   close: mean=-0.000000, std=1.000002, range=[-1.708099, 2.884039]", "correlation_id": "-", "session_id": "-", "timestamp": "2025-08-11T16:24:08.585700+00:00"}
{"asctime": "2025-08-11 18:24:08,589", "levelname": "INFO", "name": "AresTradingSystem.System.VectorizedFeatureSelector", "message": "✅ Scaling validation passed for cluster 1", "correlation_id": "-", "session_id": "-", "timestamp": "2025-08-11T16:24:08.589828+00:00"}
{"asctime": "2025-08-11 18:24:08,597", "levelname": "INFO", "name": "AresTradingSystem.System.VectorizedFeatureSelector", "message": "📊 Cluster 1 PCA: 1 components explain 1.000 of variance", "correlation_id": "-", "session_id": "-", "timestamp": "2025-08-11T16:24:08.597802+00:00"}
{"asctime": "2025-08-11 18:24:08,597", "levelname": "INFO", "name": "AresTradingSystem.System.VectorizedFeatureSelector", "message": "   PC1: 1.000 variance, cumulative: 1.000", "correlation_id": "-", "session_id": "-", "timestamp": "2025-08-11T16:24:08.597998+00:00"}
{"asctime": "2025-08-11 18:24:08,598", "levelname": "INFO", "name": "AresTradingSystem.System.VectorizedFeatureSelector", "message": "📊 Processing cluster 0: ['avg_price', 'min_price', 'max_price']", "correlation_id": "-", "session_id": "-", "timestamp": "2025-08-11T16:24:08.598073+00:00"}
{"asctime": "2025-08-11 18:24:08,599", "levelname": "INFO", "name": "AresTradingSystem.System.VectorizedFeatureSelector", "message": "📊 Cluster 0 - Original feature statistics:", "correlation_id": "-", "session_id": "-", "timestamp": "2025-08-11T16:24:08.599611+00:00"}
{"asctime": "2025-08-11 18:24:08,600", "levelname": "INFO", "name": "AresTradingSystem.System.VectorizedFeatureSelector", "message": "   avg_price: mean=2188.7796, std=815.3826, range=4047.4524", "correlation_id": "-", "session_id": "-", "timestamp": "2025-08-11T16:24:08.601005+00:00"}
{"asctime": "2025-08-11 18:24:08,602", "levelname": "INFO", "name": "AresTradingSystem.System.VectorizedFeatureSelector", "message": "   min_price: mean=2187.5302, std=814.9459, range=4044.9600", "correlation_id": "-", "session_id": "-", "timestamp": "2025-08-11T16:24:08.602073+00:00"}
{"asctime": "2025-08-11 18:24:08,603", "levelname": "INFO", "name": "AresTradingSystem.System.VectorizedFeatureSelector", "message": "   max_price: mean=2190.0293, std=815.8159, range=4050.6799", "correlation_id": "-", "session_id": "-", "timestamp": "2025-08-11T16:24:08.603633+00:00"}
{"asctime": "2025-08-11 18:24:08,603", "levelname": "INFO", "name": "AresTradingSystem.System.VectorizedFeatureSelector", "message": "📊 Using StandardScaler (z-score normalization) for cluster 0", "correlation_id": "-", "session_id": "-", "timestamp": "2025-08-11T16:24:08.603792+00:00"}
{"asctime": "2025-08-11 18:24:08,607", "levelname": "INFO", "name": "AresTradingSystem.System.VectorizedFeatureSelector", "message": "📊 Cluster 0 - Scaled feature statistics:", "correlation_id": "-", "session_id": "-", "timestamp": "2025-08-11T16:24:08.607936+00:00"}
{"asctime": "2025-08-11 18:24:08,609", "levelname": "INFO", "name": "AresTradingSystem.System.VectorizedFeatureSelector", "message": "   avg_price: mean=-0.000000, std=1.000002, range=[-2.684364, 2.279514]", "correlation_id": "-", "session_id": "-", "timestamp": "2025-08-11T16:24:08.609565+00:00"}
{"asctime": "2025-08-11 18:24:08,611", "levelname": "INFO", "name": "AresTradingSystem.System.VectorizedFeatureSelector", "message": "   min_price: mean=0.000000, std=1.000002, range=[-2.684270, 2.279211]", "correlation_id": "-", "session_id": "-", "timestamp": "2025-08-11T16:24:08.611619+00:00"}
{"asctime": "2025-08-11 18:24:08,613", "levelname": "INFO", "name": "AresTradingSystem.System.VectorizedFeatureSelector", "message": "   max_price: mean=-0.000000, std=1.000002, range=[-2.684470, 2.280728]", "correlation_id": "-", "session_id": "-", "timestamp": "2025-08-11T16:24:08.613620+00:00"}
{"asctime": "2025-08-11 18:24:08,616", "levelname": "INFO", "name": "AresTradingSystem.System.VectorizedFeatureSelector", "message": "✅ Scaling validation passed for cluster 0", "correlation_id": "-", "session_id": "-", "timestamp": "2025-08-11T16:24:08.616515+00:00"}
{"asctime": "2025-08-11 18:24:08,618", "levelname": "INFO", "name": "AresTradingSystem.System.VectorizedFeatureSelector", "message": "📊 Cluster 0 PCA: 1 components explain 1.000 of variance", "correlation_id": "-", "session_id": "-", "timestamp": "2025-08-11T16:24:08.618893+00:00"}
{"asctime": "2025-08-11 18:24:08,619", "levelname": "INFO", "name": "AresTradingSystem.System.VectorizedFeatureSelector", "message": "   PC1: 1.000 variance, cumulative: 1.000", "correlation_id": "-", "session_id": "-", "timestamp": "2025-08-11T16:24:08.619027+00:00"}
{"asctime": "2025-08-11 18:24:08,622", "levelname": "INFO", "name": "AresTradingSystem.System.VectorizedFeatureSelector", "message": "🔄 Removed 7 highly collinear features", "correlation_id": "-", "session_id": "-", "timestamp": "2025-08-11T16:24:08.622198+00:00"}
{"asctime": "2025-08-11 18:24:08,622", "levelname": "INFO", "name": "AresTradingSystem.System.VectorizedFeatureSelector", "message": "🔄 Added 2 PCA meta-features", "correlation_id": "-", "session_id": "-", "timestamp": "2025-08-11T16:24:08.622355+00:00"}
{"asctime": "2025-08-11 18:24:08,622", "levelname": "INFO", "name": "AresTradingSystem.System.VectorizedFeatureSelector", "message": "🔄 Net change: -5 features", "correlation_id": "-", "session_id": "-", "timestamp": "2025-08-11T16:24:08.622420+00:00"}
{"asctime": "2025-08-11 18:24:08,971", "levelname": "INFO", "name": "AresTradingSystem.System.VectorizedFeatureSelector", "message": "✅ VIF Analysis: All features have VIF <= 10.0", "correlation_id": "-", "session_id": "-", "timestamp": "2025-08-11T16:24:08.971420+00:00"}
{"asctime": "2025-08-11 18:24:08,972", "levelname": "INFO", "name": "AresTradingSystem.System.VectorizedFeatureSelector", "message": "Feature selection completed. Initial features: 13, Final features: 8", "correlation_id": "-", "session_id": "-", "timestamp": "2025-08-11T16:24:08.972557+00:00"}
{"asctime": "2025-08-11 18:24:08,973", "levelname": "WARNING", "name": "AresTradingSystem.System.VectorizedLabellingOrchestrator", "message": "🚨 CRITICAL: Found raw OHLCV columns in features: ['volume', 'trade_volume', 'trade_count', 'funding_rate', 'volume_ratio']", "correlation_id": "-", "session_id": "-", "timestamp": "2025-08-11T16:24:08.973372+00:00"}
{"asctime": "2025-08-11 18:24:08,973", "levelname": "WARNING", "name": "AresTradingSystem.System.VectorizedLabellingOrchestrator", "message": "🚨 Removing raw OHLCV columns to prevent data leakage!", "correlation_id": "-", "session_id": "-", "timestamp": "2025-08-11T16:24:08.973448+00:00"}
{"asctime": "2025-08-11 18:24:09,004", "levelname": "INFO", "name": "AresTradingSystem.System.VectorizedLabellingOrchestrator", "message": "Feature sample written: log/features_samples/20250811_182408_04_04_FeatureSelection.log", "correlation_id": "-", "session_id": "-", "timestamp": "2025-08-11T16:24:09.004777+00:00"}
{"asctime": "2025-08-11 18:24:09,007", "levelname": "INFO", "name": "AresTradingSystem.System.VectorizedLabellingOrchestrator", "message": "📏 Normalizing data...", "correlation_id": "-", "session_id": "-", "timestamp": "2025-08-11T16:24:09.007629+00:00"}
{"asctime": "2025-08-11 18:24:09,007", "levelname": "INFO", "name": "AresTradingSystem.System.VectorizedDataNormalizer", "message": "📏 Normalizing data...", "correlation_id": "-", "session_id": "-", "timestamp": "2025-08-11T16:24:09.007745+00:00"}
{"asctime": "2025-08-11 18:24:09,033", "levelname": "INFO", "name": "AresTradingSystem.System.VectorizedDataNormalizer", "message": "✅ Data normalization completed", "correlation_id": "-", "session_id": "-", "timestamp": "2025-08-11T16:24:09.033684+00:00"}
{"asctime": "2025-08-11 18:24:09,069", "levelname": "INFO", "name": "AresTradingSystem.System.VectorizedLabellingOrchestrator", "message": "Feature sample written: log/features_samples/20250811_182409_04_05_Normalization.log", "correlation_id": "-", "session_id": "-", "timestamp": "2025-08-11T16:24:09.069553+00:00"}
{"asctime": "2025-08-11 18:24:09,072", "levelname": "INFO", "name": "AresTradingSystem.System.VectorizedLabellingOrchestrator", "message": "🤖 Generating autoencoder features...", "correlation_id": "-", "session_id": "-", "timestamp": "2025-08-11T16:24:09.072567+00:00"}
{"asctime": "2025-08-11 18:24:09,074", "levelname": "INFO", "name": "AresTradingSystem.System.VectorizedLabellingOrchestrator", "message": "🗑️ Removed 'label' column from autoencoder input to prevent data leakage", "correlation_id": "-", "session_id": "-", "timestamp": "2025-08-11T16:24:09.074623+00:00"}
{"asctime": "2025-08-11 18:24:09,074", "levelname": "INFO", "name": "AresTradingSystem.System.AutoencoderFeatureGenerator", "message": "🚀 Starting autoencoder feature generation for regime: vectorized_regime", "correlation_id": "-", "session_id": "-", "timestamp": "2025-08-11T16:24:09.074811+00:00"}
{"asctime": "2025-08-11 18:24:09,074", "levelname": "INFO", "name": "AresTradingSystem.System.AutoencoderFeatureGenerator", "message": "🔄 NEW STEP: Converting price features to returns for autoencoder training...", "correlation_id": "-", "session_id": "-", "timestamp": "2025-08-11T16:24:09.074886+00:00"}
{"asctime": "2025-08-11 18:24:09,075", "levelname": "INFO", "name": "AresTradingSystem.System.PriceReturnConverter", "message": "🔄 Converting price features to returns for autoencoder training...", "correlation_id": "-", "session_id": "-", "timestamp": "2025-08-11T16:24:09.075041+00:00"}
{"asctime": "2025-08-11 18:24:09,075", "levelname": "INFO", "name": "AresTradingSystem.System.PriceReturnConverter", "message": "🎯 Using optimized feature selection to avoid redundancy", "correlation_id": "-", "session_id": "-", "timestamp": "2025-08-11T16:24:09.075476+00:00"}
{"asctime": "2025-08-11 18:24:09,087", "levelname": "INFO", "name": "AresTradingSystem.System.PriceReturnConverter", "message": "📊 Found 0 price features: []", "correlation_id": "-", "session_id": "-", "timestamp": "2025-08-11T16:24:09.087573+00:00"}
{"asctime": "2025-08-11 18:24:09,087", "levelname": "INFO", "name": "AresTradingSystem.System.PriceReturnConverter", "message": "📊 Found 0 volume features: []", "correlation_id": "-", "session_id": "-", "timestamp": "2025-08-11T16:24:09.087748+00:00"}
{"asctime": "2025-08-11 18:24:09,087", "levelname": "INFO", "name": "AresTradingSystem.System.PriceReturnConverter", "message": "📊 Converting 0 selected features to returns: []", "correlation_id": "-", "session_id": "-", "timestamp": "2025-08-11T16:24:09.087829+00:00"}
{"asctime": "2025-08-11 18:24:09,087", "levelname": "INFO", "name": "AresTradingSystem.System.PriceReturnConverter", "message": "✅ Successfully converted 0 price features to returns", "correlation_id": "-", "session_id": "-", "timestamp": "2025-08-11T16:24:09.087903+00:00"}
{"asctime": "2025-08-11 18:24:09,087", "levelname": "INFO", "name": "AresTradingSystem.System.PriceReturnConverter", "message": "📊 Final feature count: 2 columns", "correlation_id": "-", "session_id": "-", "timestamp": "2025-08-11T16:24:09.087970+00:00"}
{"asctime": "2025-08-11 18:24:09,089", "levelname": "INFO", "name": "AresTradingSystem.System.PriceReturnConverter", "message": "✅ Final validation passed: no infinite values detected", "correlation_id": "-", "session_id": "-", "timestamp": "2025-08-11T16:24:09.089449+00:00"}
{"asctime": "2025-08-11 18:24:09,089", "levelname": "INFO", "name": "AresTradingSystem.System.AutoencoderFeatureGenerator", "message": "✅ Price return conversion completed. Features shape: (256186, 2)", "correlation_id": "-", "session_id": "-", "timestamp": "2025-08-11T16:24:09.089622+00:00"}
{"asctime": "2025-08-11 18:24:09,089", "levelname": "INFO", "name": "AresTradingSystem.System.AutoencoderFeatureGenerator", "message": "🔄 Step 1/5: Feature filtering with Random Forest + SHAP", "correlation_id": "-", "session_id": "-", "timestamp": "2025-08-11T16:24:09.089694+00:00"}
{"asctime": "2025-08-11 18:24:09,089", "levelname": "INFO", "name": "AresTradingSystem.System.AutoencoderFeatureGenerator", "message": "📊 Starting with 2 input features", "correlation_id": "-", "session_id": "-", "timestamp": "2025-08-11T16:24:09.089760+00:00"}
{"asctime": "2025-08-11 18:24:09,089", "levelname": "INFO", "name": "AresTradingSystem.System.FeatureFilter", "message": "🔍 Starting feature filtering with Random Forest + SHAP...", "correlation_id": "-", "session_id": "-", "timestamp": "2025-08-11T16:24:09.089865+00:00"}
{"asctime": "2025-08-11 18:24:09,089", "levelname": "INFO", "name": "AresTradingSystem.System.FeatureFilter", "message": "📊 Input data shape: (256186, 2)", "correlation_id": "-", "session_id": "-", "timestamp": "2025-08-11T16:24:09.089927+00:00"}
{"asctime": "2025-08-11 18:24:09,092", "levelname": "INFO", "name": "AresTradingSystem.System.FeatureFilter", "message": "🎯 Number of unique labels: 2", "correlation_id": "-", "session_id": "-", "timestamp": "2025-08-11T16:24:09.092576+00:00"}
{"asctime": "2025-08-11 18:24:09,095", "levelname": "INFO", "name": "AresTradingSystem.System.FeatureFilter", "message": "📈 Label distribution: {np.int8(-1): np.int64(166731), np.int8(1): np.int64(89455)}", "correlation_id": "-", "session_id": "-", "timestamp": "2025-08-11T16:24:09.095604+00:00"}
{"asctime": "2025-08-11 18:24:09,097", "levelname": "INFO", "name": "AresTradingSystem.System.FeatureFilter", "message": "🔢 Numeric features selected: 2", "correlation_id": "-", "session_id": "-", "timestamp": "2025-08-11T16:24:09.097176+00:00"}
{"asctime": "2025-08-11 18:24:09,097", "levelname": "INFO", "name": "AresTradingSystem.System.FeatureFilter", "message": "📏 Feature names: ['pca_cluster_1_pc1', 'pca_cluster_0_pc1']", "correlation_id": "-", "session_id": "-", "timestamp": "2025-08-11T16:24:09.097726+00:00"}
{"asctime": "2025-08-11 18:24:09,100", "levelname": "INFO", "name": "AresTradingSystem.System.FeatureFilter", "message": "🌲 Training Random Forest model for feature importance...", "correlation_id": "-", "session_id": "-", "timestamp": "2025-08-11T16:24:09.100180+00:00"}
{"asctime": "2025-08-11 18:24:09,100", "levelname": "INFO", "name": "AresTradingSystem.System.FeatureFilter", "message": "🌲 RF Parameters: n_estimators=100, max_depth=10, random_state=42", "correlation_id": "-", "session_id": "-", "timestamp": "2025-08-11T16:24:09.100275+00:00"}
{"asctime": "2025-08-11 18:24:14,186", "levelname": "INFO", "name": "AresTradingSystem.System.FeatureFilter", "message": "✅ Random Forest training completed in 5.09 seconds", "correlation_id": "-", "session_id": "-", "timestamp": "2025-08-11T16:24:14.186818+00:00"}
{"asctime": "2025-08-11 18:24:14,344", "levelname": "INFO", "name": "AresTradingSystem.System.FeatureFilter", "message": "🎯 RF training score: 0.6526", "correlation_id": "-", "session_id": "-", "timestamp": "2025-08-11T16:24:14.344812+00:00"}
{"asctime": "2025-08-11 18:24:14,345", "levelname": "INFO", "name": "AresTradingSystem.System.FeatureFilter", "message": "🔍 Computing SHAP values with enhanced efficiency...", "correlation_id": "-", "session_id": "-", "timestamp": "2025-08-11T16:24:14.345108+00:00"}
{"asctime": "2025-08-11 18:24:14,345", "levelname": "INFO", "name": "AresTradingSystem.System.FeatureFilter", "message": "📦 Using SHAP TreeExplainer from shap.explainers", "correlation_id": "-", "session_id": "-", "timestamp": "2025-08-11T16:24:14.345196+00:00"}
{"asctime": "2025-08-11 18:24:14,345", "levelname": "INFO", "name": "AresTradingSystem.System.FeatureFilter", "message": "📊 Dataset size: 256186 rows", "correlation_id": "-", "session_id": "-", "timestamp": "2025-08-11T16:24:14.345289+00:00"}
{"asctime": "2025-08-11 18:24:14,345", "levelname": "INFO", "name": "AresTradingSystem.System.FeatureFilter", "message": "📊 Sample percentage: 10.0%", "correlation_id": "-", "session_id": "-", "timestamp": "2025-08-11T16:24:14.345428+00:00"}
{"asctime": "2025-08-11 18:24:14,345", "levelname": "INFO", "name": "AresTradingSystem.System.FeatureFilter", "message": "📊 Calculated sample size: 25618 rows", "correlation_id": "-", "session_id": "-", "timestamp": "2025-08-11T16:24:14.345491+00:00"}
{"asctime": "2025-08-11 18:24:14,345", "levelname": "INFO", "name": "AresTradingSystem.System.FeatureFilter", "message": "🔄 Applying stratified sampling to maintain class balance...", "correlation_id": "-", "session_id": "-", "timestamp": "2025-08-11T16:24:14.345589+00:00"}
{"asctime": "2025-08-11 18:24:14,348", "levelname": "INFO", "name": "AresTradingSystem.System.FeatureFilter", "message": "📊 Label distribution analysis:", "correlation_id": "-", "session_id": "-", "timestamp": "2025-08-11T16:24:14.348392+00:00"}
{"asctime": "2025-08-11 18:24:14,349", "levelname": "INFO", "name": "AresTradingSystem.System.FeatureFilter", "message": "   Unique labels: [-1  1]", "correlation_id": "-", "session_id": "-", "timestamp": "2025-08-11T16:24:14.349375+00:00"}
{"asctime": "2025-08-11 18:24:14,349", "levelname": "INFO", "name": "AresTradingSystem.System.FeatureFilter", "message": "   Label counts: [166731  89455]", "correlation_id": "-", "session_id": "-", "timestamp": "2025-08-11T16:24:14.349543+00:00"}
{"asctime": "2025-08-11 18:24:14,349", "levelname": "INFO", "name": "AresTradingSystem.System.FeatureFilter", "message": "   Min class count: 89455", "correlation_id": "-", "session_id": "-", "timestamp": "2025-08-11T16:24:14.349649+00:00"}
{"asctime": "2025-08-11 18:24:14,349", "levelname": "INFO", "name": "AresTradingSystem.System.FeatureFilter", "message": "   Imbalance ratio: 1.9", "correlation_id": "-", "session_id": "-", "timestamp": "2025-08-11T16:24:14.349716+00:00"}
{"asctime": "2025-08-11 18:24:14,401", "levelname": "INFO", "name": "AresTradingSystem.System.FeatureFilter", "message": "✅ Stratified sampling successful!", "correlation_id": "-", "session_id": "-", "timestamp": "2025-08-11T16:24:14.401950+00:00"}
{"asctime": "2025-08-11 18:24:14,402", "levelname": "INFO", "name": "AresTradingSystem.System.FeatureFilter", "message": "📊 Original class distribution: {np.int8(-1): np.int64(166731), np.int8(1): np.int64(89455)}", "correlation_id": "-", "session_id": "-", "timestamp": "2025-08-11T16:24:14.402188+00:00"}
{"asctime": "2025-08-11 18:24:14,402", "levelname": "INFO", "name": "AresTradingSystem.System.FeatureFilter", "message": "📊 Sample class distribution: {np.int8(-1): np.int64(16673), np.int8(1): np.int64(8945)}", "correlation_id": "-", "session_id": "-", "timestamp": "2025-08-11T16:24:14.402265+00:00"}
{"asctime": "2025-08-11 18:24:14,402", "levelname": "INFO", "name": "AresTradingSystem.System.FeatureFilter", "message": "📊 Sample size: 25618 rows (10.0%)", "correlation_id": "-", "session_id": "-", "timestamp": "2025-08-11T16:24:14.402336+00:00"}
{"asctime": "2025-08-11 18:24:14,402", "levelname": "INFO", "name": "AresTradingSystem.System.FeatureFilter", "message": "📊 No pre-filtering needed (features: 2, max: 50)", "correlation_id": "-", "session_id": "-", "timestamp": "2025-08-11T16:24:14.402404+00:00"}
{"asctime": "2025-08-11 18:24:14,402", "levelname": "INFO", "name": "AresTradingSystem.System.FeatureFilter", "message": "🌲 SHAP RF Parameters: n_estimators=50, max_depth=8", "correlation_id": "-", "session_id": "-", "timestamp": "2025-08-11T16:24:14.402480+00:00"}
{"asctime": "2025-08-11 18:24:14,402", "levelname": "INFO", "name": "AresTradingSystem.System.FeatureFilter", "message": "🌲 Training optimized Random Forest for SHAP...", "correlation_id": "-", "session_id": "-", "timestamp": "2025-08-11T16:24:14.402544+00:00"}
{"asctime": "2025-08-11 18:24:14,634", "levelname": "INFO", "name": "AresTradingSystem.System.FeatureFilter", "message": "✅ Optimized RF training completed (score: 0.6538)", "correlation_id": "-", "session_id": "-", "timestamp": "2025-08-11T16:24:14.634202+00:00"}
{"asctime": "2025-08-11 18:24:14,635", "levelname": "INFO", "name": "AresTradingSystem.System.FeatureFilter", "message": "🔧 Optimized SHAP explainer created successfully", "correlation_id": "-", "session_id": "-", "timestamp": "2025-08-11T16:24:14.635643+00:00"}
{"asctime": "2025-08-11 18:24:14,635", "levelname": "INFO", "name": "AresTradingSystem.System.FeatureFilter", "message": "⏱️ Flexible timeout calculation:", "correlation_id": "-", "session_id": "-", "timestamp": "2025-08-11T16:24:14.635760+00:00"}
{"asctime": "2025-08-11 18:24:14,635", "levelname": "INFO", "name": "AresTradingSystem.System.FeatureFilter", "message": "   📊 Sample size: 25618 rows", "correlation_id": "-", "session_id": "-", "timestamp": "2025-08-11T16:24:14.635847+00:00"}
{"asctime": "2025-08-11 18:24:14,635", "levelname": "INFO", "name": "AresTradingSystem.System.FeatureFilter", "message": "   📊 Base rate: 60s per 5000 samples", "correlation_id": "-", "session_id": "-", "timestamp": "2025-08-11T16:24:14.635918+00:00"}
{"asctime": "2025-08-11 18:24:14,635", "levelname": "INFO", "name": "AresTradingSystem.System.FeatureFilter", "message": "   📊 Calculated timeout: 307s", "correlation_id": "-", "session_id": "-", "timestamp": "2025-08-11T16:24:14.635983+00:00"}
{"asctime": "2025-08-11 18:24:14,636", "levelname": "INFO", "name": "AresTradingSystem.System.FeatureFilter", "message": "   ⏱️ Final timeout: 307s (bounded: 30s-900s)", "correlation_id": "-", "session_id": "-", "timestamp": "2025-08-11T16:24:14.636047+00:00"}
{"asctime": "2025-08-11 18:24:14,636", "levelname": "INFO", "name": "AresTradingSystem.System.FeatureFilter", "message": "📊 Computing SHAP values with background set of 100 samples...", "correlation_id": "-", "session_id": "-", "timestamp": "2025-08-11T16:24:14.636548+00:00"}
{"asctime": "2025-08-11 18:24:20,292", "levelname": "INFO", "name": "AresTradingSystem.System.FeatureFilter", "message": "✅ SHAP values computed successfully with optimizations", "correlation_id": "-", "session_id": "-", "timestamp": "2025-08-11T16:24:20.292172+00:00"}
{"asctime": "2025-08-11 18:24:20,293", "levelname": "INFO", "name": "AresTradingSystem.System.FeatureFilter", "message": "✅ SHAP values computed in 5.95 seconds", "correlation_id": "-", "session_id": "-", "timestamp": "2025-08-11T16:24:20.293466+00:00"}
{"asctime": "2025-08-11 18:24:20,293", "levelname": "INFO", "name": "AresTradingSystem.System.FeatureFilter", "message": "📊 Computing feature importance from SHAP values...", "correlation_id": "-", "session_id": "-", "timestamp": "2025-08-11T16:24:20.293637+00:00"}
{"asctime": "2025-08-11 18:24:20,293", "levelname": "INFO", "name": "AresTradingSystem.System.FeatureFilter", "message": "📦 SHAP values format: numpy array", "correlation_id": "-", "session_id": "-", "timestamp": "2025-08-11T16:24:20.293764+00:00"}
{"asctime": "2025-08-11 18:24:20,293", "levelname": "INFO", "name": "AresTradingSystem.System.FeatureFilter", "message": "📐 SHAP array shape: (25618, 2, 2)", "correlation_id": "-", "session_id": "-", "timestamp": "2025-08-11T16:24:20.293883+00:00"}
{"asctime": "2025-08-11 18:24:20,294", "levelname": "INFO", "name": "AresTradingSystem.System.FeatureFilter", "message": "📊 Computing mean absolute SHAP importance per feature...", "correlation_id": "-", "session_id": "-", "timestamp": "2025-08-11T16:24:20.294046+00:00"}
{"asctime": "2025-08-11 18:24:20,298", "levelname": "INFO", "name": "AresTradingSystem.System.FeatureFilter", "message": "✅ Feature importance computed in 0.00 seconds", "correlation_id": "-", "session_id": "-", "timestamp": "2025-08-11T16:24:20.298094+00:00"}
{"asctime": "2025-08-11 18:24:20,298", "levelname": "INFO", "name": "AresTradingSystem.System.FeatureFilter", "message": "📈 Sorting features by importance...", "correlation_id": "-", "session_id": "-", "timestamp": "2025-08-11T16:24:20.298233+00:00"}
{"asctime": "2025-08-11 18:24:20,298", "levelname": "INFO", "name": "AresTradingSystem.System.FeatureFilter", "message": "📊 Total importance: 0.030023", "correlation_id": "-", "session_id": "-", "timestamp": "2025-08-11T16:24:20.298497+00:00"}
{"asctime": "2025-08-11 18:24:20,298", "levelname": "INFO", "name": "AresTradingSystem.System.FeatureFilter", "message": "🏆 Top features by importance:", "correlation_id": "-", "session_id": "-", "timestamp": "2025-08-11T16:24:20.298605+00:00"}
{"asctime": "2025-08-11 18:24:20,298", "levelname": "INFO", "name": "AresTradingSystem.System.FeatureFilter", "message": "   1. pca_cluster_0_pc1: 0.015012 (cumulative: 0.015012)", "correlation_id": "-", "session_id": "-", "timestamp": "2025-08-11T16:24:20.298827+00:00"}
{"asctime": "2025-08-11 18:24:20,298", "levelname": "INFO", "name": "AresTradingSystem.System.FeatureFilter", "message": "   2. pca_cluster_1_pc1: 0.015012 (cumulative: 0.030023)", "correlation_id": "-", "session_id": "-", "timestamp": "2025-08-11T16:24:20.298915+00:00"}
{"asctime": "2025-08-11 18:24:20,299", "levelname": "INFO", "name": "AresTradingSystem.System.FeatureFilter", "message": "🎯 Feature selection parameters:", "correlation_id": "-", "session_id": "-", "timestamp": "2025-08-11T16:24:20.299010+00:00"}
{"asctime": "2025-08-11 18:24:20,299", "levelname": "INFO", "name": "AresTradingSystem.System.FeatureFilter", "message": "   📊 Importance threshold: 0.900 (90.0%)", "correlation_id": "-", "session_id": "-", "timestamp": "2025-08-11T16:24:20.299085+00:00"}
{"asctime": "2025-08-11 18:24:20,299", "levelname": "INFO", "name": "AresTradingSystem.System.FeatureFilter", "message": "   📊 Min features to keep: 15", "correlation_id": "-", "session_id": "-", "timestamp": "2025-08-11T16:24:20.299154+00:00"}
{"asctime": "2025-08-11 18:24:20,299", "levelname": "INFO", "name": "AresTradingSystem.System.FeatureFilter", "message": "   📊 Max features to keep: 80", "correlation_id": "-", "session_id": "-", "timestamp": "2025-08-11T16:24:20.299221+00:00"}
{"asctime": "2025-08-11 18:24:20,299", "levelname": "INFO", "name": "AresTradingSystem.System.FeatureFilter", "message": "   📊 Min importance per feature: 0.001000", "correlation_id": "-", "session_id": "-", "timestamp": "2025-08-11T16:24:20.299279+00:00"}
{"asctime": "2025-08-11 18:24:20,299", "levelname": "INFO", "name": "AresTradingSystem.System.FeatureFilter", "message": "   📊 Importance cutoff: 0.027021", "correlation_id": "-", "session_id": "-", "timestamp": "2025-08-11T16:24:20.299338+00:00"}
{"asctime": "2025-08-11 18:24:20,299", "levelname": "INFO", "name": "AresTradingSystem.System.FeatureFilter", "message": "📊 Enhanced selection analysis:", "correlation_id": "-", "session_id": "-", "timestamp": "2025-08-11T16:24:20.299436+00:00"}
{"asctime": "2025-08-11 18:24:20,299", "levelname": "INFO", "name": "AresTradingSystem.System.FeatureFilter", "message": "   📊 Threshold cutoff: 2 features", "correlation_id": "-", "session_id": "-", "timestamp": "2025-08-11T16:24:20.299499+00:00"}
{"asctime": "2025-08-11 18:24:20,299", "levelname": "INFO", "name": "AresTradingSystem.System.FeatureFilter", "message": "   📊 Min importance cutoff: 2 features", "correlation_id": "-", "session_id": "-", "timestamp": "2025-08-11T16:24:20.299569+00:00"}
{"asctime": "2025-08-11 18:24:20,299", "levelname": "INFO", "name": "AresTradingSystem.System.FeatureFilter", "message": "   📊 Min features requirement: 15 features", "correlation_id": "-", "session_id": "-", "timestamp": "2025-08-11T16:24:20.299631+00:00"}
{"asctime": "2025-08-11 18:24:20,299", "levelname": "INFO", "name": "AresTradingSystem.System.FeatureFilter", "message": "   📊 Final cutoff: 15 features", "correlation_id": "-", "session_id": "-", "timestamp": "2025-08-11T16:24:20.299693+00:00"}
{"asctime": "2025-08-11 18:24:20,299", "levelname": "INFO", "name": "AresTradingSystem.System.FeatureFilter", "message": "📊 Initial selection results:", "correlation_id": "-", "session_id": "-", "timestamp": "2025-08-11T16:24:20.299751+00:00"}
{"asctime": "2025-08-11 18:24:20,299", "levelname": "INFO", "name": "AresTradingSystem.System.FeatureFilter", "message": "   📊 Features selected: 15", "correlation_id": "-", "session_id": "-", "timestamp": "2025-08-11T16:24:20.299813+00:00"}
{"asctime": "2025-08-11 18:24:20,299", "levelname": "INFO", "name": "AresTradingSystem.System.FeatureFilter", "message": "   📊 Cumulative importance at cutoff: 0.030023", "correlation_id": "-", "session_id": "-", "timestamp": "2025-08-11T16:24:20.299875+00:00"}
{"asctime": "2025-08-11 18:24:20,299", "levelname": "INFO", "name": "AresTradingSystem.System.FeatureFilter", "message": "   📊 Actual importance captured: 100.0%", "correlation_id": "-", "session_id": "-", "timestamp": "2025-08-11T16:24:20.299938+00:00"}
{"asctime": "2025-08-11 18:24:20,300", "levelname": "WARNING", "name": "AresTradingSystem.System.FeatureFilter", "message": "⚠️ Selected features (2) below minimum (15)", "correlation_id": "-", "session_id": "-", "timestamp": "2025-08-11T16:24:20.300036+00:00"}
{"asctime": "2025-08-11 18:24:20,300", "levelname": "INFO", "name": "AresTradingSystem.System.FeatureFilter", "message": "🔄 Expanding selection to meet minimum requirement...", "correlation_id": "-", "session_id": "-", "timestamp": "2025-08-11T16:24:20.300105+00:00"}
{"asctime": "2025-08-11 18:24:20,300", "levelname": "INFO", "name": "AresTradingSystem.System.FeatureFilter", "message": "📊 Expanded to 2 features (importance: 100.0%)", "correlation_id": "-", "session_id": "-", "timestamp": "2025-08-11T16:24:20.300180+00:00"}
{"asctime": "2025-08-11 18:24:20,300", "levelname": "INFO", "name": "AresTradingSystem.System.FeatureFilter", "message": "✅ Final feature selection:", "correlation_id": "-", "session_id": "-", "timestamp": "2025-08-11T16:24:20.300338+00:00"}
{"asctime": "2025-08-11 18:24:20,300", "levelname": "INFO", "name": "AresTradingSystem.System.FeatureFilter", "message": "   📊 Features selected: 2 out of 2", "correlation_id": "-", "session_id": "-", "timestamp": "2025-08-11T16:24:20.300413+00:00"}
{"asctime": "2025-08-11 18:24:20,300", "levelname": "INFO", "name": "AresTradingSystem.System.FeatureFilter", "message": "   📊 Importance captured: 100.0%", "correlation_id": "-", "session_id": "-", "timestamp": "2025-08-11T16:24:20.300475+00:00"}
{"asctime": "2025-08-11 18:24:20,300", "levelname": "INFO", "name": "AresTradingSystem.System.FeatureFilter", "message": "   📊 Selected features: ['pca_cluster_0_pc1', 'pca_cluster_1_pc1']", "correlation_id": "-", "session_id": "-", "timestamp": "2025-08-11T16:24:20.300537+00:00"}
{"asctime": "2025-08-11 18:24:20,300", "levelname": "INFO", "name": "AresTradingSystem.System.FeatureFilter", "message": "🎉 Feature filtering completed successfully!", "correlation_id": "-", "session_id": "-", "timestamp": "2025-08-11T16:24:20.300597+00:00"}
{"asctime": "2025-08-11 18:24:20,300", "levelname": "INFO", "name": "AresTradingSystem.System.FeatureFilter", "message": "📊 Final feature count: 2", "correlation_id": "-", "session_id": "-", "timestamp": "2025-08-11T16:24:20.300657+00:00"}
{"asctime": "2025-08-11 18:24:20,300", "levelname": "INFO", "name": "AresTradingSystem.System.FeatureFilter", "message": "📊 Final features: ['pca_cluster_0_pc1', 'pca_cluster_1_pc1']", "correlation_id": "-", "session_id": "-", "timestamp": "2025-08-11T16:24:20.300719+00:00"}
{"asctime": "2025-08-11 18:24:20,312", "levelname": "INFO", "name": "AresTradingSystem.System.AutoencoderFeatureGenerator", "message": "✅ Feature filtering completed successfully!", "correlation_id": "-", "session_id": "-", "timestamp": "2025-08-11T16:24:20.312884+00:00"}
{"asctime": "2025-08-11 18:24:20,313", "levelname": "INFO", "name": "AresTradingSystem.System.AutoencoderFeatureGenerator", "message": "📊 Results: 2 features selected from 2 input features", "correlation_id": "-", "session_id": "-", "timestamp": "2025-08-11T16:24:20.313134+00:00"}
{"asctime": "2025-08-11 18:24:20,313", "levelname": "INFO", "name": "AresTradingSystem.System.AutoencoderFeatureGenerator", "message": "📉 Feature reduction: 0 features removed (0.0% reduction)", "correlation_id": "-", "session_id": "-", "timestamp": "2025-08-11T16:24:20.313217+00:00"}
{"asctime": "2025-08-11 18:24:20,313", "levelname": "INFO", "name": "AresTradingSystem.System.AutoencoderFeatureGenerator", "message": "🔍 Validating feature quality for autoencoder training...", "correlation_id": "-", "session_id": "-", "timestamp": "2025-08-11T16:24:20.313406+00:00"}
{"asctime": "2025-08-11 18:24:20,314", "levelname": "INFO", "name": "AresTradingSystem.System.AutoencoderFeatureGenerator", "message": "📊 Numeric features available: 2", "correlation_id": "-", "session_id": "-", "timestamp": "2025-08-11T16:24:20.314266+00:00"}
{"asctime": "2025-08-11 18:24:20,314", "levelname": "INFO", "name": "AresTradingSystem.System.AutoencoderFeatureGenerator", "message": "📊 Minimum features required: 15", "correlation_id": "-", "session_id": "-", "timestamp": "2025-08-11T16:24:20.314366+00:00"}
{"asctime": "2025-08-11 18:24:20,314", "levelname": "WARNING", "name": "AresTradingSystem.System.AutoencoderFeatureGenerator", "message": "⚠️ Insufficient features for autoencoder training", "correlation_id": "-", "session_id": "-", "timestamp": "2025-08-11T16:24:20.314435+00:00"}
{"asctime": "2025-08-11 18:24:20,314", "levelname": "WARNING", "name": "AresTradingSystem.System.AutoencoderFeatureGenerator", "message": "📊 Have: 2 numeric features, Need: 15+ features", "correlation_id": "-", "session_id": "-", "timestamp": "2025-08-11T16:24:20.314505+00:00"}
{"asctime": "2025-08-11 18:24:20,314", "levelname": "INFO", "name": "AresTradingSystem.System.AutoencoderFeatureGenerator", "message": "🔄 Returning original features without autoencoder enhancement", "correlation_id": "-", "session_id": "-", "timestamp": "2025-08-11T16:24:20.314565+00:00"}
{"asctime": "2025-08-11 18:24:20,348", "levelname": "INFO", "name": "AresTradingSystem.System.VectorizedLabellingOrchestrator", "message": "Feature sample written: log/features_samples/20250811_182420_04_06_Autoencoder.log", "correlation_id": "-", "session_id": "-", "timestamp": "2025-08-11T16:24:20.348612+00:00"}
{"asctime": "2025-08-11 18:24:20,350", "levelname": "INFO", "name": "AresTradingSystem.System.VectorizedLabellingOrchestrator", "message": "🎨 Preparing final data...", "correlation_id": "-", "session_id": "-", "timestamp": "2025-08-11T16:24:20.350508+00:00"}
{"asctime": "2025-08-11 18:24:20,822", "levelname": "INFO", "name": "AresTradingSystem.System.VectorizedLabellingOrchestrator", "message": "Removing stationarity helper columns: ['close_returns', 'open_returns', 'high_returns', 'low_returns', 'close_log', 'open_log', 'high_log', 'low_log', 'close_detrended']", "correlation_id": "-", "session_id": "-", "timestamp": "2025-08-11T16:24:20.822055+00:00"}
{"asctime": "2025-08-11 18:24:20,856", "levelname": "WARNING", "name": "AresTradingSystem.System.VectorizedLabellingOrchestrator", "message": "🚨 CRITICAL: Found raw OHLCV columns in features: ['open', 'high', 'low', 'close', 'volume', 'trade_volume', 'trade_count', 'avg_price', 'min_price', 'max_price', 'funding_rate', 'volume_ratio']", "correlation_id": "-", "session_id": "-", "timestamp": "2025-08-11T16:24:20.856343+00:00"}
{"asctime": "2025-08-11 18:24:20,856", "levelname": "WARNING", "name": "AresTradingSystem.System.VectorizedLabellingOrchestrator", "message": "🚨 Removing raw OHLCV columns to prevent data leakage!", "correlation_id": "-", "session_id": "-", "timestamp": "2025-08-11T16:24:20.856540+00:00"}
{"asctime": "2025-08-11 18:24:20,865", "levelname": "INFO", "name": "AresTradingSystem.System.VectorizedLabellingOrchestrator", "message": "Removing datetime columns: ['timestamp']", "correlation_id": "-", "session_id": "-", "timestamp": "2025-08-11T16:24:20.865710+00:00"}
{"asctime": "2025-08-11 18:24:20,921", "levelname": "INFO", "name": "AresTradingSystem.System.VectorizedLabellingOrchestrator", "message": "Feature sample written: log/features_samples/20250811_182420_04_07_FinalData.log", "correlation_id": "-", "session_id": "-", "timestamp": "2025-08-11T16:24:20.921110+00:00"}
{"asctime": "2025-08-11 18:24:20,930", "levelname": "WARNING", "name": "AresTradingSystem.System.VectorizedLabellingOrchestrator", "message": "🚨 Removing baseline/raw columns carried into features: ['year', 'month', 'day', 'exchange', 'symbol', 'timeframe']", "correlation_id": "-", "session_id": "-", "timestamp": "2025-08-11T16:24:20.930646+00:00"}
{"asctime": "2025-08-11 18:24:20,933", "levelname": "INFO", "name": "AresTradingSystem.System.VectorizedLabellingOrchestrator", "message": "💾 Optimizing memory usage...", "correlation_id": "-", "session_id": "-", "timestamp": "2025-08-11T16:24:20.933843+00:00"}
{"asctime": "2025-08-11 18:24:20,937", "levelname": "INFO", "name": "AresTradingSystem.System.VectorizedLabellingOrchestrator", "message": "💾 Saving data as Parquet...", "correlation_id": "-", "session_id": "-", "timestamp": "2025-08-11T16:24:20.937731+00:00"}
{"asctime": "2025-08-11 18:24:20,981", "levelname": "INFO", "name": "AresTradingSystem.System.VectorizedLabellingOrchestrator", "message": "💾 Data saved as Parquet: data/vectorized_features/vectorized_features_20250811_182420.parquet", "correlation_id": "-", "session_id": "-", "timestamp": "2025-08-11T16:24:20.981047+00:00"}
{"asctime": "2025-08-11 18:24:20,981", "levelname": "INFO", "name": "AresTradingSystem.System.VectorizedLabellingOrchestrator", "message": "🎉 Vectorized labeling and feature engineering completed! Final shape: (256186, 3)", "correlation_id": "-", "session_id": "-", "timestamp": "2025-08-11T16:24:20.981248+00:00"}
{"asctime": "2025-08-11 18:24:20,993", "levelname": "INFO", "name": "AresTradingSystem.System.AnalystLabelingFeatureEngineeringStep", "message": "🔍 Validating and enhancing features for 240+ feature set...", "correlation_id": "-", "session_id": "-", "timestamp": "2025-08-11T16:24:20.993782+00:00"}
{"asctime": "2025-08-11 18:24:20,995", "levelname": "INFO", "name": "AresTradingSystem.System.AnalystLabelingFeatureEngineeringStep", "message": "📊 Starting feature validation for 2 features...", "correlation_id": "-", "session_id": "-", "timestamp": "2025-08-11T16:24:20.995385+00:00"}
{"asctime": "2025-08-11 18:24:21,000", "levelname": "INFO", "name": "AresTradingSystem.System.AnalystLabelingFeatureEngineeringStep", "message": "📊 Feature quality analysis:", "correlation_id": "-", "session_id": "-", "timestamp": "2025-08-11T16:24:21.000880+00:00"}
{"asctime": "2025-08-11 18:24:21,001", "levelname": "INFO", "name": "AresTradingSystem.System.AnalystLabelingFeatureEngineeringStep", "message": "   📊 Total features: 2", "correlation_id": "-", "session_id": "-", "timestamp": "2025-08-11T16:24:21.001054+00:00"}
{"asctime": "2025-08-11 18:24:21,001", "levelname": "INFO", "name": "AresTradingSystem.System.AnalystLabelingFeatureEngineeringStep", "message": "   ✅ Valid features: 2", "correlation_id": "-", "session_id": "-", "timestamp": "2025-08-11T16:24:21.001124+00:00"}
{"asctime": "2025-08-11 18:24:21,001", "levelname": "INFO", "name": "AresTradingSystem.System.AnalystLabelingFeatureEngineeringStep", "message": "   ✅ Constant features: 0 (SHOULD BE 0)", "correlation_id": "-", "session_id": "-", "timestamp": "2025-08-11T16:24:21.001197+00:00"}
{"asctime": "2025-08-11 18:24:21,001", "levelname": "INFO", "name": "AresTradingSystem.System.AnalystLabelingFeatureEngineeringStep", "message": "   ✅ Low-variance features: 0", "correlation_id": "-", "session_id": "-", "timestamp": "2025-08-11T16:24:21.001257+00:00"}
{"asctime": "2025-08-11 18:24:21,001", "levelname": "INFO", "name": "AresTradingSystem.System.AnalystLabelingFeatureEngineeringStep", "message": "   ✅ Problematic features: 0", "correlation_id": "-", "session_id": "-", "timestamp": "2025-08-11T16:24:21.001322+00:00"}
{"asctime": "2025-08-11 18:24:21,003", "levelname": "INFO", "name": "AresTradingSystem.System.AnalystLabelingFeatureEngineeringStep", "message": "✅ Final feature validation complete:", "correlation_id": "-", "session_id": "-", "timestamp": "2025-08-11T16:24:21.003318+00:00"}
{"asctime": "2025-08-11 18:24:21,003", "levelname": "INFO", "name": "AresTradingSystem.System.AnalystLabelingFeatureEngineeringStep", "message": "   📊 Remaining features: 2", "correlation_id": "-", "session_id": "-", "timestamp": "2025-08-11T16:24:21.003406+00:00"}
{"asctime": "2025-08-11 18:24:21,003", "levelname": "INFO", "name": "AresTradingSystem.System.AnalystLabelingFeatureEngineeringStep", "message": "   📊 Total samples: 256186", "correlation_id": "-", "session_id": "-", "timestamp": "2025-08-11T16:24:21.003472+00:00"}
{"asctime": "2025-08-11 18:24:21,003", "levelname": "INFO", "name": "AresTradingSystem.System.AnalystLabelingFeatureEngineeringStep", "message": "   🗑️ Raw OHLCV columns removed: None", "correlation_id": "-", "session_id": "-", "timestamp": "2025-08-11T16:24:21.003530+00:00"}
{"asctime": "2025-08-11 18:24:21,003", "levelname": "ERROR", "name": "AresTradingSystem.System.AnalystLabelingFeatureEngineeringStep", "message": "🚨 CRITICAL: Only 2 features remaining!", "correlation_id": "-", "session_id": "-", "timestamp": "2025-08-11T16:24:21.003604+00:00"}
{"asctime": "2025-08-11 18:24:21,003", "levelname": "ERROR", "name": "AresTradingSystem.System.AnalystLabelingFeatureEngineeringStep", "message": "🚨 This indicates a severe feature engineering failure!", "correlation_id": "-", "session_id": "-", "timestamp": "2025-08-11T16:24:21.003663+00:00"}
{"asctime": "2025-08-11 18:24:21,003", "levelname": "ERROR", "name": "AresTradingSystem.System.AnalystLabelingFeatureEngineeringStep", "message": "🚨 The model will likely fail to train properly!", "correlation_id": "-", "session_id": "-", "timestamp": "2025-08-11T16:24:21.003774+00:00"}
{"asctime": "2025-08-11 18:24:21,004", "levelname": "INFO", "name": "AresTradingSystem.System.AnalystLabelingFeatureEngineeringStep", "message": "Re-adding missing OHLCV columns to labeled data: ['open', 'high', 'low', 'close', 'volume']", "correlation_id": "-", "session_id": "-", "timestamp": "2025-08-11T16:24:21.004782+00:00"}
{"asctime": "2025-08-11 18:24:21,016", "levelname": "INFO", "name": "AresTradingSystem.System.AnalystLabelingFeatureEngineeringStep", "message": "📊 Feature engineering completed: 7 features, 256186 samples", "correlation_id": "-", "session_id": "-", "timestamp": "2025-08-11T16:24:21.016358+00:00"}
{"asctime": "2025-08-11 18:24:21,017", "levelname": "INFO", "name": "AresTradingSystem.System.AnalystLabelingFeatureEngineeringStep", "message": "🎯 Label distribution: {-1: np.int64(166731), 1: np.int64(89455)}", "correlation_id": "-", "session_id": "-", "timestamp": "2025-08-11T16:24:21.017943+00:00"}
{"asctime": "2025-08-11 18:24:21,018", "levelname": "INFO", "name": "AresTradingSystem.System.AnalystLabelingFeatureEngineeringStep", "message": "🔎 Saved feature lists to data/training/BINANCE_ETHUSDT_selected_features.json", "correlation_id": "-", "session_id": "-", "timestamp": "2025-08-11T16:24:21.018542+00:00"}
{"asctime": "2025-08-11 18:24:21,022", "levelname": "INFO", "name": "AresTradingSystem.System.AnalystLabelingFeatureEngineeringStep", "message": "✅ Saved feature data files", "correlation_id": "-", "session_id": "-", "timestamp": "2025-08-11T16:24:21.022635+00:00"}
{"asctime": "2025-08-11 18:24:21,049", "levelname": "INFO", "name": "AresTradingSystem.System.AnalystLabelingFeatureEngineeringStep", "message": "✅ Parquet file written: data/training/BINANCE_ETHUSDT_features_train.parquet", "correlation_id": "-", "session_id": "-", "timestamp": "2025-08-11T16:24:21.049567+00:00"}
{"asctime": "2025-08-11 18:24:21,053", "levelname": "INFO", "name": "AresTradingSystem.System.AnalystLabelingFeatureEngineeringStep", "message": "✅ Parquet file written: data/training/BINANCE_ETHUSDT_features_validation.parquet", "correlation_id": "-", "session_id": "-", "timestamp": "2025-08-11T16:24:21.053011+00:00"}
{"asctime": "2025-08-11 18:24:21,055", "levelname": "INFO", "name": "AresTradingSystem.System.AnalystLabelingFeatureEngineeringStep", "message": "✅ Parquet file written: data/training/BINANCE_ETHUSDT_features_test.parquet", "correlation_id": "-", "session_id": "-", "timestamp": "2025-08-11T16:24:21.055748+00:00"}
{"asctime": "2025-08-11 18:24:21,116", "levelname": "INFO", "name": "AresTradingSystem.System.AnalystLabelingFeatureEngineeringStep", "message": "✅ Partitioned dataset written to data/training/parquet/features with partitions=['exchange', 'symbol', 'timeframe', 'split', 'year', 'month', 'day']", "correlation_id": "-", "session_id": "-", "timestamp": "2025-08-11T16:24:21.116245+00:00"}
{"asctime": "2025-08-11 18:24:21,125", "levelname": "INFO", "name": "AresTradingSystem.System.AnalystLabelingFeatureEngineeringStep", "message": "✅ Partitioned dataset written to data/training/parquet/features with partitions=['exchange', 'symbol', 'timeframe', 'split', 'year', 'month', 'day']", "correlation_id": "-", "session_id": "-", "timestamp": "2025-08-11T16:24:21.125174+00:00"}
{"asctime": "2025-08-11 18:24:21,133", "levelname": "INFO", "name": "AresTradingSystem.System.AnalystLabelingFeatureEngineeringStep", "message": "✅ Partitioned dataset written to data/training/parquet/features with partitions=['exchange', 'symbol', 'timeframe', 'split', 'year', 'month', 'day']", "correlation_id": "-", "session_id": "-", "timestamp": "2025-08-11T16:24:21.133097+00:00"}
{"asctime": "2025-08-11 18:24:21,146", "levelname": "INFO", "name": "AresTradingSystem.System.AnalystLabelingFeatureEngineeringStep", "message": "✅ Saved labeled data files", "correlation_id": "-", "session_id": "-", "timestamp": "2025-08-11T16:24:21.146777+00:00"}
{"asctime": "2025-08-11 18:24:21,221", "levelname": "INFO", "name": "AresTradingSystem.System.AnalystLabelingFeatureEngineeringStep", "message": "✅ Parquet file written: data/training/BINANCE_ETHUSDT_labeled_train.parquet", "correlation_id": "-", "session_id": "-", "timestamp": "2025-08-11T16:24:21.221392+00:00"}
{"asctime": "2025-08-11 18:24:21,231", "levelname": "INFO", "name": "AresTradingSystem.System.AnalystLabelingFeatureEngineeringStep", "message": "✅ Parquet file written: data/training/BINANCE_ETHUSDT_labeled_validation.parquet", "correlation_id": "-", "session_id": "-", "timestamp": "2025-08-11T16:24:21.231901+00:00"}
{"asctime": "2025-08-11 18:24:21,239", "levelname": "INFO", "name": "AresTradingSystem.System.AnalystLabelingFeatureEngineeringStep", "message": "✅ Parquet file written: data/training/BINANCE_ETHUSDT_labeled_test.parquet", "correlation_id": "-", "session_id": "-", "timestamp": "2025-08-11T16:24:21.239493+00:00"}
{"asctime": "2025-08-11 18:24:21,323", "levelname": "INFO", "name": "AresTradingSystem.System.AnalystLabelingFeatureEngineeringStep", "message": "✅ Partitioned dataset written to data/training/parquet/labeled with partitions=['exchange', 'symbol', 'timeframe', 'split', 'year', 'month', 'day']", "correlation_id": "-", "session_id": "-", "timestamp": "2025-08-11T16:24:21.323639+00:00"}
{"asctime": "2025-08-11 18:24:21,340", "levelname": "INFO", "name": "AresTradingSystem.System.AnalystLabelingFeatureEngineeringStep", "message": "✅ Partitioned dataset written to data/training/parquet/labeled with partitions=['exchange', 'symbol', 'timeframe', 'split', 'year', 'month', 'day']", "correlation_id": "-", "session_id": "-", "timestamp": "2025-08-11T16:24:21.340457+00:00"}
{"asctime": "2025-08-11 18:24:21,352", "levelname": "INFO", "name": "AresTradingSystem.System.AnalystLabelingFeatureEngineeringStep", "message": "✅ Partitioned dataset written to data/training/parquet/labeled with partitions=['exchange', 'symbol', 'timeframe', 'split', 'year', 'month', 'day']", "correlation_id": "-", "session_id": "-", "timestamp": "2025-08-11T16:24:21.352785+00:00"}
{"asctime": "2025-08-11 18:24:21,356", "levelname": "WARNING", "name": "AresTradingSystem.System.AnalystLabelingFeatureEngineeringStep", "message": "No timestamp column found; creating synthetic datetime index for splits", "correlation_id": "-", "session_id": "-", "timestamp": "2025-08-11T16:24:21.356388+00:00"}
{"asctime": "2025-08-11 18:24:21,360", "levelname": "INFO", "name": "AresTradingSystem.System.UnifiedDataManager", "message": "🔄 Creating unified database with time-based splits...", "correlation_id": "-", "session_id": "-", "timestamp": "2025-08-11T16:24:21.360018+00:00"}
{"asctime": "2025-08-11 18:24:21,361", "levelname": "INFO", "name": "AresTradingSystem.System.UnifiedDataManager", "message": "📅 Applying lookback filter: 180 days", "correlation_id": "-", "session_id": "-", "timestamp": "2025-08-11T16:24:21.361433+00:00"}
{"asctime": "2025-08-11 18:24:21,366", "levelname": "INFO", "name": "AresTradingSystem.System.UnifiedDataManager", "message": "📊 Data filtered from 256186 to 256186 samples (from 2025-02-12 to 2025-08-11)", "correlation_id": "-", "session_id": "-", "timestamp": "2025-08-11T16:24:21.366480+00:00"}
{"asctime": "2025-08-11 18:24:21,374", "levelname": "INFO", "name": "AresTradingSystem.System.UnifiedDataManager", "message": "📅 Train period: 2025-02-14 18:39:21.357788+00:00 to 2025-07-07 02:26:21.357788+00:00", "correlation_id": "-", "session_id": "-", "timestamp": "2025-08-11T16:24:21.374536+00:00"}
{"asctime": "2025-08-11 18:24:21,374", "levelname": "INFO", "name": "AresTradingSystem.System.UnifiedDataManager", "message": "📅 Validation period: 2025-07-07 02:27:21.357788+00:00 to 2025-07-24 21:25:21.357788+00:00", "correlation_id": "-", "session_id": "-", "timestamp": "2025-08-11T16:24:21.374737+00:00"}
{"asctime": "2025-08-11 18:24:21,374", "levelname": "INFO", "name": "AresTradingSystem.System.UnifiedDataManager", "message": "📅 Test period: 2025-07-24 21:26:21.357788+00:00 to 2025-08-11 16:24:21.357788+00:00", "correlation_id": "-", "session_id": "-", "timestamp": "2025-08-11T16:24:21.374890+00:00"}
{"asctime": "2025-08-11 18:24:21,374", "levelname": "INFO", "name": "AresTradingSystem.System.UnifiedDataManager", "message": "📊 Time-based splits created (post-augmentation if applied):\n  • Training: 204948 samples (80.0%)\n  • Validation: 25619 samples (10.0%)\n  • Test: 25619 samples (10.0%)", "correlation_id": "-", "session_id": "-", "timestamp": "2025-08-11T16:24:21.374959+00:00"}
{"asctime": "2025-08-11 18:24:21,383", "levelname": "INFO", "name": "AresTradingSystem.System.UnifiedDataManager", "message": "💾 Unified database saved to data/training/unified_database/BINANCE_ETHUSDT_unified_dataset.pkl", "correlation_id": "-", "session_id": "-", "timestamp": "2025-08-11T16:24:21.383875+00:00"}
{"asctime": "2025-08-11 18:24:21,383", "levelname": "INFO", "name": "AresTradingSystem.System.UnifiedDataManager", "message": "📋 Metadata saved to data/training/unified_database/BINANCE_ETHUSDT_dataset_metadata.json", "correlation_id": "-", "session_id": "-", "timestamp": "2025-08-11T16:24:21.383991+00:00"}
{"asctime": "2025-08-11 18:24:21,451", "levelname": "INFO", "name": "AresTradingSystem.System.UnifiedDataManager", "message": "💾 Data splits saved (Parquet):", "correlation_id": "-", "session_id": "-", "timestamp": "2025-08-11T16:24:21.451441+00:00"}
{"asctime": "2025-08-11 18:24:21,451", "levelname": "INFO", "name": "AresTradingSystem.System.UnifiedDataManager", "message": "  • Training: data/training/BINANCE_ETHUSDT_train_data.parquet", "correlation_id": "-", "session_id": "-", "timestamp": "2025-08-11T16:24:21.451582+00:00"}
{"asctime": "2025-08-11 18:24:21,451", "levelname": "INFO", "name": "AresTradingSystem.System.UnifiedDataManager", "message": "  • Validation: data/training/BINANCE_ETHUSDT_validation_data.parquet", "correlation_id": "-", "session_id": "-", "timestamp": "2025-08-11T16:24:21.451647+00:00"}
{"asctime": "2025-08-11 18:24:21,451", "levelname": "INFO", "name": "AresTradingSystem.System.UnifiedDataManager", "message": "  • Test: data/training/BINANCE_ETHUSDT_test_data.parquet", "correlation_id": "-", "session_id": "-", "timestamp": "2025-08-11T16:24:21.451705+00:00"}
{"asctime": "2025-08-11 18:24:21,451", "levelname": "INFO", "name": "AresTradingSystem.System.UnifiedDataManager", "message": "✅ Unified database created successfully", "correlation_id": "-", "session_id": "-", "timestamp": "2025-08-11T16:24:21.451764+00:00"}
{"asctime": "2025-08-11 18:24:21,452", "levelname": "INFO", "name": "AresTradingSystem.System.AnalystLabelingFeatureEngineeringStep", "message": "✅ Created unified database splits", "correlation_id": "-", "session_id": "-", "timestamp": "2025-08-11T16:24:21.452227+00:00"}
{"asctime": "2025-08-11 18:24:21,452", "levelname": "INFO", "name": "AresTradingSystem.System.AnalystLabelingFeatureEngineeringStep", "message": "✅ Analyst labeling and feature engineering completed successfully", "correlation_id": "-", "session_id": "-", "timestamp": "2025-08-11T16:24:21.452304+00:00"}
{"asctime": "2025-08-11 18:24:21,452", "levelname": "INFO", "name": "AresTradingSystem.System.AnalystLabelingFeatureEngineeringStep", "message": "Training specialist models for regime: combined (single unified feature set)", "correlation_id": "-", "session_id": "-", "timestamp": "2025-08-11T16:24:21.452371+00:00"}
{"asctime": "2025-08-11 18:24:21,839", "levelname": "INFO", "name": "AresTradingSystem.System", "message": "Initializing Analyst Specialist Training Step...", "correlation_id": "-", "session_id": "-", "timestamp": "2025-08-11T16:24:21.839020+00:00"}
{"asctime": "2025-08-11 18:24:21,839", "levelname": "INFO", "name": "AresTradingSystem.System", "message": "Analyst Specialist Training Step initialized successfully", "correlation_id": "-", "session_id": "-", "timestamp": "2025-08-11T16:24:21.839120+00:00"}
{"asctime": "2025-08-11 18:24:21,839", "levelname": "INFO", "name": "AresTradingSystem.System", "message": "🔄 Executing Analyst Specialist Training...", "correlation_id": "-", "session_id": "-", "timestamp": "2025-08-11T16:24:21.839198+00:00"}
{"asctime": "2025-08-11 18:24:21,840", "levelname": "INFO", "name": "AresTradingSystem.System", "message": "Loaded features file data/training/BINANCE_ETHUSDT_features_train.pkl: type=DataFrame, shape=(204948, 3)", "correlation_id": "-", "session_id": "-", "timestamp": "2025-08-11T16:24:21.840090+00:00"}
{"asctime": "2025-08-11 18:24:21,840", "levelname": "INFO", "name": "AresTradingSystem.System", "message": "Loaded features file data/training/BINANCE_ETHUSDT_features_validation.pkl: type=DataFrame, shape=(25619, 3)", "correlation_id": "-", "session_id": "-", "timestamp": "2025-08-11T16:24:21.840691+00:00"}
{"asctime": "2025-08-11 18:24:21,841", "levelname": "INFO", "name": "AresTradingSystem.System", "message": "Loaded features file data/training/BINANCE_ETHUSDT_features_test.pkl: type=DataFrame, shape=(25619, 3)", "correlation_id": "-", "session_id": "-", "timestamp": "2025-08-11T16:24:21.841026+00:00"}
{"asctime": "2025-08-11 18:24:21,841", "levelname": "INFO", "name": "AresTradingSystem.System", "message": "✅ Loaded combined feature data: (256186, 3)", "correlation_id": "-", "session_id": "-", "timestamp": "2025-08-11T16:24:21.841522+00:00"}
{"asctime": "2025-08-11 18:24:21,841", "levelname": "INFO", "name": "AresTradingSystem.System", "message": "Training specialist models for regime: combined", "correlation_id": "-", "session_id": "-", "timestamp": "2025-08-11T16:24:21.841616+00:00"}
{"asctime": "2025-08-11 18:24:21,929", "levelname": "INFO", "name": "AresTradingSystem.System", "message": "Training specialist models for regime: combined", "correlation_id": "-", "session_id": "-", "timestamp": "2025-08-11T16:24:21.929578+00:00"}
{"asctime": "2025-08-11 18:24:21,931", "levelname": "INFO", "name": "AresTradingSystem.System", "message": "📊 Training data shape: (256186, 2)", "correlation_id": "-", "session_id": "-", "timestamp": "2025-08-11T16:24:21.932004+00:00"}
{"asctime": "2025-08-11 18:24:21,932", "levelname": "INFO", "name": "AresTradingSystem.System", "message": "📊 Feature count: 2", "correlation_id": "-", "session_id": "-", "timestamp": "2025-08-11T16:24:21.932114+00:00"}
{"asctime": "2025-08-11 18:24:21,932", "levelname": "INFO", "name": "AresTradingSystem.System", "message": "📊 Class distribution: {-1: 166731, 1: 89455}", "correlation_id": "-", "session_id": "-", "timestamp": "2025-08-11T16:24:21.932945+00:00"}
{"asctime": "2025-08-11 18:24:21,993", "levelname": "INFO", "name": "AresTradingSystem.System", "message": "📊 Train set: (204948, 2)", "correlation_id": "-", "session_id": "-", "timestamp": "2025-08-11T16:24:21.993203+00:00"}
{"asctime": "2025-08-11 18:24:21,993", "levelname": "INFO", "name": "AresTradingSystem.System", "message": "📊 Test set: (51238, 2)", "correlation_id": "-", "session_id": "-", "timestamp": "2025-08-11T16:24:21.993568+00:00"}
