2025-08-07 20:40:46,766 - AresTradingSystem - INFO - ✅ Enhanced Logger initialization completed successfully
2025-08-07 20:40:46,774 - AresTradingSystem.System - INFO - Environment configuration loaded successfully. Trading Environment: PAPER, Exchange: BINANCE
2025-08-07 20:40:47,021 - AresTradingSystem.System.SignalHandler - INFO - Initializing Signal Handler...
2025-08-07 20:40:47,022 - AresTradingSystem.System.SignalHandler - INFO - Signal configuration loaded successfully
2025-08-07 20:40:47,022 - AresTradingSystem.System.SignalHandler - INFO - Configuration validation successful
2025-08-07 20:40:47,022 - AresTradingSystem.System.SignalHandler - INFO - Registered SIGTERM handler
2025-08-07 20:40:47,022 - AresTradingSystem.System.SignalHandler - INFO - Registered SIGINT handler
2025-08-07 20:40:47,022 - AresTradingSystem.System.SignalHandler - INFO - Signal handlers registered successfully
2025-08-07 20:40:47,022 - AresTradingSystem.System.SignalHandler - INFO - ✅ Signal Handler initialization completed successfully
2025-08-07 20:40:47,023 - AresTradingSystem.System.SignalHandler - INFO - Shutdown callback registered
2025-08-07 20:40:48,243 - AresTradingSystem.System - INFO - Initializing Market Regime Classification Step...
2025-08-07 20:40:48,243 - AresTradingSystem.System - INFO - Market Regime Classification Step initialized successfully
2025-08-07 20:40:48,243 - AresTradingSystem.System - INFO - 🔄 Executing Market Regime Classification...
2025-08-07 20:40:48,243 - AresTradingSystem.System - INFO - 📁 Loading pre-consolidated data from: data_cache/aggtrades_BINANCE_ETHUSDT_consolidated.parquet
2025-08-07 20:40:48,508 - AresTradingSystem.System - INFO - ✅ Loaded consolidated trade data: 17744326 records
2025-08-07 20:40:48,508 - AresTradingSystem.System - INFO - 🔄 Converting trade data to OHLCV format...
2025-08-07 20:40:49,604 - AresTradingSystem.System - INFO - ✅ Converted to OHLCV: 879 records
2025-08-07 20:40:49,604 - AresTradingSystem.System - INFO - Classifying market regimes for ETHUSDT on BINANCE...
2025-08-07 20:40:49,605 - AresTradingSystem.System - INFO - Regime classification completed. Found 0 distinct regimes
2025-08-07 20:40:49,605 - AresTradingSystem.System - INFO - ✅ Market regime classification completed. Results saved to data/training/BINANCE_ETHUSDT_regime_classification.json
2025-08-07 20:40:49,615 - AresTradingSystem.System - INFO - Initializing Regime Data Splitting Step...
2025-08-07 20:40:49,615 - AresTradingSystem.System - INFO - Regime Data Splitting Step initialized successfully
2025-08-07 20:40:49,615 - AresTradingSystem.System - INFO - 🔄 Executing Regime Data Splitting...
2025-08-07 20:40:49,618 - AresTradingSystem.System - INFO - ✅ Extracted klines data: (60367, 5)
2025-08-07 20:40:49,619 - AresTradingSystem.System - INFO - Splitting data by regimes for ETHUSDT on BINANCE...
2025-08-07 20:40:49,619 - AresTradingSystem.System - INFO - Data shape: (60367, 5)
2025-08-07 20:40:49,619 - AresTradingSystem.System - WARNING - No regime sequence found, creating default sequence
2025-08-07 20:40:49,780 - AresTradingSystem.System - INFO - Regime 'BULL': 60367 records
2025-08-07 20:40:49,780 - AresTradingSystem.System - INFO - High-data regimes: ['BULL']
2025-08-07 20:40:49,780 - AresTradingSystem.System - INFO - Low-data regimes: []
2025-08-07 20:40:49,780 - AresTradingSystem.System - INFO - Other regimes: []
2025-08-07 20:40:49,782 - AresTradingSystem.System - INFO - ✅ Regime data splitting completed. Results saved to data/training/regime_data
2025-08-07 20:41:06,720 - AresTradingSystem.System - INFO - Initializing Analyst Specialist Training Step...
2025-08-07 20:41:06,720 - AresTradingSystem.System - INFO - Analyst Specialist Training Step initialized successfully
2025-08-07 20:41:06,721 - AresTradingSystem.System - INFO - 🔄 Executing Analyst Specialist Training...
2025-08-07 20:41:06,722 - AresTradingSystem.System - INFO - Training specialist models for regime: BULL
2025-08-07 20:41:06,722 - AresTradingSystem.System - INFO - Training specialist models for regime: BULL
2025-08-07 20:47:19,189 - AresTradingSystem.System - INFO - Trained 5 models for regime BULL
2025-08-07 20:47:19,205 - AresTradingSystem.System - INFO - ✅ Analyst specialist training completed. Results saved to data/training/analyst_models
