2025-08-07 22:51:17,756 - AresTradingSystem - INFO - ✅ Enhanced Logger initialization completed successfully
2025-08-07 22:51:17,765 - AresTradingSystem.System - INFO - Environment configuration loaded successfully. Trading Environment: PAPER, Exchange: BINANCE
2025-08-07 22:51:17,769 - AresTradingSystem.System - INFO - Initializing Market Regime Classification Step...
2025-08-07 22:51:17,769 - AresTradingSystem.System - INFO - Market Regime Classification Step initialized successfully
2025-08-07 22:51:17,769 - AresTradingSystem.System - INFO - 🔄 Executing Market Regime Classification...
2025-08-07 22:51:17,770 - AresTradingSystem.System.UnifiedRegimeClassifier - INFO - Initializing UnifiedRegimeClassifier for BINANCE_ETHUSDT
2025-08-07 22:51:17,770 - AresTradingSystem.System.UnifiedRegimeClassifier - INFO - ✅ Loaded existing models successfully
2025-08-07 22:51:17,770 - AresTradingSystem.System.UnifiedRegimeClassifier - INFO - ✅ UnifiedRegimeClassifier initialized successfully
2025-08-07 22:51:17,770 - AresTradingSystem.System - INFO - 📁 Loading pre-consolidated data from: data_cache/aggtrades_BINANCE_ETHUSDT_consolidated.parquet
2025-08-07 22:51:18,139 - AresTradingSystem.System - INFO - ✅ Loaded consolidated trade data: 17744326 records
2025-08-07 22:51:18,139 - AresTradingSystem.System - INFO - 🔄 Converting trade data to OHLCV format...
2025-08-07 22:51:20,055 - AresTradingSystem.System - INFO - ✅ Converted to OHLCV: 879 records
2025-08-07 22:51:20,055 - AresTradingSystem.System - INFO - Classifying market regimes for ETHUSDT on BINANCE...
2025-08-07 22:51:20,056 - AresTradingSystem.System.UnifiedRegimeClassifier - INFO - 🔧 Calculating features for 879 periods...
2025-08-07 22:51:20,070 - AresTradingSystem.System.UnifiedRegimeClassifier - INFO - ✅ Calculated comprehensive features for 879 periods (dropped 0 rows due to NaN)
2025-08-07 22:51:20,070 - AresTradingSystem.System.UnifiedRegimeClassifier - INFO - Classifying location with tactical pivots and strategic volume levels...
2025-08-07 22:51:22,661 - AresTradingSystem.System.UnifiedRegimeClassifier - INFO - Finished classifying locations. Found: {'OPEN_RANGE': 811, 'HVN_SUPPORT': 27, 'HVN_RESISTANCE': 23, 'PIVOT_R': 12, 'PIVOT_S': 6}
2025-08-07 22:51:22,661 - AresTradingSystem.System - INFO - Regime classification completed. Found 1 distinct regimes
2025-08-07 22:51:22,662 - AresTradingSystem.System - INFO - ✅ Market regime classification completed. Results saved to data/training/BINANCE_ETHUSDT_regime_classification.json
2025-08-07 22:51:22,676 - AresTradingSystem.System - INFO - Initializing Regime Data Splitting Step...
2025-08-07 22:51:22,676 - AresTradingSystem.System - INFO - Regime Data Splitting Step initialized successfully
2025-08-07 22:51:22,677 - AresTradingSystem.System - INFO - Splitting data by regimes for ETHUSDT on BINANCE...
2025-08-07 22:51:22,677 - AresTradingSystem.System - INFO - Regime sequence length (879) is shorter than data length (1000). This is expected due to feature calculation dropping NaN values.
2025-08-07 22:51:22,677 - AresTradingSystem.System - INFO - Regime sequence covers 87.90% of the data
2025-08-07 22:51:22,680 - AresTradingSystem.System - INFO - Interpolated regime sequence to match data length: 1000
2025-08-07 22:51:22,706 - AresTradingSystem.System - INFO - Regime 'SIDEWAYS': 1000 records
2025-08-07 22:51:22,706 - AresTradingSystem.System - INFO - High-data regimes: ['SIDEWAYS']
2025-08-07 22:51:22,706 - AresTradingSystem.System - INFO - Low-data regimes: []
2025-08-07 22:51:22,706 - AresTradingSystem.System - INFO - Other regimes: []
