2025-08-07 20:22:56,622 - AresTradingSystem - INFO - ✅ Enhanced Logger initialization completed successfully
2025-08-07 20:22:56,629 - AresTradingSystem.System - INFO - Environment configuration loaded successfully. Trading Environment: PAPER, Exchange: BINANCE
2025-08-07 20:22:56,892 - AresTradingSystem.System.SignalHandler - INFO - Initializing Signal Handler...
2025-08-07 20:22:56,893 - AresTradingSystem.System.SignalHandler - INFO - Signal configuration loaded successfully
2025-08-07 20:22:56,893 - AresTradingSystem.System.SignalHandler - INFO - Configuration validation successful
2025-08-07 20:22:56,893 - AresTradingSystem.System.SignalHandler - INFO - Registered SIGTERM handler
2025-08-07 20:22:56,893 - AresTradingSystem.System.SignalHandler - INFO - Registered SIGINT handler
2025-08-07 20:22:56,893 - AresTradingSystem.System.SignalHandler - INFO - Signal handlers registered successfully
2025-08-07 20:22:56,893 - AresTradingSystem.System.SignalHandler - INFO - ✅ Signal Handler initialization completed successfully
2025-08-07 20:22:56,894 - AresTradingSystem.System.SignalHandler - INFO - Shutdown callback registered
2025-08-07 20:22:57,867 - AresTradingSystem.System - INFO - Initializing Market Regime Classification Step...
2025-08-07 20:22:57,867 - AresTradingSystem.System - INFO - Market Regime Classification Step initialized successfully
2025-08-07 20:22:57,867 - AresTradingSystem.System - INFO - 🔄 Executing Market Regime Classification...
2025-08-07 20:22:57,867 - AresTradingSystem.System - INFO - 📁 Loading pre-consolidated data from: data_cache/aggtrades_BINANCE_ETHUSDT_consolidated.parquet
2025-08-07 20:22:58,104 - AresTradingSystem.System - INFO - ✅ Loaded consolidated trade data: 17744326 records
2025-08-07 20:22:58,104 - AresTradingSystem.System - INFO - 🔄 Converting trade data to OHLCV format...
2025-08-07 20:22:59,312 - AresTradingSystem.System - INFO - ✅ Converted to OHLCV: 879 records
2025-08-07 20:22:59,312 - AresTradingSystem.System - INFO - Classifying market regimes for ETHUSDT on BINANCE...
2025-08-07 20:22:59,313 - AresTradingSystem.System - INFO - Regime classification completed. Found 0 distinct regimes
2025-08-07 20:22:59,313 - AresTradingSystem.System - INFO - ✅ Market regime classification completed. Results saved to data/training/BINANCE_ETHUSDT_regime_classification.json
2025-08-07 20:22:59,327 - AresTradingSystem.System - INFO - Initializing Regime Data Splitting Step...
2025-08-07 20:22:59,327 - AresTradingSystem.System - INFO - Regime Data Splitting Step initialized successfully
2025-08-07 20:22:59,327 - AresTradingSystem.System - INFO - 🔄 Executing Regime Data Splitting...
2025-08-07 20:22:59,328 - AresTradingSystem.System - ERROR - ❌ Error in Regime Data Splitting: Data must be 1-dimensional, got ndarray of shape (60367, 5) instead
