2025-08-07 22:29:24,387 - AresTradingSystem - INFO - ✅ Enhanced Logger initialization completed successfully
2025-08-07 22:29:24,424 - AresTradingSystem.System - INFO - Environment configuration loaded successfully. Trading Environment: PAPER, Exchange: BINANCE
2025-08-07 22:29:31,282 - AresTradingSystem.System.UnifiedRegimeClassifier - INFO - Initializing UnifiedRegimeClassifier for BINANCE_ETHUSDT
2025-08-07 22:29:31,282 - AresTradingSystem.System.UnifiedRegimeClassifier - INFO - ✅ Loaded existing models successfully
2025-08-07 22:29:31,282 - AresTradingSystem.System.UnifiedRegimeClassifier - INFO - ✅ UnifiedRegimeClassifier initialized successfully
2025-08-07 22:29:31,282 - AresTradingSystem.System.UnifiedRegimeClassifier - INFO - 🎓 Training HMM-based Market Regime Classifier...
2025-08-07 22:29:31,283 - AresTradingSystem.System.UnifiedRegimeClassifier - INFO - 🔧 Calculating features for 879 periods...
2025-08-07 22:29:31,292 - AresTradingSystem.System.UnifiedRegimeClassifier - INFO - ✅ Calculated comprehensive features for 854 periods (dropped 25 rows)
2025-08-07 22:29:31,793 - AresTradingSystem.System.UnifiedRegimeClassifier - INFO - State 0: BEAR (mean_return=-0.0010, mean_vol=0.0061, mean_adx=20.05)
2025-08-07 22:29:31,794 - AresTradingSystem.System.UnifiedRegimeClassifier - INFO - State 1: BULL (mean_return=0.0002, mean_vol=0.0045, mean_adx=19.23)
2025-08-07 22:29:31,794 - AresTradingSystem.System.UnifiedRegimeClassifier - INFO - State 2: BULL (mean_return=0.0007, mean_vol=0.0082, mean_adx=22.63)
2025-08-07 22:29:31,794 - AresTradingSystem.System.UnifiedRegimeClassifier - INFO - State 3: BULL (mean_return=0.0158, mean_vol=0.0057, mean_adx=20.85)
2025-08-07 22:29:31,794 - AresTradingSystem.System.UnifiedRegimeClassifier - INFO - ✅ HMM-based regime classifier trained successfully
2025-08-07 22:29:31,794 - AresTradingSystem.System.UnifiedRegimeClassifier - INFO - 🎓 Training Basic Regime Ensemble...
2025-08-07 22:29:31,794 - AresTradingSystem.System.UnifiedRegimeClassifier - INFO - 🔧 Calculating features for 879 periods...
2025-08-07 22:29:31,803 - AresTradingSystem.System.UnifiedRegimeClassifier - INFO - ✅ Calculated comprehensive features for 854 periods (dropped 25 rows)
2025-08-07 22:29:33,269 - AresTradingSystem.System.UnifiedRegimeClassifier - INFO - ✅ Basic regime ensemble trained successfully
2025-08-07 22:29:33,270 - AresTradingSystem.System.UnifiedRegimeClassifier - INFO - 🎓 Training Location Classifier...
2025-08-07 22:29:33,270 - AresTradingSystem.System.UnifiedRegimeClassifier - INFO - 🔧 Calculating features for 879 periods...
2025-08-07 22:29:33,277 - AresTradingSystem.System.UnifiedRegimeClassifier - INFO - ✅ Calculated comprehensive features for 854 periods (dropped 25 rows)
2025-08-07 22:29:33,277 - AresTradingSystem.System.UnifiedRegimeClassifier - INFO - Classifying location with tactical pivots and strategic volume levels...
2025-08-07 22:29:50,688 - AresTradingSystem.System.UnifiedRegimeClassifier - INFO - Finished classifying locations. Found: {'OPEN_RANGE': 789, 'HVN_SUPPORT': 27, 'HVN_RESISTANCE': 23, 'PIVOT_R': 12, 'PIVOT_S': 3}
2025-08-07 22:29:56,315 - AresTradingSystem.System.UnifiedRegimeClassifier - INFO - ✅ Location classifier trained successfully
2025-08-07 22:29:56,315 - AresTradingSystem.System.UnifiedRegimeClassifier - INFO - 🔧 Calculating features for 879 periods...
2025-08-07 22:29:56,369 - AresTradingSystem.System.UnifiedRegimeClassifier - INFO - ✅ Calculated comprehensive features for 854 periods (dropped 25 rows)
2025-08-07 22:29:56,386 - AresTradingSystem.System.UnifiedRegimeClassifier - INFO - Classifying location with tactical pivots and strategic volume levels...
2025-08-07 22:30:13,099 - AresTradingSystem.System.UnifiedRegimeClassifier - INFO - Finished classifying locations. Found: {'OPEN_RANGE': 789, 'HVN_SUPPORT': 27, 'HVN_RESISTANCE': 23, 'PIVOT_R': 12, 'PIVOT_S': 3}
