{"asctime": "2025-08-10 09:43:41,657", "levelname": "INFO", "name": "AresGlobal", "message": "================================================================================", "correlation_id": "-", "session_id": "-", "timestamp": "2025-08-10T07:43:41.657142+00:00"}
{"asctime": "2025-08-10 09:43:41,657", "levelname": "INFO", "name": "AresGlobal", "message": "📊 SESSION SUMMARY", "correlation_id": "-", "session_id": "-", "timestamp": "2025-08-10T07:43:41.657226+00:00"}
{"asctime": "2025-08-10 09:43:41,657", "levelname": "INFO", "name": "AresGlobal", "message": "Session started: 2025-08-10 09:43:41", "correlation_id": "-", "session_id": "-", "timestamp": "2025-08-10T07:43:41.657297+00:00"}
{"asctime": "2025-08-10 09:43:41,657", "levelname": "INFO", "name": "AresGlobal", "message": "This file contains ALL logs for this session", "correlation_id": "-", "session_id": "-", "timestamp": "2025-08-10T07:43:41.657351+00:00"}
{"asctime": "2025-08-10 09:43:41,657", "levelname": "INFO", "name": "AresGlobal", "message": "================================================================================", "correlation_id": "-", "session_id": "-", "timestamp": "2025-08-10T07:43:41.657403+00:00"}
{"asctime": "2025-08-10 09:43:41,657", "levelname": "INFO", "name": "AresGlobal", "message": "Applied NumPy RNG unpickle compatibility shim (ModelManager)", "correlation_id": "-", "session_id": "-", "timestamp": "2025-08-10T07:43:41.657909+00:00"}
{"asctime": "2025-08-10 09:43:41,658", "levelname": "INFO", "name": "AresGlobal", "message": "[SYSTEM] ================================================================================", "correlation_id": "-", "session_id": "-", "timestamp": "2025-08-10T07:43:41.658041+00:00"}
{"asctime": "2025-08-10 09:43:41,658", "levelname": "INFO", "name": "AresGlobal", "message": "[SYSTEM] 🚀 ARES LAUNCHER STARTED - Mode: INITIALIZATION", "correlation_id": "-", "session_id": "-", "timestamp": "2025-08-10T07:43:41.658153+00:00"}
{"asctime": "2025-08-10 09:43:41,658", "levelname": "INFO", "name": "AresGlobal", "message": "[SYSTEM] Start time: 2025-08-10 09:43:41", "correlation_id": "-", "session_id": "-", "timestamp": "2025-08-10T07:43:41.658268+00:00"}
{"asctime": "2025-08-10 09:43:41,658", "levelname": "INFO", "name": "AresGlobal", "message": "[SYSTEM] Log directory: log", "correlation_id": "-", "session_id": "-", "timestamp": "2025-08-10T07:43:41.658373+00:00"}
{"asctime": "2025-08-10 09:43:41,658", "levelname": "INFO", "name": "AresGlobal", "message": "[SYSTEM] ================================================================================", "correlation_id": "-", "session_id": "-", "timestamp": "2025-08-10T07:43:41.658474+00:00"}
{"asctime": "2025-08-10 09:43:41,658", "levelname": "INFO", "name": "AresGlobal.AresLauncher", "message": "================================================================================", "correlation_id": "-", "session_id": "-", "timestamp": "2025-08-10T07:43:41.658526+00:00"}
{"asctime": "2025-08-10 09:43:41,658", "levelname": "INFO", "name": "AresGlobal.AresLauncher", "message": "🚀 ARES COMPREHENSIVE LAUNCHER", "correlation_id": "-", "session_id": "-", "timestamp": "2025-08-10T07:43:41.658578+00:00"}
{"asctime": "2025-08-10 09:43:41,658", "levelname": "INFO", "name": "AresGlobal.AresLauncher", "message": "================================================================================", "correlation_id": "-", "session_id": "-", "timestamp": "2025-08-10T07:43:41.658634+00:00"}
{"asctime": "2025-08-10 09:43:41,658", "levelname": "INFO", "name": "AresGlobal.AresLauncher", "message": "Start time: 2025-08-10 09:43:41", "correlation_id": "-", "session_id": "-", "timestamp": "2025-08-10T07:43:41.658690+00:00"}
{"asctime": "2025-08-10 09:43:41,658", "levelname": "INFO", "name": "AresGlobal.AresLauncher", "message": "Log directory: log", "correlation_id": "-", "session_id": "-", "timestamp": "2025-08-10T07:43:41.658740+00:00"}
{"asctime": "2025-08-10 09:43:41,658", "levelname": "INFO", "name": "AresGlobal.AresLauncher", "message": "Log level: INFO", "correlation_id": "-", "session_id": "-", "timestamp": "2025-08-10T07:43:41.658791+00:00"}
{"asctime": "2025-08-10 09:43:41,658", "levelname": "INFO", "name": "AresGlobal.AresLauncher", "message": "Global log file: ares_global_20250810_094341.log", "correlation_id": "-", "session_id": "-", "timestamp": "2025-08-10T07:43:41.658851+00:00"}
{"asctime": "2025-08-10 09:43:41,658", "levelname": "INFO", "name": "AresGlobal.AresLauncher", "message": "================================================================================", "correlation_id": "-", "session_id": "-", "timestamp": "2025-08-10T07:43:41.658901+00:00"}
{"asctime": "2025-08-10 09:43:41,659", "levelname": "INFO", "name": "AresGlobal", "message": "[SYSTEM] ================================================================================", "correlation_id": "572f74ed-eadf-44ed-837e-7461cc478099", "session_id": "ab38e4aa-9abd-429d-8e2e-cf2838189a94", "timestamp": "2025-08-10T07:43:41.659090+00:00"}
{"asctime": "2025-08-10 09:43:41,659", "levelname": "INFO", "name": "AresGlobal", "message": "[SYSTEM] 🚀 ARES LAUNCHER STARTED - Mode: blank - Symbol: ETHUSDT - Exchange: BINANCE", "correlation_id": "572f74ed-eadf-44ed-837e-7461cc478099", "session_id": "ab38e4aa-9abd-429d-8e2e-cf2838189a94", "timestamp": "2025-08-10T07:43:41.659200+00:00"}
{"asctime": "2025-08-10 09:43:41,659", "levelname": "INFO", "name": "AresGlobal", "message": "[SYSTEM] Start time: 2025-08-10 09:43:41", "correlation_id": "572f74ed-eadf-44ed-837e-7461cc478099", "session_id": "ab38e4aa-9abd-429d-8e2e-cf2838189a94", "timestamp": "2025-08-10T07:43:41.659312+00:00"}
{"asctime": "2025-08-10 09:43:41,659", "levelname": "INFO", "name": "AresGlobal", "message": "[SYSTEM] Log directory: log", "correlation_id": "572f74ed-eadf-44ed-837e-7461cc478099", "session_id": "ab38e4aa-9abd-429d-8e2e-cf2838189a94", "timestamp": "2025-08-10T07:43:41.659414+00:00"}
{"asctime": "2025-08-10 09:43:41,659", "levelname": "INFO", "name": "AresGlobal", "message": "[SYSTEM] ================================================================================", "correlation_id": "572f74ed-eadf-44ed-837e-7461cc478099", "session_id": "ab38e4aa-9abd-429d-8e2e-cf2838189a94", "timestamp": "2025-08-10T07:43:41.659515+00:00"}
{"asctime": "2025-08-10 09:43:41,659", "levelname": "INFO", "name": "AresGlobal.AresLauncher", "message": "🚀 Running enhanced 16-step training pipeline for ETHUSDT on BINANCE", "correlation_id": "572f74ed-eadf-44ed-837e-7461cc478099", "session_id": "ab38e4aa-9abd-429d-8e2e-cf2838189a94", "timestamp": "2025-08-10T07:43:41.659589+00:00"}
{"asctime": "2025-08-10 09:43:41,659", "levelname": "INFO", "name": "AresGlobal.AresLauncher", "message": "Starting from step: step2_market_regime_classification", "correlation_id": "572f74ed-eadf-44ed-837e-7461cc478099", "session_id": "ab38e4aa-9abd-429d-8e2e-cf2838189a94", "timestamp": "2025-08-10T07:43:41.659647+00:00"}
{"asctime": "2025-08-10 09:43:41,659", "levelname": "INFO", "name": "AresGlobal.AresLauncher", "message": "🧪 BLANK TRAINING MODE: Set BLANK_TRAINING_MODE=1 for step-based training", "correlation_id": "572f74ed-eadf-44ed-837e-7461cc478099", "session_id": "ab38e4aa-9abd-429d-8e2e-cf2838189a94", "timestamp": "2025-08-10T07:43:41.659704+00:00"}
{"asctime": "2025-08-10 09:43:41,660", "levelname": "INFO", "name": "AresGlobal.AresLauncher", "message": "📁 Using pre-consolidated data for step2", "correlation_id": "572f74ed-eadf-44ed-837e-7461cc478099", "session_id": "ab38e4aa-9abd-429d-8e2e-cf2838189a94", "timestamp": "2025-08-10T07:43:41.660863+00:00"}
{"asctime": "2025-08-10 09:43:41,660", "levelname": "INFO", "name": "AresGlobal.AresLauncher", "message": "✅ Found consolidated data: data_cache/aggtrades_BINANCE_ETHUSDT_consolidated.parquet", "correlation_id": "572f74ed-eadf-44ed-837e-7461cc478099", "session_id": "ab38e4aa-9abd-429d-8e2e-cf2838189a94", "timestamp": "2025-08-10T07:43:41.660943+00:00"}
{"asctime": "2025-08-10 09:43:42,400", "levelname": "INFO", "name": "AresGlobal.AresLauncher", "message": "📊 Consolidated trade rows: 17744326", "correlation_id": "572f74ed-eadf-44ed-837e-7461cc478099", "session_id": "ab38e4aa-9abd-429d-8e2e-cf2838189a94", "timestamp": "2025-08-10T07:43:42.400097+00:00"}
{"asctime": "2025-08-10 09:43:42,401", "levelname": "INFO", "name": "AresGlobal.ProgressManager", "message": "Initialized ProgressManager for ETHUSDT on BINANCE", "correlation_id": "572f74ed-eadf-44ed-837e-7461cc478099", "session_id": "ab38e4aa-9abd-429d-8e2e-cf2838189a94", "timestamp": "2025-08-10T07:43:42.401824+00:00"}
{"asctime": "2025-08-10 09:43:42,401", "levelname": "INFO", "name": "AresGlobal.ProgressManager", "message": "Progress directory: data/training/progress/BINANCE_ETHUSDT", "correlation_id": "572f74ed-eadf-44ed-837e-7461cc478099", "session_id": "ab38e4aa-9abd-429d-8e2e-cf2838189a94", "timestamp": "2025-08-10T07:43:42.401909+00:00"}
{"asctime": "2025-08-10 09:43:42,402", "levelname": "INFO", "name": "AresGlobal.StepOrchestrator", "message": "Initialized StepOrchestrator for ETHUSDT on BINANCE", "correlation_id": "572f74ed-eadf-44ed-837e-7461cc478099", "session_id": "ab38e4aa-9abd-429d-8e2e-cf2838189a94", "timestamp": "2025-08-10T07:43:42.402045+00:00"}
{"asctime": "2025-08-10 09:43:42,402", "levelname": "INFO", "name": "AresGlobal.StepOrchestrator", "message": "🚀 Starting execution from step: step2_market_regime_classification", "correlation_id": "572f74ed-eadf-44ed-837e-7461cc478099", "session_id": "ab38e4aa-9abd-429d-8e2e-cf2838189a94", "timestamp": "2025-08-10T07:43:42.402278+00:00"}
{"asctime": "2025-08-10 09:43:44,121", "levelname": "INFO", "name": "AresGlobal.EnhancedTrainingManagerOptimized", "message": "Loaded optimization configuration", "correlation_id": "572f74ed-eadf-44ed-837e-7461cc478099", "session_id": "ab38e4aa-9abd-429d-8e2e-cf2838189a94", "timestamp": "2025-08-10T07:43:44.121950+00:00"}
{"asctime": "2025-08-10 09:43:44,124", "levelname": "INFO", "name": "AresGlobal.StepOrchestrator", "message": "✅ Enhanced training manager setup successfully", "correlation_id": "572f74ed-eadf-44ed-837e-7461cc478099", "session_id": "ab38e4aa-9abd-429d-8e2e-cf2838189a94", "timestamp": "2025-08-10T07:43:44.124772+00:00"}
{"asctime": "2025-08-10 09:43:44,125", "levelname": "INFO", "name": "AresGlobal.EnhancedTrainingManagerOptimized", "message": "🚀 Initializing Enhanced Training Manager with Optimizations...", "correlation_id": "572f74ed-eadf-44ed-837e-7461cc478099", "session_id": "ab38e4aa-9abd-429d-8e2e-cf2838189a94", "timestamp": "2025-08-10T07:43:44.125514+00:00"}
{"asctime": "2025-08-10 09:43:44,134", "levelname": "INFO", "name": "AresGlobal.EnhancedTrainingManagerOptimized", "message": "✅ Parallel backtester initialized with 8 workers", "correlation_id": "572f74ed-eadf-44ed-837e-7461cc478099", "session_id": "ab38e4aa-9abd-429d-8e2e-cf2838189a94", "timestamp": "2025-08-10T07:43:44.134786+00:00"}
{"asctime": "2025-08-10 09:43:44,135", "levelname": "INFO", "name": "AresGlobal.EnhancedTrainingManagerOptimized", "message": "✅ All optimization components initialized successfully", "correlation_id": "572f74ed-eadf-44ed-837e-7461cc478099", "session_id": "ab38e4aa-9abd-429d-8e2e-cf2838189a94", "timestamp": "2025-08-10T07:43:44.135342+00:00"}
