{"asctime": "2025-08-11 10:27:55,322", "levelname": "INFO", "name": "AresGlobal", "message": "================================================================================", "correlation_id": "-", "session_id": "-", "timestamp": "2025-08-11T08:27:55.322230+00:00"}
{"asctime": "2025-08-11 10:27:55,322", "levelname": "INFO", "name": "AresGlobal", "message": "ðŸ“Š SESSION SUMMARY", "correlation_id": "-", "session_id": "-", "timestamp": "2025-08-11T08:27:55.322355+00:00"}
{"asctime": "2025-08-11 10:27:55,322", "levelname": "INFO", "name": "AresGlobal", "message": "Session started: 2025-08-11 10:27:55", "correlation_id": "-", "session_id": "-", "timestamp": "2025-08-11T08:27:55.322469+00:00"}
{"asctime": "2025-08-11 10:27:55,322", "levelname": "INFO", "name": "AresGlobal", "message": "This file contains ALL logs for this session", "correlation_id": "-", "session_id": "-", "timestamp": "2025-08-11T08:27:55.322553+00:00"}
{"asctime": "2025-08-11 10:27:55,322", "levelname": "INFO", "name": "AresGlobal", "message": "================================================================================", "correlation_id": "-", "session_id": "-", "timestamp": "2025-08-11T08:27:55.322638+00:00"}
{"asctime": "2025-08-11 10:27:55,322", "levelname": "INFO", "name": "AresGlobal", "message": "[SYSTEM] ================================================================================", "correlation_id": "-", "session_id": "-", "timestamp": "2025-08-11T08:27:55.322844+00:00"}
{"asctime": "2025-08-11 10:27:55,323", "levelname": "INFO", "name": "AresGlobal", "message": "[SYSTEM] ðŸš€ ARES LAUNCHER STARTED - Mode: INITIALIZATION", "correlation_id": "-", "session_id": "-", "timestamp": "2025-08-11T08:27:55.323013+00:00"}
{"asctime": "2025-08-11 10:27:55,323", "levelname": "INFO", "name": "AresGlobal", "message": "[SYSTEM] Start time: 2025-08-11 10:27:55", "correlation_id": "-", "session_id": "-", "timestamp": "2025-08-11T08:27:55.323196+00:00"}
{"asctime": "2025-08-11 10:27:55,323", "levelname": "INFO", "name": "AresGlobal", "message": "[SYSTEM] Log directory: log", "correlation_id": "-", "session_id": "-", "timestamp": "2025-08-11T08:27:55.323503+00:00"}
{"asctime": "2025-08-11 10:27:55,323", "levelname": "INFO", "name": "AresGlobal", "message": "[SYSTEM] ================================================================================", "correlation_id": "-", "session_id": "-", "timestamp": "2025-08-11T08:27:55.323685+00:00"}
{"asctime": "2025-08-11 10:27:55,323", "levelname": "INFO", "name": "AresGlobal.AresLauncher", "message": "================================================================================", "correlation_id": "-", "session_id": "-", "timestamp": "2025-08-11T08:27:55.323774+00:00"}
{"asctime": "2025-08-11 10:27:55,323", "levelname": "INFO", "name": "AresGlobal.AresLauncher", "message": "ðŸš€ ARES COMPREHENSIVE LAUNCHER", "correlation_id": "-", "session_id": "-", "timestamp": "2025-08-11T08:27:55.323862+00:00"}
{"asctime": "2025-08-11 10:27:55,323", "levelname": "INFO", "name": "AresGlobal.AresLauncher", "message": "================================================================================", "correlation_id": "-", "session_id": "-", "timestamp": "2025-08-11T08:27:55.323955+00:00"}
{"asctime": "2025-08-11 10:27:55,324", "levelname": "INFO", "name": "AresGlobal.AresLauncher", "message": "Start time: 2025-08-11 10:27:55", "correlation_id": "-", "session_id": "-", "timestamp": "2025-08-11T08:27:55.324055+00:00"}
{"asctime": "2025-08-11 10:27:55,324", "levelname": "INFO", "name": "AresGlobal.AresLauncher", "message": "Log directory: log", "correlation_id": "-", "session_id": "-", "timestamp": "2025-08-11T08:27:55.324135+00:00"}
{"asctime": "2025-08-11 10:27:55,324", "levelname": "INFO", "name": "AresGlobal.AresLauncher", "message": "Log level: INFO", "correlation_id": "-", "session_id": "-", "timestamp": "2025-08-11T08:27:55.324213+00:00"}
{"asctime": "2025-08-11 10:27:55,324", "levelname": "INFO", "name": "AresGlobal.AresLauncher", "message": "Global log file: ares_global_20250811_102755.log", "correlation_id": "-", "session_id": "-", "timestamp": "2025-08-11T08:27:55.324299+00:00"}
{"asctime": "2025-08-11 10:27:55,324", "levelname": "INFO", "name": "AresGlobal.AresLauncher", "message": "================================================================================", "correlation_id": "-", "session_id": "-", "timestamp": "2025-08-11T08:27:55.324393+00:00"}
{"asctime": "2025-08-11 10:27:55,324", "levelname": "INFO", "name": "AresGlobal", "message": "[SYSTEM] ================================================================================", "correlation_id": "-", "session_id": "-", "timestamp": "2025-08-11T08:27:55.324789+00:00"}
{"asctime": "2025-08-11 10:27:55,325", "levelname": "INFO", "name": "AresGlobal", "message": "[SYSTEM] ðŸš€ ARES LAUNCHER STARTED - Mode: blank - Symbol: ETHUSDT - Exchange: BINANCE", "correlation_id": "-", "session_id": "-", "timestamp": "2025-08-11T08:27:55.325283+00:00"}
{"asctime": "2025-08-11 10:27:55,325", "levelname": "INFO", "name": "AresGlobal", "message": "[SYSTEM] Start time: 2025-08-11 10:27:55", "correlation_id": "-", "session_id": "-", "timestamp": "2025-08-11T08:27:55.325792+00:00"}
{"asctime": "2025-08-11 10:27:55,326", "levelname": "INFO", "name": "AresGlobal", "message": "[SYSTEM] Log directory: log", "correlation_id": "-", "session_id": "-", "timestamp": "2025-08-11T08:27:55.326311+00:00"}
{"asctime": "2025-08-11 10:27:55,326", "levelname": "INFO", "name": "AresGlobal", "message": "[SYSTEM] ================================================================================", "correlation_id": "-", "session_id": "-", "timestamp": "2025-08-11T08:27:55.326590+00:00"}
{"asctime": "2025-08-11 10:27:55,326", "levelname": "INFO", "name": "AresGlobal.AresLauncher", "message": "ðŸš€ Running enhanced 16-step training pipeline for ETHUSDT on BINANCE", "correlation_id": "-", "session_id": "-", "timestamp": "2025-08-11T08:27:55.326733+00:00"}
{"asctime": "2025-08-11 10:27:55,326", "levelname": "INFO", "name": "AresGlobal.AresLauncher", "message": "Starting from step: step4_analyst_labeling_feature_engineering", "correlation_id": "-", "session_id": "-", "timestamp": "2025-08-11T08:27:55.326835+00:00"}
{"asctime": "2025-08-11 10:27:55,326", "levelname": "INFO", "name": "AresGlobal.AresLauncher", "message": "ðŸ§ª BLANK TRAINING MODE: Set BLANK_TRAINING_MODE=1 for step-based training", "correlation_id": "-", "session_id": "-", "timestamp": "2025-08-11T08:27:55.326942+00:00"}
{"asctime": "2025-08-11 10:27:55,328", "levelname": "INFO", "name": "AresGlobal.ProgressManager", "message": "Initialized ProgressManager for ETHUSDT on BINANCE", "correlation_id": "-", "session_id": "-", "timestamp": "2025-08-11T08:27:55.328764+00:00"}
{"asctime": "2025-08-11 10:27:55,328", "levelname": "INFO", "name": "AresGlobal.ProgressManager", "message": "Progress directory: data/training/progress/BINANCE_ETHUSDT", "correlation_id": "-", "session_id": "-", "timestamp": "2025-08-11T08:27:55.328907+00:00"}
{"asctime": "2025-08-11 10:27:55,328", "levelname": "INFO", "name": "AresGlobal.StepOrchestrator", "message": "Initialized StepOrchestrator for ETHUSDT on BINANCE", "correlation_id": "-", "session_id": "-", "timestamp": "2025-08-11T08:27:55.328994+00:00"}
{"asctime": "2025-08-11 10:27:55,329", "levelname": "INFO", "name": "AresGlobal.StepOrchestrator", "message": "ðŸš€ Starting execution from step: step4_analyst_labeling_feature_engineering", "correlation_id": "-", "session_id": "-", "timestamp": "2025-08-11T08:27:55.329238+00:00"}
{"asctime": "2025-08-11 10:27:59,344", "levelname": "INFO", "name": "AresGlobal.EnhancedTrainingManager", "message": "Loaded optimization configuration", "correlation_id": "-", "session_id": "-", "timestamp": "2025-08-11T08:27:59.344359+00:00"}
{"asctime": "2025-08-11 10:27:59,345", "levelname": "INFO", "name": "AresGlobal.EnhancedTrainingManagerOptimized", "message": "Loaded optimization configuration", "correlation_id": "-", "session_id": "-", "timestamp": "2025-08-11T08:27:59.345247+00:00"}
{"asctime": "2025-08-11 10:27:59,345", "levelname": "INFO", "name": "AresGlobal.EnhancedTrainingManager", "message": "ðŸš€ Initializing Enhanced Training Manager...", "correlation_id": "-", "session_id": "-", "timestamp": "2025-08-11T08:27:59.345453+00:00"}
{"asctime": "2025-08-11 10:27:59,345", "levelname": "INFO", "name": "AresGlobal.EnhancedTrainingManager", "message": "ðŸ“Š Blank training mode: False", "correlation_id": "-", "session_id": "-", "timestamp": "2025-08-11T08:27:59.345597+00:00"}
{"asctime": "2025-08-11 10:27:59,345", "levelname": "INFO", "name": "AresGlobal.EnhancedTrainingManager", "message": "ðŸ”§ Max trials: 200", "correlation_id": "-", "session_id": "-", "timestamp": "2025-08-11T08:27:59.345705+00:00"}
{"asctime": "2025-08-11 10:27:59,345", "levelname": "INFO", "name": "AresGlobal.EnhancedTrainingManager", "message": "ðŸ”§ N trials: 100", "correlation_id": "-", "session_id": "-", "timestamp": "2025-08-11T08:27:59.345989+00:00"}
{"asctime": "2025-08-11 10:27:59,346", "levelname": "INFO", "name": "AresGlobal.EnhancedTrainingManager", "message": "ðŸ“ˆ Lookback days: 30", "correlation_id": "-", "session_id": "-", "timestamp": "2025-08-11T08:27:59.346114+00:00"}
{"asctime": "2025-08-11 10:27:59,346", "levelname": "INFO", "name": "AresGlobal.EnhancedTrainingManager", "message": "ðŸš€ Computational optimization: True", "correlation_id": "-", "session_id": "-", "timestamp": "2025-08-11T08:27:59.346205+00:00"}
{"asctime": "2025-08-11 10:27:59,346", "levelname": "INFO", "name": "AresGlobal.EnhancedTrainingManager", "message": "ðŸ“Š Resource Analysis:", "correlation_id": "-", "session_id": "-", "timestamp": "2025-08-11T08:27:59.346370+00:00"}
{"asctime": "2025-08-11 10:27:59,346", "levelname": "INFO", "name": "AresGlobal.EnhancedTrainingManager", "message": "   ðŸ’¾ System Memory: 16.0 GB", "correlation_id": "-", "session_id": "-", "timestamp": "2025-08-11T08:27:59.346470+00:00"}
{"asctime": "2025-08-11 10:27:59,346", "levelname": "INFO", "name": "AresGlobal.EnhancedTrainingManager", "message": "   ðŸ–¥ï¸ CPU Cores: 8", "correlation_id": "-", "session_id": "-", "timestamp": "2025-08-11T08:27:59.346563+00:00"}
{"asctime": "2025-08-11 10:27:59,346", "levelname": "INFO", "name": "AresGlobal.EnhancedTrainingManager", "message": "   ðŸ“ˆ Estimated Memory Usage: 8.0 GB", "correlation_id": "-", "session_id": "-", "timestamp": "2025-08-11T08:27:59.346768+00:00"}
{"asctime": "2025-08-11 10:27:59,346", "levelname": "INFO", "name": "AresGlobal.EnhancedTrainingManager", "message": "   â±ï¸ Estimated Time: 720 minutes (12.0 hours)", "correlation_id": "-", "session_id": "-", "timestamp": "2025-08-11T08:27:59.346912+00:00"}
{"asctime": "2025-08-11 10:27:59,347", "levelname": "INFO", "name": "AresGlobal.EnhancedTrainingManager", "message": "   ðŸ¤– Models to Train: 12", "correlation_id": "-", "session_id": "-", "timestamp": "2025-08-11T08:27:59.347026+00:00"}
{"asctime": "2025-08-11 10:27:59,347", "levelname": "INFO", "name": "AresGlobal.EnhancedTrainingManager", "message": "   ðŸ”§ Optimization Trials: 200", "correlation_id": "-", "session_id": "-", "timestamp": "2025-08-11T08:27:59.347124+00:00"}
{"asctime": "2025-08-11 10:27:59,347", "levelname": "INFO", "name": "AresGlobal.EnhancedTrainingManager", "message": "ðŸ“‹ Step-by-Step Time Estimates:", "correlation_id": "-", "session_id": "-", "timestamp": "2025-08-11T08:27:59.347214+00:00"}
{"asctime": "2025-08-11 10:27:59,347", "levelname": "INFO", "name": "AresGlobal.EnhancedTrainingManager", "message": "   step1_data_collection: 15 min (2.3%)", "correlation_id": "-", "session_id": "-", "timestamp": "2025-08-11T08:27:59.347309+00:00"}
{"asctime": "2025-08-11 10:27:59,347", "levelname": "INFO", "name": "AresGlobal.EnhancedTrainingManager", "message": "   step2_market_regime_classification: 8 min (1.2%)", "correlation_id": "-", "session_id": "-", "timestamp": "2025-08-11T08:27:59.347400+00:00"}
{"asctime": "2025-08-11 10:27:59,347", "levelname": "INFO", "name": "AresGlobal.EnhancedTrainingManager", "message": "   step3_regime_data_splitting: 5 min (0.8%)", "correlation_id": "-", "session_id": "-", "timestamp": "2025-08-11T08:27:59.347487+00:00"}
{"asctime": "2025-08-11 10:27:59,347", "levelname": "INFO", "name": "AresGlobal.EnhancedTrainingManager", "message": "   step4_analyst_labeling_feature_engineering: 60 min (9.0%)", "correlation_id": "-", "session_id": "-", "timestamp": "2025-08-11T08:27:59.347569+00:00"}
{"asctime": "2025-08-11 10:27:59,347", "levelname": "INFO", "name": "AresGlobal.EnhancedTrainingManager", "message": "   step5_analyst_specialist_training: 30 min (4.5%)", "correlation_id": "-", "session_id": "-", "timestamp": "2025-08-11T08:27:59.347663+00:00"}
{"asctime": "2025-08-11 10:27:59,347", "levelname": "INFO", "name": "AresGlobal.EnhancedTrainingManager", "message": "   step6_analyst_enhancement: 25 min (3.8%)", "correlation_id": "-", "session_id": "-", "timestamp": "2025-08-11T08:27:59.347742+00:00"}
{"asctime": "2025-08-11 10:27:59,347", "levelname": "INFO", "name": "AresGlobal.EnhancedTrainingManager", "message": "   step7_analyst_ensemble_creation: 35 min (5.3%)", "correlation_id": "-", "session_id": "-", "timestamp": "2025-08-11T08:27:59.347819+00:00"}
{"asctime": "2025-08-11 10:27:59,347", "levelname": "INFO", "name": "AresGlobal.EnhancedTrainingManager", "message": "   step8_tactician_labeling: 15 min (2.3%)", "correlation_id": "-", "session_id": "-", "timestamp": "2025-08-11T08:27:59.347900+00:00"}
{"asctime": "2025-08-11 10:27:59,347", "levelname": "INFO", "name": "AresGlobal.EnhancedTrainingManager", "message": "   step9_tactician_specialist_training: 30 min (4.5%)", "correlation_id": "-", "session_id": "-", "timestamp": "2025-08-11T08:27:59.347980+00:00"}
{"asctime": "2025-08-11 10:27:59,348", "levelname": "INFO", "name": "AresGlobal.EnhancedTrainingManager", "message": "   step10_tactician_ensemble_creation: 35 min (5.3%)", "correlation_id": "-", "session_id": "-", "timestamp": "2025-08-11T08:27:59.348064+00:00"}
{"asctime": "2025-08-11 10:27:59,348", "levelname": "INFO", "name": "AresGlobal.EnhancedTrainingManager", "message": "   step11_confidence_calibration: 10 min (1.5%)", "correlation_id": "-", "session_id": "-", "timestamp": "2025-08-11T08:27:59.348143+00:00"}
{"asctime": "2025-08-11 10:27:59,348", "levelname": "INFO", "name": "AresGlobal.EnhancedTrainingManager", "message": "   step12_final_parameters_optimization: 240 min (36.2%)", "correlation_id": "-", "session_id": "-", "timestamp": "2025-08-11T08:27:59.348220+00:00"}
{"asctime": "2025-08-11 10:27:59,348", "levelname": "INFO", "name": "AresGlobal.EnhancedTrainingManager", "message": "   step13_walk_forward_validation: 60 min (9.0%)", "correlation_id": "-", "session_id": "-", "timestamp": "2025-08-11T08:27:59.348298+00:00"}
{"asctime": "2025-08-11 10:27:59,348", "levelname": "INFO", "name": "AresGlobal.EnhancedTrainingManager", "message": "   step14_monte_carlo_validation: 60 min (9.0%)", "correlation_id": "-", "session_id": "-", "timestamp": "2025-08-11T08:27:59.348378+00:00"}
{"asctime": "2025-08-11 10:27:59,348", "levelname": "INFO", "name": "AresGlobal.EnhancedTrainingManager", "message": "   step15_ab_testing: 30 min (4.5%)", "correlation_id": "-", "session_id": "-", "timestamp": "2025-08-11T08:27:59.348460+00:00"}
{"asctime": "2025-08-11 10:27:59,348", "levelname": "INFO", "name": "AresGlobal.EnhancedTrainingManager", "message": "   step16_saving: 5 min (0.8%)", "correlation_id": "-", "session_id": "-", "timestamp": "2025-08-11T08:27:59.348538+00:00"}
{"asctime": "2025-08-11 10:27:59,348", "levelname": "INFO", "name": "AresGlobal.EnhancedTrainingManager", "message": "ðŸ’¡ Recommendations:", "correlation_id": "-", "session_id": "-", "timestamp": "2025-08-11T08:27:59.348615+00:00"}
{"asctime": "2025-08-11 10:27:59,348", "levelname": "INFO", "name": "AresGlobal.EnhancedTrainingManager", "message": "   âœ… Full training mode should work well on your system", "correlation_id": "-", "session_id": "-", "timestamp": "2025-08-11T08:27:59.348705+00:00"}
{"asctime": "2025-08-11 10:27:59,348", "levelname": "INFO", "name": "AresGlobal.EnhancedTrainingManager", "message": "ðŸš€ Initializing computational optimization components...", "correlation_id": "-", "session_id": "-", "timestamp": "2025-08-11T08:27:59.348795+00:00"}
{"asctime": "2025-08-11 10:27:59,350", "levelname": "INFO", "name": "AresGlobal.ComputationalOptimizationManager", "message": "Computational Optimization Manager initialized", "correlation_id": "-", "session_id": "-", "timestamp": "2025-08-11T08:27:59.350506+00:00"}
{"asctime": "2025-08-11 10:27:59,350", "levelname": "INFO", "name": "AresGlobal.EnhancedTrainingManager", "message": "âœ… Computational optimization components initialized successfully", "correlation_id": "-", "session_id": "-", "timestamp": "2025-08-11T08:27:59.350972+00:00"}
{"asctime": "2025-08-11 10:27:59,351", "levelname": "INFO", "name": "AresGlobal.EnhancedTrainingManager", "message": "âœ… Enhanced Training Manager initialized successfully", "correlation_id": "-", "session_id": "-", "timestamp": "2025-08-11T08:27:59.351337+00:00"}
{"asctime": "2025-08-11 10:27:59,351", "levelname": "INFO", "name": "AresGlobal.StepOrchestrator", "message": "âœ… Enhanced training manager setup successfully", "correlation_id": "-", "session_id": "-", "timestamp": "2025-08-11T08:27:59.351450+00:00"}
{"asctime": "2025-08-11 10:27:59,351", "levelname": "INFO", "name": "AresGlobal.EnhancedTrainingManager", "message": "================================================================================", "correlation_id": "-", "session_id": "-", "timestamp": "2025-08-11T08:27:59.351551+00:00"}
{"asctime": "2025-08-11 10:27:59,351", "levelname": "INFO", "name": "AresGlobal.EnhancedTrainingManager", "message": "ðŸš€ COMPREHENSIVE 16-STEP ENHANCED TRAINING PIPELINE START", "correlation_id": "-", "session_id": "-", "timestamp": "2025-08-11T08:27:59.351636+00:00"}
{"asctime": "2025-08-11 10:27:59,351", "levelname": "INFO", "name": "AresGlobal.EnhancedTrainingManager", "message": "================================================================================", "correlation_id": "-", "session_id": "-", "timestamp": "2025-08-11T08:27:59.351724+00:00"}
{"asctime": "2025-08-11 10:27:59,351", "levelname": "INFO", "name": "AresGlobal.EnhancedTrainingManager", "message": "ðŸ“… Started at: 2025-08-11 10:27:59", "correlation_id": "-", "session_id": "-", "timestamp": "2025-08-11T08:27:59.351825+00:00"}
{"asctime": "2025-08-11 10:27:59,351", "levelname": "INFO", "name": "AresGlobal.EnhancedTrainingManager", "message": "ðŸŽ¯ Symbol: ETHUSDT", "correlation_id": "-", "session_id": "-", "timestamp": "2025-08-11T08:27:59.351917+00:00"}
{"asctime": "2025-08-11 10:27:59,352", "levelname": "INFO", "name": "AresGlobal.EnhancedTrainingManager", "message": "ðŸ¢ Exchange: BINANCE", "correlation_id": "-", "session_id": "-", "timestamp": "2025-08-11T08:27:59.352007+00:00"}
{"asctime": "2025-08-11 10:27:59,352", "levelname": "INFO", "name": "AresGlobal.EnhancedTrainingManager", "message": "ðŸ“Š Training Mode: N/A", "correlation_id": "-", "session_id": "-", "timestamp": "2025-08-11T08:27:59.352161+00:00"}
{"asctime": "2025-08-11 10:27:59,352", "levelname": "INFO", "name": "AresGlobal.EnhancedTrainingManager", "message": "ðŸ“ˆ Lookback Days: 30", "correlation_id": "-", "session_id": "-", "timestamp": "2025-08-11T08:27:59.352259+00:00"}
{"asctime": "2025-08-11 10:27:59,352", "levelname": "INFO", "name": "AresGlobal.EnhancedTrainingManager", "message": "ðŸ”§ Blank Training Mode: False", "correlation_id": "-", "session_id": "-", "timestamp": "2025-08-11T08:27:59.352361+00:00"}
{"asctime": "2025-08-11 10:27:59,352", "levelname": "INFO", "name": "AresGlobal.EnhancedTrainingManager", "message": "ðŸ”§ Max Trials: 200", "correlation_id": "-", "session_id": "-", "timestamp": "2025-08-11T08:27:59.352448+00:00"}
{"asctime": "2025-08-11 10:27:59,352", "levelname": "INFO", "name": "AresGlobal.EnhancedTrainingManager", "message": "ðŸ”§ N Trials: 100", "correlation_id": "-", "session_id": "-", "timestamp": "2025-08-11T08:27:59.352552+00:00"}
{"asctime": "2025-08-11 10:27:59,352", "levelname": "INFO", "name": "AresGlobal.EnhancedTrainingManager", "message": "ðŸš€ Initializing optimized tools...", "correlation_id": "-", "session_id": "-", "timestamp": "2025-08-11T08:27:59.352646+00:00"}
{"asctime": "2025-08-11 10:27:59,352", "levelname": "INFO", "name": "AresGlobal.EnhancedTrainingManagerOptimized", "message": "ðŸš€ Initializing Enhanced Training Manager with Optimizations...", "correlation_id": "-", "session_id": "-", "timestamp": "2025-08-11T08:27:59.352752+00:00"}
{"asctime": "2025-08-11 10:27:59,363", "levelname": "INFO", "name": "AresGlobal.EnhancedTrainingManagerOptimized", "message": "âœ… Parallel backtester initialized with 8 workers", "correlation_id": "-", "session_id": "-", "timestamp": "2025-08-11T08:27:59.363157+00:00"}
{"asctime": "2025-08-11 10:27:59,363", "levelname": "INFO", "name": "AresGlobal.EnhancedTrainingManagerOptimized", "message": "âœ… All optimization components initialized successfully", "correlation_id": "-", "session_id": "-", "timestamp": "2025-08-11T08:27:59.363709+00:00"}
{"asctime": "2025-08-11 10:27:59,363", "levelname": "INFO", "name": "AresGlobal.EnhancedTrainingManager", "message": "   âœ… Optimized training manager initialized", "correlation_id": "-", "session_id": "-", "timestamp": "2025-08-11T08:27:59.363855+00:00"}
{"asctime": "2025-08-11 10:27:59,363", "levelname": "INFO", "name": "AresGlobal.EnhancedTrainingManager", "message": "   âœ… Streaming processor initialized", "correlation_id": "-", "session_id": "-", "timestamp": "2025-08-11T08:27:59.363972+00:00"}
{"asctime": "2025-08-11 10:27:59,364", "levelname": "INFO", "name": "AresGlobal.EnhancedTrainingManager", "message": "   âœ… Parallel backtester initialized with 8 workers", "correlation_id": "-", "session_id": "-", "timestamp": "2025-08-11T08:27:59.364312+00:00"}
{"asctime": "2025-08-11 10:27:59,364", "levelname": "INFO", "name": "AresGlobal.EnhancedTrainingManager", "message": "   âœ… Adaptive sampler initialized", "correlation_id": "-", "session_id": "-", "timestamp": "2025-08-11T08:27:59.364445+00:00"}
{"asctime": "2025-08-11 10:27:59,364", "levelname": "INFO", "name": "AresGlobal.EnhancedTrainingManager", "message": "   âœ… Incremental trainer initialized", "correlation_id": "-", "session_id": "-", "timestamp": "2025-08-11T08:27:59.364780+00:00"}
{"asctime": "2025-08-11 10:27:59,365", "levelname": "INFO", "name": "AresGlobal.EnhancedTrainingManager", "message": "âœ… All optimized tools initialized successfully", "correlation_id": "-", "session_id": "-", "timestamp": "2025-08-11T08:27:59.365218+00:00"}
{"asctime": "2025-08-11 10:27:59,366", "levelname": "INFO", "name": "AresGlobal.EnhancedTrainingManager", "message": "ðŸ“‚ Checkpoint loaded: step4_analyst_labeling_feature_engineering from checkpoints/BINANCE/ETHUSDT/1m/training_progress.json", "correlation_id": "-", "session_id": "-", "timestamp": "2025-08-11T08:27:59.366322+00:00"}
{"asctime": "2025-08-11 10:27:59,366", "levelname": "INFO", "name": "AresGlobal.EnhancedTrainingManager", "message": "ðŸ”„ Resuming from checkpoint...", "correlation_id": "-", "session_id": "-", "timestamp": "2025-08-11T08:27:59.366517+00:00"}
{"asctime": "2025-08-11 10:27:59,366", "levelname": "INFO", "name": "AresGlobal.EnhancedTrainingManager", "message": "ðŸ“‚ Last completed step: step4_analyst_labeling_feature_engineering", "correlation_id": "-", "session_id": "-", "timestamp": "2025-08-11T08:27:59.366641+00:00"}
{"asctime": "2025-08-11 10:27:59,366", "levelname": "INFO", "name": "AresGlobal.EnhancedTrainingManager", "message": "====================================================================================================", "correlation_id": "-", "session_id": "-", "timestamp": "2025-08-11T08:27:59.366731+00:00"}
{"asctime": "2025-08-11 10:27:59,366", "levelname": "INFO", "name": "AresGlobal.EnhancedTrainingManager", "message": "ðŸš€ COMPREHENSIVE TRAINING PIPELINE START", "correlation_id": "-", "session_id": "-", "timestamp": "2025-08-11T08:27:59.366874+00:00"}
{"asctime": "2025-08-11 10:27:59,366", "levelname": "INFO", "name": "AresGlobal.EnhancedTrainingManager", "message": "====================================================================================================", "correlation_id": "-", "session_id": "-", "timestamp": "2025-08-11T08:27:59.366958+00:00"}
{"asctime": "2025-08-11 10:27:59,367", "levelname": "INFO", "name": "AresGlobal.EnhancedTrainingManager", "message": "ðŸ“… Started at: 2025-08-11 10:27:59", "correlation_id": "-", "session_id": "-", "timestamp": "2025-08-11T08:27:59.367055+00:00"}
{"asctime": "2025-08-11 10:27:59,367", "levelname": "INFO", "name": "AresGlobal.EnhancedTrainingManager", "message": "ðŸŽ¯ Symbol: ETHUSDT", "correlation_id": "-", "session_id": "-", "timestamp": "2025-08-11T08:27:59.367155+00:00"}
{"asctime": "2025-08-11 10:27:59,367", "levelname": "INFO", "name": "AresGlobal.EnhancedTrainingManager", "message": "ðŸ¢ Exchange: BINANCE", "correlation_id": "-", "session_id": "-", "timestamp": "2025-08-11T08:27:59.367240+00:00"}
{"asctime": "2025-08-11 10:27:59,367", "levelname": "INFO", "name": "AresGlobal.EnhancedTrainingManager", "message": "ðŸ“Š Timeframe: 1m", "correlation_id": "-", "session_id": "-", "timestamp": "2025-08-11T08:27:59.367319+00:00"}
{"asctime": "2025-08-11 10:27:59,367", "levelname": "INFO", "name": "AresGlobal.EnhancedTrainingManager", "message": "ðŸ§  Training Mode: Full", "correlation_id": "-", "session_id": "-", "timestamp": "2025-08-11T08:27:59.367399+00:00"}
{"asctime": "2025-08-11 10:27:59,367", "levelname": "INFO", "name": "AresGlobal.EnhancedTrainingManager", "message": "ðŸ”§ Max Trials: 200", "correlation_id": "-", "session_id": "-", "timestamp": "2025-08-11T08:27:59.367479+00:00"}
{"asctime": "2025-08-11 10:27:59,367", "levelname": "INFO", "name": "AresGlobal.EnhancedTrainingManager", "message": "ðŸ“ˆ Lookback Days: 30", "correlation_id": "-", "session_id": "-", "timestamp": "2025-08-11T08:27:59.367566+00:00"}
{"asctime": "2025-08-11 10:27:59,367", "levelname": "INFO", "name": "AresGlobal.EnhancedTrainingManager", "message": "ðŸ’¾ Memory Optimization: Enabled", "correlation_id": "-", "session_id": "-", "timestamp": "2025-08-11T08:27:59.367644+00:00"}
{"asctime": "2025-08-11 10:27:59,367", "levelname": "INFO", "name": "AresGlobal.EnhancedTrainingManager", "message": "ðŸš€ Starting from step: step4_analyst_labeling_feature_engineering", "correlation_id": "-", "session_id": "-", "timestamp": "2025-08-11T08:27:59.367726+00:00"}
{"asctime": "2025-08-11 10:27:59,367", "levelname": "INFO", "name": "AresGlobal.EnhancedTrainingManager", "message": "====================================================================================================", "correlation_id": "-", "session_id": "-", "timestamp": "2025-08-11T08:27:59.367863+00:00"}
{"asctime": "2025-08-11 10:27:59,367", "levelname": "INFO", "name": "AresGlobal.EnhancedTrainingManager", "message": "â­ï¸  Skipping Step 1: Data Collection (using pre-consolidated data)", "correlation_id": "-", "session_id": "-", "timestamp": "2025-08-11T08:27:59.367964+00:00"}
{"asctime": "2025-08-11 10:27:59,368", "levelname": "INFO", "name": "AresGlobal.EnhancedTrainingManager", "message": "ðŸŽ­ STEP 2: Market Regime Classification...", "correlation_id": "-", "session_id": "-", "timestamp": "2025-08-11T08:27:59.368056+00:00"}
{"asctime": "2025-08-11 10:27:59,368", "levelname": "INFO", "name": "AresGlobal.EnhancedTrainingManager", "message": "   ðŸ§  Analyzing market regimes and volatility patterns...", "correlation_id": "-", "session_id": "-", "timestamp": "2025-08-11T08:27:59.368188+00:00"}
{"asctime": "2025-08-11 10:28:05,050", "levelname": "INFO", "name": "AresGlobal.EnhancedTrainingManager", "message": "ðŸ” Running validator for step2_market_regime_classification", "correlation_id": "-", "session_id": "-", "timestamp": "2025-08-11T08:28:05.050091+00:00"}
{"asctime": "2025-08-11 10:28:05,050", "levelname": "INFO", "name": "AresGlobal.ValidatorOrchestrator", "message": "ðŸ” Running validator for step2_market_regime_classification", "correlation_id": "-", "session_id": "-", "timestamp": "2025-08-11T08:28:05.050309+00:00"}
{"asctime": "2025-08-11 10:28:05,051", "levelname": "INFO", "name": "AresGlobal.Step2MarketRegimeClassificationValidator", "message": "ðŸ” Validating market regime classification step...", "correlation_id": "-", "session_id": "-", "timestamp": "2025-08-11T08:28:05.051618+00:00"}
{"asctime": "2025-08-11 10:28:05,052", "levelname": "INFO", "name": "AresGlobal.Step2MarketRegimeClassificationValidator", "message": "ðŸ”§ read_parquet start path=data/training/BINANCE_ETHUSDT_regime_classification.parquet columns=regime_columns", "correlation_id": "-", "session_id": "-", "timestamp": "2025-08-11T08:28:05.052212+00:00"}
{"asctime": "2025-08-11 10:28:05,068", "levelname": "INFO", "name": "AresGlobal.Step2MarketRegimeClassificationValidator", "message": "âœ… read_parquet ok path=data/training/BINANCE_ETHUSDT_regime_classification.parquet elapsed=0.016s size=14.4KB", "correlation_id": "-", "session_id": "-", "timestamp": "2025-08-11T08:28:05.068172+00:00"}
{"asctime": "2025-08-11 10:28:05,068", "levelname": "INFO", "name": "AresGlobal.Step2MarketRegimeClassificationValidator", "message": "âœ… Regime distribution validation passed: 2 regimes", "correlation_id": "-", "session_id": "-", "timestamp": "2025-08-11T08:28:05.068685+00:00"}
{"asctime": "2025-08-11 10:28:05,069", "levelname": "INFO", "name": "AresGlobal.Step2MarketRegimeClassificationValidator", "message": "âœ… Regime transitions validation passed: 4 transition types", "correlation_id": "-", "session_id": "-", "timestamp": "2025-08-11T08:28:05.069173+00:00"}
{"asctime": "2025-08-11 10:28:05,069", "levelname": "INFO", "name": "AresGlobal.Step2MarketRegimeClassificationValidator", "message": "âœ… Market regime classification validation passed (critical checks only)", "correlation_id": "-", "session_id": "-", "timestamp": "2025-08-11T08:28:05.069427+00:00"}
{"asctime": "2025-08-11 10:28:05,069", "levelname": "INFO", "name": "AresGlobal.ValidatorOrchestrator", "message": "âœ… Validator for step2_market_regime_classification completed: True", "correlation_id": "-", "session_id": "-", "timestamp": "2025-08-11T08:28:05.069596+00:00"}
{"asctime": "2025-08-11 10:28:05,069", "levelname": "INFO", "name": "AresGlobal.EnhancedTrainingManager", "message": "âœ… step2_market_regime_classification validation passed", "correlation_id": "-", "session_id": "-", "timestamp": "2025-08-11T08:28:05.069845+00:00"}
{"asctime": "2025-08-11 10:28:05,181", "levelname": "INFO", "name": "AresGlobal.EnhancedTrainingManager", "message": "âœ… Step 2: Market Regime Classification: completed successfully in 5.70s", "correlation_id": "-", "session_id": "-", "timestamp": "2025-08-11T08:28:05.181405+00:00"}
{"asctime": "2025-08-11 10:28:05,223", "levelname": "INFO", "name": "AresGlobal.EnhancedTrainingManager", "message": "ðŸ’¾ Process Memory: 408.2 MB | CPU: 0.2%", "correlation_id": "-", "session_id": "-", "timestamp": "2025-08-11T08:28:05.223771+00:00"}
{"asctime": "2025-08-11 10:28:05,224", "levelname": "INFO", "name": "AresGlobal.EnhancedTrainingManager", "message": "ðŸ–¥ï¸ System Memory: 61.8% | Available: 6.1 GB", "correlation_id": "-", "session_id": "-", "timestamp": "2025-08-11T08:28:05.224238+00:00"}
{"asctime": "2025-08-11 10:28:05,225", "levelname": "INFO", "name": "AresGlobal.EnhancedTrainingManager", "message": "ðŸ“Š Progress: 6.2% (1/16)", "correlation_id": "-", "session_id": "-", "timestamp": "2025-08-11T08:28:05.225751+00:00"}
{"asctime": "2025-08-11 10:28:05,227", "levelname": "INFO", "name": "AresGlobal.EnhancedTrainingManager", "message": "ðŸ’¾ Checkpoint saved: step2_market_regime_classification -> checkpoints/BINANCE/ETHUSDT/1m/training_progress.json", "correlation_id": "-", "session_id": "-", "timestamp": "2025-08-11T08:28:05.227720+00:00"}
{"asctime": "2025-08-11 10:28:05,228", "levelname": "INFO", "name": "AresGlobal.EnhancedTrainingManager", "message": "ðŸ“Š STEP 3: Regime Data Splitting...", "correlation_id": "-", "session_id": "-", "timestamp": "2025-08-11T08:28:05.228237+00:00"}
{"asctime": "2025-08-11 10:28:05,228", "levelname": "INFO", "name": "AresGlobal.EnhancedTrainingManager", "message": "   ðŸ“ˆ Splitting data by market regimes for specialized training...", "correlation_id": "-", "session_id": "-", "timestamp": "2025-08-11T08:28:05.228403+00:00"}
{"asctime": "2025-08-11 10:28:56,444", "levelname": "INFO", "name": "AresGlobal.EnhancedTrainingManager", "message": "ðŸ” Running validator for step3_regime_data_splitting", "correlation_id": "-", "session_id": "-", "timestamp": "2025-08-11T08:28:56.444286+00:00"}
{"asctime": "2025-08-11 10:28:56,444", "levelname": "INFO", "name": "AresGlobal.ValidatorOrchestrator", "message": "ðŸ” Running validator for step3_regime_data_splitting", "correlation_id": "-", "session_id": "-", "timestamp": "2025-08-11T08:28:56.444867+00:00"}
{"asctime": "2025-08-11 10:28:56,445", "levelname": "INFO", "name": "AresGlobal.Step3RegimeDataSplittingValidator", "message": "ðŸ”§ BLANK MODE: Using very lenient validation parameters", "correlation_id": "-", "session_id": "-", "timestamp": "2025-08-11T08:28:56.445774+00:00"}
{"asctime": "2025-08-11 10:28:56,445", "levelname": "INFO", "name": "AresGlobal.Step3RegimeDataSplittingValidator", "message": "ðŸ” Validating regime data splitting step...", "correlation_id": "-", "session_id": "-", "timestamp": "2025-08-11T08:28:56.445895+00:00"}
{"asctime": "2025-08-11 10:28:56,446", "levelname": "INFO", "name": "AresGlobal.Step3RegimeDataSplittingValidator", "message": "âœ… All split data files exist", "correlation_id": "-", "session_id": "-", "timestamp": "2025-08-11T08:28:56.446029+00:00"}
{"asctime": "2025-08-11 10:28:56,446", "levelname": "INFO", "name": "AresGlobal.Step3RegimeDataSplittingValidator", "message": "ðŸ”§ read_parquet start path=data/training/BINANCE_ETHUSDT_train_data.parquet columns=regime_columns", "correlation_id": "-", "session_id": "-", "timestamp": "2025-08-11T08:28:56.446572+00:00"}
{"asctime": "2025-08-11 10:28:56,455", "levelname": "INFO", "name": "AresGlobal.Step3RegimeDataSplittingValidator", "message": "âœ… read_parquet ok path=data/training/BINANCE_ETHUSDT_train_data.parquet elapsed=0.008s size=11.3MB", "correlation_id": "-", "session_id": "-", "timestamp": "2025-08-11T08:28:56.455111+00:00"}
{"asctime": "2025-08-11 10:28:56,489", "levelname": "INFO", "name": "AresGlobal.Step3RegimeDataSplittingValidator", "message": "ðŸ§® train_data: rows=179732 cols=3 memory=12.51MB dtypes={'datetime64[ns]': 1, 'object': 1, 'float64': 1}", "correlation_id": "-", "session_id": "-", "timestamp": "2025-08-11T08:28:56.489816+00:00"}
{"asctime": "2025-08-11 10:28:56,500", "levelname": "INFO", "name": "AresGlobal.Step3RegimeDataSplittingValidator", "message": "ðŸ§ª train_data nulls (first 10 cols): {'timestamp': 0, 'regime': 0, 'confidence': 0}", "correlation_id": "-", "session_id": "-", "timestamp": "2025-08-11T08:28:56.500538+00:00"}
{"asctime": "2025-08-11 10:28:56,566", "levelname": "WARNING", "name": "AresGlobal.Step3RegimeDataSplittingValidator", "message": "âš ï¸ train split missing columns: ['open', 'high', 'low', 'close', 'volume'] - continuing with caution", "correlation_id": "-", "session_id": "-", "timestamp": "2025-08-11T08:28:56.566949+00:00"}
{"asctime": "2025-08-11 10:28:56,567", "levelname": "WARNING", "name": "AresGlobal.Step3RegimeDataSplittingValidator", "message": "âš ï¸ train split characteristics validation failed - continuing with caution", "correlation_id": "-", "session_id": "-", "timestamp": "2025-08-11T08:28:56.567280+00:00"}
{"asctime": "2025-08-11 10:28:56,569", "levelname": "WARNING", "name": "AresGlobal.Step3RegimeDataSplittingValidator", "message": "âš ï¸ Split data quality validation failed - continuing with caution", "correlation_id": "-", "session_id": "-", "timestamp": "2025-08-11T08:28:56.569286+00:00"}
{"asctime": "2025-08-11 10:28:56,572", "levelname": "INFO", "name": "AresGlobal.Step3RegimeDataSplittingValidator", "message": "âœ… train proportion 0.799 within expected range (0.500-0.850)", "correlation_id": "-", "session_id": "-", "timestamp": "2025-08-11T08:28:56.572026+00:00"}
{"asctime": "2025-08-11 10:28:56,572", "levelname": "INFO", "name": "AresGlobal.Step3RegimeDataSplittingValidator", "message": "âœ… validation proportion 0.100 within expected range (0.050-0.250)", "correlation_id": "-", "session_id": "-", "timestamp": "2025-08-11T08:28:56.572210+00:00"}
{"asctime": "2025-08-11 10:28:56,572", "levelname": "INFO", "name": "AresGlobal.Step3RegimeDataSplittingValidator", "message": "âœ… test proportion 0.101 within expected range (0.050-0.250)", "correlation_id": "-", "session_id": "-", "timestamp": "2025-08-11T08:28:56.572356+00:00"}
{"asctime": "2025-08-11 10:28:56,572", "levelname": "INFO", "name": "AresGlobal.Step3RegimeDataSplittingValidator", "message": "âœ… Split proportions validation passed: {'train': 0.7991587802313355, 'validation': 0.09989484752891693, 'test': 0.10094637223974763}", "correlation_id": "-", "session_id": "-", "timestamp": "2025-08-11T08:28:56.572549+00:00"}
{"asctime": "2025-08-11 10:28:56,574", "levelname": "INFO", "name": "AresGlobal.Step3RegimeDataSplittingValidator", "message": "âœ… Split consistency validation passed", "correlation_id": "-", "session_id": "-", "timestamp": "2025-08-11T08:28:56.574565+00:00"}
{"asctime": "2025-08-11 10:28:56,574", "levelname": "INFO", "name": "AresGlobal.Step3RegimeDataSplittingValidator", "message": "âœ… Regime data splitting validation passed (critical checks only)", "correlation_id": "-", "session_id": "-", "timestamp": "2025-08-11T08:28:56.574734+00:00"}
{"asctime": "2025-08-11 10:28:56,574", "levelname": "INFO", "name": "AresGlobal.ValidatorOrchestrator", "message": "âœ… Validator for step3_regime_data_splitting completed: True", "correlation_id": "-", "session_id": "-", "timestamp": "2025-08-11T08:28:56.574848+00:00"}
{"asctime": "2025-08-11 10:28:56,574", "levelname": "INFO", "name": "AresGlobal.EnhancedTrainingManager", "message": "âœ… step3_regime_data_splitting validation passed", "correlation_id": "-", "session_id": "-", "timestamp": "2025-08-11T08:28:56.574983+00:00"}
{"asctime": "2025-08-11 10:28:56,680", "levelname": "INFO", "name": "AresGlobal.EnhancedTrainingManager", "message": "âœ… Step 3: Regime Data Splitting: completed successfully in 51.35s", "correlation_id": "-", "session_id": "-", "timestamp": "2025-08-11T08:28:56.680438+00:00"}
{"asctime": "2025-08-11 10:28:56,680", "levelname": "INFO", "name": "AresGlobal.EnhancedTrainingManager", "message": "ðŸ’¾ Process Memory: 971.1 MB | CPU: 0.1%", "correlation_id": "-", "session_id": "-", "timestamp": "2025-08-11T08:28:56.680657+00:00"}
{"asctime": "2025-08-11 10:28:56,680", "levelname": "INFO", "name": "AresGlobal.EnhancedTrainingManager", "message": "ðŸ–¥ï¸ System Memory: 62.0% | Available: 6.1 GB", "correlation_id": "-", "session_id": "-", "timestamp": "2025-08-11T08:28:56.680783+00:00"}
{"asctime": "2025-08-11 10:28:56,680", "levelname": "INFO", "name": "AresGlobal.EnhancedTrainingManager", "message": "ðŸ“Š Progress: 12.5% (2/16)", "correlation_id": "-", "session_id": "-", "timestamp": "2025-08-11T08:28:56.680935+00:00"}
{"asctime": "2025-08-11 10:28:56,681", "levelname": "INFO", "name": "AresGlobal.EnhancedTrainingManager", "message": "ðŸ’¾ Checkpoint saved: step3_regime_data_splitting -> checkpoints/BINANCE/ETHUSDT/1m/training_progress.json", "correlation_id": "-", "session_id": "-", "timestamp": "2025-08-11T08:28:56.681881+00:00"}
{"asctime": "2025-08-11 10:28:56,682", "levelname": "INFO", "name": "AresGlobal.EnhancedTrainingManager", "message": "ðŸ§  STEP 4: Analyst Labeling & Feature Engineering...", "correlation_id": "-", "session_id": "-", "timestamp": "2025-08-11T08:28:56.682075+00:00"}
{"asctime": "2025-08-11 10:28:56,760", "levelname": "INFO", "name": "AresGlobal.OptimizedTripleBarrierLabeling", "message": "ðŸ”– Triple barrier labeling configured for binary classification (BUY/SELL only)", "correlation_id": "-", "session_id": "-", "timestamp": "2025-08-11T08:28:56.760586+00:00"}
{"asctime": "2025-08-11 10:28:56,760", "levelname": "INFO", "name": "AresGlobal.OptimizedTripleBarrierLabeling", "message": "   â†’ HOLD samples will be automatically filtered out", "correlation_id": "-", "session_id": "-", "timestamp": "2025-08-11T08:28:56.760832+00:00"}
{"asctime": "2025-08-11 10:28:56,760", "levelname": "INFO", "name": "AresGlobal.OptimizedTripleBarrierLabeling", "message": "   â†’ This addresses label imbalance issues", "correlation_id": "-", "session_id": "-", "timestamp": "2025-08-11T08:28:56.760937+00:00"}
{"asctime": "2025-08-11 10:31:01,693", "levelname": "INFO", "name": "AresGlobal.OptimizedTripleBarrierLabeling", "message": "Applying triple barrier labeling | cols=['timestamp', 'open', 'high', 'low', 'close', 'volume', 'year', 'month', 'day', 'exchange', 'symbol', 'timeframe', 'trade_volume', 'trade_count', 'avg_price', 'min_price', 'max_price', 'volume_ratio', 'funding_rate', 'close_returns', 'open_returns', 'high_returns', 'low_returns', 'close_log', 'open_log', 'high_log', 'low_log', 'close_detrended'] shape=(256760, 28)", "correlation_id": "-", "session_id": "-", "timestamp": "2025-08-11T08:31:01.693134+00:00"}
{"asctime": "2025-08-11 10:31:02,854", "levelname": "INFO", "name": "AresGlobal.OptimizedTripleBarrierLabeling", "message": "ðŸ“Š Label distribution after filtering:", "correlation_id": "-", "session_id": "-", "timestamp": "2025-08-11T08:31:02.854580+00:00"}
{"asctime": "2025-08-11 10:31:02,855", "levelname": "INFO", "name": "AresGlobal.OptimizedTripleBarrierLabeling", "message": "   BUY (1): 89651 samples", "correlation_id": "-", "session_id": "-", "timestamp": "2025-08-11T08:31:02.855314+00:00"}
{"asctime": "2025-08-11 10:31:02,855", "levelname": "INFO", "name": "AresGlobal.OptimizedTripleBarrierLabeling", "message": "   SELL (-1): 167009 samples", "correlation_id": "-", "session_id": "-", "timestamp": "2025-08-11T08:31:02.855674+00:00"}
{"asctime": "2025-08-11 10:31:02,855", "levelname": "INFO", "name": "AresGlobal.OptimizedTripleBarrierLabeling", "message": "   HOLD (0): 100 samples (removed)", "correlation_id": "-", "session_id": "-", "timestamp": "2025-08-11T08:31:02.855797+00:00"}
{"asctime": "2025-08-11 10:31:02,855", "levelname": "INFO", "name": "AresGlobal.OptimizedTripleBarrierLabeling", "message": "   Total samples: 256660 (from 256760)", "correlation_id": "-", "session_id": "-", "timestamp": "2025-08-11T08:31:02.855920+00:00"}
{"asctime": "2025-08-11 10:31:02,856", "levelname": "INFO", "name": "AresGlobal.OptimizedTripleBarrierLabeling", "message": "   Filtering ratio: 0.0% HOLD samples removed", "correlation_id": "-", "session_id": "-", "timestamp": "2025-08-11T08:31:02.856042+00:00"}
{"asctime": "2025-08-11 10:31:02,867", "levelname": "INFO", "name": "AresGlobal.OptimizedTripleBarrierLabeling", "message": "", "correlation_id": "-", "session_id": "-", "msg": "Triple-barrier labeling diagnostics", "distribution": {"-1": "167009", "1": "89651"}, "long_nextbar_agree": 0.7656, "short_nextbar_agree": 0.6375, "overall_nextbar_agree": 0.6822, "timestamp": "2025-08-11T08:31:02.867678+00:00"}
