{"asctime": "2025-08-11 15:24:37,277", "levelname": "INFO", "name": "AresTradingSystem", "message": "âœ… Enhanced Logger initialization completed successfully", "correlation_id": "-", "session_id": "-", "timestamp": "2025-08-11T13:24:37.277039+00:00"}
{"asctime": "2025-08-11 15:24:37,324", "levelname": "INFO", "name": "AresTradingSystem.System", "message": "Initializing Market Regime Classification Step...", "correlation_id": "-", "session_id": "-", "timestamp": "2025-08-11T13:24:37.324725+00:00"}
{"asctime": "2025-08-11 15:24:37,325", "levelname": "INFO", "name": "AresTradingSystem.System", "message": "Market Regime Classification Step initialized successfully", "correlation_id": "-", "session_id": "-", "timestamp": "2025-08-11T13:24:37.325088+00:00"}
{"asctime": "2025-08-11 15:24:37,325", "levelname": "INFO", "name": "AresTradingSystem.System", "message": "ðŸ”„ Executing Market Regime Classification...", "correlation_id": "-", "session_id": "-", "timestamp": "2025-08-11T13:24:37.325166+00:00"}
{"asctime": "2025-08-11 15:24:37,325", "levelname": "INFO", "name": "AresTradingSystem.System", "message": "Applied NumPy RNG unpickle compatibility shim (URC)", "correlation_id": "-", "session_id": "-", "timestamp": "2025-08-11T13:24:37.325273+00:00"}
{"asctime": "2025-08-11 15:24:37,325", "levelname": "INFO", "name": "AresTradingSystem.System.UnifiedRegimeClassifier", "message": "", "correlation_id": "-", "session_id": "-", "msg": "UnifiedRegimeClassifier configuration", "n_states_configured": 4, "n_states_enforced_min": 4, "min_data_points_default": 1000, "thresholds": {"adx_sideways_threshold": 18, "volatility_threshold": 0.025, "atr_normalized_threshold": 0.035, "volatility_percentile_threshold": 0.8, "bb_width_volatility_threshold": 0.045}, "timestamp": "2025-08-11T13:24:37.325360+00:00"}
{"asctime": "2025-08-11 15:24:37,325", "levelname": "INFO", "name": "AresTradingSystem.System.UnifiedRegimeClassifier", "message": "ðŸ”§ BLANK MODE DETECTED: Using reduced minimum data points (50)", "correlation_id": "-", "session_id": "-", "timestamp": "2025-08-11T13:24:37.325458+00:00"}
{"asctime": "2025-08-11 15:24:37,325", "levelname": "INFO", "name": "AresTradingSystem.System.UnifiedRegimeClassifier", "message": "Initializing UnifiedRegimeClassifier for BINANCE_ETHUSDT", "correlation_id": "-", "session_id": "-", "timestamp": "2025-08-11T13:24:37.325601+00:00"}
{"asctime": "2025-08-11 15:24:37,325", "levelname": "INFO", "name": "AresTradingSystem.System.UnifiedRegimeClassifier", "message": "", "correlation_id": "-", "session_id": "-", "msg": "UnifiedRegimeClassifier model directories", "model_dir": "/Users/remyroche/Documents/Ares/checkpoints/analyst_models", "hmm_model_path": "/Users/remyroche/Documents/Ares/checkpoints/analyst_models/unified_hmm_model_BINANCE_ETHUSDT_1h.joblib", "ensemble_model_path": "/Users/remyroche/Documents/Ares/checkpoints/analyst_models/unified_ensemble_model_BINANCE_ETHUSDT_1h.joblib", "location_model_path": "/Users/remyroche/Documents/Ares/checkpoints/analyst_models/unified_location_model_BINANCE_ETHUSDT_1h.joblib", "hierarchical_model_dir": "/Users/remyroche/Documents/Ares/checkpoints/analyst_models/BINANCE/ETHUSDT/1h", "timestamp": "2025-08-11T13:24:37.325677+00:00"}
{"asctime": "2025-08-11 15:24:37,326", "levelname": "INFO", "name": "AresTradingSystem.System.UnifiedRegimeClassifier", "message": "âœ… Loaded HMM model from /Users/remyroche/Documents/Ares/checkpoints/analyst_models/unified_hmm_model_BINANCE_ETHUSDT_1h.joblib", "correlation_id": "-", "session_id": "-", "timestamp": "2025-08-11T13:24:37.326586+00:00"}
{"asctime": "2025-08-11 15:24:37,329", "levelname": "INFO", "name": "AresTradingSystem.System.UnifiedRegimeClassifier", "message": "âœ… Loaded basic ensemble from /Users/remyroche/Documents/Ares/checkpoints/analyst_models/unified_ensemble_model_BINANCE_ETHUSDT_1h.joblib", "correlation_id": "-", "session_id": "-", "timestamp": "2025-08-11T13:24:37.329241+00:00"}
{"asctime": "2025-08-11 15:24:37,329", "levelname": "INFO", "name": "AresTradingSystem.System.UnifiedRegimeClassifier", "message": "âœ… Loaded existing models successfully", "correlation_id": "-", "session_id": "-", "timestamp": "2025-08-11T13:24:37.329852+00:00"}
{"asctime": "2025-08-11 15:24:37,329", "levelname": "INFO", "name": "AresTradingSystem.System.UnifiedRegimeClassifier", "message": "âœ… UnifiedRegimeClassifier initialized successfully", "correlation_id": "-", "session_id": "-", "timestamp": "2025-08-11T13:24:37.329964+00:00"}
{"asctime": "2025-08-11 15:24:37,330", "levelname": "INFO", "name": "AresTradingSystem.System", "message": "ðŸ”„ Loading data using unified data loader...", "correlation_id": "-", "session_id": "-", "timestamp": "2025-08-11T13:24:37.330032+00:00"}
{"asctime": "2025-08-11 15:24:37,330", "levelname": "INFO", "name": "AresTradingSystem.System.UnifiedDataLoader", "message": "ðŸ”„ Loading unified data for ETHUSDT on BINANCE", "correlation_id": "-", "session_id": "-", "timestamp": "2025-08-11T13:24:37.330206+00:00"}
{"asctime": "2025-08-11 15:24:37,330", "levelname": "INFO", "name": "AresTradingSystem.System.UnifiedDataLoader", "message": "   Timeframe: 1m", "correlation_id": "-", "session_id": "-", "timestamp": "2025-08-11T13:24:37.330319+00:00"}
{"asctime": "2025-08-11 15:24:37,330", "levelname": "INFO", "name": "AresTradingSystem.System.UnifiedDataLoader", "message": "   Date range: 2025-07-12 to 2025-08-11", "correlation_id": "-", "session_id": "-", "timestamp": "2025-08-11T13:24:37.330404+00:00"}
{"asctime": "2025-08-11 15:24:37,330", "levelname": "INFO", "name": "AresTradingSystem.System.UnifiedDataLoader", "message": "   Streaming: True", "correlation_id": "-", "session_id": "-", "timestamp": "2025-08-11T13:24:37.330468+00:00"}
{"asctime": "2025-08-11 15:24:37,330", "levelname": "INFO", "name": "AresTradingSystem.System.UnifiedDataLoader", "message": "   âš ï¸ Streaming disabled to avoid segmentation faults", "correlation_id": "-", "session_id": "-", "timestamp": "2025-08-11T13:24:37.330526+00:00"}
{"asctime": "2025-08-11 15:24:37,330", "levelname": "INFO", "name": "AresTradingSystem.System.UnifiedDataLoader", "message": "   ðŸ“ Found unified data cache, using optimized pyarrow loading", "correlation_id": "-", "session_id": "-", "timestamp": "2025-08-11T13:24:37.330599+00:00"}
{"asctime": "2025-08-11 15:24:37,330", "levelname": "INFO", "name": "AresTradingSystem.System.UnifiedDataLoader", "message": "ðŸ”§ Using optimized pyarrow loading...", "correlation_id": "-", "session_id": "-", "timestamp": "2025-08-11T13:24:37.330657+00:00"}
{"asctime": "2025-08-11 15:24:37,330", "levelname": "INFO", "name": "AresTradingSystem.System.UnifiedDataLoader", "message": "   âš ï¸ PyArrow disabled to avoid segmentation faults", "correlation_id": "-", "session_id": "-", "timestamp": "2025-08-11T13:24:37.330713+00:00"}
{"asctime": "2025-08-11 15:24:37,330", "levelname": "INFO", "name": "AresTradingSystem.System.UnifiedDataLoader", "message": "ðŸ”§ Using memory-efficient streaming loading for 180 days...", "correlation_id": "-", "session_id": "-", "timestamp": "2025-08-11T13:24:37.330767+00:00"}
{"asctime": "2025-08-11 15:24:37,332", "levelname": "INFO", "name": "AresTradingSystem.System.UnifiedDataLoader", "message": "ðŸ“ Found 29 partition files", "correlation_id": "-", "session_id": "-", "timestamp": "2025-08-11T13:24:37.332472+00:00"}
{"asctime": "2025-08-11 15:24:37,389", "levelname": "INFO", "name": "AresTradingSystem.System.UnifiedDataLoader", "message": "   ðŸ“„ Processing file 1/29: part-0.parquet", "correlation_id": "-", "session_id": "-", "timestamp": "2025-08-11T13:24:37.389733+00:00"}
{"asctime": "2025-08-11 15:24:37,443", "levelname": "INFO", "name": "AresTradingSystem.System.UnifiedDataLoader", "message": "   âœ… Loaded file 1: (1440, 19)", "correlation_id": "-", "session_id": "-", "timestamp": "2025-08-11T13:24:37.443840+00:00"}
{"asctime": "2025-08-11 15:24:37,445", "levelname": "INFO", "name": "AresTradingSystem.System.UnifiedDataLoader", "message": "   ðŸ” After date filtering: (515, 19)", "correlation_id": "-", "session_id": "-", "timestamp": "2025-08-11T13:24:37.445322+00:00"}
{"asctime": "2025-08-11 15:24:37,447", "levelname": "INFO", "name": "AresTradingSystem.System.UnifiedDataLoader", "message": "   ðŸ“Š Total rows so far: 515", "correlation_id": "-", "session_id": "-", "timestamp": "2025-08-11T13:24:37.447992+00:00"}
{"asctime": "2025-08-11 15:24:39,231", "levelname": "INFO", "name": "AresTradingSystem.System.UnifiedDataLoader", "message": "   ðŸ“„ Processing file 10/29: part-0.parquet", "correlation_id": "-", "session_id": "-", "timestamp": "2025-08-11T13:24:39.231308+00:00"}
{"asctime": "2025-08-11 15:24:39,234", "levelname": "INFO", "name": "AresTradingSystem.System.UnifiedDataLoader", "message": "   âœ… Loaded file 10: (1440, 19)", "correlation_id": "-", "session_id": "-", "timestamp": "2025-08-11T13:24:39.235004+00:00"}
{"asctime": "2025-08-11 15:24:39,235", "levelname": "INFO", "name": "AresTradingSystem.System.UnifiedDataLoader", "message": "   ðŸ” After date filtering: (1440, 19)", "correlation_id": "-", "session_id": "-", "timestamp": "2025-08-11T13:24:39.235794+00:00"}
{"asctime": "2025-08-11 15:24:39,240", "levelname": "INFO", "name": "AresTradingSystem.System.UnifiedDataLoader", "message": "   ðŸ“Š Total rows so far: 13475", "correlation_id": "-", "session_id": "-", "timestamp": "2025-08-11T13:24:39.240546+00:00"}
{"asctime": "2025-08-11 15:24:40,499", "levelname": "INFO", "name": "AresTradingSystem.System.UnifiedDataLoader", "message": "   ðŸ“„ Processing file 20/29: part-0.parquet", "correlation_id": "-", "session_id": "-", "timestamp": "2025-08-11T13:24:40.499124+00:00"}
{"asctime": "2025-08-11 15:24:40,502", "levelname": "INFO", "name": "AresTradingSystem.System.UnifiedDataLoader", "message": "   âœ… Loaded file 20: (1440, 19)", "correlation_id": "-", "session_id": "-", "timestamp": "2025-08-11T13:24:40.502158+00:00"}
{"asctime": "2025-08-11 15:24:40,502", "levelname": "INFO", "name": "AresTradingSystem.System.UnifiedDataLoader", "message": "   ðŸ” After date filtering: (1440, 19)", "correlation_id": "-", "session_id": "-", "timestamp": "2025-08-11T13:24:40.502853+00:00"}
{"asctime": "2025-08-11 15:24:40,507", "levelname": "INFO", "name": "AresTradingSystem.System.UnifiedDataLoader", "message": "   ðŸ“Š Total rows so far: 27875", "correlation_id": "-", "session_id": "-", "timestamp": "2025-08-11T13:24:40.507628+00:00"}
{"asctime": "2025-08-11 15:24:41,775", "levelname": "INFO", "name": "AresTradingSystem.System.UnifiedDataLoader", "message": "ðŸ”„ Converting 40465 records to DataFrame...", "correlation_id": "-", "session_id": "-", "timestamp": "2025-08-11T13:24:41.775245+00:00"}
{"asctime": "2025-08-11 15:24:41,935", "levelname": "INFO", "name": "AresTradingSystem.System.UnifiedDataLoader", "message": "âœ… Memory-efficient loading completed: (40465, 19)", "correlation_id": "-", "session_id": "-", "timestamp": "2025-08-11T13:24:41.935581+00:00"}
{"asctime": "2025-08-11 15:24:41,936", "levelname": "INFO", "name": "AresTradingSystem.System", "message": "âœ… Loaded unified data: 40465 rows", "correlation_id": "-", "session_id": "-", "timestamp": "2025-08-11T13:24:41.936625+00:00"}
{"asctime": "2025-08-11 15:24:41,936", "levelname": "INFO", "name": "AresTradingSystem.System", "message": "   Date range: 2025-07-12T15:25:00 to 2025-08-09T17:49:00", "correlation_id": "-", "session_id": "-", "timestamp": "2025-08-11T13:24:41.936718+00:00"}
{"asctime": "2025-08-11 15:24:41,936", "levelname": "INFO", "name": "AresTradingSystem.System", "message": "   Has aggtrades data: True", "correlation_id": "-", "session_id": "-", "timestamp": "2025-08-11T13:24:41.936785+00:00"}
{"asctime": "2025-08-11 15:24:41,936", "levelname": "INFO", "name": "AresTradingSystem.System", "message": "   Has futures data: True", "correlation_id": "-", "session_id": "-", "timestamp": "2025-08-11T13:24:41.936843+00:00"}
{"asctime": "2025-08-11 15:24:41,936", "levelname": "INFO", "name": "AresTradingSystem.System", "message": "ðŸ”„ Resampling data to 1h timeframe for regime classification...", "correlation_id": "-", "session_id": "-", "timestamp": "2025-08-11T13:24:41.936903+00:00"}
{"asctime": "2025-08-11 15:24:41,945", "levelname": "INFO", "name": "AresTradingSystem.System", "message": "âœ… Resampled to 1h: 675 records", "correlation_id": "-", "session_id": "-", "timestamp": "2025-08-11T13:24:41.945224+00:00"}
{"asctime": "2025-08-11 15:24:41,945", "levelname": "INFO", "name": "AresTradingSystem.System", "message": "Classifying market regimes for ETHUSDT on BINANCE...", "correlation_id": "-", "session_id": "-", "timestamp": "2025-08-11T13:24:41.945438+00:00"}
{"asctime": "2025-08-11 15:24:41,945", "levelname": "INFO", "name": "AresTradingSystem.System.UnifiedRegimeClassifier", "message": "ðŸ”§ Calculating features for 675 periods...", "correlation_id": "-", "session_id": "-", "timestamp": "2025-08-11T13:24:41.945700+00:00"}
{"asctime": "2025-08-11 15:24:41,954", "levelname": "INFO", "name": "AresTradingSystem.System.UnifiedRegimeClassifier", "message": "âœ… Calculated comprehensive features for 675 periods (dropped 0 rows due to NaN)", "correlation_id": "-", "session_id": "-", "timestamp": "2025-08-11T13:24:41.954464+00:00"}
{"asctime": "2025-08-11 15:24:41,954", "levelname": "INFO", "name": "AresTradingSystem.System.UnifiedRegimeClassifier", "message": "ðŸ” Using trained basic ensemble for regime classification", "correlation_id": "-", "session_id": "-", "timestamp": "2025-08-11T13:24:41.954895+00:00"}
{"asctime": "2025-08-11 15:24:41,974", "levelname": "INFO", "name": "AresTradingSystem.System.UnifiedRegimeClassifier", "message": "", "correlation_id": "-", "session_id": "-", "msg": "Ensemble regime prediction summary", "unique_regimes": ["BEAR", "BULL", "SIDEWAYS"], "counts": {"BEAR": 401, "BULL": 15, "SIDEWAYS": 259}, "expected_min": 4, "total_records": 675, "thresholds": {"adx_sideways_threshold": 18, "volatility_threshold": 0.025, "atr_normalized_threshold": 0.035, "volatility_percentile_threshold": 0.8}, "timestamp": "2025-08-11T13:24:41.974153+00:00"}
{"asctime": "2025-08-11 15:24:41,974", "levelname": "WARNING", "name": "AresTradingSystem.System.UnifiedRegimeClassifier", "message": "\u001b[93m\u001b[1mâš ï¸\u001b[0m \u001b[93m\u001b[1mFewer regimes predicted (3) than expected (4). Consider increasing min_data_points or enhancing volatility features.\u001b[0m", "correlation_id": "-", "session_id": "-", "timestamp": "2025-08-11T13:24:41.974631+00:00"}
{"asctime": "2025-08-11 15:24:41,974", "levelname": "INFO", "name": "AresTradingSystem.System.UnifiedRegimeClassifier", "message": "Classifying location with tactical pivots and strategic volume levels...", "correlation_id": "-", "session_id": "-", "timestamp": "2025-08-11T13:24:41.974750+00:00"}
{"asctime": "2025-08-11 15:24:41,974", "levelname": "WARNING", "name": "AresTradingSystem.System.UnifiedRegimeClassifier", "message": "Insufficient data for location classification. Need at least 720 rows, but only have 675. Returning all OPEN_RANGE labels.", "correlation_id": "-", "session_id": "-", "timestamp": "2025-08-11T13:24:41.974913+00:00"}
{"asctime": "2025-08-11 15:24:41,976", "levelname": "INFO", "name": "AresTradingSystem.System.UnifiedRegimeClassifier", "message": "ðŸ“Š Regime distribution: {'BEAR': 401, 'SIDEWAYS': 259, 'BULL': 15}", "correlation_id": "-", "session_id": "-", "timestamp": "2025-08-11T13:24:41.976161+00:00"}
{"asctime": "2025-08-11 15:24:41,976", "levelname": "INFO", "name": "AresTradingSystem.System", "message": "Regime classification completed. Found 3 distinct regimes", "correlation_id": "-", "session_id": "-", "timestamp": "2025-08-11T13:24:41.976792+00:00"}
{"asctime": "2025-08-11 15:24:41,982", "levelname": "INFO", "name": "AresTradingSystem.System", "message": "âœ… Saved regime classification results to parquet: data/training/BINANCE_ETHUSDT_regime_classification.parquet", "correlation_id": "-", "session_id": "-", "timestamp": "2025-08-11T13:24:41.982585+00:00"}
{"asctime": "2025-08-11 15:24:41,982", "levelname": "INFO", "name": "AresTradingSystem.System", "message": "âœ… Market regime classification completed. Results saved to data/training/BINANCE_ETHUSDT_regime_classification.json", "correlation_id": "-", "session_id": "-", "timestamp": "2025-08-11T13:24:41.982699+00:00"}
{"asctime": "2025-08-11 15:24:42,095", "levelname": "INFO", "name": "AresTradingSystem.System", "message": "Initializing Regime Data Splitting Step...", "correlation_id": "-", "session_id": "-", "timestamp": "2025-08-11T13:24:42.095525+00:00"}
{"asctime": "2025-08-11 15:24:42,095", "levelname": "INFO", "name": "AresTradingSystem.System", "message": "Regime Data Splitting Step initialized successfully", "correlation_id": "-", "session_id": "-", "timestamp": "2025-08-11T13:24:42.095660+00:00"}
{"asctime": "2025-08-11 15:24:42,095", "levelname": "INFO", "name": "AresTradingSystem.System", "message": "ðŸ”„ Loading unified data for regime data splitting...", "correlation_id": "-", "session_id": "-", "timestamp": "2025-08-11T13:24:42.095733+00:00"}
{"asctime": "2025-08-11 15:24:42,095", "levelname": "INFO", "name": "AresTradingSystem.System.UnifiedDataLoader", "message": "ðŸ”„ Loading unified data for ETHUSDT on BINANCE", "correlation_id": "-", "session_id": "-", "timestamp": "2025-08-11T13:24:42.095822+00:00"}
{"asctime": "2025-08-11 15:24:42,095", "levelname": "INFO", "name": "AresTradingSystem.System.UnifiedDataLoader", "message": "   Timeframe: 1m", "correlation_id": "-", "session_id": "-", "timestamp": "2025-08-11T13:24:42.095896+00:00"}
{"asctime": "2025-08-11 15:24:42,095", "levelname": "INFO", "name": "AresTradingSystem.System.UnifiedDataLoader", "message": "   Date range: 2025-02-12 to 2025-08-11", "correlation_id": "-", "session_id": "-", "timestamp": "2025-08-11T13:24:42.095982+00:00"}
{"asctime": "2025-08-11 15:24:42,096", "levelname": "INFO", "name": "AresTradingSystem.System.UnifiedDataLoader", "message": "   Streaming: True", "correlation_id": "-", "session_id": "-", "timestamp": "2025-08-11T13:24:42.096049+00:00"}
{"asctime": "2025-08-11 15:24:42,096", "levelname": "INFO", "name": "AresTradingSystem.System.UnifiedDataLoader", "message": "   âš ï¸ Streaming disabled to avoid segmentation faults", "correlation_id": "-", "session_id": "-", "timestamp": "2025-08-11T13:24:42.096172+00:00"}
{"asctime": "2025-08-11 15:24:42,096", "levelname": "INFO", "name": "AresTradingSystem.System.UnifiedDataLoader", "message": "   ðŸ“ Found unified data cache, using optimized pyarrow loading", "correlation_id": "-", "session_id": "-", "timestamp": "2025-08-11T13:24:42.096294+00:00"}
{"asctime": "2025-08-11 15:24:42,096", "levelname": "INFO", "name": "AresTradingSystem.System.UnifiedDataLoader", "message": "ðŸ”§ Using optimized pyarrow loading...", "correlation_id": "-", "session_id": "-", "timestamp": "2025-08-11T13:24:42.096373+00:00"}
{"asctime": "2025-08-11 15:24:42,096", "levelname": "INFO", "name": "AresTradingSystem.System.UnifiedDataLoader", "message": "   âš ï¸ PyArrow disabled to avoid segmentation faults", "correlation_id": "-", "session_id": "-", "timestamp": "2025-08-11T13:24:42.096443+00:00"}
{"asctime": "2025-08-11 15:24:42,096", "levelname": "INFO", "name": "AresTradingSystem.System.UnifiedDataLoader", "message": "ðŸ”§ Using memory-efficient streaming loading for 180 days...", "correlation_id": "-", "session_id": "-", "timestamp": "2025-08-11T13:24:42.096529+00:00"}
{"asctime": "2025-08-11 15:24:42,106", "levelname": "INFO", "name": "AresTradingSystem.System.UnifiedDataLoader", "message": "ðŸ“ Found 179 partition files", "correlation_id": "-", "session_id": "-", "timestamp": "2025-08-11T13:24:42.106165+00:00"}
{"asctime": "2025-08-11 15:24:42,180", "levelname": "INFO", "name": "AresTradingSystem.System.UnifiedDataLoader", "message": "   ðŸ“„ Processing file 1/179: part-0.parquet", "correlation_id": "-", "session_id": "-", "timestamp": "2025-08-11T13:24:42.180089+00:00"}
{"asctime": "2025-08-11 15:24:42,184", "levelname": "INFO", "name": "AresTradingSystem.System.UnifiedDataLoader", "message": "   âœ… Loaded file 1: (1440, 19)", "correlation_id": "-", "session_id": "-", "timestamp": "2025-08-11T13:24:42.184877+00:00"}
{"asctime": "2025-08-11 15:24:42,186", "levelname": "INFO", "name": "AresTradingSystem.System.UnifiedDataLoader", "message": "   ðŸ” After date filtering: (515, 19)", "correlation_id": "-", "session_id": "-", "timestamp": "2025-08-11T13:24:42.186539+00:00"}
{"asctime": "2025-08-11 15:24:42,188", "levelname": "INFO", "name": "AresTradingSystem.System.UnifiedDataLoader", "message": "   ðŸ“Š Total rows so far: 515", "correlation_id": "-", "session_id": "-", "timestamp": "2025-08-11T13:24:42.188952+00:00"}
{"asctime": "2025-08-11 15:24:43,430", "levelname": "INFO", "name": "AresTradingSystem.System.UnifiedDataLoader", "message": "   ðŸ“„ Processing file 10/179: part-0.parquet", "correlation_id": "-", "session_id": "-", "timestamp": "2025-08-11T13:24:43.430492+00:00"}
{"asctime": "2025-08-11 15:24:43,434", "levelname": "INFO", "name": "AresTradingSystem.System.UnifiedDataLoader", "message": "   âœ… Loaded file 10: (1440, 19)", "correlation_id": "-", "session_id": "-", "timestamp": "2025-08-11T13:24:43.434416+00:00"}
{"asctime": "2025-08-11 15:24:43,435", "levelname": "INFO", "name": "AresTradingSystem.System.UnifiedDataLoader", "message": "   ðŸ” After date filtering: (1440, 19)", "correlation_id": "-", "session_id": "-", "timestamp": "2025-08-11T13:24:43.435099+00:00"}
{"asctime": "2025-08-11 15:24:43,439", "levelname": "INFO", "name": "AresTradingSystem.System.UnifiedDataLoader", "message": "   ðŸ“Š Total rows so far: 13475", "correlation_id": "-", "session_id": "-", "timestamp": "2025-08-11T13:24:43.439892+00:00"}
{"asctime": "2025-08-11 15:24:44,772", "levelname": "INFO", "name": "AresTradingSystem.System.UnifiedDataLoader", "message": "   ðŸ“„ Processing file 20/179: part-0.parquet", "correlation_id": "-", "session_id": "-", "timestamp": "2025-08-11T13:24:44.772875+00:00"}
{"asctime": "2025-08-11 15:24:44,776", "levelname": "INFO", "name": "AresTradingSystem.System.UnifiedDataLoader", "message": "   âœ… Loaded file 20: (1440, 19)", "correlation_id": "-", "session_id": "-", "timestamp": "2025-08-11T13:24:44.776880+00:00"}
{"asctime": "2025-08-11 15:24:44,778", "levelname": "INFO", "name": "AresTradingSystem.System.UnifiedDataLoader", "message": "   ðŸ” After date filtering: (1440, 19)", "correlation_id": "-", "session_id": "-", "timestamp": "2025-08-11T13:24:44.778163+00:00"}
{"asctime": "2025-08-11 15:24:44,782", "levelname": "INFO", "name": "AresTradingSystem.System.UnifiedDataLoader", "message": "   ðŸ“Š Total rows so far: 27875", "correlation_id": "-", "session_id": "-", "timestamp": "2025-08-11T13:24:44.782914+00:00"}
{"asctime": "2025-08-11 15:24:46,159", "levelname": "INFO", "name": "AresTradingSystem.System.UnifiedDataLoader", "message": "   ðŸ“„ Processing file 30/179: part-0.parquet", "correlation_id": "-", "session_id": "-", "timestamp": "2025-08-11T13:24:46.159844+00:00"}
{"asctime": "2025-08-11 15:24:46,164", "levelname": "INFO", "name": "AresTradingSystem.System.UnifiedDataLoader", "message": "   âœ… Loaded file 30: (1440, 19)", "correlation_id": "-", "session_id": "-", "timestamp": "2025-08-11T13:24:46.164020+00:00"}
{"asctime": "2025-08-11 15:24:46,164", "levelname": "INFO", "name": "AresTradingSystem.System.UnifiedDataLoader", "message": "   ðŸ” After date filtering: (1440, 19)", "correlation_id": "-", "session_id": "-", "timestamp": "2025-08-11T13:24:46.164738+00:00"}
{"asctime": "2025-08-11 15:24:46,169", "levelname": "INFO", "name": "AresTradingSystem.System.UnifiedDataLoader", "message": "   ðŸ“Š Total rows so far: 42275", "correlation_id": "-", "session_id": "-", "timestamp": "2025-08-11T13:24:46.169394+00:00"}
{"asctime": "2025-08-11 15:24:47,577", "levelname": "INFO", "name": "AresTradingSystem.System.UnifiedDataLoader", "message": "   ðŸ“„ Processing file 40/179: part-0.parquet", "correlation_id": "-", "session_id": "-", "timestamp": "2025-08-11T13:24:47.577066+00:00"}
{"asctime": "2025-08-11 15:24:47,580", "levelname": "INFO", "name": "AresTradingSystem.System.UnifiedDataLoader", "message": "   âœ… Loaded file 40: (1440, 19)", "correlation_id": "-", "session_id": "-", "timestamp": "2025-08-11T13:24:47.580602+00:00"}
{"asctime": "2025-08-11 15:24:47,581", "levelname": "INFO", "name": "AresTradingSystem.System.UnifiedDataLoader", "message": "   ðŸ” After date filtering: (1440, 19)", "correlation_id": "-", "session_id": "-", "timestamp": "2025-08-11T13:24:47.581273+00:00"}
{"asctime": "2025-08-11 15:24:47,585", "levelname": "INFO", "name": "AresTradingSystem.System.UnifiedDataLoader", "message": "   ðŸ“Š Total rows so far: 56675", "correlation_id": "-", "session_id": "-", "timestamp": "2025-08-11T13:24:47.585977+00:00"}
{"asctime": "2025-08-11 15:24:49,020", "levelname": "INFO", "name": "AresTradingSystem.System.UnifiedDataLoader", "message": "   ðŸ“„ Processing file 50/179: part-0.parquet", "correlation_id": "-", "session_id": "-", "timestamp": "2025-08-11T13:24:49.020752+00:00"}
{"asctime": "2025-08-11 15:24:49,025", "levelname": "INFO", "name": "AresTradingSystem.System.UnifiedDataLoader", "message": "   âœ… Loaded file 50: (1440, 19)", "correlation_id": "-", "session_id": "-", "timestamp": "2025-08-11T13:24:49.025200+00:00"}
{"asctime": "2025-08-11 15:24:49,026", "levelname": "INFO", "name": "AresTradingSystem.System.UnifiedDataLoader", "message": "   ðŸ” After date filtering: (1440, 19)", "correlation_id": "-", "session_id": "-", "timestamp": "2025-08-11T13:24:49.026399+00:00"}
{"asctime": "2025-08-11 15:24:49,031", "levelname": "INFO", "name": "AresTradingSystem.System.UnifiedDataLoader", "message": "   ðŸ“Š Total rows so far: 71075", "correlation_id": "-", "session_id": "-", "timestamp": "2025-08-11T13:24:49.031143+00:00"}
{"asctime": "2025-08-11 15:24:50,528", "levelname": "INFO", "name": "AresTradingSystem.System.UnifiedDataLoader", "message": "   ðŸ“„ Processing file 60/179: part-0.parquet", "correlation_id": "-", "session_id": "-", "timestamp": "2025-08-11T13:24:50.528690+00:00"}
{"asctime": "2025-08-11 15:24:50,532", "levelname": "INFO", "name": "AresTradingSystem.System.UnifiedDataLoader", "message": "   âœ… Loaded file 60: (1440, 19)", "correlation_id": "-", "session_id": "-", "timestamp": "2025-08-11T13:24:50.532225+00:00"}
{"asctime": "2025-08-11 15:24:50,532", "levelname": "INFO", "name": "AresTradingSystem.System.UnifiedDataLoader", "message": "   ðŸ” After date filtering: (1440, 19)", "correlation_id": "-", "session_id": "-", "timestamp": "2025-08-11T13:24:50.532897+00:00"}
{"asctime": "2025-08-11 15:24:50,537", "levelname": "INFO", "name": "AresTradingSystem.System.UnifiedDataLoader", "message": "   ðŸ“Š Total rows so far: 85475", "correlation_id": "-", "session_id": "-", "timestamp": "2025-08-11T13:24:50.537579+00:00"}
{"asctime": "2025-08-11 15:24:52,086", "levelname": "INFO", "name": "AresTradingSystem.System.UnifiedDataLoader", "message": "   ðŸ“„ Processing file 70/179: part-0.parquet", "correlation_id": "-", "session_id": "-", "timestamp": "2025-08-11T13:24:52.086286+00:00"}
{"asctime": "2025-08-11 15:24:52,090", "levelname": "INFO", "name": "AresTradingSystem.System.UnifiedDataLoader", "message": "   âœ… Loaded file 70: (1440, 19)", "correlation_id": "-", "session_id": "-", "timestamp": "2025-08-11T13:24:52.090360+00:00"}
{"asctime": "2025-08-11 15:24:52,091", "levelname": "INFO", "name": "AresTradingSystem.System.UnifiedDataLoader", "message": "   ðŸ” After date filtering: (1440, 19)", "correlation_id": "-", "session_id": "-", "timestamp": "2025-08-11T13:24:52.091152+00:00"}
{"asctime": "2025-08-11 15:24:52,096", "levelname": "INFO", "name": "AresTradingSystem.System.UnifiedDataLoader", "message": "   ðŸ“Š Total rows so far: 99875", "correlation_id": "-", "session_id": "-", "timestamp": "2025-08-11T13:24:52.096163+00:00"}
{"asctime": "2025-08-11 15:24:53,699", "levelname": "INFO", "name": "AresTradingSystem.System.UnifiedDataLoader", "message": "   ðŸ“„ Processing file 80/179: part-0.parquet", "correlation_id": "-", "session_id": "-", "timestamp": "2025-08-11T13:24:53.699826+00:00"}
{"asctime": "2025-08-11 15:24:53,703", "levelname": "INFO", "name": "AresTradingSystem.System.UnifiedDataLoader", "message": "   âœ… Loaded file 80: (1440, 19)", "correlation_id": "-", "session_id": "-", "timestamp": "2025-08-11T13:24:53.703546+00:00"}
{"asctime": "2025-08-11 15:24:53,704", "levelname": "INFO", "name": "AresTradingSystem.System.UnifiedDataLoader", "message": "   ðŸ” After date filtering: (1440, 19)", "correlation_id": "-", "session_id": "-", "timestamp": "2025-08-11T13:24:53.704210+00:00"}
{"asctime": "2025-08-11 15:24:53,708", "levelname": "INFO", "name": "AresTradingSystem.System.UnifiedDataLoader", "message": "   ðŸ“Š Total rows so far: 114275", "correlation_id": "-", "session_id": "-", "timestamp": "2025-08-11T13:24:53.709013+00:00"}
{"asctime": "2025-08-11 15:24:55,367", "levelname": "INFO", "name": "AresTradingSystem.System.UnifiedDataLoader", "message": "   ðŸ“„ Processing file 90/179: part-0.parquet", "correlation_id": "-", "session_id": "-", "timestamp": "2025-08-11T13:24:55.367317+00:00"}
{"asctime": "2025-08-11 15:24:55,370", "levelname": "INFO", "name": "AresTradingSystem.System.UnifiedDataLoader", "message": "   âœ… Loaded file 90: (1440, 19)", "correlation_id": "-", "session_id": "-", "timestamp": "2025-08-11T13:24:55.370697+00:00"}
{"asctime": "2025-08-11 15:24:55,371", "levelname": "INFO", "name": "AresTradingSystem.System.UnifiedDataLoader", "message": "   ðŸ” After date filtering: (1440, 19)", "correlation_id": "-", "session_id": "-", "timestamp": "2025-08-11T13:24:55.371393+00:00"}
{"asctime": "2025-08-11 15:24:55,376", "levelname": "INFO", "name": "AresTradingSystem.System.UnifiedDataLoader", "message": "   ðŸ“Š Total rows so far: 128675", "correlation_id": "-", "session_id": "-", "timestamp": "2025-08-11T13:24:55.376428+00:00"}
{"asctime": "2025-08-11 15:24:57,091", "levelname": "INFO", "name": "AresTradingSystem.System.UnifiedDataLoader", "message": "   ðŸ“„ Processing file 100/179: part-0.parquet", "correlation_id": "-", "session_id": "-", "timestamp": "2025-08-11T13:24:57.091683+00:00"}
{"asctime": "2025-08-11 15:24:57,095", "levelname": "INFO", "name": "AresTradingSystem.System.UnifiedDataLoader", "message": "   âœ… Loaded file 100: (1440, 19)", "correlation_id": "-", "session_id": "-", "timestamp": "2025-08-11T13:24:57.095495+00:00"}
{"asctime": "2025-08-11 15:24:57,096", "levelname": "INFO", "name": "AresTradingSystem.System.UnifiedDataLoader", "message": "   ðŸ” After date filtering: (1440, 19)", "correlation_id": "-", "session_id": "-", "timestamp": "2025-08-11T13:24:57.096203+00:00"}
{"asctime": "2025-08-11 15:24:57,100", "levelname": "INFO", "name": "AresTradingSystem.System.UnifiedDataLoader", "message": "   ðŸ“Š Total rows so far: 143075", "correlation_id": "-", "session_id": "-", "timestamp": "2025-08-11T13:24:57.100886+00:00"}
{"asctime": "2025-08-11 15:24:58,866", "levelname": "INFO", "name": "AresTradingSystem.System.UnifiedDataLoader", "message": "   ðŸ“„ Processing file 110/179: part-0.parquet", "correlation_id": "-", "session_id": "-", "timestamp": "2025-08-11T13:24:58.866198+00:00"}
{"asctime": "2025-08-11 15:24:58,870", "levelname": "INFO", "name": "AresTradingSystem.System.UnifiedDataLoader", "message": "   âœ… Loaded file 110: (1440, 19)", "correlation_id": "-", "session_id": "-", "timestamp": "2025-08-11T13:24:58.870138+00:00"}
{"asctime": "2025-08-11 15:24:58,870", "levelname": "INFO", "name": "AresTradingSystem.System.UnifiedDataLoader", "message": "   ðŸ” After date filtering: (1440, 19)", "correlation_id": "-", "session_id": "-", "timestamp": "2025-08-11T13:24:58.870836+00:00"}
{"asctime": "2025-08-11 15:24:58,875", "levelname": "INFO", "name": "AresTradingSystem.System.UnifiedDataLoader", "message": "   ðŸ“Š Total rows so far: 157475", "correlation_id": "-", "session_id": "-", "timestamp": "2025-08-11T13:24:58.875861+00:00"}
{"asctime": "2025-08-11 15:25:00,704", "levelname": "INFO", "name": "AresTradingSystem.System.UnifiedDataLoader", "message": "   ðŸ“„ Processing file 120/179: part-0.parquet", "correlation_id": "-", "session_id": "-", "timestamp": "2025-08-11T13:25:00.704039+00:00"}
{"asctime": "2025-08-11 15:25:00,707", "levelname": "INFO", "name": "AresTradingSystem.System.UnifiedDataLoader", "message": "   âœ… Loaded file 120: (1440, 19)", "correlation_id": "-", "session_id": "-", "timestamp": "2025-08-11T13:25:00.707761+00:00"}
{"asctime": "2025-08-11 15:25:00,708", "levelname": "INFO", "name": "AresTradingSystem.System.UnifiedDataLoader", "message": "   ðŸ” After date filtering: (1440, 19)", "correlation_id": "-", "session_id": "-", "timestamp": "2025-08-11T13:25:00.708664+00:00"}
{"asctime": "2025-08-11 15:25:00,713", "levelname": "INFO", "name": "AresTradingSystem.System.UnifiedDataLoader", "message": "   ðŸ“Š Total rows so far: 171875", "correlation_id": "-", "session_id": "-", "timestamp": "2025-08-11T13:25:00.713550+00:00"}
{"asctime": "2025-08-11 15:25:02,618", "levelname": "INFO", "name": "AresTradingSystem.System.UnifiedDataLoader", "message": "   ðŸ“„ Processing file 130/179: part-0.parquet", "correlation_id": "-", "session_id": "-", "timestamp": "2025-08-11T13:25:02.618668+00:00"}
{"asctime": "2025-08-11 15:25:02,622", "levelname": "INFO", "name": "AresTradingSystem.System.UnifiedDataLoader", "message": "   âœ… Loaded file 130: (1440, 19)", "correlation_id": "-", "session_id": "-", "timestamp": "2025-08-11T13:25:02.622624+00:00"}
{"asctime": "2025-08-11 15:25:02,623", "levelname": "INFO", "name": "AresTradingSystem.System.UnifiedDataLoader", "message": "   ðŸ” After date filtering: (1440, 19)", "correlation_id": "-", "session_id": "-", "timestamp": "2025-08-11T13:25:02.623317+00:00"}
{"asctime": "2025-08-11 15:25:02,628", "levelname": "INFO", "name": "AresTradingSystem.System.UnifiedDataLoader", "message": "   ðŸ“Š Total rows so far: 186275", "correlation_id": "-", "session_id": "-", "timestamp": "2025-08-11T13:25:02.628670+00:00"}
{"asctime": "2025-08-11 15:25:04,611", "levelname": "INFO", "name": "AresTradingSystem.System.UnifiedDataLoader", "message": "   ðŸ“„ Processing file 140/179: part-0.parquet", "correlation_id": "-", "session_id": "-", "timestamp": "2025-08-11T13:25:04.611463+00:00"}
{"asctime": "2025-08-11 15:25:04,615", "levelname": "INFO", "name": "AresTradingSystem.System.UnifiedDataLoader", "message": "   âœ… Loaded file 140: (1440, 19)", "correlation_id": "-", "session_id": "-", "timestamp": "2025-08-11T13:25:04.615184+00:00"}
{"asctime": "2025-08-11 15:25:04,615", "levelname": "INFO", "name": "AresTradingSystem.System.UnifiedDataLoader", "message": "   ðŸ” After date filtering: (1440, 19)", "correlation_id": "-", "session_id": "-", "timestamp": "2025-08-11T13:25:04.615893+00:00"}
{"asctime": "2025-08-11 15:25:04,620", "levelname": "INFO", "name": "AresTradingSystem.System.UnifiedDataLoader", "message": "   ðŸ“Š Total rows so far: 200675", "correlation_id": "-", "session_id": "-", "timestamp": "2025-08-11T13:25:04.620581+00:00"}
{"asctime": "2025-08-11 15:25:06,654", "levelname": "INFO", "name": "AresTradingSystem.System.UnifiedDataLoader", "message": "   ðŸ“„ Processing file 150/179: part-0.parquet", "correlation_id": "-", "session_id": "-", "timestamp": "2025-08-11T13:25:06.654515+00:00"}
{"asctime": "2025-08-11 15:25:06,657", "levelname": "INFO", "name": "AresTradingSystem.System.UnifiedDataLoader", "message": "   âœ… Loaded file 150: (1440, 19)", "correlation_id": "-", "session_id": "-", "timestamp": "2025-08-11T13:25:06.657770+00:00"}
{"asctime": "2025-08-11 15:25:06,658", "levelname": "INFO", "name": "AresTradingSystem.System.UnifiedDataLoader", "message": "   ðŸ” After date filtering: (1440, 19)", "correlation_id": "-", "session_id": "-", "timestamp": "2025-08-11T13:25:06.658838+00:00"}
{"asctime": "2025-08-11 15:25:06,664", "levelname": "INFO", "name": "AresTradingSystem.System.UnifiedDataLoader", "message": "   ðŸ“Š Total rows so far: 215075", "correlation_id": "-", "session_id": "-", "timestamp": "2025-08-11T13:25:06.664152+00:00"}
{"asctime": "2025-08-11 15:25:08,722", "levelname": "INFO", "name": "AresTradingSystem.System.UnifiedDataLoader", "message": "   ðŸ“„ Processing file 160/179: part-0.parquet", "correlation_id": "-", "session_id": "-", "timestamp": "2025-08-11T13:25:08.722997+00:00"}
{"asctime": "2025-08-11 15:25:08,727", "levelname": "INFO", "name": "AresTradingSystem.System.UnifiedDataLoader", "message": "   âœ… Loaded file 160: (1440, 19)", "correlation_id": "-", "session_id": "-", "timestamp": "2025-08-11T13:25:08.727400+00:00"}
{"asctime": "2025-08-11 15:25:08,728", "levelname": "INFO", "name": "AresTradingSystem.System.UnifiedDataLoader", "message": "   ðŸ” After date filtering: (1440, 19)", "correlation_id": "-", "session_id": "-", "timestamp": "2025-08-11T13:25:08.728505+00:00"}
{"asctime": "2025-08-11 15:25:08,733", "levelname": "INFO", "name": "AresTradingSystem.System.UnifiedDataLoader", "message": "   ðŸ“Š Total rows so far: 229475", "correlation_id": "-", "session_id": "-", "timestamp": "2025-08-11T13:25:08.733206+00:00"}
{"asctime": "2025-08-11 15:25:11,116", "levelname": "INFO", "name": "AresTradingSystem.System.UnifiedDataLoader", "message": "   ðŸ“„ Processing file 170/179: part-0.parquet", "correlation_id": "-", "session_id": "-", "timestamp": "2025-08-11T13:25:11.116810+00:00"}
{"asctime": "2025-08-11 15:25:11,120", "levelname": "INFO", "name": "AresTradingSystem.System.UnifiedDataLoader", "message": "   âœ… Loaded file 170: (1440, 19)", "correlation_id": "-", "session_id": "-", "timestamp": "2025-08-11T13:25:11.120096+00:00"}
{"asctime": "2025-08-11 15:25:11,120", "levelname": "INFO", "name": "AresTradingSystem.System.UnifiedDataLoader", "message": "   ðŸ” After date filtering: (1440, 19)", "correlation_id": "-", "session_id": "-", "timestamp": "2025-08-11T13:25:11.120756+00:00"}
{"asctime": "2025-08-11 15:25:11,125", "levelname": "INFO", "name": "AresTradingSystem.System.UnifiedDataLoader", "message": "   ðŸ“Š Total rows so far: 243875", "correlation_id": "-", "session_id": "-", "timestamp": "2025-08-11T13:25:11.125941+00:00"}
{"asctime": "2025-08-11 15:25:13,227", "levelname": "INFO", "name": "AresTradingSystem.System.UnifiedDataLoader", "message": "ðŸ”„ Converting 256465 records to DataFrame...", "correlation_id": "-", "session_id": "-", "timestamp": "2025-08-11T13:25:13.227510+00:00"}
{"asctime": "2025-08-11 15:25:14,033", "levelname": "INFO", "name": "AresTradingSystem.System.UnifiedDataLoader", "message": "âœ… Memory-efficient loading completed: (256465, 19)", "correlation_id": "-", "session_id": "-", "timestamp": "2025-08-11T13:25:14.033318+00:00"}
{"asctime": "2025-08-11 15:25:14,033", "levelname": "INFO", "name": "AresTradingSystem.System", "message": "âœ… Loaded unified data: 256465 rows", "correlation_id": "-", "session_id": "-", "timestamp": "2025-08-11T13:25:14.033778+00:00"}
{"asctime": "2025-08-11 15:25:14,033", "levelname": "INFO", "name": "AresTradingSystem.System", "message": "   Date range: 0 to 256464", "correlation_id": "-", "session_id": "-", "timestamp": "2025-08-11T13:25:14.033872+00:00"}
{"asctime": "2025-08-11 15:25:14,033", "levelname": "INFO", "name": "AresTradingSystem.System", "message": "   Has aggtrades data: False", "correlation_id": "-", "session_id": "-", "timestamp": "2025-08-11T13:25:14.033988+00:00"}
{"asctime": "2025-08-11 15:25:14,034", "levelname": "INFO", "name": "AresTradingSystem.System", "message": "   Has futures data: False", "correlation_id": "-", "session_id": "-", "timestamp": "2025-08-11T13:25:14.034055+00:00"}
{"asctime": "2025-08-11 15:25:14,034", "levelname": "INFO", "name": "AresTradingSystem.System", "message": "ðŸ“ Loading regime classification results from: data/training/BINANCE_ETHUSDT_regime_classification.parquet", "correlation_id": "-", "session_id": "-", "timestamp": "2025-08-11T13:25:14.034112+00:00"}
{"asctime": "2025-08-11 15:25:14,034", "levelname": "INFO", "name": "AresTradingSystem.System", "message": "   Trying direct pandas read...", "correlation_id": "-", "session_id": "-", "timestamp": "2025-08-11T13:25:14.034173+00:00"}
{"asctime": "2025-08-11 15:25:14,036", "levelname": "INFO", "name": "AresTradingSystem.System", "message": "   âœ… Successfully loaded with direct pandas read: (675, 3)", "correlation_id": "-", "session_id": "-", "timestamp": "2025-08-11T13:25:14.036624+00:00"}
{"asctime": "2025-08-11 15:25:14,036", "levelname": "INFO", "name": "AresTradingSystem.System", "message": "âœ… Loaded regime classification data: 675 rows", "correlation_id": "-", "session_id": "-", "timestamp": "2025-08-11T13:25:14.036771+00:00"}
{"asctime": "2025-08-11 15:25:14,036", "levelname": "INFO", "name": "AresTradingSystem.System", "message": "   Regimes found: ['BULL', 'BEAR', 'SIDEWAYS']", "correlation_id": "-", "session_id": "-", "timestamp": "2025-08-11T13:25:14.036968+00:00"}
{"asctime": "2025-08-11 15:25:14,056", "levelname": "WARNING", "name": "AresTradingSystem.System", "message": "\u001b[93m\u001b[1mâš ï¸\u001b[0m \u001b[93m\u001b[1m   255790 rows have missing regime labels, filling with 'SIDEWAYS'\u001b[0m", "correlation_id": "-", "session_id": "-", "timestamp": "2025-08-11T13:25:14.056820+00:00"}
{"asctime": "2025-08-11 15:25:14,147", "levelname": "INFO", "name": "AresTradingSystem.System", "message": "âœ… Successfully split data by regimes: 3 regimes", "correlation_id": "-", "session_id": "-", "timestamp": "2025-08-11T13:25:14.147155+00:00"}
{"asctime": "2025-08-11 15:25:14,331", "levelname": "INFO", "name": "AresTradingSystem.System", "message": "âœ… Saved SIDEWAYS regime data: 256049 rows -> data/training/regime_data/SIDEWAYS.parquet", "correlation_id": "-", "session_id": "-", "timestamp": "2025-08-11T13:25:14.331627+00:00"}
{"asctime": "2025-08-11 15:25:14,333", "levelname": "INFO", "name": "AresTradingSystem.System", "message": "âœ… Saved BULL regime data: 15 rows -> data/training/regime_data/BULL.parquet", "correlation_id": "-", "session_id": "-", "timestamp": "2025-08-11T13:25:14.333897+00:00"}
{"asctime": "2025-08-11 15:25:14,339", "levelname": "INFO", "name": "AresTradingSystem.System", "message": "âœ… Saved BEAR regime data: 401 rows -> data/training/regime_data/BEAR.parquet", "correlation_id": "-", "session_id": "-", "timestamp": "2025-08-11T13:25:14.339843+00:00"}
{"asctime": "2025-08-11 15:25:14,611", "levelname": "INFO", "name": "AresTradingSystem.System", "message": "âœ… Created train/validation/test splits:", "correlation_id": "-", "session_id": "-", "timestamp": "2025-08-11T13:25:14.611036+00:00"}
{"asctime": "2025-08-11 15:25:14,611", "levelname": "INFO", "name": "AresTradingSystem.System", "message": "   Train: 179525 rows -> data/training/BINANCE_ETHUSDT_train_data.parquet", "correlation_id": "-", "session_id": "-", "timestamp": "2025-08-11T13:25:14.611237+00:00"}
{"asctime": "2025-08-11 15:25:14,611", "levelname": "INFO", "name": "AresTradingSystem.System", "message": "   Validation: 38470 rows -> data/training/BINANCE_ETHUSDT_validation_data.parquet", "correlation_id": "-", "session_id": "-", "timestamp": "2025-08-11T13:25:14.611305+00:00"}
{"asctime": "2025-08-11 15:25:14,611", "levelname": "INFO", "name": "AresTradingSystem.System", "message": "   Test: 38470 rows -> data/training/BINANCE_ETHUSDT_test_data.parquet", "correlation_id": "-", "session_id": "-", "timestamp": "2025-08-11T13:25:14.611364+00:00"}
{"asctime": "2025-08-11 15:25:14,615", "levelname": "INFO", "name": "AresTradingSystem.System", "message": "ðŸ“Š Regime Data Splitting Results:", "correlation_id": "-", "session_id": "-", "timestamp": "2025-08-11T13:25:14.615776+00:00"}
{"asctime": "2025-08-11 15:25:14,615", "levelname": "INFO", "name": "AresTradingSystem.System", "message": "   SIDEWAYS: 256049 rows (99.8%)", "correlation_id": "-", "session_id": "-", "timestamp": "2025-08-11T13:25:14.615921+00:00"}
{"asctime": "2025-08-11 15:25:14,615", "levelname": "INFO", "name": "AresTradingSystem.System", "message": "   BULL: 15 rows (0.0%)", "correlation_id": "-", "session_id": "-", "timestamp": "2025-08-11T13:25:14.615980+00:00"}
{"asctime": "2025-08-11 15:25:14,616", "levelname": "INFO", "name": "AresTradingSystem.System", "message": "   BEAR: 401 rows (0.2%)", "correlation_id": "-", "session_id": "-", "timestamp": "2025-08-11T13:25:14.616033+00:00"}
{"asctime": "2025-08-11 15:25:14,616", "levelname": "INFO", "name": "AresTradingSystem.System", "message": "âœ… Regime data splitting completed successfully", "correlation_id": "-", "session_id": "-", "timestamp": "2025-08-11T13:25:14.616085+00:00"}
{"asctime": "2025-08-11 15:25:14,868", "levelname": "INFO", "name": "AresTradingSystem.System.AnalystLabelingFeatureEngineeringStep", "message": "Initializing Analyst Labeling and Feature Engineering Step...", "correlation_id": "-", "session_id": "-", "timestamp": "2025-08-11T13:25:14.868360+00:00"}
{"asctime": "2025-08-11 15:25:14,916", "levelname": "INFO", "name": "AresTradingSystem.System.VectorizedLabellingOrchestrator", "message": "ðŸš€ Initializing vectorized labeling orchestrator...", "correlation_id": "-", "session_id": "-", "timestamp": "2025-08-11T13:25:14.916929+00:00"}
