{"asctime": "2025-08-10 00:37:08,843", "levelname": "INFO", "name": "AresTradingSystem", "message": "✅ Enhanced Logger initialization completed successfully", "correlation_id": "-", "session_id": "-", "timestamp": "2025-08-09T22:37:08.843815+00:00"}
{"asctime": "2025-08-10 00:37:08,877", "levelname": "INFO", "name": "AresTradingSystem.System", "message": "Environment configuration loaded successfully. Trading Environment: PAPER, Exchange: BINANCE", "correlation_id": "-", "session_id": "-", "timestamp": "2025-08-09T22:37:08.877344+00:00"}
{"asctime": "2025-08-10 00:37:08,883", "levelname": "INFO", "name": "AresTradingSystem.System.OptimizedDataDownloader", "message": "🚀 CLEAN DATA DOWNLOAD PROCESS STARTED", "correlation_id": "-", "session_id": "-", "timestamp": "2025-08-09T22:37:08.883765+00:00"}
{"asctime": "2025-08-10 00:37:08,884", "levelname": "INFO", "name": "AresTradingSystem.System.OptimizedDataDownloader", "message": "🔧 STEP 1: Initializing...", "correlation_id": "-", "session_id": "-", "timestamp": "2025-08-09T22:37:08.884953+00:00"}
{"asctime": "2025-08-10 00:37:08,885", "levelname": "INFO", "name": "AresTradingSystem.System.OptimizedDataDownloader", "message": "🔧 STEP 1: Initializing clean downloader with CCXT...", "correlation_id": "-", "session_id": "-", "timestamp": "2025-08-09T22:37:08.885180+00:00"}
{"asctime": "2025-08-10 00:37:08,902", "levelname": "INFO", "name": "AresTradingSystem.System.OptimizedDataDownloader", "message": "✅ CCXT exchange created for BINANCE", "correlation_id": "-", "session_id": "-", "timestamp": "2025-08-09T22:37:08.902548+00:00"}
{"asctime": "2025-08-10 00:37:08,906", "levelname": "INFO", "name": "AresTradingSystem.System.OptimizedDataDownloader", "message": "🔄 STEP 4: Starting parallel downloads for all data types...", "correlation_id": "-", "session_id": "-", "timestamp": "2025-08-09T22:37:08.906486+00:00"}
{"asctime": "2025-08-10 00:37:08,906", "levelname": "INFO", "name": "AresTradingSystem.System.OptimizedDataDownloader", "message": "📋 Created 3 parallel download tasks", "correlation_id": "-", "session_id": "-", "timestamp": "2025-08-09T22:37:08.906958+00:00"}
{"asctime": "2025-08-10 00:37:08,907", "levelname": "INFO", "name": "AresTradingSystem.System.OptimizedDataDownloader", "message": "⏳ Executing all tasks concurrently...", "correlation_id": "-", "session_id": "-", "timestamp": "2025-08-09T22:37:08.907097+00:00"}
{"asctime": "2025-08-10 00:37:08,907", "levelname": "INFO", "name": "AresTradingSystem.System.OptimizedDataDownloader", "message": "📈 STEP 3A: Starting parallel klines download...", "correlation_id": "-", "session_id": "-", "timestamp": "2025-08-09T22:37:08.907501+00:00"}
{"asctime": "2025-08-10 00:37:08,907", "levelname": "INFO", "name": "AresTradingSystem.System.OptimizedDataDownloader", "message": "📅 STEP 2: Calculating time periods for klines...", "correlation_id": "-", "session_id": "-", "timestamp": "2025-08-09T22:37:08.907801+00:00"}
{"asctime": "2025-08-10 00:37:08,908", "levelname": "INFO", "name": "AresTradingSystem.System.OptimizedDataDownloader", "message": "📊 Date range: 2023-08-11 to 2025-08-10", "correlation_id": "-", "session_id": "-", "timestamp": "2025-08-09T22:37:08.908009+00:00"}
{"asctime": "2025-08-10 00:37:08,908", "levelname": "INFO", "name": "AresTradingSystem.System.OptimizedDataDownloader", "message": "📊 Total days: 730", "correlation_id": "-", "session_id": "-", "timestamp": "2025-08-09T22:37:08.908496+00:00"}
{"asctime": "2025-08-10 00:37:08,908", "levelname": "INFO", "name": "AresTradingSystem.System.OptimizedDataDownloader", "message": "📈 Processing klines (monthly periods)...", "correlation_id": "-", "session_id": "-", "timestamp": "2025-08-09T22:37:08.908701+00:00"}
{"asctime": "2025-08-10 00:37:08,909", "levelname": "INFO", "name": "AresTradingSystem.System.OptimizedDataDownloader", "message": "📁 Skipping existing: klines_BINANCE_ETHUSDT_1m_2023-08.csv", "correlation_id": "-", "session_id": "-", "timestamp": "2025-08-09T22:37:08.909126+00:00"}
{"asctime": "2025-08-10 00:37:08,909", "levelname": "INFO", "name": "AresTradingSystem.System.OptimizedDataDownloader", "message": "📁 Skipping existing: klines_BINANCE_ETHUSDT_1m_2023-09.csv", "correlation_id": "-", "session_id": "-", "timestamp": "2025-08-09T22:37:08.909316+00:00"}
{"asctime": "2025-08-10 00:37:08,909", "levelname": "INFO", "name": "AresTradingSystem.System.OptimizedDataDownloader", "message": "📁 Skipping existing: klines_BINANCE_ETHUSDT_1m_2023-10.csv", "correlation_id": "-", "session_id": "-", "timestamp": "2025-08-09T22:37:08.909472+00:00"}
{"asctime": "2025-08-10 00:37:08,909", "levelname": "INFO", "name": "AresTradingSystem.System.OptimizedDataDownloader", "message": "📁 Skipping existing: klines_BINANCE_ETHUSDT_1m_2023-11.csv", "correlation_id": "-", "session_id": "-", "timestamp": "2025-08-09T22:37:08.909754+00:00"}
{"asctime": "2025-08-10 00:37:08,910", "levelname": "INFO", "name": "AresTradingSystem.System.OptimizedDataDownloader", "message": "📁 Skipping existing: klines_BINANCE_ETHUSDT_1m_2023-12.csv", "correlation_id": "-", "session_id": "-", "timestamp": "2025-08-09T22:37:08.910442+00:00"}
{"asctime": "2025-08-10 00:37:08,910", "levelname": "INFO", "name": "AresTradingSystem.System.OptimizedDataDownloader", "message": "📁 Skipping existing: klines_BINANCE_ETHUSDT_1m_2024-01.csv", "correlation_id": "-", "session_id": "-", "timestamp": "2025-08-09T22:37:08.910584+00:00"}
{"asctime": "2025-08-10 00:37:08,910", "levelname": "INFO", "name": "AresTradingSystem.System.OptimizedDataDownloader", "message": "📁 Skipping existing: klines_BINANCE_ETHUSDT_1m_2024-02.csv", "correlation_id": "-", "session_id": "-", "timestamp": "2025-08-09T22:37:08.910706+00:00"}
{"asctime": "2025-08-10 00:37:08,910", "levelname": "INFO", "name": "AresTradingSystem.System.OptimizedDataDownloader", "message": "📁 Skipping existing: klines_BINANCE_ETHUSDT_1m_2024-03.csv", "correlation_id": "-", "session_id": "-", "timestamp": "2025-08-09T22:37:08.910817+00:00"}
{"asctime": "2025-08-10 00:37:08,910", "levelname": "INFO", "name": "AresTradingSystem.System.OptimizedDataDownloader", "message": "📁 Skipping existing: klines_BINANCE_ETHUSDT_1m_2024-04.csv", "correlation_id": "-", "session_id": "-", "timestamp": "2025-08-09T22:37:08.910924+00:00"}
{"asctime": "2025-08-10 00:37:08,911", "levelname": "INFO", "name": "AresTradingSystem.System.OptimizedDataDownloader", "message": "📁 Skipping existing: klines_BINANCE_ETHUSDT_1m_2024-05.csv", "correlation_id": "-", "session_id": "-", "timestamp": "2025-08-09T22:37:08.911029+00:00"}
{"asctime": "2025-08-10 00:37:08,911", "levelname": "INFO", "name": "AresTradingSystem.System.OptimizedDataDownloader", "message": "📁 Skipping existing: klines_BINANCE_ETHUSDT_1m_2024-06.csv", "correlation_id": "-", "session_id": "-", "timestamp": "2025-08-09T22:37:08.911136+00:00"}
{"asctime": "2025-08-10 00:37:08,911", "levelname": "INFO", "name": "AresTradingSystem.System.OptimizedDataDownloader", "message": "📁 Skipping existing: klines_BINANCE_ETHUSDT_1m_2024-07.csv", "correlation_id": "-", "session_id": "-", "timestamp": "2025-08-09T22:37:08.911248+00:00"}
{"asctime": "2025-08-10 00:37:08,911", "levelname": "INFO", "name": "AresTradingSystem.System.OptimizedDataDownloader", "message": "📁 Skipping existing: klines_BINANCE_ETHUSDT_1m_2024-08.csv", "correlation_id": "-", "session_id": "-", "timestamp": "2025-08-09T22:37:08.911351+00:00"}
{"asctime": "2025-08-10 00:37:08,911", "levelname": "INFO", "name": "AresTradingSystem.System.OptimizedDataDownloader", "message": "📁 Skipping existing: klines_BINANCE_ETHUSDT_1m_2024-09.csv", "correlation_id": "-", "session_id": "-", "timestamp": "2025-08-09T22:37:08.911729+00:00"}
{"asctime": "2025-08-10 00:37:08,912", "levelname": "INFO", "name": "AresTradingSystem.System.OptimizedDataDownloader", "message": "📁 Skipping existing: klines_BINANCE_ETHUSDT_1m_2024-10.csv", "correlation_id": "-", "session_id": "-", "timestamp": "2025-08-09T22:37:08.912255+00:00"}
{"asctime": "2025-08-10 00:37:08,912", "levelname": "INFO", "name": "AresTradingSystem.System.OptimizedDataDownloader", "message": "📁 Skipping existing: klines_BINANCE_ETHUSDT_1m_2024-11.csv", "correlation_id": "-", "session_id": "-", "timestamp": "2025-08-09T22:37:08.912381+00:00"}
{"asctime": "2025-08-10 00:37:08,912", "levelname": "INFO", "name": "AresTradingSystem.System.OptimizedDataDownloader", "message": "📁 Skipping existing: klines_BINANCE_ETHUSDT_1m_2024-12.csv", "correlation_id": "-", "session_id": "-", "timestamp": "2025-08-09T22:37:08.912503+00:00"}
{"asctime": "2025-08-10 00:37:08,912", "levelname": "INFO", "name": "AresTradingSystem.System.OptimizedDataDownloader", "message": "📁 Skipping existing: klines_BINANCE_ETHUSDT_1m_2025-01.csv", "correlation_id": "-", "session_id": "-", "timestamp": "2025-08-09T22:37:08.912610+00:00"}
{"asctime": "2025-08-10 00:37:08,912", "levelname": "INFO", "name": "AresTradingSystem.System.OptimizedDataDownloader", "message": "📁 Skipping existing: klines_BINANCE_ETHUSDT_1m_2025-02.csv", "correlation_id": "-", "session_id": "-", "timestamp": "2025-08-09T22:37:08.912714+00:00"}
{"asctime": "2025-08-10 00:37:08,912", "levelname": "INFO", "name": "AresTradingSystem.System.OptimizedDataDownloader", "message": "📁 Skipping existing: klines_BINANCE_ETHUSDT_1m_2025-03.csv", "correlation_id": "-", "session_id": "-", "timestamp": "2025-08-09T22:37:08.912824+00:00"}
{"asctime": "2025-08-10 00:37:08,912", "levelname": "INFO", "name": "AresTradingSystem.System.OptimizedDataDownloader", "message": "📁 Skipping existing: klines_BINANCE_ETHUSDT_1m_2025-04.csv", "correlation_id": "-", "session_id": "-", "timestamp": "2025-08-09T22:37:08.912925+00:00"}
{"asctime": "2025-08-10 00:37:08,913", "levelname": "INFO", "name": "AresTradingSystem.System.OptimizedDataDownloader", "message": "📁 Skipping existing: klines_BINANCE_ETHUSDT_1m_2025-05.csv", "correlation_id": "-", "session_id": "-", "timestamp": "2025-08-09T22:37:08.913026+00:00"}
{"asctime": "2025-08-10 00:37:08,913", "levelname": "INFO", "name": "AresTradingSystem.System.OptimizedDataDownloader", "message": "📁 Skipping existing: klines_BINANCE_ETHUSDT_1m_2025-06.csv", "correlation_id": "-", "session_id": "-", "timestamp": "2025-08-09T22:37:08.913137+00:00"}
{"asctime": "2025-08-10 00:37:08,913", "levelname": "INFO", "name": "AresTradingSystem.System.OptimizedDataDownloader", "message": "📁 Skipping existing: klines_BINANCE_ETHUSDT_1m_2025-07.csv", "correlation_id": "-", "session_id": "-", "timestamp": "2025-08-09T22:37:08.913263+00:00"}
{"asctime": "2025-08-10 00:37:08,913", "levelname": "INFO", "name": "AresTradingSystem.System.OptimizedDataDownloader", "message": "📁 Skipping existing: klines_BINANCE_ETHUSDT_1m_2025-08.csv", "correlation_id": "-", "session_id": "-", "timestamp": "2025-08-09T22:37:08.913379+00:00"}
{"asctime": "2025-08-10 00:37:08,913", "levelname": "INFO", "name": "AresTradingSystem.System.OptimizedDataDownloader", "message": "📊 Summary: 0 months to download, 25 months skipped", "correlation_id": "-", "session_id": "-", "timestamp": "2025-08-09T22:37:08.913504+00:00"}
{"asctime": "2025-08-10 00:37:08,913", "levelname": "INFO", "name": "AresTradingSystem.System.OptimizedDataDownloader", "message": "📁 No klines periods to download", "correlation_id": "-", "session_id": "-", "timestamp": "2025-08-09T22:37:08.913608+00:00"}
{"asctime": "2025-08-10 00:37:08,913", "levelname": "INFO", "name": "AresTradingSystem.System.OptimizedDataDownloader", "message": "📊 STEP 3B: Starting parallel aggtrades download...", "correlation_id": "-", "session_id": "-", "timestamp": "2025-08-09T22:37:08.913916+00:00"}
{"asctime": "2025-08-10 00:37:08,914", "levelname": "INFO", "name": "AresTradingSystem.System.OptimizedDataDownloader", "message": "📅 STEP 2: Calculating time periods for aggtrades...", "correlation_id": "-", "session_id": "-", "timestamp": "2025-08-09T22:37:08.914110+00:00"}
{"asctime": "2025-08-10 00:37:17,791", "levelname": "INFO", "name": "AresTradingSystem.System.OptimizedDataDownloader", "message": "📊 Date range: 2025-08-09 to 2025-08-10", "correlation_id": "-", "session_id": "-", "timestamp": "2025-08-09T22:37:17.791682+00:00"}
{"asctime": "2025-08-10 00:37:17,792", "levelname": "INFO", "name": "AresTradingSystem.System.OptimizedDataDownloader", "message": "📊 Total days: 0", "correlation_id": "-", "session_id": "-", "timestamp": "2025-08-09T22:37:17.792556+00:00"}
{"asctime": "2025-08-10 00:37:17,792", "levelname": "INFO", "name": "AresTradingSystem.System.OptimizedDataDownloader", "message": "📊 Processing aggtrades (daily periods)...", "correlation_id": "-", "session_id": "-", "timestamp": "2025-08-09T22:37:17.792699+00:00"}
{"asctime": "2025-08-10 00:37:26,047", "levelname": "INFO", "name": "AresTradingSystem.System.OptimizedDataDownloader", "message": "📁 No aggtrades periods to download", "correlation_id": "-", "session_id": "-", "timestamp": "2025-08-09T22:37:26.047314+00:00"}
{"asctime": "2025-08-10 00:37:26,049", "levelname": "INFO", "name": "AresTradingSystem.System.OptimizedDataDownloader", "message": "📈 STEP 3C: Starting parallel futures download...", "correlation_id": "-", "session_id": "-", "timestamp": "2025-08-09T22:37:26.049016+00:00"}
{"asctime": "2025-08-10 00:37:26,049", "levelname": "INFO", "name": "AresTradingSystem.System.OptimizedDataDownloader", "message": "📅 STEP 2: Calculating time periods for futures...", "correlation_id": "-", "session_id": "-", "timestamp": "2025-08-09T22:37:26.049295+00:00"}
{"asctime": "2025-08-10 00:37:26,049", "levelname": "INFO", "name": "AresTradingSystem.System.OptimizedDataDownloader", "message": "📊 Date range: 2023-08-11 to 2025-08-10", "correlation_id": "-", "session_id": "-", "timestamp": "2025-08-09T22:37:26.049454+00:00"}
{"asctime": "2025-08-10 00:37:26,049", "levelname": "INFO", "name": "AresTradingSystem.System.OptimizedDataDownloader", "message": "📊 Total days: 730", "correlation_id": "-", "session_id": "-", "timestamp": "2025-08-09T22:37:26.049568+00:00"}
{"asctime": "2025-08-10 00:37:26,049", "levelname": "INFO", "name": "AresTradingSystem.System.OptimizedDataDownloader", "message": "📈 Processing futures (monthly periods)...", "correlation_id": "-", "session_id": "-", "timestamp": "2025-08-09T22:37:26.049674+00:00"}
{"asctime": "2025-08-10 00:37:26,049", "levelname": "INFO", "name": "AresTradingSystem.System.OptimizedDataDownloader", "message": "📁 Skipping existing: futures_BINANCE_ETHUSDT_2023-08.csv", "correlation_id": "-", "session_id": "-", "timestamp": "2025-08-09T22:37:26.049822+00:00"}
{"asctime": "2025-08-10 00:37:26,049", "levelname": "INFO", "name": "AresTradingSystem.System.OptimizedDataDownloader", "message": "📁 Skipping existing: futures_BINANCE_ETHUSDT_2023-09.csv", "correlation_id": "-", "session_id": "-", "timestamp": "2025-08-09T22:37:26.049967+00:00"}
{"asctime": "2025-08-10 00:37:26,050", "levelname": "INFO", "name": "AresTradingSystem.System.OptimizedDataDownloader", "message": "📁 Skipping existing: futures_BINANCE_ETHUSDT_2023-10.csv", "correlation_id": "-", "session_id": "-", "timestamp": "2025-08-09T22:37:26.050118+00:00"}
{"asctime": "2025-08-10 00:37:26,050", "levelname": "INFO", "name": "AresTradingSystem.System.OptimizedDataDownloader", "message": "📁 Skipping existing: futures_BINANCE_ETHUSDT_2023-11.csv", "correlation_id": "-", "session_id": "-", "timestamp": "2025-08-09T22:37:26.050232+00:00"}
{"asctime": "2025-08-10 00:37:26,050", "levelname": "INFO", "name": "AresTradingSystem.System.OptimizedDataDownloader", "message": "📁 Skipping existing: futures_BINANCE_ETHUSDT_2023-12.csv", "correlation_id": "-", "session_id": "-", "timestamp": "2025-08-09T22:37:26.050341+00:00"}
{"asctime": "2025-08-10 00:37:26,050", "levelname": "INFO", "name": "AresTradingSystem.System.OptimizedDataDownloader", "message": "📁 Skipping existing: futures_BINANCE_ETHUSDT_2024-01.csv", "correlation_id": "-", "session_id": "-", "timestamp": "2025-08-09T22:37:26.050658+00:00"}
{"asctime": "2025-08-10 00:37:26,051", "levelname": "INFO", "name": "AresTradingSystem.System.OptimizedDataDownloader", "message": "📁 Skipping existing: futures_BINANCE_ETHUSDT_2024-02.csv", "correlation_id": "-", "session_id": "-", "timestamp": "2025-08-09T22:37:26.051026+00:00"}
{"asctime": "2025-08-10 00:37:26,051", "levelname": "INFO", "name": "AresTradingSystem.System.OptimizedDataDownloader", "message": "📁 Skipping existing: futures_BINANCE_ETHUSDT_2024-03.csv", "correlation_id": "-", "session_id": "-", "timestamp": "2025-08-09T22:37:26.051316+00:00"}
{"asctime": "2025-08-10 00:37:26,051", "levelname": "INFO", "name": "AresTradingSystem.System.OptimizedDataDownloader", "message": "📁 Skipping existing: futures_BINANCE_ETHUSDT_2024-04.csv", "correlation_id": "-", "session_id": "-", "timestamp": "2025-08-09T22:37:26.051440+00:00"}
{"asctime": "2025-08-10 00:37:26,051", "levelname": "INFO", "name": "AresTradingSystem.System.OptimizedDataDownloader", "message": "📁 Skipping existing: futures_BINANCE_ETHUSDT_2024-05.csv", "correlation_id": "-", "session_id": "-", "timestamp": "2025-08-09T22:37:26.051876+00:00"}
{"asctime": "2025-08-10 00:37:26,052", "levelname": "INFO", "name": "AresTradingSystem.System.OptimizedDataDownloader", "message": "📁 Skipping existing: futures_BINANCE_ETHUSDT_2024-06.csv", "correlation_id": "-", "session_id": "-", "timestamp": "2025-08-09T22:37:26.052188+00:00"}
{"asctime": "2025-08-10 00:37:26,052", "levelname": "INFO", "name": "AresTradingSystem.System.OptimizedDataDownloader", "message": "📁 Skipping existing: futures_BINANCE_ETHUSDT_2024-07.csv", "correlation_id": "-", "session_id": "-", "timestamp": "2025-08-09T22:37:26.052548+00:00"}
{"asctime": "2025-08-10 00:37:26,052", "levelname": "INFO", "name": "AresTradingSystem.System.OptimizedDataDownloader", "message": "📁 Skipping existing: futures_BINANCE_ETHUSDT_2024-08.csv", "correlation_id": "-", "session_id": "-", "timestamp": "2025-08-09T22:37:26.052777+00:00"}
{"asctime": "2025-08-10 00:37:26,052", "levelname": "INFO", "name": "AresTradingSystem.System.OptimizedDataDownloader", "message": "📁 Skipping existing: futures_BINANCE_ETHUSDT_2024-09.csv", "correlation_id": "-", "session_id": "-", "timestamp": "2025-08-09T22:37:26.052918+00:00"}
{"asctime": "2025-08-10 00:37:26,056", "levelname": "INFO", "name": "AresTradingSystem.System.OptimizedDataDownloader", "message": "📁 Skipping existing: futures_BINANCE_ETHUSDT_2024-10.csv", "correlation_id": "-", "session_id": "-", "timestamp": "2025-08-09T22:37:26.056125+00:00"}
{"asctime": "2025-08-10 00:37:26,056", "levelname": "INFO", "name": "AresTradingSystem.System.OptimizedDataDownloader", "message": "📁 Skipping existing: futures_BINANCE_ETHUSDT_2024-11.csv", "correlation_id": "-", "session_id": "-", "timestamp": "2025-08-09T22:37:26.056624+00:00"}
{"asctime": "2025-08-10 00:37:26,056", "levelname": "INFO", "name": "AresTradingSystem.System.OptimizedDataDownloader", "message": "📁 Skipping existing: futures_BINANCE_ETHUSDT_2024-12.csv", "correlation_id": "-", "session_id": "-", "timestamp": "2025-08-09T22:37:26.056798+00:00"}
{"asctime": "2025-08-10 00:37:26,056", "levelname": "INFO", "name": "AresTradingSystem.System.OptimizedDataDownloader", "message": "📁 Skipping existing: futures_BINANCE_ETHUSDT_2025-01.csv", "correlation_id": "-", "session_id": "-", "timestamp": "2025-08-09T22:37:26.056968+00:00"}
{"asctime": "2025-08-10 00:37:26,057", "levelname": "INFO", "name": "AresTradingSystem.System.OptimizedDataDownloader", "message": "📁 Skipping existing: futures_BINANCE_ETHUSDT_2025-02.csv", "correlation_id": "-", "session_id": "-", "timestamp": "2025-08-09T22:37:26.057094+00:00"}
{"asctime": "2025-08-10 00:37:26,057", "levelname": "INFO", "name": "AresTradingSystem.System.OptimizedDataDownloader", "message": "📁 Skipping existing: futures_BINANCE_ETHUSDT_2025-03.csv", "correlation_id": "-", "session_id": "-", "timestamp": "2025-08-09T22:37:26.057230+00:00"}
{"asctime": "2025-08-10 00:37:26,057", "levelname": "INFO", "name": "AresTradingSystem.System.OptimizedDataDownloader", "message": "📁 Skipping existing: futures_BINANCE_ETHUSDT_2025-04.csv", "correlation_id": "-", "session_id": "-", "timestamp": "2025-08-09T22:37:26.057352+00:00"}
{"asctime": "2025-08-10 00:37:26,057", "levelname": "INFO", "name": "AresTradingSystem.System.OptimizedDataDownloader", "message": "📁 Skipping existing: futures_BINANCE_ETHUSDT_2025-05.csv", "correlation_id": "-", "session_id": "-", "timestamp": "2025-08-09T22:37:26.057468+00:00"}
{"asctime": "2025-08-10 00:37:26,057", "levelname": "INFO", "name": "AresTradingSystem.System.OptimizedDataDownloader", "message": "📁 Skipping existing: futures_BINANCE_ETHUSDT_2025-06.csv", "correlation_id": "-", "session_id": "-", "timestamp": "2025-08-09T22:37:26.057609+00:00"}
{"asctime": "2025-08-10 00:37:26,057", "levelname": "INFO", "name": "AresTradingSystem.System.OptimizedDataDownloader", "message": "📁 Skipping existing: futures_BINANCE_ETHUSDT_2025-07.csv", "correlation_id": "-", "session_id": "-", "timestamp": "2025-08-09T22:37:26.057725+00:00"}
{"asctime": "2025-08-10 00:37:26,057", "levelname": "INFO", "name": "AresTradingSystem.System.OptimizedDataDownloader", "message": "📁 Skipping existing: futures_BINANCE_ETHUSDT_2025-08.csv", "correlation_id": "-", "session_id": "-", "timestamp": "2025-08-09T22:37:26.057836+00:00"}
{"asctime": "2025-08-10 00:37:26,058", "levelname": "INFO", "name": "AresTradingSystem.System.OptimizedDataDownloader", "message": "📊 Summary: 0 months to download, 25 months skipped", "correlation_id": "-", "session_id": "-", "timestamp": "2025-08-09T22:37:26.058203+00:00"}
{"asctime": "2025-08-10 00:37:26,058", "levelname": "INFO", "name": "AresTradingSystem.System.OptimizedDataDownloader", "message": "📁 No futures periods to download", "correlation_id": "-", "session_id": "-", "timestamp": "2025-08-09T22:37:26.058476+00:00"}
{"asctime": "2025-08-10 00:37:26,059", "levelname": "INFO", "name": "AresTradingSystem.System.OptimizedDataDownloader", "message": "📊 Processing final results...", "correlation_id": "-", "session_id": "-", "timestamp": "2025-08-09T22:37:26.059831+00:00"}
{"asctime": "2025-08-10 00:37:26,060", "levelname": "INFO", "name": "AresTradingSystem.System.OptimizedDataDownloader", "message": "✅ Klines download completed successfully", "correlation_id": "-", "session_id": "-", "timestamp": "2025-08-09T22:37:26.060129+00:00"}
{"asctime": "2025-08-10 00:37:26,060", "levelname": "INFO", "name": "AresTradingSystem.System.OptimizedDataDownloader", "message": "✅ Aggtrades download completed successfully", "correlation_id": "-", "session_id": "-", "timestamp": "2025-08-09T22:37:26.060275+00:00"}
{"asctime": "2025-08-10 00:37:26,060", "levelname": "INFO", "name": "AresTradingSystem.System.OptimizedDataDownloader", "message": "✅ Futures download completed successfully", "correlation_id": "-", "session_id": "-", "timestamp": "2025-08-09T22:37:26.060376+00:00"}
{"asctime": "2025-08-10 00:37:26,060", "levelname": "INFO", "name": "AresTradingSystem.System.OptimizedDataDownloader", "message": "🎉 CLEAN DOWNLOAD PROCESS COMPLETED", "correlation_id": "-", "session_id": "-", "timestamp": "2025-08-09T22:37:26.060512+00:00"}
{"asctime": "2025-08-10 00:37:26,060", "levelname": "INFO", "name": "AresTradingSystem.System.OptimizedDataDownloader", "message": "📊 FINAL STATISTICS:", "correlation_id": "-", "session_id": "-", "timestamp": "2025-08-09T22:37:26.060884+00:00"}
{"asctime": "2025-08-10 00:37:26,061", "levelname": "INFO", "name": "AresTradingSystem.System.OptimizedDataDownloader", "message": "✅ Successful downloads: 3/3", "correlation_id": "-", "session_id": "-", "timestamp": "2025-08-09T22:37:26.061110+00:00"}
{"asctime": "2025-08-10 00:37:26,061", "levelname": "INFO", "name": "AresTradingSystem.System.OptimizedDataDownloader", "message": "❌ Failed downloads: 0/3", "correlation_id": "-", "session_id": "-", "timestamp": "2025-08-09T22:37:26.061342+00:00"}
{"asctime": "2025-08-10 00:37:26,061", "levelname": "INFO", "name": "AresTradingSystem.System.OptimizedDataDownloader", "message": "⏱️ Total time: 17.18 seconds", "correlation_id": "-", "session_id": "-", "timestamp": "2025-08-09T22:37:26.061522+00:00"}
{"asctime": "2025-08-10 00:37:26,061", "levelname": "INFO", "name": "AresTradingSystem.System.OptimizedDataDownloader", "message": "📈 Klines files downloaded: 0", "correlation_id": "-", "session_id": "-", "timestamp": "2025-08-09T22:37:26.061690+00:00"}
{"asctime": "2025-08-10 00:37:26,061", "levelname": "INFO", "name": "AresTradingSystem.System.OptimizedDataDownloader", "message": "📊 Aggtrades files downloaded: 0", "correlation_id": "-", "session_id": "-", "timestamp": "2025-08-09T22:37:26.061903+00:00"}
{"asctime": "2025-08-10 00:37:26,062", "levelname": "INFO", "name": "AresTradingSystem.System.OptimizedDataDownloader", "message": "📈 Futures files downloaded: 0", "correlation_id": "-", "session_id": "-", "timestamp": "2025-08-09T22:37:26.062086+00:00"}
{"asctime": "2025-08-10 00:37:26,062", "levelname": "INFO", "name": "AresTradingSystem.System.OptimizedDataDownloader", "message": "❌ Total errors: 0", "correlation_id": "-", "session_id": "-", "timestamp": "2025-08-09T22:37:26.062266+00:00"}
{"asctime": "2025-08-10 00:37:26,062", "levelname": "INFO", "name": "AresTradingSystem.System.OptimizedDataDownloader", "message": "🧹 Cleaning up resources...", "correlation_id": "-", "session_id": "-", "timestamp": "2025-08-09T22:37:26.062469+00:00"}
{"asctime": "2025-08-10 00:37:26,393", "levelname": "INFO", "name": "AresTradingSystem.System.OptimizedDataDownloader", "message": "✅ CCXT exchange closed", "correlation_id": "-", "session_id": "-", "timestamp": "2025-08-09T22:37:26.393391+00:00"}
{"asctime": "2025-08-10 00:37:26,399", "levelname": "INFO", "name": "AresTradingSystem.System.OptimizedDataDownloader", "message": "✅ Cleanup completed", "correlation_id": "-", "session_id": "-", "timestamp": "2025-08-09T22:37:26.399786+00:00"}
{"asctime": "2025-08-10 00:37:26,407", "levelname": "INFO", "name": "AresTradingSystem.System.OptimizedDataDownloader", "message": "✅ Clean download completed successfully", "correlation_id": "-", "session_id": "-", "timestamp": "2025-08-09T22:37:26.407094+00:00"}
