{"asctime": "2025-08-10 23:26:31,800", "levelname": "INFO", "name": "AresTradingSystem", "message": "✅ Enhanced Logger initialization completed successfully", "correlation_id": "-", "session_id": "-", "timestamp": "2025-08-10T21:26:31.800290+00:00"}
{"asctime": "2025-08-10 23:26:31,803", "levelname": "INFO", "name": "AresTradingSystem.System.VectorizedAdvancedFeatureEngineering", "message": "🚀 Initializing vectorized advanced feature engineering...", "correlation_id": "-", "session_id": "-", "timestamp": "2025-08-10T21:26:31.803934+00:00"}
{"asctime": "2025-08-10 23:26:31,805", "levelname": "INFO", "name": "AresTradingSystem.System.WaveletFeatureCache", "message": "✅ Cache directory initialized: data/wavelet_cache", "correlation_id": "-", "session_id": "-", "timestamp": "2025-08-10T21:26:31.805005+00:00"}
{"asctime": "2025-08-10 23:26:31,805", "levelname": "INFO", "name": "AresTradingSystem.System.VectorizedVolatilityRegimeModel", "message": "🚀 Initializing vectorized volatility regime model...", "correlation_id": "-", "session_id": "-", "timestamp": "2025-08-10T21:26:31.805368+00:00"}
{"asctime": "2025-08-10 23:26:31,805", "levelname": "INFO", "name": "AresTradingSystem.System.VectorizedVolatilityRegimeModel", "message": "✅ Vectorized volatility regime model initialized successfully", "correlation_id": "-", "session_id": "-", "timestamp": "2025-08-10T21:26:31.805723+00:00"}
{"asctime": "2025-08-10 23:26:31,806", "levelname": "INFO", "name": "AresTradingSystem.System.VectorizedCorrelationAnalyzer", "message": "🚀 Initializing vectorized correlation analyzer...", "correlation_id": "-", "session_id": "-", "timestamp": "2025-08-10T21:26:31.806089+00:00"}
{"asctime": "2025-08-10 23:26:31,806", "levelname": "INFO", "name": "AresTradingSystem.System.VectorizedCorrelationAnalyzer", "message": "✅ Vectorized correlation analyzer initialized successfully", "correlation_id": "-", "session_id": "-", "timestamp": "2025-08-10T21:26:31.806342+00:00"}
{"asctime": "2025-08-10 23:26:31,806", "levelname": "INFO", "name": "AresTradingSystem.System.VectorizedMomentumAnalyzer", "message": "🚀 Initializing vectorized momentum analyzer...", "correlation_id": "-", "session_id": "-", "timestamp": "2025-08-10T21:26:31.806536+00:00"}
{"asctime": "2025-08-10 23:26:31,806", "levelname": "INFO", "name": "AresTradingSystem.System.VectorizedMomentumAnalyzer", "message": "✅ Vectorized momentum analyzer initialized successfully", "correlation_id": "-", "session_id": "-", "timestamp": "2025-08-10T21:26:31.806704+00:00"}
{"asctime": "2025-08-10 23:26:31,806", "levelname": "INFO", "name": "AresTradingSystem.System.VectorizedLiquidityAnalyzer", "message": "🚀 Initializing vectorized liquidity analyzer...", "correlation_id": "-", "session_id": "-", "timestamp": "2025-08-10T21:26:31.806792+00:00"}
{"asctime": "2025-08-10 23:26:31,806", "levelname": "INFO", "name": "AresTradingSystem.System.VectorizedLiquidityAnalyzer", "message": "✅ Vectorized liquidity analyzer initialized successfully", "correlation_id": "-", "session_id": "-", "timestamp": "2025-08-10T21:26:31.806863+00:00"}
{"asctime": "2025-08-10 23:26:31,807", "levelname": "INFO", "name": "AresTradingSystem.System.VectorizedCandlestickPatternAnalyzer", "message": "🚀 Initializing vectorized candlestick pattern analyzer...", "correlation_id": "-", "session_id": "-", "timestamp": "2025-08-10T21:26:31.807033+00:00"}
{"asctime": "2025-08-10 23:26:31,807", "levelname": "INFO", "name": "AresTradingSystem.System.VectorizedCandlestickPatternAnalyzer", "message": "✅ Vectorized candlestick pattern analyzer initialized successfully", "correlation_id": "-", "session_id": "-", "timestamp": "2025-08-10T21:26:31.807174+00:00"}
{"asctime": "2025-08-10 23:26:31,807", "levelname": "INFO", "name": "AresTradingSystem.System.VectorizedSRDistanceCalculator", "message": "🚀 Initializing vectorized S/R distance calculator...", "correlation_id": "-", "session_id": "-", "timestamp": "2025-08-10T21:26:31.807319+00:00"}
{"asctime": "2025-08-10 23:26:31,807", "levelname": "INFO", "name": "AresTradingSystem.System.VectorizedSRDistanceCalculator", "message": "✅ Vectorized S/R distance calculator initialized successfully", "correlation_id": "-", "session_id": "-", "timestamp": "2025-08-10T21:26:31.807536+00:00"}
{"asctime": "2025-08-10 23:26:31,807", "levelname": "INFO", "name": "AresTradingSystem.System.VectorizedWaveletTransformAnalyzer", "message": "🚀 Initializing enhanced vectorized wavelet transform analyzer...", "correlation_id": "-", "session_id": "-", "timestamp": "2025-08-10T21:26:31.807857+00:00"}
{"asctime": "2025-08-10 23:26:31,808", "levelname": "INFO", "name": "AresTradingSystem.System.VectorizedWaveletTransformAnalyzer", "message": "✅ Enhanced vectorized wavelet transform analyzer initialized successfully", "correlation_id": "-", "session_id": "-", "timestamp": "2025-08-10T21:26:31.808205+00:00"}
{"asctime": "2025-08-10 23:26:31,808", "levelname": "INFO", "name": "AresTradingSystem.System.VectorizedWaveletTransformAnalyzer", "message": "📊 Configuration: padding_mode=symmetric, cwt_scale_method=logarithmic, max_features_per_wavelet=20", "correlation_id": "-", "session_id": "-", "timestamp": "2025-08-10T21:26:31.808511+00:00"}
{"asctime": "2025-08-10 23:26:31,822", "levelname": "INFO", "name": "AresTradingSystem.System.MetaLabelingSystem", "message": "🚀 Initializing meta-labeling system...", "correlation_id": "-", "session_id": "-", "timestamp": "2025-08-10T21:26:31.822433+00:00"}
{"asctime": "2025-08-10 23:26:31,823", "levelname": "INFO", "name": "AresTradingSystem.System.MetaLabelingSystem", "message": "✅ Meta-labeling system initialized successfully", "correlation_id": "-", "session_id": "-", "timestamp": "2025-08-10T21:26:31.823158+00:00"}
{"asctime": "2025-08-10 23:26:31,823", "levelname": "INFO", "name": "AresTradingSystem.System.VectorizedAdvancedFeatureEngineering", "message": "✅ Vectorized advanced feature engineering initialized successfully", "correlation_id": "-", "session_id": "-", "timestamp": "2025-08-10T21:26:31.823502+00:00"}
{"asctime": "2025-08-10 23:26:31,827", "levelname": "WARNING", "name": "AresTradingSystem.System.VectorizedAdvancedFeatureEngineering", "message": "Cannot create OHLCV structure. Available columns: ['close']", "correlation_id": "-", "session_id": "-", "timestamp": "2025-08-10T21:26:31.827284+00:00"}
{"asctime": "2025-08-10 23:26:31,828", "levelname": "INFO", "name": "AresTradingSystem.System.VectorizedAdvancedFeatureEngineering", "message": "🔄 Calculating returns from close prices as basis for all feature engineering...", "correlation_id": "-", "session_id": "-", "timestamp": "2025-08-10T21:26:31.828679+00:00"}
{"asctime": "2025-08-10 23:26:31,832", "levelname": "INFO", "name": "AresTradingSystem.System.VectorizedAdvancedFeatureEngineering", "message": "✅ Returns calculated from close prices. Shape: (10,)", "correlation_id": "-", "session_id": "-", "timestamp": "2025-08-10T21:26:31.832535+00:00"}
{"asctime": "2025-08-10 23:26:31,833", "levelname": "INFO", "name": "AresTradingSystem.System.VectorizedAdvancedFeatureEngineering", "message": "🔄 All feature engineering will now use returns as the primary input", "correlation_id": "-", "session_id": "-", "timestamp": "2025-08-10T21:26:31.833804+00:00"}
{"asctime": "2025-08-10 23:26:31,834", "levelname": "INFO", "name": "AresTradingSystem.System.VectorizedAdvancedFeatureEngineering", "message": "📊 Returns statistics: mean=0.000000, std=0.000000, min=0.000000, max=0.000000", "correlation_id": "-", "session_id": "-", "timestamp": "2025-08-10T21:26:31.834943+00:00"}
{"asctime": "2025-08-10 23:26:31,836", "levelname": "INFO", "name": "AresTradingSystem.System.VectorizedAdvancedFeatureEngineering", "message": "🔄 Using returns series for price impact calculation", "correlation_id": "-", "session_id": "-", "timestamp": "2025-08-10T21:26:31.836025+00:00"}
{"asctime": "2025-08-10 23:26:31,840", "levelname": "INFO", "name": "AresTradingSystem.System.VectorizedAdvancedFeatureEngineering", "message": "✅ Price impact calculated using returns as input", "correlation_id": "-", "session_id": "-", "timestamp": "2025-08-10T21:26:31.840477+00:00"}
{"asctime": "2025-08-10 23:26:31,841", "levelname": "INFO", "name": "AresTradingSystem.System.VectorizedAdvancedFeatureEngineering", "message": "🔄 Using returns series for volume-price impact calculation", "correlation_id": "-", "session_id": "-", "timestamp": "2025-08-10T21:26:31.841007+00:00"}
{"asctime": "2025-08-10 23:26:31,866", "levelname": "INFO", "name": "AresTradingSystem.System.VectorizedAdvancedFeatureEngineering", "message": "✅ Enhanced market depth calculated successfully", "correlation_id": "-", "session_id": "-", "timestamp": "2025-08-10T21:26:31.866743+00:00"}
{"asctime": "2025-08-10 23:26:31,867", "levelname": "INFO", "name": "AresTradingSystem.System.VectorizedAdvancedFeatureEngineering", "message": "🔄 Using returns series for enhanced liquidity score calculation", "correlation_id": "-", "session_id": "-", "timestamp": "2025-08-10T21:26:31.867571+00:00"}
{"asctime": "2025-08-10 23:26:31,879", "levelname": "INFO", "name": "AresTradingSystem.System.VectorizedAdvancedFeatureEngineering", "message": "✅ Enhanced liquidity score calculated successfully using returns as input", "correlation_id": "-", "session_id": "-", "timestamp": "2025-08-10T21:26:31.879500+00:00"}
{"asctime": "2025-08-10 23:26:31,880", "levelname": "INFO", "name": "AresTradingSystem.System.VectorizedVolatilityRegimeModel", "message": "🔄 Using returns series for volatility regime modeling", "correlation_id": "-", "session_id": "-", "timestamp": "2025-08-10T21:26:31.880234+00:00"}
{"asctime": "2025-08-10 23:26:31,881", "levelname": "INFO", "name": "AresTradingSystem.System.VectorizedVolatilityRegimeModel", "message": "🔄 Using returns series for Parkinson volatility calculation", "correlation_id": "-", "session_id": "-", "timestamp": "2025-08-10T21:26:31.881202+00:00"}
{"asctime": "2025-08-10 23:26:31,883", "levelname": "INFO", "name": "AresTradingSystem.System.VectorizedVolatilityRegimeModel", "message": "✅ Parkinson volatility calculated using returns as input", "correlation_id": "-", "session_id": "-", "timestamp": "2025-08-10T21:26:31.883141+00:00"}
{"asctime": "2025-08-10 23:26:31,883", "levelname": "INFO", "name": "AresTradingSystem.System.VectorizedVolatilityRegimeModel", "message": "🔄 Using returns series for Garman-Klass volatility calculation", "correlation_id": "-", "session_id": "-", "timestamp": "2025-08-10T21:26:31.883722+00:00"}
{"asctime": "2025-08-10 23:26:31,887", "levelname": "INFO", "name": "AresTradingSystem.System.VectorizedVolatilityRegimeModel", "message": "✅ Garman-Klass volatility calculated using returns as input", "correlation_id": "-", "session_id": "-", "timestamp": "2025-08-10T21:26:31.887470+00:00"}
{"asctime": "2025-08-10 23:26:31,888", "levelname": "INFO", "name": "AresTradingSystem.System.VectorizedVolatilityRegimeModel", "message": "✅ Volatility regime modeling completed using returns as input", "correlation_id": "-", "session_id": "-", "timestamp": "2025-08-10T21:26:31.888380+00:00"}
{"asctime": "2025-08-10 23:26:31,888", "levelname": "INFO", "name": "AresTradingSystem.System.VectorizedCorrelationAnalyzer", "message": "🔄 Using returns series for correlation analysis", "correlation_id": "-", "session_id": "-", "timestamp": "2025-08-10T21:26:31.888703+00:00"}
{"asctime": "2025-08-10 23:26:31,892", "levelname": "INFO", "name": "AresTradingSystem.System.VectorizedCorrelationAnalyzer", "message": "✅ Correlation analysis completed using returns as input", "correlation_id": "-", "session_id": "-", "timestamp": "2025-08-10T21:26:31.892419+00:00"}
{"asctime": "2025-08-10 23:26:31,893", "levelname": "INFO", "name": "AresTradingSystem.System.VectorizedMomentumAnalyzer", "message": "🔄 Using returns series for momentum analysis", "correlation_id": "-", "session_id": "-", "timestamp": "2025-08-10T21:26:31.893265+00:00"}
{"asctime": "2025-08-10 23:26:31,894", "levelname": "INFO", "name": "AresTradingSystem.System.VectorizedMomentumAnalyzer", "message": "✅ Momentum analysis completed using returns as input", "correlation_id": "-", "session_id": "-", "timestamp": "2025-08-10T21:26:31.894898+00:00"}
{"asctime": "2025-08-10 23:26:31,895", "levelname": "INFO", "name": "AresTradingSystem.System.VectorizedLiquidityAnalyzer", "message": "🔄 Using returns series for liquidity analysis", "correlation_id": "-", "session_id": "-", "timestamp": "2025-08-10T21:26:31.895424+00:00"}
{"asctime": "2025-08-10 23:26:31,896", "levelname": "INFO", "name": "AresTradingSystem.System.VectorizedLiquidityAnalyzer", "message": "✅ Liquidity analysis completed using returns as input", "correlation_id": "-", "session_id": "-", "timestamp": "2025-08-10T21:26:31.896447+00:00"}
{"asctime": "2025-08-10 23:26:31,943", "levelname": "INFO", "name": "AresTradingSystem.System.VectorizedCandlestickPatternAnalyzer", "message": "✅ Analyzed 8 pattern categories using vectorized operations", "correlation_id": "-", "session_id": "-", "timestamp": "2025-08-10T21:26:31.943216+00:00"}
{"asctime": "2025-08-10 23:26:31,943", "levelname": "INFO", "name": "AresTradingSystem.System.VectorizedAdvancedFeatureEngineering", "message": "🧹 Clearing wavelet cache to avoid stale data issues", "correlation_id": "-", "session_id": "-", "timestamp": "2025-08-10T21:26:31.943547+00:00"}
{"asctime": "2025-08-10 23:26:31,944", "levelname": "INFO", "name": "AresTradingSystem.System.WaveletFeatureCache", "message": "Cleared all cache files", "correlation_id": "-", "session_id": "-", "timestamp": "2025-08-10T21:26:31.944655+00:00"}
{"asctime": "2025-08-10 23:26:31,948", "levelname": "INFO", "name": "AresTradingSystem.System.VectorizedAdvancedFeatureEngineering", "message": "🔧 Computing wavelet features (not cached): a3eb1e96a1571370", "correlation_id": "-", "session_id": "-", "timestamp": "2025-08-10T21:26:31.948200+00:00"}
{"asctime": "2025-08-10 23:26:31,948", "levelname": "INFO", "name": "AresTradingSystem.System.VectorizedWaveletTransformAnalyzer", "message": "🔍 Performing enhanced wavelet transform analysis...", "correlation_id": "-", "session_id": "-", "timestamp": "2025-08-10T21:26:31.948767+00:00"}
{"asctime": "2025-08-10 23:26:31,948", "levelname": "INFO", "name": "AresTradingSystem.System.VectorizedWaveletTransformAnalyzer", "message": "🔍 Available columns in price_data: ['returns', 'price', 'close']", "correlation_id": "-", "session_id": "-", "timestamp": "2025-08-10T21:26:31.948953+00:00"}
{"asctime": "2025-08-10 23:26:31,949", "levelname": "INFO", "name": "AresTradingSystem.System.VectorizedWaveletTransformAnalyzer", "message": "🔄 Using returns series as primary input for wavelet analysis", "correlation_id": "-", "session_id": "-", "timestamp": "2025-08-10T21:26:31.949281+00:00"}
{"asctime": "2025-08-10 23:26:31,951", "levelname": "INFO", "name": "AresTradingSystem.System.VectorizedWaveletTransformAnalyzer", "message": "🔍 Performing enhanced discrete wavelet transform analysis...", "correlation_id": "-", "session_id": "-", "timestamp": "2025-08-10T21:26:31.951049+00:00"}
{"asctime": "2025-08-10 23:26:31,951", "levelname": "INFO", "name": "AresTradingSystem.System.VectorizedWaveletTransformAnalyzer", "message": "✅ Generated 0 DWT features", "correlation_id": "-", "session_id": "-", "timestamp": "2025-08-10T21:26:31.951625+00:00"}
{"asctime": "2025-08-10 23:26:31,951", "levelname": "INFO", "name": "AresTradingSystem.System.VectorizedWaveletTransformAnalyzer", "message": "🔍 Performing enhanced continuous wavelet transform analysis...", "correlation_id": "-", "session_id": "-", "timestamp": "2025-08-10T21:26:31.951962+00:00"}
{"asctime": "2025-08-10 23:26:31,952", "levelname": "INFO", "name": "AresTradingSystem.System.VectorizedWaveletTransformAnalyzer", "message": "✅ Generated 0 CWT features", "correlation_id": "-", "session_id": "-", "timestamp": "2025-08-10T21:26:31.952323+00:00"}
{"asctime": "2025-08-10 23:26:31,952", "levelname": "INFO", "name": "AresTradingSystem.System.VectorizedWaveletTransformAnalyzer", "message": "✅ Enhanced wavelet transform analysis completed in 0.00s. Generated 3 features from 3 candidates. Feature selection: variance", "correlation_id": "-", "session_id": "-", "timestamp": "2025-08-10T21:26:31.952971+00:00"}
{"asctime": "2025-08-10 23:26:31,953", "levelname": "INFO", "name": "AresTradingSystem.System.VectorizedWaveletTransformAnalyzer", "message": "📊 Wavelet Analysis Performance Metrics:", "correlation_id": "-", "session_id": "-", "timestamp": "2025-08-10T21:26:31.953234+00:00"}
{"asctime": "2025-08-10 23:26:31,953", "levelname": "INFO", "name": "AresTradingSystem.System.VectorizedWaveletTransformAnalyzer", "message": "  dwt: 0.001s (0 features)", "correlation_id": "-", "session_id": "-", "timestamp": "2025-08-10T21:26:31.953378+00:00"}
{"asctime": "2025-08-10 23:26:31,953", "levelname": "INFO", "name": "AresTradingSystem.System.VectorizedWaveletTransformAnalyzer", "message": "  cwt: 0.001s (0 features)", "correlation_id": "-", "session_id": "-", "timestamp": "2025-08-10T21:26:31.953535+00:00"}
{"asctime": "2025-08-10 23:26:31,953", "levelname": "INFO", "name": "AresTradingSystem.System.VectorizedWaveletTransformAnalyzer", "message": "  packet: 0.000s (0 features)", "correlation_id": "-", "session_id": "-", "timestamp": "2025-08-10T21:26:31.953843+00:00"}
{"asctime": "2025-08-10 23:26:31,954", "levelname": "INFO", "name": "AresTradingSystem.System.VectorizedWaveletTransformAnalyzer", "message": "  denoising: 0.000s (0 features)", "correlation_id": "-", "session_id": "-", "timestamp": "2025-08-10T21:26:31.954153+00:00"}
{"asctime": "2025-08-10 23:26:31,954", "levelname": "INFO", "name": "AresTradingSystem.System.VectorizedWaveletTransformAnalyzer", "message": "  multi_wavelet: 0.000s (0 features)", "correlation_id": "-", "session_id": "-", "timestamp": "2025-08-10T21:26:31.954421+00:00"}
{"asctime": "2025-08-10 23:26:31,954", "levelname": "INFO", "name": "AresTradingSystem.System.VectorizedWaveletTransformAnalyzer", "message": "  volume_wavelet: 0.000s (3 features)", "correlation_id": "-", "session_id": "-", "timestamp": "2025-08-10T21:26:31.954585+00:00"}
{"asctime": "2025-08-10 23:26:31,954", "levelname": "INFO", "name": "AresTradingSystem.System.VectorizedWaveletTransformAnalyzer", "message": "  Total: 0.004s (3 features)", "correlation_id": "-", "session_id": "-", "timestamp": "2025-08-10T21:26:31.954706+00:00"}
{"asctime": "2025-08-10 23:26:31,954", "levelname": "INFO", "name": "AresTradingSystem.System.VectorizedWaveletTransformAnalyzer", "message": "  Performance: 746.5 features/second", "correlation_id": "-", "session_id": "-", "timestamp": "2025-08-10T21:26:31.954816+00:00"}
{"asctime": "2025-08-10 23:26:33,607", "levelname": "INFO", "name": "AresTradingSystem.System.MemoryEfficientDataManager", "message": "Optimized DataFrame memory usage", "correlation_id": "-", "session_id": "-", "timestamp": "2025-08-10T21:26:33.607527+00:00"}
{"asctime": "2025-08-10 23:26:33,614", "levelname": "INFO", "name": "AresTradingSystem.System.MemoryEfficientDataManager", "message": "Saved DataFrame to Parquet: data/wavelet_cache/features/a3eb1e96a1571370_features.parquet", "correlation_id": "-", "session_id": "-", "timestamp": "2025-08-10T21:26:33.614041+00:00"}
{"asctime": "2025-08-10 23:26:33,615", "levelname": "INFO", "name": "AresTradingSystem.System.WaveletFeatureCache", "message": "✅ Cached 3 wavelet features to data/wavelet_cache/features/a3eb1e96a1571370_features.parquet", "correlation_id": "-", "session_id": "-", "timestamp": "2025-08-10T21:26:33.615303+00:00"}
{"asctime": "2025-08-10 23:26:33,615", "levelname": "INFO", "name": "AresTradingSystem.System.VectorizedAdvancedFeatureEngineering", "message": "💾 Cached wavelet features: a3eb1e96a1571370", "correlation_id": "-", "session_id": "-", "timestamp": "2025-08-10T21:26:33.615527+00:00"}
{"asctime": "2025-08-10 23:26:33,616", "levelname": "INFO", "name": "AresTradingSystem.System.VectorizedAdvancedFeatureEngineering", "message": "🔄 Using returns series for adaptive SMA calculation", "correlation_id": "-", "session_id": "-", "timestamp": "2025-08-10T21:26:33.616082+00:00"}
{"asctime": "2025-08-10 23:26:33,618", "levelname": "INFO", "name": "AresTradingSystem.System.VectorizedAdvancedFeatureEngineering", "message": "✅ Adaptive SMA calculated using returns as input", "correlation_id": "-", "session_id": "-", "timestamp": "2025-08-10T21:26:33.618440+00:00"}
{"asctime": "2025-08-10 23:26:33,618", "levelname": "INFO", "name": "AresTradingSystem.System.VectorizedAdvancedFeatureEngineering", "message": "🔄 Using returns series for adaptive EMA calculation", "correlation_id": "-", "session_id": "-", "timestamp": "2025-08-10T21:26:33.618757+00:00"}
{"asctime": "2025-08-10 23:26:33,620", "levelname": "INFO", "name": "AresTradingSystem.System.VectorizedAdvancedFeatureEngineering", "message": "✅ Adaptive EMA calculated using returns as input", "correlation_id": "-", "session_id": "-", "timestamp": "2025-08-10T21:26:33.620672+00:00"}
{"asctime": "2025-08-10 23:26:33,620", "levelname": "INFO", "name": "AresTradingSystem.System.VectorizedAdvancedFeatureEngineering", "message": "🔄 Using returns series for adaptive ATR calculation", "correlation_id": "-", "session_id": "-", "timestamp": "2025-08-10T21:26:33.620870+00:00"}
{"asctime": "2025-08-10 23:26:33,622", "levelname": "INFO", "name": "AresTradingSystem.System.VectorizedAdvancedFeatureEngineering", "message": "✅ Adaptive ATR calculated using returns as input", "correlation_id": "-", "session_id": "-", "timestamp": "2025-08-10T21:26:33.622465+00:00"}
{"asctime": "2025-08-10 23:26:33,624", "levelname": "INFO", "name": "AresTradingSystem.System.VectorizedAdvancedFeatureEngineering", "message": "✅ Adaptive Bollinger Bands calculated using returns as input", "correlation_id": "-", "session_id": "-", "timestamp": "2025-08-10T21:26:33.624085+00:00"}
{"asctime": "2025-08-10 23:26:33,624", "levelname": "INFO", "name": "AresTradingSystem.System.VectorizedAdvancedFeatureEngineering", "message": "📊 Multi-timeframe analysis: 10 data points available", "correlation_id": "-", "session_id": "-", "timestamp": "2025-08-10T21:26:33.624288+00:00"}
{"asctime": "2025-08-10 23:26:33,624", "levelname": "INFO", "name": "AresTradingSystem.System.VectorizedAdvancedFeatureEngineering", "message": "📊 Multi-timeframe analysis: 10 data points available", "correlation_id": "-", "session_id": "-", "timestamp": "2025-08-10T21:26:33.624374+00:00"}
{"asctime": "2025-08-10 23:26:33,624", "levelname": "INFO", "name": "AresTradingSystem.System.VectorizedAdvancedFeatureEngineering", "message": "🔧 Processing timeframe: 1m", "correlation_id": "-", "session_id": "-", "timestamp": "2025-08-10T21:26:33.624443+00:00"}
{"asctime": "2025-08-10 23:26:33,626", "levelname": "INFO", "name": "AresTradingSystem.System.VectorizedAdvancedFeatureEngineering", "message": "🔄 Using returns series for 1m timeframe features", "correlation_id": "-", "session_id": "-", "timestamp": "2025-08-10T21:26:33.626043+00:00"}
{"asctime": "2025-08-10 23:26:33,626", "levelname": "INFO", "name": "AresTradingSystem.System.VectorizedAdvancedFeatureEngineering", "message": "📊 1m: using rolling window of 20 periods", "correlation_id": "-", "session_id": "-", "timestamp": "2025-08-10T21:26:33.626648+00:00"}
{"asctime": "2025-08-10 23:26:33,632", "levelname": "INFO", "name": "AresTradingSystem.System.VectorizedAdvancedFeatureEngineering", "message": "✅ 1m timeframe features calculated using returns as input", "correlation_id": "-", "session_id": "-", "timestamp": "2025-08-10T21:26:33.632092+00:00"}
{"asctime": "2025-08-10 23:26:33,632", "levelname": "INFO", "name": "AresTradingSystem.System.VectorizedAdvancedFeatureEngineering", "message": "🔧 Processing timeframe: 5m", "correlation_id": "-", "session_id": "-", "timestamp": "2025-08-10T21:26:33.632784+00:00"}
{"asctime": "2025-08-10 23:26:33,633", "levelname": "INFO", "name": "AresTradingSystem.System.VectorizedAdvancedFeatureEngineering", "message": "🔄 Using returns series for 5m timeframe features", "correlation_id": "-", "session_id": "-", "timestamp": "2025-08-10T21:26:33.633199+00:00"}
{"asctime": "2025-08-10 23:26:33,633", "levelname": "INFO", "name": "AresTradingSystem.System.VectorizedAdvancedFeatureEngineering", "message": "📊 5m: using rolling window of 12 periods", "correlation_id": "-", "session_id": "-", "timestamp": "2025-08-10T21:26:33.633824+00:00"}
{"asctime": "2025-08-10 23:26:33,637", "levelname": "INFO", "name": "AresTradingSystem.System.VectorizedAdvancedFeatureEngineering", "message": "✅ 5m timeframe features calculated using returns as input", "correlation_id": "-", "session_id": "-", "timestamp": "2025-08-10T21:26:33.637810+00:00"}
{"asctime": "2025-08-10 23:26:33,638", "levelname": "INFO", "name": "AresTradingSystem.System.VectorizedAdvancedFeatureEngineering", "message": "🔧 Processing timeframe: 15m", "correlation_id": "-", "session_id": "-", "timestamp": "2025-08-10T21:26:33.638441+00:00"}
{"asctime": "2025-08-10 23:26:33,639", "levelname": "INFO", "name": "AresTradingSystem.System.VectorizedAdvancedFeatureEngineering", "message": "🔄 Using returns series for 15m timeframe features", "correlation_id": "-", "session_id": "-", "timestamp": "2025-08-10T21:26:33.639578+00:00"}
{"asctime": "2025-08-10 23:26:33,639", "levelname": "INFO", "name": "AresTradingSystem.System.VectorizedAdvancedFeatureEngineering", "message": "📊 15m: using rolling window of 8 periods", "correlation_id": "-", "session_id": "-", "timestamp": "2025-08-10T21:26:33.639687+00:00"}
{"asctime": "2025-08-10 23:26:33,644", "levelname": "INFO", "name": "AresTradingSystem.System.VectorizedAdvancedFeatureEngineering", "message": "✅ 15m timeframe features calculated using returns as input", "correlation_id": "-", "session_id": "-", "timestamp": "2025-08-10T21:26:33.644265+00:00"}
{"asctime": "2025-08-10 23:26:33,644", "levelname": "INFO", "name": "AresTradingSystem.System.VectorizedAdvancedFeatureEngineering", "message": "🔧 Processing timeframe: 30m", "correlation_id": "-", "session_id": "-", "timestamp": "2025-08-10T21:26:33.644929+00:00"}
{"asctime": "2025-08-10 23:26:33,645", "levelname": "INFO", "name": "AresTradingSystem.System.VectorizedAdvancedFeatureEngineering", "message": "🔄 Using returns series for 30m timeframe features", "correlation_id": "-", "session_id": "-", "timestamp": "2025-08-10T21:26:33.645456+00:00"}
{"asctime": "2025-08-10 23:26:33,645", "levelname": "INFO", "name": "AresTradingSystem.System.VectorizedAdvancedFeatureEngineering", "message": "📊 30m: using rolling window of 4 periods", "correlation_id": "-", "session_id": "-", "timestamp": "2025-08-10T21:26:33.645553+00:00"}
{"asctime": "2025-08-10 23:26:33,656", "levelname": "INFO", "name": "AresTradingSystem.System.VectorizedAdvancedFeatureEngineering", "message": "✅ 30m timeframe features calculated using returns as input", "correlation_id": "-", "session_id": "-", "timestamp": "2025-08-10T21:26:33.656102+00:00"}
{"asctime": "2025-08-10 23:26:33,656", "levelname": "INFO", "name": "AresTradingSystem.System.VectorizedAdvancedFeatureEngineering", "message": "✅ Multi-timeframe features: 36 features generated", "correlation_id": "-", "session_id": "-", "timestamp": "2025-08-10T21:26:33.656305+00:00"}
{"asctime": "2025-08-10 23:26:33,656", "levelname": "INFO", "name": "AresTradingSystem.System.VectorizedAdvancedFeatureEngineering", "message": "🔄 Using returns series for meta labels generation", "correlation_id": "-", "session_id": "-", "timestamp": "2025-08-10T21:26:33.656412+00:00"}
{"asctime": "2025-08-10 23:26:33,659", "levelname": "INFO", "name": "AresTradingSystem.System.VectorizedAdvancedFeatureEngineering", "message": "📊 Generated meta labels (regime features): volatility_regime, volume_regime, trend_regime", "correlation_id": "-", "session_id": "-", "timestamp": "2025-08-10T21:26:33.659051+00:00"}
{"asctime": "2025-08-10 23:26:33,659", "levelname": "INFO", "name": "AresTradingSystem.System.VectorizedAdvancedFeatureEngineering", "message": "📊 These are regime classification features, not prediction targets", "correlation_id": "-", "session_id": "-", "timestamp": "2025-08-10T21:26:33.659486+00:00"}
{"asctime": "2025-08-10 23:26:33,659", "levelname": "INFO", "name": "AresTradingSystem.System.VectorizedAdvancedFeatureEngineering", "message": "✅ Meta labels generated using returns as input", "correlation_id": "-", "session_id": "-", "timestamp": "2025-08-10T21:26:33.659573+00:00"}
{"asctime": "2025-08-10 23:26:33,659", "levelname": "INFO", "name": "AresTradingSystem.System.VectorizedAdvancedFeatureEngineering", "message": "🔧 Generating additional technical indicators for autoencoder...", "correlation_id": "-", "session_id": "-", "timestamp": "2025-08-10T21:26:33.659672+00:00"}
{"asctime": "2025-08-10 23:26:33,672", "levelname": "INFO", "name": "AresTradingSystem.System.VectorizedAdvancedFeatureEngineering", "message": "✅ Generated 35 additional technical indicators", "correlation_id": "-", "session_id": "-", "timestamp": "2025-08-10T21:26:33.672458+00:00"}
{"asctime": "2025-08-10 23:26:33,672", "levelname": "INFO", "name": "AresTradingSystem.System.VectorizedAdvancedFeatureEngineering", "message": "🔧 Performing final comprehensive NaN handling...", "correlation_id": "-", "session_id": "-", "timestamp": "2025-08-10T21:26:33.672688+00:00"}
{"asctime": "2025-08-10 23:26:33,672", "levelname": "INFO", "name": "AresTradingSystem.System.VectorizedAdvancedFeatureEngineering", "message": "🧹 Starting comprehensive NaN cleaning...", "correlation_id": "-", "session_id": "-", "timestamp": "2025-08-10T21:26:33.672783+00:00"}
{"asctime": "2025-08-10 23:26:33,675", "levelname": "INFO", "name": "AresTradingSystem.System.VectorizedAdvancedFeatureEngineering", "message": "🧹 NaN cleaning completed:", "correlation_id": "-", "session_id": "-", "timestamp": "2025-08-10T21:26:33.675687+00:00"}
{"asctime": "2025-08-10 23:26:33,676", "levelname": "INFO", "name": "AresTradingSystem.System.VectorizedAdvancedFeatureEngineering", "message": "   Features with NaN values: 0", "correlation_id": "-", "session_id": "-", "timestamp": "2025-08-10T21:26:33.676011+00:00"}
{"asctime": "2025-08-10 23:26:33,676", "levelname": "INFO", "name": "AresTradingSystem.System.VectorizedAdvancedFeatureEngineering", "message": "   Total NaN values removed: 0", "correlation_id": "-", "session_id": "-", "timestamp": "2025-08-10T21:26:33.676096+00:00"}
{"asctime": "2025-08-10 23:26:33,676", "levelname": "INFO", "name": "AresTradingSystem.System.VectorizedAdvancedFeatureEngineering", "message": "   Features processed: 74", "correlation_id": "-", "session_id": "-", "timestamp": "2025-08-10T21:26:33.676164+00:00"}
{"asctime": "2025-08-10 23:26:33,676", "levelname": "INFO", "name": "AresTradingSystem.System.VectorizedAdvancedFeatureEngineering", "message": "✅ Engineered 74 vectorized advanced features using returns as basis", "correlation_id": "-", "session_id": "-", "timestamp": "2025-08-10T21:26:33.676573+00:00"}
