2025-08-07 21:18:13,243 - AresTradingSystem - INFO - ✅ Enhanced Logger initialization completed successfully
2025-08-07 21:18:13,251 - AresTradingSystem.System - INFO - Environment configuration loaded successfully. Trading Environment: PAPER, Exchange: BINANCE
2025-08-07 21:18:13,603 - AresTradingSystem.System.SignalHandler - INFO - Initializing Signal Handler...
2025-08-07 21:18:13,603 - AresTradingSystem.System.SignalHandler - INFO - Signal configuration loaded successfully
2025-08-07 21:18:13,603 - AresTradingSystem.System.SignalHandler - INFO - Configuration validation successful
2025-08-07 21:18:13,603 - AresTradingSystem.System.SignalHandler - INFO - Registered SIGTERM handler
2025-08-07 21:18:13,603 - AresTradingSystem.System.SignalHandler - INFO - Registered SIGINT handler
2025-08-07 21:18:13,603 - AresTradingSystem.System.SignalHandler - INFO - Signal handlers registered successfully
2025-08-07 21:18:13,603 - AresTradingSystem.System.SignalHandler - INFO - ✅ Signal Handler initialization completed successfully
2025-08-07 21:18:13,605 - AresTradingSystem.System.SignalHandler - INFO - Shutdown callback registered
2025-08-07 21:18:14,667 - AresTradingSystem.System - INFO - Initializing Market Regime Classification Step...
2025-08-07 21:18:14,667 - AresTradingSystem.System - INFO - Market Regime Classification Step initialized successfully
2025-08-07 21:18:14,667 - AresTradingSystem.System - INFO - 🔄 Executing Market Regime Classification...
2025-08-07 21:18:14,667 - AresTradingSystem.System - INFO - 📁 Loading pre-consolidated data from: data_cache/aggtrades_BINANCE_ETHUSDT_consolidated.parquet
2025-08-07 21:18:14,896 - AresTradingSystem.System - INFO - ✅ Loaded consolidated trade data: 17744326 records
2025-08-07 21:18:14,896 - AresTradingSystem.System - INFO - 🔄 Converting trade data to OHLCV format...
2025-08-07 21:18:15,971 - AresTradingSystem.System - INFO - ✅ Converted to OHLCV: 879 records
2025-08-07 21:18:15,971 - AresTradingSystem.System - INFO - Classifying market regimes for ETHUSDT on BINANCE...
2025-08-07 21:18:15,972 - AresTradingSystem.System - INFO - Regime classification completed. Found 0 distinct regimes
2025-08-07 21:18:15,972 - AresTradingSystem.System - INFO - ✅ Market regime classification completed. Results saved to data/training/BINANCE_ETHUSDT_regime_classification.json
2025-08-07 21:18:15,983 - AresTradingSystem.System - INFO - Initializing Regime Data Splitting Step...
2025-08-07 21:18:15,983 - AresTradingSystem.System - INFO - Regime Data Splitting Step initialized successfully
2025-08-07 21:18:15,983 - AresTradingSystem.System - INFO - 🔄 Executing Regime Data Splitting...
2025-08-07 21:18:15,987 - AresTradingSystem.System - INFO - ✅ Extracted klines data: (60367, 5)
2025-08-07 21:18:15,987 - AresTradingSystem.System - INFO - Splitting data by regimes for ETHUSDT on BINANCE...
2025-08-07 21:18:15,987 - AresTradingSystem.System - INFO - Data shape: (60367, 5)
2025-08-07 21:18:15,987 - AresTradingSystem.System - WARNING - No regime sequence found, creating default sequence
2025-08-07 21:18:16,148 - AresTradingSystem.System - INFO - Regime 'BULL': 60367 records
2025-08-07 21:18:16,148 - AresTradingSystem.System - INFO - High-data regimes: ['BULL']
2025-08-07 21:18:16,149 - AresTradingSystem.System - INFO - Low-data regimes: []
2025-08-07 21:18:16,149 - AresTradingSystem.System - INFO - Other regimes: []
2025-08-07 21:18:16,150 - AresTradingSystem.System - INFO - ✅ Regime data splitting completed. Results saved to data/training/regime_data
2025-08-07 21:18:32,951 - AresTradingSystem.System - INFO - Initializing Analyst Specialist Training Step...
2025-08-07 21:18:32,951 - AresTradingSystem.System - INFO - Analyst Specialist Training Step initialized successfully
2025-08-07 21:18:32,951 - AresTradingSystem.System - INFO - 🔄 Executing Analyst Specialist Training...
2025-08-07 21:18:32,953 - AresTradingSystem.System - INFO - Training specialist models for regime: BULL
2025-08-07 21:18:32,953 - AresTradingSystem.System - INFO - Training specialist models for regime: BULL
2025-08-07 21:24:47,238 - AresTradingSystem.System - INFO - Trained 5 models for regime BULL
2025-08-07 21:24:47,253 - AresTradingSystem.System - INFO - ✅ Analyst specialist training completed. Results saved to data/training/analyst_models
2025-08-07 21:24:50,488 - AresTradingSystem.System - INFO - Using device: MPS for PyTorch operations.
2025-08-07 21:24:50,488 - AresTradingSystem.System - INFO - Initializing Analyst Enhancement Step...
2025-08-07 21:24:50,488 - AresTradingSystem.System - INFO - Analyst Enhancement Step initialized successfully.
2025-08-07 21:24:50,488 - AresTradingSystem.System - INFO - 🔄 Executing Analyst Enhancement...
2025-08-07 21:24:50,500 - AresTradingSystem.System - INFO - --- Enhancing models for regime: BULL ---
2025-08-07 21:24:50,500 - AresTradingSystem.System - INFO - Loading data for regime 'BULL'...
2025-08-07 21:24:50,514 - AresTradingSystem.System - WARNING - No 'label' column found, creating dummy target
2025-08-07 21:24:50,520 - AresTradingSystem.System - INFO - Data loaded and split: X_train shape (48293, 3), X_val shape (12074, 3)
2025-08-07 21:24:50,520 - AresTradingSystem.System - INFO - Enhancing xgboost for BULL...
2025-08-07 21:24:50,520 - AresTradingSystem.System - INFO - Original model accuracy: 0.8399370026525199
2025-08-07 21:24:50,520 - AresTradingSystem.System - INFO - Running Optuna HPO with pruning for xgboost...
2025-08-07 21:24:50,531 - AresTradingSystem.System - ERROR - ❌ Error in Analyst Enhancement after 0.04s: XGBClassifier.fit() got an unexpected keyword argument 'callbacks'
Traceback (most recent call last):
  File "/Users/remyroche/Documents/Ares/src/training/steps/step6_analyst_enhancement.py", line 104, in execute
    enhanced_model_package = await self._enhance_single_model(
                             ^^^^^^^^^^^^^^^^^^^^^^^^^^^^^^^^^
  File "/Users/remyroche/Documents/Ares/src/training/steps/step6_analyst_enhancement.py", line 199, in _enhance_single_model
    best_params, hpo_score = await self._apply_hyperparameter_optimization(
                             ^^^^^^^^^^^^^^^^^^^^^^^^^^^^^^^^^^^^^^^^^^^^^^
  File "/Users/remyroche/Documents/Ares/src/training/steps/step6_analyst_enhancement.py", line 325, in _apply_hyperparameter_optimization
    await asyncio.to_thread(study.optimize, objective, n_trials=100, n_jobs=-1)
  File "/opt/homebrew/Caskroom/miniforge/base/lib/python3.12/asyncio/threads.py", line 25, in to_thread
    return await loop.run_in_executor(None, func_call)
           ^^^^^^^^^^^^^^^^^^^^^^^^^^^^^^^^^^^^^^^^^^^
  File "/opt/homebrew/Caskroom/miniforge/base/lib/python3.12/concurrent/futures/thread.py", line 59, in run
    result = self.fn(*self.args, **self.kwargs)
             ^^^^^^^^^^^^^^^^^^^^^^^^^^^^^^^^^^
  File "/opt/homebrew/Caskroom/miniforge/base/lib/python3.12/site-packages/optuna/study/study.py", line 489, in optimize
    _optimize(
  File "/opt/homebrew/Caskroom/miniforge/base/lib/python3.12/site-packages/optuna/study/_optimize.py", line 101, in _optimize
    f.result()
  File "/opt/homebrew/Caskroom/miniforge/base/lib/python3.12/concurrent/futures/_base.py", line 449, in result
    return self.__get_result()
           ^^^^^^^^^^^^^^^^^^^
  File "/opt/homebrew/Caskroom/miniforge/base/lib/python3.12/concurrent/futures/_base.py", line 401, in __get_result
    raise self._exception
  File "/opt/homebrew/Caskroom/miniforge/base/lib/python3.12/concurrent/futures/thread.py", line 59, in run
    result = self.fn(*self.args, **self.kwargs)
             ^^^^^^^^^^^^^^^^^^^^^^^^^^^^^^^^^^
  File "/opt/homebrew/Caskroom/miniforge/base/lib/python3.12/site-packages/optuna/study/_optimize.py", line 161, in _optimize_sequential
    frozen_trial = _run_trial(study, func, catch)
                   ^^^^^^^^^^^^^^^^^^^^^^^^^^^^^^
  File "/opt/homebrew/Caskroom/miniforge/base/lib/python3.12/site-packages/optuna/study/_optimize.py", line 253, in _run_trial
    raise func_err
  File "/opt/homebrew/Caskroom/miniforge/base/lib/python3.12/site-packages/optuna/study/_optimize.py", line 201, in _run_trial
    value_or_values = func(trial)
                      ^^^^^^^^^^^
  File "/Users/remyroche/Documents/Ares/src/training/steps/step6_analyst_enhancement.py", line 311, in objective
    model.fit(X_train, y_train,
  File "/opt/homebrew/Caskroom/miniforge/base/lib/python3.12/site-packages/xgboost/core.py", line 729, in inner_f
    return func(**kwargs)
           ^^^^^^^^^^^^^^
TypeError: XGBClassifier.fit() got an unexpected keyword argument 'callbacks'
