{"asctime": "2025-08-10 23:45:15,281", "levelname": "INFO", "name": "AresTradingSystem", "message": "✅ Enhanced Logger initialization completed successfully", "correlation_id": "-", "session_id": "-", "timestamp": "2025-08-10T21:45:15.281863+00:00"}
{"asctime": "2025-08-10 23:45:15,311", "levelname": "INFO", "name": "AresTradingSystem.System.VectorizedAdvancedFeatureEngineering", "message": "🚀 Initializing vectorized advanced feature engineering...", "correlation_id": "-", "session_id": "-", "timestamp": "2025-08-10T21:45:15.311387+00:00"}
{"asctime": "2025-08-10 23:45:15,311", "levelname": "INFO", "name": "AresTradingSystem.System.WaveletFeatureCache", "message": "✅ Cache directory initialized: data/wavelet_cache", "correlation_id": "-", "session_id": "-", "timestamp": "2025-08-10T21:45:15.311775+00:00"}
{"asctime": "2025-08-10 23:45:15,311", "levelname": "INFO", "name": "AresTradingSystem.System.VectorizedVolatilityRegimeModel", "message": "🚀 Initializing vectorized volatility regime model...", "correlation_id": "-", "session_id": "-", "timestamp": "2025-08-10T21:45:15.311863+00:00"}
{"asctime": "2025-08-10 23:45:15,311", "levelname": "INFO", "name": "AresTradingSystem.System.VectorizedVolatilityRegimeModel", "message": "✅ Vectorized volatility regime model initialized successfully", "correlation_id": "-", "session_id": "-", "timestamp": "2025-08-10T21:45:15.311933+00:00"}
{"asctime": "2025-08-10 23:45:15,312", "levelname": "INFO", "name": "AresTradingSystem.System.VectorizedCorrelationAnalyzer", "message": "🚀 Initializing vectorized correlation analyzer...", "correlation_id": "-", "session_id": "-", "timestamp": "2025-08-10T21:45:15.312025+00:00"}
{"asctime": "2025-08-10 23:45:15,312", "levelname": "INFO", "name": "AresTradingSystem.System.VectorizedCorrelationAnalyzer", "message": "✅ Vectorized correlation analyzer initialized successfully", "correlation_id": "-", "session_id": "-", "timestamp": "2025-08-10T21:45:15.312103+00:00"}
{"asctime": "2025-08-10 23:45:15,312", "levelname": "INFO", "name": "AresTradingSystem.System.VectorizedMomentumAnalyzer", "message": "🚀 Initializing vectorized momentum analyzer...", "correlation_id": "-", "session_id": "-", "timestamp": "2025-08-10T21:45:15.312165+00:00"}
{"asctime": "2025-08-10 23:45:15,312", "levelname": "INFO", "name": "AresTradingSystem.System.VectorizedMomentumAnalyzer", "message": "✅ Vectorized momentum analyzer initialized successfully", "correlation_id": "-", "session_id": "-", "timestamp": "2025-08-10T21:45:15.312245+00:00"}
{"asctime": "2025-08-10 23:45:15,312", "levelname": "INFO", "name": "AresTradingSystem.System.VectorizedLiquidityAnalyzer", "message": "🚀 Initializing vectorized liquidity analyzer...", "correlation_id": "-", "session_id": "-", "timestamp": "2025-08-10T21:45:15.312304+00:00"}
{"asctime": "2025-08-10 23:45:15,312", "levelname": "INFO", "name": "AresTradingSystem.System.VectorizedLiquidityAnalyzer", "message": "✅ Vectorized liquidity analyzer initialized successfully", "correlation_id": "-", "session_id": "-", "timestamp": "2025-08-10T21:45:15.312363+00:00"}
{"asctime": "2025-08-10 23:45:15,312", "levelname": "INFO", "name": "AresTradingSystem.System.VectorizedCandlestickPatternAnalyzer", "message": "🚀 Initializing vectorized candlestick pattern analyzer...", "correlation_id": "-", "session_id": "-", "timestamp": "2025-08-10T21:45:15.312449+00:00"}
{"asctime": "2025-08-10 23:45:15,312", "levelname": "INFO", "name": "AresTradingSystem.System.VectorizedCandlestickPatternAnalyzer", "message": "✅ Vectorized candlestick pattern analyzer initialized successfully", "correlation_id": "-", "session_id": "-", "timestamp": "2025-08-10T21:45:15.312505+00:00"}
{"asctime": "2025-08-10 23:45:15,312", "levelname": "INFO", "name": "AresTradingSystem.System.VectorizedSRDistanceCalculator", "message": "🚀 Initializing vectorized S/R distance calculator...", "correlation_id": "-", "session_id": "-", "timestamp": "2025-08-10T21:45:15.312567+00:00"}
{"asctime": "2025-08-10 23:45:15,312", "levelname": "INFO", "name": "AresTradingSystem.System.VectorizedSRDistanceCalculator", "message": "✅ Vectorized S/R distance calculator initialized successfully", "correlation_id": "-", "session_id": "-", "timestamp": "2025-08-10T21:45:15.312622+00:00"}
{"asctime": "2025-08-10 23:45:15,312", "levelname": "INFO", "name": "AresTradingSystem.System.VectorizedWaveletTransformAnalyzer", "message": "🚀 Initializing enhanced vectorized wavelet transform analyzer...", "correlation_id": "-", "session_id": "-", "timestamp": "2025-08-10T21:45:15.312714+00:00"}
{"asctime": "2025-08-10 23:45:15,312", "levelname": "INFO", "name": "AresTradingSystem.System.VectorizedWaveletTransformAnalyzer", "message": "✅ Enhanced vectorized wavelet transform analyzer initialized successfully", "correlation_id": "-", "session_id": "-", "timestamp": "2025-08-10T21:45:15.312769+00:00"}
{"asctime": "2025-08-10 23:45:15,312", "levelname": "INFO", "name": "AresTradingSystem.System.VectorizedWaveletTransformAnalyzer", "message": "📊 Configuration: padding_mode=symmetric, cwt_scale_method=logarithmic, max_features_per_wavelet=20", "correlation_id": "-", "session_id": "-", "timestamp": "2025-08-10T21:45:15.312846+00:00"}
{"asctime": "2025-08-10 23:45:15,314", "levelname": "INFO", "name": "AresTradingSystem.System.MetaLabelingSystem", "message": "🚀 Initializing meta-labeling system...", "correlation_id": "-", "session_id": "-", "timestamp": "2025-08-10T21:45:15.314548+00:00"}
{"asctime": "2025-08-10 23:45:15,314", "levelname": "INFO", "name": "AresTradingSystem.System.MetaLabelingSystem", "message": "✅ Meta-labeling system initialized successfully", "correlation_id": "-", "session_id": "-", "timestamp": "2025-08-10T21:45:15.314625+00:00"}
{"asctime": "2025-08-10 23:45:15,314", "levelname": "INFO", "name": "AresTradingSystem.System.VectorizedAdvancedFeatureEngineering", "message": "✅ Vectorized advanced feature engineering initialized successfully", "correlation_id": "-", "session_id": "-", "timestamp": "2025-08-10T21:45:15.314683+00:00"}
