{"asctime": "2025-08-11 14:35:12,987", "levelname": "INFO", "name": "AresGlobal", "message": "================================================================================", "correlation_id": "-", "session_id": "-", "timestamp": "2025-08-11T12:35:12.987053+00:00"}
{"asctime": "2025-08-11 14:35:12,987", "levelname": "INFO", "name": "AresGlobal", "message": "ðŸ“Š SESSION SUMMARY", "correlation_id": "-", "session_id": "-", "timestamp": "2025-08-11T12:35:12.987517+00:00"}
{"asctime": "2025-08-11 14:35:12,987", "levelname": "INFO", "name": "AresGlobal", "message": "Session started: 2025-08-11 14:35:12", "correlation_id": "-", "session_id": "-", "timestamp": "2025-08-11T12:35:12.987928+00:00"}
{"asctime": "2025-08-11 14:35:12,988", "levelname": "INFO", "name": "AresGlobal", "message": "This file contains ALL logs for this session", "correlation_id": "-", "session_id": "-", "timestamp": "2025-08-11T12:35:12.988190+00:00"}
{"asctime": "2025-08-11 14:35:12,988", "levelname": "INFO", "name": "AresGlobal", "message": "================================================================================", "correlation_id": "-", "session_id": "-", "timestamp": "2025-08-11T12:35:12.988469+00:00"}
{"asctime": "2025-08-11 14:35:12,989", "levelname": "INFO", "name": "AresGlobal", "message": "[SYSTEM] ================================================================================", "correlation_id": "-", "session_id": "-", "timestamp": "2025-08-11T12:35:12.989018+00:00"}
{"asctime": "2025-08-11 14:35:12,989", "levelname": "INFO", "name": "AresGlobal", "message": "[SYSTEM] ðŸš€ ARES LAUNCHER STARTED - Mode: INITIALIZATION", "correlation_id": "-", "session_id": "-", "timestamp": "2025-08-11T12:35:12.989967+00:00"}
{"asctime": "2025-08-11 14:35:12,990", "levelname": "INFO", "name": "AresGlobal", "message": "[SYSTEM] Start time: 2025-08-11 14:35:12", "correlation_id": "-", "session_id": "-", "timestamp": "2025-08-11T12:35:12.990511+00:00"}
{"asctime": "2025-08-11 14:35:12,990", "levelname": "INFO", "name": "AresGlobal", "message": "[SYSTEM] Log directory: log", "correlation_id": "-", "session_id": "-", "timestamp": "2025-08-11T12:35:12.990770+00:00"}
{"asctime": "2025-08-11 14:35:12,990", "levelname": "INFO", "name": "AresGlobal", "message": "[SYSTEM] ================================================================================", "correlation_id": "-", "session_id": "-", "timestamp": "2025-08-11T12:35:12.990986+00:00"}
{"asctime": "2025-08-11 14:35:12,991", "levelname": "INFO", "name": "AresGlobal.AresLauncher", "message": "================================================================================", "correlation_id": "-", "session_id": "-", "timestamp": "2025-08-11T12:35:12.991238+00:00"}
{"asctime": "2025-08-11 14:35:12,991", "levelname": "INFO", "name": "AresGlobal.AresLauncher", "message": "ðŸš€ ARES COMPREHENSIVE LAUNCHER", "correlation_id": "-", "session_id": "-", "timestamp": "2025-08-11T12:35:12.991372+00:00"}
{"asctime": "2025-08-11 14:35:12,991", "levelname": "INFO", "name": "AresGlobal.AresLauncher", "message": "================================================================================", "correlation_id": "-", "session_id": "-", "timestamp": "2025-08-11T12:35:12.991499+00:00"}
{"asctime": "2025-08-11 14:35:12,991", "levelname": "INFO", "name": "AresGlobal.AresLauncher", "message": "Start time: 2025-08-11 14:35:12", "correlation_id": "-", "session_id": "-", "timestamp": "2025-08-11T12:35:12.991625+00:00"}
{"asctime": "2025-08-11 14:35:12,991", "levelname": "INFO", "name": "AresGlobal.AresLauncher", "message": "Log directory: log", "correlation_id": "-", "session_id": "-", "timestamp": "2025-08-11T12:35:12.991796+00:00"}
{"asctime": "2025-08-11 14:35:12,991", "levelname": "INFO", "name": "AresGlobal.AresLauncher", "message": "Log level: INFO", "correlation_id": "-", "session_id": "-", "timestamp": "2025-08-11T12:35:12.991902+00:00"}
{"asctime": "2025-08-11 14:35:12,992", "levelname": "INFO", "name": "AresGlobal.AresLauncher", "message": "Global log file: ares_global_20250811_143512.log", "correlation_id": "-", "session_id": "-", "timestamp": "2025-08-11T12:35:12.992015+00:00"}
{"asctime": "2025-08-11 14:35:12,992", "levelname": "INFO", "name": "AresGlobal.AresLauncher", "message": "================================================================================", "correlation_id": "-", "session_id": "-", "timestamp": "2025-08-11T12:35:12.992129+00:00"}
{"asctime": "2025-08-11 14:35:12,992", "levelname": "INFO", "name": "AresGlobal", "message": "[SYSTEM] ================================================================================", "correlation_id": "-", "session_id": "-", "timestamp": "2025-08-11T12:35:12.992866+00:00"}
{"asctime": "2025-08-11 14:35:12,993", "levelname": "INFO", "name": "AresGlobal", "message": "[SYSTEM] ðŸš€ ARES LAUNCHER STARTED - Mode: blank - Symbol: ETHUSDT - Exchange: BINANCE", "correlation_id": "-", "session_id": "-", "timestamp": "2025-08-11T12:35:12.993118+00:00"}
{"asctime": "2025-08-11 14:35:12,993", "levelname": "INFO", "name": "AresGlobal", "message": "[SYSTEM] Start time: 2025-08-11 14:35:12", "correlation_id": "-", "session_id": "-", "timestamp": "2025-08-11T12:35:12.993348+00:00"}
{"asctime": "2025-08-11 14:35:12,993", "levelname": "INFO", "name": "AresGlobal", "message": "[SYSTEM] Log directory: log", "correlation_id": "-", "session_id": "-", "timestamp": "2025-08-11T12:35:12.993828+00:00"}
{"asctime": "2025-08-11 14:35:12,994", "levelname": "INFO", "name": "AresGlobal", "message": "[SYSTEM] ================================================================================", "correlation_id": "-", "session_id": "-", "timestamp": "2025-08-11T12:35:12.994263+00:00"}
{"asctime": "2025-08-11 14:35:12,994", "levelname": "INFO", "name": "AresGlobal.AresLauncher", "message": "ðŸš€ Running enhanced 16-step training pipeline for ETHUSDT on BINANCE", "correlation_id": "-", "session_id": "-", "timestamp": "2025-08-11T12:35:12.994747+00:00"}
{"asctime": "2025-08-11 14:35:12,994", "levelname": "INFO", "name": "AresGlobal.AresLauncher", "message": "Starting from step: step4_analyst_labeling_feature_engineering", "correlation_id": "-", "session_id": "-", "timestamp": "2025-08-11T12:35:12.994927+00:00"}
{"asctime": "2025-08-11 14:35:12,995", "levelname": "INFO", "name": "AresGlobal.AresLauncher", "message": "ðŸ§ª BLANK TRAINING MODE: Set BLANK_TRAINING_MODE=1 for step-based training", "correlation_id": "-", "session_id": "-", "timestamp": "2025-08-11T12:35:12.995092+00:00"}
{"asctime": "2025-08-11 14:35:12,997", "levelname": "INFO", "name": "AresGlobal.ProgressManager", "message": "Initialized ProgressManager for ETHUSDT on BINANCE", "correlation_id": "-", "session_id": "-", "timestamp": "2025-08-11T12:35:12.997479+00:00"}
{"asctime": "2025-08-11 14:35:12,997", "levelname": "INFO", "name": "AresGlobal.ProgressManager", "message": "Progress directory: data/training/progress/BINANCE_ETHUSDT", "correlation_id": "-", "session_id": "-", "timestamp": "2025-08-11T12:35:12.997751+00:00"}
{"asctime": "2025-08-11 14:35:12,997", "levelname": "INFO", "name": "AresGlobal.StepOrchestrator", "message": "Initialized StepOrchestrator for ETHUSDT on BINANCE", "correlation_id": "-", "session_id": "-", "timestamp": "2025-08-11T12:35:12.997895+00:00"}
{"asctime": "2025-08-11 14:35:12,998", "levelname": "INFO", "name": "AresGlobal.StepOrchestrator", "message": "ðŸš€ Starting execution from step: step4_analyst_labeling_feature_engineering", "correlation_id": "-", "session_id": "-", "timestamp": "2025-08-11T12:35:12.998406+00:00"}
{"asctime": "2025-08-11 14:35:19,540", "levelname": "INFO", "name": "AresGlobal.EnhancedTrainingManager", "message": "Loaded optimization configuration", "correlation_id": "-", "session_id": "-", "timestamp": "2025-08-11T12:35:19.540944+00:00"}
{"asctime": "2025-08-11 14:35:19,541", "levelname": "INFO", "name": "AresGlobal.EnhancedTrainingManagerOptimized", "message": "Loaded optimization configuration", "correlation_id": "-", "session_id": "-", "timestamp": "2025-08-11T12:35:19.541335+00:00"}
{"asctime": "2025-08-11 14:35:19,541", "levelname": "INFO", "name": "AresGlobal.EnhancedTrainingManager", "message": "ðŸš€ Initializing Enhanced Training Manager...", "correlation_id": "-", "session_id": "-", "timestamp": "2025-08-11T12:35:19.541570+00:00"}
{"asctime": "2025-08-11 14:35:19,541", "levelname": "INFO", "name": "AresGlobal.EnhancedTrainingManager", "message": "ðŸ“Š Blank training mode: True", "correlation_id": "-", "session_id": "-", "timestamp": "2025-08-11T12:35:19.541860+00:00"}
{"asctime": "2025-08-11 14:35:19,542", "levelname": "INFO", "name": "AresGlobal.EnhancedTrainingManager", "message": "ðŸ”§ Max trials: 200", "correlation_id": "-", "session_id": "-", "timestamp": "2025-08-11T12:35:19.542024+00:00"}
{"asctime": "2025-08-11 14:35:19,542", "levelname": "INFO", "name": "AresGlobal.EnhancedTrainingManager", "message": "ðŸ”§ N trials: 100", "correlation_id": "-", "session_id": "-", "timestamp": "2025-08-11T12:35:19.542145+00:00"}
{"asctime": "2025-08-11 14:35:19,542", "levelname": "INFO", "name": "AresGlobal.EnhancedTrainingManager", "message": "ðŸ“ˆ Lookback days: 180", "correlation_id": "-", "session_id": "-", "timestamp": "2025-08-11T12:35:19.542246+00:00"}
{"asctime": "2025-08-11 14:35:19,542", "levelname": "INFO", "name": "AresGlobal.EnhancedTrainingManager", "message": "ðŸš€ Computational optimization: True", "correlation_id": "-", "session_id": "-", "timestamp": "2025-08-11T12:35:19.542342+00:00"}
{"asctime": "2025-08-11 14:35:19,542", "levelname": "INFO", "name": "AresGlobal.EnhancedTrainingManager", "message": "ðŸ“Š Resource Analysis:", "correlation_id": "-", "session_id": "-", "timestamp": "2025-08-11T12:35:19.542497+00:00"}
{"asctime": "2025-08-11 14:35:19,543", "levelname": "INFO", "name": "AresGlobal.EnhancedTrainingManager", "message": "   ðŸ’¾ System Memory: 16.0 GB", "correlation_id": "-", "session_id": "-", "timestamp": "2025-08-11T12:35:19.543093+00:00"}
{"asctime": "2025-08-11 14:35:19,543", "levelname": "INFO", "name": "AresGlobal.EnhancedTrainingManager", "message": "   ðŸ–¥ï¸ CPU Cores: 8", "correlation_id": "-", "session_id": "-", "timestamp": "2025-08-11T12:35:19.543849+00:00"}
{"asctime": "2025-08-11 14:35:19,544", "levelname": "INFO", "name": "AresGlobal.EnhancedTrainingManager", "message": "   ðŸ“ˆ Estimated Memory Usage: 4.0 GB", "correlation_id": "-", "session_id": "-", "timestamp": "2025-08-11T12:35:19.544275+00:00"}
{"asctime": "2025-08-11 14:35:19,544", "levelname": "INFO", "name": "AresGlobal.EnhancedTrainingManager", "message": "   â±ï¸ Estimated Time: 90 minutes (1.5 hours)", "correlation_id": "-", "session_id": "-", "timestamp": "2025-08-11T12:35:19.544508+00:00"}
{"asctime": "2025-08-11 14:35:19,544", "levelname": "INFO", "name": "AresGlobal.EnhancedTrainingManager", "message": "   ðŸ¤– Models to Train: 4", "correlation_id": "-", "session_id": "-", "timestamp": "2025-08-11T12:35:19.544781+00:00"}
{"asctime": "2025-08-11 14:35:19,545", "levelname": "INFO", "name": "AresGlobal.EnhancedTrainingManager", "message": "   ðŸ”§ Optimization Trials: 50", "correlation_id": "-", "session_id": "-", "timestamp": "2025-08-11T12:35:19.545017+00:00"}
{"asctime": "2025-08-11 14:35:19,545", "levelname": "INFO", "name": "AresGlobal.EnhancedTrainingManager", "message": "ðŸ“‹ Step-by-Step Time Estimates:", "correlation_id": "-", "session_id": "-", "timestamp": "2025-08-11T12:35:19.545233+00:00"}
{"asctime": "2025-08-11 14:35:19,545", "levelname": "INFO", "name": "AresGlobal.EnhancedTrainingManager", "message": "   step1_data_collection: 5 min (4.1%)", "correlation_id": "-", "session_id": "-", "timestamp": "2025-08-11T12:35:19.545557+00:00"}
{"asctime": "2025-08-11 14:35:19,545", "levelname": "INFO", "name": "AresGlobal.EnhancedTrainingManager", "message": "   step2_market_regime_classification: 3 min (2.4%)", "correlation_id": "-", "session_id": "-", "timestamp": "2025-08-11T12:35:19.545876+00:00"}
{"asctime": "2025-08-11 14:35:19,546", "levelname": "INFO", "name": "AresGlobal.EnhancedTrainingManager", "message": "   step3_regime_data_splitting: 2 min (1.6%)", "correlation_id": "-", "session_id": "-", "timestamp": "2025-08-11T12:35:19.546195+00:00"}
{"asctime": "2025-08-11 14:35:19,546", "levelname": "INFO", "name": "AresGlobal.EnhancedTrainingManager", "message": "   step4_analyst_labeling_feature_engineering: 15 min (12.2%)", "correlation_id": "-", "session_id": "-", "timestamp": "2025-08-11T12:35:19.546350+00:00"}
{"asctime": "2025-08-11 14:35:19,546", "levelname": "INFO", "name": "AresGlobal.EnhancedTrainingManager", "message": "   step5_analyst_specialist_training: 10 min (8.1%)", "correlation_id": "-", "session_id": "-", "timestamp": "2025-08-11T12:35:19.546615+00:00"}
{"asctime": "2025-08-11 14:35:19,546", "levelname": "INFO", "name": "AresGlobal.EnhancedTrainingManager", "message": "   step6_analyst_enhancement: 8 min (6.5%)", "correlation_id": "-", "session_id": "-", "timestamp": "2025-08-11T12:35:19.546758+00:00"}
{"asctime": "2025-08-11 14:35:19,547", "levelname": "INFO", "name": "AresGlobal.EnhancedTrainingManager", "message": "   step7_analyst_ensemble_creation: 12 min (9.8%)", "correlation_id": "-", "session_id": "-", "timestamp": "2025-08-11T12:35:19.547237+00:00"}
{"asctime": "2025-08-11 14:35:19,547", "levelname": "INFO", "name": "AresGlobal.EnhancedTrainingManager", "message": "   step8_tactician_labeling: 5 min (4.1%)", "correlation_id": "-", "session_id": "-", "timestamp": "2025-08-11T12:35:19.547713+00:00"}
{"asctime": "2025-08-11 14:35:19,548", "levelname": "INFO", "name": "AresGlobal.EnhancedTrainingManager", "message": "   step9_tactician_specialist_training: 10 min (8.1%)", "correlation_id": "-", "session_id": "-", "timestamp": "2025-08-11T12:35:19.548010+00:00"}
{"asctime": "2025-08-11 14:35:19,548", "levelname": "INFO", "name": "AresGlobal.EnhancedTrainingManager", "message": "   step10_tactician_ensemble_creation: 12 min (9.8%)", "correlation_id": "-", "session_id": "-", "timestamp": "2025-08-11T12:35:19.548128+00:00"}
{"asctime": "2025-08-11 14:35:19,548", "levelname": "INFO", "name": "AresGlobal.EnhancedTrainingManager", "message": "   step11_confidence_calibration: 3 min (2.4%)", "correlation_id": "-", "session_id": "-", "timestamp": "2025-08-11T12:35:19.548329+00:00"}
{"asctime": "2025-08-11 14:35:19,548", "levelname": "INFO", "name": "AresGlobal.EnhancedTrainingManager", "message": "   step12_final_parameters_optimization: 15 min (12.2%)", "correlation_id": "-", "session_id": "-", "timestamp": "2025-08-11T12:35:19.548437+00:00"}
{"asctime": "2025-08-11 14:35:19,548", "levelname": "INFO", "name": "AresGlobal.EnhancedTrainingManager", "message": "   step13_walk_forward_validation: 8 min (6.5%)", "correlation_id": "-", "session_id": "-", "timestamp": "2025-08-11T12:35:19.548558+00:00"}
{"asctime": "2025-08-11 14:35:19,548", "levelname": "INFO", "name": "AresGlobal.EnhancedTrainingManager", "message": "   step14_monte_carlo_validation: 8 min (6.5%)", "correlation_id": "-", "session_id": "-", "timestamp": "2025-08-11T12:35:19.548747+00:00"}
{"asctime": "2025-08-11 14:35:19,548", "levelname": "INFO", "name": "AresGlobal.EnhancedTrainingManager", "message": "   step15_ab_testing: 5 min (4.1%)", "correlation_id": "-", "session_id": "-", "timestamp": "2025-08-11T12:35:19.548845+00:00"}
{"asctime": "2025-08-11 14:35:19,548", "levelname": "INFO", "name": "AresGlobal.EnhancedTrainingManager", "message": "   step16_saving: 2 min (1.6%)", "correlation_id": "-", "session_id": "-", "timestamp": "2025-08-11T12:35:19.548937+00:00"}
{"asctime": "2025-08-11 14:35:19,549", "levelname": "INFO", "name": "AresGlobal.EnhancedTrainingManager", "message": "ðŸ’¡ Recommendations:", "correlation_id": "-", "session_id": "-", "timestamp": "2025-08-11T12:35:19.549026+00:00"}
{"asctime": "2025-08-11 14:35:19,549", "levelname": "INFO", "name": "AresGlobal.EnhancedTrainingManager", "message": "   âœ… Blank training mode is suitable for your system", "correlation_id": "-", "session_id": "-", "timestamp": "2025-08-11T12:35:19.549129+00:00"}
{"asctime": "2025-08-11 14:35:19,549", "levelname": "INFO", "name": "AresGlobal.EnhancedTrainingManager", "message": "ðŸš€ Initializing computational optimization components...", "correlation_id": "-", "session_id": "-", "timestamp": "2025-08-11T12:35:19.549339+00:00"}
{"asctime": "2025-08-11 14:35:19,549", "levelname": "INFO", "name": "AresGlobal.ComputationalOptimizationManager", "message": "Computational Optimization Manager initialized", "correlation_id": "-", "session_id": "-", "timestamp": "2025-08-11T12:35:19.549872+00:00"}
{"asctime": "2025-08-11 14:35:19,550", "levelname": "INFO", "name": "AresGlobal.EnhancedTrainingManager", "message": "âœ… Computational optimization components initialized successfully", "correlation_id": "-", "session_id": "-", "timestamp": "2025-08-11T12:35:19.550039+00:00"}
{"asctime": "2025-08-11 14:35:19,550", "levelname": "INFO", "name": "AresGlobal.EnhancedTrainingManager", "message": "âœ… Enhanced Training Manager initialized successfully", "correlation_id": "-", "session_id": "-", "timestamp": "2025-08-11T12:35:19.550250+00:00"}
{"asctime": "2025-08-11 14:35:19,550", "levelname": "INFO", "name": "AresGlobal.StepOrchestrator", "message": "âœ… Enhanced training manager setup successfully", "correlation_id": "-", "session_id": "-", "timestamp": "2025-08-11T12:35:19.550360+00:00"}
{"asctime": "2025-08-11 14:35:19,550", "levelname": "INFO", "name": "AresGlobal.EnhancedTrainingManager", "message": "================================================================================", "correlation_id": "-", "session_id": "-", "timestamp": "2025-08-11T12:35:19.550469+00:00"}
{"asctime": "2025-08-11 14:35:19,550", "levelname": "INFO", "name": "AresGlobal.EnhancedTrainingManager", "message": "ðŸš€ COMPREHENSIVE 16-STEP ENHANCED TRAINING PIPELINE START", "correlation_id": "-", "session_id": "-", "timestamp": "2025-08-11T12:35:19.550641+00:00"}
{"asctime": "2025-08-11 14:35:19,550", "levelname": "INFO", "name": "AresGlobal.EnhancedTrainingManager", "message": "================================================================================", "correlation_id": "-", "session_id": "-", "timestamp": "2025-08-11T12:35:19.550739+00:00"}
{"asctime": "2025-08-11 14:35:19,550", "levelname": "INFO", "name": "AresGlobal.EnhancedTrainingManager", "message": "ðŸ“… Started at: 2025-08-11 14:35:19", "correlation_id": "-", "session_id": "-", "timestamp": "2025-08-11T12:35:19.550850+00:00"}
{"asctime": "2025-08-11 14:35:19,550", "levelname": "INFO", "name": "AresGlobal.EnhancedTrainingManager", "message": "ðŸŽ¯ Symbol: ETHUSDT", "correlation_id": "-", "session_id": "-", "timestamp": "2025-08-11T12:35:19.550948+00:00"}
{"asctime": "2025-08-11 14:35:19,551", "levelname": "INFO", "name": "AresGlobal.EnhancedTrainingManager", "message": "ðŸ¢ Exchange: BINANCE", "correlation_id": "-", "session_id": "-", "timestamp": "2025-08-11T12:35:19.551040+00:00"}
{"asctime": "2025-08-11 14:35:19,551", "levelname": "INFO", "name": "AresGlobal.EnhancedTrainingManager", "message": "ðŸ“Š Training Mode: N/A", "correlation_id": "-", "session_id": "-", "timestamp": "2025-08-11T12:35:19.551286+00:00"}
{"asctime": "2025-08-11 14:35:19,551", "levelname": "INFO", "name": "AresGlobal.EnhancedTrainingManager", "message": "ðŸ“ˆ Lookback Days: 180", "correlation_id": "-", "session_id": "-", "timestamp": "2025-08-11T12:35:19.551413+00:00"}
{"asctime": "2025-08-11 14:35:19,551", "levelname": "INFO", "name": "AresGlobal.EnhancedTrainingManager", "message": "ðŸ”§ Blank Training Mode: True", "correlation_id": "-", "session_id": "-", "timestamp": "2025-08-11T12:35:19.551705+00:00"}
{"asctime": "2025-08-11 14:35:19,551", "levelname": "INFO", "name": "AresGlobal.EnhancedTrainingManager", "message": "ðŸ”§ Max Trials: 200", "correlation_id": "-", "session_id": "-", "timestamp": "2025-08-11T12:35:19.551947+00:00"}
{"asctime": "2025-08-11 14:35:19,552", "levelname": "INFO", "name": "AresGlobal.EnhancedTrainingManager", "message": "ðŸ”§ N Trials: 100", "correlation_id": "-", "session_id": "-", "timestamp": "2025-08-11T12:35:19.552051+00:00"}
{"asctime": "2025-08-11 14:35:19,552", "levelname": "INFO", "name": "AresGlobal.EnhancedTrainingManager", "message": "ðŸš€ Initializing optimized tools...", "correlation_id": "-", "session_id": "-", "timestamp": "2025-08-11T12:35:19.552158+00:00"}
{"asctime": "2025-08-11 14:35:19,552", "levelname": "INFO", "name": "AresGlobal.EnhancedTrainingManagerOptimized", "message": "ðŸš€ Initializing Enhanced Training Manager with Optimizations...", "correlation_id": "-", "session_id": "-", "timestamp": "2025-08-11T12:35:19.552267+00:00"}
{"asctime": "2025-08-11 14:35:19,570", "levelname": "INFO", "name": "AresGlobal.EnhancedTrainingManagerOptimized", "message": "âœ… Parallel backtester initialized with 8 workers", "correlation_id": "-", "session_id": "-", "timestamp": "2025-08-11T12:35:19.571239+00:00"}
{"asctime": "2025-08-11 14:35:19,573", "levelname": "INFO", "name": "AresGlobal.EnhancedTrainingManagerOptimized", "message": "âœ… All optimization components initialized successfully", "correlation_id": "-", "session_id": "-", "timestamp": "2025-08-11T12:35:19.573606+00:00"}
{"asctime": "2025-08-11 14:35:19,573", "levelname": "INFO", "name": "AresGlobal.EnhancedTrainingManager", "message": "   âœ… Optimized training manager initialized", "correlation_id": "-", "session_id": "-", "timestamp": "2025-08-11T12:35:19.574009+00:00"}
{"asctime": "2025-08-11 14:35:19,574", "levelname": "INFO", "name": "AresGlobal.EnhancedTrainingManager", "message": "   âœ… Streaming processor initialized", "correlation_id": "-", "session_id": "-", "timestamp": "2025-08-11T12:35:19.574421+00:00"}
{"asctime": "2025-08-11 14:35:19,575", "levelname": "INFO", "name": "AresGlobal.EnhancedTrainingManager", "message": "   âœ… Parallel backtester initialized with 8 workers", "correlation_id": "-", "session_id": "-", "timestamp": "2025-08-11T12:35:19.575137+00:00"}
{"asctime": "2025-08-11 14:35:19,575", "levelname": "INFO", "name": "AresGlobal.EnhancedTrainingManager", "message": "   âœ… Adaptive sampler initialized", "correlation_id": "-", "session_id": "-", "timestamp": "2025-08-11T12:35:19.575457+00:00"}
{"asctime": "2025-08-11 14:35:19,575", "levelname": "INFO", "name": "AresGlobal.EnhancedTrainingManager", "message": "   âœ… Incremental trainer initialized", "correlation_id": "-", "session_id": "-", "timestamp": "2025-08-11T12:35:19.575966+00:00"}
{"asctime": "2025-08-11 14:35:19,577", "levelname": "INFO", "name": "AresGlobal.EnhancedTrainingManager", "message": "âœ… All optimized tools initialized successfully", "correlation_id": "-", "session_id": "-", "timestamp": "2025-08-11T12:35:19.577902+00:00"}
{"asctime": "2025-08-11 14:35:19,580", "levelname": "INFO", "name": "AresGlobal.EnhancedTrainingManager", "message": "ðŸ“‚ Checkpoint loaded: step4_analyst_labeling_feature_engineering from checkpoints/BINANCE/ETHUSDT/1m/training_progress.json", "correlation_id": "-", "session_id": "-", "timestamp": "2025-08-11T12:35:19.580049+00:00"}
{"asctime": "2025-08-11 14:35:19,580", "levelname": "INFO", "name": "AresGlobal.EnhancedTrainingManager", "message": "ðŸ”„ Resuming from checkpoint...", "correlation_id": "-", "session_id": "-", "timestamp": "2025-08-11T12:35:19.580711+00:00"}
{"asctime": "2025-08-11 14:35:19,580", "levelname": "INFO", "name": "AresGlobal.EnhancedTrainingManager", "message": "ðŸ“‚ Last completed step: step4_analyst_labeling_feature_engineering", "correlation_id": "-", "session_id": "-", "timestamp": "2025-08-11T12:35:19.580886+00:00"}
{"asctime": "2025-08-11 14:35:19,581", "levelname": "INFO", "name": "AresGlobal.EnhancedTrainingManager", "message": "====================================================================================================", "correlation_id": "-", "session_id": "-", "timestamp": "2025-08-11T12:35:19.581108+00:00"}
{"asctime": "2025-08-11 14:35:19,581", "levelname": "INFO", "name": "AresGlobal.EnhancedTrainingManager", "message": "ðŸš€ COMPREHENSIVE TRAINING PIPELINE START", "correlation_id": "-", "session_id": "-", "timestamp": "2025-08-11T12:35:19.581258+00:00"}
{"asctime": "2025-08-11 14:35:19,581", "levelname": "INFO", "name": "AresGlobal.EnhancedTrainingManager", "message": "====================================================================================================", "correlation_id": "-", "session_id": "-", "timestamp": "2025-08-11T12:35:19.581393+00:00"}
{"asctime": "2025-08-11 14:35:19,581", "levelname": "INFO", "name": "AresGlobal.EnhancedTrainingManager", "message": "ðŸ“… Started at: 2025-08-11 14:35:19", "correlation_id": "-", "session_id": "-", "timestamp": "2025-08-11T12:35:19.581510+00:00"}
{"asctime": "2025-08-11 14:35:19,581", "levelname": "INFO", "name": "AresGlobal.EnhancedTrainingManager", "message": "ðŸŽ¯ Symbol: ETHUSDT", "correlation_id": "-", "session_id": "-", "timestamp": "2025-08-11T12:35:19.581670+00:00"}
{"asctime": "2025-08-11 14:35:19,581", "levelname": "INFO", "name": "AresGlobal.EnhancedTrainingManager", "message": "ðŸ¢ Exchange: BINANCE", "correlation_id": "-", "session_id": "-", "timestamp": "2025-08-11T12:35:19.581812+00:00"}
{"asctime": "2025-08-11 14:35:19,582", "levelname": "INFO", "name": "AresGlobal.EnhancedTrainingManager", "message": "ðŸ“Š Timeframe: 1m", "correlation_id": "-", "session_id": "-", "timestamp": "2025-08-11T12:35:19.582236+00:00"}
{"asctime": "2025-08-11 14:35:19,582", "levelname": "INFO", "name": "AresGlobal.EnhancedTrainingManager", "message": "ðŸ§  Training Mode: Blank", "correlation_id": "-", "session_id": "-", "timestamp": "2025-08-11T12:35:19.582388+00:00"}
{"asctime": "2025-08-11 14:35:19,582", "levelname": "INFO", "name": "AresGlobal.EnhancedTrainingManager", "message": "ðŸ”§ Max Trials: 200", "correlation_id": "-", "session_id": "-", "timestamp": "2025-08-11T12:35:19.582705+00:00"}
{"asctime": "2025-08-11 14:35:19,582", "levelname": "INFO", "name": "AresGlobal.EnhancedTrainingManager", "message": "ðŸ“ˆ Lookback Days: 180", "correlation_id": "-", "session_id": "-", "timestamp": "2025-08-11T12:35:19.582816+00:00"}
{"asctime": "2025-08-11 14:35:19,582", "levelname": "INFO", "name": "AresGlobal.EnhancedTrainingManager", "message": "ðŸ’¾ Memory Optimization: Enabled", "correlation_id": "-", "session_id": "-", "timestamp": "2025-08-11T12:35:19.582910+00:00"}
{"asctime": "2025-08-11 14:35:19,582", "levelname": "INFO", "name": "AresGlobal.EnhancedTrainingManager", "message": "ðŸš€ Starting from step: step4_analyst_labeling_feature_engineering", "correlation_id": "-", "session_id": "-", "timestamp": "2025-08-11T12:35:19.582995+00:00"}
{"asctime": "2025-08-11 14:35:19,583", "levelname": "INFO", "name": "AresGlobal.EnhancedTrainingManager", "message": "====================================================================================================", "correlation_id": "-", "session_id": "-", "timestamp": "2025-08-11T12:35:19.583096+00:00"}
{"asctime": "2025-08-11 14:35:19,583", "levelname": "INFO", "name": "AresGlobal.EnhancedTrainingManager", "message": "â­ï¸  Skipping Step 1: Data Collection (using pre-consolidated data)", "correlation_id": "-", "session_id": "-", "timestamp": "2025-08-11T12:35:19.583417+00:00"}
{"asctime": "2025-08-11 14:35:19,583", "levelname": "INFO", "name": "AresGlobal.EnhancedTrainingManager", "message": "ðŸŽ­ STEP 2: Market Regime Classification...", "correlation_id": "-", "session_id": "-", "timestamp": "2025-08-11T12:35:19.583591+00:00"}
{"asctime": "2025-08-11 14:35:19,584", "levelname": "INFO", "name": "AresGlobal.EnhancedTrainingManager", "message": "   ðŸ§  Analyzing market regimes and volatility patterns...", "correlation_id": "-", "session_id": "-", "timestamp": "2025-08-11T12:35:19.584295+00:00"}
{"asctime": "2025-08-11 14:35:25,806", "levelname": "INFO", "name": "AresGlobal.EnhancedTrainingManager", "message": "ðŸ” Running validator for step2_market_regime_classification", "correlation_id": "-", "session_id": "-", "timestamp": "2025-08-11T12:35:25.806949+00:00"}
{"asctime": "2025-08-11 14:35:25,807", "levelname": "INFO", "name": "AresGlobal.ValidatorOrchestrator", "message": "ðŸ” Running validator for step2_market_regime_classification", "correlation_id": "-", "session_id": "-", "timestamp": "2025-08-11T12:35:25.807406+00:00"}
{"asctime": "2025-08-11 14:35:25,809", "levelname": "INFO", "name": "AresGlobal.Step2MarketRegimeClassificationValidator", "message": "ðŸ” Validating market regime classification step...", "correlation_id": "-", "session_id": "-", "timestamp": "2025-08-11T12:35:25.809028+00:00"}
{"asctime": "2025-08-11 14:35:25,810", "levelname": "INFO", "name": "AresGlobal.Step2MarketRegimeClassificationValidator", "message": "ðŸ”§ read_parquet start path=data/training/BINANCE_ETHUSDT_regime_classification.parquet columns=regime_columns", "correlation_id": "-", "session_id": "-", "timestamp": "2025-08-11T12:35:25.810205+00:00"}
{"asctime": "2025-08-11 14:35:25,814", "levelname": "INFO", "name": "AresGlobal.Step2MarketRegimeClassificationValidator", "message": "âœ… read_parquet ok path=data/training/BINANCE_ETHUSDT_regime_classification.parquet elapsed=0.005s size=14.5KB", "correlation_id": "-", "session_id": "-", "timestamp": "2025-08-11T12:35:25.814832+00:00"}
{"asctime": "2025-08-11 14:35:25,815", "levelname": "WARNING", "name": "AresGlobal.Step2MarketRegimeClassificationValidator", "message": "âš ï¸ Some regimes have very low frequency: 0.022 (min allowed: 0.030) - continuing with caution", "correlation_id": "-", "session_id": "-", "timestamp": "2025-08-11T12:35:25.815377+00:00"}
{"asctime": "2025-08-11 14:35:25,815", "levelname": "WARNING", "name": "AresGlobal.Step2MarketRegimeClassificationValidator", "message": "âš ï¸ Regime distribution validation failed - continuing with caution", "correlation_id": "-", "session_id": "-", "timestamp": "2025-08-11T12:35:25.815515+00:00"}
{"asctime": "2025-08-11 14:35:25,815", "levelname": "INFO", "name": "AresGlobal.Step2MarketRegimeClassificationValidator", "message": "âœ… Regime transitions validation passed: 6 transition types", "correlation_id": "-", "session_id": "-", "timestamp": "2025-08-11T12:35:25.815983+00:00"}
{"asctime": "2025-08-11 14:35:25,816", "levelname": "INFO", "name": "AresGlobal.Step2MarketRegimeClassificationValidator", "message": "âœ… Market regime classification validation passed (critical checks only)", "correlation_id": "-", "session_id": "-", "timestamp": "2025-08-11T12:35:25.816162+00:00"}
{"asctime": "2025-08-11 14:35:25,816", "levelname": "INFO", "name": "AresGlobal.ValidatorOrchestrator", "message": "âœ… Validator for step2_market_regime_classification completed: True", "correlation_id": "-", "session_id": "-", "timestamp": "2025-08-11T12:35:25.816456+00:00"}
{"asctime": "2025-08-11 14:35:25,816", "levelname": "INFO", "name": "AresGlobal.EnhancedTrainingManager", "message": "âœ… step2_market_regime_classification validation passed", "correlation_id": "-", "session_id": "-", "timestamp": "2025-08-11T12:35:25.816738+00:00"}
{"asctime": "2025-08-11 14:35:25,922", "levelname": "INFO", "name": "AresGlobal.EnhancedTrainingManager", "message": "âœ… Step 2: Market Regime Classification: completed successfully in 6.23s", "correlation_id": "-", "session_id": "-", "timestamp": "2025-08-11T12:35:25.922169+00:00"}
{"asctime": "2025-08-11 14:35:25,922", "levelname": "INFO", "name": "AresGlobal.EnhancedTrainingManager", "message": "ðŸ’¾ Process Memory: 395.7 MB | CPU: 0.1%", "correlation_id": "-", "session_id": "-", "timestamp": "2025-08-11T12:35:25.922448+00:00"}
{"asctime": "2025-08-11 14:35:25,922", "levelname": "INFO", "name": "AresGlobal.EnhancedTrainingManager", "message": "ðŸ–¥ï¸ System Memory: 71.0% | Available: 4.6 GB", "correlation_id": "-", "session_id": "-", "timestamp": "2025-08-11T12:35:25.922574+00:00"}
{"asctime": "2025-08-11 14:35:25,922", "levelname": "INFO", "name": "AresGlobal.EnhancedTrainingManager", "message": "ðŸ“Š Progress: 6.2% (1/16)", "correlation_id": "-", "session_id": "-", "timestamp": "2025-08-11T12:35:25.922774+00:00"}
{"asctime": "2025-08-11 14:35:25,923", "levelname": "INFO", "name": "AresGlobal.EnhancedTrainingManager", "message": "ðŸ’¾ Checkpoint saved: step2_market_regime_classification -> checkpoints/BINANCE/ETHUSDT/1m/training_progress.json", "correlation_id": "-", "session_id": "-", "timestamp": "2025-08-11T12:35:25.923722+00:00"}
{"asctime": "2025-08-11 14:35:25,923", "levelname": "INFO", "name": "AresGlobal.EnhancedTrainingManager", "message": "ðŸ“Š STEP 3: Regime Data Splitting...", "correlation_id": "-", "session_id": "-", "timestamp": "2025-08-11T12:35:25.923859+00:00"}
{"asctime": "2025-08-11 14:35:25,923", "levelname": "INFO", "name": "AresGlobal.EnhancedTrainingManager", "message": "   ðŸ“ˆ Splitting data by market regimes for specialized training...", "correlation_id": "-", "session_id": "-", "timestamp": "2025-08-11T12:35:25.923960+00:00"}
{"asctime": "2025-08-11 14:36:09,152", "levelname": "INFO", "name": "AresGlobal.EnhancedTrainingManager", "message": "ðŸ” Running validator for step3_regime_data_splitting", "correlation_id": "-", "session_id": "-", "timestamp": "2025-08-11T12:36:09.152303+00:00"}
{"asctime": "2025-08-11 14:36:09,152", "levelname": "INFO", "name": "AresGlobal.ValidatorOrchestrator", "message": "ðŸ” Running validator for step3_regime_data_splitting", "correlation_id": "-", "session_id": "-", "timestamp": "2025-08-11T12:36:09.152664+00:00"}
{"asctime": "2025-08-11 14:36:09,154", "levelname": "INFO", "name": "AresGlobal.Step3RegimeDataSplittingValidator", "message": "ðŸ”§ BLANK MODE: Using very lenient validation parameters", "correlation_id": "-", "session_id": "-", "timestamp": "2025-08-11T12:36:09.154107+00:00"}
{"asctime": "2025-08-11 14:36:09,154", "levelname": "INFO", "name": "AresGlobal.Step3RegimeDataSplittingValidator", "message": "ðŸ” Validating regime data splitting step...", "correlation_id": "-", "session_id": "-", "timestamp": "2025-08-11T12:36:09.154294+00:00"}
{"asctime": "2025-08-11 14:36:09,154", "levelname": "INFO", "name": "AresGlobal.Step3RegimeDataSplittingValidator", "message": "âœ… All split data files exist", "correlation_id": "-", "session_id": "-", "timestamp": "2025-08-11T12:36:09.154448+00:00"}
{"asctime": "2025-08-11 14:36:09,155", "levelname": "INFO", "name": "AresGlobal.Step3RegimeDataSplittingValidator", "message": "ðŸ”§ read_parquet start path=data/training/BINANCE_ETHUSDT_train_data.parquet columns=regime_columns", "correlation_id": "-", "session_id": "-", "timestamp": "2025-08-11T12:36:09.155078+00:00"}
{"asctime": "2025-08-11 14:36:09,162", "levelname": "INFO", "name": "AresGlobal.Step3RegimeDataSplittingValidator", "message": "âœ… read_parquet ok path=data/training/BINANCE_ETHUSDT_train_data.parquet elapsed=0.007s size=11.3MB", "correlation_id": "-", "session_id": "-", "timestamp": "2025-08-11T12:36:09.162481+00:00"}
{"asctime": "2025-08-11 14:36:09,193", "levelname": "INFO", "name": "AresGlobal.Step3RegimeDataSplittingValidator", "message": "ðŸ§® train_data: rows=179559 cols=3 memory=12.50MB dtypes={'datetime64[ns]': 1, 'object': 1, 'float64': 1}", "correlation_id": "-", "session_id": "-", "timestamp": "2025-08-11T12:36:09.193094+00:00"}
{"asctime": "2025-08-11 14:36:09,205", "levelname": "INFO", "name": "AresGlobal.Step3RegimeDataSplittingValidator", "message": "ðŸ§ª train_data nulls (first 10 cols): {'timestamp': 0, 'regime': 0, 'confidence': 0}", "correlation_id": "-", "session_id": "-", "timestamp": "2025-08-11T12:36:09.205310+00:00"}
{"asctime": "2025-08-11 14:36:09,260", "levelname": "WARNING", "name": "AresGlobal.Step3RegimeDataSplittingValidator", "message": "âš ï¸ train split missing columns: ['open', 'high', 'low', 'close', 'volume'] - continuing with caution in BLANK mode", "correlation_id": "-", "session_id": "-", "timestamp": "2025-08-11T12:36:09.260710+00:00"}
{"asctime": "2025-08-11 14:36:09,261", "levelname": "INFO", "name": "AresGlobal.Step3RegimeDataSplittingValidator", "message": "ðŸ”§ read_parquet start path=data/training/BINANCE_ETHUSDT_validation_data.parquet columns=regime_columns", "correlation_id": "-", "session_id": "-", "timestamp": "2025-08-11T12:36:09.261036+00:00"}
{"asctime": "2025-08-11 14:36:09,264", "levelname": "INFO", "name": "AresGlobal.Step3RegimeDataSplittingValidator", "message": "âœ… read_parquet ok path=data/training/BINANCE_ETHUSDT_validation_data.parquet elapsed=0.004s size=2.6MB", "correlation_id": "-", "session_id": "-", "timestamp": "2025-08-11T12:36:09.264844+00:00"}
{"asctime": "2025-08-11 14:36:09,272", "levelname": "INFO", "name": "AresGlobal.Step3RegimeDataSplittingValidator", "message": "ðŸ§® validation_data: rows=38477 cols=3 memory=2.68MB dtypes={'datetime64[ns]': 1, 'object': 1, 'float64': 1}", "correlation_id": "-", "session_id": "-", "timestamp": "2025-08-11T12:36:09.272274+00:00"}
{"asctime": "2025-08-11 14:36:09,274", "levelname": "INFO", "name": "AresGlobal.Step3RegimeDataSplittingValidator", "message": "ðŸ§ª validation_data nulls (first 10 cols): {'timestamp': 0, 'regime': 0, 'confidence': 0}", "correlation_id": "-", "session_id": "-", "timestamp": "2025-08-11T12:36:09.274692+00:00"}
{"asctime": "2025-08-11 14:36:09,287", "levelname": "WARNING", "name": "AresGlobal.Step3RegimeDataSplittingValidator", "message": "âš ï¸ validation split missing columns: ['open', 'high', 'low', 'close', 'volume'] - continuing with caution in BLANK mode", "correlation_id": "-", "session_id": "-", "timestamp": "2025-08-11T12:36:09.287906+00:00"}
{"asctime": "2025-08-11 14:36:09,288", "levelname": "INFO", "name": "AresGlobal.Step3RegimeDataSplittingValidator", "message": "ðŸ”§ read_parquet start path=data/training/BINANCE_ETHUSDT_test_data.parquet columns=regime_columns", "correlation_id": "-", "session_id": "-", "timestamp": "2025-08-11T12:36:09.288271+00:00"}
{"asctime": "2025-08-11 14:36:09,291", "levelname": "INFO", "name": "AresGlobal.Step3RegimeDataSplittingValidator", "message": "âœ… read_parquet ok path=data/training/BINANCE_ETHUSDT_test_data.parquet elapsed=0.004s size=2.2MB", "correlation_id": "-", "session_id": "-", "timestamp": "2025-08-11T12:36:09.291907+00:00"}
{"asctime": "2025-08-11 14:36:09,299", "levelname": "INFO", "name": "AresGlobal.Step3RegimeDataSplittingValidator", "message": "ðŸ§® test_data: rows=38478 cols=3 memory=2.68MB dtypes={'datetime64[ns]': 1, 'object': 1, 'float64': 1}", "correlation_id": "-", "session_id": "-", "timestamp": "2025-08-11T12:36:09.299270+00:00"}
{"asctime": "2025-08-11 14:36:09,301", "levelname": "INFO", "name": "AresGlobal.Step3RegimeDataSplittingValidator", "message": "ðŸ§ª test_data nulls (first 10 cols): {'timestamp': 0, 'regime': 0, 'confidence': 0}", "correlation_id": "-", "session_id": "-", "timestamp": "2025-08-11T12:36:09.301729+00:00"}
{"asctime": "2025-08-11 14:36:09,314", "levelname": "WARNING", "name": "AresGlobal.Step3RegimeDataSplittingValidator", "message": "âš ï¸ test split missing columns: ['open', 'high', 'low', 'close', 'volume'] - continuing with caution in BLANK mode", "correlation_id": "-", "session_id": "-", "timestamp": "2025-08-11T12:36:09.314429+00:00"}
{"asctime": "2025-08-11 14:36:09,314", "levelname": "INFO", "name": "AresGlobal.Step3RegimeDataSplittingValidator", "message": "âœ… All split data quality validation passed", "correlation_id": "-", "session_id": "-", "timestamp": "2025-08-11T12:36:09.314767+00:00"}
{"asctime": "2025-08-11 14:36:09,318", "levelname": "INFO", "name": "AresGlobal.Step3RegimeDataSplittingValidator", "message": "âœ… train proportion 0.799 within expected range (0.500-0.850)", "correlation_id": "-", "session_id": "-", "timestamp": "2025-08-11T12:36:09.318887+00:00"}
{"asctime": "2025-08-11 14:36:09,319", "levelname": "INFO", "name": "AresGlobal.Step3RegimeDataSplittingValidator", "message": "âœ… validation proportion 0.100 within expected range (0.050-0.250)", "correlation_id": "-", "session_id": "-", "timestamp": "2025-08-11T12:36:09.319087+00:00"}
{"asctime": "2025-08-11 14:36:09,319", "levelname": "INFO", "name": "AresGlobal.Step3RegimeDataSplittingValidator", "message": "âœ… test proportion 0.101 within expected range (0.050-0.250)", "correlation_id": "-", "session_id": "-", "timestamp": "2025-08-11T12:36:09.319198+00:00"}
{"asctime": "2025-08-11 14:36:09,319", "levelname": "INFO", "name": "AresGlobal.Step3RegimeDataSplittingValidator", "message": "âœ… Split proportions validation passed: {'train': 0.7991587802313355, 'validation': 0.09989484752891693, 'test': 0.10094637223974763}", "correlation_id": "-", "session_id": "-", "timestamp": "2025-08-11T12:36:09.319336+00:00"}
{"asctime": "2025-08-11 14:36:09,320", "levelname": "INFO", "name": "AresGlobal.Step3RegimeDataSplittingValidator", "message": "âœ… Split consistency validation passed", "correlation_id": "-", "session_id": "-", "timestamp": "2025-08-11T12:36:09.320654+00:00"}
{"asctime": "2025-08-11 14:36:09,320", "levelname": "INFO", "name": "AresGlobal.Step3RegimeDataSplittingValidator", "message": "âœ… Regime data splitting validation passed (critical checks only)", "correlation_id": "-", "session_id": "-", "timestamp": "2025-08-11T12:36:09.320817+00:00"}
{"asctime": "2025-08-11 14:36:09,320", "levelname": "INFO", "name": "AresGlobal.ValidatorOrchestrator", "message": "âœ… Validator for step3_regime_data_splitting completed: True", "correlation_id": "-", "session_id": "-", "timestamp": "2025-08-11T12:36:09.320932+00:00"}
{"asctime": "2025-08-11 14:36:09,321", "levelname": "INFO", "name": "AresGlobal.EnhancedTrainingManager", "message": "âœ… step3_regime_data_splitting validation passed", "correlation_id": "-", "session_id": "-", "timestamp": "2025-08-11T12:36:09.321092+00:00"}
{"asctime": "2025-08-11 14:36:09,426", "levelname": "INFO", "name": "AresGlobal.EnhancedTrainingManager", "message": "âœ… Step 3: Regime Data Splitting: completed successfully in 43.40s", "correlation_id": "-", "session_id": "-", "timestamp": "2025-08-11T12:36:09.426448+00:00"}
{"asctime": "2025-08-11 14:36:09,426", "levelname": "INFO", "name": "AresGlobal.EnhancedTrainingManager", "message": "ðŸ’¾ Process Memory: 888.8 MB | CPU: 0.0%", "correlation_id": "-", "session_id": "-", "timestamp": "2025-08-11T12:36:09.426662+00:00"}
{"asctime": "2025-08-11 14:36:09,426", "levelname": "INFO", "name": "AresGlobal.EnhancedTrainingManager", "message": "ðŸ–¥ï¸ System Memory: 71.9% | Available: 4.5 GB", "correlation_id": "-", "session_id": "-", "timestamp": "2025-08-11T12:36:09.426757+00:00"}
{"asctime": "2025-08-11 14:36:09,426", "levelname": "INFO", "name": "AresGlobal.EnhancedTrainingManager", "message": "ðŸ“Š Progress: 12.5% (2/16)", "correlation_id": "-", "session_id": "-", "timestamp": "2025-08-11T12:36:09.426849+00:00"}
{"asctime": "2025-08-11 14:36:09,427", "levelname": "INFO", "name": "AresGlobal.EnhancedTrainingManager", "message": "ðŸ’¾ Checkpoint saved: step3_regime_data_splitting -> checkpoints/BINANCE/ETHUSDT/1m/training_progress.json", "correlation_id": "-", "session_id": "-", "timestamp": "2025-08-11T12:36:09.427651+00:00"}
{"asctime": "2025-08-11 14:36:09,427", "levelname": "INFO", "name": "AresGlobal.EnhancedTrainingManager", "message": "ðŸ§  STEP 4: Analyst Labeling & Feature Engineering...", "correlation_id": "-", "session_id": "-", "timestamp": "2025-08-11T12:36:09.427776+00:00"}
{"asctime": "2025-08-11 14:36:09,516", "levelname": "INFO", "name": "AresGlobal.OptimizedTripleBarrierLabeling", "message": "ðŸ”– Triple barrier labeling configured for binary classification (BUY/SELL only)", "correlation_id": "-", "session_id": "-", "timestamp": "2025-08-11T12:36:09.516452+00:00"}
{"asctime": "2025-08-11 14:36:09,516", "levelname": "INFO", "name": "AresGlobal.OptimizedTripleBarrierLabeling", "message": "   â†’ HOLD samples will be automatically filtered out", "correlation_id": "-", "session_id": "-", "timestamp": "2025-08-11T12:36:09.516666+00:00"}
{"asctime": "2025-08-11 14:36:09,516", "levelname": "INFO", "name": "AresGlobal.OptimizedTripleBarrierLabeling", "message": "   â†’ This addresses label imbalance issues", "correlation_id": "-", "session_id": "-", "timestamp": "2025-08-11T12:36:09.516763+00:00"}
{"asctime": "2025-08-11 14:38:54,774", "levelname": "INFO", "name": "AresGlobal.OptimizedTripleBarrierLabeling", "message": "Applying triple barrier labeling | cols=['timestamp', 'open', 'high', 'low', 'close', 'volume', 'year', 'month', 'day', 'exchange', 'symbol', 'timeframe', 'trade_volume', 'trade_count', 'avg_price', 'min_price', 'max_price', 'volume_ratio', 'funding_rate', 'close_returns', 'open_returns', 'high_returns', 'low_returns', 'close_log', 'open_log', 'high_log', 'low_log', 'close_detrended'] shape=(256513, 28)", "correlation_id": "-", "session_id": "-", "timestamp": "2025-08-11T12:38:54.774459+00:00"}
{"asctime": "2025-08-11 14:38:56,017", "levelname": "INFO", "name": "AresGlobal.OptimizedTripleBarrierLabeling", "message": "ðŸ“Š Label distribution after filtering:", "correlation_id": "-", "session_id": "-", "timestamp": "2025-08-11T12:38:56.017167+00:00"}
{"asctime": "2025-08-11 14:38:56,018", "levelname": "INFO", "name": "AresGlobal.OptimizedTripleBarrierLabeling", "message": "   BUY (1): 89537 samples", "correlation_id": "-", "session_id": "-", "timestamp": "2025-08-11T12:38:56.018523+00:00"}
{"asctime": "2025-08-11 14:38:56,018", "levelname": "INFO", "name": "AresGlobal.OptimizedTripleBarrierLabeling", "message": "   SELL (-1): 166876 samples", "correlation_id": "-", "session_id": "-", "timestamp": "2025-08-11T12:38:56.018969+00:00"}
{"asctime": "2025-08-11 14:38:56,019", "levelname": "INFO", "name": "AresGlobal.OptimizedTripleBarrierLabeling", "message": "   HOLD (0): 100 samples (removed)", "correlation_id": "-", "session_id": "-", "timestamp": "2025-08-11T12:38:56.019108+00:00"}
{"asctime": "2025-08-11 14:38:56,019", "levelname": "INFO", "name": "AresGlobal.OptimizedTripleBarrierLabeling", "message": "   Total samples: 256413 (from 256513)", "correlation_id": "-", "session_id": "-", "timestamp": "2025-08-11T12:38:56.019342+00:00"}
{"asctime": "2025-08-11 14:38:56,019", "levelname": "INFO", "name": "AresGlobal.OptimizedTripleBarrierLabeling", "message": "   Filtering ratio: 0.0% HOLD samples removed", "correlation_id": "-", "session_id": "-", "timestamp": "2025-08-11T12:38:56.019539+00:00"}
{"asctime": "2025-08-11 14:38:56,031", "levelname": "INFO", "name": "AresGlobal.OptimizedTripleBarrierLabeling", "message": "", "correlation_id": "-", "session_id": "-", "msg": "Triple-barrier labeling diagnostics", "distribution": {"-1": "166876", "1": "89537"}, "long_nextbar_agree": 0.7657, "short_nextbar_agree": 0.6374, "overall_nextbar_agree": 0.6822, "timestamp": "2025-08-11T12:38:56.031434+00:00"}
{"asctime": "2025-08-11 14:40:00,110", "levelname": "INFO", "name": "AresGlobal.MemoryEfficientDataManager", "message": "Optimized DataFrame memory usage", "correlation_id": "-", "session_id": "-", "timestamp": "2025-08-11T12:40:00.110714+00:00"}
{"asctime": "2025-08-11 14:40:00,112", "levelname": "INFO", "name": "AresGlobal.MemoryEfficientDataManager", "message": "Optimized DataFrame memory usage", "correlation_id": "-", "session_id": "-", "timestamp": "2025-08-11T12:40:00.112296+00:00"}
{"asctime": "2025-08-11 14:40:00,112", "levelname": "INFO", "name": "AresGlobal.MemoryEfficientDataManager", "message": "Optimized DataFrame memory usage", "correlation_id": "-", "session_id": "-", "timestamp": "2025-08-11T12:40:00.112848+00:00"}
{"asctime": "2025-08-11 14:40:00,187", "levelname": "INFO", "name": "AresGlobal.MemoryEfficientDataManager", "message": "Optimized DataFrame memory usage", "correlation_id": "-", "session_id": "-", "timestamp": "2025-08-11T12:40:00.187660+00:00"}
{"asctime": "2025-08-11 14:40:00,188", "levelname": "INFO", "name": "AresGlobal.MemoryEfficientDataManager", "message": "Optimized DataFrame memory usage", "correlation_id": "-", "session_id": "-", "timestamp": "2025-08-11T12:40:00.188154+00:00"}
{"asctime": "2025-08-11 14:40:00,188", "levelname": "INFO", "name": "AresGlobal.MemoryEfficientDataManager", "message": "Optimized DataFrame memory usage", "correlation_id": "-", "session_id": "-", "timestamp": "2025-08-11T12:40:00.188576+00:00"}
{"asctime": "2025-08-11 14:40:00,204", "levelname": "INFO", "name": "AresGlobal.MemoryEfficientDataManager", "message": "Optimized DataFrame memory usage", "correlation_id": "-", "session_id": "-", "timestamp": "2025-08-11T12:40:00.204800+00:00"}
{"asctime": "2025-08-11 14:40:00,205", "levelname": "INFO", "name": "AresGlobal.MemoryEfficientDataManager", "message": "Optimized DataFrame memory usage", "correlation_id": "-", "session_id": "-", "timestamp": "2025-08-11T12:40:00.205388+00:00"}
{"asctime": "2025-08-11 14:40:00,206", "levelname": "INFO", "name": "AresGlobal.MemoryEfficientDataManager", "message": "Optimized DataFrame memory usage", "correlation_id": "-", "session_id": "-", "timestamp": "2025-08-11T12:40:00.206523+00:00"}
{"asctime": "2025-08-11 14:40:00,271", "levelname": "INFO", "name": "AresGlobal.MemoryEfficientDataManager", "message": "Optimized DataFrame memory usage", "correlation_id": "-", "session_id": "-", "timestamp": "2025-08-11T12:40:00.271574+00:00"}
{"asctime": "2025-08-11 14:40:00,272", "levelname": "INFO", "name": "AresGlobal.MemoryEfficientDataManager", "message": "Optimized DataFrame memory usage", "correlation_id": "-", "session_id": "-", "timestamp": "2025-08-11T12:40:00.272165+00:00"}
{"asctime": "2025-08-11 14:40:00,273", "levelname": "INFO", "name": "AresGlobal.MemoryEfficientDataManager", "message": "Optimized DataFrame memory usage", "correlation_id": "-", "session_id": "-", "timestamp": "2025-08-11T12:40:00.273814+00:00"}
{"asctime": "2025-08-11 14:40:00,385", "levelname": "INFO", "name": "AresGlobal.EnhancedTrainingManager", "message": "ðŸ’¾ Checkpoint saved: step4_analyst_labeling_feature_engineering -> checkpoints/BINANCE/ETHUSDT/1m/training_progress.json", "correlation_id": "-", "session_id": "-", "timestamp": "2025-08-11T12:40:00.385037+00:00"}
{"asctime": "2025-08-11 14:40:00,592", "levelname": "INFO", "name": "AresGlobal.EnhancedTrainingManager", "message": "ðŸ§¹ Memory optimization: 1297.8 MB before cleanup", "correlation_id": "-", "session_id": "-", "timestamp": "2025-08-11T12:40:00.592282+00:00"}
{"asctime": "2025-08-11 14:40:00,701", "levelname": "INFO", "name": "AresGlobal.EnhancedTrainingManager", "message": "ðŸ§¹ Memory optimization: 1297.8 MB after cleanup (saved 0.0 MB)", "correlation_id": "-", "session_id": "-", "timestamp": "2025-08-11T12:40:00.701254+00:00"}
{"asctime": "2025-08-11 14:40:00,701", "levelname": "INFO", "name": "AresGlobal.EnhancedTrainingManager", "message": "ðŸ” Running validator for step4_analyst_labeling_feature_engineering", "correlation_id": "-", "session_id": "-", "timestamp": "2025-08-11T12:40:00.701503+00:00"}
{"asctime": "2025-08-11 14:40:00,701", "levelname": "INFO", "name": "AresGlobal.ValidatorOrchestrator", "message": "ðŸ” Running validator for step4_analyst_labeling_feature_engineering", "correlation_id": "-", "session_id": "-", "timestamp": "2025-08-11T12:40:00.701598+00:00"}
{"asctime": "2025-08-11 14:40:00,703", "levelname": "INFO", "name": "AresGlobal.Step4AnalystLabelingFeatureEngineeringValidator", "message": "ðŸ” Validating analyst labeling and feature engineering step...", "correlation_id": "-", "session_id": "-", "timestamp": "2025-08-11T12:40:00.703564+00:00"}
{"asctime": "2025-08-11 14:40:00,754", "levelname": "INFO", "name": "AresGlobal.Step4AnalystLabelingFeatureEngineeringValidator", "message": "âœ… Feature engineering outputs validation passed", "correlation_id": "-", "session_id": "-", "timestamp": "2025-08-11T12:40:00.754415+00:00"}
{"asctime": "2025-08-11 14:40:00,756", "levelname": "WARNING", "name": "AresGlobal.Step4AnalystLabelingFeatureEngineeringValidator", "message": "âš ï¸ Missing OHLCV columns in data/training/BINANCE_ETHUSDT_labeled_train.pkl: ['open', 'high', 'low', 'close', 'volume'] - this may affect labeling quality", "correlation_id": "-", "session_id": "-", "timestamp": "2025-08-11T12:40:00.756888+00:00"}
{"asctime": "2025-08-11 14:40:00,757", "levelname": "WARNING", "name": "AresGlobal.Step4AnalystLabelingFeatureEngineeringValidator", "message": "Triple barrier labeling requires proper OHLCV data for accurate labels", "correlation_id": "-", "session_id": "-", "timestamp": "2025-08-11T12:40:00.757204+00:00"}
{"asctime": "2025-08-11 14:40:00,761", "levelname": "WARNING", "name": "AresGlobal.Step4AnalystLabelingFeatureEngineeringValidator", "message": "âš ï¸ Missing OHLCV columns in data/training/BINANCE_ETHUSDT_labeled_validation.pkl: ['open', 'high', 'low', 'close', 'volume'] - this may affect labeling quality", "correlation_id": "-", "session_id": "-", "timestamp": "2025-08-11T12:40:00.761092+00:00"}
{"asctime": "2025-08-11 14:40:00,761", "levelname": "WARNING", "name": "AresGlobal.Step4AnalystLabelingFeatureEngineeringValidator", "message": "Triple barrier labeling requires proper OHLCV data for accurate labels", "correlation_id": "-", "session_id": "-", "timestamp": "2025-08-11T12:40:00.761310+00:00"}
{"asctime": "2025-08-11 14:40:00,763", "levelname": "WARNING", "name": "AresGlobal.Step4AnalystLabelingFeatureEngineeringValidator", "message": "âš ï¸ Missing OHLCV columns in data/training/BINANCE_ETHUSDT_labeled_test.pkl: ['open', 'high', 'low', 'close', 'volume'] - this may affect labeling quality", "correlation_id": "-", "session_id": "-", "timestamp": "2025-08-11T12:40:00.763625+00:00"}
{"asctime": "2025-08-11 14:40:00,763", "levelname": "WARNING", "name": "AresGlobal.Step4AnalystLabelingFeatureEngineeringValidator", "message": "Triple barrier labeling requires proper OHLCV data for accurate labels", "correlation_id": "-", "session_id": "-", "timestamp": "2025-08-11T12:40:00.763797+00:00"}
{"asctime": "2025-08-11 14:40:00,764", "levelname": "INFO", "name": "AresGlobal.Step4AnalystLabelingFeatureEngineeringValidator", "message": "âœ… Labeling quality validation passed", "correlation_id": "-", "session_id": "-", "timestamp": "2025-08-11T12:40:00.764298+00:00"}
{"asctime": "2025-08-11 14:40:00,862", "levelname": "WARNING", "name": "AresGlobal.Step4AnalystLabelingFeatureEngineeringValidator", "message": "âš ï¸ Found 1 highly correlated feature pairs - continuing with caution", "correlation_id": "-", "session_id": "-", "timestamp": "2025-08-11T12:40:00.862118+00:00"}
{"asctime": "2025-08-11 14:40:00,870", "levelname": "INFO", "name": "AresGlobal.Step4AnalystLabelingFeatureEngineeringValidator", "message": "â„¹ï¸ Found 3 constant features (acceptable)", "correlation_id": "-", "session_id": "-", "timestamp": "2025-08-11T12:40:00.870485+00:00"}
{"asctime": "2025-08-11 14:40:00,884", "levelname": "WARNING", "name": "AresGlobal.Step4AnalystLabelingFeatureEngineeringValidator", "message": "âš ï¸ Found 1 highly correlated feature pairs - continuing with caution", "correlation_id": "-", "session_id": "-", "timestamp": "2025-08-11T12:40:00.884340+00:00"}
{"asctime": "2025-08-11 14:40:00,902", "levelname": "WARNING", "name": "AresGlobal.Step4AnalystLabelingFeatureEngineeringValidator", "message": "âš ï¸ Found 1 highly correlated feature pairs - continuing with caution", "correlation_id": "-", "session_id": "-", "timestamp": "2025-08-11T12:40:00.902599+00:00"}
{"asctime": "2025-08-11 14:40:00,903", "levelname": "INFO", "name": "AresGlobal.Step4AnalystLabelingFeatureEngineeringValidator", "message": "âœ… Feature quality validation passed", "correlation_id": "-", "session_id": "-", "timestamp": "2025-08-11T12:40:00.903527+00:00"}
{"asctime": "2025-08-11 14:40:00,910", "levelname": "INFO", "name": "AresGlobal.Step4AnalystLabelingFeatureEngineeringValidator", "message": "âœ… Data balance validation passed", "correlation_id": "-", "session_id": "-", "timestamp": "2025-08-11T12:40:00.910084+00:00"}
{"asctime": "2025-08-11 14:40:00,911", "levelname": "INFO", "name": "AresGlobal.Step4AnalystLabelingFeatureEngineeringValidator", "message": "âœ… Analyst labeling and feature engineering validation passed (critical checks only)", "correlation_id": "-", "session_id": "-", "timestamp": "2025-08-11T12:40:00.911586+00:00"}
{"asctime": "2025-08-11 14:40:00,911", "levelname": "INFO", "name": "AresGlobal.ValidatorOrchestrator", "message": "âœ… Validator for step4_analyst_labeling_feature_engineering completed: True", "correlation_id": "-", "session_id": "-", "timestamp": "2025-08-11T12:40:00.911717+00:00"}
{"asctime": "2025-08-11 14:40:00,911", "levelname": "INFO", "name": "AresGlobal.EnhancedTrainingManager", "message": "âœ… step4_analyst_labeling_feature_engineering validation passed", "correlation_id": "-", "session_id": "-", "timestamp": "2025-08-11T12:40:00.911858+00:00"}
{"asctime": "2025-08-11 14:40:01,017", "levelname": "INFO", "name": "AresGlobal.EnhancedTrainingManager", "message": "âœ… Step 4: Analyst Labeling & Feature Engineering: completed successfully in 231.48s", "correlation_id": "-", "session_id": "-", "timestamp": "2025-08-11T12:40:01.017231+00:00"}
{"asctime": "2025-08-11 14:40:01,017", "levelname": "INFO", "name": "AresGlobal.EnhancedTrainingManager", "message": "ðŸ’¾ Process Memory: 1302.7 MB | CPU: 0.0%", "correlation_id": "-", "session_id": "-", "timestamp": "2025-08-11T12:40:01.017474+00:00"}
{"asctime": "2025-08-11 14:40:01,017", "levelname": "INFO", "name": "AresGlobal.EnhancedTrainingManager", "message": "ðŸ–¥ï¸ System Memory: 73.3% | Available: 4.3 GB", "correlation_id": "-", "session_id": "-", "timestamp": "2025-08-11T12:40:01.017561+00:00"}
{"asctime": "2025-08-11 14:40:01,017", "levelname": "INFO", "name": "AresGlobal.EnhancedTrainingManager", "message": "ðŸ“Š Progress: 18.8% (3/16)", "correlation_id": "-", "session_id": "-", "timestamp": "2025-08-11T12:40:01.017669+00:00"}
{"asctime": "2025-08-11 14:40:01,017", "levelname": "INFO", "name": "AresGlobal.EnhancedTrainingManager", "message": "ðŸŽ¯ STEP 5: Analyst Specialist Training...", "correlation_id": "-", "session_id": "-", "timestamp": "2025-08-11T12:40:01.017759+00:00"}
{"asctime": "2025-08-11 14:40:01,736", "levelname": "INFO", "name": "AresGlobal.AresLauncher", "message": "ðŸ§¹ Cleaning up processes...", "correlation_id": "-", "session_id": "-", "timestamp": "2025-08-11T12:40:01.736187+00:00"}
{"asctime": "2025-08-11 14:40:01,736", "levelname": "INFO", "name": "AresGlobal.AresLauncher", "message": "âœ… Cleanup completed", "correlation_id": "-", "session_id": "-", "timestamp": "2025-08-11T12:40:01.736306+00:00"}
