{"asctime": "2025-08-11 13:40:14,825", "levelname": "INFO", "name": "AresTradingSystem", "message": "✅ Enhanced Logger initialization completed successfully", "correlation_id": "-", "session_id": "-", "timestamp": "2025-08-11T11:40:14.825577+00:00"}
{"asctime": "2025-08-11 13:40:14,879", "levelname": "INFO", "name": "AresTradingSystem.System", "message": "Initializing Market Regime Classification Step...", "correlation_id": "-", "session_id": "-", "timestamp": "2025-08-11T11:40:14.879613+00:00"}
{"asctime": "2025-08-11 13:40:14,879", "levelname": "INFO", "name": "AresTradingSystem.System", "message": "Market Regime Classification Step initialized successfully", "correlation_id": "-", "session_id": "-", "timestamp": "2025-08-11T11:40:14.879818+00:00"}
{"asctime": "2025-08-11 13:40:14,879", "levelname": "INFO", "name": "AresTradingSystem.System", "message": "🔄 Executing Market Regime Classification...", "correlation_id": "-", "session_id": "-", "timestamp": "2025-08-11T11:40:14.879894+00:00"}
{"asctime": "2025-08-11 13:40:14,879", "levelname": "INFO", "name": "AresTradingSystem.System", "message": "Applied NumPy RNG unpickle compatibility shim (URC)", "correlation_id": "-", "session_id": "-", "timestamp": "2025-08-11T11:40:14.879992+00:00"}
{"asctime": "2025-08-11 13:40:14,880", "levelname": "INFO", "name": "AresTradingSystem.System.UnifiedRegimeClassifier", "message": "", "correlation_id": "-", "session_id": "-", "msg": "UnifiedRegimeClassifier configuration", "n_states_configured": 4, "n_states_enforced_min": 4, "min_data_points_default": 1000, "thresholds": {"adx_sideways_threshold": 23, "volatility_threshold": 0.025, "atr_normalized_threshold": 0.035, "volatility_percentile_threshold": 0.8, "bb_width_volatility_threshold": 0.045}, "timestamp": "2025-08-11T11:40:14.880072+00:00"}
{"asctime": "2025-08-11 13:40:14,880", "levelname": "INFO", "name": "AresTradingSystem.System.UnifiedRegimeClassifier", "message": "🔧 BLANK MODE DETECTED: Using reduced minimum data points (50)", "correlation_id": "-", "session_id": "-", "timestamp": "2025-08-11T11:40:14.880164+00:00"}
{"asctime": "2025-08-11 13:40:14,880", "levelname": "INFO", "name": "AresTradingSystem.System.UnifiedRegimeClassifier", "message": "Initializing UnifiedRegimeClassifier for BINANCE_ETHUSDT", "correlation_id": "-", "session_id": "-", "timestamp": "2025-08-11T11:40:14.880277+00:00"}
{"asctime": "2025-08-11 13:40:14,880", "levelname": "INFO", "name": "AresTradingSystem.System.UnifiedRegimeClassifier", "message": "", "correlation_id": "-", "session_id": "-", "msg": "UnifiedRegimeClassifier model directories", "model_dir": "/Users/remyroche/Documents/Ares/checkpoints/analyst_models", "hmm_model_path": "/Users/remyroche/Documents/Ares/checkpoints/analyst_models/unified_hmm_model_BINANCE_ETHUSDT_1h.joblib", "ensemble_model_path": "/Users/remyroche/Documents/Ares/checkpoints/analyst_models/unified_ensemble_model_BINANCE_ETHUSDT_1h.joblib", "location_model_path": "/Users/remyroche/Documents/Ares/checkpoints/analyst_models/unified_location_model_BINANCE_ETHUSDT_1h.joblib", "hierarchical_model_dir": "/Users/remyroche/Documents/Ares/checkpoints/analyst_models/BINANCE/ETHUSDT/1h", "timestamp": "2025-08-11T11:40:14.880352+00:00"}
{"asctime": "2025-08-11 13:40:14,880", "levelname": "INFO", "name": "AresTradingSystem.System.UnifiedRegimeClassifier", "message": "ℹ️  No existing models found, will train new models", "correlation_id": "-", "session_id": "-", "timestamp": "2025-08-11T11:40:14.880616+00:00"}
{"asctime": "2025-08-11 13:40:14,880", "levelname": "INFO", "name": "AresTradingSystem.System.UnifiedRegimeClassifier", "message": "✅ UnifiedRegimeClassifier initialized successfully", "correlation_id": "-", "session_id": "-", "timestamp": "2025-08-11T11:40:14.880734+00:00"}
{"asctime": "2025-08-11 13:40:14,880", "levelname": "INFO", "name": "AresTradingSystem.System", "message": "🔄 Loading data using unified data loader...", "correlation_id": "-", "session_id": "-", "timestamp": "2025-08-11T11:40:14.880809+00:00"}
{"asctime": "2025-08-11 13:40:14,880", "levelname": "INFO", "name": "AresTradingSystem.System.UnifiedDataLoader", "message": "🔄 Loading unified data for ETHUSDT on BINANCE", "correlation_id": "-", "session_id": "-", "timestamp": "2025-08-11T11:40:14.880892+00:00"}
{"asctime": "2025-08-11 13:40:14,880", "levelname": "INFO", "name": "AresTradingSystem.System.UnifiedDataLoader", "message": "   Timeframe: 1m", "correlation_id": "-", "session_id": "-", "timestamp": "2025-08-11T11:40:14.880965+00:00"}
{"asctime": "2025-08-11 13:40:14,881", "levelname": "INFO", "name": "AresTradingSystem.System.UnifiedDataLoader", "message": "   Date range: 2025-07-12 to 2025-08-11", "correlation_id": "-", "session_id": "-", "timestamp": "2025-08-11T11:40:14.881043+00:00"}
{"asctime": "2025-08-11 13:40:14,881", "levelname": "INFO", "name": "AresTradingSystem.System.UnifiedDataLoader", "message": "   Streaming: True", "correlation_id": "-", "session_id": "-", "timestamp": "2025-08-11T11:40:14.881103+00:00"}
{"asctime": "2025-08-11 13:40:14,881", "levelname": "INFO", "name": "AresTradingSystem.System.UnifiedDataLoader", "message": "   ⚠️ Streaming disabled to avoid segmentation faults", "correlation_id": "-", "session_id": "-", "timestamp": "2025-08-11T11:40:14.881158+00:00"}
{"asctime": "2025-08-11 13:40:14,881", "levelname": "INFO", "name": "AresTradingSystem.System.UnifiedDataLoader", "message": "   📁 Found unified data cache, using optimized pyarrow loading", "correlation_id": "-", "session_id": "-", "timestamp": "2025-08-11T11:40:14.881231+00:00"}
{"asctime": "2025-08-11 13:40:14,881", "levelname": "INFO", "name": "AresTradingSystem.System.UnifiedDataLoader", "message": "🔧 Using optimized pyarrow loading...", "correlation_id": "-", "session_id": "-", "timestamp": "2025-08-11T11:40:14.881292+00:00"}
{"asctime": "2025-08-11 13:40:14,881", "levelname": "INFO", "name": "AresTradingSystem.System.UnifiedDataLoader", "message": "   ⚠️ PyArrow disabled to avoid segmentation faults", "correlation_id": "-", "session_id": "-", "timestamp": "2025-08-11T11:40:14.881355+00:00"}
{"asctime": "2025-08-11 13:40:14,881", "levelname": "INFO", "name": "AresTradingSystem.System.UnifiedDataLoader", "message": "🔧 Using memory-efficient streaming loading for 180 days...", "correlation_id": "-", "session_id": "-", "timestamp": "2025-08-11T11:40:14.881413+00:00"}
{"asctime": "2025-08-11 13:40:14,883", "levelname": "INFO", "name": "AresTradingSystem.System.UnifiedDataLoader", "message": "📁 Found 29 partition files", "correlation_id": "-", "session_id": "-", "timestamp": "2025-08-11T11:40:14.883199+00:00"}
{"asctime": "2025-08-11 13:40:14,944", "levelname": "INFO", "name": "AresTradingSystem.System.UnifiedDataLoader", "message": "   📄 Processing file 1/29: part-0.parquet", "correlation_id": "-", "session_id": "-", "timestamp": "2025-08-11T11:40:14.944126+00:00"}
{"asctime": "2025-08-11 13:40:15,002", "levelname": "INFO", "name": "AresTradingSystem.System.UnifiedDataLoader", "message": "   ✅ Loaded file 1: (1440, 19)", "correlation_id": "-", "session_id": "-", "timestamp": "2025-08-11T11:40:15.002788+00:00"}
{"asctime": "2025-08-11 13:40:15,005", "levelname": "INFO", "name": "AresTradingSystem.System.UnifiedDataLoader", "message": "   🔍 After date filtering: (619, 19)", "correlation_id": "-", "session_id": "-", "timestamp": "2025-08-11T11:40:15.005251+00:00"}
{"asctime": "2025-08-11 13:40:15,008", "levelname": "INFO", "name": "AresTradingSystem.System.UnifiedDataLoader", "message": "   📊 Total rows so far: 619", "correlation_id": "-", "session_id": "-", "timestamp": "2025-08-11T11:40:15.008399+00:00"}
{"asctime": "2025-08-11 13:40:16,149", "levelname": "INFO", "name": "AresTradingSystem.System.UnifiedDataLoader", "message": "   📄 Processing file 10/29: part-0.parquet", "correlation_id": "-", "session_id": "-", "timestamp": "2025-08-11T11:40:16.149465+00:00"}
{"asctime": "2025-08-11 13:40:16,152", "levelname": "INFO", "name": "AresTradingSystem.System.UnifiedDataLoader", "message": "   ✅ Loaded file 10: (1440, 19)", "correlation_id": "-", "session_id": "-", "timestamp": "2025-08-11T11:40:16.152698+00:00"}
{"asctime": "2025-08-11 13:40:16,153", "levelname": "INFO", "name": "AresTradingSystem.System.UnifiedDataLoader", "message": "   🔍 After date filtering: (1440, 19)", "correlation_id": "-", "session_id": "-", "timestamp": "2025-08-11T11:40:16.153504+00:00"}
{"asctime": "2025-08-11 13:40:16,158", "levelname": "INFO", "name": "AresTradingSystem.System.UnifiedDataLoader", "message": "   📊 Total rows so far: 13579", "correlation_id": "-", "session_id": "-", "timestamp": "2025-08-11T11:40:16.158404+00:00"}
{"asctime": "2025-08-11 13:40:17,499", "levelname": "INFO", "name": "AresTradingSystem.System.UnifiedDataLoader", "message": "   📄 Processing file 20/29: part-0.parquet", "correlation_id": "-", "session_id": "-", "timestamp": "2025-08-11T11:40:17.499318+00:00"}
{"asctime": "2025-08-11 13:40:17,502", "levelname": "INFO", "name": "AresTradingSystem.System.UnifiedDataLoader", "message": "   ✅ Loaded file 20: (1440, 19)", "correlation_id": "-", "session_id": "-", "timestamp": "2025-08-11T11:40:17.502828+00:00"}
{"asctime": "2025-08-11 13:40:17,503", "levelname": "INFO", "name": "AresTradingSystem.System.UnifiedDataLoader", "message": "   🔍 After date filtering: (1440, 19)", "correlation_id": "-", "session_id": "-", "timestamp": "2025-08-11T11:40:17.503820+00:00"}
{"asctime": "2025-08-11 13:40:17,509", "levelname": "INFO", "name": "AresTradingSystem.System.UnifiedDataLoader", "message": "   📊 Total rows so far: 27979", "correlation_id": "-", "session_id": "-", "timestamp": "2025-08-11T11:40:17.510017+00:00"}
{"asctime": "2025-08-11 13:40:19,310", "levelname": "INFO", "name": "AresTradingSystem.System.UnifiedDataLoader", "message": "🔄 Converting 40569 records to DataFrame...", "correlation_id": "-", "session_id": "-", "timestamp": "2025-08-11T11:40:19.310197+00:00"}
{"asctime": "2025-08-11 13:40:19,501", "levelname": "INFO", "name": "AresTradingSystem.System.UnifiedDataLoader", "message": "✅ Memory-efficient loading completed: (40569, 19)", "correlation_id": "-", "session_id": "-", "timestamp": "2025-08-11T11:40:19.501302+00:00"}
{"asctime": "2025-08-11 13:40:19,502", "levelname": "INFO", "name": "AresTradingSystem.System", "message": "✅ Loaded unified data: 40569 rows", "correlation_id": "-", "session_id": "-", "timestamp": "2025-08-11T11:40:19.502179+00:00"}
{"asctime": "2025-08-11 13:40:19,502", "levelname": "INFO", "name": "AresTradingSystem.System", "message": "   Date range: 2025-07-12T13:41:00 to 2025-08-09T17:49:00", "correlation_id": "-", "session_id": "-", "timestamp": "2025-08-11T11:40:19.502274+00:00"}
{"asctime": "2025-08-11 13:40:19,502", "levelname": "INFO", "name": "AresTradingSystem.System", "message": "   Has aggtrades data: True", "correlation_id": "-", "session_id": "-", "timestamp": "2025-08-11T11:40:19.502341+00:00"}
{"asctime": "2025-08-11 13:40:19,502", "levelname": "INFO", "name": "AresTradingSystem.System", "message": "   Has futures data: True", "correlation_id": "-", "session_id": "-", "timestamp": "2025-08-11T11:40:19.502470+00:00"}
{"asctime": "2025-08-11 13:40:19,502", "levelname": "INFO", "name": "AresTradingSystem.System", "message": "🔄 Resampling data to 1h timeframe for regime classification...", "correlation_id": "-", "session_id": "-", "timestamp": "2025-08-11T11:40:19.502560+00:00"}
{"asctime": "2025-08-11 13:40:19,518", "levelname": "INFO", "name": "AresTradingSystem.System", "message": "✅ Resampled to 1h: 677 records", "correlation_id": "-", "session_id": "-", "timestamp": "2025-08-11T11:40:19.518027+00:00"}
{"asctime": "2025-08-11 13:40:19,518", "levelname": "INFO", "name": "AresTradingSystem.System", "message": "Classifying market regimes for ETHUSDT on BINANCE...", "correlation_id": "-", "session_id": "-", "timestamp": "2025-08-11T11:40:19.518207+00:00"}
{"asctime": "2025-08-11 13:40:19,518", "levelname": "INFO", "name": "AresTradingSystem.System.UnifiedRegimeClassifier", "message": "🎓 Models not trained, training complete system now...", "correlation_id": "-", "session_id": "-", "timestamp": "2025-08-11T11:40:19.518661+00:00"}
{"asctime": "2025-08-11 13:40:19,518", "levelname": "INFO", "name": "AresTradingSystem.System.UnifiedRegimeClassifier", "message": "🎓 Training Complete Regime Classification System...", "correlation_id": "-", "session_id": "-", "timestamp": "2025-08-11T11:40:19.518769+00:00"}
{"asctime": "2025-08-11 13:40:19,518", "levelname": "INFO", "name": "AresTradingSystem.System.UnifiedRegimeClassifier", "message": "🎓 Training HMM-based Market Regime Classifier...", "correlation_id": "-", "session_id": "-", "timestamp": "2025-08-11T11:40:19.518847+00:00"}
{"asctime": "2025-08-11 13:40:19,518", "levelname": "INFO", "name": "AresTradingSystem.System.UnifiedRegimeClassifier", "message": "🔧 Calculating features for 677 periods...", "correlation_id": "-", "session_id": "-", "timestamp": "2025-08-11T11:40:19.518944+00:00"}
{"asctime": "2025-08-11 13:40:19,530", "levelname": "INFO", "name": "AresTradingSystem.System.UnifiedRegimeClassifier", "message": "✅ Calculated comprehensive features for 677 periods (dropped 0 rows due to NaN)", "correlation_id": "-", "session_id": "-", "timestamp": "2025-08-11T11:40:19.530635+00:00"}
{"asctime": "2025-08-11 13:40:19,622", "levelname": "INFO", "name": "AresTradingSystem.System.UnifiedRegimeClassifier", "message": "State 0: BULL (mean_return=0.0003, mean_vol=0.0000, mean_adx=82.73, is_sideways=False)", "correlation_id": "-", "session_id": "-", "timestamp": "2025-08-11T11:40:19.622148+00:00"}
{"asctime": "2025-08-11 13:40:19,622", "levelname": "INFO", "name": "AresTradingSystem.System.UnifiedRegimeClassifier", "message": "State 1: SIDEWAYS (mean_return=0.0014, mean_vol=0.0064, mean_adx=22.98, is_sideways=True)", "correlation_id": "-", "session_id": "-", "timestamp": "2025-08-11T11:40:19.622664+00:00"}
{"asctime": "2025-08-11 13:40:19,622", "levelname": "INFO", "name": "AresTradingSystem.System.UnifiedRegimeClassifier", "message": "State 2: BEAR (mean_return=-0.0059, mean_vol=0.0062, mean_adx=26.47, is_sideways=False)", "correlation_id": "-", "session_id": "-", "timestamp": "2025-08-11T11:40:19.622962+00:00"}
{"asctime": "2025-08-11 13:40:19,623", "levelname": "INFO", "name": "AresTradingSystem.System.UnifiedRegimeClassifier", "message": "State 3: SIDEWAYS (mean_return=-0.0020, mean_vol=0.0064, mean_adx=22.77, is_sideways=True)", "correlation_id": "-", "session_id": "-", "timestamp": "2025-08-11T11:40:19.623244+00:00"}
{"asctime": "2025-08-11 13:40:19,623", "levelname": "INFO", "name": "AresTradingSystem.System.UnifiedRegimeClassifier", "message": "", "correlation_id": "-", "session_id": "-", "msg": "HMM state mapping summary", "n_states": 4, "unique_mapped_regimes": ["BEAR", "BULL", "SIDEWAYS"], "mapped_counts": {"BULL": 15, "SIDEWAYS": 592, "BEAR": 70}, "thresholds": {"adx_sideways_threshold": 23, "volatility_threshold": 0.025, "atr_normalized_threshold": 0.035}, "timestamp": "2025-08-11T11:40:19.623324+00:00"}
{"asctime": "2025-08-11 13:40:19,623", "levelname": "INFO", "name": "AresTradingSystem.System.UnifiedRegimeClassifier", "message": "✅ HMM-based regime classifier trained successfully", "correlation_id": "-", "session_id": "-", "timestamp": "2025-08-11T11:40:19.623543+00:00"}
{"asctime": "2025-08-11 13:40:19,623", "levelname": "INFO", "name": "AresTradingSystem.System.UnifiedRegimeClassifier", "message": "🎓 Training Basic Regime Ensemble...", "correlation_id": "-", "session_id": "-", "timestamp": "2025-08-11T11:40:19.623652+00:00"}
{"asctime": "2025-08-11 13:40:19,623", "levelname": "INFO", "name": "AresTradingSystem.System.UnifiedRegimeClassifier", "message": "🔧 Calculating features for 677 periods...", "correlation_id": "-", "session_id": "-", "timestamp": "2025-08-11T11:40:19.623722+00:00"}
{"asctime": "2025-08-11 13:40:19,634", "levelname": "INFO", "name": "AresTradingSystem.System.UnifiedRegimeClassifier", "message": "✅ Calculated comprehensive features for 677 periods (dropped 0 rows due to NaN)", "correlation_id": "-", "session_id": "-", "timestamp": "2025-08-11T11:40:19.634508+00:00"}
{"asctime": "2025-08-11 13:40:20,000", "levelname": "INFO", "name": "AresTradingSystem.System.UnifiedRegimeClassifier", "message": "✅ Basic regime ensemble trained successfully", "correlation_id": "-", "session_id": "-", "timestamp": "2025-08-11T11:40:20.000325+00:00"}
{"asctime": "2025-08-11 13:40:20,000", "levelname": "INFO", "name": "AresTradingSystem.System.UnifiedRegimeClassifier", "message": "🎓 Training Location Classifier...", "correlation_id": "-", "session_id": "-", "timestamp": "2025-08-11T11:40:20.000730+00:00"}
{"asctime": "2025-08-11 13:40:20,000", "levelname": "INFO", "name": "AresTradingSystem.System.UnifiedRegimeClassifier", "message": "🔧 Calculating features for 677 periods...", "correlation_id": "-", "session_id": "-", "timestamp": "2025-08-11T11:40:20.000856+00:00"}
{"asctime": "2025-08-11 13:40:20,009", "levelname": "INFO", "name": "AresTradingSystem.System.UnifiedRegimeClassifier", "message": "✅ Calculated comprehensive features for 677 periods (dropped 0 rows due to NaN)", "correlation_id": "-", "session_id": "-", "timestamp": "2025-08-11T11:40:20.009616+00:00"}
{"asctime": "2025-08-11 13:40:20,009", "levelname": "INFO", "name": "AresTradingSystem.System.UnifiedRegimeClassifier", "message": "Classifying location with tactical pivots and strategic volume levels...", "correlation_id": "-", "session_id": "-", "timestamp": "2025-08-11T11:40:20.009792+00:00"}
{"asctime": "2025-08-11 13:40:20,010", "levelname": "INFO", "name": "AresTradingSystem.System.UnifiedRegimeClassifier", "message": "Finished classifying locations. Found: {'OPEN_RANGE': 720}", "correlation_id": "-", "session_id": "-", "timestamp": "2025-08-11T11:40:20.010673+00:00"}
{"asctime": "2025-08-11 13:40:20,014", "levelname": "ERROR", "name": "AresTradingSystem.System.UnifiedRegimeClassifier", "message": "❌ Failed to train location classifier: Length of labels differs from the length of #data", "correlation_id": "-", "session_id": "-", "timestamp": "2025-08-11T11:40:20.014090+00:00"}
{"asctime": "2025-08-11 13:40:20,014", "levelname": "ERROR", "name": "AresTradingSystem.System.UnifiedRegimeClassifier", "message": "❌ Failed to train regime classification models", "correlation_id": "-", "session_id": "-", "timestamp": "2025-08-11T11:40:20.014273+00:00"}
{"asctime": "2025-08-11 13:40:20,014", "levelname": "INFO", "name": "AresTradingSystem.System", "message": "Regime classification completed. Found 0 distinct regimes", "correlation_id": "-", "session_id": "-", "timestamp": "2025-08-11T11:40:20.014522+00:00"}
