2025-08-07 19:53:20,846 - AresTradingSystem - INFO - ✅ Enhanced Logger initialization completed successfully
2025-08-07 19:53:20,854 - AresTradingSystem.System - INFO - Environment configuration loaded successfully. Trading Environment: PAPER, Exchange: BINANCE
2025-08-07 19:53:21,109 - AresTradingSystem.System.SignalHandler - INFO - Initializing Signal Handler...
2025-08-07 19:53:21,109 - AresTradingSystem.System.SignalHandler - INFO - Signal configuration loaded successfully
2025-08-07 19:53:21,109 - AresTradingSystem.System.SignalHandler - INFO - Configuration validation successful
2025-08-07 19:53:21,109 - AresTradingSystem.System.SignalHandler - INFO - Registered SIGTERM handler
2025-08-07 19:53:21,109 - AresTradingSystem.System.SignalHandler - INFO - Registered SIGINT handler
2025-08-07 19:53:21,109 - AresTradingSystem.System.SignalHandler - INFO - Signal handlers registered successfully
2025-08-07 19:53:21,109 - AresTradingSystem.System.SignalHandler - INFO - ✅ Signal Handler initialization completed successfully
2025-08-07 19:53:21,111 - AresTradingSystem.System.SignalHandler - INFO - Shutdown callback registered
2025-08-07 19:53:21,117 - AresTradingSystem.System - INFO - Initializing Tactician Labeling Step...
2025-08-07 19:53:21,118 - AresTradingSystem.System - INFO - 🔄 Executing Tactician Labeling...
2025-08-07 19:53:21,119 - AresTradingSystem.System - ERROR - ❌ Error in Tactician Labeling: Analyst ensembles directory not found: data/training/analyst_ensembles
Traceback (most recent call last):
  File "/Users/remyroche/Documents/Ares/src/training/steps/step8_tactician_labeling.py", line 443, in execute
    analyst_ensembles = self._load_analyst_ensembles(data_dir)
                        ^^^^^^^^^^^^^^^^^^^^^^^^^^^^^^^^^^^^^^
  File "/Users/remyroche/Documents/Ares/src/training/steps/step8_tactician_labeling.py", line 476, in _load_analyst_ensembles
    raise FileNotFoundError(f"Analyst ensembles directory not found: {analyst_ensembles_dir}")
FileNotFoundError: Analyst ensembles directory not found: data/training/analyst_ensembles
2025-08-07 19:53:21,123 - AresTradingSystem.System - INFO - Initializing Tactician Specialist Training Step...
2025-08-07 19:53:21,123 - AresTradingSystem.System - INFO - Tactician Specialist Training Step initialized successfully
2025-08-07 19:53:21,124 - AresTradingSystem.System - INFO - 🔄 Executing Tactician Specialist Training...
2025-08-07 19:53:21,124 - AresTradingSystem.System - ERROR - ❌ Error in Tactician Specialist Training: Tactician labeled data not found: data/training/tactician_labeled_data/BINANCE_ETHUSDT_tactician_labeled.pkl
2025-08-07 19:53:21,719 - AresTradingSystem.System - INFO - Initializing Tactician Ensemble Creation Step...
2025-08-07 19:53:21,719 - AresTradingSystem.System - INFO - Tactician Ensemble Creation Step initialized successfully.
2025-08-07 19:53:21,720 - AresTradingSystem.System - INFO - 🔄 Executing Tactician Ensemble Creation...
2025-08-07 19:53:21,720 - AresTradingSystem.System - ERROR - ❌ Error in Tactician Ensemble Creation: [Errno 2] No such file or directory: 'data/training/tactician_models'
Traceback (most recent call last):
  File "/Users/remyroche/Documents/Ares/src/training/steps/step10_tactician_ensemble_creation.py", line 431, in execute
    for model_file in os.listdir(models_dir):
                      ^^^^^^^^^^^^^^^^^^^^^^
FileNotFoundError: [Errno 2] No such file or directory: 'data/training/tactician_models'
2025-08-07 19:53:21,724 - AresTradingSystem.System - INFO - Initializing Confidence Calibration Step...
2025-08-07 19:53:21,724 - AresTradingSystem.System - INFO - Confidence Calibration Step initialized successfully
2025-08-07 19:53:21,725 - AresTradingSystem.System - INFO - 🔄 Executing Confidence Calibration...
2025-08-07 19:53:21,725 - AresTradingSystem.System - INFO - Calibrating analyst models for ETHUSDT on BINANCE...
2025-08-07 19:53:21,725 - AresTradingSystem.System - INFO - Calibrating tactician models for ETHUSDT on BINANCE...
2025-08-07 19:53:21,725 - AresTradingSystem.System - INFO - Calibrating analyst ensembles for ETHUSDT on BINANCE...
2025-08-07 19:53:21,725 - AresTradingSystem.System - INFO - Calibrating tactician ensembles for ETHUSDT on BINANCE...
2025-08-07 19:53:21,725 - AresTradingSystem.System - INFO - ✅ Confidence calibration completed. Results saved to data/training/calibration_results
