2025-08-07 19:47:48,884 - AresGlobal - INFO - ================================================================================
2025-08-07 19:47:48,884 - AresGlobal - INFO - 📊 SESSION SUMMARY
2025-08-07 19:47:48,884 - AresGlobal - INFO - Session started: 2025-08-07 19:47:48
2025-08-07 19:47:48,884 - AresGlobal - INFO - Global log file: ares_global_20250807_194748.log
2025-08-07 19:47:48,884 - AresGlobal - INFO - This file contains ALL logs for this session
2025-08-07 19:47:48,884 - AresGlobal - INFO - ================================================================================
2025-08-07 19:47:48,887 - AresGlobal - INFO - [SYSTEM] ================================================================================
2025-08-07 19:47:48,887 - AresGlobal - INFO - [SYSTEM] 🚀 ARES LAUNCHER STARTED - Mode: INITIALIZATION
2025-08-07 19:47:48,888 - AresGlobal - INFO - [SYSTEM] Start time: 2025-08-07 19:47:48
2025-08-07 19:47:48,889 - AresGlobal - INFO - [SYSTEM] Log directory: log
2025-08-07 19:47:48,890 - AresGlobal - INFO - [SYSTEM] ================================================================================
2025-08-07 19:47:48,890 - AresGlobal.AresLauncher - INFO - ================================================================================
2025-08-07 19:47:48,890 - AresGlobal.AresLauncher - INFO - 🚀 ARES COMPREHENSIVE LAUNCHER
2025-08-07 19:47:48,890 - AresGlobal.AresLauncher - INFO - ================================================================================
2025-08-07 19:47:48,890 - AresGlobal.AresLauncher - INFO - Start time: 2025-08-07 19:47:48
2025-08-07 19:47:48,890 - AresGlobal.AresLauncher - INFO - Log directory: log
2025-08-07 19:47:48,891 - AresGlobal.AresLauncher - INFO - Log level: INFO
2025-08-07 19:47:48,891 - AresGlobal.AresLauncher - INFO - Global log file: ares_global_20250807_194748.log
2025-08-07 19:47:48,891 - AresGlobal.AresLauncher - INFO - ================================================================================
2025-08-07 19:47:48,893 - AresGlobal - INFO - [SYSTEM] ================================================================================
2025-08-07 19:47:48,893 - AresGlobal - INFO - [SYSTEM] 🚀 ARES LAUNCHER STARTED - Mode: load - Symbol: ETHUSDT - Exchange: BINANCE
2025-08-07 19:47:48,893 - AresGlobal - INFO - [SYSTEM] Start time: 2025-08-07 19:47:48
2025-08-07 19:47:48,893 - AresGlobal - INFO - [SYSTEM] Log directory: log
2025-08-07 19:47:48,893 - AresGlobal - INFO - [SYSTEM] ================================================================================
2025-08-07 19:47:48,894 - AresGlobal.AresLauncher - INFO - 🔄 Starting data loading for ETHUSDT on BINANCE
2025-08-07 19:47:48,894 - AresGlobal.AresLauncher - INFO - 📥 Step 1: Downloading data...
2025-08-07 19:47:48,895 - AresGlobal.AresLauncher - INFO - 🔧 Running download command: /opt/homebrew/Caskroom/miniforge/base/bin/python backtesting/ares_data_downloader_optimized.py --symbol ETHUSDT --exchange BINANCE --lookback-years 2
2025-08-07 19:47:49,968 - AresGlobal.AresLauncher - ERROR - ❌ Download failed: 2025-08-07 19:47:49,868 - OptimizedDataDownloader - INFO - Using fallback logging configuration
2025-08-07 19:47:49,868 - OptimizedDataDownloader - INFO - 🚀 STARTING OPTIMIZED DATA DOWNLOAD PROCESS
2025-08-07 19:47:49,868 - OptimizedDataDownloader - INFO - 📊 Configuration: BINANCE ETHUSDT 1m
2025-08-07 19:47:49,868 - OptimizedDataDownloader - INFO - 🔧 STEP 1: Initializing optimized downloader...
2025-08-07 19:47:49,868 - OptimizedDataDownloader - INFO - 📊 Configuration: exchange=BINANCE, symbol=ETHUSDT, interval=1m, lookback_years=2
2025-08-07 19:47:49,869 - OptimizedDataDownloader - INFO - 🔌 Creating exchange client...
2025-08-07 19:47:49,869 - OptimizedDataDownloader - ERROR - ❌ STEP 1 FAILED: Failed to initialize downloader: Exchange binance not available in fallback mode
2025-08-07 19:47:49,869 - OptimizedDataDownloader - ERROR - ❌ INITIALIZATION FAILED - Aborting download process
2025-08-07 19:47:49,869 - OptimizedDataDownloader - INFO - 🧹 Cleaning up resources...
2025-08-07 19:47:49,869 - OptimizedDataDownloader - INFO - ✅ Cleanup completed
2025-08-07 19:47:49,869 - OptimizedDataDownloader - ERROR - ❌ Optimized download failed

2025-08-07 19:47:49,969 - AresGlobal - INFO - [SYSTEM] ================================================================================
2025-08-07 19:47:49,969 - AresGlobal - INFO - [SYSTEM] 🛑 ARES LAUNCHER ENDED - Exit code: 1
2025-08-07 19:47:49,970 - AresGlobal - INFO - [SYSTEM] End time: 2025-08-07 19:47:49
2025-08-07 19:47:49,970 - AresGlobal - INFO - [SYSTEM] ================================================================================
2025-08-07 19:47:49,970 - AresGlobal.AresLauncher - INFO - 🧹 Cleaning up processes...
2025-08-07 19:47:49,970 - AresGlobal.AresLauncher - INFO - ✅ Cleanup completed
