2025-08-07 19:52:57,157 - AresGlobal - INFO - ================================================================================
2025-08-07 19:52:57,157 - AresGlobal - INFO - 📊 SESSION SUMMARY
2025-08-07 19:52:57,157 - AresGlobal - INFO - Session started: 2025-08-07 19:52:57
2025-08-07 19:52:57,157 - AresGlobal - INFO - Global log file: ares_global_20250807_195257.log
2025-08-07 19:52:57,157 - AresGlobal - INFO - This file contains ALL logs for this session
2025-08-07 19:52:57,157 - AresGlobal - INFO - ================================================================================
2025-08-07 19:52:57,157 - AresGlobal - INFO - [SYSTEM] ================================================================================
2025-08-07 19:52:57,157 - AresGlobal - INFO - [SYSTEM] 🚀 ARES LAUNCHER STARTED - Mode: INITIALIZATION
2025-08-07 19:52:57,157 - AresGlobal - INFO - [SYSTEM] Start time: 2025-08-07 19:52:57
2025-08-07 19:52:57,157 - AresGlobal - INFO - [SYSTEM] Log directory: log
2025-08-07 19:52:57,157 - AresGlobal - INFO - [SYSTEM] ================================================================================
2025-08-07 19:52:57,157 - AresGlobal.AresLauncher - INFO - ================================================================================
2025-08-07 19:52:57,157 - AresGlobal.AresLauncher - INFO - 🚀 ARES COMPREHENSIVE LAUNCHER
2025-08-07 19:52:57,157 - AresGlobal.AresLauncher - INFO - ================================================================================
2025-08-07 19:52:57,157 - AresGlobal.AresLauncher - INFO - Start time: 2025-08-07 19:52:57
2025-08-07 19:52:57,158 - AresGlobal.AresLauncher - INFO - Log directory: log
2025-08-07 19:52:57,158 - AresGlobal.AresLauncher - INFO - Log level: INFO
2025-08-07 19:52:57,158 - AresGlobal.AresLauncher - INFO - Global log file: ares_global_20250807_195257.log
2025-08-07 19:52:57,158 - AresGlobal.AresLauncher - INFO - ================================================================================
2025-08-07 19:52:57,158 - AresGlobal - INFO - [SYSTEM] ================================================================================
2025-08-07 19:52:57,158 - AresGlobal - INFO - [SYSTEM] 🚀 ARES LAUNCHER STARTED - Mode: blank - Symbol: ETHUSDT - Exchange: BINANCE
2025-08-07 19:52:57,158 - AresGlobal - INFO - [SYSTEM] Start time: 2025-08-07 19:52:57
2025-08-07 19:52:57,158 - AresGlobal - INFO - [SYSTEM] Log directory: log
2025-08-07 19:52:57,158 - AresGlobal - INFO - [SYSTEM] ================================================================================
2025-08-07 19:52:57,158 - AresGlobal.AresLauncher - INFO - 🚀 Running step-based training for ETHUSDT on BINANCE
2025-08-07 19:52:57,158 - AresGlobal.AresLauncher - INFO - Starting from step: step2_market_regime_classification
2025-08-07 19:52:57,159 - AresGlobal.ProgressManager - INFO - Initialized ProgressManager for ETHUSDT on BINANCE
2025-08-07 19:52:57,159 - AresGlobal.ProgressManager - INFO - Progress directory: data/training/progress/BINANCE_ETHUSDT
2025-08-07 19:52:57,159 - AresGlobal.StepOrchestrator - INFO - Initialized StepOrchestrator for ETHUSDT on BINANCE
2025-08-07 19:52:57,159 - AresGlobal.AresLauncher - INFO - 📁 Using pre-consolidated data for step2
2025-08-07 19:52:57,159 - AresGlobal.AresLauncher - INFO - ✅ Found consolidated data: data_cache/aggtrades_BINANCE_ETHUSDT_consolidated.parquet
2025-08-07 19:52:57,159 - AresGlobal.StepOrchestrator - INFO - 🚀 Starting execution from step: step2_market_regime_classification
2025-08-07 19:52:57,159 - AresGlobal.StepOrchestrator - INFO - 🔄 Executing step step2_market_regime_classification (1/15)
2025-08-07 19:52:57,159 - AresGlobal.StepOrchestrator - INFO - 🚀 Executing step: step2_market_regime_classification
2025-08-07 19:52:57,159 - AresGlobal.StepOrchestrator - INFO - ⏭️  Step step2_market_regime_classification already completed, skipping
2025-08-07 19:52:57,159 - AresGlobal.StepOrchestrator - INFO - 🔄 Executing step step3_regime_data_splitting (2/15)
2025-08-07 19:52:57,159 - AresGlobal.StepOrchestrator - INFO - 🚀 Executing step: step3_regime_data_splitting
2025-08-07 19:52:57,159 - AresGlobal.StepOrchestrator - INFO - ⏭️  Step step3_regime_data_splitting already completed, skipping
2025-08-07 19:52:57,159 - AresGlobal.StepOrchestrator - INFO - 🔄 Executing step step4_analyst_labeling_feature_engineering (3/15)
2025-08-07 19:52:57,159 - AresGlobal.StepOrchestrator - INFO - 🚀 Executing step: step4_analyst_labeling_feature_engineering
2025-08-07 19:52:57,159 - AresGlobal.StepOrchestrator - INFO - ⏭️  Step step4_analyst_labeling_feature_engineering already completed, skipping
2025-08-07 19:52:57,159 - AresGlobal.StepOrchestrator - INFO - 🔄 Executing step step5_analyst_specialist_training (4/15)
2025-08-07 19:52:57,159 - AresGlobal.StepOrchestrator - INFO - 🚀 Executing step: step5_analyst_specialist_training
2025-08-07 19:52:57,159 - AresGlobal.StepOrchestrator - INFO - ⏭️  Step step5_analyst_specialist_training already completed, skipping
2025-08-07 19:52:57,159 - AresGlobal.StepOrchestrator - INFO - 🔄 Executing step step6_analyst_enhancement (5/15)
2025-08-07 19:52:57,159 - AresGlobal.StepOrchestrator - INFO - 🚀 Executing step: step6_analyst_enhancement
2025-08-07 19:53:01,487 - AresGlobal.StepOrchestrator - INFO - ✅ Loaded step module: step6_analyst_enhancement
2025-08-07 19:53:01,487 - AresGlobal.StepOrchestrator - INFO - ✅ Found step class: AnalystEnhancementStep
2025-08-07 19:53:01,505 - AresGlobal.ProgressManager - INFO - ℹ️  No progress found for step1_data_collection
2025-08-07 19:53:01,505 - AresGlobal.ProgressManager - INFO - ✅ Loaded progress for step2_market_regime_classification
2025-08-07 19:53:01,506 - AresGlobal.ProgressManager - INFO - ✅ Loaded progress for step3_regime_data_splitting
2025-08-07 19:53:01,506 - AresGlobal.ProgressManager - INFO - ✅ Loaded progress for step4_analyst_labeling_feature_engineering
2025-08-07 19:53:01,506 - AresGlobal.ProgressManager - INFO - ✅ Loaded progress for step5_analyst_specialist_training
2025-08-07 19:53:01,506 - AresGlobal.StepOrchestrator - INFO - 📋 Built pipeline state with 6 items
2025-08-07 19:53:01,507 - AresGlobal.ProgressManager - INFO - ✅ Saved progress for step6_analyst_enhancement
2025-08-07 19:53:01,507 - AresGlobal.StepOrchestrator - INFO - ✅ Step step6_analyst_enhancement completed successfully
2025-08-07 19:53:01,507 - AresGlobal.StepOrchestrator - INFO - 🔄 Executing step step7_analyst_ensemble_creation (6/15)
2025-08-07 19:53:01,507 - AresGlobal.StepOrchestrator - INFO - 🚀 Executing step: step7_analyst_ensemble_creation
2025-08-07 19:53:01,597 - AresGlobal.StepOrchestrator - INFO - ✅ Loaded step module: step7_analyst_ensemble_creation
2025-08-07 19:53:01,597 - AresGlobal.StepOrchestrator - INFO - ✅ Found step class: AnalystEnsembleCreationStep
2025-08-07 19:53:01,597 - AresGlobal.ProgressManager - INFO - ℹ️  No progress found for step1_data_collection
2025-08-07 19:53:01,597 - AresGlobal.ProgressManager - INFO - ✅ Loaded progress for step2_market_regime_classification
2025-08-07 19:53:01,597 - AresGlobal.ProgressManager - INFO - ✅ Loaded progress for step3_regime_data_splitting
2025-08-07 19:53:01,598 - AresGlobal.ProgressManager - INFO - ✅ Loaded progress for step4_analyst_labeling_feature_engineering
2025-08-07 19:53:01,598 - AresGlobal.ProgressManager - INFO - ✅ Loaded progress for step5_analyst_specialist_training
2025-08-07 19:53:01,598 - AresGlobal.ProgressManager - INFO - ✅ Loaded progress for step6_analyst_enhancement
2025-08-07 19:53:01,598 - AresGlobal.StepOrchestrator - INFO - 📋 Built pipeline state with 7 items
2025-08-07 19:53:01,600 - AresGlobal.ProgressManager - INFO - ✅ Saved progress for step7_analyst_ensemble_creation
2025-08-07 19:53:01,600 - AresGlobal.StepOrchestrator - INFO - ✅ Step step7_analyst_ensemble_creation completed successfully
2025-08-07 19:53:01,600 - AresGlobal.StepOrchestrator - INFO - 🔄 Executing step step8_tactician_labeling (7/15)
2025-08-07 19:53:01,600 - AresGlobal.StepOrchestrator - INFO - 🚀 Executing step: step8_tactician_labeling
2025-08-07 19:53:01,603 - AresGlobal.StepOrchestrator - ERROR - ❌ Step step8_tactician_labeling failed: name 'Dict' is not defined
2025-08-07 19:53:01,603 - AresGlobal.StepOrchestrator - ERROR - ❌ Pipeline failed at step: step8_tactician_labeling
2025-08-07 19:53:01,603 - AresGlobal.AresLauncher - ERROR - ❌ Step-based training failed
2025-08-07 19:53:01,603 - AresGlobal - INFO - [SYSTEM] ================================================================================
2025-08-07 19:53:01,603 - AresGlobal - INFO - [SYSTEM] 🛑 ARES LAUNCHER ENDED - Exit code: 1
2025-08-07 19:53:01,604 - AresGlobal - INFO - [SYSTEM] End time: 2025-08-07 19:53:01
2025-08-07 19:53:01,604 - AresGlobal - INFO - [SYSTEM] ================================================================================
2025-08-07 19:53:01,604 - AresGlobal.AresLauncher - INFO - 🧹 Cleaning up processes...
2025-08-07 19:53:01,604 - AresGlobal.AresLauncher - INFO - ✅ Cleanup completed
