{"asctime": "2025-08-11 14:48:33,477", "levelname": "INFO", "name": "AresGlobal", "message": "================================================================================", "correlation_id": "-", "session_id": "-", "timestamp": "2025-08-11T12:48:33.477563+00:00"}
{"asctime": "2025-08-11 14:48:33,477", "levelname": "INFO", "name": "AresGlobal", "message": "ðŸ“Š SESSION SUMMARY", "correlation_id": "-", "session_id": "-", "timestamp": "2025-08-11T12:48:33.477693+00:00"}
{"asctime": "2025-08-11 14:48:33,477", "levelname": "INFO", "name": "AresGlobal", "message": "Session started: 2025-08-11 14:48:33", "correlation_id": "-", "session_id": "-", "timestamp": "2025-08-11T12:48:33.477772+00:00"}
{"asctime": "2025-08-11 14:48:33,477", "levelname": "INFO", "name": "AresGlobal", "message": "This file contains ALL logs for this session", "correlation_id": "-", "session_id": "-", "timestamp": "2025-08-11T12:48:33.477828+00:00"}
{"asctime": "2025-08-11 14:48:33,477", "levelname": "INFO", "name": "AresGlobal", "message": "================================================================================", "correlation_id": "-", "session_id": "-", "timestamp": "2025-08-11T12:48:33.477887+00:00"}
{"asctime": "2025-08-11 14:48:33,478", "levelname": "INFO", "name": "AresGlobal", "message": "[SYSTEM] ================================================================================", "correlation_id": "-", "session_id": "-", "timestamp": "2025-08-11T12:48:33.478058+00:00"}
{"asctime": "2025-08-11 14:48:33,478", "levelname": "INFO", "name": "AresGlobal", "message": "[SYSTEM] ðŸš€ ARES LAUNCHER STARTED - Mode: INITIALIZATION", "correlation_id": "-", "session_id": "-", "timestamp": "2025-08-11T12:48:33.478168+00:00"}
{"asctime": "2025-08-11 14:48:33,478", "levelname": "INFO", "name": "AresGlobal", "message": "[SYSTEM] Start time: 2025-08-11 14:48:33", "correlation_id": "-", "session_id": "-", "timestamp": "2025-08-11T12:48:33.478279+00:00"}
{"asctime": "2025-08-11 14:48:33,478", "levelname": "INFO", "name": "AresGlobal", "message": "[SYSTEM] Log directory: log", "correlation_id": "-", "session_id": "-", "timestamp": "2025-08-11T12:48:33.478388+00:00"}
{"asctime": "2025-08-11 14:48:33,478", "levelname": "INFO", "name": "AresGlobal", "message": "[SYSTEM] ================================================================================", "correlation_id": "-", "session_id": "-", "timestamp": "2025-08-11T12:48:33.478487+00:00"}
{"asctime": "2025-08-11 14:48:33,478", "levelname": "INFO", "name": "AresGlobal.AresLauncher", "message": "================================================================================", "correlation_id": "-", "session_id": "-", "timestamp": "2025-08-11T12:48:33.478538+00:00"}
{"asctime": "2025-08-11 14:48:33,478", "levelname": "INFO", "name": "AresGlobal.AresLauncher", "message": "ðŸš€ ARES COMPREHENSIVE LAUNCHER", "correlation_id": "-", "session_id": "-", "timestamp": "2025-08-11T12:48:33.478592+00:00"}
{"asctime": "2025-08-11 14:48:33,478", "levelname": "INFO", "name": "AresGlobal.AresLauncher", "message": "================================================================================", "correlation_id": "-", "session_id": "-", "timestamp": "2025-08-11T12:48:33.478645+00:00"}
{"asctime": "2025-08-11 14:48:33,478", "levelname": "INFO", "name": "AresGlobal.AresLauncher", "message": "Start time: 2025-08-11 14:48:33", "correlation_id": "-", "session_id": "-", "timestamp": "2025-08-11T12:48:33.478704+00:00"}
{"asctime": "2025-08-11 14:48:33,478", "levelname": "INFO", "name": "AresGlobal.AresLauncher", "message": "Log directory: log", "correlation_id": "-", "session_id": "-", "timestamp": "2025-08-11T12:48:33.478757+00:00"}
{"asctime": "2025-08-11 14:48:33,478", "levelname": "INFO", "name": "AresGlobal.AresLauncher", "message": "Log level: INFO", "correlation_id": "-", "session_id": "-", "timestamp": "2025-08-11T12:48:33.478812+00:00"}
{"asctime": "2025-08-11 14:48:33,478", "levelname": "INFO", "name": "AresGlobal.AresLauncher", "message": "Global log file: ares_global_20250811_144833.log", "correlation_id": "-", "session_id": "-", "timestamp": "2025-08-11T12:48:33.478875+00:00"}
{"asctime": "2025-08-11 14:48:33,478", "levelname": "INFO", "name": "AresGlobal.AresLauncher", "message": "================================================================================", "correlation_id": "-", "session_id": "-", "timestamp": "2025-08-11T12:48:33.478938+00:00"}
{"asctime": "2025-08-11 14:48:33,479", "levelname": "INFO", "name": "AresGlobal", "message": "[SYSTEM] ================================================================================", "correlation_id": "-", "session_id": "-", "timestamp": "2025-08-11T12:48:33.479107+00:00"}
{"asctime": "2025-08-11 14:48:33,479", "levelname": "INFO", "name": "AresGlobal", "message": "[SYSTEM] ðŸš€ ARES LAUNCHER STARTED - Mode: blank - Symbol: ETHUSDT - Exchange: BINANCE", "correlation_id": "-", "session_id": "-", "timestamp": "2025-08-11T12:48:33.479214+00:00"}
{"asctime": "2025-08-11 14:48:33,479", "levelname": "INFO", "name": "AresGlobal", "message": "[SYSTEM] Start time: 2025-08-11 14:48:33", "correlation_id": "-", "session_id": "-", "timestamp": "2025-08-11T12:48:33.479322+00:00"}
{"asctime": "2025-08-11 14:48:33,479", "levelname": "INFO", "name": "AresGlobal", "message": "[SYSTEM] Log directory: log", "correlation_id": "-", "session_id": "-", "timestamp": "2025-08-11T12:48:33.479437+00:00"}
{"asctime": "2025-08-11 14:48:33,479", "levelname": "INFO", "name": "AresGlobal", "message": "[SYSTEM] ================================================================================", "correlation_id": "-", "session_id": "-", "timestamp": "2025-08-11T12:48:33.479536+00:00"}
{"asctime": "2025-08-11 14:48:33,479", "levelname": "INFO", "name": "AresGlobal.AresLauncher", "message": "ðŸš€ Running enhanced 16-step training pipeline for ETHUSDT on BINANCE", "correlation_id": "-", "session_id": "-", "timestamp": "2025-08-11T12:48:33.479612+00:00"}
{"asctime": "2025-08-11 14:48:33,479", "levelname": "INFO", "name": "AresGlobal.AresLauncher", "message": "Starting from step: step4_analyst_labeling_feature_engineering", "correlation_id": "-", "session_id": "-", "timestamp": "2025-08-11T12:48:33.479666+00:00"}
{"asctime": "2025-08-11 14:48:33,479", "levelname": "INFO", "name": "AresGlobal.AresLauncher", "message": "ðŸ§ª BLANK TRAINING MODE: Set BLANK_TRAINING_MODE=1 for step-based training", "correlation_id": "-", "session_id": "-", "timestamp": "2025-08-11T12:48:33.479724+00:00"}
{"asctime": "2025-08-11 14:48:33,481", "levelname": "INFO", "name": "AresGlobal.ProgressManager", "message": "Initialized ProgressManager for ETHUSDT on BINANCE", "correlation_id": "-", "session_id": "-", "timestamp": "2025-08-11T12:48:33.481124+00:00"}
{"asctime": "2025-08-11 14:48:33,481", "levelname": "INFO", "name": "AresGlobal.ProgressManager", "message": "Progress directory: data/training/progress/BINANCE_ETHUSDT", "correlation_id": "-", "session_id": "-", "timestamp": "2025-08-11T12:48:33.481202+00:00"}
{"asctime": "2025-08-11 14:48:33,481", "levelname": "INFO", "name": "AresGlobal.StepOrchestrator", "message": "Initialized StepOrchestrator for ETHUSDT on BINANCE", "correlation_id": "-", "session_id": "-", "timestamp": "2025-08-11T12:48:33.481327+00:00"}
{"asctime": "2025-08-11 14:48:33,481", "levelname": "INFO", "name": "AresGlobal.StepOrchestrator", "message": "ðŸš€ Starting execution from step: step4_analyst_labeling_feature_engineering", "correlation_id": "-", "session_id": "-", "timestamp": "2025-08-11T12:48:33.481577+00:00"}
{"asctime": "2025-08-11 14:48:37,047", "levelname": "INFO", "name": "AresGlobal.EnhancedTrainingManager", "message": "Loaded optimization configuration", "correlation_id": "-", "session_id": "-", "timestamp": "2025-08-11T12:48:37.047472+00:00"}
{"asctime": "2025-08-11 14:48:37,047", "levelname": "INFO", "name": "AresGlobal.EnhancedTrainingManagerOptimized", "message": "Loaded optimization configuration", "correlation_id": "-", "session_id": "-", "timestamp": "2025-08-11T12:48:37.047712+00:00"}
{"asctime": "2025-08-11 14:48:37,047", "levelname": "INFO", "name": "AresGlobal.EnhancedTrainingManager", "message": "ðŸš€ Initializing Enhanced Training Manager...", "correlation_id": "-", "session_id": "-", "timestamp": "2025-08-11T12:48:37.047791+00:00"}
{"asctime": "2025-08-11 14:48:37,047", "levelname": "INFO", "name": "AresGlobal.EnhancedTrainingManager", "message": "ðŸ“Š Blank training mode: True", "correlation_id": "-", "session_id": "-", "timestamp": "2025-08-11T12:48:37.047873+00:00"}
{"asctime": "2025-08-11 14:48:37,047", "levelname": "INFO", "name": "AresGlobal.EnhancedTrainingManager", "message": "ðŸ”§ Max trials: 200", "correlation_id": "-", "session_id": "-", "timestamp": "2025-08-11T12:48:37.047934+00:00"}
{"asctime": "2025-08-11 14:48:37,047", "levelname": "INFO", "name": "AresGlobal.EnhancedTrainingManager", "message": "ðŸ”§ N trials: 100", "correlation_id": "-", "session_id": "-", "timestamp": "2025-08-11T12:48:37.047993+00:00"}
{"asctime": "2025-08-11 14:48:37,048", "levelname": "INFO", "name": "AresGlobal.EnhancedTrainingManager", "message": "ðŸ“ˆ Lookback days: 180", "correlation_id": "-", "session_id": "-", "timestamp": "2025-08-11T12:48:37.048049+00:00"}
{"asctime": "2025-08-11 14:48:37,048", "levelname": "INFO", "name": "AresGlobal.EnhancedTrainingManager", "message": "ðŸš€ Computational optimization: True", "correlation_id": "-", "session_id": "-", "timestamp": "2025-08-11T12:48:37.048105+00:00"}
{"asctime": "2025-08-11 14:48:37,048", "levelname": "INFO", "name": "AresGlobal.EnhancedTrainingManager", "message": "ðŸ“Š Resource Analysis:", "correlation_id": "-", "session_id": "-", "timestamp": "2025-08-11T12:48:37.048199+00:00"}
{"asctime": "2025-08-11 14:48:37,048", "levelname": "INFO", "name": "AresGlobal.EnhancedTrainingManager", "message": "   ðŸ’¾ System Memory: 16.0 GB", "correlation_id": "-", "session_id": "-", "timestamp": "2025-08-11T12:48:37.048261+00:00"}
{"asctime": "2025-08-11 14:48:37,048", "levelname": "INFO", "name": "AresGlobal.EnhancedTrainingManager", "message": "   ðŸ–¥ï¸ CPU Cores: 8", "correlation_id": "-", "session_id": "-", "timestamp": "2025-08-11T12:48:37.048316+00:00"}
{"asctime": "2025-08-11 14:48:37,048", "levelname": "INFO", "name": "AresGlobal.EnhancedTrainingManager", "message": "   ðŸ“ˆ Estimated Memory Usage: 4.0 GB", "correlation_id": "-", "session_id": "-", "timestamp": "2025-08-11T12:48:37.048370+00:00"}
{"asctime": "2025-08-11 14:48:37,048", "levelname": "INFO", "name": "AresGlobal.EnhancedTrainingManager", "message": "   â±ï¸ Estimated Time: 90 minutes (1.5 hours)", "correlation_id": "-", "session_id": "-", "timestamp": "2025-08-11T12:48:37.048426+00:00"}
{"asctime": "2025-08-11 14:48:37,048", "levelname": "INFO", "name": "AresGlobal.EnhancedTrainingManager", "message": "   ðŸ¤– Models to Train: 4", "correlation_id": "-", "session_id": "-", "timestamp": "2025-08-11T12:48:37.048482+00:00"}
{"asctime": "2025-08-11 14:48:37,048", "levelname": "INFO", "name": "AresGlobal.EnhancedTrainingManager", "message": "   ðŸ”§ Optimization Trials: 50", "correlation_id": "-", "session_id": "-", "timestamp": "2025-08-11T12:48:37.048537+00:00"}
{"asctime": "2025-08-11 14:48:37,048", "levelname": "INFO", "name": "AresGlobal.EnhancedTrainingManager", "message": "ðŸ“‹ Step-by-Step Time Estimates:", "correlation_id": "-", "session_id": "-", "timestamp": "2025-08-11T12:48:37.048591+00:00"}
{"asctime": "2025-08-11 14:48:37,048", "levelname": "INFO", "name": "AresGlobal.EnhancedTrainingManager", "message": "   step1_data_collection: 5 min (4.1%)", "correlation_id": "-", "session_id": "-", "timestamp": "2025-08-11T12:48:37.048651+00:00"}
{"asctime": "2025-08-11 14:48:37,048", "levelname": "INFO", "name": "AresGlobal.EnhancedTrainingManager", "message": "   step2_market_regime_classification: 3 min (2.4%)", "correlation_id": "-", "session_id": "-", "timestamp": "2025-08-11T12:48:37.048712+00:00"}
{"asctime": "2025-08-11 14:48:37,048", "levelname": "INFO", "name": "AresGlobal.EnhancedTrainingManager", "message": "   step3_regime_data_splitting: 2 min (1.6%)", "correlation_id": "-", "session_id": "-", "timestamp": "2025-08-11T12:48:37.048766+00:00"}
{"asctime": "2025-08-11 14:48:37,048", "levelname": "INFO", "name": "AresGlobal.EnhancedTrainingManager", "message": "   step4_analyst_labeling_feature_engineering: 15 min (12.2%)", "correlation_id": "-", "session_id": "-", "timestamp": "2025-08-11T12:48:37.048820+00:00"}
{"asctime": "2025-08-11 14:48:37,048", "levelname": "INFO", "name": "AresGlobal.EnhancedTrainingManager", "message": "   step5_analyst_specialist_training: 10 min (8.1%)", "correlation_id": "-", "session_id": "-", "timestamp": "2025-08-11T12:48:37.048880+00:00"}
{"asctime": "2025-08-11 14:48:37,048", "levelname": "INFO", "name": "AresGlobal.EnhancedTrainingManager", "message": "   step6_analyst_enhancement: 8 min (6.5%)", "correlation_id": "-", "session_id": "-", "timestamp": "2025-08-11T12:48:37.048932+00:00"}
{"asctime": "2025-08-11 14:48:37,049", "levelname": "INFO", "name": "AresGlobal.EnhancedTrainingManager", "message": "   step7_analyst_ensemble_creation: 12 min (9.8%)", "correlation_id": "-", "session_id": "-", "timestamp": "2025-08-11T12:48:37.049045+00:00"}
{"asctime": "2025-08-11 14:48:37,049", "levelname": "INFO", "name": "AresGlobal.EnhancedTrainingManager", "message": "   step8_tactician_labeling: 5 min (4.1%)", "correlation_id": "-", "session_id": "-", "timestamp": "2025-08-11T12:48:37.049274+00:00"}
{"asctime": "2025-08-11 14:48:37,049", "levelname": "INFO", "name": "AresGlobal.EnhancedTrainingManager", "message": "   step9_tactician_specialist_training: 10 min (8.1%)", "correlation_id": "-", "session_id": "-", "timestamp": "2025-08-11T12:48:37.049358+00:00"}
{"asctime": "2025-08-11 14:48:37,049", "levelname": "INFO", "name": "AresGlobal.EnhancedTrainingManager", "message": "   step10_tactician_ensemble_creation: 12 min (9.8%)", "correlation_id": "-", "session_id": "-", "timestamp": "2025-08-11T12:48:37.049424+00:00"}
{"asctime": "2025-08-11 14:48:37,049", "levelname": "INFO", "name": "AresGlobal.EnhancedTrainingManager", "message": "   step11_confidence_calibration: 3 min (2.4%)", "correlation_id": "-", "session_id": "-", "timestamp": "2025-08-11T12:48:37.049484+00:00"}
{"asctime": "2025-08-11 14:48:37,049", "levelname": "INFO", "name": "AresGlobal.EnhancedTrainingManager", "message": "   step12_final_parameters_optimization: 15 min (12.2%)", "correlation_id": "-", "session_id": "-", "timestamp": "2025-08-11T12:48:37.049541+00:00"}
{"asctime": "2025-08-11 14:48:37,049", "levelname": "INFO", "name": "AresGlobal.EnhancedTrainingManager", "message": "   step13_walk_forward_validation: 8 min (6.5%)", "correlation_id": "-", "session_id": "-", "timestamp": "2025-08-11T12:48:37.049596+00:00"}
{"asctime": "2025-08-11 14:48:37,049", "levelname": "INFO", "name": "AresGlobal.EnhancedTrainingManager", "message": "   step14_monte_carlo_validation: 8 min (6.5%)", "correlation_id": "-", "session_id": "-", "timestamp": "2025-08-11T12:48:37.049649+00:00"}
{"asctime": "2025-08-11 14:48:37,049", "levelname": "INFO", "name": "AresGlobal.EnhancedTrainingManager", "message": "   step15_ab_testing: 5 min (4.1%)", "correlation_id": "-", "session_id": "-", "timestamp": "2025-08-11T12:48:37.049703+00:00"}
{"asctime": "2025-08-11 14:48:37,049", "levelname": "INFO", "name": "AresGlobal.EnhancedTrainingManager", "message": "   step16_saving: 2 min (1.6%)", "correlation_id": "-", "session_id": "-", "timestamp": "2025-08-11T12:48:37.049757+00:00"}
{"asctime": "2025-08-11 14:48:37,049", "levelname": "INFO", "name": "AresGlobal.EnhancedTrainingManager", "message": "ðŸ’¡ Recommendations:", "correlation_id": "-", "session_id": "-", "timestamp": "2025-08-11T12:48:37.049809+00:00"}
{"asctime": "2025-08-11 14:48:37,049", "levelname": "INFO", "name": "AresGlobal.EnhancedTrainingManager", "message": "   âœ… Blank training mode is suitable for your system", "correlation_id": "-", "session_id": "-", "timestamp": "2025-08-11T12:48:37.049870+00:00"}
{"asctime": "2025-08-11 14:48:37,049", "levelname": "INFO", "name": "AresGlobal.EnhancedTrainingManager", "message": "ðŸš€ Initializing computational optimization components...", "correlation_id": "-", "session_id": "-", "timestamp": "2025-08-11T12:48:37.049934+00:00"}
{"asctime": "2025-08-11 14:48:37,050", "levelname": "INFO", "name": "AresGlobal.ComputationalOptimizationManager", "message": "Computational Optimization Manager initialized", "correlation_id": "-", "session_id": "-", "timestamp": "2025-08-11T12:48:37.050232+00:00"}
{"asctime": "2025-08-11 14:48:37,050", "levelname": "INFO", "name": "AresGlobal.EnhancedTrainingManager", "message": "âœ… Computational optimization components initialized successfully", "correlation_id": "-", "session_id": "-", "timestamp": "2025-08-11T12:48:37.050325+00:00"}
{"asctime": "2025-08-11 14:48:37,050", "levelname": "INFO", "name": "AresGlobal.EnhancedTrainingManager", "message": "âœ… Enhanced Training Manager initialized successfully", "correlation_id": "-", "session_id": "-", "timestamp": "2025-08-11T12:48:37.050488+00:00"}
{"asctime": "2025-08-11 14:48:37,050", "levelname": "INFO", "name": "AresGlobal.StepOrchestrator", "message": "âœ… Enhanced training manager setup successfully", "correlation_id": "-", "session_id": "-", "timestamp": "2025-08-11T12:48:37.050815+00:00"}
{"asctime": "2025-08-11 14:48:37,050", "levelname": "INFO", "name": "AresGlobal.EnhancedTrainingManager", "message": "================================================================================", "correlation_id": "-", "session_id": "-", "timestamp": "2025-08-11T12:48:37.050977+00:00"}
{"asctime": "2025-08-11 14:48:37,051", "levelname": "INFO", "name": "AresGlobal.EnhancedTrainingManager", "message": "ðŸš€ COMPREHENSIVE 16-STEP ENHANCED TRAINING PIPELINE START", "correlation_id": "-", "session_id": "-", "timestamp": "2025-08-11T12:48:37.051056+00:00"}
{"asctime": "2025-08-11 14:48:37,051", "levelname": "INFO", "name": "AresGlobal.EnhancedTrainingManager", "message": "================================================================================", "correlation_id": "-", "session_id": "-", "timestamp": "2025-08-11T12:48:37.051273+00:00"}
{"asctime": "2025-08-11 14:48:37,051", "levelname": "INFO", "name": "AresGlobal.EnhancedTrainingManager", "message": "ðŸ“… Started at: 2025-08-11 14:48:37", "correlation_id": "-", "session_id": "-", "timestamp": "2025-08-11T12:48:37.051451+00:00"}
{"asctime": "2025-08-11 14:48:37,051", "levelname": "INFO", "name": "AresGlobal.EnhancedTrainingManager", "message": "ðŸŽ¯ Symbol: ETHUSDT", "correlation_id": "-", "session_id": "-", "timestamp": "2025-08-11T12:48:37.051533+00:00"}
{"asctime": "2025-08-11 14:48:37,051", "levelname": "INFO", "name": "AresGlobal.EnhancedTrainingManager", "message": "ðŸ¢ Exchange: BINANCE", "correlation_id": "-", "session_id": "-", "timestamp": "2025-08-11T12:48:37.051609+00:00"}
{"asctime": "2025-08-11 14:48:37,051", "levelname": "INFO", "name": "AresGlobal.EnhancedTrainingManager", "message": "ðŸ“Š Training Mode: N/A", "correlation_id": "-", "session_id": "-", "timestamp": "2025-08-11T12:48:37.051670+00:00"}
{"asctime": "2025-08-11 14:48:37,051", "levelname": "INFO", "name": "AresGlobal.EnhancedTrainingManager", "message": "ðŸ“ˆ Lookback Days: 180", "correlation_id": "-", "session_id": "-", "timestamp": "2025-08-11T12:48:37.051728+00:00"}
{"asctime": "2025-08-11 14:48:37,051", "levelname": "INFO", "name": "AresGlobal.EnhancedTrainingManager", "message": "ðŸ”§ Blank Training Mode: True", "correlation_id": "-", "session_id": "-", "timestamp": "2025-08-11T12:48:37.051785+00:00"}
{"asctime": "2025-08-11 14:48:37,051", "levelname": "INFO", "name": "AresGlobal.EnhancedTrainingManager", "message": "ðŸ”§ Max Trials: 200", "correlation_id": "-", "session_id": "-", "timestamp": "2025-08-11T12:48:37.051846+00:00"}
{"asctime": "2025-08-11 14:48:37,051", "levelname": "INFO", "name": "AresGlobal.EnhancedTrainingManager", "message": "ðŸ”§ N Trials: 100", "correlation_id": "-", "session_id": "-", "timestamp": "2025-08-11T12:48:37.051903+00:00"}
{"asctime": "2025-08-11 14:48:37,051", "levelname": "INFO", "name": "AresGlobal.EnhancedTrainingManager", "message": "ðŸš€ Initializing optimized tools...", "correlation_id": "-", "session_id": "-", "timestamp": "2025-08-11T12:48:37.051976+00:00"}
{"asctime": "2025-08-11 14:48:37,052", "levelname": "INFO", "name": "AresGlobal.EnhancedTrainingManagerOptimized", "message": "ðŸš€ Initializing Enhanced Training Manager with Optimizations...", "correlation_id": "-", "session_id": "-", "timestamp": "2025-08-11T12:48:37.052044+00:00"}
{"asctime": "2025-08-11 14:48:37,060", "levelname": "INFO", "name": "AresGlobal.EnhancedTrainingManagerOptimized", "message": "âœ… Parallel backtester initialized with 8 workers", "correlation_id": "-", "session_id": "-", "timestamp": "2025-08-11T12:48:37.060646+00:00"}
{"asctime": "2025-08-11 14:48:37,061", "levelname": "INFO", "name": "AresGlobal.EnhancedTrainingManagerOptimized", "message": "âœ… All optimization components initialized successfully", "correlation_id": "-", "session_id": "-", "timestamp": "2025-08-11T12:48:37.061269+00:00"}
{"asctime": "2025-08-11 14:48:37,061", "levelname": "INFO", "name": "AresGlobal.EnhancedTrainingManager", "message": "   âœ… Optimized training manager initialized", "correlation_id": "-", "session_id": "-", "timestamp": "2025-08-11T12:48:37.061578+00:00"}
{"asctime": "2025-08-11 14:48:37,061", "levelname": "INFO", "name": "AresGlobal.EnhancedTrainingManager", "message": "   âœ… Streaming processor initialized", "correlation_id": "-", "session_id": "-", "timestamp": "2025-08-11T12:48:37.061684+00:00"}
{"asctime": "2025-08-11 14:48:37,062", "levelname": "INFO", "name": "AresGlobal.EnhancedTrainingManager", "message": "   âœ… Parallel backtester initialized with 8 workers", "correlation_id": "-", "session_id": "-", "timestamp": "2025-08-11T12:48:37.062028+00:00"}
{"asctime": "2025-08-11 14:48:37,062", "levelname": "INFO", "name": "AresGlobal.EnhancedTrainingManager", "message": "   âœ… Adaptive sampler initialized", "correlation_id": "-", "session_id": "-", "timestamp": "2025-08-11T12:48:37.062104+00:00"}
{"asctime": "2025-08-11 14:48:37,062", "levelname": "INFO", "name": "AresGlobal.EnhancedTrainingManager", "message": "   âœ… Incremental trainer initialized", "correlation_id": "-", "session_id": "-", "timestamp": "2025-08-11T12:48:37.062184+00:00"}
{"asctime": "2025-08-11 14:48:37,062", "levelname": "INFO", "name": "AresGlobal.EnhancedTrainingManager", "message": "âœ… All optimized tools initialized successfully", "correlation_id": "-", "session_id": "-", "timestamp": "2025-08-11T12:48:37.062369+00:00"}
{"asctime": "2025-08-11 14:48:37,063", "levelname": "INFO", "name": "AresGlobal.EnhancedTrainingManager", "message": "ðŸ“‚ Checkpoint loaded: step4_analyst_labeling_feature_engineering from checkpoints/BINANCE/ETHUSDT/1m/training_progress.json", "correlation_id": "-", "session_id": "-", "timestamp": "2025-08-11T12:48:37.063062+00:00"}
{"asctime": "2025-08-11 14:48:37,063", "levelname": "INFO", "name": "AresGlobal.EnhancedTrainingManager", "message": "ðŸ”„ Resuming from checkpoint...", "correlation_id": "-", "session_id": "-", "timestamp": "2025-08-11T12:48:37.063149+00:00"}
{"asctime": "2025-08-11 14:48:37,063", "levelname": "INFO", "name": "AresGlobal.EnhancedTrainingManager", "message": "ðŸ“‚ Last completed step: step4_analyst_labeling_feature_engineering", "correlation_id": "-", "session_id": "-", "timestamp": "2025-08-11T12:48:37.063208+00:00"}
{"asctime": "2025-08-11 14:48:37,063", "levelname": "INFO", "name": "AresGlobal.EnhancedTrainingManager", "message": "====================================================================================================", "correlation_id": "-", "session_id": "-", "timestamp": "2025-08-11T12:48:37.063345+00:00"}
{"asctime": "2025-08-11 14:48:37,063", "levelname": "INFO", "name": "AresGlobal.EnhancedTrainingManager", "message": "ðŸš€ COMPREHENSIVE TRAINING PIPELINE START", "correlation_id": "-", "session_id": "-", "timestamp": "2025-08-11T12:48:37.063475+00:00"}
{"asctime": "2025-08-11 14:48:37,063", "levelname": "INFO", "name": "AresGlobal.EnhancedTrainingManager", "message": "====================================================================================================", "correlation_id": "-", "session_id": "-", "timestamp": "2025-08-11T12:48:37.063545+00:00"}
{"asctime": "2025-08-11 14:48:37,063", "levelname": "INFO", "name": "AresGlobal.EnhancedTrainingManager", "message": "ðŸ“… Started at: 2025-08-11 14:48:37", "correlation_id": "-", "session_id": "-", "timestamp": "2025-08-11T12:48:37.063620+00:00"}
{"asctime": "2025-08-11 14:48:37,063", "levelname": "INFO", "name": "AresGlobal.EnhancedTrainingManager", "message": "ðŸŽ¯ Symbol: ETHUSDT", "correlation_id": "-", "session_id": "-", "timestamp": "2025-08-11T12:48:37.063756+00:00"}
{"asctime": "2025-08-11 14:48:37,063", "levelname": "INFO", "name": "AresGlobal.EnhancedTrainingManager", "message": "ðŸ¢ Exchange: BINANCE", "correlation_id": "-", "session_id": "-", "timestamp": "2025-08-11T12:48:37.063834+00:00"}
{"asctime": "2025-08-11 14:48:37,063", "levelname": "INFO", "name": "AresGlobal.EnhancedTrainingManager", "message": "ðŸ“Š Timeframe: 1m", "correlation_id": "-", "session_id": "-", "timestamp": "2025-08-11T12:48:37.063888+00:00"}
{"asctime": "2025-08-11 14:48:37,063", "levelname": "INFO", "name": "AresGlobal.EnhancedTrainingManager", "message": "ðŸ§  Training Mode: Blank", "correlation_id": "-", "session_id": "-", "timestamp": "2025-08-11T12:48:37.063946+00:00"}
{"asctime": "2025-08-11 14:48:37,064", "levelname": "INFO", "name": "AresGlobal.EnhancedTrainingManager", "message": "ðŸ”§ Max Trials: 200", "correlation_id": "-", "session_id": "-", "timestamp": "2025-08-11T12:48:37.064051+00:00"}
{"asctime": "2025-08-11 14:48:37,064", "levelname": "INFO", "name": "AresGlobal.EnhancedTrainingManager", "message": "ðŸ“ˆ Lookback Days: 180", "correlation_id": "-", "session_id": "-", "timestamp": "2025-08-11T12:48:37.064117+00:00"}
{"asctime": "2025-08-11 14:48:37,064", "levelname": "INFO", "name": "AresGlobal.EnhancedTrainingManager", "message": "ðŸ’¾ Memory Optimization: Enabled", "correlation_id": "-", "session_id": "-", "timestamp": "2025-08-11T12:48:37.064173+00:00"}
{"asctime": "2025-08-11 14:48:37,064", "levelname": "INFO", "name": "AresGlobal.EnhancedTrainingManager", "message": "ðŸš€ Starting from step: step4_analyst_labeling_feature_engineering", "correlation_id": "-", "session_id": "-", "timestamp": "2025-08-11T12:48:37.064361+00:00"}
{"asctime": "2025-08-11 14:48:37,064", "levelname": "INFO", "name": "AresGlobal.EnhancedTrainingManager", "message": "====================================================================================================", "correlation_id": "-", "session_id": "-", "timestamp": "2025-08-11T12:48:37.064471+00:00"}
{"asctime": "2025-08-11 14:48:37,064", "levelname": "INFO", "name": "AresGlobal.EnhancedTrainingManager", "message": "â­ï¸  Skipping Step 1: Data Collection (using pre-consolidated data)", "correlation_id": "-", "session_id": "-", "timestamp": "2025-08-11T12:48:37.064655+00:00"}
{"asctime": "2025-08-11 14:48:37,064", "levelname": "INFO", "name": "AresGlobal.EnhancedTrainingManager", "message": "ðŸŽ­ STEP 2: Market Regime Classification...", "correlation_id": "-", "session_id": "-", "timestamp": "2025-08-11T12:48:37.064738+00:00"}
{"asctime": "2025-08-11 14:48:37,064", "levelname": "INFO", "name": "AresGlobal.EnhancedTrainingManager", "message": "   ðŸ§  Analyzing market regimes and volatility patterns...", "correlation_id": "-", "session_id": "-", "timestamp": "2025-08-11T12:48:37.064879+00:00"}
{"asctime": "2025-08-11 14:48:42,441", "levelname": "INFO", "name": "AresGlobal.EnhancedTrainingManager", "message": "ðŸ” Running validator for step2_market_regime_classification", "correlation_id": "-", "session_id": "-", "timestamp": "2025-08-11T12:48:42.441828+00:00"}
{"asctime": "2025-08-11 14:48:42,441", "levelname": "INFO", "name": "AresGlobal.ValidatorOrchestrator", "message": "ðŸ” Running validator for step2_market_regime_classification", "correlation_id": "-", "session_id": "-", "timestamp": "2025-08-11T12:48:42.441992+00:00"}
{"asctime": "2025-08-11 14:48:42,443", "levelname": "INFO", "name": "AresGlobal.Step2MarketRegimeClassificationValidator", "message": "ðŸ” Validating market regime classification step...", "correlation_id": "-", "session_id": "-", "timestamp": "2025-08-11T12:48:42.443095+00:00"}
{"asctime": "2025-08-11 14:48:42,443", "levelname": "INFO", "name": "AresGlobal.Step2MarketRegimeClassificationValidator", "message": "ðŸ”§ read_parquet start path=data/training/BINANCE_ETHUSDT_regime_classification.parquet columns=regime_columns", "correlation_id": "-", "session_id": "-", "timestamp": "2025-08-11T12:48:42.443527+00:00"}
{"asctime": "2025-08-11 14:48:42,445", "levelname": "INFO", "name": "AresGlobal.Step2MarketRegimeClassificationValidator", "message": "âœ… read_parquet ok path=data/training/BINANCE_ETHUSDT_regime_classification.parquet elapsed=0.002s size=14.5KB", "correlation_id": "-", "session_id": "-", "timestamp": "2025-08-11T12:48:42.445800+00:00"}
{"asctime": "2025-08-11 14:48:42,446", "levelname": "WARNING", "name": "AresGlobal.Step2MarketRegimeClassificationValidator", "message": "âš ï¸ Some regimes have very low frequency: 0.022 (min allowed: 0.030) - continuing with caution", "correlation_id": "-", "session_id": "-", "timestamp": "2025-08-11T12:48:42.446235+00:00"}
{"asctime": "2025-08-11 14:48:42,446", "levelname": "WARNING", "name": "AresGlobal.Step2MarketRegimeClassificationValidator", "message": "âš ï¸ Regime distribution validation failed - continuing with caution", "correlation_id": "-", "session_id": "-", "timestamp": "2025-08-11T12:48:42.446354+00:00"}
{"asctime": "2025-08-11 14:48:42,446", "levelname": "INFO", "name": "AresGlobal.Step2MarketRegimeClassificationValidator", "message": "âœ… Regime transitions validation passed: 6 transition types", "correlation_id": "-", "session_id": "-", "timestamp": "2025-08-11T12:48:42.446619+00:00"}
{"asctime": "2025-08-11 14:48:42,446", "levelname": "INFO", "name": "AresGlobal.Step2MarketRegimeClassificationValidator", "message": "âœ… Market regime classification validation passed (critical checks only)", "correlation_id": "-", "session_id": "-", "timestamp": "2025-08-11T12:48:42.446696+00:00"}
{"asctime": "2025-08-11 14:48:42,446", "levelname": "INFO", "name": "AresGlobal.ValidatorOrchestrator", "message": "âœ… Validator for step2_market_regime_classification completed: True", "correlation_id": "-", "session_id": "-", "timestamp": "2025-08-11T12:48:42.446787+00:00"}
{"asctime": "2025-08-11 14:48:42,446", "levelname": "INFO", "name": "AresGlobal.EnhancedTrainingManager", "message": "âœ… step2_market_regime_classification validation passed", "correlation_id": "-", "session_id": "-", "timestamp": "2025-08-11T12:48:42.446928+00:00"}
{"asctime": "2025-08-11 14:48:42,552", "levelname": "INFO", "name": "AresGlobal.EnhancedTrainingManager", "message": "âœ… Step 2: Market Regime Classification: completed successfully in 5.38s", "correlation_id": "-", "session_id": "-", "timestamp": "2025-08-11T12:48:42.552317+00:00"}
{"asctime": "2025-08-11 14:48:42,552", "levelname": "INFO", "name": "AresGlobal.EnhancedTrainingManager", "message": "ðŸ’¾ Process Memory: 389.9 MB | CPU: 0.1%", "correlation_id": "-", "session_id": "-", "timestamp": "2025-08-11T12:48:42.552614+00:00"}
{"asctime": "2025-08-11 14:48:42,552", "levelname": "INFO", "name": "AresGlobal.EnhancedTrainingManager", "message": "ðŸ–¥ï¸ System Memory: 71.9% | Available: 4.5 GB", "correlation_id": "-", "session_id": "-", "timestamp": "2025-08-11T12:48:42.552695+00:00"}
{"asctime": "2025-08-11 14:48:42,552", "levelname": "INFO", "name": "AresGlobal.EnhancedTrainingManager", "message": "ðŸ“Š Progress: 6.2% (1/16)", "correlation_id": "-", "session_id": "-", "timestamp": "2025-08-11T12:48:42.552774+00:00"}
{"asctime": "2025-08-11 14:48:42,554", "levelname": "INFO", "name": "AresGlobal.EnhancedTrainingManager", "message": "ðŸ’¾ Checkpoint saved: step2_market_regime_classification -> checkpoints/BINANCE/ETHUSDT/1m/training_progress.json", "correlation_id": "-", "session_id": "-", "timestamp": "2025-08-11T12:48:42.554431+00:00"}
{"asctime": "2025-08-11 14:48:42,554", "levelname": "INFO", "name": "AresGlobal.EnhancedTrainingManager", "message": "ðŸ“Š STEP 3: Regime Data Splitting...", "correlation_id": "-", "session_id": "-", "timestamp": "2025-08-11T12:48:42.554557+00:00"}
{"asctime": "2025-08-11 14:48:42,554", "levelname": "INFO", "name": "AresGlobal.EnhancedTrainingManager", "message": "   ðŸ“ˆ Splitting data by market regimes for specialized training...", "correlation_id": "-", "session_id": "-", "timestamp": "2025-08-11T12:48:42.554629+00:00"}
{"asctime": "2025-08-11 14:49:17,692", "levelname": "INFO", "name": "AresGlobal.EnhancedTrainingManager", "message": "ðŸ” Running validator for step3_regime_data_splitting", "correlation_id": "-", "session_id": "-", "timestamp": "2025-08-11T12:49:17.692797+00:00"}
{"asctime": "2025-08-11 14:49:17,693", "levelname": "INFO", "name": "AresGlobal.ValidatorOrchestrator", "message": "ðŸ” Running validator for step3_regime_data_splitting", "correlation_id": "-", "session_id": "-", "timestamp": "2025-08-11T12:49:17.693211+00:00"}
{"asctime": "2025-08-11 14:49:17,693", "levelname": "INFO", "name": "AresGlobal.Step3RegimeDataSplittingValidator", "message": "ðŸ”§ BLANK MODE: Using very lenient validation parameters", "correlation_id": "-", "session_id": "-", "timestamp": "2025-08-11T12:49:17.693936+00:00"}
{"asctime": "2025-08-11 14:49:17,694", "levelname": "INFO", "name": "AresGlobal.Step3RegimeDataSplittingValidator", "message": "ðŸ” Validating regime data splitting step...", "correlation_id": "-", "session_id": "-", "timestamp": "2025-08-11T12:49:17.694039+00:00"}
{"asctime": "2025-08-11 14:49:17,694", "levelname": "INFO", "name": "AresGlobal.Step3RegimeDataSplittingValidator", "message": "âœ… All split data files exist", "correlation_id": "-", "session_id": "-", "timestamp": "2025-08-11T12:49:17.694148+00:00"}
{"asctime": "2025-08-11 14:49:17,694", "levelname": "INFO", "name": "AresGlobal.Step3RegimeDataSplittingValidator", "message": "ðŸ”§ read_parquet start path=data/training/BINANCE_ETHUSDT_train_data.parquet columns=regime_columns", "correlation_id": "-", "session_id": "-", "timestamp": "2025-08-11T12:49:17.694721+00:00"}
{"asctime": "2025-08-11 14:49:17,701", "levelname": "INFO", "name": "AresGlobal.Step3RegimeDataSplittingValidator", "message": "âœ… read_parquet ok path=data/training/BINANCE_ETHUSDT_train_data.parquet elapsed=0.006s size=11.3MB", "correlation_id": "-", "session_id": "-", "timestamp": "2025-08-11T12:49:17.701170+00:00"}
{"asctime": "2025-08-11 14:49:17,724", "levelname": "INFO", "name": "AresGlobal.Step3RegimeDataSplittingValidator", "message": "ðŸ§® train_data: rows=179550 cols=3 memory=12.50MB dtypes={'datetime64[ns]': 1, 'object': 1, 'float64': 1}", "correlation_id": "-", "session_id": "-", "timestamp": "2025-08-11T12:49:17.724141+00:00"}
{"asctime": "2025-08-11 14:49:17,730", "levelname": "INFO", "name": "AresGlobal.Step3RegimeDataSplittingValidator", "message": "ðŸ§ª train_data nulls (first 10 cols): {'timestamp': 0, 'regime': 0, 'confidence': 0}", "correlation_id": "-", "session_id": "-", "timestamp": "2025-08-11T12:49:17.730381+00:00"}
{"asctime": "2025-08-11 14:49:17,776", "levelname": "WARNING", "name": "AresGlobal.Step3RegimeDataSplittingValidator", "message": "âš ï¸ train split missing columns: ['open', 'high', 'low', 'close', 'volume'] - continuing with caution in BLANK mode", "correlation_id": "-", "session_id": "-", "timestamp": "2025-08-11T12:49:17.776426+00:00"}
{"asctime": "2025-08-11 14:49:17,776", "levelname": "INFO", "name": "AresGlobal.Step3RegimeDataSplittingValidator", "message": "ðŸ”§ read_parquet start path=data/training/BINANCE_ETHUSDT_validation_data.parquet columns=regime_columns", "correlation_id": "-", "session_id": "-", "timestamp": "2025-08-11T12:49:17.776688+00:00"}
{"asctime": "2025-08-11 14:49:17,779", "levelname": "INFO", "name": "AresGlobal.Step3RegimeDataSplittingValidator", "message": "âœ… read_parquet ok path=data/training/BINANCE_ETHUSDT_validation_data.parquet elapsed=0.003s size=2.6MB", "correlation_id": "-", "session_id": "-", "timestamp": "2025-08-11T12:49:17.779814+00:00"}
{"asctime": "2025-08-11 14:49:17,785", "levelname": "INFO", "name": "AresGlobal.Step3RegimeDataSplittingValidator", "message": "ðŸ§® validation_data: rows=38475 cols=3 memory=2.68MB dtypes={'datetime64[ns]': 1, 'object': 1, 'float64': 1}", "correlation_id": "-", "session_id": "-", "timestamp": "2025-08-11T12:49:17.785894+00:00"}
{"asctime": "2025-08-11 14:49:17,788", "levelname": "INFO", "name": "AresGlobal.Step3RegimeDataSplittingValidator", "message": "ðŸ§ª validation_data nulls (first 10 cols): {'timestamp': 0, 'regime': 0, 'confidence': 0}", "correlation_id": "-", "session_id": "-", "timestamp": "2025-08-11T12:49:17.788921+00:00"}
{"asctime": "2025-08-11 14:49:17,798", "levelname": "WARNING", "name": "AresGlobal.Step3RegimeDataSplittingValidator", "message": "âš ï¸ validation split missing columns: ['open', 'high', 'low', 'close', 'volume'] - continuing with caution in BLANK mode", "correlation_id": "-", "session_id": "-", "timestamp": "2025-08-11T12:49:17.798288+00:00"}
{"asctime": "2025-08-11 14:49:17,798", "levelname": "INFO", "name": "AresGlobal.Step3RegimeDataSplittingValidator", "message": "ðŸ”§ read_parquet start path=data/training/BINANCE_ETHUSDT_test_data.parquet columns=regime_columns", "correlation_id": "-", "session_id": "-", "timestamp": "2025-08-11T12:49:17.798542+00:00"}
{"asctime": "2025-08-11 14:49:17,801", "levelname": "INFO", "name": "AresGlobal.Step3RegimeDataSplittingValidator", "message": "âœ… read_parquet ok path=data/training/BINANCE_ETHUSDT_test_data.parquet elapsed=0.003s size=2.2MB", "correlation_id": "-", "session_id": "-", "timestamp": "2025-08-11T12:49:17.801944+00:00"}
{"asctime": "2025-08-11 14:49:17,807", "levelname": "INFO", "name": "AresGlobal.Step3RegimeDataSplittingValidator", "message": "ðŸ§® test_data: rows=38476 cols=3 memory=2.68MB dtypes={'datetime64[ns]': 1, 'object': 1, 'float64': 1}", "correlation_id": "-", "session_id": "-", "timestamp": "2025-08-11T12:49:17.807637+00:00"}
{"asctime": "2025-08-11 14:49:17,810", "levelname": "INFO", "name": "AresGlobal.Step3RegimeDataSplittingValidator", "message": "ðŸ§ª test_data nulls (first 10 cols): {'timestamp': 0, 'regime': 0, 'confidence': 0}", "correlation_id": "-", "session_id": "-", "timestamp": "2025-08-11T12:49:17.810824+00:00"}
{"asctime": "2025-08-11 14:49:17,822", "levelname": "WARNING", "name": "AresGlobal.Step3RegimeDataSplittingValidator", "message": "âš ï¸ test split missing columns: ['open', 'high', 'low', 'close', 'volume'] - continuing with caution in BLANK mode", "correlation_id": "-", "session_id": "-", "timestamp": "2025-08-11T12:49:17.822366+00:00"}
{"asctime": "2025-08-11 14:49:17,822", "levelname": "INFO", "name": "AresGlobal.Step3RegimeDataSplittingValidator", "message": "âœ… All split data quality validation passed", "correlation_id": "-", "session_id": "-", "timestamp": "2025-08-11T12:49:17.822622+00:00"}
{"asctime": "2025-08-11 14:49:17,827", "levelname": "INFO", "name": "AresGlobal.Step3RegimeDataSplittingValidator", "message": "âœ… train proportion 0.799 within expected range (0.500-0.850)", "correlation_id": "-", "session_id": "-", "timestamp": "2025-08-11T12:49:17.827316+00:00"}
{"asctime": "2025-08-11 14:49:17,827", "levelname": "INFO", "name": "AresGlobal.Step3RegimeDataSplittingValidator", "message": "âœ… validation proportion 0.100 within expected range (0.050-0.250)", "correlation_id": "-", "session_id": "-", "timestamp": "2025-08-11T12:49:17.827455+00:00"}
{"asctime": "2025-08-11 14:49:17,827", "levelname": "INFO", "name": "AresGlobal.Step3RegimeDataSplittingValidator", "message": "âœ… test proportion 0.101 within expected range (0.050-0.250)", "correlation_id": "-", "session_id": "-", "timestamp": "2025-08-11T12:49:17.827522+00:00"}
{"asctime": "2025-08-11 14:49:17,827", "levelname": "INFO", "name": "AresGlobal.Step3RegimeDataSplittingValidator", "message": "âœ… Split proportions validation passed: {'train': 0.7991587802313355, 'validation': 0.09989484752891693, 'test': 0.10094637223974763}", "correlation_id": "-", "session_id": "-", "timestamp": "2025-08-11T12:49:17.827596+00:00"}
{"asctime": "2025-08-11 14:49:17,828", "levelname": "INFO", "name": "AresGlobal.Step3RegimeDataSplittingValidator", "message": "âœ… Split consistency validation passed", "correlation_id": "-", "session_id": "-", "timestamp": "2025-08-11T12:49:17.828806+00:00"}
{"asctime": "2025-08-11 14:49:17,829", "levelname": "INFO", "name": "AresGlobal.Step3RegimeDataSplittingValidator", "message": "âœ… Regime data splitting validation passed (critical checks only)", "correlation_id": "-", "session_id": "-", "timestamp": "2025-08-11T12:49:17.829371+00:00"}
{"asctime": "2025-08-11 14:49:17,829", "levelname": "INFO", "name": "AresGlobal.ValidatorOrchestrator", "message": "âœ… Validator for step3_regime_data_splitting completed: True", "correlation_id": "-", "session_id": "-", "timestamp": "2025-08-11T12:49:17.829470+00:00"}
{"asctime": "2025-08-11 14:49:17,829", "levelname": "INFO", "name": "AresGlobal.EnhancedTrainingManager", "message": "âœ… step3_regime_data_splitting validation passed", "correlation_id": "-", "session_id": "-", "timestamp": "2025-08-11T12:49:17.829567+00:00"}
{"asctime": "2025-08-11 14:49:17,933", "levelname": "INFO", "name": "AresGlobal.EnhancedTrainingManager", "message": "âœ… Step 3: Regime Data Splitting: completed successfully in 35.28s", "correlation_id": "-", "session_id": "-", "timestamp": "2025-08-11T12:49:17.933437+00:00"}
{"asctime": "2025-08-11 14:49:17,933", "levelname": "INFO", "name": "AresGlobal.EnhancedTrainingManager", "message": "ðŸ’¾ Process Memory: 911.0 MB | CPU: 0.0%", "correlation_id": "-", "session_id": "-", "timestamp": "2025-08-11T12:49:17.933899+00:00"}
{"asctime": "2025-08-11 14:49:17,934", "levelname": "INFO", "name": "AresGlobal.EnhancedTrainingManager", "message": "ðŸ–¥ï¸ System Memory: 73.0% | Available: 4.3 GB", "correlation_id": "-", "session_id": "-", "timestamp": "2025-08-11T12:49:17.934106+00:00"}
{"asctime": "2025-08-11 14:49:17,934", "levelname": "INFO", "name": "AresGlobal.EnhancedTrainingManager", "message": "ðŸ“Š Progress: 12.5% (2/16)", "correlation_id": "-", "session_id": "-", "timestamp": "2025-08-11T12:49:17.934238+00:00"}
{"asctime": "2025-08-11 14:49:17,935", "levelname": "INFO", "name": "AresGlobal.EnhancedTrainingManager", "message": "ðŸ’¾ Checkpoint saved: step3_regime_data_splitting -> checkpoints/BINANCE/ETHUSDT/1m/training_progress.json", "correlation_id": "-", "session_id": "-", "timestamp": "2025-08-11T12:49:17.935066+00:00"}
{"asctime": "2025-08-11 14:49:17,935", "levelname": "INFO", "name": "AresGlobal.EnhancedTrainingManager", "message": "ðŸ§  STEP 4: Analyst Labeling & Feature Engineering...", "correlation_id": "-", "session_id": "-", "timestamp": "2025-08-11T12:49:17.935180+00:00"}
{"asctime": "2025-08-11 14:49:17,989", "levelname": "INFO", "name": "AresGlobal.OptimizedTripleBarrierLabeling", "message": "ðŸ”– Triple barrier labeling configured for binary classification (BUY/SELL only)", "correlation_id": "-", "session_id": "-", "timestamp": "2025-08-11T12:49:17.989521+00:00"}
{"asctime": "2025-08-11 14:49:17,989", "levelname": "INFO", "name": "AresGlobal.OptimizedTripleBarrierLabeling", "message": "   â†’ HOLD samples will be automatically filtered out", "correlation_id": "-", "session_id": "-", "timestamp": "2025-08-11T12:49:17.989698+00:00"}
{"asctime": "2025-08-11 14:49:17,989", "levelname": "INFO", "name": "AresGlobal.OptimizedTripleBarrierLabeling", "message": "   â†’ This addresses label imbalance issues", "correlation_id": "-", "session_id": "-", "timestamp": "2025-08-11T12:49:17.989772+00:00"}
{"asctime": "2025-08-11 14:51:19,679", "levelname": "INFO", "name": "AresGlobal.OptimizedTripleBarrierLabeling", "message": "Applying triple barrier labeling | cols=['timestamp', 'open', 'high', 'low', 'close', 'volume', 'year', 'month', 'day', 'exchange', 'symbol', 'timeframe', 'trade_volume', 'trade_count', 'avg_price', 'min_price', 'max_price', 'volume_ratio', 'funding_rate', 'close_returns', 'open_returns', 'high_returns', 'low_returns', 'close_log', 'open_log', 'high_log', 'low_log', 'close_detrended'] shape=(256500, 28)", "correlation_id": "-", "session_id": "-", "timestamp": "2025-08-11T12:51:19.679920+00:00"}
{"asctime": "2025-08-11 14:51:20,432", "levelname": "INFO", "name": "AresGlobal.OptimizedTripleBarrierLabeling", "message": "ðŸ“Š Label distribution after filtering:", "correlation_id": "-", "session_id": "-", "timestamp": "2025-08-11T12:51:20.432676+00:00"}
{"asctime": "2025-08-11 14:51:20,433", "levelname": "INFO", "name": "AresGlobal.OptimizedTripleBarrierLabeling", "message": "   BUY (1): 89534 samples", "correlation_id": "-", "session_id": "-", "timestamp": "2025-08-11T12:51:20.433193+00:00"}
{"asctime": "2025-08-11 14:51:20,433", "levelname": "INFO", "name": "AresGlobal.OptimizedTripleBarrierLabeling", "message": "   SELL (-1): 166866 samples", "correlation_id": "-", "session_id": "-", "timestamp": "2025-08-11T12:51:20.433387+00:00"}
{"asctime": "2025-08-11 14:51:20,433", "levelname": "INFO", "name": "AresGlobal.OptimizedTripleBarrierLabeling", "message": "   HOLD (0): 100 samples (removed)", "correlation_id": "-", "session_id": "-", "timestamp": "2025-08-11T12:51:20.433455+00:00"}
{"asctime": "2025-08-11 14:51:20,433", "levelname": "INFO", "name": "AresGlobal.OptimizedTripleBarrierLabeling", "message": "   Total samples: 256400 (from 256500)", "correlation_id": "-", "session_id": "-", "timestamp": "2025-08-11T12:51:20.433512+00:00"}
{"asctime": "2025-08-11 14:51:20,433", "levelname": "INFO", "name": "AresGlobal.OptimizedTripleBarrierLabeling", "message": "   Filtering ratio: 0.0% HOLD samples removed", "correlation_id": "-", "session_id": "-", "timestamp": "2025-08-11T12:51:20.433629+00:00"}
{"asctime": "2025-08-11 14:51:20,439", "levelname": "INFO", "name": "AresGlobal.OptimizedTripleBarrierLabeling", "message": "", "correlation_id": "-", "session_id": "-", "msg": "Triple-barrier labeling diagnostics", "distribution": {"-1": "166866", "1": "89534"}, "long_nextbar_agree": 0.7657, "short_nextbar_agree": 0.6374, "overall_nextbar_agree": 0.6822, "timestamp": "2025-08-11T12:51:20.439577+00:00"}
{"asctime": "2025-08-11 14:52:02,963", "levelname": "INFO", "name": "AresGlobal.MemoryEfficientDataManager", "message": "Optimized DataFrame memory usage", "correlation_id": "-", "session_id": "-", "timestamp": "2025-08-11T12:52:02.963524+00:00"}
{"asctime": "2025-08-11 14:52:02,964", "levelname": "INFO", "name": "AresGlobal.MemoryEfficientDataManager", "message": "Optimized DataFrame memory usage", "correlation_id": "-", "session_id": "-", "timestamp": "2025-08-11T12:52:02.964141+00:00"}
{"asctime": "2025-08-11 14:52:02,964", "levelname": "INFO", "name": "AresGlobal.MemoryEfficientDataManager", "message": "Optimized DataFrame memory usage", "correlation_id": "-", "session_id": "-", "timestamp": "2025-08-11T12:52:02.964535+00:00"}
{"asctime": "2025-08-11 14:52:03,017", "levelname": "INFO", "name": "AresGlobal.MemoryEfficientDataManager", "message": "Optimized DataFrame memory usage", "correlation_id": "-", "session_id": "-", "timestamp": "2025-08-11T12:52:03.017282+00:00"}
{"asctime": "2025-08-11 14:52:03,017", "levelname": "INFO", "name": "AresGlobal.MemoryEfficientDataManager", "message": "Optimized DataFrame memory usage", "correlation_id": "-", "session_id": "-", "timestamp": "2025-08-11T12:52:03.017828+00:00"}
{"asctime": "2025-08-11 14:52:03,018", "levelname": "INFO", "name": "AresGlobal.MemoryEfficientDataManager", "message": "Optimized DataFrame memory usage", "correlation_id": "-", "session_id": "-", "timestamp": "2025-08-11T12:52:03.018769+00:00"}
{"asctime": "2025-08-11 14:52:03,029", "levelname": "INFO", "name": "AresGlobal.MemoryEfficientDataManager", "message": "Optimized DataFrame memory usage", "correlation_id": "-", "session_id": "-", "timestamp": "2025-08-11T12:52:03.029403+00:00"}
{"asctime": "2025-08-11 14:52:03,029", "levelname": "INFO", "name": "AresGlobal.MemoryEfficientDataManager", "message": "Optimized DataFrame memory usage", "correlation_id": "-", "session_id": "-", "timestamp": "2025-08-11T12:52:03.029917+00:00"}
{"asctime": "2025-08-11 14:52:03,030", "levelname": "INFO", "name": "AresGlobal.MemoryEfficientDataManager", "message": "Optimized DataFrame memory usage", "correlation_id": "-", "session_id": "-", "timestamp": "2025-08-11T12:52:03.030314+00:00"}
{"asctime": "2025-08-11 14:52:03,076", "levelname": "INFO", "name": "AresGlobal.MemoryEfficientDataManager", "message": "Optimized DataFrame memory usage", "correlation_id": "-", "session_id": "-", "timestamp": "2025-08-11T12:52:03.076985+00:00"}
{"asctime": "2025-08-11 14:52:03,077", "levelname": "INFO", "name": "AresGlobal.MemoryEfficientDataManager", "message": "Optimized DataFrame memory usage", "correlation_id": "-", "session_id": "-", "timestamp": "2025-08-11T12:52:03.077464+00:00"}
{"asctime": "2025-08-11 14:52:03,077", "levelname": "INFO", "name": "AresGlobal.MemoryEfficientDataManager", "message": "Optimized DataFrame memory usage", "correlation_id": "-", "session_id": "-", "timestamp": "2025-08-11T12:52:03.077839+00:00"}
{"asctime": "2025-08-11 14:52:03,167", "levelname": "INFO", "name": "AresGlobal.EnhancedTrainingManager", "message": "ðŸ’¾ Checkpoint saved: step4_analyst_labeling_feature_engineering -> checkpoints/BINANCE/ETHUSDT/1m/training_progress.json", "correlation_id": "-", "session_id": "-", "timestamp": "2025-08-11T12:52:03.167701+00:00"}
{"asctime": "2025-08-11 14:52:03,331", "levelname": "INFO", "name": "AresGlobal.EnhancedTrainingManager", "message": "ðŸ§¹ Memory optimization: 1194.4 MB before cleanup", "correlation_id": "-", "session_id": "-", "timestamp": "2025-08-11T12:52:03.331045+00:00"}
{"asctime": "2025-08-11 14:52:03,426", "levelname": "INFO", "name": "AresGlobal.EnhancedTrainingManager", "message": "ðŸ§¹ Memory optimization: 1194.4 MB after cleanup (saved 0.0 MB)", "correlation_id": "-", "session_id": "-", "timestamp": "2025-08-11T12:52:03.426132+00:00"}
{"asctime": "2025-08-11 14:52:03,426", "levelname": "INFO", "name": "AresGlobal.EnhancedTrainingManager", "message": "ðŸ” Running validator for step4_analyst_labeling_feature_engineering", "correlation_id": "-", "session_id": "-", "timestamp": "2025-08-11T12:52:03.426402+00:00"}
{"asctime": "2025-08-11 14:52:03,426", "levelname": "INFO", "name": "AresGlobal.ValidatorOrchestrator", "message": "ðŸ” Running validator for step4_analyst_labeling_feature_engineering", "correlation_id": "-", "session_id": "-", "timestamp": "2025-08-11T12:52:03.426485+00:00"}
{"asctime": "2025-08-11 14:52:03,428", "levelname": "INFO", "name": "AresGlobal.Step4AnalystLabelingFeatureEngineeringValidator", "message": "ðŸ” Validating analyst labeling and feature engineering step...", "correlation_id": "-", "session_id": "-", "timestamp": "2025-08-11T12:52:03.428348+00:00"}
{"asctime": "2025-08-11 14:52:03,460", "levelname": "INFO", "name": "AresGlobal.Step4AnalystLabelingFeatureEngineeringValidator", "message": "âœ… Feature engineering outputs validation passed", "correlation_id": "-", "session_id": "-", "timestamp": "2025-08-11T12:52:03.460681+00:00"}
{"asctime": "2025-08-11 14:52:03,462", "levelname": "WARNING", "name": "AresGlobal.Step4AnalystLabelingFeatureEngineeringValidator", "message": "âš ï¸ Missing OHLCV columns in data/training/BINANCE_ETHUSDT_labeled_train.pkl: ['open', 'high', 'low', 'close', 'volume'] - this may affect labeling quality", "correlation_id": "-", "session_id": "-", "timestamp": "2025-08-11T12:52:03.462036+00:00"}
{"asctime": "2025-08-11 14:52:03,462", "levelname": "WARNING", "name": "AresGlobal.Step4AnalystLabelingFeatureEngineeringValidator", "message": "Triple barrier labeling requires proper OHLCV data for accurate labels", "correlation_id": "-", "session_id": "-", "timestamp": "2025-08-11T12:52:03.462192+00:00"}
{"asctime": "2025-08-11 14:52:03,465", "levelname": "WARNING", "name": "AresGlobal.Step4AnalystLabelingFeatureEngineeringValidator", "message": "âš ï¸ Missing OHLCV columns in data/training/BINANCE_ETHUSDT_labeled_validation.pkl: ['open', 'high', 'low', 'close', 'volume'] - this may affect labeling quality", "correlation_id": "-", "session_id": "-", "timestamp": "2025-08-11T12:52:03.465286+00:00"}
{"asctime": "2025-08-11 14:52:03,465", "levelname": "WARNING", "name": "AresGlobal.Step4AnalystLabelingFeatureEngineeringValidator", "message": "Triple barrier labeling requires proper OHLCV data for accurate labels", "correlation_id": "-", "session_id": "-", "timestamp": "2025-08-11T12:52:03.465417+00:00"}
{"asctime": "2025-08-11 14:52:03,466", "levelname": "WARNING", "name": "AresGlobal.Step4AnalystLabelingFeatureEngineeringValidator", "message": "âš ï¸ Missing OHLCV columns in data/training/BINANCE_ETHUSDT_labeled_test.pkl: ['open', 'high', 'low', 'close', 'volume'] - this may affect labeling quality", "correlation_id": "-", "session_id": "-", "timestamp": "2025-08-11T12:52:03.466426+00:00"}
{"asctime": "2025-08-11 14:52:03,466", "levelname": "WARNING", "name": "AresGlobal.Step4AnalystLabelingFeatureEngineeringValidator", "message": "Triple barrier labeling requires proper OHLCV data for accurate labels", "correlation_id": "-", "session_id": "-", "timestamp": "2025-08-11T12:52:03.466579+00:00"}
{"asctime": "2025-08-11 14:52:03,467", "levelname": "INFO", "name": "AresGlobal.Step4AnalystLabelingFeatureEngineeringValidator", "message": "âœ… Labeling quality validation passed", "correlation_id": "-", "session_id": "-", "timestamp": "2025-08-11T12:52:03.467779+00:00"}
{"asctime": "2025-08-11 14:52:03,530", "levelname": "WARNING", "name": "AresGlobal.Step4AnalystLabelingFeatureEngineeringValidator", "message": "âš ï¸ Found 1 highly correlated feature pairs - continuing with caution", "correlation_id": "-", "session_id": "-", "timestamp": "2025-08-11T12:52:03.530323+00:00"}
{"asctime": "2025-08-11 14:52:03,534", "levelname": "INFO", "name": "AresGlobal.Step4AnalystLabelingFeatureEngineeringValidator", "message": "â„¹ï¸ Found 3 constant features (acceptable)", "correlation_id": "-", "session_id": "-", "timestamp": "2025-08-11T12:52:03.534687+00:00"}
{"asctime": "2025-08-11 14:52:03,544", "levelname": "WARNING", "name": "AresGlobal.Step4AnalystLabelingFeatureEngineeringValidator", "message": "âš ï¸ Found 1 highly correlated feature pairs - continuing with caution", "correlation_id": "-", "session_id": "-", "timestamp": "2025-08-11T12:52:03.544868+00:00"}
{"asctime": "2025-08-11 14:52:03,555", "levelname": "WARNING", "name": "AresGlobal.Step4AnalystLabelingFeatureEngineeringValidator", "message": "âš ï¸ Found 1 highly correlated feature pairs - continuing with caution", "correlation_id": "-", "session_id": "-", "timestamp": "2025-08-11T12:52:03.555634+00:00"}
{"asctime": "2025-08-11 14:52:03,556", "levelname": "INFO", "name": "AresGlobal.Step4AnalystLabelingFeatureEngineeringValidator", "message": "âœ… Feature quality validation passed", "correlation_id": "-", "session_id": "-", "timestamp": "2025-08-11T12:52:03.556510+00:00"}
{"asctime": "2025-08-11 14:52:03,560", "levelname": "INFO", "name": "AresGlobal.Step4AnalystLabelingFeatureEngineeringValidator", "message": "âœ… Data balance validation passed", "correlation_id": "-", "session_id": "-", "timestamp": "2025-08-11T12:52:03.560806+00:00"}
{"asctime": "2025-08-11 14:52:03,561", "levelname": "INFO", "name": "AresGlobal.Step4AnalystLabelingFeatureEngineeringValidator", "message": "âœ… Analyst labeling and feature engineering validation passed (critical checks only)", "correlation_id": "-", "session_id": "-", "timestamp": "2025-08-11T12:52:03.561245+00:00"}
{"asctime": "2025-08-11 14:52:03,561", "levelname": "INFO", "name": "AresGlobal.ValidatorOrchestrator", "message": "âœ… Validator for step4_analyst_labeling_feature_engineering completed: True", "correlation_id": "-", "session_id": "-", "timestamp": "2025-08-11T12:52:03.561456+00:00"}
{"asctime": "2025-08-11 14:52:03,561", "levelname": "INFO", "name": "AresGlobal.EnhancedTrainingManager", "message": "âœ… step4_analyst_labeling_feature_engineering validation passed", "correlation_id": "-", "session_id": "-", "timestamp": "2025-08-11T12:52:03.561659+00:00"}
{"asctime": "2025-08-11 14:52:03,666", "levelname": "INFO", "name": "AresGlobal.EnhancedTrainingManager", "message": "âœ… Step 4: Analyst Labeling & Feature Engineering: completed successfully in 165.63s", "correlation_id": "-", "session_id": "-", "timestamp": "2025-08-11T12:52:03.666978+00:00"}
{"asctime": "2025-08-11 14:52:03,667", "levelname": "INFO", "name": "AresGlobal.EnhancedTrainingManager", "message": "ðŸ’¾ Process Memory: 1201.2 MB | CPU: 0.0%", "correlation_id": "-", "session_id": "-", "timestamp": "2025-08-11T12:52:03.667182+00:00"}
{"asctime": "2025-08-11 14:52:03,667", "levelname": "INFO", "name": "AresGlobal.EnhancedTrainingManager", "message": "ðŸ–¥ï¸ System Memory: 74.7% | Available: 4.1 GB", "correlation_id": "-", "session_id": "-", "timestamp": "2025-08-11T12:52:03.667258+00:00"}
{"asctime": "2025-08-11 14:52:03,667", "levelname": "INFO", "name": "AresGlobal.EnhancedTrainingManager", "message": "ðŸ“Š Progress: 18.8% (3/16)", "correlation_id": "-", "session_id": "-", "timestamp": "2025-08-11T12:52:03.667341+00:00"}
{"asctime": "2025-08-11 14:52:03,667", "levelname": "INFO", "name": "AresGlobal.EnhancedTrainingManager", "message": "ðŸŽ¯ STEP 5: Analyst Specialist Training...", "correlation_id": "-", "session_id": "-", "timestamp": "2025-08-11T12:52:03.667416+00:00"}
