{"asctime": "2025-08-10 09:34:23,169", "levelname": "INFO", "name": "AresGlobal", "message": "================================================================================", "correlation_id": "-", "session_id": "-", "timestamp": "2025-08-10T07:34:23.169330+00:00"}
{"asctime": "2025-08-10 09:34:23,169", "levelname": "INFO", "name": "AresGlobal", "message": "📊 SESSION SUMMARY", "correlation_id": "-", "session_id": "-", "timestamp": "2025-08-10T07:34:23.169410+00:00"}
{"asctime": "2025-08-10 09:34:23,169", "levelname": "INFO", "name": "AresGlobal", "message": "Session started: 2025-08-10 09:34:23", "correlation_id": "-", "session_id": "-", "timestamp": "2025-08-10T07:34:23.169485+00:00"}
{"asctime": "2025-08-10 09:34:23,169", "levelname": "INFO", "name": "AresGlobal", "message": "This file contains ALL logs for this session", "correlation_id": "-", "session_id": "-", "timestamp": "2025-08-10T07:34:23.169539+00:00"}
{"asctime": "2025-08-10 09:34:23,169", "levelname": "INFO", "name": "AresGlobal", "message": "================================================================================", "correlation_id": "-", "session_id": "-", "timestamp": "2025-08-10T07:34:23.169591+00:00"}
{"asctime": "2025-08-10 09:34:23,169", "levelname": "INFO", "name": "AresGlobal", "message": "Applied NumPy RNG unpickle compatibility shim (ModelManager)", "correlation_id": "-", "session_id": "-", "timestamp": "2025-08-10T07:34:23.169932+00:00"}
{"asctime": "2025-08-10 09:34:23,170", "levelname": "INFO", "name": "AresGlobal", "message": "[SYSTEM] ================================================================================", "correlation_id": "-", "session_id": "-", "timestamp": "2025-08-10T07:34:23.170058+00:00"}
{"asctime": "2025-08-10 09:34:23,170", "levelname": "INFO", "name": "AresGlobal", "message": "[SYSTEM] 🚀 ARES LAUNCHER STARTED - Mode: INITIALIZATION", "correlation_id": "-", "session_id": "-", "timestamp": "2025-08-10T07:34:23.170165+00:00"}
{"asctime": "2025-08-10 09:34:23,170", "levelname": "INFO", "name": "AresGlobal", "message": "[SYSTEM] Start time: 2025-08-10 09:34:23", "correlation_id": "-", "session_id": "-", "timestamp": "2025-08-10T07:34:23.170274+00:00"}
{"asctime": "2025-08-10 09:34:23,170", "levelname": "INFO", "name": "AresGlobal", "message": "[SYSTEM] Log directory: log", "correlation_id": "-", "session_id": "-", "timestamp": "2025-08-10T07:34:23.170375+00:00"}
{"asctime": "2025-08-10 09:34:23,170", "levelname": "INFO", "name": "AresGlobal", "message": "[SYSTEM] ================================================================================", "correlation_id": "-", "session_id": "-", "timestamp": "2025-08-10T07:34:23.170471+00:00"}
{"asctime": "2025-08-10 09:34:23,170", "levelname": "INFO", "name": "AresGlobal.AresLauncher", "message": "================================================================================", "correlation_id": "-", "session_id": "-", "timestamp": "2025-08-10T07:34:23.170521+00:00"}
{"asctime": "2025-08-10 09:34:23,170", "levelname": "INFO", "name": "AresGlobal.AresLauncher", "message": "🚀 ARES COMPREHENSIVE LAUNCHER", "correlation_id": "-", "session_id": "-", "timestamp": "2025-08-10T07:34:23.170573+00:00"}
{"asctime": "2025-08-10 09:34:23,170", "levelname": "INFO", "name": "AresGlobal.AresLauncher", "message": "================================================================================", "correlation_id": "-", "session_id": "-", "timestamp": "2025-08-10T07:34:23.170625+00:00"}
{"asctime": "2025-08-10 09:34:23,170", "levelname": "INFO", "name": "AresGlobal.AresLauncher", "message": "Start time: 2025-08-10 09:34:23", "correlation_id": "-", "session_id": "-", "timestamp": "2025-08-10T07:34:23.170684+00:00"}
{"asctime": "2025-08-10 09:34:23,170", "levelname": "INFO", "name": "AresGlobal.AresLauncher", "message": "Log directory: log", "correlation_id": "-", "session_id": "-", "timestamp": "2025-08-10T07:34:23.170733+00:00"}
{"asctime": "2025-08-10 09:34:23,170", "levelname": "INFO", "name": "AresGlobal.AresLauncher", "message": "Log level: INFO", "correlation_id": "-", "session_id": "-", "timestamp": "2025-08-10T07:34:23.170782+00:00"}
{"asctime": "2025-08-10 09:34:23,170", "levelname": "INFO", "name": "AresGlobal.AresLauncher", "message": "Global log file: ares_global_20250810_093423.log", "correlation_id": "-", "session_id": "-", "timestamp": "2025-08-10T07:34:23.170841+00:00"}
{"asctime": "2025-08-10 09:34:23,170", "levelname": "INFO", "name": "AresGlobal.AresLauncher", "message": "================================================================================", "correlation_id": "-", "session_id": "-", "timestamp": "2025-08-10T07:34:23.170889+00:00"}
{"asctime": "2025-08-10 09:34:23,171", "levelname": "INFO", "name": "AresGlobal", "message": "[SYSTEM] ================================================================================", "correlation_id": "ec301e3f-acd8-4867-8ad3-6bf1f44c1c79", "session_id": "73c7707e-9b56-4cbb-a69b-c86615436a0d", "timestamp": "2025-08-10T07:34:23.171075+00:00"}
{"asctime": "2025-08-10 09:34:23,171", "levelname": "INFO", "name": "AresGlobal", "message": "[SYSTEM] 🚀 ARES LAUNCHER STARTED - Mode: blank - Symbol: ETHUSDT - Exchange: BINANCE", "correlation_id": "ec301e3f-acd8-4867-8ad3-6bf1f44c1c79", "session_id": "73c7707e-9b56-4cbb-a69b-c86615436a0d", "timestamp": "2025-08-10T07:34:23.171180+00:00"}
{"asctime": "2025-08-10 09:34:23,171", "levelname": "INFO", "name": "AresGlobal", "message": "[SYSTEM] Start time: 2025-08-10 09:34:23", "correlation_id": "ec301e3f-acd8-4867-8ad3-6bf1f44c1c79", "session_id": "73c7707e-9b56-4cbb-a69b-c86615436a0d", "timestamp": "2025-08-10T07:34:23.171285+00:00"}
{"asctime": "2025-08-10 09:34:23,171", "levelname": "INFO", "name": "AresGlobal", "message": "[SYSTEM] Log directory: log", "correlation_id": "ec301e3f-acd8-4867-8ad3-6bf1f44c1c79", "session_id": "73c7707e-9b56-4cbb-a69b-c86615436a0d", "timestamp": "2025-08-10T07:34:23.171384+00:00"}
{"asctime": "2025-08-10 09:34:23,171", "levelname": "INFO", "name": "AresGlobal", "message": "[SYSTEM] ================================================================================", "correlation_id": "ec301e3f-acd8-4867-8ad3-6bf1f44c1c79", "session_id": "73c7707e-9b56-4cbb-a69b-c86615436a0d", "timestamp": "2025-08-10T07:34:23.171483+00:00"}
{"asctime": "2025-08-10 09:34:23,171", "levelname": "INFO", "name": "AresGlobal.AresLauncher", "message": "🚀 Running enhanced 16-step training pipeline for ETHUSDT on BINANCE", "correlation_id": "ec301e3f-acd8-4867-8ad3-6bf1f44c1c79", "session_id": "73c7707e-9b56-4cbb-a69b-c86615436a0d", "timestamp": "2025-08-10T07:34:23.171552+00:00"}
{"asctime": "2025-08-10 09:34:23,171", "levelname": "INFO", "name": "AresGlobal.AresLauncher", "message": "Starting from step: step3_regime_data_splitting", "correlation_id": "ec301e3f-acd8-4867-8ad3-6bf1f44c1c79", "session_id": "73c7707e-9b56-4cbb-a69b-c86615436a0d", "timestamp": "2025-08-10T07:34:23.171666+00:00"}
{"asctime": "2025-08-10 09:34:23,171", "levelname": "INFO", "name": "AresGlobal.AresLauncher", "message": "🧪 BLANK TRAINING MODE: Set BLANK_TRAINING_MODE=1 for step-based training", "correlation_id": "ec301e3f-acd8-4867-8ad3-6bf1f44c1c79", "session_id": "73c7707e-9b56-4cbb-a69b-c86615436a0d", "timestamp": "2025-08-10T07:34:23.171746+00:00"}
{"asctime": "2025-08-10 09:34:23,172", "levelname": "INFO", "name": "AresGlobal.ProgressManager", "message": "Initialized ProgressManager for ETHUSDT on BINANCE", "correlation_id": "ec301e3f-acd8-4867-8ad3-6bf1f44c1c79", "session_id": "73c7707e-9b56-4cbb-a69b-c86615436a0d", "timestamp": "2025-08-10T07:34:23.172365+00:00"}
{"asctime": "2025-08-10 09:34:23,172", "levelname": "INFO", "name": "AresGlobal.ProgressManager", "message": "Progress directory: data/training/progress/BINANCE_ETHUSDT", "correlation_id": "ec301e3f-acd8-4867-8ad3-6bf1f44c1c79", "session_id": "73c7707e-9b56-4cbb-a69b-c86615436a0d", "timestamp": "2025-08-10T07:34:23.172441+00:00"}
{"asctime": "2025-08-10 09:34:23,172", "levelname": "INFO", "name": "AresGlobal.StepOrchestrator", "message": "Initialized StepOrchestrator for ETHUSDT on BINANCE", "correlation_id": "ec301e3f-acd8-4867-8ad3-6bf1f44c1c79", "session_id": "73c7707e-9b56-4cbb-a69b-c86615436a0d", "timestamp": "2025-08-10T07:34:23.172501+00:00"}
{"asctime": "2025-08-10 09:34:23,172", "levelname": "INFO", "name": "AresGlobal.StepOrchestrator", "message": "🚀 Starting execution from step: step3_regime_data_splitting", "correlation_id": "ec301e3f-acd8-4867-8ad3-6bf1f44c1c79", "session_id": "73c7707e-9b56-4cbb-a69b-c86615436a0d", "timestamp": "2025-08-10T07:34:23.172632+00:00"}
{"asctime": "2025-08-10 09:34:24,955", "levelname": "INFO", "name": "AresGlobal.EnhancedTrainingManagerOptimized", "message": "Loaded optimization configuration", "correlation_id": "ec301e3f-acd8-4867-8ad3-6bf1f44c1c79", "session_id": "73c7707e-9b56-4cbb-a69b-c86615436a0d", "timestamp": "2025-08-10T07:34:24.955694+00:00"}
{"asctime": "2025-08-10 09:34:24,958", "levelname": "INFO", "name": "AresGlobal.StepOrchestrator", "message": "✅ Enhanced training manager setup successfully", "correlation_id": "ec301e3f-acd8-4867-8ad3-6bf1f44c1c79", "session_id": "73c7707e-9b56-4cbb-a69b-c86615436a0d", "timestamp": "2025-08-10T07:34:24.958446+00:00"}
{"asctime": "2025-08-10 09:34:24,959", "levelname": "INFO", "name": "AresGlobal.EnhancedTrainingManagerOptimized", "message": "🚀 Initializing Enhanced Training Manager with Optimizations...", "correlation_id": "ec301e3f-acd8-4867-8ad3-6bf1f44c1c79", "session_id": "73c7707e-9b56-4cbb-a69b-c86615436a0d", "timestamp": "2025-08-10T07:34:24.959176+00:00"}
{"asctime": "2025-08-10 09:34:24,966", "levelname": "INFO", "name": "AresGlobal.EnhancedTrainingManagerOptimized", "message": "✅ Parallel backtester initialized with 8 workers", "correlation_id": "ec301e3f-acd8-4867-8ad3-6bf1f44c1c79", "session_id": "73c7707e-9b56-4cbb-a69b-c86615436a0d", "timestamp": "2025-08-10T07:34:24.966260+00:00"}
{"asctime": "2025-08-10 09:34:24,966", "levelname": "INFO", "name": "AresGlobal.EnhancedTrainingManagerOptimized", "message": "✅ All optimization components initialized successfully", "correlation_id": "ec301e3f-acd8-4867-8ad3-6bf1f44c1c79", "session_id": "73c7707e-9b56-4cbb-a69b-c86615436a0d", "timestamp": "2025-08-10T07:34:24.966778+00:00"}
