{"asctime": "2025-08-11 16:06:54,911", "levelname": "INFO", "name": "AresGlobal", "message": "================================================================================", "correlation_id": "-", "session_id": "-", "timestamp": "2025-08-11T14:06:54.911216+00:00"}
{"asctime": "2025-08-11 16:06:54,911", "levelname": "INFO", "name": "AresGlobal", "message": "ðŸ“Š SESSION SUMMARY", "correlation_id": "-", "session_id": "-", "timestamp": "2025-08-11T14:06:54.911344+00:00"}
{"asctime": "2025-08-11 16:06:54,911", "levelname": "INFO", "name": "AresGlobal", "message": "Session started: 2025-08-11 16:06:54", "correlation_id": "-", "session_id": "-", "timestamp": "2025-08-11T14:06:54.911483+00:00"}
{"asctime": "2025-08-11 16:06:54,911", "levelname": "INFO", "name": "AresGlobal", "message": "This file contains ALL logs for this session", "correlation_id": "-", "session_id": "-", "timestamp": "2025-08-11T14:06:54.911628+00:00"}
{"asctime": "2025-08-11 16:06:54,911", "levelname": "INFO", "name": "AresGlobal", "message": "================================================================================", "correlation_id": "-", "session_id": "-", "timestamp": "2025-08-11T14:06:54.911702+00:00"}
{"asctime": "2025-08-11 16:06:54,911", "levelname": "INFO", "name": "AresGlobal", "message": "[SYSTEM] ================================================================================", "correlation_id": "-", "session_id": "-", "timestamp": "2025-08-11T14:06:54.911908+00:00"}
{"asctime": "2025-08-11 16:06:54,912", "levelname": "INFO", "name": "AresGlobal", "message": "[SYSTEM] ðŸš€ ARES LAUNCHER STARTED - Mode: INITIALIZATION", "correlation_id": "-", "session_id": "-", "timestamp": "2025-08-11T14:06:54.912043+00:00"}
{"asctime": "2025-08-11 16:06:54,912", "levelname": "INFO", "name": "AresGlobal", "message": "[SYSTEM] Start time: 2025-08-11 16:06:54", "correlation_id": "-", "session_id": "-", "timestamp": "2025-08-11T14:06:54.912171+00:00"}
{"asctime": "2025-08-11 16:06:54,912", "levelname": "INFO", "name": "AresGlobal", "message": "[SYSTEM] Log directory: log", "correlation_id": "-", "session_id": "-", "timestamp": "2025-08-11T14:06:54.912308+00:00"}
{"asctime": "2025-08-11 16:06:54,912", "levelname": "INFO", "name": "AresGlobal", "message": "[SYSTEM] ================================================================================", "correlation_id": "-", "session_id": "-", "timestamp": "2025-08-11T14:06:54.912432+00:00"}
{"asctime": "2025-08-11 16:06:54,912", "levelname": "INFO", "name": "AresGlobal.AresLauncher", "message": "================================================================================", "correlation_id": "-", "session_id": "-", "timestamp": "2025-08-11T14:06:54.912495+00:00"}
{"asctime": "2025-08-11 16:06:54,912", "levelname": "INFO", "name": "AresGlobal.AresLauncher", "message": "ðŸš€ ARES COMPREHENSIVE LAUNCHER", "correlation_id": "-", "session_id": "-", "timestamp": "2025-08-11T14:06:54.912556+00:00"}
{"asctime": "2025-08-11 16:06:54,912", "levelname": "INFO", "name": "AresGlobal.AresLauncher", "message": "================================================================================", "correlation_id": "-", "session_id": "-", "timestamp": "2025-08-11T14:06:54.912614+00:00"}
{"asctime": "2025-08-11 16:06:54,912", "levelname": "INFO", "name": "AresGlobal.AresLauncher", "message": "Start time: 2025-08-11 16:06:54", "correlation_id": "-", "session_id": "-", "timestamp": "2025-08-11T14:06:54.912678+00:00"}
{"asctime": "2025-08-11 16:06:54,912", "levelname": "INFO", "name": "AresGlobal.AresLauncher", "message": "Log directory: log", "correlation_id": "-", "session_id": "-", "timestamp": "2025-08-11T14:06:54.912737+00:00"}
{"asctime": "2025-08-11 16:06:54,912", "levelname": "INFO", "name": "AresGlobal.AresLauncher", "message": "Log level: INFO", "correlation_id": "-", "session_id": "-", "timestamp": "2025-08-11T14:06:54.912803+00:00"}
{"asctime": "2025-08-11 16:06:54,912", "levelname": "INFO", "name": "AresGlobal.AresLauncher", "message": "Global log file: ares_global_20250811_160654.log", "correlation_id": "-", "session_id": "-", "timestamp": "2025-08-11T14:06:54.912865+00:00"}
{"asctime": "2025-08-11 16:06:54,912", "levelname": "INFO", "name": "AresGlobal.AresLauncher", "message": "================================================================================", "correlation_id": "-", "session_id": "-", "timestamp": "2025-08-11T14:06:54.912964+00:00"}
{"asctime": "2025-08-11 16:06:54,913", "levelname": "INFO", "name": "AresGlobal", "message": "[SYSTEM] ================================================================================", "correlation_id": "-", "session_id": "-", "timestamp": "2025-08-11T14:06:54.913246+00:00"}
{"asctime": "2025-08-11 16:06:54,913", "levelname": "INFO", "name": "AresGlobal", "message": "[SYSTEM] ðŸš€ ARES LAUNCHER STARTED - Mode: blank - Symbol: ETHUSDT - Exchange: BINANCE", "correlation_id": "-", "session_id": "-", "timestamp": "2025-08-11T14:06:54.913480+00:00"}
{"asctime": "2025-08-11 16:06:54,913", "levelname": "INFO", "name": "AresGlobal", "message": "[SYSTEM] Start time: 2025-08-11 16:06:54", "correlation_id": "-", "session_id": "-", "timestamp": "2025-08-11T14:06:54.913619+00:00"}
{"asctime": "2025-08-11 16:06:54,913", "levelname": "INFO", "name": "AresGlobal", "message": "[SYSTEM] Log directory: log", "correlation_id": "-", "session_id": "-", "timestamp": "2025-08-11T14:06:54.913728+00:00"}
{"asctime": "2025-08-11 16:06:54,913", "levelname": "INFO", "name": "AresGlobal", "message": "[SYSTEM] ================================================================================", "correlation_id": "-", "session_id": "-", "timestamp": "2025-08-11T14:06:54.913850+00:00"}
{"asctime": "2025-08-11 16:06:54,913", "levelname": "INFO", "name": "AresGlobal.AresLauncher", "message": "ðŸš€ Running enhanced 16-step training pipeline for ETHUSDT on BINANCE", "correlation_id": "-", "session_id": "-", "timestamp": "2025-08-11T14:06:54.913945+00:00"}
{"asctime": "2025-08-11 16:06:54,914", "levelname": "INFO", "name": "AresGlobal.AresLauncher", "message": "Starting from step: step4_analyst_labeling_feature_engineering", "correlation_id": "-", "session_id": "-", "timestamp": "2025-08-11T14:06:54.914021+00:00"}
{"asctime": "2025-08-11 16:06:54,914", "levelname": "INFO", "name": "AresGlobal.AresLauncher", "message": "ðŸ§ª BLANK TRAINING MODE: Set BLANK_TRAINING_MODE=1 for step-based training", "correlation_id": "-", "session_id": "-", "timestamp": "2025-08-11T14:06:54.914085+00:00"}
{"asctime": "2025-08-11 16:06:54,916", "levelname": "INFO", "name": "AresGlobal.ProgressManager", "message": "Initialized ProgressManager for ETHUSDT on BINANCE", "correlation_id": "-", "session_id": "-", "timestamp": "2025-08-11T14:06:54.916687+00:00"}
{"asctime": "2025-08-11 16:06:54,916", "levelname": "INFO", "name": "AresGlobal.ProgressManager", "message": "Progress directory: data/training/progress/BINANCE_ETHUSDT", "correlation_id": "-", "session_id": "-", "timestamp": "2025-08-11T14:06:54.916874+00:00"}
{"asctime": "2025-08-11 16:06:54,916", "levelname": "INFO", "name": "AresGlobal.StepOrchestrator", "message": "Initialized StepOrchestrator for ETHUSDT on BINANCE", "correlation_id": "-", "session_id": "-", "timestamp": "2025-08-11T14:06:54.916935+00:00"}
{"asctime": "2025-08-11 16:06:54,917", "levelname": "INFO", "name": "AresGlobal.StepOrchestrator", "message": "ðŸš€ Starting execution from step: step4_analyst_labeling_feature_engineering", "correlation_id": "-", "session_id": "-", "timestamp": "2025-08-11T14:06:54.917209+00:00"}
{"asctime": "2025-08-11 16:06:58,070", "levelname": "INFO", "name": "AresGlobal.EnhancedTrainingManager", "message": "Loaded optimization configuration", "correlation_id": "-", "session_id": "-", "timestamp": "2025-08-11T14:06:58.070150+00:00"}
{"asctime": "2025-08-11 16:06:58,070", "levelname": "INFO", "name": "AresGlobal.EnhancedTrainingManagerOptimized", "message": "Loaded optimization configuration", "correlation_id": "-", "session_id": "-", "timestamp": "2025-08-11T14:06:58.070400+00:00"}
{"asctime": "2025-08-11 16:06:58,070", "levelname": "INFO", "name": "AresGlobal.EnhancedTrainingManager", "message": "ðŸš€ Initializing Enhanced Training Manager...", "correlation_id": "-", "session_id": "-", "timestamp": "2025-08-11T14:06:58.070479+00:00"}
{"asctime": "2025-08-11 16:06:58,070", "levelname": "INFO", "name": "AresGlobal.EnhancedTrainingManager", "message": "ðŸ“Š Blank training mode: True", "correlation_id": "-", "session_id": "-", "timestamp": "2025-08-11T14:06:58.070558+00:00"}
{"asctime": "2025-08-11 16:06:58,070", "levelname": "INFO", "name": "AresGlobal.EnhancedTrainingManager", "message": "ðŸ”§ Max trials: 200", "correlation_id": "-", "session_id": "-", "timestamp": "2025-08-11T14:06:58.070620+00:00"}
{"asctime": "2025-08-11 16:06:58,070", "levelname": "INFO", "name": "AresGlobal.EnhancedTrainingManager", "message": "ðŸ”§ N trials: 100", "correlation_id": "-", "session_id": "-", "timestamp": "2025-08-11T14:06:58.070678+00:00"}
{"asctime": "2025-08-11 16:06:58,070", "levelname": "INFO", "name": "AresGlobal.EnhancedTrainingManager", "message": "ðŸ“ˆ Lookback days: 180", "correlation_id": "-", "session_id": "-", "timestamp": "2025-08-11T14:06:58.070735+00:00"}
{"asctime": "2025-08-11 16:06:58,070", "levelname": "INFO", "name": "AresGlobal.EnhancedTrainingManager", "message": "ðŸš€ Computational optimization: True", "correlation_id": "-", "session_id": "-", "timestamp": "2025-08-11T14:06:58.070792+00:00"}
{"asctime": "2025-08-11 16:06:58,070", "levelname": "INFO", "name": "AresGlobal.EnhancedTrainingManager", "message": "ðŸ“Š Resource Analysis:", "correlation_id": "-", "session_id": "-", "timestamp": "2025-08-11T14:06:58.070890+00:00"}
{"asctime": "2025-08-11 16:06:58,070", "levelname": "INFO", "name": "AresGlobal.EnhancedTrainingManager", "message": "   ðŸ’¾ System Memory: 16.0 GB", "correlation_id": "-", "session_id": "-", "timestamp": "2025-08-11T14:06:58.070949+00:00"}
{"asctime": "2025-08-11 16:06:58,071", "levelname": "INFO", "name": "AresGlobal.EnhancedTrainingManager", "message": "   ðŸ–¥ï¸ CPU Cores: 8", "correlation_id": "-", "session_id": "-", "timestamp": "2025-08-11T14:06:58.071005+00:00"}
{"asctime": "2025-08-11 16:06:58,071", "levelname": "INFO", "name": "AresGlobal.EnhancedTrainingManager", "message": "   ðŸ“ˆ Estimated Memory Usage: 4.0 GB", "correlation_id": "-", "session_id": "-", "timestamp": "2025-08-11T14:06:58.071060+00:00"}
{"asctime": "2025-08-11 16:06:58,071", "levelname": "INFO", "name": "AresGlobal.EnhancedTrainingManager", "message": "   â±ï¸ Estimated Time: 90 minutes (1.5 hours)", "correlation_id": "-", "session_id": "-", "timestamp": "2025-08-11T14:06:58.071117+00:00"}
{"asctime": "2025-08-11 16:06:58,071", "levelname": "INFO", "name": "AresGlobal.EnhancedTrainingManager", "message": "   ðŸ¤– Models to Train: 4", "correlation_id": "-", "session_id": "-", "timestamp": "2025-08-11T14:06:58.071174+00:00"}
{"asctime": "2025-08-11 16:06:58,071", "levelname": "INFO", "name": "AresGlobal.EnhancedTrainingManager", "message": "   ðŸ”§ Optimization Trials: 50", "correlation_id": "-", "session_id": "-", "timestamp": "2025-08-11T14:06:58.071232+00:00"}
{"asctime": "2025-08-11 16:06:58,071", "levelname": "INFO", "name": "AresGlobal.EnhancedTrainingManager", "message": "ðŸ“‹ Step-by-Step Time Estimates:", "correlation_id": "-", "session_id": "-", "timestamp": "2025-08-11T14:06:58.071288+00:00"}
{"asctime": "2025-08-11 16:06:58,071", "levelname": "INFO", "name": "AresGlobal.EnhancedTrainingManager", "message": "   step1_data_collection: 5 min (4.1%)", "correlation_id": "-", "session_id": "-", "timestamp": "2025-08-11T14:06:58.071346+00:00"}
{"asctime": "2025-08-11 16:06:58,071", "levelname": "INFO", "name": "AresGlobal.EnhancedTrainingManager", "message": "   step2_market_regime_classification: 3 min (2.4%)", "correlation_id": "-", "session_id": "-", "timestamp": "2025-08-11T14:06:58.071402+00:00"}
{"asctime": "2025-08-11 16:06:58,071", "levelname": "INFO", "name": "AresGlobal.EnhancedTrainingManager", "message": "   step3_regime_data_splitting: 2 min (1.6%)", "correlation_id": "-", "session_id": "-", "timestamp": "2025-08-11T14:06:58.071456+00:00"}
{"asctime": "2025-08-11 16:06:58,071", "levelname": "INFO", "name": "AresGlobal.EnhancedTrainingManager", "message": "   step4_analyst_labeling_feature_engineering: 15 min (12.2%)", "correlation_id": "-", "session_id": "-", "timestamp": "2025-08-11T14:06:58.071515+00:00"}
{"asctime": "2025-08-11 16:06:58,071", "levelname": "INFO", "name": "AresGlobal.EnhancedTrainingManager", "message": "   step5_analyst_specialist_training: 10 min (8.1%)", "correlation_id": "-", "session_id": "-", "timestamp": "2025-08-11T14:06:58.071575+00:00"}
{"asctime": "2025-08-11 16:06:58,071", "levelname": "INFO", "name": "AresGlobal.EnhancedTrainingManager", "message": "   step6_analyst_enhancement: 8 min (6.5%)", "correlation_id": "-", "session_id": "-", "timestamp": "2025-08-11T14:06:58.071628+00:00"}
{"asctime": "2025-08-11 16:06:58,071", "levelname": "INFO", "name": "AresGlobal.EnhancedTrainingManager", "message": "   step7_analyst_ensemble_creation: 12 min (9.8%)", "correlation_id": "-", "session_id": "-", "timestamp": "2025-08-11T14:06:58.071680+00:00"}
{"asctime": "2025-08-11 16:06:58,071", "levelname": "INFO", "name": "AresGlobal.EnhancedTrainingManager", "message": "   step8_tactician_labeling: 5 min (4.1%)", "correlation_id": "-", "session_id": "-", "timestamp": "2025-08-11T14:06:58.071733+00:00"}
{"asctime": "2025-08-11 16:06:58,071", "levelname": "INFO", "name": "AresGlobal.EnhancedTrainingManager", "message": "   step9_tactician_specialist_training: 10 min (8.1%)", "correlation_id": "-", "session_id": "-", "timestamp": "2025-08-11T14:06:58.071786+00:00"}
{"asctime": "2025-08-11 16:06:58,071", "levelname": "INFO", "name": "AresGlobal.EnhancedTrainingManager", "message": "   step10_tactician_ensemble_creation: 12 min (9.8%)", "correlation_id": "-", "session_id": "-", "timestamp": "2025-08-11T14:06:58.071840+00:00"}
{"asctime": "2025-08-11 16:06:58,071", "levelname": "INFO", "name": "AresGlobal.EnhancedTrainingManager", "message": "   step11_confidence_calibration: 3 min (2.4%)", "correlation_id": "-", "session_id": "-", "timestamp": "2025-08-11T14:06:58.071893+00:00"}
{"asctime": "2025-08-11 16:06:58,071", "levelname": "INFO", "name": "AresGlobal.EnhancedTrainingManager", "message": "   step12_final_parameters_optimization: 15 min (12.2%)", "correlation_id": "-", "session_id": "-", "timestamp": "2025-08-11T14:06:58.071945+00:00"}
{"asctime": "2025-08-11 16:06:58,071", "levelname": "INFO", "name": "AresGlobal.EnhancedTrainingManager", "message": "   step13_walk_forward_validation: 8 min (6.5%)", "correlation_id": "-", "session_id": "-", "timestamp": "2025-08-11T14:06:58.071998+00:00"}
{"asctime": "2025-08-11 16:06:58,072", "levelname": "INFO", "name": "AresGlobal.EnhancedTrainingManager", "message": "   step14_monte_carlo_validation: 8 min (6.5%)", "correlation_id": "-", "session_id": "-", "timestamp": "2025-08-11T14:06:58.072049+00:00"}
{"asctime": "2025-08-11 16:06:58,072", "levelname": "INFO", "name": "AresGlobal.EnhancedTrainingManager", "message": "   step15_ab_testing: 5 min (4.1%)", "correlation_id": "-", "session_id": "-", "timestamp": "2025-08-11T14:06:58.072102+00:00"}
{"asctime": "2025-08-11 16:06:58,072", "levelname": "INFO", "name": "AresGlobal.EnhancedTrainingManager", "message": "   step16_saving: 2 min (1.6%)", "correlation_id": "-", "session_id": "-", "timestamp": "2025-08-11T14:06:58.072154+00:00"}
{"asctime": "2025-08-11 16:06:58,072", "levelname": "INFO", "name": "AresGlobal.EnhancedTrainingManager", "message": "ðŸ’¡ Recommendations:", "correlation_id": "-", "session_id": "-", "timestamp": "2025-08-11T14:06:58.072205+00:00"}
{"asctime": "2025-08-11 16:06:58,072", "levelname": "INFO", "name": "AresGlobal.EnhancedTrainingManager", "message": "   âœ… Blank training mode is suitable for your system", "correlation_id": "-", "session_id": "-", "timestamp": "2025-08-11T14:06:58.072260+00:00"}
{"asctime": "2025-08-11 16:06:58,072", "levelname": "INFO", "name": "AresGlobal.EnhancedTrainingManager", "message": "ðŸš€ Initializing computational optimization components...", "correlation_id": "-", "session_id": "-", "timestamp": "2025-08-11T14:06:58.072317+00:00"}
{"asctime": "2025-08-11 16:06:58,072", "levelname": "INFO", "name": "AresGlobal.ComputationalOptimizationManager", "message": "Computational Optimization Manager initialized", "correlation_id": "-", "session_id": "-", "timestamp": "2025-08-11T14:06:58.072709+00:00"}
{"asctime": "2025-08-11 16:06:58,072", "levelname": "INFO", "name": "AresGlobal.EnhancedTrainingManager", "message": "âœ… Computational optimization components initialized successfully", "correlation_id": "-", "session_id": "-", "timestamp": "2025-08-11T14:06:58.072800+00:00"}
{"asctime": "2025-08-11 16:06:58,072", "levelname": "INFO", "name": "AresGlobal.EnhancedTrainingManager", "message": "âœ… Enhanced Training Manager initialized successfully", "correlation_id": "-", "session_id": "-", "timestamp": "2025-08-11T14:06:58.072876+00:00"}
{"asctime": "2025-08-11 16:06:58,073", "levelname": "INFO", "name": "AresGlobal.StepOrchestrator", "message": "âœ… Enhanced training manager setup successfully", "correlation_id": "-", "session_id": "-", "timestamp": "2025-08-11T14:06:58.073014+00:00"}
{"asctime": "2025-08-11 16:06:58,073", "levelname": "INFO", "name": "AresGlobal.EnhancedTrainingManager", "message": "================================================================================", "correlation_id": "-", "session_id": "-", "timestamp": "2025-08-11T14:06:58.073150+00:00"}
{"asctime": "2025-08-11 16:06:58,073", "levelname": "INFO", "name": "AresGlobal.EnhancedTrainingManager", "message": "ðŸš€ COMPREHENSIVE 16-STEP ENHANCED TRAINING PIPELINE START", "correlation_id": "-", "session_id": "-", "timestamp": "2025-08-11T14:06:58.073207+00:00"}
{"asctime": "2025-08-11 16:06:58,073", "levelname": "INFO", "name": "AresGlobal.EnhancedTrainingManager", "message": "================================================================================", "correlation_id": "-", "session_id": "-", "timestamp": "2025-08-11T14:06:58.073264+00:00"}
{"asctime": "2025-08-11 16:06:58,073", "levelname": "INFO", "name": "AresGlobal.EnhancedTrainingManager", "message": "ðŸ“… Started at: 2025-08-11 16:06:58", "correlation_id": "-", "session_id": "-", "timestamp": "2025-08-11T14:06:58.073326+00:00"}
{"asctime": "2025-08-11 16:06:58,073", "levelname": "INFO", "name": "AresGlobal.EnhancedTrainingManager", "message": "ðŸŽ¯ Symbol: ETHUSDT", "correlation_id": "-", "session_id": "-", "timestamp": "2025-08-11T14:06:58.073383+00:00"}
{"asctime": "2025-08-11 16:06:58,073", "levelname": "INFO", "name": "AresGlobal.EnhancedTrainingManager", "message": "ðŸ¢ Exchange: BINANCE", "correlation_id": "-", "session_id": "-", "timestamp": "2025-08-11T14:06:58.073700+00:00"}
{"asctime": "2025-08-11 16:06:58,073", "levelname": "INFO", "name": "AresGlobal.EnhancedTrainingManager", "message": "ðŸ“Š Training Mode: N/A", "correlation_id": "-", "session_id": "-", "timestamp": "2025-08-11T14:06:58.073755+00:00"}
{"asctime": "2025-08-11 16:06:58,073", "levelname": "INFO", "name": "AresGlobal.EnhancedTrainingManager", "message": "ðŸ“ˆ Lookback Days: 180", "correlation_id": "-", "session_id": "-", "timestamp": "2025-08-11T14:06:58.073810+00:00"}
{"asctime": "2025-08-11 16:06:58,073", "levelname": "INFO", "name": "AresGlobal.EnhancedTrainingManager", "message": "ðŸ”§ Blank Training Mode: True", "correlation_id": "-", "session_id": "-", "timestamp": "2025-08-11T14:06:58.073863+00:00"}
{"asctime": "2025-08-11 16:06:58,073", "levelname": "INFO", "name": "AresGlobal.EnhancedTrainingManager", "message": "ðŸ”§ Max Trials: 200", "correlation_id": "-", "session_id": "-", "timestamp": "2025-08-11T14:06:58.073917+00:00"}
{"asctime": "2025-08-11 16:06:58,073", "levelname": "INFO", "name": "AresGlobal.EnhancedTrainingManager", "message": "ðŸ”§ N Trials: 100", "correlation_id": "-", "session_id": "-", "timestamp": "2025-08-11T14:06:58.073972+00:00"}
{"asctime": "2025-08-11 16:06:58,074", "levelname": "INFO", "name": "AresGlobal.EnhancedTrainingManager", "message": "ðŸš€ Initializing optimized tools...", "correlation_id": "-", "session_id": "-", "timestamp": "2025-08-11T14:06:58.074032+00:00"}
{"asctime": "2025-08-11 16:06:58,074", "levelname": "INFO", "name": "AresGlobal.EnhancedTrainingManagerOptimized", "message": "ðŸš€ Initializing Enhanced Training Manager with Optimizations...", "correlation_id": "-", "session_id": "-", "timestamp": "2025-08-11T14:06:58.074090+00:00"}
{"asctime": "2025-08-11 16:06:58,084", "levelname": "INFO", "name": "AresGlobal.EnhancedTrainingManagerOptimized", "message": "âœ… Parallel backtester initialized with 8 workers", "correlation_id": "-", "session_id": "-", "timestamp": "2025-08-11T14:06:58.084580+00:00"}
{"asctime": "2025-08-11 16:06:58,084", "levelname": "INFO", "name": "AresGlobal.EnhancedTrainingManagerOptimized", "message": "âœ… All optimization components initialized successfully", "correlation_id": "-", "session_id": "-", "timestamp": "2025-08-11T14:06:58.084946+00:00"}
{"asctime": "2025-08-11 16:06:58,085", "levelname": "INFO", "name": "AresGlobal.EnhancedTrainingManager", "message": "   âœ… Optimized training manager initialized", "correlation_id": "-", "session_id": "-", "timestamp": "2025-08-11T14:06:58.085048+00:00"}
{"asctime": "2025-08-11 16:06:58,085", "levelname": "INFO", "name": "AresGlobal.EnhancedTrainingManager", "message": "   âœ… Streaming processor initialized", "correlation_id": "-", "session_id": "-", "timestamp": "2025-08-11T14:06:58.085162+00:00"}
{"asctime": "2025-08-11 16:06:58,085", "levelname": "INFO", "name": "AresGlobal.EnhancedTrainingManager", "message": "   âœ… Parallel backtester initialized with 8 workers", "correlation_id": "-", "session_id": "-", "timestamp": "2025-08-11T14:06:58.085477+00:00"}
{"asctime": "2025-08-11 16:06:58,085", "levelname": "INFO", "name": "AresGlobal.EnhancedTrainingManager", "message": "   âœ… Adaptive sampler initialized", "correlation_id": "-", "session_id": "-", "timestamp": "2025-08-11T14:06:58.085616+00:00"}
{"asctime": "2025-08-11 16:06:58,085", "levelname": "INFO", "name": "AresGlobal.EnhancedTrainingManager", "message": "   âœ… Incremental trainer initialized", "correlation_id": "-", "session_id": "-", "timestamp": "2025-08-11T14:06:58.085686+00:00"}
{"asctime": "2025-08-11 16:06:58,085", "levelname": "INFO", "name": "AresGlobal.EnhancedTrainingManager", "message": "âœ… All optimized tools initialized successfully", "correlation_id": "-", "session_id": "-", "timestamp": "2025-08-11T14:06:58.085852+00:00"}
{"asctime": "2025-08-11 16:06:58,086", "levelname": "INFO", "name": "AresGlobal.EnhancedTrainingManager", "message": "ðŸ“‚ Checkpoint loaded: step4_analyst_labeling_feature_engineering from checkpoints/BINANCE/ETHUSDT/1m/training_progress.json", "correlation_id": "-", "session_id": "-", "timestamp": "2025-08-11T14:06:58.086509+00:00"}
{"asctime": "2025-08-11 16:06:58,086", "levelname": "INFO", "name": "AresGlobal.EnhancedTrainingManager", "message": "ðŸ”„ Resuming from checkpoint...", "correlation_id": "-", "session_id": "-", "timestamp": "2025-08-11T14:06:58.086605+00:00"}
{"asctime": "2025-08-11 16:06:58,086", "levelname": "INFO", "name": "AresGlobal.EnhancedTrainingManager", "message": "ðŸ“‚ Last completed step: step4_analyst_labeling_feature_engineering", "correlation_id": "-", "session_id": "-", "timestamp": "2025-08-11T14:06:58.086678+00:00"}
{"asctime": "2025-08-11 16:06:58,086", "levelname": "INFO", "name": "AresGlobal.EnhancedTrainingManager", "message": "====================================================================================================", "correlation_id": "-", "session_id": "-", "timestamp": "2025-08-11T14:06:58.086745+00:00"}
{"asctime": "2025-08-11 16:06:58,086", "levelname": "INFO", "name": "AresGlobal.EnhancedTrainingManager", "message": "ðŸš€ COMPREHENSIVE TRAINING PIPELINE START", "correlation_id": "-", "session_id": "-", "timestamp": "2025-08-11T14:06:58.086877+00:00"}
{"asctime": "2025-08-11 16:06:58,086", "levelname": "INFO", "name": "AresGlobal.EnhancedTrainingManager", "message": "====================================================================================================", "correlation_id": "-", "session_id": "-", "timestamp": "2025-08-11T14:06:58.086941+00:00"}
{"asctime": "2025-08-11 16:06:58,087", "levelname": "INFO", "name": "AresGlobal.EnhancedTrainingManager", "message": "ðŸ“… Started at: 2025-08-11 16:06:58", "correlation_id": "-", "session_id": "-", "timestamp": "2025-08-11T14:06:58.087010+00:00"}
{"asctime": "2025-08-11 16:06:58,087", "levelname": "INFO", "name": "AresGlobal.EnhancedTrainingManager", "message": "ðŸŽ¯ Symbol: ETHUSDT", "correlation_id": "-", "session_id": "-", "timestamp": "2025-08-11T14:06:58.087080+00:00"}
{"asctime": "2025-08-11 16:06:58,087", "levelname": "INFO", "name": "AresGlobal.EnhancedTrainingManager", "message": "ðŸ¢ Exchange: BINANCE", "correlation_id": "-", "session_id": "-", "timestamp": "2025-08-11T14:06:58.087148+00:00"}
{"asctime": "2025-08-11 16:06:58,087", "levelname": "INFO", "name": "AresGlobal.EnhancedTrainingManager", "message": "ðŸ“Š Timeframe: 1m", "correlation_id": "-", "session_id": "-", "timestamp": "2025-08-11T14:06:58.087209+00:00"}
{"asctime": "2025-08-11 16:06:58,087", "levelname": "INFO", "name": "AresGlobal.EnhancedTrainingManager", "message": "ðŸ§  Training Mode: Blank", "correlation_id": "-", "session_id": "-", "timestamp": "2025-08-11T14:06:58.087282+00:00"}
{"asctime": "2025-08-11 16:06:58,087", "levelname": "INFO", "name": "AresGlobal.EnhancedTrainingManager", "message": "ðŸ”§ Max Trials: 200", "correlation_id": "-", "session_id": "-", "timestamp": "2025-08-11T14:06:58.087349+00:00"}
{"asctime": "2025-08-11 16:06:58,087", "levelname": "INFO", "name": "AresGlobal.EnhancedTrainingManager", "message": "ðŸ“ˆ Lookback Days: 180", "correlation_id": "-", "session_id": "-", "timestamp": "2025-08-11T14:06:58.087416+00:00"}
{"asctime": "2025-08-11 16:06:58,087", "levelname": "INFO", "name": "AresGlobal.EnhancedTrainingManager", "message": "ðŸ’¾ Memory Optimization: Enabled", "correlation_id": "-", "session_id": "-", "timestamp": "2025-08-11T14:06:58.087582+00:00"}
{"asctime": "2025-08-11 16:06:58,087", "levelname": "INFO", "name": "AresGlobal.EnhancedTrainingManager", "message": "ðŸš€ Starting from step: step4_analyst_labeling_feature_engineering", "correlation_id": "-", "session_id": "-", "timestamp": "2025-08-11T14:06:58.087641+00:00"}
{"asctime": "2025-08-11 16:06:58,087", "levelname": "INFO", "name": "AresGlobal.EnhancedTrainingManager", "message": "====================================================================================================", "correlation_id": "-", "session_id": "-", "timestamp": "2025-08-11T14:06:58.087697+00:00"}
{"asctime": "2025-08-11 16:06:58,087", "levelname": "INFO", "name": "AresGlobal.EnhancedTrainingManager", "message": "â­ï¸  Skipping Step 1: Data Collection (using pre-consolidated data)", "correlation_id": "-", "session_id": "-", "timestamp": "2025-08-11T14:06:58.087769+00:00"}
{"asctime": "2025-08-11 16:06:58,087", "levelname": "INFO", "name": "AresGlobal.EnhancedTrainingManager", "message": "ðŸŽ­ STEP 2: Market Regime Classification...", "correlation_id": "-", "session_id": "-", "timestamp": "2025-08-11T14:06:58.087886+00:00"}
{"asctime": "2025-08-11 16:06:58,087", "levelname": "INFO", "name": "AresGlobal.EnhancedTrainingManager", "message": "   ðŸ§  Analyzing market regimes and volatility patterns...", "correlation_id": "-", "session_id": "-", "timestamp": "2025-08-11T14:06:58.087953+00:00"}
{"asctime": "2025-08-11 16:07:02,492", "levelname": "INFO", "name": "AresGlobal.EnhancedTrainingManager", "message": "ðŸ” Running validator for step2_market_regime_classification", "correlation_id": "-", "session_id": "-", "timestamp": "2025-08-11T14:07:02.492569+00:00"}
{"asctime": "2025-08-11 16:07:02,492", "levelname": "INFO", "name": "AresGlobal.ValidatorOrchestrator", "message": "ðŸ” Running validator for step2_market_regime_classification", "correlation_id": "-", "session_id": "-", "timestamp": "2025-08-11T14:07:02.492766+00:00"}
{"asctime": "2025-08-11 16:07:02,493", "levelname": "INFO", "name": "AresGlobal.Step2MarketRegimeClassificationValidator", "message": "ðŸ” Validating market regime classification step...", "correlation_id": "-", "session_id": "-", "timestamp": "2025-08-11T14:07:02.493986+00:00"}
{"asctime": "2025-08-11 16:07:02,494", "levelname": "INFO", "name": "AresGlobal.Step2MarketRegimeClassificationValidator", "message": "ðŸ”§ read_parquet start path=data/training/BINANCE_ETHUSDT_regime_classification.parquet columns=regime_columns", "correlation_id": "-", "session_id": "-", "timestamp": "2025-08-11T14:07:02.494505+00:00"}
{"asctime": "2025-08-11 16:07:02,497", "levelname": "INFO", "name": "AresGlobal.Step2MarketRegimeClassificationValidator", "message": "âœ… read_parquet ok path=data/training/BINANCE_ETHUSDT_regime_classification.parquet elapsed=0.003s size=14.5KB", "correlation_id": "-", "session_id": "-", "timestamp": "2025-08-11T14:07:02.497770+00:00"}
{"asctime": "2025-08-11 16:07:02,498", "levelname": "WARNING", "name": "AresGlobal.Step2MarketRegimeClassificationValidator", "message": "âš ï¸ Some regimes have very low frequency: 0.022 (min allowed: 0.030) - continuing with caution", "correlation_id": "-", "session_id": "-", "timestamp": "2025-08-11T14:07:02.498210+00:00"}
{"asctime": "2025-08-11 16:07:02,498", "levelname": "WARNING", "name": "AresGlobal.Step2MarketRegimeClassificationValidator", "message": "âš ï¸ Regime distribution validation failed - continuing with caution", "correlation_id": "-", "session_id": "-", "timestamp": "2025-08-11T14:07:02.498288+00:00"}
{"asctime": "2025-08-11 16:07:02,498", "levelname": "INFO", "name": "AresGlobal.Step2MarketRegimeClassificationValidator", "message": "âœ… Regime transitions validation passed: 6 transition types", "correlation_id": "-", "session_id": "-", "timestamp": "2025-08-11T14:07:02.498565+00:00"}
{"asctime": "2025-08-11 16:07:02,498", "levelname": "INFO", "name": "AresGlobal.Step2MarketRegimeClassificationValidator", "message": "âœ… Market regime classification validation passed (critical checks only)", "correlation_id": "-", "session_id": "-", "timestamp": "2025-08-11T14:07:02.498689+00:00"}
{"asctime": "2025-08-11 16:07:02,498", "levelname": "INFO", "name": "AresGlobal.ValidatorOrchestrator", "message": "âœ… Validator for step2_market_regime_classification completed: True", "correlation_id": "-", "session_id": "-", "timestamp": "2025-08-11T14:07:02.498797+00:00"}
{"asctime": "2025-08-11 16:07:02,498", "levelname": "INFO", "name": "AresGlobal.EnhancedTrainingManager", "message": "âœ… step2_market_regime_classification validation passed", "correlation_id": "-", "session_id": "-", "timestamp": "2025-08-11T14:07:02.498977+00:00"}
{"asctime": "2025-08-11 16:07:02,603", "levelname": "INFO", "name": "AresGlobal.EnhancedTrainingManager", "message": "âœ… Step 2: Market Regime Classification: completed successfully in 4.41s", "correlation_id": "-", "session_id": "-", "timestamp": "2025-08-11T14:07:02.603284+00:00"}
{"asctime": "2025-08-11 16:07:02,603", "levelname": "INFO", "name": "AresGlobal.EnhancedTrainingManager", "message": "ðŸ’¾ Process Memory: 387.7 MB | CPU: 0.1%", "correlation_id": "-", "session_id": "-", "timestamp": "2025-08-11T14:07:02.603677+00:00"}
{"asctime": "2025-08-11 16:07:02,603", "levelname": "INFO", "name": "AresGlobal.EnhancedTrainingManager", "message": "ðŸ–¥ï¸ System Memory: 77.5% | Available: 3.6 GB", "correlation_id": "-", "session_id": "-", "timestamp": "2025-08-11T14:07:02.603831+00:00"}
{"asctime": "2025-08-11 16:07:02,604", "levelname": "INFO", "name": "AresGlobal.EnhancedTrainingManager", "message": "ðŸ“Š Progress: 6.2% (1/16)", "correlation_id": "-", "session_id": "-", "timestamp": "2025-08-11T14:07:02.604011+00:00"}
{"asctime": "2025-08-11 16:07:02,605", "levelname": "INFO", "name": "AresGlobal.EnhancedTrainingManager", "message": "ðŸ’¾ Checkpoint saved: step2_market_regime_classification -> checkpoints/BINANCE/ETHUSDT/1m/training_progress.json", "correlation_id": "-", "session_id": "-", "timestamp": "2025-08-11T14:07:02.605490+00:00"}
{"asctime": "2025-08-11 16:07:02,605", "levelname": "INFO", "name": "AresGlobal.EnhancedTrainingManager", "message": "ðŸ“Š STEP 3: Regime Data Splitting...", "correlation_id": "-", "session_id": "-", "timestamp": "2025-08-11T14:07:02.605715+00:00"}
{"asctime": "2025-08-11 16:07:02,605", "levelname": "INFO", "name": "AresGlobal.EnhancedTrainingManager", "message": "   ðŸ“ˆ Splitting data by market regimes for specialized training...", "correlation_id": "-", "session_id": "-", "timestamp": "2025-08-11T14:07:02.605798+00:00"}
{"asctime": "2025-08-11 16:07:05,105", "levelname": "INFO", "name": "AresGlobal.AresLauncher", "message": "ðŸ§¹ Cleaning up processes...", "correlation_id": "-", "session_id": "-", "timestamp": "2025-08-11T14:07:05.105440+00:00"}
{"asctime": "2025-08-11 16:07:05,105", "levelname": "INFO", "name": "AresGlobal.AresLauncher", "message": "âœ… Cleanup completed", "correlation_id": "-", "session_id": "-", "timestamp": "2025-08-11T14:07:05.105544+00:00"}
