{"asctime": "2025-08-11 22:44:11,231", "levelname": "INFO", "name": "AresGlobal", "message": "================================================================================", "correlation_id": "-", "session_id": "-", "timestamp": "2025-08-11T20:44:11.231936+00:00"}
{"asctime": "2025-08-11 22:44:11,232", "levelname": "INFO", "name": "AresGlobal", "message": "📊 SESSION SUMMARY", "correlation_id": "-", "session_id": "-", "timestamp": "2025-08-11T20:44:11.232327+00:00"}
{"asctime": "2025-08-11 22:44:11,232", "levelname": "INFO", "name": "AresGlobal", "message": "Session started: 2025-08-11 22:44:11", "correlation_id": "-", "session_id": "-", "timestamp": "2025-08-11T20:44:11.232571+00:00"}
{"asctime": "2025-08-11 22:44:11,232", "levelname": "INFO", "name": "AresGlobal", "message": "This file contains ALL logs for this session", "correlation_id": "-", "session_id": "-", "timestamp": "2025-08-11T20:44:11.232743+00:00"}
{"asctime": "2025-08-11 22:44:11,232", "levelname": "INFO", "name": "AresGlobal", "message": "================================================================================", "correlation_id": "-", "session_id": "-", "timestamp": "2025-08-11T20:44:11.232916+00:00"}
{"asctime": "2025-08-11 22:44:11,233", "levelname": "INFO", "name": "AresGlobal", "message": "[SYSTEM] ================================================================================", "correlation_id": "-", "session_id": "-", "timestamp": "2025-08-11T20:44:11.233363+00:00"}
{"asctime": "2025-08-11 22:44:11,233", "levelname": "INFO", "name": "AresGlobal", "message": "[SYSTEM] 🚀 ARES LAUNCHER STARTED - Mode: INITIALIZATION", "correlation_id": "-", "session_id": "-", "timestamp": "2025-08-11T20:44:11.233830+00:00"}
{"asctime": "2025-08-11 22:44:11,234", "levelname": "INFO", "name": "AresGlobal", "message": "[SYSTEM] Start time: 2025-08-11 22:44:11", "correlation_id": "-", "session_id": "-", "timestamp": "2025-08-11T20:44:11.234280+00:00"}
{"asctime": "2025-08-11 22:44:11,234", "levelname": "INFO", "name": "AresGlobal", "message": "[SYSTEM] Log directory: log", "correlation_id": "-", "session_id": "-", "timestamp": "2025-08-11T20:44:11.234577+00:00"}
{"asctime": "2025-08-11 22:44:11,234", "levelname": "INFO", "name": "AresGlobal", "message": "[SYSTEM] ================================================================================", "correlation_id": "-", "session_id": "-", "timestamp": "2025-08-11T20:44:11.234865+00:00"}
{"asctime": "2025-08-11 22:44:11,235", "levelname": "INFO", "name": "AresGlobal.AresLauncher", "message": "================================================================================", "correlation_id": "-", "session_id": "-", "timestamp": "2025-08-11T20:44:11.235017+00:00"}
{"asctime": "2025-08-11 22:44:11,235", "levelname": "INFO", "name": "AresGlobal.AresLauncher", "message": "🚀 ARES COMPREHENSIVE LAUNCHER", "correlation_id": "-", "session_id": "-", "timestamp": "2025-08-11T20:44:11.235164+00:00"}
{"asctime": "2025-08-11 22:44:11,235", "levelname": "INFO", "name": "AresGlobal.AresLauncher", "message": "================================================================================", "correlation_id": "-", "session_id": "-", "timestamp": "2025-08-11T20:44:11.235324+00:00"}
{"asctime": "2025-08-11 22:44:11,235", "levelname": "INFO", "name": "AresGlobal.AresLauncher", "message": "Start time: 2025-08-11 22:44:11", "correlation_id": "-", "session_id": "-", "timestamp": "2025-08-11T20:44:11.235485+00:00"}
{"asctime": "2025-08-11 22:44:11,235", "levelname": "INFO", "name": "AresGlobal.AresLauncher", "message": "Log directory: log", "correlation_id": "-", "session_id": "-", "timestamp": "2025-08-11T20:44:11.235630+00:00"}
{"asctime": "2025-08-11 22:44:11,235", "levelname": "INFO", "name": "AresGlobal.AresLauncher", "message": "Log level: INFO", "correlation_id": "-", "session_id": "-", "timestamp": "2025-08-11T20:44:11.235778+00:00"}
{"asctime": "2025-08-11 22:44:11,235", "levelname": "INFO", "name": "AresGlobal.AresLauncher", "message": "Global log file: ares_global_20250811_224411.log", "correlation_id": "-", "session_id": "-", "timestamp": "2025-08-11T20:44:11.235937+00:00"}
{"asctime": "2025-08-11 22:44:11,236", "levelname": "INFO", "name": "AresGlobal.AresLauncher", "message": "================================================================================", "correlation_id": "-", "session_id": "-", "timestamp": "2025-08-11T20:44:11.236100+00:00"}
{"asctime": "2025-08-11 22:44:11,236", "levelname": "INFO", "name": "AresGlobal", "message": "[SYSTEM] ================================================================================", "correlation_id": "-", "session_id": "-", "timestamp": "2025-08-11T20:44:11.236577+00:00"}
{"asctime": "2025-08-11 22:44:11,237", "levelname": "INFO", "name": "AresGlobal", "message": "[SYSTEM] 🚀 ARES LAUNCHER STARTED - Mode: regime - Symbol: ETHUSDT - Exchange: BINANCE", "correlation_id": "-", "session_id": "-", "timestamp": "2025-08-11T20:44:11.237429+00:00"}
{"asctime": "2025-08-11 22:44:11,238", "levelname": "INFO", "name": "AresGlobal", "message": "[SYSTEM] Start time: 2025-08-11 22:44:11", "correlation_id": "-", "session_id": "-", "timestamp": "2025-08-11T20:44:11.238152+00:00"}
{"asctime": "2025-08-11 22:44:11,238", "levelname": "INFO", "name": "AresGlobal", "message": "[SYSTEM] Log directory: log", "correlation_id": "-", "session_id": "-", "timestamp": "2025-08-11T20:44:11.238852+00:00"}
{"asctime": "2025-08-11 22:44:11,239", "levelname": "INFO", "name": "AresGlobal", "message": "[SYSTEM] ================================================================================", "correlation_id": "-", "session_id": "-", "timestamp": "2025-08-11T20:44:11.239432+00:00"}
{"asctime": "2025-08-11 22:44:11,240", "levelname": "INFO", "name": "AresGlobal.AresLauncher", "message": "🧠 Running regime operations for ETHUSDT on BINANCE", "correlation_id": "-", "session_id": "-", "timestamp": "2025-08-11T20:44:11.240225+00:00"}
{"asctime": "2025-08-11 22:44:11,240", "levelname": "INFO", "name": "AresGlobal.AresLauncher", "message": "📋 Subcommand: train", "correlation_id": "-", "session_id": "-", "timestamp": "2025-08-11T20:44:11.240666+00:00"}
{"asctime": "2025-08-11 22:44:11,241", "levelname": "INFO", "name": "AresGlobal.AresLauncher", "message": "🖥️ GUI mode: False", "correlation_id": "-", "session_id": "-", "timestamp": "2025-08-11T20:44:11.241022+00:00"}
{"asctime": "2025-08-11 22:44:11,241", "levelname": "INFO", "name": "AresGlobal.AresLauncher", "message": "⏰ Start time: 2025-08-11 22:44:11", "correlation_id": "-", "session_id": "-", "timestamp": "2025-08-11T20:44:11.241528+00:00"}
{"asctime": "2025-08-11 22:44:11,241", "levelname": "INFO", "name": "AresGlobal.AresLauncher", "message": "📦 Importing required modules...", "correlation_id": "-", "session_id": "-", "timestamp": "2025-08-11T20:44:11.241894+00:00"}
{"asctime": "2025-08-11 22:44:13,391", "levelname": "INFO", "name": "AresGlobal.AresLauncher", "message": "✅ Modules imported successfully", "correlation_id": "-", "session_id": "-", "timestamp": "2025-08-11T20:44:13.391135+00:00"}
{"asctime": "2025-08-11 22:44:13,391", "levelname": "INFO", "name": "AresGlobal.AresLauncher", "message": "🔧 Initializing unified regime classifier...", "correlation_id": "-", "session_id": "-", "timestamp": "2025-08-11T20:44:13.391440+00:00"}
{"asctime": "2025-08-11 22:44:13,391", "levelname": "INFO", "name": "AresGlobal.UnifiedRegimeClassifier", "message": "", "correlation_id": "-", "session_id": "-", "msg": "UnifiedRegimeClassifier configuration", "n_states_configured": 3, "n_states_enforced_min": 3, "min_data_points_default": 500, "thresholds": {"adx_sideways_threshold": 18, "volatility_threshold": 0.02, "atr_normalized_threshold": 0.028, "volatility_percentile_threshold": 0.75, "bb_width_volatility_threshold": 0.045}, "timestamp": "2025-08-11T20:44:13.391740+00:00"}
{"asctime": "2025-08-11 22:44:13,391", "levelname": "INFO", "name": "AresGlobal.AresLauncher", "message": "✅ Unified regime classifier initialized successfully", "correlation_id": "-", "session_id": "-", "timestamp": "2025-08-11T20:44:13.391947+00:00"}
{"asctime": "2025-08-11 22:44:13,392", "levelname": "INFO", "name": "AresGlobal.AresLauncher", "message": "🚀 Starting unified regime classifier training for ETHUSDT on BINANCE (2 years data)...", "correlation_id": "-", "session_id": "-", "timestamp": "2025-08-11T20:44:13.392058+00:00"}
{"asctime": "2025-08-11 22:44:13,392", "levelname": "INFO", "name": "AresGlobal.AresLauncher", "message": "📊 Training configuration:", "correlation_id": "-", "session_id": "-", "timestamp": "2025-08-11T20:44:13.392178+00:00"}
{"asctime": "2025-08-11 22:44:13,392", "levelname": "INFO", "name": "AresGlobal.AresLauncher", "message": "   - Symbol: ETHUSDT", "correlation_id": "-", "session_id": "-", "timestamp": "2025-08-11T20:44:13.392277+00:00"}
{"asctime": "2025-08-11 22:44:13,392", "levelname": "INFO", "name": "AresGlobal.AresLauncher", "message": "   - Exchange: BINANCE", "correlation_id": "-", "session_id": "-", "timestamp": "2025-08-11T20:44:13.392368+00:00"}
{"asctime": "2025-08-11 22:44:13,392", "levelname": "INFO", "name": "AresGlobal.AresLauncher", "message": "   - Lookback years: 2", "correlation_id": "-", "session_id": "-", "timestamp": "2025-08-11T20:44:13.392456+00:00"}
{"asctime": "2025-08-11 22:44:13,392", "levelname": "INFO", "name": "AresGlobal.AresLauncher", "message": "   - Target timeframe: 1h", "correlation_id": "-", "session_id": "-", "timestamp": "2025-08-11T20:44:13.392544+00:00"}
{"asctime": "2025-08-11 22:44:13,614", "levelname": "INFO", "name": "AresGlobal.UnifiedRegimeClassifier", "message": "🎓 Training Complete Regime Classification System...", "correlation_id": "-", "session_id": "-", "timestamp": "2025-08-11T20:44:13.614658+00:00"}
{"asctime": "2025-08-11 22:44:13,614", "levelname": "INFO", "name": "AresGlobal.UnifiedRegimeClassifier", "message": "🎓 Training HMM-based Market Regime Classifier...", "correlation_id": "-", "session_id": "-", "timestamp": "2025-08-11T20:44:13.614964+00:00"}
{"asctime": "2025-08-11 22:44:13,615", "levelname": "INFO", "name": "AresGlobal.UnifiedRegimeClassifier", "message": "🔧 Calculating features for 17756 periods...", "correlation_id": "-", "session_id": "-", "timestamp": "2025-08-11T20:44:13.615113+00:00"}
{"asctime": "2025-08-11 22:44:13,681", "levelname": "INFO", "name": "AresGlobal.UnifiedRegimeClassifier", "message": "✅ Calculated comprehensive features for 17756 periods (dropped 0 rows due to NaN)", "correlation_id": "-", "session_id": "-", "timestamp": "2025-08-11T20:44:13.681398+00:00"}
{"asctime": "2025-08-11 22:44:13,685", "levelname": "ERROR", "name": "AresGlobal.UnifiedRegimeClassifier", "message": "❌ Failed to train HMM regime classifier: Input X contains infinity or a value too large for dtype('float64').", "correlation_id": "-", "session_id": "-", "timestamp": "2025-08-11T20:44:13.685030+00:00"}
{"asctime": "2025-08-11 22:44:13,686", "levelname": "ERROR", "name": "AresGlobal.AresLauncher", "message": "❌ Unified regime classifier training failed", "correlation_id": "-", "session_id": "-", "timestamp": "2025-08-11T20:44:13.686081+00:00"}
{"asctime": "2025-08-11 22:44:13,687", "levelname": "INFO", "name": "AresGlobal", "message": "[SYSTEM] ================================================================================", "correlation_id": "-", "session_id": "-", "timestamp": "2025-08-11T20:44:13.687781+00:00"}
{"asctime": "2025-08-11 22:44:13,688", "levelname": "INFO", "name": "AresGlobal", "message": "[SYSTEM] 🛑 ARES LAUNCHER ENDED - Exit code: 1", "correlation_id": "-", "session_id": "-", "timestamp": "2025-08-11T20:44:13.688211+00:00"}
{"asctime": "2025-08-11 22:44:13,688", "levelname": "INFO", "name": "AresGlobal", "message": "[SYSTEM] End time: 2025-08-11 22:44:13", "correlation_id": "-", "session_id": "-", "timestamp": "2025-08-11T20:44:13.688524+00:00"}
{"asctime": "2025-08-11 22:44:13,688", "levelname": "INFO", "name": "AresGlobal", "message": "[SYSTEM] ================================================================================", "correlation_id": "-", "session_id": "-", "timestamp": "2025-08-11T20:44:13.688756+00:00"}
{"asctime": "2025-08-11 22:44:13,688", "levelname": "INFO", "name": "AresGlobal.AresLauncher", "message": "🧹 Cleaning up processes...", "correlation_id": "-", "session_id": "-", "timestamp": "2025-08-11T20:44:13.688877+00:00"}
{"asctime": "2025-08-11 22:44:13,689", "levelname": "INFO", "name": "AresGlobal.AresLauncher", "message": "✅ Cleanup completed", "correlation_id": "-", "session_id": "-", "timestamp": "2025-08-11T20:44:13.689015+00:00"}
