2025-08-07 19:53:15,890 - AresGlobal - INFO - ================================================================================
2025-08-07 19:53:15,890 - AresGlobal - INFO - 📊 SESSION SUMMARY
2025-08-07 19:53:15,890 - AresGlobal - INFO - Session started: 2025-08-07 19:53:15
2025-08-07 19:53:15,890 - AresGlobal - INFO - Global log file: ares_global_20250807_195315.log
2025-08-07 19:53:15,890 - AresGlobal - INFO - This file contains ALL logs for this session
2025-08-07 19:53:15,890 - AresGlobal - INFO - ================================================================================
2025-08-07 19:53:15,890 - AresGlobal - INFO - [SYSTEM] ================================================================================
2025-08-07 19:53:15,890 - AresGlobal - INFO - [SYSTEM] 🚀 ARES LAUNCHER STARTED - Mode: INITIALIZATION
2025-08-07 19:53:15,890 - AresGlobal - INFO - [SYSTEM] Start time: 2025-08-07 19:53:15
2025-08-07 19:53:15,890 - AresGlobal - INFO - [SYSTEM] Log directory: log
2025-08-07 19:53:15,890 - AresGlobal - INFO - [SYSTEM] ================================================================================
2025-08-07 19:53:15,890 - AresGlobal.AresLauncher - INFO - ================================================================================
2025-08-07 19:53:15,890 - AresGlobal.AresLauncher - INFO - 🚀 ARES COMPREHENSIVE LAUNCHER
2025-08-07 19:53:15,890 - AresGlobal.AresLauncher - INFO - ================================================================================
2025-08-07 19:53:15,890 - AresGlobal.AresLauncher - INFO - Start time: 2025-08-07 19:53:15
2025-08-07 19:53:15,890 - AresGlobal.AresLauncher - INFO - Log directory: log
2025-08-07 19:53:15,891 - AresGlobal.AresLauncher - INFO - Log level: INFO
2025-08-07 19:53:15,891 - AresGlobal.AresLauncher - INFO - Global log file: ares_global_20250807_195315.log
2025-08-07 19:53:15,891 - AresGlobal.AresLauncher - INFO - ================================================================================
2025-08-07 19:53:15,891 - AresGlobal - INFO - [SYSTEM] ================================================================================
2025-08-07 19:53:15,891 - AresGlobal - INFO - [SYSTEM] 🚀 ARES LAUNCHER STARTED - Mode: load - Symbol: ETHUSDT - Exchange: BINANCE
2025-08-07 19:53:15,891 - AresGlobal - INFO - [SYSTEM] Start time: 2025-08-07 19:53:15
2025-08-07 19:53:15,891 - AresGlobal - INFO - [SYSTEM] Log directory: log
2025-08-07 19:53:15,891 - AresGlobal - INFO - [SYSTEM] ================================================================================
2025-08-07 19:53:15,891 - AresGlobal.AresLauncher - INFO - 🔄 Starting data loading for ETHUSDT on BINANCE
2025-08-07 19:53:15,891 - AresGlobal.AresLauncher - INFO - 📥 Step 1: Downloading data...
2025-08-07 19:53:15,891 - AresGlobal.AresLauncher - INFO - 🔧 Running download command: /opt/homebrew/Caskroom/miniforge/base/bin/python backtesting/ares_data_downloader_optimized.py --symbol ETHUSDT --exchange BINANCE --lookback-years 2
2025-08-07 19:53:50,601 - AresGlobal.AresLauncher - INFO - ✅ Data download completed successfully
2025-08-07 19:53:50,601 - AresGlobal.AresLauncher - INFO - 🔄 Step 2: Consolidating data...
2025-08-07 19:53:50,601 - AresGlobal.AresLauncher - INFO - 🔧 Running consolidation command: /opt/homebrew/Caskroom/miniforge/base/bin/python src/training/steps/step1_data_collection.py ETHUSDT BINANCE 1000 data_cache 730
2025-08-07 19:53:50,942 - AresGlobal.AresLauncher - ERROR - ❌ Consolidation failed: Traceback (most recent call last):
  File "/Users/remyroche/Documents/Ares/src/training/steps/step1_data_collection.py", line 18, in <module>
    from src.config import CONFIG
ModuleNotFoundError: No module named 'src'

2025-08-07 19:53:50,943 - AresGlobal - INFO - [SYSTEM] ================================================================================
2025-08-07 19:53:50,943 - AresGlobal - INFO - [SYSTEM] 🛑 ARES LAUNCHER ENDED - Exit code: 1
2025-08-07 19:53:50,943 - AresGlobal - INFO - [SYSTEM] End time: 2025-08-07 19:53:50
2025-08-07 19:53:50,943 - AresGlobal - INFO - [SYSTEM] ================================================================================
2025-08-07 19:53:50,943 - AresGlobal.AresLauncher - INFO - 🧹 Cleaning up processes...
2025-08-07 19:53:50,943 - AresGlobal.AresLauncher - INFO - ✅ Cleanup completed
