2025-08-04 21:48:09,241 - AresGlobal - INFO - ================================================================================
2025-08-04 21:48:09,242 - AresGlobal - INFO - 📊 SESSION SUMMARY
2025-08-04 21:48:09,242 - AresGlobal - INFO - Session started: 2025-08-04 21:48:09
2025-08-04 21:48:09,242 - AresGlobal - INFO - Global log file: ares_global_20250804_214809.log
2025-08-04 21:48:09,242 - AresGlobal - INFO - This file contains ALL logs for this session
2025-08-04 21:48:09,242 - AresGlobal - INFO - ================================================================================
2025-08-04 21:48:09,242 - AresGlobal - INFO - [SYSTEM] ================================================================================
2025-08-04 21:48:09,243 - AresGlobal - INFO - [SYSTEM] 🚀 ARES LAUNCHER STARTED - Mode: INITIALIZATION
2025-08-04 21:48:09,243 - AresGlobal - INFO - [SYSTEM] Start time: 2025-08-04 21:48:09
2025-08-04 21:48:09,243 - AresGlobal - INFO - [SYSTEM] Log directory: log
2025-08-04 21:48:09,243 - AresGlobal - INFO - [SYSTEM] ================================================================================
2025-08-04 21:48:09,243 - AresGlobal.AresLauncher - INFO - ================================================================================
2025-08-04 21:48:09,244 - AresGlobal.AresLauncher - INFO - 🚀 ARES COMPREHENSIVE LAUNCHER
2025-08-04 21:48:09,244 - AresGlobal.AresLauncher - INFO - ================================================================================
2025-08-04 21:48:09,244 - AresGlobal.AresLauncher - INFO - Start time: 2025-08-04 21:48:09
2025-08-04 21:48:09,244 - AresGlobal.AresLauncher - INFO - Log directory: log
2025-08-04 21:48:09,244 - AresGlobal.AresLauncher - INFO - Log level: INFO
2025-08-04 21:48:09,244 - AresGlobal.AresLauncher - INFO - Global log file: ares_global_20250804_214809.log
2025-08-04 21:48:09,244 - AresGlobal.AresLauncher - INFO - ================================================================================
2025-08-04 21:48:09,245 - AresGlobal - INFO - [SYSTEM] ================================================================================
2025-08-04 21:48:09,245 - AresGlobal - INFO - [SYSTEM] 🚀 ARES LAUNCHER STARTED - Mode: load - Symbol: ETHUSDT - Exchange: BINANCE
2025-08-04 21:48:09,245 - AresGlobal - INFO - [SYSTEM] Start time: 2025-08-04 21:48:09
2025-08-04 21:48:09,245 - AresGlobal - INFO - [SYSTEM] Log directory: log
2025-08-04 21:48:09,245 - AresGlobal - INFO - [SYSTEM] ================================================================================
2025-08-04 21:48:09,245 - AresGlobal.AresLauncher - INFO - 🔄 Starting data loading for ETHUSDT on BINANCE
2025-08-04 21:48:09,245 - AresGlobal.AresLauncher - INFO - 📥 Step 1: Downloading data...
2025-08-04 21:48:09,245 - AresGlobal.AresLauncher - INFO - 🔧 Running download command: /opt/homebrew/Caskroom/miniforge/base/bin/python backtesting/ares_data_downloader_optimized.py ETHUSDT BINANCE 730
2025-08-04 21:48:11,544 - AresGlobal.AresLauncher - ERROR - ❌ Download failed: usage: ares_data_downloader_optimized.py [-h] --symbol SYMBOL --exchange
                                         EXCHANGE [--interval INTERVAL]
                                         [--lookback-years LOOKBACK_YEARS]
                                         [--max-concurrent MAX_CONCURRENT]
ares_data_downloader_optimized.py: error: the following arguments are required: --symbol, --exchange

2025-08-04 21:48:11,544 - AresGlobal - INFO - [SYSTEM] ================================================================================
2025-08-04 21:48:11,545 - AresGlobal - INFO - [SYSTEM] 🛑 ARES LAUNCHER ENDED - Exit code: 1
2025-08-04 21:48:11,545 - AresGlobal - INFO - [SYSTEM] End time: 2025-08-04 21:48:11
2025-08-04 21:48:11,545 - AresGlobal - INFO - [SYSTEM] ================================================================================
2025-08-04 21:48:11,545 - AresGlobal.AresLauncher - INFO - 🧹 Cleaning up processes...
2025-08-04 21:48:11,546 - AresGlobal.AresLauncher - INFO - ✅ Cleanup completed
