{"asctime": "2025-08-14 00:02:25,439", "levelname": "INFO", "name": "AresGlobal", "message": "================================================================================", "correlation_id": "-", "session_id": "-", "timestamp": "2025-08-13T22:02:25.439802+00:00"}
{"asctime": "2025-08-14 00:02:25,439", "levelname": "INFO", "name": "AresGlobal", "message": "📊 SESSION SUMMARY", "correlation_id": "-", "session_id": "-", "timestamp": "2025-08-13T22:02:25.439977+00:00"}
{"asctime": "2025-08-14 00:02:25,440", "levelname": "INFO", "name": "AresGlobal", "message": "Session started: 2025-08-14 00:02:25", "correlation_id": "-", "session_id": "-", "timestamp": "2025-08-13T22:02:25.440079+00:00"}
{"asctime": "2025-08-14 00:02:25,440", "levelname": "INFO", "name": "AresGlobal", "message": "This file contains ALL logs for this session", "correlation_id": "-", "session_id": "-", "timestamp": "2025-08-13T22:02:25.440173+00:00"}
{"asctime": "2025-08-14 00:02:25,440", "levelname": "INFO", "name": "AresGlobal", "message": "================================================================================", "correlation_id": "-", "session_id": "-", "timestamp": "2025-08-13T22:02:25.440261+00:00"}
{"asctime": "2025-08-14 00:02:25,440", "levelname": "INFO", "name": "AresSystem", "message": "================================================================================", "correlation_id": "-", "session_id": "-", "timestamp": "2025-08-13T22:02:25.440376+00:00"}
{"asctime": "2025-08-14 00:02:25,440", "levelname": "INFO", "name": "AresGlobal", "message": "[SYSTEM] ================================================================================", "correlation_id": "-", "session_id": "-", "timestamp": "2025-08-13T22:02:25.440545+00:00"}
{"asctime": "2025-08-14 00:02:25,440", "levelname": "INFO", "name": "AresSystem", "message": "🚀 ARES LAUNCHER STARTED - Mode: INITIALIZATION", "correlation_id": "-", "session_id": "-", "timestamp": "2025-08-13T22:02:25.440674+00:00"}
{"asctime": "2025-08-14 00:02:25,440", "levelname": "INFO", "name": "AresGlobal", "message": "[SYSTEM] 🚀 ARES LAUNCHER STARTED - Mode: INITIALIZATION", "correlation_id": "-", "session_id": "-", "timestamp": "2025-08-13T22:02:25.440785+00:00"}
{"asctime": "2025-08-14 00:02:25,440", "levelname": "INFO", "name": "AresSystem", "message": "Start time: 2025-08-14 00:02:25", "correlation_id": "-", "session_id": "-", "timestamp": "2025-08-13T22:02:25.440955+00:00"}
{"asctime": "2025-08-14 00:02:25,441", "levelname": "INFO", "name": "AresGlobal", "message": "[SYSTEM] Start time: 2025-08-14 00:02:25", "correlation_id": "-", "session_id": "-", "timestamp": "2025-08-13T22:02:25.441097+00:00"}
{"asctime": "2025-08-14 00:02:25,441", "levelname": "INFO", "name": "AresSystem", "message": "Log directory: log", "correlation_id": "-", "session_id": "-", "timestamp": "2025-08-13T22:02:25.441196+00:00"}
{"asctime": "2025-08-14 00:02:25,441", "levelname": "INFO", "name": "AresGlobal", "message": "[SYSTEM] Log directory: log", "correlation_id": "-", "session_id": "-", "timestamp": "2025-08-13T22:02:25.441335+00:00"}
{"asctime": "2025-08-14 00:02:25,441", "levelname": "INFO", "name": "AresSystem", "message": "================================================================================", "correlation_id": "-", "session_id": "-", "timestamp": "2025-08-13T22:02:25.441459+00:00"}
{"asctime": "2025-08-14 00:02:25,441", "levelname": "INFO", "name": "AresGlobal", "message": "[SYSTEM] ================================================================================", "correlation_id": "-", "session_id": "-", "timestamp": "2025-08-13T22:02:25.441557+00:00"}
{"asctime": "2025-08-14 00:02:25,441", "levelname": "INFO", "name": "AresGlobal.AresLauncher", "message": "================================================================================", "correlation_id": "-", "session_id": "-", "timestamp": "2025-08-13T22:02:25.441653+00:00"}
{"asctime": "2025-08-14 00:02:25,441", "levelname": "INFO", "name": "AresGlobal.AresLauncher", "message": "🚀 ARES COMPREHENSIVE LAUNCHER", "correlation_id": "-", "session_id": "-", "timestamp": "2025-08-13T22:02:25.441772+00:00"}
{"asctime": "2025-08-14 00:02:25,441", "levelname": "INFO", "name": "AresGlobal.AresLauncher", "message": "================================================================================", "correlation_id": "-", "session_id": "-", "timestamp": "2025-08-13T22:02:25.441960+00:00"}
{"asctime": "2025-08-14 00:02:25,442", "levelname": "INFO", "name": "AresGlobal.AresLauncher", "message": "Start time: 2025-08-14 00:02:25", "correlation_id": "-", "session_id": "-", "timestamp": "2025-08-13T22:02:25.442082+00:00"}
{"asctime": "2025-08-14 00:02:25,442", "levelname": "INFO", "name": "AresGlobal.AresLauncher", "message": "Log directory: log", "correlation_id": "-", "session_id": "-", "timestamp": "2025-08-13T22:02:25.442170+00:00"}
{"asctime": "2025-08-14 00:02:25,442", "levelname": "INFO", "name": "AresGlobal.AresLauncher", "message": "Log level: INFO", "correlation_id": "-", "session_id": "-", "timestamp": "2025-08-13T22:02:25.442300+00:00"}
{"asctime": "2025-08-14 00:02:25,442", "levelname": "INFO", "name": "AresGlobal.AresLauncher", "message": "Global log file: ares_global_20250814_000225.log", "correlation_id": "-", "session_id": "-", "timestamp": "2025-08-13T22:02:25.442413+00:00"}
{"asctime": "2025-08-14 00:02:25,442", "levelname": "INFO", "name": "AresGlobal.AresLauncher", "message": "Full run log: log/ares_full_20250814_000225.log", "correlation_id": "-", "session_id": "-", "timestamp": "2025-08-13T22:02:25.442524+00:00"}
{"asctime": "2025-08-14 00:02:25,442", "levelname": "INFO", "name": "AresGlobal.AresLauncher", "message": "================================================================================", "correlation_id": "-", "session_id": "-", "timestamp": "2025-08-13T22:02:25.442608+00:00"}
{"asctime": "2025-08-14 00:02:25,442", "levelname": "INFO", "name": "AresTradingSystem.System.SignalHandler", "message": "Shutdown callback registered", "correlation_id": "-", "session_id": "-", "timestamp": "2025-08-13T22:02:25.442705+00:00"}
{"asctime": "2025-08-14 00:02:25,442", "levelname": "INFO", "name": "AresSystem", "message": "================================================================================", "correlation_id": "-", "session_id": "-", "timestamp": "2025-08-13T22:02:25.442829+00:00"}
{"asctime": "2025-08-14 00:02:25,442", "levelname": "INFO", "name": "AresGlobal", "message": "[SYSTEM] ================================================================================", "correlation_id": "-", "session_id": "-", "timestamp": "2025-08-13T22:02:25.442929+00:00"}
{"asctime": "2025-08-14 00:02:25,443", "levelname": "INFO", "name": "AresSystem", "message": "🚀 ARES LAUNCHER STARTED - Mode: full - Symbol: ETHUSDT - Exchange: BINANCE", "correlation_id": "-", "session_id": "-", "timestamp": "2025-08-13T22:02:25.443110+00:00"}
{"asctime": "2025-08-14 00:02:25,443", "levelname": "INFO", "name": "AresGlobal", "message": "[SYSTEM] 🚀 ARES LAUNCHER STARTED - Mode: full - Symbol: ETHUSDT - Exchange: BINANCE", "correlation_id": "-", "session_id": "-", "timestamp": "2025-08-13T22:02:25.443240+00:00"}
{"asctime": "2025-08-14 00:02:25,443", "levelname": "INFO", "name": "AresSystem", "message": "Start time: 2025-08-14 00:02:25", "correlation_id": "-", "session_id": "-", "timestamp": "2025-08-13T22:02:25.443343+00:00"}
{"asctime": "2025-08-14 00:02:25,443", "levelname": "INFO", "name": "AresGlobal", "message": "[SYSTEM] Start time: 2025-08-14 00:02:25", "correlation_id": "-", "session_id": "-", "timestamp": "2025-08-13T22:02:25.443430+00:00"}
{"asctime": "2025-08-14 00:02:25,443", "levelname": "INFO", "name": "AresSystem", "message": "Log directory: log", "correlation_id": "-", "session_id": "-", "timestamp": "2025-08-13T22:02:25.443514+00:00"}
{"asctime": "2025-08-14 00:02:25,443", "levelname": "INFO", "name": "AresGlobal", "message": "[SYSTEM] Log directory: log", "correlation_id": "-", "session_id": "-", "timestamp": "2025-08-13T22:02:25.443595+00:00"}
{"asctime": "2025-08-14 00:02:25,443", "levelname": "INFO", "name": "AresSystem", "message": "================================================================================", "correlation_id": "-", "session_id": "-", "timestamp": "2025-08-13T22:02:25.443676+00:00"}
{"asctime": "2025-08-14 00:02:25,443", "levelname": "INFO", "name": "AresGlobal", "message": "[SYSTEM] ================================================================================", "correlation_id": "-", "session_id": "-", "timestamp": "2025-08-13T22:02:25.443767+00:00"}
{"asctime": "2025-08-14 00:02:25,443", "levelname": "INFO", "name": "AresGlobal.AresLauncher", "message": "🚀 Running step-based full training for ETHUSDT on BINANCE", "correlation_id": "-", "session_id": "-", "timestamp": "2025-08-13T22:02:25.443874+00:00"}
{"asctime": "2025-08-14 00:02:25,443", "levelname": "INFO", "name": "AresGlobal.AresLauncher", "message": "📊 Using full parameters (730 days lookback, full training parameters)", "correlation_id": "-", "session_id": "-", "timestamp": "2025-08-13T22:02:25.443963+00:00"}
{"asctime": "2025-08-14 00:02:25,444", "levelname": "INFO", "name": "AresGlobal.AresLauncher", "message": "Starting from step: step2_processing_labeling_feature_engineering", "correlation_id": "-", "session_id": "-", "timestamp": "2025-08-13T22:02:25.444082+00:00"}
{"asctime": "2025-08-14 00:02:25,445", "levelname": "INFO", "name": "AresGlobal.AresLauncher", "message": "📊 FULL TRAINING MODE: Set FULL_TRAINING_MODE=1 for step-based training", "correlation_id": "-", "session_id": "-", "timestamp": "2025-08-13T22:02:25.445362+00:00"}
{"asctime": "2025-08-14 00:02:25,445", "levelname": "INFO", "name": "AresGlobal.ProgressManager", "message": "Initialized ProgressManager for ETHUSDT on BINANCE", "correlation_id": "-", "session_id": "-", "timestamp": "2025-08-13T22:02:25.445535+00:00"}
{"asctime": "2025-08-14 00:02:25,445", "levelname": "INFO", "name": "AresGlobal.ProgressManager", "message": "Progress directory: data/training/progress/BINANCE_ETHUSDT", "correlation_id": "-", "session_id": "-", "timestamp": "2025-08-13T22:02:25.445631+00:00"}
{"asctime": "2025-08-14 00:02:25,445", "levelname": "INFO", "name": "AresGlobal.StepOrchestrator", "message": "Initialized StepOrchestrator for ETHUSDT on BINANCE", "correlation_id": "-", "session_id": "-", "timestamp": "2025-08-13T22:02:25.445718+00:00"}
{"asctime": "2025-08-14 00:02:25,445", "levelname": "INFO", "name": "AresGlobal.ProgressManager", "message": "🗑️  Cleared progress for step2_processing_labeling_feature_engineering", "correlation_id": "-", "session_id": "-", "timestamp": "2025-08-13T22:02:25.445821+00:00"}
{"asctime": "2025-08-14 00:02:25,445", "levelname": "INFO", "name": "AresGlobal.ProgressManager", "message": "🗑️  Cleared progress for step3_feature_engineering", "correlation_id": "-", "session_id": "-", "timestamp": "2025-08-13T22:02:25.445923+00:00"}
{"asctime": "2025-08-14 00:02:25,446", "levelname": "INFO", "name": "AresGlobal.ProgressManager", "message": "🗑️  Cleared progress for step4_regime_data_splitting", "correlation_id": "-", "session_id": "-", "timestamp": "2025-08-13T22:02:25.446032+00:00"}
{"asctime": "2025-08-14 00:02:25,446", "levelname": "INFO", "name": "AresGlobal.ProgressManager", "message": "🗑️  Cleared progress for step5_analyst_specialist_training", "correlation_id": "-", "session_id": "-", "timestamp": "2025-08-13T22:02:25.446128+00:00"}
{"asctime": "2025-08-14 00:02:25,446", "levelname": "INFO", "name": "AresGlobal.ProgressManager", "message": "🗑️  Cleared progress for step6_analyst_enhancement", "correlation_id": "-", "session_id": "-", "timestamp": "2025-08-13T22:02:25.446223+00:00"}
{"asctime": "2025-08-14 00:02:25,446", "levelname": "INFO", "name": "AresGlobal.ProgressManager", "message": "🗑️  Cleared progress for step7_analyst_ensemble_creation", "correlation_id": "-", "session_id": "-", "timestamp": "2025-08-13T22:02:25.446333+00:00"}
{"asctime": "2025-08-14 00:02:25,446", "levelname": "INFO", "name": "AresGlobal.ProgressManager", "message": "🗑️  Cleared progress for step8_tactician_labeling", "correlation_id": "-", "session_id": "-", "timestamp": "2025-08-13T22:02:25.446436+00:00"}
{"asctime": "2025-08-14 00:02:25,446", "levelname": "INFO", "name": "AresGlobal.ProgressManager", "message": "🗑️  Cleared progress for step9_tactician_specialist_training", "correlation_id": "-", "session_id": "-", "timestamp": "2025-08-13T22:02:25.446539+00:00"}
{"asctime": "2025-08-14 00:02:25,446", "levelname": "INFO", "name": "AresGlobal.ProgressManager", "message": "🗑️  Cleared progress for step10_tactician_ensemble_creation", "correlation_id": "-", "session_id": "-", "timestamp": "2025-08-13T22:02:25.446635+00:00"}
{"asctime": "2025-08-14 00:02:25,446", "levelname": "INFO", "name": "AresGlobal.ProgressManager", "message": "🗑️  Cleared progress for step11_confidence_calibration", "correlation_id": "-", "session_id": "-", "timestamp": "2025-08-13T22:02:25.446734+00:00"}
{"asctime": "2025-08-14 00:02:25,446", "levelname": "INFO", "name": "AresGlobal.ProgressManager", "message": "🗑️  Cleared progress for step12_final_parameters_optimization", "correlation_id": "-", "session_id": "-", "timestamp": "2025-08-13T22:02:25.446828+00:00"}
{"asctime": "2025-08-14 00:02:25,446", "levelname": "INFO", "name": "AresGlobal.ProgressManager", "message": "🗑️  Cleared progress for step13_walk_forward_validation", "correlation_id": "-", "session_id": "-", "timestamp": "2025-08-13T22:02:25.446923+00:00"}
{"asctime": "2025-08-14 00:02:25,447", "levelname": "INFO", "name": "AresGlobal.ProgressManager", "message": "🗑️  Cleared progress for step14_monte_carlo_validation", "correlation_id": "-", "session_id": "-", "timestamp": "2025-08-13T22:02:25.447018+00:00"}
{"asctime": "2025-08-14 00:02:25,447", "levelname": "INFO", "name": "AresGlobal.ProgressManager", "message": "🗑️  Cleared progress for step15_ab_testing", "correlation_id": "-", "session_id": "-", "timestamp": "2025-08-13T22:02:25.447112+00:00"}
{"asctime": "2025-08-14 00:02:25,447", "levelname": "INFO", "name": "AresGlobal.ProgressManager", "message": "🗑️  Cleared progress for step16_saving", "correlation_id": "-", "session_id": "-", "timestamp": "2025-08-13T22:02:25.447206+00:00"}
{"asctime": "2025-08-14 00:02:25,447", "levelname": "INFO", "name": "AresGlobal.AresLauncher", "message": "🧹 Cleared progress for steps from 'step2_processing_labeling_feature_engineering' to the end of the pipeline", "correlation_id": "-", "session_id": "-", "timestamp": "2025-08-13T22:02:25.447293+00:00"}
{"asctime": "2025-08-14 00:02:25,447", "levelname": "INFO", "name": "AresGlobal.AresLauncher", "message": "📁 Using pre-consolidated data for step2", "correlation_id": "-", "session_id": "-", "timestamp": "2025-08-13T22:02:25.447398+00:00"}
{"asctime": "2025-08-14 00:02:25,447", "levelname": "INFO", "name": "AresGlobal.AresLauncher", "message": "✅ Found consolidated data: data_cache/aggtrades_BINANCE_ETHUSDT_consolidated.parquet", "correlation_id": "-", "session_id": "-", "timestamp": "2025-08-13T22:02:25.447493+00:00"}
{"asctime": "2025-08-14 00:02:25,447", "levelname": "DEBUG", "name": "asyncio", "message": "Using selector: KqueueSelector", "correlation_id": "-", "session_id": "-", "timestamp": "2025-08-13T22:02:25.447633+00:00"}
{"asctime": "2025-08-14 00:02:25,447", "levelname": "INFO", "name": "AresGlobal.StepOrchestrator", "message": "🚀 Starting execution from step: step2_processing_labeling_feature_engineering", "correlation_id": "-", "session_id": "-", "timestamp": "2025-08-13T22:02:25.447866+00:00"}
{"asctime": "2025-08-14 00:02:25,487", "levelname": "ERROR", "name": "AresGlobal.StepOrchestrator", "message": "Failed to setup enhanced training manager: invalid decimal literal (validator_orchestrator.py, line 267)", "correlation_id": "-", "session_id": "-", "exc_info": "Traceback (most recent call last):\n  File \"/Users/remyroche/Documents/Ares/src/training/step_orchestrator.py\", line 75, in _setup_enhanced_training_manager\n    from src.training.enhanced_training_manager import (\n  File \"/Users/remyroche/Documents/Ares/src/training/enhanced_training_manager.py\", line 36, in <module>\n    from src.utils.validator_orchestrator import validator_orchestrator\n  File \"/Users/remyroche/Documents/Ares/src/utils/validator_orchestrator.py\", line 267\n    >>>>>>> 1874a24 (Remove obsolete steps 7 and 10 from training pipeline)\n               ^\nSyntaxError: invalid decimal literal", "timestamp": "2025-08-13T22:02:25.487741+00:00"}
{"asctime": "2025-08-14 00:02:25,488", "levelname": "INFO", "name": "AresGlobal.StepOrchestrator", "message": "\u001b[91m\u001b[1m❌\u001b[0m \u001b[91m\u001b[1mFailed to setup enhanced training manager: invalid decimal literal (validator_orchestrator.py, line 267)\u001b[0m", "correlation_id": "-", "session_id": "-", "timestamp": "2025-08-13T22:02:25.488764+00:00"}
{"asctime": "2025-08-14 00:02:25,489", "levelname": "ERROR", "name": "AresGlobal.AresLauncher", "message": "❌ Step-based training pipeline failed", "correlation_id": "-", "session_id": "-", "timestamp": "2025-08-13T22:02:25.489174+00:00"}
{"asctime": "2025-08-14 00:02:25,489", "levelname": "INFO", "name": "AresSystem", "message": "================================================================================", "correlation_id": "-", "session_id": "-", "timestamp": "2025-08-13T22:02:25.489294+00:00"}
{"asctime": "2025-08-14 00:02:25,489", "levelname": "INFO", "name": "AresGlobal", "message": "[SYSTEM] ================================================================================", "correlation_id": "-", "session_id": "-", "timestamp": "2025-08-13T22:02:25.489392+00:00"}
{"asctime": "2025-08-14 00:02:25,489", "levelname": "INFO", "name": "AresSystem", "message": "🛑 ARES LAUNCHER ENDED - Exit code: 1", "correlation_id": "-", "session_id": "-", "timestamp": "2025-08-13T22:02:25.489478+00:00"}
{"asctime": "2025-08-14 00:02:25,489", "levelname": "INFO", "name": "AresGlobal", "message": "[SYSTEM] 🛑 ARES LAUNCHER ENDED - Exit code: 1", "correlation_id": "-", "session_id": "-", "timestamp": "2025-08-13T22:02:25.489566+00:00"}
{"asctime": "2025-08-14 00:02:25,489", "levelname": "INFO", "name": "AresSystem", "message": "End time: 2025-08-14 00:02:25", "correlation_id": "-", "session_id": "-", "timestamp": "2025-08-13T22:02:25.489661+00:00"}
{"asctime": "2025-08-14 00:02:25,489", "levelname": "INFO", "name": "AresGlobal", "message": "[SYSTEM] End time: 2025-08-14 00:02:25", "correlation_id": "-", "session_id": "-", "timestamp": "2025-08-13T22:02:25.489747+00:00"}
{"asctime": "2025-08-14 00:02:25,489", "levelname": "INFO", "name": "AresSystem", "message": "================================================================================", "correlation_id": "-", "session_id": "-", "timestamp": "2025-08-13T22:02:25.489846+00:00"}
{"asctime": "2025-08-14 00:02:25,490", "levelname": "INFO", "name": "AresGlobal", "message": "[SYSTEM] ================================================================================", "correlation_id": "-", "session_id": "-", "timestamp": "2025-08-13T22:02:25.490072+00:00"}
{"asctime": "2025-08-14 00:02:25,490", "levelname": "INFO", "name": "AresGlobal.AresLauncher", "message": "🧹 Cleaning up processes...", "correlation_id": "-", "session_id": "-", "timestamp": "2025-08-13T22:02:25.490268+00:00"}
{"asctime": "2025-08-14 00:02:25,490", "levelname": "INFO", "name": "AresGlobal.AresLauncher", "message": "✅ Cleanup completed", "correlation_id": "-", "session_id": "-", "timestamp": "2025-08-13T22:02:25.490365+00:00"}
