{"asctime": "2025-08-10 11:07:32,598", "levelname": "INFO", "name": "AresTradingSystem", "message": "✅ Enhanced Logger initialization completed successfully", "correlation_id": "-", "session_id": "-", "timestamp": "2025-08-10T09:07:32.598363+00:00"}
{"asctime": "2025-08-10 11:07:32,609", "levelname": "INFO", "name": "AresTradingSystem.System", "message": "Environment configuration loaded successfully. Trading Environment: PAPER, Exchange: BINANCE", "correlation_id": "-", "session_id": "-", "timestamp": "2025-08-10T09:07:32.609299+00:00"}
{"asctime": "2025-08-10 11:07:32,611", "levelname": "INFO", "name": "AresTradingSystem.System.OptimizedDataDownloader", "message": "🚀 CLEAN DATA DOWNLOAD PROCESS STARTED", "correlation_id": "-", "session_id": "-", "timestamp": "2025-08-10T09:07:32.611286+00:00"}
{"asctime": "2025-08-10 11:07:32,611", "levelname": "INFO", "name": "AresTradingSystem.System.OptimizedDataDownloader", "message": "🔧 STEP 1: Initializing...", "correlation_id": "-", "session_id": "-", "timestamp": "2025-08-10T09:07:32.611414+00:00"}
{"asctime": "2025-08-10 11:07:32,611", "levelname": "INFO", "name": "AresTradingSystem.System.OptimizedDataDownloader", "message": "🔧 STEP 1: Initializing clean downloader with CCXT...", "correlation_id": "-", "session_id": "-", "timestamp": "2025-08-10T09:07:32.611484+00:00"}
{"asctime": "2025-08-10 11:07:32,617", "levelname": "INFO", "name": "AresTradingSystem.System.OptimizedDataDownloader", "message": "✅ CCXT exchange created for BINANCE", "correlation_id": "-", "session_id": "-", "timestamp": "2025-08-10T09:07:32.617777+00:00"}
{"asctime": "2025-08-10 11:07:32,619", "levelname": "INFO", "name": "AresTradingSystem.System.OptimizedDataDownloader", "message": "🔄 STEP 4: Starting parallel downloads for all data types...", "correlation_id": "-", "session_id": "-", "timestamp": "2025-08-10T09:07:32.619383+00:00"}
{"asctime": "2025-08-10 11:07:32,619", "levelname": "INFO", "name": "AresTradingSystem.System.OptimizedDataDownloader", "message": "📋 Created 3 parallel download tasks", "correlation_id": "-", "session_id": "-", "timestamp": "2025-08-10T09:07:32.619460+00:00"}
{"asctime": "2025-08-10 11:07:32,619", "levelname": "INFO", "name": "AresTradingSystem.System.OptimizedDataDownloader", "message": "⏳ Executing all tasks concurrently...", "correlation_id": "-", "session_id": "-", "timestamp": "2025-08-10T09:07:32.619522+00:00"}
{"asctime": "2025-08-10 11:07:32,619", "levelname": "INFO", "name": "AresTradingSystem.System.OptimizedDataDownloader", "message": "📈 STEP 3A: Starting parallel klines download...", "correlation_id": "-", "session_id": "-", "timestamp": "2025-08-10T09:07:32.619650+00:00"}
{"asctime": "2025-08-10 11:07:32,619", "levelname": "INFO", "name": "AresTradingSystem.System.OptimizedDataDownloader", "message": "📅 STEP 2: Calculating time periods for klines...", "correlation_id": "-", "session_id": "-", "timestamp": "2025-08-10T09:07:32.619715+00:00"}
{"asctime": "2025-08-10 11:07:32,619", "levelname": "INFO", "name": "AresTradingSystem.System.OptimizedDataDownloader", "message": "📊 Date range: 2023-08-11 to 2025-08-10", "correlation_id": "-", "session_id": "-", "timestamp": "2025-08-10T09:07:32.619794+00:00"}
{"asctime": "2025-08-10 11:07:32,619", "levelname": "INFO", "name": "AresTradingSystem.System.OptimizedDataDownloader", "message": "📊 Total days: 730", "correlation_id": "-", "session_id": "-", "timestamp": "2025-08-10T09:07:32.619939+00:00"}
{"asctime": "2025-08-10 11:07:32,620", "levelname": "INFO", "name": "AresTradingSystem.System.OptimizedDataDownloader", "message": "📈 Processing klines (monthly periods)...", "correlation_id": "-", "session_id": "-", "timestamp": "2025-08-10T09:07:32.620036+00:00"}
{"asctime": "2025-08-10 11:07:32,620", "levelname": "INFO", "name": "AresTradingSystem.System.OptimizedDataDownloader", "message": "📁 Skipping existing: klines_BINANCE_ETHUSDT_1m_2023-08.csv", "correlation_id": "-", "session_id": "-", "timestamp": "2025-08-10T09:07:32.620131+00:00"}
{"asctime": "2025-08-10 11:07:32,620", "levelname": "INFO", "name": "AresTradingSystem.System.OptimizedDataDownloader", "message": "📁 Skipping existing: klines_BINANCE_ETHUSDT_1m_2023-09.csv", "correlation_id": "-", "session_id": "-", "timestamp": "2025-08-10T09:07:32.620214+00:00"}
{"asctime": "2025-08-10 11:07:32,620", "levelname": "INFO", "name": "AresTradingSystem.System.OptimizedDataDownloader", "message": "📁 Skipping existing: klines_BINANCE_ETHUSDT_1m_2023-10.csv", "correlation_id": "-", "session_id": "-", "timestamp": "2025-08-10T09:07:32.620292+00:00"}
{"asctime": "2025-08-10 11:07:32,620", "levelname": "INFO", "name": "AresTradingSystem.System.OptimizedDataDownloader", "message": "📁 Skipping existing: klines_BINANCE_ETHUSDT_1m_2023-11.csv", "correlation_id": "-", "session_id": "-", "timestamp": "2025-08-10T09:07:32.620359+00:00"}
{"asctime": "2025-08-10 11:07:32,620", "levelname": "INFO", "name": "AresTradingSystem.System.OptimizedDataDownloader", "message": "📁 Skipping existing: klines_BINANCE_ETHUSDT_1m_2023-12.csv", "correlation_id": "-", "session_id": "-", "timestamp": "2025-08-10T09:07:32.620422+00:00"}
{"asctime": "2025-08-10 11:07:32,620", "levelname": "INFO", "name": "AresTradingSystem.System.OptimizedDataDownloader", "message": "📁 Skipping existing: klines_BINANCE_ETHUSDT_1m_2024-01.csv", "correlation_id": "-", "session_id": "-", "timestamp": "2025-08-10T09:07:32.620485+00:00"}
{"asctime": "2025-08-10 11:07:32,620", "levelname": "INFO", "name": "AresTradingSystem.System.OptimizedDataDownloader", "message": "📁 Skipping existing: klines_BINANCE_ETHUSDT_1m_2024-02.csv", "correlation_id": "-", "session_id": "-", "timestamp": "2025-08-10T09:07:32.620547+00:00"}
{"asctime": "2025-08-10 11:07:32,620", "levelname": "INFO", "name": "AresTradingSystem.System.OptimizedDataDownloader", "message": "📁 Skipping existing: klines_BINANCE_ETHUSDT_1m_2024-03.csv", "correlation_id": "-", "session_id": "-", "timestamp": "2025-08-10T09:07:32.620609+00:00"}
{"asctime": "2025-08-10 11:07:32,620", "levelname": "INFO", "name": "AresTradingSystem.System.OptimizedDataDownloader", "message": "📁 Skipping existing: klines_BINANCE_ETHUSDT_1m_2024-04.csv", "correlation_id": "-", "session_id": "-", "timestamp": "2025-08-10T09:07:32.620667+00:00"}
{"asctime": "2025-08-10 11:07:32,620", "levelname": "INFO", "name": "AresTradingSystem.System.OptimizedDataDownloader", "message": "📁 Skipping existing: klines_BINANCE_ETHUSDT_1m_2024-05.csv", "correlation_id": "-", "session_id": "-", "timestamp": "2025-08-10T09:07:32.620726+00:00"}
{"asctime": "2025-08-10 11:07:32,620", "levelname": "INFO", "name": "AresTradingSystem.System.OptimizedDataDownloader", "message": "📁 Skipping existing: klines_BINANCE_ETHUSDT_1m_2024-06.csv", "correlation_id": "-", "session_id": "-", "timestamp": "2025-08-10T09:07:32.620784+00:00"}
{"asctime": "2025-08-10 11:07:32,620", "levelname": "INFO", "name": "AresTradingSystem.System.OptimizedDataDownloader", "message": "📁 Skipping existing: klines_BINANCE_ETHUSDT_1m_2024-07.csv", "correlation_id": "-", "session_id": "-", "timestamp": "2025-08-10T09:07:32.620843+00:00"}
{"asctime": "2025-08-10 11:07:32,620", "levelname": "INFO", "name": "AresTradingSystem.System.OptimizedDataDownloader", "message": "📁 Skipping existing: klines_BINANCE_ETHUSDT_1m_2024-08.csv", "correlation_id": "-", "session_id": "-", "timestamp": "2025-08-10T09:07:32.620903+00:00"}
{"asctime": "2025-08-10 11:07:32,620", "levelname": "INFO", "name": "AresTradingSystem.System.OptimizedDataDownloader", "message": "📁 Skipping existing: klines_BINANCE_ETHUSDT_1m_2024-09.csv", "correlation_id": "-", "session_id": "-", "timestamp": "2025-08-10T09:07:32.620960+00:00"}
{"asctime": "2025-08-10 11:07:32,621", "levelname": "INFO", "name": "AresTradingSystem.System.OptimizedDataDownloader", "message": "📁 Skipping existing: klines_BINANCE_ETHUSDT_1m_2024-10.csv", "correlation_id": "-", "session_id": "-", "timestamp": "2025-08-10T09:07:32.621019+00:00"}
{"asctime": "2025-08-10 11:07:32,621", "levelname": "INFO", "name": "AresTradingSystem.System.OptimizedDataDownloader", "message": "📁 Skipping existing: klines_BINANCE_ETHUSDT_1m_2024-11.csv", "correlation_id": "-", "session_id": "-", "timestamp": "2025-08-10T09:07:32.621075+00:00"}
{"asctime": "2025-08-10 11:07:32,621", "levelname": "INFO", "name": "AresTradingSystem.System.OptimizedDataDownloader", "message": "📁 Skipping existing: klines_BINANCE_ETHUSDT_1m_2024-12.csv", "correlation_id": "-", "session_id": "-", "timestamp": "2025-08-10T09:07:32.621139+00:00"}
{"asctime": "2025-08-10 11:07:32,621", "levelname": "INFO", "name": "AresTradingSystem.System.OptimizedDataDownloader", "message": "📁 Skipping existing: klines_BINANCE_ETHUSDT_1m_2025-01.csv", "correlation_id": "-", "session_id": "-", "timestamp": "2025-08-10T09:07:32.621197+00:00"}
{"asctime": "2025-08-10 11:07:32,621", "levelname": "INFO", "name": "AresTradingSystem.System.OptimizedDataDownloader", "message": "📁 Skipping existing: klines_BINANCE_ETHUSDT_1m_2025-02.csv", "correlation_id": "-", "session_id": "-", "timestamp": "2025-08-10T09:07:32.621253+00:00"}
{"asctime": "2025-08-10 11:07:32,621", "levelname": "INFO", "name": "AresTradingSystem.System.OptimizedDataDownloader", "message": "📁 Skipping existing: klines_BINANCE_ETHUSDT_1m_2025-03.csv", "correlation_id": "-", "session_id": "-", "timestamp": "2025-08-10T09:07:32.621311+00:00"}
{"asctime": "2025-08-10 11:07:32,621", "levelname": "INFO", "name": "AresTradingSystem.System.OptimizedDataDownloader", "message": "📁 Skipping existing: klines_BINANCE_ETHUSDT_1m_2025-04.csv", "correlation_id": "-", "session_id": "-", "timestamp": "2025-08-10T09:07:32.621369+00:00"}
{"asctime": "2025-08-10 11:07:32,621", "levelname": "INFO", "name": "AresTradingSystem.System.OptimizedDataDownloader", "message": "📁 Skipping existing: klines_BINANCE_ETHUSDT_1m_2025-05.csv", "correlation_id": "-", "session_id": "-", "timestamp": "2025-08-10T09:07:32.621425+00:00"}
{"asctime": "2025-08-10 11:07:32,621", "levelname": "INFO", "name": "AresTradingSystem.System.OptimizedDataDownloader", "message": "📁 Skipping existing: klines_BINANCE_ETHUSDT_1m_2025-06.csv", "correlation_id": "-", "session_id": "-", "timestamp": "2025-08-10T09:07:32.621486+00:00"}
{"asctime": "2025-08-10 11:07:32,621", "levelname": "INFO", "name": "AresTradingSystem.System.OptimizedDataDownloader", "message": "📁 Skipping existing: klines_BINANCE_ETHUSDT_1m_2025-07.csv", "correlation_id": "-", "session_id": "-", "timestamp": "2025-08-10T09:07:32.621547+00:00"}
{"asctime": "2025-08-10 11:07:32,621", "levelname": "INFO", "name": "AresTradingSystem.System.OptimizedDataDownloader", "message": "📁 Skipping existing: klines_BINANCE_ETHUSDT_1m_2025-08.csv", "correlation_id": "-", "session_id": "-", "timestamp": "2025-08-10T09:07:32.621701+00:00"}
{"asctime": "2025-08-10 11:07:32,621", "levelname": "INFO", "name": "AresTradingSystem.System.OptimizedDataDownloader", "message": "📊 Summary: 0 months to download, 25 months skipped", "correlation_id": "-", "session_id": "-", "timestamp": "2025-08-10T09:07:32.621776+00:00"}
{"asctime": "2025-08-10 11:07:32,621", "levelname": "INFO", "name": "AresTradingSystem.System.OptimizedDataDownloader", "message": "📁 No klines periods to download", "correlation_id": "-", "session_id": "-", "timestamp": "2025-08-10T09:07:32.621837+00:00"}
{"asctime": "2025-08-10 11:07:32,621", "levelname": "INFO", "name": "AresTradingSystem.System.OptimizedDataDownloader", "message": "📊 STEP 3B: Starting parallel aggtrades download...", "correlation_id": "-", "session_id": "-", "timestamp": "2025-08-10T09:07:32.621910+00:00"}
{"asctime": "2025-08-10 11:07:32,621", "levelname": "INFO", "name": "AresTradingSystem.System.OptimizedDataDownloader", "message": "📅 STEP 2: Calculating time periods for aggtrades...", "correlation_id": "-", "session_id": "-", "timestamp": "2025-08-10T09:07:32.621967+00:00"}
{"asctime": "2025-08-10 11:07:36,342", "levelname": "INFO", "name": "AresTradingSystem.System.OptimizedDataDownloader", "message": "📊 Date range: 2025-08-09 to 2025-08-10", "correlation_id": "-", "session_id": "-", "timestamp": "2025-08-10T09:07:36.342730+00:00"}
{"asctime": "2025-08-10 11:07:36,342", "levelname": "INFO", "name": "AresTradingSystem.System.OptimizedDataDownloader", "message": "📊 Total days: 0", "correlation_id": "-", "session_id": "-", "timestamp": "2025-08-10T09:07:36.342955+00:00"}
{"asctime": "2025-08-10 11:07:36,343", "levelname": "INFO", "name": "AresTradingSystem.System.OptimizedDataDownloader", "message": "📊 Processing aggtrades (daily periods)...", "correlation_id": "-", "session_id": "-", "timestamp": "2025-08-10T09:07:36.343028+00:00"}
{"asctime": "2025-08-10 11:07:39,223", "levelname": "INFO", "name": "AresTradingSystem.System.OptimizedDataDownloader", "message": "📁 No aggtrades periods to download", "correlation_id": "-", "session_id": "-", "timestamp": "2025-08-10T09:07:39.223694+00:00"}
{"asctime": "2025-08-10 11:07:39,224", "levelname": "INFO", "name": "AresTradingSystem.System.OptimizedDataDownloader", "message": "📈 STEP 3C: Starting parallel futures download...", "correlation_id": "-", "session_id": "-", "timestamp": "2025-08-10T09:07:39.224006+00:00"}
{"asctime": "2025-08-10 11:07:39,224", "levelname": "INFO", "name": "AresTradingSystem.System.OptimizedDataDownloader", "message": "📅 STEP 2: Calculating time periods for futures...", "correlation_id": "-", "session_id": "-", "timestamp": "2025-08-10T09:07:39.224079+00:00"}
{"asctime": "2025-08-10 11:07:39,224", "levelname": "INFO", "name": "AresTradingSystem.System.OptimizedDataDownloader", "message": "📊 Date range: 2023-08-11 to 2025-08-10", "correlation_id": "-", "session_id": "-", "timestamp": "2025-08-10T09:07:39.224154+00:00"}
{"asctime": "2025-08-10 11:07:39,224", "levelname": "INFO", "name": "AresTradingSystem.System.OptimizedDataDownloader", "message": "📊 Total days: 730", "correlation_id": "-", "session_id": "-", "timestamp": "2025-08-10T09:07:39.224292+00:00"}
{"asctime": "2025-08-10 11:07:39,224", "levelname": "INFO", "name": "AresTradingSystem.System.OptimizedDataDownloader", "message": "📈 Processing futures (monthly periods)...", "correlation_id": "-", "session_id": "-", "timestamp": "2025-08-10T09:07:39.224354+00:00"}
{"asctime": "2025-08-10 11:07:39,224", "levelname": "INFO", "name": "AresTradingSystem.System.OptimizedDataDownloader", "message": "📥 Will download: futures_BINANCE_ETHUSDT_2023-08.csv", "correlation_id": "-", "session_id": "-", "timestamp": "2025-08-10T09:07:39.224455+00:00"}
{"asctime": "2025-08-10 11:07:39,224", "levelname": "INFO", "name": "AresTradingSystem.System.OptimizedDataDownloader", "message": "📥 Will download: futures_BINANCE_ETHUSDT_2023-09.csv", "correlation_id": "-", "session_id": "-", "timestamp": "2025-08-10T09:07:39.224531+00:00"}
{"asctime": "2025-08-10 11:07:39,224", "levelname": "INFO", "name": "AresTradingSystem.System.OptimizedDataDownloader", "message": "📥 Will download: futures_BINANCE_ETHUSDT_2023-10.csv", "correlation_id": "-", "session_id": "-", "timestamp": "2025-08-10T09:07:39.224608+00:00"}
{"asctime": "2025-08-10 11:07:39,224", "levelname": "INFO", "name": "AresTradingSystem.System.OptimizedDataDownloader", "message": "📥 Will download: futures_BINANCE_ETHUSDT_2023-11.csv", "correlation_id": "-", "session_id": "-", "timestamp": "2025-08-10T09:07:39.224673+00:00"}
{"asctime": "2025-08-10 11:07:39,224", "levelname": "INFO", "name": "AresTradingSystem.System.OptimizedDataDownloader", "message": "📥 Will download: futures_BINANCE_ETHUSDT_2023-12.csv", "correlation_id": "-", "session_id": "-", "timestamp": "2025-08-10T09:07:39.224836+00:00"}
{"asctime": "2025-08-10 11:07:39,224", "levelname": "INFO", "name": "AresTradingSystem.System.OptimizedDataDownloader", "message": "📥 Will download: futures_BINANCE_ETHUSDT_2024-01.csv", "correlation_id": "-", "session_id": "-", "timestamp": "2025-08-10T09:07:39.224939+00:00"}
{"asctime": "2025-08-10 11:07:39,225", "levelname": "INFO", "name": "AresTradingSystem.System.OptimizedDataDownloader", "message": "📥 Will download: futures_BINANCE_ETHUSDT_2024-02.csv", "correlation_id": "-", "session_id": "-", "timestamp": "2025-08-10T09:07:39.225023+00:00"}
{"asctime": "2025-08-10 11:07:39,225", "levelname": "INFO", "name": "AresTradingSystem.System.OptimizedDataDownloader", "message": "📥 Will download: futures_BINANCE_ETHUSDT_2024-03.csv", "correlation_id": "-", "session_id": "-", "timestamp": "2025-08-10T09:07:39.225094+00:00"}
{"asctime": "2025-08-10 11:07:39,225", "levelname": "INFO", "name": "AresTradingSystem.System.OptimizedDataDownloader", "message": "📥 Will download: futures_BINANCE_ETHUSDT_2024-04.csv", "correlation_id": "-", "session_id": "-", "timestamp": "2025-08-10T09:07:39.225181+00:00"}
{"asctime": "2025-08-10 11:07:39,225", "levelname": "INFO", "name": "AresTradingSystem.System.OptimizedDataDownloader", "message": "📥 Will download: futures_BINANCE_ETHUSDT_2024-05.csv", "correlation_id": "-", "session_id": "-", "timestamp": "2025-08-10T09:07:39.225248+00:00"}
{"asctime": "2025-08-10 11:07:39,225", "levelname": "INFO", "name": "AresTradingSystem.System.OptimizedDataDownloader", "message": "📥 Will download: futures_BINANCE_ETHUSDT_2024-06.csv", "correlation_id": "-", "session_id": "-", "timestamp": "2025-08-10T09:07:39.225315+00:00"}
{"asctime": "2025-08-10 11:07:39,225", "levelname": "INFO", "name": "AresTradingSystem.System.OptimizedDataDownloader", "message": "📥 Will download: futures_BINANCE_ETHUSDT_2024-07.csv", "correlation_id": "-", "session_id": "-", "timestamp": "2025-08-10T09:07:39.225379+00:00"}
{"asctime": "2025-08-10 11:07:39,225", "levelname": "INFO", "name": "AresTradingSystem.System.OptimizedDataDownloader", "message": "📥 Will download: futures_BINANCE_ETHUSDT_2024-08.csv", "correlation_id": "-", "session_id": "-", "timestamp": "2025-08-10T09:07:39.225445+00:00"}
{"asctime": "2025-08-10 11:07:39,225", "levelname": "INFO", "name": "AresTradingSystem.System.OptimizedDataDownloader", "message": "📥 Will download: futures_BINANCE_ETHUSDT_2024-09.csv", "correlation_id": "-", "session_id": "-", "timestamp": "2025-08-10T09:07:39.225509+00:00"}
{"asctime": "2025-08-10 11:07:39,225", "levelname": "INFO", "name": "AresTradingSystem.System.OptimizedDataDownloader", "message": "📥 Will download: futures_BINANCE_ETHUSDT_2024-10.csv", "correlation_id": "-", "session_id": "-", "timestamp": "2025-08-10T09:07:39.225571+00:00"}
{"asctime": "2025-08-10 11:07:39,225", "levelname": "INFO", "name": "AresTradingSystem.System.OptimizedDataDownloader", "message": "📥 Will download: futures_BINANCE_ETHUSDT_2024-11.csv", "correlation_id": "-", "session_id": "-", "timestamp": "2025-08-10T09:07:39.225633+00:00"}
{"asctime": "2025-08-10 11:07:39,225", "levelname": "INFO", "name": "AresTradingSystem.System.OptimizedDataDownloader", "message": "📥 Will download: futures_BINANCE_ETHUSDT_2024-12.csv", "correlation_id": "-", "session_id": "-", "timestamp": "2025-08-10T09:07:39.225693+00:00"}
{"asctime": "2025-08-10 11:07:39,225", "levelname": "INFO", "name": "AresTradingSystem.System.OptimizedDataDownloader", "message": "📥 Will download: futures_BINANCE_ETHUSDT_2025-01.csv", "correlation_id": "-", "session_id": "-", "timestamp": "2025-08-10T09:07:39.225754+00:00"}
{"asctime": "2025-08-10 11:07:39,225", "levelname": "INFO", "name": "AresTradingSystem.System.OptimizedDataDownloader", "message": "📥 Will download: futures_BINANCE_ETHUSDT_2025-02.csv", "correlation_id": "-", "session_id": "-", "timestamp": "2025-08-10T09:07:39.225814+00:00"}
{"asctime": "2025-08-10 11:07:39,225", "levelname": "INFO", "name": "AresTradingSystem.System.OptimizedDataDownloader", "message": "📥 Will download: futures_BINANCE_ETHUSDT_2025-03.csv", "correlation_id": "-", "session_id": "-", "timestamp": "2025-08-10T09:07:39.225878+00:00"}
{"asctime": "2025-08-10 11:07:39,225", "levelname": "INFO", "name": "AresTradingSystem.System.OptimizedDataDownloader", "message": "📥 Will download: futures_BINANCE_ETHUSDT_2025-04.csv", "correlation_id": "-", "session_id": "-", "timestamp": "2025-08-10T09:07:39.225940+00:00"}
{"asctime": "2025-08-10 11:07:39,226", "levelname": "INFO", "name": "AresTradingSystem.System.OptimizedDataDownloader", "message": "📥 Will download: futures_BINANCE_ETHUSDT_2025-05.csv", "correlation_id": "-", "session_id": "-", "timestamp": "2025-08-10T09:07:39.226001+00:00"}
{"asctime": "2025-08-10 11:07:39,226", "levelname": "INFO", "name": "AresTradingSystem.System.OptimizedDataDownloader", "message": "📥 Will download: futures_BINANCE_ETHUSDT_2025-06.csv", "correlation_id": "-", "session_id": "-", "timestamp": "2025-08-10T09:07:39.226083+00:00"}
{"asctime": "2025-08-10 11:07:39,226", "levelname": "INFO", "name": "AresTradingSystem.System.OptimizedDataDownloader", "message": "📥 Will download: futures_BINANCE_ETHUSDT_2025-07.csv", "correlation_id": "-", "session_id": "-", "timestamp": "2025-08-10T09:07:39.226144+00:00"}
{"asctime": "2025-08-10 11:07:39,226", "levelname": "INFO", "name": "AresTradingSystem.System.OptimizedDataDownloader", "message": "📥 Will download: futures_BINANCE_ETHUSDT_2025-08.csv", "correlation_id": "-", "session_id": "-", "timestamp": "2025-08-10T09:07:39.226206+00:00"}
{"asctime": "2025-08-10 11:07:39,226", "levelname": "INFO", "name": "AresTradingSystem.System.OptimizedDataDownloader", "message": "📊 Summary: 25 months to download, 0 months skipped", "correlation_id": "-", "session_id": "-", "timestamp": "2025-08-10T09:07:39.226257+00:00"}
{"asctime": "2025-08-10 11:07:39,226", "levelname": "INFO", "name": "AresTradingSystem.System.OptimizedDataDownloader", "message": "📥 Downloading funding rates for 2023-08", "correlation_id": "-", "session_id": "-", "timestamp": "2025-08-10T09:07:39.226572+00:00"}
{"asctime": "2025-08-10 11:07:39,226", "levelname": "INFO", "name": "AresTradingSystem.System.OptimizedDataDownloader", "message": "⏰ Time range: 2023-08-01 00:00:00 to 2023-09-01 00:00:00", "correlation_id": "-", "session_id": "-", "timestamp": "2025-08-10T09:07:39.226976+00:00"}
{"asctime": "2025-08-10 11:07:39,227", "levelname": "INFO", "name": "AresTradingSystem.System.OptimizedDataDownloader", "message": "🔢 Timestamps: 1690840800000 to 1693519200000", "correlation_id": "-", "session_id": "-", "timestamp": "2025-08-10T09:07:39.227043+00:00"}
{"asctime": "2025-08-10 11:07:39,227", "levelname": "INFO", "name": "AresTradingSystem.System.OptimizedDataDownloader", "message": "🔌 Making API calls to BINANCE", "correlation_id": "-", "session_id": "-", "timestamp": "2025-08-10T09:07:39.227098+00:00"}
{"asctime": "2025-08-10 11:07:39,227", "levelname": "INFO", "name": "AresTradingSystem.System.OptimizedDataDownloader", "message": "📥 Downloading funding rates for 2023-09", "correlation_id": "-", "session_id": "-", "timestamp": "2025-08-10T09:07:39.227197+00:00"}
{"asctime": "2025-08-10 11:07:39,227", "levelname": "INFO", "name": "AresTradingSystem.System.OptimizedDataDownloader", "message": "⏰ Time range: 2023-09-01 00:00:00 to 2023-10-01 00:00:00", "correlation_id": "-", "session_id": "-", "timestamp": "2025-08-10T09:07:39.227260+00:00"}
{"asctime": "2025-08-10 11:07:39,227", "levelname": "INFO", "name": "AresTradingSystem.System.OptimizedDataDownloader", "message": "🔢 Timestamps: 1693519200000 to 1696111200000", "correlation_id": "-", "session_id": "-", "timestamp": "2025-08-10T09:07:39.227314+00:00"}
{"asctime": "2025-08-10 11:07:39,227", "levelname": "INFO", "name": "AresTradingSystem.System.OptimizedDataDownloader", "message": "🔌 Making API calls to BINANCE", "correlation_id": "-", "session_id": "-", "timestamp": "2025-08-10T09:07:39.227366+00:00"}
{"asctime": "2025-08-10 11:07:39,227", "levelname": "INFO", "name": "AresTradingSystem.System.OptimizedDataDownloader", "message": "📥 Downloading funding rates for 2023-10", "correlation_id": "-", "session_id": "-", "timestamp": "2025-08-10T09:07:39.227429+00:00"}
{"asctime": "2025-08-10 11:07:39,227", "levelname": "INFO", "name": "AresTradingSystem.System.OptimizedDataDownloader", "message": "⏰ Time range: 2023-10-01 00:00:00 to 2023-11-01 00:00:00", "correlation_id": "-", "session_id": "-", "timestamp": "2025-08-10T09:07:39.227486+00:00"}
{"asctime": "2025-08-10 11:07:39,227", "levelname": "INFO", "name": "AresTradingSystem.System.OptimizedDataDownloader", "message": "🔢 Timestamps: 1696111200000 to 1698793200000", "correlation_id": "-", "session_id": "-", "timestamp": "2025-08-10T09:07:39.227539+00:00"}
{"asctime": "2025-08-10 11:07:39,227", "levelname": "INFO", "name": "AresTradingSystem.System.OptimizedDataDownloader", "message": "🔌 Making API calls to BINANCE", "correlation_id": "-", "session_id": "-", "timestamp": "2025-08-10T09:07:39.227598+00:00"}
{"asctime": "2025-08-10 11:07:39,227", "levelname": "INFO", "name": "AresTradingSystem.System.OptimizedDataDownloader", "message": "📥 Downloading funding rates for 2023-11", "correlation_id": "-", "session_id": "-", "timestamp": "2025-08-10T09:07:39.227660+00:00"}
{"asctime": "2025-08-10 11:07:39,227", "levelname": "INFO", "name": "AresTradingSystem.System.OptimizedDataDownloader", "message": "⏰ Time range: 2023-11-01 00:00:00 to 2023-12-01 00:00:00", "correlation_id": "-", "session_id": "-", "timestamp": "2025-08-10T09:07:39.227716+00:00"}
{"asctime": "2025-08-10 11:07:39,227", "levelname": "INFO", "name": "AresTradingSystem.System.OptimizedDataDownloader", "message": "🔢 Timestamps: 1698793200000 to 1701385200000", "correlation_id": "-", "session_id": "-", "timestamp": "2025-08-10T09:07:39.227765+00:00"}
{"asctime": "2025-08-10 11:07:39,227", "levelname": "INFO", "name": "AresTradingSystem.System.OptimizedDataDownloader", "message": "🔌 Making API calls to BINANCE", "correlation_id": "-", "session_id": "-", "timestamp": "2025-08-10T09:07:39.227816+00:00"}
{"asctime": "2025-08-10 11:07:39,227", "levelname": "INFO", "name": "AresTradingSystem.System.OptimizedDataDownloader", "message": "📥 Downloading funding rates for 2023-12", "correlation_id": "-", "session_id": "-", "timestamp": "2025-08-10T09:07:39.227877+00:00"}
{"asctime": "2025-08-10 11:07:39,227", "levelname": "INFO", "name": "AresTradingSystem.System.OptimizedDataDownloader", "message": "⏰ Time range: 2023-12-01 00:00:00 to 2024-01-01 00:00:00", "correlation_id": "-", "session_id": "-", "timestamp": "2025-08-10T09:07:39.227934+00:00"}
{"asctime": "2025-08-10 11:07:39,227", "levelname": "INFO", "name": "AresTradingSystem.System.OptimizedDataDownloader", "message": "🔢 Timestamps: 1701385200000 to 1704063600000", "correlation_id": "-", "session_id": "-", "timestamp": "2025-08-10T09:07:39.227984+00:00"}
{"asctime": "2025-08-10 11:07:39,228", "levelname": "INFO", "name": "AresTradingSystem.System.OptimizedDataDownloader", "message": "🔌 Making API calls to BINANCE", "correlation_id": "-", "session_id": "-", "timestamp": "2025-08-10T09:07:39.228087+00:00"}
{"asctime": "2025-08-10 11:07:41,563", "levelname": "INFO", "name": "AresTradingSystem.System.OptimizedDataDownloader", "message": "✅ Downloaded 0 funding rate records via fetch_funding_rate_history", "correlation_id": "-", "session_id": "-", "timestamp": "2025-08-10T09:07:41.563967+00:00"}
{"asctime": "2025-08-10 11:07:41,564", "levelname": "WARNING", "name": "AresTradingSystem.System.OptimizedDataDownloader", "message": "⚠️ fetch_funding_rate failed: binance fetchFundingRate() supports linear and inverse contracts only", "correlation_id": "-", "session_id": "-", "timestamp": "2025-08-10T09:07:41.564384+00:00"}
{"asctime": "2025-08-10 11:07:41,865", "levelname": "INFO", "name": "AresTradingSystem.System.OptimizedDataDownloader", "message": "✅ Downloaded 0 funding rate records via fetch_funding_rate_history", "correlation_id": "-", "session_id": "-", "timestamp": "2025-08-10T09:07:41.865960+00:00"}
{"asctime": "2025-08-10 11:07:41,866", "levelname": "WARNING", "name": "AresTradingSystem.System.OptimizedDataDownloader", "message": "⚠️ fetch_funding_rate failed: binance fetchFundingRate() supports linear and inverse contracts only", "correlation_id": "-", "session_id": "-", "timestamp": "2025-08-10T09:07:41.866240+00:00"}
{"asctime": "2025-08-10 11:07:41,883", "levelname": "INFO", "name": "AresTradingSystem.System.OptimizedDataDownloader", "message": "✅ Downloaded 0 funding rate records via fetch_funding_rate_history", "correlation_id": "-", "session_id": "-", "timestamp": "2025-08-10T09:07:41.883747+00:00"}
{"asctime": "2025-08-10 11:07:41,884", "levelname": "WARNING", "name": "AresTradingSystem.System.OptimizedDataDownloader", "message": "⚠️ fetch_funding_rate failed: binance fetchFundingRate() supports linear and inverse contracts only", "correlation_id": "-", "session_id": "-", "timestamp": "2025-08-10T09:07:41.884010+00:00"}
{"asctime": "2025-08-10 11:07:41,897", "levelname": "INFO", "name": "AresTradingSystem.System.OptimizedDataDownloader", "message": "✅ Downloaded 0 funding rate records via fetch_funding_rate_history", "correlation_id": "-", "session_id": "-", "timestamp": "2025-08-10T09:07:41.897514+00:00"}
{"asctime": "2025-08-10 11:07:41,897", "levelname": "WARNING", "name": "AresTradingSystem.System.OptimizedDataDownloader", "message": "⚠️ fetch_funding_rate failed: binance fetchFundingRate() supports linear and inverse contracts only", "correlation_id": "-", "session_id": "-", "timestamp": "2025-08-10T09:07:41.897782+00:00"}
{"asctime": "2025-08-10 11:07:42,045", "levelname": "INFO", "name": "AresTradingSystem.System.OptimizedDataDownloader", "message": "✅ Downloaded 0 funding rate records via fetch_funding_rate_history", "correlation_id": "-", "session_id": "-", "timestamp": "2025-08-10T09:07:42.045890+00:00"}
{"asctime": "2025-08-10 11:07:42,046", "levelname": "WARNING", "name": "AresTradingSystem.System.OptimizedDataDownloader", "message": "⚠️ fetch_funding_rate failed: binance fetchFundingRate() supports linear and inverse contracts only", "correlation_id": "-", "session_id": "-", "timestamp": "2025-08-10T09:07:42.046197+00:00"}
{"asctime": "2025-08-10 11:07:42,124", "levelname": "INFO", "name": "AresTradingSystem.System.OptimizedDataDownloader", "message": "✅ Downloaded 93 funding rate records via direct API", "correlation_id": "-", "session_id": "-", "timestamp": "2025-08-10T09:07:42.124299+00:00"}
{"asctime": "2025-08-10 11:07:42,130", "levelname": "INFO", "name": "AresTradingSystem.System.OptimizedDataDownloader", "message": "✅ Saved 93 funding rate records to futures_BINANCE_ETHUSDT_2023-08.csv", "correlation_id": "-", "session_id": "-", "timestamp": "2025-08-10T09:07:42.130429+00:00"}
{"asctime": "2025-08-10 11:07:42,130", "levelname": "INFO", "name": "AresTradingSystem.System.OptimizedDataDownloader", "message": "📥 Downloading funding rates for 2024-01", "correlation_id": "-", "session_id": "-", "timestamp": "2025-08-10T09:07:42.130856+00:00"}
{"asctime": "2025-08-10 11:07:42,130", "levelname": "INFO", "name": "AresTradingSystem.System.OptimizedDataDownloader", "message": "⏰ Time range: 2024-01-01 00:00:00 to 2024-02-01 00:00:00", "correlation_id": "-", "session_id": "-", "timestamp": "2025-08-10T09:07:42.130952+00:00"}
{"asctime": "2025-08-10 11:07:42,131", "levelname": "INFO", "name": "AresTradingSystem.System.OptimizedDataDownloader", "message": "🔢 Timestamps: 1704063600000 to 1706742000000", "correlation_id": "-", "session_id": "-", "timestamp": "2025-08-10T09:07:42.131267+00:00"}
{"asctime": "2025-08-10 11:07:42,131", "levelname": "INFO", "name": "AresTradingSystem.System.OptimizedDataDownloader", "message": "🔌 Making API calls to BINANCE", "correlation_id": "-", "session_id": "-", "timestamp": "2025-08-10T09:07:42.131384+00:00"}
{"asctime": "2025-08-10 11:07:42,292", "levelname": "INFO", "name": "AresTradingSystem.System.OptimizedDataDownloader", "message": "✅ Downloaded 90 funding rate records via direct API", "correlation_id": "-", "session_id": "-", "timestamp": "2025-08-10T09:07:42.292002+00:00"}
{"asctime": "2025-08-10 11:07:42,293", "levelname": "INFO", "name": "AresTradingSystem.System.OptimizedDataDownloader", "message": "✅ Saved 90 funding rate records to futures_BINANCE_ETHUSDT_2023-09.csv", "correlation_id": "-", "session_id": "-", "timestamp": "2025-08-10T09:07:42.293904+00:00"}
{"asctime": "2025-08-10 11:07:42,294", "levelname": "INFO", "name": "AresTradingSystem.System.OptimizedDataDownloader", "message": "📥 Downloading funding rates for 2024-02", "correlation_id": "-", "session_id": "-", "timestamp": "2025-08-10T09:07:42.294504+00:00"}
{"asctime": "2025-08-10 11:07:42,294", "levelname": "INFO", "name": "AresTradingSystem.System.OptimizedDataDownloader", "message": "⏰ Time range: 2024-02-01 00:00:00 to 2024-03-01 00:00:00", "correlation_id": "-", "session_id": "-", "timestamp": "2025-08-10T09:07:42.294647+00:00"}
{"asctime": "2025-08-10 11:07:42,294", "levelname": "INFO", "name": "AresTradingSystem.System.OptimizedDataDownloader", "message": "🔢 Timestamps: 1706742000000 to 1709247600000", "correlation_id": "-", "session_id": "-", "timestamp": "2025-08-10T09:07:42.294718+00:00"}
{"asctime": "2025-08-10 11:07:42,294", "levelname": "INFO", "name": "AresTradingSystem.System.OptimizedDataDownloader", "message": "🔌 Making API calls to BINANCE", "correlation_id": "-", "session_id": "-", "timestamp": "2025-08-10T09:07:42.294988+00:00"}
{"asctime": "2025-08-10 11:07:42,352", "levelname": "INFO", "name": "AresTradingSystem.System.OptimizedDataDownloader", "message": "✅ Downloaded 90 funding rate records via direct API", "correlation_id": "-", "session_id": "-", "timestamp": "2025-08-10T09:07:42.352673+00:00"}
{"asctime": "2025-08-10 11:07:42,354", "levelname": "INFO", "name": "AresTradingSystem.System.OptimizedDataDownloader", "message": "✅ Saved 90 funding rate records to futures_BINANCE_ETHUSDT_2023-11.csv", "correlation_id": "-", "session_id": "-", "timestamp": "2025-08-10T09:07:42.354346+00:00"}
{"asctime": "2025-08-10 11:07:42,354", "levelname": "INFO", "name": "AresTradingSystem.System.OptimizedDataDownloader", "message": "📥 Downloading funding rates for 2024-03", "correlation_id": "-", "session_id": "-", "timestamp": "2025-08-10T09:07:42.354576+00:00"}
{"asctime": "2025-08-10 11:07:42,354", "levelname": "INFO", "name": "AresTradingSystem.System.OptimizedDataDownloader", "message": "⏰ Time range: 2024-03-01 00:00:00 to 2024-04-01 00:00:00", "correlation_id": "-", "session_id": "-", "timestamp": "2025-08-10T09:07:42.354659+00:00"}
{"asctime": "2025-08-10 11:07:42,354", "levelname": "INFO", "name": "AresTradingSystem.System.OptimizedDataDownloader", "message": "🔢 Timestamps: 1709247600000 to 1711922400000", "correlation_id": "-", "session_id": "-", "timestamp": "2025-08-10T09:07:42.354718+00:00"}
{"asctime": "2025-08-10 11:07:42,354", "levelname": "INFO", "name": "AresTradingSystem.System.OptimizedDataDownloader", "message": "🔌 Making API calls to BINANCE", "correlation_id": "-", "session_id": "-", "timestamp": "2025-08-10T09:07:42.354772+00:00"}
{"asctime": "2025-08-10 11:07:42,432", "levelname": "INFO", "name": "AresTradingSystem.System.OptimizedDataDownloader", "message": "✅ Downloaded 93 funding rate records via direct API", "correlation_id": "-", "session_id": "-", "timestamp": "2025-08-10T09:07:42.432803+00:00"}
{"asctime": "2025-08-10 11:07:42,434", "levelname": "INFO", "name": "AresTradingSystem.System.OptimizedDataDownloader", "message": "✅ Saved 93 funding rate records to futures_BINANCE_ETHUSDT_2023-10.csv", "correlation_id": "-", "session_id": "-", "timestamp": "2025-08-10T09:07:42.434918+00:00"}
{"asctime": "2025-08-10 11:07:42,435", "levelname": "INFO", "name": "AresTradingSystem.System.OptimizedDataDownloader", "message": "📥 Downloading funding rates for 2024-04", "correlation_id": "-", "session_id": "-", "timestamp": "2025-08-10T09:07:42.435126+00:00"}
{"asctime": "2025-08-10 11:07:42,435", "levelname": "INFO", "name": "AresTradingSystem.System.OptimizedDataDownloader", "message": "⏰ Time range: 2024-04-01 00:00:00 to 2024-05-01 00:00:00", "correlation_id": "-", "session_id": "-", "timestamp": "2025-08-10T09:07:42.435211+00:00"}
{"asctime": "2025-08-10 11:07:42,435", "levelname": "INFO", "name": "AresTradingSystem.System.OptimizedDataDownloader", "message": "🔢 Timestamps: 1711922400000 to 1714514400000", "correlation_id": "-", "session_id": "-", "timestamp": "2025-08-10T09:07:42.435285+00:00"}
{"asctime": "2025-08-10 11:07:42,435", "levelname": "INFO", "name": "AresTradingSystem.System.OptimizedDataDownloader", "message": "🔌 Making API calls to BINANCE", "correlation_id": "-", "session_id": "-", "timestamp": "2025-08-10T09:07:42.435423+00:00"}
{"asctime": "2025-08-10 11:07:42,551", "levelname": "INFO", "name": "AresTradingSystem.System.OptimizedDataDownloader", "message": "✅ Downloaded 93 funding rate records via direct API", "correlation_id": "-", "session_id": "-", "timestamp": "2025-08-10T09:07:42.551656+00:00"}
{"asctime": "2025-08-10 11:07:42,553", "levelname": "INFO", "name": "AresTradingSystem.System.OptimizedDataDownloader", "message": "✅ Saved 93 funding rate records to futures_BINANCE_ETHUSDT_2023-12.csv", "correlation_id": "-", "session_id": "-", "timestamp": "2025-08-10T09:07:42.553440+00:00"}
{"asctime": "2025-08-10 11:07:42,553", "levelname": "INFO", "name": "AresTradingSystem.System.OptimizedDataDownloader", "message": "📥 Downloading funding rates for 2024-05", "correlation_id": "-", "session_id": "-", "timestamp": "2025-08-10T09:07:42.553779+00:00"}
{"asctime": "2025-08-10 11:07:42,553", "levelname": "INFO", "name": "AresTradingSystem.System.OptimizedDataDownloader", "message": "⏰ Time range: 2024-05-01 00:00:00 to 2024-06-01 00:00:00", "correlation_id": "-", "session_id": "-", "timestamp": "2025-08-10T09:07:42.553892+00:00"}
{"asctime": "2025-08-10 11:07:42,553", "levelname": "INFO", "name": "AresTradingSystem.System.OptimizedDataDownloader", "message": "🔢 Timestamps: 1714514400000 to 1717192800000", "correlation_id": "-", "session_id": "-", "timestamp": "2025-08-10T09:07:42.553957+00:00"}
{"asctime": "2025-08-10 11:07:42,554", "levelname": "INFO", "name": "AresTradingSystem.System.OptimizedDataDownloader", "message": "🔌 Making API calls to BINANCE", "correlation_id": "-", "session_id": "-", "timestamp": "2025-08-10T09:07:42.554014+00:00"}
{"asctime": "2025-08-10 11:07:42,672", "levelname": "INFO", "name": "AresTradingSystem.System.OptimizedDataDownloader", "message": "✅ Downloaded 0 funding rate records via fetch_funding_rate_history", "correlation_id": "-", "session_id": "-", "timestamp": "2025-08-10T09:07:42.672501+00:00"}
{"asctime": "2025-08-10 11:07:42,672", "levelname": "WARNING", "name": "AresTradingSystem.System.OptimizedDataDownloader", "message": "⚠️ fetch_funding_rate failed: binance fetchFundingRate() supports linear and inverse contracts only", "correlation_id": "-", "session_id": "-", "timestamp": "2025-08-10T09:07:42.672736+00:00"}
{"asctime": "2025-08-10 11:07:42,815", "levelname": "INFO", "name": "AresTradingSystem.System.OptimizedDataDownloader", "message": "✅ Downloaded 0 funding rate records via fetch_funding_rate_history", "correlation_id": "-", "session_id": "-", "timestamp": "2025-08-10T09:07:42.815062+00:00"}
{"asctime": "2025-08-10 11:07:42,815", "levelname": "WARNING", "name": "AresTradingSystem.System.OptimizedDataDownloader", "message": "⚠️ fetch_funding_rate failed: binance fetchFundingRate() supports linear and inverse contracts only", "correlation_id": "-", "session_id": "-", "timestamp": "2025-08-10T09:07:42.815299+00:00"}
{"asctime": "2025-08-10 11:07:42,870", "levelname": "INFO", "name": "AresTradingSystem.System.OptimizedDataDownloader", "message": "✅ Downloaded 0 funding rate records via fetch_funding_rate_history", "correlation_id": "-", "session_id": "-", "timestamp": "2025-08-10T09:07:42.870506+00:00"}
{"asctime": "2025-08-10 11:07:42,870", "levelname": "WARNING", "name": "AresTradingSystem.System.OptimizedDataDownloader", "message": "⚠️ fetch_funding_rate failed: binance fetchFundingRate() supports linear and inverse contracts only", "correlation_id": "-", "session_id": "-", "timestamp": "2025-08-10T09:07:42.870721+00:00"}
{"asctime": "2025-08-10 11:07:42,972", "levelname": "INFO", "name": "AresTradingSystem.System.OptimizedDataDownloader", "message": "✅ Downloaded 0 funding rate records via fetch_funding_rate_history", "correlation_id": "-", "session_id": "-", "timestamp": "2025-08-10T09:07:42.972958+00:00"}
{"asctime": "2025-08-10 11:07:42,973", "levelname": "WARNING", "name": "AresTradingSystem.System.OptimizedDataDownloader", "message": "⚠️ fetch_funding_rate failed: binance fetchFundingRate() supports linear and inverse contracts only", "correlation_id": "-", "session_id": "-", "timestamp": "2025-08-10T09:07:42.973156+00:00"}
{"asctime": "2025-08-10 11:07:43,067", "levelname": "INFO", "name": "AresTradingSystem.System.OptimizedDataDownloader", "message": "✅ Downloaded 0 funding rate records via fetch_funding_rate_history", "correlation_id": "-", "session_id": "-", "timestamp": "2025-08-10T09:07:43.067040+00:00"}
{"asctime": "2025-08-10 11:07:43,067", "levelname": "WARNING", "name": "AresTradingSystem.System.OptimizedDataDownloader", "message": "⚠️ fetch_funding_rate failed: binance fetchFundingRate() supports linear and inverse contracts only", "correlation_id": "-", "session_id": "-", "timestamp": "2025-08-10T09:07:43.067245+00:00"}
{"asctime": "2025-08-10 11:07:43,161", "levelname": "INFO", "name": "AresTradingSystem.System.OptimizedDataDownloader", "message": "✅ Downloaded 93 funding rate records via direct API", "correlation_id": "-", "session_id": "-", "timestamp": "2025-08-10T09:07:43.161129+00:00"}
{"asctime": "2025-08-10 11:07:43,163", "levelname": "INFO", "name": "AresTradingSystem.System.OptimizedDataDownloader", "message": "✅ Saved 93 funding rate records to futures_BINANCE_ETHUSDT_2024-01.csv", "correlation_id": "-", "session_id": "-", "timestamp": "2025-08-10T09:07:43.163629+00:00"}
{"asctime": "2025-08-10 11:07:43,163", "levelname": "INFO", "name": "AresTradingSystem.System.OptimizedDataDownloader", "message": "📥 Downloading funding rates for 2024-06", "correlation_id": "-", "session_id": "-", "timestamp": "2025-08-10T09:07:43.163951+00:00"}
{"asctime": "2025-08-10 11:07:43,164", "levelname": "INFO", "name": "AresTradingSystem.System.OptimizedDataDownloader", "message": "⏰ Time range: 2024-06-01 00:00:00 to 2024-07-01 00:00:00", "correlation_id": "-", "session_id": "-", "timestamp": "2025-08-10T09:07:43.164042+00:00"}
{"asctime": "2025-08-10 11:07:43,164", "levelname": "INFO", "name": "AresTradingSystem.System.OptimizedDataDownloader", "message": "🔢 Timestamps: 1717192800000 to 1719784800000", "correlation_id": "-", "session_id": "-", "timestamp": "2025-08-10T09:07:43.164117+00:00"}
{"asctime": "2025-08-10 11:07:43,164", "levelname": "INFO", "name": "AresTradingSystem.System.OptimizedDataDownloader", "message": "🔌 Making API calls to BINANCE", "correlation_id": "-", "session_id": "-", "timestamp": "2025-08-10T09:07:43.164176+00:00"}
{"asctime": "2025-08-10 11:07:43,336", "levelname": "INFO", "name": "AresTradingSystem.System.OptimizedDataDownloader", "message": "✅ Downloaded 93 funding rate records via direct API", "correlation_id": "-", "session_id": "-", "timestamp": "2025-08-10T09:07:43.336818+00:00"}
{"asctime": "2025-08-10 11:07:43,338", "levelname": "INFO", "name": "AresTradingSystem.System.OptimizedDataDownloader", "message": "✅ Saved 93 funding rate records to futures_BINANCE_ETHUSDT_2024-03.csv", "correlation_id": "-", "session_id": "-", "timestamp": "2025-08-10T09:07:43.338593+00:00"}
{"asctime": "2025-08-10 11:07:43,338", "levelname": "INFO", "name": "AresTradingSystem.System.OptimizedDataDownloader", "message": "📥 Downloading funding rates for 2024-07", "correlation_id": "-", "session_id": "-", "timestamp": "2025-08-10T09:07:43.338771+00:00"}
{"asctime": "2025-08-10 11:07:43,338", "levelname": "INFO", "name": "AresTradingSystem.System.OptimizedDataDownloader", "message": "⏰ Time range: 2024-07-01 00:00:00 to 2024-08-01 00:00:00", "correlation_id": "-", "session_id": "-", "timestamp": "2025-08-10T09:07:43.338858+00:00"}
{"asctime": "2025-08-10 11:07:43,338", "levelname": "INFO", "name": "AresTradingSystem.System.OptimizedDataDownloader", "message": "🔢 Timestamps: 1719784800000 to 1722463200000", "correlation_id": "-", "session_id": "-", "timestamp": "2025-08-10T09:07:43.338922+00:00"}
{"asctime": "2025-08-10 11:07:43,338", "levelname": "INFO", "name": "AresTradingSystem.System.OptimizedDataDownloader", "message": "🔌 Making API calls to BINANCE", "correlation_id": "-", "session_id": "-", "timestamp": "2025-08-10T09:07:43.338986+00:00"}
{"asctime": "2025-08-10 11:07:43,340", "levelname": "INFO", "name": "AresTradingSystem.System.OptimizedDataDownloader", "message": "✅ Downloaded 87 funding rate records via direct API", "correlation_id": "-", "session_id": "-", "timestamp": "2025-08-10T09:07:43.340310+00:00"}
{"asctime": "2025-08-10 11:07:43,341", "levelname": "INFO", "name": "AresTradingSystem.System.OptimizedDataDownloader", "message": "✅ Saved 87 funding rate records to futures_BINANCE_ETHUSDT_2024-02.csv", "correlation_id": "-", "session_id": "-", "timestamp": "2025-08-10T09:07:43.341766+00:00"}
{"asctime": "2025-08-10 11:07:43,341", "levelname": "INFO", "name": "AresTradingSystem.System.OptimizedDataDownloader", "message": "📥 Downloading funding rates for 2024-08", "correlation_id": "-", "session_id": "-", "timestamp": "2025-08-10T09:07:43.341952+00:00"}
{"asctime": "2025-08-10 11:07:43,342", "levelname": "INFO", "name": "AresTradingSystem.System.OptimizedDataDownloader", "message": "⏰ Time range: 2024-08-01 00:00:00 to 2024-09-01 00:00:00", "correlation_id": "-", "session_id": "-", "timestamp": "2025-08-10T09:07:43.342048+00:00"}
{"asctime": "2025-08-10 11:07:43,342", "levelname": "INFO", "name": "AresTradingSystem.System.OptimizedDataDownloader", "message": "🔢 Timestamps: 1722463200000 to 1725141600000", "correlation_id": "-", "session_id": "-", "timestamp": "2025-08-10T09:07:43.342115+00:00"}
{"asctime": "2025-08-10 11:07:43,342", "levelname": "INFO", "name": "AresTradingSystem.System.OptimizedDataDownloader", "message": "🔌 Making API calls to BINANCE", "correlation_id": "-", "session_id": "-", "timestamp": "2025-08-10T09:07:43.342178+00:00"}
{"asctime": "2025-08-10 11:07:43,450", "levelname": "INFO", "name": "AresTradingSystem.System.OptimizedDataDownloader", "message": "✅ Downloaded 90 funding rate records via direct API", "correlation_id": "-", "session_id": "-", "timestamp": "2025-08-10T09:07:43.450963+00:00"}
{"asctime": "2025-08-10 11:07:43,452", "levelname": "INFO", "name": "AresTradingSystem.System.OptimizedDataDownloader", "message": "✅ Saved 90 funding rate records to futures_BINANCE_ETHUSDT_2024-04.csv", "correlation_id": "-", "session_id": "-", "timestamp": "2025-08-10T09:07:43.452692+00:00"}
{"asctime": "2025-08-10 11:07:43,452", "levelname": "INFO", "name": "AresTradingSystem.System.OptimizedDataDownloader", "message": "📥 Downloading funding rates for 2024-09", "correlation_id": "-", "session_id": "-", "timestamp": "2025-08-10T09:07:43.452873+00:00"}
{"asctime": "2025-08-10 11:07:43,452", "levelname": "INFO", "name": "AresTradingSystem.System.OptimizedDataDownloader", "message": "⏰ Time range: 2024-09-01 00:00:00 to 2024-10-01 00:00:00", "correlation_id": "-", "session_id": "-", "timestamp": "2025-08-10T09:07:43.452987+00:00"}
{"asctime": "2025-08-10 11:07:43,453", "levelname": "INFO", "name": "AresTradingSystem.System.OptimizedDataDownloader", "message": "🔢 Timestamps: 1725141600000 to 1727733600000", "correlation_id": "-", "session_id": "-", "timestamp": "2025-08-10T09:07:43.453055+00:00"}
{"asctime": "2025-08-10 11:07:43,453", "levelname": "INFO", "name": "AresTradingSystem.System.OptimizedDataDownloader", "message": "🔌 Making API calls to BINANCE", "correlation_id": "-", "session_id": "-", "timestamp": "2025-08-10T09:07:43.453144+00:00"}
{"asctime": "2025-08-10 11:07:43,598", "levelname": "INFO", "name": "AresTradingSystem.System.OptimizedDataDownloader", "message": "✅ Downloaded 93 funding rate records via direct API", "correlation_id": "-", "session_id": "-", "timestamp": "2025-08-10T09:07:43.598585+00:00"}
{"asctime": "2025-08-10 11:07:43,600", "levelname": "INFO", "name": "AresTradingSystem.System.OptimizedDataDownloader", "message": "✅ Saved 93 funding rate records to futures_BINANCE_ETHUSDT_2024-05.csv", "correlation_id": "-", "session_id": "-", "timestamp": "2025-08-10T09:07:43.600356+00:00"}
{"asctime": "2025-08-10 11:07:43,600", "levelname": "INFO", "name": "AresTradingSystem.System.OptimizedDataDownloader", "message": "📥 Downloading funding rates for 2024-10", "correlation_id": "-", "session_id": "-", "timestamp": "2025-08-10T09:07:43.600528+00:00"}
{"asctime": "2025-08-10 11:07:43,600", "levelname": "INFO", "name": "AresTradingSystem.System.OptimizedDataDownloader", "message": "⏰ Time range: 2024-10-01 00:00:00 to 2024-11-01 00:00:00", "correlation_id": "-", "session_id": "-", "timestamp": "2025-08-10T09:07:43.600621+00:00"}
{"asctime": "2025-08-10 11:07:43,600", "levelname": "INFO", "name": "AresTradingSystem.System.OptimizedDataDownloader", "message": "🔢 Timestamps: 1727733600000 to 1730415600000", "correlation_id": "-", "session_id": "-", "timestamp": "2025-08-10T09:07:43.600685+00:00"}
{"asctime": "2025-08-10 11:07:43,600", "levelname": "INFO", "name": "AresTradingSystem.System.OptimizedDataDownloader", "message": "🔌 Making API calls to BINANCE", "correlation_id": "-", "session_id": "-", "timestamp": "2025-08-10T09:07:43.600744+00:00"}
{"asctime": "2025-08-10 11:07:43,673", "levelname": "INFO", "name": "AresTradingSystem.System.OptimizedDataDownloader", "message": "✅ Downloaded 0 funding rate records via fetch_funding_rate_history", "correlation_id": "-", "session_id": "-", "timestamp": "2025-08-10T09:07:43.673930+00:00"}
{"asctime": "2025-08-10 11:07:43,674", "levelname": "WARNING", "name": "AresTradingSystem.System.OptimizedDataDownloader", "message": "⚠️ fetch_funding_rate failed: binance fetchFundingRate() supports linear and inverse contracts only", "correlation_id": "-", "session_id": "-", "timestamp": "2025-08-10T09:07:43.674115+00:00"}
{"asctime": "2025-08-10 11:07:43,767", "levelname": "INFO", "name": "AresTradingSystem.System.OptimizedDataDownloader", "message": "✅ Downloaded 0 funding rate records via fetch_funding_rate_history", "correlation_id": "-", "session_id": "-", "timestamp": "2025-08-10T09:07:43.767798+00:00"}
{"asctime": "2025-08-10 11:07:43,768", "levelname": "WARNING", "name": "AresTradingSystem.System.OptimizedDataDownloader", "message": "⚠️ fetch_funding_rate failed: binance fetchFundingRate() supports linear and inverse contracts only", "correlation_id": "-", "session_id": "-", "timestamp": "2025-08-10T09:07:43.768003+00:00"}
{"asctime": "2025-08-10 11:07:44,052", "levelname": "INFO", "name": "AresTradingSystem.System.OptimizedDataDownloader", "message": "✅ Downloaded 0 funding rate records via fetch_funding_rate_history", "correlation_id": "-", "session_id": "-", "timestamp": "2025-08-10T09:07:44.052533+00:00"}
{"asctime": "2025-08-10 11:07:44,054", "levelname": "WARNING", "name": "AresTradingSystem.System.OptimizedDataDownloader", "message": "⚠️ fetch_funding_rate failed: binance fetchFundingRate() supports linear and inverse contracts only", "correlation_id": "-", "session_id": "-", "timestamp": "2025-08-10T09:07:44.054603+00:00"}
{"asctime": "2025-08-10 11:07:44,064", "levelname": "INFO", "name": "AresTradingSystem.System.OptimizedDataDownloader", "message": "✅ Downloaded 0 funding rate records via fetch_funding_rate_history", "correlation_id": "-", "session_id": "-", "timestamp": "2025-08-10T09:07:44.064850+00:00"}
{"asctime": "2025-08-10 11:07:44,065", "levelname": "WARNING", "name": "AresTradingSystem.System.OptimizedDataDownloader", "message": "⚠️ fetch_funding_rate failed: binance fetchFundingRate() supports linear and inverse contracts only", "correlation_id": "-", "session_id": "-", "timestamp": "2025-08-10T09:07:44.065057+00:00"}
{"asctime": "2025-08-10 11:07:44,132", "levelname": "INFO", "name": "AresTradingSystem.System.OptimizedDataDownloader", "message": "✅ Downloaded 0 funding rate records via fetch_funding_rate_history", "correlation_id": "-", "session_id": "-", "timestamp": "2025-08-10T09:07:44.132900+00:00"}
{"asctime": "2025-08-10 11:07:44,133", "levelname": "WARNING", "name": "AresTradingSystem.System.OptimizedDataDownloader", "message": "⚠️ fetch_funding_rate failed: binance fetchFundingRate() supports linear and inverse contracts only", "correlation_id": "-", "session_id": "-", "timestamp": "2025-08-10T09:07:44.133189+00:00"}
{"asctime": "2025-08-10 11:07:44,388", "levelname": "INFO", "name": "AresTradingSystem.System.OptimizedDataDownloader", "message": "✅ Downloaded 90 funding rate records via direct API", "correlation_id": "-", "session_id": "-", "timestamp": "2025-08-10T09:07:44.388324+00:00"}
{"asctime": "2025-08-10 11:07:44,392", "levelname": "INFO", "name": "AresTradingSystem.System.OptimizedDataDownloader", "message": "✅ Saved 90 funding rate records to futures_BINANCE_ETHUSDT_2024-06.csv", "correlation_id": "-", "session_id": "-", "timestamp": "2025-08-10T09:07:44.392270+00:00"}
{"asctime": "2025-08-10 11:07:44,392", "levelname": "INFO", "name": "AresTradingSystem.System.OptimizedDataDownloader", "message": "📥 Downloading funding rates for 2024-11", "correlation_id": "-", "session_id": "-", "timestamp": "2025-08-10T09:07:44.392667+00:00"}
{"asctime": "2025-08-10 11:07:44,392", "levelname": "INFO", "name": "AresTradingSystem.System.OptimizedDataDownloader", "message": "⏰ Time range: 2024-11-01 00:00:00 to 2024-12-01 00:00:00", "correlation_id": "-", "session_id": "-", "timestamp": "2025-08-10T09:07:44.392837+00:00"}
{"asctime": "2025-08-10 11:07:44,392", "levelname": "INFO", "name": "AresTradingSystem.System.OptimizedDataDownloader", "message": "🔢 Timestamps: 1730415600000 to 1733007600000", "correlation_id": "-", "session_id": "-", "timestamp": "2025-08-10T09:07:44.392970+00:00"}
{"asctime": "2025-08-10 11:07:44,393", "levelname": "INFO", "name": "AresTradingSystem.System.OptimizedDataDownloader", "message": "🔌 Making API calls to BINANCE", "correlation_id": "-", "session_id": "-", "timestamp": "2025-08-10T09:07:44.393091+00:00"}
{"asctime": "2025-08-10 11:07:44,393", "levelname": "INFO", "name": "AresTradingSystem.System.OptimizedDataDownloader", "message": "✅ Downloaded 93 funding rate records via direct API", "correlation_id": "-", "session_id": "-", "timestamp": "2025-08-10T09:07:44.393722+00:00"}
{"asctime": "2025-08-10 11:07:44,396", "levelname": "INFO", "name": "AresTradingSystem.System.OptimizedDataDownloader", "message": "✅ Saved 93 funding rate records to futures_BINANCE_ETHUSDT_2024-07.csv", "correlation_id": "-", "session_id": "-", "timestamp": "2025-08-10T09:07:44.396780+00:00"}
{"asctime": "2025-08-10 11:07:44,397", "levelname": "INFO", "name": "AresTradingSystem.System.OptimizedDataDownloader", "message": "📥 Downloading funding rates for 2024-12", "correlation_id": "-", "session_id": "-", "timestamp": "2025-08-10T09:07:44.397142+00:00"}
{"asctime": "2025-08-10 11:07:44,397", "levelname": "INFO", "name": "AresTradingSystem.System.OptimizedDataDownloader", "message": "⏰ Time range: 2024-12-01 00:00:00 to 2025-01-01 00:00:00", "correlation_id": "-", "session_id": "-", "timestamp": "2025-08-10T09:07:44.397314+00:00"}
{"asctime": "2025-08-10 11:07:44,397", "levelname": "INFO", "name": "AresTradingSystem.System.OptimizedDataDownloader", "message": "🔢 Timestamps: 1733007600000 to 1735686000000", "correlation_id": "-", "session_id": "-", "timestamp": "2025-08-10T09:07:44.397447+00:00"}
{"asctime": "2025-08-10 11:07:44,397", "levelname": "INFO", "name": "AresTradingSystem.System.OptimizedDataDownloader", "message": "🔌 Making API calls to BINANCE", "correlation_id": "-", "session_id": "-", "timestamp": "2025-08-10T09:07:44.397570+00:00"}
{"asctime": "2025-08-10 11:07:44,442", "levelname": "INFO", "name": "AresTradingSystem.System.OptimizedDataDownloader", "message": "✅ Downloaded 93 funding rate records via direct API", "correlation_id": "-", "session_id": "-", "timestamp": "2025-08-10T09:07:44.442469+00:00"}
{"asctime": "2025-08-10 11:07:44,445", "levelname": "INFO", "name": "AresTradingSystem.System.OptimizedDataDownloader", "message": "✅ Saved 93 funding rate records to futures_BINANCE_ETHUSDT_2024-08.csv", "correlation_id": "-", "session_id": "-", "timestamp": "2025-08-10T09:07:44.445674+00:00"}
{"asctime": "2025-08-10 11:07:44,445", "levelname": "INFO", "name": "AresTradingSystem.System.OptimizedDataDownloader", "message": "📥 Downloading funding rates for 2025-01", "correlation_id": "-", "session_id": "-", "timestamp": "2025-08-10T09:07:44.445975+00:00"}
{"asctime": "2025-08-10 11:07:44,446", "levelname": "INFO", "name": "AresTradingSystem.System.OptimizedDataDownloader", "message": "⏰ Time range: 2025-01-01 00:00:00 to 2025-02-01 00:00:00", "correlation_id": "-", "session_id": "-", "timestamp": "2025-08-10T09:07:44.446186+00:00"}
{"asctime": "2025-08-10 11:07:44,446", "levelname": "INFO", "name": "AresTradingSystem.System.OptimizedDataDownloader", "message": "🔢 Timestamps: 1735686000000 to 1738364400000", "correlation_id": "-", "session_id": "-", "timestamp": "2025-08-10T09:07:44.446330+00:00"}
{"asctime": "2025-08-10 11:07:44,446", "levelname": "INFO", "name": "AresTradingSystem.System.OptimizedDataDownloader", "message": "🔌 Making API calls to BINANCE", "correlation_id": "-", "session_id": "-", "timestamp": "2025-08-10T09:07:44.446443+00:00"}
{"asctime": "2025-08-10 11:07:44,626", "levelname": "INFO", "name": "AresTradingSystem.System.OptimizedDataDownloader", "message": "✅ Downloaded 90 funding rate records via direct API", "correlation_id": "-", "session_id": "-", "timestamp": "2025-08-10T09:07:44.626591+00:00"}
{"asctime": "2025-08-10 11:07:44,630", "levelname": "INFO", "name": "AresTradingSystem.System.OptimizedDataDownloader", "message": "✅ Saved 90 funding rate records to futures_BINANCE_ETHUSDT_2024-09.csv", "correlation_id": "-", "session_id": "-", "timestamp": "2025-08-10T09:07:44.630225+00:00"}
{"asctime": "2025-08-10 11:07:44,630", "levelname": "INFO", "name": "AresTradingSystem.System.OptimizedDataDownloader", "message": "📥 Downloading funding rates for 2025-02", "correlation_id": "-", "session_id": "-", "timestamp": "2025-08-10T09:07:44.630511+00:00"}
{"asctime": "2025-08-10 11:07:44,630", "levelname": "INFO", "name": "AresTradingSystem.System.OptimizedDataDownloader", "message": "⏰ Time range: 2025-02-01 00:00:00 to 2025-03-01 00:00:00", "correlation_id": "-", "session_id": "-", "timestamp": "2025-08-10T09:07:44.630667+00:00"}
{"asctime": "2025-08-10 11:07:44,630", "levelname": "INFO", "name": "AresTradingSystem.System.OptimizedDataDownloader", "message": "🔢 Timestamps: 1738364400000 to 1740783600000", "correlation_id": "-", "session_id": "-", "timestamp": "2025-08-10T09:07:44.630791+00:00"}
{"asctime": "2025-08-10 11:07:44,630", "levelname": "INFO", "name": "AresTradingSystem.System.OptimizedDataDownloader", "message": "🔌 Making API calls to BINANCE", "correlation_id": "-", "session_id": "-", "timestamp": "2025-08-10T09:07:44.630926+00:00"}
{"asctime": "2025-08-10 11:07:44,650", "levelname": "INFO", "name": "AresTradingSystem.System.OptimizedDataDownloader", "message": "✅ Downloaded 93 funding rate records via direct API", "correlation_id": "-", "session_id": "-", "timestamp": "2025-08-10T09:07:44.650217+00:00"}
{"asctime": "2025-08-10 11:07:44,653", "levelname": "INFO", "name": "AresTradingSystem.System.OptimizedDataDownloader", "message": "✅ Saved 93 funding rate records to futures_BINANCE_ETHUSDT_2024-10.csv", "correlation_id": "-", "session_id": "-", "timestamp": "2025-08-10T09:07:44.653599+00:00"}
{"asctime": "2025-08-10 11:07:44,653", "levelname": "INFO", "name": "AresTradingSystem.System.OptimizedDataDownloader", "message": "📥 Downloading funding rates for 2025-03", "correlation_id": "-", "session_id": "-", "timestamp": "2025-08-10T09:07:44.653918+00:00"}
{"asctime": "2025-08-10 11:07:44,654", "levelname": "INFO", "name": "AresTradingSystem.System.OptimizedDataDownloader", "message": "⏰ Time range: 2025-03-01 00:00:00 to 2025-04-01 00:00:00", "correlation_id": "-", "session_id": "-", "timestamp": "2025-08-10T09:07:44.654085+00:00"}
{"asctime": "2025-08-10 11:07:44,654", "levelname": "INFO", "name": "AresTradingSystem.System.OptimizedDataDownloader", "message": "🔢 Timestamps: 1740783600000 to 1743458400000", "correlation_id": "-", "session_id": "-", "timestamp": "2025-08-10T09:07:44.654213+00:00"}
{"asctime": "2025-08-10 11:07:44,654", "levelname": "INFO", "name": "AresTradingSystem.System.OptimizedDataDownloader", "message": "🔌 Making API calls to BINANCE", "correlation_id": "-", "session_id": "-", "timestamp": "2025-08-10T09:07:44.654335+00:00"}
{"asctime": "2025-08-10 11:07:44,806", "levelname": "INFO", "name": "AresTradingSystem.System.OptimizedDataDownloader", "message": "✅ Downloaded 0 funding rate records via fetch_funding_rate_history", "correlation_id": "-", "session_id": "-", "timestamp": "2025-08-10T09:07:44.806949+00:00"}
{"asctime": "2025-08-10 11:07:44,807", "levelname": "WARNING", "name": "AresTradingSystem.System.OptimizedDataDownloader", "message": "⚠️ fetch_funding_rate failed: binance fetchFundingRate() supports linear and inverse contracts only", "correlation_id": "-", "session_id": "-", "timestamp": "2025-08-10T09:07:44.807246+00:00"}
{"asctime": "2025-08-10 11:07:44,935", "levelname": "INFO", "name": "AresTradingSystem.System.OptimizedDataDownloader", "message": "✅ Downloaded 0 funding rate records via fetch_funding_rate_history", "correlation_id": "-", "session_id": "-", "timestamp": "2025-08-10T09:07:44.935646+00:00"}
{"asctime": "2025-08-10 11:07:44,935", "levelname": "WARNING", "name": "AresTradingSystem.System.OptimizedDataDownloader", "message": "⚠️ fetch_funding_rate failed: binance fetchFundingRate() supports linear and inverse contracts only", "correlation_id": "-", "session_id": "-", "timestamp": "2025-08-10T09:07:44.935897+00:00"}
{"asctime": "2025-08-10 11:07:44,997", "levelname": "INFO", "name": "AresTradingSystem.System.OptimizedDataDownloader", "message": "✅ Downloaded 0 funding rate records via fetch_funding_rate_history", "correlation_id": "-", "session_id": "-", "timestamp": "2025-08-10T09:07:44.997910+00:00"}
{"asctime": "2025-08-10 11:07:44,998", "levelname": "WARNING", "name": "AresTradingSystem.System.OptimizedDataDownloader", "message": "⚠️ fetch_funding_rate failed: binance fetchFundingRate() supports linear and inverse contracts only", "correlation_id": "-", "session_id": "-", "timestamp": "2025-08-10T09:07:44.998174+00:00"}
{"asctime": "2025-08-10 11:07:45,160", "levelname": "INFO", "name": "AresTradingSystem.System.OptimizedDataDownloader", "message": "✅ Downloaded 0 funding rate records via fetch_funding_rate_history", "correlation_id": "-", "session_id": "-", "timestamp": "2025-08-10T09:07:45.160164+00:00"}
{"asctime": "2025-08-10 11:07:45,160", "levelname": "WARNING", "name": "AresTradingSystem.System.OptimizedDataDownloader", "message": "⚠️ fetch_funding_rate failed: binance fetchFundingRate() supports linear and inverse contracts only", "correlation_id": "-", "session_id": "-", "timestamp": "2025-08-10T09:07:45.160346+00:00"}
{"asctime": "2025-08-10 11:07:45,191", "levelname": "INFO", "name": "AresTradingSystem.System.OptimizedDataDownloader", "message": "✅ Downloaded 0 funding rate records via fetch_funding_rate_history", "correlation_id": "-", "session_id": "-", "timestamp": "2025-08-10T09:07:45.191481+00:00"}
{"asctime": "2025-08-10 11:07:45,191", "levelname": "WARNING", "name": "AresTradingSystem.System.OptimizedDataDownloader", "message": "⚠️ fetch_funding_rate failed: binance fetchFundingRate() supports linear and inverse contracts only", "correlation_id": "-", "session_id": "-", "timestamp": "2025-08-10T09:07:45.191664+00:00"}
{"asctime": "2025-08-10 11:07:45,264", "levelname": "INFO", "name": "AresTradingSystem.System.OptimizedDataDownloader", "message": "✅ Downloaded 90 funding rate records via direct API", "correlation_id": "-", "session_id": "-", "timestamp": "2025-08-10T09:07:45.264018+00:00"}
{"asctime": "2025-08-10 11:07:45,265", "levelname": "INFO", "name": "AresTradingSystem.System.OptimizedDataDownloader", "message": "✅ Saved 90 funding rate records to futures_BINANCE_ETHUSDT_2024-11.csv", "correlation_id": "-", "session_id": "-", "timestamp": "2025-08-10T09:07:45.265866+00:00"}
{"asctime": "2025-08-10 11:07:45,266", "levelname": "INFO", "name": "AresTradingSystem.System.OptimizedDataDownloader", "message": "📥 Downloading funding rates for 2025-04", "correlation_id": "-", "session_id": "-", "timestamp": "2025-08-10T09:07:45.266028+00:00"}
{"asctime": "2025-08-10 11:07:45,266", "levelname": "INFO", "name": "AresTradingSystem.System.OptimizedDataDownloader", "message": "⏰ Time range: 2025-04-01 00:00:00 to 2025-05-01 00:00:00", "correlation_id": "-", "session_id": "-", "timestamp": "2025-08-10T09:07:45.266111+00:00"}
{"asctime": "2025-08-10 11:07:45,266", "levelname": "INFO", "name": "AresTradingSystem.System.OptimizedDataDownloader", "message": "🔢 Timestamps: 1743458400000 to 1746050400000", "correlation_id": "-", "session_id": "-", "timestamp": "2025-08-10T09:07:45.266181+00:00"}
{"asctime": "2025-08-10 11:07:45,266", "levelname": "INFO", "name": "AresTradingSystem.System.OptimizedDataDownloader", "message": "🔌 Making API calls to BINANCE", "correlation_id": "-", "session_id": "-", "timestamp": "2025-08-10T09:07:45.266241+00:00"}
{"asctime": "2025-08-10 11:07:45,435", "levelname": "INFO", "name": "AresTradingSystem.System.OptimizedDataDownloader", "message": "✅ Downloaded 93 funding rate records via direct API", "correlation_id": "-", "session_id": "-", "timestamp": "2025-08-10T09:07:45.435529+00:00"}
{"asctime": "2025-08-10 11:07:45,440", "levelname": "INFO", "name": "AresTradingSystem.System.OptimizedDataDownloader", "message": "✅ Saved 93 funding rate records to futures_BINANCE_ETHUSDT_2024-12.csv", "correlation_id": "-", "session_id": "-", "timestamp": "2025-08-10T09:07:45.440033+00:00"}
{"asctime": "2025-08-10 11:07:45,440", "levelname": "INFO", "name": "AresTradingSystem.System.OptimizedDataDownloader", "message": "📥 Downloading funding rates for 2025-05", "correlation_id": "-", "session_id": "-", "timestamp": "2025-08-10T09:07:45.440380+00:00"}
{"asctime": "2025-08-10 11:07:45,440", "levelname": "INFO", "name": "AresTradingSystem.System.OptimizedDataDownloader", "message": "⏰ Time range: 2025-05-01 00:00:00 to 2025-06-01 00:00:00", "correlation_id": "-", "session_id": "-", "timestamp": "2025-08-10T09:07:45.440738+00:00"}
{"asctime": "2025-08-10 11:07:45,440", "levelname": "INFO", "name": "AresTradingSystem.System.OptimizedDataDownloader", "message": "🔢 Timestamps: 1746050400000 to 1748728800000", "correlation_id": "-", "session_id": "-", "timestamp": "2025-08-10T09:07:45.440973+00:00"}
{"asctime": "2025-08-10 11:07:45,441", "levelname": "INFO", "name": "AresTradingSystem.System.OptimizedDataDownloader", "message": "🔌 Making API calls to BINANCE", "correlation_id": "-", "session_id": "-", "timestamp": "2025-08-10T09:07:45.441154+00:00"}
{"asctime": "2025-08-10 11:07:45,485", "levelname": "INFO", "name": "AresTradingSystem.System.OptimizedDataDownloader", "message": "✅ Downloaded 93 funding rate records via direct API", "correlation_id": "-", "session_id": "-", "timestamp": "2025-08-10T09:07:45.485438+00:00"}
{"asctime": "2025-08-10 11:07:45,487", "levelname": "INFO", "name": "AresTradingSystem.System.OptimizedDataDownloader", "message": "✅ Saved 93 funding rate records to futures_BINANCE_ETHUSDT_2025-01.csv", "correlation_id": "-", "session_id": "-", "timestamp": "2025-08-10T09:07:45.487969+00:00"}
{"asctime": "2025-08-10 11:07:45,488", "levelname": "INFO", "name": "AresTradingSystem.System.OptimizedDataDownloader", "message": "📥 Downloading funding rates for 2025-06", "correlation_id": "-", "session_id": "-", "timestamp": "2025-08-10T09:07:45.488206+00:00"}
{"asctime": "2025-08-10 11:07:45,488", "levelname": "INFO", "name": "AresTradingSystem.System.OptimizedDataDownloader", "message": "⏰ Time range: 2025-06-01 00:00:00 to 2025-07-01 00:00:00", "correlation_id": "-", "session_id": "-", "timestamp": "2025-08-10T09:07:45.488330+00:00"}
{"asctime": "2025-08-10 11:07:45,488", "levelname": "INFO", "name": "AresTradingSystem.System.OptimizedDataDownloader", "message": "🔢 Timestamps: 1748728800000 to 1751320800000", "correlation_id": "-", "session_id": "-", "timestamp": "2025-08-10T09:07:45.488425+00:00"}
{"asctime": "2025-08-10 11:07:45,488", "levelname": "INFO", "name": "AresTradingSystem.System.OptimizedDataDownloader", "message": "🔌 Making API calls to BINANCE", "correlation_id": "-", "session_id": "-", "timestamp": "2025-08-10T09:07:45.488520+00:00"}
{"asctime": "2025-08-10 11:07:45,579", "levelname": "INFO", "name": "AresTradingSystem.System.OptimizedDataDownloader", "message": "✅ Downloaded 84 funding rate records via direct API", "correlation_id": "-", "session_id": "-", "timestamp": "2025-08-10T09:07:45.579605+00:00"}
{"asctime": "2025-08-10 11:07:45,582", "levelname": "INFO", "name": "AresTradingSystem.System.OptimizedDataDownloader", "message": "✅ Saved 84 funding rate records to futures_BINANCE_ETHUSDT_2025-02.csv", "correlation_id": "-", "session_id": "-", "timestamp": "2025-08-10T09:07:45.582235+00:00"}
{"asctime": "2025-08-10 11:07:45,582", "levelname": "INFO", "name": "AresTradingSystem.System.OptimizedDataDownloader", "message": "📥 Downloading funding rates for 2025-07", "correlation_id": "-", "session_id": "-", "timestamp": "2025-08-10T09:07:45.582525+00:00"}
{"asctime": "2025-08-10 11:07:45,582", "levelname": "INFO", "name": "AresTradingSystem.System.OptimizedDataDownloader", "message": "⏰ Time range: 2025-07-01 00:00:00 to 2025-08-01 00:00:00", "correlation_id": "-", "session_id": "-", "timestamp": "2025-08-10T09:07:45.582744+00:00"}
{"asctime": "2025-08-10 11:07:45,582", "levelname": "INFO", "name": "AresTradingSystem.System.OptimizedDataDownloader", "message": "🔢 Timestamps: 1751320800000 to 1753999200000", "correlation_id": "-", "session_id": "-", "timestamp": "2025-08-10T09:07:45.582875+00:00"}
{"asctime": "2025-08-10 11:07:45,582", "levelname": "INFO", "name": "AresTradingSystem.System.OptimizedDataDownloader", "message": "🔌 Making API calls to BINANCE", "correlation_id": "-", "session_id": "-", "timestamp": "2025-08-10T09:07:45.582989+00:00"}
{"asctime": "2025-08-10 11:07:45,698", "levelname": "INFO", "name": "AresTradingSystem.System.OptimizedDataDownloader", "message": "✅ Downloaded 93 funding rate records via direct API", "correlation_id": "-", "session_id": "-", "timestamp": "2025-08-10T09:07:45.698170+00:00"}
{"asctime": "2025-08-10 11:07:45,702", "levelname": "INFO", "name": "AresTradingSystem.System.OptimizedDataDownloader", "message": "✅ Saved 93 funding rate records to futures_BINANCE_ETHUSDT_2025-03.csv", "correlation_id": "-", "session_id": "-", "timestamp": "2025-08-10T09:07:45.702012+00:00"}
{"asctime": "2025-08-10 11:07:45,702", "levelname": "INFO", "name": "AresTradingSystem.System.OptimizedDataDownloader", "message": "📥 Downloading funding rates for 2025-08", "correlation_id": "-", "session_id": "-", "timestamp": "2025-08-10T09:07:45.702364+00:00"}
{"asctime": "2025-08-10 11:07:45,702", "levelname": "INFO", "name": "AresTradingSystem.System.OptimizedDataDownloader", "message": "⏰ Time range: 2025-08-01 00:00:00 to 2025-08-10 11:07:39.224133", "correlation_id": "-", "session_id": "-", "timestamp": "2025-08-10T09:07:45.702563+00:00"}
{"asctime": "2025-08-10 11:07:45,702", "levelname": "INFO", "name": "AresTradingSystem.System.OptimizedDataDownloader", "message": "🔢 Timestamps: 1753999200000 to 1754816859224", "correlation_id": "-", "session_id": "-", "timestamp": "2025-08-10T09:07:45.702717+00:00"}
{"asctime": "2025-08-10 11:07:45,702", "levelname": "INFO", "name": "AresTradingSystem.System.OptimizedDataDownloader", "message": "🔌 Making API calls to BINANCE", "correlation_id": "-", "session_id": "-", "timestamp": "2025-08-10T09:07:45.702863+00:00"}
{"asctime": "2025-08-10 11:07:45,785", "levelname": "INFO", "name": "AresTradingSystem.System.OptimizedDataDownloader", "message": "✅ Downloaded 0 funding rate records via fetch_funding_rate_history", "correlation_id": "-", "session_id": "-", "timestamp": "2025-08-10T09:07:45.785426+00:00"}
{"asctime": "2025-08-10 11:07:45,785", "levelname": "WARNING", "name": "AresTradingSystem.System.OptimizedDataDownloader", "message": "⚠️ fetch_funding_rate failed: binance fetchFundingRate() supports linear and inverse contracts only", "correlation_id": "-", "session_id": "-", "timestamp": "2025-08-10T09:07:45.785825+00:00"}
{"asctime": "2025-08-10 11:07:45,967", "levelname": "INFO", "name": "AresTradingSystem.System.OptimizedDataDownloader", "message": "✅ Downloaded 0 funding rate records via fetch_funding_rate_history", "correlation_id": "-", "session_id": "-", "timestamp": "2025-08-10T09:07:45.967330+00:00"}
{"asctime": "2025-08-10 11:07:45,967", "levelname": "WARNING", "name": "AresTradingSystem.System.OptimizedDataDownloader", "message": "⚠️ fetch_funding_rate failed: binance fetchFundingRate() supports linear and inverse contracts only", "correlation_id": "-", "session_id": "-", "timestamp": "2025-08-10T09:07:45.967531+00:00"}
{"asctime": "2025-08-10 11:07:45,993", "levelname": "INFO", "name": "AresTradingSystem.System.OptimizedDataDownloader", "message": "✅ Downloaded 0 funding rate records via fetch_funding_rate_history", "correlation_id": "-", "session_id": "-", "timestamp": "2025-08-10T09:07:45.993314+00:00"}
{"asctime": "2025-08-10 11:07:45,993", "levelname": "WARNING", "name": "AresTradingSystem.System.OptimizedDataDownloader", "message": "⚠️ fetch_funding_rate failed: binance fetchFundingRate() supports linear and inverse contracts only", "correlation_id": "-", "session_id": "-", "timestamp": "2025-08-10T09:07:45.993500+00:00"}
{"asctime": "2025-08-10 11:07:46,061", "levelname": "INFO", "name": "AresTradingSystem.System.OptimizedDataDownloader", "message": "✅ Downloaded 0 funding rate records via fetch_funding_rate_history", "correlation_id": "-", "session_id": "-", "timestamp": "2025-08-10T09:07:46.061443+00:00"}
{"asctime": "2025-08-10 11:07:46,061", "levelname": "WARNING", "name": "AresTradingSystem.System.OptimizedDataDownloader", "message": "⚠️ fetch_funding_rate failed: binance fetchFundingRate() supports linear and inverse contracts only", "correlation_id": "-", "session_id": "-", "timestamp": "2025-08-10T09:07:46.061655+00:00"}
{"asctime": "2025-08-10 11:07:46,223", "levelname": "INFO", "name": "AresTradingSystem.System.OptimizedDataDownloader", "message": "✅ Downloaded 0 funding rate records via fetch_funding_rate_history", "correlation_id": "-", "session_id": "-", "timestamp": "2025-08-10T09:07:46.223489+00:00"}
{"asctime": "2025-08-10 11:07:46,223", "levelname": "WARNING", "name": "AresTradingSystem.System.OptimizedDataDownloader", "message": "⚠️ fetch_funding_rate failed: binance fetchFundingRate() supports linear and inverse contracts only", "correlation_id": "-", "session_id": "-", "timestamp": "2025-08-10T09:07:46.223773+00:00"}
{"asctime": "2025-08-10 11:07:46,284", "levelname": "INFO", "name": "AresTradingSystem.System.OptimizedDataDownloader", "message": "✅ Downloaded 90 funding rate records via direct API", "correlation_id": "-", "session_id": "-", "timestamp": "2025-08-10T09:07:46.284107+00:00"}
{"asctime": "2025-08-10 11:07:46,287", "levelname": "INFO", "name": "AresTradingSystem.System.OptimizedDataDownloader", "message": "✅ Saved 90 funding rate records to futures_BINANCE_ETHUSDT_2025-04.csv", "correlation_id": "-", "session_id": "-", "timestamp": "2025-08-10T09:07:46.287649+00:00"}
{"asctime": "2025-08-10 11:07:46,381", "levelname": "INFO", "name": "AresTradingSystem.System.OptimizedDataDownloader", "message": "✅ Downloaded 93 funding rate records via direct API", "correlation_id": "-", "session_id": "-", "timestamp": "2025-08-10T09:07:46.381811+00:00"}
{"asctime": "2025-08-10 11:07:46,386", "levelname": "INFO", "name": "AresTradingSystem.System.OptimizedDataDownloader", "message": "✅ Saved 93 funding rate records to futures_BINANCE_ETHUSDT_2025-05.csv", "correlation_id": "-", "session_id": "-", "timestamp": "2025-08-10T09:07:46.386404+00:00"}
{"asctime": "2025-08-10 11:07:46,485", "levelname": "INFO", "name": "AresTradingSystem.System.OptimizedDataDownloader", "message": "✅ Downloaded 90 funding rate records via direct API", "correlation_id": "-", "session_id": "-", "timestamp": "2025-08-10T09:07:46.485251+00:00"}
{"asctime": "2025-08-10 11:07:46,491", "levelname": "INFO", "name": "AresTradingSystem.System.OptimizedDataDownloader", "message": "✅ Saved 90 funding rate records to futures_BINANCE_ETHUSDT_2025-06.csv", "correlation_id": "-", "session_id": "-", "timestamp": "2025-08-10T09:07:46.491418+00:00"}
{"asctime": "2025-08-10 11:07:46,588", "levelname": "INFO", "name": "AresTradingSystem.System.OptimizedDataDownloader", "message": "✅ Downloaded 93 funding rate records via direct API", "correlation_id": "-", "session_id": "-", "timestamp": "2025-08-10T09:07:46.588468+00:00"}
{"asctime": "2025-08-10 11:07:46,593", "levelname": "INFO", "name": "AresTradingSystem.System.OptimizedDataDownloader", "message": "✅ Saved 93 funding rate records to futures_BINANCE_ETHUSDT_2025-07.csv", "correlation_id": "-", "session_id": "-", "timestamp": "2025-08-10T09:07:46.593135+00:00"}
{"asctime": "2025-08-10 11:07:46,740", "levelname": "INFO", "name": "AresTradingSystem.System.OptimizedDataDownloader", "message": "✅ Downloaded 29 funding rate records via direct API", "correlation_id": "-", "session_id": "-", "timestamp": "2025-08-10T09:07:46.740050+00:00"}
{"asctime": "2025-08-10 11:07:46,746", "levelname": "INFO", "name": "AresTradingSystem.System.OptimizedDataDownloader", "message": "✅ Saved 29 funding rate records to futures_BINANCE_ETHUSDT_2025-08.csv", "correlation_id": "-", "session_id": "-", "timestamp": "2025-08-10T09:07:46.746889+00:00"}
{"asctime": "2025-08-10 11:07:46,747", "levelname": "INFO", "name": "AresTradingSystem.System.OptimizedDataDownloader", "message": "✅ Task 1 completed successfully", "correlation_id": "-", "session_id": "-", "timestamp": "2025-08-10T09:07:46.747692+00:00"}
{"asctime": "2025-08-10 11:07:46,748", "levelname": "INFO", "name": "AresTradingSystem.System.OptimizedDataDownloader", "message": "✅ Task 2 completed successfully", "correlation_id": "-", "session_id": "-", "timestamp": "2025-08-10T09:07:46.748242+00:00"}
{"asctime": "2025-08-10 11:07:46,748", "levelname": "INFO", "name": "AresTradingSystem.System.OptimizedDataDownloader", "message": "✅ Task 3 completed successfully", "correlation_id": "-", "session_id": "-", "timestamp": "2025-08-10T09:07:46.748544+00:00"}
{"asctime": "2025-08-10 11:07:46,748", "levelname": "INFO", "name": "AresTradingSystem.System.OptimizedDataDownloader", "message": "✅ Task 4 completed successfully", "correlation_id": "-", "session_id": "-", "timestamp": "2025-08-10T09:07:46.748841+00:00"}
{"asctime": "2025-08-10 11:07:46,749", "levelname": "INFO", "name": "AresTradingSystem.System.OptimizedDataDownloader", "message": "✅ Task 5 completed successfully", "correlation_id": "-", "session_id": "-", "timestamp": "2025-08-10T09:07:46.749313+00:00"}
{"asctime": "2025-08-10 11:07:46,749", "levelname": "INFO", "name": "AresTradingSystem.System.OptimizedDataDownloader", "message": "✅ STEP 3C COMPLETED: Futures download finished - 25/25 periods successful, 0 errors", "correlation_id": "-", "session_id": "-", "timestamp": "2025-08-10T09:07:46.749621+00:00"}
{"asctime": "2025-08-10 11:07:46,749", "levelname": "INFO", "name": "AresTradingSystem.System.OptimizedDataDownloader", "message": "📁 CSV Files: 25 monthly futures files created", "correlation_id": "-", "session_id": "-", "timestamp": "2025-08-10T09:07:46.749855+00:00"}
{"asctime": "2025-08-10 11:07:46,750", "levelname": "INFO", "name": "AresTradingSystem.System.OptimizedDataDownloader", "message": "📊 Processing final results...", "correlation_id": "-", "session_id": "-", "timestamp": "2025-08-10T09:07:46.750238+00:00"}
{"asctime": "2025-08-10 11:07:46,750", "levelname": "INFO", "name": "AresTradingSystem.System.OptimizedDataDownloader", "message": "✅ Klines download completed successfully", "correlation_id": "-", "session_id": "-", "timestamp": "2025-08-10T09:07:46.750616+00:00"}
{"asctime": "2025-08-10 11:07:46,750", "levelname": "INFO", "name": "AresTradingSystem.System.OptimizedDataDownloader", "message": "✅ Aggtrades download completed successfully", "correlation_id": "-", "session_id": "-", "timestamp": "2025-08-10T09:07:46.750858+00:00"}
{"asctime": "2025-08-10 11:07:46,751", "levelname": "INFO", "name": "AresTradingSystem.System.OptimizedDataDownloader", "message": "✅ Futures download completed successfully", "correlation_id": "-", "session_id": "-", "timestamp": "2025-08-10T09:07:46.751064+00:00"}
{"asctime": "2025-08-10 11:07:46,751", "levelname": "INFO", "name": "AresTradingSystem.System.OptimizedDataDownloader", "message": "🎉 CLEAN DOWNLOAD PROCESS COMPLETED", "correlation_id": "-", "session_id": "-", "timestamp": "2025-08-10T09:07:46.751299+00:00"}
{"asctime": "2025-08-10 11:07:46,751", "levelname": "INFO", "name": "AresTradingSystem.System.OptimizedDataDownloader", "message": "📊 FINAL STATISTICS:", "correlation_id": "-", "session_id": "-", "timestamp": "2025-08-10T09:07:46.751502+00:00"}
{"asctime": "2025-08-10 11:07:46,751", "levelname": "INFO", "name": "AresTradingSystem.System.OptimizedDataDownloader", "message": "✅ Successful downloads: 3/3", "correlation_id": "-", "session_id": "-", "timestamp": "2025-08-10T09:07:46.751698+00:00"}
{"asctime": "2025-08-10 11:07:46,751", "levelname": "INFO", "name": "AresTradingSystem.System.OptimizedDataDownloader", "message": "❌ Failed downloads: 0/3", "correlation_id": "-", "session_id": "-", "timestamp": "2025-08-10T09:07:46.751873+00:00"}
{"asctime": "2025-08-10 11:07:46,752", "levelname": "INFO", "name": "AresTradingSystem.System.OptimizedDataDownloader", "message": "⏱️ Total time: 14.14 seconds", "correlation_id": "-", "session_id": "-", "timestamp": "2025-08-10T09:07:46.752016+00:00"}
{"asctime": "2025-08-10 11:07:46,752", "levelname": "INFO", "name": "AresTradingSystem.System.OptimizedDataDownloader", "message": "📈 Klines files downloaded: 0", "correlation_id": "-", "session_id": "-", "timestamp": "2025-08-10T09:07:46.752151+00:00"}
{"asctime": "2025-08-10 11:07:46,752", "levelname": "INFO", "name": "AresTradingSystem.System.OptimizedDataDownloader", "message": "📊 Aggtrades files downloaded: 0", "correlation_id": "-", "session_id": "-", "timestamp": "2025-08-10T09:07:46.752297+00:00"}
{"asctime": "2025-08-10 11:07:46,752", "levelname": "INFO", "name": "AresTradingSystem.System.OptimizedDataDownloader", "message": "📈 Futures files downloaded: 25", "correlation_id": "-", "session_id": "-", "timestamp": "2025-08-10T09:07:46.752854+00:00"}
{"asctime": "2025-08-10 11:07:46,753", "levelname": "INFO", "name": "AresTradingSystem.System.OptimizedDataDownloader", "message": "❌ Total errors: 0", "correlation_id": "-", "session_id": "-", "timestamp": "2025-08-10T09:07:46.753288+00:00"}
{"asctime": "2025-08-10 11:07:46,753", "levelname": "INFO", "name": "AresTradingSystem.System.OptimizedDataDownloader", "message": "🧹 Cleaning up resources...", "correlation_id": "-", "session_id": "-", "timestamp": "2025-08-10T09:07:46.753524+00:00"}
{"asctime": "2025-08-10 11:07:47,007", "levelname": "INFO", "name": "AresTradingSystem.System.OptimizedDataDownloader", "message": "✅ CCXT exchange closed", "correlation_id": "-", "session_id": "-", "timestamp": "2025-08-10T09:07:47.007453+00:00"}
{"asctime": "2025-08-10 11:07:47,007", "levelname": "INFO", "name": "AresTradingSystem.System.OptimizedDataDownloader", "message": "✅ Cleanup completed", "correlation_id": "-", "session_id": "-", "timestamp": "2025-08-10T09:07:47.007636+00:00"}
{"asctime": "2025-08-10 11:07:47,007", "levelname": "INFO", "name": "AresTradingSystem.System.OptimizedDataDownloader", "message": "✅ Clean download completed successfully", "correlation_id": "-", "session_id": "-", "timestamp": "2025-08-10T09:07:47.007713+00:00"}
