{"asctime": "2025-08-10 09:35:29,121", "levelname": "INFO", "name": "AresGlobal", "message": "================================================================================", "correlation_id": "-", "session_id": "-", "timestamp": "2025-08-10T07:35:29.121485+00:00"}
{"asctime": "2025-08-10 09:35:29,121", "levelname": "INFO", "name": "AresGlobal", "message": "📊 SESSION SUMMARY", "correlation_id": "-", "session_id": "-", "timestamp": "2025-08-10T07:35:29.121607+00:00"}
{"asctime": "2025-08-10 09:35:29,121", "levelname": "INFO", "name": "AresGlobal", "message": "Session started: 2025-08-10 09:35:29", "correlation_id": "-", "session_id": "-", "timestamp": "2025-08-10T07:35:29.121687+00:00"}
{"asctime": "2025-08-10 09:35:29,121", "levelname": "INFO", "name": "AresGlobal", "message": "This file contains ALL logs for this session", "correlation_id": "-", "session_id": "-", "timestamp": "2025-08-10T07:35:29.121766+00:00"}
{"asctime": "2025-08-10 09:35:29,121", "levelname": "INFO", "name": "AresGlobal", "message": "================================================================================", "correlation_id": "-", "session_id": "-", "timestamp": "2025-08-10T07:35:29.121826+00:00"}
{"asctime": "2025-08-10 09:35:29,122", "levelname": "INFO", "name": "AresGlobal", "message": "Applied NumPy RNG unpickle compatibility shim (ModelManager)", "correlation_id": "-", "session_id": "-", "timestamp": "2025-08-10T07:35:29.122318+00:00"}
{"asctime": "2025-08-10 09:35:29,122", "levelname": "INFO", "name": "AresGlobal", "message": "[SYSTEM] ================================================================================", "correlation_id": "-", "session_id": "-", "timestamp": "2025-08-10T07:35:29.122523+00:00"}
{"asctime": "2025-08-10 09:35:29,122", "levelname": "INFO", "name": "AresGlobal", "message": "[SYSTEM] 🚀 ARES LAUNCHER STARTED - Mode: INITIALIZATION", "correlation_id": "-", "session_id": "-", "timestamp": "2025-08-10T07:35:29.122712+00:00"}
{"asctime": "2025-08-10 09:35:29,122", "levelname": "INFO", "name": "AresGlobal", "message": "[SYSTEM] Start time: 2025-08-10 09:35:29", "correlation_id": "-", "session_id": "-", "timestamp": "2025-08-10T07:35:29.122859+00:00"}
{"asctime": "2025-08-10 09:35:29,122", "levelname": "INFO", "name": "AresGlobal", "message": "[SYSTEM] Log directory: log", "correlation_id": "-", "session_id": "-", "timestamp": "2025-08-10T07:35:29.122990+00:00"}
{"asctime": "2025-08-10 09:35:29,123", "levelname": "INFO", "name": "AresGlobal", "message": "[SYSTEM] ================================================================================", "correlation_id": "-", "session_id": "-", "timestamp": "2025-08-10T07:35:29.123099+00:00"}
{"asctime": "2025-08-10 09:35:29,123", "levelname": "INFO", "name": "AresGlobal.AresLauncher", "message": "================================================================================", "correlation_id": "-", "session_id": "-", "timestamp": "2025-08-10T07:35:29.123173+00:00"}
{"asctime": "2025-08-10 09:35:29,123", "levelname": "INFO", "name": "AresGlobal.AresLauncher", "message": "🚀 ARES COMPREHENSIVE LAUNCHER", "correlation_id": "-", "session_id": "-", "timestamp": "2025-08-10T07:35:29.123232+00:00"}
{"asctime": "2025-08-10 09:35:29,123", "levelname": "INFO", "name": "AresGlobal.AresLauncher", "message": "================================================================================", "correlation_id": "-", "session_id": "-", "timestamp": "2025-08-10T07:35:29.123289+00:00"}
{"asctime": "2025-08-10 09:35:29,123", "levelname": "INFO", "name": "AresGlobal.AresLauncher", "message": "Start time: 2025-08-10 09:35:29", "correlation_id": "-", "session_id": "-", "timestamp": "2025-08-10T07:35:29.123365+00:00"}
{"asctime": "2025-08-10 09:35:29,123", "levelname": "INFO", "name": "AresGlobal.AresLauncher", "message": "Log directory: log", "correlation_id": "-", "session_id": "-", "timestamp": "2025-08-10T07:35:29.123423+00:00"}
{"asctime": "2025-08-10 09:35:29,123", "levelname": "INFO", "name": "AresGlobal.AresLauncher", "message": "Log level: INFO", "correlation_id": "-", "session_id": "-", "timestamp": "2025-08-10T07:35:29.123477+00:00"}
{"asctime": "2025-08-10 09:35:29,123", "levelname": "INFO", "name": "AresGlobal.AresLauncher", "message": "Global log file: ares_global_20250810_093529.log", "correlation_id": "-", "session_id": "-", "timestamp": "2025-08-10T07:35:29.123549+00:00"}
{"asctime": "2025-08-10 09:35:29,123", "levelname": "INFO", "name": "AresGlobal.AresLauncher", "message": "================================================================================", "correlation_id": "-", "session_id": "-", "timestamp": "2025-08-10T07:35:29.123600+00:00"}
{"asctime": "2025-08-10 09:35:29,123", "levelname": "INFO", "name": "AresGlobal", "message": "[SYSTEM] ================================================================================", "correlation_id": "b4c79d24-d53a-43f8-adc0-b3ea6cf86872", "session_id": "89098c0b-cbb9-4bec-b6ad-9fc067549d15", "timestamp": "2025-08-10T07:35:29.123806+00:00"}
{"asctime": "2025-08-10 09:35:29,123", "levelname": "INFO", "name": "AresGlobal", "message": "[SYSTEM] 🚀 ARES LAUNCHER STARTED - Mode: blank - Symbol: ETHUSDT - Exchange: BINANCE", "correlation_id": "b4c79d24-d53a-43f8-adc0-b3ea6cf86872", "session_id": "89098c0b-cbb9-4bec-b6ad-9fc067549d15", "timestamp": "2025-08-10T07:35:29.123987+00:00"}
{"asctime": "2025-08-10 09:35:29,124", "levelname": "INFO", "name": "AresGlobal", "message": "[SYSTEM] Start time: 2025-08-10 09:35:29", "correlation_id": "b4c79d24-d53a-43f8-adc0-b3ea6cf86872", "session_id": "89098c0b-cbb9-4bec-b6ad-9fc067549d15", "timestamp": "2025-08-10T07:35:29.124351+00:00"}
{"asctime": "2025-08-10 09:35:29,124", "levelname": "INFO", "name": "AresGlobal", "message": "[SYSTEM] Log directory: log", "correlation_id": "b4c79d24-d53a-43f8-adc0-b3ea6cf86872", "session_id": "89098c0b-cbb9-4bec-b6ad-9fc067549d15", "timestamp": "2025-08-10T07:35:29.124571+00:00"}
{"asctime": "2025-08-10 09:35:29,124", "levelname": "INFO", "name": "AresGlobal", "message": "[SYSTEM] ================================================================================", "correlation_id": "b4c79d24-d53a-43f8-adc0-b3ea6cf86872", "session_id": "89098c0b-cbb9-4bec-b6ad-9fc067549d15", "timestamp": "2025-08-10T07:35:29.124746+00:00"}
{"asctime": "2025-08-10 09:35:29,124", "levelname": "INFO", "name": "AresGlobal.AresLauncher", "message": "🚀 Running enhanced 16-step training pipeline for ETHUSDT on BINANCE", "correlation_id": "b4c79d24-d53a-43f8-adc0-b3ea6cf86872", "session_id": "89098c0b-cbb9-4bec-b6ad-9fc067549d15", "timestamp": "2025-08-10T07:35:29.124894+00:00"}
{"asctime": "2025-08-10 09:35:29,125", "levelname": "INFO", "name": "AresGlobal.AresLauncher", "message": "Starting from step: step2_market_regime_classification", "correlation_id": "b4c79d24-d53a-43f8-adc0-b3ea6cf86872", "session_id": "89098c0b-cbb9-4bec-b6ad-9fc067549d15", "timestamp": "2025-08-10T07:35:29.125239+00:00"}
{"asctime": "2025-08-10 09:35:29,125", "levelname": "INFO", "name": "AresGlobal.AresLauncher", "message": "🧪 BLANK TRAINING MODE: Set BLANK_TRAINING_MODE=1 for step-based training", "correlation_id": "b4c79d24-d53a-43f8-adc0-b3ea6cf86872", "session_id": "89098c0b-cbb9-4bec-b6ad-9fc067549d15", "timestamp": "2025-08-10T07:35:29.125590+00:00"}
{"asctime": "2025-08-10 09:35:29,127", "levelname": "INFO", "name": "AresGlobal.AresLauncher", "message": "📁 Using pre-consolidated data for step2", "correlation_id": "b4c79d24-d53a-43f8-adc0-b3ea6cf86872", "session_id": "89098c0b-cbb9-4bec-b6ad-9fc067549d15", "timestamp": "2025-08-10T07:35:29.127345+00:00"}
{"asctime": "2025-08-10 09:35:29,127", "levelname": "INFO", "name": "AresGlobal.AresLauncher", "message": "✅ Found consolidated data: data_cache/aggtrades_BINANCE_ETHUSDT_consolidated.parquet", "correlation_id": "b4c79d24-d53a-43f8-adc0-b3ea6cf86872", "session_id": "89098c0b-cbb9-4bec-b6ad-9fc067549d15", "timestamp": "2025-08-10T07:35:29.127516+00:00"}
{"asctime": "2025-08-10 09:35:29,985", "levelname": "INFO", "name": "AresGlobal.AresLauncher", "message": "📊 Consolidated trade rows: 17744326", "correlation_id": "b4c79d24-d53a-43f8-adc0-b3ea6cf86872", "session_id": "89098c0b-cbb9-4bec-b6ad-9fc067549d15", "timestamp": "2025-08-10T07:35:29.985690+00:00"}
{"asctime": "2025-08-10 09:35:29,989", "levelname": "INFO", "name": "AresGlobal.ProgressManager", "message": "Initialized ProgressManager for ETHUSDT on BINANCE", "correlation_id": "b4c79d24-d53a-43f8-adc0-b3ea6cf86872", "session_id": "89098c0b-cbb9-4bec-b6ad-9fc067549d15", "timestamp": "2025-08-10T07:35:29.989956+00:00"}
{"asctime": "2025-08-10 09:35:29,990", "levelname": "INFO", "name": "AresGlobal.ProgressManager", "message": "Progress directory: data/training/progress/BINANCE_ETHUSDT", "correlation_id": "b4c79d24-d53a-43f8-adc0-b3ea6cf86872", "session_id": "89098c0b-cbb9-4bec-b6ad-9fc067549d15", "timestamp": "2025-08-10T07:35:29.990128+00:00"}
{"asctime": "2025-08-10 09:35:29,990", "levelname": "INFO", "name": "AresGlobal.StepOrchestrator", "message": "Initialized StepOrchestrator for ETHUSDT on BINANCE", "correlation_id": "b4c79d24-d53a-43f8-adc0-b3ea6cf86872", "session_id": "89098c0b-cbb9-4bec-b6ad-9fc067549d15", "timestamp": "2025-08-10T07:35:29.990198+00:00"}
{"asctime": "2025-08-10 09:35:29,990", "levelname": "INFO", "name": "AresGlobal.StepOrchestrator", "message": "🚀 Starting execution from step: step2_market_regime_classification", "correlation_id": "b4c79d24-d53a-43f8-adc0-b3ea6cf86872", "session_id": "89098c0b-cbb9-4bec-b6ad-9fc067549d15", "timestamp": "2025-08-10T07:35:29.990389+00:00"}
{"asctime": "2025-08-10 09:35:31,206", "levelname": "INFO", "name": "AresGlobal.EnhancedTrainingManagerOptimized", "message": "Loaded optimization configuration", "correlation_id": "b4c79d24-d53a-43f8-adc0-b3ea6cf86872", "session_id": "89098c0b-cbb9-4bec-b6ad-9fc067549d15", "timestamp": "2025-08-10T07:35:31.206020+00:00"}
{"asctime": "2025-08-10 09:35:31,208", "levelname": "INFO", "name": "AresGlobal.StepOrchestrator", "message": "✅ Enhanced training manager setup successfully", "correlation_id": "b4c79d24-d53a-43f8-adc0-b3ea6cf86872", "session_id": "89098c0b-cbb9-4bec-b6ad-9fc067549d15", "timestamp": "2025-08-10T07:35:31.208824+00:00"}
{"asctime": "2025-08-10 09:35:31,209", "levelname": "INFO", "name": "AresGlobal.EnhancedTrainingManagerOptimized", "message": "🚀 Initializing Enhanced Training Manager with Optimizations...", "correlation_id": "b4c79d24-d53a-43f8-adc0-b3ea6cf86872", "session_id": "89098c0b-cbb9-4bec-b6ad-9fc067549d15", "timestamp": "2025-08-10T07:35:31.209603+00:00"}
{"asctime": "2025-08-10 09:35:31,219", "levelname": "INFO", "name": "AresGlobal.EnhancedTrainingManagerOptimized", "message": "✅ Parallel backtester initialized with 8 workers", "correlation_id": "b4c79d24-d53a-43f8-adc0-b3ea6cf86872", "session_id": "89098c0b-cbb9-4bec-b6ad-9fc067549d15", "timestamp": "2025-08-10T07:35:31.219488+00:00"}
{"asctime": "2025-08-10 09:35:31,220", "levelname": "INFO", "name": "AresGlobal.EnhancedTrainingManagerOptimized", "message": "✅ All optimization components initialized successfully", "correlation_id": "b4c79d24-d53a-43f8-adc0-b3ea6cf86872", "session_id": "89098c0b-cbb9-4bec-b6ad-9fc067549d15", "timestamp": "2025-08-10T07:35:31.220244+00:00"}
