{"asctime": "2025-08-10 09:44:13,942", "levelname": "INFO", "name": "AresGlobal", "message": "================================================================================", "correlation_id": "-", "session_id": "-", "timestamp": "2025-08-10T07:44:13.942918+00:00"}
{"asctime": "2025-08-10 09:44:13,943", "levelname": "INFO", "name": "AresGlobal", "message": "📊 SESSION SUMMARY", "correlation_id": "-", "session_id": "-", "timestamp": "2025-08-10T07:44:13.943034+00:00"}
{"asctime": "2025-08-10 09:44:13,943", "levelname": "INFO", "name": "AresGlobal", "message": "Session started: 2025-08-10 09:44:13", "correlation_id": "-", "session_id": "-", "timestamp": "2025-08-10T07:44:13.943117+00:00"}
{"asctime": "2025-08-10 09:44:13,943", "levelname": "INFO", "name": "AresGlobal", "message": "This file contains ALL logs for this session", "correlation_id": "-", "session_id": "-", "timestamp": "2025-08-10T07:44:13.943181+00:00"}
{"asctime": "2025-08-10 09:44:13,943", "levelname": "INFO", "name": "AresGlobal", "message": "================================================================================", "correlation_id": "-", "session_id": "-", "timestamp": "2025-08-10T07:44:13.943245+00:00"}
{"asctime": "2025-08-10 09:44:13,943", "levelname": "INFO", "name": "AresGlobal", "message": "Applied NumPy RNG unpickle compatibility shim (ModelManager)", "correlation_id": "-", "session_id": "-", "timestamp": "2025-08-10T07:44:13.943603+00:00"}
{"asctime": "2025-08-10 09:44:13,943", "levelname": "INFO", "name": "AresGlobal", "message": "[SYSTEM] ================================================================================", "correlation_id": "-", "session_id": "-", "timestamp": "2025-08-10T07:44:13.943736+00:00"}
{"asctime": "2025-08-10 09:44:13,943", "levelname": "INFO", "name": "AresGlobal", "message": "[SYSTEM] 🚀 ARES LAUNCHER STARTED - Mode: INITIALIZATION", "correlation_id": "-", "session_id": "-", "timestamp": "2025-08-10T07:44:13.943847+00:00"}
{"asctime": "2025-08-10 09:44:13,943", "levelname": "INFO", "name": "AresGlobal", "message": "[SYSTEM] Start time: 2025-08-10 09:44:13", "correlation_id": "-", "session_id": "-", "timestamp": "2025-08-10T07:44:13.943960+00:00"}
{"asctime": "2025-08-10 09:44:13,944", "levelname": "INFO", "name": "AresGlobal", "message": "[SYSTEM] Log directory: log", "correlation_id": "-", "session_id": "-", "timestamp": "2025-08-10T07:44:13.944063+00:00"}
{"asctime": "2025-08-10 09:44:13,944", "levelname": "INFO", "name": "AresGlobal", "message": "[SYSTEM] ================================================================================", "correlation_id": "-", "session_id": "-", "timestamp": "2025-08-10T07:44:13.944169+00:00"}
{"asctime": "2025-08-10 09:44:13,944", "levelname": "INFO", "name": "AresGlobal.AresLauncher", "message": "================================================================================", "correlation_id": "-", "session_id": "-", "timestamp": "2025-08-10T07:44:13.944222+00:00"}
{"asctime": "2025-08-10 09:44:13,944", "levelname": "INFO", "name": "AresGlobal.AresLauncher", "message": "🚀 ARES COMPREHENSIVE LAUNCHER", "correlation_id": "-", "session_id": "-", "timestamp": "2025-08-10T07:44:13.944276+00:00"}
{"asctime": "2025-08-10 09:44:13,944", "levelname": "INFO", "name": "AresGlobal.AresLauncher", "message": "================================================================================", "correlation_id": "-", "session_id": "-", "timestamp": "2025-08-10T07:44:13.944332+00:00"}
{"asctime": "2025-08-10 09:44:13,944", "levelname": "INFO", "name": "AresGlobal.AresLauncher", "message": "Start time: 2025-08-10 09:44:13", "correlation_id": "-", "session_id": "-", "timestamp": "2025-08-10T07:44:13.944391+00:00"}
{"asctime": "2025-08-10 09:44:13,944", "levelname": "INFO", "name": "AresGlobal.AresLauncher", "message": "Log directory: log", "correlation_id": "-", "session_id": "-", "timestamp": "2025-08-10T07:44:13.944442+00:00"}
{"asctime": "2025-08-10 09:44:13,944", "levelname": "INFO", "name": "AresGlobal.AresLauncher", "message": "Log level: INFO", "correlation_id": "-", "session_id": "-", "timestamp": "2025-08-10T07:44:13.944493+00:00"}
{"asctime": "2025-08-10 09:44:13,944", "levelname": "INFO", "name": "AresGlobal.AresLauncher", "message": "Global log file: ares_global_20250810_094413.log", "correlation_id": "-", "session_id": "-", "timestamp": "2025-08-10T07:44:13.944554+00:00"}
{"asctime": "2025-08-10 09:44:13,944", "levelname": "INFO", "name": "AresGlobal.AresLauncher", "message": "================================================================================", "correlation_id": "-", "session_id": "-", "timestamp": "2025-08-10T07:44:13.944621+00:00"}
{"asctime": "2025-08-10 09:44:13,944", "levelname": "INFO", "name": "AresGlobal", "message": "[SYSTEM] ================================================================================", "correlation_id": "8fc5b194-04f2-43a4-a6ea-7d68e95f1ec9", "session_id": "539b8fe1-b464-4e3e-adb6-527f47f70c03", "timestamp": "2025-08-10T07:44:13.944828+00:00"}
{"asctime": "2025-08-10 09:44:13,944", "levelname": "INFO", "name": "AresGlobal", "message": "[SYSTEM] 🚀 ARES LAUNCHER STARTED - Mode: blank - Symbol: ETHUSDT - Exchange: BINANCE", "correlation_id": "8fc5b194-04f2-43a4-a6ea-7d68e95f1ec9", "session_id": "539b8fe1-b464-4e3e-adb6-527f47f70c03", "timestamp": "2025-08-10T07:44:13.944940+00:00"}
{"asctime": "2025-08-10 09:44:13,945", "levelname": "INFO", "name": "AresGlobal", "message": "[SYSTEM] Start time: 2025-08-10 09:44:13", "correlation_id": "8fc5b194-04f2-43a4-a6ea-7d68e95f1ec9", "session_id": "539b8fe1-b464-4e3e-adb6-527f47f70c03", "timestamp": "2025-08-10T07:44:13.945056+00:00"}
{"asctime": "2025-08-10 09:44:13,945", "levelname": "INFO", "name": "AresGlobal", "message": "[SYSTEM] Log directory: log", "correlation_id": "8fc5b194-04f2-43a4-a6ea-7d68e95f1ec9", "session_id": "539b8fe1-b464-4e3e-adb6-527f47f70c03", "timestamp": "2025-08-10T07:44:13.945157+00:00"}
{"asctime": "2025-08-10 09:44:13,945", "levelname": "INFO", "name": "AresGlobal", "message": "[SYSTEM] ================================================================================", "correlation_id": "8fc5b194-04f2-43a4-a6ea-7d68e95f1ec9", "session_id": "539b8fe1-b464-4e3e-adb6-527f47f70c03", "timestamp": "2025-08-10T07:44:13.945258+00:00"}
{"asctime": "2025-08-10 09:44:13,945", "levelname": "INFO", "name": "AresGlobal.AresLauncher", "message": "🚀 Running enhanced 16-step training pipeline for ETHUSDT on BINANCE", "correlation_id": "8fc5b194-04f2-43a4-a6ea-7d68e95f1ec9", "session_id": "539b8fe1-b464-4e3e-adb6-527f47f70c03", "timestamp": "2025-08-10T07:44:13.945332+00:00"}
{"asctime": "2025-08-10 09:44:13,945", "levelname": "INFO", "name": "AresGlobal.AresLauncher", "message": "Starting from step: step2_market_regime_classification", "correlation_id": "8fc5b194-04f2-43a4-a6ea-7d68e95f1ec9", "session_id": "539b8fe1-b464-4e3e-adb6-527f47f70c03", "timestamp": "2025-08-10T07:44:13.945388+00:00"}
{"asctime": "2025-08-10 09:44:13,945", "levelname": "INFO", "name": "AresGlobal.AresLauncher", "message": "🧪 BLANK TRAINING MODE: Set BLANK_TRAINING_MODE=1 for step-based training", "correlation_id": "8fc5b194-04f2-43a4-a6ea-7d68e95f1ec9", "session_id": "539b8fe1-b464-4e3e-adb6-527f47f70c03", "timestamp": "2025-08-10T07:44:13.945447+00:00"}
{"asctime": "2025-08-10 09:44:13,946", "levelname": "INFO", "name": "AresGlobal.AresLauncher", "message": "📁 Using pre-consolidated data for step2", "correlation_id": "8fc5b194-04f2-43a4-a6ea-7d68e95f1ec9", "session_id": "539b8fe1-b464-4e3e-adb6-527f47f70c03", "timestamp": "2025-08-10T07:44:13.946037+00:00"}
{"asctime": "2025-08-10 09:44:13,946", "levelname": "INFO", "name": "AresGlobal.AresLauncher", "message": "✅ Found consolidated data: data_cache/aggtrades_BINANCE_ETHUSDT_consolidated.parquet", "correlation_id": "8fc5b194-04f2-43a4-a6ea-7d68e95f1ec9", "session_id": "539b8fe1-b464-4e3e-adb6-527f47f70c03", "timestamp": "2025-08-10T07:44:13.946117+00:00"}
{"asctime": "2025-08-10 09:44:14,583", "levelname": "INFO", "name": "AresGlobal.AresLauncher", "message": "📊 Consolidated trade rows: 17744326", "correlation_id": "8fc5b194-04f2-43a4-a6ea-7d68e95f1ec9", "session_id": "539b8fe1-b464-4e3e-adb6-527f47f70c03", "timestamp": "2025-08-10T07:44:14.583564+00:00"}
{"asctime": "2025-08-10 09:44:14,585", "levelname": "INFO", "name": "AresGlobal.ProgressManager", "message": "Initialized ProgressManager for ETHUSDT on BINANCE", "correlation_id": "8fc5b194-04f2-43a4-a6ea-7d68e95f1ec9", "session_id": "539b8fe1-b464-4e3e-adb6-527f47f70c03", "timestamp": "2025-08-10T07:44:14.585800+00:00"}
{"asctime": "2025-08-10 09:44:14,585", "levelname": "INFO", "name": "AresGlobal.ProgressManager", "message": "Progress directory: data/training/progress/BINANCE_ETHUSDT", "correlation_id": "8fc5b194-04f2-43a4-a6ea-7d68e95f1ec9", "session_id": "539b8fe1-b464-4e3e-adb6-527f47f70c03", "timestamp": "2025-08-10T07:44:14.585919+00:00"}
{"asctime": "2025-08-10 09:44:14,585", "levelname": "INFO", "name": "AresGlobal.StepOrchestrator", "message": "Initialized StepOrchestrator for ETHUSDT on BINANCE", "correlation_id": "8fc5b194-04f2-43a4-a6ea-7d68e95f1ec9", "session_id": "539b8fe1-b464-4e3e-adb6-527f47f70c03", "timestamp": "2025-08-10T07:44:14.585993+00:00"}
{"asctime": "2025-08-10 09:44:14,586", "levelname": "INFO", "name": "AresGlobal.StepOrchestrator", "message": "🚀 Starting execution from step: step2_market_regime_classification", "correlation_id": "8fc5b194-04f2-43a4-a6ea-7d68e95f1ec9", "session_id": "539b8fe1-b464-4e3e-adb6-527f47f70c03", "timestamp": "2025-08-10T07:44:14.586167+00:00"}
{"asctime": "2025-08-10 09:44:15,899", "levelname": "INFO", "name": "AresGlobal.EnhancedTrainingManagerOptimized", "message": "Loaded optimization configuration", "correlation_id": "8fc5b194-04f2-43a4-a6ea-7d68e95f1ec9", "session_id": "539b8fe1-b464-4e3e-adb6-527f47f70c03", "timestamp": "2025-08-10T07:44:15.899215+00:00"}
{"asctime": "2025-08-10 09:44:15,902", "levelname": "INFO", "name": "AresGlobal.StepOrchestrator", "message": "✅ Enhanced training manager setup successfully", "correlation_id": "8fc5b194-04f2-43a4-a6ea-7d68e95f1ec9", "session_id": "539b8fe1-b464-4e3e-adb6-527f47f70c03", "timestamp": "2025-08-10T07:44:15.902082+00:00"}
{"asctime": "2025-08-10 09:44:15,902", "levelname": "INFO", "name": "AresGlobal.EnhancedTrainingManagerOptimized", "message": "🚀 Initializing Enhanced Training Manager with Optimizations...", "correlation_id": "8fc5b194-04f2-43a4-a6ea-7d68e95f1ec9", "session_id": "539b8fe1-b464-4e3e-adb6-527f47f70c03", "timestamp": "2025-08-10T07:44:15.902849+00:00"}
{"asctime": "2025-08-10 09:44:15,913", "levelname": "INFO", "name": "AresGlobal.EnhancedTrainingManagerOptimized", "message": "✅ Parallel backtester initialized with 8 workers", "correlation_id": "8fc5b194-04f2-43a4-a6ea-7d68e95f1ec9", "session_id": "539b8fe1-b464-4e3e-adb6-527f47f70c03", "timestamp": "2025-08-10T07:44:15.913385+00:00"}
{"asctime": "2025-08-10 09:44:15,914", "levelname": "INFO", "name": "AresGlobal.EnhancedTrainingManagerOptimized", "message": "✅ All optimization components initialized successfully", "correlation_id": "8fc5b194-04f2-43a4-a6ea-7d68e95f1ec9", "session_id": "539b8fe1-b464-4e3e-adb6-527f47f70c03", "timestamp": "2025-08-10T07:44:15.914069+00:00"}
