{"asctime": "2025-08-11 12:11:23,423", "levelname": "INFO", "name": "AresTradingSystem", "message": "✅ Enhanced Logger initialization completed successfully", "correlation_id": "-", "session_id": "-", "timestamp": "2025-08-11T10:11:23.423470+00:00"}
{"asctime": "2025-08-11 12:11:23,477", "levelname": "INFO", "name": "AresTradingSystem.System.VectorizedAdvancedFeatureEngineering", "message": "🚀 Initializing vectorized advanced feature engineering...", "correlation_id": "-", "session_id": "-", "timestamp": "2025-08-11T10:11:23.477080+00:00"}
{"asctime": "2025-08-11 12:11:23,477", "levelname": "INFO", "name": "AresTradingSystem.System.WaveletFeatureCache", "message": "✅ Cache directory initialized: data/wavelet_cache", "correlation_id": "-", "session_id": "-", "timestamp": "2025-08-11T10:11:23.477536+00:00"}
{"asctime": "2025-08-11 12:11:23,477", "levelname": "INFO", "name": "AresTradingSystem.System.VectorizedVolatilityRegimeModel", "message": "🚀 Initializing vectorized volatility regime model...", "correlation_id": "-", "session_id": "-", "timestamp": "2025-08-11T10:11:23.477668+00:00"}
{"asctime": "2025-08-11 12:11:23,477", "levelname": "INFO", "name": "AresTradingSystem.System.VectorizedVolatilityRegimeModel", "message": "✅ Vectorized volatility regime model initialized successfully", "correlation_id": "-", "session_id": "-", "timestamp": "2025-08-11T10:11:23.477768+00:00"}
{"asctime": "2025-08-11 12:11:23,477", "levelname": "INFO", "name": "AresTradingSystem.System.VectorizedCorrelationAnalyzer", "message": "🚀 Initializing vectorized correlation analyzer...", "correlation_id": "-", "session_id": "-", "timestamp": "2025-08-11T10:11:23.477869+00:00"}
{"asctime": "2025-08-11 12:11:23,477", "levelname": "INFO", "name": "AresTradingSystem.System.VectorizedCorrelationAnalyzer", "message": "✅ Vectorized correlation analyzer initialized successfully", "correlation_id": "-", "session_id": "-", "timestamp": "2025-08-11T10:11:23.477957+00:00"}
{"asctime": "2025-08-11 12:11:23,478", "levelname": "INFO", "name": "AresTradingSystem.System.VectorizedMomentumAnalyzer", "message": "🚀 Initializing vectorized momentum analyzer...", "correlation_id": "-", "session_id": "-", "timestamp": "2025-08-11T10:11:23.478048+00:00"}
{"asctime": "2025-08-11 12:11:23,478", "levelname": "INFO", "name": "AresTradingSystem.System.VectorizedMomentumAnalyzer", "message": "✅ Vectorized momentum analyzer initialized successfully", "correlation_id": "-", "session_id": "-", "timestamp": "2025-08-11T10:11:23.478132+00:00"}
{"asctime": "2025-08-11 12:11:23,478", "levelname": "INFO", "name": "AresTradingSystem.System.VectorizedLiquidityAnalyzer", "message": "🚀 Initializing vectorized liquidity analyzer...", "correlation_id": "-", "session_id": "-", "timestamp": "2025-08-11T10:11:23.478220+00:00"}
{"asctime": "2025-08-11 12:11:23,478", "levelname": "INFO", "name": "AresTradingSystem.System.VectorizedLiquidityAnalyzer", "message": "✅ Vectorized liquidity analyzer initialized successfully", "correlation_id": "-", "session_id": "-", "timestamp": "2025-08-11T10:11:23.478302+00:00"}
{"asctime": "2025-08-11 12:11:23,478", "levelname": "INFO", "name": "AresTradingSystem.System.VectorizedCandlestickPatternAnalyzer", "message": "🚀 Initializing vectorized candlestick pattern analyzer...", "correlation_id": "-", "session_id": "-", "timestamp": "2025-08-11T10:11:23.478395+00:00"}
{"asctime": "2025-08-11 12:11:23,478", "levelname": "INFO", "name": "AresTradingSystem.System.VectorizedCandlestickPatternAnalyzer", "message": "✅ Vectorized candlestick pattern analyzer initialized successfully", "correlation_id": "-", "session_id": "-", "timestamp": "2025-08-11T10:11:23.478477+00:00"}
{"asctime": "2025-08-11 12:11:23,478", "levelname": "INFO", "name": "AresTradingSystem.System.VectorizedSRDistanceCalculator", "message": "🚀 Initializing vectorized S/R distance calculator...", "correlation_id": "-", "session_id": "-", "timestamp": "2025-08-11T10:11:23.478565+00:00"}
{"asctime": "2025-08-11 12:11:23,478", "levelname": "INFO", "name": "AresTradingSystem.System.VectorizedSRDistanceCalculator", "message": "✅ Vectorized S/R distance calculator initialized successfully", "correlation_id": "-", "session_id": "-", "timestamp": "2025-08-11T10:11:23.478647+00:00"}
{"asctime": "2025-08-11 12:11:23,478", "levelname": "INFO", "name": "AresTradingSystem.System.VectorizedWaveletTransformAnalyzer", "message": "🚀 Initializing enhanced vectorized wavelet transform analyzer...", "correlation_id": "-", "session_id": "-", "timestamp": "2025-08-11T10:11:23.478805+00:00"}
{"asctime": "2025-08-11 12:11:23,478", "levelname": "WARNING", "name": "AresTradingSystem.System.VectorizedWaveletTransformAnalyzer", "message": "Invalid feature_selection_method 'wavelet_optimized', using 'variance'", "correlation_id": "-", "session_id": "-", "timestamp": "2025-08-11T10:11:23.478895+00:00"}
{"asctime": "2025-08-11 12:11:23,478", "levelname": "INFO", "name": "AresTradingSystem.System.VectorizedWaveletTransformAnalyzer", "message": "✅ Enhanced vectorized wavelet transform analyzer initialized successfully", "correlation_id": "-", "session_id": "-", "timestamp": "2025-08-11T10:11:23.478980+00:00"}
{"asctime": "2025-08-11 12:11:23,479", "levelname": "INFO", "name": "AresTradingSystem.System.VectorizedWaveletTransformAnalyzer", "message": "📊 Configuration: padding_mode=symmetric, cwt_scale_method=logarithmic, max_features_per_wavelet=50", "correlation_id": "-", "session_id": "-", "timestamp": "2025-08-11T10:11:23.479065+00:00"}
{"asctime": "2025-08-11 12:11:23,480", "levelname": "INFO", "name": "AresTradingSystem.System.MetaLabelingSystem", "message": "🚀 Initializing meta-labeling system...", "correlation_id": "-", "session_id": "-", "timestamp": "2025-08-11T10:11:23.480511+00:00"}
{"asctime": "2025-08-11 12:11:23,480", "levelname": "INFO", "name": "AresTradingSystem.System.MetaLabelingSystem", "message": "✅ Meta-labeling system initialized successfully", "correlation_id": "-", "session_id": "-", "timestamp": "2025-08-11T10:11:23.480666+00:00"}
{"asctime": "2025-08-11 12:11:23,480", "levelname": "INFO", "name": "AresTradingSystem.System.VectorizedAdvancedFeatureEngineering", "message": "✅ Vectorized advanced feature engineering initialized successfully", "correlation_id": "-", "session_id": "-", "timestamp": "2025-08-11T10:11:23.480801+00:00"}
