{"asctime": "2025-08-10 09:41:24,349", "levelname": "INFO", "name": "AresGlobal", "message": "================================================================================", "correlation_id": "-", "session_id": "-", "timestamp": "2025-08-10T07:41:24.349305+00:00"}
{"asctime": "2025-08-10 09:41:24,349", "levelname": "INFO", "name": "AresGlobal", "message": "📊 SESSION SUMMARY", "correlation_id": "-", "session_id": "-", "timestamp": "2025-08-10T07:41:24.349407+00:00"}
{"asctime": "2025-08-10 09:41:24,349", "levelname": "INFO", "name": "AresGlobal", "message": "Session started: 2025-08-10 09:41:24", "correlation_id": "-", "session_id": "-", "timestamp": "2025-08-10T07:41:24.349480+00:00"}
{"asctime": "2025-08-10 09:41:24,349", "levelname": "INFO", "name": "AresGlobal", "message": "This file contains ALL logs for this session", "correlation_id": "-", "session_id": "-", "timestamp": "2025-08-10T07:41:24.349535+00:00"}
{"asctime": "2025-08-10 09:41:24,349", "levelname": "INFO", "name": "AresGlobal", "message": "================================================================================", "correlation_id": "-", "session_id": "-", "timestamp": "2025-08-10T07:41:24.349587+00:00"}
{"asctime": "2025-08-10 09:41:24,350", "levelname": "INFO", "name": "AresGlobal", "message": "Applied NumPy RNG unpickle compatibility shim (ModelManager)", "correlation_id": "-", "session_id": "-", "timestamp": "2025-08-10T07:41:24.350085+00:00"}
{"asctime": "2025-08-10 09:41:24,350", "levelname": "INFO", "name": "AresGlobal", "message": "[SYSTEM] ================================================================================", "correlation_id": "-", "session_id": "-", "timestamp": "2025-08-10T07:41:24.350275+00:00"}
{"asctime": "2025-08-10 09:41:24,350", "levelname": "INFO", "name": "AresGlobal", "message": "[SYSTEM] 🚀 ARES LAUNCHER STARTED - Mode: INITIALIZATION", "correlation_id": "-", "session_id": "-", "timestamp": "2025-08-10T07:41:24.350399+00:00"}
{"asctime": "2025-08-10 09:41:24,350", "levelname": "INFO", "name": "AresGlobal", "message": "[SYSTEM] Start time: 2025-08-10 09:41:24", "correlation_id": "-", "session_id": "-", "timestamp": "2025-08-10T07:41:24.350521+00:00"}
{"asctime": "2025-08-10 09:41:24,350", "levelname": "INFO", "name": "AresGlobal", "message": "[SYSTEM] Log directory: log", "correlation_id": "-", "session_id": "-", "timestamp": "2025-08-10T07:41:24.350628+00:00"}
{"asctime": "2025-08-10 09:41:24,350", "levelname": "INFO", "name": "AresGlobal", "message": "[SYSTEM] ================================================================================", "correlation_id": "-", "session_id": "-", "timestamp": "2025-08-10T07:41:24.350731+00:00"}
{"asctime": "2025-08-10 09:41:24,350", "levelname": "INFO", "name": "AresGlobal.AresLauncher", "message": "================================================================================", "correlation_id": "-", "session_id": "-", "timestamp": "2025-08-10T07:41:24.350785+00:00"}
{"asctime": "2025-08-10 09:41:24,351", "levelname": "INFO", "name": "AresGlobal.AresLauncher", "message": "🚀 ARES COMPREHENSIVE LAUNCHER", "correlation_id": "-", "session_id": "-", "timestamp": "2025-08-10T07:41:24.351038+00:00"}
{"asctime": "2025-08-10 09:41:24,351", "levelname": "INFO", "name": "AresGlobal.AresLauncher", "message": "================================================================================", "correlation_id": "-", "session_id": "-", "timestamp": "2025-08-10T07:41:24.351131+00:00"}
{"asctime": "2025-08-10 09:41:24,351", "levelname": "INFO", "name": "AresGlobal.AresLauncher", "message": "Start time: 2025-08-10 09:41:24", "correlation_id": "-", "session_id": "-", "timestamp": "2025-08-10T07:41:24.351203+00:00"}
{"asctime": "2025-08-10 09:41:24,351", "levelname": "INFO", "name": "AresGlobal.AresLauncher", "message": "Log directory: log", "correlation_id": "-", "session_id": "-", "timestamp": "2025-08-10T07:41:24.351261+00:00"}
{"asctime": "2025-08-10 09:41:24,351", "levelname": "INFO", "name": "AresGlobal.AresLauncher", "message": "Log level: INFO", "correlation_id": "-", "session_id": "-", "timestamp": "2025-08-10T07:41:24.351379+00:00"}
{"asctime": "2025-08-10 09:41:24,351", "levelname": "INFO", "name": "AresGlobal.AresLauncher", "message": "Global log file: ares_global_20250810_094124.log", "correlation_id": "-", "session_id": "-", "timestamp": "2025-08-10T07:41:24.351470+00:00"}
{"asctime": "2025-08-10 09:41:24,351", "levelname": "INFO", "name": "AresGlobal.AresLauncher", "message": "================================================================================", "correlation_id": "-", "session_id": "-", "timestamp": "2025-08-10T07:41:24.351526+00:00"}
{"asctime": "2025-08-10 09:41:24,351", "levelname": "INFO", "name": "AresGlobal", "message": "[SYSTEM] ================================================================================", "correlation_id": "3e9cdab0-eaa2-4f91-86a1-d43d22eefc93", "session_id": "892f0867-8a68-4d56-be4c-54c3138f83dc", "timestamp": "2025-08-10T07:41:24.351730+00:00"}
{"asctime": "2025-08-10 09:41:24,351", "levelname": "INFO", "name": "AresGlobal", "message": "[SYSTEM] 🚀 ARES LAUNCHER STARTED - Mode: blank - Symbol: ETHUSDT - Exchange: BINANCE", "correlation_id": "3e9cdab0-eaa2-4f91-86a1-d43d22eefc93", "session_id": "892f0867-8a68-4d56-be4c-54c3138f83dc", "timestamp": "2025-08-10T07:41:24.351841+00:00"}
{"asctime": "2025-08-10 09:41:24,351", "levelname": "INFO", "name": "AresGlobal", "message": "[SYSTEM] Start time: 2025-08-10 09:41:24", "correlation_id": "3e9cdab0-eaa2-4f91-86a1-d43d22eefc93", "session_id": "892f0867-8a68-4d56-be4c-54c3138f83dc", "timestamp": "2025-08-10T07:41:24.351951+00:00"}
{"asctime": "2025-08-10 09:41:24,352", "levelname": "INFO", "name": "AresGlobal", "message": "[SYSTEM] Log directory: log", "correlation_id": "3e9cdab0-eaa2-4f91-86a1-d43d22eefc93", "session_id": "892f0867-8a68-4d56-be4c-54c3138f83dc", "timestamp": "2025-08-10T07:41:24.352051+00:00"}
{"asctime": "2025-08-10 09:41:24,352", "levelname": "INFO", "name": "AresGlobal", "message": "[SYSTEM] ================================================================================", "correlation_id": "3e9cdab0-eaa2-4f91-86a1-d43d22eefc93", "session_id": "892f0867-8a68-4d56-be4c-54c3138f83dc", "timestamp": "2025-08-10T07:41:24.352149+00:00"}
{"asctime": "2025-08-10 09:41:24,352", "levelname": "INFO", "name": "AresGlobal.AresLauncher", "message": "🚀 Running enhanced 16-step training pipeline for ETHUSDT on BINANCE", "correlation_id": "3e9cdab0-eaa2-4f91-86a1-d43d22eefc93", "session_id": "892f0867-8a68-4d56-be4c-54c3138f83dc", "timestamp": "2025-08-10T07:41:24.352221+00:00"}
{"asctime": "2025-08-10 09:41:24,352", "levelname": "INFO", "name": "AresGlobal.AresLauncher", "message": "Starting from step: step2_market_regime_classification", "correlation_id": "3e9cdab0-eaa2-4f91-86a1-d43d22eefc93", "session_id": "892f0867-8a68-4d56-be4c-54c3138f83dc", "timestamp": "2025-08-10T07:41:24.352286+00:00"}
{"asctime": "2025-08-10 09:41:24,352", "levelname": "INFO", "name": "AresGlobal.AresLauncher", "message": "🧪 BLANK TRAINING MODE: Set BLANK_TRAINING_MODE=1 for step-based training", "correlation_id": "3e9cdab0-eaa2-4f91-86a1-d43d22eefc93", "session_id": "892f0867-8a68-4d56-be4c-54c3138f83dc", "timestamp": "2025-08-10T07:41:24.352344+00:00"}
{"asctime": "2025-08-10 09:41:24,353", "levelname": "INFO", "name": "AresGlobal.AresLauncher", "message": "📁 Using pre-consolidated data for step2", "correlation_id": "3e9cdab0-eaa2-4f91-86a1-d43d22eefc93", "session_id": "892f0867-8a68-4d56-be4c-54c3138f83dc", "timestamp": "2025-08-10T07:41:24.353497+00:00"}
{"asctime": "2025-08-10 09:41:24,353", "levelname": "INFO", "name": "AresGlobal.AresLauncher", "message": "✅ Found consolidated data: data_cache/aggtrades_BINANCE_ETHUSDT_consolidated.parquet", "correlation_id": "3e9cdab0-eaa2-4f91-86a1-d43d22eefc93", "session_id": "892f0867-8a68-4d56-be4c-54c3138f83dc", "timestamp": "2025-08-10T07:41:24.353608+00:00"}
{"asctime": "2025-08-10 09:41:25,188", "levelname": "INFO", "name": "AresGlobal.AresLauncher", "message": "📊 Consolidated trade rows: 17744326", "correlation_id": "3e9cdab0-eaa2-4f91-86a1-d43d22eefc93", "session_id": "892f0867-8a68-4d56-be4c-54c3138f83dc", "timestamp": "2025-08-10T07:41:25.188970+00:00"}
{"asctime": "2025-08-10 09:41:25,191", "levelname": "INFO", "name": "AresGlobal.ProgressManager", "message": "Initialized ProgressManager for ETHUSDT on BINANCE", "correlation_id": "3e9cdab0-eaa2-4f91-86a1-d43d22eefc93", "session_id": "892f0867-8a68-4d56-be4c-54c3138f83dc", "timestamp": "2025-08-10T07:41:25.191138+00:00"}
{"asctime": "2025-08-10 09:41:25,191", "levelname": "INFO", "name": "AresGlobal.ProgressManager", "message": "Progress directory: data/training/progress/BINANCE_ETHUSDT", "correlation_id": "3e9cdab0-eaa2-4f91-86a1-d43d22eefc93", "session_id": "892f0867-8a68-4d56-be4c-54c3138f83dc", "timestamp": "2025-08-10T07:41:25.191257+00:00"}
{"asctime": "2025-08-10 09:41:25,191", "levelname": "INFO", "name": "AresGlobal.StepOrchestrator", "message": "Initialized StepOrchestrator for ETHUSDT on BINANCE", "correlation_id": "3e9cdab0-eaa2-4f91-86a1-d43d22eefc93", "session_id": "892f0867-8a68-4d56-be4c-54c3138f83dc", "timestamp": "2025-08-10T07:41:25.191334+00:00"}
{"asctime": "2025-08-10 09:41:25,191", "levelname": "INFO", "name": "AresGlobal.StepOrchestrator", "message": "🚀 Starting execution from step: step2_market_regime_classification", "correlation_id": "3e9cdab0-eaa2-4f91-86a1-d43d22eefc93", "session_id": "892f0867-8a68-4d56-be4c-54c3138f83dc", "timestamp": "2025-08-10T07:41:25.191512+00:00"}
{"asctime": "2025-08-10 09:41:26,776", "levelname": "INFO", "name": "AresGlobal.EnhancedTrainingManagerOptimized", "message": "Loaded optimization configuration", "correlation_id": "3e9cdab0-eaa2-4f91-86a1-d43d22eefc93", "session_id": "892f0867-8a68-4d56-be4c-54c3138f83dc", "timestamp": "2025-08-10T07:41:26.776785+00:00"}
{"asctime": "2025-08-10 09:41:26,779", "levelname": "INFO", "name": "AresGlobal.StepOrchestrator", "message": "✅ Enhanced training manager setup successfully", "correlation_id": "3e9cdab0-eaa2-4f91-86a1-d43d22eefc93", "session_id": "892f0867-8a68-4d56-be4c-54c3138f83dc", "timestamp": "2025-08-10T07:41:26.779403+00:00"}
{"asctime": "2025-08-10 09:41:26,780", "levelname": "INFO", "name": "AresGlobal.EnhancedTrainingManagerOptimized", "message": "🚀 Initializing Enhanced Training Manager with Optimizations...", "correlation_id": "3e9cdab0-eaa2-4f91-86a1-d43d22eefc93", "session_id": "892f0867-8a68-4d56-be4c-54c3138f83dc", "timestamp": "2025-08-10T07:41:26.780103+00:00"}
{"asctime": "2025-08-10 09:41:26,791", "levelname": "INFO", "name": "AresGlobal.EnhancedTrainingManagerOptimized", "message": "✅ Parallel backtester initialized with 8 workers", "correlation_id": "3e9cdab0-eaa2-4f91-86a1-d43d22eefc93", "session_id": "892f0867-8a68-4d56-be4c-54c3138f83dc", "timestamp": "2025-08-10T07:41:26.791659+00:00"}
{"asctime": "2025-08-10 09:41:26,792", "levelname": "INFO", "name": "AresGlobal.EnhancedTrainingManagerOptimized", "message": "✅ All optimization components initialized successfully", "correlation_id": "3e9cdab0-eaa2-4f91-86a1-d43d22eefc93", "session_id": "892f0867-8a68-4d56-be4c-54c3138f83dc", "timestamp": "2025-08-10T07:41:26.792203+00:00"}
