{"asctime": "2025-08-11 13:51:57,826", "levelname": "INFO", "name": "AresGlobal", "message": "================================================================================", "correlation_id": "-", "session_id": "-", "timestamp": "2025-08-11T11:51:57.826001+00:00"}
{"asctime": "2025-08-11 13:51:57,826", "levelname": "INFO", "name": "AresGlobal", "message": "ðŸ“Š SESSION SUMMARY", "correlation_id": "-", "session_id": "-", "timestamp": "2025-08-11T11:51:57.826118+00:00"}
{"asctime": "2025-08-11 13:51:57,826", "levelname": "INFO", "name": "AresGlobal", "message": "Session started: 2025-08-11 13:51:57", "correlation_id": "-", "session_id": "-", "timestamp": "2025-08-11T11:51:57.826200+00:00"}
{"asctime": "2025-08-11 13:51:57,826", "levelname": "INFO", "name": "AresGlobal", "message": "This file contains ALL logs for this session", "correlation_id": "-", "session_id": "-", "timestamp": "2025-08-11T11:51:57.826263+00:00"}
{"asctime": "2025-08-11 13:51:57,826", "levelname": "INFO", "name": "AresGlobal", "message": "================================================================================", "correlation_id": "-", "session_id": "-", "timestamp": "2025-08-11T11:51:57.826327+00:00"}
{"asctime": "2025-08-11 13:51:57,826", "levelname": "INFO", "name": "AresGlobal", "message": "[SYSTEM] ================================================================================", "correlation_id": "-", "session_id": "-", "timestamp": "2025-08-11T11:51:57.826504+00:00"}
{"asctime": "2025-08-11 13:51:57,826", "levelname": "INFO", "name": "AresGlobal", "message": "[SYSTEM] ðŸš€ ARES LAUNCHER STARTED - Mode: INITIALIZATION", "correlation_id": "-", "session_id": "-", "timestamp": "2025-08-11T11:51:57.826628+00:00"}
{"asctime": "2025-08-11 13:51:57,826", "levelname": "INFO", "name": "AresGlobal", "message": "[SYSTEM] Start time: 2025-08-11 13:51:57", "correlation_id": "-", "session_id": "-", "timestamp": "2025-08-11T11:51:57.826757+00:00"}
{"asctime": "2025-08-11 13:51:57,826", "levelname": "INFO", "name": "AresGlobal", "message": "[SYSTEM] Log directory: log", "correlation_id": "-", "session_id": "-", "timestamp": "2025-08-11T11:51:57.826884+00:00"}
{"asctime": "2025-08-11 13:51:57,826", "levelname": "INFO", "name": "AresGlobal", "message": "[SYSTEM] ================================================================================", "correlation_id": "-", "session_id": "-", "timestamp": "2025-08-11T11:51:57.826999+00:00"}
{"asctime": "2025-08-11 13:51:57,827", "levelname": "INFO", "name": "AresGlobal.AresLauncher", "message": "================================================================================", "correlation_id": "-", "session_id": "-", "timestamp": "2025-08-11T11:51:57.827059+00:00"}
{"asctime": "2025-08-11 13:51:57,827", "levelname": "INFO", "name": "AresGlobal.AresLauncher", "message": "ðŸš€ ARES COMPREHENSIVE LAUNCHER", "correlation_id": "-", "session_id": "-", "timestamp": "2025-08-11T11:51:57.827119+00:00"}
{"asctime": "2025-08-11 13:51:57,827", "levelname": "INFO", "name": "AresGlobal.AresLauncher", "message": "================================================================================", "correlation_id": "-", "session_id": "-", "timestamp": "2025-08-11T11:51:57.827181+00:00"}
{"asctime": "2025-08-11 13:51:57,827", "levelname": "INFO", "name": "AresGlobal.AresLauncher", "message": "Start time: 2025-08-11 13:51:57", "correlation_id": "-", "session_id": "-", "timestamp": "2025-08-11T11:51:57.827247+00:00"}
{"asctime": "2025-08-11 13:51:57,827", "levelname": "INFO", "name": "AresGlobal.AresLauncher", "message": "Log directory: log", "correlation_id": "-", "session_id": "-", "timestamp": "2025-08-11T11:51:57.827305+00:00"}
{"asctime": "2025-08-11 13:51:57,827", "levelname": "INFO", "name": "AresGlobal.AresLauncher", "message": "Log level: INFO", "correlation_id": "-", "session_id": "-", "timestamp": "2025-08-11T11:51:57.827364+00:00"}
{"asctime": "2025-08-11 13:51:57,827", "levelname": "INFO", "name": "AresGlobal.AresLauncher", "message": "Global log file: ares_global_20250811_135157.log", "correlation_id": "-", "session_id": "-", "timestamp": "2025-08-11T11:51:57.827427+00:00"}
{"asctime": "2025-08-11 13:51:57,827", "levelname": "INFO", "name": "AresGlobal.AresLauncher", "message": "================================================================================", "correlation_id": "-", "session_id": "-", "timestamp": "2025-08-11T11:51:57.827493+00:00"}
{"asctime": "2025-08-11 13:51:57,827", "levelname": "INFO", "name": "AresGlobal", "message": "[SYSTEM] ================================================================================", "correlation_id": "-", "session_id": "-", "timestamp": "2025-08-11T11:51:57.827673+00:00"}
{"asctime": "2025-08-11 13:51:57,827", "levelname": "INFO", "name": "AresGlobal", "message": "[SYSTEM] ðŸš€ ARES LAUNCHER STARTED - Mode: blank - Symbol: ETHUSDT - Exchange: BINANCE", "correlation_id": "-", "session_id": "-", "timestamp": "2025-08-11T11:51:57.827789+00:00"}
{"asctime": "2025-08-11 13:51:57,827", "levelname": "INFO", "name": "AresGlobal", "message": "[SYSTEM] Start time: 2025-08-11 13:51:57", "correlation_id": "-", "session_id": "-", "timestamp": "2025-08-11T11:51:57.827913+00:00"}
{"asctime": "2025-08-11 13:51:57,828", "levelname": "INFO", "name": "AresGlobal", "message": "[SYSTEM] Log directory: log", "correlation_id": "-", "session_id": "-", "timestamp": "2025-08-11T11:51:57.828032+00:00"}
{"asctime": "2025-08-11 13:51:57,828", "levelname": "INFO", "name": "AresGlobal", "message": "[SYSTEM] ================================================================================", "correlation_id": "-", "session_id": "-", "timestamp": "2025-08-11T11:51:57.828149+00:00"}
{"asctime": "2025-08-11 13:51:57,828", "levelname": "INFO", "name": "AresGlobal.AresLauncher", "message": "ðŸš€ Running enhanced 16-step training pipeline for ETHUSDT on BINANCE", "correlation_id": "-", "session_id": "-", "timestamp": "2025-08-11T11:51:57.828233+00:00"}
{"asctime": "2025-08-11 13:51:57,828", "levelname": "INFO", "name": "AresGlobal.AresLauncher", "message": "Starting from step: step4_analyst_labeling_feature_engineering", "correlation_id": "-", "session_id": "-", "timestamp": "2025-08-11T11:51:57.828297+00:00"}
{"asctime": "2025-08-11 13:51:57,828", "levelname": "INFO", "name": "AresGlobal.AresLauncher", "message": "ðŸ§ª BLANK TRAINING MODE: Set BLANK_TRAINING_MODE=1 for step-based training", "correlation_id": "-", "session_id": "-", "timestamp": "2025-08-11T11:51:57.828360+00:00"}
{"asctime": "2025-08-11 13:51:57,829", "levelname": "INFO", "name": "AresGlobal.ProgressManager", "message": "Initialized ProgressManager for ETHUSDT on BINANCE", "correlation_id": "-", "session_id": "-", "timestamp": "2025-08-11T11:51:57.829827+00:00"}
{"asctime": "2025-08-11 13:51:57,829", "levelname": "INFO", "name": "AresGlobal.ProgressManager", "message": "Progress directory: data/training/progress/BINANCE_ETHUSDT", "correlation_id": "-", "session_id": "-", "timestamp": "2025-08-11T11:51:57.829916+00:00"}
{"asctime": "2025-08-11 13:51:57,829", "levelname": "INFO", "name": "AresGlobal.StepOrchestrator", "message": "Initialized StepOrchestrator for ETHUSDT on BINANCE", "correlation_id": "-", "session_id": "-", "timestamp": "2025-08-11T11:51:57.829982+00:00"}
{"asctime": "2025-08-11 13:51:57,830", "levelname": "INFO", "name": "AresGlobal.StepOrchestrator", "message": "ðŸš€ Starting execution from step: step4_analyst_labeling_feature_engineering", "correlation_id": "-", "session_id": "-", "timestamp": "2025-08-11T11:51:57.830239+00:00"}
{"asctime": "2025-08-11 13:52:00,012", "levelname": "INFO", "name": "AresGlobal.AresLauncher", "message": "ðŸ§¹ Cleaning up processes...", "correlation_id": "-", "session_id": "-", "timestamp": "2025-08-11T11:52:00.012272+00:00"}
{"asctime": "2025-08-11 13:52:00,012", "levelname": "INFO", "name": "AresGlobal.AresLauncher", "message": "âœ… Cleanup completed", "correlation_id": "-", "session_id": "-", "timestamp": "2025-08-11T11:52:00.012539+00:00"}
{"asctime": "2025-08-11 13:52:01,390", "levelname": "INFO", "name": "AresGlobal.EnhancedTrainingManager", "message": "Loaded optimization configuration", "correlation_id": "-", "session_id": "-", "timestamp": "2025-08-11T11:52:01.390408+00:00"}
{"asctime": "2025-08-11 13:52:01,390", "levelname": "INFO", "name": "AresGlobal.EnhancedTrainingManagerOptimized", "message": "Loaded optimization configuration", "correlation_id": "-", "session_id": "-", "timestamp": "2025-08-11T11:52:01.390966+00:00"}
{"asctime": "2025-08-11 13:52:01,391", "levelname": "INFO", "name": "AresGlobal.EnhancedTrainingManager", "message": "ðŸš€ Initializing Enhanced Training Manager...", "correlation_id": "-", "session_id": "-", "timestamp": "2025-08-11T11:52:01.391092+00:00"}
{"asctime": "2025-08-11 13:52:01,391", "levelname": "INFO", "name": "AresGlobal.EnhancedTrainingManager", "message": "ðŸ“Š Blank training mode: False", "correlation_id": "-", "session_id": "-", "timestamp": "2025-08-11T11:52:01.391274+00:00"}
{"asctime": "2025-08-11 13:52:01,391", "levelname": "INFO", "name": "AresGlobal.EnhancedTrainingManager", "message": "ðŸ”§ Max trials: 200", "correlation_id": "-", "session_id": "-", "timestamp": "2025-08-11T11:52:01.391468+00:00"}
{"asctime": "2025-08-11 13:52:01,391", "levelname": "INFO", "name": "AresGlobal.EnhancedTrainingManager", "message": "ðŸ”§ N trials: 100", "correlation_id": "-", "session_id": "-", "timestamp": "2025-08-11T11:52:01.391752+00:00"}
{"asctime": "2025-08-11 13:52:01,392", "levelname": "INFO", "name": "AresGlobal.EnhancedTrainingManager", "message": "ðŸ“ˆ Lookback days: 30", "correlation_id": "-", "session_id": "-", "timestamp": "2025-08-11T11:52:01.392059+00:00"}
{"asctime": "2025-08-11 13:52:01,392", "levelname": "INFO", "name": "AresGlobal.EnhancedTrainingManager", "message": "ðŸš€ Computational optimization: True", "correlation_id": "-", "session_id": "-", "timestamp": "2025-08-11T11:52:01.392448+00:00"}
{"asctime": "2025-08-11 13:52:01,392", "levelname": "INFO", "name": "AresGlobal.EnhancedTrainingManager", "message": "ðŸ“Š Resource Analysis:", "correlation_id": "-", "session_id": "-", "timestamp": "2025-08-11T11:52:01.392896+00:00"}
{"asctime": "2025-08-11 13:52:01,393", "levelname": "INFO", "name": "AresGlobal.EnhancedTrainingManager", "message": "   ðŸ’¾ System Memory: 16.0 GB", "correlation_id": "-", "session_id": "-", "timestamp": "2025-08-11T11:52:01.393230+00:00"}
{"asctime": "2025-08-11 13:52:01,393", "levelname": "INFO", "name": "AresGlobal.EnhancedTrainingManager", "message": "   ðŸ–¥ï¸ CPU Cores: 8", "correlation_id": "-", "session_id": "-", "timestamp": "2025-08-11T11:52:01.393485+00:00"}
{"asctime": "2025-08-11 13:52:01,393", "levelname": "INFO", "name": "AresGlobal.EnhancedTrainingManager", "message": "   ðŸ“ˆ Estimated Memory Usage: 8.0 GB", "correlation_id": "-", "session_id": "-", "timestamp": "2025-08-11T11:52:01.393810+00:00"}
{"asctime": "2025-08-11 13:52:01,394", "levelname": "INFO", "name": "AresGlobal.EnhancedTrainingManager", "message": "   â±ï¸ Estimated Time: 720 minutes (12.0 hours)", "correlation_id": "-", "session_id": "-", "timestamp": "2025-08-11T11:52:01.394162+00:00"}
{"asctime": "2025-08-11 13:52:01,394", "levelname": "INFO", "name": "AresGlobal.EnhancedTrainingManager", "message": "   ðŸ¤– Models to Train: 12", "correlation_id": "-", "session_id": "-", "timestamp": "2025-08-11T11:52:01.394477+00:00"}
{"asctime": "2025-08-11 13:52:01,394", "levelname": "INFO", "name": "AresGlobal.EnhancedTrainingManager", "message": "   ðŸ”§ Optimization Trials: 200", "correlation_id": "-", "session_id": "-", "timestamp": "2025-08-11T11:52:01.394821+00:00"}
{"asctime": "2025-08-11 13:52:01,395", "levelname": "INFO", "name": "AresGlobal.EnhancedTrainingManager", "message": "ðŸ“‹ Step-by-Step Time Estimates:", "correlation_id": "-", "session_id": "-", "timestamp": "2025-08-11T11:52:01.395238+00:00"}
{"asctime": "2025-08-11 13:52:01,397", "levelname": "INFO", "name": "AresGlobal.EnhancedTrainingManager", "message": "   step1_data_collection: 15 min (2.3%)", "correlation_id": "-", "session_id": "-", "timestamp": "2025-08-11T11:52:01.397791+00:00"}
{"asctime": "2025-08-11 13:52:01,398", "levelname": "INFO", "name": "AresGlobal.EnhancedTrainingManager", "message": "   step2_market_regime_classification: 8 min (1.2%)", "correlation_id": "-", "session_id": "-", "timestamp": "2025-08-11T11:52:01.398636+00:00"}
{"asctime": "2025-08-11 13:52:01,398", "levelname": "INFO", "name": "AresGlobal.EnhancedTrainingManager", "message": "   step3_regime_data_splitting: 5 min (0.8%)", "correlation_id": "-", "session_id": "-", "timestamp": "2025-08-11T11:52:01.398864+00:00"}
{"asctime": "2025-08-11 13:52:01,399", "levelname": "INFO", "name": "AresGlobal.EnhancedTrainingManager", "message": "   step4_analyst_labeling_feature_engineering: 60 min (9.0%)", "correlation_id": "-", "session_id": "-", "timestamp": "2025-08-11T11:52:01.399159+00:00"}
{"asctime": "2025-08-11 13:52:01,399", "levelname": "INFO", "name": "AresGlobal.EnhancedTrainingManager", "message": "   step5_analyst_specialist_training: 30 min (4.5%)", "correlation_id": "-", "session_id": "-", "timestamp": "2025-08-11T11:52:01.399426+00:00"}
{"asctime": "2025-08-11 13:52:01,399", "levelname": "INFO", "name": "AresGlobal.EnhancedTrainingManager", "message": "   step6_analyst_enhancement: 25 min (3.8%)", "correlation_id": "-", "session_id": "-", "timestamp": "2025-08-11T11:52:01.399723+00:00"}
{"asctime": "2025-08-11 13:52:01,399", "levelname": "INFO", "name": "AresGlobal.EnhancedTrainingManager", "message": "   step7_analyst_ensemble_creation: 35 min (5.3%)", "correlation_id": "-", "session_id": "-", "timestamp": "2025-08-11T11:52:01.399899+00:00"}
{"asctime": "2025-08-11 13:52:01,400", "levelname": "INFO", "name": "AresGlobal.EnhancedTrainingManager", "message": "   step8_tactician_labeling: 15 min (2.3%)", "correlation_id": "-", "session_id": "-", "timestamp": "2025-08-11T11:52:01.400269+00:00"}
{"asctime": "2025-08-11 13:52:01,400", "levelname": "INFO", "name": "AresGlobal.EnhancedTrainingManager", "message": "   step9_tactician_specialist_training: 30 min (4.5%)", "correlation_id": "-", "session_id": "-", "timestamp": "2025-08-11T11:52:01.400443+00:00"}
{"asctime": "2025-08-11 13:52:01,400", "levelname": "INFO", "name": "AresGlobal.EnhancedTrainingManager", "message": "   step10_tactician_ensemble_creation: 35 min (5.3%)", "correlation_id": "-", "session_id": "-", "timestamp": "2025-08-11T11:52:01.400539+00:00"}
{"asctime": "2025-08-11 13:52:01,400", "levelname": "INFO", "name": "AresGlobal.EnhancedTrainingManager", "message": "   step11_confidence_calibration: 10 min (1.5%)", "correlation_id": "-", "session_id": "-", "timestamp": "2025-08-11T11:52:01.400821+00:00"}
{"asctime": "2025-08-11 13:52:01,401", "levelname": "INFO", "name": "AresGlobal.EnhancedTrainingManager", "message": "   step12_final_parameters_optimization: 240 min (36.2%)", "correlation_id": "-", "session_id": "-", "timestamp": "2025-08-11T11:52:01.401066+00:00"}
{"asctime": "2025-08-11 13:52:01,401", "levelname": "INFO", "name": "AresGlobal.EnhancedTrainingManager", "message": "   step13_walk_forward_validation: 60 min (9.0%)", "correlation_id": "-", "session_id": "-", "timestamp": "2025-08-11T11:52:01.401390+00:00"}
{"asctime": "2025-08-11 13:52:01,401", "levelname": "INFO", "name": "AresGlobal.EnhancedTrainingManager", "message": "   step14_monte_carlo_validation: 60 min (9.0%)", "correlation_id": "-", "session_id": "-", "timestamp": "2025-08-11T11:52:01.401510+00:00"}
{"asctime": "2025-08-11 13:52:01,401", "levelname": "INFO", "name": "AresGlobal.EnhancedTrainingManager", "message": "   step15_ab_testing: 30 min (4.5%)", "correlation_id": "-", "session_id": "-", "timestamp": "2025-08-11T11:52:01.401605+00:00"}
{"asctime": "2025-08-11 13:52:01,401", "levelname": "INFO", "name": "AresGlobal.EnhancedTrainingManager", "message": "   step16_saving: 5 min (0.8%)", "correlation_id": "-", "session_id": "-", "timestamp": "2025-08-11T11:52:01.401954+00:00"}
{"asctime": "2025-08-11 13:52:01,402", "levelname": "INFO", "name": "AresGlobal.EnhancedTrainingManager", "message": "ðŸ’¡ Recommendations:", "correlation_id": "-", "session_id": "-", "timestamp": "2025-08-11T11:52:01.402241+00:00"}
{"asctime": "2025-08-11 13:52:01,402", "levelname": "INFO", "name": "AresGlobal.EnhancedTrainingManager", "message": "   âœ… Full training mode should work well on your system", "correlation_id": "-", "session_id": "-", "timestamp": "2025-08-11T11:52:01.402586+00:00"}
{"asctime": "2025-08-11 13:52:01,402", "levelname": "INFO", "name": "AresGlobal.EnhancedTrainingManager", "message": "ðŸš€ Initializing computational optimization components...", "correlation_id": "-", "session_id": "-", "timestamp": "2025-08-11T11:52:01.402860+00:00"}
{"asctime": "2025-08-11 13:52:01,403", "levelname": "INFO", "name": "AresGlobal.ComputationalOptimizationManager", "message": "Computational Optimization Manager initialized", "correlation_id": "-", "session_id": "-", "timestamp": "2025-08-11T11:52:01.404026+00:00"}
{"asctime": "2025-08-11 13:52:01,404", "levelname": "INFO", "name": "AresGlobal.EnhancedTrainingManager", "message": "âœ… Computational optimization components initialized successfully", "correlation_id": "-", "session_id": "-", "timestamp": "2025-08-11T11:52:01.404543+00:00"}
{"asctime": "2025-08-11 13:52:01,404", "levelname": "INFO", "name": "AresGlobal.EnhancedTrainingManager", "message": "âœ… Enhanced Training Manager initialized successfully", "correlation_id": "-", "session_id": "-", "timestamp": "2025-08-11T11:52:01.404857+00:00"}
{"asctime": "2025-08-11 13:52:01,405", "levelname": "INFO", "name": "AresGlobal.StepOrchestrator", "message": "âœ… Enhanced training manager setup successfully", "correlation_id": "-", "session_id": "-", "timestamp": "2025-08-11T11:52:01.405161+00:00"}
{"asctime": "2025-08-11 13:52:01,405", "levelname": "INFO", "name": "AresGlobal.EnhancedTrainingManager", "message": "================================================================================", "correlation_id": "-", "session_id": "-", "timestamp": "2025-08-11T11:52:01.405275+00:00"}
{"asctime": "2025-08-11 13:52:01,405", "levelname": "INFO", "name": "AresGlobal.EnhancedTrainingManager", "message": "ðŸš€ COMPREHENSIVE 16-STEP ENHANCED TRAINING PIPELINE START", "correlation_id": "-", "session_id": "-", "timestamp": "2025-08-11T11:52:01.405367+00:00"}
{"asctime": "2025-08-11 13:52:01,405", "levelname": "INFO", "name": "AresGlobal.EnhancedTrainingManager", "message": "================================================================================", "correlation_id": "-", "session_id": "-", "timestamp": "2025-08-11T11:52:01.405591+00:00"}
{"asctime": "2025-08-11 13:52:01,405", "levelname": "INFO", "name": "AresGlobal.EnhancedTrainingManager", "message": "ðŸ“… Started at: 2025-08-11 13:52:01", "correlation_id": "-", "session_id": "-", "timestamp": "2025-08-11T11:52:01.405703+00:00"}
{"asctime": "2025-08-11 13:52:01,406", "levelname": "INFO", "name": "AresGlobal.EnhancedTrainingManager", "message": "ðŸŽ¯ Symbol: ETHUSDT", "correlation_id": "-", "session_id": "-", "timestamp": "2025-08-11T11:52:01.406093+00:00"}
{"asctime": "2025-08-11 13:52:01,406", "levelname": "INFO", "name": "AresGlobal.EnhancedTrainingManager", "message": "ðŸ¢ Exchange: BINANCE", "correlation_id": "-", "session_id": "-", "timestamp": "2025-08-11T11:52:01.406193+00:00"}
{"asctime": "2025-08-11 13:52:01,406", "levelname": "INFO", "name": "AresGlobal.EnhancedTrainingManager", "message": "ðŸ“Š Training Mode: N/A", "correlation_id": "-", "session_id": "-", "timestamp": "2025-08-11T11:52:01.406286+00:00"}
{"asctime": "2025-08-11 13:52:01,406", "levelname": "INFO", "name": "AresGlobal.EnhancedTrainingManager", "message": "ðŸ“ˆ Lookback Days: 30", "correlation_id": "-", "session_id": "-", "timestamp": "2025-08-11T11:52:01.406389+00:00"}
{"asctime": "2025-08-11 13:52:01,406", "levelname": "INFO", "name": "AresGlobal.EnhancedTrainingManager", "message": "ðŸ”§ Blank Training Mode: False", "correlation_id": "-", "session_id": "-", "timestamp": "2025-08-11T11:52:01.406607+00:00"}
{"asctime": "2025-08-11 13:52:01,406", "levelname": "INFO", "name": "AresGlobal.EnhancedTrainingManager", "message": "ðŸ”§ Max Trials: 200", "correlation_id": "-", "session_id": "-", "timestamp": "2025-08-11T11:52:01.406923+00:00"}
{"asctime": "2025-08-11 13:52:01,407", "levelname": "INFO", "name": "AresGlobal.EnhancedTrainingManager", "message": "ðŸ”§ N Trials: 100", "correlation_id": "-", "session_id": "-", "timestamp": "2025-08-11T11:52:01.407306+00:00"}
{"asctime": "2025-08-11 13:52:01,407", "levelname": "INFO", "name": "AresGlobal.EnhancedTrainingManager", "message": "ðŸš€ Initializing optimized tools...", "correlation_id": "-", "session_id": "-", "timestamp": "2025-08-11T11:52:01.407456+00:00"}
{"asctime": "2025-08-11 13:52:01,407", "levelname": "INFO", "name": "AresGlobal.EnhancedTrainingManagerOptimized", "message": "ðŸš€ Initializing Enhanced Training Manager with Optimizations...", "correlation_id": "-", "session_id": "-", "timestamp": "2025-08-11T11:52:01.407576+00:00"}
{"asctime": "2025-08-11 13:52:01,417", "levelname": "INFO", "name": "AresGlobal.EnhancedTrainingManagerOptimized", "message": "âœ… Parallel backtester initialized with 8 workers", "correlation_id": "-", "session_id": "-", "timestamp": "2025-08-11T11:52:01.417303+00:00"}
{"asctime": "2025-08-11 13:52:01,418", "levelname": "INFO", "name": "AresGlobal.EnhancedTrainingManagerOptimized", "message": "âœ… All optimization components initialized successfully", "correlation_id": "-", "session_id": "-", "timestamp": "2025-08-11T11:52:01.418241+00:00"}
{"asctime": "2025-08-11 13:52:01,418", "levelname": "INFO", "name": "AresGlobal.EnhancedTrainingManager", "message": "   âœ… Optimized training manager initialized", "correlation_id": "-", "session_id": "-", "timestamp": "2025-08-11T11:52:01.418515+00:00"}
{"asctime": "2025-08-11 13:52:01,418", "levelname": "INFO", "name": "AresGlobal.EnhancedTrainingManager", "message": "   âœ… Streaming processor initialized", "correlation_id": "-", "session_id": "-", "timestamp": "2025-08-11T11:52:01.418715+00:00"}
{"asctime": "2025-08-11 13:52:01,419", "levelname": "INFO", "name": "AresGlobal.EnhancedTrainingManager", "message": "   âœ… Parallel backtester initialized with 8 workers", "correlation_id": "-", "session_id": "-", "timestamp": "2025-08-11T11:52:01.419031+00:00"}
{"asctime": "2025-08-11 13:52:01,419", "levelname": "INFO", "name": "AresGlobal.EnhancedTrainingManager", "message": "   âœ… Adaptive sampler initialized", "correlation_id": "-", "session_id": "-", "timestamp": "2025-08-11T11:52:01.419663+00:00"}
{"asctime": "2025-08-11 13:52:01,419", "levelname": "INFO", "name": "AresGlobal.EnhancedTrainingManager", "message": "   âœ… Incremental trainer initialized", "correlation_id": "-", "session_id": "-", "timestamp": "2025-08-11T11:52:01.419901+00:00"}
{"asctime": "2025-08-11 13:52:01,420", "levelname": "INFO", "name": "AresGlobal.EnhancedTrainingManager", "message": "âœ… All optimized tools initialized successfully", "correlation_id": "-", "session_id": "-", "timestamp": "2025-08-11T11:52:01.420275+00:00"}
{"asctime": "2025-08-11 13:52:01,421", "levelname": "INFO", "name": "AresGlobal.EnhancedTrainingManager", "message": "ðŸ“‚ Checkpoint loaded: step4_analyst_labeling_feature_engineering from checkpoints/BINANCE/ETHUSDT/1m/training_progress.json", "correlation_id": "-", "session_id": "-", "timestamp": "2025-08-11T11:52:01.421455+00:00"}
{"asctime": "2025-08-11 13:52:01,421", "levelname": "INFO", "name": "AresGlobal.EnhancedTrainingManager", "message": "ðŸ”„ Resuming from checkpoint...", "correlation_id": "-", "session_id": "-", "timestamp": "2025-08-11T11:52:01.421714+00:00"}
{"asctime": "2025-08-11 13:52:01,421", "levelname": "INFO", "name": "AresGlobal.EnhancedTrainingManager", "message": "ðŸ“‚ Last completed step: step4_analyst_labeling_feature_engineering", "correlation_id": "-", "session_id": "-", "timestamp": "2025-08-11T11:52:01.421831+00:00"}
{"asctime": "2025-08-11 13:52:01,421", "levelname": "INFO", "name": "AresGlobal.EnhancedTrainingManager", "message": "====================================================================================================", "correlation_id": "-", "session_id": "-", "timestamp": "2025-08-11T11:52:01.421925+00:00"}
{"asctime": "2025-08-11 13:52:01,422", "levelname": "INFO", "name": "AresGlobal.EnhancedTrainingManager", "message": "ðŸš€ COMPREHENSIVE TRAINING PIPELINE START", "correlation_id": "-", "session_id": "-", "timestamp": "2025-08-11T11:52:01.422370+00:00"}
{"asctime": "2025-08-11 13:52:01,422", "levelname": "INFO", "name": "AresGlobal.EnhancedTrainingManager", "message": "====================================================================================================", "correlation_id": "-", "session_id": "-", "timestamp": "2025-08-11T11:52:01.422608+00:00"}
{"asctime": "2025-08-11 13:52:01,422", "levelname": "INFO", "name": "AresGlobal.EnhancedTrainingManager", "message": "ðŸ“… Started at: 2025-08-11 13:52:01", "correlation_id": "-", "session_id": "-", "timestamp": "2025-08-11T11:52:01.422825+00:00"}
{"asctime": "2025-08-11 13:52:01,423", "levelname": "INFO", "name": "AresGlobal.EnhancedTrainingManager", "message": "ðŸŽ¯ Symbol: ETHUSDT", "correlation_id": "-", "session_id": "-", "timestamp": "2025-08-11T11:52:01.423014+00:00"}
{"asctime": "2025-08-11 13:52:01,423", "levelname": "INFO", "name": "AresGlobal.EnhancedTrainingManager", "message": "ðŸ¢ Exchange: BINANCE", "correlation_id": "-", "session_id": "-", "timestamp": "2025-08-11T11:52:01.423204+00:00"}
{"asctime": "2025-08-11 13:52:01,424", "levelname": "INFO", "name": "AresGlobal.EnhancedTrainingManager", "message": "ðŸ“Š Timeframe: 1m", "correlation_id": "-", "session_id": "-", "timestamp": "2025-08-11T11:52:01.424055+00:00"}
{"asctime": "2025-08-11 13:52:01,424", "levelname": "INFO", "name": "AresGlobal.EnhancedTrainingManager", "message": "ðŸ§  Training Mode: Full", "correlation_id": "-", "session_id": "-", "timestamp": "2025-08-11T11:52:01.424271+00:00"}
{"asctime": "2025-08-11 13:52:01,424", "levelname": "INFO", "name": "AresGlobal.EnhancedTrainingManager", "message": "ðŸ”§ Max Trials: 200", "correlation_id": "-", "session_id": "-", "timestamp": "2025-08-11T11:52:01.424465+00:00"}
{"asctime": "2025-08-11 13:52:01,424", "levelname": "INFO", "name": "AresGlobal.EnhancedTrainingManager", "message": "ðŸ“ˆ Lookback Days: 30", "correlation_id": "-", "session_id": "-", "timestamp": "2025-08-11T11:52:01.424649+00:00"}
{"asctime": "2025-08-11 13:52:01,424", "levelname": "INFO", "name": "AresGlobal.EnhancedTrainingManager", "message": "ðŸ’¾ Memory Optimization: Enabled", "correlation_id": "-", "session_id": "-", "timestamp": "2025-08-11T11:52:01.424886+00:00"}
{"asctime": "2025-08-11 13:52:01,424", "levelname": "INFO", "name": "AresGlobal.EnhancedTrainingManager", "message": "ðŸš€ Starting from step: step4_analyst_labeling_feature_engineering", "correlation_id": "-", "session_id": "-", "timestamp": "2025-08-11T11:52:01.424993+00:00"}
{"asctime": "2025-08-11 13:52:01,425", "levelname": "INFO", "name": "AresGlobal.EnhancedTrainingManager", "message": "====================================================================================================", "correlation_id": "-", "session_id": "-", "timestamp": "2025-08-11T11:52:01.425090+00:00"}
{"asctime": "2025-08-11 13:52:01,425", "levelname": "INFO", "name": "AresGlobal.EnhancedTrainingManager", "message": "â­ï¸  Skipping Step 1: Data Collection (using pre-consolidated data)", "correlation_id": "-", "session_id": "-", "timestamp": "2025-08-11T11:52:01.425219+00:00"}
{"asctime": "2025-08-11 13:52:01,425", "levelname": "INFO", "name": "AresGlobal.EnhancedTrainingManager", "message": "ðŸŽ­ STEP 2: Market Regime Classification...", "correlation_id": "-", "session_id": "-", "timestamp": "2025-08-11T11:52:01.425606+00:00"}
{"asctime": "2025-08-11 13:52:01,426", "levelname": "INFO", "name": "AresGlobal.EnhancedTrainingManager", "message": "   ðŸ§  Analyzing market regimes and volatility patterns...", "correlation_id": "-", "session_id": "-", "timestamp": "2025-08-11T11:52:01.426122+00:00"}
{"asctime": "2025-08-11 13:52:08,793", "levelname": "INFO", "name": "AresGlobal.EnhancedTrainingManager", "message": "ðŸ” Running validator for step2_market_regime_classification", "correlation_id": "-", "session_id": "-", "timestamp": "2025-08-11T11:52:08.793665+00:00"}
{"asctime": "2025-08-11 13:52:08,793", "levelname": "INFO", "name": "AresGlobal.ValidatorOrchestrator", "message": "ðŸ” Running validator for step2_market_regime_classification", "correlation_id": "-", "session_id": "-", "timestamp": "2025-08-11T11:52:08.793962+00:00"}
{"asctime": "2025-08-11 13:52:08,795", "levelname": "INFO", "name": "AresGlobal.Step2MarketRegimeClassificationValidator", "message": "ðŸ” Validating market regime classification step...", "correlation_id": "-", "session_id": "-", "timestamp": "2025-08-11T11:52:08.795289+00:00"}
{"asctime": "2025-08-11 13:52:08,795", "levelname": "INFO", "name": "AresGlobal.Step2MarketRegimeClassificationValidator", "message": "ðŸ”§ read_parquet start path=data/training/BINANCE_ETHUSDT_regime_classification.parquet columns=regime_columns", "correlation_id": "-", "session_id": "-", "timestamp": "2025-08-11T11:52:08.795875+00:00"}
{"asctime": "2025-08-11 13:52:08,798", "levelname": "INFO", "name": "AresGlobal.Step2MarketRegimeClassificationValidator", "message": "âœ… read_parquet ok path=data/training/BINANCE_ETHUSDT_regime_classification.parquet elapsed=0.002s size=14.6KB", "correlation_id": "-", "session_id": "-", "timestamp": "2025-08-11T11:52:08.798219+00:00"}
{"asctime": "2025-08-11 13:52:08,798", "levelname": "WARNING", "name": "AresGlobal.Step2MarketRegimeClassificationValidator", "message": "âš ï¸ Some regimes have very low frequency: 0.022 (min allowed: 0.030) - continuing with caution", "correlation_id": "-", "session_id": "-", "timestamp": "2025-08-11T11:52:08.798583+00:00"}
{"asctime": "2025-08-11 13:52:08,798", "levelname": "WARNING", "name": "AresGlobal.Step2MarketRegimeClassificationValidator", "message": "âš ï¸ Regime distribution validation failed - continuing with caution", "correlation_id": "-", "session_id": "-", "timestamp": "2025-08-11T11:52:08.798680+00:00"}
{"asctime": "2025-08-11 13:52:08,798", "levelname": "INFO", "name": "AresGlobal.Step2MarketRegimeClassificationValidator", "message": "âœ… Regime transitions validation passed: 6 transition types", "correlation_id": "-", "session_id": "-", "timestamp": "2025-08-11T11:52:08.798999+00:00"}
{"asctime": "2025-08-11 13:52:08,799", "levelname": "INFO", "name": "AresGlobal.Step2MarketRegimeClassificationValidator", "message": "âœ… Market regime classification validation passed (critical checks only)", "correlation_id": "-", "session_id": "-", "timestamp": "2025-08-11T11:52:08.799080+00:00"}
{"asctime": "2025-08-11 13:52:08,799", "levelname": "INFO", "name": "AresGlobal.ValidatorOrchestrator", "message": "âœ… Validator for step2_market_regime_classification completed: True", "correlation_id": "-", "session_id": "-", "timestamp": "2025-08-11T11:52:08.799175+00:00"}
{"asctime": "2025-08-11 13:52:08,799", "levelname": "INFO", "name": "AresGlobal.EnhancedTrainingManager", "message": "âœ… step2_market_regime_classification validation passed", "correlation_id": "-", "session_id": "-", "timestamp": "2025-08-11T11:52:08.799325+00:00"}
{"asctime": "2025-08-11 13:52:08,901", "levelname": "INFO", "name": "AresGlobal.EnhancedTrainingManager", "message": "âœ… Step 2: Market Regime Classification: completed successfully in 7.37s", "correlation_id": "-", "session_id": "-", "timestamp": "2025-08-11T11:52:08.901587+00:00"}
{"asctime": "2025-08-11 13:52:08,901", "levelname": "INFO", "name": "AresGlobal.EnhancedTrainingManager", "message": "ðŸ’¾ Process Memory: 372.1 MB | CPU: 0.1%", "correlation_id": "-", "session_id": "-", "timestamp": "2025-08-11T11:52:08.901838+00:00"}
{"asctime": "2025-08-11 13:52:08,901", "levelname": "INFO", "name": "AresGlobal.EnhancedTrainingManager", "message": "ðŸ–¥ï¸ System Memory: 71.5% | Available: 4.6 GB", "correlation_id": "-", "session_id": "-", "timestamp": "2025-08-11T11:52:08.901934+00:00"}
{"asctime": "2025-08-11 13:52:08,902", "levelname": "INFO", "name": "AresGlobal.EnhancedTrainingManager", "message": "ðŸ“Š Progress: 6.2% (1/16)", "correlation_id": "-", "session_id": "-", "timestamp": "2025-08-11T11:52:08.902016+00:00"}
{"asctime": "2025-08-11 13:52:08,903", "levelname": "INFO", "name": "AresGlobal.EnhancedTrainingManager", "message": "ðŸ’¾ Checkpoint saved: step2_market_regime_classification -> checkpoints/BINANCE/ETHUSDT/1m/training_progress.json", "correlation_id": "-", "session_id": "-", "timestamp": "2025-08-11T11:52:08.903212+00:00"}
{"asctime": "2025-08-11 13:52:08,903", "levelname": "INFO", "name": "AresGlobal.EnhancedTrainingManager", "message": "ðŸ“Š STEP 3: Regime Data Splitting...", "correlation_id": "-", "session_id": "-", "timestamp": "2025-08-11T11:52:08.903396+00:00"}
{"asctime": "2025-08-11 13:52:08,903", "levelname": "INFO", "name": "AresGlobal.EnhancedTrainingManager", "message": "   ðŸ“ˆ Splitting data by market regimes for specialized training...", "correlation_id": "-", "session_id": "-", "timestamp": "2025-08-11T11:52:08.903471+00:00"}
{"asctime": "2025-08-11 13:52:52,949", "levelname": "INFO", "name": "AresGlobal.EnhancedTrainingManager", "message": "ðŸ” Running validator for step3_regime_data_splitting", "correlation_id": "-", "session_id": "-", "timestamp": "2025-08-11T11:52:52.949070+00:00"}
{"asctime": "2025-08-11 13:52:52,949", "levelname": "INFO", "name": "AresGlobal.ValidatorOrchestrator", "message": "ðŸ” Running validator for step3_regime_data_splitting", "correlation_id": "-", "session_id": "-", "timestamp": "2025-08-11T11:52:52.949531+00:00"}
{"asctime": "2025-08-11 13:52:52,951", "levelname": "INFO", "name": "AresGlobal.Step3RegimeDataSplittingValidator", "message": "ðŸ”§ BLANK MODE: Using very lenient validation parameters", "correlation_id": "-", "session_id": "-", "timestamp": "2025-08-11T11:52:52.951710+00:00"}
{"asctime": "2025-08-11 13:52:52,951", "levelname": "INFO", "name": "AresGlobal.Step3RegimeDataSplittingValidator", "message": "ðŸ” Validating regime data splitting step...", "correlation_id": "-", "session_id": "-", "timestamp": "2025-08-11T11:52:52.951995+00:00"}
{"asctime": "2025-08-11 13:52:52,952", "levelname": "INFO", "name": "AresGlobal.Step3RegimeDataSplittingValidator", "message": "âœ… All split data files exist", "correlation_id": "-", "session_id": "-", "timestamp": "2025-08-11T11:52:52.952166+00:00"}
{"asctime": "2025-08-11 13:52:52,953", "levelname": "INFO", "name": "AresGlobal.Step3RegimeDataSplittingValidator", "message": "ðŸ”§ read_parquet start path=data/training/BINANCE_ETHUSDT_train_data.parquet columns=regime_columns", "correlation_id": "-", "session_id": "-", "timestamp": "2025-08-11T11:52:52.953027+00:00"}
{"asctime": "2025-08-11 13:52:52,964", "levelname": "INFO", "name": "AresGlobal.Step3RegimeDataSplittingValidator", "message": "âœ… read_parquet ok path=data/training/BINANCE_ETHUSDT_train_data.parquet elapsed=0.012s size=11.3MB", "correlation_id": "-", "session_id": "-", "timestamp": "2025-08-11T11:52:52.964970+00:00"}
{"asctime": "2025-08-11 13:52:53,001", "levelname": "INFO", "name": "AresGlobal.Step3RegimeDataSplittingValidator", "message": "ðŸ§® train_data: rows=179589 cols=3 memory=12.50MB dtypes={'datetime64[ns]': 1, 'object': 1, 'float64': 1}", "correlation_id": "-", "session_id": "-", "timestamp": "2025-08-11T11:52:53.001588+00:00"}
{"asctime": "2025-08-11 13:52:53,013", "levelname": "INFO", "name": "AresGlobal.Step3RegimeDataSplittingValidator", "message": "ðŸ§ª train_data nulls (first 10 cols): {'timestamp': 0, 'regime': 0, 'confidence': 0}", "correlation_id": "-", "session_id": "-", "timestamp": "2025-08-11T11:52:53.013408+00:00"}
{"asctime": "2025-08-11 13:52:53,079", "levelname": "WARNING", "name": "AresGlobal.Step3RegimeDataSplittingValidator", "message": "âš ï¸ train split missing columns: ['open', 'high', 'low', 'close', 'volume'] - continuing with caution in BLANK mode", "correlation_id": "-", "session_id": "-", "timestamp": "2025-08-11T11:52:53.079729+00:00"}
{"asctime": "2025-08-11 13:52:53,080", "levelname": "INFO", "name": "AresGlobal.Step3RegimeDataSplittingValidator", "message": "ðŸ”§ read_parquet start path=data/training/BINANCE_ETHUSDT_validation_data.parquet columns=regime_columns", "correlation_id": "-", "session_id": "-", "timestamp": "2025-08-11T11:52:53.080107+00:00"}
{"asctime": "2025-08-11 13:52:53,084", "levelname": "INFO", "name": "AresGlobal.Step3RegimeDataSplittingValidator", "message": "âœ… read_parquet ok path=data/training/BINANCE_ETHUSDT_validation_data.parquet elapsed=0.004s size=2.6MB", "correlation_id": "-", "session_id": "-", "timestamp": "2025-08-11T11:52:53.084450+00:00"}
{"asctime": "2025-08-11 13:52:53,093", "levelname": "INFO", "name": "AresGlobal.Step3RegimeDataSplittingValidator", "message": "ðŸ§® validation_data: rows=38484 cols=3 memory=2.68MB dtypes={'datetime64[ns]': 1, 'object': 1, 'float64': 1}", "correlation_id": "-", "session_id": "-", "timestamp": "2025-08-11T11:52:53.093874+00:00"}
{"asctime": "2025-08-11 13:52:53,096", "levelname": "INFO", "name": "AresGlobal.Step3RegimeDataSplittingValidator", "message": "ðŸ§ª validation_data nulls (first 10 cols): {'timestamp': 0, 'regime': 0, 'confidence': 0}", "correlation_id": "-", "session_id": "-", "timestamp": "2025-08-11T11:52:53.096843+00:00"}
{"asctime": "2025-08-11 13:52:53,113", "levelname": "WARNING", "name": "AresGlobal.Step3RegimeDataSplittingValidator", "message": "âš ï¸ validation split missing columns: ['open', 'high', 'low', 'close', 'volume'] - continuing with caution in BLANK mode", "correlation_id": "-", "session_id": "-", "timestamp": "2025-08-11T11:52:53.113484+00:00"}
{"asctime": "2025-08-11 13:52:53,113", "levelname": "INFO", "name": "AresGlobal.Step3RegimeDataSplittingValidator", "message": "ðŸ”§ read_parquet start path=data/training/BINANCE_ETHUSDT_test_data.parquet columns=regime_columns", "correlation_id": "-", "session_id": "-", "timestamp": "2025-08-11T11:52:53.113816+00:00"}
{"asctime": "2025-08-11 13:52:53,117", "levelname": "INFO", "name": "AresGlobal.Step3RegimeDataSplittingValidator", "message": "âœ… read_parquet ok path=data/training/BINANCE_ETHUSDT_test_data.parquet elapsed=0.004s size=2.2MB", "correlation_id": "-", "session_id": "-", "timestamp": "2025-08-11T11:52:53.117533+00:00"}
{"asctime": "2025-08-11 13:52:53,126", "levelname": "INFO", "name": "AresGlobal.Step3RegimeDataSplittingValidator", "message": "ðŸ§® test_data: rows=38484 cols=3 memory=2.68MB dtypes={'datetime64[ns]': 1, 'object': 1, 'float64': 1}", "correlation_id": "-", "session_id": "-", "timestamp": "2025-08-11T11:52:53.126138+00:00"}
{"asctime": "2025-08-11 13:52:53,128", "levelname": "INFO", "name": "AresGlobal.Step3RegimeDataSplittingValidator", "message": "ðŸ§ª test_data nulls (first 10 cols): {'timestamp': 0, 'regime': 0, 'confidence': 0}", "correlation_id": "-", "session_id": "-", "timestamp": "2025-08-11T11:52:53.128574+00:00"}
{"asctime": "2025-08-11 13:52:53,143", "levelname": "WARNING", "name": "AresGlobal.Step3RegimeDataSplittingValidator", "message": "âš ï¸ test split missing columns: ['open', 'high', 'low', 'close', 'volume'] - continuing with caution in BLANK mode", "correlation_id": "-", "session_id": "-", "timestamp": "2025-08-11T11:52:53.143907+00:00"}
{"asctime": "2025-08-11 13:52:53,144", "levelname": "INFO", "name": "AresGlobal.Step3RegimeDataSplittingValidator", "message": "âœ… All split data quality validation passed", "correlation_id": "-", "session_id": "-", "timestamp": "2025-08-11T11:52:53.144210+00:00"}
{"asctime": "2025-08-11 13:52:53,147", "levelname": "INFO", "name": "AresGlobal.Step3RegimeDataSplittingValidator", "message": "âœ… train proportion 0.799 within expected range (0.500-0.850)", "correlation_id": "-", "session_id": "-", "timestamp": "2025-08-11T11:52:53.147683+00:00"}
{"asctime": "2025-08-11 13:52:53,147", "levelname": "INFO", "name": "AresGlobal.Step3RegimeDataSplittingValidator", "message": "âœ… validation proportion 0.100 within expected range (0.050-0.250)", "correlation_id": "-", "session_id": "-", "timestamp": "2025-08-11T11:52:53.147905+00:00"}
{"asctime": "2025-08-11 13:52:53,148", "levelname": "INFO", "name": "AresGlobal.Step3RegimeDataSplittingValidator", "message": "âœ… test proportion 0.101 within expected range (0.050-0.250)", "correlation_id": "-", "session_id": "-", "timestamp": "2025-08-11T11:52:53.148011+00:00"}
{"asctime": "2025-08-11 13:52:53,148", "levelname": "INFO", "name": "AresGlobal.Step3RegimeDataSplittingValidator", "message": "âœ… Split proportions validation passed: {'train': 0.7991587802313355, 'validation': 0.09989484752891693, 'test': 0.10094637223974763}", "correlation_id": "-", "session_id": "-", "timestamp": "2025-08-11T11:52:53.148115+00:00"}
{"asctime": "2025-08-11 13:52:53,149", "levelname": "INFO", "name": "AresGlobal.Step3RegimeDataSplittingValidator", "message": "âœ… Split consistency validation passed", "correlation_id": "-", "session_id": "-", "timestamp": "2025-08-11T11:52:53.149525+00:00"}
{"asctime": "2025-08-11 13:52:53,150", "levelname": "INFO", "name": "AresGlobal.Step3RegimeDataSplittingValidator", "message": "âœ… Regime data splitting validation passed (critical checks only)", "correlation_id": "-", "session_id": "-", "timestamp": "2025-08-11T11:52:53.150513+00:00"}
{"asctime": "2025-08-11 13:52:53,150", "levelname": "INFO", "name": "AresGlobal.ValidatorOrchestrator", "message": "âœ… Validator for step3_regime_data_splitting completed: True", "correlation_id": "-", "session_id": "-", "timestamp": "2025-08-11T11:52:53.150702+00:00"}
{"asctime": "2025-08-11 13:52:53,150", "levelname": "INFO", "name": "AresGlobal.EnhancedTrainingManager", "message": "âœ… step3_regime_data_splitting validation passed", "correlation_id": "-", "session_id": "-", "timestamp": "2025-08-11T11:52:53.150946+00:00"}
{"asctime": "2025-08-11 13:52:53,256", "levelname": "INFO", "name": "AresGlobal.EnhancedTrainingManager", "message": "âœ… Step 3: Regime Data Splitting: completed successfully in 44.25s", "correlation_id": "-", "session_id": "-", "timestamp": "2025-08-11T11:52:53.256720+00:00"}
{"asctime": "2025-08-11 13:52:53,256", "levelname": "INFO", "name": "AresGlobal.EnhancedTrainingManager", "message": "ðŸ’¾ Process Memory: 865.4 MB | CPU: 0.0%", "correlation_id": "-", "session_id": "-", "timestamp": "2025-08-11T11:52:53.256975+00:00"}
{"asctime": "2025-08-11 13:52:53,257", "levelname": "INFO", "name": "AresGlobal.EnhancedTrainingManager", "message": "ðŸ–¥ï¸ System Memory: 73.0% | Available: 4.3 GB", "correlation_id": "-", "session_id": "-", "timestamp": "2025-08-11T11:52:53.257081+00:00"}
{"asctime": "2025-08-11 13:52:53,257", "levelname": "INFO", "name": "AresGlobal.EnhancedTrainingManager", "message": "ðŸ“Š Progress: 12.5% (2/16)", "correlation_id": "-", "session_id": "-", "timestamp": "2025-08-11T11:52:53.257226+00:00"}
{"asctime": "2025-08-11 13:52:53,258", "levelname": "INFO", "name": "AresGlobal.EnhancedTrainingManager", "message": "ðŸ’¾ Checkpoint saved: step3_regime_data_splitting -> checkpoints/BINANCE/ETHUSDT/1m/training_progress.json", "correlation_id": "-", "session_id": "-", "timestamp": "2025-08-11T11:52:53.258016+00:00"}
{"asctime": "2025-08-11 13:52:53,258", "levelname": "INFO", "name": "AresGlobal.EnhancedTrainingManager", "message": "ðŸ§  STEP 4: Analyst Labeling & Feature Engineering...", "correlation_id": "-", "session_id": "-", "timestamp": "2025-08-11T11:52:53.258148+00:00"}
{"asctime": "2025-08-11 13:52:53,341", "levelname": "INFO", "name": "AresGlobal.OptimizedTripleBarrierLabeling", "message": "ðŸ”– Triple barrier labeling configured for binary classification (BUY/SELL only)", "correlation_id": "-", "session_id": "-", "timestamp": "2025-08-11T11:52:53.341493+00:00"}
{"asctime": "2025-08-11 13:52:53,341", "levelname": "INFO", "name": "AresGlobal.OptimizedTripleBarrierLabeling", "message": "   â†’ HOLD samples will be automatically filtered out", "correlation_id": "-", "session_id": "-", "timestamp": "2025-08-11T11:52:53.341725+00:00"}
{"asctime": "2025-08-11 13:52:53,341", "levelname": "INFO", "name": "AresGlobal.OptimizedTripleBarrierLabeling", "message": "   â†’ This addresses label imbalance issues", "correlation_id": "-", "session_id": "-", "timestamp": "2025-08-11T11:52:53.341837+00:00"}
{"asctime": "2025-08-11 13:55:48,958", "levelname": "INFO", "name": "AresGlobal.OptimizedTripleBarrierLabeling", "message": "Applying triple barrier labeling | cols=['timestamp', 'open', 'high', 'low', 'close', 'volume', 'year', 'month', 'day', 'exchange', 'symbol', 'timeframe', 'trade_volume', 'trade_count', 'avg_price', 'min_price', 'max_price', 'volume_ratio', 'funding_rate', 'close_returns', 'open_returns', 'high_returns', 'low_returns', 'close_log', 'open_log', 'high_log', 'low_log', 'close_detrended'] shape=(256557, 28)", "correlation_id": "-", "session_id": "-", "timestamp": "2025-08-11T11:55:48.958318+00:00"}
{"asctime": "2025-08-11 13:55:50,180", "levelname": "INFO", "name": "AresGlobal.OptimizedTripleBarrierLabeling", "message": "ðŸ“Š Label distribution after filtering:", "correlation_id": "-", "session_id": "-", "timestamp": "2025-08-11T11:55:50.180192+00:00"}
{"asctime": "2025-08-11 13:55:50,182", "levelname": "INFO", "name": "AresGlobal.OptimizedTripleBarrierLabeling", "message": "   BUY (1): 89551 samples", "correlation_id": "-", "session_id": "-", "timestamp": "2025-08-11T11:55:50.182122+00:00"}
{"asctime": "2025-08-11 13:55:50,182", "levelname": "INFO", "name": "AresGlobal.OptimizedTripleBarrierLabeling", "message": "   SELL (-1): 166906 samples", "correlation_id": "-", "session_id": "-", "timestamp": "2025-08-11T11:55:50.182774+00:00"}
{"asctime": "2025-08-11 13:55:50,183", "levelname": "INFO", "name": "AresGlobal.OptimizedTripleBarrierLabeling", "message": "   HOLD (0): 100 samples (removed)", "correlation_id": "-", "session_id": "-", "timestamp": "2025-08-11T11:55:50.183107+00:00"}
{"asctime": "2025-08-11 13:55:50,183", "levelname": "INFO", "name": "AresGlobal.OptimizedTripleBarrierLabeling", "message": "   Total samples: 256457 (from 256557)", "correlation_id": "-", "session_id": "-", "timestamp": "2025-08-11T11:55:50.183250+00:00"}
{"asctime": "2025-08-11 13:55:50,183", "levelname": "INFO", "name": "AresGlobal.OptimizedTripleBarrierLabeling", "message": "   Filtering ratio: 0.0% HOLD samples removed", "correlation_id": "-", "session_id": "-", "timestamp": "2025-08-11T11:55:50.183452+00:00"}
{"asctime": "2025-08-11 13:55:50,194", "levelname": "INFO", "name": "AresGlobal.OptimizedTripleBarrierLabeling", "message": "", "correlation_id": "-", "session_id": "-", "msg": "Triple-barrier labeling diagnostics", "distribution": {"-1": "166906", "1": "89551"}, "long_nextbar_agree": 0.7657, "short_nextbar_agree": 0.6375, "overall_nextbar_agree": 0.6822, "timestamp": "2025-08-11T11:55:50.194167+00:00"}
{"asctime": "2025-08-11 13:56:28,146", "levelname": "INFO", "name": "AresGlobal.MemoryEfficientDataManager", "message": "Optimized DataFrame memory usage", "correlation_id": "-", "session_id": "-", "timestamp": "2025-08-11T11:56:28.146398+00:00"}
{"asctime": "2025-08-11 13:56:28,168", "levelname": "INFO", "name": "AresGlobal.MemoryEfficientDataManager", "message": "Optimized DataFrame memory usage", "correlation_id": "-", "session_id": "-", "timestamp": "2025-08-11T11:56:28.168265+00:00"}
{"asctime": "2025-08-11 13:56:28,184", "levelname": "INFO", "name": "AresGlobal.MemoryEfficientDataManager", "message": "Optimized DataFrame memory usage", "correlation_id": "-", "session_id": "-", "timestamp": "2025-08-11T11:56:28.184035+00:00"}
{"asctime": "2025-08-11 13:56:28,518", "levelname": "INFO", "name": "AresGlobal.MemoryEfficientDataManager", "message": "Optimized DataFrame memory usage", "correlation_id": "-", "session_id": "-", "timestamp": "2025-08-11T11:56:28.518194+00:00"}
{"asctime": "2025-08-11 13:56:28,534", "levelname": "INFO", "name": "AresGlobal.MemoryEfficientDataManager", "message": "Optimized DataFrame memory usage", "correlation_id": "-", "session_id": "-", "timestamp": "2025-08-11T11:56:28.534696+00:00"}
{"asctime": "2025-08-11 13:56:28,548", "levelname": "INFO", "name": "AresGlobal.MemoryEfficientDataManager", "message": "Optimized DataFrame memory usage", "correlation_id": "-", "session_id": "-", "timestamp": "2025-08-11T11:56:28.548212+00:00"}
{"asctime": "2025-08-11 13:56:28,719", "levelname": "INFO", "name": "AresGlobal.MemoryEfficientDataManager", "message": "Optimized DataFrame memory usage", "correlation_id": "-", "session_id": "-", "timestamp": "2025-08-11T11:56:28.719189+00:00"}
{"asctime": "2025-08-11 13:56:28,733", "levelname": "INFO", "name": "AresGlobal.MemoryEfficientDataManager", "message": "Optimized DataFrame memory usage", "correlation_id": "-", "session_id": "-", "timestamp": "2025-08-11T11:56:28.733469+00:00"}
{"asctime": "2025-08-11 13:56:28,748", "levelname": "INFO", "name": "AresGlobal.MemoryEfficientDataManager", "message": "Optimized DataFrame memory usage", "correlation_id": "-", "session_id": "-", "timestamp": "2025-08-11T11:56:28.748279+00:00"}
{"asctime": "2025-08-11 13:56:29,054", "levelname": "INFO", "name": "AresGlobal.MemoryEfficientDataManager", "message": "Optimized DataFrame memory usage", "correlation_id": "-", "session_id": "-", "timestamp": "2025-08-11T11:56:29.054076+00:00"}
{"asctime": "2025-08-11 13:56:29,070", "levelname": "INFO", "name": "AresGlobal.MemoryEfficientDataManager", "message": "Optimized DataFrame memory usage", "correlation_id": "-", "session_id": "-", "timestamp": "2025-08-11T11:56:29.070390+00:00"}
{"asctime": "2025-08-11 13:56:29,086", "levelname": "INFO", "name": "AresGlobal.MemoryEfficientDataManager", "message": "Optimized DataFrame memory usage", "correlation_id": "-", "session_id": "-", "timestamp": "2025-08-11T11:56:29.086035+00:00"}
{"asctime": "2025-08-11 13:56:29,687", "levelname": "INFO", "name": "AresGlobal.EnhancedTrainingManager", "message": "ðŸ’¾ Checkpoint saved: step4_analyst_labeling_feature_engineering -> checkpoints/BINANCE/ETHUSDT/1m/training_progress.json", "correlation_id": "-", "session_id": "-", "timestamp": "2025-08-11T11:56:29.687108+00:00"}
{"asctime": "2025-08-11 13:56:29,786", "levelname": "INFO", "name": "AresGlobal.EnhancedTrainingManager", "message": "ðŸ§¹ Memory optimization: 1272.2 MB before cleanup", "correlation_id": "-", "session_id": "-", "timestamp": "2025-08-11T11:56:29.786741+00:00"}
{"asctime": "2025-08-11 13:56:29,886", "levelname": "INFO", "name": "AresGlobal.EnhancedTrainingManager", "message": "ðŸ§¹ Memory optimization: 1272.2 MB after cleanup (saved 0.0 MB)", "correlation_id": "-", "session_id": "-", "timestamp": "2025-08-11T11:56:29.886641+00:00"}
{"asctime": "2025-08-11 13:56:29,886", "levelname": "INFO", "name": "AresGlobal.EnhancedTrainingManager", "message": "ðŸ” Running validator for step4_analyst_labeling_feature_engineering", "correlation_id": "-", "session_id": "-", "timestamp": "2025-08-11T11:56:29.886924+00:00"}
{"asctime": "2025-08-11 13:56:29,887", "levelname": "INFO", "name": "AresGlobal.ValidatorOrchestrator", "message": "ðŸ” Running validator for step4_analyst_labeling_feature_engineering", "correlation_id": "-", "session_id": "-", "timestamp": "2025-08-11T11:56:29.887035+00:00"}
{"asctime": "2025-08-11 13:56:29,889", "levelname": "INFO", "name": "AresGlobal.Step4AnalystLabelingFeatureEngineeringValidator", "message": "ðŸ” Validating analyst labeling and feature engineering step...", "correlation_id": "-", "session_id": "-", "timestamp": "2025-08-11T11:56:29.889363+00:00"}
{"asctime": "2025-08-11 13:56:30,233", "levelname": "INFO", "name": "AresGlobal.Step4AnalystLabelingFeatureEngineeringValidator", "message": "âœ… Feature engineering outputs validation passed", "correlation_id": "-", "session_id": "-", "timestamp": "2025-08-11T11:56:30.233224+00:00"}
{"asctime": "2025-08-11 13:56:30,256", "levelname": "WARNING", "name": "AresGlobal.Step4AnalystLabelingFeatureEngineeringValidator", "message": "âš ï¸ Missing OHLCV columns in data/training/BINANCE_ETHUSDT_labeled_train.pkl: ['open', 'high', 'low', 'close', 'volume'] - this may affect labeling quality", "correlation_id": "-", "session_id": "-", "timestamp": "2025-08-11T11:56:30.256061+00:00"}
{"asctime": "2025-08-11 13:56:30,256", "levelname": "WARNING", "name": "AresGlobal.Step4AnalystLabelingFeatureEngineeringValidator", "message": "Triple barrier labeling requires proper OHLCV data for accurate labels", "correlation_id": "-", "session_id": "-", "timestamp": "2025-08-11T11:56:30.256324+00:00"}
{"asctime": "2025-08-11 13:56:30,265", "levelname": "WARNING", "name": "AresGlobal.Step4AnalystLabelingFeatureEngineeringValidator", "message": "âš ï¸ Missing OHLCV columns in data/training/BINANCE_ETHUSDT_labeled_validation.pkl: ['open', 'high', 'low', 'close', 'volume'] - this may affect labeling quality", "correlation_id": "-", "session_id": "-", "timestamp": "2025-08-11T11:56:30.265231+00:00"}
{"asctime": "2025-08-11 13:56:30,265", "levelname": "WARNING", "name": "AresGlobal.Step4AnalystLabelingFeatureEngineeringValidator", "message": "Triple barrier labeling requires proper OHLCV data for accurate labels", "correlation_id": "-", "session_id": "-", "timestamp": "2025-08-11T11:56:30.265501+00:00"}
{"asctime": "2025-08-11 13:56:30,271", "levelname": "WARNING", "name": "AresGlobal.Step4AnalystLabelingFeatureEngineeringValidator", "message": "âš ï¸ Missing OHLCV columns in data/training/BINANCE_ETHUSDT_labeled_test.pkl: ['open', 'high', 'low', 'close', 'volume'] - this may affect labeling quality", "correlation_id": "-", "session_id": "-", "timestamp": "2025-08-11T11:56:30.271226+00:00"}
{"asctime": "2025-08-11 13:56:30,271", "levelname": "WARNING", "name": "AresGlobal.Step4AnalystLabelingFeatureEngineeringValidator", "message": "Triple barrier labeling requires proper OHLCV data for accurate labels", "correlation_id": "-", "session_id": "-", "timestamp": "2025-08-11T11:56:30.271479+00:00"}
{"asctime": "2025-08-11 13:56:30,273", "levelname": "INFO", "name": "AresGlobal.Step4AnalystLabelingFeatureEngineeringValidator", "message": "âœ… Labeling quality validation passed", "correlation_id": "-", "session_id": "-", "timestamp": "2025-08-11T11:56:30.273920+00:00"}
{"asctime": "2025-08-11 13:56:30,393", "levelname": "INFO", "name": "AresGlobal.Step4AnalystLabelingFeatureEngineeringValidator", "message": "â„¹ï¸ Found 4 constant features (acceptable)", "correlation_id": "-", "session_id": "-", "timestamp": "2025-08-11T11:56:30.394002+00:00"}
{"asctime": "2025-08-11 13:56:30,510", "levelname": "WARNING", "name": "AresGlobal.Step4AnalystLabelingFeatureEngineeringValidator", "message": "âš ï¸ Found 4 highly correlated feature pairs - continuing with caution", "correlation_id": "-", "session_id": "-", "timestamp": "2025-08-11T11:56:30.510823+00:00"}
{"asctime": "2025-08-11 13:56:30,555", "levelname": "INFO", "name": "AresGlobal.Step4AnalystLabelingFeatureEngineeringValidator", "message": "â„¹ï¸ Found 5 constant features (acceptable)", "correlation_id": "-", "session_id": "-", "timestamp": "2025-08-11T11:56:30.555085+00:00"}
{"asctime": "2025-08-11 13:56:30,572", "levelname": "WARNING", "name": "AresGlobal.Step4AnalystLabelingFeatureEngineeringValidator", "message": "âš ï¸ Found 15 highly correlated feature pairs - continuing with caution", "correlation_id": "-", "session_id": "-", "timestamp": "2025-08-11T11:56:30.572352+00:00"}
{"asctime": "2025-08-11 13:56:30,593", "levelname": "INFO", "name": "AresGlobal.Step4AnalystLabelingFeatureEngineeringValidator", "message": "â„¹ï¸ Found 4 constant features (acceptable)", "correlation_id": "-", "session_id": "-", "timestamp": "2025-08-11T11:56:30.593777+00:00"}
{"asctime": "2025-08-11 13:56:30,610", "levelname": "WARNING", "name": "AresGlobal.Step4AnalystLabelingFeatureEngineeringValidator", "message": "âš ï¸ Found 5 highly correlated feature pairs - continuing with caution", "correlation_id": "-", "session_id": "-", "timestamp": "2025-08-11T11:56:30.610611+00:00"}
{"asctime": "2025-08-11 13:56:30,616", "levelname": "INFO", "name": "AresGlobal.Step4AnalystLabelingFeatureEngineeringValidator", "message": "âœ… Feature quality validation passed", "correlation_id": "-", "session_id": "-", "timestamp": "2025-08-11T11:56:30.616205+00:00"}
{"asctime": "2025-08-11 13:56:30,646", "levelname": "INFO", "name": "AresGlobal.Step4AnalystLabelingFeatureEngineeringValidator", "message": "âœ… Data balance validation passed", "correlation_id": "-", "session_id": "-", "timestamp": "2025-08-11T11:56:30.646849+00:00"}
{"asctime": "2025-08-11 13:56:30,650", "levelname": "INFO", "name": "AresGlobal.Step4AnalystLabelingFeatureEngineeringValidator", "message": "âœ… Analyst labeling and feature engineering validation passed (critical checks only)", "correlation_id": "-", "session_id": "-", "timestamp": "2025-08-11T11:56:30.650520+00:00"}
{"asctime": "2025-08-11 13:56:30,650", "levelname": "INFO", "name": "AresGlobal.ValidatorOrchestrator", "message": "âœ… Validator for step4_analyst_labeling_feature_engineering completed: True", "correlation_id": "-", "session_id": "-", "timestamp": "2025-08-11T11:56:30.650722+00:00"}
{"asctime": "2025-08-11 13:56:30,650", "levelname": "INFO", "name": "AresGlobal.EnhancedTrainingManager", "message": "âœ… step4_analyst_labeling_feature_engineering validation passed", "correlation_id": "-", "session_id": "-", "timestamp": "2025-08-11T11:56:30.650884+00:00"}
{"asctime": "2025-08-11 13:56:30,756", "levelname": "INFO", "name": "AresGlobal.EnhancedTrainingManager", "message": "âœ… Step 4: Analyst Labeling & Feature Engineering: completed successfully in 217.39s", "correlation_id": "-", "session_id": "-", "timestamp": "2025-08-11T11:56:30.756351+00:00"}
{"asctime": "2025-08-11 13:56:30,756", "levelname": "INFO", "name": "AresGlobal.EnhancedTrainingManager", "message": "ðŸ’¾ Process Memory: 1285.8 MB | CPU: 0.0%", "correlation_id": "-", "session_id": "-", "timestamp": "2025-08-11T11:56:30.756709+00:00"}
{"asctime": "2025-08-11 13:56:30,756", "levelname": "INFO", "name": "AresGlobal.EnhancedTrainingManager", "message": "ðŸ–¥ï¸ System Memory: 76.0% | Available: 3.8 GB", "correlation_id": "-", "session_id": "-", "timestamp": "2025-08-11T11:56:30.756885+00:00"}
{"asctime": "2025-08-11 13:56:30,756", "levelname": "INFO", "name": "AresGlobal.EnhancedTrainingManager", "message": "ðŸ“Š Progress: 18.8% (3/16)", "correlation_id": "-", "session_id": "-", "timestamp": "2025-08-11T11:56:30.757002+00:00"}
{"asctime": "2025-08-11 13:56:30,757", "levelname": "INFO", "name": "AresGlobal.EnhancedTrainingManager", "message": "ðŸŽ¯ STEP 5: Analyst Specialist Training...", "correlation_id": "-", "session_id": "-", "timestamp": "2025-08-11T11:56:30.757103+00:00"}
