{"asctime": "2025-08-10 16:03:38,632", "levelname": "INFO", "name": "AresGlobal", "message": "================================================================================", "correlation_id": "-", "session_id": "-", "timestamp": "2025-08-10T14:03:38.632257+00:00"}
{"asctime": "2025-08-10 16:03:38,632", "levelname": "INFO", "name": "AresGlobal", "message": "📊 SESSION SUMMARY", "correlation_id": "-", "session_id": "-", "timestamp": "2025-08-10T14:03:38.632361+00:00"}
{"asctime": "2025-08-10 16:03:38,632", "levelname": "INFO", "name": "AresGlobal", "message": "Session started: 2025-08-10 16:03:38", "correlation_id": "-", "session_id": "-", "timestamp": "2025-08-10T14:03:38.632438+00:00"}
{"asctime": "2025-08-10 16:03:38,632", "levelname": "INFO", "name": "AresGlobal", "message": "This file contains ALL logs for this session", "correlation_id": "-", "session_id": "-", "timestamp": "2025-08-10T14:03:38.632555+00:00"}
{"asctime": "2025-08-10 16:03:38,632", "levelname": "INFO", "name": "AresGlobal", "message": "================================================================================", "correlation_id": "-", "session_id": "-", "timestamp": "2025-08-10T14:03:38.632709+00:00"}
{"asctime": "2025-08-10 16:03:38,633", "levelname": "INFO", "name": "AresGlobal", "message": "Applied NumPy RNG unpickle compatibility shim (ModelManager)", "correlation_id": "-", "session_id": "-", "timestamp": "2025-08-10T14:03:38.633206+00:00"}
{"asctime": "2025-08-10 16:03:38,633", "levelname": "INFO", "name": "AresGlobal", "message": "[SYSTEM] ================================================================================", "correlation_id": "-", "session_id": "-", "timestamp": "2025-08-10T14:03:38.633355+00:00"}
{"asctime": "2025-08-10 16:03:38,633", "levelname": "INFO", "name": "AresGlobal", "message": "[SYSTEM] 🚀 ARES LAUNCHER STARTED - Mode: INITIALIZATION", "correlation_id": "-", "session_id": "-", "timestamp": "2025-08-10T14:03:38.633475+00:00"}
{"asctime": "2025-08-10 16:03:38,633", "levelname": "INFO", "name": "AresGlobal", "message": "[SYSTEM] Start time: 2025-08-10 16:03:38", "correlation_id": "-", "session_id": "-", "timestamp": "2025-08-10T14:03:38.633628+00:00"}
{"asctime": "2025-08-10 16:03:38,633", "levelname": "INFO", "name": "AresGlobal", "message": "[SYSTEM] Log directory: log", "correlation_id": "-", "session_id": "-", "timestamp": "2025-08-10T14:03:38.633745+00:00"}
{"asctime": "2025-08-10 16:03:38,633", "levelname": "INFO", "name": "AresGlobal", "message": "[SYSTEM] ================================================================================", "correlation_id": "-", "session_id": "-", "timestamp": "2025-08-10T14:03:38.633854+00:00"}
{"asctime": "2025-08-10 16:03:38,633", "levelname": "INFO", "name": "AresGlobal.AresLauncher", "message": "================================================================================", "correlation_id": "-", "session_id": "-", "timestamp": "2025-08-10T14:03:38.633910+00:00"}
{"asctime": "2025-08-10 16:03:38,633", "levelname": "INFO", "name": "AresGlobal.AresLauncher", "message": "🚀 ARES COMPREHENSIVE LAUNCHER", "correlation_id": "-", "session_id": "-", "timestamp": "2025-08-10T14:03:38.633965+00:00"}
{"asctime": "2025-08-10 16:03:38,634", "levelname": "INFO", "name": "AresGlobal.AresLauncher", "message": "================================================================================", "correlation_id": "-", "session_id": "-", "timestamp": "2025-08-10T14:03:38.634023+00:00"}
{"asctime": "2025-08-10 16:03:38,634", "levelname": "INFO", "name": "AresGlobal.AresLauncher", "message": "Start time: 2025-08-10 16:03:38", "correlation_id": "-", "session_id": "-", "timestamp": "2025-08-10T14:03:38.634080+00:00"}
{"asctime": "2025-08-10 16:03:38,634", "levelname": "INFO", "name": "AresGlobal.AresLauncher", "message": "Log directory: log", "correlation_id": "-", "session_id": "-", "timestamp": "2025-08-10T14:03:38.634131+00:00"}
{"asctime": "2025-08-10 16:03:38,634", "levelname": "INFO", "name": "AresGlobal.AresLauncher", "message": "Log level: INFO", "correlation_id": "-", "session_id": "-", "timestamp": "2025-08-10T14:03:38.634185+00:00"}
{"asctime": "2025-08-10 16:03:38,634", "levelname": "INFO", "name": "AresGlobal.AresLauncher", "message": "Global log file: ares_global_20250810_160338.log", "correlation_id": "-", "session_id": "-", "timestamp": "2025-08-10T14:03:38.634251+00:00"}
{"asctime": "2025-08-10 16:03:38,634", "levelname": "INFO", "name": "AresGlobal.AresLauncher", "message": "================================================================================", "correlation_id": "-", "session_id": "-", "timestamp": "2025-08-10T14:03:38.634302+00:00"}
{"asctime": "2025-08-10 16:03:38,634", "levelname": "INFO", "name": "AresGlobal", "message": "[SYSTEM] ================================================================================", "correlation_id": "c41fa5f2-3a8c-4237-8ff5-241aa716b69a", "session_id": "dbac98c0-e706-4281-91ce-eb157e721945", "timestamp": "2025-08-10T14:03:38.634493+00:00"}
{"asctime": "2025-08-10 16:03:38,634", "levelname": "INFO", "name": "AresGlobal", "message": "[SYSTEM] 🚀 ARES LAUNCHER STARTED - Mode: blank - Symbol: ETHUSDT - Exchange: BINANCE", "correlation_id": "c41fa5f2-3a8c-4237-8ff5-241aa716b69a", "session_id": "dbac98c0-e706-4281-91ce-eb157e721945", "timestamp": "2025-08-10T14:03:38.634603+00:00"}
{"asctime": "2025-08-10 16:03:38,634", "levelname": "INFO", "name": "AresGlobal", "message": "[SYSTEM] Start time: 2025-08-10 16:03:38", "correlation_id": "c41fa5f2-3a8c-4237-8ff5-241aa716b69a", "session_id": "dbac98c0-e706-4281-91ce-eb157e721945", "timestamp": "2025-08-10T14:03:38.634719+00:00"}
{"asctime": "2025-08-10 16:03:38,634", "levelname": "INFO", "name": "AresGlobal", "message": "[SYSTEM] Log directory: log", "correlation_id": "c41fa5f2-3a8c-4237-8ff5-241aa716b69a", "session_id": "dbac98c0-e706-4281-91ce-eb157e721945", "timestamp": "2025-08-10T14:03:38.634822+00:00"}
{"asctime": "2025-08-10 16:03:38,634", "levelname": "INFO", "name": "AresGlobal", "message": "[SYSTEM] ================================================================================", "correlation_id": "c41fa5f2-3a8c-4237-8ff5-241aa716b69a", "session_id": "dbac98c0-e706-4281-91ce-eb157e721945", "timestamp": "2025-08-10T14:03:38.634926+00:00"}
{"asctime": "2025-08-10 16:03:38,635", "levelname": "INFO", "name": "AresGlobal.AresLauncher", "message": "🚀 Running enhanced 16-step training pipeline for ETHUSDT on BINANCE", "correlation_id": "c41fa5f2-3a8c-4237-8ff5-241aa716b69a", "session_id": "dbac98c0-e706-4281-91ce-eb157e721945", "timestamp": "2025-08-10T14:03:38.635007+00:00"}
{"asctime": "2025-08-10 16:03:38,635", "levelname": "INFO", "name": "AresGlobal.AresLauncher", "message": "Starting from step: step3_regime_data_splitting", "correlation_id": "c41fa5f2-3a8c-4237-8ff5-241aa716b69a", "session_id": "dbac98c0-e706-4281-91ce-eb157e721945", "timestamp": "2025-08-10T14:03:38.635066+00:00"}
{"asctime": "2025-08-10 16:03:38,635", "levelname": "INFO", "name": "AresGlobal.AresLauncher", "message": "🧪 BLANK TRAINING MODE: Set BLANK_TRAINING_MODE=1 for step-based training", "correlation_id": "c41fa5f2-3a8c-4237-8ff5-241aa716b69a", "session_id": "dbac98c0-e706-4281-91ce-eb157e721945", "timestamp": "2025-08-10T14:03:38.635124+00:00"}
{"asctime": "2025-08-10 16:03:38,635", "levelname": "INFO", "name": "AresGlobal.ProgressManager", "message": "Initialized ProgressManager for ETHUSDT on BINANCE", "correlation_id": "c41fa5f2-3a8c-4237-8ff5-241aa716b69a", "session_id": "dbac98c0-e706-4281-91ce-eb157e721945", "timestamp": "2025-08-10T14:03:38.635741+00:00"}
{"asctime": "2025-08-10 16:03:38,635", "levelname": "INFO", "name": "AresGlobal.ProgressManager", "message": "Progress directory: data/training/progress/BINANCE_ETHUSDT", "correlation_id": "c41fa5f2-3a8c-4237-8ff5-241aa716b69a", "session_id": "dbac98c0-e706-4281-91ce-eb157e721945", "timestamp": "2025-08-10T14:03:38.635807+00:00"}
{"asctime": "2025-08-10 16:03:38,635", "levelname": "INFO", "name": "AresGlobal.StepOrchestrator", "message": "Initialized StepOrchestrator for ETHUSDT on BINANCE", "correlation_id": "c41fa5f2-3a8c-4237-8ff5-241aa716b69a", "session_id": "dbac98c0-e706-4281-91ce-eb157e721945", "timestamp": "2025-08-10T14:03:38.635867+00:00"}
{"asctime": "2025-08-10 16:03:38,636", "levelname": "INFO", "name": "AresGlobal.StepOrchestrator", "message": "🚀 Starting execution from step: step3_regime_data_splitting", "correlation_id": "c41fa5f2-3a8c-4237-8ff5-241aa716b69a", "session_id": "dbac98c0-e706-4281-91ce-eb157e721945", "timestamp": "2025-08-10T14:03:38.636026+00:00"}
{"asctime": "2025-08-10 16:03:40,678", "levelname": "INFO", "name": "AresGlobal.EnhancedTrainingManagerOptimized", "message": "Loaded optimization configuration", "correlation_id": "c41fa5f2-3a8c-4237-8ff5-241aa716b69a", "session_id": "dbac98c0-e706-4281-91ce-eb157e721945", "timestamp": "2025-08-10T14:03:40.678784+00:00"}
{"asctime": "2025-08-10 16:03:40,682", "levelname": "INFO", "name": "AresGlobal.StepOrchestrator", "message": "✅ Enhanced training manager setup successfully", "correlation_id": "c41fa5f2-3a8c-4237-8ff5-241aa716b69a", "session_id": "dbac98c0-e706-4281-91ce-eb157e721945", "timestamp": "2025-08-10T14:03:40.682343+00:00"}
{"asctime": "2025-08-10 16:03:40,683", "levelname": "INFO", "name": "AresGlobal.EnhancedTrainingManagerOptimized", "message": "🚀 Initializing Enhanced Training Manager with Optimizations...", "correlation_id": "c41fa5f2-3a8c-4237-8ff5-241aa716b69a", "session_id": "dbac98c0-e706-4281-91ce-eb157e721945", "timestamp": "2025-08-10T14:03:40.683283+00:00"}
{"asctime": "2025-08-10 16:03:40,692", "levelname": "INFO", "name": "AresGlobal.EnhancedTrainingManagerOptimized", "message": "✅ Parallel backtester initialized with 8 workers", "correlation_id": "c41fa5f2-3a8c-4237-8ff5-241aa716b69a", "session_id": "dbac98c0-e706-4281-91ce-eb157e721945", "timestamp": "2025-08-10T14:03:40.692477+00:00"}
{"asctime": "2025-08-10 16:03:40,693", "levelname": "INFO", "name": "AresGlobal.EnhancedTrainingManagerOptimized", "message": "✅ All optimization components initialized successfully", "correlation_id": "c41fa5f2-3a8c-4237-8ff5-241aa716b69a", "session_id": "dbac98c0-e706-4281-91ce-eb157e721945", "timestamp": "2025-08-10T14:03:40.693571+00:00"}
{"asctime": "2025-08-10 16:03:40,831", "levelname": "INFO", "name": "AresGlobal.StepOrchestrator", "message": "\u001b[91m\u001b[1m❌\u001b[0m \u001b[91m\u001b[1m❌ Enhanced 16-step training pipeline failed\u001b[0m", "correlation_id": "c41fa5f2-3a8c-4237-8ff5-241aa716b69a", "session_id": "dbac98c0-e706-4281-91ce-eb157e721945", "timestamp": "2025-08-10T14:03:40.831789+00:00"}
{"asctime": "2025-08-10 16:03:40,832", "levelname": "INFO", "name": "AresGlobal.AresLauncher", "message": "\u001b[91m\u001b[1m❌\u001b[0m \u001b[91m\u001b[1m❌ Enhanced 16-step training pipeline failed\u001b[0m", "correlation_id": "c41fa5f2-3a8c-4237-8ff5-241aa716b69a", "session_id": "dbac98c0-e706-4281-91ce-eb157e721945", "timestamp": "2025-08-10T14:03:40.832142+00:00"}
{"asctime": "2025-08-10 16:03:40,832", "levelname": "INFO", "name": "AresGlobal", "message": "[SYSTEM] ================================================================================", "correlation_id": "c41fa5f2-3a8c-4237-8ff5-241aa716b69a", "session_id": "dbac98c0-e706-4281-91ce-eb157e721945", "timestamp": "2025-08-10T14:03:40.832406+00:00"}
{"asctime": "2025-08-10 16:03:40,832", "levelname": "INFO", "name": "AresGlobal", "message": "[SYSTEM] 🛑 ARES LAUNCHER ENDED - Exit code: 1", "correlation_id": "c41fa5f2-3a8c-4237-8ff5-241aa716b69a", "session_id": "dbac98c0-e706-4281-91ce-eb157e721945", "timestamp": "2025-08-10T14:03:40.832536+00:00"}
{"asctime": "2025-08-10 16:03:40,832", "levelname": "INFO", "name": "AresGlobal", "message": "[SYSTEM] End time: 2025-08-10 16:03:40", "correlation_id": "c41fa5f2-3a8c-4237-8ff5-241aa716b69a", "session_id": "dbac98c0-e706-4281-91ce-eb157e721945", "timestamp": "2025-08-10T14:03:40.832670+00:00"}
{"asctime": "2025-08-10 16:03:40,832", "levelname": "INFO", "name": "AresGlobal", "message": "[SYSTEM] ================================================================================", "correlation_id": "c41fa5f2-3a8c-4237-8ff5-241aa716b69a", "session_id": "dbac98c0-e706-4281-91ce-eb157e721945", "timestamp": "2025-08-10T14:03:40.832785+00:00"}
{"asctime": "2025-08-10 16:03:40,832", "levelname": "INFO", "name": "AresGlobal.AresLauncher", "message": "🧹 Cleaning up processes...", "correlation_id": "c41fa5f2-3a8c-4237-8ff5-241aa716b69a", "session_id": "dbac98c0-e706-4281-91ce-eb157e721945", "timestamp": "2025-08-10T14:03:40.832861+00:00"}
{"asctime": "2025-08-10 16:03:40,832", "levelname": "INFO", "name": "AresGlobal.AresLauncher", "message": "✅ Cleanup completed", "correlation_id": "c41fa5f2-3a8c-4237-8ff5-241aa716b69a", "session_id": "dbac98c0-e706-4281-91ce-eb157e721945", "timestamp": "2025-08-10T14:03:40.832925+00:00"}
