2025-08-07 23:09:52,274 - AresGlobal - INFO - ================================================================================
2025-08-07 23:09:52,274 - AresGlobal - INFO - 📊 SESSION SUMMARY
2025-08-07 23:09:52,274 - AresGlobal - INFO - Session started: 2025-08-07 23:09:52
2025-08-07 23:09:52,275 - AresGlobal - INFO - Global log file: ares_global_20250807_230952.log
2025-08-07 23:09:52,275 - AresGlobal - INFO - This file contains ALL logs for this session
2025-08-07 23:09:52,275 - AresGlobal - INFO - ================================================================================
2025-08-07 23:09:52,275 - AresGlobal - INFO - [SYSTEM] ================================================================================
2025-08-07 23:09:52,275 - AresGlobal - INFO - [SYSTEM] 🚀 ARES LAUNCHER STARTED - Mode: INITIALIZATION
2025-08-07 23:09:52,281 - AresGlobal - INFO - [SYSTEM] Start time: 2025-08-07 23:09:52
2025-08-07 23:09:52,281 - AresGlobal - INFO - [SYSTEM] Log directory: log
2025-08-07 23:09:52,282 - AresGlobal - INFO - [SYSTEM] ================================================================================
2025-08-07 23:09:52,282 - AresGlobal.AresLauncher - INFO - ================================================================================
2025-08-07 23:09:52,282 - AresGlobal.AresLauncher - INFO - 🚀 ARES COMPREHENSIVE LAUNCHER
2025-08-07 23:09:52,282 - AresGlobal.AresLauncher - INFO - ================================================================================
2025-08-07 23:09:52,282 - AresGlobal.AresLauncher - INFO - Start time: 2025-08-07 23:09:52
2025-08-07 23:09:52,282 - AresGlobal.AresLauncher - INFO - Log directory: log
2025-08-07 23:09:52,282 - AresGlobal.AresLauncher - INFO - Log level: INFO
2025-08-07 23:09:52,283 - AresGlobal.AresLauncher - INFO - Global log file: ares_global_20250807_230952.log
2025-08-07 23:09:52,283 - AresGlobal.AresLauncher - INFO - ================================================================================
2025-08-07 23:09:52,283 - AresGlobal - INFO - [SYSTEM] ================================================================================
2025-08-07 23:09:52,283 - AresGlobal - INFO - [SYSTEM] 🚀 ARES LAUNCHER STARTED - Mode: blank - Symbol: ETHUSDT - Exchange: BINANCE
2025-08-07 23:09:52,288 - AresGlobal - INFO - [SYSTEM] Start time: 2025-08-07 23:09:52
2025-08-07 23:09:52,288 - AresGlobal - INFO - [SYSTEM] Log directory: log
2025-08-07 23:09:52,288 - AresGlobal - INFO - [SYSTEM] ================================================================================
2025-08-07 23:09:52,289 - AresGlobal.AresLauncher - INFO - 🚀 Running enhanced 16-step training pipeline for ETHUSDT on BINANCE
2025-08-07 23:09:52,289 - AresGlobal.AresLauncher - INFO - Starting from step: step2_market_regime_classification
2025-08-07 23:09:52,291 - AresGlobal.AresLauncher - INFO - 📁 Using pre-consolidated data for step2
2025-08-07 23:09:52,291 - AresGlobal.AresLauncher - INFO - ✅ Found consolidated data: data_cache/aggtrades_BINANCE_ETHUSDT_consolidated.parquet
2025-08-07 23:09:52,291 - AresGlobal.ProgressManager - INFO - Initialized ProgressManager for ETHUSDT on BINANCE
2025-08-07 23:09:52,291 - AresGlobal.ProgressManager - INFO - Progress directory: data/training/progress/BINANCE_ETHUSDT
2025-08-07 23:09:52,291 - AresGlobal.StepOrchestrator - INFO - Initialized StepOrchestrator for ETHUSDT on BINANCE
2025-08-07 23:09:52,292 - AresGlobal.StepOrchestrator - INFO - 🚀 Starting execution from step: step2_market_regime_classification
2025-08-07 23:09:53,835 - AresGlobal.EnhancedTrainingManager - INFO - 🚀 Initializing Enhanced Training Manager...
2025-08-07 23:09:53,835 - AresGlobal.EnhancedTrainingManager - INFO - 📊 Blank training mode: False
2025-08-07 23:09:53,836 - AresGlobal.EnhancedTrainingManager - INFO - 🔧 Max trials: 200
2025-08-07 23:09:53,836 - AresGlobal.EnhancedTrainingManager - INFO - 🔧 N trials: 100
2025-08-07 23:09:53,836 - AresGlobal.EnhancedTrainingManager - INFO - 📈 Lookback days: 30
2025-08-07 23:09:53,836 - AresGlobal.EnhancedTrainingManager - INFO - 🚀 Computational optimization: True
2025-08-07 23:09:53,842 - AresGlobal.EnhancedTrainingManager - INFO - 📊 Resource Analysis:
2025-08-07 23:09:53,847 - AresGlobal.EnhancedTrainingManager - INFO -    💾 System Memory: 16.0 GB
2025-08-07 23:09:53,847 - AresGlobal.EnhancedTrainingManager - INFO -    🖥️ CPU Cores: 8
2025-08-07 23:09:53,847 - AresGlobal.EnhancedTrainingManager - INFO -    📈 Estimated Memory Usage: 8.0 GB
2025-08-07 23:09:53,847 - AresGlobal.EnhancedTrainingManager - INFO -    ⏱️ Estimated Time: 720 minutes (12.0 hours)
2025-08-07 23:09:53,847 - AresGlobal.EnhancedTrainingManager - INFO -    🤖 Models to Train: 12
2025-08-07 23:09:53,848 - AresGlobal.EnhancedTrainingManager - INFO -    🔧 Optimization Trials: 200
2025-08-07 23:09:53,848 - AresGlobal.EnhancedTrainingManager - INFO - 📋 Step-by-Step Time Estimates:
2025-08-07 23:09:53,852 - AresGlobal.EnhancedTrainingManager - INFO -    step1_data_collection: 15 min (2.3%)
2025-08-07 23:09:53,852 - AresGlobal.EnhancedTrainingManager - INFO -    step2_market_regime_classification: 8 min (1.2%)
2025-08-07 23:09:53,852 - AresGlobal.EnhancedTrainingManager - INFO -    step3_regime_data_splitting: 5 min (0.8%)
2025-08-07 23:09:53,852 - AresGlobal.EnhancedTrainingManager - INFO -    step4_analyst_labeling_feature_engineering: 60 min (9.0%)
2025-08-07 23:09:53,855 - AresGlobal.EnhancedTrainingManager - INFO -    step5_analyst_specialist_training: 30 min (4.5%)
2025-08-07 23:09:53,855 - AresGlobal.EnhancedTrainingManager - INFO -    step6_analyst_enhancement: 25 min (3.8%)
2025-08-07 23:09:53,855 - AresGlobal.EnhancedTrainingManager - INFO -    step7_analyst_ensemble_creation: 35 min (5.3%)
2025-08-07 23:09:53,855 - AresGlobal.EnhancedTrainingManager - INFO -    step8_tactician_labeling: 15 min (2.3%)
2025-08-07 23:09:53,856 - AresGlobal.EnhancedTrainingManager - INFO -    step9_tactician_specialist_training: 30 min (4.5%)
2025-08-07 23:09:53,856 - AresGlobal.EnhancedTrainingManager - INFO -    step10_tactician_ensemble_creation: 35 min (5.3%)
2025-08-07 23:09:53,856 - AresGlobal.EnhancedTrainingManager - INFO -    step11_confidence_calibration: 10 min (1.5%)
2025-08-07 23:09:53,856 - AresGlobal.EnhancedTrainingManager - INFO -    step12_final_parameters_optimization: 240 min (36.2%)
2025-08-07 23:09:53,858 - AresGlobal.EnhancedTrainingManager - INFO -    step13_walk_forward_validation: 60 min (9.0%)
2025-08-07 23:09:53,858 - AresGlobal.EnhancedTrainingManager - INFO -    step14_monte_carlo_validation: 60 min (9.0%)
2025-08-07 23:09:53,858 - AresGlobal.EnhancedTrainingManager - INFO -    step15_ab_testing: 30 min (4.5%)
2025-08-07 23:09:53,858 - AresGlobal.EnhancedTrainingManager - INFO -    step16_saving: 5 min (0.8%)
2025-08-07 23:09:53,858 - AresGlobal.EnhancedTrainingManager - INFO - 💡 Recommendations:
2025-08-07 23:09:53,858 - AresGlobal.EnhancedTrainingManager - INFO -    ✅ Full training mode should work well on your system
2025-08-07 23:09:53,859 - AresGlobal.EnhancedTrainingManager - INFO - 🚀 Initializing computational optimization components...
2025-08-07 23:09:53,859 - AresGlobal.ComputationalOptimizationManager - INFO - Computational Optimization Manager initialized
2025-08-07 23:09:53,859 - AresGlobal.ComputationalOptimizationManager - INFO - Initializing computational optimization components...
2025-08-07 23:09:53,860 - AresGlobal.MemoryEfficientData - INFO - Optimized DataFrame memory usage
2025-08-07 23:09:53,860 - AresGlobal.PrecomputedFeatureEngine - INFO - Precomputing all features...
2025-08-07 23:09:53,860 - AresGlobal.ComputationalOptimizationManager - ERROR - Failed to initialize computational optimization manager: 'close'
2025-08-07 23:09:53,860 - AresGlobal.EnhancedTrainingManager - WARNING - ⚠️ Failed to initialize computational optimization components
2025-08-07 23:09:53,860 - AresGlobal.EnhancedTrainingManager - INFO - ✅ Enhanced Training Manager initialized successfully
2025-08-07 23:09:53,869 - AresGlobal.StepOrchestrator - INFO - ✅ Enhanced training manager setup successfully
2025-08-07 23:09:53,869 - AresGlobal.EnhancedTrainingManager - INFO - ================================================================================
2025-08-07 23:09:53,869 - AresGlobal.EnhancedTrainingManager - INFO - 🚀 COMPREHENSIVE 16-STEP ENHANCED TRAINING PIPELINE START
2025-08-07 23:09:53,869 - AresGlobal.EnhancedTrainingManager - INFO - ================================================================================
2025-08-07 23:09:53,870 - AresGlobal.EnhancedTrainingManager - INFO - 📅 Started at: 2025-08-07 23:09:53
2025-08-07 23:09:53,870 - AresGlobal.EnhancedTrainingManager - INFO - 🎯 Symbol: ETHUSDT
2025-08-07 23:09:53,870 - AresGlobal.EnhancedTrainingManager - INFO - 🏢 Exchange: BINANCE
2025-08-07 23:09:53,870 - AresGlobal.EnhancedTrainingManager - INFO - 📊 Training Mode: N/A
2025-08-07 23:09:53,870 - AresGlobal.EnhancedTrainingManager - INFO - 📈 Lookback Days: 30
2025-08-07 23:09:53,873 - AresGlobal.EnhancedTrainingManager - INFO - 🔧 Blank Training Mode: False
2025-08-07 23:09:53,873 - AresGlobal.EnhancedTrainingManager - INFO - 🔧 Max Trials: 200
2025-08-07 23:09:53,873 - AresGlobal.EnhancedTrainingManager - INFO - 🔧 N Trials: 100
2025-08-07 23:09:53,874 - AresGlobal.EnhancedTrainingManager - INFO - 📂 Checkpoint loaded: step4_analyst_labeling_feature_engineering
2025-08-07 23:09:53,874 - AresGlobal.EnhancedTrainingManager - INFO - 🔄 Resuming from checkpoint...
2025-08-07 23:09:53,874 - AresGlobal.EnhancedTrainingManager - INFO - 📂 Last completed step: step4_analyst_labeling_feature_engineering
2025-08-07 23:09:53,879 - AresGlobal.EnhancedTrainingManager - INFO - ====================================================================================================
2025-08-07 23:09:53,879 - AresGlobal.EnhancedTrainingManager - INFO - 🚀 COMPREHENSIVE TRAINING PIPELINE START
2025-08-07 23:09:53,879 - AresGlobal.EnhancedTrainingManager - INFO - ====================================================================================================
2025-08-07 23:09:53,879 - AresGlobal.EnhancedTrainingManager - INFO - 📅 Started at: 2025-08-07 23:09:53
2025-08-07 23:09:53,880 - AresGlobal.EnhancedTrainingManager - INFO - 🎯 Symbol: ETHUSDT
2025-08-07 23:09:53,880 - AresGlobal.EnhancedTrainingManager - INFO - 🏢 Exchange: BINANCE
2025-08-07 23:09:53,880 - AresGlobal.EnhancedTrainingManager - INFO - 📊 Timeframe: 1m
2025-08-07 23:09:53,880 - AresGlobal.EnhancedTrainingManager - INFO - 🧠 Training Mode: Full
2025-08-07 23:09:53,880 - AresGlobal.EnhancedTrainingManager - INFO - 🔧 Max Trials: 200
2025-08-07 23:09:53,880 - AresGlobal.EnhancedTrainingManager - INFO - 📈 Lookback Days: 30
2025-08-07 23:09:53,880 - AresGlobal.EnhancedTrainingManager - INFO - 💾 Memory Optimization: Enabled
2025-08-07 23:09:53,880 - AresGlobal.EnhancedTrainingManager - INFO - 🚀 Starting from step: step2_market_regime_classification
2025-08-07 23:09:53,880 - AresGlobal.EnhancedTrainingManager - INFO - ====================================================================================================
2025-08-07 23:09:53,882 - AresGlobal.EnhancedTrainingManager - INFO - ⏭️  Skipping Step 1: Data Collection (using pre-consolidated data)
2025-08-07 23:09:53,882 - AresGlobal.EnhancedTrainingManager - INFO - 🎭 STEP 2: Market Regime Classification...
2025-08-07 23:09:53,882 - AresGlobal.EnhancedTrainingManager - INFO -    🧠 Analyzing market regimes and volatility patterns...
2025-08-07 23:09:54,302 - AresGlobal.UnifiedRegimeClassifier - INFO - Initializing UnifiedRegimeClassifier for BINANCE_ETHUSDT
2025-08-07 23:09:54,302 - AresGlobal.UnifiedRegimeClassifier - INFO - ✅ Loaded existing models successfully
2025-08-07 23:09:54,302 - AresGlobal.UnifiedRegimeClassifier - INFO - ✅ UnifiedRegimeClassifier initialized successfully
2025-08-07 23:09:57,276 - AresGlobal.UnifiedRegimeClassifier - WARNING - Insufficient data: 879 < 1000. Consider reducing min_data_points or collecting more data.
2025-08-07 23:09:57,276 - AresGlobal.UnifiedRegimeClassifier - INFO - Proceeding with 879 data points (reduced from 1000)
2025-08-07 23:09:57,285 - AresGlobal.UnifiedRegimeClassifier - INFO - 🔧 Calculating features for 879 periods...
2025-08-07 23:09:57,676 - AresGlobal.UnifiedRegimeClassifier - INFO - ✅ Calculated comprehensive features for 879 periods (dropped 0 rows due to NaN)
2025-08-07 23:09:57,677 - AresGlobal.UnifiedRegimeClassifier - INFO - Classifying location with tactical pivots and strategic volume levels...
2025-08-07 23:10:04,249 - AresGlobal.UnifiedRegimeClassifier - INFO - Finished classifying locations. Found: {'OPEN_RANGE': 811, 'HVN_SUPPORT': 27, 'HVN_RESISTANCE': 23, 'PIVOT_R': 12, 'PIVOT_S': 6}
2025-08-07 23:10:04,266 - AresGlobal.EnhancedTrainingManager - INFO - 🔍 Running validator for step2_market_regime_classification
2025-08-07 23:10:04,266 - AresGlobal.ValidatorOrchestrator - INFO - 🔍 Running validator for step2_market_regime_classification
2025-08-07 23:10:04,267 - AresGlobal.Step2MarketRegimeClassificationValidator - INFO - 🔍 Validating market regime classification step...
2025-08-07 23:10:04,268 - AresGlobal.Step2MarketRegimeClassificationValidator - WARNING - ⚠️ Regime distribution is imbalanced: 1.000 (max allowed: 0.850) - continuing with caution
2025-08-07 23:10:04,268 - AresGlobal.Step2MarketRegimeClassificationValidator - WARNING - ⚠️ Regime distribution validation failed - continuing with caution
2025-08-07 23:10:04,268 - AresGlobal.Step2MarketRegimeClassificationValidator - WARNING - ⚠️ Regime stuck for too long: 1.000 (max allowed: 0.400) - continuing with caution
2025-08-07 23:10:04,268 - AresGlobal.Step2MarketRegimeClassificationValidator - WARNING - ⚠️ Regime transitions validation failed - continuing with caution
2025-08-07 23:10:04,268 - AresGlobal.Step2MarketRegimeClassificationValidator - INFO - ✅ Market regime classification validation passed (critical checks only)
2025-08-07 23:10:04,268 - AresGlobal.ValidatorOrchestrator - INFO - ✅ Validator for step2_market_regime_classification completed: True
2025-08-07 23:10:04,268 - AresGlobal.EnhancedTrainingManager - INFO - ✅ step2_market_regime_classification validation passed
2025-08-07 23:10:04,269 - AresGlobal.EnhancedTrainingManager - INFO - ✅ Step 2: Market Regime Classification: completed successfully in 10.39s
2025-08-07 23:10:04,269 - AresGlobal.EnhancedTrainingManager - INFO - 💾 Process Memory: 703.7 MB | CPU: 0.0%
2025-08-07 23:10:04,269 - AresGlobal.EnhancedTrainingManager - INFO - 🖥️ System Memory: 66.5% | Available: 5.4 GB
2025-08-07 23:10:04,269 - AresGlobal.EnhancedTrainingManager - INFO - 📊 Progress: 6.2% (1/16)
2025-08-07 23:10:04,269 - AresGlobal.EnhancedTrainingManager - INFO - ⏱️ Elapsed: 0.2 min | ETA: 2.6 min
2025-08-07 23:10:04,270 - AresGlobal.EnhancedTrainingManager - INFO - 💾 Checkpoint saved: step2_market_regime_classification
2025-08-07 23:10:04,270 - AresGlobal.EnhancedTrainingManager - INFO - 📊 STEP 3: Regime Data Splitting...
2025-08-07 23:10:04,270 - AresGlobal.EnhancedTrainingManager - INFO -    📈 Splitting data by market regimes for specialized training...
2025-08-07 23:10:07,982 - AresGlobal.EnhancedTrainingManager - INFO - 🔍 Running validator for step3_regime_data_splitting
2025-08-07 23:10:07,982 - AresGlobal.ValidatorOrchestrator - INFO - 🔍 Running validator for step3_regime_data_splitting
2025-08-07 23:10:07,983 - AresGlobal.Step3RegimeDataSplittingValidator - INFO - 🔍 Validating regime data splitting step...
2025-08-07 23:10:07,984 - AresGlobal.Step3RegimeDataSplittingValidator - INFO - ✅ All split data files exist
2025-08-07 23:10:08,401 - AresGlobal.Step3RegimeDataSplittingValidator - INFO - ✅ train split characteristics validation passed
2025-08-07 23:10:08,438 - AresGlobal.Step3RegimeDataSplittingValidator - INFO - ✅ validation split characteristics validation passed
2025-08-07 23:10:08,443 - AresGlobal.Step3RegimeDataSplittingValidator - INFO - ✅ test split characteristics validation passed
2025-08-07 23:10:08,443 - AresGlobal.Step3RegimeDataSplittingValidator - INFO - ✅ All split data quality validation passed
2025-08-07 23:10:08,445 - AresGlobal.Step3RegimeDataSplittingValidator - INFO - ✅ train proportion 0.800 within expected range (0.500-0.850)
2025-08-07 23:10:08,445 - AresGlobal.Step3RegimeDataSplittingValidator - INFO - ✅ validation proportion 0.100 within expected range (0.050-0.250)
2025-08-07 23:10:08,445 - AresGlobal.Step3RegimeDataSplittingValidator - INFO - ✅ test proportion 0.100 within expected range (0.050-0.250)
2025-08-07 23:10:08,446 - AresGlobal.Step3RegimeDataSplittingValidator - INFO - ✅ Split proportions validation passed: {'train': 0.7999900607948051, 'validation': 0.10000496960259744, 'test': 0.10000496960259744}
2025-08-07 23:10:08,449 - AresGlobal.Step3RegimeDataSplittingValidator - INFO - ✅ Split consistency validation passed
2025-08-07 23:10:08,450 - AresGlobal.Step3RegimeDataSplittingValidator - INFO - ✅ Regime data splitting validation passed (critical checks only)
2025-08-07 23:10:08,450 - AresGlobal.ValidatorOrchestrator - INFO - ✅ Validator for step3_regime_data_splitting completed: True
2025-08-07 23:10:08,450 - AresGlobal.EnhancedTrainingManager - INFO - ✅ step3_regime_data_splitting validation passed
2025-08-07 23:10:08,450 - AresGlobal.EnhancedTrainingManager - INFO - ✅ Step 3: Regime Data Splitting: completed successfully in 4.18s
2025-08-07 23:10:08,450 - AresGlobal.EnhancedTrainingManager - INFO - 💾 Process Memory: 742.9 MB | CPU: 0.0%
2025-08-07 23:10:08,451 - AresGlobal.EnhancedTrainingManager - INFO - 🖥️ System Memory: 67.3% | Available: 5.2 GB
2025-08-07 23:10:08,451 - AresGlobal.EnhancedTrainingManager - INFO - 📊 Progress: 12.5% (2/16)
2025-08-07 23:10:08,451 - AresGlobal.EnhancedTrainingManager - INFO - ⏱️ Elapsed: 0.2 min | ETA: 1.7 min
2025-08-07 23:10:08,451 - AresGlobal.EnhancedTrainingManager - INFO - 💾 Checkpoint saved: step3_regime_data_splitting
2025-08-07 23:10:08,452 - AresGlobal.EnhancedTrainingManager - INFO - 🧠 STEP 4: Analyst Labeling & Feature Engineering...
2025-08-07 23:10:08,453 - AresGlobal.AnalystLabelingFeatureEngineeringStep - INFO - Initializing Analyst Labeling and Feature Engineering Step...
2025-08-07 23:10:08,559 - AresGlobal.VectorizedLabellingOrchestrator - INFO - 🚀 Initializing vectorized labeling orchestrator...
2025-08-07 23:10:08,561 - AresGlobal.VectorizedAdvancedFeatureEngineering - INFO - 🚀 Initializing vectorized advanced feature engineering...
2025-08-07 23:10:08,562 - AresGlobal.WaveletFeatureCache - INFO - ✅ Cache directory initialized: data/wavelet_cache
2025-08-07 23:10:08,562 - AresGlobal.VectorizedVolatilityRegimeModel - INFO - 🚀 Initializing vectorized volatility regime model...
2025-08-07 23:10:08,562 - AresGlobal.VectorizedVolatilityRegimeModel - INFO - ✅ Vectorized volatility regime model initialized successfully
2025-08-07 23:10:08,562 - AresGlobal.VectorizedCorrelationAnalyzer - INFO - 🚀 Initializing vectorized correlation analyzer...
2025-08-07 23:10:08,562 - AresGlobal.VectorizedCorrelationAnalyzer - INFO - ✅ Vectorized correlation analyzer initialized successfully
2025-08-07 23:10:08,562 - AresGlobal.VectorizedMomentumAnalyzer - INFO - 🚀 Initializing vectorized momentum analyzer...
2025-08-07 23:10:08,562 - AresGlobal.VectorizedMomentumAnalyzer - INFO - ✅ Vectorized momentum analyzer initialized successfully
2025-08-07 23:10:08,564 - AresGlobal.VectorizedLiquidityAnalyzer - INFO - 🚀 Initializing vectorized liquidity analyzer...
2025-08-07 23:10:08,564 - AresGlobal.VectorizedLiquidityAnalyzer - INFO - ✅ Vectorized liquidity analyzer initialized successfully
2025-08-07 23:10:08,565 - AresGlobal.VectorizedCandlestickPatternAnalyzer - INFO - 🚀 Initializing vectorized candlestick pattern analyzer...
2025-08-07 23:10:08,565 - AresGlobal.VectorizedCandlestickPatternAnalyzer - INFO - ✅ Vectorized candlestick pattern analyzer initialized successfully
2025-08-07 23:10:08,565 - AresGlobal.VectorizedSRDistanceCalculator - INFO - 🚀 Initializing vectorized S/R distance calculator...
2025-08-07 23:10:08,565 - AresGlobal.VectorizedSRDistanceCalculator - INFO - ✅ Vectorized S/R distance calculator initialized successfully
2025-08-07 23:10:08,565 - AresGlobal.VectorizedWaveletTransformAnalyzer - INFO - 🚀 Initializing enhanced vectorized wavelet transform analyzer...
2025-08-07 23:10:08,565 - AresGlobal.VectorizedWaveletTransformAnalyzer - INFO - ✅ Enhanced vectorized wavelet transform analyzer initialized successfully
2025-08-07 23:10:08,565 - AresGlobal.VectorizedWaveletTransformAnalyzer - INFO - 📊 Configuration: padding_mode=symmetric, cwt_scale_method=logarithmic, max_features_per_wavelet=20
2025-08-07 23:10:08,566 - AresGlobal.MetaLabelingSystem - INFO - 🚀 Initializing meta-labeling system...
2025-08-07 23:10:08,566 - AresGlobal.MetaLabelingSystem - INFO - ✅ Meta-labeling system initialized successfully
2025-08-07 23:10:08,566 - AresGlobal.VectorizedAdvancedFeatureEngineering - INFO - ✅ Vectorized advanced feature engineering initialized successfully
2025-08-07 23:10:15,541 - AresGlobal.AutoencoderConfig - INFO - Configuration loaded from src/analyst/autoencoder_config.yaml
2025-08-07 23:10:15,541 - AresGlobal.VectorizedLabellingOrchestrator - INFO - ✅ Vectorized labeling orchestrator initialized successfully
2025-08-07 23:10:15,542 - AresGlobal.AnalystLabelingFeatureEngineeringStep - INFO - Analyst Labeling and Feature Engineering Step initialized successfully
2025-08-07 23:10:15,542 - AresGlobal.AnalystLabelingFeatureEngineeringStep - INFO - Executing analyst labeling and feature engineering step...
2025-08-07 23:10:15,544 - AresGlobal.AnalystLabelingFeatureEngineeringStep - INFO - ✅ Extracted klines data: (1000, 6)
2025-08-07 23:10:15,544 - AresGlobal.AnalystLabelingFeatureEngineeringStep - INFO - ✅ Validated OHLCV data with columns: ['open', 'high', 'low', 'close', 'volume', 'timestamp']
2025-08-07 23:10:15,545 - AresGlobal.VectorizedLabellingOrchestrator - INFO - 🎯 Starting comprehensive vectorized labeling and feature engineering orchestration...
2025-08-07 23:10:15,546 - AresGlobal.VectorizedLabellingOrchestrator - INFO - 📊 Performing stationary checks...
2025-08-07 23:10:15,546 - AresGlobal.VectorizedStationarityChecker - INFO - 🔍 Checking data stationarity...
2025-08-07 23:10:15,548 - AresGlobal.VectorizedStationarityChecker - INFO - 📈 Transforming price data for stationarity...
2025-08-07 23:10:15,554 - AresGlobal.VectorizedStationarityChecker - INFO - ✅ Transformed price data shape: (1000, 15), columns: ['open', 'high', 'low', 'close', 'volume', 'timestamp', 'close_returns', 'open_returns', 'high_returns', 'low_returns', 'close_log', 'open_log', 'high_log', 'low_log', 'close_detrended']
2025-08-07 23:10:15,555 - AresGlobal.VectorizedStationarityChecker - INFO - 📊 Transforming volume data for stationarity...
2025-08-07 23:10:15,557 - AresGlobal.VectorizedStationarityChecker - INFO - ✅ Transformed volume data shape: (1000, 4), columns: ['volume', 'volume_log', 'volume_detrended', 'volume_normalized']
2025-08-07 23:10:15,557 - AresGlobal.VectorizedLabellingOrchestrator - INFO - 🔧 Generating advanced features...
2025-08-07 23:10:15,620 - AresGlobal.VectorizedCandlestickPatternAnalyzer - ERROR - Error detecting engulfing patterns: bad operand type for unary ~: 'float'
2025-08-07 23:10:16,613 - AresGlobal.VectorizedCandlestickPatternAnalyzer - INFO - ✅ Analyzed 8 pattern categories using vectorized operations
2025-08-07 23:10:16,822 - AresGlobal.VectorizedAdvancedFeatureEngineering - INFO - 📦 Loading wavelet features from cache: a113f7ef84e251b5
2025-08-07 23:10:16,827 - AresGlobal.WaveletFeatureCache - INFO - ✅ Loaded 20 wavelet features from cache: a113f7ef84e251b5
2025-08-07 23:10:16,895 - AresGlobal.VectorizedAdvancedFeatureEngineering - INFO - ✅ Engineered 94 vectorized advanced features including wavelet transforms
2025-08-07 23:10:16,896 - AresGlobal.VectorizedLabellingOrchestrator - INFO - 🏷️ Applying triple barrier labeling...
2025-08-07 23:10:16,913 - AresGlobal.VectorizedLabellingOrchestrator - ERROR - Error in vectorized labeling orchestration: Concatenation operation is not implemented for NumPy arrays, use np.concatenate() instead. Please do not rely on this error; it may not be given on all Python implementations.
2025-08-07 23:10:16,914 - AresGlobal.AnalystLabelingFeatureEngineeringStep - WARNING - Vectorized labeling orchestrator failed during execution: Orchestrator returned invalid data, using fallback
2025-08-07 23:10:16,920 - AresGlobal.AnalystLabelingFeatureEngineeringStep - INFO - ✅ Saved feature data to data/training/BINANCE_ETHUSDT_features_train.pkl
2025-08-07 23:10:16,922 - AresGlobal.AnalystLabelingFeatureEngineeringStep - INFO - ✅ Saved feature data to data/training/BINANCE_ETHUSDT_features_validation.pkl
2025-08-07 23:10:16,923 - AresGlobal.AnalystLabelingFeatureEngineeringStep - INFO - ✅ Saved feature data to data/training/BINANCE_ETHUSDT_features_test.pkl
2025-08-07 23:10:16,924 - AresGlobal.AnalystLabelingFeatureEngineeringStep - INFO - ✅ Saved labeled data to data/training/BINANCE_ETHUSDT_labeled_train.pkl
2025-08-07 23:10:16,925 - AresGlobal.AnalystLabelingFeatureEngineeringStep - INFO - ✅ Saved labeled data to data/training/BINANCE_ETHUSDT_labeled_validation.pkl
2025-08-07 23:10:16,926 - AresGlobal.AnalystLabelingFeatureEngineeringStep - INFO - ✅ Saved labeled data to data/training/BINANCE_ETHUSDT_labeled_test.pkl
2025-08-07 23:10:16,927 - AresGlobal.AnalystLabelingFeatureEngineeringStep - INFO - ✅ Analyst labeling and feature engineering completed successfully
2025-08-07 23:10:16,928 - AresGlobal.EnhancedTrainingManager - INFO - ✅ Step 4: Analyst Labeling & Feature Engineering: completed successfully in 12.66s
2025-08-07 23:10:16,928 - AresGlobal.EnhancedTrainingManager - INFO - 💾 Process Memory: 1113.1 MB | CPU: 0.0%
2025-08-07 23:10:16,929 - AresGlobal.EnhancedTrainingManager - INFO - 🖥️ System Memory: 69.1% | Available: 4.9 GB
2025-08-07 23:10:16,930 - AresGlobal.EnhancedTrainingManager - INFO - 📊 Progress: 18.8% (3/16)
2025-08-07 23:10:16,930 - AresGlobal.EnhancedTrainingManager - INFO - ⏱️ Elapsed: 0.5 min | ETA: 2.0 min
2025-08-07 23:10:16,932 - AresGlobal.EnhancedTrainingManager - INFO - 💾 Checkpoint saved: step4_analyst_labeling_feature_engineering
2025-08-07 23:10:17,113 - AresGlobal.EnhancedTrainingManager - INFO - 🧹 Memory optimization: 1112.1 MB before cleanup
2025-08-07 23:10:17,342 - AresGlobal.EnhancedTrainingManager - INFO - 🧹 Memory optimization: 1112.1 MB after cleanup (saved 0.0 MB)
2025-08-07 23:10:17,343 - AresGlobal.EnhancedTrainingManager - INFO - 🎯 STEP 5: Analyst Specialist Training...
2025-08-07 23:10:18,548 - AresGlobal.EnhancedTrainingManager - INFO - 🔍 Running validator for step4_analyst_labeling_feature_engineering
2025-08-07 23:10:18,549 - AresGlobal.ValidatorOrchestrator - INFO - 🔍 Running validator for step4_analyst_labeling_feature_engineering
2025-08-07 23:10:18,550 - AresGlobal.Step4AnalystLabelingFeatureEngineeringValidator - INFO - 🔍 Validating analyst labeling and feature engineering step...
2025-08-07 23:10:18,563 - AresGlobal.Step4AnalystLabelingFeatureEngineeringValidator - INFO - ✅ Feature engineering outputs validation passed
2025-08-07 23:10:18,565 - AresGlobal.Step4AnalystLabelingFeatureEngineeringValidator - INFO - ✅ Labeling quality validation passed
2025-08-07 23:10:18,582 - AresGlobal.Step4AnalystLabelingFeatureEngineeringValidator - INFO - ✅ Feature quality validation passed
2025-08-07 23:10:18,591 - AresGlobal.Step4AnalystLabelingFeatureEngineeringValidator - INFO - ✅ Data balance validation passed
2025-08-07 23:10:18,592 - AresGlobal.Step4AnalystLabelingFeatureEngineeringValidator - INFO - ✅ Analyst labeling and feature engineering validation passed (critical checks only)
2025-08-07 23:10:18,592 - AresGlobal.ValidatorOrchestrator - INFO - ✅ Validator for step4_analyst_labeling_feature_engineering completed: True
2025-08-07 23:10:18,593 - AresGlobal.EnhancedTrainingManager - INFO - ✅ step4_analyst_labeling_feature_engineering validation passed
2025-08-07 23:10:18,595 - AresGlobal.EnhancedTrainingManager - INFO - 🔍 Running validator for step5_analyst_specialist_training
2025-08-07 23:10:18,596 - AresGlobal.ValidatorOrchestrator - INFO - 🔍 Running validator for step5_analyst_specialist_training
2025-08-07 23:10:18,597 - AresGlobal.Step5AnalystSpecialistTrainingValidator - INFO - 🔍 Validating analyst specialist training step...
2025-08-07 23:10:18,598 - AresGlobal.Step5AnalystSpecialistTrainingValidator - INFO - ✅ All model files exist
2025-08-07 23:10:18,599 - AresGlobal.Step5AnalystSpecialistTrainingValidator - INFO - ✅ analyst_model accuracy validation passed: 0.750 ≥ 0.600
2025-08-07 23:10:18,599 - AresGlobal.Step5AnalystSpecialistTrainingValidator - INFO - ✅ analyst_model loss validation passed: 0.250 ≤ 0.500
2025-08-07 23:10:18,599 - AresGlobal.Step5AnalystSpecialistTrainingValidator - INFO - ✅ analyst_model f1_score validation passed: 0.700 ≥ 0.000
2025-08-07 23:10:18,599 - AresGlobal.Step5AnalystSpecialistTrainingValidator - INFO - ✅ Model performance validation passed
2025-08-07 23:10:18,599 - AresGlobal.Step5AnalystSpecialistTrainingValidator - INFO - ✅ Training metrics validation passed
2025-08-07 23:10:18,600 - AresGlobal.Step5AnalystSpecialistTrainingValidator - INFO - Model type: random_forest
2025-08-07 23:10:18,604 - AresGlobal.Step5AnalystSpecialistTrainingValidator - ERROR - ❌ Model missing predict method
2025-08-07 23:10:18,604 - AresGlobal.Step5AnalystSpecialistTrainingValidator - ERROR - ❌ Model quality validation failed
2025-08-07 23:10:18,604 - AresGlobal.ValidatorOrchestrator - INFO - ✅ Validator for step5_analyst_specialist_training completed: False
2025-08-07 23:10:18,604 - AresGlobal.EnhancedTrainingManager - WARNING - ⚠️ step5_analyst_specialist_training validation failed: Unknown error
2025-08-07 23:10:18,604 - AresGlobal.EnhancedTrainingManager - INFO - ✅ Step 5: Analyst Specialist Training completed successfully
2025-08-07 23:10:18,605 - AresGlobal.EnhancedTrainingManager - INFO - 🔧 STEP 6: Analyst Enhancement...
2025-08-07 23:14:11,815 - AresGlobal.AresLauncher - INFO - 🧹 Cleaning up processes...
2025-08-07 23:14:11,815 - AresGlobal.AresLauncher - INFO - ✅ Cleanup completed
