{"asctime": "2025-08-12 19:45:16,128", "levelname": "INFO", "name": "AresTradingSystem", "message": "✅ Enhanced Logger initialization completed successfully", "correlation_id": "-", "session_id": "-", "timestamp": "2025-08-12T17:45:16.128298+00:00"}
{"asctime": "2025-08-12 19:45:16,180", "levelname": "INFO", "name": "AresTradingSystem.System", "message": "Initializing Market Regime Classification Step...", "correlation_id": "-", "session_id": "-", "timestamp": "2025-08-12T17:45:16.180702+00:00"}
{"asctime": "2025-08-12 19:45:16,181", "levelname": "INFO", "name": "AresTradingSystem.System", "message": "Market Regime Classification Step initialized successfully", "correlation_id": "-", "session_id": "-", "timestamp": "2025-08-12T17:45:16.181160+00:00"}
{"asctime": "2025-08-12 19:45:16,181", "levelname": "INFO", "name": "AresTradingSystem.System", "message": "🔄 Executing Market Regime Classification...", "correlation_id": "-", "session_id": "-", "timestamp": "2025-08-12T17:45:16.181243+00:00"}
{"asctime": "2025-08-12 19:45:16,181", "levelname": "INFO", "name": "AresTradingSystem.System", "message": "🔄 Loading data using unified data loader...", "correlation_id": "-", "session_id": "-", "timestamp": "2025-08-12T17:45:16.181409+00:00"}
{"asctime": "2025-08-12 19:45:16,181", "levelname": "INFO", "name": "AresTradingSystem.System.UnifiedDataLoader", "message": "🔄 Loading unified data for ETHUSDT on BINANCE", "correlation_id": "-", "session_id": "-", "timestamp": "2025-08-12T17:45:16.181507+00:00"}
{"asctime": "2025-08-12 19:45:16,181", "levelname": "INFO", "name": "AresTradingSystem.System.UnifiedDataLoader", "message": "   Timeframe: 1m", "correlation_id": "-", "session_id": "-", "timestamp": "2025-08-12T17:45:16.181578+00:00"}
{"asctime": "2025-08-12 19:45:16,181", "levelname": "INFO", "name": "AresTradingSystem.System.UnifiedDataLoader", "message": "   Date range: 2025-02-13 to 2025-08-12", "correlation_id": "-", "session_id": "-", "timestamp": "2025-08-12T17:45:16.181676+00:00"}
{"asctime": "2025-08-12 19:45:16,181", "levelname": "INFO", "name": "AresTradingSystem.System.UnifiedDataLoader", "message": "   Streaming: True", "correlation_id": "-", "session_id": "-", "timestamp": "2025-08-12T17:45:16.181750+00:00"}
{"asctime": "2025-08-12 19:45:16,181", "levelname": "INFO", "name": "AresTradingSystem.System.UnifiedDataLoader", "message": "   ⚠️ Streaming disabled to avoid segmentation faults", "correlation_id": "-", "session_id": "-", "timestamp": "2025-08-12T17:45:16.181829+00:00"}
{"asctime": "2025-08-12 19:45:16,181", "levelname": "INFO", "name": "AresTradingSystem.System.UnifiedDataLoader", "message": "   📁 Found unified data cache, using optimized pyarrow loading", "correlation_id": "-", "session_id": "-", "timestamp": "2025-08-12T17:45:16.181980+00:00"}
{"asctime": "2025-08-12 19:45:16,182", "levelname": "INFO", "name": "AresTradingSystem.System.UnifiedDataLoader", "message": "🔧 Using optimized pyarrow loading...", "correlation_id": "-", "session_id": "-", "timestamp": "2025-08-12T17:45:16.182048+00:00"}
{"asctime": "2025-08-12 19:45:16,182", "levelname": "INFO", "name": "AresTradingSystem.System.UnifiedDataLoader", "message": "   ⚠️ PyArrow disabled to avoid segmentation faults", "correlation_id": "-", "session_id": "-", "timestamp": "2025-08-12T17:45:16.182129+00:00"}
{"asctime": "2025-08-12 19:45:16,182", "levelname": "INFO", "name": "AresTradingSystem.System.UnifiedDataLoader", "message": "🔧 Using memory-efficient streaming loading for 180 days...", "correlation_id": "-", "session_id": "-", "timestamp": "2025-08-12T17:45:16.182189+00:00"}
{"asctime": "2025-08-12 19:45:16,188", "levelname": "INFO", "name": "AresTradingSystem.System.UnifiedDataLoader", "message": "📁 Found 178 partition files", "correlation_id": "-", "session_id": "-", "timestamp": "2025-08-12T17:45:16.188251+00:00"}
{"asctime": "2025-08-12 19:45:16,282", "levelname": "INFO", "name": "AresTradingSystem.System.UnifiedDataLoader", "message": "   📄 Processing file 1/178: part-0.parquet", "correlation_id": "-", "session_id": "-", "timestamp": "2025-08-12T17:45:16.282413+00:00"}
{"asctime": "2025-08-12 19:45:16,446", "levelname": "INFO", "name": "AresTradingSystem.System.UnifiedDataLoader", "message": "   ✅ Loaded file 1: (1440, 19)", "correlation_id": "-", "session_id": "-", "timestamp": "2025-08-12T17:45:16.446886+00:00"}
{"asctime": "2025-08-12 19:45:16,448", "levelname": "INFO", "name": "AresTradingSystem.System.UnifiedDataLoader", "message": "   🔍 After date filtering: (254, 19)", "correlation_id": "-", "session_id": "-", "timestamp": "2025-08-12T17:45:16.448723+00:00"}
{"asctime": "2025-08-12 19:45:16,450", "levelname": "INFO", "name": "AresTradingSystem.System.UnifiedDataLoader", "message": "   📊 Total rows so far: 254", "correlation_id": "-", "session_id": "-", "timestamp": "2025-08-12T17:45:16.450906+00:00"}
{"asctime": "2025-08-12 19:45:18,101", "levelname": "INFO", "name": "AresTradingSystem.System.UnifiedDataLoader", "message": "   📄 Processing file 10/178: part-0.parquet", "correlation_id": "-", "session_id": "-", "timestamp": "2025-08-12T17:45:18.101860+00:00"}
{"asctime": "2025-08-12 19:45:18,104", "levelname": "INFO", "name": "AresTradingSystem.System.UnifiedDataLoader", "message": "   ✅ Loaded file 10: (1440, 19)", "correlation_id": "-", "session_id": "-", "timestamp": "2025-08-12T17:45:18.104385+00:00"}
{"asctime": "2025-08-12 19:45:18,105", "levelname": "INFO", "name": "AresTradingSystem.System.UnifiedDataLoader", "message": "   🔍 After date filtering: (1440, 19)", "correlation_id": "-", "session_id": "-", "timestamp": "2025-08-12T17:45:18.105029+00:00"}
{"asctime": "2025-08-12 19:45:18,108", "levelname": "INFO", "name": "AresTradingSystem.System.UnifiedDataLoader", "message": "   📊 Total rows so far: 13214", "correlation_id": "-", "session_id": "-", "timestamp": "2025-08-12T17:45:18.108806+00:00"}
{"asctime": "2025-08-12 19:45:19,055", "levelname": "INFO", "name": "AresTradingSystem.System.SignalHandler", "message": "⚠️ 🛑 Received SIGINT signal", "correlation_id": "-", "session_id": "-", "timestamp": "2025-08-12T17:45:19.055798+00:00"}
{"asctime": "2025-08-12 19:45:19,056", "levelname": "INFO", "name": "AresTradingSystem.System.SignalHandler", "message": "❌ 🛑 Initiating graceful shutdown: {reason}", "correlation_id": "-", "session_id": "-", "timestamp": "2025-08-12T17:45:19.056032+00:00"}
{"asctime": "2025-08-12 19:45:19,056", "levelname": "INFO", "name": "AresTradingSystem.System.SignalHandler", "message": "Running 1 shutdown callbacks...", "correlation_id": "-", "session_id": "-", "timestamp": "2025-08-12T17:45:19.056097+00:00"}
{"asctime": "2025-08-12 19:45:19,056", "levelname": "INFO", "name": "AresTradingSystem.System.SignalHandler", "message": "✅ Shutdown callback 1 completed", "correlation_id": "-", "session_id": "-", "timestamp": "2025-08-12T17:45:19.056284+00:00"}
{"asctime": "2025-08-12 19:45:19,056", "levelname": "INFO", "name": "AresTradingSystem.System.SignalHandler", "message": "✅ All shutdown callbacks completed", "correlation_id": "-", "session_id": "-", "timestamp": "2025-08-12T17:45:19.056333+00:00"}
{"asctime": "2025-08-12 19:45:19,823", "levelname": "INFO", "name": "AresTradingSystem.System.UnifiedDataLoader", "message": "   📄 Processing file 20/178: part-0.parquet", "correlation_id": "-", "session_id": "-", "timestamp": "2025-08-12T17:45:19.823730+00:00"}
{"asctime": "2025-08-12 19:45:19,825", "levelname": "INFO", "name": "AresTradingSystem.System.UnifiedDataLoader", "message": "   ✅ Loaded file 20: (1440, 19)", "correlation_id": "-", "session_id": "-", "timestamp": "2025-08-12T17:45:19.825995+00:00"}
{"asctime": "2025-08-12 19:45:19,826", "levelname": "INFO", "name": "AresTradingSystem.System.UnifiedDataLoader", "message": "   🔍 After date filtering: (1440, 19)", "correlation_id": "-", "session_id": "-", "timestamp": "2025-08-12T17:45:19.826625+00:00"}
{"asctime": "2025-08-12 19:45:19,830", "levelname": "INFO", "name": "AresTradingSystem.System.UnifiedDataLoader", "message": "   📊 Total rows so far: 27614", "correlation_id": "-", "session_id": "-", "timestamp": "2025-08-12T17:45:19.830200+00:00"}
{"asctime": "2025-08-12 19:45:21,580", "levelname": "INFO", "name": "AresTradingSystem.System.UnifiedDataLoader", "message": "   📄 Processing file 30/178: part-0.parquet", "correlation_id": "-", "session_id": "-", "timestamp": "2025-08-12T17:45:21.580595+00:00"}
{"asctime": "2025-08-12 19:45:21,582", "levelname": "INFO", "name": "AresTradingSystem.System.UnifiedDataLoader", "message": "   ✅ Loaded file 30: (1440, 19)", "correlation_id": "-", "session_id": "-", "timestamp": "2025-08-12T17:45:21.582869+00:00"}
{"asctime": "2025-08-12 19:45:21,583", "levelname": "INFO", "name": "AresTradingSystem.System.UnifiedDataLoader", "message": "   🔍 After date filtering: (1440, 19)", "correlation_id": "-", "session_id": "-", "timestamp": "2025-08-12T17:45:21.583574+00:00"}
{"asctime": "2025-08-12 19:45:21,587", "levelname": "INFO", "name": "AresTradingSystem.System.UnifiedDataLoader", "message": "   📊 Total rows so far: 42014", "correlation_id": "-", "session_id": "-", "timestamp": "2025-08-12T17:45:21.587528+00:00"}
{"asctime": "2025-08-12 19:45:23,382", "levelname": "INFO", "name": "AresTradingSystem.System.UnifiedDataLoader", "message": "   📄 Processing file 40/178: part-0.parquet", "correlation_id": "-", "session_id": "-", "timestamp": "2025-08-12T17:45:23.382797+00:00"}
{"asctime": "2025-08-12 19:45:23,385", "levelname": "INFO", "name": "AresTradingSystem.System.UnifiedDataLoader", "message": "   ✅ Loaded file 40: (1440, 19)", "correlation_id": "-", "session_id": "-", "timestamp": "2025-08-12T17:45:23.385311+00:00"}
{"asctime": "2025-08-12 19:45:23,386", "levelname": "INFO", "name": "AresTradingSystem.System.UnifiedDataLoader", "message": "   🔍 After date filtering: (1440, 19)", "correlation_id": "-", "session_id": "-", "timestamp": "2025-08-12T17:45:23.386301+00:00"}
{"asctime": "2025-08-12 19:45:23,390", "levelname": "INFO", "name": "AresTradingSystem.System.UnifiedDataLoader", "message": "   📊 Total rows so far: 56414", "correlation_id": "-", "session_id": "-", "timestamp": "2025-08-12T17:45:23.390075+00:00"}
{"asctime": "2025-08-12 19:45:25,273", "levelname": "INFO", "name": "AresTradingSystem.System.UnifiedDataLoader", "message": "   📄 Processing file 50/178: part-0.parquet", "correlation_id": "-", "session_id": "-", "timestamp": "2025-08-12T17:45:25.273786+00:00"}
{"asctime": "2025-08-12 19:45:25,276", "levelname": "INFO", "name": "AresTradingSystem.System.UnifiedDataLoader", "message": "   ✅ Loaded file 50: (1440, 19)", "correlation_id": "-", "session_id": "-", "timestamp": "2025-08-12T17:45:25.276036+00:00"}
{"asctime": "2025-08-12 19:45:25,276", "levelname": "INFO", "name": "AresTradingSystem.System.UnifiedDataLoader", "message": "   🔍 After date filtering: (1440, 19)", "correlation_id": "-", "session_id": "-", "timestamp": "2025-08-12T17:45:25.276700+00:00"}
{"asctime": "2025-08-12 19:45:25,280", "levelname": "INFO", "name": "AresTradingSystem.System.UnifiedDataLoader", "message": "   📊 Total rows so far: 70814", "correlation_id": "-", "session_id": "-", "timestamp": "2025-08-12T17:45:25.280298+00:00"}
{"asctime": "2025-08-12 19:45:27,205", "levelname": "INFO", "name": "AresTradingSystem.System.UnifiedDataLoader", "message": "   📄 Processing file 60/178: part-0.parquet", "correlation_id": "-", "session_id": "-", "timestamp": "2025-08-12T17:45:27.205230+00:00"}
{"asctime": "2025-08-12 19:45:27,207", "levelname": "INFO", "name": "AresTradingSystem.System.UnifiedDataLoader", "message": "   ✅ Loaded file 60: (1440, 19)", "correlation_id": "-", "session_id": "-", "timestamp": "2025-08-12T17:45:27.207464+00:00"}
{"asctime": "2025-08-12 19:45:27,208", "levelname": "INFO", "name": "AresTradingSystem.System.UnifiedDataLoader", "message": "   🔍 After date filtering: (1440, 19)", "correlation_id": "-", "session_id": "-", "timestamp": "2025-08-12T17:45:27.208084+00:00"}
{"asctime": "2025-08-12 19:45:27,211", "levelname": "INFO", "name": "AresTradingSystem.System.UnifiedDataLoader", "message": "   📊 Total rows so far: 85214", "correlation_id": "-", "session_id": "-", "timestamp": "2025-08-12T17:45:27.211696+00:00"}
{"asctime": "2025-08-12 19:45:29,172", "levelname": "INFO", "name": "AresTradingSystem.System.UnifiedDataLoader", "message": "   📄 Processing file 70/178: part-0.parquet", "correlation_id": "-", "session_id": "-", "timestamp": "2025-08-12T17:45:29.172259+00:00"}
{"asctime": "2025-08-12 19:45:29,174", "levelname": "INFO", "name": "AresTradingSystem.System.UnifiedDataLoader", "message": "   ✅ Loaded file 70: (1440, 19)", "correlation_id": "-", "session_id": "-", "timestamp": "2025-08-12T17:45:29.174593+00:00"}
{"asctime": "2025-08-12 19:45:29,175", "levelname": "INFO", "name": "AresTradingSystem.System.UnifiedDataLoader", "message": "   🔍 After date filtering: (1440, 19)", "correlation_id": "-", "session_id": "-", "timestamp": "2025-08-12T17:45:29.175218+00:00"}
{"asctime": "2025-08-12 19:45:29,178", "levelname": "INFO", "name": "AresTradingSystem.System.UnifiedDataLoader", "message": "   📊 Total rows so far: 99614", "correlation_id": "-", "session_id": "-", "timestamp": "2025-08-12T17:45:29.178775+00:00"}
{"asctime": "2025-08-12 19:45:31,283", "levelname": "INFO", "name": "AresTradingSystem.System.UnifiedDataLoader", "message": "   📄 Processing file 80/178: part-0.parquet", "correlation_id": "-", "session_id": "-", "timestamp": "2025-08-12T17:45:31.283442+00:00"}
{"asctime": "2025-08-12 19:45:31,286", "levelname": "INFO", "name": "AresTradingSystem.System.UnifiedDataLoader", "message": "   ✅ Loaded file 80: (1440, 19)", "correlation_id": "-", "session_id": "-", "timestamp": "2025-08-12T17:45:31.286619+00:00"}
{"asctime": "2025-08-12 19:45:31,287", "levelname": "INFO", "name": "AresTradingSystem.System.UnifiedDataLoader", "message": "   🔍 After date filtering: (1440, 19)", "correlation_id": "-", "session_id": "-", "timestamp": "2025-08-12T17:45:31.287704+00:00"}
{"asctime": "2025-08-12 19:45:31,291", "levelname": "INFO", "name": "AresTradingSystem.System.UnifiedDataLoader", "message": "   📊 Total rows so far: 114014", "correlation_id": "-", "session_id": "-", "timestamp": "2025-08-12T17:45:31.291479+00:00"}
{"asctime": "2025-08-12 19:45:33,345", "levelname": "INFO", "name": "AresTradingSystem.System.UnifiedDataLoader", "message": "   📄 Processing file 90/178: part-0.parquet", "correlation_id": "-", "session_id": "-", "timestamp": "2025-08-12T17:45:33.345830+00:00"}
{"asctime": "2025-08-12 19:45:33,348", "levelname": "INFO", "name": "AresTradingSystem.System.UnifiedDataLoader", "message": "   ✅ Loaded file 90: (1440, 19)", "correlation_id": "-", "session_id": "-", "timestamp": "2025-08-12T17:45:33.348107+00:00"}
{"asctime": "2025-08-12 19:45:33,348", "levelname": "INFO", "name": "AresTradingSystem.System.UnifiedDataLoader", "message": "   🔍 After date filtering: (1440, 19)", "correlation_id": "-", "session_id": "-", "timestamp": "2025-08-12T17:45:33.348725+00:00"}
{"asctime": "2025-08-12 19:45:33,352", "levelname": "INFO", "name": "AresTradingSystem.System.UnifiedDataLoader", "message": "   📊 Total rows so far: 128414", "correlation_id": "-", "session_id": "-", "timestamp": "2025-08-12T17:45:33.352599+00:00"}
{"asctime": "2025-08-12 19:45:35,455", "levelname": "INFO", "name": "AresTradingSystem.System.UnifiedDataLoader", "message": "   📄 Processing file 100/178: part-0.parquet", "correlation_id": "-", "session_id": "-", "timestamp": "2025-08-12T17:45:35.455355+00:00"}
{"asctime": "2025-08-12 19:45:35,457", "levelname": "INFO", "name": "AresTradingSystem.System.UnifiedDataLoader", "message": "   ✅ Loaded file 100: (1440, 19)", "correlation_id": "-", "session_id": "-", "timestamp": "2025-08-12T17:45:35.457587+00:00"}
{"asctime": "2025-08-12 19:45:35,458", "levelname": "INFO", "name": "AresTradingSystem.System.UnifiedDataLoader", "message": "   🔍 After date filtering: (1440, 19)", "correlation_id": "-", "session_id": "-", "timestamp": "2025-08-12T17:45:35.458206+00:00"}
{"asctime": "2025-08-12 19:45:35,461", "levelname": "INFO", "name": "AresTradingSystem.System.UnifiedDataLoader", "message": "   📊 Total rows so far: 142814", "correlation_id": "-", "session_id": "-", "timestamp": "2025-08-12T17:45:35.461835+00:00"}
{"asctime": "2025-08-12 19:45:37,625", "levelname": "INFO", "name": "AresTradingSystem.System.UnifiedDataLoader", "message": "   📄 Processing file 110/178: part-0.parquet", "correlation_id": "-", "session_id": "-", "timestamp": "2025-08-12T17:45:37.625686+00:00"}
{"asctime": "2025-08-12 19:45:37,627", "levelname": "INFO", "name": "AresTradingSystem.System.UnifiedDataLoader", "message": "   ✅ Loaded file 110: (1440, 19)", "correlation_id": "-", "session_id": "-", "timestamp": "2025-08-12T17:45:37.628004+00:00"}
{"asctime": "2025-08-12 19:45:37,628", "levelname": "INFO", "name": "AresTradingSystem.System.UnifiedDataLoader", "message": "   🔍 After date filtering: (1440, 19)", "correlation_id": "-", "session_id": "-", "timestamp": "2025-08-12T17:45:37.628625+00:00"}
{"asctime": "2025-08-12 19:45:37,632", "levelname": "INFO", "name": "AresTradingSystem.System.UnifiedDataLoader", "message": "   📊 Total rows so far: 157214", "correlation_id": "-", "session_id": "-", "timestamp": "2025-08-12T17:45:37.632183+00:00"}
{"asctime": "2025-08-12 19:45:39,857", "levelname": "INFO", "name": "AresTradingSystem.System.UnifiedDataLoader", "message": "   📄 Processing file 120/178: part-0.parquet", "correlation_id": "-", "session_id": "-", "timestamp": "2025-08-12T17:45:39.857632+00:00"}
{"asctime": "2025-08-12 19:45:39,860", "levelname": "INFO", "name": "AresTradingSystem.System.UnifiedDataLoader", "message": "   ✅ Loaded file 120: (1440, 19)", "correlation_id": "-", "session_id": "-", "timestamp": "2025-08-12T17:45:39.860060+00:00"}
{"asctime": "2025-08-12 19:45:39,860", "levelname": "INFO", "name": "AresTradingSystem.System.UnifiedDataLoader", "message": "   🔍 After date filtering: (1440, 19)", "correlation_id": "-", "session_id": "-", "timestamp": "2025-08-12T17:45:39.861003+00:00"}
{"asctime": "2025-08-12 19:45:39,864", "levelname": "INFO", "name": "AresTradingSystem.System.UnifiedDataLoader", "message": "   📊 Total rows so far: 171614", "correlation_id": "-", "session_id": "-", "timestamp": "2025-08-12T17:45:39.864654+00:00"}
{"asctime": "2025-08-12 19:45:42,137", "levelname": "INFO", "name": "AresTradingSystem.System.UnifiedDataLoader", "message": "   📄 Processing file 130/178: part-0.parquet", "correlation_id": "-", "session_id": "-", "timestamp": "2025-08-12T17:45:42.137706+00:00"}
{"asctime": "2025-08-12 19:45:42,139", "levelname": "INFO", "name": "AresTradingSystem.System.UnifiedDataLoader", "message": "   ✅ Loaded file 130: (1440, 19)", "correlation_id": "-", "session_id": "-", "timestamp": "2025-08-12T17:45:42.139958+00:00"}
{"asctime": "2025-08-12 19:45:42,140", "levelname": "INFO", "name": "AresTradingSystem.System.UnifiedDataLoader", "message": "   🔍 After date filtering: (1440, 19)", "correlation_id": "-", "session_id": "-", "timestamp": "2025-08-12T17:45:42.140578+00:00"}
{"asctime": "2025-08-12 19:45:42,144", "levelname": "INFO", "name": "AresTradingSystem.System.UnifiedDataLoader", "message": "   📊 Total rows so far: 186014", "correlation_id": "-", "session_id": "-", "timestamp": "2025-08-12T17:45:42.144146+00:00"}
{"asctime": "2025-08-12 19:45:44,489", "levelname": "INFO", "name": "AresTradingSystem.System.UnifiedDataLoader", "message": "   📄 Processing file 140/178: part-0.parquet", "correlation_id": "-", "session_id": "-", "timestamp": "2025-08-12T17:45:44.489262+00:00"}
{"asctime": "2025-08-12 19:45:44,491", "levelname": "INFO", "name": "AresTradingSystem.System.UnifiedDataLoader", "message": "   ✅ Loaded file 140: (1440, 19)", "correlation_id": "-", "session_id": "-", "timestamp": "2025-08-12T17:45:44.491517+00:00"}
{"asctime": "2025-08-12 19:45:44,492", "levelname": "INFO", "name": "AresTradingSystem.System.UnifiedDataLoader", "message": "   🔍 After date filtering: (1440, 19)", "correlation_id": "-", "session_id": "-", "timestamp": "2025-08-12T17:45:44.492157+00:00"}
{"asctime": "2025-08-12 19:45:44,495", "levelname": "INFO", "name": "AresTradingSystem.System.UnifiedDataLoader", "message": "   📊 Total rows so far: 200414", "correlation_id": "-", "session_id": "-", "timestamp": "2025-08-12T17:45:44.495769+00:00"}
{"asctime": "2025-08-12 19:45:46,883", "levelname": "INFO", "name": "AresTradingSystem.System.UnifiedDataLoader", "message": "   📄 Processing file 150/178: part-0.parquet", "correlation_id": "-", "session_id": "-", "timestamp": "2025-08-12T17:45:46.883112+00:00"}
{"asctime": "2025-08-12 19:45:46,885", "levelname": "INFO", "name": "AresTradingSystem.System.UnifiedDataLoader", "message": "   ✅ Loaded file 150: (1440, 19)", "correlation_id": "-", "session_id": "-", "timestamp": "2025-08-12T17:45:46.885646+00:00"}
{"asctime": "2025-08-12 19:45:46,886", "levelname": "INFO", "name": "AresTradingSystem.System.UnifiedDataLoader", "message": "   🔍 After date filtering: (1440, 19)", "correlation_id": "-", "session_id": "-", "timestamp": "2025-08-12T17:45:46.886612+00:00"}
{"asctime": "2025-08-12 19:45:46,890", "levelname": "INFO", "name": "AresTradingSystem.System.UnifiedDataLoader", "message": "   📊 Total rows so far: 214814", "correlation_id": "-", "session_id": "-", "timestamp": "2025-08-12T17:45:46.890260+00:00"}
{"asctime": "2025-08-12 19:45:49,329", "levelname": "INFO", "name": "AresTradingSystem.System.UnifiedDataLoader", "message": "   📄 Processing file 160/178: part-0.parquet", "correlation_id": "-", "session_id": "-", "timestamp": "2025-08-12T17:45:49.329467+00:00"}
{"asctime": "2025-08-12 19:45:49,331", "levelname": "INFO", "name": "AresTradingSystem.System.UnifiedDataLoader", "message": "   ✅ Loaded file 160: (1440, 19)", "correlation_id": "-", "session_id": "-", "timestamp": "2025-08-12T17:45:49.331700+00:00"}
{"asctime": "2025-08-12 19:45:49,332", "levelname": "INFO", "name": "AresTradingSystem.System.UnifiedDataLoader", "message": "   🔍 After date filtering: (1440, 19)", "correlation_id": "-", "session_id": "-", "timestamp": "2025-08-12T17:45:49.332390+00:00"}
{"asctime": "2025-08-12 19:45:49,336", "levelname": "INFO", "name": "AresTradingSystem.System.UnifiedDataLoader", "message": "   📊 Total rows so far: 229214", "correlation_id": "-", "session_id": "-", "timestamp": "2025-08-12T17:45:49.336305+00:00"}
{"asctime": "2025-08-12 19:45:51,833", "levelname": "INFO", "name": "AresTradingSystem.System.UnifiedDataLoader", "message": "   📄 Processing file 170/178: part-0.parquet", "correlation_id": "-", "session_id": "-", "timestamp": "2025-08-12T17:45:51.833121+00:00"}
{"asctime": "2025-08-12 19:45:51,835", "levelname": "INFO", "name": "AresTradingSystem.System.UnifiedDataLoader", "message": "   ✅ Loaded file 170: (1440, 19)", "correlation_id": "-", "session_id": "-", "timestamp": "2025-08-12T17:45:51.835580+00:00"}
{"asctime": "2025-08-12 19:45:51,836", "levelname": "INFO", "name": "AresTradingSystem.System.UnifiedDataLoader", "message": "   🔍 After date filtering: (1440, 19)", "correlation_id": "-", "session_id": "-", "timestamp": "2025-08-12T17:45:51.836444+00:00"}
{"asctime": "2025-08-12 19:45:51,840", "levelname": "INFO", "name": "AresTradingSystem.System.UnifiedDataLoader", "message": "   📊 Total rows so far: 243614", "correlation_id": "-", "session_id": "-", "timestamp": "2025-08-12T17:45:51.840090+00:00"}
{"asctime": "2025-08-12 19:45:54,008", "levelname": "INFO", "name": "AresTradingSystem.System.UnifiedDataLoader", "message": "🔄 Converting 254764 records to DataFrame...", "correlation_id": "-", "session_id": "-", "timestamp": "2025-08-12T17:45:54.009014+00:00"}
{"asctime": "2025-08-12 19:45:54,709", "levelname": "INFO", "name": "AresTradingSystem.System.UnifiedDataLoader", "message": "✅ Memory-efficient loading completed: (254764, 19)", "correlation_id": "-", "session_id": "-", "timestamp": "2025-08-12T17:45:54.709082+00:00"}
{"asctime": "2025-08-12 19:45:54,710", "levelname": "INFO", "name": "AresTradingSystem.System", "message": "✅ Loaded unified data: 254764 rows", "correlation_id": "-", "session_id": "-", "timestamp": "2025-08-12T17:45:54.710319+00:00"}
{"asctime": "2025-08-12 19:45:54,710", "levelname": "INFO", "name": "AresTradingSystem.System", "message": "   Date range: 2025-02-13T19:46:00 to 2025-08-09T17:49:00", "correlation_id": "-", "session_id": "-", "timestamp": "2025-08-12T17:45:54.710407+00:00"}
{"asctime": "2025-08-12 19:45:54,710", "levelname": "INFO", "name": "AresTradingSystem.System", "message": "   Has aggtrades data: True", "correlation_id": "-", "session_id": "-", "timestamp": "2025-08-12T17:45:54.710476+00:00"}
{"asctime": "2025-08-12 19:45:54,710", "levelname": "INFO", "name": "AresTradingSystem.System", "message": "   Has futures data: True", "correlation_id": "-", "session_id": "-", "timestamp": "2025-08-12T17:45:54.710527+00:00"}
{"asctime": "2025-08-12 19:45:54,710", "levelname": "INFO", "name": "AresTradingSystem.System", "message": "🔄 Resampling data to 1h timeframe for regime classification...", "correlation_id": "-", "session_id": "-", "timestamp": "2025-08-12T17:45:54.710577+00:00"}
{"asctime": "2025-08-12 19:45:54,750", "levelname": "INFO", "name": "AresTradingSystem.System", "message": "✅ Resampled to 1h: 4247 records", "correlation_id": "-", "session_id": "-", "timestamp": "2025-08-12T17:45:54.750248+00:00"}
{"asctime": "2025-08-12 19:45:54,750", "levelname": "INFO", "name": "AresTradingSystem.System", "message": "Classifying market regimes (EMA/ADX) for ETHUSDT on BINANCE...", "correlation_id": "-", "session_id": "-", "timestamp": "2025-08-12T17:45:54.750556+00:00"}
{"asctime": "2025-08-12 19:45:54,757", "levelname": "INFO", "name": "AresTradingSystem.System", "message": "Regime classification (EMA/ADX) completed. Found 3 distinct regimes", "correlation_id": "-", "session_id": "-", "timestamp": "2025-08-12T17:45:54.757057+00:00"}
{"asctime": "2025-08-12 19:45:54,770", "levelname": "INFO", "name": "AresTradingSystem.System", "message": "✅ Saved regime classification results to parquet: data/training/BINANCE_ETHUSDT_regime_classification.parquet", "correlation_id": "-", "session_id": "-", "timestamp": "2025-08-12T17:45:54.770086+00:00"}
{"asctime": "2025-08-12 19:45:54,770", "levelname": "INFO", "name": "AresTradingSystem.System", "message": "✅ Market regime classification completed. Results saved to data/training/BINANCE_ETHUSDT_regime_classification.json", "correlation_id": "-", "session_id": "-", "timestamp": "2025-08-12T17:45:54.770241+00:00"}
{"asctime": "2025-08-12 19:45:54,893", "levelname": "INFO", "name": "AresTradingSystem.System", "message": "Initializing Regime Data Splitting Step...", "correlation_id": "-", "session_id": "-", "timestamp": "2025-08-12T17:45:54.893883+00:00"}
{"asctime": "2025-08-12 19:45:54,894", "levelname": "INFO", "name": "AresTradingSystem.System", "message": "Regime Data Splitting Step initialized successfully", "correlation_id": "-", "session_id": "-", "timestamp": "2025-08-12T17:45:54.894043+00:00"}
{"asctime": "2025-08-12 19:45:54,894", "levelname": "INFO", "name": "AresTradingSystem.System", "message": "🔄 Loading unified data for regime data splitting...", "correlation_id": "-", "session_id": "-", "timestamp": "2025-08-12T17:45:54.894135+00:00"}
{"asctime": "2025-08-12 19:45:54,894", "levelname": "INFO", "name": "AresTradingSystem.System.UnifiedDataLoader", "message": "🔄 Loading unified data for ETHUSDT on BINANCE", "correlation_id": "-", "session_id": "-", "timestamp": "2025-08-12T17:45:54.894251+00:00"}
{"asctime": "2025-08-12 19:45:54,894", "levelname": "INFO", "name": "AresTradingSystem.System.UnifiedDataLoader", "message": "   Timeframe: 1m", "correlation_id": "-", "session_id": "-", "timestamp": "2025-08-12T17:45:54.894328+00:00"}
{"asctime": "2025-08-12 19:45:54,894", "levelname": "INFO", "name": "AresTradingSystem.System.UnifiedDataLoader", "message": "   Date range: 2025-02-13 to 2025-08-12", "correlation_id": "-", "session_id": "-", "timestamp": "2025-08-12T17:45:54.894431+00:00"}
{"asctime": "2025-08-12 19:45:54,894", "levelname": "INFO", "name": "AresTradingSystem.System.UnifiedDataLoader", "message": "   Streaming: True", "correlation_id": "-", "session_id": "-", "timestamp": "2025-08-12T17:45:54.894501+00:00"}
{"asctime": "2025-08-12 19:45:54,894", "levelname": "INFO", "name": "AresTradingSystem.System.UnifiedDataLoader", "message": "   ⚠️ Streaming disabled to avoid segmentation faults", "correlation_id": "-", "session_id": "-", "timestamp": "2025-08-12T17:45:54.894569+00:00"}
{"asctime": "2025-08-12 19:45:54,894", "levelname": "INFO", "name": "AresTradingSystem.System.UnifiedDataLoader", "message": "   📁 Found unified data cache, using optimized pyarrow loading", "correlation_id": "-", "session_id": "-", "timestamp": "2025-08-12T17:45:54.894669+00:00"}
{"asctime": "2025-08-12 19:45:54,894", "levelname": "INFO", "name": "AresTradingSystem.System.UnifiedDataLoader", "message": "🔧 Using optimized pyarrow loading...", "correlation_id": "-", "session_id": "-", "timestamp": "2025-08-12T17:45:54.894739+00:00"}
{"asctime": "2025-08-12 19:45:54,894", "levelname": "INFO", "name": "AresTradingSystem.System.UnifiedDataLoader", "message": "   ⚠️ PyArrow disabled to avoid segmentation faults", "correlation_id": "-", "session_id": "-", "timestamp": "2025-08-12T17:45:54.894806+00:00"}
{"asctime": "2025-08-12 19:45:54,894", "levelname": "INFO", "name": "AresTradingSystem.System.UnifiedDataLoader", "message": "🔧 Using memory-efficient streaming loading for 180 days...", "correlation_id": "-", "session_id": "-", "timestamp": "2025-08-12T17:45:54.894874+00:00"}
{"asctime": "2025-08-12 19:45:54,900", "levelname": "INFO", "name": "AresTradingSystem.System.UnifiedDataLoader", "message": "📁 Found 178 partition files", "correlation_id": "-", "session_id": "-", "timestamp": "2025-08-12T17:45:54.900654+00:00"}
{"asctime": "2025-08-12 19:45:54,974", "levelname": "INFO", "name": "AresTradingSystem.System.UnifiedDataLoader", "message": "   📄 Processing file 1/178: part-0.parquet", "correlation_id": "-", "session_id": "-", "timestamp": "2025-08-12T17:45:54.974999+00:00"}
{"asctime": "2025-08-12 19:45:54,977", "levelname": "INFO", "name": "AresTradingSystem.System.UnifiedDataLoader", "message": "   ✅ Loaded file 1: (1440, 19)", "correlation_id": "-", "session_id": "-", "timestamp": "2025-08-12T17:45:54.977436+00:00"}
{"asctime": "2025-08-12 19:45:54,978", "levelname": "INFO", "name": "AresTradingSystem.System.UnifiedDataLoader", "message": "   🔍 After date filtering: (254, 19)", "correlation_id": "-", "session_id": "-", "timestamp": "2025-08-12T17:45:54.978325+00:00"}
{"asctime": "2025-08-12 19:45:54,979", "levelname": "INFO", "name": "AresTradingSystem.System.UnifiedDataLoader", "message": "   📊 Total rows so far: 254", "correlation_id": "-", "session_id": "-", "timestamp": "2025-08-12T17:45:54.979302+00:00"}
{"asctime": "2025-08-12 19:45:56,456", "levelname": "INFO", "name": "AresTradingSystem.System.UnifiedDataLoader", "message": "   📄 Processing file 10/178: part-0.parquet", "correlation_id": "-", "session_id": "-", "timestamp": "2025-08-12T17:45:56.456809+00:00"}
{"asctime": "2025-08-12 19:45:56,459", "levelname": "INFO", "name": "AresTradingSystem.System.UnifiedDataLoader", "message": "   ✅ Loaded file 10: (1440, 19)", "correlation_id": "-", "session_id": "-", "timestamp": "2025-08-12T17:45:56.459040+00:00"}
{"asctime": "2025-08-12 19:45:56,459", "levelname": "INFO", "name": "AresTradingSystem.System.UnifiedDataLoader", "message": "   🔍 After date filtering: (1440, 19)", "correlation_id": "-", "session_id": "-", "timestamp": "2025-08-12T17:45:56.459730+00:00"}
{"asctime": "2025-08-12 19:45:56,463", "levelname": "INFO", "name": "AresTradingSystem.System.UnifiedDataLoader", "message": "   📊 Total rows so far: 13214", "correlation_id": "-", "session_id": "-", "timestamp": "2025-08-12T17:45:56.463204+00:00"}
{"asctime": "2025-08-12 19:45:58,167", "levelname": "INFO", "name": "AresTradingSystem.System.UnifiedDataLoader", "message": "   📄 Processing file 20/178: part-0.parquet", "correlation_id": "-", "session_id": "-", "timestamp": "2025-08-12T17:45:58.167825+00:00"}
{"asctime": "2025-08-12 19:45:58,170", "levelname": "INFO", "name": "AresTradingSystem.System.UnifiedDataLoader", "message": "   ✅ Loaded file 20: (1440, 19)", "correlation_id": "-", "session_id": "-", "timestamp": "2025-08-12T17:45:58.170320+00:00"}
{"asctime": "2025-08-12 19:45:58,170", "levelname": "INFO", "name": "AresTradingSystem.System.UnifiedDataLoader", "message": "   🔍 After date filtering: (1440, 19)", "correlation_id": "-", "session_id": "-", "timestamp": "2025-08-12T17:45:58.170995+00:00"}
{"asctime": "2025-08-12 19:45:58,174", "levelname": "INFO", "name": "AresTradingSystem.System.UnifiedDataLoader", "message": "   📊 Total rows so far: 27614", "correlation_id": "-", "session_id": "-", "timestamp": "2025-08-12T17:45:58.174467+00:00"}
{"asctime": "2025-08-12 19:45:59,959", "levelname": "INFO", "name": "AresTradingSystem.System.UnifiedDataLoader", "message": "   📄 Processing file 30/178: part-0.parquet", "correlation_id": "-", "session_id": "-", "timestamp": "2025-08-12T17:45:59.959780+00:00"}
{"asctime": "2025-08-12 19:45:59,962", "levelname": "INFO", "name": "AresTradingSystem.System.UnifiedDataLoader", "message": "   ✅ Loaded file 30: (1440, 19)", "correlation_id": "-", "session_id": "-", "timestamp": "2025-08-12T17:45:59.962021+00:00"}
{"asctime": "2025-08-12 19:45:59,962", "levelname": "INFO", "name": "AresTradingSystem.System.UnifiedDataLoader", "message": "   🔍 After date filtering: (1440, 19)", "correlation_id": "-", "session_id": "-", "timestamp": "2025-08-12T17:45:59.962639+00:00"}
{"asctime": "2025-08-12 19:45:59,966", "levelname": "INFO", "name": "AresTradingSystem.System.UnifiedDataLoader", "message": "   📊 Total rows so far: 42014", "correlation_id": "-", "session_id": "-", "timestamp": "2025-08-12T17:45:59.966164+00:00"}
{"asctime": "2025-08-12 19:46:01,874", "levelname": "INFO", "name": "AresTradingSystem.System.UnifiedDataLoader", "message": "   📄 Processing file 40/178: part-0.parquet", "correlation_id": "-", "session_id": "-", "timestamp": "2025-08-12T17:46:01.874414+00:00"}
{"asctime": "2025-08-12 19:46:01,876", "levelname": "INFO", "name": "AresTradingSystem.System.UnifiedDataLoader", "message": "   ✅ Loaded file 40: (1440, 19)", "correlation_id": "-", "session_id": "-", "timestamp": "2025-08-12T17:46:01.876703+00:00"}
{"asctime": "2025-08-12 19:46:01,877", "levelname": "INFO", "name": "AresTradingSystem.System.UnifiedDataLoader", "message": "   🔍 After date filtering: (1440, 19)", "correlation_id": "-", "session_id": "-", "timestamp": "2025-08-12T17:46:01.877348+00:00"}
{"asctime": "2025-08-12 19:46:01,880", "levelname": "INFO", "name": "AresTradingSystem.System.UnifiedDataLoader", "message": "   📊 Total rows so far: 56414", "correlation_id": "-", "session_id": "-", "timestamp": "2025-08-12T17:46:01.880853+00:00"}
{"asctime": "2025-08-12 19:46:03,754", "levelname": "INFO", "name": "AresTradingSystem.System.UnifiedDataLoader", "message": "   📄 Processing file 50/178: part-0.parquet", "correlation_id": "-", "session_id": "-", "timestamp": "2025-08-12T17:46:03.754888+00:00"}
{"asctime": "2025-08-12 19:46:03,757", "levelname": "INFO", "name": "AresTradingSystem.System.UnifiedDataLoader", "message": "   ✅ Loaded file 50: (1440, 19)", "correlation_id": "-", "session_id": "-", "timestamp": "2025-08-12T17:46:03.757121+00:00"}
{"asctime": "2025-08-12 19:46:03,757", "levelname": "INFO", "name": "AresTradingSystem.System.UnifiedDataLoader", "message": "   🔍 After date filtering: (1440, 19)", "correlation_id": "-", "session_id": "-", "timestamp": "2025-08-12T17:46:03.757749+00:00"}
{"asctime": "2025-08-12 19:46:03,761", "levelname": "INFO", "name": "AresTradingSystem.System.UnifiedDataLoader", "message": "   📊 Total rows so far: 70814", "correlation_id": "-", "session_id": "-", "timestamp": "2025-08-12T17:46:03.761223+00:00"}
{"asctime": "2025-08-12 19:46:05,749", "levelname": "INFO", "name": "AresTradingSystem.System.UnifiedDataLoader", "message": "   📄 Processing file 60/178: part-0.parquet", "correlation_id": "-", "session_id": "-", "timestamp": "2025-08-12T17:46:05.749971+00:00"}
{"asctime": "2025-08-12 19:46:05,752", "levelname": "INFO", "name": "AresTradingSystem.System.UnifiedDataLoader", "message": "   ✅ Loaded file 60: (1440, 19)", "correlation_id": "-", "session_id": "-", "timestamp": "2025-08-12T17:46:05.752416+00:00"}
{"asctime": "2025-08-12 19:46:05,753", "levelname": "INFO", "name": "AresTradingSystem.System.UnifiedDataLoader", "message": "   🔍 After date filtering: (1440, 19)", "correlation_id": "-", "session_id": "-", "timestamp": "2025-08-12T17:46:05.753211+00:00"}
{"asctime": "2025-08-12 19:46:05,756", "levelname": "INFO", "name": "AresTradingSystem.System.UnifiedDataLoader", "message": "   📊 Total rows so far: 85214", "correlation_id": "-", "session_id": "-", "timestamp": "2025-08-12T17:46:05.756740+00:00"}
{"asctime": "2025-08-12 19:46:07,740", "levelname": "INFO", "name": "AresTradingSystem.System.UnifiedDataLoader", "message": "   📄 Processing file 70/178: part-0.parquet", "correlation_id": "-", "session_id": "-", "timestamp": "2025-08-12T17:46:07.740849+00:00"}
{"asctime": "2025-08-12 19:46:07,743", "levelname": "INFO", "name": "AresTradingSystem.System.UnifiedDataLoader", "message": "   ✅ Loaded file 70: (1440, 19)", "correlation_id": "-", "session_id": "-", "timestamp": "2025-08-12T17:46:07.743100+00:00"}
{"asctime": "2025-08-12 19:46:07,743", "levelname": "INFO", "name": "AresTradingSystem.System.UnifiedDataLoader", "message": "   🔍 After date filtering: (1440, 19)", "correlation_id": "-", "session_id": "-", "timestamp": "2025-08-12T17:46:07.743721+00:00"}
{"asctime": "2025-08-12 19:46:07,747", "levelname": "INFO", "name": "AresTradingSystem.System.UnifiedDataLoader", "message": "   📊 Total rows so far: 99614", "correlation_id": "-", "session_id": "-", "timestamp": "2025-08-12T17:46:07.747243+00:00"}
{"asctime": "2025-08-12 19:46:09,812", "levelname": "INFO", "name": "AresTradingSystem.System.UnifiedDataLoader", "message": "   📄 Processing file 80/178: part-0.parquet", "correlation_id": "-", "session_id": "-", "timestamp": "2025-08-12T17:46:09.812476+00:00"}
{"asctime": "2025-08-12 19:46:09,814", "levelname": "INFO", "name": "AresTradingSystem.System.UnifiedDataLoader", "message": "   ✅ Loaded file 80: (1440, 19)", "correlation_id": "-", "session_id": "-", "timestamp": "2025-08-12T17:46:09.814718+00:00"}
{"asctime": "2025-08-12 19:46:09,815", "levelname": "INFO", "name": "AresTradingSystem.System.UnifiedDataLoader", "message": "   🔍 After date filtering: (1440, 19)", "correlation_id": "-", "session_id": "-", "timestamp": "2025-08-12T17:46:09.815378+00:00"}
{"asctime": "2025-08-12 19:46:09,819", "levelname": "INFO", "name": "AresTradingSystem.System.UnifiedDataLoader", "message": "   📊 Total rows so far: 114014", "correlation_id": "-", "session_id": "-", "timestamp": "2025-08-12T17:46:09.819327+00:00"}
{"asctime": "2025-08-12 19:46:11,929", "levelname": "INFO", "name": "AresTradingSystem.System.UnifiedDataLoader", "message": "   📄 Processing file 90/178: part-0.parquet", "correlation_id": "-", "session_id": "-", "timestamp": "2025-08-12T17:46:11.929171+00:00"}
{"asctime": "2025-08-12 19:46:11,931", "levelname": "INFO", "name": "AresTradingSystem.System.UnifiedDataLoader", "message": "   ✅ Loaded file 90: (1440, 19)", "correlation_id": "-", "session_id": "-", "timestamp": "2025-08-12T17:46:11.931421+00:00"}
{"asctime": "2025-08-12 19:46:11,932", "levelname": "INFO", "name": "AresTradingSystem.System.UnifiedDataLoader", "message": "   🔍 After date filtering: (1440, 19)", "correlation_id": "-", "session_id": "-", "timestamp": "2025-08-12T17:46:11.932131+00:00"}
{"asctime": "2025-08-12 19:46:11,936", "levelname": "INFO", "name": "AresTradingSystem.System.UnifiedDataLoader", "message": "   📊 Total rows so far: 128414", "correlation_id": "-", "session_id": "-", "timestamp": "2025-08-12T17:46:11.936178+00:00"}
{"asctime": "2025-08-12 19:46:14,164", "levelname": "INFO", "name": "AresTradingSystem.System.UnifiedDataLoader", "message": "   📄 Processing file 100/178: part-0.parquet", "correlation_id": "-", "session_id": "-", "timestamp": "2025-08-12T17:46:14.164281+00:00"}
{"asctime": "2025-08-12 19:46:14,166", "levelname": "INFO", "name": "AresTradingSystem.System.UnifiedDataLoader", "message": "   ✅ Loaded file 100: (1440, 19)", "correlation_id": "-", "session_id": "-", "timestamp": "2025-08-12T17:46:14.166660+00:00"}
{"asctime": "2025-08-12 19:46:14,167", "levelname": "INFO", "name": "AresTradingSystem.System.UnifiedDataLoader", "message": "   🔍 After date filtering: (1440, 19)", "correlation_id": "-", "session_id": "-", "timestamp": "2025-08-12T17:46:14.167460+00:00"}
{"asctime": "2025-08-12 19:46:14,171", "levelname": "INFO", "name": "AresTradingSystem.System.UnifiedDataLoader", "message": "   📊 Total rows so far: 142814", "correlation_id": "-", "session_id": "-", "timestamp": "2025-08-12T17:46:14.171287+00:00"}
{"asctime": "2025-08-12 19:46:16,510", "levelname": "INFO", "name": "AresTradingSystem.System.UnifiedDataLoader", "message": "   📄 Processing file 110/178: part-0.parquet", "correlation_id": "-", "session_id": "-", "timestamp": "2025-08-12T17:46:16.510487+00:00"}
{"asctime": "2025-08-12 19:46:16,512", "levelname": "INFO", "name": "AresTradingSystem.System.UnifiedDataLoader", "message": "   ✅ Loaded file 110: (1440, 19)", "correlation_id": "-", "session_id": "-", "timestamp": "2025-08-12T17:46:16.512766+00:00"}
{"asctime": "2025-08-12 19:46:16,513", "levelname": "INFO", "name": "AresTradingSystem.System.UnifiedDataLoader", "message": "   🔍 After date filtering: (1440, 19)", "correlation_id": "-", "session_id": "-", "timestamp": "2025-08-12T17:46:16.513396+00:00"}
{"asctime": "2025-08-12 19:46:16,517", "levelname": "INFO", "name": "AresTradingSystem.System.UnifiedDataLoader", "message": "   📊 Total rows so far: 157214", "correlation_id": "-", "session_id": "-", "timestamp": "2025-08-12T17:46:16.517128+00:00"}
{"asctime": "2025-08-12 19:46:18,844", "levelname": "INFO", "name": "AresTradingSystem.System.UnifiedDataLoader", "message": "   📄 Processing file 120/178: part-0.parquet", "correlation_id": "-", "session_id": "-", "timestamp": "2025-08-12T17:46:18.844375+00:00"}
{"asctime": "2025-08-12 19:46:18,846", "levelname": "INFO", "name": "AresTradingSystem.System.UnifiedDataLoader", "message": "   ✅ Loaded file 120: (1440, 19)", "correlation_id": "-", "session_id": "-", "timestamp": "2025-08-12T17:46:18.846628+00:00"}
{"asctime": "2025-08-12 19:46:18,847", "levelname": "INFO", "name": "AresTradingSystem.System.UnifiedDataLoader", "message": "   🔍 After date filtering: (1440, 19)", "correlation_id": "-", "session_id": "-", "timestamp": "2025-08-12T17:46:18.847319+00:00"}
{"asctime": "2025-08-12 19:46:18,851", "levelname": "INFO", "name": "AresTradingSystem.System.UnifiedDataLoader", "message": "   📊 Total rows so far: 171614", "correlation_id": "-", "session_id": "-", "timestamp": "2025-08-12T17:46:18.851148+00:00"}
{"asctime": "2025-08-12 19:46:21,250", "levelname": "INFO", "name": "AresTradingSystem.System.UnifiedDataLoader", "message": "   📄 Processing file 130/178: part-0.parquet", "correlation_id": "-", "session_id": "-", "timestamp": "2025-08-12T17:46:21.250071+00:00"}
{"asctime": "2025-08-12 19:46:21,252", "levelname": "INFO", "name": "AresTradingSystem.System.UnifiedDataLoader", "message": "   ✅ Loaded file 130: (1440, 19)", "correlation_id": "-", "session_id": "-", "timestamp": "2025-08-12T17:46:21.252844+00:00"}
{"asctime": "2025-08-12 19:46:21,253", "levelname": "INFO", "name": "AresTradingSystem.System.UnifiedDataLoader", "message": "   🔍 After date filtering: (1440, 19)", "correlation_id": "-", "session_id": "-", "timestamp": "2025-08-12T17:46:21.253742+00:00"}
{"asctime": "2025-08-12 19:46:21,257", "levelname": "INFO", "name": "AresTradingSystem.System.UnifiedDataLoader", "message": "   📊 Total rows so far: 186014", "correlation_id": "-", "session_id": "-", "timestamp": "2025-08-12T17:46:21.257525+00:00"}
{"asctime": "2025-08-12 19:46:23,677", "levelname": "INFO", "name": "AresTradingSystem.System.UnifiedDataLoader", "message": "   📄 Processing file 140/178: part-0.parquet", "correlation_id": "-", "session_id": "-", "timestamp": "2025-08-12T17:46:23.677332+00:00"}
{"asctime": "2025-08-12 19:46:23,679", "levelname": "INFO", "name": "AresTradingSystem.System.UnifiedDataLoader", "message": "   ✅ Loaded file 140: (1440, 19)", "correlation_id": "-", "session_id": "-", "timestamp": "2025-08-12T17:46:23.679602+00:00"}
{"asctime": "2025-08-12 19:46:23,680", "levelname": "INFO", "name": "AresTradingSystem.System.UnifiedDataLoader", "message": "   🔍 After date filtering: (1440, 19)", "correlation_id": "-", "session_id": "-", "timestamp": "2025-08-12T17:46:23.680244+00:00"}
{"asctime": "2025-08-12 19:46:23,684", "levelname": "INFO", "name": "AresTradingSystem.System.UnifiedDataLoader", "message": "   📊 Total rows so far: 200414", "correlation_id": "-", "session_id": "-", "timestamp": "2025-08-12T17:46:23.684104+00:00"}
{"asctime": "2025-08-12 19:46:26,183", "levelname": "INFO", "name": "AresTradingSystem.System.UnifiedDataLoader", "message": "   📄 Processing file 150/178: part-0.parquet", "correlation_id": "-", "session_id": "-", "timestamp": "2025-08-12T17:46:26.183982+00:00"}
{"asctime": "2025-08-12 19:46:26,186", "levelname": "INFO", "name": "AresTradingSystem.System.UnifiedDataLoader", "message": "   ✅ Loaded file 150: (1440, 19)", "correlation_id": "-", "session_id": "-", "timestamp": "2025-08-12T17:46:26.186504+00:00"}
{"asctime": "2025-08-12 19:46:26,187", "levelname": "INFO", "name": "AresTradingSystem.System.UnifiedDataLoader", "message": "   🔍 After date filtering: (1440, 19)", "correlation_id": "-", "session_id": "-", "timestamp": "2025-08-12T17:46:26.187199+00:00"}
{"asctime": "2025-08-12 19:46:26,190", "levelname": "INFO", "name": "AresTradingSystem.System.UnifiedDataLoader", "message": "   📊 Total rows so far: 214814", "correlation_id": "-", "session_id": "-", "timestamp": "2025-08-12T17:46:26.190836+00:00"}
{"asctime": "2025-08-12 19:46:28,710", "levelname": "INFO", "name": "AresTradingSystem.System.UnifiedDataLoader", "message": "   📄 Processing file 160/178: part-0.parquet", "correlation_id": "-", "session_id": "-", "timestamp": "2025-08-12T17:46:28.710551+00:00"}
{"asctime": "2025-08-12 19:46:28,712", "levelname": "INFO", "name": "AresTradingSystem.System.UnifiedDataLoader", "message": "   ✅ Loaded file 160: (1440, 19)", "correlation_id": "-", "session_id": "-", "timestamp": "2025-08-12T17:46:28.712818+00:00"}
{"asctime": "2025-08-12 19:46:28,713", "levelname": "INFO", "name": "AresTradingSystem.System.UnifiedDataLoader", "message": "   🔍 After date filtering: (1440, 19)", "correlation_id": "-", "session_id": "-", "timestamp": "2025-08-12T17:46:28.713459+00:00"}
{"asctime": "2025-08-12 19:46:28,717", "levelname": "INFO", "name": "AresTradingSystem.System.UnifiedDataLoader", "message": "   📊 Total rows so far: 229214", "correlation_id": "-", "session_id": "-", "timestamp": "2025-08-12T17:46:28.717294+00:00"}
{"asctime": "2025-08-12 19:46:31,286", "levelname": "INFO", "name": "AresTradingSystem.System.UnifiedDataLoader", "message": "   📄 Processing file 170/178: part-0.parquet", "correlation_id": "-", "session_id": "-", "timestamp": "2025-08-12T17:46:31.286993+00:00"}
{"asctime": "2025-08-12 19:46:31,289", "levelname": "INFO", "name": "AresTradingSystem.System.UnifiedDataLoader", "message": "   ✅ Loaded file 170: (1440, 19)", "correlation_id": "-", "session_id": "-", "timestamp": "2025-08-12T17:46:31.289293+00:00"}
{"asctime": "2025-08-12 19:46:31,289", "levelname": "INFO", "name": "AresTradingSystem.System.UnifiedDataLoader", "message": "   🔍 After date filtering: (1440, 19)", "correlation_id": "-", "session_id": "-", "timestamp": "2025-08-12T17:46:31.289906+00:00"}
{"asctime": "2025-08-12 19:46:31,293", "levelname": "INFO", "name": "AresTradingSystem.System.UnifiedDataLoader", "message": "   📊 Total rows so far: 243614", "correlation_id": "-", "session_id": "-", "timestamp": "2025-08-12T17:46:31.293541+00:00"}
{"asctime": "2025-08-12 19:46:33,530", "levelname": "INFO", "name": "AresTradingSystem.System.UnifiedDataLoader", "message": "🔄 Converting 254764 records to DataFrame...", "correlation_id": "-", "session_id": "-", "timestamp": "2025-08-12T17:46:33.530997+00:00"}
{"asctime": "2025-08-12 19:46:34,244", "levelname": "INFO", "name": "AresTradingSystem.System.UnifiedDataLoader", "message": "✅ Memory-efficient loading completed: (254764, 19)", "correlation_id": "-", "session_id": "-", "timestamp": "2025-08-12T17:46:34.244901+00:00"}
{"asctime": "2025-08-12 19:46:34,245", "levelname": "INFO", "name": "AresTradingSystem.System", "message": "✅ Loaded unified data: 254764 rows", "correlation_id": "-", "session_id": "-", "timestamp": "2025-08-12T17:46:34.245260+00:00"}
{"asctime": "2025-08-12 19:46:34,245", "levelname": "INFO", "name": "AresTradingSystem.System", "message": "   Date range: 0 to 254763", "correlation_id": "-", "session_id": "-", "timestamp": "2025-08-12T17:46:34.245336+00:00"}
{"asctime": "2025-08-12 19:46:34,245", "levelname": "INFO", "name": "AresTradingSystem.System", "message": "   Has aggtrades data: False", "correlation_id": "-", "session_id": "-", "timestamp": "2025-08-12T17:46:34.245432+00:00"}
{"asctime": "2025-08-12 19:46:34,245", "levelname": "INFO", "name": "AresTradingSystem.System", "message": "   Has futures data: False", "correlation_id": "-", "session_id": "-", "timestamp": "2025-08-12T17:46:34.245487+00:00"}
{"asctime": "2025-08-12 19:46:34,245", "levelname": "INFO", "name": "AresTradingSystem.System", "message": "📁 Loading regime classification results from: data/training/BINANCE_ETHUSDT_regime_classification.parquet", "correlation_id": "-", "session_id": "-", "timestamp": "2025-08-12T17:46:34.245554+00:00"}
{"asctime": "2025-08-12 19:46:34,245", "levelname": "INFO", "name": "AresTradingSystem.System", "message": "   Trying direct pandas read...", "correlation_id": "-", "session_id": "-", "timestamp": "2025-08-12T17:46:34.245607+00:00"}
{"asctime": "2025-08-12 19:46:34,247", "levelname": "INFO", "name": "AresTradingSystem.System", "message": "   ✅ Successfully loaded with direct pandas read: (4247, 3)", "correlation_id": "-", "session_id": "-", "timestamp": "2025-08-12T17:46:34.247732+00:00"}
{"asctime": "2025-08-12 19:46:34,247", "levelname": "INFO", "name": "AresTradingSystem.System", "message": "✅ Loaded regime classification data: 4247 rows", "correlation_id": "-", "session_id": "-", "timestamp": "2025-08-12T17:46:34.247860+00:00"}
{"asctime": "2025-08-12 19:46:34,248", "levelname": "INFO", "name": "AresTradingSystem.System", "message": "   Regimes found: ['SIDEWAYS', 'BULL', 'BEAR']", "correlation_id": "-", "session_id": "-", "timestamp": "2025-08-12T17:46:34.248170+00:00"}
{"asctime": "2025-08-12 19:46:34,369", "levelname": "WARNING", "name": "AresTradingSystem.System", "message": "⚠️ ⚠️ SIDEWAYS ratio 72.8% > 40%; rebalancing to cap at 40%", "correlation_id": "-", "session_id": "-", "timestamp": "2025-08-12T17:46:34.369954+00:00"}
{"asctime": "2025-08-12 19:46:34,492", "levelname": "INFO", "name": "AresTradingSystem.System", "message": "✅ Applied soft rebalance to regime splits", "correlation_id": "-", "session_id": "-", "timestamp": "2025-08-12T17:46:34.492581+00:00"}
{"asctime": "2025-08-12 19:46:34,502", "levelname": "WARNING", "name": "AresTradingSystem.System", "message": "⚠️ ⚠️ Applied hard cap: downsampled SIDEWAYS from 134452 to 101905 rows", "correlation_id": "-", "session_id": "-", "timestamp": "2025-08-12T17:46:34.502955+00:00"}
{"asctime": "2025-08-12 19:46:34,503", "levelname": "INFO", "name": "AresTradingSystem.System", "message": "✅ Successfully split data by regimes: 3 regimes", "correlation_id": "-", "session_id": "-", "timestamp": "2025-08-12T17:46:34.503172+00:00"}
{"asctime": "2025-08-12 19:46:34,635", "levelname": "INFO", "name": "AresTradingSystem.System", "message": "✅ Saved SIDEWAYS regime data: 101905 rows -> data/training/regime_data/SIDEWAYS.parquet", "correlation_id": "-", "session_id": "-", "timestamp": "2025-08-12T17:46:34.635066+00:00"}
{"asctime": "2025-08-12 19:46:34,680", "levelname": "INFO", "name": "AresTradingSystem.System", "message": "✅ Saved BULL regime data: 52441 rows -> data/training/regime_data/BULL.parquet", "correlation_id": "-", "session_id": "-", "timestamp": "2025-08-12T17:46:34.680265+00:00"}
{"asctime": "2025-08-12 19:46:34,734", "levelname": "INFO", "name": "AresTradingSystem.System", "message": "✅ Saved BEAR regime data: 67871 rows -> data/training/regime_data/BEAR.parquet", "correlation_id": "-", "session_id": "-", "timestamp": "2025-08-12T17:46:34.734139+00:00"}
{"asctime": "2025-08-12 19:46:34,962", "levelname": "INFO", "name": "AresTradingSystem.System", "message": "✅ Created train/validation/test splits:", "correlation_id": "-", "session_id": "-", "timestamp": "2025-08-12T17:46:34.962235+00:00"}
{"asctime": "2025-08-12 19:46:34,962", "levelname": "INFO", "name": "AresTradingSystem.System", "message": "   Train: 155551 rows -> data/training/BINANCE_ETHUSDT_train_data.parquet", "correlation_id": "-", "session_id": "-", "timestamp": "2025-08-12T17:46:34.962408+00:00"}
{"asctime": "2025-08-12 19:46:34,962", "levelname": "INFO", "name": "AresTradingSystem.System", "message": "   Validation: 33333 rows -> data/training/BINANCE_ETHUSDT_validation_data.parquet", "correlation_id": "-", "session_id": "-", "timestamp": "2025-08-12T17:46:34.962469+00:00"}
{"asctime": "2025-08-12 19:46:34,962", "levelname": "INFO", "name": "AresTradingSystem.System", "message": "   Test: 33333 rows -> data/training/BINANCE_ETHUSDT_test_data.parquet", "correlation_id": "-", "session_id": "-", "timestamp": "2025-08-12T17:46:34.962520+00:00"}
{"asctime": "2025-08-12 19:46:34,966", "levelname": "INFO", "name": "AresTradingSystem.System", "message": "📊 Regime Data Splitting Results:", "correlation_id": "-", "session_id": "-", "timestamp": "2025-08-12T17:46:34.966424+00:00"}
{"asctime": "2025-08-12 19:46:34,966", "levelname": "INFO", "name": "AresTradingSystem.System", "message": "   SIDEWAYS: 101905 rows (45.9%)", "correlation_id": "-", "session_id": "-", "timestamp": "2025-08-12T17:46:34.966656+00:00"}
{"asctime": "2025-08-12 19:46:34,966", "levelname": "INFO", "name": "AresTradingSystem.System", "message": "   BULL: 52441 rows (23.6%)", "correlation_id": "-", "session_id": "-", "timestamp": "2025-08-12T17:46:34.966730+00:00"}
{"asctime": "2025-08-12 19:46:34,966", "levelname": "INFO", "name": "AresTradingSystem.System", "message": "   BEAR: 67871 rows (30.5%)", "correlation_id": "-", "session_id": "-", "timestamp": "2025-08-12T17:46:34.966786+00:00"}
{"asctime": "2025-08-12 19:46:34,966", "levelname": "INFO", "name": "AresTradingSystem.System", "message": "✅ Regime data splitting completed successfully", "correlation_id": "-", "session_id": "-", "timestamp": "2025-08-12T17:46:34.966838+00:00"}
