{"asctime": "2025-08-10 11:01:00,081", "levelname": "INFO", "name": "AresTradingSystem", "message": "✅ Enhanced Logger initialization completed successfully", "correlation_id": "-", "session_id": "-", "timestamp": "2025-08-10T09:01:00.081408+00:00"}
{"asctime": "2025-08-10 11:01:00,095", "levelname": "INFO", "name": "AresTradingSystem.System", "message": "Environment configuration loaded successfully. Trading Environment: PAPER, Exchange: BINANCE", "correlation_id": "-", "session_id": "-", "timestamp": "2025-08-10T09:01:00.095668+00:00"}
{"asctime": "2025-08-10 11:01:00,102", "levelname": "INFO", "name": "AresTradingSystem.System.OptimizedDataDownloader", "message": "🚀 CLEAN DATA DOWNLOAD PROCESS STARTED", "correlation_id": "-", "session_id": "-", "timestamp": "2025-08-10T09:01:00.102246+00:00"}
{"asctime": "2025-08-10 11:01:00,102", "levelname": "INFO", "name": "AresTradingSystem.System.OptimizedDataDownloader", "message": "🔧 STEP 1: Initializing...", "correlation_id": "-", "session_id": "-", "timestamp": "2025-08-10T09:01:00.102418+00:00"}
{"asctime": "2025-08-10 11:01:00,102", "levelname": "INFO", "name": "AresTradingSystem.System.OptimizedDataDownloader", "message": "🔧 STEP 1: Initializing clean downloader with CCXT...", "correlation_id": "-", "session_id": "-", "timestamp": "2025-08-10T09:01:00.102489+00:00"}
{"asctime": "2025-08-10 11:01:00,116", "levelname": "INFO", "name": "AresTradingSystem.System.OptimizedDataDownloader", "message": "✅ CCXT exchange created for BINANCE", "correlation_id": "-", "session_id": "-", "timestamp": "2025-08-10T09:01:00.116709+00:00"}
{"asctime": "2025-08-10 11:01:00,118", "levelname": "INFO", "name": "AresTradingSystem.System.OptimizedDataDownloader", "message": "🔄 STEP 4: Starting parallel downloads for all data types...", "correlation_id": "-", "session_id": "-", "timestamp": "2025-08-10T09:01:00.118722+00:00"}
{"asctime": "2025-08-10 11:01:00,119", "levelname": "INFO", "name": "AresTradingSystem.System.OptimizedDataDownloader", "message": "📋 Created 3 parallel download tasks", "correlation_id": "-", "session_id": "-", "timestamp": "2025-08-10T09:01:00.119009+00:00"}
{"asctime": "2025-08-10 11:01:00,119", "levelname": "INFO", "name": "AresTradingSystem.System.OptimizedDataDownloader", "message": "⏳ Executing all tasks concurrently...", "correlation_id": "-", "session_id": "-", "timestamp": "2025-08-10T09:01:00.119082+00:00"}
{"asctime": "2025-08-10 11:01:00,125", "levelname": "INFO", "name": "AresTradingSystem.System.OptimizedDataDownloader", "message": "📈 STEP 3A: Starting parallel klines download...", "correlation_id": "-", "session_id": "-", "timestamp": "2025-08-10T09:01:00.125494+00:00"}
{"asctime": "2025-08-10 11:01:00,125", "levelname": "INFO", "name": "AresTradingSystem.System.OptimizedDataDownloader", "message": "📅 STEP 2: Calculating time periods for klines...", "correlation_id": "-", "session_id": "-", "timestamp": "2025-08-10T09:01:00.125786+00:00"}
{"asctime": "2025-08-10 11:01:00,125", "levelname": "INFO", "name": "AresTradingSystem.System.OptimizedDataDownloader", "message": "📊 Date range: 2023-08-11 to 2025-08-10", "correlation_id": "-", "session_id": "-", "timestamp": "2025-08-10T09:01:00.125973+00:00"}
{"asctime": "2025-08-10 11:01:00,126", "levelname": "INFO", "name": "AresTradingSystem.System.OptimizedDataDownloader", "message": "📊 Total days: 730", "correlation_id": "-", "session_id": "-", "timestamp": "2025-08-10T09:01:00.126374+00:00"}
{"asctime": "2025-08-10 11:01:00,126", "levelname": "INFO", "name": "AresTradingSystem.System.OptimizedDataDownloader", "message": "📈 Processing klines (monthly periods)...", "correlation_id": "-", "session_id": "-", "timestamp": "2025-08-10T09:01:00.126439+00:00"}
{"asctime": "2025-08-10 11:01:00,126", "levelname": "INFO", "name": "AresTradingSystem.System.OptimizedDataDownloader", "message": "📁 Skipping existing: klines_BINANCE_ETHUSDT_1m_2023-08.csv", "correlation_id": "-", "session_id": "-", "timestamp": "2025-08-10T09:01:00.126540+00:00"}
{"asctime": "2025-08-10 11:01:00,127", "levelname": "INFO", "name": "AresTradingSystem.System.OptimizedDataDownloader", "message": "📁 Skipping existing: klines_BINANCE_ETHUSDT_1m_2023-09.csv", "correlation_id": "-", "session_id": "-", "timestamp": "2025-08-10T09:01:00.127007+00:00"}
{"asctime": "2025-08-10 11:01:00,133", "levelname": "INFO", "name": "AresTradingSystem.System.OptimizedDataDownloader", "message": "📁 Skipping existing: klines_BINANCE_ETHUSDT_1m_2023-10.csv", "correlation_id": "-", "session_id": "-", "timestamp": "2025-08-10T09:01:00.133275+00:00"}
{"asctime": "2025-08-10 11:01:00,133", "levelname": "INFO", "name": "AresTradingSystem.System.OptimizedDataDownloader", "message": "📁 Skipping existing: klines_BINANCE_ETHUSDT_1m_2023-11.csv", "correlation_id": "-", "session_id": "-", "timestamp": "2025-08-10T09:01:00.133504+00:00"}
{"asctime": "2025-08-10 11:01:00,133", "levelname": "INFO", "name": "AresTradingSystem.System.OptimizedDataDownloader", "message": "📁 Skipping existing: klines_BINANCE_ETHUSDT_1m_2023-12.csv", "correlation_id": "-", "session_id": "-", "timestamp": "2025-08-10T09:01:00.133586+00:00"}
{"asctime": "2025-08-10 11:01:00,133", "levelname": "INFO", "name": "AresTradingSystem.System.OptimizedDataDownloader", "message": "📁 Skipping existing: klines_BINANCE_ETHUSDT_1m_2024-01.csv", "correlation_id": "-", "session_id": "-", "timestamp": "2025-08-10T09:01:00.133658+00:00"}
{"asctime": "2025-08-10 11:01:00,133", "levelname": "INFO", "name": "AresTradingSystem.System.OptimizedDataDownloader", "message": "📁 Skipping existing: klines_BINANCE_ETHUSDT_1m_2024-02.csv", "correlation_id": "-", "session_id": "-", "timestamp": "2025-08-10T09:01:00.133723+00:00"}
{"asctime": "2025-08-10 11:01:00,133", "levelname": "INFO", "name": "AresTradingSystem.System.OptimizedDataDownloader", "message": "📁 Skipping existing: klines_BINANCE_ETHUSDT_1m_2024-03.csv", "correlation_id": "-", "session_id": "-", "timestamp": "2025-08-10T09:01:00.133788+00:00"}
{"asctime": "2025-08-10 11:01:00,133", "levelname": "INFO", "name": "AresTradingSystem.System.OptimizedDataDownloader", "message": "📁 Skipping existing: klines_BINANCE_ETHUSDT_1m_2024-04.csv", "correlation_id": "-", "session_id": "-", "timestamp": "2025-08-10T09:01:00.133847+00:00"}
{"asctime": "2025-08-10 11:01:00,133", "levelname": "INFO", "name": "AresTradingSystem.System.OptimizedDataDownloader", "message": "📁 Skipping existing: klines_BINANCE_ETHUSDT_1m_2024-05.csv", "correlation_id": "-", "session_id": "-", "timestamp": "2025-08-10T09:01:00.133940+00:00"}
{"asctime": "2025-08-10 11:01:00,133", "levelname": "INFO", "name": "AresTradingSystem.System.OptimizedDataDownloader", "message": "📁 Skipping existing: klines_BINANCE_ETHUSDT_1m_2024-06.csv", "correlation_id": "-", "session_id": "-", "timestamp": "2025-08-10T09:01:00.133999+00:00"}
{"asctime": "2025-08-10 11:01:00,134", "levelname": "INFO", "name": "AresTradingSystem.System.OptimizedDataDownloader", "message": "📁 Skipping existing: klines_BINANCE_ETHUSDT_1m_2024-07.csv", "correlation_id": "-", "session_id": "-", "timestamp": "2025-08-10T09:01:00.134059+00:00"}
{"asctime": "2025-08-10 11:01:00,134", "levelname": "INFO", "name": "AresTradingSystem.System.OptimizedDataDownloader", "message": "📁 Skipping existing: klines_BINANCE_ETHUSDT_1m_2024-08.csv", "correlation_id": "-", "session_id": "-", "timestamp": "2025-08-10T09:01:00.134119+00:00"}
{"asctime": "2025-08-10 11:01:00,134", "levelname": "INFO", "name": "AresTradingSystem.System.OptimizedDataDownloader", "message": "📁 Skipping existing: klines_BINANCE_ETHUSDT_1m_2024-09.csv", "correlation_id": "-", "session_id": "-", "timestamp": "2025-08-10T09:01:00.134181+00:00"}
{"asctime": "2025-08-10 11:01:00,134", "levelname": "INFO", "name": "AresTradingSystem.System.OptimizedDataDownloader", "message": "📁 Skipping existing: klines_BINANCE_ETHUSDT_1m_2024-10.csv", "correlation_id": "-", "session_id": "-", "timestamp": "2025-08-10T09:01:00.134590+00:00"}
{"asctime": "2025-08-10 11:01:00,134", "levelname": "INFO", "name": "AresTradingSystem.System.OptimizedDataDownloader", "message": "📁 Skipping existing: klines_BINANCE_ETHUSDT_1m_2024-11.csv", "correlation_id": "-", "session_id": "-", "timestamp": "2025-08-10T09:01:00.134692+00:00"}
{"asctime": "2025-08-10 11:01:00,134", "levelname": "INFO", "name": "AresTradingSystem.System.OptimizedDataDownloader", "message": "📁 Skipping existing: klines_BINANCE_ETHUSDT_1m_2024-12.csv", "correlation_id": "-", "session_id": "-", "timestamp": "2025-08-10T09:01:00.134800+00:00"}
{"asctime": "2025-08-10 11:01:00,134", "levelname": "INFO", "name": "AresTradingSystem.System.OptimizedDataDownloader", "message": "📁 Skipping existing: klines_BINANCE_ETHUSDT_1m_2025-01.csv", "correlation_id": "-", "session_id": "-", "timestamp": "2025-08-10T09:01:00.134864+00:00"}
{"asctime": "2025-08-10 11:01:00,134", "levelname": "INFO", "name": "AresTradingSystem.System.OptimizedDataDownloader", "message": "📁 Skipping existing: klines_BINANCE_ETHUSDT_1m_2025-02.csv", "correlation_id": "-", "session_id": "-", "timestamp": "2025-08-10T09:01:00.134925+00:00"}
{"asctime": "2025-08-10 11:01:00,134", "levelname": "INFO", "name": "AresTradingSystem.System.OptimizedDataDownloader", "message": "📁 Skipping existing: klines_BINANCE_ETHUSDT_1m_2025-03.csv", "correlation_id": "-", "session_id": "-", "timestamp": "2025-08-10T09:01:00.134983+00:00"}
{"asctime": "2025-08-10 11:01:00,135", "levelname": "INFO", "name": "AresTradingSystem.System.OptimizedDataDownloader", "message": "📁 Skipping existing: klines_BINANCE_ETHUSDT_1m_2025-04.csv", "correlation_id": "-", "session_id": "-", "timestamp": "2025-08-10T09:01:00.135063+00:00"}
{"asctime": "2025-08-10 11:01:00,135", "levelname": "INFO", "name": "AresTradingSystem.System.OptimizedDataDownloader", "message": "📁 Skipping existing: klines_BINANCE_ETHUSDT_1m_2025-05.csv", "correlation_id": "-", "session_id": "-", "timestamp": "2025-08-10T09:01:00.135293+00:00"}
{"asctime": "2025-08-10 11:01:00,135", "levelname": "INFO", "name": "AresTradingSystem.System.OptimizedDataDownloader", "message": "📁 Skipping existing: klines_BINANCE_ETHUSDT_1m_2025-06.csv", "correlation_id": "-", "session_id": "-", "timestamp": "2025-08-10T09:01:00.135376+00:00"}
{"asctime": "2025-08-10 11:01:00,135", "levelname": "INFO", "name": "AresTradingSystem.System.OptimizedDataDownloader", "message": "📁 Skipping existing: klines_BINANCE_ETHUSDT_1m_2025-07.csv", "correlation_id": "-", "session_id": "-", "timestamp": "2025-08-10T09:01:00.135434+00:00"}
{"asctime": "2025-08-10 11:01:00,135", "levelname": "INFO", "name": "AresTradingSystem.System.OptimizedDataDownloader", "message": "📁 Skipping existing: klines_BINANCE_ETHUSDT_1m_2025-08.csv", "correlation_id": "-", "session_id": "-", "timestamp": "2025-08-10T09:01:00.135493+00:00"}
{"asctime": "2025-08-10 11:01:00,135", "levelname": "INFO", "name": "AresTradingSystem.System.OptimizedDataDownloader", "message": "📊 Summary: 0 months to download, 25 months skipped", "correlation_id": "-", "session_id": "-", "timestamp": "2025-08-10T09:01:00.135545+00:00"}
{"asctime": "2025-08-10 11:01:00,135", "levelname": "INFO", "name": "AresTradingSystem.System.OptimizedDataDownloader", "message": "📁 No klines periods to download", "correlation_id": "-", "session_id": "-", "timestamp": "2025-08-10T09:01:00.135627+00:00"}
{"asctime": "2025-08-10 11:01:00,135", "levelname": "INFO", "name": "AresTradingSystem.System.OptimizedDataDownloader", "message": "📊 STEP 3B: Starting parallel aggtrades download...", "correlation_id": "-", "session_id": "-", "timestamp": "2025-08-10T09:01:00.135692+00:00"}
{"asctime": "2025-08-10 11:01:00,135", "levelname": "INFO", "name": "AresTradingSystem.System.OptimizedDataDownloader", "message": "📅 STEP 2: Calculating time periods for aggtrades...", "correlation_id": "-", "session_id": "-", "timestamp": "2025-08-10T09:01:00.135742+00:00"}
{"asctime": "2025-08-10 11:01:05,193", "levelname": "INFO", "name": "AresTradingSystem.System.OptimizedDataDownloader", "message": "📊 Date range: 2025-08-09 to 2025-08-10", "correlation_id": "-", "session_id": "-", "timestamp": "2025-08-10T09:01:05.193093+00:00"}
{"asctime": "2025-08-10 11:01:05,193", "levelname": "INFO", "name": "AresTradingSystem.System.OptimizedDataDownloader", "message": "📊 Total days: 0", "correlation_id": "-", "session_id": "-", "timestamp": "2025-08-10T09:01:05.193490+00:00"}
{"asctime": "2025-08-10 11:01:05,193", "levelname": "INFO", "name": "AresTradingSystem.System.OptimizedDataDownloader", "message": "📊 Processing aggtrades (daily periods)...", "correlation_id": "-", "session_id": "-", "timestamp": "2025-08-10T09:01:05.193569+00:00"}
{"asctime": "2025-08-10 11:01:09,804", "levelname": "INFO", "name": "AresTradingSystem.System.OptimizedDataDownloader", "message": "📁 No aggtrades periods to download", "correlation_id": "-", "session_id": "-", "timestamp": "2025-08-10T09:01:09.804494+00:00"}
{"asctime": "2025-08-10 11:01:09,805", "levelname": "INFO", "name": "AresTradingSystem.System.OptimizedDataDownloader", "message": "📈 STEP 3C: Starting parallel futures download...", "correlation_id": "-", "session_id": "-", "timestamp": "2025-08-10T09:01:09.805521+00:00"}
{"asctime": "2025-08-10 11:01:09,805", "levelname": "INFO", "name": "AresTradingSystem.System.OptimizedDataDownloader", "message": "📅 STEP 2: Calculating time periods for futures...", "correlation_id": "-", "session_id": "-", "timestamp": "2025-08-10T09:01:09.805666+00:00"}
{"asctime": "2025-08-10 11:01:09,805", "levelname": "INFO", "name": "AresTradingSystem.System.OptimizedDataDownloader", "message": "📊 Date range: 2023-08-11 to 2025-08-10", "correlation_id": "-", "session_id": "-", "timestamp": "2025-08-10T09:01:09.805768+00:00"}
{"asctime": "2025-08-10 11:01:09,805", "levelname": "INFO", "name": "AresTradingSystem.System.OptimizedDataDownloader", "message": "📊 Total days: 730", "correlation_id": "-", "session_id": "-", "timestamp": "2025-08-10T09:01:09.805843+00:00"}
{"asctime": "2025-08-10 11:01:09,805", "levelname": "INFO", "name": "AresTradingSystem.System.OptimizedDataDownloader", "message": "📈 Processing futures (monthly periods)...", "correlation_id": "-", "session_id": "-", "timestamp": "2025-08-10T09:01:09.805911+00:00"}
{"asctime": "2025-08-10 11:01:09,806", "levelname": "INFO", "name": "AresTradingSystem.System.OptimizedDataDownloader", "message": "📥 Will download: futures_BINANCE_ETHUSDT_2023-08.csv", "correlation_id": "-", "session_id": "-", "timestamp": "2025-08-10T09:01:09.806037+00:00"}
{"asctime": "2025-08-10 11:01:09,806", "levelname": "INFO", "name": "AresTradingSystem.System.OptimizedDataDownloader", "message": "📥 Will download: futures_BINANCE_ETHUSDT_2023-09.csv", "correlation_id": "-", "session_id": "-", "timestamp": "2025-08-10T09:01:09.806115+00:00"}
{"asctime": "2025-08-10 11:01:09,806", "levelname": "INFO", "name": "AresTradingSystem.System.OptimizedDataDownloader", "message": "📥 Will download: futures_BINANCE_ETHUSDT_2023-10.csv", "correlation_id": "-", "session_id": "-", "timestamp": "2025-08-10T09:01:09.806207+00:00"}
{"asctime": "2025-08-10 11:01:09,806", "levelname": "INFO", "name": "AresTradingSystem.System.OptimizedDataDownloader", "message": "📥 Will download: futures_BINANCE_ETHUSDT_2023-11.csv", "correlation_id": "-", "session_id": "-", "timestamp": "2025-08-10T09:01:09.806272+00:00"}
{"asctime": "2025-08-10 11:01:09,806", "levelname": "INFO", "name": "AresTradingSystem.System.OptimizedDataDownloader", "message": "📥 Will download: futures_BINANCE_ETHUSDT_2023-12.csv", "correlation_id": "-", "session_id": "-", "timestamp": "2025-08-10T09:01:09.806334+00:00"}
{"asctime": "2025-08-10 11:01:09,806", "levelname": "INFO", "name": "AresTradingSystem.System.OptimizedDataDownloader", "message": "📥 Will download: futures_BINANCE_ETHUSDT_2024-01.csv", "correlation_id": "-", "session_id": "-", "timestamp": "2025-08-10T09:01:09.806405+00:00"}
{"asctime": "2025-08-10 11:01:09,806", "levelname": "INFO", "name": "AresTradingSystem.System.OptimizedDataDownloader", "message": "📥 Will download: futures_BINANCE_ETHUSDT_2024-02.csv", "correlation_id": "-", "session_id": "-", "timestamp": "2025-08-10T09:01:09.806466+00:00"}
{"asctime": "2025-08-10 11:01:09,806", "levelname": "INFO", "name": "AresTradingSystem.System.OptimizedDataDownloader", "message": "📥 Will download: futures_BINANCE_ETHUSDT_2024-03.csv", "correlation_id": "-", "session_id": "-", "timestamp": "2025-08-10T09:01:09.806526+00:00"}
{"asctime": "2025-08-10 11:01:09,806", "levelname": "INFO", "name": "AresTradingSystem.System.OptimizedDataDownloader", "message": "📥 Will download: futures_BINANCE_ETHUSDT_2024-04.csv", "correlation_id": "-", "session_id": "-", "timestamp": "2025-08-10T09:01:09.806602+00:00"}
{"asctime": "2025-08-10 11:01:09,806", "levelname": "INFO", "name": "AresTradingSystem.System.OptimizedDataDownloader", "message": "📥 Will download: futures_BINANCE_ETHUSDT_2024-05.csv", "correlation_id": "-", "session_id": "-", "timestamp": "2025-08-10T09:01:09.806661+00:00"}
{"asctime": "2025-08-10 11:01:09,806", "levelname": "INFO", "name": "AresTradingSystem.System.OptimizedDataDownloader", "message": "📥 Will download: futures_BINANCE_ETHUSDT_2024-06.csv", "correlation_id": "-", "session_id": "-", "timestamp": "2025-08-10T09:01:09.806721+00:00"}
{"asctime": "2025-08-10 11:01:09,806", "levelname": "INFO", "name": "AresTradingSystem.System.OptimizedDataDownloader", "message": "📥 Will download: futures_BINANCE_ETHUSDT_2024-07.csv", "correlation_id": "-", "session_id": "-", "timestamp": "2025-08-10T09:01:09.806780+00:00"}
{"asctime": "2025-08-10 11:01:09,806", "levelname": "INFO", "name": "AresTradingSystem.System.OptimizedDataDownloader", "message": "📥 Will download: futures_BINANCE_ETHUSDT_2024-08.csv", "correlation_id": "-", "session_id": "-", "timestamp": "2025-08-10T09:01:09.806839+00:00"}
{"asctime": "2025-08-10 11:01:09,806", "levelname": "INFO", "name": "AresTradingSystem.System.OptimizedDataDownloader", "message": "📥 Will download: futures_BINANCE_ETHUSDT_2024-09.csv", "correlation_id": "-", "session_id": "-", "timestamp": "2025-08-10T09:01:09.806898+00:00"}
{"asctime": "2025-08-10 11:01:09,806", "levelname": "INFO", "name": "AresTradingSystem.System.OptimizedDataDownloader", "message": "📥 Will download: futures_BINANCE_ETHUSDT_2024-10.csv", "correlation_id": "-", "session_id": "-", "timestamp": "2025-08-10T09:01:09.806955+00:00"}
{"asctime": "2025-08-10 11:01:09,807", "levelname": "INFO", "name": "AresTradingSystem.System.OptimizedDataDownloader", "message": "📥 Will download: futures_BINANCE_ETHUSDT_2024-11.csv", "correlation_id": "-", "session_id": "-", "timestamp": "2025-08-10T09:01:09.807035+00:00"}
{"asctime": "2025-08-10 11:01:09,807", "levelname": "INFO", "name": "AresTradingSystem.System.OptimizedDataDownloader", "message": "📥 Will download: futures_BINANCE_ETHUSDT_2024-12.csv", "correlation_id": "-", "session_id": "-", "timestamp": "2025-08-10T09:01:09.807096+00:00"}
{"asctime": "2025-08-10 11:01:09,807", "levelname": "INFO", "name": "AresTradingSystem.System.OptimizedDataDownloader", "message": "📥 Will download: futures_BINANCE_ETHUSDT_2025-01.csv", "correlation_id": "-", "session_id": "-", "timestamp": "2025-08-10T09:01:09.807164+00:00"}
{"asctime": "2025-08-10 11:01:09,807", "levelname": "INFO", "name": "AresTradingSystem.System.OptimizedDataDownloader", "message": "📥 Will download: futures_BINANCE_ETHUSDT_2025-02.csv", "correlation_id": "-", "session_id": "-", "timestamp": "2025-08-10T09:01:09.807227+00:00"}
{"asctime": "2025-08-10 11:01:09,807", "levelname": "INFO", "name": "AresTradingSystem.System.OptimizedDataDownloader", "message": "📥 Will download: futures_BINANCE_ETHUSDT_2025-03.csv", "correlation_id": "-", "session_id": "-", "timestamp": "2025-08-10T09:01:09.807287+00:00"}
{"asctime": "2025-08-10 11:01:09,807", "levelname": "INFO", "name": "AresTradingSystem.System.OptimizedDataDownloader", "message": "📥 Will download: futures_BINANCE_ETHUSDT_2025-04.csv", "correlation_id": "-", "session_id": "-", "timestamp": "2025-08-10T09:01:09.807349+00:00"}
{"asctime": "2025-08-10 11:01:09,807", "levelname": "INFO", "name": "AresTradingSystem.System.OptimizedDataDownloader", "message": "📥 Will download: futures_BINANCE_ETHUSDT_2025-05.csv", "correlation_id": "-", "session_id": "-", "timestamp": "2025-08-10T09:01:09.807410+00:00"}
{"asctime": "2025-08-10 11:01:09,807", "levelname": "INFO", "name": "AresTradingSystem.System.OptimizedDataDownloader", "message": "📥 Will download: futures_BINANCE_ETHUSDT_2025-06.csv", "correlation_id": "-", "session_id": "-", "timestamp": "2025-08-10T09:01:09.807477+00:00"}
{"asctime": "2025-08-10 11:01:09,807", "levelname": "INFO", "name": "AresTradingSystem.System.OptimizedDataDownloader", "message": "📥 Will download: futures_BINANCE_ETHUSDT_2025-07.csv", "correlation_id": "-", "session_id": "-", "timestamp": "2025-08-10T09:01:09.807535+00:00"}
{"asctime": "2025-08-10 11:01:09,807", "levelname": "INFO", "name": "AresTradingSystem.System.OptimizedDataDownloader", "message": "📥 Will download: futures_BINANCE_ETHUSDT_2025-08.csv", "correlation_id": "-", "session_id": "-", "timestamp": "2025-08-10T09:01:09.807595+00:00"}
{"asctime": "2025-08-10 11:01:09,807", "levelname": "INFO", "name": "AresTradingSystem.System.OptimizedDataDownloader", "message": "📊 Summary: 25 months to download, 0 months skipped", "correlation_id": "-", "session_id": "-", "timestamp": "2025-08-10T09:01:09.807645+00:00"}
{"asctime": "2025-08-10 11:01:09,808", "levelname": "INFO", "name": "AresTradingSystem.System.OptimizedDataDownloader", "message": "📥 Downloading futures for 2023-08", "correlation_id": "-", "session_id": "-", "timestamp": "2025-08-10T09:01:09.808263+00:00"}
{"asctime": "2025-08-10 11:01:09,808", "levelname": "INFO", "name": "AresTradingSystem.System.OptimizedDataDownloader", "message": "⏰ Time range: 2023-08-01 00:00:00 to 2023-09-01 00:00:00", "correlation_id": "-", "session_id": "-", "timestamp": "2025-08-10T09:01:09.808443+00:00"}
{"asctime": "2025-08-10 11:01:09,808", "levelname": "INFO", "name": "AresTradingSystem.System.OptimizedDataDownloader", "message": "🔢 Timestamps: 1690840800000 to 1693519200000", "correlation_id": "-", "session_id": "-", "timestamp": "2025-08-10T09:01:09.808581+00:00"}
{"asctime": "2025-08-10 11:01:09,808", "levelname": "INFO", "name": "AresTradingSystem.System.OptimizedDataDownloader", "message": "🔌 Making API call to BINANCE", "correlation_id": "-", "session_id": "-", "timestamp": "2025-08-10T09:01:09.808677+00:00"}
{"asctime": "2025-08-10 11:01:09,809", "levelname": "INFO", "name": "AresTradingSystem.System.OptimizedDataDownloader", "message": "📥 Downloading futures for 2023-09", "correlation_id": "-", "session_id": "-", "timestamp": "2025-08-10T09:01:09.809195+00:00"}
{"asctime": "2025-08-10 11:01:09,809", "levelname": "INFO", "name": "AresTradingSystem.System.OptimizedDataDownloader", "message": "⏰ Time range: 2023-09-01 00:00:00 to 2023-10-01 00:00:00", "correlation_id": "-", "session_id": "-", "timestamp": "2025-08-10T09:01:09.809283+00:00"}
{"asctime": "2025-08-10 11:01:09,809", "levelname": "INFO", "name": "AresTradingSystem.System.OptimizedDataDownloader", "message": "🔢 Timestamps: 1693519200000 to 1696111200000", "correlation_id": "-", "session_id": "-", "timestamp": "2025-08-10T09:01:09.809340+00:00"}
{"asctime": "2025-08-10 11:01:09,809", "levelname": "INFO", "name": "AresTradingSystem.System.OptimizedDataDownloader", "message": "🔌 Making API call to BINANCE", "correlation_id": "-", "session_id": "-", "timestamp": "2025-08-10T09:01:09.809392+00:00"}
{"asctime": "2025-08-10 11:01:09,809", "levelname": "INFO", "name": "AresTradingSystem.System.OptimizedDataDownloader", "message": "📥 Downloading futures for 2023-10", "correlation_id": "-", "session_id": "-", "timestamp": "2025-08-10T09:01:09.809479+00:00"}
{"asctime": "2025-08-10 11:01:09,809", "levelname": "INFO", "name": "AresTradingSystem.System.OptimizedDataDownloader", "message": "⏰ Time range: 2023-10-01 00:00:00 to 2023-11-01 00:00:00", "correlation_id": "-", "session_id": "-", "timestamp": "2025-08-10T09:01:09.809573+00:00"}
{"asctime": "2025-08-10 11:01:09,809", "levelname": "INFO", "name": "AresTradingSystem.System.OptimizedDataDownloader", "message": "🔢 Timestamps: 1696111200000 to 1698793200000", "correlation_id": "-", "session_id": "-", "timestamp": "2025-08-10T09:01:09.809641+00:00"}
{"asctime": "2025-08-10 11:01:09,809", "levelname": "INFO", "name": "AresTradingSystem.System.OptimizedDataDownloader", "message": "🔌 Making API call to BINANCE", "correlation_id": "-", "session_id": "-", "timestamp": "2025-08-10T09:01:09.809723+00:00"}
{"asctime": "2025-08-10 11:01:09,809", "levelname": "INFO", "name": "AresTradingSystem.System.OptimizedDataDownloader", "message": "📥 Downloading futures for 2023-11", "correlation_id": "-", "session_id": "-", "timestamp": "2025-08-10T09:01:09.809806+00:00"}
{"asctime": "2025-08-10 11:01:09,809", "levelname": "INFO", "name": "AresTradingSystem.System.OptimizedDataDownloader", "message": "⏰ Time range: 2023-11-01 00:00:00 to 2023-12-01 00:00:00", "correlation_id": "-", "session_id": "-", "timestamp": "2025-08-10T09:01:09.809861+00:00"}
{"asctime": "2025-08-10 11:01:09,809", "levelname": "INFO", "name": "AresTradingSystem.System.OptimizedDataDownloader", "message": "🔢 Timestamps: 1698793200000 to 1701385200000", "correlation_id": "-", "session_id": "-", "timestamp": "2025-08-10T09:01:09.809911+00:00"}
{"asctime": "2025-08-10 11:01:09,809", "levelname": "INFO", "name": "AresTradingSystem.System.OptimizedDataDownloader", "message": "🔌 Making API call to BINANCE", "correlation_id": "-", "session_id": "-", "timestamp": "2025-08-10T09:01:09.809960+00:00"}
{"asctime": "2025-08-10 11:01:09,810", "levelname": "INFO", "name": "AresTradingSystem.System.OptimizedDataDownloader", "message": "📥 Downloading futures for 2023-12", "correlation_id": "-", "session_id": "-", "timestamp": "2025-08-10T09:01:09.810019+00:00"}
{"asctime": "2025-08-10 11:01:09,810", "levelname": "INFO", "name": "AresTradingSystem.System.OptimizedDataDownloader", "message": "⏰ Time range: 2023-12-01 00:00:00 to 2024-01-01 00:00:00", "correlation_id": "-", "session_id": "-", "timestamp": "2025-08-10T09:01:09.810107+00:00"}
{"asctime": "2025-08-10 11:01:09,810", "levelname": "INFO", "name": "AresTradingSystem.System.OptimizedDataDownloader", "message": "🔢 Timestamps: 1701385200000 to 1704063600000", "correlation_id": "-", "session_id": "-", "timestamp": "2025-08-10T09:01:09.810157+00:00"}
{"asctime": "2025-08-10 11:01:09,810", "levelname": "INFO", "name": "AresTradingSystem.System.OptimizedDataDownloader", "message": "🔌 Making API call to BINANCE", "correlation_id": "-", "session_id": "-", "timestamp": "2025-08-10T09:01:09.810205+00:00"}
{"asctime": "2025-08-10 11:01:35,028", "levelname": "INFO", "name": "AresTradingSystem.System.OptimizedDataDownloader", "message": "✅ Saved 44000 futures records to futures_BINANCE_ETHUSDT_2023-11.csv", "correlation_id": "-", "session_id": "-", "timestamp": "2025-08-10T09:01:35.028100+00:00"}
{"asctime": "2025-08-10 11:01:35,033", "levelname": "INFO", "name": "AresTradingSystem.System.OptimizedDataDownloader", "message": "📥 Downloading futures for 2024-01", "correlation_id": "-", "session_id": "-", "timestamp": "2025-08-10T09:01:35.033442+00:00"}
{"asctime": "2025-08-10 11:01:35,033", "levelname": "INFO", "name": "AresTradingSystem.System.OptimizedDataDownloader", "message": "⏰ Time range: 2024-01-01 00:00:00 to 2024-02-01 00:00:00", "correlation_id": "-", "session_id": "-", "timestamp": "2025-08-10T09:01:35.033675+00:00"}
{"asctime": "2025-08-10 11:01:35,033", "levelname": "INFO", "name": "AresTradingSystem.System.OptimizedDataDownloader", "message": "🔢 Timestamps: 1704063600000 to 1706742000000", "correlation_id": "-", "session_id": "-", "timestamp": "2025-08-10T09:01:35.033955+00:00"}
{"asctime": "2025-08-10 11:01:35,034", "levelname": "INFO", "name": "AresTradingSystem.System.OptimizedDataDownloader", "message": "🔌 Making API call to BINANCE", "correlation_id": "-", "session_id": "-", "timestamp": "2025-08-10T09:01:35.034549+00:00"}
{"asctime": "2025-08-10 11:01:35,395", "levelname": "INFO", "name": "AresTradingSystem.System.OptimizedDataDownloader", "message": "✅ Saved 44000 futures records to futures_BINANCE_ETHUSDT_2023-09.csv", "correlation_id": "-", "session_id": "-", "timestamp": "2025-08-10T09:01:35.395809+00:00"}
{"asctime": "2025-08-10 11:01:35,398", "levelname": "INFO", "name": "AresTradingSystem.System.OptimizedDataDownloader", "message": "📥 Downloading futures for 2024-02", "correlation_id": "-", "session_id": "-", "timestamp": "2025-08-10T09:01:35.398827+00:00"}
{"asctime": "2025-08-10 11:01:35,399", "levelname": "INFO", "name": "AresTradingSystem.System.OptimizedDataDownloader", "message": "⏰ Time range: 2024-02-01 00:00:00 to 2024-03-01 00:00:00", "correlation_id": "-", "session_id": "-", "timestamp": "2025-08-10T09:01:35.399027+00:00"}
{"asctime": "2025-08-10 11:01:35,399", "levelname": "INFO", "name": "AresTradingSystem.System.OptimizedDataDownloader", "message": "🔢 Timestamps: 1706742000000 to 1709247600000", "correlation_id": "-", "session_id": "-", "timestamp": "2025-08-10T09:01:35.399092+00:00"}
{"asctime": "2025-08-10 11:01:35,399", "levelname": "INFO", "name": "AresTradingSystem.System.OptimizedDataDownloader", "message": "🔌 Making API call to BINANCE", "correlation_id": "-", "session_id": "-", "timestamp": "2025-08-10T09:01:35.399151+00:00"}
{"asctime": "2025-08-10 11:01:35,792", "levelname": "INFO", "name": "AresTradingSystem.System.OptimizedDataDownloader", "message": "✅ Saved 45000 futures records to futures_BINANCE_ETHUSDT_2023-12.csv", "correlation_id": "-", "session_id": "-", "timestamp": "2025-08-10T09:01:35.792026+00:00"}
{"asctime": "2025-08-10 11:01:35,795", "levelname": "INFO", "name": "AresTradingSystem.System.OptimizedDataDownloader", "message": "📥 Downloading futures for 2024-03", "correlation_id": "-", "session_id": "-", "timestamp": "2025-08-10T09:01:35.795056+00:00"}
{"asctime": "2025-08-10 11:01:35,795", "levelname": "INFO", "name": "AresTradingSystem.System.OptimizedDataDownloader", "message": "⏰ Time range: 2024-03-01 00:00:00 to 2024-04-01 00:00:00", "correlation_id": "-", "session_id": "-", "timestamp": "2025-08-10T09:01:35.795217+00:00"}
{"asctime": "2025-08-10 11:01:35,795", "levelname": "INFO", "name": "AresTradingSystem.System.OptimizedDataDownloader", "message": "🔢 Timestamps: 1709247600000 to 1711922400000", "correlation_id": "-", "session_id": "-", "timestamp": "2025-08-10T09:01:35.795282+00:00"}
{"asctime": "2025-08-10 11:01:35,795", "levelname": "INFO", "name": "AresTradingSystem.System.OptimizedDataDownloader", "message": "🔌 Making API call to BINANCE", "correlation_id": "-", "session_id": "-", "timestamp": "2025-08-10T09:01:35.795341+00:00"}
{"asctime": "2025-08-10 11:01:36,203", "levelname": "INFO", "name": "AresTradingSystem.System.OptimizedDataDownloader", "message": "✅ Saved 45000 futures records to futures_BINANCE_ETHUSDT_2023-08.csv", "correlation_id": "-", "session_id": "-", "timestamp": "2025-08-10T09:01:36.203910+00:00"}
{"asctime": "2025-08-10 11:01:36,207", "levelname": "INFO", "name": "AresTradingSystem.System.OptimizedDataDownloader", "message": "📥 Downloading futures for 2024-04", "correlation_id": "-", "session_id": "-", "timestamp": "2025-08-10T09:01:36.207323+00:00"}
{"asctime": "2025-08-10 11:01:36,207", "levelname": "INFO", "name": "AresTradingSystem.System.OptimizedDataDownloader", "message": "⏰ Time range: 2024-04-01 00:00:00 to 2024-05-01 00:00:00", "correlation_id": "-", "session_id": "-", "timestamp": "2025-08-10T09:01:36.207555+00:00"}
{"asctime": "2025-08-10 11:01:36,207", "levelname": "INFO", "name": "AresTradingSystem.System.OptimizedDataDownloader", "message": "🔢 Timestamps: 1711922400000 to 1714514400000", "correlation_id": "-", "session_id": "-", "timestamp": "2025-08-10T09:01:36.207631+00:00"}
{"asctime": "2025-08-10 11:01:36,207", "levelname": "INFO", "name": "AresTradingSystem.System.OptimizedDataDownloader", "message": "🔌 Making API call to BINANCE", "correlation_id": "-", "session_id": "-", "timestamp": "2025-08-10T09:01:36.207689+00:00"}
{"asctime": "2025-08-10 11:01:36,932", "levelname": "INFO", "name": "AresTradingSystem.System.OptimizedDataDownloader", "message": "✅ Saved 45000 futures records to futures_BINANCE_ETHUSDT_2023-10.csv", "correlation_id": "-", "session_id": "-", "timestamp": "2025-08-10T09:01:36.932436+00:00"}
{"asctime": "2025-08-10 11:01:36,935", "levelname": "INFO", "name": "AresTradingSystem.System.OptimizedDataDownloader", "message": "📥 Downloading futures for 2024-05", "correlation_id": "-", "session_id": "-", "timestamp": "2025-08-10T09:01:36.935916+00:00"}
{"asctime": "2025-08-10 11:01:36,936", "levelname": "INFO", "name": "AresTradingSystem.System.OptimizedDataDownloader", "message": "⏰ Time range: 2024-05-01 00:00:00 to 2024-06-01 00:00:00", "correlation_id": "-", "session_id": "-", "timestamp": "2025-08-10T09:01:36.936150+00:00"}
{"asctime": "2025-08-10 11:01:36,936", "levelname": "INFO", "name": "AresTradingSystem.System.OptimizedDataDownloader", "message": "🔢 Timestamps: 1714514400000 to 1717192800000", "correlation_id": "-", "session_id": "-", "timestamp": "2025-08-10T09:01:36.936223+00:00"}
{"asctime": "2025-08-10 11:01:36,936", "levelname": "INFO", "name": "AresTradingSystem.System.OptimizedDataDownloader", "message": "🔌 Making API call to BINANCE", "correlation_id": "-", "session_id": "-", "timestamp": "2025-08-10T09:01:36.936281+00:00"}
{"asctime": "2025-08-10 11:01:57,343", "levelname": "INFO", "name": "AresTradingSystem.System.OptimizedDataDownloader", "message": "✅ Saved 42000 futures records to futures_BINANCE_ETHUSDT_2024-02.csv", "correlation_id": "-", "session_id": "-", "timestamp": "2025-08-10T09:01:57.343640+00:00"}
{"asctime": "2025-08-10 11:01:57,347", "levelname": "INFO", "name": "AresTradingSystem.System.OptimizedDataDownloader", "message": "📥 Downloading futures for 2024-06", "correlation_id": "-", "session_id": "-", "timestamp": "2025-08-10T09:01:57.347278+00:00"}
{"asctime": "2025-08-10 11:01:57,347", "levelname": "INFO", "name": "AresTradingSystem.System.OptimizedDataDownloader", "message": "⏰ Time range: 2024-06-01 00:00:00 to 2024-07-01 00:00:00", "correlation_id": "-", "session_id": "-", "timestamp": "2025-08-10T09:01:57.347476+00:00"}
{"asctime": "2025-08-10 11:01:57,347", "levelname": "INFO", "name": "AresTradingSystem.System.OptimizedDataDownloader", "message": "🔢 Timestamps: 1717192800000 to 1719784800000", "correlation_id": "-", "session_id": "-", "timestamp": "2025-08-10T09:01:57.347544+00:00"}
{"asctime": "2025-08-10 11:01:57,347", "levelname": "INFO", "name": "AresTradingSystem.System.OptimizedDataDownloader", "message": "🔌 Making API call to BINANCE", "correlation_id": "-", "session_id": "-", "timestamp": "2025-08-10T09:01:57.347624+00:00"}
{"asctime": "2025-08-10 11:01:58,636", "levelname": "INFO", "name": "AresTradingSystem.System.OptimizedDataDownloader", "message": "✅ Saved 44000 futures records to futures_BINANCE_ETHUSDT_2024-04.csv", "correlation_id": "-", "session_id": "-", "timestamp": "2025-08-10T09:01:58.636089+00:00"}
{"asctime": "2025-08-10 11:01:58,641", "levelname": "INFO", "name": "AresTradingSystem.System.OptimizedDataDownloader", "message": "📥 Downloading futures for 2024-07", "correlation_id": "-", "session_id": "-", "timestamp": "2025-08-10T09:01:58.641416+00:00"}
{"asctime": "2025-08-10 11:01:58,641", "levelname": "INFO", "name": "AresTradingSystem.System.OptimizedDataDownloader", "message": "⏰ Time range: 2024-07-01 00:00:00 to 2024-08-01 00:00:00", "correlation_id": "-", "session_id": "-", "timestamp": "2025-08-10T09:01:58.641829+00:00"}
{"asctime": "2025-08-10 11:01:58,642", "levelname": "INFO", "name": "AresTradingSystem.System.OptimizedDataDownloader", "message": "🔢 Timestamps: 1719784800000 to 1722463200000", "correlation_id": "-", "session_id": "-", "timestamp": "2025-08-10T09:01:58.642104+00:00"}
{"asctime": "2025-08-10 11:01:58,642", "levelname": "INFO", "name": "AresTradingSystem.System.OptimizedDataDownloader", "message": "🔌 Making API call to BINANCE", "correlation_id": "-", "session_id": "-", "timestamp": "2025-08-10T09:01:58.642181+00:00"}
{"asctime": "2025-08-10 11:01:59,082", "levelname": "INFO", "name": "AresTradingSystem.System.OptimizedDataDownloader", "message": "✅ Saved 45000 futures records to futures_BINANCE_ETHUSDT_2024-01.csv", "correlation_id": "-", "session_id": "-", "timestamp": "2025-08-10T09:01:59.082850+00:00"}
{"asctime": "2025-08-10 11:01:59,087", "levelname": "INFO", "name": "AresTradingSystem.System.OptimizedDataDownloader", "message": "📥 Downloading futures for 2024-08", "correlation_id": "-", "session_id": "-", "timestamp": "2025-08-10T09:01:59.087791+00:00"}
{"asctime": "2025-08-10 11:01:59,088", "levelname": "INFO", "name": "AresTradingSystem.System.OptimizedDataDownloader", "message": "⏰ Time range: 2024-08-01 00:00:00 to 2024-09-01 00:00:00", "correlation_id": "-", "session_id": "-", "timestamp": "2025-08-10T09:01:59.088054+00:00"}
{"asctime": "2025-08-10 11:01:59,088", "levelname": "INFO", "name": "AresTradingSystem.System.OptimizedDataDownloader", "message": "🔢 Timestamps: 1722463200000 to 1725141600000", "correlation_id": "-", "session_id": "-", "timestamp": "2025-08-10T09:01:59.088127+00:00"}
{"asctime": "2025-08-10 11:01:59,088", "levelname": "INFO", "name": "AresTradingSystem.System.OptimizedDataDownloader", "message": "🔌 Making API call to BINANCE", "correlation_id": "-", "session_id": "-", "timestamp": "2025-08-10T09:01:59.088184+00:00"}
{"asctime": "2025-08-10 11:01:59,497", "levelname": "INFO", "name": "AresTradingSystem.System.OptimizedDataDownloader", "message": "✅ Saved 45000 futures records to futures_BINANCE_ETHUSDT_2024-03.csv", "correlation_id": "-", "session_id": "-", "timestamp": "2025-08-10T09:01:59.497671+00:00"}
{"asctime": "2025-08-10 11:01:59,502", "levelname": "INFO", "name": "AresTradingSystem.System.OptimizedDataDownloader", "message": "📥 Downloading futures for 2024-09", "correlation_id": "-", "session_id": "-", "timestamp": "2025-08-10T09:01:59.502756+00:00"}
{"asctime": "2025-08-10 11:01:59,502", "levelname": "INFO", "name": "AresTradingSystem.System.OptimizedDataDownloader", "message": "⏰ Time range: 2024-09-01 00:00:00 to 2024-10-01 00:00:00", "correlation_id": "-", "session_id": "-", "timestamp": "2025-08-10T09:01:59.502947+00:00"}
{"asctime": "2025-08-10 11:01:59,503", "levelname": "INFO", "name": "AresTradingSystem.System.OptimizedDataDownloader", "message": "🔢 Timestamps: 1725141600000 to 1727733600000", "correlation_id": "-", "session_id": "-", "timestamp": "2025-08-10T09:01:59.503095+00:00"}
{"asctime": "2025-08-10 11:01:59,503", "levelname": "INFO", "name": "AresTradingSystem.System.OptimizedDataDownloader", "message": "🔌 Making API call to BINANCE", "correlation_id": "-", "session_id": "-", "timestamp": "2025-08-10T09:01:59.503238+00:00"}
{"asctime": "2025-08-10 11:02:01,350", "levelname": "INFO", "name": "AresTradingSystem.System.OptimizedDataDownloader", "message": "✅ Saved 45000 futures records to futures_BINANCE_ETHUSDT_2024-05.csv", "correlation_id": "-", "session_id": "-", "timestamp": "2025-08-10T09:02:01.350664+00:00"}
{"asctime": "2025-08-10 11:02:01,354", "levelname": "INFO", "name": "AresTradingSystem.System.OptimizedDataDownloader", "message": "📥 Downloading futures for 2024-10", "correlation_id": "-", "session_id": "-", "timestamp": "2025-08-10T09:02:01.354914+00:00"}
{"asctime": "2025-08-10 11:02:01,355", "levelname": "INFO", "name": "AresTradingSystem.System.OptimizedDataDownloader", "message": "⏰ Time range: 2024-10-01 00:00:00 to 2024-11-01 00:00:00", "correlation_id": "-", "session_id": "-", "timestamp": "2025-08-10T09:02:01.355130+00:00"}
{"asctime": "2025-08-10 11:02:01,355", "levelname": "INFO", "name": "AresTradingSystem.System.OptimizedDataDownloader", "message": "🔢 Timestamps: 1727733600000 to 1730415600000", "correlation_id": "-", "session_id": "-", "timestamp": "2025-08-10T09:02:01.355198+00:00"}
{"asctime": "2025-08-10 11:02:01,355", "levelname": "INFO", "name": "AresTradingSystem.System.OptimizedDataDownloader", "message": "🔌 Making API call to BINANCE", "correlation_id": "-", "session_id": "-", "timestamp": "2025-08-10T09:02:01.355267+00:00"}
{"asctime": "2025-08-10 11:02:18,524", "levelname": "INFO", "name": "AresTradingSystem.System.OptimizedDataDownloader", "message": "✅ Saved 44000 futures records to futures_BINANCE_ETHUSDT_2024-06.csv", "correlation_id": "-", "session_id": "-", "timestamp": "2025-08-10T09:02:18.524480+00:00"}
{"asctime": "2025-08-10 11:02:18,527", "levelname": "INFO", "name": "AresTradingSystem.System.OptimizedDataDownloader", "message": "📥 Downloading futures for 2024-11", "correlation_id": "-", "session_id": "-", "timestamp": "2025-08-10T09:02:18.527666+00:00"}
{"asctime": "2025-08-10 11:02:18,527", "levelname": "INFO", "name": "AresTradingSystem.System.OptimizedDataDownloader", "message": "⏰ Time range: 2024-11-01 00:00:00 to 2024-12-01 00:00:00", "correlation_id": "-", "session_id": "-", "timestamp": "2025-08-10T09:02:18.527831+00:00"}
{"asctime": "2025-08-10 11:02:18,527", "levelname": "INFO", "name": "AresTradingSystem.System.OptimizedDataDownloader", "message": "🔢 Timestamps: 1730415600000 to 1733007600000", "correlation_id": "-", "session_id": "-", "timestamp": "2025-08-10T09:02:18.527896+00:00"}
{"asctime": "2025-08-10 11:02:18,528", "levelname": "INFO", "name": "AresTradingSystem.System.OptimizedDataDownloader", "message": "🔌 Making API call to BINANCE", "correlation_id": "-", "session_id": "-", "timestamp": "2025-08-10T09:02:18.528035+00:00"}
{"asctime": "2025-08-10 11:02:19,740", "levelname": "INFO", "name": "AresTradingSystem.System.OptimizedDataDownloader", "message": "✅ Saved 44000 futures records to futures_BINANCE_ETHUSDT_2024-09.csv", "correlation_id": "-", "session_id": "-", "timestamp": "2025-08-10T09:02:19.740531+00:00"}
{"asctime": "2025-08-10 11:02:19,743", "levelname": "INFO", "name": "AresTradingSystem.System.OptimizedDataDownloader", "message": "📥 Downloading futures for 2024-12", "correlation_id": "-", "session_id": "-", "timestamp": "2025-08-10T09:02:19.743480+00:00"}
{"asctime": "2025-08-10 11:02:19,743", "levelname": "INFO", "name": "AresTradingSystem.System.OptimizedDataDownloader", "message": "⏰ Time range: 2024-12-01 00:00:00 to 2025-01-01 00:00:00", "correlation_id": "-", "session_id": "-", "timestamp": "2025-08-10T09:02:19.743624+00:00"}
{"asctime": "2025-08-10 11:02:19,743", "levelname": "INFO", "name": "AresTradingSystem.System.OptimizedDataDownloader", "message": "🔢 Timestamps: 1733007600000 to 1735686000000", "correlation_id": "-", "session_id": "-", "timestamp": "2025-08-10T09:02:19.743684+00:00"}
{"asctime": "2025-08-10 11:02:19,743", "levelname": "INFO", "name": "AresTradingSystem.System.OptimizedDataDownloader", "message": "🔌 Making API call to BINANCE", "correlation_id": "-", "session_id": "-", "timestamp": "2025-08-10T09:02:19.743738+00:00"}
{"asctime": "2025-08-10 11:02:20,100", "levelname": "INFO", "name": "AresTradingSystem.System.OptimizedDataDownloader", "message": "✅ Saved 45000 futures records to futures_BINANCE_ETHUSDT_2024-07.csv", "correlation_id": "-", "session_id": "-", "timestamp": "2025-08-10T09:02:20.100064+00:00"}
{"asctime": "2025-08-10 11:02:20,102", "levelname": "INFO", "name": "AresTradingSystem.System.OptimizedDataDownloader", "message": "📥 Downloading futures for 2025-01", "correlation_id": "-", "session_id": "-", "timestamp": "2025-08-10T09:02:20.102881+00:00"}
{"asctime": "2025-08-10 11:02:20,103", "levelname": "INFO", "name": "AresTradingSystem.System.OptimizedDataDownloader", "message": "⏰ Time range: 2025-01-01 00:00:00 to 2025-02-01 00:00:00", "correlation_id": "-", "session_id": "-", "timestamp": "2025-08-10T09:02:20.103070+00:00"}
{"asctime": "2025-08-10 11:02:20,103", "levelname": "INFO", "name": "AresTradingSystem.System.OptimizedDataDownloader", "message": "🔢 Timestamps: 1735686000000 to 1738364400000", "correlation_id": "-", "session_id": "-", "timestamp": "2025-08-10T09:02:20.103181+00:00"}
{"asctime": "2025-08-10 11:02:20,103", "levelname": "INFO", "name": "AresTradingSystem.System.OptimizedDataDownloader", "message": "🔌 Making API call to BINANCE", "correlation_id": "-", "session_id": "-", "timestamp": "2025-08-10T09:02:20.103291+00:00"}
{"asctime": "2025-08-10 11:02:20,431", "levelname": "INFO", "name": "AresTradingSystem.System.OptimizedDataDownloader", "message": "✅ Saved 45000 futures records to futures_BINANCE_ETHUSDT_2024-08.csv", "correlation_id": "-", "session_id": "-", "timestamp": "2025-08-10T09:02:20.431355+00:00"}
{"asctime": "2025-08-10 11:02:20,434", "levelname": "INFO", "name": "AresTradingSystem.System.OptimizedDataDownloader", "message": "📥 Downloading futures for 2025-02", "correlation_id": "-", "session_id": "-", "timestamp": "2025-08-10T09:02:20.434195+00:00"}
{"asctime": "2025-08-10 11:02:20,434", "levelname": "INFO", "name": "AresTradingSystem.System.OptimizedDataDownloader", "message": "⏰ Time range: 2025-02-01 00:00:00 to 2025-03-01 00:00:00", "correlation_id": "-", "session_id": "-", "timestamp": "2025-08-10T09:02:20.434354+00:00"}
{"asctime": "2025-08-10 11:02:20,434", "levelname": "INFO", "name": "AresTradingSystem.System.OptimizedDataDownloader", "message": "🔢 Timestamps: 1738364400000 to 1740783600000", "correlation_id": "-", "session_id": "-", "timestamp": "2025-08-10T09:02:20.434425+00:00"}
{"asctime": "2025-08-10 11:02:20,434", "levelname": "INFO", "name": "AresTradingSystem.System.OptimizedDataDownloader", "message": "🔌 Making API call to BINANCE", "correlation_id": "-", "session_id": "-", "timestamp": "2025-08-10T09:02:20.434484+00:00"}
{"asctime": "2025-08-10 11:02:22,996", "levelname": "INFO", "name": "AresTradingSystem.System.OptimizedDataDownloader", "message": "✅ Saved 45000 futures records to futures_BINANCE_ETHUSDT_2024-10.csv", "correlation_id": "-", "session_id": "-", "timestamp": "2025-08-10T09:02:22.996003+00:00"}
{"asctime": "2025-08-10 11:02:22,998", "levelname": "INFO", "name": "AresTradingSystem.System.OptimizedDataDownloader", "message": "📥 Downloading futures for 2025-03", "correlation_id": "-", "session_id": "-", "timestamp": "2025-08-10T09:02:22.998911+00:00"}
{"asctime": "2025-08-10 11:02:22,999", "levelname": "INFO", "name": "AresTradingSystem.System.OptimizedDataDownloader", "message": "⏰ Time range: 2025-03-01 00:00:00 to 2025-04-01 00:00:00", "correlation_id": "-", "session_id": "-", "timestamp": "2025-08-10T09:02:22.999042+00:00"}
{"asctime": "2025-08-10 11:02:22,999", "levelname": "INFO", "name": "AresTradingSystem.System.OptimizedDataDownloader", "message": "🔢 Timestamps: 1740783600000 to 1743458400000", "correlation_id": "-", "session_id": "-", "timestamp": "2025-08-10T09:02:22.999105+00:00"}
{"asctime": "2025-08-10 11:02:22,999", "levelname": "INFO", "name": "AresTradingSystem.System.OptimizedDataDownloader", "message": "🔌 Making API call to BINANCE", "correlation_id": "-", "session_id": "-", "timestamp": "2025-08-10T09:02:22.999161+00:00"}
{"asctime": "2025-08-10 11:02:38,604", "levelname": "INFO", "name": "AresTradingSystem.System.OptimizedDataDownloader", "message": "✅ Saved 44000 futures records to futures_BINANCE_ETHUSDT_2024-11.csv", "correlation_id": "-", "session_id": "-", "timestamp": "2025-08-10T09:02:38.604525+00:00"}
{"asctime": "2025-08-10 11:02:38,608", "levelname": "INFO", "name": "AresTradingSystem.System.OptimizedDataDownloader", "message": "📥 Downloading futures for 2025-04", "correlation_id": "-", "session_id": "-", "timestamp": "2025-08-10T09:02:38.608794+00:00"}
{"asctime": "2025-08-10 11:02:38,608", "levelname": "INFO", "name": "AresTradingSystem.System.OptimizedDataDownloader", "message": "⏰ Time range: 2025-04-01 00:00:00 to 2025-05-01 00:00:00", "correlation_id": "-", "session_id": "-", "timestamp": "2025-08-10T09:02:38.608983+00:00"}
{"asctime": "2025-08-10 11:02:38,609", "levelname": "INFO", "name": "AresTradingSystem.System.OptimizedDataDownloader", "message": "🔢 Timestamps: 1743458400000 to 1746050400000", "correlation_id": "-", "session_id": "-", "timestamp": "2025-08-10T09:02:38.609057+00:00"}
{"asctime": "2025-08-10 11:02:38,609", "levelname": "INFO", "name": "AresTradingSystem.System.OptimizedDataDownloader", "message": "🔌 Making API call to BINANCE", "correlation_id": "-", "session_id": "-", "timestamp": "2025-08-10T09:02:38.609118+00:00"}
{"asctime": "2025-08-10 11:02:38,843", "levelname": "INFO", "name": "AresTradingSystem.System.OptimizedDataDownloader", "message": "✅ Saved 41000 futures records to futures_BINANCE_ETHUSDT_2025-02.csv", "correlation_id": "-", "session_id": "-", "timestamp": "2025-08-10T09:02:38.843124+00:00"}
{"asctime": "2025-08-10 11:02:38,846", "levelname": "INFO", "name": "AresTradingSystem.System.OptimizedDataDownloader", "message": "📥 Downloading futures for 2025-05", "correlation_id": "-", "session_id": "-", "timestamp": "2025-08-10T09:02:38.846312+00:00"}
{"asctime": "2025-08-10 11:02:38,846", "levelname": "INFO", "name": "AresTradingSystem.System.OptimizedDataDownloader", "message": "⏰ Time range: 2025-05-01 00:00:00 to 2025-06-01 00:00:00", "correlation_id": "-", "session_id": "-", "timestamp": "2025-08-10T09:02:38.846453+00:00"}
{"asctime": "2025-08-10 11:02:38,846", "levelname": "INFO", "name": "AresTradingSystem.System.OptimizedDataDownloader", "message": "🔢 Timestamps: 1746050400000 to 1748728800000", "correlation_id": "-", "session_id": "-", "timestamp": "2025-08-10T09:02:38.846518+00:00"}
{"asctime": "2025-08-10 11:02:38,846", "levelname": "INFO", "name": "AresTradingSystem.System.OptimizedDataDownloader", "message": "🔌 Making API call to BINANCE", "correlation_id": "-", "session_id": "-", "timestamp": "2025-08-10T09:02:38.846574+00:00"}
{"asctime": "2025-08-10 11:02:39,904", "levelname": "INFO", "name": "AresTradingSystem.System.OptimizedDataDownloader", "message": "✅ Saved 45000 futures records to futures_BINANCE_ETHUSDT_2024-12.csv", "correlation_id": "-", "session_id": "-", "timestamp": "2025-08-10T09:02:39.904116+00:00"}
{"asctime": "2025-08-10 11:02:39,907", "levelname": "INFO", "name": "AresTradingSystem.System.OptimizedDataDownloader", "message": "📥 Downloading futures for 2025-06", "correlation_id": "-", "session_id": "-", "timestamp": "2025-08-10T09:02:39.907122+00:00"}
{"asctime": "2025-08-10 11:02:39,907", "levelname": "INFO", "name": "AresTradingSystem.System.OptimizedDataDownloader", "message": "⏰ Time range: 2025-06-01 00:00:00 to 2025-07-01 00:00:00", "correlation_id": "-", "session_id": "-", "timestamp": "2025-08-10T09:02:39.907265+00:00"}
{"asctime": "2025-08-10 11:02:39,907", "levelname": "INFO", "name": "AresTradingSystem.System.OptimizedDataDownloader", "message": "🔢 Timestamps: 1748728800000 to 1751320800000", "correlation_id": "-", "session_id": "-", "timestamp": "2025-08-10T09:02:39.907325+00:00"}
{"asctime": "2025-08-10 11:02:39,907", "levelname": "INFO", "name": "AresTradingSystem.System.OptimizedDataDownloader", "message": "🔌 Making API call to BINANCE", "correlation_id": "-", "session_id": "-", "timestamp": "2025-08-10T09:02:39.907381+00:00"}
{"asctime": "2025-08-10 11:02:40,526", "levelname": "INFO", "name": "AresTradingSystem.System.OptimizedDataDownloader", "message": "✅ Saved 45000 futures records to futures_BINANCE_ETHUSDT_2025-01.csv", "correlation_id": "-", "session_id": "-", "timestamp": "2025-08-10T09:02:40.526808+00:00"}
{"asctime": "2025-08-10 11:02:40,529", "levelname": "INFO", "name": "AresTradingSystem.System.OptimizedDataDownloader", "message": "📥 Downloading futures for 2025-07", "correlation_id": "-", "session_id": "-", "timestamp": "2025-08-10T09:02:40.529806+00:00"}
{"asctime": "2025-08-10 11:02:40,529", "levelname": "INFO", "name": "AresTradingSystem.System.OptimizedDataDownloader", "message": "⏰ Time range: 2025-07-01 00:00:00 to 2025-08-01 00:00:00", "correlation_id": "-", "session_id": "-", "timestamp": "2025-08-10T09:02:40.529950+00:00"}
{"asctime": "2025-08-10 11:02:40,530", "levelname": "INFO", "name": "AresTradingSystem.System.OptimizedDataDownloader", "message": "🔢 Timestamps: 1751320800000 to 1753999200000", "correlation_id": "-", "session_id": "-", "timestamp": "2025-08-10T09:02:40.530013+00:00"}
{"asctime": "2025-08-10 11:02:40,530", "levelname": "INFO", "name": "AresTradingSystem.System.OptimizedDataDownloader", "message": "🔌 Making API call to BINANCE", "correlation_id": "-", "session_id": "-", "timestamp": "2025-08-10T09:02:40.530070+00:00"}
{"asctime": "2025-08-10 11:02:44,777", "levelname": "INFO", "name": "AresTradingSystem.System.OptimizedDataDownloader", "message": "✅ Saved 45000 futures records to futures_BINANCE_ETHUSDT_2025-03.csv", "correlation_id": "-", "session_id": "-", "timestamp": "2025-08-10T09:02:44.777732+00:00"}
{"asctime": "2025-08-10 11:02:44,780", "levelname": "INFO", "name": "AresTradingSystem.System.OptimizedDataDownloader", "message": "📥 Downloading futures for 2025-08", "correlation_id": "-", "session_id": "-", "timestamp": "2025-08-10T09:02:44.780924+00:00"}
{"asctime": "2025-08-10 11:02:44,781", "levelname": "INFO", "name": "AresTradingSystem.System.OptimizedDataDownloader", "message": "⏰ Time range: 2025-08-01 00:00:00 to 2025-08-10 11:01:09.805737", "correlation_id": "-", "session_id": "-", "timestamp": "2025-08-10T09:02:44.781064+00:00"}
{"asctime": "2025-08-10 11:02:44,781", "levelname": "INFO", "name": "AresTradingSystem.System.OptimizedDataDownloader", "message": "🔢 Timestamps: 1753999200000 to 1754816469805", "correlation_id": "-", "session_id": "-", "timestamp": "2025-08-10T09:02:44.781127+00:00"}
{"asctime": "2025-08-10 11:02:44,781", "levelname": "INFO", "name": "AresTradingSystem.System.OptimizedDataDownloader", "message": "🔌 Making API call to BINANCE", "correlation_id": "-", "session_id": "-", "timestamp": "2025-08-10T09:02:44.781182+00:00"}
{"asctime": "2025-08-10 11:02:50,799", "levelname": "INFO", "name": "AresTradingSystem.System.OptimizedDataDownloader", "message": "✅ Saved 13623 futures records to futures_BINANCE_ETHUSDT_2025-08.csv", "correlation_id": "-", "session_id": "-", "timestamp": "2025-08-10T09:02:50.799027+00:00"}
{"asctime": "2025-08-10 11:03:00,811", "levelname": "INFO", "name": "AresTradingSystem.System.OptimizedDataDownloader", "message": "✅ Saved 44000 futures records to futures_BINANCE_ETHUSDT_2025-04.csv", "correlation_id": "-", "session_id": "-", "timestamp": "2025-08-10T09:03:00.811601+00:00"}
{"asctime": "2025-08-10 11:03:01,452", "levelname": "INFO", "name": "AresTradingSystem.System.OptimizedDataDownloader", "message": "✅ Saved 45000 futures records to futures_BINANCE_ETHUSDT_2025-05.csv", "correlation_id": "-", "session_id": "-", "timestamp": "2025-08-10T09:03:01.452244+00:00"}
{"asctime": "2025-08-10 11:03:02,131", "levelname": "INFO", "name": "AresTradingSystem.System.OptimizedDataDownloader", "message": "✅ Saved 44000 futures records to futures_BINANCE_ETHUSDT_2025-06.csv", "correlation_id": "-", "session_id": "-", "timestamp": "2025-08-10T09:03:02.131861+00:00"}
{"asctime": "2025-08-10 11:03:04,253", "levelname": "INFO", "name": "AresTradingSystem.System.OptimizedDataDownloader", "message": "✅ Saved 45000 futures records to futures_BINANCE_ETHUSDT_2025-07.csv", "correlation_id": "-", "session_id": "-", "timestamp": "2025-08-10T09:03:04.253611+00:00"}
{"asctime": "2025-08-10 11:03:04,257", "levelname": "INFO", "name": "AresTradingSystem.System.OptimizedDataDownloader", "message": "✅ Task 1 completed successfully", "correlation_id": "-", "session_id": "-", "timestamp": "2025-08-10T09:03:04.257005+00:00"}
{"asctime": "2025-08-10 11:03:04,257", "levelname": "INFO", "name": "AresTradingSystem.System.OptimizedDataDownloader", "message": "✅ Task 2 completed successfully", "correlation_id": "-", "session_id": "-", "timestamp": "2025-08-10T09:03:04.257237+00:00"}
{"asctime": "2025-08-10 11:03:04,257", "levelname": "INFO", "name": "AresTradingSystem.System.OptimizedDataDownloader", "message": "✅ Task 3 completed successfully", "correlation_id": "-", "session_id": "-", "timestamp": "2025-08-10T09:03:04.257303+00:00"}
{"asctime": "2025-08-10 11:03:04,257", "levelname": "INFO", "name": "AresTradingSystem.System.OptimizedDataDownloader", "message": "✅ Task 4 completed successfully", "correlation_id": "-", "session_id": "-", "timestamp": "2025-08-10T09:03:04.257359+00:00"}
{"asctime": "2025-08-10 11:03:04,257", "levelname": "INFO", "name": "AresTradingSystem.System.OptimizedDataDownloader", "message": "✅ Task 5 completed successfully", "correlation_id": "-", "session_id": "-", "timestamp": "2025-08-10T09:03:04.257413+00:00"}
{"asctime": "2025-08-10 11:03:04,257", "levelname": "INFO", "name": "AresTradingSystem.System.OptimizedDataDownloader", "message": "✅ STEP 3C COMPLETED: Futures download finished - 25/25 periods successful, 0 errors", "correlation_id": "-", "session_id": "-", "timestamp": "2025-08-10T09:03:04.257478+00:00"}
{"asctime": "2025-08-10 11:03:04,257", "levelname": "INFO", "name": "AresTradingSystem.System.OptimizedDataDownloader", "message": "📁 CSV Files: 25 monthly futures files created", "correlation_id": "-", "session_id": "-", "timestamp": "2025-08-10T09:03:04.257564+00:00"}
{"asctime": "2025-08-10 11:03:04,257", "levelname": "INFO", "name": "AresTradingSystem.System.OptimizedDataDownloader", "message": "📊 Processing final results...", "correlation_id": "-", "session_id": "-", "timestamp": "2025-08-10T09:03:04.257686+00:00"}
{"asctime": "2025-08-10 11:03:04,257", "levelname": "INFO", "name": "AresTradingSystem.System.OptimizedDataDownloader", "message": "✅ Klines download completed successfully", "correlation_id": "-", "session_id": "-", "timestamp": "2025-08-10T09:03:04.257747+00:00"}
{"asctime": "2025-08-10 11:03:04,257", "levelname": "INFO", "name": "AresTradingSystem.System.OptimizedDataDownloader", "message": "✅ Aggtrades download completed successfully", "correlation_id": "-", "session_id": "-", "timestamp": "2025-08-10T09:03:04.257805+00:00"}
{"asctime": "2025-08-10 11:03:04,257", "levelname": "INFO", "name": "AresTradingSystem.System.OptimizedDataDownloader", "message": "✅ Futures download completed successfully", "correlation_id": "-", "session_id": "-", "timestamp": "2025-08-10T09:03:04.257858+00:00"}
{"asctime": "2025-08-10 11:03:04,257", "levelname": "INFO", "name": "AresTradingSystem.System.OptimizedDataDownloader", "message": "🎉 CLEAN DOWNLOAD PROCESS COMPLETED", "correlation_id": "-", "session_id": "-", "timestamp": "2025-08-10T09:03:04.257925+00:00"}
{"asctime": "2025-08-10 11:03:04,257", "levelname": "INFO", "name": "AresTradingSystem.System.OptimizedDataDownloader", "message": "📊 FINAL STATISTICS:", "correlation_id": "-", "session_id": "-", "timestamp": "2025-08-10T09:03:04.257978+00:00"}
{"asctime": "2025-08-10 11:03:04,258", "levelname": "INFO", "name": "AresTradingSystem.System.OptimizedDataDownloader", "message": "✅ Successful downloads: 3/3", "correlation_id": "-", "session_id": "-", "timestamp": "2025-08-10T09:03:04.258030+00:00"}
{"asctime": "2025-08-10 11:03:04,258", "levelname": "INFO", "name": "AresTradingSystem.System.OptimizedDataDownloader", "message": "❌ Failed downloads: 0/3", "correlation_id": "-", "session_id": "-", "timestamp": "2025-08-10T09:03:04.258080+00:00"}
{"asctime": "2025-08-10 11:03:04,258", "levelname": "INFO", "name": "AresTradingSystem.System.OptimizedDataDownloader", "message": "⏱️ Total time: 124.16 seconds", "correlation_id": "-", "session_id": "-", "timestamp": "2025-08-10T09:03:04.258130+00:00"}
{"asctime": "2025-08-10 11:03:04,258", "levelname": "INFO", "name": "AresTradingSystem.System.OptimizedDataDownloader", "message": "📈 Klines files downloaded: 0", "correlation_id": "-", "session_id": "-", "timestamp": "2025-08-10T09:03:04.258180+00:00"}
{"asctime": "2025-08-10 11:03:04,258", "levelname": "INFO", "name": "AresTradingSystem.System.OptimizedDataDownloader", "message": "📊 Aggtrades files downloaded: 0", "correlation_id": "-", "session_id": "-", "timestamp": "2025-08-10T09:03:04.258230+00:00"}
{"asctime": "2025-08-10 11:03:04,258", "levelname": "INFO", "name": "AresTradingSystem.System.OptimizedDataDownloader", "message": "📈 Futures files downloaded: 25", "correlation_id": "-", "session_id": "-", "timestamp": "2025-08-10T09:03:04.258278+00:00"}
{"asctime": "2025-08-10 11:03:04,258", "levelname": "INFO", "name": "AresTradingSystem.System.OptimizedDataDownloader", "message": "❌ Total errors: 0", "correlation_id": "-", "session_id": "-", "timestamp": "2025-08-10T09:03:04.258327+00:00"}
{"asctime": "2025-08-10 11:03:04,258", "levelname": "INFO", "name": "AresTradingSystem.System.OptimizedDataDownloader", "message": "🧹 Cleaning up resources...", "correlation_id": "-", "session_id": "-", "timestamp": "2025-08-10T09:03:04.258376+00:00"}
{"asctime": "2025-08-10 11:03:04,510", "levelname": "INFO", "name": "AresTradingSystem.System.OptimizedDataDownloader", "message": "✅ CCXT exchange closed", "correlation_id": "-", "session_id": "-", "timestamp": "2025-08-10T09:03:04.510785+00:00"}
{"asctime": "2025-08-10 11:03:04,511", "levelname": "INFO", "name": "AresTradingSystem.System.OptimizedDataDownloader", "message": "✅ Cleanup completed", "correlation_id": "-", "session_id": "-", "timestamp": "2025-08-10T09:03:04.511094+00:00"}
{"asctime": "2025-08-10 11:03:04,511", "levelname": "INFO", "name": "AresTradingSystem.System.OptimizedDataDownloader", "message": "✅ Clean download completed successfully", "correlation_id": "-", "session_id": "-", "timestamp": "2025-08-10T09:03:04.511249+00:00"}
