{"asctime": "2025-08-10 09:49:52,308", "levelname": "INFO", "name": "AresGlobal", "message": "================================================================================", "correlation_id": "-", "session_id": "-", "timestamp": "2025-08-10T07:49:52.308412+00:00"}
{"asctime": "2025-08-10 09:49:52,308", "levelname": "INFO", "name": "AresGlobal", "message": "📊 SESSION SUMMARY", "correlation_id": "-", "session_id": "-", "timestamp": "2025-08-10T07:49:52.308499+00:00"}
{"asctime": "2025-08-10 09:49:52,308", "levelname": "INFO", "name": "AresGlobal", "message": "Session started: 2025-08-10 09:49:52", "correlation_id": "-", "session_id": "-", "timestamp": "2025-08-10T07:49:52.308571+00:00"}
{"asctime": "2025-08-10 09:49:52,308", "levelname": "INFO", "name": "AresGlobal", "message": "This file contains ALL logs for this session", "correlation_id": "-", "session_id": "-", "timestamp": "2025-08-10T07:49:52.308628+00:00"}
{"asctime": "2025-08-10 09:49:52,308", "levelname": "INFO", "name": "AresGlobal", "message": "================================================================================", "correlation_id": "-", "session_id": "-", "timestamp": "2025-08-10T07:49:52.308680+00:00"}
{"asctime": "2025-08-10 09:49:52,309", "levelname": "INFO", "name": "AresGlobal", "message": "Applied NumPy RNG unpickle compatibility shim (ModelManager)", "correlation_id": "-", "session_id": "-", "timestamp": "2025-08-10T07:49:52.309232+00:00"}
{"asctime": "2025-08-10 09:49:52,309", "levelname": "INFO", "name": "AresGlobal", "message": "[SYSTEM] ================================================================================", "correlation_id": "-", "session_id": "-", "timestamp": "2025-08-10T07:49:52.309415+00:00"}
{"asctime": "2025-08-10 09:49:52,309", "levelname": "INFO", "name": "AresGlobal", "message": "[SYSTEM] 🚀 ARES LAUNCHER STARTED - Mode: INITIALIZATION", "correlation_id": "-", "session_id": "-", "timestamp": "2025-08-10T07:49:52.309538+00:00"}
{"asctime": "2025-08-10 09:49:52,309", "levelname": "INFO", "name": "AresGlobal", "message": "[SYSTEM] Start time: 2025-08-10 09:49:52", "correlation_id": "-", "session_id": "-", "timestamp": "2025-08-10T07:49:52.309660+00:00"}
{"asctime": "2025-08-10 09:49:52,309", "levelname": "INFO", "name": "AresGlobal", "message": "[SYSTEM] Log directory: log", "correlation_id": "-", "session_id": "-", "timestamp": "2025-08-10T07:49:52.309765+00:00"}
{"asctime": "2025-08-10 09:49:52,309", "levelname": "INFO", "name": "AresGlobal", "message": "[SYSTEM] ================================================================================", "correlation_id": "-", "session_id": "-", "timestamp": "2025-08-10T07:49:52.309867+00:00"}
{"asctime": "2025-08-10 09:49:52,309", "levelname": "INFO", "name": "AresGlobal.AresLauncher", "message": "================================================================================", "correlation_id": "-", "session_id": "-", "timestamp": "2025-08-10T07:49:52.309919+00:00"}
{"asctime": "2025-08-10 09:49:52,309", "levelname": "INFO", "name": "AresGlobal.AresLauncher", "message": "🚀 ARES COMPREHENSIVE LAUNCHER", "correlation_id": "-", "session_id": "-", "timestamp": "2025-08-10T07:49:52.309972+00:00"}
{"asctime": "2025-08-10 09:49:52,310", "levelname": "INFO", "name": "AresGlobal.AresLauncher", "message": "================================================================================", "correlation_id": "-", "session_id": "-", "timestamp": "2025-08-10T07:49:52.310026+00:00"}
{"asctime": "2025-08-10 09:49:52,310", "levelname": "INFO", "name": "AresGlobal.AresLauncher", "message": "Start time: 2025-08-10 09:49:52", "correlation_id": "-", "session_id": "-", "timestamp": "2025-08-10T07:49:52.310082+00:00"}
{"asctime": "2025-08-10 09:49:52,310", "levelname": "INFO", "name": "AresGlobal.AresLauncher", "message": "Log directory: log", "correlation_id": "-", "session_id": "-", "timestamp": "2025-08-10T07:49:52.310133+00:00"}
{"asctime": "2025-08-10 09:49:52,310", "levelname": "INFO", "name": "AresGlobal.AresLauncher", "message": "Log level: INFO", "correlation_id": "-", "session_id": "-", "timestamp": "2025-08-10T07:49:52.310183+00:00"}
{"asctime": "2025-08-10 09:49:52,310", "levelname": "INFO", "name": "AresGlobal.AresLauncher", "message": "Global log file: ares_global_20250810_094952.log", "correlation_id": "-", "session_id": "-", "timestamp": "2025-08-10T07:49:52.310249+00:00"}
{"asctime": "2025-08-10 09:49:52,310", "levelname": "INFO", "name": "AresGlobal.AresLauncher", "message": "================================================================================", "correlation_id": "-", "session_id": "-", "timestamp": "2025-08-10T07:49:52.310300+00:00"}
{"asctime": "2025-08-10 09:49:52,310", "levelname": "INFO", "name": "AresGlobal", "message": "[SYSTEM] ================================================================================", "correlation_id": "82fe937f-d063-4545-924f-7306c2e33d5b", "session_id": "8c0ce97d-925c-42f3-bde2-e99e02a43b09", "timestamp": "2025-08-10T07:49:52.310485+00:00"}
{"asctime": "2025-08-10 09:49:52,310", "levelname": "INFO", "name": "AresGlobal", "message": "[SYSTEM] 🚀 ARES LAUNCHER STARTED - Mode: blank - Symbol: ETHUSDT - Exchange: BINANCE", "correlation_id": "82fe937f-d063-4545-924f-7306c2e33d5b", "session_id": "8c0ce97d-925c-42f3-bde2-e99e02a43b09", "timestamp": "2025-08-10T07:49:52.310590+00:00"}
{"asctime": "2025-08-10 09:49:52,310", "levelname": "INFO", "name": "AresGlobal", "message": "[SYSTEM] Start time: 2025-08-10 09:49:52", "correlation_id": "82fe937f-d063-4545-924f-7306c2e33d5b", "session_id": "8c0ce97d-925c-42f3-bde2-e99e02a43b09", "timestamp": "2025-08-10T07:49:52.310697+00:00"}
{"asctime": "2025-08-10 09:49:52,310", "levelname": "INFO", "name": "AresGlobal", "message": "[SYSTEM] Log directory: log", "correlation_id": "82fe937f-d063-4545-924f-7306c2e33d5b", "session_id": "8c0ce97d-925c-42f3-bde2-e99e02a43b09", "timestamp": "2025-08-10T07:49:52.310798+00:00"}
{"asctime": "2025-08-10 09:49:52,310", "levelname": "INFO", "name": "AresGlobal", "message": "[SYSTEM] ================================================================================", "correlation_id": "82fe937f-d063-4545-924f-7306c2e33d5b", "session_id": "8c0ce97d-925c-42f3-bde2-e99e02a43b09", "timestamp": "2025-08-10T07:49:52.310899+00:00"}
{"asctime": "2025-08-10 09:49:52,310", "levelname": "INFO", "name": "AresGlobal.AresLauncher", "message": "🚀 Running enhanced 16-step training pipeline for ETHUSDT on BINANCE", "correlation_id": "82fe937f-d063-4545-924f-7306c2e33d5b", "session_id": "8c0ce97d-925c-42f3-bde2-e99e02a43b09", "timestamp": "2025-08-10T07:49:52.310972+00:00"}
{"asctime": "2025-08-10 09:49:52,311", "levelname": "INFO", "name": "AresGlobal.AresLauncher", "message": "Starting from step: step2_market_regime_classification", "correlation_id": "82fe937f-d063-4545-924f-7306c2e33d5b", "session_id": "8c0ce97d-925c-42f3-bde2-e99e02a43b09", "timestamp": "2025-08-10T07:49:52.311026+00:00"}
{"asctime": "2025-08-10 09:49:52,311", "levelname": "INFO", "name": "AresGlobal.AresLauncher", "message": "🧪 BLANK TRAINING MODE: Set BLANK_TRAINING_MODE=1 for step-based training", "correlation_id": "82fe937f-d063-4545-924f-7306c2e33d5b", "session_id": "8c0ce97d-925c-42f3-bde2-e99e02a43b09", "timestamp": "2025-08-10T07:49:52.311080+00:00"}
{"asctime": "2025-08-10 09:49:52,312", "levelname": "INFO", "name": "AresGlobal.AresLauncher", "message": "📁 Using pre-consolidated data for step2", "correlation_id": "82fe937f-d063-4545-924f-7306c2e33d5b", "session_id": "8c0ce97d-925c-42f3-bde2-e99e02a43b09", "timestamp": "2025-08-10T07:49:52.312092+00:00"}
{"asctime": "2025-08-10 09:49:52,312", "levelname": "INFO", "name": "AresGlobal.AresLauncher", "message": "✅ Found consolidated data: data_cache/aggtrades_BINANCE_ETHUSDT_consolidated.parquet", "correlation_id": "82fe937f-d063-4545-924f-7306c2e33d5b", "session_id": "8c0ce97d-925c-42f3-bde2-e99e02a43b09", "timestamp": "2025-08-10T07:49:52.312179+00:00"}
{"asctime": "2025-08-10 09:49:53,178", "levelname": "INFO", "name": "AresGlobal.AresLauncher", "message": "📊 Consolidated trade rows: 17744326", "correlation_id": "82fe937f-d063-4545-924f-7306c2e33d5b", "session_id": "8c0ce97d-925c-42f3-bde2-e99e02a43b09", "timestamp": "2025-08-10T07:49:53.178635+00:00"}
{"asctime": "2025-08-10 09:49:53,181", "levelname": "INFO", "name": "AresGlobal.ProgressManager", "message": "Initialized ProgressManager for ETHUSDT on BINANCE", "correlation_id": "82fe937f-d063-4545-924f-7306c2e33d5b", "session_id": "8c0ce97d-925c-42f3-bde2-e99e02a43b09", "timestamp": "2025-08-10T07:49:53.181306+00:00"}
{"asctime": "2025-08-10 09:49:53,181", "levelname": "INFO", "name": "AresGlobal.ProgressManager", "message": "Progress directory: data/training/progress/BINANCE_ETHUSDT", "correlation_id": "82fe937f-d063-4545-924f-7306c2e33d5b", "session_id": "8c0ce97d-925c-42f3-bde2-e99e02a43b09", "timestamp": "2025-08-10T07:49:53.181468+00:00"}
{"asctime": "2025-08-10 09:49:53,181", "levelname": "INFO", "name": "AresGlobal.StepOrchestrator", "message": "Initialized StepOrchestrator for ETHUSDT on BINANCE", "correlation_id": "82fe937f-d063-4545-924f-7306c2e33d5b", "session_id": "8c0ce97d-925c-42f3-bde2-e99e02a43b09", "timestamp": "2025-08-10T07:49:53.181546+00:00"}
{"asctime": "2025-08-10 09:49:53,181", "levelname": "INFO", "name": "AresGlobal.StepOrchestrator", "message": "🚀 Starting execution from step: step2_market_regime_classification", "correlation_id": "82fe937f-d063-4545-924f-7306c2e33d5b", "session_id": "8c0ce97d-925c-42f3-bde2-e99e02a43b09", "timestamp": "2025-08-10T07:49:53.181743+00:00"}
{"asctime": "2025-08-10 09:49:54,828", "levelname": "INFO", "name": "AresGlobal.EnhancedTrainingManagerOptimized", "message": "Loaded optimization configuration", "correlation_id": "82fe937f-d063-4545-924f-7306c2e33d5b", "session_id": "8c0ce97d-925c-42f3-bde2-e99e02a43b09", "timestamp": "2025-08-10T07:49:54.828586+00:00"}
{"asctime": "2025-08-10 09:49:54,831", "levelname": "INFO", "name": "AresGlobal.StepOrchestrator", "message": "✅ Enhanced training manager setup successfully", "correlation_id": "82fe937f-d063-4545-924f-7306c2e33d5b", "session_id": "8c0ce97d-925c-42f3-bde2-e99e02a43b09", "timestamp": "2025-08-10T07:49:54.831437+00:00"}
{"asctime": "2025-08-10 09:49:54,832", "levelname": "INFO", "name": "AresGlobal.EnhancedTrainingManagerOptimized", "message": "🚀 Initializing Enhanced Training Manager with Optimizations...", "correlation_id": "82fe937f-d063-4545-924f-7306c2e33d5b", "session_id": "8c0ce97d-925c-42f3-bde2-e99e02a43b09", "timestamp": "2025-08-10T07:49:54.832205+00:00"}
{"asctime": "2025-08-10 09:49:54,841", "levelname": "INFO", "name": "AresGlobal.EnhancedTrainingManagerOptimized", "message": "✅ Parallel backtester initialized with 8 workers", "correlation_id": "82fe937f-d063-4545-924f-7306c2e33d5b", "session_id": "8c0ce97d-925c-42f3-bde2-e99e02a43b09", "timestamp": "2025-08-10T07:49:54.842037+00:00"}
{"asctime": "2025-08-10 09:49:54,842", "levelname": "INFO", "name": "AresGlobal.EnhancedTrainingManagerOptimized", "message": "✅ All optimization components initialized successfully", "correlation_id": "82fe937f-d063-4545-924f-7306c2e33d5b", "session_id": "8c0ce97d-925c-42f3-bde2-e99e02a43b09", "timestamp": "2025-08-10T07:49:54.842632+00:00"}
