2025-08-04 19:37:42,105 - AresTradingSystem - INFO - ✅ Enhanced Logger initialization completed successfully
2025-08-04 19:37:42,276 - AresTradingSystem.System.SRLevelAnalyzer - INFO - Initializing SR Level Analyzer...
2025-08-04 19:37:42,276 - AresTradingSystem.System.SRLevelAnalyzer - INFO - SR configuration loaded successfully
2025-08-04 19:37:42,276 - AresTradingSystem.System.SRLevelAnalyzer - INFO - Analysis parameters initialized
2025-08-04 19:37:42,276 - AresTradingSystem.System.SRLevelAnalyzer - INFO - Configuration validation successful
2025-08-04 19:37:42,276 - AresTradingSystem.System.SRLevelAnalyzer - INFO - ✅ SR Level Analyzer initialization completed successfully
2025-08-04 19:37:42,321 - AresTradingSystem.System.SRLevelAnalyzer - INFO - Starting SR level analysis...
2025-08-04 19:37:42,329 - AresTradingSystem.System.SRLevelAnalyzer - INFO - SR: VPVR levels found: 2
2025-08-04 19:37:42,329 - AresTradingSystem.System.SRLevelAnalyzer - INFO - SR: VPVR Price Levels (ALL):
2025-08-04 19:37:42,329 - AresTradingSystem.System.SRLevelAnalyzer - INFO -     1. Price: $0.00, Type: resistance, Strength: 0.900, Method: vpvr_poc
2025-08-04 19:37:42,329 - AresTradingSystem.System.SRLevelAnalyzer - INFO -     2. Price: $919570.87, Type: resistance, Strength: 0.750, Method: vpvr_hvn
2025-08-04 19:37:42,329 - AresTradingSystem.System.SRLevelAnalyzer - INFO - SR: Total VPVR levels found: 2
2025-08-04 19:37:42,329 - AresTradingSystem.System.SRLevelAnalyzer - INFO - SR: Levels after consolidation: 2
2025-08-04 19:37:42,330 - AresTradingSystem.System.SRLevelAnalyzer - INFO - SR: Levels after strength filtering (>=0.4): 2
2025-08-04 19:37:42,330 - AresTradingSystem.System.SRLevelAnalyzer - INFO - SR: Levels after strength-based filtering: 2
2025-08-04 19:37:42,330 - AresTradingSystem.System.SRLevelAnalyzer - INFO - SR: Levels after consolidation: 2 (time decay skipped)
2025-08-04 19:37:42,330 - AresTradingSystem.System.SRLevelAnalyzer - INFO - SR: Final Consolidated Price Levels (ALL):
2025-08-04 19:37:42,330 - AresTradingSystem.System.SRLevelAnalyzer - INFO -     1. Price: $0.00, Type: resistance, Strength: 0.900
2025-08-04 19:37:42,330 - AresTradingSystem.System.SRLevelAnalyzer - INFO -     2. Price: $919570.87, Type: resistance, Strength: 0.750
2025-08-04 19:37:42,330 - AresTradingSystem.System.SRLevelAnalyzer - INFO - SR: Total consolidated levels: 2
2025-08-04 19:37:42,330 - AresTradingSystem.System.SRLevelAnalyzer - INFO - ✅ SR analysis completed successfully
2025-08-04 19:37:42,330 - AresTradingSystem.System.SRLevelAnalyzer - INFO - 📊 SR Levels Detected: 2 total (0 support, 2 resistance)
