2025-08-06 23:01:40,595 - AresTradingSystem - INFO - ✅ Enhanced Logger initialization completed successfully
2025-08-06 23:01:40,606 - AresTradingSystem.System - INFO - Environment configuration loaded successfully. Trading Environment: PAPER, Exchange: BINANCE
2025-08-06 23:01:40,989 - AresTradingSystem.System.SignalHandler - INFO - Initializing Signal Handler...
2025-08-06 23:01:40,989 - AresTradingSystem.System.SignalHandler - INFO - Signal configuration loaded successfully
2025-08-06 23:01:40,989 - AresTradingSystem.System.SignalHandler - INFO - Configuration validation successful
2025-08-06 23:01:40,989 - AresTradingSystem.System.SignalHandler - INFO - Registered SIGTERM handler
2025-08-06 23:01:40,989 - AresTradingSystem.System.SignalHandler - INFO - Registered SIGINT handler
2025-08-06 23:01:40,989 - AresTradingSystem.System.SignalHandler - INFO - Signal handlers registered successfully
2025-08-06 23:01:40,989 - AresTradingSystem.System.SignalHandler - INFO - ✅ Signal Handler initialization completed successfully
2025-08-06 23:01:40,992 - AresTradingSystem.System.SignalHandler - INFO - Shutdown callback registered
2025-08-06 23:13:28,244 - AresTradingSystem.System.SignalHandler - WARNING - 🛑 Received SIGINT signal
2025-08-06 23:13:28,344 - AresTradingSystem.System.SignalHandler - WARNING - 🛑 Initiating graceful shutdown: SIGINT
2025-08-06 23:13:28,345 - AresTradingSystem.System.SignalHandler - INFO - Running 1 shutdown callbacks...
2025-08-06 23:13:28,413 - AresTradingSystem.System.SignalHandler - INFO - ✅ Shutdown callback 1 completed
2025-08-06 23:13:28,413 - AresTradingSystem.System.SignalHandler - INFO - ✅ All shutdown callbacks completed
2025-08-06 23:17:49,320 - AresTradingSystem.System.SignalHandler - WARNING - 🛑 Received SIGINT signal
2025-08-06 23:17:49,338 - AresTradingSystem.System.SignalHandler - INFO - Shutdown already in progress
2025-08-06 23:24:57,938 - AresTradingSystem.System.SignalHandler - WARNING - 🛑 Received SIGINT signal
2025-08-06 23:24:57,950 - AresTradingSystem.System.SignalHandler - INFO - Shutdown already in progress
2025-08-06 23:27:22,236 - AresTradingSystem.System.SignalHandler - WARNING - 🛑 Received SIGINT signal
2025-08-06 23:27:22,243 - AresTradingSystem.System.SignalHandler - INFO - Shutdown already in progress
