{"asctime": "2025-08-11 12:47:34,497", "levelname": "INFO", "name": "AresTradingSystem", "message": "✅ Enhanced Logger initialization completed successfully", "correlation_id": "-", "session_id": "-", "timestamp": "2025-08-11T10:47:34.498510+00:00"}
{"asctime": "2025-08-11 12:47:34,754", "levelname": "INFO", "name": "AresTradingSystem.System.VectorizedAdvancedFeatureEngineering", "message": "🚀 Initializing vectorized advanced feature engineering...", "correlation_id": "-", "session_id": "-", "timestamp": "2025-08-11T10:47:34.754299+00:00"}
{"asctime": "2025-08-11 12:47:34,755", "levelname": "INFO", "name": "AresTradingSystem.System.WaveletFeatureCache", "message": "✅ Cache directory initialized: data/wavelet_cache", "correlation_id": "-", "session_id": "-", "timestamp": "2025-08-11T10:47:34.755195+00:00"}
{"asctime": "2025-08-11 12:47:34,755", "levelname": "INFO", "name": "AresTradingSystem.System.VectorizedVolatilityRegimeModel", "message": "🚀 Initializing vectorized volatility regime model...", "correlation_id": "-", "session_id": "-", "timestamp": "2025-08-11T10:47:34.755700+00:00"}
{"asctime": "2025-08-11 12:47:34,755", "levelname": "INFO", "name": "AresTradingSystem.System.VectorizedVolatilityRegimeModel", "message": "✅ Vectorized volatility regime model initialized successfully", "correlation_id": "-", "session_id": "-", "timestamp": "2025-08-11T10:47:34.755986+00:00"}
{"asctime": "2025-08-11 12:47:34,756", "levelname": "INFO", "name": "AresTradingSystem.System.VectorizedCorrelationAnalyzer", "message": "🚀 Initializing vectorized correlation analyzer...", "correlation_id": "-", "session_id": "-", "timestamp": "2025-08-11T10:47:34.756371+00:00"}
{"asctime": "2025-08-11 12:47:34,756", "levelname": "INFO", "name": "AresTradingSystem.System.VectorizedCorrelationAnalyzer", "message": "✅ Vectorized correlation analyzer initialized successfully", "correlation_id": "-", "session_id": "-", "timestamp": "2025-08-11T10:47:34.756789+00:00"}
{"asctime": "2025-08-11 12:47:34,757", "levelname": "INFO", "name": "AresTradingSystem.System.VectorizedMomentumAnalyzer", "message": "🚀 Initializing vectorized momentum analyzer...", "correlation_id": "-", "session_id": "-", "timestamp": "2025-08-11T10:47:34.757343+00:00"}
{"asctime": "2025-08-11 12:47:34,758", "levelname": "INFO", "name": "AresTradingSystem.System.VectorizedMomentumAnalyzer", "message": "✅ Vectorized momentum analyzer initialized successfully", "correlation_id": "-", "session_id": "-", "timestamp": "2025-08-11T10:47:34.758352+00:00"}
{"asctime": "2025-08-11 12:47:34,759", "levelname": "INFO", "name": "AresTradingSystem.System.VectorizedLiquidityAnalyzer", "message": "🚀 Initializing vectorized liquidity analyzer...", "correlation_id": "-", "session_id": "-", "timestamp": "2025-08-11T10:47:34.759461+00:00"}
{"asctime": "2025-08-11 12:47:34,759", "levelname": "INFO", "name": "AresTradingSystem.System.VectorizedLiquidityAnalyzer", "message": "✅ Vectorized liquidity analyzer initialized successfully", "correlation_id": "-", "session_id": "-", "timestamp": "2025-08-11T10:47:34.759913+00:00"}
{"asctime": "2025-08-11 12:47:34,760", "levelname": "INFO", "name": "AresTradingSystem.System.VectorizedCandlestickPatternAnalyzer", "message": "🚀 Initializing vectorized candlestick pattern analyzer...", "correlation_id": "-", "session_id": "-", "timestamp": "2025-08-11T10:47:34.760448+00:00"}
{"asctime": "2025-08-11 12:47:34,760", "levelname": "INFO", "name": "AresTradingSystem.System.VectorizedCandlestickPatternAnalyzer", "message": "✅ Vectorized candlestick pattern analyzer initialized successfully", "correlation_id": "-", "session_id": "-", "timestamp": "2025-08-11T10:47:34.760838+00:00"}
{"asctime": "2025-08-11 12:47:34,761", "levelname": "INFO", "name": "AresTradingSystem.System.VectorizedSRDistanceCalculator", "message": "🚀 Initializing vectorized S/R distance calculator...", "correlation_id": "-", "session_id": "-", "timestamp": "2025-08-11T10:47:34.761173+00:00"}
{"asctime": "2025-08-11 12:47:34,761", "levelname": "INFO", "name": "AresTradingSystem.System.VectorizedSRDistanceCalculator", "message": "✅ Vectorized S/R distance calculator initialized successfully", "correlation_id": "-", "session_id": "-", "timestamp": "2025-08-11T10:47:34.761519+00:00"}
{"asctime": "2025-08-11 12:47:34,762", "levelname": "INFO", "name": "AresTradingSystem.System.VectorizedWaveletTransformAnalyzer", "message": "🚀 Initializing enhanced vectorized wavelet transform analyzer...", "correlation_id": "-", "session_id": "-", "timestamp": "2025-08-11T10:47:34.762087+00:00"}
{"asctime": "2025-08-11 12:47:34,762", "levelname": "WARNING", "name": "AresTradingSystem.System.VectorizedWaveletTransformAnalyzer", "message": "Invalid feature_selection_method 'wavelet_optimized', using 'variance'", "correlation_id": "-", "session_id": "-", "timestamp": "2025-08-11T10:47:34.762409+00:00"}
{"asctime": "2025-08-11 12:47:34,762", "levelname": "INFO", "name": "AresTradingSystem.System.VectorizedWaveletTransformAnalyzer", "message": "✅ Enhanced vectorized wavelet transform analyzer initialized successfully", "correlation_id": "-", "session_id": "-", "timestamp": "2025-08-11T10:47:34.762644+00:00"}
{"asctime": "2025-08-11 12:47:34,762", "levelname": "INFO", "name": "AresTradingSystem.System.VectorizedWaveletTransformAnalyzer", "message": "📊 Configuration: padding_mode=symmetric, cwt_scale_method=logarithmic, max_features_per_wavelet=50", "correlation_id": "-", "session_id": "-", "timestamp": "2025-08-11T10:47:34.762867+00:00"}
{"asctime": "2025-08-11 12:47:34,764", "levelname": "INFO", "name": "AresTradingSystem.System.MetaLabelingSystem", "message": "🚀 Initializing meta-labeling system...", "correlation_id": "-", "session_id": "-", "timestamp": "2025-08-11T10:47:34.764927+00:00"}
{"asctime": "2025-08-11 12:47:34,765", "levelname": "INFO", "name": "AresTradingSystem.System.MetaLabelingSystem", "message": "✅ Meta-labeling system initialized successfully", "correlation_id": "-", "session_id": "-", "timestamp": "2025-08-11T10:47:34.765463+00:00"}
{"asctime": "2025-08-11 12:47:34,765", "levelname": "INFO", "name": "AresTradingSystem.System.VectorizedAdvancedFeatureEngineering", "message": "✅ Vectorized advanced feature engineering initialized successfully", "correlation_id": "-", "session_id": "-", "timestamp": "2025-08-11T10:47:34.765977+00:00"}
