{"asctime": "2025-08-11 13:42:06,562", "levelname": "INFO", "name": "AresTradingSystem", "message": "âœ… Enhanced Logger initialization completed successfully", "correlation_id": "-", "session_id": "-", "timestamp": "2025-08-11T11:42:06.562727+00:00"}
{"asctime": "2025-08-11 13:42:06,604", "levelname": "INFO", "name": "AresTradingSystem.System", "message": "Initializing Market Regime Classification Step...", "correlation_id": "-", "session_id": "-", "timestamp": "2025-08-11T11:42:06.604989+00:00"}
{"asctime": "2025-08-11 13:42:06,605", "levelname": "INFO", "name": "AresTradingSystem.System", "message": "Market Regime Classification Step initialized successfully", "correlation_id": "-", "session_id": "-", "timestamp": "2025-08-11T11:42:06.605164+00:00"}
{"asctime": "2025-08-11 13:42:06,605", "levelname": "INFO", "name": "AresTradingSystem.System", "message": "ðŸ”„ Executing Market Regime Classification...", "correlation_id": "-", "session_id": "-", "timestamp": "2025-08-11T11:42:06.605234+00:00"}
{"asctime": "2025-08-11 13:42:06,605", "levelname": "INFO", "name": "AresTradingSystem.System", "message": "Applied NumPy RNG unpickle compatibility shim (URC)", "correlation_id": "-", "session_id": "-", "timestamp": "2025-08-11T11:42:06.605320+00:00"}
{"asctime": "2025-08-11 13:42:06,605", "levelname": "INFO", "name": "AresTradingSystem.System.UnifiedRegimeClassifier", "message": "", "correlation_id": "-", "session_id": "-", "msg": "UnifiedRegimeClassifier configuration", "n_states_configured": 4, "n_states_enforced_min": 4, "min_data_points_default": 1000, "thresholds": {"adx_sideways_threshold": 23, "volatility_threshold": 0.025, "atr_normalized_threshold": 0.035, "volatility_percentile_threshold": 0.8, "bb_width_volatility_threshold": 0.045}, "timestamp": "2025-08-11T11:42:06.605569+00:00"}
{"asctime": "2025-08-11 13:42:06,606", "levelname": "INFO", "name": "AresTradingSystem.System.UnifiedRegimeClassifier", "message": "ðŸ”§ BLANK MODE DETECTED: Using reduced minimum data points (50)", "correlation_id": "-", "session_id": "-", "timestamp": "2025-08-11T11:42:06.606034+00:00"}
{"asctime": "2025-08-11 13:42:06,606", "levelname": "INFO", "name": "AresTradingSystem.System.UnifiedRegimeClassifier", "message": "Initializing UnifiedRegimeClassifier for BINANCE_ETHUSDT", "correlation_id": "-", "session_id": "-", "timestamp": "2025-08-11T11:42:06.606416+00:00"}
{"asctime": "2025-08-11 13:42:06,606", "levelname": "INFO", "name": "AresTradingSystem.System.UnifiedRegimeClassifier", "message": "", "correlation_id": "-", "session_id": "-", "msg": "UnifiedRegimeClassifier model directories", "model_dir": "/Users/remyroche/Documents/Ares/checkpoints/analyst_models", "hmm_model_path": "/Users/remyroche/Documents/Ares/checkpoints/analyst_models/unified_hmm_model_BINANCE_ETHUSDT_1h.joblib", "ensemble_model_path": "/Users/remyroche/Documents/Ares/checkpoints/analyst_models/unified_ensemble_model_BINANCE_ETHUSDT_1h.joblib", "location_model_path": "/Users/remyroche/Documents/Ares/checkpoints/analyst_models/unified_location_model_BINANCE_ETHUSDT_1h.joblib", "hierarchical_model_dir": "/Users/remyroche/Documents/Ares/checkpoints/analyst_models/BINANCE/ETHUSDT/1h", "timestamp": "2025-08-11T11:42:06.606780+00:00"}
{"asctime": "2025-08-11 13:42:06,606", "levelname": "INFO", "name": "AresTradingSystem.System.UnifiedRegimeClassifier", "message": "â„¹ï¸  No existing models found, will train new models", "correlation_id": "-", "session_id": "-", "timestamp": "2025-08-11T11:42:06.606985+00:00"}
{"asctime": "2025-08-11 13:42:06,607", "levelname": "INFO", "name": "AresTradingSystem.System.UnifiedRegimeClassifier", "message": "âœ… UnifiedRegimeClassifier initialized successfully", "correlation_id": "-", "session_id": "-", "timestamp": "2025-08-11T11:42:06.607133+00:00"}
{"asctime": "2025-08-11 13:42:06,607", "levelname": "INFO", "name": "AresTradingSystem.System", "message": "ðŸ”„ Loading data using unified data loader...", "correlation_id": "-", "session_id": "-", "timestamp": "2025-08-11T11:42:06.607317+00:00"}
{"asctime": "2025-08-11 13:42:06,607", "levelname": "INFO", "name": "AresTradingSystem.System.UnifiedDataLoader", "message": "ðŸ”„ Loading unified data for ETHUSDT on BINANCE", "correlation_id": "-", "session_id": "-", "timestamp": "2025-08-11T11:42:06.607462+00:00"}
{"asctime": "2025-08-11 13:42:06,607", "levelname": "INFO", "name": "AresTradingSystem.System.UnifiedDataLoader", "message": "   Timeframe: 1m", "correlation_id": "-", "session_id": "-", "timestamp": "2025-08-11T11:42:06.607556+00:00"}
{"asctime": "2025-08-11 13:42:06,607", "levelname": "INFO", "name": "AresTradingSystem.System.UnifiedDataLoader", "message": "   Date range: 2025-07-12 to 2025-08-11", "correlation_id": "-", "session_id": "-", "timestamp": "2025-08-11T11:42:06.607649+00:00"}
{"asctime": "2025-08-11 13:42:06,607", "levelname": "INFO", "name": "AresTradingSystem.System.UnifiedDataLoader", "message": "   Streaming: True", "correlation_id": "-", "session_id": "-", "timestamp": "2025-08-11T11:42:06.607738+00:00"}
{"asctime": "2025-08-11 13:42:06,607", "levelname": "INFO", "name": "AresTradingSystem.System.UnifiedDataLoader", "message": "   âš ï¸ Streaming disabled to avoid segmentation faults", "correlation_id": "-", "session_id": "-", "timestamp": "2025-08-11T11:42:06.607803+00:00"}
{"asctime": "2025-08-11 13:42:06,607", "levelname": "INFO", "name": "AresTradingSystem.System.UnifiedDataLoader", "message": "   ðŸ“ Found unified data cache, using optimized pyarrow loading", "correlation_id": "-", "session_id": "-", "timestamp": "2025-08-11T11:42:06.607891+00:00"}
{"asctime": "2025-08-11 13:42:06,607", "levelname": "INFO", "name": "AresTradingSystem.System.UnifiedDataLoader", "message": "ðŸ”§ Using optimized pyarrow loading...", "correlation_id": "-", "session_id": "-", "timestamp": "2025-08-11T11:42:06.607960+00:00"}
{"asctime": "2025-08-11 13:42:06,608", "levelname": "INFO", "name": "AresTradingSystem.System.UnifiedDataLoader", "message": "   âš ï¸ PyArrow disabled to avoid segmentation faults", "correlation_id": "-", "session_id": "-", "timestamp": "2025-08-11T11:42:06.608024+00:00"}
{"asctime": "2025-08-11 13:42:06,608", "levelname": "INFO", "name": "AresTradingSystem.System.UnifiedDataLoader", "message": "ðŸ”§ Using memory-efficient streaming loading for 180 days...", "correlation_id": "-", "session_id": "-", "timestamp": "2025-08-11T11:42:06.608081+00:00"}
{"asctime": "2025-08-11 13:42:06,608", "levelname": "INFO", "name": "AresTradingSystem.System.UnifiedDataLoader", "message": "ðŸ“ Found 29 partition files", "correlation_id": "-", "session_id": "-", "timestamp": "2025-08-11T11:42:06.608969+00:00"}
{"asctime": "2025-08-11 13:42:06,674", "levelname": "INFO", "name": "AresTradingSystem.System.UnifiedDataLoader", "message": "   ðŸ“„ Processing file 1/29: part-0.parquet", "correlation_id": "-", "session_id": "-", "timestamp": "2025-08-11T11:42:06.674627+00:00"}
{"asctime": "2025-08-11 13:42:06,730", "levelname": "INFO", "name": "AresTradingSystem.System.UnifiedDataLoader", "message": "   âœ… Loaded file 1: (1440, 19)", "correlation_id": "-", "session_id": "-", "timestamp": "2025-08-11T11:42:06.730253+00:00"}
{"asctime": "2025-08-11 13:42:06,731", "levelname": "INFO", "name": "AresTradingSystem.System.UnifiedDataLoader", "message": "   ðŸ” After date filtering: (617, 19)", "correlation_id": "-", "session_id": "-", "timestamp": "2025-08-11T11:42:06.731935+00:00"}
{"asctime": "2025-08-11 13:42:06,735", "levelname": "INFO", "name": "AresTradingSystem.System.UnifiedDataLoader", "message": "   ðŸ“Š Total rows so far: 617", "correlation_id": "-", "session_id": "-", "timestamp": "2025-08-11T11:42:06.735054+00:00"}
{"asctime": "2025-08-11 13:42:07,969", "levelname": "INFO", "name": "AresTradingSystem.System.UnifiedDataLoader", "message": "   ðŸ“„ Processing file 10/29: part-0.parquet", "correlation_id": "-", "session_id": "-", "timestamp": "2025-08-11T11:42:07.969044+00:00"}
{"asctime": "2025-08-11 13:42:07,972", "levelname": "INFO", "name": "AresTradingSystem.System.UnifiedDataLoader", "message": "   âœ… Loaded file 10: (1440, 19)", "correlation_id": "-", "session_id": "-", "timestamp": "2025-08-11T11:42:07.972662+00:00"}
{"asctime": "2025-08-11 13:42:07,974", "levelname": "INFO", "name": "AresTradingSystem.System.UnifiedDataLoader", "message": "   ðŸ” After date filtering: (1440, 19)", "correlation_id": "-", "session_id": "-", "timestamp": "2025-08-11T11:42:07.974113+00:00"}
{"asctime": "2025-08-11 13:42:07,979", "levelname": "INFO", "name": "AresTradingSystem.System.UnifiedDataLoader", "message": "   ðŸ“Š Total rows so far: 13577", "correlation_id": "-", "session_id": "-", "timestamp": "2025-08-11T11:42:07.979490+00:00"}
{"asctime": "2025-08-11 13:42:09,346", "levelname": "INFO", "name": "AresTradingSystem.System.UnifiedDataLoader", "message": "   ðŸ“„ Processing file 20/29: part-0.parquet", "correlation_id": "-", "session_id": "-", "timestamp": "2025-08-11T11:42:09.346082+00:00"}
{"asctime": "2025-08-11 13:42:09,349", "levelname": "INFO", "name": "AresTradingSystem.System.UnifiedDataLoader", "message": "   âœ… Loaded file 20: (1440, 19)", "correlation_id": "-", "session_id": "-", "timestamp": "2025-08-11T11:42:09.349028+00:00"}
{"asctime": "2025-08-11 13:42:09,349", "levelname": "INFO", "name": "AresTradingSystem.System.UnifiedDataLoader", "message": "   ðŸ” After date filtering: (1440, 19)", "correlation_id": "-", "session_id": "-", "timestamp": "2025-08-11T11:42:09.349903+00:00"}
{"asctime": "2025-08-11 13:42:09,354", "levelname": "INFO", "name": "AresTradingSystem.System.UnifiedDataLoader", "message": "   ðŸ“Š Total rows so far: 27977", "correlation_id": "-", "session_id": "-", "timestamp": "2025-08-11T11:42:09.354746+00:00"}
{"asctime": "2025-08-11 13:42:11,223", "levelname": "INFO", "name": "AresTradingSystem.System.UnifiedDataLoader", "message": "ðŸ”„ Converting 40567 records to DataFrame...", "correlation_id": "-", "session_id": "-", "timestamp": "2025-08-11T11:42:11.223297+00:00"}
{"asctime": "2025-08-11 13:42:11,437", "levelname": "INFO", "name": "AresTradingSystem.System.UnifiedDataLoader", "message": "âœ… Memory-efficient loading completed: (40567, 19)", "correlation_id": "-", "session_id": "-", "timestamp": "2025-08-11T11:42:11.437581+00:00"}
{"asctime": "2025-08-11 13:42:11,438", "levelname": "INFO", "name": "AresTradingSystem.System", "message": "âœ… Loaded unified data: 40567 rows", "correlation_id": "-", "session_id": "-", "timestamp": "2025-08-11T11:42:11.438476+00:00"}
{"asctime": "2025-08-11 13:42:11,438", "levelname": "INFO", "name": "AresTradingSystem.System", "message": "   Date range: 2025-07-12T13:43:00 to 2025-08-09T17:49:00", "correlation_id": "-", "session_id": "-", "timestamp": "2025-08-11T11:42:11.438613+00:00"}
{"asctime": "2025-08-11 13:42:11,438", "levelname": "INFO", "name": "AresTradingSystem.System", "message": "   Has aggtrades data: True", "correlation_id": "-", "session_id": "-", "timestamp": "2025-08-11T11:42:11.438753+00:00"}
{"asctime": "2025-08-11 13:42:11,438", "levelname": "INFO", "name": "AresTradingSystem.System", "message": "   Has futures data: True", "correlation_id": "-", "session_id": "-", "timestamp": "2025-08-11T11:42:11.438924+00:00"}
{"asctime": "2025-08-11 13:42:11,439", "levelname": "INFO", "name": "AresTradingSystem.System", "message": "ðŸ”„ Resampling data to 1h timeframe for regime classification...", "correlation_id": "-", "session_id": "-", "timestamp": "2025-08-11T11:42:11.439038+00:00"}
{"asctime": "2025-08-11 13:42:11,449", "levelname": "INFO", "name": "AresTradingSystem.System", "message": "âœ… Resampled to 1h: 677 records", "correlation_id": "-", "session_id": "-", "timestamp": "2025-08-11T11:42:11.449724+00:00"}
{"asctime": "2025-08-11 13:42:11,450", "levelname": "INFO", "name": "AresTradingSystem.System", "message": "Classifying market regimes for ETHUSDT on BINANCE...", "correlation_id": "-", "session_id": "-", "timestamp": "2025-08-11T11:42:11.450055+00:00"}
{"asctime": "2025-08-11 13:42:11,450", "levelname": "INFO", "name": "AresTradingSystem.System.UnifiedRegimeClassifier", "message": "ðŸŽ“ Models not trained, training complete system now...", "correlation_id": "-", "session_id": "-", "timestamp": "2025-08-11T11:42:11.450434+00:00"}
{"asctime": "2025-08-11 13:42:11,450", "levelname": "INFO", "name": "AresTradingSystem.System.UnifiedRegimeClassifier", "message": "ðŸŽ“ Training Complete Regime Classification System...", "correlation_id": "-", "session_id": "-", "timestamp": "2025-08-11T11:42:11.450521+00:00"}
{"asctime": "2025-08-11 13:42:11,450", "levelname": "INFO", "name": "AresTradingSystem.System.UnifiedRegimeClassifier", "message": "ðŸŽ“ Training HMM-based Market Regime Classifier...", "correlation_id": "-", "session_id": "-", "timestamp": "2025-08-11T11:42:11.450601+00:00"}
{"asctime": "2025-08-11 13:42:11,450", "levelname": "INFO", "name": "AresTradingSystem.System.UnifiedRegimeClassifier", "message": "ðŸ”§ Calculating features for 677 periods...", "correlation_id": "-", "session_id": "-", "timestamp": "2025-08-11T11:42:11.450667+00:00"}
{"asctime": "2025-08-11 13:42:11,469", "levelname": "INFO", "name": "AresTradingSystem.System.UnifiedRegimeClassifier", "message": "âœ… Calculated comprehensive features for 677 periods (dropped 0 rows due to NaN)", "correlation_id": "-", "session_id": "-", "timestamp": "2025-08-11T11:42:11.469440+00:00"}
{"asctime": "2025-08-11 13:42:11,585", "levelname": "INFO", "name": "AresTradingSystem.System.UnifiedRegimeClassifier", "message": "State 0: BULL (mean_return=0.0003, mean_vol=0.0000, mean_adx=82.73, is_sideways=False)", "correlation_id": "-", "session_id": "-", "timestamp": "2025-08-11T11:42:11.585508+00:00"}
{"asctime": "2025-08-11 13:42:11,586", "levelname": "INFO", "name": "AresTradingSystem.System.UnifiedRegimeClassifier", "message": "State 1: SIDEWAYS (mean_return=0.0046, mean_vol=0.0066, mean_adx=22.01, is_sideways=True)", "correlation_id": "-", "session_id": "-", "timestamp": "2025-08-11T11:42:11.586647+00:00"}
{"asctime": "2025-08-11 13:42:11,587", "levelname": "INFO", "name": "AresTradingSystem.System.UnifiedRegimeClassifier", "message": "State 2: BEAR (mean_return=-0.0018, mean_vol=0.0062, mean_adx=24.21, is_sideways=False)", "correlation_id": "-", "session_id": "-", "timestamp": "2025-08-11T11:42:11.587075+00:00"}
{"asctime": "2025-08-11 13:42:11,587", "levelname": "INFO", "name": "AresTradingSystem.System.UnifiedRegimeClassifier", "message": "State 3: SIDEWAYS (mean_return=-0.0017, mean_vol=0.0069, mean_adx=22.39, is_sideways=True)", "correlation_id": "-", "session_id": "-", "timestamp": "2025-08-11T11:42:11.587421+00:00"}
{"asctime": "2025-08-11 13:42:11,587", "levelname": "INFO", "name": "AresTradingSystem.System.UnifiedRegimeClassifier", "message": "", "correlation_id": "-", "session_id": "-", "msg": "HMM state mapping summary", "n_states": 4, "unique_mapped_regimes": ["BEAR", "BULL", "SIDEWAYS"], "mapped_counts": {"BULL": 15, "SIDEWAYS": 262, "BEAR": 400}, "thresholds": {"adx_sideways_threshold": 23, "volatility_threshold": 0.025, "atr_normalized_threshold": 0.035}, "timestamp": "2025-08-11T11:42:11.587647+00:00"}
{"asctime": "2025-08-11 13:42:11,588", "levelname": "INFO", "name": "AresTradingSystem.System.UnifiedRegimeClassifier", "message": "âœ… HMM-based regime classifier trained successfully", "correlation_id": "-", "session_id": "-", "timestamp": "2025-08-11T11:42:11.588147+00:00"}
{"asctime": "2025-08-11 13:42:11,588", "levelname": "INFO", "name": "AresTradingSystem.System.UnifiedRegimeClassifier", "message": "ðŸŽ“ Training Basic Regime Ensemble...", "correlation_id": "-", "session_id": "-", "timestamp": "2025-08-11T11:42:11.588738+00:00"}
{"asctime": "2025-08-11 13:42:11,589", "levelname": "INFO", "name": "AresTradingSystem.System.UnifiedRegimeClassifier", "message": "ðŸ”§ Calculating features for 677 periods...", "correlation_id": "-", "session_id": "-", "timestamp": "2025-08-11T11:42:11.589125+00:00"}
{"asctime": "2025-08-11 13:42:11,606", "levelname": "INFO", "name": "AresTradingSystem.System.UnifiedRegimeClassifier", "message": "âœ… Calculated comprehensive features for 677 periods (dropped 0 rows due to NaN)", "correlation_id": "-", "session_id": "-", "timestamp": "2025-08-11T11:42:11.606284+00:00"}
{"asctime": "2025-08-11 13:42:12,163", "levelname": "INFO", "name": "AresTradingSystem.System.UnifiedRegimeClassifier", "message": "âœ… Basic regime ensemble trained successfully", "correlation_id": "-", "session_id": "-", "timestamp": "2025-08-11T11:42:12.163922+00:00"}
{"asctime": "2025-08-11 13:42:12,164", "levelname": "INFO", "name": "AresTradingSystem.System.UnifiedRegimeClassifier", "message": "ðŸŽ“ Training Location Classifier...", "correlation_id": "-", "session_id": "-", "timestamp": "2025-08-11T11:42:12.164342+00:00"}
{"asctime": "2025-08-11 13:42:12,164", "levelname": "INFO", "name": "AresTradingSystem.System.UnifiedRegimeClassifier", "message": "ðŸ”§ Calculating features for 677 periods...", "correlation_id": "-", "session_id": "-", "timestamp": "2025-08-11T11:42:12.164432+00:00"}
{"asctime": "2025-08-11 13:42:12,174", "levelname": "INFO", "name": "AresTradingSystem.System.UnifiedRegimeClassifier", "message": "âœ… Calculated comprehensive features for 677 periods (dropped 0 rows due to NaN)", "correlation_id": "-", "session_id": "-", "timestamp": "2025-08-11T11:42:12.174552+00:00"}
{"asctime": "2025-08-11 13:42:12,174", "levelname": "WARNING", "name": "AresTradingSystem.System.UnifiedRegimeClassifier", "message": "Insufficient data for location classification. Need at least 720 rows, but only have 677. Skipping location classifier training.", "correlation_id": "-", "session_id": "-", "timestamp": "2025-08-11T11:42:12.174951+00:00"}
{"asctime": "2025-08-11 13:42:12,175", "levelname": "INFO", "name": "AresTradingSystem.System.UnifiedRegimeClassifier", "message": "âœ… Complete regime classification system trained successfully", "correlation_id": "-", "session_id": "-", "timestamp": "2025-08-11T11:42:12.175092+00:00"}
{"asctime": "2025-08-11 13:42:12,175", "levelname": "INFO", "name": "AresTradingSystem.System.UnifiedRegimeClassifier", "message": "âœ… HMM model saved to /Users/remyroche/Documents/Ares/checkpoints/analyst_models/unified_hmm_model_BINANCE_ETHUSDT_1h.joblib", "correlation_id": "-", "session_id": "-", "timestamp": "2025-08-11T11:42:12.175987+00:00"}
{"asctime": "2025-08-11 13:42:12,179", "levelname": "INFO", "name": "AresTradingSystem.System.UnifiedRegimeClassifier", "message": "âœ… Basic ensemble saved to /Users/remyroche/Documents/Ares/checkpoints/analyst_models/unified_ensemble_model_BINANCE_ETHUSDT_1h.joblib", "correlation_id": "-", "session_id": "-", "timestamp": "2025-08-11T11:42:12.179571+00:00"}
{"asctime": "2025-08-11 13:42:12,180", "levelname": "INFO", "name": "AresTradingSystem.System.UnifiedRegimeClassifier", "message": "ðŸ”§ Calculating features for 677 periods...", "correlation_id": "-", "session_id": "-", "timestamp": "2025-08-11T11:42:12.180220+00:00"}
{"asctime": "2025-08-11 13:42:12,190", "levelname": "INFO", "name": "AresTradingSystem.System.UnifiedRegimeClassifier", "message": "âœ… Calculated comprehensive features for 677 periods (dropped 0 rows due to NaN)", "correlation_id": "-", "session_id": "-", "timestamp": "2025-08-11T11:42:12.190722+00:00"}
{"asctime": "2025-08-11 13:42:12,191", "levelname": "INFO", "name": "AresTradingSystem.System.UnifiedRegimeClassifier", "message": "ðŸ” Using trained basic ensemble for regime classification", "correlation_id": "-", "session_id": "-", "timestamp": "2025-08-11T11:42:12.191651+00:00"}
{"asctime": "2025-08-11 13:42:12,201", "levelname": "INFO", "name": "AresTradingSystem.System.UnifiedRegimeClassifier", "message": "", "correlation_id": "-", "session_id": "-", "msg": "Ensemble regime prediction summary", "unique_regimes": ["BEAR", "BULL", "SIDEWAYS"], "counts": {"BEAR": 400, "BULL": 15, "SIDEWAYS": 262}, "expected_min": 4, "total_records": 677, "thresholds": {"adx_sideways_threshold": 23, "volatility_threshold": 0.025, "atr_normalized_threshold": 0.035, "volatility_percentile_threshold": 0.8}, "timestamp": "2025-08-11T11:42:12.201108+00:00"}
{"asctime": "2025-08-11 13:42:12,201", "levelname": "WARNING", "name": "AresTradingSystem.System.UnifiedRegimeClassifier", "message": "\u001b[93m\u001b[1mâš ï¸\u001b[0m \u001b[93m\u001b[1mFewer regimes predicted (3) than expected (4). Consider increasing min_data_points or enhancing volatility features.\u001b[0m", "correlation_id": "-", "session_id": "-", "timestamp": "2025-08-11T11:42:12.201330+00:00"}
{"asctime": "2025-08-11 13:42:12,201", "levelname": "INFO", "name": "AresTradingSystem.System.UnifiedRegimeClassifier", "message": "Classifying location with tactical pivots and strategic volume levels...", "correlation_id": "-", "session_id": "-", "timestamp": "2025-08-11T11:42:12.201425+00:00"}
{"asctime": "2025-08-11 13:42:12,201", "levelname": "WARNING", "name": "AresTradingSystem.System.UnifiedRegimeClassifier", "message": "Insufficient data for location classification. Need at least 720 rows, but only have 677. Returning all OPEN_RANGE labels.", "correlation_id": "-", "session_id": "-", "timestamp": "2025-08-11T11:42:12.201492+00:00"}
{"asctime": "2025-08-11 13:42:12,201", "levelname": "INFO", "name": "AresTradingSystem.System.UnifiedRegimeClassifier", "message": "ðŸ“Š Regime distribution: {'BEAR': 400, 'SIDEWAYS': 262, 'BULL': 15}", "correlation_id": "-", "session_id": "-", "timestamp": "2025-08-11T11:42:12.201970+00:00"}
{"asctime": "2025-08-11 13:42:12,202", "levelname": "INFO", "name": "AresTradingSystem.System", "message": "Regime classification completed. Found 3 distinct regimes", "correlation_id": "-", "session_id": "-", "timestamp": "2025-08-11T11:42:12.202390+00:00"}
{"asctime": "2025-08-11 13:42:12,209", "levelname": "INFO", "name": "AresTradingSystem.System", "message": "âœ… Saved regime classification results to parquet: data/training/BINANCE_ETHUSDT_regime_classification.parquet", "correlation_id": "-", "session_id": "-", "timestamp": "2025-08-11T11:42:12.209765+00:00"}
{"asctime": "2025-08-11 13:42:12,209", "levelname": "INFO", "name": "AresTradingSystem.System", "message": "âœ… Market regime classification completed. Results saved to data/training/BINANCE_ETHUSDT_regime_classification.json", "correlation_id": "-", "session_id": "-", "timestamp": "2025-08-11T11:42:12.209941+00:00"}
{"asctime": "2025-08-11 13:42:12,341", "levelname": "INFO", "name": "AresTradingSystem.System", "message": "Initializing Regime Data Splitting Step...", "correlation_id": "-", "session_id": "-", "timestamp": "2025-08-11T11:42:12.341408+00:00"}
{"asctime": "2025-08-11 13:42:12,341", "levelname": "INFO", "name": "AresTradingSystem.System", "message": "Regime Data Splitting Step initialized successfully", "correlation_id": "-", "session_id": "-", "timestamp": "2025-08-11T11:42:12.341494+00:00"}
{"asctime": "2025-08-11 13:42:12,341", "levelname": "INFO", "name": "AresTradingSystem.System", "message": "ðŸ”„ Loading unified data for regime data splitting...", "correlation_id": "-", "session_id": "-", "timestamp": "2025-08-11T11:42:12.341554+00:00"}
{"asctime": "2025-08-11 13:42:12,341", "levelname": "INFO", "name": "AresTradingSystem.System.UnifiedDataLoader", "message": "ðŸ”„ Loading unified data for ETHUSDT on BINANCE", "correlation_id": "-", "session_id": "-", "timestamp": "2025-08-11T11:42:12.341622+00:00"}
{"asctime": "2025-08-11 13:42:12,341", "levelname": "INFO", "name": "AresTradingSystem.System.UnifiedDataLoader", "message": "   Timeframe: 1m", "correlation_id": "-", "session_id": "-", "timestamp": "2025-08-11T11:42:12.341679+00:00"}
{"asctime": "2025-08-11 13:42:12,341", "levelname": "INFO", "name": "AresTradingSystem.System.UnifiedDataLoader", "message": "   Date range: 2025-02-12 to 2025-08-11", "correlation_id": "-", "session_id": "-", "timestamp": "2025-08-11T11:42:12.341751+00:00"}
{"asctime": "2025-08-11 13:42:12,341", "levelname": "INFO", "name": "AresTradingSystem.System.UnifiedDataLoader", "message": "   Streaming: True", "correlation_id": "-", "session_id": "-", "timestamp": "2025-08-11T11:42:12.341814+00:00"}
{"asctime": "2025-08-11 13:42:12,341", "levelname": "INFO", "name": "AresTradingSystem.System.UnifiedDataLoader", "message": "   âš ï¸ Streaming disabled to avoid segmentation faults", "correlation_id": "-", "session_id": "-", "timestamp": "2025-08-11T11:42:12.341865+00:00"}
{"asctime": "2025-08-11 13:42:12,341", "levelname": "INFO", "name": "AresTradingSystem.System.UnifiedDataLoader", "message": "   ðŸ“ Found unified data cache, using optimized pyarrow loading", "correlation_id": "-", "session_id": "-", "timestamp": "2025-08-11T11:42:12.341939+00:00"}
{"asctime": "2025-08-11 13:42:12,342", "levelname": "INFO", "name": "AresTradingSystem.System.UnifiedDataLoader", "message": "ðŸ”§ Using optimized pyarrow loading...", "correlation_id": "-", "session_id": "-", "timestamp": "2025-08-11T11:42:12.342003+00:00"}
{"asctime": "2025-08-11 13:42:12,342", "levelname": "INFO", "name": "AresTradingSystem.System.UnifiedDataLoader", "message": "   âš ï¸ PyArrow disabled to avoid segmentation faults", "correlation_id": "-", "session_id": "-", "timestamp": "2025-08-11T11:42:12.342058+00:00"}
{"asctime": "2025-08-11 13:42:12,342", "levelname": "INFO", "name": "AresTradingSystem.System.UnifiedDataLoader", "message": "ðŸ”§ Using memory-efficient streaming loading for 180 days...", "correlation_id": "-", "session_id": "-", "timestamp": "2025-08-11T11:42:12.342115+00:00"}
{"asctime": "2025-08-11 13:42:12,350", "levelname": "INFO", "name": "AresTradingSystem.System.UnifiedDataLoader", "message": "ðŸ“ Found 179 partition files", "correlation_id": "-", "session_id": "-", "timestamp": "2025-08-11T11:42:12.350171+00:00"}
{"asctime": "2025-08-11 13:42:12,420", "levelname": "INFO", "name": "AresTradingSystem.System.UnifiedDataLoader", "message": "   ðŸ“„ Processing file 1/179: part-0.parquet", "correlation_id": "-", "session_id": "-", "timestamp": "2025-08-11T11:42:12.420489+00:00"}
{"asctime": "2025-08-11 13:42:12,425", "levelname": "INFO", "name": "AresTradingSystem.System.UnifiedDataLoader", "message": "   âœ… Loaded file 1: (1440, 19)", "correlation_id": "-", "session_id": "-", "timestamp": "2025-08-11T11:42:12.425241+00:00"}
{"asctime": "2025-08-11 13:42:12,426", "levelname": "INFO", "name": "AresTradingSystem.System.UnifiedDataLoader", "message": "   ðŸ” After date filtering: (617, 19)", "correlation_id": "-", "session_id": "-", "timestamp": "2025-08-11T11:42:12.426914+00:00"}
{"asctime": "2025-08-11 13:42:12,429", "levelname": "INFO", "name": "AresTradingSystem.System.UnifiedDataLoader", "message": "   ðŸ“Š Total rows so far: 617", "correlation_id": "-", "session_id": "-", "timestamp": "2025-08-11T11:42:12.429589+00:00"}
{"asctime": "2025-08-11 13:42:14,370", "levelname": "INFO", "name": "AresTradingSystem.System.UnifiedDataLoader", "message": "   ðŸ“„ Processing file 10/179: part-0.parquet", "correlation_id": "-", "session_id": "-", "timestamp": "2025-08-11T11:42:14.370335+00:00"}
{"asctime": "2025-08-11 13:42:14,374", "levelname": "INFO", "name": "AresTradingSystem.System.UnifiedDataLoader", "message": "   âœ… Loaded file 10: (1440, 19)", "correlation_id": "-", "session_id": "-", "timestamp": "2025-08-11T11:42:14.374117+00:00"}
{"asctime": "2025-08-11 13:42:14,375", "levelname": "INFO", "name": "AresTradingSystem.System.UnifiedDataLoader", "message": "   ðŸ” After date filtering: (1440, 19)", "correlation_id": "-", "session_id": "-", "timestamp": "2025-08-11T11:42:14.375107+00:00"}
{"asctime": "2025-08-11 13:42:14,380", "levelname": "INFO", "name": "AresTradingSystem.System.UnifiedDataLoader", "message": "   ðŸ“Š Total rows so far: 13577", "correlation_id": "-", "session_id": "-", "timestamp": "2025-08-11T11:42:14.380752+00:00"}
{"asctime": "2025-08-11 13:42:16,733", "levelname": "INFO", "name": "AresTradingSystem.System.UnifiedDataLoader", "message": "   ðŸ“„ Processing file 20/179: part-0.parquet", "correlation_id": "-", "session_id": "-", "timestamp": "2025-08-11T11:42:16.733998+00:00"}
{"asctime": "2025-08-11 13:42:16,737", "levelname": "INFO", "name": "AresTradingSystem.System.UnifiedDataLoader", "message": "   âœ… Loaded file 20: (1440, 19)", "correlation_id": "-", "session_id": "-", "timestamp": "2025-08-11T11:42:16.737707+00:00"}
{"asctime": "2025-08-11 13:42:16,738", "levelname": "INFO", "name": "AresTradingSystem.System.UnifiedDataLoader", "message": "   ðŸ” After date filtering: (1440, 19)", "correlation_id": "-", "session_id": "-", "timestamp": "2025-08-11T11:42:16.738688+00:00"}
{"asctime": "2025-08-11 13:42:16,745", "levelname": "INFO", "name": "AresTradingSystem.System.UnifiedDataLoader", "message": "   ðŸ“Š Total rows so far: 27977", "correlation_id": "-", "session_id": "-", "timestamp": "2025-08-11T11:42:16.745518+00:00"}
{"asctime": "2025-08-11 13:42:18,199", "levelname": "INFO", "name": "AresTradingSystem.System.UnifiedDataLoader", "message": "   ðŸ“„ Processing file 30/179: part-0.parquet", "correlation_id": "-", "session_id": "-", "timestamp": "2025-08-11T11:42:18.199216+00:00"}
{"asctime": "2025-08-11 13:42:18,202", "levelname": "INFO", "name": "AresTradingSystem.System.UnifiedDataLoader", "message": "   âœ… Loaded file 30: (1440, 19)", "correlation_id": "-", "session_id": "-", "timestamp": "2025-08-11T11:42:18.202629+00:00"}
{"asctime": "2025-08-11 13:42:18,203", "levelname": "INFO", "name": "AresTradingSystem.System.UnifiedDataLoader", "message": "   ðŸ” After date filtering: (1440, 19)", "correlation_id": "-", "session_id": "-", "timestamp": "2025-08-11T11:42:18.203409+00:00"}
{"asctime": "2025-08-11 13:42:18,208", "levelname": "INFO", "name": "AresTradingSystem.System.UnifiedDataLoader", "message": "   ðŸ“Š Total rows so far: 42377", "correlation_id": "-", "session_id": "-", "timestamp": "2025-08-11T11:42:18.208401+00:00"}
{"asctime": "2025-08-11 13:42:19,530", "levelname": "INFO", "name": "AresTradingSystem.System.UnifiedDataLoader", "message": "   ðŸ“„ Processing file 40/179: part-0.parquet", "correlation_id": "-", "session_id": "-", "timestamp": "2025-08-11T11:42:19.530198+00:00"}
{"asctime": "2025-08-11 13:42:19,533", "levelname": "INFO", "name": "AresTradingSystem.System.UnifiedDataLoader", "message": "   âœ… Loaded file 40: (1440, 19)", "correlation_id": "-", "session_id": "-", "timestamp": "2025-08-11T11:42:19.533337+00:00"}
{"asctime": "2025-08-11 13:42:19,534", "levelname": "INFO", "name": "AresTradingSystem.System.UnifiedDataLoader", "message": "   ðŸ” After date filtering: (1440, 19)", "correlation_id": "-", "session_id": "-", "timestamp": "2025-08-11T11:42:19.534082+00:00"}
{"asctime": "2025-08-11 13:42:19,539", "levelname": "INFO", "name": "AresTradingSystem.System.UnifiedDataLoader", "message": "   ðŸ“Š Total rows so far: 56777", "correlation_id": "-", "session_id": "-", "timestamp": "2025-08-11T11:42:19.539077+00:00"}
{"asctime": "2025-08-11 13:42:20,976", "levelname": "INFO", "name": "AresTradingSystem.System.UnifiedDataLoader", "message": "   ðŸ“„ Processing file 50/179: part-0.parquet", "correlation_id": "-", "session_id": "-", "timestamp": "2025-08-11T11:42:20.976993+00:00"}
{"asctime": "2025-08-11 13:42:20,980", "levelname": "INFO", "name": "AresTradingSystem.System.UnifiedDataLoader", "message": "   âœ… Loaded file 50: (1440, 19)", "correlation_id": "-", "session_id": "-", "timestamp": "2025-08-11T11:42:20.980289+00:00"}
{"asctime": "2025-08-11 13:42:20,981", "levelname": "INFO", "name": "AresTradingSystem.System.UnifiedDataLoader", "message": "   ðŸ” After date filtering: (1440, 19)", "correlation_id": "-", "session_id": "-", "timestamp": "2025-08-11T11:42:20.981077+00:00"}
{"asctime": "2025-08-11 13:42:20,986", "levelname": "INFO", "name": "AresTradingSystem.System.UnifiedDataLoader", "message": "   ðŸ“Š Total rows so far: 71177", "correlation_id": "-", "session_id": "-", "timestamp": "2025-08-11T11:42:20.986084+00:00"}
{"asctime": "2025-08-11 13:42:22,468", "levelname": "INFO", "name": "AresTradingSystem.System.UnifiedDataLoader", "message": "   ðŸ“„ Processing file 60/179: part-0.parquet", "correlation_id": "-", "session_id": "-", "timestamp": "2025-08-11T11:42:22.468050+00:00"}
{"asctime": "2025-08-11 13:42:22,471", "levelname": "INFO", "name": "AresTradingSystem.System.UnifiedDataLoader", "message": "   âœ… Loaded file 60: (1440, 19)", "correlation_id": "-", "session_id": "-", "timestamp": "2025-08-11T11:42:22.471091+00:00"}
{"asctime": "2025-08-11 13:42:22,471", "levelname": "INFO", "name": "AresTradingSystem.System.UnifiedDataLoader", "message": "   ðŸ” After date filtering: (1440, 19)", "correlation_id": "-", "session_id": "-", "timestamp": "2025-08-11T11:42:22.471888+00:00"}
{"asctime": "2025-08-11 13:42:22,477", "levelname": "INFO", "name": "AresTradingSystem.System.UnifiedDataLoader", "message": "   ðŸ“Š Total rows so far: 85577", "correlation_id": "-", "session_id": "-", "timestamp": "2025-08-11T11:42:22.477029+00:00"}
{"asctime": "2025-08-11 13:42:23,952", "levelname": "INFO", "name": "AresTradingSystem.System.UnifiedDataLoader", "message": "   ðŸ“„ Processing file 70/179: part-0.parquet", "correlation_id": "-", "session_id": "-", "timestamp": "2025-08-11T11:42:23.952519+00:00"}
{"asctime": "2025-08-11 13:42:23,955", "levelname": "INFO", "name": "AresTradingSystem.System.UnifiedDataLoader", "message": "   âœ… Loaded file 70: (1440, 19)", "correlation_id": "-", "session_id": "-", "timestamp": "2025-08-11T11:42:23.955689+00:00"}
{"asctime": "2025-08-11 13:42:23,956", "levelname": "INFO", "name": "AresTradingSystem.System.UnifiedDataLoader", "message": "   ðŸ” After date filtering: (1440, 19)", "correlation_id": "-", "session_id": "-", "timestamp": "2025-08-11T11:42:23.956397+00:00"}
{"asctime": "2025-08-11 13:42:23,961", "levelname": "INFO", "name": "AresTradingSystem.System.UnifiedDataLoader", "message": "   ðŸ“Š Total rows so far: 99977", "correlation_id": "-", "session_id": "-", "timestamp": "2025-08-11T11:42:23.961442+00:00"}
{"asctime": "2025-08-11 13:42:25,489", "levelname": "INFO", "name": "AresTradingSystem.System.UnifiedDataLoader", "message": "   ðŸ“„ Processing file 80/179: part-0.parquet", "correlation_id": "-", "session_id": "-", "timestamp": "2025-08-11T11:42:25.489247+00:00"}
{"asctime": "2025-08-11 13:42:25,492", "levelname": "INFO", "name": "AresTradingSystem.System.UnifiedDataLoader", "message": "   âœ… Loaded file 80: (1440, 19)", "correlation_id": "-", "session_id": "-", "timestamp": "2025-08-11T11:42:25.492490+00:00"}
{"asctime": "2025-08-11 13:42:25,493", "levelname": "INFO", "name": "AresTradingSystem.System.UnifiedDataLoader", "message": "   ðŸ” After date filtering: (1440, 19)", "correlation_id": "-", "session_id": "-", "timestamp": "2025-08-11T11:42:25.493198+00:00"}
{"asctime": "2025-08-11 13:42:25,498", "levelname": "INFO", "name": "AresTradingSystem.System.UnifiedDataLoader", "message": "   ðŸ“Š Total rows so far: 114377", "correlation_id": "-", "session_id": "-", "timestamp": "2025-08-11T11:42:25.498203+00:00"}
{"asctime": "2025-08-11 13:42:27,119", "levelname": "INFO", "name": "AresTradingSystem.System.UnifiedDataLoader", "message": "   ðŸ“„ Processing file 90/179: part-0.parquet", "correlation_id": "-", "session_id": "-", "timestamp": "2025-08-11T11:42:27.119146+00:00"}
{"asctime": "2025-08-11 13:42:27,122", "levelname": "INFO", "name": "AresTradingSystem.System.UnifiedDataLoader", "message": "   âœ… Loaded file 90: (1440, 19)", "correlation_id": "-", "session_id": "-", "timestamp": "2025-08-11T11:42:27.122432+00:00"}
{"asctime": "2025-08-11 13:42:27,123", "levelname": "INFO", "name": "AresTradingSystem.System.UnifiedDataLoader", "message": "   ðŸ” After date filtering: (1440, 19)", "correlation_id": "-", "session_id": "-", "timestamp": "2025-08-11T11:42:27.123500+00:00"}
{"asctime": "2025-08-11 13:42:27,129", "levelname": "INFO", "name": "AresTradingSystem.System.UnifiedDataLoader", "message": "   ðŸ“Š Total rows so far: 128777", "correlation_id": "-", "session_id": "-", "timestamp": "2025-08-11T11:42:27.129310+00:00"}
{"asctime": "2025-08-11 13:42:28,870", "levelname": "INFO", "name": "AresTradingSystem.System.UnifiedDataLoader", "message": "   ðŸ“„ Processing file 100/179: part-0.parquet", "correlation_id": "-", "session_id": "-", "timestamp": "2025-08-11T11:42:28.870224+00:00"}
{"asctime": "2025-08-11 13:42:28,873", "levelname": "INFO", "name": "AresTradingSystem.System.UnifiedDataLoader", "message": "   âœ… Loaded file 100: (1440, 19)", "correlation_id": "-", "session_id": "-", "timestamp": "2025-08-11T11:42:28.873300+00:00"}
{"asctime": "2025-08-11 13:42:28,874", "levelname": "INFO", "name": "AresTradingSystem.System.UnifiedDataLoader", "message": "   ðŸ” After date filtering: (1440, 19)", "correlation_id": "-", "session_id": "-", "timestamp": "2025-08-11T11:42:28.874073+00:00"}
{"asctime": "2025-08-11 13:42:28,879", "levelname": "INFO", "name": "AresTradingSystem.System.UnifiedDataLoader", "message": "   ðŸ“Š Total rows so far: 143177", "correlation_id": "-", "session_id": "-", "timestamp": "2025-08-11T11:42:28.879111+00:00"}
{"asctime": "2025-08-11 13:42:30,627", "levelname": "INFO", "name": "AresTradingSystem.System.UnifiedDataLoader", "message": "   ðŸ“„ Processing file 110/179: part-0.parquet", "correlation_id": "-", "session_id": "-", "timestamp": "2025-08-11T11:42:30.627355+00:00"}
{"asctime": "2025-08-11 13:42:30,630", "levelname": "INFO", "name": "AresTradingSystem.System.UnifiedDataLoader", "message": "   âœ… Loaded file 110: (1440, 19)", "correlation_id": "-", "session_id": "-", "timestamp": "2025-08-11T11:42:30.630670+00:00"}
{"asctime": "2025-08-11 13:42:30,631", "levelname": "INFO", "name": "AresTradingSystem.System.UnifiedDataLoader", "message": "   ðŸ” After date filtering: (1440, 19)", "correlation_id": "-", "session_id": "-", "timestamp": "2025-08-11T11:42:30.631450+00:00"}
{"asctime": "2025-08-11 13:42:30,636", "levelname": "INFO", "name": "AresTradingSystem.System.UnifiedDataLoader", "message": "   ðŸ“Š Total rows so far: 157577", "correlation_id": "-", "session_id": "-", "timestamp": "2025-08-11T11:42:30.636511+00:00"}
{"asctime": "2025-08-11 13:42:32,441", "levelname": "INFO", "name": "AresTradingSystem.System.UnifiedDataLoader", "message": "   ðŸ“„ Processing file 120/179: part-0.parquet", "correlation_id": "-", "session_id": "-", "timestamp": "2025-08-11T11:42:32.441662+00:00"}
{"asctime": "2025-08-11 13:42:32,444", "levelname": "INFO", "name": "AresTradingSystem.System.UnifiedDataLoader", "message": "   âœ… Loaded file 120: (1440, 19)", "correlation_id": "-", "session_id": "-", "timestamp": "2025-08-11T11:42:32.444820+00:00"}
{"asctime": "2025-08-11 13:42:32,445", "levelname": "INFO", "name": "AresTradingSystem.System.UnifiedDataLoader", "message": "   ðŸ” After date filtering: (1440, 19)", "correlation_id": "-", "session_id": "-", "timestamp": "2025-08-11T11:42:32.445564+00:00"}
{"asctime": "2025-08-11 13:42:32,450", "levelname": "INFO", "name": "AresTradingSystem.System.UnifiedDataLoader", "message": "   ðŸ“Š Total rows so far: 171977", "correlation_id": "-", "session_id": "-", "timestamp": "2025-08-11T11:42:32.450695+00:00"}
{"asctime": "2025-08-11 13:42:34,248", "levelname": "INFO", "name": "AresTradingSystem.System.UnifiedDataLoader", "message": "   ðŸ“„ Processing file 130/179: part-0.parquet", "correlation_id": "-", "session_id": "-", "timestamp": "2025-08-11T11:42:34.248094+00:00"}
{"asctime": "2025-08-11 13:42:34,251", "levelname": "INFO", "name": "AresTradingSystem.System.UnifiedDataLoader", "message": "   âœ… Loaded file 130: (1440, 19)", "correlation_id": "-", "session_id": "-", "timestamp": "2025-08-11T11:42:34.251784+00:00"}
{"asctime": "2025-08-11 13:42:34,252", "levelname": "INFO", "name": "AresTradingSystem.System.UnifiedDataLoader", "message": "   ðŸ” After date filtering: (1440, 19)", "correlation_id": "-", "session_id": "-", "timestamp": "2025-08-11T11:42:34.252862+00:00"}
{"asctime": "2025-08-11 13:42:34,258", "levelname": "INFO", "name": "AresTradingSystem.System.UnifiedDataLoader", "message": "   ðŸ“Š Total rows so far: 186377", "correlation_id": "-", "session_id": "-", "timestamp": "2025-08-11T11:42:34.258863+00:00"}
{"asctime": "2025-08-11 13:42:36,153", "levelname": "INFO", "name": "AresTradingSystem.System.UnifiedDataLoader", "message": "   ðŸ“„ Processing file 140/179: part-0.parquet", "correlation_id": "-", "session_id": "-", "timestamp": "2025-08-11T11:42:36.153889+00:00"}
{"asctime": "2025-08-11 13:42:36,157", "levelname": "INFO", "name": "AresTradingSystem.System.UnifiedDataLoader", "message": "   âœ… Loaded file 140: (1440, 19)", "correlation_id": "-", "session_id": "-", "timestamp": "2025-08-11T11:42:36.157320+00:00"}
{"asctime": "2025-08-11 13:42:36,158", "levelname": "INFO", "name": "AresTradingSystem.System.UnifiedDataLoader", "message": "   ðŸ” After date filtering: (1440, 19)", "correlation_id": "-", "session_id": "-", "timestamp": "2025-08-11T11:42:36.158092+00:00"}
{"asctime": "2025-08-11 13:42:36,162", "levelname": "INFO", "name": "AresTradingSystem.System.UnifiedDataLoader", "message": "   ðŸ“Š Total rows so far: 200777", "correlation_id": "-", "session_id": "-", "timestamp": "2025-08-11T11:42:36.162996+00:00"}
{"asctime": "2025-08-11 13:42:38,081", "levelname": "INFO", "name": "AresTradingSystem.System.UnifiedDataLoader", "message": "   ðŸ“„ Processing file 150/179: part-0.parquet", "correlation_id": "-", "session_id": "-", "timestamp": "2025-08-11T11:42:38.081749+00:00"}
{"asctime": "2025-08-11 13:42:38,085", "levelname": "INFO", "name": "AresTradingSystem.System.UnifiedDataLoader", "message": "   âœ… Loaded file 150: (1440, 19)", "correlation_id": "-", "session_id": "-", "timestamp": "2025-08-11T11:42:38.085039+00:00"}
{"asctime": "2025-08-11 13:42:38,085", "levelname": "INFO", "name": "AresTradingSystem.System.UnifiedDataLoader", "message": "   ðŸ” After date filtering: (1440, 19)", "correlation_id": "-", "session_id": "-", "timestamp": "2025-08-11T11:42:38.085786+00:00"}
{"asctime": "2025-08-11 13:42:38,090", "levelname": "INFO", "name": "AresTradingSystem.System.UnifiedDataLoader", "message": "   ðŸ“Š Total rows so far: 215177", "correlation_id": "-", "session_id": "-", "timestamp": "2025-08-11T11:42:38.090893+00:00"}
{"asctime": "2025-08-11 13:42:40,062", "levelname": "INFO", "name": "AresTradingSystem.System.UnifiedDataLoader", "message": "   ðŸ“„ Processing file 160/179: part-0.parquet", "correlation_id": "-", "session_id": "-", "timestamp": "2025-08-11T11:42:40.062501+00:00"}
{"asctime": "2025-08-11 13:42:40,066", "levelname": "INFO", "name": "AresTradingSystem.System.UnifiedDataLoader", "message": "   âœ… Loaded file 160: (1440, 19)", "correlation_id": "-", "session_id": "-", "timestamp": "2025-08-11T11:42:40.066077+00:00"}
{"asctime": "2025-08-11 13:42:40,066", "levelname": "INFO", "name": "AresTradingSystem.System.UnifiedDataLoader", "message": "   ðŸ” After date filtering: (1440, 19)", "correlation_id": "-", "session_id": "-", "timestamp": "2025-08-11T11:42:40.066873+00:00"}
{"asctime": "2025-08-11 13:42:40,072", "levelname": "INFO", "name": "AresTradingSystem.System.UnifiedDataLoader", "message": "   ðŸ“Š Total rows so far: 229577", "correlation_id": "-", "session_id": "-", "timestamp": "2025-08-11T11:42:40.072626+00:00"}
{"asctime": "2025-08-11 13:42:42,065", "levelname": "INFO", "name": "AresTradingSystem.System.UnifiedDataLoader", "message": "   ðŸ“„ Processing file 170/179: part-0.parquet", "correlation_id": "-", "session_id": "-", "timestamp": "2025-08-11T11:42:42.065059+00:00"}
{"asctime": "2025-08-11 13:42:42,068", "levelname": "INFO", "name": "AresTradingSystem.System.UnifiedDataLoader", "message": "   âœ… Loaded file 170: (1440, 19)", "correlation_id": "-", "session_id": "-", "timestamp": "2025-08-11T11:42:42.068437+00:00"}
{"asctime": "2025-08-11 13:42:42,069", "levelname": "INFO", "name": "AresTradingSystem.System.UnifiedDataLoader", "message": "   ðŸ” After date filtering: (1440, 19)", "correlation_id": "-", "session_id": "-", "timestamp": "2025-08-11T11:42:42.069140+00:00"}
{"asctime": "2025-08-11 13:42:42,074", "levelname": "INFO", "name": "AresTradingSystem.System.UnifiedDataLoader", "message": "   ðŸ“Š Total rows so far: 243977", "correlation_id": "-", "session_id": "-", "timestamp": "2025-08-11T11:42:42.074140+00:00"}
{"asctime": "2025-08-11 13:42:44,010", "levelname": "INFO", "name": "AresTradingSystem.System.UnifiedDataLoader", "message": "ðŸ”„ Converting 256567 records to DataFrame...", "correlation_id": "-", "session_id": "-", "timestamp": "2025-08-11T11:42:44.010798+00:00"}
{"asctime": "2025-08-11 13:42:44,824", "levelname": "INFO", "name": "AresTradingSystem.System.UnifiedDataLoader", "message": "âœ… Memory-efficient loading completed: (256567, 19)", "correlation_id": "-", "session_id": "-", "timestamp": "2025-08-11T11:42:44.824927+00:00"}
{"asctime": "2025-08-11 13:42:44,825", "levelname": "INFO", "name": "AresTradingSystem.System", "message": "âœ… Loaded unified data: 256567 rows", "correlation_id": "-", "session_id": "-", "timestamp": "2025-08-11T11:42:44.825380+00:00"}
{"asctime": "2025-08-11 13:42:44,825", "levelname": "INFO", "name": "AresTradingSystem.System", "message": "   Date range: 0 to 256566", "correlation_id": "-", "session_id": "-", "timestamp": "2025-08-11T11:42:44.825516+00:00"}
{"asctime": "2025-08-11 13:42:44,825", "levelname": "INFO", "name": "AresTradingSystem.System", "message": "   Has aggtrades data: False", "correlation_id": "-", "session_id": "-", "timestamp": "2025-08-11T11:42:44.825645+00:00"}
{"asctime": "2025-08-11 13:42:44,825", "levelname": "INFO", "name": "AresTradingSystem.System", "message": "   Has futures data: False", "correlation_id": "-", "session_id": "-", "timestamp": "2025-08-11T11:42:44.825709+00:00"}
{"asctime": "2025-08-11 13:42:44,825", "levelname": "INFO", "name": "AresTradingSystem.System", "message": "ðŸ“ Loading regime classification results from: data/training/BINANCE_ETHUSDT_regime_classification.parquet", "correlation_id": "-", "session_id": "-", "timestamp": "2025-08-11T11:42:44.825766+00:00"}
{"asctime": "2025-08-11 13:42:44,825", "levelname": "INFO", "name": "AresTradingSystem.System", "message": "   Trying direct pandas read...", "correlation_id": "-", "session_id": "-", "timestamp": "2025-08-11T11:42:44.825825+00:00"}
{"asctime": "2025-08-11 13:42:44,827", "levelname": "INFO", "name": "AresTradingSystem.System", "message": "   âœ… Successfully loaded with direct pandas read: (677, 3)", "correlation_id": "-", "session_id": "-", "timestamp": "2025-08-11T11:42:44.827612+00:00"}
{"asctime": "2025-08-11 13:42:44,827", "levelname": "INFO", "name": "AresTradingSystem.System", "message": "âœ… Loaded regime classification data: 677 rows", "correlation_id": "-", "session_id": "-", "timestamp": "2025-08-11T11:42:44.827751+00:00"}
{"asctime": "2025-08-11 13:42:44,827", "levelname": "INFO", "name": "AresTradingSystem.System", "message": "   Regimes found: ['BULL', 'BEAR', 'SIDEWAYS']", "correlation_id": "-", "session_id": "-", "timestamp": "2025-08-11T11:42:44.827939+00:00"}
{"asctime": "2025-08-11 13:42:44,848", "levelname": "WARNING", "name": "AresTradingSystem.System", "message": "\u001b[93m\u001b[1mâš ï¸\u001b[0m \u001b[93m\u001b[1m   255890 rows have missing regime labels, filling with 'SIDEWAYS'\u001b[0m", "correlation_id": "-", "session_id": "-", "timestamp": "2025-08-11T11:42:44.848299+00:00"}
{"asctime": "2025-08-11 13:42:44,952", "levelname": "INFO", "name": "AresTradingSystem.System", "message": "âœ… Successfully split data by regimes: 3 regimes", "correlation_id": "-", "session_id": "-", "timestamp": "2025-08-11T11:42:44.952111+00:00"}
{"asctime": "2025-08-11 13:42:45,147", "levelname": "INFO", "name": "AresTradingSystem.System", "message": "âœ… Saved SIDEWAYS regime data: 256152 rows -> data/training/regime_data/SIDEWAYS.parquet", "correlation_id": "-", "session_id": "-", "timestamp": "2025-08-11T11:42:45.147309+00:00"}
{"asctime": "2025-08-11 13:42:45,151", "levelname": "INFO", "name": "AresTradingSystem.System", "message": "âœ… Saved BULL regime data: 15 rows -> data/training/regime_data/BULL.parquet", "correlation_id": "-", "session_id": "-", "timestamp": "2025-08-11T11:42:45.151049+00:00"}
{"asctime": "2025-08-11 13:42:45,153", "levelname": "INFO", "name": "AresTradingSystem.System", "message": "âœ… Saved BEAR regime data: 400 rows -> data/training/regime_data/BEAR.parquet", "correlation_id": "-", "session_id": "-", "timestamp": "2025-08-11T11:42:45.153682+00:00"}
{"asctime": "2025-08-11 13:42:45,426", "levelname": "INFO", "name": "AresTradingSystem.System", "message": "âœ… Created train/validation/test splits:", "correlation_id": "-", "session_id": "-", "timestamp": "2025-08-11T11:42:45.426894+00:00"}
{"asctime": "2025-08-11 13:42:45,427", "levelname": "INFO", "name": "AresTradingSystem.System", "message": "   Train: 179596 rows -> data/training/BINANCE_ETHUSDT_train_data.parquet", "correlation_id": "-", "session_id": "-", "timestamp": "2025-08-11T11:42:45.427118+00:00"}
{"asctime": "2025-08-11 13:42:45,427", "levelname": "INFO", "name": "AresTradingSystem.System", "message": "   Validation: 38485 rows -> data/training/BINANCE_ETHUSDT_validation_data.parquet", "correlation_id": "-", "session_id": "-", "timestamp": "2025-08-11T11:42:45.427226+00:00"}
{"asctime": "2025-08-11 13:42:45,427", "levelname": "INFO", "name": "AresTradingSystem.System", "message": "   Test: 38486 rows -> data/training/BINANCE_ETHUSDT_test_data.parquet", "correlation_id": "-", "session_id": "-", "timestamp": "2025-08-11T11:42:45.427356+00:00"}
{"asctime": "2025-08-11 13:42:45,431", "levelname": "INFO", "name": "AresTradingSystem.System", "message": "ðŸ“Š Regime Data Splitting Results:", "correlation_id": "-", "session_id": "-", "timestamp": "2025-08-11T11:42:45.431877+00:00"}
{"asctime": "2025-08-11 13:42:45,432", "levelname": "INFO", "name": "AresTradingSystem.System", "message": "   SIDEWAYS: 256152 rows (99.8%)", "correlation_id": "-", "session_id": "-", "timestamp": "2025-08-11T11:42:45.432042+00:00"}
{"asctime": "2025-08-11 13:42:45,432", "levelname": "INFO", "name": "AresTradingSystem.System", "message": "   BULL: 15 rows (0.0%)", "correlation_id": "-", "session_id": "-", "timestamp": "2025-08-11T11:42:45.432109+00:00"}
{"asctime": "2025-08-11 13:42:45,432", "levelname": "INFO", "name": "AresTradingSystem.System", "message": "   BEAR: 400 rows (0.2%)", "correlation_id": "-", "session_id": "-", "timestamp": "2025-08-11T11:42:45.432170+00:00"}
{"asctime": "2025-08-11 13:42:45,432", "levelname": "INFO", "name": "AresTradingSystem.System", "message": "âœ… Regime data splitting completed successfully", "correlation_id": "-", "session_id": "-", "timestamp": "2025-08-11T11:42:45.432465+00:00"}
{"asctime": "2025-08-11 13:42:45,698", "levelname": "INFO", "name": "AresTradingSystem.System.AnalystLabelingFeatureEngineeringStep", "message": "Initializing Analyst Labeling and Feature Engineering Step...", "correlation_id": "-", "session_id": "-", "timestamp": "2025-08-11T11:42:45.698351+00:00"}
{"asctime": "2025-08-11 13:42:45,742", "levelname": "INFO", "name": "AresTradingSystem.System.VectorizedLabellingOrchestrator", "message": "ðŸš€ Initializing vectorized labeling orchestrator...", "correlation_id": "-", "session_id": "-", "timestamp": "2025-08-11T11:42:45.742714+00:00"}
