2025-08-07 22:52:50,875 - AresTradingSystem - INFO - ✅ Enhanced Logger initialization completed successfully
2025-08-07 22:52:50,969 - AresTradingSystem.System - INFO - Using device: MPS for PyTorch operations.
2025-08-07 22:52:50,970 - AresTradingSystem.System - INFO - Initializing Analyst Enhancement Step...
2025-08-07 22:52:50,970 - AresTradingSystem.System - INFO - Analyst Enhancement Step initialized successfully.
2025-08-07 22:52:50,970 - AresTradingSystem.System - INFO - 🔄 Executing Analyst Enhancement...
2025-08-07 22:52:50,970 - AresTradingSystem.System - INFO - --- Enhancing models for regime: bull_trend ---
2025-08-07 22:52:50,970 - AresTradingSystem.System - INFO - Loading data for regime 'bull_trend'...
2025-08-07 22:52:50,971 - AresTradingSystem.System - INFO - Data loaded and split: X_train shape (800, 20), X_val shape (200, 20)
2025-08-07 22:52:50,971 - AresTradingSystem.System - INFO - Enhancing svm for bull_trend...
2025-08-07 22:52:50,971 - AresTradingSystem.System - INFO - Original model accuracy: 0.75
2025-08-07 22:52:50,971 - AresTradingSystem.System - INFO - Running Optuna HPO with pruning for svm...
2025-08-07 22:52:52,417 - AresTradingSystem.System - INFO - HPO complete. Best score: 0.9750
2025-08-07 22:52:52,449 - AresTradingSystem.System - INFO - Selecting optimal features using SHAP...
2025-08-07 22:53:03,136 - AresTradingSystem.System - INFO - Selected 2 optimal features using SHAP (from 20 total)
2025-08-07 22:53:03,137 - AresTradingSystem.System - INFO - Retraining final model with 2 optimal features...
2025-08-07 22:53:03,151 - AresTradingSystem.System - INFO - Enhanced model accuracy: 0.9600
2025-08-07 22:53:03,153 - AresTradingSystem.System - INFO - ✅ Analyst enhancement completed in 12.18s. Results saved to /var/folders/dr/hz7y0z9j0x39z7519pbshgqh0000gn/T/tmp186ydxie/enhanced_analyst_models
2025-08-07 22:53:03,224 - AresTradingSystem.System - INFO - Using device: MPS for PyTorch operations.
2025-08-07 22:53:03,224 - AresTradingSystem.System - INFO - Initializing Analyst Enhancement Step...
2025-08-07 22:53:03,224 - AresTradingSystem.System - INFO - Analyst Enhancement Step initialized successfully.
2025-08-07 22:53:03,224 - AresTradingSystem.System - INFO - 🔄 Executing Analyst Enhancement...
2025-08-07 22:53:03,225 - AresTradingSystem.System - INFO - --- Enhancing models for regime: bull_trend ---
2025-08-07 22:53:03,225 - AresTradingSystem.System - INFO - Loading data for regime 'bull_trend'...
2025-08-07 22:53:03,226 - AresTradingSystem.System - INFO - Data loaded and split: X_train shape (400, 10), X_val shape (100, 10)
2025-08-07 22:53:03,226 - AresTradingSystem.System - INFO - Enhancing xgboost for bull_trend...
2025-08-07 22:53:03,226 - AresTradingSystem.System - INFO - Original model accuracy: 0.75
2025-08-07 22:53:03,226 - AresTradingSystem.System - INFO - Running Optuna HPO with pruning for xgboost...
2025-08-07 22:53:03,237 - AresTradingSystem.System - ERROR - ❌ Error in Analyst Enhancement after 0.01s: XGBClassifier.fit() got an unexpected keyword argument 'callbacks'
Traceback (most recent call last):
  File "/Users/remyroche/Documents/Ares/src/training/steps/step6_analyst_enhancement.py", line 105, in execute
    enhanced_model_package = await self._enhance_single_model(
                             ^^^^^^^^^^^^^^^^^^^^^^^^^^^^^^^^^
  File "/Users/remyroche/Documents/Ares/src/training/steps/step6_analyst_enhancement.py", line 225, in _enhance_single_model
    best_params, hpo_score = await self._apply_hyperparameter_optimization(
                             ^^^^^^^^^^^^^^^^^^^^^^^^^^^^^^^^^^^^^^^^^^^^^^
  File "/Users/remyroche/Documents/Ares/src/training/steps/step6_analyst_enhancement.py", line 431, in _apply_hyperparameter_optimization
    await asyncio.to_thread(study.optimize, objective, n_trials=100, n_jobs=-1)
  File "/opt/homebrew/Caskroom/miniforge/base/lib/python3.12/asyncio/threads.py", line 25, in to_thread
    return await loop.run_in_executor(None, func_call)
           ^^^^^^^^^^^^^^^^^^^^^^^^^^^^^^^^^^^^^^^^^^^
  File "/opt/homebrew/Caskroom/miniforge/base/lib/python3.12/concurrent/futures/thread.py", line 59, in run
    result = self.fn(*self.args, **self.kwargs)
             ^^^^^^^^^^^^^^^^^^^^^^^^^^^^^^^^^^
  File "/opt/homebrew/Caskroom/miniforge/base/lib/python3.12/site-packages/optuna/study/study.py", line 489, in optimize
    _optimize(
  File "/opt/homebrew/Caskroom/miniforge/base/lib/python3.12/site-packages/optuna/study/_optimize.py", line 101, in _optimize
    f.result()
  File "/opt/homebrew/Caskroom/miniforge/base/lib/python3.12/concurrent/futures/_base.py", line 449, in result
    return self.__get_result()
           ^^^^^^^^^^^^^^^^^^^
  File "/opt/homebrew/Caskroom/miniforge/base/lib/python3.12/concurrent/futures/_base.py", line 401, in __get_result
    raise self._exception
  File "/opt/homebrew/Caskroom/miniforge/base/lib/python3.12/concurrent/futures/thread.py", line 59, in run
    result = self.fn(*self.args, **self.kwargs)
             ^^^^^^^^^^^^^^^^^^^^^^^^^^^^^^^^^^
  File "/opt/homebrew/Caskroom/miniforge/base/lib/python3.12/site-packages/optuna/study/_optimize.py", line 161, in _optimize_sequential
    frozen_trial = _run_trial(study, func, catch)
                   ^^^^^^^^^^^^^^^^^^^^^^^^^^^^^^
  File "/opt/homebrew/Caskroom/miniforge/base/lib/python3.12/site-packages/optuna/study/_optimize.py", line 253, in _run_trial
    raise func_err
  File "/opt/homebrew/Caskroom/miniforge/base/lib/python3.12/site-packages/optuna/study/_optimize.py", line 201, in _run_trial
    value_or_values = func(trial)
                      ^^^^^^^^^^^
  File "/Users/remyroche/Documents/Ares/src/training/steps/step6_analyst_enhancement.py", line 400, in objective
    model.fit(X_train, y_train,
  File "/opt/homebrew/Caskroom/miniforge/base/lib/python3.12/site-packages/xgboost/core.py", line 729, in inner_f
    return func(**kwargs)
           ^^^^^^^^^^^^^^
TypeError: XGBClassifier.fit() got an unexpected keyword argument 'callbacks'
