{"asctime": "2025-08-10 10:57:30,475", "levelname": "INFO", "name": "AresTradingSystem", "message": "✅ Enhanced Logger initialization completed successfully", "correlation_id": "-", "session_id": "-", "timestamp": "2025-08-10T08:57:30.475929+00:00"}
{"asctime": "2025-08-10 10:57:30,486", "levelname": "INFO", "name": "AresTradingSystem.System", "message": "Environment configuration loaded successfully. Trading Environment: PAPER, Exchange: BINANCE", "correlation_id": "-", "session_id": "-", "timestamp": "2025-08-10T08:57:30.486950+00:00"}
{"asctime": "2025-08-10 10:57:30,488", "levelname": "INFO", "name": "AresTradingSystem.System.OptimizedDataDownloader", "message": "🚀 CLEAN DATA DOWNLOAD PROCESS STARTED", "correlation_id": "-", "session_id": "-", "timestamp": "2025-08-10T08:57:30.488900+00:00"}
{"asctime": "2025-08-10 10:57:30,489", "levelname": "INFO", "name": "AresTradingSystem.System.OptimizedDataDownloader", "message": "🔧 STEP 1: Initializing...", "correlation_id": "-", "session_id": "-", "timestamp": "2025-08-10T08:57:30.489025+00:00"}
{"asctime": "2025-08-10 10:57:30,489", "levelname": "INFO", "name": "AresTradingSystem.System.OptimizedDataDownloader", "message": "🔧 STEP 1: Initializing clean downloader with CCXT...", "correlation_id": "-", "session_id": "-", "timestamp": "2025-08-10T08:57:30.489097+00:00"}
{"asctime": "2025-08-10 10:57:30,495", "levelname": "INFO", "name": "AresTradingSystem.System.OptimizedDataDownloader", "message": "✅ CCXT exchange created for BINANCE", "correlation_id": "-", "session_id": "-", "timestamp": "2025-08-10T08:57:30.495192+00:00"}
{"asctime": "2025-08-10 10:57:30,496", "levelname": "INFO", "name": "AresTradingSystem.System.OptimizedDataDownloader", "message": "🔄 STEP 4: Starting parallel downloads for all data types...", "correlation_id": "-", "session_id": "-", "timestamp": "2025-08-10T08:57:30.496792+00:00"}
{"asctime": "2025-08-10 10:57:30,496", "levelname": "INFO", "name": "AresTradingSystem.System.OptimizedDataDownloader", "message": "📋 Created 3 parallel download tasks", "correlation_id": "-", "session_id": "-", "timestamp": "2025-08-10T08:57:30.496872+00:00"}
{"asctime": "2025-08-10 10:57:30,496", "levelname": "INFO", "name": "AresTradingSystem.System.OptimizedDataDownloader", "message": "⏳ Executing all tasks concurrently...", "correlation_id": "-", "session_id": "-", "timestamp": "2025-08-10T08:57:30.496935+00:00"}
{"asctime": "2025-08-10 10:57:30,497", "levelname": "INFO", "name": "AresTradingSystem.System.OptimizedDataDownloader", "message": "📈 STEP 3A: Starting parallel klines download...", "correlation_id": "-", "session_id": "-", "timestamp": "2025-08-10T08:57:30.497045+00:00"}
{"asctime": "2025-08-10 10:57:30,497", "levelname": "INFO", "name": "AresTradingSystem.System.OptimizedDataDownloader", "message": "📅 STEP 2: Calculating time periods for klines...", "correlation_id": "-", "session_id": "-", "timestamp": "2025-08-10T08:57:30.497111+00:00"}
{"asctime": "2025-08-10 10:57:30,497", "levelname": "INFO", "name": "AresTradingSystem.System.OptimizedDataDownloader", "message": "📊 Date range: 2023-08-11 to 2025-08-10", "correlation_id": "-", "session_id": "-", "timestamp": "2025-08-10T08:57:30.497194+00:00"}
{"asctime": "2025-08-10 10:57:30,497", "levelname": "INFO", "name": "AresTradingSystem.System.OptimizedDataDownloader", "message": "📊 Total days: 730", "correlation_id": "-", "session_id": "-", "timestamp": "2025-08-10T08:57:30.497248+00:00"}
{"asctime": "2025-08-10 10:57:30,497", "levelname": "INFO", "name": "AresTradingSystem.System.OptimizedDataDownloader", "message": "📈 Processing klines (monthly periods)...", "correlation_id": "-", "session_id": "-", "timestamp": "2025-08-10T08:57:30.497301+00:00"}
{"asctime": "2025-08-10 10:57:30,497", "levelname": "INFO", "name": "AresTradingSystem.System.OptimizedDataDownloader", "message": "📁 Skipping existing: klines_BINANCE_ETHUSDT_1m_2023-08.csv", "correlation_id": "-", "session_id": "-", "timestamp": "2025-08-10T08:57:30.497385+00:00"}
{"asctime": "2025-08-10 10:57:30,497", "levelname": "INFO", "name": "AresTradingSystem.System.OptimizedDataDownloader", "message": "📁 Skipping existing: klines_BINANCE_ETHUSDT_1m_2023-09.csv", "correlation_id": "-", "session_id": "-", "timestamp": "2025-08-10T08:57:30.497456+00:00"}
{"asctime": "2025-08-10 10:57:30,497", "levelname": "INFO", "name": "AresTradingSystem.System.OptimizedDataDownloader", "message": "📁 Skipping existing: klines_BINANCE_ETHUSDT_1m_2023-10.csv", "correlation_id": "-", "session_id": "-", "timestamp": "2025-08-10T08:57:30.497600+00:00"}
{"asctime": "2025-08-10 10:57:30,497", "levelname": "INFO", "name": "AresTradingSystem.System.OptimizedDataDownloader", "message": "📁 Skipping existing: klines_BINANCE_ETHUSDT_1m_2023-11.csv", "correlation_id": "-", "session_id": "-", "timestamp": "2025-08-10T08:57:30.497685+00:00"}
{"asctime": "2025-08-10 10:57:30,497", "levelname": "INFO", "name": "AresTradingSystem.System.OptimizedDataDownloader", "message": "📁 Skipping existing: klines_BINANCE_ETHUSDT_1m_2023-12.csv", "correlation_id": "-", "session_id": "-", "timestamp": "2025-08-10T08:57:30.497757+00:00"}
{"asctime": "2025-08-10 10:57:30,497", "levelname": "INFO", "name": "AresTradingSystem.System.OptimizedDataDownloader", "message": "📁 Skipping existing: klines_BINANCE_ETHUSDT_1m_2024-01.csv", "correlation_id": "-", "session_id": "-", "timestamp": "2025-08-10T08:57:30.497825+00:00"}
{"asctime": "2025-08-10 10:57:30,497", "levelname": "INFO", "name": "AresTradingSystem.System.OptimizedDataDownloader", "message": "📁 Skipping existing: klines_BINANCE_ETHUSDT_1m_2024-02.csv", "correlation_id": "-", "session_id": "-", "timestamp": "2025-08-10T08:57:30.497890+00:00"}
{"asctime": "2025-08-10 10:57:30,497", "levelname": "INFO", "name": "AresTradingSystem.System.OptimizedDataDownloader", "message": "📁 Skipping existing: klines_BINANCE_ETHUSDT_1m_2024-03.csv", "correlation_id": "-", "session_id": "-", "timestamp": "2025-08-10T08:57:30.497952+00:00"}
{"asctime": "2025-08-10 10:57:30,498", "levelname": "INFO", "name": "AresTradingSystem.System.OptimizedDataDownloader", "message": "📁 Skipping existing: klines_BINANCE_ETHUSDT_1m_2024-04.csv", "correlation_id": "-", "session_id": "-", "timestamp": "2025-08-10T08:57:30.498012+00:00"}
{"asctime": "2025-08-10 10:57:30,498", "levelname": "INFO", "name": "AresTradingSystem.System.OptimizedDataDownloader", "message": "📁 Skipping existing: klines_BINANCE_ETHUSDT_1m_2024-05.csv", "correlation_id": "-", "session_id": "-", "timestamp": "2025-08-10T08:57:30.498074+00:00"}
{"asctime": "2025-08-10 10:57:30,498", "levelname": "INFO", "name": "AresTradingSystem.System.OptimizedDataDownloader", "message": "📁 Skipping existing: klines_BINANCE_ETHUSDT_1m_2024-06.csv", "correlation_id": "-", "session_id": "-", "timestamp": "2025-08-10T08:57:30.498132+00:00"}
{"asctime": "2025-08-10 10:57:30,498", "levelname": "INFO", "name": "AresTradingSystem.System.OptimizedDataDownloader", "message": "📁 Skipping existing: klines_BINANCE_ETHUSDT_1m_2024-07.csv", "correlation_id": "-", "session_id": "-", "timestamp": "2025-08-10T08:57:30.498192+00:00"}
{"asctime": "2025-08-10 10:57:30,498", "levelname": "INFO", "name": "AresTradingSystem.System.OptimizedDataDownloader", "message": "📁 Skipping existing: klines_BINANCE_ETHUSDT_1m_2024-08.csv", "correlation_id": "-", "session_id": "-", "timestamp": "2025-08-10T08:57:30.498252+00:00"}
{"asctime": "2025-08-10 10:57:30,498", "levelname": "INFO", "name": "AresTradingSystem.System.OptimizedDataDownloader", "message": "📁 Skipping existing: klines_BINANCE_ETHUSDT_1m_2024-09.csv", "correlation_id": "-", "session_id": "-", "timestamp": "2025-08-10T08:57:30.498317+00:00"}
{"asctime": "2025-08-10 10:57:30,498", "levelname": "INFO", "name": "AresTradingSystem.System.OptimizedDataDownloader", "message": "📁 Skipping existing: klines_BINANCE_ETHUSDT_1m_2024-10.csv", "correlation_id": "-", "session_id": "-", "timestamp": "2025-08-10T08:57:30.498376+00:00"}
{"asctime": "2025-08-10 10:57:30,498", "levelname": "INFO", "name": "AresTradingSystem.System.OptimizedDataDownloader", "message": "📁 Skipping existing: klines_BINANCE_ETHUSDT_1m_2024-11.csv", "correlation_id": "-", "session_id": "-", "timestamp": "2025-08-10T08:57:30.498434+00:00"}
{"asctime": "2025-08-10 10:57:30,498", "levelname": "INFO", "name": "AresTradingSystem.System.OptimizedDataDownloader", "message": "📁 Skipping existing: klines_BINANCE_ETHUSDT_1m_2024-12.csv", "correlation_id": "-", "session_id": "-", "timestamp": "2025-08-10T08:57:30.498558+00:00"}
{"asctime": "2025-08-10 10:57:30,498", "levelname": "INFO", "name": "AresTradingSystem.System.OptimizedDataDownloader", "message": "📁 Skipping existing: klines_BINANCE_ETHUSDT_1m_2025-01.csv", "correlation_id": "-", "session_id": "-", "timestamp": "2025-08-10T08:57:30.498652+00:00"}
{"asctime": "2025-08-10 10:57:30,498", "levelname": "INFO", "name": "AresTradingSystem.System.OptimizedDataDownloader", "message": "📁 Skipping existing: klines_BINANCE_ETHUSDT_1m_2025-02.csv", "correlation_id": "-", "session_id": "-", "timestamp": "2025-08-10T08:57:30.498724+00:00"}
{"asctime": "2025-08-10 10:57:30,498", "levelname": "INFO", "name": "AresTradingSystem.System.OptimizedDataDownloader", "message": "📁 Skipping existing: klines_BINANCE_ETHUSDT_1m_2025-03.csv", "correlation_id": "-", "session_id": "-", "timestamp": "2025-08-10T08:57:30.498789+00:00"}
{"asctime": "2025-08-10 10:57:30,498", "levelname": "INFO", "name": "AresTradingSystem.System.OptimizedDataDownloader", "message": "📁 Skipping existing: klines_BINANCE_ETHUSDT_1m_2025-04.csv", "correlation_id": "-", "session_id": "-", "timestamp": "2025-08-10T08:57:30.498852+00:00"}
{"asctime": "2025-08-10 10:57:30,498", "levelname": "INFO", "name": "AresTradingSystem.System.OptimizedDataDownloader", "message": "📁 Skipping existing: klines_BINANCE_ETHUSDT_1m_2025-05.csv", "correlation_id": "-", "session_id": "-", "timestamp": "2025-08-10T08:57:30.498913+00:00"}
{"asctime": "2025-08-10 10:57:30,498", "levelname": "INFO", "name": "AresTradingSystem.System.OptimizedDataDownloader", "message": "📁 Skipping existing: klines_BINANCE_ETHUSDT_1m_2025-06.csv", "correlation_id": "-", "session_id": "-", "timestamp": "2025-08-10T08:57:30.498970+00:00"}
{"asctime": "2025-08-10 10:57:30,499", "levelname": "INFO", "name": "AresTradingSystem.System.OptimizedDataDownloader", "message": "📁 Skipping existing: klines_BINANCE_ETHUSDT_1m_2025-07.csv", "correlation_id": "-", "session_id": "-", "timestamp": "2025-08-10T08:57:30.499024+00:00"}
{"asctime": "2025-08-10 10:57:30,499", "levelname": "INFO", "name": "AresTradingSystem.System.OptimizedDataDownloader", "message": "📁 Skipping existing: klines_BINANCE_ETHUSDT_1m_2025-08.csv", "correlation_id": "-", "session_id": "-", "timestamp": "2025-08-10T08:57:30.499078+00:00"}
{"asctime": "2025-08-10 10:57:30,499", "levelname": "INFO", "name": "AresTradingSystem.System.OptimizedDataDownloader", "message": "📊 Summary: 0 months to download, 25 months skipped", "correlation_id": "-", "session_id": "-", "timestamp": "2025-08-10T08:57:30.499124+00:00"}
{"asctime": "2025-08-10 10:57:30,499", "levelname": "INFO", "name": "AresTradingSystem.System.OptimizedDataDownloader", "message": "📁 No klines periods to download", "correlation_id": "-", "session_id": "-", "timestamp": "2025-08-10T08:57:30.499175+00:00"}
{"asctime": "2025-08-10 10:57:30,499", "levelname": "INFO", "name": "AresTradingSystem.System.OptimizedDataDownloader", "message": "📊 STEP 3B: Starting parallel aggtrades download...", "correlation_id": "-", "session_id": "-", "timestamp": "2025-08-10T08:57:30.499233+00:00"}
{"asctime": "2025-08-10 10:57:30,499", "levelname": "INFO", "name": "AresTradingSystem.System.OptimizedDataDownloader", "message": "📅 STEP 2: Calculating time periods for aggtrades...", "correlation_id": "-", "session_id": "-", "timestamp": "2025-08-10T08:57:30.499286+00:00"}
{"asctime": "2025-08-10 10:57:33,719", "levelname": "INFO", "name": "AresTradingSystem.System.OptimizedDataDownloader", "message": "📊 Date range: 2025-08-09 to 2025-08-10", "correlation_id": "-", "session_id": "-", "timestamp": "2025-08-10T08:57:33.719113+00:00"}
{"asctime": "2025-08-10 10:57:33,719", "levelname": "INFO", "name": "AresTradingSystem.System.OptimizedDataDownloader", "message": "📊 Total days: 0", "correlation_id": "-", "session_id": "-", "timestamp": "2025-08-10T08:57:33.719375+00:00"}
{"asctime": "2025-08-10 10:57:33,719", "levelname": "INFO", "name": "AresTradingSystem.System.OptimizedDataDownloader", "message": "📊 Processing aggtrades (daily periods)...", "correlation_id": "-", "session_id": "-", "timestamp": "2025-08-10T08:57:33.719451+00:00"}
{"asctime": "2025-08-10 10:57:36,446", "levelname": "INFO", "name": "AresTradingSystem.System.OptimizedDataDownloader", "message": "📁 No aggtrades periods to download", "correlation_id": "-", "session_id": "-", "timestamp": "2025-08-10T08:57:36.446792+00:00"}
{"asctime": "2025-08-10 10:57:36,447", "levelname": "INFO", "name": "AresTradingSystem.System.OptimizedDataDownloader", "message": "📈 STEP 3C: Starting parallel futures download...", "correlation_id": "-", "session_id": "-", "timestamp": "2025-08-10T08:57:36.447037+00:00"}
{"asctime": "2025-08-10 10:57:36,447", "levelname": "INFO", "name": "AresTradingSystem.System.OptimizedDataDownloader", "message": "📅 STEP 2: Calculating time periods for futures...", "correlation_id": "-", "session_id": "-", "timestamp": "2025-08-10T08:57:36.447109+00:00"}
{"asctime": "2025-08-10 10:57:36,447", "levelname": "INFO", "name": "AresTradingSystem.System.OptimizedDataDownloader", "message": "📊 Date range: 2023-08-11 to 2025-08-10", "correlation_id": "-", "session_id": "-", "timestamp": "2025-08-10T08:57:36.447187+00:00"}
{"asctime": "2025-08-10 10:57:36,447", "levelname": "INFO", "name": "AresTradingSystem.System.OptimizedDataDownloader", "message": "📊 Total days: 730", "correlation_id": "-", "session_id": "-", "timestamp": "2025-08-10T08:57:36.447244+00:00"}
{"asctime": "2025-08-10 10:57:36,447", "levelname": "INFO", "name": "AresTradingSystem.System.OptimizedDataDownloader", "message": "📈 Processing futures (monthly periods)...", "correlation_id": "-", "session_id": "-", "timestamp": "2025-08-10T08:57:36.447380+00:00"}
{"asctime": "2025-08-10 10:57:36,447", "levelname": "INFO", "name": "AresTradingSystem.System.OptimizedDataDownloader", "message": "📥 Will download: futures_BINANCE_ETHUSDT_2023-08.csv", "correlation_id": "-", "session_id": "-", "timestamp": "2025-08-10T08:57:36.447547+00:00"}
{"asctime": "2025-08-10 10:57:36,447", "levelname": "INFO", "name": "AresTradingSystem.System.OptimizedDataDownloader", "message": "📥 Will download: futures_BINANCE_ETHUSDT_2023-09.csv", "correlation_id": "-", "session_id": "-", "timestamp": "2025-08-10T08:57:36.447635+00:00"}
{"asctime": "2025-08-10 10:57:36,447", "levelname": "INFO", "name": "AresTradingSystem.System.OptimizedDataDownloader", "message": "📥 Will download: futures_BINANCE_ETHUSDT_2023-10.csv", "correlation_id": "-", "session_id": "-", "timestamp": "2025-08-10T08:57:36.447717+00:00"}
{"asctime": "2025-08-10 10:57:36,447", "levelname": "INFO", "name": "AresTradingSystem.System.OptimizedDataDownloader", "message": "📥 Will download: futures_BINANCE_ETHUSDT_2023-11.csv", "correlation_id": "-", "session_id": "-", "timestamp": "2025-08-10T08:57:36.447783+00:00"}
{"asctime": "2025-08-10 10:57:36,447", "levelname": "INFO", "name": "AresTradingSystem.System.OptimizedDataDownloader", "message": "📥 Will download: futures_BINANCE_ETHUSDT_2023-12.csv", "correlation_id": "-", "session_id": "-", "timestamp": "2025-08-10T08:57:36.447851+00:00"}
{"asctime": "2025-08-10 10:57:36,447", "levelname": "INFO", "name": "AresTradingSystem.System.OptimizedDataDownloader", "message": "📥 Will download: futures_BINANCE_ETHUSDT_2024-01.csv", "correlation_id": "-", "session_id": "-", "timestamp": "2025-08-10T08:57:36.447919+00:00"}
{"asctime": "2025-08-10 10:57:36,447", "levelname": "INFO", "name": "AresTradingSystem.System.OptimizedDataDownloader", "message": "📥 Will download: futures_BINANCE_ETHUSDT_2024-02.csv", "correlation_id": "-", "session_id": "-", "timestamp": "2025-08-10T08:57:36.447995+00:00"}
{"asctime": "2025-08-10 10:57:36,448", "levelname": "INFO", "name": "AresTradingSystem.System.OptimizedDataDownloader", "message": "📥 Will download: futures_BINANCE_ETHUSDT_2024-03.csv", "correlation_id": "-", "session_id": "-", "timestamp": "2025-08-10T08:57:36.448061+00:00"}
{"asctime": "2025-08-10 10:57:36,448", "levelname": "INFO", "name": "AresTradingSystem.System.OptimizedDataDownloader", "message": "📥 Will download: futures_BINANCE_ETHUSDT_2024-04.csv", "correlation_id": "-", "session_id": "-", "timestamp": "2025-08-10T08:57:36.448136+00:00"}
{"asctime": "2025-08-10 10:57:36,448", "levelname": "INFO", "name": "AresTradingSystem.System.OptimizedDataDownloader", "message": "📥 Will download: futures_BINANCE_ETHUSDT_2024-05.csv", "correlation_id": "-", "session_id": "-", "timestamp": "2025-08-10T08:57:36.448203+00:00"}
{"asctime": "2025-08-10 10:57:36,448", "levelname": "INFO", "name": "AresTradingSystem.System.OptimizedDataDownloader", "message": "📥 Will download: futures_BINANCE_ETHUSDT_2024-06.csv", "correlation_id": "-", "session_id": "-", "timestamp": "2025-08-10T08:57:36.448357+00:00"}
{"asctime": "2025-08-10 10:57:36,448", "levelname": "INFO", "name": "AresTradingSystem.System.OptimizedDataDownloader", "message": "📥 Will download: futures_BINANCE_ETHUSDT_2024-07.csv", "correlation_id": "-", "session_id": "-", "timestamp": "2025-08-10T08:57:36.448455+00:00"}
{"asctime": "2025-08-10 10:57:36,448", "levelname": "INFO", "name": "AresTradingSystem.System.OptimizedDataDownloader", "message": "📥 Will download: futures_BINANCE_ETHUSDT_2024-08.csv", "correlation_id": "-", "session_id": "-", "timestamp": "2025-08-10T08:57:36.448538+00:00"}
{"asctime": "2025-08-10 10:57:36,448", "levelname": "INFO", "name": "AresTradingSystem.System.OptimizedDataDownloader", "message": "📥 Will download: futures_BINANCE_ETHUSDT_2024-09.csv", "correlation_id": "-", "session_id": "-", "timestamp": "2025-08-10T08:57:36.448611+00:00"}
{"asctime": "2025-08-10 10:57:36,448", "levelname": "INFO", "name": "AresTradingSystem.System.OptimizedDataDownloader", "message": "📥 Will download: futures_BINANCE_ETHUSDT_2024-10.csv", "correlation_id": "-", "session_id": "-", "timestamp": "2025-08-10T08:57:36.448681+00:00"}
{"asctime": "2025-08-10 10:57:36,448", "levelname": "INFO", "name": "AresTradingSystem.System.OptimizedDataDownloader", "message": "📥 Will download: futures_BINANCE_ETHUSDT_2024-11.csv", "correlation_id": "-", "session_id": "-", "timestamp": "2025-08-10T08:57:36.448745+00:00"}
{"asctime": "2025-08-10 10:57:36,448", "levelname": "INFO", "name": "AresTradingSystem.System.OptimizedDataDownloader", "message": "📥 Will download: futures_BINANCE_ETHUSDT_2024-12.csv", "correlation_id": "-", "session_id": "-", "timestamp": "2025-08-10T08:57:36.448806+00:00"}
{"asctime": "2025-08-10 10:57:36,448", "levelname": "INFO", "name": "AresTradingSystem.System.OptimizedDataDownloader", "message": "📥 Will download: futures_BINANCE_ETHUSDT_2025-01.csv", "correlation_id": "-", "session_id": "-", "timestamp": "2025-08-10T08:57:36.448874+00:00"}
{"asctime": "2025-08-10 10:57:36,448", "levelname": "INFO", "name": "AresTradingSystem.System.OptimizedDataDownloader", "message": "📥 Will download: futures_BINANCE_ETHUSDT_2025-02.csv", "correlation_id": "-", "session_id": "-", "timestamp": "2025-08-10T08:57:36.448937+00:00"}
{"asctime": "2025-08-10 10:57:36,449", "levelname": "INFO", "name": "AresTradingSystem.System.OptimizedDataDownloader", "message": "📥 Will download: futures_BINANCE_ETHUSDT_2025-03.csv", "correlation_id": "-", "session_id": "-", "timestamp": "2025-08-10T08:57:36.449001+00:00"}
{"asctime": "2025-08-10 10:57:36,449", "levelname": "INFO", "name": "AresTradingSystem.System.OptimizedDataDownloader", "message": "📥 Will download: futures_BINANCE_ETHUSDT_2025-04.csv", "correlation_id": "-", "session_id": "-", "timestamp": "2025-08-10T08:57:36.449063+00:00"}
{"asctime": "2025-08-10 10:57:36,449", "levelname": "INFO", "name": "AresTradingSystem.System.OptimizedDataDownloader", "message": "📥 Will download: futures_BINANCE_ETHUSDT_2025-05.csv", "correlation_id": "-", "session_id": "-", "timestamp": "2025-08-10T08:57:36.449126+00:00"}
{"asctime": "2025-08-10 10:57:36,449", "levelname": "INFO", "name": "AresTradingSystem.System.OptimizedDataDownloader", "message": "📥 Will download: futures_BINANCE_ETHUSDT_2025-06.csv", "correlation_id": "-", "session_id": "-", "timestamp": "2025-08-10T08:57:36.449194+00:00"}
{"asctime": "2025-08-10 10:57:36,449", "levelname": "INFO", "name": "AresTradingSystem.System.OptimizedDataDownloader", "message": "📥 Will download: futures_BINANCE_ETHUSDT_2025-07.csv", "correlation_id": "-", "session_id": "-", "timestamp": "2025-08-10T08:57:36.449258+00:00"}
{"asctime": "2025-08-10 10:57:36,449", "levelname": "INFO", "name": "AresTradingSystem.System.OptimizedDataDownloader", "message": "📥 Will download: futures_BINANCE_ETHUSDT_2025-08.csv", "correlation_id": "-", "session_id": "-", "timestamp": "2025-08-10T08:57:36.449319+00:00"}
{"asctime": "2025-08-10 10:57:36,449", "levelname": "INFO", "name": "AresTradingSystem.System.OptimizedDataDownloader", "message": "📊 Summary: 25 months to download, 0 months skipped", "correlation_id": "-", "session_id": "-", "timestamp": "2025-08-10T08:57:36.449370+00:00"}
{"asctime": "2025-08-10 10:57:36,449", "levelname": "INFO", "name": "AresTradingSystem.System.OptimizedDataDownloader", "message": "📥 Downloading futures for 2023-08", "correlation_id": "-", "session_id": "-", "timestamp": "2025-08-10T08:57:36.449665+00:00"}
{"asctime": "2025-08-10 10:57:36,449", "levelname": "INFO", "name": "AresTradingSystem.System.OptimizedDataDownloader", "message": "⏰ Time range: 2023-08-01 00:00:00 to 2023-09-01 00:00:00", "correlation_id": "-", "session_id": "-", "timestamp": "2025-08-10T08:57:36.449749+00:00"}
{"asctime": "2025-08-10 10:57:36,449", "levelname": "INFO", "name": "AresTradingSystem.System.OptimizedDataDownloader", "message": "🔢 Timestamps: 1690840800000 to 1693519200000", "correlation_id": "-", "session_id": "-", "timestamp": "2025-08-10T08:57:36.449811+00:00"}
{"asctime": "2025-08-10 10:57:36,449", "levelname": "INFO", "name": "AresTradingSystem.System.OptimizedDataDownloader", "message": "🔌 Making API call to BINANCE", "correlation_id": "-", "session_id": "-", "timestamp": "2025-08-10T08:57:36.449864+00:00"}
{"asctime": "2025-08-10 10:57:36,449", "levelname": "INFO", "name": "AresTradingSystem.System.OptimizedDataDownloader", "message": "📥 Downloading futures for 2023-09", "correlation_id": "-", "session_id": "-", "timestamp": "2025-08-10T08:57:36.449952+00:00"}
{"asctime": "2025-08-10 10:57:36,450", "levelname": "INFO", "name": "AresTradingSystem.System.OptimizedDataDownloader", "message": "⏰ Time range: 2023-09-01 00:00:00 to 2023-10-01 00:00:00", "correlation_id": "-", "session_id": "-", "timestamp": "2025-08-10T08:57:36.450010+00:00"}
{"asctime": "2025-08-10 10:57:36,450", "levelname": "INFO", "name": "AresTradingSystem.System.OptimizedDataDownloader", "message": "🔢 Timestamps: 1693519200000 to 1696111200000", "correlation_id": "-", "session_id": "-", "timestamp": "2025-08-10T08:57:36.450063+00:00"}
{"asctime": "2025-08-10 10:57:36,450", "levelname": "INFO", "name": "AresTradingSystem.System.OptimizedDataDownloader", "message": "🔌 Making API call to BINANCE", "correlation_id": "-", "session_id": "-", "timestamp": "2025-08-10T08:57:36.450112+00:00"}
{"asctime": "2025-08-10 10:57:36,450", "levelname": "INFO", "name": "AresTradingSystem.System.OptimizedDataDownloader", "message": "📥 Downloading futures for 2023-10", "correlation_id": "-", "session_id": "-", "timestamp": "2025-08-10T08:57:36.450172+00:00"}
{"asctime": "2025-08-10 10:57:36,450", "levelname": "INFO", "name": "AresTradingSystem.System.OptimizedDataDownloader", "message": "⏰ Time range: 2023-10-01 00:00:00 to 2023-11-01 00:00:00", "correlation_id": "-", "session_id": "-", "timestamp": "2025-08-10T08:57:36.450227+00:00"}
{"asctime": "2025-08-10 10:57:36,450", "levelname": "INFO", "name": "AresTradingSystem.System.OptimizedDataDownloader", "message": "🔢 Timestamps: 1696111200000 to 1698793200000", "correlation_id": "-", "session_id": "-", "timestamp": "2025-08-10T08:57:36.450277+00:00"}
{"asctime": "2025-08-10 10:57:36,450", "levelname": "INFO", "name": "AresTradingSystem.System.OptimizedDataDownloader", "message": "🔌 Making API call to BINANCE", "correlation_id": "-", "session_id": "-", "timestamp": "2025-08-10T08:57:36.450330+00:00"}
{"asctime": "2025-08-10 10:57:36,450", "levelname": "INFO", "name": "AresTradingSystem.System.OptimizedDataDownloader", "message": "📥 Downloading futures for 2023-11", "correlation_id": "-", "session_id": "-", "timestamp": "2025-08-10T08:57:36.450395+00:00"}
{"asctime": "2025-08-10 10:57:36,450", "levelname": "INFO", "name": "AresTradingSystem.System.OptimizedDataDownloader", "message": "⏰ Time range: 2023-11-01 00:00:00 to 2023-12-01 00:00:00", "correlation_id": "-", "session_id": "-", "timestamp": "2025-08-10T08:57:36.450448+00:00"}
{"asctime": "2025-08-10 10:57:36,450", "levelname": "INFO", "name": "AresTradingSystem.System.OptimizedDataDownloader", "message": "🔢 Timestamps: 1698793200000 to 1701385200000", "correlation_id": "-", "session_id": "-", "timestamp": "2025-08-10T08:57:36.450495+00:00"}
{"asctime": "2025-08-10 10:57:36,450", "levelname": "INFO", "name": "AresTradingSystem.System.OptimizedDataDownloader", "message": "🔌 Making API call to BINANCE", "correlation_id": "-", "session_id": "-", "timestamp": "2025-08-10T08:57:36.450552+00:00"}
{"asctime": "2025-08-10 10:57:36,450", "levelname": "INFO", "name": "AresTradingSystem.System.OptimizedDataDownloader", "message": "📥 Downloading futures for 2023-12", "correlation_id": "-", "session_id": "-", "timestamp": "2025-08-10T08:57:36.450609+00:00"}
{"asctime": "2025-08-10 10:57:36,450", "levelname": "INFO", "name": "AresTradingSystem.System.OptimizedDataDownloader", "message": "⏰ Time range: 2023-12-01 00:00:00 to 2024-01-01 00:00:00", "correlation_id": "-", "session_id": "-", "timestamp": "2025-08-10T08:57:36.450743+00:00"}
{"asctime": "2025-08-10 10:57:36,450", "levelname": "INFO", "name": "AresTradingSystem.System.OptimizedDataDownloader", "message": "🔢 Timestamps: 1701385200000 to 1704063600000", "correlation_id": "-", "session_id": "-", "timestamp": "2025-08-10T08:57:36.450821+00:00"}
{"asctime": "2025-08-10 10:57:36,450", "levelname": "INFO", "name": "AresTradingSystem.System.OptimizedDataDownloader", "message": "🔌 Making API call to BINANCE", "correlation_id": "-", "session_id": "-", "timestamp": "2025-08-10T08:57:36.450886+00:00"}
{"asctime": "2025-08-10 10:58:00,297", "levelname": "INFO", "name": "AresTradingSystem.System.OptimizedDataDownloader", "message": "✅ Saved 44000 futures records to futures_BINANCE_ETHUSDT_2023-11.csv", "correlation_id": "-", "session_id": "-", "timestamp": "2025-08-10T08:58:00.297997+00:00"}
{"asctime": "2025-08-10 10:58:00,300", "levelname": "INFO", "name": "AresTradingSystem.System.OptimizedDataDownloader", "message": "📥 Downloading futures for 2024-01", "correlation_id": "-", "session_id": "-", "timestamp": "2025-08-10T08:58:00.300832+00:00"}
{"asctime": "2025-08-10 10:58:00,301", "levelname": "INFO", "name": "AresTradingSystem.System.OptimizedDataDownloader", "message": "⏰ Time range: 2024-01-01 00:00:00 to 2024-02-01 00:00:00", "correlation_id": "-", "session_id": "-", "timestamp": "2025-08-10T08:58:00.301004+00:00"}
{"asctime": "2025-08-10 10:58:00,301", "levelname": "INFO", "name": "AresTradingSystem.System.OptimizedDataDownloader", "message": "🔢 Timestamps: 1704063600000 to 1706742000000", "correlation_id": "-", "session_id": "-", "timestamp": "2025-08-10T08:58:00.301067+00:00"}
{"asctime": "2025-08-10 10:58:00,301", "levelname": "INFO", "name": "AresTradingSystem.System.OptimizedDataDownloader", "message": "🔌 Making API call to BINANCE", "correlation_id": "-", "session_id": "-", "timestamp": "2025-08-10T08:58:00.301125+00:00"}
{"asctime": "2025-08-10 10:58:00,524", "levelname": "INFO", "name": "AresTradingSystem.System.OptimizedDataDownloader", "message": "✅ Saved 45000 futures records to futures_BINANCE_ETHUSDT_2023-10.csv", "correlation_id": "-", "session_id": "-", "timestamp": "2025-08-10T08:58:00.524844+00:00"}
{"asctime": "2025-08-10 10:58:00,747", "levelname": "INFO", "name": "AresTradingSystem.System.OptimizedDataDownloader", "message": "✅ Saved 45000 futures records to futures_BINANCE_ETHUSDT_2023-08.csv", "correlation_id": "-", "session_id": "-", "timestamp": "2025-08-10T08:58:00.747537+00:00"}
{"asctime": "2025-08-10 10:58:00,750", "levelname": "INFO", "name": "AresTradingSystem.System.OptimizedDataDownloader", "message": "📥 Downloading futures for 2024-02", "correlation_id": "-", "session_id": "-", "timestamp": "2025-08-10T08:58:00.750309+00:00"}
{"asctime": "2025-08-10 10:58:00,750", "levelname": "INFO", "name": "AresTradingSystem.System.OptimizedDataDownloader", "message": "⏰ Time range: 2024-02-01 00:00:00 to 2024-03-01 00:00:00", "correlation_id": "-", "session_id": "-", "timestamp": "2025-08-10T08:58:00.750456+00:00"}
{"asctime": "2025-08-10 10:58:00,750", "levelname": "INFO", "name": "AresTradingSystem.System.OptimizedDataDownloader", "message": "🔢 Timestamps: 1706742000000 to 1709247600000", "correlation_id": "-", "session_id": "-", "timestamp": "2025-08-10T08:58:00.750522+00:00"}
{"asctime": "2025-08-10 10:58:00,750", "levelname": "INFO", "name": "AresTradingSystem.System.OptimizedDataDownloader", "message": "🔌 Making API call to BINANCE", "correlation_id": "-", "session_id": "-", "timestamp": "2025-08-10T08:58:00.750580+00:00"}
{"asctime": "2025-08-10 10:58:00,750", "levelname": "INFO", "name": "AresTradingSystem.System.OptimizedDataDownloader", "message": "📥 Downloading futures for 2024-03", "correlation_id": "-", "session_id": "-", "timestamp": "2025-08-10T08:58:00.750690+00:00"}
{"asctime": "2025-08-10 10:58:00,750", "levelname": "INFO", "name": "AresTradingSystem.System.OptimizedDataDownloader", "message": "⏰ Time range: 2024-03-01 00:00:00 to 2024-04-01 00:00:00", "correlation_id": "-", "session_id": "-", "timestamp": "2025-08-10T08:58:00.750751+00:00"}
{"asctime": "2025-08-10 10:58:00,750", "levelname": "INFO", "name": "AresTradingSystem.System.OptimizedDataDownloader", "message": "🔢 Timestamps: 1709247600000 to 1711922400000", "correlation_id": "-", "session_id": "-", "timestamp": "2025-08-10T08:58:00.750805+00:00"}
{"asctime": "2025-08-10 10:58:00,750", "levelname": "INFO", "name": "AresTradingSystem.System.OptimizedDataDownloader", "message": "🔌 Making API call to BINANCE", "correlation_id": "-", "session_id": "-", "timestamp": "2025-08-10T08:58:00.750856+00:00"}
{"asctime": "2025-08-10 10:58:01,083", "levelname": "INFO", "name": "AresTradingSystem.System.OptimizedDataDownloader", "message": "✅ Saved 44000 futures records to futures_BINANCE_ETHUSDT_2023-09.csv", "correlation_id": "-", "session_id": "-", "timestamp": "2025-08-10T08:58:01.083088+00:00"}
{"asctime": "2025-08-10 10:58:01,085", "levelname": "INFO", "name": "AresTradingSystem.System.OptimizedDataDownloader", "message": "📥 Downloading futures for 2024-04", "correlation_id": "-", "session_id": "-", "timestamp": "2025-08-10T08:58:01.085952+00:00"}
{"asctime": "2025-08-10 10:58:01,086", "levelname": "INFO", "name": "AresTradingSystem.System.OptimizedDataDownloader", "message": "⏰ Time range: 2024-04-01 00:00:00 to 2024-05-01 00:00:00", "correlation_id": "-", "session_id": "-", "timestamp": "2025-08-10T08:58:01.086096+00:00"}
{"asctime": "2025-08-10 10:58:01,086", "levelname": "INFO", "name": "AresTradingSystem.System.OptimizedDataDownloader", "message": "🔢 Timestamps: 1711922400000 to 1714514400000", "correlation_id": "-", "session_id": "-", "timestamp": "2025-08-10T08:58:01.086157+00:00"}
{"asctime": "2025-08-10 10:58:01,086", "levelname": "INFO", "name": "AresTradingSystem.System.OptimizedDataDownloader", "message": "🔌 Making API call to BINANCE", "correlation_id": "-", "session_id": "-", "timestamp": "2025-08-10T08:58:01.086212+00:00"}
{"asctime": "2025-08-10 10:58:06,652", "levelname": "INFO", "name": "AresTradingSystem.System.OptimizedDataDownloader", "message": "✅ Saved 45000 futures records to futures_BINANCE_ETHUSDT_2023-12.csv", "correlation_id": "-", "session_id": "-", "timestamp": "2025-08-10T08:58:06.652474+00:00"}
{"asctime": "2025-08-10 10:58:06,655", "levelname": "INFO", "name": "AresTradingSystem.System.OptimizedDataDownloader", "message": "📥 Downloading futures for 2024-05", "correlation_id": "-", "session_id": "-", "timestamp": "2025-08-10T08:58:06.655423+00:00"}
{"asctime": "2025-08-10 10:58:06,655", "levelname": "INFO", "name": "AresTradingSystem.System.OptimizedDataDownloader", "message": "⏰ Time range: 2024-05-01 00:00:00 to 2024-06-01 00:00:00", "correlation_id": "-", "session_id": "-", "timestamp": "2025-08-10T08:58:06.655582+00:00"}
{"asctime": "2025-08-10 10:58:06,655", "levelname": "INFO", "name": "AresTradingSystem.System.OptimizedDataDownloader", "message": "🔢 Timestamps: 1714514400000 to 1717192800000", "correlation_id": "-", "session_id": "-", "timestamp": "2025-08-10T08:58:06.655647+00:00"}
{"asctime": "2025-08-10 10:58:06,655", "levelname": "INFO", "name": "AresTradingSystem.System.OptimizedDataDownloader", "message": "🔌 Making API call to BINANCE", "correlation_id": "-", "session_id": "-", "timestamp": "2025-08-10T08:58:06.655704+00:00"}
{"asctime": "2025-08-10 10:58:21,382", "levelname": "INFO", "name": "AresTradingSystem.System.OptimizedDataDownloader", "message": "✅ Saved 42000 futures records to futures_BINANCE_ETHUSDT_2024-02.csv", "correlation_id": "-", "session_id": "-", "timestamp": "2025-08-10T08:58:21.382977+00:00"}
{"asctime": "2025-08-10 10:58:21,385", "levelname": "INFO", "name": "AresTradingSystem.System.OptimizedDataDownloader", "message": "📥 Downloading futures for 2024-06", "correlation_id": "-", "session_id": "-", "timestamp": "2025-08-10T08:58:21.385582+00:00"}
{"asctime": "2025-08-10 10:58:21,385", "levelname": "INFO", "name": "AresTradingSystem.System.OptimizedDataDownloader", "message": "⏰ Time range: 2024-06-01 00:00:00 to 2024-07-01 00:00:00", "correlation_id": "-", "session_id": "-", "timestamp": "2025-08-10T08:58:21.385726+00:00"}
{"asctime": "2025-08-10 10:58:21,385", "levelname": "INFO", "name": "AresTradingSystem.System.OptimizedDataDownloader", "message": "🔢 Timestamps: 1717192800000 to 1719784800000", "correlation_id": "-", "session_id": "-", "timestamp": "2025-08-10T08:58:21.385788+00:00"}
{"asctime": "2025-08-10 10:58:21,385", "levelname": "INFO", "name": "AresTradingSystem.System.OptimizedDataDownloader", "message": "🔌 Making API call to BINANCE", "correlation_id": "-", "session_id": "-", "timestamp": "2025-08-10T08:58:21.385920+00:00"}
{"asctime": "2025-08-10 10:58:23,784", "levelname": "INFO", "name": "AresTradingSystem.System.OptimizedDataDownloader", "message": "✅ Saved 44000 futures records to futures_BINANCE_ETHUSDT_2024-04.csv", "correlation_id": "-", "session_id": "-", "timestamp": "2025-08-10T08:58:23.784207+00:00"}
{"asctime": "2025-08-10 10:58:23,787", "levelname": "INFO", "name": "AresTradingSystem.System.OptimizedDataDownloader", "message": "📥 Downloading futures for 2024-07", "correlation_id": "-", "session_id": "-", "timestamp": "2025-08-10T08:58:23.787160+00:00"}
{"asctime": "2025-08-10 10:58:23,787", "levelname": "INFO", "name": "AresTradingSystem.System.OptimizedDataDownloader", "message": "⏰ Time range: 2024-07-01 00:00:00 to 2024-08-01 00:00:00", "correlation_id": "-", "session_id": "-", "timestamp": "2025-08-10T08:58:23.787325+00:00"}
{"asctime": "2025-08-10 10:58:23,787", "levelname": "INFO", "name": "AresTradingSystem.System.OptimizedDataDownloader", "message": "🔢 Timestamps: 1719784800000 to 1722463200000", "correlation_id": "-", "session_id": "-", "timestamp": "2025-08-10T08:58:23.787390+00:00"}
{"asctime": "2025-08-10 10:58:23,787", "levelname": "INFO", "name": "AresTradingSystem.System.OptimizedDataDownloader", "message": "🔌 Making API call to BINANCE", "correlation_id": "-", "session_id": "-", "timestamp": "2025-08-10T08:58:23.787448+00:00"}
{"asctime": "2025-08-10 10:58:24,030", "levelname": "INFO", "name": "AresTradingSystem.System.OptimizedDataDownloader", "message": "✅ Saved 45000 futures records to futures_BINANCE_ETHUSDT_2024-03.csv", "correlation_id": "-", "session_id": "-", "timestamp": "2025-08-10T08:58:24.030329+00:00"}
{"asctime": "2025-08-10 10:58:24,033", "levelname": "INFO", "name": "AresTradingSystem.System.OptimizedDataDownloader", "message": "📥 Downloading futures for 2024-08", "correlation_id": "-", "session_id": "-", "timestamp": "2025-08-10T08:58:24.033483+00:00"}
{"asctime": "2025-08-10 10:58:24,033", "levelname": "INFO", "name": "AresTradingSystem.System.OptimizedDataDownloader", "message": "⏰ Time range: 2024-08-01 00:00:00 to 2024-09-01 00:00:00", "correlation_id": "-", "session_id": "-", "timestamp": "2025-08-10T08:58:24.033625+00:00"}
{"asctime": "2025-08-10 10:58:24,033", "levelname": "INFO", "name": "AresTradingSystem.System.OptimizedDataDownloader", "message": "🔢 Timestamps: 1722463200000 to 1725141600000", "correlation_id": "-", "session_id": "-", "timestamp": "2025-08-10T08:58:24.033686+00:00"}
{"asctime": "2025-08-10 10:58:24,033", "levelname": "INFO", "name": "AresTradingSystem.System.OptimizedDataDownloader", "message": "🔌 Making API call to BINANCE", "correlation_id": "-", "session_id": "-", "timestamp": "2025-08-10T08:58:24.033739+00:00"}
{"asctime": "2025-08-10 10:58:27,153", "levelname": "INFO", "name": "AresTradingSystem.System.OptimizedDataDownloader", "message": "✅ Saved 45000 futures records to futures_BINANCE_ETHUSDT_2024-01.csv", "correlation_id": "-", "session_id": "-", "timestamp": "2025-08-10T08:58:27.153655+00:00"}
{"asctime": "2025-08-10 10:58:27,156", "levelname": "INFO", "name": "AresTradingSystem.System.OptimizedDataDownloader", "message": "📥 Downloading futures for 2024-09", "correlation_id": "-", "session_id": "-", "timestamp": "2025-08-10T08:58:27.156547+00:00"}
{"asctime": "2025-08-10 10:58:27,156", "levelname": "INFO", "name": "AresTradingSystem.System.OptimizedDataDownloader", "message": "⏰ Time range: 2024-09-01 00:00:00 to 2024-10-01 00:00:00", "correlation_id": "-", "session_id": "-", "timestamp": "2025-08-10T08:58:27.156722+00:00"}
{"asctime": "2025-08-10 10:58:27,156", "levelname": "INFO", "name": "AresTradingSystem.System.OptimizedDataDownloader", "message": "🔢 Timestamps: 1725141600000 to 1727733600000", "correlation_id": "-", "session_id": "-", "timestamp": "2025-08-10T08:58:27.156794+00:00"}
{"asctime": "2025-08-10 10:58:27,156", "levelname": "INFO", "name": "AresTradingSystem.System.OptimizedDataDownloader", "message": "🔌 Making API call to BINANCE", "correlation_id": "-", "session_id": "-", "timestamp": "2025-08-10T08:58:27.156852+00:00"}
{"asctime": "2025-08-10 10:58:30,596", "levelname": "INFO", "name": "AresTradingSystem.System.OptimizedDataDownloader", "message": "✅ Saved 45000 futures records to futures_BINANCE_ETHUSDT_2024-05.csv", "correlation_id": "-", "session_id": "-", "timestamp": "2025-08-10T08:58:30.596486+00:00"}
{"asctime": "2025-08-10 10:58:30,600", "levelname": "INFO", "name": "AresTradingSystem.System.OptimizedDataDownloader", "message": "📥 Downloading futures for 2024-10", "correlation_id": "-", "session_id": "-", "timestamp": "2025-08-10T08:58:30.600433+00:00"}
{"asctime": "2025-08-10 10:58:30,600", "levelname": "INFO", "name": "AresTradingSystem.System.OptimizedDataDownloader", "message": "⏰ Time range: 2024-10-01 00:00:00 to 2024-11-01 00:00:00", "correlation_id": "-", "session_id": "-", "timestamp": "2025-08-10T08:58:30.600600+00:00"}
{"asctime": "2025-08-10 10:58:30,600", "levelname": "INFO", "name": "AresTradingSystem.System.OptimizedDataDownloader", "message": "🔢 Timestamps: 1727733600000 to 1730415600000", "correlation_id": "-", "session_id": "-", "timestamp": "2025-08-10T08:58:30.600663+00:00"}
{"asctime": "2025-08-10 10:58:30,600", "levelname": "INFO", "name": "AresTradingSystem.System.OptimizedDataDownloader", "message": "🔌 Making API call to BINANCE", "correlation_id": "-", "session_id": "-", "timestamp": "2025-08-10T08:58:30.600721+00:00"}
{"asctime": "2025-08-10 10:58:47,622", "levelname": "INFO", "name": "AresTradingSystem.System.OptimizedDataDownloader", "message": "✅ Saved 44000 futures records to futures_BINANCE_ETHUSDT_2024-06.csv", "correlation_id": "-", "session_id": "-", "timestamp": "2025-08-10T08:58:47.622479+00:00"}
{"asctime": "2025-08-10 10:58:47,625", "levelname": "INFO", "name": "AresTradingSystem.System.OptimizedDataDownloader", "message": "📥 Downloading futures for 2024-11", "correlation_id": "-", "session_id": "-", "timestamp": "2025-08-10T08:58:47.625665+00:00"}
{"asctime": "2025-08-10 10:58:47,626", "levelname": "INFO", "name": "AresTradingSystem.System.OptimizedDataDownloader", "message": "⏰ Time range: 2024-11-01 00:00:00 to 2024-12-01 00:00:00", "correlation_id": "-", "session_id": "-", "timestamp": "2025-08-10T08:58:47.626042+00:00"}
{"asctime": "2025-08-10 10:58:47,626", "levelname": "INFO", "name": "AresTradingSystem.System.OptimizedDataDownloader", "message": "🔢 Timestamps: 1730415600000 to 1733007600000", "correlation_id": "-", "session_id": "-", "timestamp": "2025-08-10T08:58:47.626127+00:00"}
{"asctime": "2025-08-10 10:58:47,626", "levelname": "INFO", "name": "AresTradingSystem.System.OptimizedDataDownloader", "message": "🔌 Making API call to BINANCE", "correlation_id": "-", "session_id": "-", "timestamp": "2025-08-10T08:58:47.626218+00:00"}
{"asctime": "2025-08-10 10:58:49,480", "levelname": "INFO", "name": "AresTradingSystem.System.OptimizedDataDownloader", "message": "✅ Saved 45000 futures records to futures_BINANCE_ETHUSDT_2024-07.csv", "correlation_id": "-", "session_id": "-", "timestamp": "2025-08-10T08:58:49.480499+00:00"}
{"asctime": "2025-08-10 10:58:49,485", "levelname": "INFO", "name": "AresTradingSystem.System.OptimizedDataDownloader", "message": "📥 Downloading futures for 2024-12", "correlation_id": "-", "session_id": "-", "timestamp": "2025-08-10T08:58:49.485131+00:00"}
{"asctime": "2025-08-10 10:58:49,485", "levelname": "INFO", "name": "AresTradingSystem.System.OptimizedDataDownloader", "message": "⏰ Time range: 2024-12-01 00:00:00 to 2025-01-01 00:00:00", "correlation_id": "-", "session_id": "-", "timestamp": "2025-08-10T08:58:49.485303+00:00"}
{"asctime": "2025-08-10 10:58:49,485", "levelname": "INFO", "name": "AresTradingSystem.System.OptimizedDataDownloader", "message": "🔢 Timestamps: 1733007600000 to 1735686000000", "correlation_id": "-", "session_id": "-", "timestamp": "2025-08-10T08:58:49.485370+00:00"}
{"asctime": "2025-08-10 10:58:49,485", "levelname": "INFO", "name": "AresTradingSystem.System.OptimizedDataDownloader", "message": "🔌 Making API call to BINANCE", "correlation_id": "-", "session_id": "-", "timestamp": "2025-08-10T08:58:49.485430+00:00"}
{"asctime": "2025-08-10 10:58:51,365", "levelname": "INFO", "name": "AresTradingSystem.System.OptimizedDataDownloader", "message": "✅ Saved 45000 futures records to futures_BINANCE_ETHUSDT_2024-08.csv", "correlation_id": "-", "session_id": "-", "timestamp": "2025-08-10T08:58:51.365194+00:00"}
{"asctime": "2025-08-10 10:58:51,369", "levelname": "INFO", "name": "AresTradingSystem.System.OptimizedDataDownloader", "message": "📥 Downloading futures for 2025-01", "correlation_id": "-", "session_id": "-", "timestamp": "2025-08-10T08:58:51.369992+00:00"}
{"asctime": "2025-08-10 10:58:51,370", "levelname": "INFO", "name": "AresTradingSystem.System.OptimizedDataDownloader", "message": "⏰ Time range: 2025-01-01 00:00:00 to 2025-02-01 00:00:00", "correlation_id": "-", "session_id": "-", "timestamp": "2025-08-10T08:58:51.370195+00:00"}
{"asctime": "2025-08-10 10:58:51,370", "levelname": "INFO", "name": "AresTradingSystem.System.OptimizedDataDownloader", "message": "🔢 Timestamps: 1735686000000 to 1738364400000", "correlation_id": "-", "session_id": "-", "timestamp": "2025-08-10T08:58:51.370266+00:00"}
{"asctime": "2025-08-10 10:58:51,370", "levelname": "INFO", "name": "AresTradingSystem.System.OptimizedDataDownloader", "message": "🔌 Making API call to BINANCE", "correlation_id": "-", "session_id": "-", "timestamp": "2025-08-10T08:58:51.370327+00:00"}
{"asctime": "2025-08-10 10:58:52,544", "levelname": "INFO", "name": "AresTradingSystem.System.OptimizedDataDownloader", "message": "✅ Saved 44000 futures records to futures_BINANCE_ETHUSDT_2024-09.csv", "correlation_id": "-", "session_id": "-", "timestamp": "2025-08-10T08:58:52.544908+00:00"}
{"asctime": "2025-08-10 10:58:52,548", "levelname": "INFO", "name": "AresTradingSystem.System.OptimizedDataDownloader", "message": "📥 Downloading futures for 2025-02", "correlation_id": "-", "session_id": "-", "timestamp": "2025-08-10T08:58:52.548600+00:00"}
{"asctime": "2025-08-10 10:58:52,548", "levelname": "INFO", "name": "AresTradingSystem.System.OptimizedDataDownloader", "message": "⏰ Time range: 2025-02-01 00:00:00 to 2025-03-01 00:00:00", "correlation_id": "-", "session_id": "-", "timestamp": "2025-08-10T08:58:52.548842+00:00"}
{"asctime": "2025-08-10 10:58:52,548", "levelname": "INFO", "name": "AresTradingSystem.System.OptimizedDataDownloader", "message": "🔢 Timestamps: 1738364400000 to 1740783600000", "correlation_id": "-", "session_id": "-", "timestamp": "2025-08-10T08:58:52.548920+00:00"}
{"asctime": "2025-08-10 10:58:52,548", "levelname": "INFO", "name": "AresTradingSystem.System.OptimizedDataDownloader", "message": "🔌 Making API call to BINANCE", "correlation_id": "-", "session_id": "-", "timestamp": "2025-08-10T08:58:52.548982+00:00"}
{"asctime": "2025-08-10 10:58:57,880", "levelname": "INFO", "name": "AresTradingSystem.System.OptimizedDataDownloader", "message": "✅ Saved 45000 futures records to futures_BINANCE_ETHUSDT_2024-10.csv", "correlation_id": "-", "session_id": "-", "timestamp": "2025-08-10T08:58:57.880137+00:00"}
{"asctime": "2025-08-10 10:58:57,897", "levelname": "INFO", "name": "AresTradingSystem.System.OptimizedDataDownloader", "message": "📥 Downloading futures for 2025-03", "correlation_id": "-", "session_id": "-", "timestamp": "2025-08-10T08:58:57.897186+00:00"}
{"asctime": "2025-08-10 10:58:57,898", "levelname": "INFO", "name": "AresTradingSystem.System.OptimizedDataDownloader", "message": "⏰ Time range: 2025-03-01 00:00:00 to 2025-04-01 00:00:00", "correlation_id": "-", "session_id": "-", "timestamp": "2025-08-10T08:58:57.898631+00:00"}
{"asctime": "2025-08-10 10:58:57,899", "levelname": "INFO", "name": "AresTradingSystem.System.OptimizedDataDownloader", "message": "🔢 Timestamps: 1740783600000 to 1743458400000", "correlation_id": "-", "session_id": "-", "timestamp": "2025-08-10T08:58:57.899466+00:00"}
{"asctime": "2025-08-10 10:58:57,902", "levelname": "INFO", "name": "AresTradingSystem.System.OptimizedDataDownloader", "message": "🔌 Making API call to BINANCE", "correlation_id": "-", "session_id": "-", "timestamp": "2025-08-10T08:58:57.902121+00:00"}
{"asctime": "2025-08-10 10:59:09,659", "levelname": "INFO", "name": "AresTradingSystem.System.OptimizedDataDownloader", "message": "🧹 Cleaning up resources...", "correlation_id": "-", "session_id": "-", "timestamp": "2025-08-10T08:59:09.659432+00:00"}
{"asctime": "2025-08-10 10:59:09,915", "levelname": "INFO", "name": "AresTradingSystem.System.OptimizedDataDownloader", "message": "✅ CCXT exchange closed", "correlation_id": "-", "session_id": "-", "timestamp": "2025-08-10T08:59:09.915479+00:00"}
{"asctime": "2025-08-10 10:59:09,915", "levelname": "INFO", "name": "AresTradingSystem.System.OptimizedDataDownloader", "message": "✅ Cleanup completed", "correlation_id": "-", "session_id": "-", "timestamp": "2025-08-10T08:59:09.915706+00:00"}
