{"asctime": "2025-08-12 20:29:59,260", "levelname": "INFO", "name": "AresTradingSystem", "message": "âœ… Enhanced Logger initialization completed successfully", "correlation_id": "-", "session_id": "-", "timestamp": "2025-08-12T18:29:59.260379+00:00"}
{"asctime": "2025-08-12 20:29:59,267", "levelname": "INFO", "name": "AresTradingSystem.System", "message": "Environment configuration loaded successfully. Trading Environment: PAPER, Exchange: BINANCE", "correlation_id": "-", "session_id": "-", "timestamp": "2025-08-12T18:29:59.267512+00:00"}
{"asctime": "2025-08-12 20:29:59,639", "levelname": "INFO", "name": "AresTradingSystem.System.SignalHandler", "message": "Initializing Signal Handler...", "correlation_id": "-", "session_id": "-", "timestamp": "2025-08-12T18:29:59.639570+00:00"}
{"asctime": "2025-08-12 20:29:59,639", "levelname": "INFO", "name": "AresTradingSystem.System.SignalHandler", "message": "Signal configuration loaded successfully", "correlation_id": "-", "session_id": "-", "timestamp": "2025-08-12T18:29:59.639850+00:00"}
{"asctime": "2025-08-12 20:29:59,639", "levelname": "INFO", "name": "AresTradingSystem.System.SignalHandler", "message": "Configuration validation successful", "correlation_id": "-", "session_id": "-", "timestamp": "2025-08-12T18:29:59.639930+00:00"}
{"asctime": "2025-08-12 20:29:59,640", "levelname": "INFO", "name": "AresTradingSystem.System.SignalHandler", "message": "Registered SIGTERM handler", "correlation_id": "-", "session_id": "-", "timestamp": "2025-08-12T18:29:59.640014+00:00"}
{"asctime": "2025-08-12 20:29:59,640", "levelname": "INFO", "name": "AresTradingSystem.System.SignalHandler", "message": "Registered SIGINT handler", "correlation_id": "-", "session_id": "-", "timestamp": "2025-08-12T18:29:59.640087+00:00"}
{"asctime": "2025-08-12 20:29:59,640", "levelname": "INFO", "name": "AresTradingSystem.System.SignalHandler", "message": "Signal handlers registered successfully", "correlation_id": "-", "session_id": "-", "timestamp": "2025-08-12T18:29:59.640152+00:00"}
{"asctime": "2025-08-12 20:29:59,640", "levelname": "INFO", "name": "AresTradingSystem.System.SignalHandler", "message": "âœ… Signal Handler initialization completed successfully", "correlation_id": "-", "session_id": "-", "timestamp": "2025-08-12T18:29:59.640227+00:00"}
{"asctime": "2025-08-12 20:29:59,642", "levelname": "INFO", "name": "AresTradingSystem.System.SignalHandler", "message": "Shutdown callback registered", "correlation_id": "-", "session_id": "-", "timestamp": "2025-08-12T18:29:59.642352+00:00"}
{"asctime": "2025-08-12 20:30:02,882", "levelname": "INFO", "name": "AresTradingSystem.System", "message": "Initializing Market Regime Classification Step...", "correlation_id": "-", "session_id": "-", "timestamp": "2025-08-12T18:30:02.882727+00:00"}
{"asctime": "2025-08-12 20:30:02,882", "levelname": "INFO", "name": "AresTradingSystem.System", "message": "Market Regime Classification Step initialized successfully", "correlation_id": "-", "session_id": "-", "timestamp": "2025-08-12T18:30:02.882909+00:00"}
{"asctime": "2025-08-12 20:30:02,882", "levelname": "INFO", "name": "AresTradingSystem.System", "message": "ðŸ”„ Executing Market Regime Classification...", "correlation_id": "-", "session_id": "-", "timestamp": "2025-08-12T18:30:02.882976+00:00"}
{"asctime": "2025-08-12 20:30:02,883", "levelname": "INFO", "name": "AresTradingSystem.System", "message": "ðŸ”„ Loading data using unified data loader...", "correlation_id": "-", "session_id": "-", "timestamp": "2025-08-12T18:30:02.883042+00:00"}
{"asctime": "2025-08-12 20:30:37,206", "levelname": "INFO", "name": "AresTradingSystem.System", "message": "âœ… Loaded unified data: 254719 rows", "correlation_id": "-", "session_id": "-", "timestamp": "2025-08-12T18:30:37.206318+00:00"}
{"asctime": "2025-08-12 20:30:37,206", "levelname": "INFO", "name": "AresTradingSystem.System", "message": "   Date range: 2025-02-13T20:31:00 to 2025-08-09T17:49:00", "correlation_id": "-", "session_id": "-", "timestamp": "2025-08-12T18:30:37.206420+00:00"}
{"asctime": "2025-08-12 20:30:37,206", "levelname": "INFO", "name": "AresTradingSystem.System", "message": "   Has aggtrades data: True", "correlation_id": "-", "session_id": "-", "timestamp": "2025-08-12T18:30:37.206486+00:00"}
{"asctime": "2025-08-12 20:30:37,206", "levelname": "INFO", "name": "AresTradingSystem.System", "message": "   Has futures data: True", "correlation_id": "-", "session_id": "-", "timestamp": "2025-08-12T18:30:37.206560+00:00"}
{"asctime": "2025-08-12 20:30:37,206", "levelname": "INFO", "name": "AresTradingSystem.System", "message": "ðŸ”„ Resampling data to 1h timeframe for regime classification...", "correlation_id": "-", "session_id": "-", "timestamp": "2025-08-12T18:30:37.206618+00:00"}
{"asctime": "2025-08-12 20:30:37,246", "levelname": "INFO", "name": "AresTradingSystem.System", "message": "âœ… Resampled to 1h: 4246 records", "correlation_id": "-", "session_id": "-", "timestamp": "2025-08-12T18:30:37.246368+00:00"}
{"asctime": "2025-08-12 20:30:37,246", "levelname": "INFO", "name": "AresTradingSystem.System", "message": "Classifying market regimes (EMA/ADX) for ETHUSDT on BINANCE...", "correlation_id": "-", "session_id": "-", "timestamp": "2025-08-12T18:30:37.246554+00:00"}
{"asctime": "2025-08-12 20:30:37,252", "levelname": "INFO", "name": "AresTradingSystem.System", "message": "Regime classification (EMA/ADX) completed. Found 3 distinct regimes", "correlation_id": "-", "session_id": "-", "timestamp": "2025-08-12T18:30:37.252196+00:00"}
{"asctime": "2025-08-12 20:30:37,263", "levelname": "INFO", "name": "AresTradingSystem.System", "message": "âœ… Saved regime classification results to parquet: data/training/BINANCE_ETHUSDT_regime_classification.parquet", "correlation_id": "-", "session_id": "-", "timestamp": "2025-08-12T18:30:37.263685+00:00"}
{"asctime": "2025-08-12 20:30:37,263", "levelname": "INFO", "name": "AresTradingSystem.System", "message": "âœ… Market regime classification completed. Results saved to data/training/BINANCE_ETHUSDT_regime_classification.json", "correlation_id": "-", "session_id": "-", "timestamp": "2025-08-12T18:30:37.263819+00:00"}
{"asctime": "2025-08-12 20:30:37,377", "levelname": "INFO", "name": "AresTradingSystem.System", "message": "Initializing Regime Data Splitting Step...", "correlation_id": "-", "session_id": "-", "timestamp": "2025-08-12T18:30:37.377600+00:00"}
{"asctime": "2025-08-12 20:30:37,377", "levelname": "INFO", "name": "AresTradingSystem.System", "message": "Regime Data Splitting Step initialized successfully", "correlation_id": "-", "session_id": "-", "timestamp": "2025-08-12T18:30:37.377756+00:00"}
{"asctime": "2025-08-12 20:30:37,377", "levelname": "INFO", "name": "AresTradingSystem.System", "message": "ðŸ”„ Loading unified data for regime data splitting...", "correlation_id": "-", "session_id": "-", "timestamp": "2025-08-12T18:30:37.377868+00:00"}
{"asctime": "2025-08-12 20:31:11,632", "levelname": "INFO", "name": "AresTradingSystem.System", "message": "âœ… Loaded unified data: 254719 rows", "correlation_id": "-", "session_id": "-", "timestamp": "2025-08-12T18:31:11.632131+00:00"}
{"asctime": "2025-08-12 20:31:11,632", "levelname": "INFO", "name": "AresTradingSystem.System", "message": "   Date range: 0 to 254718", "correlation_id": "-", "session_id": "-", "timestamp": "2025-08-12T18:31:11.632221+00:00"}
{"asctime": "2025-08-12 20:31:11,632", "levelname": "INFO", "name": "AresTradingSystem.System", "message": "   Has aggtrades data: False", "correlation_id": "-", "session_id": "-", "timestamp": "2025-08-12T18:31:11.632322+00:00"}
{"asctime": "2025-08-12 20:31:11,632", "levelname": "INFO", "name": "AresTradingSystem.System", "message": "   Has futures data: False", "correlation_id": "-", "session_id": "-", "timestamp": "2025-08-12T18:31:11.632386+00:00"}
{"asctime": "2025-08-12 20:31:11,632", "levelname": "INFO", "name": "AresTradingSystem.System", "message": "ðŸ“ Loading regime classification results from: data/training/BINANCE_ETHUSDT_regime_classification.parquet", "correlation_id": "-", "session_id": "-", "timestamp": "2025-08-12T18:31:11.632440+00:00"}
{"asctime": "2025-08-12 20:31:11,632", "levelname": "INFO", "name": "AresTradingSystem.System", "message": "   Trying direct pandas read...", "correlation_id": "-", "session_id": "-", "timestamp": "2025-08-12T18:31:11.632500+00:00"}
{"asctime": "2025-08-12 20:31:11,634", "levelname": "INFO", "name": "AresTradingSystem.System", "message": "   âœ… Successfully loaded with direct pandas read: (4246, 3)", "correlation_id": "-", "session_id": "-", "timestamp": "2025-08-12T18:31:11.634626+00:00"}
{"asctime": "2025-08-12 20:31:11,634", "levelname": "INFO", "name": "AresTradingSystem.System", "message": "âœ… Loaded regime classification data: 4246 rows", "correlation_id": "-", "session_id": "-", "timestamp": "2025-08-12T18:31:11.634759+00:00"}
{"asctime": "2025-08-12 20:31:11,634", "levelname": "INFO", "name": "AresTradingSystem.System", "message": "   Regimes found: ['SIDEWAYS', 'BULL', 'BEAR']", "correlation_id": "-", "session_id": "-", "timestamp": "2025-08-12T18:31:11.634964+00:00"}
{"asctime": "2025-08-12 20:31:11,752", "levelname": "WARNING", "name": "AresTradingSystem.System", "message": "âš ï¸ âš ï¸ SIDEWAYS ratio 72.8% > 40%; rebalancing to cap at 40%", "correlation_id": "-", "session_id": "-", "timestamp": "2025-08-12T18:31:11.752017+00:00"}
{"asctime": "2025-08-12 20:31:11,875", "levelname": "INFO", "name": "AresTradingSystem.System", "message": "âœ… Applied soft rebalance to regime splits", "correlation_id": "-", "session_id": "-", "timestamp": "2025-08-12T18:31:11.875258+00:00"}
{"asctime": "2025-08-12 20:31:11,885", "levelname": "WARNING", "name": "AresTradingSystem.System", "message": "âš ï¸ âš ï¸ Applied hard cap: downsampled SIDEWAYS from 134596 to 101887 rows", "correlation_id": "-", "session_id": "-", "timestamp": "2025-08-12T18:31:11.885222+00:00"}
{"asctime": "2025-08-12 20:31:11,885", "levelname": "INFO", "name": "AresTradingSystem.System", "message": "âœ… Successfully split data by regimes: 3 regimes", "correlation_id": "-", "session_id": "-", "timestamp": "2025-08-12T18:31:11.885391+00:00"}
{"asctime": "2025-08-12 20:31:11,981", "levelname": "INFO", "name": "AresTradingSystem.System", "message": "âœ… Saved SIDEWAYS regime data: 101887 rows -> data/training/regime_data/SIDEWAYS.parquet", "correlation_id": "-", "session_id": "-", "timestamp": "2025-08-12T18:31:11.981384+00:00"}
{"asctime": "2025-08-12 20:31:12,029", "levelname": "INFO", "name": "AresTradingSystem.System", "message": "âœ… Saved BULL regime data: 52254 rows -> data/training/regime_data/BULL.parquet", "correlation_id": "-", "session_id": "-", "timestamp": "2025-08-12T18:31:12.029822+00:00"}
{"asctime": "2025-08-12 20:31:12,086", "levelname": "INFO", "name": "AresTradingSystem.System", "message": "âœ… Saved BEAR regime data: 67869 rows -> data/training/regime_data/BEAR.parquet", "correlation_id": "-", "session_id": "-", "timestamp": "2025-08-12T18:31:12.086919+00:00"}
{"asctime": "2025-08-12 20:31:12,323", "levelname": "INFO", "name": "AresTradingSystem.System", "message": "âœ… Created train/validation/test splits:", "correlation_id": "-", "session_id": "-", "timestamp": "2025-08-12T18:31:12.323780+00:00"}
{"asctime": "2025-08-12 20:31:12,323", "levelname": "INFO", "name": "AresTradingSystem.System", "message": "   Train: 155407 rows -> data/training/BINANCE_ETHUSDT_train_data.parquet", "correlation_id": "-", "session_id": "-", "timestamp": "2025-08-12T18:31:12.323970+00:00"}
{"asctime": "2025-08-12 20:31:12,324", "levelname": "INFO", "name": "AresTradingSystem.System", "message": "   Validation: 33301 rows -> data/training/BINANCE_ETHUSDT_validation_data.parquet", "correlation_id": "-", "session_id": "-", "timestamp": "2025-08-12T18:31:12.324039+00:00"}
{"asctime": "2025-08-12 20:31:12,324", "levelname": "INFO", "name": "AresTradingSystem.System", "message": "   Test: 33302 rows -> data/training/BINANCE_ETHUSDT_test_data.parquet", "correlation_id": "-", "session_id": "-", "timestamp": "2025-08-12T18:31:12.324109+00:00"}
{"asctime": "2025-08-12 20:31:12,327", "levelname": "INFO", "name": "AresTradingSystem.System", "message": "ðŸ“Š Regime Data Splitting Results:", "correlation_id": "-", "session_id": "-", "timestamp": "2025-08-12T18:31:12.327890+00:00"}
{"asctime": "2025-08-12 20:31:12,328", "levelname": "INFO", "name": "AresTradingSystem.System", "message": "   SIDEWAYS: 101887 rows (45.9%)", "correlation_id": "-", "session_id": "-", "timestamp": "2025-08-12T18:31:12.328043+00:00"}
{"asctime": "2025-08-12 20:31:12,328", "levelname": "INFO", "name": "AresTradingSystem.System", "message": "   BULL: 52254 rows (23.5%)", "correlation_id": "-", "session_id": "-", "timestamp": "2025-08-12T18:31:12.328110+00:00"}
{"asctime": "2025-08-12 20:31:12,328", "levelname": "INFO", "name": "AresTradingSystem.System", "message": "   BEAR: 67869 rows (30.6%)", "correlation_id": "-", "session_id": "-", "timestamp": "2025-08-12T18:31:12.328168+00:00"}
{"asctime": "2025-08-12 20:31:12,328", "levelname": "INFO", "name": "AresTradingSystem.System", "message": "âœ… Regime data splitting completed successfully", "correlation_id": "-", "session_id": "-", "timestamp": "2025-08-12T18:31:12.328230+00:00"}
