2025-08-06 23:06:05,299 - AresTradingSystem - INFO - ✅ Enhanced Logger initialization completed successfully
2025-08-06 23:08:41,784 - AresTradingSystem.System - INFO - Initializing Market Regime Classification Step...
2025-08-06 23:08:41,785 - AresTradingSystem.System - INFO - Market Regime Classification Step initialized successfully
2025-08-06 23:08:41,785 - AresTradingSystem.System - INFO - 🔄 Executing Market Regime Classification...
2025-08-06 23:08:41,785 - AresTradingSystem.System.UnifiedRegimeClassifier - INFO - Initializing UnifiedRegimeClassifier...
2025-08-06 23:08:41,785 - AresTradingSystem.System.UnifiedRegimeClassifier - INFO - 📄 No HMM model found at: checkpoints/analyst_models/unified_hmm_model_BINANCE_ETHUSDT_1h.joblib
2025-08-06 23:08:41,785 - AresTradingSystem.System.UnifiedRegimeClassifier - INFO - 📄 No ensemble model found at: checkpoints/analyst_models/unified_ensemble_model_BINANCE_ETHUSDT_1h.joblib
2025-08-06 23:08:41,785 - AresTradingSystem.System.UnifiedRegimeClassifier - INFO - 📄 No location model found at: checkpoints/analyst_models/unified_location_model_BINANCE_ETHUSDT_1h.joblib
2025-08-06 23:08:41,788 - AresTradingSystem.System.UnifiedRegimeClassifier - INFO - ✅ UnifiedRegimeClassifier initialized successfully
2025-08-06 23:08:41,790 - AresTradingSystem.System - INFO - Loaded historical data: 4 records
2025-08-06 23:08:41,790 - AresTradingSystem.System - INFO - Extracted klines data: 60381 rows
2025-08-06 23:08:41,790 - AresTradingSystem.System - INFO - Classifying market regimes for ETHUSDT on BINANCE...
2025-08-06 23:08:41,792 - AresTradingSystem.System - INFO - Converted timestamp index to column for regime classification
2025-08-06 23:08:41,792 - AresTradingSystem.System - INFO - Current data columns: ['timestamp', 'open', 'high', 'low', 'close', 'volume']
2025-08-06 23:08:41,794 - AresTradingSystem.System - INFO - 🎓 Training regime classification models...
2025-08-06 23:08:41,794 - AresTradingSystem.System.UnifiedRegimeClassifier - INFO - 🎓 Training Complete Regime Classification System...
2025-08-06 23:08:41,794 - AresTradingSystem.System.UnifiedRegimeClassifier - INFO - 🎓 Training HMM-based Market Regime Classifier...
2025-08-06 23:08:41,794 - AresTradingSystem.System.UnifiedRegimeClassifier - INFO - 🔧 Feature calculation input: 60381 rows, min required: 100
2025-08-06 23:08:41,794 - AresTradingSystem.System.UnifiedRegimeClassifier - INFO - 📋 Input columns: ['timestamp', 'open', 'high', 'low', 'close', 'volume']
2025-08-06 23:08:41,794 - AresTradingSystem.System.UnifiedRegimeClassifier - INFO - 📅 Input date range: 0 to 60380
2025-08-06 23:08:41,794 - AresTradingSystem.System.UnifiedRegimeClassifier - INFO - 🔧 Calculating features for 60381 periods...
2025-08-06 23:08:41,912 - AresTradingSystem.System.UnifiedRegimeClassifier - INFO - ✅ Calculated comprehensive features for 60356 periods (dropped 25 rows)
2025-08-06 23:08:43,428 - AresTradingSystem.System.UnifiedRegimeClassifier - INFO - State 0: BEAR (mean_return=-0.0004, mean_vol=0.0013, vol_regime=0.558)
2025-08-06 23:08:43,433 - AresTradingSystem.System.UnifiedRegimeClassifier - INFO - State 1: SIDEWAYS (mean_return=0.0000, mean_vol=0.0007, vol_regime=0.000)
2025-08-06 23:08:43,434 - AresTradingSystem.System.UnifiedRegimeClassifier - INFO - State 2: SIDEWAYS (mean_return=0.0000, mean_vol=0.0016, vol_regime=0.406)
2025-08-06 23:08:43,435 - AresTradingSystem.System.UnifiedRegimeClassifier - INFO - State 3: VOLATILE (mean_return=0.0014, mean_vol=0.0008, vol_regime=0.792)
2025-08-06 23:08:43,437 - AresTradingSystem.System.UnifiedRegimeClassifier - INFO - ✅ HMM-based regime classifier trained successfully
2025-08-06 23:08:43,440 - AresTradingSystem.System.UnifiedRegimeClassifier - INFO - 🎓 Training Basic Regime Ensemble...
2025-08-06 23:08:43,440 - AresTradingSystem.System.UnifiedRegimeClassifier - INFO - 🔧 Calculating features for 60381 periods...
2025-08-06 23:08:43,552 - AresTradingSystem.System.UnifiedRegimeClassifier - INFO - ✅ Calculated comprehensive features for 60356 periods (dropped 25 rows)
2025-08-06 23:08:45,240 - AresTradingSystem.System.UnifiedRegimeClassifier - INFO - ✅ Basic regime ensemble trained successfully
2025-08-06 23:08:45,245 - AresTradingSystem.System.UnifiedRegimeClassifier - INFO - 🎓 Training Location Classifier...
2025-08-06 23:08:45,245 - AresTradingSystem.System.UnifiedRegimeClassifier - INFO - 🔧 Calculating features for 60381 periods...
2025-08-06 23:08:45,360 - AresTradingSystem.System.UnifiedRegimeClassifier - INFO - ✅ Calculated comprehensive features for 60356 periods (dropped 25 rows)
2025-08-06 23:08:45,561 - AresTradingSystem.System.UnifiedRegimeClassifier - INFO - 📍 Calculated 10 support and 10 resistance levels
2025-08-06 23:08:48,634 - AresTradingSystem.System.UnifiedRegimeClassifier - INFO - ✅ Location classifier trained successfully
2025-08-06 23:08:48,673 - AresTradingSystem.System.UnifiedRegimeClassifier - INFO - ✅ Complete regime classification system trained successfully
2025-08-06 23:08:48,673 - AresTradingSystem.System - INFO - ✅ Regime classification models trained successfully
2025-08-06 23:08:48,673 - AresTradingSystem.System.UnifiedRegimeClassifier - INFO - Classifying market regimes using 1h timeframe...
2025-08-06 23:08:48,673 - AresTradingSystem.System.UnifiedRegimeClassifier - INFO - 📊 Input data shape: (60381, 6)
2025-08-06 23:08:48,674 - AresTradingSystem.System.UnifiedRegimeClassifier - INFO - 📋 Input data columns: ['timestamp', 'open', 'high', 'low', 'close', 'volume']
2025-08-06 23:08:48,674 - AresTradingSystem.System.UnifiedRegimeClassifier - INFO - 📅 Input data index type: <class 'pandas.core.indexes.range.RangeIndex'>
2025-08-06 23:08:48,676 - AresTradingSystem.System.UnifiedRegimeClassifier - INFO - 🔄 Converting timestamp column to datetime index
2025-08-06 23:08:48,686 - AresTradingSystem.System.UnifiedRegimeClassifier - INFO - 📅 Data index after conversion: 2025-06-22 23:09:00 to 2025-08-03 21:29:00
2025-08-06 23:08:48,686 - AresTradingSystem.System.UnifiedRegimeClassifier - INFO - 🔄 Resampling 60381 rows to 1h timeframe...
2025-08-06 23:08:48,699 - AresTradingSystem.System.UnifiedRegimeClassifier - INFO - 📊 After resampling: 1007 hourly rows
2025-08-06 23:08:48,699 - AresTradingSystem.System.UnifiedRegimeClassifier - INFO - 📅 Hourly data range: 2025-06-22 23:00:00 to 2025-08-03 21:00:00
2025-08-06 23:08:48,699 - AresTradingSystem.System.UnifiedRegimeClassifier - INFO - 🔄 Using rolling window size: 100 for 1007 hourly rows
2025-08-06 23:08:48,699 - AresTradingSystem.System.UnifiedRegimeClassifier - INFO - 🔍 Processing window 20/1007: 20 data points
2025-08-06 23:08:48,699 - AresTradingSystem.System.UnifiedRegimeClassifier - INFO - 🤖 UnifiedRegimeClassifier: Starting regime prediction
2025-08-06 23:08:48,699 - AresTradingSystem.System.UnifiedRegimeClassifier - INFO - 📊 Model Status:
2025-08-06 23:08:48,699 - AresTradingSystem.System.UnifiedRegimeClassifier - INFO -    - HMM model: ✅ Available
2025-08-06 23:08:48,699 - AresTradingSystem.System.UnifiedRegimeClassifier - INFO -    - Basic ensemble: ✅ Available
2025-08-06 23:08:48,700 - AresTradingSystem.System.UnifiedRegimeClassifier - INFO -    - Location classifier: ✅ Available
2025-08-06 23:08:48,700 - AresTradingSystem.System.UnifiedRegimeClassifier - INFO -    - Training status: ✅ Trained
2025-08-06 23:08:48,700 - AresTradingSystem.System.UnifiedRegimeClassifier - INFO - 🔧 Calculating features for 20 periods...
2025-08-06 23:08:48,707 - AresTradingSystem.System.UnifiedRegimeClassifier - INFO - ✅ Calculated comprehensive features for 9 periods (dropped 11 rows)
2025-08-06 23:08:48,709 - AresTradingSystem.System.UnifiedRegimeClassifier - ERROR - Error in regime classification: cannot unpack non-iterable NoneType object
2025-08-06 23:08:48,713 - AresTradingSystem.System - INFO - Regime classification completed. Found 1 distinct regimes
2025-08-06 23:08:48,728 - AresTradingSystem.System - INFO - ✅ Market regime classification completed. Results saved to data/training/BINANCE_ETHUSDT_regime_classification.json
2025-08-06 23:08:48,739 - AresTradingSystem.System - INFO - Initializing Regime Data Splitting Step...
2025-08-06 23:08:48,740 - AresTradingSystem.System - INFO - Regime Data Splitting Step initialized successfully
2025-08-06 23:08:48,740 - AresTradingSystem.System - INFO - 🔄 Executing Regime Data Splitting...
2025-08-06 23:08:48,745 - AresTradingSystem.System - INFO - Splitting data by regimes for ETHUSDT on BINANCE...
2025-08-06 23:08:49,894 - AresTradingSystem.System - INFO - Regime 'SIDEWAYS': 60381 records
2025-08-06 23:08:49,895 - AresTradingSystem.System - INFO - High-data regimes: ['SIDEWAYS']
2025-08-06 23:08:49,895 - AresTradingSystem.System - INFO - Low-data regimes: []
2025-08-06 23:08:49,895 - AresTradingSystem.System - INFO - Other regimes: []
2025-08-06 23:08:49,903 - AresTradingSystem.System - INFO - ✅ Regime data splitting completed. Results saved to data/training/regime_data
2025-08-06 23:08:55,210 - AresTradingSystem.System.AutoencoderConfig - ERROR - Error loading config: expected str, bytes or os.PathLike object, not dict, using default config.
2025-08-06 23:08:55,236 - AresTradingSystem.System.FeatureEngineeringOrchestrator - INFO - 🚀 FeatureEngineeringOrchestrator initialized successfully
2025-08-06 23:08:55,236 - AresTradingSystem.System.PrecomputedFeaturesManager - WARNING - InfluxDB not available - features will be stored locally only
2025-08-06 23:08:55,237 - AresTradingSystem.System.AnalystLabelingFeatureEngineeringStep - INFO - Initializing Analyst Labeling and Feature Engineering Step...
2025-08-06 23:08:55,237 - AresTradingSystem.System.PrecomputedFeaturesManager - INFO - 🚀 Initializing PrecomputedFeaturesManager...
2025-08-06 23:08:55,237 - AresTradingSystem.System.PrecomputedFeaturesManager - INFO - Feature metadata storage configured
2025-08-06 23:08:55,237 - AresTradingSystem.System.PrecomputedFeaturesManager - INFO - ✅ PrecomputedFeaturesManager initialized successfully
2025-08-06 23:08:55,237 - AresTradingSystem.System.EfficientFeaturesDatabase - INFO - 🚀 Initializing EfficientFeaturesDatabase...
2025-08-06 23:08:55,238 - AresTradingSystem.System.EfficientFeaturesDatabase - INFO - Found 0 existing precomputed features databases
2025-08-06 23:08:55,238 - AresTradingSystem.System.EfficientFeaturesDatabase - INFO - ✅ EfficientFeaturesDatabase initialized successfully
2025-08-06 23:08:55,238 - AresTradingSystem.System.MetaLabelingSystem - INFO - 🚀 Initializing meta-labeling system...
2025-08-06 23:08:55,238 - AresTradingSystem.System.MetaLabelingSystem - INFO - ✅ Meta-labeling system initialized successfully
2025-08-06 23:08:55,238 - AresTradingSystem.System.UnifiedRegimeClassifier - INFO - Initializing UnifiedRegimeClassifier...
2025-08-06 23:08:55,238 - AresTradingSystem.System.UnifiedRegimeClassifier - INFO - 📄 No HMM model found at: checkpoints/analyst_models/unified_hmm_model_UNKNOWN_UNKNOWN_1h.joblib
2025-08-06 23:08:55,238 - AresTradingSystem.System.UnifiedRegimeClassifier - INFO - 📄 No ensemble model found at: checkpoints/analyst_models/unified_ensemble_model_UNKNOWN_UNKNOWN_1h.joblib
2025-08-06 23:08:55,239 - AresTradingSystem.System.UnifiedRegimeClassifier - INFO - 📄 No location model found at: checkpoints/analyst_models/unified_location_model_UNKNOWN_UNKNOWN_1h.joblib
2025-08-06 23:08:55,239 - AresTradingSystem.System.UnifiedRegimeClassifier - INFO - ✅ UnifiedRegimeClassifier initialized successfully
2025-08-06 23:08:55,239 - AresTradingSystem.System.AnalystLabelingFeatureEngineeringStep - INFO - Analyst Labeling and Feature Engineering Step initialized successfully
2025-08-06 23:08:55,239 - AresTradingSystem.System.AnalystLabelingFeatureEngineeringStep - INFO - 🔄 Executing Analyst Labeling and Feature Engineering with Incremental Processing...
2025-08-06 23:08:55,242 - AresTradingSystem.System.AnalystLabelingFeatureEngineeringStep - ERROR - ❌ Error in Analyst Labeling and Feature Engineering: Data must be 1-dimensional, got ndarray of shape (60381, 5) instead
