{"asctime": "2025-08-11 13:52:01,383", "levelname": "INFO", "name": "AresTradingSystem", "message": "âœ… Enhanced Logger initialization completed successfully", "correlation_id": "-", "session_id": "-", "timestamp": "2025-08-11T11:52:01.383843+00:00"}
{"asctime": "2025-08-11 13:52:01,488", "levelname": "INFO", "name": "AresTradingSystem.System", "message": "Initializing Market Regime Classification Step...", "correlation_id": "-", "session_id": "-", "timestamp": "2025-08-11T11:52:01.488188+00:00"}
{"asctime": "2025-08-11 13:52:01,489", "levelname": "INFO", "name": "AresTradingSystem.System", "message": "Market Regime Classification Step initialized successfully", "correlation_id": "-", "session_id": "-", "timestamp": "2025-08-11T11:52:01.489101+00:00"}
{"asctime": "2025-08-11 13:52:01,489", "levelname": "INFO", "name": "AresTradingSystem.System", "message": "ðŸ”„ Executing Market Regime Classification...", "correlation_id": "-", "session_id": "-", "timestamp": "2025-08-11T11:52:01.489486+00:00"}
{"asctime": "2025-08-11 13:52:01,489", "levelname": "INFO", "name": "AresTradingSystem.System", "message": "Applied NumPy RNG unpickle compatibility shim (URC)", "correlation_id": "-", "session_id": "-", "timestamp": "2025-08-11T11:52:01.489659+00:00"}
{"asctime": "2025-08-11 13:52:01,489", "levelname": "INFO", "name": "AresTradingSystem.System.UnifiedRegimeClassifier", "message": "", "correlation_id": "-", "session_id": "-", "msg": "UnifiedRegimeClassifier configuration", "n_states_configured": 4, "n_states_enforced_min": 4, "min_data_points_default": 1000, "thresholds": {"adx_sideways_threshold": 18, "volatility_threshold": 0.025, "atr_normalized_threshold": 0.035, "volatility_percentile_threshold": 0.8, "bb_width_volatility_threshold": 0.045}, "timestamp": "2025-08-11T11:52:01.489787+00:00"}
{"asctime": "2025-08-11 13:52:01,490", "levelname": "INFO", "name": "AresTradingSystem.System.UnifiedRegimeClassifier", "message": "ðŸ”§ BLANK MODE DETECTED: Using reduced minimum data points (50)", "correlation_id": "-", "session_id": "-", "timestamp": "2025-08-11T11:52:01.490136+00:00"}
{"asctime": "2025-08-11 13:52:01,490", "levelname": "INFO", "name": "AresTradingSystem.System.UnifiedRegimeClassifier", "message": "Initializing UnifiedRegimeClassifier for BINANCE_ETHUSDT", "correlation_id": "-", "session_id": "-", "timestamp": "2025-08-11T11:52:01.490489+00:00"}
{"asctime": "2025-08-11 13:52:01,490", "levelname": "INFO", "name": "AresTradingSystem.System.UnifiedRegimeClassifier", "message": "", "correlation_id": "-", "session_id": "-", "msg": "UnifiedRegimeClassifier model directories", "model_dir": "/Users/remyroche/Documents/Ares/checkpoints/analyst_models", "hmm_model_path": "/Users/remyroche/Documents/Ares/checkpoints/analyst_models/unified_hmm_model_BINANCE_ETHUSDT_1h.joblib", "ensemble_model_path": "/Users/remyroche/Documents/Ares/checkpoints/analyst_models/unified_ensemble_model_BINANCE_ETHUSDT_1h.joblib", "location_model_path": "/Users/remyroche/Documents/Ares/checkpoints/analyst_models/unified_location_model_BINANCE_ETHUSDT_1h.joblib", "hierarchical_model_dir": "/Users/remyroche/Documents/Ares/checkpoints/analyst_models/BINANCE/ETHUSDT/1h", "timestamp": "2025-08-11T11:52:01.490818+00:00"}
{"asctime": "2025-08-11 13:52:01,492", "levelname": "INFO", "name": "AresTradingSystem.System.UnifiedRegimeClassifier", "message": "âœ… Loaded HMM model from /Users/remyroche/Documents/Ares/checkpoints/analyst_models/unified_hmm_model_BINANCE_ETHUSDT_1h.joblib", "correlation_id": "-", "session_id": "-", "timestamp": "2025-08-11T11:52:01.492350+00:00"}
{"asctime": "2025-08-11 13:52:01,499", "levelname": "INFO", "name": "AresTradingSystem.System.UnifiedRegimeClassifier", "message": "âœ… Loaded basic ensemble from /Users/remyroche/Documents/Ares/checkpoints/analyst_models/unified_ensemble_model_BINANCE_ETHUSDT_1h.joblib", "correlation_id": "-", "session_id": "-", "timestamp": "2025-08-11T11:52:01.499487+00:00"}
{"asctime": "2025-08-11 13:52:01,500", "levelname": "INFO", "name": "AresTradingSystem.System.UnifiedRegimeClassifier", "message": "âœ… Loaded existing models successfully", "correlation_id": "-", "session_id": "-", "timestamp": "2025-08-11T11:52:01.500392+00:00"}
{"asctime": "2025-08-11 13:52:01,500", "levelname": "INFO", "name": "AresTradingSystem.System.UnifiedRegimeClassifier", "message": "âœ… UnifiedRegimeClassifier initialized successfully", "correlation_id": "-", "session_id": "-", "timestamp": "2025-08-11T11:52:01.500746+00:00"}
{"asctime": "2025-08-11 13:52:01,500", "levelname": "INFO", "name": "AresTradingSystem.System", "message": "ðŸ”„ Loading data using unified data loader...", "correlation_id": "-", "session_id": "-", "timestamp": "2025-08-11T11:52:01.500960+00:00"}
{"asctime": "2025-08-11 13:52:01,501", "levelname": "INFO", "name": "AresTradingSystem.System.UnifiedDataLoader", "message": "ðŸ”„ Loading unified data for ETHUSDT on BINANCE", "correlation_id": "-", "session_id": "-", "timestamp": "2025-08-11T11:52:01.501308+00:00"}
{"asctime": "2025-08-11 13:52:01,501", "levelname": "INFO", "name": "AresTradingSystem.System.UnifiedDataLoader", "message": "   Timeframe: 1m", "correlation_id": "-", "session_id": "-", "timestamp": "2025-08-11T11:52:01.501468+00:00"}
{"asctime": "2025-08-11 13:52:01,501", "levelname": "INFO", "name": "AresTradingSystem.System.UnifiedDataLoader", "message": "   Date range: 2025-07-12 to 2025-08-11", "correlation_id": "-", "session_id": "-", "timestamp": "2025-08-11T11:52:01.501628+00:00"}
{"asctime": "2025-08-11 13:52:01,502", "levelname": "INFO", "name": "AresTradingSystem.System.UnifiedDataLoader", "message": "   Streaming: True", "correlation_id": "-", "session_id": "-", "timestamp": "2025-08-11T11:52:01.502030+00:00"}
{"asctime": "2025-08-11 13:52:01,502", "levelname": "INFO", "name": "AresTradingSystem.System.UnifiedDataLoader", "message": "   âš ï¸ Streaming disabled to avoid segmentation faults", "correlation_id": "-", "session_id": "-", "timestamp": "2025-08-11T11:52:01.502239+00:00"}
{"asctime": "2025-08-11 13:52:01,502", "levelname": "INFO", "name": "AresTradingSystem.System.UnifiedDataLoader", "message": "   ðŸ“ Found unified data cache, using optimized pyarrow loading", "correlation_id": "-", "session_id": "-", "timestamp": "2025-08-11T11:52:01.502513+00:00"}
{"asctime": "2025-08-11 13:52:01,502", "levelname": "INFO", "name": "AresTradingSystem.System.UnifiedDataLoader", "message": "ðŸ”§ Using optimized pyarrow loading...", "correlation_id": "-", "session_id": "-", "timestamp": "2025-08-11T11:52:01.502755+00:00"}
{"asctime": "2025-08-11 13:52:01,503", "levelname": "INFO", "name": "AresTradingSystem.System.UnifiedDataLoader", "message": "   âš ï¸ PyArrow disabled to avoid segmentation faults", "correlation_id": "-", "session_id": "-", "timestamp": "2025-08-11T11:52:01.503786+00:00"}
{"asctime": "2025-08-11 13:52:01,504", "levelname": "INFO", "name": "AresTradingSystem.System.UnifiedDataLoader", "message": "ðŸ”§ Using memory-efficient streaming loading for 180 days...", "correlation_id": "-", "session_id": "-", "timestamp": "2025-08-11T11:52:01.504129+00:00"}
{"asctime": "2025-08-11 13:52:01,507", "levelname": "INFO", "name": "AresTradingSystem.System.UnifiedDataLoader", "message": "ðŸ“ Found 29 partition files", "correlation_id": "-", "session_id": "-", "timestamp": "2025-08-11T11:52:01.507887+00:00"}
{"asctime": "2025-08-11 13:52:01,614", "levelname": "INFO", "name": "AresTradingSystem.System.UnifiedDataLoader", "message": "   ðŸ“„ Processing file 1/29: part-0.parquet", "correlation_id": "-", "session_id": "-", "timestamp": "2025-08-11T11:52:01.614528+00:00"}
{"asctime": "2025-08-11 13:52:01,721", "levelname": "INFO", "name": "AresTradingSystem.System.UnifiedDataLoader", "message": "   âœ… Loaded file 1: (1440, 19)", "correlation_id": "-", "session_id": "-", "timestamp": "2025-08-11T11:52:01.721052+00:00"}
{"asctime": "2025-08-11 13:52:01,724", "levelname": "INFO", "name": "AresTradingSystem.System.UnifiedDataLoader", "message": "   ðŸ” After date filtering: (607, 19)", "correlation_id": "-", "session_id": "-", "timestamp": "2025-08-11T11:52:01.724920+00:00"}
{"asctime": "2025-08-11 13:52:01,731", "levelname": "INFO", "name": "AresTradingSystem.System.UnifiedDataLoader", "message": "   ðŸ“Š Total rows so far: 607", "correlation_id": "-", "session_id": "-", "timestamp": "2025-08-11T11:52:01.731454+00:00"}
{"asctime": "2025-08-11 13:52:03,264", "levelname": "INFO", "name": "AresTradingSystem.System.UnifiedDataLoader", "message": "   ðŸ“„ Processing file 10/29: part-0.parquet", "correlation_id": "-", "session_id": "-", "timestamp": "2025-08-11T11:52:03.264262+00:00"}
{"asctime": "2025-08-11 13:52:03,267", "levelname": "INFO", "name": "AresTradingSystem.System.UnifiedDataLoader", "message": "   âœ… Loaded file 10: (1440, 19)", "correlation_id": "-", "session_id": "-", "timestamp": "2025-08-11T11:52:03.268007+00:00"}
{"asctime": "2025-08-11 13:52:03,269", "levelname": "INFO", "name": "AresTradingSystem.System.UnifiedDataLoader", "message": "   ðŸ” After date filtering: (1440, 19)", "correlation_id": "-", "session_id": "-", "timestamp": "2025-08-11T11:52:03.269309+00:00"}
{"asctime": "2025-08-11 13:52:03,275", "levelname": "INFO", "name": "AresTradingSystem.System.UnifiedDataLoader", "message": "   ðŸ“Š Total rows so far: 13567", "correlation_id": "-", "session_id": "-", "timestamp": "2025-08-11T11:52:03.275175+00:00"}
{"asctime": "2025-08-11 13:52:06,840", "levelname": "INFO", "name": "AresTradingSystem.System.UnifiedDataLoader", "message": "   ðŸ“„ Processing file 20/29: part-0.parquet", "correlation_id": "-", "session_id": "-", "timestamp": "2025-08-11T11:52:06.841019+00:00"}
{"asctime": "2025-08-11 13:52:06,847", "levelname": "INFO", "name": "AresTradingSystem.System.UnifiedDataLoader", "message": "   âœ… Loaded file 20: (1440, 19)", "correlation_id": "-", "session_id": "-", "timestamp": "2025-08-11T11:52:06.847667+00:00"}
{"asctime": "2025-08-11 13:52:06,850", "levelname": "INFO", "name": "AresTradingSystem.System.UnifiedDataLoader", "message": "   ðŸ” After date filtering: (1440, 19)", "correlation_id": "-", "session_id": "-", "timestamp": "2025-08-11T11:52:06.850205+00:00"}
{"asctime": "2025-08-11 13:52:06,863", "levelname": "INFO", "name": "AresTradingSystem.System.UnifiedDataLoader", "message": "   ðŸ“Š Total rows so far: 27967", "correlation_id": "-", "session_id": "-", "timestamp": "2025-08-11T11:52:06.863396+00:00"}
{"asctime": "2025-08-11 13:52:08,553", "levelname": "INFO", "name": "AresTradingSystem.System.UnifiedDataLoader", "message": "ðŸ”„ Converting 40557 records to DataFrame...", "correlation_id": "-", "session_id": "-", "timestamp": "2025-08-11T11:52:08.553717+00:00"}
{"asctime": "2025-08-11 13:52:08,735", "levelname": "INFO", "name": "AresTradingSystem.System.UnifiedDataLoader", "message": "âœ… Memory-efficient loading completed: (40557, 19)", "correlation_id": "-", "session_id": "-", "timestamp": "2025-08-11T11:52:08.735538+00:00"}
{"asctime": "2025-08-11 13:52:08,736", "levelname": "INFO", "name": "AresTradingSystem.System", "message": "âœ… Loaded unified data: 40557 rows", "correlation_id": "-", "session_id": "-", "timestamp": "2025-08-11T11:52:08.736524+00:00"}
{"asctime": "2025-08-11 13:52:08,736", "levelname": "INFO", "name": "AresTradingSystem.System", "message": "   Date range: 2025-07-12T13:53:00 to 2025-08-09T17:49:00", "correlation_id": "-", "session_id": "-", "timestamp": "2025-08-11T11:52:08.736716+00:00"}
{"asctime": "2025-08-11 13:52:08,736", "levelname": "INFO", "name": "AresTradingSystem.System", "message": "   Has aggtrades data: True", "correlation_id": "-", "session_id": "-", "timestamp": "2025-08-11T11:52:08.736800+00:00"}
{"asctime": "2025-08-11 13:52:08,736", "levelname": "INFO", "name": "AresTradingSystem.System", "message": "   Has futures data: True", "correlation_id": "-", "session_id": "-", "timestamp": "2025-08-11T11:52:08.736872+00:00"}
{"asctime": "2025-08-11 13:52:08,736", "levelname": "INFO", "name": "AresTradingSystem.System", "message": "ðŸ”„ Resampling data to 1h timeframe for regime classification...", "correlation_id": "-", "session_id": "-", "timestamp": "2025-08-11T11:52:08.736945+00:00"}
{"asctime": "2025-08-11 13:52:08,747", "levelname": "INFO", "name": "AresTradingSystem.System", "message": "âœ… Resampled to 1h: 677 records", "correlation_id": "-", "session_id": "-", "timestamp": "2025-08-11T11:52:08.747154+00:00"}
{"asctime": "2025-08-11 13:52:08,747", "levelname": "INFO", "name": "AresTradingSystem.System", "message": "Classifying market regimes for ETHUSDT on BINANCE...", "correlation_id": "-", "session_id": "-", "timestamp": "2025-08-11T11:52:08.747373+00:00"}
{"asctime": "2025-08-11 13:52:08,747", "levelname": "INFO", "name": "AresTradingSystem.System.UnifiedRegimeClassifier", "message": "ðŸ”§ Calculating features for 677 periods...", "correlation_id": "-", "session_id": "-", "timestamp": "2025-08-11T11:52:08.747667+00:00"}
{"asctime": "2025-08-11 13:52:08,759", "levelname": "INFO", "name": "AresTradingSystem.System.UnifiedRegimeClassifier", "message": "âœ… Calculated comprehensive features for 677 periods (dropped 0 rows due to NaN)", "correlation_id": "-", "session_id": "-", "timestamp": "2025-08-11T11:52:08.759147+00:00"}
{"asctime": "2025-08-11 13:52:08,759", "levelname": "INFO", "name": "AresTradingSystem.System.UnifiedRegimeClassifier", "message": "ðŸ” Using trained basic ensemble for regime classification", "correlation_id": "-", "session_id": "-", "timestamp": "2025-08-11T11:52:08.759663+00:00"}
{"asctime": "2025-08-11 13:52:08,783", "levelname": "INFO", "name": "AresTradingSystem.System.UnifiedRegimeClassifier", "message": "", "correlation_id": "-", "session_id": "-", "msg": "Ensemble regime prediction summary", "unique_regimes": ["BEAR", "BULL", "SIDEWAYS"], "counts": {"BEAR": 400, "BULL": 15, "SIDEWAYS": 262}, "expected_min": 4, "total_records": 677, "thresholds": {"adx_sideways_threshold": 18, "volatility_threshold": 0.025, "atr_normalized_threshold": 0.035, "volatility_percentile_threshold": 0.8}, "timestamp": "2025-08-11T11:52:08.783186+00:00"}
{"asctime": "2025-08-11 13:52:08,783", "levelname": "WARNING", "name": "AresTradingSystem.System.UnifiedRegimeClassifier", "message": "\u001b[93m\u001b[1mâš ï¸\u001b[0m \u001b[93m\u001b[1mFewer regimes predicted (3) than expected (4). Consider increasing min_data_points or enhancing volatility features.\u001b[0m", "correlation_id": "-", "session_id": "-", "timestamp": "2025-08-11T11:52:08.783531+00:00"}
{"asctime": "2025-08-11 13:52:08,783", "levelname": "INFO", "name": "AresTradingSystem.System.UnifiedRegimeClassifier", "message": "Classifying location with tactical pivots and strategic volume levels...", "correlation_id": "-", "session_id": "-", "timestamp": "2025-08-11T11:52:08.783617+00:00"}
{"asctime": "2025-08-11 13:52:08,783", "levelname": "WARNING", "name": "AresTradingSystem.System.UnifiedRegimeClassifier", "message": "Insufficient data for location classification. Need at least 720 rows, but only have 677. Returning all OPEN_RANGE labels.", "correlation_id": "-", "session_id": "-", "timestamp": "2025-08-11T11:52:08.783702+00:00"}
{"asctime": "2025-08-11 13:52:08,784", "levelname": "INFO", "name": "AresTradingSystem.System.UnifiedRegimeClassifier", "message": "ðŸ“Š Regime distribution: {'BEAR': 400, 'SIDEWAYS': 262, 'BULL': 15}", "correlation_id": "-", "session_id": "-", "timestamp": "2025-08-11T11:52:08.784335+00:00"}
{"asctime": "2025-08-11 13:52:08,784", "levelname": "INFO", "name": "AresTradingSystem.System", "message": "Regime classification completed. Found 3 distinct regimes", "correlation_id": "-", "session_id": "-", "timestamp": "2025-08-11T11:52:08.784825+00:00"}
{"asctime": "2025-08-11 13:52:08,792", "levelname": "INFO", "name": "AresTradingSystem.System", "message": "âœ… Saved regime classification results to parquet: data/training/BINANCE_ETHUSDT_regime_classification.parquet", "correlation_id": "-", "session_id": "-", "timestamp": "2025-08-11T11:52:08.792576+00:00"}
{"asctime": "2025-08-11 13:52:08,792", "levelname": "INFO", "name": "AresTradingSystem.System", "message": "âœ… Market regime classification completed. Results saved to data/training/BINANCE_ETHUSDT_regime_classification.json", "correlation_id": "-", "session_id": "-", "timestamp": "2025-08-11T11:52:08.792786+00:00"}
{"asctime": "2025-08-11 13:52:08,904", "levelname": "INFO", "name": "AresTradingSystem.System", "message": "Initializing Regime Data Splitting Step...", "correlation_id": "-", "session_id": "-", "timestamp": "2025-08-11T11:52:08.904174+00:00"}
{"asctime": "2025-08-11 13:52:08,904", "levelname": "INFO", "name": "AresTradingSystem.System", "message": "Regime Data Splitting Step initialized successfully", "correlation_id": "-", "session_id": "-", "timestamp": "2025-08-11T11:52:08.904358+00:00"}
{"asctime": "2025-08-11 13:52:08,904", "levelname": "INFO", "name": "AresTradingSystem.System", "message": "ðŸ”„ Loading unified data for regime data splitting...", "correlation_id": "-", "session_id": "-", "timestamp": "2025-08-11T11:52:08.904483+00:00"}
{"asctime": "2025-08-11 13:52:08,904", "levelname": "INFO", "name": "AresTradingSystem.System.UnifiedDataLoader", "message": "ðŸ”„ Loading unified data for ETHUSDT on BINANCE", "correlation_id": "-", "session_id": "-", "timestamp": "2025-08-11T11:52:08.904578+00:00"}
{"asctime": "2025-08-11 13:52:08,904", "levelname": "INFO", "name": "AresTradingSystem.System.UnifiedDataLoader", "message": "   Timeframe: 1m", "correlation_id": "-", "session_id": "-", "timestamp": "2025-08-11T11:52:08.904653+00:00"}
{"asctime": "2025-08-11 13:52:08,904", "levelname": "INFO", "name": "AresTradingSystem.System.UnifiedDataLoader", "message": "   Date range: 2025-02-12 to 2025-08-11", "correlation_id": "-", "session_id": "-", "timestamp": "2025-08-11T11:52:08.904745+00:00"}
{"asctime": "2025-08-11 13:52:08,904", "levelname": "INFO", "name": "AresTradingSystem.System.UnifiedDataLoader", "message": "   Streaming: True", "correlation_id": "-", "session_id": "-", "timestamp": "2025-08-11T11:52:08.904810+00:00"}
{"asctime": "2025-08-11 13:52:08,904", "levelname": "INFO", "name": "AresTradingSystem.System.UnifiedDataLoader", "message": "   âš ï¸ Streaming disabled to avoid segmentation faults", "correlation_id": "-", "session_id": "-", "timestamp": "2025-08-11T11:52:08.904921+00:00"}
{"asctime": "2025-08-11 13:52:08,905", "levelname": "INFO", "name": "AresTradingSystem.System.UnifiedDataLoader", "message": "   ðŸ“ Found unified data cache, using optimized pyarrow loading", "correlation_id": "-", "session_id": "-", "timestamp": "2025-08-11T11:52:08.905006+00:00"}
{"asctime": "2025-08-11 13:52:08,905", "levelname": "INFO", "name": "AresTradingSystem.System.UnifiedDataLoader", "message": "ðŸ”§ Using optimized pyarrow loading...", "correlation_id": "-", "session_id": "-", "timestamp": "2025-08-11T11:52:08.905069+00:00"}
{"asctime": "2025-08-11 13:52:08,905", "levelname": "INFO", "name": "AresTradingSystem.System.UnifiedDataLoader", "message": "   âš ï¸ PyArrow disabled to avoid segmentation faults", "correlation_id": "-", "session_id": "-", "timestamp": "2025-08-11T11:52:08.905128+00:00"}
{"asctime": "2025-08-11 13:52:08,905", "levelname": "INFO", "name": "AresTradingSystem.System.UnifiedDataLoader", "message": "ðŸ”§ Using memory-efficient streaming loading for 180 days...", "correlation_id": "-", "session_id": "-", "timestamp": "2025-08-11T11:52:08.905196+00:00"}
{"asctime": "2025-08-11 13:52:08,913", "levelname": "INFO", "name": "AresTradingSystem.System.UnifiedDataLoader", "message": "ðŸ“ Found 179 partition files", "correlation_id": "-", "session_id": "-", "timestamp": "2025-08-11T11:52:08.913480+00:00"}
{"asctime": "2025-08-11 13:52:08,975", "levelname": "INFO", "name": "AresTradingSystem.System.UnifiedDataLoader", "message": "   ðŸ“„ Processing file 1/179: part-0.parquet", "correlation_id": "-", "session_id": "-", "timestamp": "2025-08-11T11:52:08.975152+00:00"}
{"asctime": "2025-08-11 13:52:08,978", "levelname": "INFO", "name": "AresTradingSystem.System.UnifiedDataLoader", "message": "   âœ… Loaded file 1: (1440, 19)", "correlation_id": "-", "session_id": "-", "timestamp": "2025-08-11T11:52:08.978859+00:00"}
{"asctime": "2025-08-11 13:52:08,979", "levelname": "INFO", "name": "AresTradingSystem.System.UnifiedDataLoader", "message": "   ðŸ” After date filtering: (607, 19)", "correlation_id": "-", "session_id": "-", "timestamp": "2025-08-11T11:52:08.979904+00:00"}
{"asctime": "2025-08-11 13:52:08,982", "levelname": "INFO", "name": "AresTradingSystem.System.UnifiedDataLoader", "message": "   ðŸ“Š Total rows so far: 607", "correlation_id": "-", "session_id": "-", "timestamp": "2025-08-11T11:52:08.982471+00:00"}
{"asctime": "2025-08-11 13:52:10,111", "levelname": "INFO", "name": "AresTradingSystem.System.UnifiedDataLoader", "message": "   ðŸ“„ Processing file 10/179: part-0.parquet", "correlation_id": "-", "session_id": "-", "timestamp": "2025-08-11T11:52:10.111924+00:00"}
{"asctime": "2025-08-11 13:52:10,115", "levelname": "INFO", "name": "AresTradingSystem.System.UnifiedDataLoader", "message": "   âœ… Loaded file 10: (1440, 19)", "correlation_id": "-", "session_id": "-", "timestamp": "2025-08-11T11:52:10.115628+00:00"}
{"asctime": "2025-08-11 13:52:10,116", "levelname": "INFO", "name": "AresTradingSystem.System.UnifiedDataLoader", "message": "   ðŸ” After date filtering: (1440, 19)", "correlation_id": "-", "session_id": "-", "timestamp": "2025-08-11T11:52:10.116400+00:00"}
{"asctime": "2025-08-11 13:52:10,121", "levelname": "INFO", "name": "AresTradingSystem.System.UnifiedDataLoader", "message": "   ðŸ“Š Total rows so far: 13567", "correlation_id": "-", "session_id": "-", "timestamp": "2025-08-11T11:52:10.121980+00:00"}
{"asctime": "2025-08-11 13:52:11,732", "levelname": "INFO", "name": "AresTradingSystem.System.UnifiedDataLoader", "message": "   ðŸ“„ Processing file 20/179: part-0.parquet", "correlation_id": "-", "session_id": "-", "timestamp": "2025-08-11T11:52:11.732362+00:00"}
{"asctime": "2025-08-11 13:52:11,737", "levelname": "INFO", "name": "AresTradingSystem.System.UnifiedDataLoader", "message": "   âœ… Loaded file 20: (1440, 19)", "correlation_id": "-", "session_id": "-", "timestamp": "2025-08-11T11:52:11.737435+00:00"}
{"asctime": "2025-08-11 13:52:11,739", "levelname": "INFO", "name": "AresTradingSystem.System.UnifiedDataLoader", "message": "   ðŸ” After date filtering: (1440, 19)", "correlation_id": "-", "session_id": "-", "timestamp": "2025-08-11T11:52:11.739244+00:00"}
{"asctime": "2025-08-11 13:52:11,745", "levelname": "INFO", "name": "AresTradingSystem.System.UnifiedDataLoader", "message": "   ðŸ“Š Total rows so far: 27967", "correlation_id": "-", "session_id": "-", "timestamp": "2025-08-11T11:52:11.745720+00:00"}
{"asctime": "2025-08-11 13:52:13,982", "levelname": "INFO", "name": "AresTradingSystem.System.UnifiedDataLoader", "message": "   ðŸ“„ Processing file 30/179: part-0.parquet", "correlation_id": "-", "session_id": "-", "timestamp": "2025-08-11T11:52:13.982397+00:00"}
{"asctime": "2025-08-11 13:52:13,986", "levelname": "INFO", "name": "AresTradingSystem.System.UnifiedDataLoader", "message": "   âœ… Loaded file 30: (1440, 19)", "correlation_id": "-", "session_id": "-", "timestamp": "2025-08-11T11:52:13.986111+00:00"}
{"asctime": "2025-08-11 13:52:13,987", "levelname": "INFO", "name": "AresTradingSystem.System.UnifiedDataLoader", "message": "   ðŸ” After date filtering: (1440, 19)", "correlation_id": "-", "session_id": "-", "timestamp": "2025-08-11T11:52:13.987291+00:00"}
{"asctime": "2025-08-11 13:52:13,993", "levelname": "INFO", "name": "AresTradingSystem.System.UnifiedDataLoader", "message": "   ðŸ“Š Total rows so far: 42367", "correlation_id": "-", "session_id": "-", "timestamp": "2025-08-11T11:52:13.993369+00:00"}
{"asctime": "2025-08-11 13:52:16,060", "levelname": "INFO", "name": "AresTradingSystem.System.UnifiedDataLoader", "message": "   ðŸ“„ Processing file 40/179: part-0.parquet", "correlation_id": "-", "session_id": "-", "timestamp": "2025-08-11T11:52:16.060556+00:00"}
{"asctime": "2025-08-11 13:52:16,064", "levelname": "INFO", "name": "AresTradingSystem.System.UnifiedDataLoader", "message": "   âœ… Loaded file 40: (1440, 19)", "correlation_id": "-", "session_id": "-", "timestamp": "2025-08-11T11:52:16.064842+00:00"}
{"asctime": "2025-08-11 13:52:16,065", "levelname": "INFO", "name": "AresTradingSystem.System.UnifiedDataLoader", "message": "   ðŸ” After date filtering: (1440, 19)", "correlation_id": "-", "session_id": "-", "timestamp": "2025-08-11T11:52:16.065860+00:00"}
{"asctime": "2025-08-11 13:52:16,072", "levelname": "INFO", "name": "AresTradingSystem.System.UnifiedDataLoader", "message": "   ðŸ“Š Total rows so far: 56767", "correlation_id": "-", "session_id": "-", "timestamp": "2025-08-11T11:52:16.072797+00:00"}
{"asctime": "2025-08-11 13:52:18,089", "levelname": "INFO", "name": "AresTradingSystem.System.UnifiedDataLoader", "message": "   ðŸ“„ Processing file 50/179: part-0.parquet", "correlation_id": "-", "session_id": "-", "timestamp": "2025-08-11T11:52:18.089405+00:00"}
{"asctime": "2025-08-11 13:52:18,096", "levelname": "INFO", "name": "AresTradingSystem.System.UnifiedDataLoader", "message": "   âœ… Loaded file 50: (1440, 19)", "correlation_id": "-", "session_id": "-", "timestamp": "2025-08-11T11:52:18.096860+00:00"}
{"asctime": "2025-08-11 13:52:18,098", "levelname": "INFO", "name": "AresTradingSystem.System.UnifiedDataLoader", "message": "   ðŸ” After date filtering: (1440, 19)", "correlation_id": "-", "session_id": "-", "timestamp": "2025-08-11T11:52:18.098822+00:00"}
{"asctime": "2025-08-11 13:52:18,111", "levelname": "INFO", "name": "AresTradingSystem.System.UnifiedDataLoader", "message": "   ðŸ“Š Total rows so far: 71167", "correlation_id": "-", "session_id": "-", "timestamp": "2025-08-11T11:52:18.111616+00:00"}
{"asctime": "2025-08-11 13:52:20,107", "levelname": "INFO", "name": "AresTradingSystem.System.UnifiedDataLoader", "message": "   ðŸ“„ Processing file 60/179: part-0.parquet", "correlation_id": "-", "session_id": "-", "timestamp": "2025-08-11T11:52:20.107189+00:00"}
{"asctime": "2025-08-11 13:52:20,111", "levelname": "INFO", "name": "AresTradingSystem.System.UnifiedDataLoader", "message": "   âœ… Loaded file 60: (1440, 19)", "correlation_id": "-", "session_id": "-", "timestamp": "2025-08-11T11:52:20.111163+00:00"}
{"asctime": "2025-08-11 13:52:20,112", "levelname": "INFO", "name": "AresTradingSystem.System.UnifiedDataLoader", "message": "   ðŸ” After date filtering: (1440, 19)", "correlation_id": "-", "session_id": "-", "timestamp": "2025-08-11T11:52:20.112285+00:00"}
{"asctime": "2025-08-11 13:52:20,118", "levelname": "INFO", "name": "AresTradingSystem.System.UnifiedDataLoader", "message": "   ðŸ“Š Total rows so far: 85567", "correlation_id": "-", "session_id": "-", "timestamp": "2025-08-11T11:52:20.118890+00:00"}
{"asctime": "2025-08-11 13:52:22,102", "levelname": "INFO", "name": "AresTradingSystem.System.UnifiedDataLoader", "message": "   ðŸ“„ Processing file 70/179: part-0.parquet", "correlation_id": "-", "session_id": "-", "timestamp": "2025-08-11T11:52:22.102693+00:00"}
{"asctime": "2025-08-11 13:52:22,110", "levelname": "INFO", "name": "AresTradingSystem.System.UnifiedDataLoader", "message": "   âœ… Loaded file 70: (1440, 19)", "correlation_id": "-", "session_id": "-", "timestamp": "2025-08-11T11:52:22.110028+00:00"}
{"asctime": "2025-08-11 13:52:22,111", "levelname": "INFO", "name": "AresTradingSystem.System.UnifiedDataLoader", "message": "   ðŸ” After date filtering: (1440, 19)", "correlation_id": "-", "session_id": "-", "timestamp": "2025-08-11T11:52:22.111519+00:00"}
{"asctime": "2025-08-11 13:52:22,123", "levelname": "INFO", "name": "AresTradingSystem.System.UnifiedDataLoader", "message": "   ðŸ“Š Total rows so far: 99967", "correlation_id": "-", "session_id": "-", "timestamp": "2025-08-11T11:52:22.123200+00:00"}
{"asctime": "2025-08-11 13:52:24,407", "levelname": "INFO", "name": "AresTradingSystem.System.UnifiedDataLoader", "message": "   ðŸ“„ Processing file 80/179: part-0.parquet", "correlation_id": "-", "session_id": "-", "timestamp": "2025-08-11T11:52:24.407331+00:00"}
{"asctime": "2025-08-11 13:52:24,411", "levelname": "INFO", "name": "AresTradingSystem.System.UnifiedDataLoader", "message": "   âœ… Loaded file 80: (1440, 19)", "correlation_id": "-", "session_id": "-", "timestamp": "2025-08-11T11:52:24.411789+00:00"}
{"asctime": "2025-08-11 13:52:24,413", "levelname": "INFO", "name": "AresTradingSystem.System.UnifiedDataLoader", "message": "   ðŸ” After date filtering: (1440, 19)", "correlation_id": "-", "session_id": "-", "timestamp": "2025-08-11T11:52:24.413110+00:00"}
{"asctime": "2025-08-11 13:52:24,420", "levelname": "INFO", "name": "AresTradingSystem.System.UnifiedDataLoader", "message": "   ðŸ“Š Total rows so far: 114367", "correlation_id": "-", "session_id": "-", "timestamp": "2025-08-11T11:52:24.420325+00:00"}
{"asctime": "2025-08-11 13:52:26,506", "levelname": "INFO", "name": "AresTradingSystem.System.UnifiedDataLoader", "message": "   ðŸ“„ Processing file 90/179: part-0.parquet", "correlation_id": "-", "session_id": "-", "timestamp": "2025-08-11T11:52:26.506426+00:00"}
{"asctime": "2025-08-11 13:52:26,510", "levelname": "INFO", "name": "AresTradingSystem.System.UnifiedDataLoader", "message": "   âœ… Loaded file 90: (1440, 19)", "correlation_id": "-", "session_id": "-", "timestamp": "2025-08-11T11:52:26.510351+00:00"}
{"asctime": "2025-08-11 13:52:26,511", "levelname": "INFO", "name": "AresTradingSystem.System.UnifiedDataLoader", "message": "   ðŸ” After date filtering: (1440, 19)", "correlation_id": "-", "session_id": "-", "timestamp": "2025-08-11T11:52:26.511434+00:00"}
{"asctime": "2025-08-11 13:52:26,518", "levelname": "INFO", "name": "AresTradingSystem.System.UnifiedDataLoader", "message": "   ðŸ“Š Total rows so far: 128767", "correlation_id": "-", "session_id": "-", "timestamp": "2025-08-11T11:52:26.518235+00:00"}
{"asctime": "2025-08-11 13:52:28,758", "levelname": "INFO", "name": "AresTradingSystem.System.UnifiedDataLoader", "message": "   ðŸ“„ Processing file 100/179: part-0.parquet", "correlation_id": "-", "session_id": "-", "timestamp": "2025-08-11T11:52:28.758515+00:00"}
{"asctime": "2025-08-11 13:52:28,762", "levelname": "INFO", "name": "AresTradingSystem.System.UnifiedDataLoader", "message": "   âœ… Loaded file 100: (1440, 19)", "correlation_id": "-", "session_id": "-", "timestamp": "2025-08-11T11:52:28.762341+00:00"}
{"asctime": "2025-08-11 13:52:28,763", "levelname": "INFO", "name": "AresTradingSystem.System.UnifiedDataLoader", "message": "   ðŸ” After date filtering: (1440, 19)", "correlation_id": "-", "session_id": "-", "timestamp": "2025-08-11T11:52:28.763228+00:00"}
{"asctime": "2025-08-11 13:52:28,770", "levelname": "INFO", "name": "AresTradingSystem.System.UnifiedDataLoader", "message": "   ðŸ“Š Total rows so far: 143167", "correlation_id": "-", "session_id": "-", "timestamp": "2025-08-11T11:52:28.770074+00:00"}
{"asctime": "2025-08-11 13:52:32,468", "levelname": "INFO", "name": "AresTradingSystem.System.UnifiedDataLoader", "message": "   ðŸ“„ Processing file 110/179: part-0.parquet", "correlation_id": "-", "session_id": "-", "timestamp": "2025-08-11T11:52:32.468842+00:00"}
{"asctime": "2025-08-11 13:52:32,475", "levelname": "INFO", "name": "AresTradingSystem.System.UnifiedDataLoader", "message": "   âœ… Loaded file 110: (1440, 19)", "correlation_id": "-", "session_id": "-", "timestamp": "2025-08-11T11:52:32.475442+00:00"}
{"asctime": "2025-08-11 13:52:32,476", "levelname": "INFO", "name": "AresTradingSystem.System.UnifiedDataLoader", "message": "   ðŸ” After date filtering: (1440, 19)", "correlation_id": "-", "session_id": "-", "timestamp": "2025-08-11T11:52:32.476934+00:00"}
{"asctime": "2025-08-11 13:52:32,487", "levelname": "INFO", "name": "AresTradingSystem.System.UnifiedDataLoader", "message": "   ðŸ“Š Total rows so far: 157567", "correlation_id": "-", "session_id": "-", "timestamp": "2025-08-11T11:52:32.487502+00:00"}
{"asctime": "2025-08-11 13:52:35,196", "levelname": "INFO", "name": "AresTradingSystem.System.UnifiedDataLoader", "message": "   ðŸ“„ Processing file 120/179: part-0.parquet", "correlation_id": "-", "session_id": "-", "timestamp": "2025-08-11T11:52:35.196219+00:00"}
{"asctime": "2025-08-11 13:52:35,200", "levelname": "INFO", "name": "AresTradingSystem.System.UnifiedDataLoader", "message": "   âœ… Loaded file 120: (1440, 19)", "correlation_id": "-", "session_id": "-", "timestamp": "2025-08-11T11:52:35.200382+00:00"}
{"asctime": "2025-08-11 13:52:35,201", "levelname": "INFO", "name": "AresTradingSystem.System.UnifiedDataLoader", "message": "   ðŸ” After date filtering: (1440, 19)", "correlation_id": "-", "session_id": "-", "timestamp": "2025-08-11T11:52:35.201836+00:00"}
{"asctime": "2025-08-11 13:52:35,208", "levelname": "INFO", "name": "AresTradingSystem.System.UnifiedDataLoader", "message": "   ðŸ“Š Total rows so far: 171967", "correlation_id": "-", "session_id": "-", "timestamp": "2025-08-11T11:52:35.208953+00:00"}
{"asctime": "2025-08-11 13:52:37,649", "levelname": "INFO", "name": "AresTradingSystem.System.UnifiedDataLoader", "message": "   ðŸ“„ Processing file 130/179: part-0.parquet", "correlation_id": "-", "session_id": "-", "timestamp": "2025-08-11T11:52:37.649154+00:00"}
{"asctime": "2025-08-11 13:52:37,653", "levelname": "INFO", "name": "AresTradingSystem.System.UnifiedDataLoader", "message": "   âœ… Loaded file 130: (1440, 19)", "correlation_id": "-", "session_id": "-", "timestamp": "2025-08-11T11:52:37.653814+00:00"}
{"asctime": "2025-08-11 13:52:37,655", "levelname": "INFO", "name": "AresTradingSystem.System.UnifiedDataLoader", "message": "   ðŸ” After date filtering: (1440, 19)", "correlation_id": "-", "session_id": "-", "timestamp": "2025-08-11T11:52:37.655259+00:00"}
{"asctime": "2025-08-11 13:52:37,661", "levelname": "INFO", "name": "AresTradingSystem.System.UnifiedDataLoader", "message": "   ðŸ“Š Total rows so far: 186367", "correlation_id": "-", "session_id": "-", "timestamp": "2025-08-11T11:52:37.661294+00:00"}
{"asctime": "2025-08-11 13:52:40,151", "levelname": "INFO", "name": "AresTradingSystem.System.UnifiedDataLoader", "message": "   ðŸ“„ Processing file 140/179: part-0.parquet", "correlation_id": "-", "session_id": "-", "timestamp": "2025-08-11T11:52:40.151640+00:00"}
{"asctime": "2025-08-11 13:52:40,156", "levelname": "INFO", "name": "AresTradingSystem.System.UnifiedDataLoader", "message": "   âœ… Loaded file 140: (1440, 19)", "correlation_id": "-", "session_id": "-", "timestamp": "2025-08-11T11:52:40.156470+00:00"}
{"asctime": "2025-08-11 13:52:40,157", "levelname": "INFO", "name": "AresTradingSystem.System.UnifiedDataLoader", "message": "   ðŸ” After date filtering: (1440, 19)", "correlation_id": "-", "session_id": "-", "timestamp": "2025-08-11T11:52:40.157747+00:00"}
{"asctime": "2025-08-11 13:52:40,164", "levelname": "INFO", "name": "AresTradingSystem.System.UnifiedDataLoader", "message": "   ðŸ“Š Total rows so far: 200767", "correlation_id": "-", "session_id": "-", "timestamp": "2025-08-11T11:52:40.164143+00:00"}
{"asctime": "2025-08-11 13:52:42,741", "levelname": "INFO", "name": "AresTradingSystem.System.UnifiedDataLoader", "message": "   ðŸ“„ Processing file 150/179: part-0.parquet", "correlation_id": "-", "session_id": "-", "timestamp": "2025-08-11T11:52:42.741240+00:00"}
{"asctime": "2025-08-11 13:52:42,745", "levelname": "INFO", "name": "AresTradingSystem.System.UnifiedDataLoader", "message": "   âœ… Loaded file 150: (1440, 19)", "correlation_id": "-", "session_id": "-", "timestamp": "2025-08-11T11:52:42.745669+00:00"}
{"asctime": "2025-08-11 13:52:42,747", "levelname": "INFO", "name": "AresTradingSystem.System.UnifiedDataLoader", "message": "   ðŸ” After date filtering: (1440, 19)", "correlation_id": "-", "session_id": "-", "timestamp": "2025-08-11T11:52:42.747365+00:00"}
{"asctime": "2025-08-11 13:52:42,755", "levelname": "INFO", "name": "AresTradingSystem.System.UnifiedDataLoader", "message": "   ðŸ“Š Total rows so far: 215167", "correlation_id": "-", "session_id": "-", "timestamp": "2025-08-11T11:52:42.755124+00:00"}
{"asctime": "2025-08-11 13:52:45,416", "levelname": "INFO", "name": "AresTradingSystem.System.UnifiedDataLoader", "message": "   ðŸ“„ Processing file 160/179: part-0.parquet", "correlation_id": "-", "session_id": "-", "timestamp": "2025-08-11T11:52:45.416881+00:00"}
{"asctime": "2025-08-11 13:52:45,422", "levelname": "INFO", "name": "AresTradingSystem.System.UnifiedDataLoader", "message": "   âœ… Loaded file 160: (1440, 19)", "correlation_id": "-", "session_id": "-", "timestamp": "2025-08-11T11:52:45.422430+00:00"}
{"asctime": "2025-08-11 13:52:45,423", "levelname": "INFO", "name": "AresTradingSystem.System.UnifiedDataLoader", "message": "   ðŸ” After date filtering: (1440, 19)", "correlation_id": "-", "session_id": "-", "timestamp": "2025-08-11T11:52:45.423822+00:00"}
{"asctime": "2025-08-11 13:52:45,430", "levelname": "INFO", "name": "AresTradingSystem.System.UnifiedDataLoader", "message": "   ðŸ“Š Total rows so far: 229567", "correlation_id": "-", "session_id": "-", "timestamp": "2025-08-11T11:52:45.430883+00:00"}
{"asctime": "2025-08-11 13:52:48,156", "levelname": "INFO", "name": "AresTradingSystem.System.UnifiedDataLoader", "message": "   ðŸ“„ Processing file 170/179: part-0.parquet", "correlation_id": "-", "session_id": "-", "timestamp": "2025-08-11T11:52:48.156495+00:00"}
{"asctime": "2025-08-11 13:52:48,160", "levelname": "INFO", "name": "AresTradingSystem.System.UnifiedDataLoader", "message": "   âœ… Loaded file 170: (1440, 19)", "correlation_id": "-", "session_id": "-", "timestamp": "2025-08-11T11:52:48.160629+00:00"}
{"asctime": "2025-08-11 13:52:48,161", "levelname": "INFO", "name": "AresTradingSystem.System.UnifiedDataLoader", "message": "   ðŸ” After date filtering: (1440, 19)", "correlation_id": "-", "session_id": "-", "timestamp": "2025-08-11T11:52:48.161925+00:00"}
{"asctime": "2025-08-11 13:52:48,169", "levelname": "INFO", "name": "AresTradingSystem.System.UnifiedDataLoader", "message": "   ðŸ“Š Total rows so far: 243967", "correlation_id": "-", "session_id": "-", "timestamp": "2025-08-11T11:52:48.169655+00:00"}
{"asctime": "2025-08-11 13:52:50,862", "levelname": "INFO", "name": "AresTradingSystem.System.UnifiedDataLoader", "message": "ðŸ”„ Converting 256557 records to DataFrame...", "correlation_id": "-", "session_id": "-", "timestamp": "2025-08-11T11:52:50.862605+00:00"}
{"asctime": "2025-08-11 13:52:52,020", "levelname": "INFO", "name": "AresTradingSystem.System.UnifiedDataLoader", "message": "âœ… Memory-efficient loading completed: (256557, 19)", "correlation_id": "-", "session_id": "-", "timestamp": "2025-08-11T11:52:52.020118+00:00"}
{"asctime": "2025-08-11 13:52:52,020", "levelname": "INFO", "name": "AresTradingSystem.System", "message": "âœ… Loaded unified data: 256557 rows", "correlation_id": "-", "session_id": "-", "timestamp": "2025-08-11T11:52:52.020724+00:00"}
{"asctime": "2025-08-11 13:52:52,020", "levelname": "INFO", "name": "AresTradingSystem.System", "message": "   Date range: 0 to 256556", "correlation_id": "-", "session_id": "-", "timestamp": "2025-08-11T11:52:52.020907+00:00"}
{"asctime": "2025-08-11 13:52:52,021", "levelname": "INFO", "name": "AresTradingSystem.System", "message": "   Has aggtrades data: False", "correlation_id": "-", "session_id": "-", "timestamp": "2025-08-11T11:52:52.021081+00:00"}
{"asctime": "2025-08-11 13:52:52,021", "levelname": "INFO", "name": "AresTradingSystem.System", "message": "   Has futures data: False", "correlation_id": "-", "session_id": "-", "timestamp": "2025-08-11T11:52:52.021184+00:00"}
{"asctime": "2025-08-11 13:52:52,021", "levelname": "INFO", "name": "AresTradingSystem.System", "message": "ðŸ“ Loading regime classification results from: data/training/BINANCE_ETHUSDT_regime_classification.parquet", "correlation_id": "-", "session_id": "-", "timestamp": "2025-08-11T11:52:52.021273+00:00"}
{"asctime": "2025-08-11 13:52:52,021", "levelname": "INFO", "name": "AresTradingSystem.System", "message": "   Trying direct pandas read...", "correlation_id": "-", "session_id": "-", "timestamp": "2025-08-11T11:52:52.021370+00:00"}
{"asctime": "2025-08-11 13:52:52,024", "levelname": "INFO", "name": "AresTradingSystem.System", "message": "   âœ… Successfully loaded with direct pandas read: (677, 3)", "correlation_id": "-", "session_id": "-", "timestamp": "2025-08-11T11:52:52.024364+00:00"}
{"asctime": "2025-08-11 13:52:52,024", "levelname": "INFO", "name": "AresTradingSystem.System", "message": "âœ… Loaded regime classification data: 677 rows", "correlation_id": "-", "session_id": "-", "timestamp": "2025-08-11T11:52:52.024634+00:00"}
{"asctime": "2025-08-11 13:52:52,024", "levelname": "INFO", "name": "AresTradingSystem.System", "message": "   Regimes found: ['BULL', 'BEAR', 'SIDEWAYS']", "correlation_id": "-", "session_id": "-", "timestamp": "2025-08-11T11:52:52.024928+00:00"}
{"asctime": "2025-08-11 13:52:52,059", "levelname": "WARNING", "name": "AresTradingSystem.System", "message": "\u001b[93m\u001b[1mâš ï¸\u001b[0m \u001b[93m\u001b[1m   255880 rows have missing regime labels, filling with 'SIDEWAYS'\u001b[0m", "correlation_id": "-", "session_id": "-", "timestamp": "2025-08-11T11:52:52.059517+00:00"}
{"asctime": "2025-08-11 13:52:52,196", "levelname": "INFO", "name": "AresTradingSystem.System", "message": "âœ… Successfully split data by regimes: 3 regimes", "correlation_id": "-", "session_id": "-", "timestamp": "2025-08-11T11:52:52.196986+00:00"}
{"asctime": "2025-08-11 13:52:52,493", "levelname": "INFO", "name": "AresTradingSystem.System", "message": "âœ… Saved SIDEWAYS regime data: 256142 rows -> data/training/regime_data/SIDEWAYS.parquet", "correlation_id": "-", "session_id": "-", "timestamp": "2025-08-11T11:52:52.493939+00:00"}
{"asctime": "2025-08-11 13:52:52,499", "levelname": "INFO", "name": "AresTradingSystem.System", "message": "âœ… Saved BULL regime data: 15 rows -> data/training/regime_data/BULL.parquet", "correlation_id": "-", "session_id": "-", "timestamp": "2025-08-11T11:52:52.500014+00:00"}
{"asctime": "2025-08-11 13:52:52,505", "levelname": "INFO", "name": "AresTradingSystem.System", "message": "âœ… Saved BEAR regime data: 400 rows -> data/training/regime_data/BEAR.parquet", "correlation_id": "-", "session_id": "-", "timestamp": "2025-08-11T11:52:52.505615+00:00"}
{"asctime": "2025-08-11 13:52:52,929", "levelname": "INFO", "name": "AresTradingSystem.System", "message": "âœ… Created train/validation/test splits:", "correlation_id": "-", "session_id": "-", "timestamp": "2025-08-11T11:52:52.929565+00:00"}
{"asctime": "2025-08-11 13:52:52,929", "levelname": "INFO", "name": "AresTradingSystem.System", "message": "   Train: 179589 rows -> data/training/BINANCE_ETHUSDT_train_data.parquet", "correlation_id": "-", "session_id": "-", "timestamp": "2025-08-11T11:52:52.929843+00:00"}
{"asctime": "2025-08-11 13:52:52,930", "levelname": "INFO", "name": "AresTradingSystem.System", "message": "   Validation: 38484 rows -> data/training/BINANCE_ETHUSDT_validation_data.parquet", "correlation_id": "-", "session_id": "-", "timestamp": "2025-08-11T11:52:52.930011+00:00"}
{"asctime": "2025-08-11 13:52:52,930", "levelname": "INFO", "name": "AresTradingSystem.System", "message": "   Test: 38484 rows -> data/training/BINANCE_ETHUSDT_test_data.parquet", "correlation_id": "-", "session_id": "-", "timestamp": "2025-08-11T11:52:52.930112+00:00"}
{"asctime": "2025-08-11 13:52:52,937", "levelname": "INFO", "name": "AresTradingSystem.System", "message": "ðŸ“Š Regime Data Splitting Results:", "correlation_id": "-", "session_id": "-", "timestamp": "2025-08-11T11:52:52.937795+00:00"}
{"asctime": "2025-08-11 13:52:52,938", "levelname": "INFO", "name": "AresTradingSystem.System", "message": "   SIDEWAYS: 256142 rows (99.8%)", "correlation_id": "-", "session_id": "-", "timestamp": "2025-08-11T11:52:52.938095+00:00"}
{"asctime": "2025-08-11 13:52:52,938", "levelname": "INFO", "name": "AresTradingSystem.System", "message": "   BULL: 15 rows (0.0%)", "correlation_id": "-", "session_id": "-", "timestamp": "2025-08-11T11:52:52.938241+00:00"}
{"asctime": "2025-08-11 13:52:52,938", "levelname": "INFO", "name": "AresTradingSystem.System", "message": "   BEAR: 400 rows (0.2%)", "correlation_id": "-", "session_id": "-", "timestamp": "2025-08-11T11:52:52.938403+00:00"}
{"asctime": "2025-08-11 13:52:52,938", "levelname": "INFO", "name": "AresTradingSystem.System", "message": "âœ… Regime data splitting completed successfully", "correlation_id": "-", "session_id": "-", "timestamp": "2025-08-11T11:52:52.938498+00:00"}
{"asctime": "2025-08-11 13:52:53,272", "levelname": "INFO", "name": "AresTradingSystem.System.AnalystLabelingFeatureEngineeringStep", "message": "Initializing Analyst Labeling and Feature Engineering Step...", "correlation_id": "-", "session_id": "-", "timestamp": "2025-08-11T11:52:53.272118+00:00"}
{"asctime": "2025-08-11 13:52:53,331", "levelname": "INFO", "name": "AresTradingSystem.System.VectorizedLabellingOrchestrator", "message": "ðŸš€ Initializing vectorized labeling orchestrator...", "correlation_id": "-", "session_id": "-", "timestamp": "2025-08-11T11:52:53.331786+00:00"}
