{"asctime": "2025-08-10 19:12:53,837", "levelname": "INFO", "name": "AresTradingSystem", "message": "✅ Enhanced Logger initialization completed successfully", "correlation_id": "-", "session_id": "-", "timestamp": "2025-08-10T17:12:53.837496+00:00"}
{"asctime": "2025-08-10 19:12:53,837", "levelname": "INFO", "name": "AresTradingSystem.System.VectorizedLabellingOrchestrator", "message": "🚀 Initializing vectorized labeling orchestrator...", "correlation_id": "-", "session_id": "-", "timestamp": "2025-08-10T17:12:53.837961+00:00"}
{"asctime": "2025-08-10 19:12:53,843", "levelname": "INFO", "name": "AresTradingSystem.System.VectorizedLabellingOrchestrator", "message": "✅ CRITICAL FIX: Binary classification enabled to address label imbalance", "correlation_id": "-", "session_id": "-", "timestamp": "2025-08-10T17:12:53.843450+00:00"}
{"asctime": "2025-08-10 19:12:53,864", "levelname": "INFO", "name": "AresTradingSystem.System.VectorizedAdvancedFeatureEngineering", "message": "🚀 Initializing vectorized advanced feature engineering...", "correlation_id": "-", "session_id": "-", "timestamp": "2025-08-10T17:12:53.864603+00:00"}
{"asctime": "2025-08-10 19:12:53,864", "levelname": "INFO", "name": "AresTradingSystem.System.WaveletFeatureCache", "message": "✅ Cache directory initialized: data/wavelet_cache", "correlation_id": "-", "session_id": "-", "timestamp": "2025-08-10T17:12:53.864904+00:00"}
{"asctime": "2025-08-10 19:12:53,864", "levelname": "INFO", "name": "AresTradingSystem.System.VectorizedVolatilityRegimeModel", "message": "🚀 Initializing vectorized volatility regime model...", "correlation_id": "-", "session_id": "-", "timestamp": "2025-08-10T17:12:53.864989+00:00"}
{"asctime": "2025-08-10 19:12:53,865", "levelname": "INFO", "name": "AresTradingSystem.System.VectorizedVolatilityRegimeModel", "message": "✅ Vectorized volatility regime model initialized successfully", "correlation_id": "-", "session_id": "-", "timestamp": "2025-08-10T17:12:53.865053+00:00"}
{"asctime": "2025-08-10 19:12:53,865", "levelname": "INFO", "name": "AresTradingSystem.System.VectorizedCorrelationAnalyzer", "message": "🚀 Initializing vectorized correlation analyzer...", "correlation_id": "-", "session_id": "-", "timestamp": "2025-08-10T17:12:53.865159+00:00"}
{"asctime": "2025-08-10 19:12:53,865", "levelname": "INFO", "name": "AresTradingSystem.System.VectorizedCorrelationAnalyzer", "message": "✅ Vectorized correlation analyzer initialized successfully", "correlation_id": "-", "session_id": "-", "timestamp": "2025-08-10T17:12:53.865216+00:00"}
{"asctime": "2025-08-10 19:12:53,865", "levelname": "INFO", "name": "AresTradingSystem.System.VectorizedMomentumAnalyzer", "message": "🚀 Initializing vectorized momentum analyzer...", "correlation_id": "-", "session_id": "-", "timestamp": "2025-08-10T17:12:53.865278+00:00"}
{"asctime": "2025-08-10 19:12:53,865", "levelname": "INFO", "name": "AresTradingSystem.System.VectorizedMomentumAnalyzer", "message": "✅ Vectorized momentum analyzer initialized successfully", "correlation_id": "-", "session_id": "-", "timestamp": "2025-08-10T17:12:53.865336+00:00"}
{"asctime": "2025-08-10 19:12:53,865", "levelname": "INFO", "name": "AresTradingSystem.System.VectorizedLiquidityAnalyzer", "message": "🚀 Initializing vectorized liquidity analyzer...", "correlation_id": "-", "session_id": "-", "timestamp": "2025-08-10T17:12:53.865398+00:00"}
{"asctime": "2025-08-10 19:12:53,865", "levelname": "INFO", "name": "AresTradingSystem.System.VectorizedLiquidityAnalyzer", "message": "✅ Vectorized liquidity analyzer initialized successfully", "correlation_id": "-", "session_id": "-", "timestamp": "2025-08-10T17:12:53.865451+00:00"}
{"asctime": "2025-08-10 19:12:53,865", "levelname": "INFO", "name": "AresTradingSystem.System.VectorizedCandlestickPatternAnalyzer", "message": "🚀 Initializing vectorized candlestick pattern analyzer...", "correlation_id": "-", "session_id": "-", "timestamp": "2025-08-10T17:12:53.865514+00:00"}
{"asctime": "2025-08-10 19:12:53,865", "levelname": "INFO", "name": "AresTradingSystem.System.VectorizedCandlestickPatternAnalyzer", "message": "✅ Vectorized candlestick pattern analyzer initialized successfully", "correlation_id": "-", "session_id": "-", "timestamp": "2025-08-10T17:12:53.865570+00:00"}
{"asctime": "2025-08-10 19:12:53,865", "levelname": "INFO", "name": "AresTradingSystem.System.VectorizedSRDistanceCalculator", "message": "🚀 Initializing vectorized S/R distance calculator...", "correlation_id": "-", "session_id": "-", "timestamp": "2025-08-10T17:12:53.865641+00:00"}
{"asctime": "2025-08-10 19:12:53,865", "levelname": "INFO", "name": "AresTradingSystem.System.VectorizedSRDistanceCalculator", "message": "✅ Vectorized S/R distance calculator initialized successfully", "correlation_id": "-", "session_id": "-", "timestamp": "2025-08-10T17:12:53.865698+00:00"}
{"asctime": "2025-08-10 19:12:53,865", "levelname": "INFO", "name": "AresTradingSystem.System.VectorizedWaveletTransformAnalyzer", "message": "🚀 Initializing enhanced vectorized wavelet transform analyzer...", "correlation_id": "-", "session_id": "-", "timestamp": "2025-08-10T17:12:53.865782+00:00"}
{"asctime": "2025-08-10 19:12:53,865", "levelname": "INFO", "name": "AresTradingSystem.System.VectorizedWaveletTransformAnalyzer", "message": "✅ Enhanced vectorized wavelet transform analyzer initialized successfully", "correlation_id": "-", "session_id": "-", "timestamp": "2025-08-10T17:12:53.865843+00:00"}
{"asctime": "2025-08-10 19:12:53,865", "levelname": "INFO", "name": "AresTradingSystem.System.VectorizedWaveletTransformAnalyzer", "message": "📊 Configuration: padding_mode=symmetric, cwt_scale_method=logarithmic, max_features_per_wavelet=20", "correlation_id": "-", "session_id": "-", "timestamp": "2025-08-10T17:12:53.865900+00:00"}
{"asctime": "2025-08-10 19:12:53,866", "levelname": "INFO", "name": "AresTradingSystem.System.MetaLabelingSystem", "message": "🚀 Initializing meta-labeling system...", "correlation_id": "-", "session_id": "-", "timestamp": "2025-08-10T17:12:53.866844+00:00"}
{"asctime": "2025-08-10 19:12:53,866", "levelname": "INFO", "name": "AresTradingSystem.System.MetaLabelingSystem", "message": "✅ Meta-labeling system initialized successfully", "correlation_id": "-", "session_id": "-", "timestamp": "2025-08-10T17:12:53.866951+00:00"}
{"asctime": "2025-08-10 19:12:53,867", "levelname": "INFO", "name": "AresTradingSystem.System.VectorizedAdvancedFeatureEngineering", "message": "✅ Vectorized advanced feature engineering initialized successfully", "correlation_id": "-", "session_id": "-", "timestamp": "2025-08-10T17:12:53.867024+00:00"}
