{"asctime": "2025-08-10 16:06:53,050", "levelname": "INFO", "name": "AresGlobal", "message": "================================================================================", "correlation_id": "-", "session_id": "-", "timestamp": "2025-08-10T14:06:53.050764+00:00"}
{"asctime": "2025-08-10 16:06:53,050", "levelname": "INFO", "name": "AresGlobal", "message": "📊 SESSION SUMMARY", "correlation_id": "-", "session_id": "-", "timestamp": "2025-08-10T14:06:53.050930+00:00"}
{"asctime": "2025-08-10 16:06:53,051", "levelname": "INFO", "name": "AresGlobal", "message": "Session started: 2025-08-10 16:06:53", "correlation_id": "-", "session_id": "-", "timestamp": "2025-08-10T14:06:53.051026+00:00"}
{"asctime": "2025-08-10 16:06:53,051", "levelname": "INFO", "name": "AresGlobal", "message": "This file contains ALL logs for this session", "correlation_id": "-", "session_id": "-", "timestamp": "2025-08-10T14:06:53.051120+00:00"}
{"asctime": "2025-08-10 16:06:53,051", "levelname": "INFO", "name": "AresGlobal", "message": "================================================================================", "correlation_id": "-", "session_id": "-", "timestamp": "2025-08-10T14:06:53.051213+00:00"}
{"asctime": "2025-08-10 16:06:53,051", "levelname": "INFO", "name": "AresGlobal", "message": "Applied NumPy RNG unpickle compatibility shim (ModelManager)", "correlation_id": "-", "session_id": "-", "timestamp": "2025-08-10T14:06:53.051795+00:00"}
{"asctime": "2025-08-10 16:06:53,052", "levelname": "INFO", "name": "AresGlobal", "message": "[SYSTEM] ================================================================================", "correlation_id": "-", "session_id": "-", "timestamp": "2025-08-10T14:06:53.052024+00:00"}
{"asctime": "2025-08-10 16:06:53,052", "levelname": "INFO", "name": "AresGlobal", "message": "[SYSTEM] 🚀 ARES LAUNCHER STARTED - Mode: INITIALIZATION", "correlation_id": "-", "session_id": "-", "timestamp": "2025-08-10T14:06:53.052314+00:00"}
{"asctime": "2025-08-10 16:06:53,052", "levelname": "INFO", "name": "AresGlobal", "message": "[SYSTEM] Start time: 2025-08-10 16:06:53", "correlation_id": "-", "session_id": "-", "timestamp": "2025-08-10T14:06:53.052537+00:00"}
{"asctime": "2025-08-10 16:06:53,052", "levelname": "INFO", "name": "AresGlobal", "message": "[SYSTEM] Log directory: log", "correlation_id": "-", "session_id": "-", "timestamp": "2025-08-10T14:06:53.052687+00:00"}
{"asctime": "2025-08-10 16:06:53,052", "levelname": "INFO", "name": "AresGlobal", "message": "[SYSTEM] ================================================================================", "correlation_id": "-", "session_id": "-", "timestamp": "2025-08-10T14:06:53.052801+00:00"}
{"asctime": "2025-08-10 16:06:53,052", "levelname": "INFO", "name": "AresGlobal.AresLauncher", "message": "================================================================================", "correlation_id": "-", "session_id": "-", "timestamp": "2025-08-10T14:06:53.052859+00:00"}
{"asctime": "2025-08-10 16:06:53,052", "levelname": "INFO", "name": "AresGlobal.AresLauncher", "message": "🚀 ARES COMPREHENSIVE LAUNCHER", "correlation_id": "-", "session_id": "-", "timestamp": "2025-08-10T14:06:53.052914+00:00"}
{"asctime": "2025-08-10 16:06:53,052", "levelname": "INFO", "name": "AresGlobal.AresLauncher", "message": "================================================================================", "correlation_id": "-", "session_id": "-", "timestamp": "2025-08-10T14:06:53.052975+00:00"}
{"asctime": "2025-08-10 16:06:53,053", "levelname": "INFO", "name": "AresGlobal.AresLauncher", "message": "Start time: 2025-08-10 16:06:53", "correlation_id": "-", "session_id": "-", "timestamp": "2025-08-10T14:06:53.053036+00:00"}
{"asctime": "2025-08-10 16:06:53,053", "levelname": "INFO", "name": "AresGlobal.AresLauncher", "message": "Log directory: log", "correlation_id": "-", "session_id": "-", "timestamp": "2025-08-10T14:06:53.053093+00:00"}
{"asctime": "2025-08-10 16:06:53,053", "levelname": "INFO", "name": "AresGlobal.AresLauncher", "message": "Log level: INFO", "correlation_id": "-", "session_id": "-", "timestamp": "2025-08-10T14:06:53.053147+00:00"}
{"asctime": "2025-08-10 16:06:53,053", "levelname": "INFO", "name": "AresGlobal.AresLauncher", "message": "Global log file: ares_global_20250810_160653.log", "correlation_id": "-", "session_id": "-", "timestamp": "2025-08-10T14:06:53.053220+00:00"}
{"asctime": "2025-08-10 16:06:53,053", "levelname": "INFO", "name": "AresGlobal.AresLauncher", "message": "================================================================================", "correlation_id": "-", "session_id": "-", "timestamp": "2025-08-10T14:06:53.053270+00:00"}
{"asctime": "2025-08-10 16:06:53,053", "levelname": "INFO", "name": "AresGlobal", "message": "[SYSTEM] ================================================================================", "correlation_id": "ebd0e240-7743-46bc-ac40-4b422cc1e4ae", "session_id": "8a039ba3-8718-4728-a517-5ae4f4b0e4ca", "timestamp": "2025-08-10T14:06:53.053488+00:00"}
{"asctime": "2025-08-10 16:06:53,053", "levelname": "INFO", "name": "AresGlobal", "message": "[SYSTEM] 🚀 ARES LAUNCHER STARTED - Mode: blank - Symbol: ETHUSDT - Exchange: BINANCE", "correlation_id": "ebd0e240-7743-46bc-ac40-4b422cc1e4ae", "session_id": "8a039ba3-8718-4728-a517-5ae4f4b0e4ca", "timestamp": "2025-08-10T14:06:53.053601+00:00"}
{"asctime": "2025-08-10 16:06:53,053", "levelname": "INFO", "name": "AresGlobal", "message": "[SYSTEM] Start time: 2025-08-10 16:06:53", "correlation_id": "ebd0e240-7743-46bc-ac40-4b422cc1e4ae", "session_id": "8a039ba3-8718-4728-a517-5ae4f4b0e4ca", "timestamp": "2025-08-10T14:06:53.053713+00:00"}
{"asctime": "2025-08-10 16:06:53,053", "levelname": "INFO", "name": "AresGlobal", "message": "[SYSTEM] Log directory: log", "correlation_id": "ebd0e240-7743-46bc-ac40-4b422cc1e4ae", "session_id": "8a039ba3-8718-4728-a517-5ae4f4b0e4ca", "timestamp": "2025-08-10T14:06:53.053813+00:00"}
{"asctime": "2025-08-10 16:06:53,053", "levelname": "INFO", "name": "AresGlobal", "message": "[SYSTEM] ================================================================================", "correlation_id": "ebd0e240-7743-46bc-ac40-4b422cc1e4ae", "session_id": "8a039ba3-8718-4728-a517-5ae4f4b0e4ca", "timestamp": "2025-08-10T14:06:53.053914+00:00"}
{"asctime": "2025-08-10 16:06:53,053", "levelname": "INFO", "name": "AresGlobal.AresLauncher", "message": "🚀 Running enhanced 16-step training pipeline for ETHUSDT on BINANCE", "correlation_id": "ebd0e240-7743-46bc-ac40-4b422cc1e4ae", "session_id": "8a039ba3-8718-4728-a517-5ae4f4b0e4ca", "timestamp": "2025-08-10T14:06:53.053992+00:00"}
{"asctime": "2025-08-10 16:06:53,054", "levelname": "INFO", "name": "AresGlobal.AresLauncher", "message": "Starting from step: step3_regime_data_splitting", "correlation_id": "ebd0e240-7743-46bc-ac40-4b422cc1e4ae", "session_id": "8a039ba3-8718-4728-a517-5ae4f4b0e4ca", "timestamp": "2025-08-10T14:06:53.054058+00:00"}
{"asctime": "2025-08-10 16:06:53,054", "levelname": "INFO", "name": "AresGlobal.AresLauncher", "message": "🧪 BLANK TRAINING MODE: Set BLANK_TRAINING_MODE=1 for step-based training", "correlation_id": "ebd0e240-7743-46bc-ac40-4b422cc1e4ae", "session_id": "8a039ba3-8718-4728-a517-5ae4f4b0e4ca", "timestamp": "2025-08-10T14:06:53.054119+00:00"}
{"asctime": "2025-08-10 16:06:53,054", "levelname": "INFO", "name": "AresGlobal.ProgressManager", "message": "Initialized ProgressManager for ETHUSDT on BINANCE", "correlation_id": "ebd0e240-7743-46bc-ac40-4b422cc1e4ae", "session_id": "8a039ba3-8718-4728-a517-5ae4f4b0e4ca", "timestamp": "2025-08-10T14:06:53.054924+00:00"}
{"asctime": "2025-08-10 16:06:53,055", "levelname": "INFO", "name": "AresGlobal.ProgressManager", "message": "Progress directory: data/training/progress/BINANCE_ETHUSDT", "correlation_id": "ebd0e240-7743-46bc-ac40-4b422cc1e4ae", "session_id": "8a039ba3-8718-4728-a517-5ae4f4b0e4ca", "timestamp": "2025-08-10T14:06:53.055043+00:00"}
{"asctime": "2025-08-10 16:06:53,055", "levelname": "INFO", "name": "AresGlobal.StepOrchestrator", "message": "Initialized StepOrchestrator for ETHUSDT on BINANCE", "correlation_id": "ebd0e240-7743-46bc-ac40-4b422cc1e4ae", "session_id": "8a039ba3-8718-4728-a517-5ae4f4b0e4ca", "timestamp": "2025-08-10T14:06:53.055104+00:00"}
{"asctime": "2025-08-10 16:06:53,055", "levelname": "INFO", "name": "AresGlobal.StepOrchestrator", "message": "🚀 Starting execution from step: step3_regime_data_splitting", "correlation_id": "ebd0e240-7743-46bc-ac40-4b422cc1e4ae", "session_id": "8a039ba3-8718-4728-a517-5ae4f4b0e4ca", "timestamp": "2025-08-10T14:06:53.055296+00:00"}
{"asctime": "2025-08-10 16:06:55,038", "levelname": "INFO", "name": "AresGlobal.EnhancedTrainingManagerOptimized", "message": "Loaded optimization configuration", "correlation_id": "ebd0e240-7743-46bc-ac40-4b422cc1e4ae", "session_id": "8a039ba3-8718-4728-a517-5ae4f4b0e4ca", "timestamp": "2025-08-10T14:06:55.038082+00:00"}
{"asctime": "2025-08-10 16:06:55,040", "levelname": "INFO", "name": "AresGlobal.StepOrchestrator", "message": "✅ Enhanced training manager setup successfully", "correlation_id": "ebd0e240-7743-46bc-ac40-4b422cc1e4ae", "session_id": "8a039ba3-8718-4728-a517-5ae4f4b0e4ca", "timestamp": "2025-08-10T14:06:55.040860+00:00"}
{"asctime": "2025-08-10 16:06:55,041", "levelname": "INFO", "name": "AresGlobal.EnhancedTrainingManagerOptimized", "message": "🚀 Initializing Enhanced Training Manager with Optimizations...", "correlation_id": "ebd0e240-7743-46bc-ac40-4b422cc1e4ae", "session_id": "8a039ba3-8718-4728-a517-5ae4f4b0e4ca", "timestamp": "2025-08-10T14:06:55.041586+00:00"}
{"asctime": "2025-08-10 16:06:55,049", "levelname": "INFO", "name": "AresGlobal.EnhancedTrainingManagerOptimized", "message": "✅ Parallel backtester initialized with 8 workers", "correlation_id": "ebd0e240-7743-46bc-ac40-4b422cc1e4ae", "session_id": "8a039ba3-8718-4728-a517-5ae4f4b0e4ca", "timestamp": "2025-08-10T14:06:55.049144+00:00"}
{"asctime": "2025-08-10 16:06:55,049", "levelname": "INFO", "name": "AresGlobal.EnhancedTrainingManagerOptimized", "message": "✅ All optimization components initialized successfully", "correlation_id": "ebd0e240-7743-46bc-ac40-4b422cc1e4ae", "session_id": "8a039ba3-8718-4728-a517-5ae4f4b0e4ca", "timestamp": "2025-08-10T14:06:55.049541+00:00"}
{"asctime": "2025-08-10 16:06:56,729", "levelname": "INFO", "name": "AresGlobal.StepOrchestrator", "message": "\u001b[91m\u001b[1m❌\u001b[0m \u001b[91m\u001b[1m❌ Enhanced 16-step training pipeline failed\u001b[0m", "correlation_id": "ebd0e240-7743-46bc-ac40-4b422cc1e4ae", "session_id": "8a039ba3-8718-4728-a517-5ae4f4b0e4ca", "timestamp": "2025-08-10T14:06:56.729675+00:00"}
{"asctime": "2025-08-10 16:06:56,730", "levelname": "INFO", "name": "AresGlobal.AresLauncher", "message": "\u001b[91m\u001b[1m❌\u001b[0m \u001b[91m\u001b[1m❌ Enhanced 16-step training pipeline failed\u001b[0m", "correlation_id": "ebd0e240-7743-46bc-ac40-4b422cc1e4ae", "session_id": "8a039ba3-8718-4728-a517-5ae4f4b0e4ca", "timestamp": "2025-08-10T14:06:56.730178+00:00"}
{"asctime": "2025-08-10 16:06:56,730", "levelname": "INFO", "name": "AresGlobal", "message": "[SYSTEM] ================================================================================", "correlation_id": "ebd0e240-7743-46bc-ac40-4b422cc1e4ae", "session_id": "8a039ba3-8718-4728-a517-5ae4f4b0e4ca", "timestamp": "2025-08-10T14:06:56.730586+00:00"}
{"asctime": "2025-08-10 16:06:56,730", "levelname": "INFO", "name": "AresGlobal", "message": "[SYSTEM] 🛑 ARES LAUNCHER ENDED - Exit code: 1", "correlation_id": "ebd0e240-7743-46bc-ac40-4b422cc1e4ae", "session_id": "8a039ba3-8718-4728-a517-5ae4f4b0e4ca", "timestamp": "2025-08-10T14:06:56.730798+00:00"}
{"asctime": "2025-08-10 16:06:56,731", "levelname": "INFO", "name": "AresGlobal", "message": "[SYSTEM] End time: 2025-08-10 16:06:56", "correlation_id": "ebd0e240-7743-46bc-ac40-4b422cc1e4ae", "session_id": "8a039ba3-8718-4728-a517-5ae4f4b0e4ca", "timestamp": "2025-08-10T14:06:56.731017+00:00"}
{"asctime": "2025-08-10 16:06:56,731", "levelname": "INFO", "name": "AresGlobal", "message": "[SYSTEM] ================================================================================", "correlation_id": "ebd0e240-7743-46bc-ac40-4b422cc1e4ae", "session_id": "8a039ba3-8718-4728-a517-5ae4f4b0e4ca", "timestamp": "2025-08-10T14:06:56.731203+00:00"}
{"asctime": "2025-08-10 16:06:56,731", "levelname": "INFO", "name": "AresGlobal.AresLauncher", "message": "🧹 Cleaning up processes...", "correlation_id": "ebd0e240-7743-46bc-ac40-4b422cc1e4ae", "session_id": "8a039ba3-8718-4728-a517-5ae4f4b0e4ca", "timestamp": "2025-08-10T14:06:56.731326+00:00"}
{"asctime": "2025-08-10 16:06:56,731", "levelname": "INFO", "name": "AresGlobal.AresLauncher", "message": "✅ Cleanup completed", "correlation_id": "ebd0e240-7743-46bc-ac40-4b422cc1e4ae", "session_id": "8a039ba3-8718-4728-a517-5ae4f4b0e4ca", "timestamp": "2025-08-10T14:06:56.731434+00:00"}
