2025-08-07 22:08:54,129 - AresTradingSystem - INFO - ✅ Enhanced Logger initialization completed successfully
2025-08-07 22:08:54,150 - AresTradingSystem.System.VectorizedAdvancedFeatureEngineering - INFO - 🚀 Initializing vectorized advanced feature engineering...
2025-08-07 22:08:54,150 - AresTradingSystem.System.WaveletFeatureCache - INFO - ✅ Cache directory initialized: data/wavelet_cache
2025-08-07 22:08:54,150 - AresTradingSystem.System.VectorizedVolatilityRegimeModel - INFO - 🚀 Initializing vectorized volatility regime model...
2025-08-07 22:08:54,150 - AresTradingSystem.System.VectorizedVolatilityRegimeModel - INFO - ✅ Vectorized volatility regime model initialized successfully
2025-08-07 22:08:54,150 - AresTradingSystem.System.VectorizedCorrelationAnalyzer - INFO - 🚀 Initializing vectorized correlation analyzer...
2025-08-07 22:08:54,150 - AresTradingSystem.System.VectorizedCorrelationAnalyzer - INFO - ✅ Vectorized correlation analyzer initialized successfully
2025-08-07 22:08:54,151 - AresTradingSystem.System.VectorizedMomentumAnalyzer - INFO - 🚀 Initializing vectorized momentum analyzer...
2025-08-07 22:08:54,151 - AresTradingSystem.System.VectorizedMomentumAnalyzer - INFO - ✅ Vectorized momentum analyzer initialized successfully
2025-08-07 22:08:54,151 - AresTradingSystem.System.VectorizedLiquidityAnalyzer - INFO - 🚀 Initializing vectorized liquidity analyzer...
2025-08-07 22:08:54,151 - AresTradingSystem.System.VectorizedLiquidityAnalyzer - INFO - ✅ Vectorized liquidity analyzer initialized successfully
2025-08-07 22:08:54,151 - AresTradingSystem.System.VectorizedCandlestickPatternAnalyzer - INFO - 🚀 Initializing vectorized candlestick pattern analyzer...
2025-08-07 22:08:54,151 - AresTradingSystem.System.VectorizedCandlestickPatternAnalyzer - INFO - ✅ Vectorized candlestick pattern analyzer initialized successfully
2025-08-07 22:08:54,151 - AresTradingSystem.System.VectorizedSRDistanceCalculator - INFO - 🚀 Initializing vectorized S/R distance calculator...
2025-08-07 22:08:54,151 - AresTradingSystem.System.VectorizedSRDistanceCalculator - INFO - ✅ Vectorized S/R distance calculator initialized successfully
2025-08-07 22:08:54,151 - AresTradingSystem.System.VectorizedWaveletTransformAnalyzer - INFO - 🚀 Initializing enhanced vectorized wavelet transform analyzer...
2025-08-07 22:08:54,151 - AresTradingSystem.System.VectorizedWaveletTransformAnalyzer - INFO - ✅ Enhanced vectorized wavelet transform analyzer initialized successfully
2025-08-07 22:08:54,151 - AresTradingSystem.System.VectorizedWaveletTransformAnalyzer - INFO - 📊 Configuration: padding_mode=symmetric, cwt_scale_method=logarithmic, max_features_per_wavelet=20
2025-08-07 22:08:54,152 - AresTradingSystem.System.MetaLabelingSystem - INFO - 🚀 Initializing meta-labeling system...
2025-08-07 22:08:54,152 - AresTradingSystem.System.MetaLabelingSystem - INFO - ✅ Meta-labeling system initialized successfully
2025-08-07 22:08:54,152 - AresTradingSystem.System.VectorizedAdvancedFeatureEngineering - INFO - ✅ Vectorized advanced feature engineering initialized successfully
2025-08-07 22:08:54,152 - AresTradingSystem.System.VectorizedAdvancedFeatureEngineering - WARNING - Cannot create OHLCV structure. Available columns: ['price']
