{"asctime": "2025-08-11 14:17:36,207", "levelname": "INFO", "name": "AresTradingSystem", "message": "✅ Enhanced Logger initialization completed successfully", "correlation_id": "-", "session_id": "-", "timestamp": "2025-08-11T12:17:36.207976+00:00"}
{"asctime": "2025-08-11 14:17:36,216", "levelname": "INFO", "name": "AresTradingSystem.System.AutoencoderConfig", "message": "📋 Configuration loaded successfully from src/analyst/autoencoder_config.yaml", "correlation_id": "-", "session_id": "-", "timestamp": "2025-08-11T12:17:36.216870+00:00"}
{"asctime": "2025-08-11 14:17:36,217", "levelname": "INFO", "name": "AresTradingSystem.System.AutoencoderConfig", "message": "📊 Configuration sections: ['preprocessing', 'sequence', 'autoencoder', 'training', 'feature_filtering', 'feature_analysis', 'output', 'feature_interactions']", "correlation_id": "-", "session_id": "-", "timestamp": "2025-08-11T12:17:36.217207+00:00"}
{"asctime": "2025-08-11 14:17:36,217", "levelname": "INFO", "name": "AresTradingSystem.System.VectorizedLabellingOrchestrator", "message": "✅ Vectorized labeling orchestrator initialized successfully", "correlation_id": "-", "session_id": "-", "timestamp": "2025-08-11T12:17:36.217401+00:00"}
{"asctime": "2025-08-11 14:17:36,217", "levelname": "INFO", "name": "AresTradingSystem.System.AnalystLabelingFeatureEngineeringStep", "message": "Analyst Labeling and Feature Engineering Step initialized successfully", "correlation_id": "-", "session_id": "-", "timestamp": "2025-08-11T12:17:36.217534+00:00"}
{"asctime": "2025-08-11 14:17:36,217", "levelname": "INFO", "name": "AresTradingSystem.System.AnalystLabelingFeatureEngineeringStep", "message": "Starting analyst labeling and feature engineering...", "correlation_id": "-", "session_id": "-", "timestamp": "2025-08-11T12:17:36.217651+00:00"}
{"asctime": "2025-08-11 14:17:36,217", "levelname": "INFO", "name": "AresTradingSystem.System.AnalystLabelingFeatureEngineeringStep", "message": "🔄 Loading unified data...", "correlation_id": "-", "session_id": "-", "timestamp": "2025-08-11T12:17:36.217750+00:00"}
{"asctime": "2025-08-11 14:17:36,217", "levelname": "INFO", "name": "AresTradingSystem.System.UnifiedDataLoader", "message": "🔄 Loading unified data for ETHUSDT on BINANCE", "correlation_id": "-", "session_id": "-", "timestamp": "2025-08-11T12:17:36.217873+00:00"}
{"asctime": "2025-08-11 14:17:36,217", "levelname": "INFO", "name": "AresTradingSystem.System.UnifiedDataLoader", "message": "   Timeframe: 1m", "correlation_id": "-", "session_id": "-", "timestamp": "2025-08-11T12:17:36.217974+00:00"}
{"asctime": "2025-08-11 14:17:36,218", "levelname": "INFO", "name": "AresTradingSystem.System.UnifiedDataLoader", "message": "   Date range: 2025-02-12 to 2025-08-11", "correlation_id": "-", "session_id": "-", "timestamp": "2025-08-11T12:17:36.218270+00:00"}
{"asctime": "2025-08-11 14:17:36,218", "levelname": "INFO", "name": "AresTradingSystem.System.UnifiedDataLoader", "message": "   Streaming: True", "correlation_id": "-", "session_id": "-", "timestamp": "2025-08-11T12:17:36.218376+00:00"}
{"asctime": "2025-08-11 14:17:36,218", "levelname": "INFO", "name": "AresTradingSystem.System.UnifiedDataLoader", "message": "   ⚠️ Streaming disabled to avoid segmentation faults", "correlation_id": "-", "session_id": "-", "timestamp": "2025-08-11T12:17:36.218472+00:00"}
{"asctime": "2025-08-11 14:17:36,218", "levelname": "INFO", "name": "AresTradingSystem.System.UnifiedDataLoader", "message": "   📁 Found unified data cache, using optimized pyarrow loading", "correlation_id": "-", "session_id": "-", "timestamp": "2025-08-11T12:17:36.218590+00:00"}
{"asctime": "2025-08-11 14:17:36,218", "levelname": "INFO", "name": "AresTradingSystem.System.UnifiedDataLoader", "message": "🔧 Using optimized pyarrow loading...", "correlation_id": "-", "session_id": "-", "timestamp": "2025-08-11T12:17:36.218694+00:00"}
{"asctime": "2025-08-11 14:17:36,218", "levelname": "INFO", "name": "AresTradingSystem.System.UnifiedDataLoader", "message": "   ⚠️ PyArrow disabled to avoid segmentation faults", "correlation_id": "-", "session_id": "-", "timestamp": "2025-08-11T12:17:36.218788+00:00"}
{"asctime": "2025-08-11 14:17:36,218", "levelname": "INFO", "name": "AresTradingSystem.System.UnifiedDataLoader", "message": "🔧 Using memory-efficient streaming loading for 180 days...", "correlation_id": "-", "session_id": "-", "timestamp": "2025-08-11T12:17:36.218902+00:00"}
{"asctime": "2025-08-11 14:17:36,230", "levelname": "INFO", "name": "AresTradingSystem.System.UnifiedDataLoader", "message": "📁 Found 179 partition files", "correlation_id": "-", "session_id": "-", "timestamp": "2025-08-11T12:17:36.230847+00:00"}
{"asctime": "2025-08-11 14:17:36,348", "levelname": "INFO", "name": "AresTradingSystem.System.UnifiedDataLoader", "message": "   📄 Processing file 1/179: part-0.parquet", "correlation_id": "-", "session_id": "-", "timestamp": "2025-08-11T12:17:36.348870+00:00"}
{"asctime": "2025-08-11 14:17:36,356", "levelname": "INFO", "name": "AresTradingSystem.System.UnifiedDataLoader", "message": "   ✅ Loaded file 1: (1440, 19)", "correlation_id": "-", "session_id": "-", "timestamp": "2025-08-11T12:17:36.356618+00:00"}
{"asctime": "2025-08-11 14:17:36,359", "levelname": "INFO", "name": "AresTradingSystem.System.UnifiedDataLoader", "message": "   🔍 After date filtering: (582, 19)", "correlation_id": "-", "session_id": "-", "timestamp": "2025-08-11T12:17:36.359123+00:00"}
{"asctime": "2025-08-11 14:17:36,363", "levelname": "INFO", "name": "AresTradingSystem.System.UnifiedDataLoader", "message": "   📊 Total rows so far: 582", "correlation_id": "-", "session_id": "-", "timestamp": "2025-08-11T12:17:36.363401+00:00"}
{"asctime": "2025-08-11 14:17:39,068", "levelname": "INFO", "name": "AresTradingSystem.System.UnifiedDataLoader", "message": "   📄 Processing file 10/179: part-0.parquet", "correlation_id": "-", "session_id": "-", "timestamp": "2025-08-11T12:17:39.068321+00:00"}
{"asctime": "2025-08-11 14:17:39,075", "levelname": "INFO", "name": "AresTradingSystem.System.UnifiedDataLoader", "message": "   ✅ Loaded file 10: (1440, 19)", "correlation_id": "-", "session_id": "-", "timestamp": "2025-08-11T12:17:39.075361+00:00"}
{"asctime": "2025-08-11 14:17:39,077", "levelname": "INFO", "name": "AresTradingSystem.System.UnifiedDataLoader", "message": "   🔍 After date filtering: (1440, 19)", "correlation_id": "-", "session_id": "-", "timestamp": "2025-08-11T12:17:39.077118+00:00"}
{"asctime": "2025-08-11 14:17:39,088", "levelname": "INFO", "name": "AresTradingSystem.System.UnifiedDataLoader", "message": "   📊 Total rows so far: 13542", "correlation_id": "-", "session_id": "-", "timestamp": "2025-08-11T12:17:39.088299+00:00"}
{"asctime": "2025-08-11 14:17:41,852", "levelname": "INFO", "name": "AresTradingSystem.System.UnifiedDataLoader", "message": "   📄 Processing file 20/179: part-0.parquet", "correlation_id": "-", "session_id": "-", "timestamp": "2025-08-11T12:17:41.852798+00:00"}
{"asctime": "2025-08-11 14:17:41,859", "levelname": "INFO", "name": "AresTradingSystem.System.UnifiedDataLoader", "message": "   ✅ Loaded file 20: (1440, 19)", "correlation_id": "-", "session_id": "-", "timestamp": "2025-08-11T12:17:41.859362+00:00"}
{"asctime": "2025-08-11 14:17:41,861", "levelname": "INFO", "name": "AresTradingSystem.System.UnifiedDataLoader", "message": "   🔍 After date filtering: (1440, 19)", "correlation_id": "-", "session_id": "-", "timestamp": "2025-08-11T12:17:41.861175+00:00"}
{"asctime": "2025-08-11 14:17:41,870", "levelname": "INFO", "name": "AresTradingSystem.System.UnifiedDataLoader", "message": "   📊 Total rows so far: 27942", "correlation_id": "-", "session_id": "-", "timestamp": "2025-08-11T12:17:41.870670+00:00"}
{"asctime": "2025-08-11 14:17:44,801", "levelname": "INFO", "name": "AresTradingSystem.System.UnifiedDataLoader", "message": "   📄 Processing file 30/179: part-0.parquet", "correlation_id": "-", "session_id": "-", "timestamp": "2025-08-11T12:17:44.801540+00:00"}
{"asctime": "2025-08-11 14:17:44,808", "levelname": "INFO", "name": "AresTradingSystem.System.UnifiedDataLoader", "message": "   ✅ Loaded file 30: (1440, 19)", "correlation_id": "-", "session_id": "-", "timestamp": "2025-08-11T12:17:44.808385+00:00"}
{"asctime": "2025-08-11 14:17:44,809", "levelname": "INFO", "name": "AresTradingSystem.System.UnifiedDataLoader", "message": "   🔍 After date filtering: (1440, 19)", "correlation_id": "-", "session_id": "-", "timestamp": "2025-08-11T12:17:44.809980+00:00"}
{"asctime": "2025-08-11 14:17:44,818", "levelname": "INFO", "name": "AresTradingSystem.System.UnifiedDataLoader", "message": "   📊 Total rows so far: 42342", "correlation_id": "-", "session_id": "-", "timestamp": "2025-08-11T12:17:44.818744+00:00"}
{"asctime": "2025-08-11 14:17:47,813", "levelname": "INFO", "name": "AresTradingSystem.System.UnifiedDataLoader", "message": "   📄 Processing file 40/179: part-0.parquet", "correlation_id": "-", "session_id": "-", "timestamp": "2025-08-11T12:17:47.813597+00:00"}
{"asctime": "2025-08-11 14:17:47,819", "levelname": "INFO", "name": "AresTradingSystem.System.UnifiedDataLoader", "message": "   ✅ Loaded file 40: (1440, 19)", "correlation_id": "-", "session_id": "-", "timestamp": "2025-08-11T12:17:47.819154+00:00"}
{"asctime": "2025-08-11 14:17:47,821", "levelname": "INFO", "name": "AresTradingSystem.System.UnifiedDataLoader", "message": "   🔍 After date filtering: (1440, 19)", "correlation_id": "-", "session_id": "-", "timestamp": "2025-08-11T12:17:47.821880+00:00"}
{"asctime": "2025-08-11 14:17:47,833", "levelname": "INFO", "name": "AresTradingSystem.System.UnifiedDataLoader", "message": "   📊 Total rows so far: 56742", "correlation_id": "-", "session_id": "-", "timestamp": "2025-08-11T12:17:47.833286+00:00"}
{"asctime": "2025-08-11 14:17:50,875", "levelname": "INFO", "name": "AresTradingSystem.System.UnifiedDataLoader", "message": "   📄 Processing file 50/179: part-0.parquet", "correlation_id": "-", "session_id": "-", "timestamp": "2025-08-11T12:17:50.875379+00:00"}
{"asctime": "2025-08-11 14:17:50,880", "levelname": "INFO", "name": "AresTradingSystem.System.UnifiedDataLoader", "message": "   ✅ Loaded file 50: (1440, 19)", "correlation_id": "-", "session_id": "-", "timestamp": "2025-08-11T12:17:50.880941+00:00"}
{"asctime": "2025-08-11 14:17:50,882", "levelname": "INFO", "name": "AresTradingSystem.System.UnifiedDataLoader", "message": "   🔍 After date filtering: (1440, 19)", "correlation_id": "-", "session_id": "-", "timestamp": "2025-08-11T12:17:50.882551+00:00"}
{"asctime": "2025-08-11 14:17:50,892", "levelname": "INFO", "name": "AresTradingSystem.System.UnifiedDataLoader", "message": "   📊 Total rows so far: 71142", "correlation_id": "-", "session_id": "-", "timestamp": "2025-08-11T12:17:50.892583+00:00"}
{"asctime": "2025-08-11 14:17:55,997", "levelname": "INFO", "name": "AresTradingSystem.System.UnifiedDataLoader", "message": "   📄 Processing file 60/179: part-0.parquet", "correlation_id": "-", "session_id": "-", "timestamp": "2025-08-11T12:17:55.997423+00:00"}
{"asctime": "2025-08-11 14:17:56,008", "levelname": "INFO", "name": "AresTradingSystem.System.UnifiedDataLoader", "message": "   ✅ Loaded file 60: (1440, 19)", "correlation_id": "-", "session_id": "-", "timestamp": "2025-08-11T12:17:56.008939+00:00"}
{"asctime": "2025-08-11 14:17:56,011", "levelname": "INFO", "name": "AresTradingSystem.System.UnifiedDataLoader", "message": "   🔍 After date filtering: (1440, 19)", "correlation_id": "-", "session_id": "-", "timestamp": "2025-08-11T12:17:56.011774+00:00"}
{"asctime": "2025-08-11 14:17:56,028", "levelname": "INFO", "name": "AresTradingSystem.System.UnifiedDataLoader", "message": "   📊 Total rows so far: 85542", "correlation_id": "-", "session_id": "-", "timestamp": "2025-08-11T12:17:56.028849+00:00"}
{"asctime": "2025-08-11 14:18:00,025", "levelname": "INFO", "name": "AresTradingSystem.System.UnifiedDataLoader", "message": "   📄 Processing file 70/179: part-0.parquet", "correlation_id": "-", "session_id": "-", "timestamp": "2025-08-11T12:18:00.025307+00:00"}
{"asctime": "2025-08-11 14:18:00,031", "levelname": "INFO", "name": "AresTradingSystem.System.UnifiedDataLoader", "message": "   ✅ Loaded file 70: (1440, 19)", "correlation_id": "-", "session_id": "-", "timestamp": "2025-08-11T12:18:00.031771+00:00"}
{"asctime": "2025-08-11 14:18:00,033", "levelname": "INFO", "name": "AresTradingSystem.System.UnifiedDataLoader", "message": "   🔍 After date filtering: (1440, 19)", "correlation_id": "-", "session_id": "-", "timestamp": "2025-08-11T12:18:00.033493+00:00"}
{"asctime": "2025-08-11 14:18:00,043", "levelname": "INFO", "name": "AresTradingSystem.System.UnifiedDataLoader", "message": "   📊 Total rows so far: 99942", "correlation_id": "-", "session_id": "-", "timestamp": "2025-08-11T12:18:00.043617+00:00"}
{"asctime": "2025-08-11 14:18:03,507", "levelname": "INFO", "name": "AresTradingSystem.System.UnifiedDataLoader", "message": "   📄 Processing file 80/179: part-0.parquet", "correlation_id": "-", "session_id": "-", "timestamp": "2025-08-11T12:18:03.507913+00:00"}
{"asctime": "2025-08-11 14:18:03,515", "levelname": "INFO", "name": "AresTradingSystem.System.UnifiedDataLoader", "message": "   ✅ Loaded file 80: (1440, 19)", "correlation_id": "-", "session_id": "-", "timestamp": "2025-08-11T12:18:03.515428+00:00"}
{"asctime": "2025-08-11 14:18:03,516", "levelname": "INFO", "name": "AresTradingSystem.System.UnifiedDataLoader", "message": "   🔍 After date filtering: (1440, 19)", "correlation_id": "-", "session_id": "-", "timestamp": "2025-08-11T12:18:03.516804+00:00"}
{"asctime": "2025-08-11 14:18:03,526", "levelname": "INFO", "name": "AresTradingSystem.System.UnifiedDataLoader", "message": "   📊 Total rows so far: 114342", "correlation_id": "-", "session_id": "-", "timestamp": "2025-08-11T12:18:03.526436+00:00"}
{"asctime": "2025-08-11 14:18:06,932", "levelname": "INFO", "name": "AresTradingSystem.System.UnifiedDataLoader", "message": "   📄 Processing file 90/179: part-0.parquet", "correlation_id": "-", "session_id": "-", "timestamp": "2025-08-11T12:18:06.932183+00:00"}
{"asctime": "2025-08-11 14:18:06,938", "levelname": "INFO", "name": "AresTradingSystem.System.UnifiedDataLoader", "message": "   ✅ Loaded file 90: (1440, 19)", "correlation_id": "-", "session_id": "-", "timestamp": "2025-08-11T12:18:06.938452+00:00"}
{"asctime": "2025-08-11 14:18:06,940", "levelname": "INFO", "name": "AresTradingSystem.System.UnifiedDataLoader", "message": "   🔍 After date filtering: (1440, 19)", "correlation_id": "-", "session_id": "-", "timestamp": "2025-08-11T12:18:06.940407+00:00"}
{"asctime": "2025-08-11 14:18:06,950", "levelname": "INFO", "name": "AresTradingSystem.System.UnifiedDataLoader", "message": "   📊 Total rows so far: 128742", "correlation_id": "-", "session_id": "-", "timestamp": "2025-08-11T12:18:06.950528+00:00"}
{"asctime": "2025-08-11 14:18:10,407", "levelname": "INFO", "name": "AresTradingSystem.System.UnifiedDataLoader", "message": "   📄 Processing file 100/179: part-0.parquet", "correlation_id": "-", "session_id": "-", "timestamp": "2025-08-11T12:18:10.407769+00:00"}
{"asctime": "2025-08-11 14:18:10,449", "levelname": "INFO", "name": "AresTradingSystem.System.UnifiedDataLoader", "message": "   ✅ Loaded file 100: (1440, 19)", "correlation_id": "-", "session_id": "-", "timestamp": "2025-08-11T12:18:10.449756+00:00"}
{"asctime": "2025-08-11 14:18:10,474", "levelname": "INFO", "name": "AresTradingSystem.System.UnifiedDataLoader", "message": "   🔍 After date filtering: (1440, 19)", "correlation_id": "-", "session_id": "-", "timestamp": "2025-08-11T12:18:10.474403+00:00"}
{"asctime": "2025-08-11 14:18:10,512", "levelname": "INFO", "name": "AresTradingSystem.System.UnifiedDataLoader", "message": "   📊 Total rows so far: 143142", "correlation_id": "-", "session_id": "-", "timestamp": "2025-08-11T12:18:10.512112+00:00"}
{"asctime": "2025-08-11 14:18:14,417", "levelname": "INFO", "name": "AresTradingSystem.System.UnifiedDataLoader", "message": "   📄 Processing file 110/179: part-0.parquet", "correlation_id": "-", "session_id": "-", "timestamp": "2025-08-11T12:18:14.417843+00:00"}
{"asctime": "2025-08-11 14:18:14,424", "levelname": "INFO", "name": "AresTradingSystem.System.UnifiedDataLoader", "message": "   ✅ Loaded file 110: (1440, 19)", "correlation_id": "-", "session_id": "-", "timestamp": "2025-08-11T12:18:14.424905+00:00"}
{"asctime": "2025-08-11 14:18:14,426", "levelname": "INFO", "name": "AresTradingSystem.System.UnifiedDataLoader", "message": "   🔍 After date filtering: (1440, 19)", "correlation_id": "-", "session_id": "-", "timestamp": "2025-08-11T12:18:14.426474+00:00"}
{"asctime": "2025-08-11 14:18:14,435", "levelname": "INFO", "name": "AresTradingSystem.System.UnifiedDataLoader", "message": "   📊 Total rows so far: 157542", "correlation_id": "-", "session_id": "-", "timestamp": "2025-08-11T12:18:14.435159+00:00"}
{"asctime": "2025-08-11 14:18:18,067", "levelname": "INFO", "name": "AresTradingSystem.System.UnifiedDataLoader", "message": "   📄 Processing file 120/179: part-0.parquet", "correlation_id": "-", "session_id": "-", "timestamp": "2025-08-11T12:18:18.067617+00:00"}
{"asctime": "2025-08-11 14:18:18,073", "levelname": "INFO", "name": "AresTradingSystem.System.UnifiedDataLoader", "message": "   ✅ Loaded file 120: (1440, 19)", "correlation_id": "-", "session_id": "-", "timestamp": "2025-08-11T12:18:18.073654+00:00"}
{"asctime": "2025-08-11 14:18:18,075", "levelname": "INFO", "name": "AresTradingSystem.System.UnifiedDataLoader", "message": "   🔍 After date filtering: (1440, 19)", "correlation_id": "-", "session_id": "-", "timestamp": "2025-08-11T12:18:18.075415+00:00"}
{"asctime": "2025-08-11 14:18:18,084", "levelname": "INFO", "name": "AresTradingSystem.System.UnifiedDataLoader", "message": "   📊 Total rows so far: 171942", "correlation_id": "-", "session_id": "-", "timestamp": "2025-08-11T12:18:18.084592+00:00"}
{"asctime": "2025-08-11 14:18:21,806", "levelname": "INFO", "name": "AresTradingSystem.System.UnifiedDataLoader", "message": "   📄 Processing file 130/179: part-0.parquet", "correlation_id": "-", "session_id": "-", "timestamp": "2025-08-11T12:18:21.806510+00:00"}
{"asctime": "2025-08-11 14:18:21,812", "levelname": "INFO", "name": "AresTradingSystem.System.UnifiedDataLoader", "message": "   ✅ Loaded file 130: (1440, 19)", "correlation_id": "-", "session_id": "-", "timestamp": "2025-08-11T12:18:21.812634+00:00"}
{"asctime": "2025-08-11 14:18:21,814", "levelname": "INFO", "name": "AresTradingSystem.System.UnifiedDataLoader", "message": "   🔍 After date filtering: (1440, 19)", "correlation_id": "-", "session_id": "-", "timestamp": "2025-08-11T12:18:21.814053+00:00"}
{"asctime": "2025-08-11 14:18:21,824", "levelname": "INFO", "name": "AresTradingSystem.System.UnifiedDataLoader", "message": "   📊 Total rows so far: 186342", "correlation_id": "-", "session_id": "-", "timestamp": "2025-08-11T12:18:21.824316+00:00"}
{"asctime": "2025-08-11 14:18:27,691", "levelname": "INFO", "name": "AresTradingSystem.System.UnifiedDataLoader", "message": "   📄 Processing file 140/179: part-0.parquet", "correlation_id": "-", "session_id": "-", "timestamp": "2025-08-11T12:18:27.691894+00:00"}
{"asctime": "2025-08-11 14:18:27,701", "levelname": "INFO", "name": "AresTradingSystem.System.UnifiedDataLoader", "message": "   ✅ Loaded file 140: (1440, 19)", "correlation_id": "-", "session_id": "-", "timestamp": "2025-08-11T12:18:27.701121+00:00"}
{"asctime": "2025-08-11 14:18:27,702", "levelname": "INFO", "name": "AresTradingSystem.System.UnifiedDataLoader", "message": "   🔍 After date filtering: (1440, 19)", "correlation_id": "-", "session_id": "-", "timestamp": "2025-08-11T12:18:27.703007+00:00"}
{"asctime": "2025-08-11 14:18:27,717", "levelname": "INFO", "name": "AresTradingSystem.System.UnifiedDataLoader", "message": "   📊 Total rows so far: 200742", "correlation_id": "-", "session_id": "-", "timestamp": "2025-08-11T12:18:27.717910+00:00"}
{"asctime": "2025-08-11 14:18:32,087", "levelname": "INFO", "name": "AresTradingSystem.System.UnifiedDataLoader", "message": "   📄 Processing file 150/179: part-0.parquet", "correlation_id": "-", "session_id": "-", "timestamp": "2025-08-11T12:18:32.087865+00:00"}
{"asctime": "2025-08-11 14:18:32,094", "levelname": "INFO", "name": "AresTradingSystem.System.UnifiedDataLoader", "message": "   ✅ Loaded file 150: (1440, 19)", "correlation_id": "-", "session_id": "-", "timestamp": "2025-08-11T12:18:32.094898+00:00"}
{"asctime": "2025-08-11 14:18:32,096", "levelname": "INFO", "name": "AresTradingSystem.System.UnifiedDataLoader", "message": "   🔍 After date filtering: (1440, 19)", "correlation_id": "-", "session_id": "-", "timestamp": "2025-08-11T12:18:32.096432+00:00"}
{"asctime": "2025-08-11 14:18:32,106", "levelname": "INFO", "name": "AresTradingSystem.System.UnifiedDataLoader", "message": "   📊 Total rows so far: 215142", "correlation_id": "-", "session_id": "-", "timestamp": "2025-08-11T12:18:32.106947+00:00"}
{"asctime": "2025-08-11 14:18:36,264", "levelname": "INFO", "name": "AresTradingSystem.System.UnifiedDataLoader", "message": "   📄 Processing file 160/179: part-0.parquet", "correlation_id": "-", "session_id": "-", "timestamp": "2025-08-11T12:18:36.264509+00:00"}
{"asctime": "2025-08-11 14:18:36,270", "levelname": "INFO", "name": "AresTradingSystem.System.UnifiedDataLoader", "message": "   ✅ Loaded file 160: (1440, 19)", "correlation_id": "-", "session_id": "-", "timestamp": "2025-08-11T12:18:36.270864+00:00"}
{"asctime": "2025-08-11 14:18:36,272", "levelname": "INFO", "name": "AresTradingSystem.System.UnifiedDataLoader", "message": "   🔍 After date filtering: (1440, 19)", "correlation_id": "-", "session_id": "-", "timestamp": "2025-08-11T12:18:36.272909+00:00"}
{"asctime": "2025-08-11 14:18:36,282", "levelname": "INFO", "name": "AresTradingSystem.System.UnifiedDataLoader", "message": "   📊 Total rows so far: 229542", "correlation_id": "-", "session_id": "-", "timestamp": "2025-08-11T12:18:36.282672+00:00"}
{"asctime": "2025-08-11 14:18:40,376", "levelname": "INFO", "name": "AresTradingSystem.System.UnifiedDataLoader", "message": "   📄 Processing file 170/179: part-0.parquet", "correlation_id": "-", "session_id": "-", "timestamp": "2025-08-11T12:18:40.376657+00:00"}
{"asctime": "2025-08-11 14:18:40,382", "levelname": "INFO", "name": "AresTradingSystem.System.UnifiedDataLoader", "message": "   ✅ Loaded file 170: (1440, 19)", "correlation_id": "-", "session_id": "-", "timestamp": "2025-08-11T12:18:40.382271+00:00"}
{"asctime": "2025-08-11 14:18:40,383", "levelname": "INFO", "name": "AresTradingSystem.System.UnifiedDataLoader", "message": "   🔍 After date filtering: (1440, 19)", "correlation_id": "-", "session_id": "-", "timestamp": "2025-08-11T12:18:40.383717+00:00"}
{"asctime": "2025-08-11 14:18:40,394", "levelname": "INFO", "name": "AresTradingSystem.System.UnifiedDataLoader", "message": "   📊 Total rows so far: 243942", "correlation_id": "-", "session_id": "-", "timestamp": "2025-08-11T12:18:40.394591+00:00"}
{"asctime": "2025-08-11 14:18:44,464", "levelname": "INFO", "name": "AresTradingSystem.System.UnifiedDataLoader", "message": "🔄 Converting 256532 records to DataFrame...", "correlation_id": "-", "session_id": "-", "timestamp": "2025-08-11T12:18:44.464585+00:00"}
{"asctime": "2025-08-11 14:18:46,051", "levelname": "INFO", "name": "AresTradingSystem.System.UnifiedDataLoader", "message": "✅ Memory-efficient loading completed: (256532, 19)", "correlation_id": "-", "session_id": "-", "timestamp": "2025-08-11T12:18:46.051781+00:00"}
{"asctime": "2025-08-11 14:18:46,055", "levelname": "INFO", "name": "AresTradingSystem.System.AnalystLabelingFeatureEngineeringStep", "message": "✅ Loaded unified data: 256532 rows", "correlation_id": "-", "session_id": "-", "timestamp": "2025-08-11T12:18:46.055702+00:00"}
{"asctime": "2025-08-11 14:18:46,056", "levelname": "INFO", "name": "AresTradingSystem.System.AnalystLabelingFeatureEngineeringStep", "message": "✅ Validated OHLCV data", "correlation_id": "-", "session_id": "-", "timestamp": "2025-08-11T12:18:46.056161+00:00"}
{"asctime": "2025-08-11 14:18:46,057", "levelname": "INFO", "name": "AresTradingSystem.System.VectorizedLabellingOrchestrator", "message": "🎯 Starting comprehensive vectorized labeling and feature engineering orchestration...", "correlation_id": "-", "session_id": "-", "timestamp": "2025-08-11T12:18:46.057516+00:00"}
{"asctime": "2025-08-11 14:18:46,057", "levelname": "INFO", "name": "AresTradingSystem.System.VectorizedLabellingOrchestrator", "message": "📊 Performing stationary checks...", "correlation_id": "-", "session_id": "-", "timestamp": "2025-08-11T12:18:46.057719+00:00"}
{"asctime": "2025-08-11 14:18:46,058", "levelname": "INFO", "name": "AresTradingSystem.System.VectorizedStationarityChecker", "message": "🔍 Checking data stationarity...", "correlation_id": "-", "session_id": "-", "timestamp": "2025-08-11T12:18:46.058162+00:00"}
{"asctime": "2025-08-11 14:18:46,117", "levelname": "INFO", "name": "AresTradingSystem.System.VectorizedStationarityChecker", "message": "📈 Transforming price data for stationarity...", "correlation_id": "-", "session_id": "-", "timestamp": "2025-08-11T12:18:46.117670+00:00"}
{"asctime": "2025-08-11 14:18:46,159", "levelname": "INFO", "name": "AresTradingSystem.System.VectorizedStationarityChecker", "message": "✅ Transformed price data shape: (256532, 28), columns: ['timestamp', 'open', 'high', 'low', 'close', 'volume', 'year', 'month', 'day', 'exchange', 'symbol', 'timeframe', 'trade_volume', 'trade_count', 'avg_price', 'min_price', 'max_price', 'volume_ratio', 'funding_rate', 'close_returns', 'open_returns', 'high_returns', 'low_returns', 'close_log', 'open_log', 'high_log', 'low_log', 'close_detrended']", "correlation_id": "-", "session_id": "-", "timestamp": "2025-08-11T12:18:46.159458+00:00"}
{"asctime": "2025-08-11 14:18:46,212", "levelname": "INFO", "name": "AresTradingSystem.System.VectorizedStationarityChecker", "message": "📊 Transforming volume data for stationarity...", "correlation_id": "-", "session_id": "-", "timestamp": "2025-08-11T12:18:46.212969+00:00"}
{"asctime": "2025-08-11 14:18:46,230", "levelname": "INFO", "name": "AresTradingSystem.System.VectorizedStationarityChecker", "message": "✅ Transformed volume data shape: (256532, 4), columns: ['volume', 'volume_log', 'volume_detrended', 'volume_normalized']", "correlation_id": "-", "session_id": "-", "timestamp": "2025-08-11T12:18:46.230820+00:00"}
{"asctime": "2025-08-11 14:18:46,231", "levelname": "INFO", "name": "AresTradingSystem.System.VectorizedLabellingOrchestrator", "message": "🔧 Generating advanced features...", "correlation_id": "-", "session_id": "-", "timestamp": "2025-08-11T12:18:46.231250+00:00"}
{"asctime": "2025-08-11 14:19:40,523", "levelname": "INFO", "name": "AresTradingSystem.System.VectorizedCandlestickPatternAnalyzer", "message": "✅ Analyzed 8 pattern categories using vectorized operations", "correlation_id": "-", "session_id": "-", "timestamp": "2025-08-11T12:19:40.523914+00:00"}
{"asctime": "2025-08-11 14:21:01,588", "levelname": "INFO", "name": "AresTradingSystem.System.VectorizedAdvancedFeatureEngineering", "message": "🔧 Computing wavelet features (not cached): 4efaba3afe69e959", "correlation_id": "-", "session_id": "-", "timestamp": "2025-08-11T12:21:01.588863+00:00"}
{"asctime": "2025-08-11 14:21:01,591", "levelname": "INFO", "name": "AresTradingSystem.System.VectorizedWaveletTransformAnalyzer", "message": "🔍 Performing enhanced wavelet transform analysis...", "correlation_id": "-", "session_id": "-", "timestamp": "2025-08-11T12:21:01.591090+00:00"}
{"asctime": "2025-08-11 14:21:08,542", "levelname": "INFO", "name": "AresTradingSystem.System.VectorizedWaveletTransformAnalyzer", "message": "Selected 40 features from 972 candidates using variance method", "correlation_id": "-", "session_id": "-", "timestamp": "2025-08-11T12:21:08.542175+00:00"}
{"asctime": "2025-08-11 14:21:08,542", "levelname": "INFO", "name": "AresTradingSystem.System.VectorizedWaveletTransformAnalyzer", "message": "✅ Enhanced wavelet transform analysis completed in 6.95s. Generated 40 features from 972 candidates. Feature selection: variance", "correlation_id": "-", "session_id": "-", "timestamp": "2025-08-11T12:21:08.542550+00:00"}
{"asctime": "2025-08-11 14:21:08,542", "levelname": "INFO", "name": "AresTradingSystem.System.VectorizedWaveletTransformAnalyzer", "message": "📊 Wavelet Analysis Performance Metrics:", "correlation_id": "-", "session_id": "-", "timestamp": "2025-08-11T12:21:08.542709+00:00"}
{"asctime": "2025-08-11 14:21:08,542", "levelname": "INFO", "name": "AresTradingSystem.System.VectorizedWaveletTransformAnalyzer", "message": "  dwt: 0.115s (792 features)", "correlation_id": "-", "session_id": "-", "timestamp": "2025-08-11T12:21:08.542844+00:00"}
{"asctime": "2025-08-11 14:21:08,542", "levelname": "INFO", "name": "AresTradingSystem.System.VectorizedWaveletTransformAnalyzer", "message": "  cwt: 6.767s (180 features)", "correlation_id": "-", "session_id": "-", "timestamp": "2025-08-11T12:21:08.542950+00:00"}
{"asctime": "2025-08-11 14:21:08,543", "levelname": "INFO", "name": "AresTradingSystem.System.VectorizedWaveletTransformAnalyzer", "message": "  packet: 0.000s (0 features)", "correlation_id": "-", "session_id": "-", "timestamp": "2025-08-11T12:21:08.543045+00:00"}
{"asctime": "2025-08-11 14:21:08,543", "levelname": "INFO", "name": "AresTradingSystem.System.VectorizedWaveletTransformAnalyzer", "message": "  denoising: 0.000s (0 features)", "correlation_id": "-", "session_id": "-", "timestamp": "2025-08-11T12:21:08.543138+00:00"}
{"asctime": "2025-08-11 14:21:08,543", "levelname": "INFO", "name": "AresTradingSystem.System.VectorizedWaveletTransformAnalyzer", "message": "  multi_wavelet: 0.000s (0 features)", "correlation_id": "-", "session_id": "-", "timestamp": "2025-08-11T12:21:08.543227+00:00"}
{"asctime": "2025-08-11 14:21:08,543", "levelname": "INFO", "name": "AresTradingSystem.System.VectorizedWaveletTransformAnalyzer", "message": "  volume_wavelet: 0.000s (0 features)", "correlation_id": "-", "session_id": "-", "timestamp": "2025-08-11T12:21:08.543347+00:00"}
{"asctime": "2025-08-11 14:21:08,543", "levelname": "INFO", "name": "AresTradingSystem.System.VectorizedWaveletTransformAnalyzer", "message": "  Total: 6.951s (40 features)", "correlation_id": "-", "session_id": "-", "timestamp": "2025-08-11T12:21:08.543436+00:00"}
{"asctime": "2025-08-11 14:21:08,543", "levelname": "INFO", "name": "AresTradingSystem.System.VectorizedWaveletTransformAnalyzer", "message": "  Performance: 5.8 features/second", "correlation_id": "-", "session_id": "-", "timestamp": "2025-08-11T12:21:08.543537+00:00"}
{"asctime": "2025-08-11 14:21:08,561", "levelname": "INFO", "name": "AresTradingSystem.System.WaveletFeatureCache", "message": "✅ Cached 40 wavelet features to data/wavelet_cache/features/4efaba3afe69e959_features.parquet", "correlation_id": "-", "session_id": "-", "timestamp": "2025-08-11T12:21:08.561349+00:00"}
{"asctime": "2025-08-11 14:21:08,561", "levelname": "INFO", "name": "AresTradingSystem.System.VectorizedAdvancedFeatureEngineering", "message": "💾 Cached wavelet features: 4efaba3afe69e959", "correlation_id": "-", "session_id": "-", "timestamp": "2025-08-11T12:21:08.561639+00:00"}
{"asctime": "2025-08-11 14:21:09,257", "levelname": "INFO", "name": "AresTradingSystem.System.VectorizedAdvancedFeatureEngineering", "message": "✅ Engineered 112 vectorized advanced features including wavelet transforms", "correlation_id": "-", "session_id": "-", "timestamp": "2025-08-11T12:21:09.257549+00:00"}
{"asctime": "2025-08-11 14:21:09,257", "levelname": "INFO", "name": "AresTradingSystem.System.VectorizedLabellingOrchestrator", "message": "🏷️ Applying triple barrier labeling...", "correlation_id": "-", "session_id": "-", "timestamp": "2025-08-11T12:21:09.258010+00:00"}
{"asctime": "2025-08-11 14:21:11,144", "levelname": "INFO", "name": "AresTradingSystem.System.VectorizedLabellingOrchestrator", "message": "🔗 Combining features and labels...", "correlation_id": "-", "session_id": "-", "timestamp": "2025-08-11T12:21:11.144720+00:00"}
{"asctime": "2025-08-11 14:21:11,146", "levelname": "INFO", "name": "AresTradingSystem.System.VectorizedLabellingOrchestrator", "message": "Removing datetime columns: ['timestamp']", "correlation_id": "-", "session_id": "-", "timestamp": "2025-08-11T12:21:11.146138+00:00"}
{"asctime": "2025-08-11 14:21:11,226", "levelname": "WARNING", "name": "AresTradingSystem.System.VectorizedLabellingOrchestrator", "message": "🚨 CRITICAL: Found raw OHLCV columns in features: ['open', 'high', 'low', 'close', 'volume']", "correlation_id": "-", "session_id": "-", "timestamp": "2025-08-11T12:21:11.226103+00:00"}
{"asctime": "2025-08-11 14:21:11,226", "levelname": "WARNING", "name": "AresTradingSystem.System.VectorizedLabellingOrchestrator", "message": "🚨 Removing raw OHLCV columns to prevent data leakage!", "correlation_id": "-", "session_id": "-", "timestamp": "2025-08-11T12:21:11.226508+00:00"}
{"asctime": "2025-08-11 14:21:11,249", "levelname": "INFO", "name": "AresTradingSystem.System.VectorizedLabellingOrchestrator", "message": "Combined features: added=3, trimmed=3, padded=0, skipped_scalars=109", "correlation_id": "-", "session_id": "-", "timestamp": "2025-08-11T12:21:11.250011+00:00"}
{"asctime": "2025-08-11 14:21:11,255", "levelname": "INFO", "name": "AresTradingSystem.System.VectorizedLabellingOrchestrator", "message": "🎯 Performing feature selection...", "correlation_id": "-", "session_id": "-", "timestamp": "2025-08-11T12:21:11.255500+00:00"}
{"asctime": "2025-08-11 14:21:11,256", "levelname": "INFO", "name": "AresTradingSystem.System.VectorizedFeatureSelector", "message": "🎯 Starting feature selection...", "correlation_id": "-", "session_id": "-", "timestamp": "2025-08-11T12:21:11.256237+00:00"}
{"asctime": "2025-08-11 14:21:11,272", "levelname": "INFO", "name": "AresTradingSystem.System.VectorizedFeatureSelector", "message": "Handling NaN values in feature selection...", "correlation_id": "-", "session_id": "-", "timestamp": "2025-08-11T12:21:11.272956+00:00"}
{"asctime": "2025-08-11 14:21:11,775", "levelname": "INFO", "name": "AresTradingSystem.System.VectorizedFeatureSelector", "message": "Removed 4 constant features: ['year', 'exchange', 'symbol', 'timeframe']", "correlation_id": "-", "session_id": "-", "timestamp": "2025-08-11T12:21:11.775832+00:00"}
{"asctime": "2025-08-11 14:21:12,927", "levelname": "INFO", "name": "AresTradingSystem.System.VectorizedFeatureSelector", "message": "Removed 5 highly correlated features", "correlation_id": "-", "session_id": "-", "timestamp": "2025-08-11T12:21:12.927291+00:00"}
{"asctime": "2025-08-11 14:21:15,150", "levelname": "INFO", "name": "AresTradingSystem.System.VectorizedFeatureSelector", "message": "✅ VIF Analysis: All features have VIF <= 10.0", "correlation_id": "-", "session_id": "-", "timestamp": "2025-08-11T12:21:15.150355+00:00"}
{"asctime": "2025-08-11 14:21:47,623", "levelname": "INFO", "name": "AresTradingSystem.System.VectorizedFeatureSelector", "message": "Skipping mutual info feature removal (removal %: 0.35 > threshold: 0.30)", "correlation_id": "-", "session_id": "-", "timestamp": "2025-08-11T12:21:47.624167+00:00"}
{"asctime": "2025-08-11 14:21:49,415", "levelname": "INFO", "name": "AresTradingSystem.System.VectorizedFeatureSelector", "message": "Removed 3 low importance features", "correlation_id": "-", "session_id": "-", "timestamp": "2025-08-11T12:21:49.415801+00:00"}
{"asctime": "2025-08-11 14:21:49,435", "levelname": "INFO", "name": "AresTradingSystem.System.VectorizedFeatureSelector", "message": "Feature selection completed. Initial features: 26, Final features: 14", "correlation_id": "-", "session_id": "-", "timestamp": "2025-08-11T12:21:49.435164+00:00"}
{"asctime": "2025-08-11 14:21:49,475", "levelname": "INFO", "name": "AresTradingSystem.System.VectorizedLabellingOrchestrator", "message": "📏 Normalizing data...", "correlation_id": "-", "session_id": "-", "timestamp": "2025-08-11T12:21:49.475841+00:00"}
{"asctime": "2025-08-11 14:21:49,476", "levelname": "INFO", "name": "AresTradingSystem.System.VectorizedDataNormalizer", "message": "📏 Normalizing data...", "correlation_id": "-", "session_id": "-", "timestamp": "2025-08-11T12:21:49.476314+00:00"}
{"asctime": "2025-08-11 14:21:49,855", "levelname": "INFO", "name": "AresTradingSystem.System.VectorizedDataNormalizer", "message": "✅ Data normalization completed", "correlation_id": "-", "session_id": "-", "timestamp": "2025-08-11T12:21:49.855782+00:00"}
{"asctime": "2025-08-11 14:21:49,856", "levelname": "INFO", "name": "AresTradingSystem.System.VectorizedLabellingOrchestrator", "message": "🤖 Generating autoencoder features...", "correlation_id": "-", "session_id": "-", "timestamp": "2025-08-11T12:21:49.856314+00:00"}
{"asctime": "2025-08-11 14:21:49,883", "levelname": "INFO", "name": "AresTradingSystem.System.VectorizedLabellingOrchestrator", "message": "🗑️ Removed 'label' column from autoencoder input to prevent data leakage", "correlation_id": "-", "session_id": "-", "timestamp": "2025-08-11T12:21:49.883895+00:00"}
{"asctime": "2025-08-11 14:21:49,884", "levelname": "INFO", "name": "AresTradingSystem.System.AutoencoderFeatureGenerator", "message": "🚀 Starting autoencoder feature generation for regime: vectorized_regime", "correlation_id": "-", "session_id": "-", "timestamp": "2025-08-11T12:21:49.884504+00:00"}
{"asctime": "2025-08-11 14:21:49,884", "levelname": "INFO", "name": "AresTradingSystem.System.AutoencoderFeatureGenerator", "message": "🔄 NEW STEP: Converting price features to returns for autoencoder training...", "correlation_id": "-", "session_id": "-", "timestamp": "2025-08-11T12:21:49.884930+00:00"}
{"asctime": "2025-08-11 14:21:49,885", "levelname": "INFO", "name": "AresTradingSystem.System.PriceReturnConverter", "message": "🔄 Converting price features to returns for autoencoder training...", "correlation_id": "-", "session_id": "-", "timestamp": "2025-08-11T12:21:49.885573+00:00"}
{"asctime": "2025-08-11 14:21:49,892", "levelname": "INFO", "name": "AresTradingSystem.System.PriceReturnConverter", "message": "🎯 Using optimized feature selection to avoid redundancy", "correlation_id": "-", "session_id": "-", "timestamp": "2025-08-11T12:21:49.892617+00:00"}
{"asctime": "2025-08-11 14:21:50,002", "levelname": "INFO", "name": "AresTradingSystem.System.PriceReturnConverter", "message": "📊 Found 7 price features: ['avg_price', 'close_returns', 'open_returns', 'high_returns', 'low_returns', 'close_log', 'close_detrended']", "correlation_id": "-", "session_id": "-", "timestamp": "2025-08-11T12:21:50.003018+00:00"}
{"asctime": "2025-08-11 14:21:50,003", "levelname": "INFO", "name": "AresTradingSystem.System.PriceReturnConverter", "message": "📊 Found 2 volume features: ['trade_volume', 'volume_ratio']", "correlation_id": "-", "session_id": "-", "timestamp": "2025-08-11T12:21:50.003781+00:00"}
{"asctime": "2025-08-11 14:21:50,004", "levelname": "INFO", "name": "AresTradingSystem.System.PriceReturnConverter", "message": "🎯 Selected 'avg_price' as primary price feature (preferred 'close' not available)", "correlation_id": "-", "session_id": "-", "timestamp": "2025-08-11T12:21:50.004048+00:00"}
{"asctime": "2025-08-11 14:21:50,004", "levelname": "INFO", "name": "AresTradingSystem.System.PriceReturnConverter", "message": "🎯 Selected 'trade_volume' as primary volume feature (preferred 'volume' not available)", "correlation_id": "-", "session_id": "-", "timestamp": "2025-08-11T12:21:50.004210+00:00"}
{"asctime": "2025-08-11 14:21:50,113", "levelname": "INFO", "name": "AresTradingSystem.System.PriceReturnConverter", "message": "🗑️ Removing 7 redundant features: ['volume_ratio', 'close_returns', 'open_returns', 'high_returns', 'low_returns', 'close_log', 'close_detrended']", "correlation_id": "-", "session_id": "-", "timestamp": "2025-08-11T12:21:50.113968+00:00"}
{"asctime": "2025-08-11 14:21:50,118", "levelname": "INFO", "name": "AresTradingSystem.System.PriceReturnConverter", "message": "📊 Converting 2 selected features to returns: ['avg_price', 'trade_volume']", "correlation_id": "-", "session_id": "-", "timestamp": "2025-08-11T12:21:50.118541+00:00"}
{"asctime": "2025-08-11 14:21:50,129", "levelname": "INFO", "name": "AresTradingSystem.System.PriceReturnConverter", "message": "   📊 Converted 'avg_price' to returns (method: pct_change)", "correlation_id": "-", "session_id": "-", "timestamp": "2025-08-11T12:21:50.129716+00:00"}
{"asctime": "2025-08-11 14:21:50,130", "levelname": "INFO", "name": "AresTradingSystem.System.PriceReturnConverter", "message": "      Original range: [-2.263552, 1.736448]", "correlation_id": "-", "session_id": "-", "timestamp": "2025-08-11T12:21:50.130966+00:00"}
{"asctime": "2025-08-11 14:21:50,131", "levelname": "INFO", "name": "AresTradingSystem.System.PriceReturnConverter", "message": "      Returns range: [-324.613333, 551.391304]", "correlation_id": "-", "session_id": "-", "timestamp": "2025-08-11T12:21:50.131698+00:00"}
{"asctime": "2025-08-11 14:21:50,139", "levelname": "WARNING", "name": "AresTradingSystem.System.PriceReturnConverter", "message": "⚠️ Found 123 extreme values (>±1000) in 'trade_volume' returns - clipping", "correlation_id": "-", "session_id": "-", "timestamp": "2025-08-11T12:21:50.139193+00:00"}
{"asctime": "2025-08-11 14:21:50,143", "levelname": "INFO", "name": "AresTradingSystem.System.PriceReturnConverter", "message": "   📊 Converted 'trade_volume' to returns (method: pct_change)", "correlation_id": "-", "session_id": "-", "timestamp": "2025-08-11T12:21:50.143408+00:00"}
{"asctime": "2025-08-11 14:21:50,144", "levelname": "INFO", "name": "AresTradingSystem.System.PriceReturnConverter", "message": "      Original range: [-0.603862, 2.178525]", "correlation_id": "-", "session_id": "-", "timestamp": "2025-08-11T12:21:50.144187+00:00"}
{"asctime": "2025-08-11 14:21:50,144", "levelname": "INFO", "name": "AresTradingSystem.System.PriceReturnConverter", "message": "      Returns range: [-1000.000000, 1000.000000]", "correlation_id": "-", "session_id": "-", "timestamp": "2025-08-11T12:21:50.144783+00:00"}
{"asctime": "2025-08-11 14:21:50,144", "levelname": "INFO", "name": "AresTradingSystem.System.PriceReturnConverter", "message": "✅ Successfully converted 2 price features to returns", "correlation_id": "-", "session_id": "-", "timestamp": "2025-08-11T12:21:50.144916+00:00"}
{"asctime": "2025-08-11 14:21:50,145", "levelname": "INFO", "name": "AresTradingSystem.System.PriceReturnConverter", "message": "📊 Final feature count: 6 columns", "correlation_id": "-", "session_id": "-", "timestamp": "2025-08-11T12:21:50.145177+00:00"}
{"asctime": "2025-08-11 14:21:50,156", "levelname": "INFO", "name": "AresTradingSystem.System.PriceReturnConverter", "message": "✅ Final validation passed: no infinite values detected", "correlation_id": "-", "session_id": "-", "timestamp": "2025-08-11T12:21:50.156052+00:00"}
{"asctime": "2025-08-11 14:21:50,156", "levelname": "INFO", "name": "AresTradingSystem.System.AutoencoderFeatureGenerator", "message": "✅ Price return conversion completed. Features shape: (256432, 6)", "correlation_id": "-", "session_id": "-", "timestamp": "2025-08-11T12:21:50.156405+00:00"}
{"asctime": "2025-08-11 14:21:50,156", "levelname": "INFO", "name": "AresTradingSystem.System.AutoencoderFeatureGenerator", "message": "🔄 Step 1/5: Feature filtering with Random Forest + SHAP", "correlation_id": "-", "session_id": "-", "timestamp": "2025-08-11T12:21:50.156527+00:00"}
{"asctime": "2025-08-11 14:21:50,156", "levelname": "INFO", "name": "AresTradingSystem.System.AutoencoderFeatureGenerator", "message": "📊 Starting with 6 input features", "correlation_id": "-", "session_id": "-", "timestamp": "2025-08-11T12:21:50.156678+00:00"}
{"asctime": "2025-08-11 14:21:50,156", "levelname": "INFO", "name": "AresTradingSystem.System.FeatureFilter", "message": "🔍 Starting feature filtering with Random Forest + SHAP...", "correlation_id": "-", "session_id": "-", "timestamp": "2025-08-11T12:21:50.156829+00:00"}
{"asctime": "2025-08-11 14:21:50,157", "levelname": "INFO", "name": "AresTradingSystem.System.FeatureFilter", "message": "📊 Input data shape: (256432, 6)", "correlation_id": "-", "session_id": "-", "timestamp": "2025-08-11T12:21:50.157115+00:00"}
{"asctime": "2025-08-11 14:21:50,162", "levelname": "INFO", "name": "AresTradingSystem.System.FeatureFilter", "message": "🎯 Number of unique labels: 2", "correlation_id": "-", "session_id": "-", "timestamp": "2025-08-11T12:21:50.162190+00:00"}
{"asctime": "2025-08-11 14:21:50,167", "levelname": "INFO", "name": "AresTradingSystem.System.FeatureFilter", "message": "📈 Label distribution: {np.int8(-1): np.int64(166887), np.int8(1): np.int64(89545)}", "correlation_id": "-", "session_id": "-", "timestamp": "2025-08-11T12:21:50.167168+00:00"}
{"asctime": "2025-08-11 14:21:50,175", "levelname": "INFO", "name": "AresTradingSystem.System.FeatureFilter", "message": "🔢 Numeric features selected: 6", "correlation_id": "-", "session_id": "-", "timestamp": "2025-08-11T12:21:50.175356+00:00"}
{"asctime": "2025-08-11 14:21:50,176", "levelname": "INFO", "name": "AresTradingSystem.System.FeatureFilter", "message": "📏 Feature names: ['month', 'day', 'trade_volume', 'trade_count', 'avg_price', 'funding_rate']", "correlation_id": "-", "session_id": "-", "timestamp": "2025-08-11T12:21:50.176157+00:00"}
{"asctime": "2025-08-11 14:21:50,181", "levelname": "INFO", "name": "AresTradingSystem.System.FeatureFilter", "message": "🌲 Training Random Forest model for feature importance...", "correlation_id": "-", "session_id": "-", "timestamp": "2025-08-11T12:21:50.181446+00:00"}
{"asctime": "2025-08-11 14:21:50,181", "levelname": "INFO", "name": "AresTradingSystem.System.FeatureFilter", "message": "🌲 RF Parameters: n_estimators=100, max_depth=10, random_state=42", "correlation_id": "-", "session_id": "-", "timestamp": "2025-08-11T12:21:50.181875+00:00"}
{"asctime": "2025-08-11 14:22:03,294", "levelname": "INFO", "name": "AresTradingSystem.System.FeatureFilter", "message": "✅ Random Forest training completed in 13.11 seconds", "correlation_id": "-", "session_id": "-", "timestamp": "2025-08-11T12:22:03.294573+00:00"}
{"asctime": "2025-08-11 14:22:03,603", "levelname": "INFO", "name": "AresTradingSystem.System.FeatureFilter", "message": "🎯 RF training score: 0.6525", "correlation_id": "-", "session_id": "-", "timestamp": "2025-08-11T12:22:03.603544+00:00"}
{"asctime": "2025-08-11 14:22:03,603", "levelname": "INFO", "name": "AresTradingSystem.System.FeatureFilter", "message": "🔍 Computing SHAP values with enhanced efficiency...", "correlation_id": "-", "session_id": "-", "timestamp": "2025-08-11T12:22:03.603994+00:00"}
{"asctime": "2025-08-11 14:22:03,604", "levelname": "INFO", "name": "AresTradingSystem.System.FeatureFilter", "message": "📦 Using SHAP TreeExplainer from shap.explainers", "correlation_id": "-", "session_id": "-", "timestamp": "2025-08-11T12:22:03.604267+00:00"}
{"asctime": "2025-08-11 14:22:03,604", "levelname": "INFO", "name": "AresTradingSystem.System.FeatureFilter", "message": "📊 Dataset size: 256432 rows", "correlation_id": "-", "session_id": "-", "timestamp": "2025-08-11T12:22:03.604506+00:00"}
{"asctime": "2025-08-11 14:22:03,604", "levelname": "INFO", "name": "AresTradingSystem.System.FeatureFilter", "message": "📊 Sample percentage: 10.0%", "correlation_id": "-", "session_id": "-", "timestamp": "2025-08-11T12:22:03.604656+00:00"}
{"asctime": "2025-08-11 14:22:03,604", "levelname": "INFO", "name": "AresTradingSystem.System.FeatureFilter", "message": "📊 Calculated sample size: 25643 rows", "correlation_id": "-", "session_id": "-", "timestamp": "2025-08-11T12:22:03.604805+00:00"}
{"asctime": "2025-08-11 14:22:03,604", "levelname": "INFO", "name": "AresTradingSystem.System.FeatureFilter", "message": "🔄 Applying stratified sampling to maintain class balance...", "correlation_id": "-", "session_id": "-", "timestamp": "2025-08-11T12:22:03.604989+00:00"}
{"asctime": "2025-08-11 14:22:03,611", "levelname": "INFO", "name": "AresTradingSystem.System.FeatureFilter", "message": "📊 Label distribution analysis:", "correlation_id": "-", "session_id": "-", "timestamp": "2025-08-11T12:22:03.612038+00:00"}
{"asctime": "2025-08-11 14:22:03,612", "levelname": "INFO", "name": "AresTradingSystem.System.FeatureFilter", "message": "   Unique labels: [-1  1]", "correlation_id": "-", "session_id": "-", "timestamp": "2025-08-11T12:22:03.612980+00:00"}
{"asctime": "2025-08-11 14:22:03,613", "levelname": "INFO", "name": "AresTradingSystem.System.FeatureFilter", "message": "   Label counts: [166887  89545]", "correlation_id": "-", "session_id": "-", "timestamp": "2025-08-11T12:22:03.613333+00:00"}
{"asctime": "2025-08-11 14:22:03,613", "levelname": "INFO", "name": "AresTradingSystem.System.FeatureFilter", "message": "   Min class count: 89545", "correlation_id": "-", "session_id": "-", "timestamp": "2025-08-11T12:22:03.613641+00:00"}
{"asctime": "2025-08-11 14:22:03,613", "levelname": "INFO", "name": "AresTradingSystem.System.FeatureFilter", "message": "   Imbalance ratio: 1.9", "correlation_id": "-", "session_id": "-", "timestamp": "2025-08-11T12:22:03.613822+00:00"}
{"asctime": "2025-08-11 14:22:03,753", "levelname": "INFO", "name": "AresTradingSystem.System.FeatureFilter", "message": "✅ Stratified sampling successful!", "correlation_id": "-", "session_id": "-", "timestamp": "2025-08-11T12:22:03.753352+00:00"}
{"asctime": "2025-08-11 14:22:03,753", "levelname": "INFO", "name": "AresTradingSystem.System.FeatureFilter", "message": "📊 Original class distribution: {np.int8(-1): np.int64(166887), np.int8(1): np.int64(89545)}", "correlation_id": "-", "session_id": "-", "timestamp": "2025-08-11T12:22:03.753764+00:00"}
{"asctime": "2025-08-11 14:22:03,753", "levelname": "INFO", "name": "AresTradingSystem.System.FeatureFilter", "message": "📊 Sample class distribution: {np.int8(-1): np.int64(16689), np.int8(1): np.int64(8954)}", "correlation_id": "-", "session_id": "-", "timestamp": "2025-08-11T12:22:03.753940+00:00"}
{"asctime": "2025-08-11 14:22:03,754", "levelname": "INFO", "name": "AresTradingSystem.System.FeatureFilter", "message": "📊 Sample size: 25643 rows (10.0%)", "correlation_id": "-", "session_id": "-", "timestamp": "2025-08-11T12:22:03.754125+00:00"}
{"asctime": "2025-08-11 14:22:03,754", "levelname": "INFO", "name": "AresTradingSystem.System.FeatureFilter", "message": "📊 No pre-filtering needed (features: 6, max: 50)", "correlation_id": "-", "session_id": "-", "timestamp": "2025-08-11T12:22:03.754270+00:00"}
{"asctime": "2025-08-11 14:22:03,754", "levelname": "INFO", "name": "AresTradingSystem.System.FeatureFilter", "message": "🌲 SHAP RF Parameters: n_estimators=50, max_depth=8", "correlation_id": "-", "session_id": "-", "timestamp": "2025-08-11T12:22:03.754457+00:00"}
{"asctime": "2025-08-11 14:22:03,754", "levelname": "INFO", "name": "AresTradingSystem.System.FeatureFilter", "message": "🌲 Training optimized Random Forest for SHAP...", "correlation_id": "-", "session_id": "-", "timestamp": "2025-08-11T12:22:03.754594+00:00"}
{"asctime": "2025-08-11 14:22:04,152", "levelname": "INFO", "name": "AresTradingSystem.System.FeatureFilter", "message": "✅ Optimized RF training completed (score: 0.6534)", "correlation_id": "-", "session_id": "-", "timestamp": "2025-08-11T12:22:04.152353+00:00"}
{"asctime": "2025-08-11 14:22:04,156", "levelname": "INFO", "name": "AresTradingSystem.System.FeatureFilter", "message": "🔧 Optimized SHAP explainer created successfully", "correlation_id": "-", "session_id": "-", "timestamp": "2025-08-11T12:22:04.156892+00:00"}
{"asctime": "2025-08-11 14:22:04,157", "levelname": "INFO", "name": "AresTradingSystem.System.FeatureFilter", "message": "⏱️ Flexible timeout calculation:", "correlation_id": "-", "session_id": "-", "timestamp": "2025-08-11T12:22:04.157913+00:00"}
{"asctime": "2025-08-11 14:22:04,158", "levelname": "INFO", "name": "AresTradingSystem.System.FeatureFilter", "message": "   📊 Sample size: 25643 rows", "correlation_id": "-", "session_id": "-", "timestamp": "2025-08-11T12:22:04.158316+00:00"}
{"asctime": "2025-08-11 14:22:04,158", "levelname": "INFO", "name": "AresTradingSystem.System.FeatureFilter", "message": "   📊 Base rate: 60s per 5000 samples", "correlation_id": "-", "session_id": "-", "timestamp": "2025-08-11T12:22:04.158595+00:00"}
{"asctime": "2025-08-11 14:22:04,158", "levelname": "INFO", "name": "AresTradingSystem.System.FeatureFilter", "message": "   📊 Calculated timeout: 307s", "correlation_id": "-", "session_id": "-", "timestamp": "2025-08-11T12:22:04.158868+00:00"}
{"asctime": "2025-08-11 14:22:04,159", "levelname": "INFO", "name": "AresTradingSystem.System.FeatureFilter", "message": "   ⏱️ Final timeout: 307s (bounded: 30s-900s)", "correlation_id": "-", "session_id": "-", "timestamp": "2025-08-11T12:22:04.159102+00:00"}
{"asctime": "2025-08-11 14:22:04,160", "levelname": "INFO", "name": "AresTradingSystem.System.FeatureFilter", "message": "📊 Computing SHAP values with background set of 100 samples...", "correlation_id": "-", "session_id": "-", "timestamp": "2025-08-11T12:22:04.160533+00:00"}
{"asctime": "2025-08-11 14:22:37,653", "levelname": "INFO", "name": "AresTradingSystem.System.FeatureFilter", "message": "✅ SHAP values computed successfully with optimizations", "correlation_id": "-", "session_id": "-", "timestamp": "2025-08-11T12:22:37.656041+00:00"}
{"asctime": "2025-08-11 14:22:37,659", "levelname": "INFO", "name": "AresTradingSystem.System.FeatureFilter", "message": "✅ SHAP values computed in 34.05 seconds", "correlation_id": "-", "session_id": "-", "timestamp": "2025-08-11T12:22:37.659111+00:00"}
{"asctime": "2025-08-11 14:22:37,659", "levelname": "INFO", "name": "AresTradingSystem.System.FeatureFilter", "message": "📊 Computing feature importance from SHAP values...", "correlation_id": "-", "session_id": "-", "timestamp": "2025-08-11T12:22:37.659549+00:00"}
{"asctime": "2025-08-11 14:22:37,660", "levelname": "INFO", "name": "AresTradingSystem.System.FeatureFilter", "message": "📦 SHAP values format: numpy array", "correlation_id": "-", "session_id": "-", "timestamp": "2025-08-11T12:22:37.660146+00:00"}
{"asctime": "2025-08-11 14:22:37,660", "levelname": "INFO", "name": "AresTradingSystem.System.FeatureFilter", "message": "📐 SHAP array shape: (25643, 6, 2)", "correlation_id": "-", "session_id": "-", "timestamp": "2025-08-11T12:22:37.660592+00:00"}
{"asctime": "2025-08-11 14:22:37,660", "levelname": "INFO", "name": "AresTradingSystem.System.FeatureFilter", "message": "📊 Computing mean absolute SHAP importance per feature...", "correlation_id": "-", "session_id": "-", "timestamp": "2025-08-11T12:22:37.660925+00:00"}
{"asctime": "2025-08-11 14:22:37,677", "levelname": "INFO", "name": "AresTradingSystem.System.FeatureFilter", "message": "✅ Feature importance computed in 0.02 seconds", "correlation_id": "-", "session_id": "-", "timestamp": "2025-08-11T12:22:37.677203+00:00"}
{"asctime": "2025-08-11 14:22:37,677", "levelname": "INFO", "name": "AresTradingSystem.System.FeatureFilter", "message": "📈 Sorting features by importance...", "correlation_id": "-", "session_id": "-", "timestamp": "2025-08-11T12:22:37.677706+00:00"}
{"asctime": "2025-08-11 14:22:37,678", "levelname": "INFO", "name": "AresTradingSystem.System.FeatureFilter", "message": "📊 Total importance: 0.011631", "correlation_id": "-", "session_id": "-", "timestamp": "2025-08-11T12:22:37.678379+00:00"}
{"asctime": "2025-08-11 14:22:37,679", "levelname": "INFO", "name": "AresTradingSystem.System.FeatureFilter", "message": "🏆 Top 5 most important features:", "correlation_id": "-", "session_id": "-", "timestamp": "2025-08-11T12:22:37.679477+00:00"}
{"asctime": "2025-08-11 14:22:37,680", "levelname": "INFO", "name": "AresTradingSystem.System.FeatureFilter", "message": "   1. day: 0.005815 (cumulative: 0.005815)", "correlation_id": "-", "session_id": "-", "timestamp": "2025-08-11T12:22:37.680341+00:00"}
{"asctime": "2025-08-11 14:22:37,681", "levelname": "INFO", "name": "AresTradingSystem.System.FeatureFilter", "message": "   2. month: 0.005815 (cumulative: 0.011631)", "correlation_id": "-", "session_id": "-", "timestamp": "2025-08-11T12:22:37.681131+00:00"}
{"asctime": "2025-08-11 14:22:37,681", "levelname": "INFO", "name": "AresTradingSystem.System.FeatureFilter", "message": "🎯 Feature selection parameters:", "correlation_id": "-", "session_id": "-", "timestamp": "2025-08-11T12:22:37.681928+00:00"}
{"asctime": "2025-08-11 14:22:37,682", "levelname": "INFO", "name": "AresTradingSystem.System.FeatureFilter", "message": "   📊 Importance threshold: 0.950 (95.0%)", "correlation_id": "-", "session_id": "-", "timestamp": "2025-08-11T12:22:37.682269+00:00"}
{"asctime": "2025-08-11 14:22:37,682", "levelname": "INFO", "name": "AresTradingSystem.System.FeatureFilter", "message": "   📊 Min features to keep: 5", "correlation_id": "-", "session_id": "-", "timestamp": "2025-08-11T12:22:37.682846+00:00"}
{"asctime": "2025-08-11 14:22:37,683", "levelname": "INFO", "name": "AresTradingSystem.System.FeatureFilter", "message": "   📊 Max features to keep: 50", "correlation_id": "-", "session_id": "-", "timestamp": "2025-08-11T12:22:37.683344+00:00"}
{"asctime": "2025-08-11 14:22:37,683", "levelname": "INFO", "name": "AresTradingSystem.System.FeatureFilter", "message": "   📊 Min importance per feature: 0.001000", "correlation_id": "-", "session_id": "-", "timestamp": "2025-08-11T12:22:37.683789+00:00"}
{"asctime": "2025-08-11 14:22:37,684", "levelname": "INFO", "name": "AresTradingSystem.System.FeatureFilter", "message": "   📊 Importance cutoff: 0.011049", "correlation_id": "-", "session_id": "-", "timestamp": "2025-08-11T12:22:37.684056+00:00"}
{"asctime": "2025-08-11 14:22:37,684", "levelname": "INFO", "name": "AresTradingSystem.System.FeatureFilter", "message": "📊 Enhanced selection analysis:", "correlation_id": "-", "session_id": "-", "timestamp": "2025-08-11T12:22:37.684346+00:00"}
{"asctime": "2025-08-11 14:22:37,684", "levelname": "INFO", "name": "AresTradingSystem.System.FeatureFilter", "message": "   📊 Threshold cutoff: 2 features", "correlation_id": "-", "session_id": "-", "timestamp": "2025-08-11T12:22:37.684626+00:00"}
{"asctime": "2025-08-11 14:22:37,684", "levelname": "INFO", "name": "AresTradingSystem.System.FeatureFilter", "message": "   📊 Min importance cutoff: 2 features", "correlation_id": "-", "session_id": "-", "timestamp": "2025-08-11T12:22:37.684843+00:00"}
{"asctime": "2025-08-11 14:22:37,685", "levelname": "INFO", "name": "AresTradingSystem.System.FeatureFilter", "message": "   📊 Min features requirement: 5 features", "correlation_id": "-", "session_id": "-", "timestamp": "2025-08-11T12:22:37.685099+00:00"}
{"asctime": "2025-08-11 14:22:37,685", "levelname": "INFO", "name": "AresTradingSystem.System.FeatureFilter", "message": "   📊 Final cutoff: 5 features", "correlation_id": "-", "session_id": "-", "timestamp": "2025-08-11T12:22:37.685414+00:00"}
{"asctime": "2025-08-11 14:22:37,686", "levelname": "INFO", "name": "AresTradingSystem.System.FeatureFilter", "message": "📊 Initial selection results:", "correlation_id": "-", "session_id": "-", "timestamp": "2025-08-11T12:22:37.686027+00:00"}
{"asctime": "2025-08-11 14:22:37,686", "levelname": "INFO", "name": "AresTradingSystem.System.FeatureFilter", "message": "   📊 Features selected: 5", "correlation_id": "-", "session_id": "-", "timestamp": "2025-08-11T12:22:37.686462+00:00"}
{"asctime": "2025-08-11 14:22:37,687", "levelname": "INFO", "name": "AresTradingSystem.System.FeatureFilter", "message": "   📊 Cumulative importance at cutoff: 0.011631", "correlation_id": "-", "session_id": "-", "timestamp": "2025-08-11T12:22:37.687038+00:00"}
{"asctime": "2025-08-11 14:22:37,687", "levelname": "INFO", "name": "AresTradingSystem.System.FeatureFilter", "message": "   📊 Actual importance captured: 100.0%", "correlation_id": "-", "session_id": "-", "timestamp": "2025-08-11T12:22:37.687330+00:00"}
{"asctime": "2025-08-11 14:22:37,687", "levelname": "WARNING", "name": "AresTradingSystem.System.FeatureFilter", "message": "⚠️ Selected features (2) below minimum (5)", "correlation_id": "-", "session_id": "-", "timestamp": "2025-08-11T12:22:37.687699+00:00"}
{"asctime": "2025-08-11 14:22:37,688", "levelname": "INFO", "name": "AresTradingSystem.System.FeatureFilter", "message": "🔄 Expanding selection to meet minimum requirement...", "correlation_id": "-", "session_id": "-", "timestamp": "2025-08-11T12:22:37.688073+00:00"}
{"asctime": "2025-08-11 14:22:37,688", "levelname": "INFO", "name": "AresTradingSystem.System.FeatureFilter", "message": "📊 Expanded to 2 features (importance: 100.0%)", "correlation_id": "-", "session_id": "-", "timestamp": "2025-08-11T12:22:37.688597+00:00"}
{"asctime": "2025-08-11 14:22:37,689", "levelname": "INFO", "name": "AresTradingSystem.System.FeatureFilter", "message": "✅ Final feature selection:", "correlation_id": "-", "session_id": "-", "timestamp": "2025-08-11T12:22:37.689369+00:00"}
{"asctime": "2025-08-11 14:22:37,689", "levelname": "INFO", "name": "AresTradingSystem.System.FeatureFilter", "message": "   📊 Features selected: 2 out of 6", "correlation_id": "-", "session_id": "-", "timestamp": "2025-08-11T12:22:37.689954+00:00"}
{"asctime": "2025-08-11 14:22:37,690", "levelname": "INFO", "name": "AresTradingSystem.System.FeatureFilter", "message": "   📊 Importance captured: 100.0%", "correlation_id": "-", "session_id": "-", "timestamp": "2025-08-11T12:22:37.690384+00:00"}
{"asctime": "2025-08-11 14:22:37,690", "levelname": "INFO", "name": "AresTradingSystem.System.FeatureFilter", "message": "   📊 Selected features: ['day', 'month']", "correlation_id": "-", "session_id": "-", "timestamp": "2025-08-11T12:22:37.690684+00:00"}
{"asctime": "2025-08-11 14:22:37,691", "levelname": "INFO", "name": "AresTradingSystem.System.FeatureFilter", "message": "🎉 Feature filtering completed successfully!", "correlation_id": "-", "session_id": "-", "timestamp": "2025-08-11T12:22:37.691045+00:00"}
{"asctime": "2025-08-11 14:22:37,691", "levelname": "INFO", "name": "AresTradingSystem.System.FeatureFilter", "message": "📊 Final feature count: 2", "correlation_id": "-", "session_id": "-", "timestamp": "2025-08-11T12:22:37.691236+00:00"}
{"asctime": "2025-08-11 14:22:37,691", "levelname": "INFO", "name": "AresTradingSystem.System.FeatureFilter", "message": "📊 Final features: ['day', 'month']", "correlation_id": "-", "session_id": "-", "timestamp": "2025-08-11T12:22:37.691432+00:00"}
{"asctime": "2025-08-11 14:22:37,722", "levelname": "INFO", "name": "AresTradingSystem.System.AutoencoderFeatureGenerator", "message": "✅ Feature filtering completed successfully!", "correlation_id": "-", "session_id": "-", "timestamp": "2025-08-11T12:22:37.722703+00:00"}
{"asctime": "2025-08-11 14:22:37,723", "levelname": "INFO", "name": "AresTradingSystem.System.AutoencoderFeatureGenerator", "message": "📊 Results: 2 features selected from 6 input features", "correlation_id": "-", "session_id": "-", "timestamp": "2025-08-11T12:22:37.723503+00:00"}
{"asctime": "2025-08-11 14:22:37,723", "levelname": "INFO", "name": "AresTradingSystem.System.AutoencoderFeatureGenerator", "message": "📉 Feature reduction: 4 features removed (66.7% reduction)", "correlation_id": "-", "session_id": "-", "timestamp": "2025-08-11T12:22:37.723824+00:00"}
{"asctime": "2025-08-11 14:22:37,724", "levelname": "INFO", "name": "AresTradingSystem.System.AutoencoderFeatureGenerator", "message": "🔍 Validating feature quality for autoencoder training...", "correlation_id": "-", "session_id": "-", "timestamp": "2025-08-11T12:22:37.724224+00:00"}
{"asctime": "2025-08-11 14:22:37,726", "levelname": "INFO", "name": "AresTradingSystem.System.AutoencoderFeatureGenerator", "message": "📊 Numeric features available: 2", "correlation_id": "-", "session_id": "-", "timestamp": "2025-08-11T12:22:37.726294+00:00"}
{"asctime": "2025-08-11 14:22:37,727", "levelname": "INFO", "name": "AresTradingSystem.System.AutoencoderFeatureGenerator", "message": "📊 Minimum features required: 15", "correlation_id": "-", "session_id": "-", "timestamp": "2025-08-11T12:22:37.727306+00:00"}
{"asctime": "2025-08-11 14:22:37,727", "levelname": "WARNING", "name": "AresTradingSystem.System.AutoencoderFeatureGenerator", "message": "⚠️ Insufficient features for autoencoder training", "correlation_id": "-", "session_id": "-", "timestamp": "2025-08-11T12:22:37.727741+00:00"}
{"asctime": "2025-08-11 14:22:37,727", "levelname": "WARNING", "name": "AresTradingSystem.System.AutoencoderFeatureGenerator", "message": "📊 Have: 2 numeric features, Need: 15+ features", "correlation_id": "-", "session_id": "-", "timestamp": "2025-08-11T12:22:37.727983+00:00"}
{"asctime": "2025-08-11 14:22:37,728", "levelname": "INFO", "name": "AresTradingSystem.System.AutoencoderFeatureGenerator", "message": "🔄 Returning original features without autoencoder enhancement", "correlation_id": "-", "session_id": "-", "timestamp": "2025-08-11T12:22:37.728195+00:00"}
{"asctime": "2025-08-11 14:22:37,728", "levelname": "INFO", "name": "AresTradingSystem.System.VectorizedLabellingOrchestrator", "message": "🎨 Preparing final data...", "correlation_id": "-", "session_id": "-", "timestamp": "2025-08-11T12:22:37.728988+00:00"}
{"asctime": "2025-08-11 14:22:38,797", "levelname": "WARNING", "name": "AresTradingSystem.System.VectorizedLabellingOrchestrator", "message": "🚨 CRITICAL: Found raw OHLCV columns in features: ['open', 'high', 'low', 'close', 'volume']", "correlation_id": "-", "session_id": "-", "timestamp": "2025-08-11T12:22:38.797939+00:00"}
{"asctime": "2025-08-11 14:22:38,798", "levelname": "WARNING", "name": "AresTradingSystem.System.VectorizedLabellingOrchestrator", "message": "🚨 Removing raw OHLCV columns to prevent data leakage!", "correlation_id": "-", "session_id": "-", "timestamp": "2025-08-11T12:22:38.798304+00:00"}
{"asctime": "2025-08-11 14:22:38,826", "levelname": "INFO", "name": "AresTradingSystem.System.VectorizedLabellingOrchestrator", "message": "💾 Optimizing memory usage...", "correlation_id": "-", "session_id": "-", "timestamp": "2025-08-11T12:22:38.826565+00:00"}
{"asctime": "2025-08-11 14:22:39,020", "levelname": "INFO", "name": "AresTradingSystem.System.VectorizedLabellingOrchestrator", "message": "💾 Saving data as Parquet...", "correlation_id": "-", "session_id": "-", "timestamp": "2025-08-11T12:22:39.021020+00:00"}
{"asctime": "2025-08-11 14:22:39,241", "levelname": "INFO", "name": "AresTradingSystem.System.VectorizedLabellingOrchestrator", "message": "💾 Data saved as Parquet: data/vectorized_features/vectorized_features_20250811_142239.parquet", "correlation_id": "-", "session_id": "-", "timestamp": "2025-08-11T12:22:39.241560+00:00"}
{"asctime": "2025-08-11 14:22:39,241", "levelname": "INFO", "name": "AresTradingSystem.System.VectorizedLabellingOrchestrator", "message": "🎉 Vectorized labeling and feature engineering completed! Final shape: (256432, 24)", "correlation_id": "-", "session_id": "-", "timestamp": "2025-08-11T12:22:39.241928+00:00"}
{"asctime": "2025-08-11 14:22:39,279", "levelname": "INFO", "name": "AresTradingSystem.System.AnalystLabelingFeatureEngineeringStep", "message": "🔍 Validating and enhancing features for 240+ feature set...", "correlation_id": "-", "session_id": "-", "timestamp": "2025-08-11T12:22:39.279199+00:00"}
{"asctime": "2025-08-11 14:22:39,300", "levelname": "INFO", "name": "AresTradingSystem.System.AnalystLabelingFeatureEngineeringStep", "message": "📊 Starting feature validation for 23 features...", "correlation_id": "-", "session_id": "-", "timestamp": "2025-08-11T12:22:39.300567+00:00"}
{"asctime": "2025-08-11 14:22:39,342", "levelname": "WARNING", "name": "AresTradingSystem.System.AnalystLabelingFeatureEngineeringStep", "message": "⚠️ Error validating feature 'timestamp': 'DatetimeArray' with dtype datetime64[ns] does not support reduction 'var'", "correlation_id": "-", "session_id": "-", "timestamp": "2025-08-11T12:22:39.342098+00:00"}
{"asctime": "2025-08-11 14:22:39,398", "levelname": "INFO", "name": "AresTradingSystem.System.AnalystLabelingFeatureEngineeringStep", "message": "📊 Feature quality analysis:", "correlation_id": "-", "session_id": "-", "timestamp": "2025-08-11T12:22:39.398095+00:00"}
{"asctime": "2025-08-11 14:22:39,398", "levelname": "INFO", "name": "AresTradingSystem.System.AnalystLabelingFeatureEngineeringStep", "message": "   📊 Total features: 23", "correlation_id": "-", "session_id": "-", "timestamp": "2025-08-11T12:22:39.398622+00:00"}
{"asctime": "2025-08-11 14:22:39,399", "levelname": "INFO", "name": "AresTradingSystem.System.AnalystLabelingFeatureEngineeringStep", "message": "   ✅ Valid features: 10", "correlation_id": "-", "session_id": "-", "timestamp": "2025-08-11T12:22:39.399053+00:00"}
{"asctime": "2025-08-11 14:22:39,399", "levelname": "INFO", "name": "AresTradingSystem.System.AnalystLabelingFeatureEngineeringStep", "message": "   🚨 Constant features: 8 (SHOULD BE 0)", "correlation_id": "-", "session_id": "-", "timestamp": "2025-08-11T12:22:39.399251+00:00"}
{"asctime": "2025-08-11 14:22:39,399", "levelname": "INFO", "name": "AresTradingSystem.System.AnalystLabelingFeatureEngineeringStep", "message": "   ✅ Low-variance features: 0", "correlation_id": "-", "session_id": "-", "timestamp": "2025-08-11T12:22:39.399602+00:00"}
{"asctime": "2025-08-11 14:22:39,399", "levelname": "INFO", "name": "AresTradingSystem.System.AnalystLabelingFeatureEngineeringStep", "message": "   ⚠️ Problematic features: 5", "correlation_id": "-", "session_id": "-", "timestamp": "2025-08-11T12:22:39.399919+00:00"}
{"asctime": "2025-08-11 14:22:39,400", "levelname": "ERROR", "name": "AresTradingSystem.System.AnalystLabelingFeatureEngineeringStep", "message": "🚨 CRITICAL ISSUE: Found 8 constant features!", "correlation_id": "-", "session_id": "-", "timestamp": "2025-08-11T12:22:39.400113+00:00"}
{"asctime": "2025-08-11 14:22:39,400", "levelname": "ERROR", "name": "AresTradingSystem.System.AnalystLabelingFeatureEngineeringStep", "message": "🚨 This indicates a fundamental problem with feature engineering!", "correlation_id": "-", "session_id": "-", "timestamp": "2025-08-11T12:22:39.400656+00:00"}
{"asctime": "2025-08-11 14:22:39,401", "levelname": "ERROR", "name": "AresTradingSystem.System.AnalystLabelingFeatureEngineeringStep", "message": "🚨 Constant features provide no predictive value and will break the model!", "correlation_id": "-", "session_id": "-", "timestamp": "2025-08-11T12:22:39.401087+00:00"}
{"asctime": "2025-08-11 14:22:39,401", "levelname": "ERROR", "name": "AresTradingSystem.System.AnalystLabelingFeatureEngineeringStep", "message": "    1. year (constant value: 2025)", "correlation_id": "-", "session_id": "-", "timestamp": "2025-08-11T12:22:39.401978+00:00"}
{"asctime": "2025-08-11 14:22:39,402", "levelname": "ERROR", "name": "AresTradingSystem.System.AnalystLabelingFeatureEngineeringStep", "message": "    2. exchange (constant value: BINANCE)", "correlation_id": "-", "session_id": "-", "timestamp": "2025-08-11T12:22:39.402213+00:00"}
{"asctime": "2025-08-11 14:22:39,402", "levelname": "ERROR", "name": "AresTradingSystem.System.AnalystLabelingFeatureEngineeringStep", "message": "    3. symbol (constant value: ETHUSDT)", "correlation_id": "-", "session_id": "-", "timestamp": "2025-08-11T12:22:39.402908+00:00"}
{"asctime": "2025-08-11 14:22:39,403", "levelname": "ERROR", "name": "AresTradingSystem.System.AnalystLabelingFeatureEngineeringStep", "message": "    4. timeframe (constant value: 1m)", "correlation_id": "-", "session_id": "-", "timestamp": "2025-08-11T12:22:39.403227+00:00"}
{"asctime": "2025-08-11 14:22:39,403", "levelname": "ERROR", "name": "AresTradingSystem.System.AnalystLabelingFeatureEngineeringStep", "message": "    5. close_returns (constant value: 0)", "correlation_id": "-", "session_id": "-", "timestamp": "2025-08-11T12:22:39.403592+00:00"}
{"asctime": "2025-08-11 14:22:39,403", "levelname": "ERROR", "name": "AresTradingSystem.System.AnalystLabelingFeatureEngineeringStep", "message": "    6. open_returns (constant value: 0)", "correlation_id": "-", "session_id": "-", "timestamp": "2025-08-11T12:22:39.403947+00:00"}
{"asctime": "2025-08-11 14:22:39,404", "levelname": "ERROR", "name": "AresTradingSystem.System.AnalystLabelingFeatureEngineeringStep", "message": "    7. high_returns (constant value: 0)", "correlation_id": "-", "session_id": "-", "timestamp": "2025-08-11T12:22:39.404182+00:00"}
{"asctime": "2025-08-11 14:22:39,404", "levelname": "ERROR", "name": "AresTradingSystem.System.AnalystLabelingFeatureEngineeringStep", "message": "    8. low_returns (constant value: 0)", "correlation_id": "-", "session_id": "-", "timestamp": "2025-08-11T12:22:39.404470+00:00"}
{"asctime": "2025-08-11 14:22:39,404", "levelname": "ERROR", "name": "AresTradingSystem.System.AnalystLabelingFeatureEngineeringStep", "message": "🚨 DIAGNOSTIC INFORMATION:", "correlation_id": "-", "session_id": "-", "timestamp": "2025-08-11T12:22:39.404801+00:00"}
{"asctime": "2025-08-11 14:22:39,405", "levelname": "ERROR", "name": "AresTradingSystem.System.AnalystLabelingFeatureEngineeringStep", "message": "   - Check if time-series data is being processed correctly", "correlation_id": "-", "session_id": "-", "timestamp": "2025-08-11T12:22:39.405019+00:00"}
{"asctime": "2025-08-11 14:22:39,405", "levelname": "ERROR", "name": "AresTradingSystem.System.AnalystLabelingFeatureEngineeringStep", "message": "   - Verify feature engineering is not flattening arrays", "correlation_id": "-", "session_id": "-", "timestamp": "2025-08-11T12:22:39.405211+00:00"}
{"asctime": "2025-08-11 14:22:39,405", "levelname": "ERROR", "name": "AresTradingSystem.System.AnalystLabelingFeatureEngineeringStep", "message": "   - Ensure proper data length validation", "correlation_id": "-", "session_id": "-", "timestamp": "2025-08-11T12:22:39.405419+00:00"}
{"asctime": "2025-08-11 14:22:39,405", "levelname": "ERROR", "name": "AresTradingSystem.System.AnalystLabelingFeatureEngineeringStep", "message": "   - Review the orchestrator feature combination logic", "correlation_id": "-", "session_id": "-", "timestamp": "2025-08-11T12:22:39.405584+00:00"}
{"asctime": "2025-08-11 14:22:39,424", "levelname": "WARNING", "name": "AresTradingSystem.System.AnalystLabelingFeatureEngineeringStep", "message": "🗑️ Removed 8 constant features to prevent model failure", "correlation_id": "-", "session_id": "-", "timestamp": "2025-08-11T12:22:39.424090+00:00"}
{"asctime": "2025-08-11 14:22:39,435", "levelname": "WARNING", "name": "AresTradingSystem.System.AnalystLabelingFeatureEngineeringStep", "message": "🗑️ Removed 5 problematic features", "correlation_id": "-", "session_id": "-", "timestamp": "2025-08-11T12:22:39.435169+00:00"}
{"asctime": "2025-08-11 14:22:39,447", "levelname": "INFO", "name": "AresTradingSystem.System.AnalystLabelingFeatureEngineeringStep", "message": "✅ Final feature validation complete:", "correlation_id": "-", "session_id": "-", "timestamp": "2025-08-11T12:22:39.447822+00:00"}
{"asctime": "2025-08-11 14:22:39,448", "levelname": "INFO", "name": "AresTradingSystem.System.AnalystLabelingFeatureEngineeringStep", "message": "   📊 Remaining features: 10", "correlation_id": "-", "session_id": "-", "timestamp": "2025-08-11T12:22:39.448303+00:00"}
{"asctime": "2025-08-11 14:22:39,448", "levelname": "INFO", "name": "AresTradingSystem.System.AnalystLabelingFeatureEngineeringStep", "message": "   📊 Total samples: 256432", "correlation_id": "-", "session_id": "-", "timestamp": "2025-08-11T12:22:39.448692+00:00"}
{"asctime": "2025-08-11 14:22:39,448", "levelname": "INFO", "name": "AresTradingSystem.System.AnalystLabelingFeatureEngineeringStep", "message": "   🗑️ Raw OHLCV columns removed: None", "correlation_id": "-", "session_id": "-", "timestamp": "2025-08-11T12:22:39.448981+00:00"}
{"asctime": "2025-08-11 14:22:39,454", "levelname": "INFO", "name": "AresTradingSystem.System.AnalystLabelingFeatureEngineeringStep", "message": "📊 Feature engineering completed: 10 features, 256432 samples", "correlation_id": "-", "session_id": "-", "timestamp": "2025-08-11T12:22:39.454191+00:00"}
{"asctime": "2025-08-11 14:22:39,457", "levelname": "INFO", "name": "AresTradingSystem.System.AnalystLabelingFeatureEngineeringStep", "message": "🎯 Label distribution: {-1: np.int64(166887), 1: np.int64(89545)}", "correlation_id": "-", "session_id": "-", "timestamp": "2025-08-11T12:22:39.457610+00:00"}
{"asctime": "2025-08-11 14:22:39,459", "levelname": "INFO", "name": "AresTradingSystem.System.AnalystLabelingFeatureEngineeringStep", "message": "🔎 Saved feature lists to data/training/BINANCE_ETHUSDT_selected_features.json", "correlation_id": "-", "session_id": "-", "timestamp": "2025-08-11T12:22:39.459418+00:00"}
{"asctime": "2025-08-11 14:22:39,466", "levelname": "INFO", "name": "AresTradingSystem.System.AnalystLabelingFeatureEngineeringStep", "message": "✅ Saved feature data files", "correlation_id": "-", "session_id": "-", "timestamp": "2025-08-11T12:22:39.466567+00:00"}
{"asctime": "2025-08-11 14:22:39,482", "levelname": "INFO", "name": "AresTradingSystem.System.AnalystLabelingFeatureEngineeringStep", "message": "🔧 to_parquet start path=data/training/BINANCE_ETHUSDT_features_train.parquet compression=snappy", "correlation_id": "-", "session_id": "-", "timestamp": "2025-08-11T12:22:39.482092+00:00"}
{"asctime": "2025-08-11 14:22:39,557", "levelname": "INFO", "name": "AresTradingSystem.System.AnalystLabelingFeatureEngineeringStep", "message": "✅ to_parquet ok path=data/training/BINANCE_ETHUSDT_features_train.parquet elapsed=0.075s size=886.6KB", "correlation_id": "-", "session_id": "-", "timestamp": "2025-08-11T12:22:39.557308+00:00"}
{"asctime": "2025-08-11 14:22:39,561", "levelname": "INFO", "name": "AresTradingSystem.System.AnalystLabelingFeatureEngineeringStep", "message": "🔧 to_parquet start path=data/training/BINANCE_ETHUSDT_features_validation.parquet compression=snappy", "correlation_id": "-", "session_id": "-", "timestamp": "2025-08-11T12:22:39.561061+00:00"}
{"asctime": "2025-08-11 14:22:39,577", "levelname": "INFO", "name": "AresTradingSystem.System.AnalystLabelingFeatureEngineeringStep", "message": "✅ to_parquet ok path=data/training/BINANCE_ETHUSDT_features_validation.parquet elapsed=0.017s size=129.0KB", "correlation_id": "-", "session_id": "-", "timestamp": "2025-08-11T12:22:39.577717+00:00"}
{"asctime": "2025-08-11 14:22:39,581", "levelname": "INFO", "name": "AresTradingSystem.System.AnalystLabelingFeatureEngineeringStep", "message": "🔧 to_parquet start path=data/training/BINANCE_ETHUSDT_features_test.parquet compression=snappy", "correlation_id": "-", "session_id": "-", "timestamp": "2025-08-11T12:22:39.581106+00:00"}
{"asctime": "2025-08-11 14:22:39,598", "levelname": "INFO", "name": "AresTradingSystem.System.AnalystLabelingFeatureEngineeringStep", "message": "✅ to_parquet ok path=data/training/BINANCE_ETHUSDT_features_test.parquet elapsed=0.017s size=65.6KB", "correlation_id": "-", "session_id": "-", "timestamp": "2025-08-11T12:22:39.598239+00:00"}
{"asctime": "2025-08-11 14:22:39,616", "levelname": "WARNING", "name": "AresTradingSystem.System.AnalystLabelingFeatureEngineeringStep", "message": "Partitioned features write skipped: 'ParquetDatasetManager' object has no attribute 'write_partitioned_dataset'", "correlation_id": "-", "session_id": "-", "timestamp": "2025-08-11T12:22:39.616507+00:00"}
{"asctime": "2025-08-11 14:22:39,628", "levelname": "INFO", "name": "AresTradingSystem.System.AnalystLabelingFeatureEngineeringStep", "message": "✅ Saved labeled data files", "correlation_id": "-", "session_id": "-", "timestamp": "2025-08-11T12:22:39.628514+00:00"}
{"asctime": "2025-08-11 14:22:39,643", "levelname": "INFO", "name": "AresTradingSystem.System.AnalystLabelingFeatureEngineeringStep", "message": "🔧 to_parquet start path=data/training/BINANCE_ETHUSDT_labeled_train.parquet compression=snappy", "correlation_id": "-", "session_id": "-", "timestamp": "2025-08-11T12:22:39.643108+00:00"}
{"asctime": "2025-08-11 14:22:39,716", "levelname": "INFO", "name": "AresTradingSystem.System.AnalystLabelingFeatureEngineeringStep", "message": "✅ to_parquet ok path=data/training/BINANCE_ETHUSDT_labeled_train.parquet elapsed=0.073s size=886.4KB", "correlation_id": "-", "session_id": "-", "timestamp": "2025-08-11T12:22:39.716084+00:00"}
{"asctime": "2025-08-11 14:22:39,716", "levelname": "INFO", "name": "AresTradingSystem.System.AnalystLabelingFeatureEngineeringStep", "message": "🔧 to_parquet start path=data/training/BINANCE_ETHUSDT_labeled_validation.parquet compression=snappy", "correlation_id": "-", "session_id": "-", "timestamp": "2025-08-11T12:22:39.716647+00:00"}
{"asctime": "2025-08-11 14:22:39,730", "levelname": "INFO", "name": "AresTradingSystem.System.AnalystLabelingFeatureEngineeringStep", "message": "✅ to_parquet ok path=data/training/BINANCE_ETHUSDT_labeled_validation.parquet elapsed=0.014s size=128.8KB", "correlation_id": "-", "session_id": "-", "timestamp": "2025-08-11T12:22:39.731019+00:00"}
{"asctime": "2025-08-11 14:22:39,731", "levelname": "INFO", "name": "AresTradingSystem.System.AnalystLabelingFeatureEngineeringStep", "message": "🔧 to_parquet start path=data/training/BINANCE_ETHUSDT_labeled_test.parquet compression=snappy", "correlation_id": "-", "session_id": "-", "timestamp": "2025-08-11T12:22:39.731625+00:00"}
{"asctime": "2025-08-11 14:22:39,744", "levelname": "INFO", "name": "AresTradingSystem.System.AnalystLabelingFeatureEngineeringStep", "message": "✅ to_parquet ok path=data/training/BINANCE_ETHUSDT_labeled_test.parquet elapsed=0.013s size=65.4KB", "correlation_id": "-", "session_id": "-", "timestamp": "2025-08-11T12:22:39.744924+00:00"}
{"asctime": "2025-08-11 14:22:39,759", "levelname": "WARNING", "name": "AresTradingSystem.System.AnalystLabelingFeatureEngineeringStep", "message": "Partitioned labeled write skipped: 'ParquetDatasetManager' object has no attribute 'write_partitioned_dataset'", "correlation_id": "-", "session_id": "-", "timestamp": "2025-08-11T12:22:39.759826+00:00"}
{"asctime": "2025-08-11 14:22:39,765", "levelname": "WARNING", "name": "AresTradingSystem.System.AnalystLabelingFeatureEngineeringStep", "message": "No timestamp column found; creating synthetic datetime index for splits", "correlation_id": "-", "session_id": "-", "timestamp": "2025-08-11T12:22:39.765704+00:00"}
{"asctime": "2025-08-11 14:22:39,772", "levelname": "INFO", "name": "AresTradingSystem.System.UnifiedDataManager", "message": "🔄 Creating unified database with time-based splits...", "correlation_id": "-", "session_id": "-", "timestamp": "2025-08-11T12:22:39.772185+00:00"}
{"asctime": "2025-08-11 14:22:39,773", "levelname": "INFO", "name": "AresTradingSystem.System.UnifiedDataManager", "message": "📅 Applying lookback filter: 180 days", "correlation_id": "-", "session_id": "-", "timestamp": "2025-08-11T12:22:39.773939+00:00"}
{"asctime": "2025-08-11 14:22:39,777", "levelname": "INFO", "name": "AresTradingSystem.System.UnifiedDataManager", "message": "📊 Data filtered from 256432 to 256432 samples (from 2025-02-12 to 2025-08-11)", "correlation_id": "-", "session_id": "-", "timestamp": "2025-08-11T12:22:39.777662+00:00"}
{"asctime": "2025-08-11 14:22:39,805", "levelname": "INFO", "name": "AresTradingSystem.System.UnifiedDataManager", "message": "📅 Train period: 2025-02-14 10:31:39.767468+00:00 to 2025-07-06 21:35:39.767468+00:00", "correlation_id": "-", "session_id": "-", "timestamp": "2025-08-11T12:22:39.805186+00:00"}
{"asctime": "2025-08-11 14:22:39,805", "levelname": "INFO", "name": "AresTradingSystem.System.UnifiedDataManager", "message": "📅 Validation period: 2025-07-06 21:36:39.767468+00:00 to 2025-07-24 16:58:39.767468+00:00", "correlation_id": "-", "session_id": "-", "timestamp": "2025-08-11T12:22:39.805822+00:00"}
{"asctime": "2025-08-11 14:22:39,806", "levelname": "INFO", "name": "AresTradingSystem.System.UnifiedDataManager", "message": "📅 Test period: 2025-07-24 16:59:39.767468+00:00 to 2025-08-11 12:22:39.767468+00:00", "correlation_id": "-", "session_id": "-", "timestamp": "2025-08-11T12:22:39.806335+00:00"}
{"asctime": "2025-08-11 14:22:39,806", "levelname": "INFO", "name": "AresTradingSystem.System.UnifiedDataManager", "message": "📊 Time-based splits created (post-augmentation if applied):\n  • Training: 205145 samples (80.0%)\n  • Validation: 25643 samples (10.0%)\n  • Test: 25644 samples (10.0%)", "correlation_id": "-", "session_id": "-", "timestamp": "2025-08-11T12:22:39.806602+00:00"}
{"asctime": "2025-08-11 14:22:39,828", "levelname": "INFO", "name": "AresTradingSystem.System.UnifiedDataManager", "message": "💾 Unified database saved to data/training/unified_database/BINANCE_ETHUSDT_unified_dataset.pkl", "correlation_id": "-", "session_id": "-", "timestamp": "2025-08-11T12:22:39.828065+00:00"}
{"asctime": "2025-08-11 14:22:39,828", "levelname": "INFO", "name": "AresTradingSystem.System.UnifiedDataManager", "message": "📋 Metadata saved to data/training/unified_database/BINANCE_ETHUSDT_dataset_metadata.json", "correlation_id": "-", "session_id": "-", "timestamp": "2025-08-11T12:22:39.828574+00:00"}
{"asctime": "2025-08-11 14:22:39,955", "levelname": "INFO", "name": "AresTradingSystem.System.UnifiedDataManager", "message": "💾 Data splits saved (Parquet):", "correlation_id": "-", "session_id": "-", "timestamp": "2025-08-11T12:22:39.955804+00:00"}
{"asctime": "2025-08-11 14:22:39,956", "levelname": "INFO", "name": "AresTradingSystem.System.UnifiedDataManager", "message": "  • Training: data/training/BINANCE_ETHUSDT_train_data.parquet", "correlation_id": "-", "session_id": "-", "timestamp": "2025-08-11T12:22:39.956854+00:00"}
{"asctime": "2025-08-11 14:22:39,957", "levelname": "INFO", "name": "AresTradingSystem.System.UnifiedDataManager", "message": "  • Validation: data/training/BINANCE_ETHUSDT_validation_data.parquet", "correlation_id": "-", "session_id": "-", "timestamp": "2025-08-11T12:22:39.957612+00:00"}
{"asctime": "2025-08-11 14:22:39,957", "levelname": "INFO", "name": "AresTradingSystem.System.UnifiedDataManager", "message": "  • Test: data/training/BINANCE_ETHUSDT_test_data.parquet", "correlation_id": "-", "session_id": "-", "timestamp": "2025-08-11T12:22:39.957918+00:00"}
{"asctime": "2025-08-11 14:22:39,958", "levelname": "INFO", "name": "AresTradingSystem.System.UnifiedDataManager", "message": "✅ Unified database created successfully", "correlation_id": "-", "session_id": "-", "timestamp": "2025-08-11T12:22:39.958155+00:00"}
{"asctime": "2025-08-11 14:22:39,959", "levelname": "INFO", "name": "AresTradingSystem.System.AnalystLabelingFeatureEngineeringStep", "message": "✅ Created unified database splits", "correlation_id": "-", "session_id": "-", "timestamp": "2025-08-11T12:22:39.959603+00:00"}
{"asctime": "2025-08-11 14:22:39,960", "levelname": "INFO", "name": "AresTradingSystem.System.AnalystLabelingFeatureEngineeringStep", "message": "✅ Analyst labeling and feature engineering completed successfully", "correlation_id": "-", "session_id": "-", "timestamp": "2025-08-11T12:22:39.960223+00:00"}
{"asctime": "2025-08-11 14:22:41,187", "levelname": "INFO", "name": "AresTradingSystem.System", "message": "Initializing Analyst Specialist Training Step...", "correlation_id": "-", "session_id": "-", "timestamp": "2025-08-11T12:22:41.187979+00:00"}
{"asctime": "2025-08-11 14:22:41,188", "levelname": "INFO", "name": "AresTradingSystem.System", "message": "Analyst Specialist Training Step initialized successfully", "correlation_id": "-", "session_id": "-", "timestamp": "2025-08-11T12:22:41.188587+00:00"}
{"asctime": "2025-08-11 14:22:41,188", "levelname": "INFO", "name": "AresTradingSystem.System", "message": "🔄 Executing Analyst Specialist Training...", "correlation_id": "-", "session_id": "-", "timestamp": "2025-08-11T12:22:41.188800+00:00"}
{"asctime": "2025-08-11 14:22:41,191", "levelname": "INFO", "name": "AresTradingSystem.System", "message": "Loaded features file data/training/BINANCE_ETHUSDT_features_train.pkl: type=DataFrame, shape=(205145, 11)", "correlation_id": "-", "session_id": "-", "timestamp": "2025-08-11T12:22:41.192056+00:00"}
{"asctime": "2025-08-11 14:22:41,193", "levelname": "INFO", "name": "AresTradingSystem.System", "message": "Loaded features file data/training/BINANCE_ETHUSDT_features_validation.pkl: type=DataFrame, shape=(25643, 11)", "correlation_id": "-", "session_id": "-", "timestamp": "2025-08-11T12:22:41.193173+00:00"}
{"asctime": "2025-08-11 14:22:41,194", "levelname": "INFO", "name": "AresTradingSystem.System", "message": "Loaded features file data/training/BINANCE_ETHUSDT_features_test.pkl: type=DataFrame, shape=(25644, 11)", "correlation_id": "-", "session_id": "-", "timestamp": "2025-08-11T12:22:41.194867+00:00"}
{"asctime": "2025-08-11 14:22:41,197", "levelname": "INFO", "name": "AresTradingSystem.System", "message": "✅ Loaded combined feature data: (256432, 11)", "correlation_id": "-", "session_id": "-", "timestamp": "2025-08-11T12:22:41.197351+00:00"}
{"asctime": "2025-08-11 14:22:41,197", "levelname": "INFO", "name": "AresTradingSystem.System", "message": "Training specialist models for regime: combined", "correlation_id": "-", "session_id": "-", "timestamp": "2025-08-11T12:22:41.197599+00:00"}
{"asctime": "2025-08-11 14:22:41,433", "levelname": "INFO", "name": "AresTradingSystem.System", "message": "Training specialist models for regime: combined", "correlation_id": "-", "session_id": "-", "timestamp": "2025-08-11T12:22:41.433722+00:00"}
{"asctime": "2025-08-11 14:22:41,452", "levelname": "INFO", "name": "AresTradingSystem.System", "message": "📊 Training data shape: (256432, 10)", "correlation_id": "-", "session_id": "-", "timestamp": "2025-08-11T12:22:41.452223+00:00"}
{"asctime": "2025-08-11 14:22:41,452", "levelname": "INFO", "name": "AresTradingSystem.System", "message": "📊 Feature count: 10", "correlation_id": "-", "session_id": "-", "timestamp": "2025-08-11T12:22:41.452646+00:00"}
{"asctime": "2025-08-11 14:22:41,456", "levelname": "INFO", "name": "AresTradingSystem.System", "message": "📊 Class distribution: {-1: 166887, 1: 89545}", "correlation_id": "-", "session_id": "-", "timestamp": "2025-08-11T12:22:41.456571+00:00"}
{"asctime": "2025-08-11 14:22:41,655", "levelname": "INFO", "name": "AresTradingSystem.System", "message": "📊 Train set: (205145, 10)", "correlation_id": "-", "session_id": "-", "timestamp": "2025-08-11T12:22:41.655403+00:00"}
{"asctime": "2025-08-11 14:22:41,655", "levelname": "INFO", "name": "AresTradingSystem.System", "message": "📊 Test set: (51287, 10)", "correlation_id": "-", "session_id": "-", "timestamp": "2025-08-11T12:22:41.655821+00:00"}
