{"asctime": "2025-08-11 14:17:30,039", "levelname": "INFO", "name": "AresTradingSystem", "message": "✅ Enhanced Logger initialization completed successfully", "correlation_id": "-", "session_id": "-", "timestamp": "2025-08-11T12:17:30.039605+00:00"}
{"asctime": "2025-08-11 14:17:30,047", "levelname": "INFO", "name": "AresTradingSystem.System.VectorizedAdvancedFeatureEngineering", "message": "🚀 Initializing vectorized advanced feature engineering...", "correlation_id": "-", "session_id": "-", "timestamp": "2025-08-11T12:17:30.047920+00:00"}
{"asctime": "2025-08-11 14:17:30,048", "levelname": "INFO", "name": "AresTradingSystem.System.WaveletFeatureCache", "message": "✅ Cache directory initialized: data/wavelet_cache", "correlation_id": "-", "session_id": "-", "timestamp": "2025-08-11T12:17:30.048325+00:00"}
{"asctime": "2025-08-11 14:17:30,048", "levelname": "INFO", "name": "AresTradingSystem.System.VectorizedVolatilityRegimeModel", "message": "🚀 Initializing vectorized volatility regime model...", "correlation_id": "-", "session_id": "-", "timestamp": "2025-08-11T12:17:30.048501+00:00"}
{"asctime": "2025-08-11 14:17:30,048", "levelname": "INFO", "name": "AresTradingSystem.System.VectorizedVolatilityRegimeModel", "message": "✅ Vectorized volatility regime model initialized successfully", "correlation_id": "-", "session_id": "-", "timestamp": "2025-08-11T12:17:30.048612+00:00"}
{"asctime": "2025-08-11 14:17:30,048", "levelname": "INFO", "name": "AresTradingSystem.System.VectorizedCorrelationAnalyzer", "message": "🚀 Initializing vectorized correlation analyzer...", "correlation_id": "-", "session_id": "-", "timestamp": "2025-08-11T12:17:30.048724+00:00"}
{"asctime": "2025-08-11 14:17:30,048", "levelname": "INFO", "name": "AresTradingSystem.System.VectorizedCorrelationAnalyzer", "message": "✅ Vectorized correlation analyzer initialized successfully", "correlation_id": "-", "session_id": "-", "timestamp": "2025-08-11T12:17:30.048918+00:00"}
{"asctime": "2025-08-11 14:17:30,049", "levelname": "INFO", "name": "AresTradingSystem.System.VectorizedMomentumAnalyzer", "message": "🚀 Initializing vectorized momentum analyzer...", "correlation_id": "-", "session_id": "-", "timestamp": "2025-08-11T12:17:30.049111+00:00"}
{"asctime": "2025-08-11 14:17:30,049", "levelname": "INFO", "name": "AresTradingSystem.System.VectorizedMomentumAnalyzer", "message": "✅ Vectorized momentum analyzer initialized successfully", "correlation_id": "-", "session_id": "-", "timestamp": "2025-08-11T12:17:30.049221+00:00"}
{"asctime": "2025-08-11 14:17:30,049", "levelname": "INFO", "name": "AresTradingSystem.System.VectorizedLiquidityAnalyzer", "message": "🚀 Initializing vectorized liquidity analyzer...", "correlation_id": "-", "session_id": "-", "timestamp": "2025-08-11T12:17:30.049332+00:00"}
{"asctime": "2025-08-11 14:17:30,049", "levelname": "INFO", "name": "AresTradingSystem.System.VectorizedLiquidityAnalyzer", "message": "✅ Vectorized liquidity analyzer initialized successfully", "correlation_id": "-", "session_id": "-", "timestamp": "2025-08-11T12:17:30.049435+00:00"}
{"asctime": "2025-08-11 14:17:30,049", "levelname": "INFO", "name": "AresTradingSystem.System.VectorizedCandlestickPatternAnalyzer", "message": "🚀 Initializing vectorized candlestick pattern analyzer...", "correlation_id": "-", "session_id": "-", "timestamp": "2025-08-11T12:17:30.049541+00:00"}
{"asctime": "2025-08-11 14:17:30,049", "levelname": "INFO", "name": "AresTradingSystem.System.VectorizedCandlestickPatternAnalyzer", "message": "✅ Vectorized candlestick pattern analyzer initialized successfully", "correlation_id": "-", "session_id": "-", "timestamp": "2025-08-11T12:17:30.049638+00:00"}
{"asctime": "2025-08-11 14:17:30,049", "levelname": "INFO", "name": "AresTradingSystem.System.VectorizedSRDistanceCalculator", "message": "🚀 Initializing vectorized S/R distance calculator...", "correlation_id": "-", "session_id": "-", "timestamp": "2025-08-11T12:17:30.049740+00:00"}
{"asctime": "2025-08-11 14:17:30,049", "levelname": "INFO", "name": "AresTradingSystem.System.VectorizedSRDistanceCalculator", "message": "✅ Vectorized S/R distance calculator initialized successfully", "correlation_id": "-", "session_id": "-", "timestamp": "2025-08-11T12:17:30.049941+00:00"}
{"asctime": "2025-08-11 14:17:30,050", "levelname": "INFO", "name": "AresTradingSystem.System.VectorizedWaveletTransformAnalyzer", "message": "🚀 Initializing enhanced vectorized wavelet transform analyzer...", "correlation_id": "-", "session_id": "-", "timestamp": "2025-08-11T12:17:30.050116+00:00"}
{"asctime": "2025-08-11 14:17:30,050", "levelname": "INFO", "name": "AresTradingSystem.System.VectorizedWaveletTransformAnalyzer", "message": "✅ Enhanced vectorized wavelet transform analyzer initialized successfully", "correlation_id": "-", "session_id": "-", "timestamp": "2025-08-11T12:17:30.050229+00:00"}
{"asctime": "2025-08-11 14:17:30,050", "levelname": "INFO", "name": "AresTradingSystem.System.VectorizedWaveletTransformAnalyzer", "message": "📊 Configuration: padding_mode=symmetric, cwt_scale_method=logarithmic, max_features_per_wavelet=40", "correlation_id": "-", "session_id": "-", "timestamp": "2025-08-11T12:17:30.050332+00:00"}
{"asctime": "2025-08-11 14:17:30,051", "levelname": "INFO", "name": "AresTradingSystem.System.MetaLabelingSystem", "message": "🚀 Initializing meta-labeling system...", "correlation_id": "-", "session_id": "-", "timestamp": "2025-08-11T12:17:30.051911+00:00"}
{"asctime": "2025-08-11 14:17:30,052", "levelname": "INFO", "name": "AresTradingSystem.System.MetaLabelingSystem", "message": "✅ Meta-labeling system initialized successfully", "correlation_id": "-", "session_id": "-", "timestamp": "2025-08-11T12:17:30.052227+00:00"}
{"asctime": "2025-08-11 14:17:30,052", "levelname": "INFO", "name": "AresTradingSystem.System.VectorizedAdvancedFeatureEngineering", "message": "✅ Vectorized advanced feature engineering initialized successfully", "correlation_id": "-", "session_id": "-", "timestamp": "2025-08-11T12:17:30.052525+00:00"}
