{"asctime": "2025-08-10 09:32:58,886", "levelname": "INFO", "name": "AresGlobal", "message": "================================================================================", "correlation_id": "-", "session_id": "-", "timestamp": "2025-08-10T07:32:58.886262+00:00"}
{"asctime": "2025-08-10 09:32:58,886", "levelname": "INFO", "name": "AresGlobal", "message": "📊 SESSION SUMMARY", "correlation_id": "-", "session_id": "-", "timestamp": "2025-08-10T07:32:58.886368+00:00"}
{"asctime": "2025-08-10 09:32:58,886", "levelname": "INFO", "name": "AresGlobal", "message": "Session started: 2025-08-10 09:32:58", "correlation_id": "-", "session_id": "-", "timestamp": "2025-08-10T07:32:58.886452+00:00"}
{"asctime": "2025-08-10 09:32:58,886", "levelname": "INFO", "name": "AresGlobal", "message": "This file contains ALL logs for this session", "correlation_id": "-", "session_id": "-", "timestamp": "2025-08-10T07:32:58.886513+00:00"}
{"asctime": "2025-08-10 09:32:58,886", "levelname": "INFO", "name": "AresGlobal", "message": "================================================================================", "correlation_id": "-", "session_id": "-", "timestamp": "2025-08-10T07:32:58.886569+00:00"}
{"asctime": "2025-08-10 09:32:58,886", "levelname": "INFO", "name": "AresGlobal", "message": "Applied NumPy RNG unpickle compatibility shim (ModelManager)", "correlation_id": "-", "session_id": "-", "timestamp": "2025-08-10T07:32:58.886933+00:00"}
{"asctime": "2025-08-10 09:32:58,887", "levelname": "INFO", "name": "AresGlobal", "message": "[SYSTEM] ================================================================================", "correlation_id": "-", "session_id": "-", "timestamp": "2025-08-10T07:32:58.887075+00:00"}
{"asctime": "2025-08-10 09:32:58,887", "levelname": "INFO", "name": "AresGlobal", "message": "[SYSTEM] 🚀 ARES LAUNCHER STARTED - Mode: INITIALIZATION", "correlation_id": "-", "session_id": "-", "timestamp": "2025-08-10T07:32:58.887186+00:00"}
{"asctime": "2025-08-10 09:32:58,887", "levelname": "INFO", "name": "AresGlobal", "message": "[SYSTEM] Start time: 2025-08-10 09:32:58", "correlation_id": "-", "session_id": "-", "timestamp": "2025-08-10T07:32:58.887303+00:00"}
{"asctime": "2025-08-10 09:32:58,887", "levelname": "INFO", "name": "AresGlobal", "message": "[SYSTEM] Log directory: log", "correlation_id": "-", "session_id": "-", "timestamp": "2025-08-10T07:32:58.887406+00:00"}
{"asctime": "2025-08-10 09:32:58,887", "levelname": "INFO", "name": "AresGlobal", "message": "[SYSTEM] ================================================================================", "correlation_id": "-", "session_id": "-", "timestamp": "2025-08-10T07:32:58.887507+00:00"}
{"asctime": "2025-08-10 09:32:58,887", "levelname": "INFO", "name": "AresGlobal.AresLauncher", "message": "================================================================================", "correlation_id": "-", "session_id": "-", "timestamp": "2025-08-10T07:32:58.887557+00:00"}
{"asctime": "2025-08-10 09:32:58,887", "levelname": "INFO", "name": "AresGlobal.AresLauncher", "message": "🚀 ARES COMPREHENSIVE LAUNCHER", "correlation_id": "-", "session_id": "-", "timestamp": "2025-08-10T07:32:58.887610+00:00"}
{"asctime": "2025-08-10 09:32:58,887", "levelname": "INFO", "name": "AresGlobal.AresLauncher", "message": "================================================================================", "correlation_id": "-", "session_id": "-", "timestamp": "2025-08-10T07:32:58.887666+00:00"}
{"asctime": "2025-08-10 09:32:58,887", "levelname": "INFO", "name": "AresGlobal.AresLauncher", "message": "Start time: 2025-08-10 09:32:58", "correlation_id": "-", "session_id": "-", "timestamp": "2025-08-10T07:32:58.887724+00:00"}
{"asctime": "2025-08-10 09:32:58,887", "levelname": "INFO", "name": "AresGlobal.AresLauncher", "message": "Log directory: log", "correlation_id": "-", "session_id": "-", "timestamp": "2025-08-10T07:32:58.887775+00:00"}
{"asctime": "2025-08-10 09:32:58,887", "levelname": "INFO", "name": "AresGlobal.AresLauncher", "message": "Log level: INFO", "correlation_id": "-", "session_id": "-", "timestamp": "2025-08-10T07:32:58.887825+00:00"}
{"asctime": "2025-08-10 09:32:58,887", "levelname": "INFO", "name": "AresGlobal.AresLauncher", "message": "Global log file: ares_global_20250810_093258.log", "correlation_id": "-", "session_id": "-", "timestamp": "2025-08-10T07:32:58.887891+00:00"}
{"asctime": "2025-08-10 09:32:58,887", "levelname": "INFO", "name": "AresGlobal.AresLauncher", "message": "================================================================================", "correlation_id": "-", "session_id": "-", "timestamp": "2025-08-10T07:32:58.887942+00:00"}
{"asctime": "2025-08-10 09:32:58,888", "levelname": "INFO", "name": "AresGlobal", "message": "[SYSTEM] ================================================================================", "correlation_id": "198dcb4b-d0bd-4467-8104-3b379ac11ba3", "session_id": "c38f07a3-3b71-4534-8bea-1996eb181dd7", "timestamp": "2025-08-10T07:32:58.888125+00:00"}
{"asctime": "2025-08-10 09:32:58,888", "levelname": "INFO", "name": "AresGlobal", "message": "[SYSTEM] 🚀 ARES LAUNCHER STARTED - Mode: blank - Symbol: ETHUSDT - Exchange: BINANCE", "correlation_id": "198dcb4b-d0bd-4467-8104-3b379ac11ba3", "session_id": "c38f07a3-3b71-4534-8bea-1996eb181dd7", "timestamp": "2025-08-10T07:32:58.888229+00:00"}
{"asctime": "2025-08-10 09:32:58,888", "levelname": "INFO", "name": "AresGlobal", "message": "[SYSTEM] Start time: 2025-08-10 09:32:58", "correlation_id": "198dcb4b-d0bd-4467-8104-3b379ac11ba3", "session_id": "c38f07a3-3b71-4534-8bea-1996eb181dd7", "timestamp": "2025-08-10T07:32:58.888337+00:00"}
{"asctime": "2025-08-10 09:32:58,888", "levelname": "INFO", "name": "AresGlobal", "message": "[SYSTEM] Log directory: log", "correlation_id": "198dcb4b-d0bd-4467-8104-3b379ac11ba3", "session_id": "c38f07a3-3b71-4534-8bea-1996eb181dd7", "timestamp": "2025-08-10T07:32:58.888441+00:00"}
{"asctime": "2025-08-10 09:32:58,888", "levelname": "INFO", "name": "AresGlobal", "message": "[SYSTEM] ================================================================================", "correlation_id": "198dcb4b-d0bd-4467-8104-3b379ac11ba3", "session_id": "c38f07a3-3b71-4534-8bea-1996eb181dd7", "timestamp": "2025-08-10T07:32:58.888544+00:00"}
{"asctime": "2025-08-10 09:32:58,888", "levelname": "INFO", "name": "AresGlobal.AresLauncher", "message": "🚀 Running enhanced 16-step training pipeline for ETHUSDT on BINANCE", "correlation_id": "198dcb4b-d0bd-4467-8104-3b379ac11ba3", "session_id": "c38f07a3-3b71-4534-8bea-1996eb181dd7", "timestamp": "2025-08-10T07:32:58.888616+00:00"}
{"asctime": "2025-08-10 09:32:58,888", "levelname": "INFO", "name": "AresGlobal.AresLauncher", "message": "Starting from step: step2_market_regime_classification", "correlation_id": "198dcb4b-d0bd-4467-8104-3b379ac11ba3", "session_id": "c38f07a3-3b71-4534-8bea-1996eb181dd7", "timestamp": "2025-08-10T07:32:58.888672+00:00"}
{"asctime": "2025-08-10 09:32:58,888", "levelname": "INFO", "name": "AresGlobal.AresLauncher", "message": "🧪 BLANK TRAINING MODE: Set BLANK_TRAINING_MODE=1 for step-based training", "correlation_id": "198dcb4b-d0bd-4467-8104-3b379ac11ba3", "session_id": "c38f07a3-3b71-4534-8bea-1996eb181dd7", "timestamp": "2025-08-10T07:32:58.888726+00:00"}
{"asctime": "2025-08-10 09:32:58,889", "levelname": "INFO", "name": "AresGlobal.AresLauncher", "message": "📁 Using pre-consolidated data for step2", "correlation_id": "198dcb4b-d0bd-4467-8104-3b379ac11ba3", "session_id": "c38f07a3-3b71-4534-8bea-1996eb181dd7", "timestamp": "2025-08-10T07:32:58.889294+00:00"}
{"asctime": "2025-08-10 09:32:58,889", "levelname": "INFO", "name": "AresGlobal.AresLauncher", "message": "✅ Found consolidated data: data_cache/aggtrades_BINANCE_ETHUSDT_consolidated.parquet", "correlation_id": "198dcb4b-d0bd-4467-8104-3b379ac11ba3", "session_id": "c38f07a3-3b71-4534-8bea-1996eb181dd7", "timestamp": "2025-08-10T07:32:58.889367+00:00"}
{"asctime": "2025-08-10 09:32:59,541", "levelname": "INFO", "name": "AresGlobal.AresLauncher", "message": "📊 Consolidated trade rows: 17744326", "correlation_id": "198dcb4b-d0bd-4467-8104-3b379ac11ba3", "session_id": "c38f07a3-3b71-4534-8bea-1996eb181dd7", "timestamp": "2025-08-10T07:32:59.541056+00:00"}
{"asctime": "2025-08-10 09:32:59,543", "levelname": "INFO", "name": "AresGlobal.ProgressManager", "message": "Initialized ProgressManager for ETHUSDT on BINANCE", "correlation_id": "198dcb4b-d0bd-4467-8104-3b379ac11ba3", "session_id": "c38f07a3-3b71-4534-8bea-1996eb181dd7", "timestamp": "2025-08-10T07:32:59.543807+00:00"}
{"asctime": "2025-08-10 09:32:59,543", "levelname": "INFO", "name": "AresGlobal.ProgressManager", "message": "Progress directory: data/training/progress/BINANCE_ETHUSDT", "correlation_id": "198dcb4b-d0bd-4467-8104-3b379ac11ba3", "session_id": "c38f07a3-3b71-4534-8bea-1996eb181dd7", "timestamp": "2025-08-10T07:32:59.543903+00:00"}
{"asctime": "2025-08-10 09:32:59,543", "levelname": "INFO", "name": "AresGlobal.StepOrchestrator", "message": "Initialized StepOrchestrator for ETHUSDT on BINANCE", "correlation_id": "198dcb4b-d0bd-4467-8104-3b379ac11ba3", "session_id": "c38f07a3-3b71-4534-8bea-1996eb181dd7", "timestamp": "2025-08-10T07:32:59.543973+00:00"}
{"asctime": "2025-08-10 09:32:59,544", "levelname": "INFO", "name": "AresGlobal.StepOrchestrator", "message": "🚀 Starting execution from step: step2_market_regime_classification", "correlation_id": "198dcb4b-d0bd-4467-8104-3b379ac11ba3", "session_id": "c38f07a3-3b71-4534-8bea-1996eb181dd7", "timestamp": "2025-08-10T07:32:59.544157+00:00"}
{"asctime": "2025-08-10 09:33:00,873", "levelname": "INFO", "name": "AresGlobal.EnhancedTrainingManagerOptimized", "message": "Loaded optimization configuration", "correlation_id": "198dcb4b-d0bd-4467-8104-3b379ac11ba3", "session_id": "c38f07a3-3b71-4534-8bea-1996eb181dd7", "timestamp": "2025-08-10T07:33:00.873070+00:00"}
{"asctime": "2025-08-10 09:33:00,876", "levelname": "INFO", "name": "AresGlobal.StepOrchestrator", "message": "✅ Enhanced training manager setup successfully", "correlation_id": "198dcb4b-d0bd-4467-8104-3b379ac11ba3", "session_id": "c38f07a3-3b71-4534-8bea-1996eb181dd7", "timestamp": "2025-08-10T07:33:00.876131+00:00"}
{"asctime": "2025-08-10 09:33:00,876", "levelname": "INFO", "name": "AresGlobal.EnhancedTrainingManagerOptimized", "message": "🚀 Initializing Enhanced Training Manager with Optimizations...", "correlation_id": "198dcb4b-d0bd-4467-8104-3b379ac11ba3", "session_id": "c38f07a3-3b71-4534-8bea-1996eb181dd7", "timestamp": "2025-08-10T07:33:00.876864+00:00"}
{"asctime": "2025-08-10 09:33:00,890", "levelname": "INFO", "name": "AresGlobal.EnhancedTrainingManagerOptimized", "message": "✅ Parallel backtester initialized with 8 workers", "correlation_id": "198dcb4b-d0bd-4467-8104-3b379ac11ba3", "session_id": "c38f07a3-3b71-4534-8bea-1996eb181dd7", "timestamp": "2025-08-10T07:33:00.890329+00:00"}
{"asctime": "2025-08-10 09:33:00,891", "levelname": "INFO", "name": "AresGlobal.EnhancedTrainingManagerOptimized", "message": "✅ All optimization components initialized successfully", "correlation_id": "198dcb4b-d0bd-4467-8104-3b379ac11ba3", "session_id": "c38f07a3-3b71-4534-8bea-1996eb181dd7", "timestamp": "2025-08-10T07:33:00.891009+00:00"}
