2025-08-06 23:03:43,525 - AresTradingSystem - INFO - ✅ Enhanced Logger initialization completed successfully
2025-08-06 23:05:51,452 - AresTradingSystem.System - INFO - Initializing Market Regime Classification Step...
2025-08-06 23:05:51,452 - AresTradingSystem.System - INFO - Market Regime Classification Step initialized successfully
2025-08-06 23:05:51,452 - AresTradingSystem.System - INFO - 🔄 Executing Market Regime Classification...
2025-08-06 23:05:51,453 - AresTradingSystem.System.UnifiedRegimeClassifier - INFO - Initializing UnifiedRegimeClassifier...
2025-08-06 23:05:51,453 - AresTradingSystem.System.UnifiedRegimeClassifier - INFO - 📄 No HMM model found at: checkpoints/analyst_models/unified_hmm_model_BINANCE_ETHUSDT_1h.joblib
2025-08-06 23:05:51,453 - AresTradingSystem.System.UnifiedRegimeClassifier - INFO - 📄 No ensemble model found at: checkpoints/analyst_models/unified_ensemble_model_BINANCE_ETHUSDT_1h.joblib
2025-08-06 23:05:51,453 - AresTradingSystem.System.UnifiedRegimeClassifier - INFO - 📄 No location model found at: checkpoints/analyst_models/unified_location_model_BINANCE_ETHUSDT_1h.joblib
2025-08-06 23:05:51,453 - AresTradingSystem.System.UnifiedRegimeClassifier - INFO - ✅ UnifiedRegimeClassifier initialized successfully
2025-08-06 23:05:51,454 - AresTradingSystem.System - INFO - Loaded historical data: 4 records
2025-08-06 23:05:51,454 - AresTradingSystem.System - INFO - Extracted klines data: 60384 rows
2025-08-06 23:05:51,454 - AresTradingSystem.System - INFO - Classifying market regimes for ETHUSDT on BINANCE...
2025-08-06 23:05:51,456 - AresTradingSystem.System - INFO - Converted timestamp index to column for regime classification
2025-08-06 23:05:51,456 - AresTradingSystem.System - INFO - Current data columns: ['timestamp', 'open', 'high', 'low', 'close', 'volume']
2025-08-06 23:05:51,458 - AresTradingSystem.System - INFO - 🎓 Training regime classification models...
2025-08-06 23:05:51,458 - AresTradingSystem.System.UnifiedRegimeClassifier - INFO - 🎓 Training Complete Regime Classification System...
2025-08-06 23:05:51,458 - AresTradingSystem.System.UnifiedRegimeClassifier - INFO - 🎓 Training HMM-based Market Regime Classifier...
2025-08-06 23:05:51,458 - AresTradingSystem.System.UnifiedRegimeClassifier - INFO - 🔧 Feature calculation input: 60384 rows, min required: 100
2025-08-06 23:05:51,458 - AresTradingSystem.System.UnifiedRegimeClassifier - INFO - 📋 Input columns: ['timestamp', 'open', 'high', 'low', 'close', 'volume']
2025-08-06 23:05:51,458 - AresTradingSystem.System.UnifiedRegimeClassifier - INFO - 📅 Input date range: 0 to 60383
2025-08-06 23:05:51,458 - AresTradingSystem.System.UnifiedRegimeClassifier - INFO - 🔧 Calculating features for 60384 periods...
2025-08-06 23:05:51,553 - AresTradingSystem.System.UnifiedRegimeClassifier - INFO - ✅ Calculated comprehensive features for 60359 periods (dropped 25 rows)
2025-08-06 23:05:52,920 - AresTradingSystem.System.UnifiedRegimeClassifier - INFO - State 0: SIDEWAYS (mean_return=0.0000, mean_vol=0.0007, vol_regime=0.000)
2025-08-06 23:05:52,921 - AresTradingSystem.System.UnifiedRegimeClassifier - INFO - State 1: VOLATILE (mean_return=-0.0002, mean_vol=0.0013, vol_regime=0.825)
2025-08-06 23:05:52,922 - AresTradingSystem.System.UnifiedRegimeClassifier - INFO - State 2: BULL (mean_return=0.0004, mean_vol=0.0013, vol_regime=0.555)
2025-08-06 23:05:52,923 - AresTradingSystem.System.UnifiedRegimeClassifier - INFO - State 3: BEAR (mean_return=-0.0002, mean_vol=0.0010, vol_regime=0.000)
2025-08-06 23:05:52,925 - AresTradingSystem.System.UnifiedRegimeClassifier - INFO - ✅ HMM-based regime classifier trained successfully
2025-08-06 23:05:52,928 - AresTradingSystem.System.UnifiedRegimeClassifier - INFO - 🎓 Training Basic Regime Ensemble...
2025-08-06 23:05:52,928 - AresTradingSystem.System.UnifiedRegimeClassifier - INFO - 🔧 Calculating features for 60384 periods...
2025-08-06 23:05:53,024 - AresTradingSystem.System.UnifiedRegimeClassifier - INFO - ✅ Calculated comprehensive features for 60359 periods (dropped 25 rows)
2025-08-06 23:05:55,102 - AresTradingSystem.System.UnifiedRegimeClassifier - INFO - ✅ Basic regime ensemble trained successfully
2025-08-06 23:05:55,104 - AresTradingSystem.System.UnifiedRegimeClassifier - INFO - 🎓 Training Location Classifier...
2025-08-06 23:05:55,104 - AresTradingSystem.System.UnifiedRegimeClassifier - INFO - 🔧 Calculating features for 60384 periods...
2025-08-06 23:05:55,198 - AresTradingSystem.System.UnifiedRegimeClassifier - INFO - ✅ Calculated comprehensive features for 60359 periods (dropped 25 rows)
2025-08-06 23:05:55,371 - AresTradingSystem.System.UnifiedRegimeClassifier - INFO - 📍 Calculated 10 support and 10 resistance levels
2025-08-06 23:05:57,916 - AresTradingSystem.System.UnifiedRegimeClassifier - INFO - ✅ Location classifier trained successfully
2025-08-06 23:05:57,941 - AresTradingSystem.System.UnifiedRegimeClassifier - INFO - ✅ Complete regime classification system trained successfully
2025-08-06 23:05:57,941 - AresTradingSystem.System - INFO - ✅ Regime classification models trained successfully
2025-08-06 23:05:57,941 - AresTradingSystem.System.UnifiedRegimeClassifier - INFO - Classifying market regimes using 1h timeframe...
2025-08-06 23:05:57,942 - AresTradingSystem.System.UnifiedRegimeClassifier - INFO - 📊 Input data shape: (60384, 6)
2025-08-06 23:05:57,942 - AresTradingSystem.System.UnifiedRegimeClassifier - INFO - 📋 Input data columns: ['timestamp', 'open', 'high', 'low', 'close', 'volume']
2025-08-06 23:05:57,942 - AresTradingSystem.System.UnifiedRegimeClassifier - INFO - 📅 Input data index type: <class 'pandas.core.indexes.range.RangeIndex'>
2025-08-06 23:05:57,942 - AresTradingSystem.System.UnifiedRegimeClassifier - INFO - 🔄 Converting timestamp column to datetime index
2025-08-06 23:05:57,951 - AresTradingSystem.System.UnifiedRegimeClassifier - INFO - 📅 Data index after conversion: 2025-06-22 23:06:00 to 2025-08-03 21:29:00
2025-08-06 23:05:57,951 - AresTradingSystem.System.UnifiedRegimeClassifier - INFO - 🔄 Resampling 60384 rows to 1h timeframe...
2025-08-06 23:05:57,959 - AresTradingSystem.System.UnifiedRegimeClassifier - INFO - 📊 After resampling: 1007 hourly rows
2025-08-06 23:05:57,959 - AresTradingSystem.System.UnifiedRegimeClassifier - INFO - 📅 Hourly data range: 2025-06-22 23:00:00 to 2025-08-03 21:00:00
2025-08-06 23:05:57,959 - AresTradingSystem.System.UnifiedRegimeClassifier - INFO - 🔄 Using rolling window size: 100 for 1007 hourly rows
2025-08-06 23:05:57,959 - AresTradingSystem.System.UnifiedRegimeClassifier - INFO - 🔍 Processing window 20/1007: 20 data points
2025-08-06 23:05:57,959 - AresTradingSystem.System.UnifiedRegimeClassifier - INFO - 🤖 UnifiedRegimeClassifier: Starting regime prediction
2025-08-06 23:05:57,959 - AresTradingSystem.System.UnifiedRegimeClassifier - INFO - 📊 Model Status:
2025-08-06 23:05:57,959 - AresTradingSystem.System.UnifiedRegimeClassifier - INFO -    - HMM model: ✅ Available
2025-08-06 23:05:57,959 - AresTradingSystem.System.UnifiedRegimeClassifier - INFO -    - Basic ensemble: ✅ Available
2025-08-06 23:05:57,959 - AresTradingSystem.System.UnifiedRegimeClassifier - INFO -    - Location classifier: ✅ Available
2025-08-06 23:05:57,959 - AresTradingSystem.System.UnifiedRegimeClassifier - INFO -    - Training status: ✅ Trained
2025-08-06 23:05:57,959 - AresTradingSystem.System.UnifiedRegimeClassifier - INFO - 🔧 Calculating features for 20 periods...
2025-08-06 23:05:57,964 - AresTradingSystem.System.UnifiedRegimeClassifier - INFO - ✅ Calculated comprehensive features for 9 periods (dropped 11 rows)
2025-08-06 23:05:57,965 - AresTradingSystem.System.UnifiedRegimeClassifier - ERROR - Error in regime classification: cannot unpack non-iterable NoneType object
2025-08-06 23:05:57,970 - AresTradingSystem.System - INFO - Regime classification completed. Found 1 distinct regimes
2025-08-06 23:05:57,983 - AresTradingSystem.System - INFO - ✅ Market regime classification completed. Results saved to data/training/BINANCE_ETHUSDT_regime_classification.json
2025-08-06 23:05:57,992 - AresTradingSystem.System - INFO - Initializing Regime Data Splitting Step...
2025-08-06 23:05:57,992 - AresTradingSystem.System - INFO - Regime Data Splitting Step initialized successfully
2025-08-06 23:05:57,992 - AresTradingSystem.System - INFO - 🔄 Executing Regime Data Splitting...
2025-08-06 23:05:57,997 - AresTradingSystem.System - INFO - Splitting data by regimes for ETHUSDT on BINANCE...
2025-08-06 23:05:58,965 - AresTradingSystem.System - INFO - Regime 'SIDEWAYS': 60384 records
2025-08-06 23:05:58,965 - AresTradingSystem.System - INFO - High-data regimes: ['SIDEWAYS']
2025-08-06 23:05:58,965 - AresTradingSystem.System - INFO - Low-data regimes: []
2025-08-06 23:05:58,965 - AresTradingSystem.System - INFO - Other regimes: []
2025-08-06 23:05:58,971 - AresTradingSystem.System - INFO - ✅ Regime data splitting completed. Results saved to data/training/regime_data
