2025-08-04 20:00:15,213 - AresGlobal - INFO - ================================================================================
2025-08-04 20:00:15,213 - AresGlobal - INFO - 📊 SESSION SUMMARY
2025-08-04 20:00:15,214 - AresGlobal - INFO - Session started: 2025-08-04 20:00:15
2025-08-04 20:00:15,214 - AresGlobal - INFO - Global log file: ares_global_20250804_200015.log
2025-08-04 20:00:15,214 - AresGlobal - INFO - This file contains ALL logs for this session
2025-08-04 20:00:15,214 - AresGlobal - INFO - ================================================================================
2025-08-04 20:00:15,214 - AresGlobal - INFO - [SYSTEM] ================================================================================
2025-08-04 20:00:15,214 - AresGlobal - INFO - [SYSTEM] 🚀 ARES LAUNCHER STARTED - Mode: INITIALIZATION
2025-08-04 20:00:15,214 - AresGlobal - INFO - [SYSTEM] Start time: 2025-08-04 20:00:15
2025-08-04 20:00:15,214 - AresGlobal - INFO - [SYSTEM] Log directory: log
2025-08-04 20:00:15,214 - AresGlobal - INFO - [SYSTEM] ================================================================================
2025-08-04 20:00:15,214 - AresGlobal.AresLauncher - INFO - ================================================================================
2025-08-04 20:00:15,214 - AresGlobal.AresLauncher - INFO - 🚀 ARES COMPREHENSIVE LAUNCHER
2025-08-04 20:00:15,214 - AresGlobal.AresLauncher - INFO - ================================================================================
2025-08-04 20:00:15,214 - AresGlobal.AresLauncher - INFO - Start time: 2025-08-04 20:00:15
2025-08-04 20:00:15,214 - AresGlobal.AresLauncher - INFO - Log directory: log
2025-08-04 20:00:15,215 - AresGlobal.AresLauncher - INFO - Log level: INFO
2025-08-04 20:00:15,215 - AresGlobal.AresLauncher - INFO - Global log file: ares_global_20250804_200015.log
2025-08-04 20:00:15,215 - AresGlobal.AresLauncher - INFO - ================================================================================
2025-08-04 20:00:15,215 - AresGlobal - INFO - [SYSTEM] ================================================================================
2025-08-04 20:00:15,215 - AresGlobal - INFO - [SYSTEM] 🚀 ARES LAUNCHER STARTED - Mode: regime - Symbol: ETHUSDT - Exchange: BINANCE
2025-08-04 20:00:15,215 - AresGlobal - INFO - [SYSTEM] Start time: 2025-08-04 20:00:15
2025-08-04 20:00:15,215 - AresGlobal - INFO - [SYSTEM] Log directory: log
2025-08-04 20:00:15,215 - AresGlobal - INFO - [SYSTEM] ================================================================================
2025-08-04 20:00:15,215 - AresGlobal.AresLauncher - INFO - 🧠 Running regime operations for ETHUSDT on BINANCE
2025-08-04 20:00:15,215 - AresGlobal.AresLauncher - INFO - 📋 Subcommand: train_blank
2025-08-04 20:00:15,215 - AresGlobal.AresLauncher - INFO - 🖥️ GUI mode: False
2025-08-04 20:00:15,215 - AresGlobal.AresLauncher - INFO - ⏰ Start time: 2025-08-04 20:00:15
2025-08-04 20:00:15,215 - AresGlobal.AresLauncher - INFO - 📦 Importing required modules...
2025-08-04 20:00:16,739 - AresGlobal.AresLauncher - INFO - ✅ Modules imported successfully
2025-08-04 20:00:16,739 - AresGlobal.AresLauncher - INFO - 🔧 Initializing unified regime classifier...
2025-08-04 20:00:16,740 - AresGlobal.AresLauncher - INFO - ✅ Unified regime classifier initialized successfully
2025-08-04 20:00:17,617 - AresGlobal.AresLauncher - ERROR - ❌ Failed to run regime operations: cannot import name 'DataCollector' from 'src.training.steps.step1_data_collection' (/Users/remyroche/Documents/Ares/src/training/steps/step1_data_collection.py)
2025-08-04 20:00:17,617 - AresGlobal - INFO - [SYSTEM] ================================================================================
2025-08-04 20:00:17,617 - AresGlobal - INFO - [SYSTEM] 🛑 ARES LAUNCHER ENDED - Exit code: 1
2025-08-04 20:00:17,617 - AresGlobal - INFO - [SYSTEM] End time: 2025-08-04 20:00:17
2025-08-04 20:00:17,618 - AresGlobal - INFO - [SYSTEM] ================================================================================
2025-08-04 20:00:17,618 - AresGlobal.AresLauncher - INFO - 🧹 Cleaning up processes...
2025-08-04 20:00:17,618 - AresGlobal.AresLauncher - INFO - ✅ Cleanup completed
