{"asctime": "2025-08-11 18:28:55,893", "levelname": "INFO", "name": "AresTradingSystem", "message": "✅ Enhanced Logger initialization completed successfully", "correlation_id": "-", "session_id": "-", "timestamp": "2025-08-11T16:28:55.893433+00:00"}
{"asctime": "2025-08-11 18:28:55,898", "levelname": "INFO", "name": "AresTradingSystem.System.AutoencoderConfig", "message": "📋 Configuration loaded successfully from src/analyst/autoencoder_config.yaml", "correlation_id": "-", "session_id": "-", "timestamp": "2025-08-11T16:28:55.898467+00:00"}
{"asctime": "2025-08-11 18:28:55,898", "levelname": "INFO", "name": "AresTradingSystem.System.AutoencoderConfig", "message": "📊 Configuration sections: ['preprocessing', 'sequence', 'autoencoder', 'training', 'feature_filtering', 'feature_analysis', 'output', 'feature_interactions']", "correlation_id": "-", "session_id": "-", "timestamp": "2025-08-11T16:28:55.898584+00:00"}
{"asctime": "2025-08-11 18:28:55,898", "levelname": "INFO", "name": "AresTradingSystem.System.VectorizedLabellingOrchestrator", "message": "✅ Vectorized labeling orchestrator initialized successfully", "correlation_id": "-", "session_id": "-", "timestamp": "2025-08-11T16:28:55.898737+00:00"}
{"asctime": "2025-08-11 18:28:55,898", "levelname": "INFO", "name": "AresTradingSystem.System.AnalystLabelingFeatureEngineeringStep", "message": "Analyst Labeling and Feature Engineering Step initialized successfully", "correlation_id": "-", "session_id": "-", "timestamp": "2025-08-11T16:28:55.898857+00:00"}
{"asctime": "2025-08-11 18:28:55,898", "levelname": "INFO", "name": "AresTradingSystem.System.AnalystLabelingFeatureEngineeringStep", "message": "Starting analyst labeling and feature engineering...", "correlation_id": "-", "session_id": "-", "timestamp": "2025-08-11T16:28:55.898995+00:00"}
{"asctime": "2025-08-11 18:28:55,899", "levelname": "INFO", "name": "AresTradingSystem.System.AnalystLabelingFeatureEngineeringStep", "message": "🔄 Loading unified data...", "correlation_id": "-", "session_id": "-", "timestamp": "2025-08-11T16:28:55.899060+00:00"}
{"asctime": "2025-08-11 18:28:55,899", "levelname": "INFO", "name": "AresTradingSystem.System.UnifiedDataLoader", "message": "🔄 Loading unified data for ETHUSDT on BINANCE", "correlation_id": "-", "session_id": "-", "timestamp": "2025-08-11T16:28:55.899131+00:00"}
{"asctime": "2025-08-11 18:28:55,899", "levelname": "INFO", "name": "AresTradingSystem.System.UnifiedDataLoader", "message": "   Timeframe: 1m", "correlation_id": "-", "session_id": "-", "timestamp": "2025-08-11T16:28:55.899189+00:00"}
{"asctime": "2025-08-11 18:28:55,899", "levelname": "INFO", "name": "AresTradingSystem.System.UnifiedDataLoader", "message": "   Date range: 2025-02-12 to 2025-08-11", "correlation_id": "-", "session_id": "-", "timestamp": "2025-08-11T16:28:55.899258+00:00"}
{"asctime": "2025-08-11 18:28:55,899", "levelname": "INFO", "name": "AresTradingSystem.System.UnifiedDataLoader", "message": "   Streaming: True", "correlation_id": "-", "session_id": "-", "timestamp": "2025-08-11T16:28:55.899314+00:00"}
{"asctime": "2025-08-11 18:28:55,899", "levelname": "INFO", "name": "AresTradingSystem.System.UnifiedDataLoader", "message": "   ⚠️ Streaming disabled to avoid segmentation faults", "correlation_id": "-", "session_id": "-", "timestamp": "2025-08-11T16:28:55.899366+00:00"}
{"asctime": "2025-08-11 18:28:55,899", "levelname": "INFO", "name": "AresTradingSystem.System.UnifiedDataLoader", "message": "   📁 Found unified data cache, using optimized pyarrow loading", "correlation_id": "-", "session_id": "-", "timestamp": "2025-08-11T16:28:55.899436+00:00"}
{"asctime": "2025-08-11 18:28:55,899", "levelname": "INFO", "name": "AresTradingSystem.System.UnifiedDataLoader", "message": "🔧 Using optimized pyarrow loading...", "correlation_id": "-", "session_id": "-", "timestamp": "2025-08-11T16:28:55.899494+00:00"}
{"asctime": "2025-08-11 18:28:55,899", "levelname": "INFO", "name": "AresTradingSystem.System.UnifiedDataLoader", "message": "   ⚠️ PyArrow disabled to avoid segmentation faults", "correlation_id": "-", "session_id": "-", "timestamp": "2025-08-11T16:28:55.899548+00:00"}
{"asctime": "2025-08-11 18:28:55,899", "levelname": "INFO", "name": "AresTradingSystem.System.UnifiedDataLoader", "message": "🔧 Using memory-efficient streaming loading for 180 days...", "correlation_id": "-", "session_id": "-", "timestamp": "2025-08-11T16:28:55.899612+00:00"}
{"asctime": "2025-08-11 18:28:55,903", "levelname": "INFO", "name": "AresTradingSystem.System.UnifiedDataLoader", "message": "📁 Found 179 partition files", "correlation_id": "-", "session_id": "-", "timestamp": "2025-08-11T16:28:55.903770+00:00"}
{"asctime": "2025-08-11 18:28:55,990", "levelname": "INFO", "name": "AresTradingSystem.System.UnifiedDataLoader", "message": "   📄 Processing file 1/179: part-0.parquet", "correlation_id": "-", "session_id": "-", "timestamp": "2025-08-11T16:28:55.990470+00:00"}
{"asctime": "2025-08-11 18:28:55,995", "levelname": "INFO", "name": "AresTradingSystem.System.UnifiedDataLoader", "message": "   ✅ Loaded file 1: (1440, 19)", "correlation_id": "-", "session_id": "-", "timestamp": "2025-08-11T16:28:55.995150+00:00"}
{"asctime": "2025-08-11 18:28:55,996", "levelname": "INFO", "name": "AresTradingSystem.System.UnifiedDataLoader", "message": "   🔍 After date filtering: (331, 19)", "correlation_id": "-", "session_id": "-", "timestamp": "2025-08-11T16:28:55.996309+00:00"}
{"asctime": "2025-08-11 18:28:55,997", "levelname": "INFO", "name": "AresTradingSystem.System.UnifiedDataLoader", "message": "   📊 Total rows so far: 331", "correlation_id": "-", "session_id": "-", "timestamp": "2025-08-11T16:28:55.997861+00:00"}
{"asctime": "2025-08-11 18:28:58,529", "levelname": "INFO", "name": "AresTradingSystem.System.UnifiedDataLoader", "message": "   📄 Processing file 10/179: part-0.parquet", "correlation_id": "-", "session_id": "-", "timestamp": "2025-08-11T16:28:58.529418+00:00"}
{"asctime": "2025-08-11 18:28:58,533", "levelname": "INFO", "name": "AresTradingSystem.System.UnifiedDataLoader", "message": "   ✅ Loaded file 10: (1440, 19)", "correlation_id": "-", "session_id": "-", "timestamp": "2025-08-11T16:28:58.533046+00:00"}
{"asctime": "2025-08-11 18:28:58,533", "levelname": "INFO", "name": "AresTradingSystem.System.UnifiedDataLoader", "message": "   🔍 After date filtering: (1440, 19)", "correlation_id": "-", "session_id": "-", "timestamp": "2025-08-11T16:28:58.533790+00:00"}
{"asctime": "2025-08-11 18:28:58,539", "levelname": "INFO", "name": "AresTradingSystem.System.UnifiedDataLoader", "message": "   📊 Total rows so far: 13291", "correlation_id": "-", "session_id": "-", "timestamp": "2025-08-11T16:28:58.539438+00:00"}
{"asctime": "2025-08-11 18:29:00,599", "levelname": "INFO", "name": "AresTradingSystem.System.UnifiedDataLoader", "message": "   📄 Processing file 20/179: part-0.parquet", "correlation_id": "-", "session_id": "-", "timestamp": "2025-08-11T16:29:00.599925+00:00"}
{"asctime": "2025-08-11 18:29:00,603", "levelname": "INFO", "name": "AresTradingSystem.System.UnifiedDataLoader", "message": "   ✅ Loaded file 20: (1440, 19)", "correlation_id": "-", "session_id": "-", "timestamp": "2025-08-11T16:29:00.603350+00:00"}
{"asctime": "2025-08-11 18:29:00,604", "levelname": "INFO", "name": "AresTradingSystem.System.UnifiedDataLoader", "message": "   🔍 After date filtering: (1440, 19)", "correlation_id": "-", "session_id": "-", "timestamp": "2025-08-11T16:29:00.604174+00:00"}
{"asctime": "2025-08-11 18:29:00,609", "levelname": "INFO", "name": "AresTradingSystem.System.UnifiedDataLoader", "message": "   📊 Total rows so far: 27691", "correlation_id": "-", "session_id": "-", "timestamp": "2025-08-11T16:29:00.609528+00:00"}
{"asctime": "2025-08-11 18:29:02,529", "levelname": "INFO", "name": "AresTradingSystem.System.UnifiedDataLoader", "message": "   📄 Processing file 30/179: part-0.parquet", "correlation_id": "-", "session_id": "-", "timestamp": "2025-08-11T16:29:02.529907+00:00"}
{"asctime": "2025-08-11 18:29:02,533", "levelname": "INFO", "name": "AresTradingSystem.System.UnifiedDataLoader", "message": "   ✅ Loaded file 30: (1440, 19)", "correlation_id": "-", "session_id": "-", "timestamp": "2025-08-11T16:29:02.533836+00:00"}
{"asctime": "2025-08-11 18:29:02,534", "levelname": "INFO", "name": "AresTradingSystem.System.UnifiedDataLoader", "message": "   🔍 After date filtering: (1440, 19)", "correlation_id": "-", "session_id": "-", "timestamp": "2025-08-11T16:29:02.534532+00:00"}
{"asctime": "2025-08-11 18:29:02,539", "levelname": "INFO", "name": "AresTradingSystem.System.UnifiedDataLoader", "message": "   📊 Total rows so far: 42091", "correlation_id": "-", "session_id": "-", "timestamp": "2025-08-11T16:29:02.539368+00:00"}
{"asctime": "2025-08-11 18:29:04,453", "levelname": "INFO", "name": "AresTradingSystem.System.UnifiedDataLoader", "message": "   📄 Processing file 40/179: part-0.parquet", "correlation_id": "-", "session_id": "-", "timestamp": "2025-08-11T16:29:04.453834+00:00"}
{"asctime": "2025-08-11 18:29:04,456", "levelname": "INFO", "name": "AresTradingSystem.System.UnifiedDataLoader", "message": "   ✅ Loaded file 40: (1440, 19)", "correlation_id": "-", "session_id": "-", "timestamp": "2025-08-11T16:29:04.456727+00:00"}
{"asctime": "2025-08-11 18:29:04,457", "levelname": "INFO", "name": "AresTradingSystem.System.UnifiedDataLoader", "message": "   🔍 After date filtering: (1440, 19)", "correlation_id": "-", "session_id": "-", "timestamp": "2025-08-11T16:29:04.457411+00:00"}
{"asctime": "2025-08-11 18:29:04,462", "levelname": "INFO", "name": "AresTradingSystem.System.UnifiedDataLoader", "message": "   📊 Total rows so far: 56491", "correlation_id": "-", "session_id": "-", "timestamp": "2025-08-11T16:29:04.462165+00:00"}
{"asctime": "2025-08-11 18:29:06,489", "levelname": "INFO", "name": "AresTradingSystem.System.UnifiedDataLoader", "message": "   📄 Processing file 50/179: part-0.parquet", "correlation_id": "-", "session_id": "-", "timestamp": "2025-08-11T16:29:06.489518+00:00"}
{"asctime": "2025-08-11 18:29:06,492", "levelname": "INFO", "name": "AresTradingSystem.System.UnifiedDataLoader", "message": "   ✅ Loaded file 50: (1440, 19)", "correlation_id": "-", "session_id": "-", "timestamp": "2025-08-11T16:29:06.492939+00:00"}
{"asctime": "2025-08-11 18:29:06,493", "levelname": "INFO", "name": "AresTradingSystem.System.UnifiedDataLoader", "message": "   🔍 After date filtering: (1440, 19)", "correlation_id": "-", "session_id": "-", "timestamp": "2025-08-11T16:29:06.493673+00:00"}
{"asctime": "2025-08-11 18:29:06,498", "levelname": "INFO", "name": "AresTradingSystem.System.UnifiedDataLoader", "message": "   📊 Total rows so far: 70891", "correlation_id": "-", "session_id": "-", "timestamp": "2025-08-11T16:29:06.498377+00:00"}
{"asctime": "2025-08-11 18:29:08,554", "levelname": "INFO", "name": "AresTradingSystem.System.UnifiedDataLoader", "message": "   📄 Processing file 60/179: part-0.parquet", "correlation_id": "-", "session_id": "-", "timestamp": "2025-08-11T16:29:08.554151+00:00"}
{"asctime": "2025-08-11 18:29:08,557", "levelname": "INFO", "name": "AresTradingSystem.System.UnifiedDataLoader", "message": "   ✅ Loaded file 60: (1440, 19)", "correlation_id": "-", "session_id": "-", "timestamp": "2025-08-11T16:29:08.557730+00:00"}
{"asctime": "2025-08-11 18:29:08,558", "levelname": "INFO", "name": "AresTradingSystem.System.UnifiedDataLoader", "message": "   🔍 After date filtering: (1440, 19)", "correlation_id": "-", "session_id": "-", "timestamp": "2025-08-11T16:29:08.558404+00:00"}
{"asctime": "2025-08-11 18:29:08,563", "levelname": "INFO", "name": "AresTradingSystem.System.UnifiedDataLoader", "message": "   📊 Total rows so far: 85291", "correlation_id": "-", "session_id": "-", "timestamp": "2025-08-11T16:29:08.563108+00:00"}
{"asctime": "2025-08-11 18:29:10,844", "levelname": "INFO", "name": "AresTradingSystem.System.UnifiedDataLoader", "message": "   📄 Processing file 70/179: part-0.parquet", "correlation_id": "-", "session_id": "-", "timestamp": "2025-08-11T16:29:10.844871+00:00"}
{"asctime": "2025-08-11 18:29:10,853", "levelname": "INFO", "name": "AresTradingSystem.System.UnifiedDataLoader", "message": "   ✅ Loaded file 70: (1440, 19)", "correlation_id": "-", "session_id": "-", "timestamp": "2025-08-11T16:29:10.853219+00:00"}
{"asctime": "2025-08-11 18:29:10,854", "levelname": "INFO", "name": "AresTradingSystem.System.UnifiedDataLoader", "message": "   🔍 After date filtering: (1440, 19)", "correlation_id": "-", "session_id": "-", "timestamp": "2025-08-11T16:29:10.854376+00:00"}
{"asctime": "2025-08-11 18:29:10,862", "levelname": "INFO", "name": "AresTradingSystem.System.UnifiedDataLoader", "message": "   📊 Total rows so far: 99691", "correlation_id": "-", "session_id": "-", "timestamp": "2025-08-11T16:29:10.862485+00:00"}
{"asctime": "2025-08-11 18:29:13,270", "levelname": "INFO", "name": "AresTradingSystem.System.UnifiedDataLoader", "message": "   📄 Processing file 80/179: part-0.parquet", "correlation_id": "-", "session_id": "-", "timestamp": "2025-08-11T16:29:13.270542+00:00"}
{"asctime": "2025-08-11 18:29:13,274", "levelname": "INFO", "name": "AresTradingSystem.System.UnifiedDataLoader", "message": "   ✅ Loaded file 80: (1440, 19)", "correlation_id": "-", "session_id": "-", "timestamp": "2025-08-11T16:29:13.274812+00:00"}
{"asctime": "2025-08-11 18:29:13,275", "levelname": "INFO", "name": "AresTradingSystem.System.UnifiedDataLoader", "message": "   🔍 After date filtering: (1440, 19)", "correlation_id": "-", "session_id": "-", "timestamp": "2025-08-11T16:29:13.275654+00:00"}
{"asctime": "2025-08-11 18:29:13,280", "levelname": "INFO", "name": "AresTradingSystem.System.UnifiedDataLoader", "message": "   📊 Total rows so far: 114091", "correlation_id": "-", "session_id": "-", "timestamp": "2025-08-11T16:29:13.280465+00:00"}
{"asctime": "2025-08-11 18:29:15,498", "levelname": "INFO", "name": "AresTradingSystem.System.UnifiedDataLoader", "message": "   📄 Processing file 90/179: part-0.parquet", "correlation_id": "-", "session_id": "-", "timestamp": "2025-08-11T16:29:15.498975+00:00"}
{"asctime": "2025-08-11 18:29:15,502", "levelname": "INFO", "name": "AresTradingSystem.System.UnifiedDataLoader", "message": "   ✅ Loaded file 90: (1440, 19)", "correlation_id": "-", "session_id": "-", "timestamp": "2025-08-11T16:29:15.502525+00:00"}
{"asctime": "2025-08-11 18:29:15,503", "levelname": "INFO", "name": "AresTradingSystem.System.UnifiedDataLoader", "message": "   🔍 After date filtering: (1440, 19)", "correlation_id": "-", "session_id": "-", "timestamp": "2025-08-11T16:29:15.503273+00:00"}
{"asctime": "2025-08-11 18:29:15,508", "levelname": "INFO", "name": "AresTradingSystem.System.UnifiedDataLoader", "message": "   📊 Total rows so far: 128491", "correlation_id": "-", "session_id": "-", "timestamp": "2025-08-11T16:29:15.508021+00:00"}
{"asctime": "2025-08-11 18:29:17,837", "levelname": "INFO", "name": "AresTradingSystem.System.UnifiedDataLoader", "message": "   📄 Processing file 100/179: part-0.parquet", "correlation_id": "-", "session_id": "-", "timestamp": "2025-08-11T16:29:17.837102+00:00"}
{"asctime": "2025-08-11 18:29:17,840", "levelname": "INFO", "name": "AresTradingSystem.System.UnifiedDataLoader", "message": "   ✅ Loaded file 100: (1440, 19)", "correlation_id": "-", "session_id": "-", "timestamp": "2025-08-11T16:29:17.840683+00:00"}
{"asctime": "2025-08-11 18:29:17,841", "levelname": "INFO", "name": "AresTradingSystem.System.UnifiedDataLoader", "message": "   🔍 After date filtering: (1440, 19)", "correlation_id": "-", "session_id": "-", "timestamp": "2025-08-11T16:29:17.841384+00:00"}
{"asctime": "2025-08-11 18:29:17,846", "levelname": "INFO", "name": "AresTradingSystem.System.UnifiedDataLoader", "message": "   📊 Total rows so far: 142891", "correlation_id": "-", "session_id": "-", "timestamp": "2025-08-11T16:29:17.846263+00:00"}
{"asctime": "2025-08-11 18:29:20,138", "levelname": "INFO", "name": "AresTradingSystem.System.UnifiedDataLoader", "message": "   📄 Processing file 110/179: part-0.parquet", "correlation_id": "-", "session_id": "-", "timestamp": "2025-08-11T16:29:20.138458+00:00"}
{"asctime": "2025-08-11 18:29:20,142", "levelname": "INFO", "name": "AresTradingSystem.System.UnifiedDataLoader", "message": "   ✅ Loaded file 110: (1440, 19)", "correlation_id": "-", "session_id": "-", "timestamp": "2025-08-11T16:29:20.142524+00:00"}
{"asctime": "2025-08-11 18:29:20,143", "levelname": "INFO", "name": "AresTradingSystem.System.UnifiedDataLoader", "message": "   🔍 After date filtering: (1440, 19)", "correlation_id": "-", "session_id": "-", "timestamp": "2025-08-11T16:29:20.143225+00:00"}
{"asctime": "2025-08-11 18:29:20,148", "levelname": "INFO", "name": "AresTradingSystem.System.UnifiedDataLoader", "message": "   📊 Total rows so far: 157291", "correlation_id": "-", "session_id": "-", "timestamp": "2025-08-11T16:29:20.148151+00:00"}
{"asctime": "2025-08-11 18:29:22,470", "levelname": "INFO", "name": "AresTradingSystem.System.UnifiedDataLoader", "message": "   📄 Processing file 120/179: part-0.parquet", "correlation_id": "-", "session_id": "-", "timestamp": "2025-08-11T16:29:22.470756+00:00"}
{"asctime": "2025-08-11 18:29:22,474", "levelname": "INFO", "name": "AresTradingSystem.System.UnifiedDataLoader", "message": "   ✅ Loaded file 120: (1440, 19)", "correlation_id": "-", "session_id": "-", "timestamp": "2025-08-11T16:29:22.474436+00:00"}
{"asctime": "2025-08-11 18:29:22,475", "levelname": "INFO", "name": "AresTradingSystem.System.UnifiedDataLoader", "message": "   🔍 After date filtering: (1440, 19)", "correlation_id": "-", "session_id": "-", "timestamp": "2025-08-11T16:29:22.475130+00:00"}
{"asctime": "2025-08-11 18:29:22,479", "levelname": "INFO", "name": "AresTradingSystem.System.UnifiedDataLoader", "message": "   📊 Total rows so far: 171691", "correlation_id": "-", "session_id": "-", "timestamp": "2025-08-11T16:29:22.480020+00:00"}
{"asctime": "2025-08-11 18:29:24,826", "levelname": "INFO", "name": "AresTradingSystem.System.UnifiedDataLoader", "message": "   📄 Processing file 130/179: part-0.parquet", "correlation_id": "-", "session_id": "-", "timestamp": "2025-08-11T16:29:24.826353+00:00"}
{"asctime": "2025-08-11 18:29:24,829", "levelname": "INFO", "name": "AresTradingSystem.System.UnifiedDataLoader", "message": "   ✅ Loaded file 130: (1440, 19)", "correlation_id": "-", "session_id": "-", "timestamp": "2025-08-11T16:29:24.829692+00:00"}
{"asctime": "2025-08-11 18:29:24,830", "levelname": "INFO", "name": "AresTradingSystem.System.UnifiedDataLoader", "message": "   🔍 After date filtering: (1440, 19)", "correlation_id": "-", "session_id": "-", "timestamp": "2025-08-11T16:29:24.830390+00:00"}
{"asctime": "2025-08-11 18:29:24,835", "levelname": "INFO", "name": "AresTradingSystem.System.UnifiedDataLoader", "message": "   📊 Total rows so far: 186091", "correlation_id": "-", "session_id": "-", "timestamp": "2025-08-11T16:29:24.835129+00:00"}
{"asctime": "2025-08-11 18:29:27,255", "levelname": "INFO", "name": "AresTradingSystem.System.UnifiedDataLoader", "message": "   📄 Processing file 140/179: part-0.parquet", "correlation_id": "-", "session_id": "-", "timestamp": "2025-08-11T16:29:27.255553+00:00"}
{"asctime": "2025-08-11 18:29:27,259", "levelname": "INFO", "name": "AresTradingSystem.System.UnifiedDataLoader", "message": "   ✅ Loaded file 140: (1440, 19)", "correlation_id": "-", "session_id": "-", "timestamp": "2025-08-11T16:29:27.259008+00:00"}
{"asctime": "2025-08-11 18:29:27,259", "levelname": "INFO", "name": "AresTradingSystem.System.UnifiedDataLoader", "message": "   🔍 After date filtering: (1440, 19)", "correlation_id": "-", "session_id": "-", "timestamp": "2025-08-11T16:29:27.259732+00:00"}
{"asctime": "2025-08-11 18:29:27,264", "levelname": "INFO", "name": "AresTradingSystem.System.UnifiedDataLoader", "message": "   📊 Total rows so far: 200491", "correlation_id": "-", "session_id": "-", "timestamp": "2025-08-11T16:29:27.264615+00:00"}
{"asctime": "2025-08-11 18:29:29,799", "levelname": "INFO", "name": "AresTradingSystem.System.UnifiedDataLoader", "message": "   📄 Processing file 150/179: part-0.parquet", "correlation_id": "-", "session_id": "-", "timestamp": "2025-08-11T16:29:29.799854+00:00"}
{"asctime": "2025-08-11 18:29:29,803", "levelname": "INFO", "name": "AresTradingSystem.System.UnifiedDataLoader", "message": "   ✅ Loaded file 150: (1440, 19)", "correlation_id": "-", "session_id": "-", "timestamp": "2025-08-11T16:29:29.803213+00:00"}
{"asctime": "2025-08-11 18:29:29,804", "levelname": "INFO", "name": "AresTradingSystem.System.UnifiedDataLoader", "message": "   🔍 After date filtering: (1440, 19)", "correlation_id": "-", "session_id": "-", "timestamp": "2025-08-11T16:29:29.804026+00:00"}
{"asctime": "2025-08-11 18:29:29,809", "levelname": "INFO", "name": "AresTradingSystem.System.UnifiedDataLoader", "message": "   📊 Total rows so far: 214891", "correlation_id": "-", "session_id": "-", "timestamp": "2025-08-11T16:29:29.809193+00:00"}
{"asctime": "2025-08-11 18:29:32,316", "levelname": "INFO", "name": "AresTradingSystem.System.UnifiedDataLoader", "message": "   📄 Processing file 160/179: part-0.parquet", "correlation_id": "-", "session_id": "-", "timestamp": "2025-08-11T16:29:32.316530+00:00"}
{"asctime": "2025-08-11 18:29:32,320", "levelname": "INFO", "name": "AresTradingSystem.System.UnifiedDataLoader", "message": "   ✅ Loaded file 160: (1440, 19)", "correlation_id": "-", "session_id": "-", "timestamp": "2025-08-11T16:29:32.320615+00:00"}
{"asctime": "2025-08-11 18:29:32,321", "levelname": "INFO", "name": "AresTradingSystem.System.UnifiedDataLoader", "message": "   🔍 After date filtering: (1440, 19)", "correlation_id": "-", "session_id": "-", "timestamp": "2025-08-11T16:29:32.321274+00:00"}
{"asctime": "2025-08-11 18:29:32,326", "levelname": "INFO", "name": "AresTradingSystem.System.UnifiedDataLoader", "message": "   📊 Total rows so far: 229291", "correlation_id": "-", "session_id": "-", "timestamp": "2025-08-11T16:29:32.326343+00:00"}
{"asctime": "2025-08-11 18:29:34,925", "levelname": "INFO", "name": "AresTradingSystem.System.UnifiedDataLoader", "message": "   📄 Processing file 170/179: part-0.parquet", "correlation_id": "-", "session_id": "-", "timestamp": "2025-08-11T16:29:34.925863+00:00"}
{"asctime": "2025-08-11 18:29:34,928", "levelname": "INFO", "name": "AresTradingSystem.System.UnifiedDataLoader", "message": "   ✅ Loaded file 170: (1440, 19)", "correlation_id": "-", "session_id": "-", "timestamp": "2025-08-11T16:29:34.928988+00:00"}
{"asctime": "2025-08-11 18:29:34,929", "levelname": "INFO", "name": "AresTradingSystem.System.UnifiedDataLoader", "message": "   🔍 After date filtering: (1440, 19)", "correlation_id": "-", "session_id": "-", "timestamp": "2025-08-11T16:29:34.929669+00:00"}
{"asctime": "2025-08-11 18:29:34,934", "levelname": "INFO", "name": "AresTradingSystem.System.UnifiedDataLoader", "message": "   📊 Total rows so far: 243691", "correlation_id": "-", "session_id": "-", "timestamp": "2025-08-11T16:29:34.934630+00:00"}
{"asctime": "2025-08-11 18:29:37,492", "levelname": "INFO", "name": "AresTradingSystem.System.UnifiedDataLoader", "message": "🔄 Converting 256281 records to DataFrame...", "correlation_id": "-", "session_id": "-", "timestamp": "2025-08-11T16:29:37.492515+00:00"}
{"asctime": "2025-08-11 18:29:38,344", "levelname": "INFO", "name": "AresTradingSystem.System.UnifiedDataLoader", "message": "✅ Memory-efficient loading completed: (256281, 19)", "correlation_id": "-", "session_id": "-", "timestamp": "2025-08-11T16:29:38.344710+00:00"}
{"asctime": "2025-08-11 18:29:38,346", "levelname": "INFO", "name": "AresTradingSystem.System.AnalystLabelingFeatureEngineeringStep", "message": "✅ Loaded unified data: 256281 rows", "correlation_id": "-", "session_id": "-", "timestamp": "2025-08-11T16:29:38.346228+00:00"}
{"asctime": "2025-08-11 18:29:38,346", "levelname": "INFO", "name": "AresTradingSystem.System.AnalystLabelingFeatureEngineeringStep", "message": "✅ Validated OHLCV data", "correlation_id": "-", "session_id": "-", "timestamp": "2025-08-11T16:29:38.346353+00:00"}
{"asctime": "2025-08-11 18:29:38,346", "levelname": "INFO", "name": "AresTradingSystem.System.VectorizedLabellingOrchestrator", "message": "🎯 Starting comprehensive vectorized labeling and feature engineering orchestration...", "correlation_id": "-", "session_id": "-", "timestamp": "2025-08-11T16:29:38.346944+00:00"}
{"asctime": "2025-08-11 18:29:38,347", "levelname": "INFO", "name": "AresTradingSystem.System.VectorizedLabellingOrchestrator", "message": "📊 Performing stationary checks...", "correlation_id": "-", "session_id": "-", "timestamp": "2025-08-11T16:29:38.347046+00:00"}
{"asctime": "2025-08-11 18:29:38,347", "levelname": "INFO", "name": "AresTradingSystem.System.VectorizedStationarityChecker", "message": "🔍 Checking data stationarity...", "correlation_id": "-", "session_id": "-", "timestamp": "2025-08-11T16:29:38.347115+00:00"}
{"asctime": "2025-08-11 18:29:38,377", "levelname": "INFO", "name": "AresTradingSystem.System.VectorizedStationarityChecker", "message": "📈 Transforming price data for stationarity...", "correlation_id": "-", "session_id": "-", "timestamp": "2025-08-11T16:29:38.377580+00:00"}
{"asctime": "2025-08-11 18:29:38,396", "levelname": "INFO", "name": "AresTradingSystem.System.VectorizedStationarityChecker", "message": "✅ Transformed price data shape: (256281, 28), columns: ['timestamp', 'open', 'high', 'low', 'close', 'volume', 'year', 'month', 'day', 'exchange', 'symbol', 'timeframe', 'trade_volume', 'trade_count', 'avg_price', 'min_price', 'max_price', 'volume_ratio', 'funding_rate', 'close_returns', 'open_returns', 'high_returns', 'low_returns', 'close_log', 'open_log', 'high_log', 'low_log', 'close_detrended']", "correlation_id": "-", "session_id": "-", "timestamp": "2025-08-11T16:29:38.396158+00:00"}
{"asctime": "2025-08-11 18:29:38,423", "levelname": "INFO", "name": "AresTradingSystem.System.VectorizedStationarityChecker", "message": "📊 Transforming volume data for stationarity...", "correlation_id": "-", "session_id": "-", "timestamp": "2025-08-11T16:29:38.423323+00:00"}
{"asctime": "2025-08-11 18:29:38,430", "levelname": "INFO", "name": "AresTradingSystem.System.VectorizedStationarityChecker", "message": "✅ Transformed volume data shape: (256281, 4), columns: ['volume', 'volume_log', 'volume_detrended', 'volume_normalized']", "correlation_id": "-", "session_id": "-", "timestamp": "2025-08-11T16:29:38.430015+00:00"}
{"asctime": "2025-08-11 18:29:38,503", "levelname": "INFO", "name": "AresTradingSystem.System.VectorizedLabellingOrchestrator", "message": "Feature sample written: log/features_samples/20250811_182938_04_01_Stationarity.log", "correlation_id": "-", "session_id": "-", "timestamp": "2025-08-11T16:29:38.503352+00:00"}
{"asctime": "2025-08-11 18:29:38,528", "levelname": "INFO", "name": "AresTradingSystem.System.VectorizedLabellingOrchestrator", "message": "🔧 Generating advanced features...", "correlation_id": "-", "session_id": "-", "timestamp": "2025-08-11T16:29:38.528636+00:00"}
{"asctime": "2025-08-11 18:31:14,328", "levelname": "INFO", "name": "AresTradingSystem.System.VectorizedCandlestickPatternAnalyzer", "message": "✅ Analyzed 8 pattern categories using vectorized operations", "correlation_id": "-", "session_id": "-", "timestamp": "2025-08-11T16:31:14.328672+00:00"}
{"asctime": "2025-08-11 18:31:48,188", "levelname": "INFO", "name": "AresTradingSystem.System.VectorizedAdvancedFeatureEngineering", "message": "🔧 Computing wavelet features (not cached): 8264f5233f00eeaf", "correlation_id": "-", "session_id": "-", "timestamp": "2025-08-11T16:31:48.188911+00:00"}
{"asctime": "2025-08-11 18:31:48,189", "levelname": "INFO", "name": "AresTradingSystem.System.VectorizedWaveletTransformAnalyzer", "message": "🔍 Performing enhanced wavelet transform analysis...", "correlation_id": "-", "session_id": "-", "timestamp": "2025-08-11T16:31:48.189488+00:00"}
{"asctime": "2025-08-11 18:31:51,397", "levelname": "INFO", "name": "AresTradingSystem.System.VectorizedWaveletTransformAnalyzer", "message": "Selected 80 features from 972 candidates using variance method", "correlation_id": "-", "session_id": "-", "timestamp": "2025-08-11T16:31:51.397663+00:00"}
{"asctime": "2025-08-11 18:31:51,397", "levelname": "INFO", "name": "AresTradingSystem.System.VectorizedWaveletTransformAnalyzer", "message": "✅ Enhanced wavelet transform analysis completed in 3.21s. Generated 80 features from 972 candidates. Feature selection: variance", "correlation_id": "-", "session_id": "-", "timestamp": "2025-08-11T16:31:51.397915+00:00"}
{"asctime": "2025-08-11 18:31:51,398", "levelname": "INFO", "name": "AresTradingSystem.System.VectorizedWaveletTransformAnalyzer", "message": "📊 Wavelet Analysis Performance Metrics:", "correlation_id": "-", "session_id": "-", "timestamp": "2025-08-11T16:31:51.398027+00:00"}
{"asctime": "2025-08-11 18:31:51,398", "levelname": "INFO", "name": "AresTradingSystem.System.VectorizedWaveletTransformAnalyzer", "message": "  dwt: 0.057s (792 features)", "correlation_id": "-", "session_id": "-", "timestamp": "2025-08-11T16:31:51.398094+00:00"}
{"asctime": "2025-08-11 18:31:51,398", "levelname": "INFO", "name": "AresTradingSystem.System.VectorizedWaveletTransformAnalyzer", "message": "  cwt: 3.122s (180 features)", "correlation_id": "-", "session_id": "-", "timestamp": "2025-08-11T16:31:51.398152+00:00"}
{"asctime": "2025-08-11 18:31:51,398", "levelname": "INFO", "name": "AresTradingSystem.System.VectorizedWaveletTransformAnalyzer", "message": "  packet: 0.000s (0 features)", "correlation_id": "-", "session_id": "-", "timestamp": "2025-08-11T16:31:51.398212+00:00"}
{"asctime": "2025-08-11 18:31:51,398", "levelname": "INFO", "name": "AresTradingSystem.System.VectorizedWaveletTransformAnalyzer", "message": "  denoising: 0.000s (0 features)", "correlation_id": "-", "session_id": "-", "timestamp": "2025-08-11T16:31:51.398266+00:00"}
{"asctime": "2025-08-11 18:31:51,398", "levelname": "INFO", "name": "AresTradingSystem.System.VectorizedWaveletTransformAnalyzer", "message": "  multi_wavelet: 0.000s (0 features)", "correlation_id": "-", "session_id": "-", "timestamp": "2025-08-11T16:31:51.398327+00:00"}
{"asctime": "2025-08-11 18:31:51,398", "levelname": "INFO", "name": "AresTradingSystem.System.VectorizedWaveletTransformAnalyzer", "message": "  volume_wavelet: 0.000s (0 features)", "correlation_id": "-", "session_id": "-", "timestamp": "2025-08-11T16:31:51.398379+00:00"}
{"asctime": "2025-08-11 18:31:51,398", "levelname": "INFO", "name": "AresTradingSystem.System.VectorizedWaveletTransformAnalyzer", "message": "  Total: 3.208s (80 features)", "correlation_id": "-", "session_id": "-", "timestamp": "2025-08-11T16:31:51.398436+00:00"}
{"asctime": "2025-08-11 18:31:51,398", "levelname": "INFO", "name": "AresTradingSystem.System.VectorizedWaveletTransformAnalyzer", "message": "  Performance: 24.9 features/second", "correlation_id": "-", "session_id": "-", "timestamp": "2025-08-11T16:31:51.398505+00:00"}
{"asctime": "2025-08-11 18:31:51,412", "levelname": "INFO", "name": "AresTradingSystem.System.WaveletFeatureCache", "message": "✅ Cached 80 wavelet features to data/wavelet_cache/features/8264f5233f00eeaf_features.parquet", "correlation_id": "-", "session_id": "-", "timestamp": "2025-08-11T16:31:51.412772+00:00"}
{"asctime": "2025-08-11 18:31:51,413", "levelname": "INFO", "name": "AresTradingSystem.System.VectorizedAdvancedFeatureEngineering", "message": "💾 Cached wavelet features: 8264f5233f00eeaf", "correlation_id": "-", "session_id": "-", "timestamp": "2025-08-11T16:31:51.413022+00:00"}
{"asctime": "2025-08-11 18:31:51,496", "levelname": "INFO", "name": "AresTradingSystem.System.VectorizedAdvancedFeatureEngineering", "message": "✅ Selected 158 features from 158 total features", "correlation_id": "-", "session_id": "-", "timestamp": "2025-08-11T16:31:51.496119+00:00"}
{"asctime": "2025-08-11 18:31:51,575", "levelname": "ERROR", "name": "AresTradingSystem.System.VectorizedAdvancedFeatureEngineering", "message": "Error engineering multi-timeframe features: Cannot compare dtypes datetime64[ns] and int64", "correlation_id": "-", "session_id": "-", "timestamp": "2025-08-11T16:31:51.575745+00:00"}
{"asctime": "2025-08-11 18:31:51,631", "levelname": "WARNING", "name": "AresTradingSystem.System.VectorizedAdvancedFeatureEngineering", "message": "⚠️ Feature generator contract: skipped scalar/invalid outputs for features: ['db4_detrended_level_0_energy', 'db1_detrended_level_0_energy', 'db2_detrended_level_0_energy', 'morl_detrended_total_energy', 'morl_detrended_max_energy', 'cmor1.5-1.0_detrended_total_energy', 'morl_price_diff_total_energy', 'morl_close_total_energy', 'morl_detrended_energy_std', 'morl_price_diff_2_total_energy', 'cmor1.5-1.0_detrended_max_energy', 'cmor1.5-1.0_price_diff_2_total_energy', 'cmor1.5-1.0_price_diff_total_energy', 'cmor1.5-1.0_close_total_energy', 'cmor1.5-1.0_detrended_energy_std', 'db1_detrended_level_0_energy_normalized', 'db4_detrended_level_0_energy_normalized', 'db2_detrended_level_0_energy_normalized', 'db4_price_diff_2_level_4_energy', 'db2_price_diff_2_level_4_energy'] ...", "correlation_id": "-", "session_id": "-", "timestamp": "2025-08-11T16:31:51.631637+00:00"}
{"asctime": "2025-08-11 18:31:51,631", "levelname": "INFO", "name": "AresTradingSystem.System.VectorizedAdvancedFeatureEngineering", "message": "✅ Engineered 80 vectorized advanced features including wavelet transforms", "correlation_id": "-", "session_id": "-", "timestamp": "2025-08-11T16:31:51.631945+00:00"}
{"asctime": "2025-08-11 18:31:51,821", "levelname": "INFO", "name": "AresTradingSystem.System.VectorizedLabellingOrchestrator", "message": "Feature sample written: log/features_samples/20250811_183151_04_02_EngineerFeatures.log", "correlation_id": "-", "session_id": "-", "timestamp": "2025-08-11T16:31:51.821960+00:00"}
{"asctime": "2025-08-11 18:31:51,910", "levelname": "INFO", "name": "AresTradingSystem.System.VectorizedLabellingOrchestrator", "message": "🏷️ Applying triple barrier labeling...", "correlation_id": "-", "session_id": "-", "timestamp": "2025-08-11T16:31:51.910280+00:00"}
{"asctime": "2025-08-11 18:31:52,646", "levelname": "INFO", "name": "AresTradingSystem.System.VectorizedLabellingOrchestrator", "message": "🔗 Combining features and labels...", "correlation_id": "-", "session_id": "-", "timestamp": "2025-08-11T16:31:52.646825+00:00"}
{"asctime": "2025-08-11 18:31:52,647", "levelname": "INFO", "name": "AresTradingSystem.System.VectorizedLabellingOrchestrator", "message": "🗑️ Removing metadata columns: ['year', 'exchange', 'symbol', 'timeframe', 'month', 'day']", "correlation_id": "-", "session_id": "-", "timestamp": "2025-08-11T16:31:52.647165+00:00"}
{"asctime": "2025-08-11 18:31:52,655", "levelname": "INFO", "name": "AresTradingSystem.System.VectorizedLabellingOrchestrator", "message": "Removing datetime columns: ['timestamp']", "correlation_id": "-", "session_id": "-", "timestamp": "2025-08-11T16:31:52.655926+00:00"}
{"asctime": "2025-08-11 18:31:52,988", "levelname": "WARNING", "name": "AresTradingSystem.System.VectorizedLabellingOrchestrator", "message": "Dropping 6 constant features", "correlation_id": "-", "session_id": "-", "timestamp": "2025-08-11T16:31:52.988859+00:00"}
{"asctime": "2025-08-11 18:31:52,989", "levelname": "WARNING", "name": "AresTradingSystem.System.VectorizedLabellingOrchestrator", "message": "Constant features: ['three_methods_patterns_count', 'three_methods_patterns_present', 'rising_three_methods_count', 'rising_three_methods_present', 'falling_three_methods_count', 'falling_three_methods_present']", "correlation_id": "-", "session_id": "-", "timestamp": "2025-08-11T16:31:52.989080+00:00"}
{"asctime": "2025-08-11 18:31:53,073", "levelname": "WARNING", "name": "AresTradingSystem.System.VectorizedLabellingOrchestrator", "message": "🚨 CRITICAL: Found raw OHLCV columns in features: ['open', 'high', 'low', 'close', 'volume', 'trade_volume', 'trade_count', 'avg_price', 'min_price', 'max_price', 'funding_rate', 'volume_ratio']", "correlation_id": "-", "session_id": "-", "timestamp": "2025-08-11T16:31:53.073767+00:00"}
{"asctime": "2025-08-11 18:31:53,073", "levelname": "WARNING", "name": "AresTradingSystem.System.VectorizedLabellingOrchestrator", "message": "🚨 Removing raw OHLCV columns to prevent data leakage!", "correlation_id": "-", "session_id": "-", "timestamp": "2025-08-11T16:31:53.073986+00:00"}
{"asctime": "2025-08-11 18:31:53,106", "levelname": "INFO", "name": "AresTradingSystem.System.VectorizedLabellingOrchestrator", "message": "Combined features: added=80, trimmed=80, padded=0, skipped_scalars=0", "correlation_id": "-", "session_id": "-", "timestamp": "2025-08-11T16:31:53.106264+00:00"}
{"asctime": "2025-08-11 18:31:53,256", "levelname": "INFO", "name": "AresTradingSystem.System.VectorizedLabellingOrchestrator", "message": "Feature sample written: log/features_samples/20250811_183153_04_03_Combine.log", "correlation_id": "-", "session_id": "-", "timestamp": "2025-08-11T16:31:53.256572+00:00"}
{"asctime": "2025-08-11 18:31:53,351", "levelname": "INFO", "name": "AresTradingSystem.System.VectorizedLabellingOrchestrator", "message": "Removing stationarity helper columns: ['close_returns', 'open_returns', 'high_returns', 'low_returns', 'close_log', 'open_log', 'high_log', 'low_log', 'close_detrended']", "correlation_id": "-", "session_id": "-", "timestamp": "2025-08-11T16:31:53.351067+00:00"}
{"asctime": "2025-08-11 18:31:53,370", "levelname": "INFO", "name": "AresTradingSystem.System.VectorizedLabellingOrchestrator", "message": "🎯 Performing feature selection...", "correlation_id": "-", "session_id": "-", "timestamp": "2025-08-11T16:31:53.370071+00:00"}
{"asctime": "2025-08-11 18:31:53,370", "levelname": "INFO", "name": "AresTradingSystem.System.VectorizedFeatureSelector", "message": "🎯 Starting feature selection...", "correlation_id": "-", "session_id": "-", "timestamp": "2025-08-11T16:31:53.370348+00:00"}
{"asctime": "2025-08-11 18:31:53,396", "levelname": "INFO", "name": "AresTradingSystem.System.VectorizedFeatureSelector", "message": "Handling NaN values in feature selection...", "correlation_id": "-", "session_id": "-", "timestamp": "2025-08-11T16:31:53.396932+00:00"}
{"asctime": "2025-08-11 18:31:57,312", "levelname": "INFO", "name": "AresTradingSystem.System.VectorizedFeatureSelector", "message": "Removed 13 highly correlated features", "correlation_id": "-", "session_id": "-", "timestamp": "2025-08-11T16:31:57.312751+00:00"}
{"asctime": "2025-08-11 18:31:57,312", "levelname": "INFO", "name": "AresTradingSystem.System.VectorizedFeatureSelector", "message": "Correlated features removed: ['adaptive_ema', 'avg_volume', 'doji_count', 'doji_present', 'garman_klass_volatility', 'hammer_present', 'liquidity_score', 'pattern_density', 'shooting_star_present', 'spinning_top_count', 'spinning_top_present', 'tweezer_bottom_present', 'tweezer_top_present']", "correlation_id": "-", "session_id": "-", "timestamp": "2025-08-11T16:31:57.312977+00:00"}
{"asctime": "2025-08-11 18:31:57,325", "levelname": "INFO", "name": "AresTradingSystem.System.VectorizedFeatureSelector", "message": "🔄 Applying PCA-based feature combination for highly collinear features...", "correlation_id": "-", "session_id": "-", "timestamp": "2025-08-11T16:31:57.326006+00:00"}
{"asctime": "2025-08-11 18:32:23,726", "levelname": "INFO", "name": "AresTradingSystem.System.VectorizedFeatureSelector", "message": "🔍 VIF Analysis: Found 25 features with VIF > 20.0 for PCA combination", "correlation_id": "-", "session_id": "-", "timestamp": "2025-08-11T16:32:23.727023+00:00"}
{"asctime": "2025-08-11 18:32:23,727", "levelname": "WARNING", "name": "AresTradingSystem.System.VectorizedFeatureSelector", "message": "⚠️ Feature 'engulfing_patterns_count' has infinite VIF (perfect multicollinearity)", "correlation_id": "-", "session_id": "-", "timestamp": "2025-08-11T16:32:23.727919+00:00"}
{"asctime": "2025-08-11 18:32:23,728", "levelname": "WARNING", "name": "AresTradingSystem.System.VectorizedFeatureSelector", "message": "⚠️ Feature 'hammer_hanging_man_count' has infinite VIF (perfect multicollinearity)", "correlation_id": "-", "session_id": "-", "timestamp": "2025-08-11T16:32:23.728068+00:00"}
{"asctime": "2025-08-11 18:32:23,728", "levelname": "WARNING", "name": "AresTradingSystem.System.VectorizedFeatureSelector", "message": "⚠️ Feature 'shooting_star_inverted_hammer_count' has infinite VIF (perfect multicollinearity)", "correlation_id": "-", "session_id": "-", "timestamp": "2025-08-11T16:32:23.728224+00:00"}
{"asctime": "2025-08-11 18:32:23,728", "levelname": "WARNING", "name": "AresTradingSystem.System.VectorizedFeatureSelector", "message": "⚠️ Feature 'tweezer_patterns_count' has infinite VIF (perfect multicollinearity)", "correlation_id": "-", "session_id": "-", "timestamp": "2025-08-11T16:32:23.728308+00:00"}
{"asctime": "2025-08-11 18:32:23,728", "levelname": "WARNING", "name": "AresTradingSystem.System.VectorizedFeatureSelector", "message": "⚠️ Feature 'marubozu_patterns_count' has infinite VIF (perfect multicollinearity)", "correlation_id": "-", "session_id": "-", "timestamp": "2025-08-11T16:32:23.728376+00:00"}
{"asctime": "2025-08-11 18:32:23,728", "levelname": "WARNING", "name": "AresTradingSystem.System.VectorizedFeatureSelector", "message": "⚠️ Feature 'doji_patterns_count' has infinite VIF (perfect multicollinearity)", "correlation_id": "-", "session_id": "-", "timestamp": "2025-08-11T16:32:23.728436+00:00"}
{"asctime": "2025-08-11 18:32:23,728", "levelname": "WARNING", "name": "AresTradingSystem.System.VectorizedFeatureSelector", "message": "⚠️ Feature 'spinning_top_patterns_count' has infinite VIF (perfect multicollinearity)", "correlation_id": "-", "session_id": "-", "timestamp": "2025-08-11T16:32:23.728497+00:00"}
{"asctime": "2025-08-11 18:32:23,728", "levelname": "WARNING", "name": "AresTradingSystem.System.VectorizedFeatureSelector", "message": "⚠️ Feature 'bullish_engulfing_count' has infinite VIF (perfect multicollinearity)", "correlation_id": "-", "session_id": "-", "timestamp": "2025-08-11T16:32:23.728554+00:00"}
{"asctime": "2025-08-11 18:32:23,728", "levelname": "WARNING", "name": "AresTradingSystem.System.VectorizedFeatureSelector", "message": "⚠️ Feature 'bearish_engulfing_count' has infinite VIF (perfect multicollinearity)", "correlation_id": "-", "session_id": "-", "timestamp": "2025-08-11T16:32:23.728609+00:00"}
{"asctime": "2025-08-11 18:32:23,728", "levelname": "WARNING", "name": "AresTradingSystem.System.VectorizedFeatureSelector", "message": "⚠️ Feature 'hammer_count' has infinite VIF (perfect multicollinearity)", "correlation_id": "-", "session_id": "-", "timestamp": "2025-08-11T16:32:23.728663+00:00"}
{"asctime": "2025-08-11 18:32:23,728", "levelname": "WARNING", "name": "AresTradingSystem.System.VectorizedFeatureSelector", "message": "⚠️ Feature 'hanging_man_count' has infinite VIF (perfect multicollinearity)", "correlation_id": "-", "session_id": "-", "timestamp": "2025-08-11T16:32:23.728720+00:00"}
{"asctime": "2025-08-11 18:32:23,728", "levelname": "WARNING", "name": "AresTradingSystem.System.VectorizedFeatureSelector", "message": "⚠️ Feature 'shooting_star_count' has infinite VIF (perfect multicollinearity)", "correlation_id": "-", "session_id": "-", "timestamp": "2025-08-11T16:32:23.728773+00:00"}
{"asctime": "2025-08-11 18:32:23,728", "levelname": "WARNING", "name": "AresTradingSystem.System.VectorizedFeatureSelector", "message": "⚠️ Feature 'inverted_hammer_count' has infinite VIF (perfect multicollinearity)", "correlation_id": "-", "session_id": "-", "timestamp": "2025-08-11T16:32:23.728829+00:00"}
{"asctime": "2025-08-11 18:32:23,728", "levelname": "WARNING", "name": "AresTradingSystem.System.VectorizedFeatureSelector", "message": "⚠️ Feature 'tweezer_top_count' has infinite VIF (perfect multicollinearity)", "correlation_id": "-", "session_id": "-", "timestamp": "2025-08-11T16:32:23.728883+00:00"}
{"asctime": "2025-08-11 18:32:23,728", "levelname": "WARNING", "name": "AresTradingSystem.System.VectorizedFeatureSelector", "message": "⚠️ Feature 'tweezer_bottom_count' has infinite VIF (perfect multicollinearity)", "correlation_id": "-", "session_id": "-", "timestamp": "2025-08-11T16:32:23.728936+00:00"}
{"asctime": "2025-08-11 18:32:23,728", "levelname": "WARNING", "name": "AresTradingSystem.System.VectorizedFeatureSelector", "message": "⚠️ Feature 'bullish_marubozu_count' has infinite VIF (perfect multicollinearity)", "correlation_id": "-", "session_id": "-", "timestamp": "2025-08-11T16:32:23.728990+00:00"}
{"asctime": "2025-08-11 18:32:23,729", "levelname": "WARNING", "name": "AresTradingSystem.System.VectorizedFeatureSelector", "message": "⚠️ Feature 'bearish_marubozu_count' has infinite VIF (perfect multicollinearity)", "correlation_id": "-", "session_id": "-", "timestamp": "2025-08-11T16:32:23.729049+00:00"}
{"asctime": "2025-08-11 18:32:23,729", "levelname": "WARNING", "name": "AresTradingSystem.System.VectorizedFeatureSelector", "message": "⚠️ Feature 'total_patterns' has infinite VIF (perfect multicollinearity)", "correlation_id": "-", "session_id": "-", "timestamp": "2025-08-11T16:32:23.729102+00:00"}
{"asctime": "2025-08-11 18:32:23,729", "levelname": "WARNING", "name": "AresTradingSystem.System.VectorizedFeatureSelector", "message": "⚠️ Feature 'bullish_patterns' has infinite VIF (perfect multicollinearity)", "correlation_id": "-", "session_id": "-", "timestamp": "2025-08-11T16:32:23.729154+00:00"}
{"asctime": "2025-08-11 18:32:23,729", "levelname": "WARNING", "name": "AresTradingSystem.System.VectorizedFeatureSelector", "message": "⚠️ Feature 'bearish_patterns' has infinite VIF (perfect multicollinearity)", "correlation_id": "-", "session_id": "-", "timestamp": "2025-08-11T16:32:23.729211+00:00"}
{"asctime": "2025-08-11 18:32:23,729", "levelname": "INFO", "name": "AresTradingSystem.System.VectorizedFeatureSelector", "message": "📊 High VIF feature - momentum_10: 33.93", "correlation_id": "-", "session_id": "-", "timestamp": "2025-08-11T16:32:23.729278+00:00"}
{"asctime": "2025-08-11 18:32:23,729", "levelname": "INFO", "name": "AresTradingSystem.System.VectorizedFeatureSelector", "message": "📊 High VIF feature - roc_10: 32.90", "correlation_id": "-", "session_id": "-", "timestamp": "2025-08-11T16:32:23.729338+00:00"}
{"asctime": "2025-08-11 18:32:23,729", "levelname": "INFO", "name": "AresTradingSystem.System.VectorizedFeatureSelector", "message": "📊 High VIF feature - momentum_5: 32.76", "correlation_id": "-", "session_id": "-", "timestamp": "2025-08-11T16:32:23.729393+00:00"}
{"asctime": "2025-08-11 18:32:23,729", "levelname": "INFO", "name": "AresTradingSystem.System.VectorizedFeatureSelector", "message": "📊 High VIF feature - roc_5: 32.62", "correlation_id": "-", "session_id": "-", "timestamp": "2025-08-11T16:32:23.729450+00:00"}
{"asctime": "2025-08-11 18:32:23,729", "levelname": "INFO", "name": "AresTradingSystem.System.VectorizedFeatureSelector", "message": "📊 High VIF feature - bullish_bearish_ratio: 25.97", "correlation_id": "-", "session_id": "-", "timestamp": "2025-08-11T16:32:23.729503+00:00"}
{"asctime": "2025-08-11 18:32:23,953", "levelname": "INFO", "name": "AresTradingSystem.System.VectorizedFeatureSelector", "message": "🔍 Found 4 clusters of highly collinear features for PCA combination", "correlation_id": "-", "session_id": "-", "timestamp": "2025-08-11T16:32:23.953529+00:00"}
{"asctime": "2025-08-11 18:32:24,013", "levelname": "INFO", "name": "AresTradingSystem.System.VectorizedFeatureSelector", "message": "📊 Processing cluster 3: ['momentum_5', 'roc_5']", "correlation_id": "-", "session_id": "-", "timestamp": "2025-08-11T16:32:24.013032+00:00"}
{"asctime": "2025-08-11 18:32:24,014", "levelname": "INFO", "name": "AresTradingSystem.System.VectorizedFeatureSelector", "message": "📊 Cluster 3 - Original feature statistics:", "correlation_id": "-", "session_id": "-", "timestamp": "2025-08-11T16:32:24.014058+00:00"}
{"asctime": "2025-08-11 18:32:24,015", "levelname": "INFO", "name": "AresTradingSystem.System.VectorizedFeatureSelector", "message": "   momentum_5: mean=0.0303, std=5.5416, range=247.2300", "correlation_id": "-", "session_id": "-", "timestamp": "2025-08-11T16:32:24.015752+00:00"}
{"asctime": "2025-08-11 18:32:24,017", "levelname": "INFO", "name": "AresTradingSystem.System.VectorizedFeatureSelector", "message": "   roc_5: mean=0.0000, std=0.0023, range=0.1038", "correlation_id": "-", "session_id": "-", "timestamp": "2025-08-11T16:32:24.017540+00:00"}
{"asctime": "2025-08-11 18:32:24,017", "levelname": "INFO", "name": "AresTradingSystem.System.VectorizedFeatureSelector", "message": "📊 Using StandardScaler (z-score normalization) for cluster 3", "correlation_id": "-", "session_id": "-", "timestamp": "2025-08-11T16:32:24.017818+00:00"}
{"asctime": "2025-08-11 18:32:24,020", "levelname": "INFO", "name": "AresTradingSystem.System.VectorizedFeatureSelector", "message": "📊 Cluster 3 - Scaled feature statistics:", "correlation_id": "-", "session_id": "-", "timestamp": "2025-08-11T16:32:24.020805+00:00"}
{"asctime": "2025-08-11 18:32:24,022", "levelname": "INFO", "name": "AresTradingSystem.System.VectorizedFeatureSelector", "message": "   momentum_5: mean=0.000000, std=1.000002, range=[-18.539978, 26.073849]", "correlation_id": "-", "session_id": "-", "timestamp": "2025-08-11T16:32:24.022294+00:00"}
{"asctime": "2025-08-11 18:32:24,023", "levelname": "INFO", "name": "AresTradingSystem.System.VectorizedFeatureSelector", "message": "   roc_5: mean=-0.000000, std=1.000002, range=[-18.566855, 26.992336]", "correlation_id": "-", "session_id": "-", "timestamp": "2025-08-11T16:32:24.023618+00:00"}
{"asctime": "2025-08-11 18:32:24,025", "levelname": "INFO", "name": "AresTradingSystem.System.VectorizedFeatureSelector", "message": "✅ Scaling validation passed for cluster 3", "correlation_id": "-", "session_id": "-", "timestamp": "2025-08-11T16:32:24.025438+00:00"}
{"asctime": "2025-08-11 18:32:24,028", "levelname": "INFO", "name": "AresTradingSystem.System.VectorizedFeatureSelector", "message": "📊 Cluster 3 PCA: 1 components explain 0.985 of variance", "correlation_id": "-", "session_id": "-", "timestamp": "2025-08-11T16:32:24.028174+00:00"}
{"asctime": "2025-08-11 18:32:24,028", "levelname": "INFO", "name": "AresTradingSystem.System.VectorizedFeatureSelector", "message": "   PC1: 0.985 variance, cumulative: 0.985", "correlation_id": "-", "session_id": "-", "timestamp": "2025-08-11T16:32:24.028376+00:00"}
{"asctime": "2025-08-11 18:32:24,028", "levelname": "INFO", "name": "AresTradingSystem.System.VectorizedFeatureSelector", "message": "📊 Processing cluster 2: ['momentum_10', 'roc_10']", "correlation_id": "-", "session_id": "-", "timestamp": "2025-08-11T16:32:24.028453+00:00"}
{"asctime": "2025-08-11 18:32:24,029", "levelname": "INFO", "name": "AresTradingSystem.System.VectorizedFeatureSelector", "message": "📊 Cluster 2 - Original feature statistics:", "correlation_id": "-", "session_id": "-", "timestamp": "2025-08-11T16:32:24.029174+00:00"}
{"asctime": "2025-08-11 18:32:24,031", "levelname": "INFO", "name": "AresTradingSystem.System.VectorizedFeatureSelector", "message": "   momentum_10: mean=0.0606, std=7.7945, range=342.4300", "correlation_id": "-", "session_id": "-", "timestamp": "2025-08-11T16:32:24.031566+00:00"}
{"asctime": "2025-08-11 18:32:24,033", "levelname": "INFO", "name": "AresTradingSystem.System.VectorizedFeatureSelector", "message": "   roc_10: mean=0.0000, std=0.0032, range=0.1470", "correlation_id": "-", "session_id": "-", "timestamp": "2025-08-11T16:32:24.033057+00:00"}
{"asctime": "2025-08-11 18:32:24,033", "levelname": "INFO", "name": "AresTradingSystem.System.VectorizedFeatureSelector", "message": "📊 Using StandardScaler (z-score normalization) for cluster 2", "correlation_id": "-", "session_id": "-", "timestamp": "2025-08-11T16:32:24.033317+00:00"}
{"asctime": "2025-08-11 18:32:24,037", "levelname": "INFO", "name": "AresTradingSystem.System.VectorizedFeatureSelector", "message": "📊 Cluster 2 - Scaled feature statistics:", "correlation_id": "-", "session_id": "-", "timestamp": "2025-08-11T16:32:24.037311+00:00"}
{"asctime": "2025-08-11 18:32:24,039", "levelname": "INFO", "name": "AresTradingSystem.System.VectorizedFeatureSelector", "message": "   momentum_10: mean=-0.000000, std=1.000002, range=[-17.590803, 26.341745]", "correlation_id": "-", "session_id": "-", "timestamp": "2025-08-11T16:32:24.039206+00:00"}
{"asctime": "2025-08-11 18:32:24,040", "levelname": "INFO", "name": "AresTradingSystem.System.VectorizedFeatureSelector", "message": "   roc_10: mean=0.000000, std=1.000002, range=[-17.890144, 27.991045]", "correlation_id": "-", "session_id": "-", "timestamp": "2025-08-11T16:32:24.040300+00:00"}
{"asctime": "2025-08-11 18:32:24,041", "levelname": "INFO", "name": "AresTradingSystem.System.VectorizedFeatureSelector", "message": "✅ Scaling validation passed for cluster 2", "correlation_id": "-", "session_id": "-", "timestamp": "2025-08-11T16:32:24.041702+00:00"}
{"asctime": "2025-08-11 18:32:24,044", "levelname": "INFO", "name": "AresTradingSystem.System.VectorizedFeatureSelector", "message": "📊 Cluster 2 PCA: 1 components explain 0.985 of variance", "correlation_id": "-", "session_id": "-", "timestamp": "2025-08-11T16:32:24.044354+00:00"}
{"asctime": "2025-08-11 18:32:24,044", "levelname": "INFO", "name": "AresTradingSystem.System.VectorizedFeatureSelector", "message": "   PC1: 0.985 variance, cumulative: 0.985", "correlation_id": "-", "session_id": "-", "timestamp": "2025-08-11T16:32:24.044506+00:00"}
{"asctime": "2025-08-11 18:32:24,044", "levelname": "INFO", "name": "AresTradingSystem.System.VectorizedFeatureSelector", "message": "📊 Processing cluster 0: ['hammer_hanging_man_count', 'hammer_count']", "correlation_id": "-", "session_id": "-", "timestamp": "2025-08-11T16:32:24.044570+00:00"}
{"asctime": "2025-08-11 18:32:24,045", "levelname": "INFO", "name": "AresTradingSystem.System.VectorizedFeatureSelector", "message": "📊 Cluster 0 - Original feature statistics:", "correlation_id": "-", "session_id": "-", "timestamp": "2025-08-11T16:32:24.045295+00:00"}
{"asctime": "2025-08-11 18:32:24,046", "levelname": "INFO", "name": "AresTradingSystem.System.VectorizedFeatureSelector", "message": "   hammer_hanging_man_count: mean=1.1343, std=1.3943, range=11.0000", "correlation_id": "-", "session_id": "-", "timestamp": "2025-08-11T16:32:24.046889+00:00"}
{"asctime": "2025-08-11 18:32:24,048", "levelname": "INFO", "name": "AresTradingSystem.System.VectorizedFeatureSelector", "message": "   hammer_count: mean=0.7452, std=0.8688, range=7.0000", "correlation_id": "-", "session_id": "-", "timestamp": "2025-08-11T16:32:24.048182+00:00"}
{"asctime": "2025-08-11 18:32:24,048", "levelname": "INFO", "name": "AresTradingSystem.System.VectorizedFeatureSelector", "message": "📊 Using StandardScaler (z-score normalization) for cluster 0", "correlation_id": "-", "session_id": "-", "timestamp": "2025-08-11T16:32:24.048412+00:00"}
{"asctime": "2025-08-11 18:32:24,051", "levelname": "INFO", "name": "AresTradingSystem.System.VectorizedFeatureSelector", "message": "📊 Cluster 0 - Scaled feature statistics:", "correlation_id": "-", "session_id": "-", "timestamp": "2025-08-11T16:32:24.051489+00:00"}
{"asctime": "2025-08-11 18:32:24,054", "levelname": "INFO", "name": "AresTradingSystem.System.VectorizedFeatureSelector", "message": "   hammer_hanging_man_count: mean=-0.000000, std=1.000002, range=[-0.813504, 7.075817]", "correlation_id": "-", "session_id": "-", "timestamp": "2025-08-11T16:32:24.054417+00:00"}
{"asctime": "2025-08-11 18:32:24,055", "levelname": "INFO", "name": "AresTradingSystem.System.VectorizedFeatureSelector", "message": "   hammer_count: mean=0.000000, std=1.000002, range=[-0.857663, 7.199094]", "correlation_id": "-", "session_id": "-", "timestamp": "2025-08-11T16:32:24.055804+00:00"}
{"asctime": "2025-08-11 18:32:24,057", "levelname": "INFO", "name": "AresTradingSystem.System.VectorizedFeatureSelector", "message": "✅ Scaling validation passed for cluster 0", "correlation_id": "-", "session_id": "-", "timestamp": "2025-08-11T16:32:24.057195+00:00"}
{"asctime": "2025-08-11 18:32:24,059", "levelname": "INFO", "name": "AresTradingSystem.System.VectorizedFeatureSelector", "message": "📊 Cluster 0 PCA: 1 components explain 0.975 of variance", "correlation_id": "-", "session_id": "-", "timestamp": "2025-08-11T16:32:24.059160+00:00"}
{"asctime": "2025-08-11 18:32:24,059", "levelname": "INFO", "name": "AresTradingSystem.System.VectorizedFeatureSelector", "message": "   PC1: 0.975 variance, cumulative: 0.975", "correlation_id": "-", "session_id": "-", "timestamp": "2025-08-11T16:32:24.059455+00:00"}
{"asctime": "2025-08-11 18:32:24,059", "levelname": "INFO", "name": "AresTradingSystem.System.VectorizedFeatureSelector", "message": "📊 Processing cluster 1: ['shooting_star_inverted_hammer_count', 'shooting_star_count']", "correlation_id": "-", "session_id": "-", "timestamp": "2025-08-11T16:32:24.059547+00:00"}
{"asctime": "2025-08-11 18:32:24,060", "levelname": "INFO", "name": "AresTradingSystem.System.VectorizedFeatureSelector", "message": "📊 Cluster 1 - Original feature statistics:", "correlation_id": "-", "session_id": "-", "timestamp": "2025-08-11T16:32:24.060799+00:00"}
{"asctime": "2025-08-11 18:32:24,062", "levelname": "INFO", "name": "AresTradingSystem.System.VectorizedFeatureSelector", "message": "   shooting_star_inverted_hammer_count: mean=1.1082, std=1.3787, range=10.0000", "correlation_id": "-", "session_id": "-", "timestamp": "2025-08-11T16:32:24.062191+00:00"}
{"asctime": "2025-08-11 18:32:24,063", "levelname": "INFO", "name": "AresTradingSystem.System.VectorizedFeatureSelector", "message": "   shooting_star_count: mean=0.7256, std=0.8525, range=6.0000", "correlation_id": "-", "session_id": "-", "timestamp": "2025-08-11T16:32:24.063446+00:00"}
{"asctime": "2025-08-11 18:32:24,063", "levelname": "INFO", "name": "AresTradingSystem.System.VectorizedFeatureSelector", "message": "📊 Using StandardScaler (z-score normalization) for cluster 1", "correlation_id": "-", "session_id": "-", "timestamp": "2025-08-11T16:32:24.063856+00:00"}
{"asctime": "2025-08-11 18:32:24,069", "levelname": "INFO", "name": "AresTradingSystem.System.VectorizedFeatureSelector", "message": "📊 Cluster 1 - Scaled feature statistics:", "correlation_id": "-", "session_id": "-", "timestamp": "2025-08-11T16:32:24.069484+00:00"}
{"asctime": "2025-08-11 18:32:24,071", "levelname": "INFO", "name": "AresTradingSystem.System.VectorizedFeatureSelector", "message": "   shooting_star_inverted_hammer_count: mean=-0.000000, std=1.000002, range=[-0.803832, 6.449377]", "correlation_id": "-", "session_id": "-", "timestamp": "2025-08-11T16:32:24.071919+00:00"}
{"asctime": "2025-08-11 18:32:24,073", "levelname": "INFO", "name": "AresTradingSystem.System.VectorizedFeatureSelector", "message": "   shooting_star_count: mean=-0.000000, std=1.000002, range=[-0.851210, 6.187235]", "correlation_id": "-", "session_id": "-", "timestamp": "2025-08-11T16:32:24.073696+00:00"}
{"asctime": "2025-08-11 18:32:24,076", "levelname": "INFO", "name": "AresTradingSystem.System.VectorizedFeatureSelector", "message": "✅ Scaling validation passed for cluster 1", "correlation_id": "-", "session_id": "-", "timestamp": "2025-08-11T16:32:24.076089+00:00"}
{"asctime": "2025-08-11 18:32:24,078", "levelname": "INFO", "name": "AresTradingSystem.System.VectorizedFeatureSelector", "message": "📊 Cluster 1 PCA: 1 components explain 0.975 of variance", "correlation_id": "-", "session_id": "-", "timestamp": "2025-08-11T16:32:24.078159+00:00"}
{"asctime": "2025-08-11 18:32:24,078", "levelname": "INFO", "name": "AresTradingSystem.System.VectorizedFeatureSelector", "message": "   PC1: 0.975 variance, cumulative: 0.975", "correlation_id": "-", "session_id": "-", "timestamp": "2025-08-11T16:32:24.078331+00:00"}
{"asctime": "2025-08-11 18:32:24,107", "levelname": "INFO", "name": "AresTradingSystem.System.VectorizedFeatureSelector", "message": "🔄 Removed 8 highly collinear features", "correlation_id": "-", "session_id": "-", "timestamp": "2025-08-11T16:32:24.107267+00:00"}
{"asctime": "2025-08-11 18:32:24,107", "levelname": "INFO", "name": "AresTradingSystem.System.VectorizedFeatureSelector", "message": "🔄 Added 4 PCA meta-features", "correlation_id": "-", "session_id": "-", "timestamp": "2025-08-11T16:32:24.107488+00:00"}
{"asctime": "2025-08-11 18:32:24,107", "levelname": "INFO", "name": "AresTradingSystem.System.VectorizedFeatureSelector", "message": "🔄 Net change: -4 features", "correlation_id": "-", "session_id": "-", "timestamp": "2025-08-11T16:32:24.107561+00:00"}
{"asctime": "2025-08-11 18:32:45,228", "levelname": "INFO", "name": "AresTradingSystem.System.VectorizedFeatureSelector", "message": "🔍 VIF Analysis: Found 22 features with VIF > 10.0", "correlation_id": "-", "session_id": "-", "timestamp": "2025-08-11T16:32:45.228929+00:00"}
{"asctime": "2025-08-11 18:32:45,230", "levelname": "WARNING", "name": "AresTradingSystem.System.VectorizedFeatureSelector", "message": "⚠️ Feature 'engulfing_patterns_count' has infinite VIF (perfect multicollinearity)", "correlation_id": "-", "session_id": "-", "timestamp": "2025-08-11T16:32:45.230012+00:00"}
{"asctime": "2025-08-11 18:32:45,230", "levelname": "WARNING", "name": "AresTradingSystem.System.VectorizedFeatureSelector", "message": "⚠️ Feature 'tweezer_patterns_count' has infinite VIF (perfect multicollinearity)", "correlation_id": "-", "session_id": "-", "timestamp": "2025-08-11T16:32:45.230149+00:00"}
{"asctime": "2025-08-11 18:32:45,230", "levelname": "WARNING", "name": "AresTradingSystem.System.VectorizedFeatureSelector", "message": "⚠️ Feature 'marubozu_patterns_count' has infinite VIF (perfect multicollinearity)", "correlation_id": "-", "session_id": "-", "timestamp": "2025-08-11T16:32:45.230227+00:00"}
{"asctime": "2025-08-11 18:32:45,230", "levelname": "WARNING", "name": "AresTradingSystem.System.VectorizedFeatureSelector", "message": "⚠️ Feature 'doji_patterns_count' has infinite VIF (perfect multicollinearity)", "correlation_id": "-", "session_id": "-", "timestamp": "2025-08-11T16:32:45.230301+00:00"}
{"asctime": "2025-08-11 18:32:45,230", "levelname": "WARNING", "name": "AresTradingSystem.System.VectorizedFeatureSelector", "message": "⚠️ Feature 'spinning_top_patterns_count' has infinite VIF (perfect multicollinearity)", "correlation_id": "-", "session_id": "-", "timestamp": "2025-08-11T16:32:45.230357+00:00"}
{"asctime": "2025-08-11 18:32:45,233", "levelname": "WARNING", "name": "AresTradingSystem.System.VectorizedFeatureSelector", "message": "⚠️ Remaining high VIF features detected but skipping removal (removal %: 0.38 > threshold: 0.30)", "correlation_id": "-", "session_id": "-", "timestamp": "2025-08-11T16:32:45.233470+00:00"}
{"asctime": "2025-08-11 18:32:45,233", "levelname": "INFO", "name": "AresTradingSystem.System.VectorizedFeatureSelector", "message": "Removing top 30% of remaining high VIF features: 7 features", "correlation_id": "-", "session_id": "-", "timestamp": "2025-08-11T16:32:45.233609+00:00"}
{"asctime": "2025-08-11 18:32:45,233", "levelname": "INFO", "name": "AresTradingSystem.System.VectorizedFeatureSelector", "message": "High VIF features (top slice) removed: ['doji_patterns_count', 'engulfing_patterns_count', 'marubozu_patterns_count', 'realized_volatility', 'tweezer_patterns_count', 'volatility_percentile', 'volatility_regime']", "correlation_id": "-", "session_id": "-", "timestamp": "2025-08-11T16:32:45.233699+00:00"}
