{"asctime": "2025-08-10 10:58:16,418", "levelname": "INFO", "name": "AresTradingSystem", "message": "✅ Enhanced Logger initialization completed successfully", "correlation_id": "-", "session_id": "-", "timestamp": "2025-08-10T08:58:16.418089+00:00"}
{"asctime": "2025-08-10 10:58:16,425", "levelname": "INFO", "name": "AresTradingSystem.System", "message": "Environment configuration loaded successfully. Trading Environment: PAPER, Exchange: BINANCE", "correlation_id": "-", "session_id": "-", "timestamp": "2025-08-10T08:58:16.425259+00:00"}
{"asctime": "2025-08-10 10:58:16,835", "levelname": "INFO", "name": "AresTradingSystem.System.UnifiedDataConverter", "message": "🚀 Initializing Unified Data Converter...", "correlation_id": "-", "session_id": "-", "timestamp": "2025-08-10T08:58:16.835142+00:00"}
{"asctime": "2025-08-10 10:58:16,835", "levelname": "INFO", "name": "AresTradingSystem.System.UnifiedDataConverter", "message": "📁 Unified data directory: data_cache/unified", "correlation_id": "-", "session_id": "-", "timestamp": "2025-08-10T08:58:16.835316+00:00"}
{"asctime": "2025-08-10 10:58:16,835", "levelname": "INFO", "name": "AresTradingSystem.System.UnifiedDataConverter", "message": "📁 Backup directory: data_cache/backup_pre_unified", "correlation_id": "-", "session_id": "-", "timestamp": "2025-08-10T08:58:16.835385+00:00"}
{"asctime": "2025-08-10 10:58:16,835", "levelname": "INFO", "name": "AresTradingSystem.System.UnifiedDataConverter", "message": "================================================================================", "correlation_id": "-", "session_id": "-", "timestamp": "2025-08-10T08:58:16.835451+00:00"}
{"asctime": "2025-08-10 10:58:16,835", "levelname": "INFO", "name": "AresTradingSystem.System.UnifiedDataConverter", "message": "🔄 STEP 1.5: Unified Data Converter", "correlation_id": "-", "session_id": "-", "timestamp": "2025-08-10T08:58:16.835511+00:00"}
{"asctime": "2025-08-10 10:58:16,835", "levelname": "INFO", "name": "AresTradingSystem.System.UnifiedDataConverter", "message": "================================================================================", "correlation_id": "-", "session_id": "-", "timestamp": "2025-08-10T08:58:16.835565+00:00"}
{"asctime": "2025-08-10 10:58:16,835", "levelname": "INFO", "name": "AresTradingSystem.System.UnifiedDataConverter", "message": "🎯 Symbol: BTCUSDT", "correlation_id": "-", "session_id": "-", "timestamp": "2025-08-10T08:58:16.835618+00:00"}
{"asctime": "2025-08-10 10:58:16,835", "levelname": "INFO", "name": "AresTradingSystem.System.UnifiedDataConverter", "message": "🏢 Exchange: binance", "correlation_id": "-", "session_id": "-", "timestamp": "2025-08-10T08:58:16.835672+00:00"}
{"asctime": "2025-08-10 10:58:16,835", "levelname": "INFO", "name": "AresTradingSystem.System.UnifiedDataConverter", "message": "📊 Timeframe: 1m", "correlation_id": "-", "session_id": "-", "timestamp": "2025-08-10T08:58:16.835725+00:00"}
{"asctime": "2025-08-10 10:58:16,835", "levelname": "INFO", "name": "AresTradingSystem.System.UnifiedDataConverter", "message": "📁 Data directory: /var/folders/dr/hz7y0z9j0x39z7519pbshgqh0000gn/T/tmpy2v7rpfi/data_cache", "correlation_id": "-", "session_id": "-", "timestamp": "2025-08-10T08:58:16.835778+00:00"}
{"asctime": "2025-08-10 10:58:16,835", "levelname": "INFO", "name": "AresTradingSystem.System.UnifiedDataConverter", "message": "📦 Backing up existing consolidated data...", "correlation_id": "-", "session_id": "-", "timestamp": "2025-08-10T08:58:16.835849+00:00"}
{"asctime": "2025-08-10 10:58:16,842", "levelname": "INFO", "name": "AresTradingSystem.System.UnifiedDataConverter", "message": "✅ Backup completed: 0 files backed up", "correlation_id": "-", "session_id": "-", "timestamp": "2025-08-10T08:58:16.842638+00:00"}
{"asctime": "2025-08-10 10:58:16,842", "levelname": "INFO", "name": "AresTradingSystem.System.UnifiedDataConverter", "message": "🔄 Converting existing consolidated data to unified format...", "correlation_id": "-", "session_id": "-", "timestamp": "2025-08-10T08:58:16.842814+00:00"}
{"asctime": "2025-08-10 10:58:16,842", "levelname": "WARNING", "name": "AresTradingSystem.System.UnifiedDataConverter", "message": "⚠️ No klines data found for binance_BTCUSDT_1m", "correlation_id": "-", "session_id": "-", "timestamp": "2025-08-10T08:58:16.842925+00:00"}
{"asctime": "2025-08-10 10:58:16,843", "levelname": "WARNING", "name": "AresTradingSystem.System.UnifiedDataConverter", "message": "⚠️ No aggtrades data found for binance_BTCUSDT", "correlation_id": "-", "session_id": "-", "timestamp": "2025-08-10T08:58:16.843028+00:00"}
{"asctime": "2025-08-10 10:58:16,843", "levelname": "WARNING", "name": "AresTradingSystem.System.UnifiedDataConverter", "message": "⚠️ No futures data found for binance_BTCUSDT", "correlation_id": "-", "session_id": "-", "timestamp": "2025-08-10T08:58:16.843100+00:00"}
{"asctime": "2025-08-10 10:58:16,843", "levelname": "ERROR", "name": "AresTradingSystem.System.UnifiedDataConverter", "message": "❌ No klines data found - cannot proceed with conversion", "correlation_id": "-", "session_id": "-", "timestamp": "2025-08-10T08:58:16.843157+00:00"}
{"asctime": "2025-08-10 10:58:16,843", "levelname": "ERROR", "name": "AresTradingSystem.System.UnifiedDataConverter", "message": "❌ Failed to convert existing data", "correlation_id": "-", "session_id": "-", "timestamp": "2025-08-10T08:58:16.843218+00:00"}
{"asctime": "2025-08-10 10:58:16,846", "levelname": "INFO", "name": "AresTradingSystem.System.UnifiedDataConverter", "message": "🚀 Initializing Unified Data Converter...", "correlation_id": "-", "session_id": "-", "timestamp": "2025-08-10T08:58:16.846054+00:00"}
{"asctime": "2025-08-10 10:58:16,846", "levelname": "INFO", "name": "AresTradingSystem.System.UnifiedDataConverter", "message": "📁 Unified data directory: data_cache/unified", "correlation_id": "-", "session_id": "-", "timestamp": "2025-08-10T08:58:16.846147+00:00"}
{"asctime": "2025-08-10 10:58:16,846", "levelname": "INFO", "name": "AresTradingSystem.System.UnifiedDataConverter", "message": "📁 Backup directory: data_cache/backup_pre_unified", "correlation_id": "-", "session_id": "-", "timestamp": "2025-08-10T08:58:16.846210+00:00"}
{"asctime": "2025-08-10 10:58:16,846", "levelname": "INFO", "name": "AresTradingSystem.System.UnifiedDataConverter", "message": "================================================================================", "correlation_id": "-", "session_id": "-", "timestamp": "2025-08-10T08:58:16.846266+00:00"}
{"asctime": "2025-08-10 10:58:16,846", "levelname": "INFO", "name": "AresTradingSystem.System.UnifiedDataConverter", "message": "🔄 STEP 1.5: Unified Data Converter", "correlation_id": "-", "session_id": "-", "timestamp": "2025-08-10T08:58:16.846320+00:00"}
{"asctime": "2025-08-10 10:58:16,846", "levelname": "INFO", "name": "AresTradingSystem.System.UnifiedDataConverter", "message": "================================================================================", "correlation_id": "-", "session_id": "-", "timestamp": "2025-08-10T08:58:16.846372+00:00"}
{"asctime": "2025-08-10 10:58:16,846", "levelname": "INFO", "name": "AresTradingSystem.System.UnifiedDataConverter", "message": "🎯 Symbol: BTCUSDT", "correlation_id": "-", "session_id": "-", "timestamp": "2025-08-10T08:58:16.846424+00:00"}
{"asctime": "2025-08-10 10:58:16,846", "levelname": "INFO", "name": "AresTradingSystem.System.UnifiedDataConverter", "message": "🏢 Exchange: binance", "correlation_id": "-", "session_id": "-", "timestamp": "2025-08-10T08:58:16.846479+00:00"}
{"asctime": "2025-08-10 10:58:16,846", "levelname": "INFO", "name": "AresTradingSystem.System.UnifiedDataConverter", "message": "📊 Timeframe: 1m", "correlation_id": "-", "session_id": "-", "timestamp": "2025-08-10T08:58:16.846532+00:00"}
{"asctime": "2025-08-10 10:58:16,846", "levelname": "INFO", "name": "AresTradingSystem.System.UnifiedDataConverter", "message": "📁 Data directory: /var/folders/dr/hz7y0z9j0x39z7519pbshgqh0000gn/T/tmpmhi1i6f_/data_cache", "correlation_id": "-", "session_id": "-", "timestamp": "2025-08-10T08:58:16.846583+00:00"}
{"asctime": "2025-08-10 10:58:16,846", "levelname": "INFO", "name": "AresTradingSystem.System.UnifiedDataConverter", "message": "📦 Backing up existing consolidated data...", "correlation_id": "-", "session_id": "-", "timestamp": "2025-08-10T08:58:16.846644+00:00"}
{"asctime": "2025-08-10 10:58:16,852", "levelname": "INFO", "name": "AresTradingSystem.System.UnifiedDataConverter", "message": "✅ Backup completed: 0 files backed up", "correlation_id": "-", "session_id": "-", "timestamp": "2025-08-10T08:58:16.852832+00:00"}
{"asctime": "2025-08-10 10:58:16,852", "levelname": "INFO", "name": "AresTradingSystem.System.UnifiedDataConverter", "message": "🔄 Converting existing consolidated data to unified format...", "correlation_id": "-", "session_id": "-", "timestamp": "2025-08-10T08:58:16.852912+00:00"}
{"asctime": "2025-08-10 10:58:16,852", "levelname": "WARNING", "name": "AresTradingSystem.System.UnifiedDataConverter", "message": "⚠️ No klines data found for binance_BTCUSDT_1m", "correlation_id": "-", "session_id": "-", "timestamp": "2025-08-10T08:58:16.852975+00:00"}
{"asctime": "2025-08-10 10:58:16,853", "levelname": "WARNING", "name": "AresTradingSystem.System.UnifiedDataConverter", "message": "⚠️ No aggtrades data found for binance_BTCUSDT", "correlation_id": "-", "session_id": "-", "timestamp": "2025-08-10T08:58:16.853038+00:00"}
{"asctime": "2025-08-10 10:58:16,853", "levelname": "WARNING", "name": "AresTradingSystem.System.UnifiedDataConverter", "message": "⚠️ No futures data found for binance_BTCUSDT", "correlation_id": "-", "session_id": "-", "timestamp": "2025-08-10T08:58:16.853094+00:00"}
{"asctime": "2025-08-10 10:58:16,853", "levelname": "ERROR", "name": "AresTradingSystem.System.UnifiedDataConverter", "message": "❌ No klines data found - cannot proceed with conversion", "correlation_id": "-", "session_id": "-", "timestamp": "2025-08-10T08:58:16.853143+00:00"}
{"asctime": "2025-08-10 10:58:16,853", "levelname": "ERROR", "name": "AresTradingSystem.System.UnifiedDataConverter", "message": "❌ Failed to convert existing data", "correlation_id": "-", "session_id": "-", "timestamp": "2025-08-10T08:58:16.853193+00:00"}
