{"asctime": "2025-08-11 13:52:15,590", "levelname": "INFO", "name": "AresGlobal", "message": "================================================================================", "correlation_id": "-", "session_id": "-", "timestamp": "2025-08-11T11:52:15.590602+00:00"}
{"asctime": "2025-08-11 13:52:15,590", "levelname": "INFO", "name": "AresGlobal", "message": "ðŸ“Š SESSION SUMMARY", "correlation_id": "-", "session_id": "-", "timestamp": "2025-08-11T11:52:15.590750+00:00"}
{"asctime": "2025-08-11 13:52:15,590", "levelname": "INFO", "name": "AresGlobal", "message": "Session started: 2025-08-11 13:52:15", "correlation_id": "-", "session_id": "-", "timestamp": "2025-08-11T11:52:15.590862+00:00"}
{"asctime": "2025-08-11 13:52:15,590", "levelname": "INFO", "name": "AresGlobal", "message": "This file contains ALL logs for this session", "correlation_id": "-", "session_id": "-", "timestamp": "2025-08-11T11:52:15.590945+00:00"}
{"asctime": "2025-08-11 13:52:15,591", "levelname": "INFO", "name": "AresGlobal", "message": "================================================================================", "correlation_id": "-", "session_id": "-", "timestamp": "2025-08-11T11:52:15.591023+00:00"}
{"asctime": "2025-08-11 13:52:15,591", "levelname": "INFO", "name": "AresGlobal", "message": "[SYSTEM] ================================================================================", "correlation_id": "-", "session_id": "-", "timestamp": "2025-08-11T11:52:15.591222+00:00"}
{"asctime": "2025-08-11 13:52:15,591", "levelname": "INFO", "name": "AresGlobal", "message": "[SYSTEM] ðŸš€ ARES LAUNCHER STARTED - Mode: INITIALIZATION", "correlation_id": "-", "session_id": "-", "timestamp": "2025-08-11T11:52:15.591368+00:00"}
{"asctime": "2025-08-11 13:52:15,591", "levelname": "INFO", "name": "AresGlobal", "message": "[SYSTEM] Start time: 2025-08-11 13:52:15", "correlation_id": "-", "session_id": "-", "timestamp": "2025-08-11T11:52:15.591510+00:00"}
{"asctime": "2025-08-11 13:52:15,591", "levelname": "INFO", "name": "AresGlobal", "message": "[SYSTEM] Log directory: log", "correlation_id": "-", "session_id": "-", "timestamp": "2025-08-11T11:52:15.591641+00:00"}
{"asctime": "2025-08-11 13:52:15,591", "levelname": "INFO", "name": "AresGlobal", "message": "[SYSTEM] ================================================================================", "correlation_id": "-", "session_id": "-", "timestamp": "2025-08-11T11:52:15.591777+00:00"}
{"asctime": "2025-08-11 13:52:15,591", "levelname": "INFO", "name": "AresGlobal.AresLauncher", "message": "================================================================================", "correlation_id": "-", "session_id": "-", "timestamp": "2025-08-11T11:52:15.591844+00:00"}
{"asctime": "2025-08-11 13:52:15,591", "levelname": "INFO", "name": "AresGlobal.AresLauncher", "message": "ðŸš€ ARES COMPREHENSIVE LAUNCHER", "correlation_id": "-", "session_id": "-", "timestamp": "2025-08-11T11:52:15.591910+00:00"}
{"asctime": "2025-08-11 13:52:15,591", "levelname": "INFO", "name": "AresGlobal.AresLauncher", "message": "================================================================================", "correlation_id": "-", "session_id": "-", "timestamp": "2025-08-11T11:52:15.591977+00:00"}
{"asctime": "2025-08-11 13:52:15,592", "levelname": "INFO", "name": "AresGlobal.AresLauncher", "message": "Start time: 2025-08-11 13:52:15", "correlation_id": "-", "session_id": "-", "timestamp": "2025-08-11T11:52:15.592049+00:00"}
{"asctime": "2025-08-11 13:52:15,592", "levelname": "INFO", "name": "AresGlobal.AresLauncher", "message": "Log directory: log", "correlation_id": "-", "session_id": "-", "timestamp": "2025-08-11T11:52:15.592116+00:00"}
{"asctime": "2025-08-11 13:52:15,592", "levelname": "INFO", "name": "AresGlobal.AresLauncher", "message": "Log level: INFO", "correlation_id": "-", "session_id": "-", "timestamp": "2025-08-11T11:52:15.592179+00:00"}
{"asctime": "2025-08-11 13:52:15,592", "levelname": "INFO", "name": "AresGlobal.AresLauncher", "message": "Global log file: ares_global_20250811_135215.log", "correlation_id": "-", "session_id": "-", "timestamp": "2025-08-11T11:52:15.592247+00:00"}
{"asctime": "2025-08-11 13:52:15,592", "levelname": "INFO", "name": "AresGlobal.AresLauncher", "message": "================================================================================", "correlation_id": "-", "session_id": "-", "timestamp": "2025-08-11T11:52:15.592323+00:00"}
{"asctime": "2025-08-11 13:52:15,592", "levelname": "INFO", "name": "AresGlobal", "message": "[SYSTEM] ================================================================================", "correlation_id": "-", "session_id": "-", "timestamp": "2025-08-11T11:52:15.592526+00:00"}
{"asctime": "2025-08-11 13:52:15,592", "levelname": "INFO", "name": "AresGlobal", "message": "[SYSTEM] ðŸš€ ARES LAUNCHER STARTED - Mode: blank - Symbol: ETHUSDT - Exchange: BINANCE", "correlation_id": "-", "session_id": "-", "timestamp": "2025-08-11T11:52:15.592656+00:00"}
{"asctime": "2025-08-11 13:52:15,592", "levelname": "INFO", "name": "AresGlobal", "message": "[SYSTEM] Start time: 2025-08-11 13:52:15", "correlation_id": "-", "session_id": "-", "timestamp": "2025-08-11T11:52:15.592792+00:00"}
{"asctime": "2025-08-11 13:52:15,592", "levelname": "INFO", "name": "AresGlobal", "message": "[SYSTEM] Log directory: log", "correlation_id": "-", "session_id": "-", "timestamp": "2025-08-11T11:52:15.592913+00:00"}
{"asctime": "2025-08-11 13:52:15,593", "levelname": "INFO", "name": "AresGlobal", "message": "[SYSTEM] ================================================================================", "correlation_id": "-", "session_id": "-", "timestamp": "2025-08-11T11:52:15.593033+00:00"}
{"asctime": "2025-08-11 13:52:15,593", "levelname": "INFO", "name": "AresGlobal.AresLauncher", "message": "ðŸš€ Running enhanced 16-step training pipeline for ETHUSDT on BINANCE", "correlation_id": "-", "session_id": "-", "timestamp": "2025-08-11T11:52:15.593126+00:00"}
{"asctime": "2025-08-11 13:52:15,593", "levelname": "INFO", "name": "AresGlobal.AresLauncher", "message": "Starting from step: step4_analyst_labeling_feature_engineering", "correlation_id": "-", "session_id": "-", "timestamp": "2025-08-11T11:52:15.593191+00:00"}
{"asctime": "2025-08-11 13:52:15,593", "levelname": "INFO", "name": "AresGlobal.AresLauncher", "message": "ðŸ§ª BLANK TRAINING MODE: Set BLANK_TRAINING_MODE=1 for step-based training", "correlation_id": "-", "session_id": "-", "timestamp": "2025-08-11T11:52:15.593261+00:00"}
{"asctime": "2025-08-11 13:52:15,594", "levelname": "INFO", "name": "AresGlobal.ProgressManager", "message": "Initialized ProgressManager for ETHUSDT on BINANCE", "correlation_id": "-", "session_id": "-", "timestamp": "2025-08-11T11:52:15.594540+00:00"}
{"asctime": "2025-08-11 13:52:15,594", "levelname": "INFO", "name": "AresGlobal.ProgressManager", "message": "Progress directory: data/training/progress/BINANCE_ETHUSDT", "correlation_id": "-", "session_id": "-", "timestamp": "2025-08-11T11:52:15.594677+00:00"}
{"asctime": "2025-08-11 13:52:15,594", "levelname": "INFO", "name": "AresGlobal.StepOrchestrator", "message": "Initialized StepOrchestrator for ETHUSDT on BINANCE", "correlation_id": "-", "session_id": "-", "timestamp": "2025-08-11T11:52:15.594767+00:00"}
{"asctime": "2025-08-11 13:52:15,594", "levelname": "INFO", "name": "AresGlobal.StepOrchestrator", "message": "ðŸš€ Starting execution from step: step4_analyst_labeling_feature_engineering", "correlation_id": "-", "session_id": "-", "timestamp": "2025-08-11T11:52:15.594994+00:00"}
{"asctime": "2025-08-11 13:52:19,228", "levelname": "INFO", "name": "AresGlobal.EnhancedTrainingManager", "message": "Loaded optimization configuration", "correlation_id": "-", "session_id": "-", "timestamp": "2025-08-11T11:52:19.228492+00:00"}
{"asctime": "2025-08-11 13:52:19,228", "levelname": "INFO", "name": "AresGlobal.EnhancedTrainingManagerOptimized", "message": "Loaded optimization configuration", "correlation_id": "-", "session_id": "-", "timestamp": "2025-08-11T11:52:19.228735+00:00"}
{"asctime": "2025-08-11 13:52:19,228", "levelname": "INFO", "name": "AresGlobal.EnhancedTrainingManager", "message": "ðŸš€ Initializing Enhanced Training Manager...", "correlation_id": "-", "session_id": "-", "timestamp": "2025-08-11T11:52:19.228834+00:00"}
{"asctime": "2025-08-11 13:52:19,228", "levelname": "INFO", "name": "AresGlobal.EnhancedTrainingManager", "message": "ðŸ“Š Blank training mode: False", "correlation_id": "-", "session_id": "-", "timestamp": "2025-08-11T11:52:19.228936+00:00"}
{"asctime": "2025-08-11 13:52:19,229", "levelname": "INFO", "name": "AresGlobal.EnhancedTrainingManager", "message": "ðŸ”§ Max trials: 200", "correlation_id": "-", "session_id": "-", "timestamp": "2025-08-11T11:52:19.229016+00:00"}
{"asctime": "2025-08-11 13:52:19,229", "levelname": "INFO", "name": "AresGlobal.EnhancedTrainingManager", "message": "ðŸ”§ N trials: 100", "correlation_id": "-", "session_id": "-", "timestamp": "2025-08-11T11:52:19.229118+00:00"}
{"asctime": "2025-08-11 13:52:19,229", "levelname": "INFO", "name": "AresGlobal.EnhancedTrainingManager", "message": "ðŸ“ˆ Lookback days: 30", "correlation_id": "-", "session_id": "-", "timestamp": "2025-08-11T11:52:19.229193+00:00"}
{"asctime": "2025-08-11 13:52:19,229", "levelname": "INFO", "name": "AresGlobal.EnhancedTrainingManager", "message": "ðŸš€ Computational optimization: True", "correlation_id": "-", "session_id": "-", "timestamp": "2025-08-11T11:52:19.229268+00:00"}
{"asctime": "2025-08-11 13:52:19,229", "levelname": "INFO", "name": "AresGlobal.EnhancedTrainingManager", "message": "ðŸ“Š Resource Analysis:", "correlation_id": "-", "session_id": "-", "timestamp": "2025-08-11T11:52:19.229399+00:00"}
{"asctime": "2025-08-11 13:52:19,229", "levelname": "INFO", "name": "AresGlobal.EnhancedTrainingManager", "message": "   ðŸ’¾ System Memory: 16.0 GB", "correlation_id": "-", "session_id": "-", "timestamp": "2025-08-11T11:52:19.229478+00:00"}
{"asctime": "2025-08-11 13:52:19,229", "levelname": "INFO", "name": "AresGlobal.EnhancedTrainingManager", "message": "   ðŸ–¥ï¸ CPU Cores: 8", "correlation_id": "-", "session_id": "-", "timestamp": "2025-08-11T11:52:19.229549+00:00"}
{"asctime": "2025-08-11 13:52:19,229", "levelname": "INFO", "name": "AresGlobal.EnhancedTrainingManager", "message": "   ðŸ“ˆ Estimated Memory Usage: 8.0 GB", "correlation_id": "-", "session_id": "-", "timestamp": "2025-08-11T11:52:19.229620+00:00"}
{"asctime": "2025-08-11 13:52:19,229", "levelname": "INFO", "name": "AresGlobal.EnhancedTrainingManager", "message": "   â±ï¸ Estimated Time: 720 minutes (12.0 hours)", "correlation_id": "-", "session_id": "-", "timestamp": "2025-08-11T11:52:19.229691+00:00"}
{"asctime": "2025-08-11 13:52:19,229", "levelname": "INFO", "name": "AresGlobal.EnhancedTrainingManager", "message": "   ðŸ¤– Models to Train: 12", "correlation_id": "-", "session_id": "-", "timestamp": "2025-08-11T11:52:19.229763+00:00"}
{"asctime": "2025-08-11 13:52:19,229", "levelname": "INFO", "name": "AresGlobal.EnhancedTrainingManager", "message": "   ðŸ”§ Optimization Trials: 200", "correlation_id": "-", "session_id": "-", "timestamp": "2025-08-11T11:52:19.229830+00:00"}
{"asctime": "2025-08-11 13:52:19,229", "levelname": "INFO", "name": "AresGlobal.EnhancedTrainingManager", "message": "ðŸ“‹ Step-by-Step Time Estimates:", "correlation_id": "-", "session_id": "-", "timestamp": "2025-08-11T11:52:19.229897+00:00"}
{"asctime": "2025-08-11 13:52:19,230", "levelname": "INFO", "name": "AresGlobal.EnhancedTrainingManager", "message": "   step1_data_collection: 15 min (2.3%)", "correlation_id": "-", "session_id": "-", "timestamp": "2025-08-11T11:52:19.230068+00:00"}
{"asctime": "2025-08-11 13:52:19,230", "levelname": "INFO", "name": "AresGlobal.EnhancedTrainingManager", "message": "   step2_market_regime_classification: 8 min (1.2%)", "correlation_id": "-", "session_id": "-", "timestamp": "2025-08-11T11:52:19.230400+00:00"}
{"asctime": "2025-08-11 13:52:19,230", "levelname": "INFO", "name": "AresGlobal.EnhancedTrainingManager", "message": "   step3_regime_data_splitting: 5 min (0.8%)", "correlation_id": "-", "session_id": "-", "timestamp": "2025-08-11T11:52:19.230558+00:00"}
{"asctime": "2025-08-11 13:52:19,230", "levelname": "INFO", "name": "AresGlobal.EnhancedTrainingManager", "message": "   step4_analyst_labeling_feature_engineering: 60 min (9.0%)", "correlation_id": "-", "session_id": "-", "timestamp": "2025-08-11T11:52:19.230720+00:00"}
{"asctime": "2025-08-11 13:52:19,230", "levelname": "INFO", "name": "AresGlobal.EnhancedTrainingManager", "message": "   step5_analyst_specialist_training: 30 min (4.5%)", "correlation_id": "-", "session_id": "-", "timestamp": "2025-08-11T11:52:19.230812+00:00"}
{"asctime": "2025-08-11 13:52:19,230", "levelname": "INFO", "name": "AresGlobal.EnhancedTrainingManager", "message": "   step6_analyst_enhancement: 25 min (3.8%)", "correlation_id": "-", "session_id": "-", "timestamp": "2025-08-11T11:52:19.230886+00:00"}
{"asctime": "2025-08-11 13:52:19,230", "levelname": "INFO", "name": "AresGlobal.EnhancedTrainingManager", "message": "   step7_analyst_ensemble_creation: 35 min (5.3%)", "correlation_id": "-", "session_id": "-", "timestamp": "2025-08-11T11:52:19.230955+00:00"}
{"asctime": "2025-08-11 13:52:19,231", "levelname": "INFO", "name": "AresGlobal.EnhancedTrainingManager", "message": "   step8_tactician_labeling: 15 min (2.3%)", "correlation_id": "-", "session_id": "-", "timestamp": "2025-08-11T11:52:19.231022+00:00"}
{"asctime": "2025-08-11 13:52:19,231", "levelname": "INFO", "name": "AresGlobal.EnhancedTrainingManager", "message": "   step9_tactician_specialist_training: 30 min (4.5%)", "correlation_id": "-", "session_id": "-", "timestamp": "2025-08-11T11:52:19.231091+00:00"}
{"asctime": "2025-08-11 13:52:19,231", "levelname": "INFO", "name": "AresGlobal.EnhancedTrainingManager", "message": "   step10_tactician_ensemble_creation: 35 min (5.3%)", "correlation_id": "-", "session_id": "-", "timestamp": "2025-08-11T11:52:19.231157+00:00"}
{"asctime": "2025-08-11 13:52:19,231", "levelname": "INFO", "name": "AresGlobal.EnhancedTrainingManager", "message": "   step11_confidence_calibration: 10 min (1.5%)", "correlation_id": "-", "session_id": "-", "timestamp": "2025-08-11T11:52:19.231221+00:00"}
{"asctime": "2025-08-11 13:52:19,231", "levelname": "INFO", "name": "AresGlobal.EnhancedTrainingManager", "message": "   step12_final_parameters_optimization: 240 min (36.2%)", "correlation_id": "-", "session_id": "-", "timestamp": "2025-08-11T11:52:19.231283+00:00"}
{"asctime": "2025-08-11 13:52:19,231", "levelname": "INFO", "name": "AresGlobal.EnhancedTrainingManager", "message": "   step13_walk_forward_validation: 60 min (9.0%)", "correlation_id": "-", "session_id": "-", "timestamp": "2025-08-11T11:52:19.231347+00:00"}
{"asctime": "2025-08-11 13:52:19,231", "levelname": "INFO", "name": "AresGlobal.EnhancedTrainingManager", "message": "   step14_monte_carlo_validation: 60 min (9.0%)", "correlation_id": "-", "session_id": "-", "timestamp": "2025-08-11T11:52:19.231537+00:00"}
{"asctime": "2025-08-11 13:52:19,231", "levelname": "INFO", "name": "AresGlobal.EnhancedTrainingManager", "message": "   step15_ab_testing: 30 min (4.5%)", "correlation_id": "-", "session_id": "-", "timestamp": "2025-08-11T11:52:19.231604+00:00"}
{"asctime": "2025-08-11 13:52:19,231", "levelname": "INFO", "name": "AresGlobal.EnhancedTrainingManager", "message": "   step16_saving: 5 min (0.8%)", "correlation_id": "-", "session_id": "-", "timestamp": "2025-08-11T11:52:19.231670+00:00"}
{"asctime": "2025-08-11 13:52:19,231", "levelname": "INFO", "name": "AresGlobal.EnhancedTrainingManager", "message": "ðŸ’¡ Recommendations:", "correlation_id": "-", "session_id": "-", "timestamp": "2025-08-11T11:52:19.231732+00:00"}
{"asctime": "2025-08-11 13:52:19,231", "levelname": "INFO", "name": "AresGlobal.EnhancedTrainingManager", "message": "   âœ… Full training mode should work well on your system", "correlation_id": "-", "session_id": "-", "timestamp": "2025-08-11T11:52:19.231814+00:00"}
{"asctime": "2025-08-11 13:52:19,231", "levelname": "INFO", "name": "AresGlobal.EnhancedTrainingManager", "message": "ðŸš€ Initializing computational optimization components...", "correlation_id": "-", "session_id": "-", "timestamp": "2025-08-11T11:52:19.231897+00:00"}
{"asctime": "2025-08-11 13:52:19,232", "levelname": "INFO", "name": "AresGlobal.ComputationalOptimizationManager", "message": "Computational Optimization Manager initialized", "correlation_id": "-", "session_id": "-", "timestamp": "2025-08-11T11:52:19.232403+00:00"}
{"asctime": "2025-08-11 13:52:19,232", "levelname": "INFO", "name": "AresGlobal.EnhancedTrainingManager", "message": "âœ… Computational optimization components initialized successfully", "correlation_id": "-", "session_id": "-", "timestamp": "2025-08-11T11:52:19.232511+00:00"}
{"asctime": "2025-08-11 13:52:19,232", "levelname": "INFO", "name": "AresGlobal.EnhancedTrainingManager", "message": "âœ… Enhanced Training Manager initialized successfully", "correlation_id": "-", "session_id": "-", "timestamp": "2025-08-11T11:52:19.232594+00:00"}
{"asctime": "2025-08-11 13:52:19,232", "levelname": "INFO", "name": "AresGlobal.StepOrchestrator", "message": "âœ… Enhanced training manager setup successfully", "correlation_id": "-", "session_id": "-", "timestamp": "2025-08-11T11:52:19.232673+00:00"}
{"asctime": "2025-08-11 13:52:19,232", "levelname": "INFO", "name": "AresGlobal.EnhancedTrainingManager", "message": "================================================================================", "correlation_id": "-", "session_id": "-", "timestamp": "2025-08-11T11:52:19.232748+00:00"}
{"asctime": "2025-08-11 13:52:19,232", "levelname": "INFO", "name": "AresGlobal.EnhancedTrainingManager", "message": "ðŸš€ COMPREHENSIVE 16-STEP ENHANCED TRAINING PIPELINE START", "correlation_id": "-", "session_id": "-", "timestamp": "2025-08-11T11:52:19.232817+00:00"}
{"asctime": "2025-08-11 13:52:19,232", "levelname": "INFO", "name": "AresGlobal.EnhancedTrainingManager", "message": "================================================================================", "correlation_id": "-", "session_id": "-", "timestamp": "2025-08-11T11:52:19.232888+00:00"}
{"asctime": "2025-08-11 13:52:19,232", "levelname": "INFO", "name": "AresGlobal.EnhancedTrainingManager", "message": "ðŸ“… Started at: 2025-08-11 13:52:19", "correlation_id": "-", "session_id": "-", "timestamp": "2025-08-11T11:52:19.232965+00:00"}
{"asctime": "2025-08-11 13:52:19,233", "levelname": "INFO", "name": "AresGlobal.EnhancedTrainingManager", "message": "ðŸŽ¯ Symbol: ETHUSDT", "correlation_id": "-", "session_id": "-", "timestamp": "2025-08-11T11:52:19.233039+00:00"}
{"asctime": "2025-08-11 13:52:19,233", "levelname": "INFO", "name": "AresGlobal.EnhancedTrainingManager", "message": "ðŸ¢ Exchange: BINANCE", "correlation_id": "-", "session_id": "-", "timestamp": "2025-08-11T11:52:19.233107+00:00"}
{"asctime": "2025-08-11 13:52:19,233", "levelname": "INFO", "name": "AresGlobal.EnhancedTrainingManager", "message": "ðŸ“Š Training Mode: N/A", "correlation_id": "-", "session_id": "-", "timestamp": "2025-08-11T11:52:19.233174+00:00"}
{"asctime": "2025-08-11 13:52:19,233", "levelname": "INFO", "name": "AresGlobal.EnhancedTrainingManager", "message": "ðŸ“ˆ Lookback Days: 30", "correlation_id": "-", "session_id": "-", "timestamp": "2025-08-11T11:52:19.233240+00:00"}
{"asctime": "2025-08-11 13:52:19,233", "levelname": "INFO", "name": "AresGlobal.EnhancedTrainingManager", "message": "ðŸ”§ Blank Training Mode: False", "correlation_id": "-", "session_id": "-", "timestamp": "2025-08-11T11:52:19.233307+00:00"}
{"asctime": "2025-08-11 13:52:19,233", "levelname": "INFO", "name": "AresGlobal.EnhancedTrainingManager", "message": "ðŸ”§ Max Trials: 200", "correlation_id": "-", "session_id": "-", "timestamp": "2025-08-11T11:52:19.233461+00:00"}
{"asctime": "2025-08-11 13:52:19,233", "levelname": "INFO", "name": "AresGlobal.EnhancedTrainingManager", "message": "ðŸ”§ N Trials: 100", "correlation_id": "-", "session_id": "-", "timestamp": "2025-08-11T11:52:19.233560+00:00"}
{"asctime": "2025-08-11 13:52:19,233", "levelname": "INFO", "name": "AresGlobal.EnhancedTrainingManager", "message": "ðŸš€ Initializing optimized tools...", "correlation_id": "-", "session_id": "-", "timestamp": "2025-08-11T11:52:19.233652+00:00"}
{"asctime": "2025-08-11 13:52:19,234", "levelname": "INFO", "name": "AresGlobal.EnhancedTrainingManagerOptimized", "message": "ðŸš€ Initializing Enhanced Training Manager with Optimizations...", "correlation_id": "-", "session_id": "-", "timestamp": "2025-08-11T11:52:19.234138+00:00"}
{"asctime": "2025-08-11 13:52:19,245", "levelname": "INFO", "name": "AresGlobal.EnhancedTrainingManagerOptimized", "message": "âœ… Parallel backtester initialized with 8 workers", "correlation_id": "-", "session_id": "-", "timestamp": "2025-08-11T11:52:19.245664+00:00"}
{"asctime": "2025-08-11 13:52:19,246", "levelname": "INFO", "name": "AresGlobal.EnhancedTrainingManagerOptimized", "message": "âœ… All optimization components initialized successfully", "correlation_id": "-", "session_id": "-", "timestamp": "2025-08-11T11:52:19.246979+00:00"}
{"asctime": "2025-08-11 13:52:19,247", "levelname": "INFO", "name": "AresGlobal.EnhancedTrainingManager", "message": "   âœ… Optimized training manager initialized", "correlation_id": "-", "session_id": "-", "timestamp": "2025-08-11T11:52:19.247747+00:00"}
{"asctime": "2025-08-11 13:52:19,248", "levelname": "INFO", "name": "AresGlobal.EnhancedTrainingManager", "message": "   âœ… Streaming processor initialized", "correlation_id": "-", "session_id": "-", "timestamp": "2025-08-11T11:52:19.248025+00:00"}
{"asctime": "2025-08-11 13:52:19,248", "levelname": "INFO", "name": "AresGlobal.EnhancedTrainingManager", "message": "   âœ… Parallel backtester initialized with 8 workers", "correlation_id": "-", "session_id": "-", "timestamp": "2025-08-11T11:52:19.248494+00:00"}
{"asctime": "2025-08-11 13:52:19,248", "levelname": "INFO", "name": "AresGlobal.EnhancedTrainingManager", "message": "   âœ… Adaptive sampler initialized", "correlation_id": "-", "session_id": "-", "timestamp": "2025-08-11T11:52:19.248755+00:00"}
{"asctime": "2025-08-11 13:52:19,248", "levelname": "INFO", "name": "AresGlobal.EnhancedTrainingManager", "message": "   âœ… Incremental trainer initialized", "correlation_id": "-", "session_id": "-", "timestamp": "2025-08-11T11:52:19.248928+00:00"}
{"asctime": "2025-08-11 13:52:19,249", "levelname": "INFO", "name": "AresGlobal.EnhancedTrainingManager", "message": "âœ… All optimized tools initialized successfully", "correlation_id": "-", "session_id": "-", "timestamp": "2025-08-11T11:52:19.249022+00:00"}
{"asctime": "2025-08-11 13:52:19,250", "levelname": "INFO", "name": "AresGlobal.EnhancedTrainingManager", "message": "ðŸ“‚ Checkpoint loaded: step2_market_regime_classification from checkpoints/BINANCE/ETHUSDT/1m/training_progress.json", "correlation_id": "-", "session_id": "-", "timestamp": "2025-08-11T11:52:19.250241+00:00"}
{"asctime": "2025-08-11 13:52:19,250", "levelname": "INFO", "name": "AresGlobal.EnhancedTrainingManager", "message": "ðŸ”„ Resuming from checkpoint...", "correlation_id": "-", "session_id": "-", "timestamp": "2025-08-11T11:52:19.250426+00:00"}
{"asctime": "2025-08-11 13:52:19,250", "levelname": "INFO", "name": "AresGlobal.EnhancedTrainingManager", "message": "ðŸ“‚ Last completed step: step2_market_regime_classification", "correlation_id": "-", "session_id": "-", "timestamp": "2025-08-11T11:52:19.250521+00:00"}
{"asctime": "2025-08-11 13:52:19,250", "levelname": "INFO", "name": "AresGlobal.EnhancedTrainingManager", "message": "====================================================================================================", "correlation_id": "-", "session_id": "-", "timestamp": "2025-08-11T11:52:19.250653+00:00"}
{"asctime": "2025-08-11 13:52:19,250", "levelname": "INFO", "name": "AresGlobal.EnhancedTrainingManager", "message": "ðŸš€ COMPREHENSIVE TRAINING PIPELINE START", "correlation_id": "-", "session_id": "-", "timestamp": "2025-08-11T11:52:19.250796+00:00"}
{"asctime": "2025-08-11 13:52:19,250", "levelname": "INFO", "name": "AresGlobal.EnhancedTrainingManager", "message": "====================================================================================================", "correlation_id": "-", "session_id": "-", "timestamp": "2025-08-11T11:52:19.250873+00:00"}
{"asctime": "2025-08-11 13:52:19,250", "levelname": "INFO", "name": "AresGlobal.EnhancedTrainingManager", "message": "ðŸ“… Started at: 2025-08-11 13:52:19", "correlation_id": "-", "session_id": "-", "timestamp": "2025-08-11T11:52:19.250962+00:00"}
{"asctime": "2025-08-11 13:52:19,251", "levelname": "INFO", "name": "AresGlobal.EnhancedTrainingManager", "message": "ðŸŽ¯ Symbol: ETHUSDT", "correlation_id": "-", "session_id": "-", "timestamp": "2025-08-11T11:52:19.251090+00:00"}
{"asctime": "2025-08-11 13:52:19,251", "levelname": "INFO", "name": "AresGlobal.EnhancedTrainingManager", "message": "ðŸ¢ Exchange: BINANCE", "correlation_id": "-", "session_id": "-", "timestamp": "2025-08-11T11:52:19.251319+00:00"}
{"asctime": "2025-08-11 13:52:19,251", "levelname": "INFO", "name": "AresGlobal.EnhancedTrainingManager", "message": "ðŸ“Š Timeframe: 1m", "correlation_id": "-", "session_id": "-", "timestamp": "2025-08-11T11:52:19.251478+00:00"}
{"asctime": "2025-08-11 13:52:19,251", "levelname": "INFO", "name": "AresGlobal.EnhancedTrainingManager", "message": "ðŸ§  Training Mode: Full", "correlation_id": "-", "session_id": "-", "timestamp": "2025-08-11T11:52:19.251550+00:00"}
{"asctime": "2025-08-11 13:52:19,251", "levelname": "INFO", "name": "AresGlobal.EnhancedTrainingManager", "message": "ðŸ”§ Max Trials: 200", "correlation_id": "-", "session_id": "-", "timestamp": "2025-08-11T11:52:19.251648+00:00"}
{"asctime": "2025-08-11 13:52:19,251", "levelname": "INFO", "name": "AresGlobal.EnhancedTrainingManager", "message": "ðŸ“ˆ Lookback Days: 30", "correlation_id": "-", "session_id": "-", "timestamp": "2025-08-11T11:52:19.251730+00:00"}
{"asctime": "2025-08-11 13:52:19,251", "levelname": "INFO", "name": "AresGlobal.EnhancedTrainingManager", "message": "ðŸ’¾ Memory Optimization: Enabled", "correlation_id": "-", "session_id": "-", "timestamp": "2025-08-11T11:52:19.251801+00:00"}
{"asctime": "2025-08-11 13:52:19,251", "levelname": "INFO", "name": "AresGlobal.EnhancedTrainingManager", "message": "ðŸš€ Starting from step: step4_analyst_labeling_feature_engineering", "correlation_id": "-", "session_id": "-", "timestamp": "2025-08-11T11:52:19.251870+00:00"}
{"asctime": "2025-08-11 13:52:19,251", "levelname": "INFO", "name": "AresGlobal.EnhancedTrainingManager", "message": "====================================================================================================", "correlation_id": "-", "session_id": "-", "timestamp": "2025-08-11T11:52:19.251948+00:00"}
{"asctime": "2025-08-11 13:52:19,252", "levelname": "INFO", "name": "AresGlobal.EnhancedTrainingManager", "message": "â­ï¸  Skipping Step 1: Data Collection (using pre-consolidated data)", "correlation_id": "-", "session_id": "-", "timestamp": "2025-08-11T11:52:19.252563+00:00"}
{"asctime": "2025-08-11 13:52:19,252", "levelname": "INFO", "name": "AresGlobal.EnhancedTrainingManager", "message": "ðŸŽ­ STEP 2: Market Regime Classification...", "correlation_id": "-", "session_id": "-", "timestamp": "2025-08-11T11:52:19.252817+00:00"}
{"asctime": "2025-08-11 13:52:19,253", "levelname": "INFO", "name": "AresGlobal.EnhancedTrainingManager", "message": "   ðŸ§  Analyzing market regimes and volatility patterns...", "correlation_id": "-", "session_id": "-", "timestamp": "2025-08-11T11:52:19.253085+00:00"}
{"asctime": "2025-08-11 13:52:24,678", "levelname": "INFO", "name": "AresGlobal.EnhancedTrainingManager", "message": "ðŸ” Running validator for step2_market_regime_classification", "correlation_id": "-", "session_id": "-", "timestamp": "2025-08-11T11:52:24.678893+00:00"}
{"asctime": "2025-08-11 13:52:24,679", "levelname": "INFO", "name": "AresGlobal.ValidatorOrchestrator", "message": "ðŸ” Running validator for step2_market_regime_classification", "correlation_id": "-", "session_id": "-", "timestamp": "2025-08-11T11:52:24.679307+00:00"}
{"asctime": "2025-08-11 13:52:24,680", "levelname": "INFO", "name": "AresGlobal.Step2MarketRegimeClassificationValidator", "message": "ðŸ” Validating market regime classification step...", "correlation_id": "-", "session_id": "-", "timestamp": "2025-08-11T11:52:24.680679+00:00"}
{"asctime": "2025-08-11 13:52:24,681", "levelname": "INFO", "name": "AresGlobal.Step2MarketRegimeClassificationValidator", "message": "ðŸ”§ read_parquet start path=data/training/BINANCE_ETHUSDT_regime_classification.parquet columns=regime_columns", "correlation_id": "-", "session_id": "-", "timestamp": "2025-08-11T11:52:24.681586+00:00"}
{"asctime": "2025-08-11 13:52:24,685", "levelname": "INFO", "name": "AresGlobal.Step2MarketRegimeClassificationValidator", "message": "âœ… read_parquet ok path=data/training/BINANCE_ETHUSDT_regime_classification.parquet elapsed=0.004s size=14.6KB", "correlation_id": "-", "session_id": "-", "timestamp": "2025-08-11T11:52:24.685834+00:00"}
{"asctime": "2025-08-11 13:52:24,686", "levelname": "WARNING", "name": "AresGlobal.Step2MarketRegimeClassificationValidator", "message": "âš ï¸ Some regimes have very low frequency: 0.022 (min allowed: 0.030) - continuing with caution", "correlation_id": "-", "session_id": "-", "timestamp": "2025-08-11T11:52:24.686945+00:00"}
{"asctime": "2025-08-11 13:52:24,687", "levelname": "WARNING", "name": "AresGlobal.Step2MarketRegimeClassificationValidator", "message": "âš ï¸ Regime distribution validation failed - continuing with caution", "correlation_id": "-", "session_id": "-", "timestamp": "2025-08-11T11:52:24.687135+00:00"}
{"asctime": "2025-08-11 13:52:24,687", "levelname": "INFO", "name": "AresGlobal.Step2MarketRegimeClassificationValidator", "message": "âœ… Regime transitions validation passed: 6 transition types", "correlation_id": "-", "session_id": "-", "timestamp": "2025-08-11T11:52:24.687497+00:00"}
{"asctime": "2025-08-11 13:52:24,687", "levelname": "INFO", "name": "AresGlobal.Step2MarketRegimeClassificationValidator", "message": "âœ… Market regime classification validation passed (critical checks only)", "correlation_id": "-", "session_id": "-", "timestamp": "2025-08-11T11:52:24.687707+00:00"}
{"asctime": "2025-08-11 13:52:24,687", "levelname": "INFO", "name": "AresGlobal.ValidatorOrchestrator", "message": "âœ… Validator for step2_market_regime_classification completed: True", "correlation_id": "-", "session_id": "-", "timestamp": "2025-08-11T11:52:24.687852+00:00"}
{"asctime": "2025-08-11 13:52:24,688", "levelname": "INFO", "name": "AresGlobal.EnhancedTrainingManager", "message": "âœ… step2_market_regime_classification validation passed", "correlation_id": "-", "session_id": "-", "timestamp": "2025-08-11T11:52:24.688056+00:00"}
{"asctime": "2025-08-11 13:52:24,793", "levelname": "INFO", "name": "AresGlobal.EnhancedTrainingManager", "message": "âœ… Step 2: Market Regime Classification: completed successfully in 5.44s", "correlation_id": "-", "session_id": "-", "timestamp": "2025-08-11T11:52:24.793482+00:00"}
{"asctime": "2025-08-11 13:52:24,793", "levelname": "INFO", "name": "AresGlobal.EnhancedTrainingManager", "message": "ðŸ’¾ Process Memory: 396.7 MB | CPU: 0.0%", "correlation_id": "-", "session_id": "-", "timestamp": "2025-08-11T11:52:24.793770+00:00"}
{"asctime": "2025-08-11 13:52:24,793", "levelname": "INFO", "name": "AresGlobal.EnhancedTrainingManager", "message": "ðŸ–¥ï¸ System Memory: 71.5% | Available: 4.6 GB", "correlation_id": "-", "session_id": "-", "timestamp": "2025-08-11T11:52:24.793884+00:00"}
{"asctime": "2025-08-11 13:52:24,793", "levelname": "INFO", "name": "AresGlobal.EnhancedTrainingManager", "message": "ðŸ“Š Progress: 6.2% (1/16)", "correlation_id": "-", "session_id": "-", "timestamp": "2025-08-11T11:52:24.793976+00:00"}
{"asctime": "2025-08-11 13:52:24,794", "levelname": "INFO", "name": "AresGlobal.EnhancedTrainingManager", "message": "ðŸ’¾ Checkpoint saved: step2_market_regime_classification -> checkpoints/BINANCE/ETHUSDT/1m/training_progress.json", "correlation_id": "-", "session_id": "-", "timestamp": "2025-08-11T11:52:24.794742+00:00"}
{"asctime": "2025-08-11 13:52:24,794", "levelname": "INFO", "name": "AresGlobal.EnhancedTrainingManager", "message": "ðŸ“Š STEP 3: Regime Data Splitting...", "correlation_id": "-", "session_id": "-", "timestamp": "2025-08-11T11:52:24.794870+00:00"}
{"asctime": "2025-08-11 13:52:24,794", "levelname": "INFO", "name": "AresGlobal.EnhancedTrainingManager", "message": "   ðŸ“ˆ Splitting data by market regimes for specialized training...", "correlation_id": "-", "session_id": "-", "timestamp": "2025-08-11T11:52:24.794952+00:00"}
{"asctime": "2025-08-11 13:53:08,888", "levelname": "INFO", "name": "AresGlobal.EnhancedTrainingManager", "message": "ðŸ” Running validator for step3_regime_data_splitting", "correlation_id": "-", "session_id": "-", "timestamp": "2025-08-11T11:53:08.888377+00:00"}
{"asctime": "2025-08-11 13:53:08,889", "levelname": "INFO", "name": "AresGlobal.ValidatorOrchestrator", "message": "ðŸ” Running validator for step3_regime_data_splitting", "correlation_id": "-", "session_id": "-", "timestamp": "2025-08-11T11:53:08.889188+00:00"}
{"asctime": "2025-08-11 13:53:08,890", "levelname": "INFO", "name": "AresGlobal.Step3RegimeDataSplittingValidator", "message": "ðŸ”§ BLANK MODE: Using very lenient validation parameters", "correlation_id": "-", "session_id": "-", "timestamp": "2025-08-11T11:53:08.890197+00:00"}
{"asctime": "2025-08-11 13:53:08,890", "levelname": "INFO", "name": "AresGlobal.Step3RegimeDataSplittingValidator", "message": "ðŸ” Validating regime data splitting step...", "correlation_id": "-", "session_id": "-", "timestamp": "2025-08-11T11:53:08.890520+00:00"}
{"asctime": "2025-08-11 13:53:08,890", "levelname": "INFO", "name": "AresGlobal.Step3RegimeDataSplittingValidator", "message": "âœ… All split data files exist", "correlation_id": "-", "session_id": "-", "timestamp": "2025-08-11T11:53:08.890842+00:00"}
{"asctime": "2025-08-11 13:53:08,891", "levelname": "INFO", "name": "AresGlobal.Step3RegimeDataSplittingValidator", "message": "ðŸ”§ read_parquet start path=data/training/BINANCE_ETHUSDT_train_data.parquet columns=regime_columns", "correlation_id": "-", "session_id": "-", "timestamp": "2025-08-11T11:53:08.891471+00:00"}
{"asctime": "2025-08-11 13:53:08,900", "levelname": "INFO", "name": "AresGlobal.Step3RegimeDataSplittingValidator", "message": "âœ… read_parquet ok path=data/training/BINANCE_ETHUSDT_train_data.parquet elapsed=0.009s size=11.3MB", "correlation_id": "-", "session_id": "-", "timestamp": "2025-08-11T11:53:08.900519+00:00"}
{"asctime": "2025-08-11 13:53:08,938", "levelname": "INFO", "name": "AresGlobal.Step3RegimeDataSplittingValidator", "message": "ðŸ§® train_data: rows=179589 cols=3 memory=12.50MB dtypes={'datetime64[ns]': 1, 'object': 1, 'float64': 1}", "correlation_id": "-", "session_id": "-", "timestamp": "2025-08-11T11:53:08.938543+00:00"}
{"asctime": "2025-08-11 13:53:08,950", "levelname": "INFO", "name": "AresGlobal.Step3RegimeDataSplittingValidator", "message": "ðŸ§ª train_data nulls (first 10 cols): {'timestamp': 0, 'regime': 0, 'confidence': 0}", "correlation_id": "-", "session_id": "-", "timestamp": "2025-08-11T11:53:08.950333+00:00"}
{"asctime": "2025-08-11 13:53:09,016", "levelname": "WARNING", "name": "AresGlobal.Step3RegimeDataSplittingValidator", "message": "âš ï¸ train split missing columns: ['open', 'high', 'low', 'close', 'volume'] - continuing with caution in BLANK mode", "correlation_id": "-", "session_id": "-", "timestamp": "2025-08-11T11:53:09.016596+00:00"}
{"asctime": "2025-08-11 13:53:09,017", "levelname": "INFO", "name": "AresGlobal.Step3RegimeDataSplittingValidator", "message": "ðŸ”§ read_parquet start path=data/training/BINANCE_ETHUSDT_validation_data.parquet columns=regime_columns", "correlation_id": "-", "session_id": "-", "timestamp": "2025-08-11T11:53:09.017292+00:00"}
{"asctime": "2025-08-11 13:53:09,023", "levelname": "INFO", "name": "AresGlobal.Step3RegimeDataSplittingValidator", "message": "âœ… read_parquet ok path=data/training/BINANCE_ETHUSDT_validation_data.parquet elapsed=0.006s size=2.6MB", "correlation_id": "-", "session_id": "-", "timestamp": "2025-08-11T11:53:09.023062+00:00"}
{"asctime": "2025-08-11 13:53:09,031", "levelname": "INFO", "name": "AresGlobal.Step3RegimeDataSplittingValidator", "message": "ðŸ§® validation_data: rows=38484 cols=3 memory=2.68MB dtypes={'datetime64[ns]': 1, 'object': 1, 'float64': 1}", "correlation_id": "-", "session_id": "-", "timestamp": "2025-08-11T11:53:09.031661+00:00"}
{"asctime": "2025-08-11 13:53:09,037", "levelname": "INFO", "name": "AresGlobal.Step3RegimeDataSplittingValidator", "message": "ðŸ§ª validation_data nulls (first 10 cols): {'timestamp': 0, 'regime': 0, 'confidence': 0}", "correlation_id": "-", "session_id": "-", "timestamp": "2025-08-11T11:53:09.037699+00:00"}
{"asctime": "2025-08-11 13:53:09,055", "levelname": "WARNING", "name": "AresGlobal.Step3RegimeDataSplittingValidator", "message": "âš ï¸ validation split missing columns: ['open', 'high', 'low', 'close', 'volume'] - continuing with caution in BLANK mode", "correlation_id": "-", "session_id": "-", "timestamp": "2025-08-11T11:53:09.055083+00:00"}
{"asctime": "2025-08-11 13:53:09,055", "levelname": "INFO", "name": "AresGlobal.Step3RegimeDataSplittingValidator", "message": "ðŸ”§ read_parquet start path=data/training/BINANCE_ETHUSDT_test_data.parquet columns=regime_columns", "correlation_id": "-", "session_id": "-", "timestamp": "2025-08-11T11:53:09.055676+00:00"}
{"asctime": "2025-08-11 13:53:09,060", "levelname": "INFO", "name": "AresGlobal.Step3RegimeDataSplittingValidator", "message": "âœ… read_parquet ok path=data/training/BINANCE_ETHUSDT_test_data.parquet elapsed=0.005s size=2.2MB", "correlation_id": "-", "session_id": "-", "timestamp": "2025-08-11T11:53:09.060547+00:00"}
{"asctime": "2025-08-11 13:53:09,070", "levelname": "INFO", "name": "AresGlobal.Step3RegimeDataSplittingValidator", "message": "ðŸ§® test_data: rows=38484 cols=3 memory=2.68MB dtypes={'datetime64[ns]': 1, 'object': 1, 'float64': 1}", "correlation_id": "-", "session_id": "-", "timestamp": "2025-08-11T11:53:09.070334+00:00"}
{"asctime": "2025-08-11 13:53:09,074", "levelname": "INFO", "name": "AresGlobal.Step3RegimeDataSplittingValidator", "message": "ðŸ§ª test_data nulls (first 10 cols): {'timestamp': 0, 'regime': 0, 'confidence': 0}", "correlation_id": "-", "session_id": "-", "timestamp": "2025-08-11T11:53:09.074082+00:00"}
{"asctime": "2025-08-11 13:53:09,092", "levelname": "WARNING", "name": "AresGlobal.Step3RegimeDataSplittingValidator", "message": "âš ï¸ test split missing columns: ['open', 'high', 'low', 'close', 'volume'] - continuing with caution in BLANK mode", "correlation_id": "-", "session_id": "-", "timestamp": "2025-08-11T11:53:09.092325+00:00"}
{"asctime": "2025-08-11 13:53:09,092", "levelname": "INFO", "name": "AresGlobal.Step3RegimeDataSplittingValidator", "message": "âœ… All split data quality validation passed", "correlation_id": "-", "session_id": "-", "timestamp": "2025-08-11T11:53:09.092605+00:00"}
{"asctime": "2025-08-11 13:53:09,095", "levelname": "INFO", "name": "AresGlobal.Step3RegimeDataSplittingValidator", "message": "âœ… train proportion 0.799 within expected range (0.500-0.850)", "correlation_id": "-", "session_id": "-", "timestamp": "2025-08-11T11:53:09.095520+00:00"}
{"asctime": "2025-08-11 13:53:09,095", "levelname": "INFO", "name": "AresGlobal.Step3RegimeDataSplittingValidator", "message": "âœ… validation proportion 0.100 within expected range (0.050-0.250)", "correlation_id": "-", "session_id": "-", "timestamp": "2025-08-11T11:53:09.095727+00:00"}
{"asctime": "2025-08-11 13:53:09,095", "levelname": "INFO", "name": "AresGlobal.Step3RegimeDataSplittingValidator", "message": "âœ… test proportion 0.101 within expected range (0.050-0.250)", "correlation_id": "-", "session_id": "-", "timestamp": "2025-08-11T11:53:09.095831+00:00"}
{"asctime": "2025-08-11 13:53:09,095", "levelname": "INFO", "name": "AresGlobal.Step3RegimeDataSplittingValidator", "message": "âœ… Split proportions validation passed: {'train': 0.7991587802313355, 'validation': 0.09989484752891693, 'test': 0.10094637223974763}", "correlation_id": "-", "session_id": "-", "timestamp": "2025-08-11T11:53:09.095939+00:00"}
{"asctime": "2025-08-11 13:53:09,097", "levelname": "INFO", "name": "AresGlobal.Step3RegimeDataSplittingValidator", "message": "âœ… Split consistency validation passed", "correlation_id": "-", "session_id": "-", "timestamp": "2025-08-11T11:53:09.097363+00:00"}
{"asctime": "2025-08-11 13:53:09,097", "levelname": "INFO", "name": "AresGlobal.Step3RegimeDataSplittingValidator", "message": "âœ… Regime data splitting validation passed (critical checks only)", "correlation_id": "-", "session_id": "-", "timestamp": "2025-08-11T11:53:09.097865+00:00"}
{"asctime": "2025-08-11 13:53:09,098", "levelname": "INFO", "name": "AresGlobal.ValidatorOrchestrator", "message": "âœ… Validator for step3_regime_data_splitting completed: True", "correlation_id": "-", "session_id": "-", "timestamp": "2025-08-11T11:53:09.098024+00:00"}
{"asctime": "2025-08-11 13:53:09,098", "levelname": "INFO", "name": "AresGlobal.EnhancedTrainingManager", "message": "âœ… step3_regime_data_splitting validation passed", "correlation_id": "-", "session_id": "-", "timestamp": "2025-08-11T11:53:09.098294+00:00"}
{"asctime": "2025-08-11 13:53:09,203", "levelname": "INFO", "name": "AresGlobal.EnhancedTrainingManager", "message": "âœ… Step 3: Regime Data Splitting: completed successfully in 44.30s", "correlation_id": "-", "session_id": "-", "timestamp": "2025-08-11T11:53:09.203919+00:00"}
{"asctime": "2025-08-11 13:53:09,204", "levelname": "INFO", "name": "AresGlobal.EnhancedTrainingManager", "message": "ðŸ’¾ Process Memory: 891.9 MB | CPU: 0.1%", "correlation_id": "-", "session_id": "-", "timestamp": "2025-08-11T11:53:09.204468+00:00"}
{"asctime": "2025-08-11 13:53:09,204", "levelname": "INFO", "name": "AresGlobal.EnhancedTrainingManager", "message": "ðŸ–¥ï¸ System Memory: 74.1% | Available: 4.1 GB", "correlation_id": "-", "session_id": "-", "timestamp": "2025-08-11T11:53:09.204792+00:00"}
{"asctime": "2025-08-11 13:53:09,205", "levelname": "INFO", "name": "AresGlobal.EnhancedTrainingManager", "message": "ðŸ“Š Progress: 12.5% (2/16)", "correlation_id": "-", "session_id": "-", "timestamp": "2025-08-11T11:53:09.205024+00:00"}
{"asctime": "2025-08-11 13:53:09,205", "levelname": "INFO", "name": "AresGlobal.EnhancedTrainingManager", "message": "ðŸ’¾ Checkpoint saved: step3_regime_data_splitting -> checkpoints/BINANCE/ETHUSDT/1m/training_progress.json", "correlation_id": "-", "session_id": "-", "timestamp": "2025-08-11T11:53:09.205986+00:00"}
{"asctime": "2025-08-11 13:53:09,206", "levelname": "INFO", "name": "AresGlobal.EnhancedTrainingManager", "message": "ðŸ§  STEP 4: Analyst Labeling & Feature Engineering...", "correlation_id": "-", "session_id": "-", "timestamp": "2025-08-11T11:53:09.206194+00:00"}
{"asctime": "2025-08-11 13:53:09,264", "levelname": "INFO", "name": "AresGlobal.OptimizedTripleBarrierLabeling", "message": "ðŸ”– Triple barrier labeling configured for binary classification (BUY/SELL only)", "correlation_id": "-", "session_id": "-", "timestamp": "2025-08-11T11:53:09.264466+00:00"}
{"asctime": "2025-08-11 13:53:09,264", "levelname": "INFO", "name": "AresGlobal.OptimizedTripleBarrierLabeling", "message": "   â†’ HOLD samples will be automatically filtered out", "correlation_id": "-", "session_id": "-", "timestamp": "2025-08-11T11:53:09.264702+00:00"}
{"asctime": "2025-08-11 13:53:09,264", "levelname": "INFO", "name": "AresGlobal.OptimizedTripleBarrierLabeling", "message": "   â†’ This addresses label imbalance issues", "correlation_id": "-", "session_id": "-", "timestamp": "2025-08-11T11:53:09.264809+00:00"}
{"asctime": "2025-08-11 13:56:06,907", "levelname": "INFO", "name": "AresGlobal.OptimizedTripleBarrierLabeling", "message": "Applying triple barrier labeling | cols=['timestamp', 'open', 'high', 'low', 'close', 'volume', 'year', 'month', 'day', 'exchange', 'symbol', 'timeframe', 'trade_volume', 'trade_count', 'avg_price', 'min_price', 'max_price', 'volume_ratio', 'funding_rate', 'close_returns', 'open_returns', 'high_returns', 'low_returns', 'close_log', 'open_log', 'high_log', 'low_log', 'close_detrended'] shape=(256556, 28)", "correlation_id": "-", "session_id": "-", "timestamp": "2025-08-11T11:56:06.907273+00:00"}
{"asctime": "2025-08-11 13:56:07,961", "levelname": "INFO", "name": "AresGlobal.OptimizedTripleBarrierLabeling", "message": "ðŸ“Š Label distribution after filtering:", "correlation_id": "-", "session_id": "-", "timestamp": "2025-08-11T11:56:07.961991+00:00"}
{"asctime": "2025-08-11 13:56:07,963", "levelname": "INFO", "name": "AresGlobal.OptimizedTripleBarrierLabeling", "message": "   BUY (1): 89550 samples", "correlation_id": "-", "session_id": "-", "timestamp": "2025-08-11T11:56:07.963243+00:00"}
{"asctime": "2025-08-11 13:56:07,963", "levelname": "INFO", "name": "AresGlobal.OptimizedTripleBarrierLabeling", "message": "   SELL (-1): 166906 samples", "correlation_id": "-", "session_id": "-", "timestamp": "2025-08-11T11:56:07.963732+00:00"}
{"asctime": "2025-08-11 13:56:07,963", "levelname": "INFO", "name": "AresGlobal.OptimizedTripleBarrierLabeling", "message": "   HOLD (0): 100 samples (removed)", "correlation_id": "-", "session_id": "-", "timestamp": "2025-08-11T11:56:07.963839+00:00"}
{"asctime": "2025-08-11 13:56:07,963", "levelname": "INFO", "name": "AresGlobal.OptimizedTripleBarrierLabeling", "message": "   Total samples: 256456 (from 256556)", "correlation_id": "-", "session_id": "-", "timestamp": "2025-08-11T11:56:07.963927+00:00"}
{"asctime": "2025-08-11 13:56:07,964", "levelname": "INFO", "name": "AresGlobal.OptimizedTripleBarrierLabeling", "message": "   Filtering ratio: 0.0% HOLD samples removed", "correlation_id": "-", "session_id": "-", "timestamp": "2025-08-11T11:56:07.964017+00:00"}
{"asctime": "2025-08-11 13:56:07,973", "levelname": "INFO", "name": "AresGlobal.OptimizedTripleBarrierLabeling", "message": "", "correlation_id": "-", "session_id": "-", "msg": "Triple-barrier labeling diagnostics", "distribution": {"-1": "166906", "1": "89550"}, "long_nextbar_agree": 0.7657, "short_nextbar_agree": 0.6375, "overall_nextbar_agree": 0.6822, "timestamp": "2025-08-11T11:56:07.973077+00:00"}
{"asctime": "2025-08-11 13:56:59,641", "levelname": "INFO", "name": "AresGlobal.MemoryEfficientDataManager", "message": "Optimized DataFrame memory usage", "correlation_id": "-", "session_id": "-", "timestamp": "2025-08-11T11:56:59.641361+00:00"}
{"asctime": "2025-08-11 13:56:59,671", "levelname": "INFO", "name": "AresGlobal.MemoryEfficientDataManager", "message": "Optimized DataFrame memory usage", "correlation_id": "-", "session_id": "-", "timestamp": "2025-08-11T11:56:59.671200+00:00"}
{"asctime": "2025-08-11 13:56:59,694", "levelname": "INFO", "name": "AresGlobal.MemoryEfficientDataManager", "message": "Optimized DataFrame memory usage", "correlation_id": "-", "session_id": "-", "timestamp": "2025-08-11T11:56:59.694616+00:00"}
{"asctime": "2025-08-11 13:57:00,201", "levelname": "INFO", "name": "AresGlobal.MemoryEfficientDataManager", "message": "Optimized DataFrame memory usage", "correlation_id": "-", "session_id": "-", "timestamp": "2025-08-11T11:57:00.201486+00:00"}
{"asctime": "2025-08-11 13:57:00,226", "levelname": "INFO", "name": "AresGlobal.MemoryEfficientDataManager", "message": "Optimized DataFrame memory usage", "correlation_id": "-", "session_id": "-", "timestamp": "2025-08-11T11:57:00.226673+00:00"}
{"asctime": "2025-08-11 13:57:00,254", "levelname": "INFO", "name": "AresGlobal.MemoryEfficientDataManager", "message": "Optimized DataFrame memory usage", "correlation_id": "-", "session_id": "-", "timestamp": "2025-08-11T11:57:00.254495+00:00"}
{"asctime": "2025-08-11 13:57:00,473", "levelname": "INFO", "name": "AresGlobal.MemoryEfficientDataManager", "message": "Optimized DataFrame memory usage", "correlation_id": "-", "session_id": "-", "timestamp": "2025-08-11T11:57:00.473389+00:00"}
{"asctime": "2025-08-11 13:57:00,499", "levelname": "INFO", "name": "AresGlobal.MemoryEfficientDataManager", "message": "Optimized DataFrame memory usage", "correlation_id": "-", "session_id": "-", "timestamp": "2025-08-11T11:57:00.499515+00:00"}
{"asctime": "2025-08-11 13:57:00,521", "levelname": "INFO", "name": "AresGlobal.MemoryEfficientDataManager", "message": "Optimized DataFrame memory usage", "correlation_id": "-", "session_id": "-", "timestamp": "2025-08-11T11:57:00.521202+00:00"}
{"asctime": "2025-08-11 13:57:00,959", "levelname": "INFO", "name": "AresGlobal.MemoryEfficientDataManager", "message": "Optimized DataFrame memory usage", "correlation_id": "-", "session_id": "-", "timestamp": "2025-08-11T11:57:00.959055+00:00"}
{"asctime": "2025-08-11 13:57:00,985", "levelname": "INFO", "name": "AresGlobal.MemoryEfficientDataManager", "message": "Optimized DataFrame memory usage", "correlation_id": "-", "session_id": "-", "timestamp": "2025-08-11T11:57:00.985085+00:00"}
{"asctime": "2025-08-11 13:57:01,013", "levelname": "INFO", "name": "AresGlobal.MemoryEfficientDataManager", "message": "Optimized DataFrame memory usage", "correlation_id": "-", "session_id": "-", "timestamp": "2025-08-11T11:57:01.013399+00:00"}
{"asctime": "2025-08-11 13:57:01,789", "levelname": "INFO", "name": "AresGlobal.EnhancedTrainingManager", "message": "ðŸ’¾ Checkpoint saved: step4_analyst_labeling_feature_engineering -> checkpoints/BINANCE/ETHUSDT/1m/training_progress.json", "correlation_id": "-", "session_id": "-", "timestamp": "2025-08-11T11:57:01.789939+00:00"}
{"asctime": "2025-08-11 13:57:01,921", "levelname": "INFO", "name": "AresGlobal.EnhancedTrainingManager", "message": "ðŸ§¹ Memory optimization: 1231.5 MB before cleanup", "correlation_id": "-", "session_id": "-", "timestamp": "2025-08-11T11:57:01.921244+00:00"}
{"asctime": "2025-08-11 13:57:02,049", "levelname": "INFO", "name": "AresGlobal.EnhancedTrainingManager", "message": "ðŸ§¹ Memory optimization: 1231.5 MB after cleanup (saved 0.0 MB)", "correlation_id": "-", "session_id": "-", "timestamp": "2025-08-11T11:57:02.049861+00:00"}
{"asctime": "2025-08-11 13:57:02,050", "levelname": "INFO", "name": "AresGlobal.EnhancedTrainingManager", "message": "ðŸ” Running validator for step4_analyst_labeling_feature_engineering", "correlation_id": "-", "session_id": "-", "timestamp": "2025-08-11T11:57:02.050163+00:00"}
{"asctime": "2025-08-11 13:57:02,050", "levelname": "INFO", "name": "AresGlobal.ValidatorOrchestrator", "message": "ðŸ” Running validator for step4_analyst_labeling_feature_engineering", "correlation_id": "-", "session_id": "-", "timestamp": "2025-08-11T11:57:02.050298+00:00"}
{"asctime": "2025-08-11 13:57:02,052", "levelname": "INFO", "name": "AresGlobal.Step4AnalystLabelingFeatureEngineeringValidator", "message": "ðŸ” Validating analyst labeling and feature engineering step...", "correlation_id": "-", "session_id": "-", "timestamp": "2025-08-11T11:57:02.052012+00:00"}
{"asctime": "2025-08-11 13:57:02,605", "levelname": "INFO", "name": "AresGlobal.Step4AnalystLabelingFeatureEngineeringValidator", "message": "âœ… Feature engineering outputs validation passed", "correlation_id": "-", "session_id": "-", "timestamp": "2025-08-11T11:57:02.605676+00:00"}
{"asctime": "2025-08-11 13:57:02,634", "levelname": "WARNING", "name": "AresGlobal.Step4AnalystLabelingFeatureEngineeringValidator", "message": "âš ï¸ Missing OHLCV columns in data/training/BINANCE_ETHUSDT_labeled_train.pkl: ['open', 'high', 'low', 'close', 'volume'] - this may affect labeling quality", "correlation_id": "-", "session_id": "-", "timestamp": "2025-08-11T11:57:02.634918+00:00"}
{"asctime": "2025-08-11 13:57:02,635", "levelname": "WARNING", "name": "AresGlobal.Step4AnalystLabelingFeatureEngineeringValidator", "message": "Triple barrier labeling requires proper OHLCV data for accurate labels", "correlation_id": "-", "session_id": "-", "timestamp": "2025-08-11T11:57:02.635211+00:00"}
{"asctime": "2025-08-11 13:57:02,653", "levelname": "WARNING", "name": "AresGlobal.Step4AnalystLabelingFeatureEngineeringValidator", "message": "âš ï¸ Missing OHLCV columns in data/training/BINANCE_ETHUSDT_labeled_validation.pkl: ['open', 'high', 'low', 'close', 'volume'] - this may affect labeling quality", "correlation_id": "-", "session_id": "-", "timestamp": "2025-08-11T11:57:02.653801+00:00"}
{"asctime": "2025-08-11 13:57:02,654", "levelname": "WARNING", "name": "AresGlobal.Step4AnalystLabelingFeatureEngineeringValidator", "message": "Triple barrier labeling requires proper OHLCV data for accurate labels", "correlation_id": "-", "session_id": "-", "timestamp": "2025-08-11T11:57:02.654217+00:00"}
{"asctime": "2025-08-11 13:57:02,661", "levelname": "WARNING", "name": "AresGlobal.Step4AnalystLabelingFeatureEngineeringValidator", "message": "âš ï¸ Missing OHLCV columns in data/training/BINANCE_ETHUSDT_labeled_test.pkl: ['open', 'high', 'low', 'close', 'volume'] - this may affect labeling quality", "correlation_id": "-", "session_id": "-", "timestamp": "2025-08-11T11:57:02.661529+00:00"}
{"asctime": "2025-08-11 13:57:02,662", "levelname": "WARNING", "name": "AresGlobal.Step4AnalystLabelingFeatureEngineeringValidator", "message": "Triple barrier labeling requires proper OHLCV data for accurate labels", "correlation_id": "-", "session_id": "-", "timestamp": "2025-08-11T11:57:02.662130+00:00"}
{"asctime": "2025-08-11 13:57:02,664", "levelname": "INFO", "name": "AresGlobal.Step4AnalystLabelingFeatureEngineeringValidator", "message": "âœ… Labeling quality validation passed", "correlation_id": "-", "session_id": "-", "timestamp": "2025-08-11T11:57:02.664796+00:00"}
{"asctime": "2025-08-11 13:57:02,858", "levelname": "INFO", "name": "AresGlobal.Step4AnalystLabelingFeatureEngineeringValidator", "message": "â„¹ï¸ Found 4 constant features (acceptable)", "correlation_id": "-", "session_id": "-", "timestamp": "2025-08-11T11:57:02.858606+00:00"}
{"asctime": "2025-08-11 13:57:03,002", "levelname": "WARNING", "name": "AresGlobal.Step4AnalystLabelingFeatureEngineeringValidator", "message": "âš ï¸ Found 4 highly correlated feature pairs - continuing with caution", "correlation_id": "-", "session_id": "-", "timestamp": "2025-08-11T11:57:03.002113+00:00"}
{"asctime": "2025-08-11 13:57:03,064", "levelname": "INFO", "name": "AresGlobal.Step4AnalystLabelingFeatureEngineeringValidator", "message": "â„¹ï¸ Found 5 constant features (acceptable)", "correlation_id": "-", "session_id": "-", "timestamp": "2025-08-11T11:57:03.064970+00:00"}
{"asctime": "2025-08-11 13:57:03,087", "levelname": "WARNING", "name": "AresGlobal.Step4AnalystLabelingFeatureEngineeringValidator", "message": "âš ï¸ Found 15 highly correlated feature pairs - continuing with caution", "correlation_id": "-", "session_id": "-", "timestamp": "2025-08-11T11:57:03.087576+00:00"}
{"asctime": "2025-08-11 13:57:03,123", "levelname": "INFO", "name": "AresGlobal.Step4AnalystLabelingFeatureEngineeringValidator", "message": "â„¹ï¸ Found 4 constant features (acceptable)", "correlation_id": "-", "session_id": "-", "timestamp": "2025-08-11T11:57:03.123694+00:00"}
{"asctime": "2025-08-11 13:57:03,150", "levelname": "WARNING", "name": "AresGlobal.Step4AnalystLabelingFeatureEngineeringValidator", "message": "âš ï¸ Found 5 highly correlated feature pairs - continuing with caution", "correlation_id": "-", "session_id": "-", "timestamp": "2025-08-11T11:57:03.150655+00:00"}
{"asctime": "2025-08-11 13:57:03,156", "levelname": "INFO", "name": "AresGlobal.Step4AnalystLabelingFeatureEngineeringValidator", "message": "âœ… Feature quality validation passed", "correlation_id": "-", "session_id": "-", "timestamp": "2025-08-11T11:57:03.156961+00:00"}
{"asctime": "2025-08-11 13:57:03,196", "levelname": "INFO", "name": "AresGlobal.Step4AnalystLabelingFeatureEngineeringValidator", "message": "âœ… Data balance validation passed", "correlation_id": "-", "session_id": "-", "timestamp": "2025-08-11T11:57:03.196538+00:00"}
{"asctime": "2025-08-11 13:57:03,201", "levelname": "INFO", "name": "AresGlobal.Step4AnalystLabelingFeatureEngineeringValidator", "message": "âœ… Analyst labeling and feature engineering validation passed (critical checks only)", "correlation_id": "-", "session_id": "-", "timestamp": "2025-08-11T11:57:03.201460+00:00"}
{"asctime": "2025-08-11 13:57:03,201", "levelname": "INFO", "name": "AresGlobal.ValidatorOrchestrator", "message": "âœ… Validator for step4_analyst_labeling_feature_engineering completed: True", "correlation_id": "-", "session_id": "-", "timestamp": "2025-08-11T11:57:03.201797+00:00"}
{"asctime": "2025-08-11 13:57:03,202", "levelname": "INFO", "name": "AresGlobal.EnhancedTrainingManager", "message": "âœ… step4_analyst_labeling_feature_engineering validation passed", "correlation_id": "-", "session_id": "-", "timestamp": "2025-08-11T11:57:03.202259+00:00"}
{"asctime": "2025-08-11 13:57:03,484", "levelname": "INFO", "name": "AresGlobal.EnhancedTrainingManager", "message": "âœ… Step 4: Analyst Labeling & Feature Engineering: completed successfully in 234.00s", "correlation_id": "-", "session_id": "-", "timestamp": "2025-08-11T11:57:03.484552+00:00"}
{"asctime": "2025-08-11 13:57:03,497", "levelname": "INFO", "name": "AresGlobal.EnhancedTrainingManager", "message": "ðŸ’¾ Process Memory: 1245.6 MB | CPU: 0.1%", "correlation_id": "-", "session_id": "-", "timestamp": "2025-08-11T11:57:03.498791+00:00"}
{"asctime": "2025-08-11 13:57:03,513", "levelname": "INFO", "name": "AresGlobal.EnhancedTrainingManager", "message": "ðŸ–¥ï¸ System Memory: 74.2% | Available: 4.1 GB", "correlation_id": "-", "session_id": "-", "timestamp": "2025-08-11T11:57:03.514836+00:00"}
{"asctime": "2025-08-11 13:57:03,522", "levelname": "INFO", "name": "AresGlobal.EnhancedTrainingManager", "message": "ðŸ“Š Progress: 18.8% (3/16)", "correlation_id": "-", "session_id": "-", "timestamp": "2025-08-11T11:57:03.523053+00:00"}
{"asctime": "2025-08-11 13:57:03,523", "levelname": "INFO", "name": "AresGlobal.EnhancedTrainingManager", "message": "ðŸŽ¯ STEP 5: Analyst Specialist Training...", "correlation_id": "-", "session_id": "-", "timestamp": "2025-08-11T11:57:03.523391+00:00"}
