{"asctime": "2025-08-10 09:57:40,716", "levelname": "INFO", "name": "AresTradingSystem", "message": "✅ Enhanced Logger initialization completed successfully", "correlation_id": "-", "session_id": "-", "timestamp": "2025-08-10T07:57:40.716655+00:00"}
{"asctime": "2025-08-10 09:57:40,730", "levelname": "INFO", "name": "AresTradingSystem.System", "message": "Environment configuration loaded successfully. Trading Environment: PAPER, Exchange: BINANCE", "correlation_id": "-", "session_id": "-", "timestamp": "2025-08-10T07:57:40.730883+00:00"}
{"asctime": "2025-08-10 09:57:40,733", "levelname": "INFO", "name": "AresTradingSystem.System.OptimizedDataDownloader", "message": "🚀 CLEAN DATA DOWNLOAD PROCESS STARTED", "correlation_id": "-", "session_id": "-", "timestamp": "2025-08-10T07:57:40.733771+00:00"}
{"asctime": "2025-08-10 09:57:40,733", "levelname": "INFO", "name": "AresTradingSystem.System.OptimizedDataDownloader", "message": "🔧 STEP 1: Initializing...", "correlation_id": "-", "session_id": "-", "timestamp": "2025-08-10T07:57:40.733924+00:00"}
{"asctime": "2025-08-10 09:57:40,734", "levelname": "INFO", "name": "AresTradingSystem.System.OptimizedDataDownloader", "message": "🔧 STEP 1: Initializing clean downloader with CCXT...", "correlation_id": "-", "session_id": "-", "timestamp": "2025-08-10T07:57:40.734059+00:00"}
{"asctime": "2025-08-10 09:57:40,749", "levelname": "INFO", "name": "AresTradingSystem.System.OptimizedDataDownloader", "message": "✅ CCXT exchange created for BINANCE", "correlation_id": "-", "session_id": "-", "timestamp": "2025-08-10T07:57:40.749920+00:00"}
{"asctime": "2025-08-10 09:57:40,764", "levelname": "INFO", "name": "AresTradingSystem.System.OptimizedDataDownloader", "message": "🔄 STEP 4: Starting parallel downloads for all data types...", "correlation_id": "-", "session_id": "-", "timestamp": "2025-08-10T07:57:40.764890+00:00"}
{"asctime": "2025-08-10 09:57:40,765", "levelname": "INFO", "name": "AresTradingSystem.System.OptimizedDataDownloader", "message": "📋 Created 3 parallel download tasks", "correlation_id": "-", "session_id": "-", "timestamp": "2025-08-10T07:57:40.765109+00:00"}
{"asctime": "2025-08-10 09:57:40,765", "levelname": "INFO", "name": "AresTradingSystem.System.OptimizedDataDownloader", "message": "⏳ Executing all tasks concurrently...", "correlation_id": "-", "session_id": "-", "timestamp": "2025-08-10T07:57:40.765283+00:00"}
{"asctime": "2025-08-10 09:57:40,765", "levelname": "INFO", "name": "AresTradingSystem.System.OptimizedDataDownloader", "message": "📈 STEP 3A: Starting parallel klines download...", "correlation_id": "-", "session_id": "-", "timestamp": "2025-08-10T07:57:40.765451+00:00"}
{"asctime": "2025-08-10 09:57:40,765", "levelname": "INFO", "name": "AresTradingSystem.System.OptimizedDataDownloader", "message": "📅 STEP 2: Calculating time periods for klines...", "correlation_id": "-", "session_id": "-", "timestamp": "2025-08-10T07:57:40.765529+00:00"}
{"asctime": "2025-08-10 09:57:40,765", "levelname": "INFO", "name": "AresTradingSystem.System.OptimizedDataDownloader", "message": "📊 Date range: 2023-08-11 to 2025-08-10", "correlation_id": "-", "session_id": "-", "timestamp": "2025-08-10T07:57:40.765615+00:00"}
{"asctime": "2025-08-10 09:57:40,765", "levelname": "INFO", "name": "AresTradingSystem.System.OptimizedDataDownloader", "message": "📊 Total days: 730", "correlation_id": "-", "session_id": "-", "timestamp": "2025-08-10T07:57:40.765673+00:00"}
{"asctime": "2025-08-10 09:57:40,765", "levelname": "INFO", "name": "AresTradingSystem.System.OptimizedDataDownloader", "message": "📈 Processing klines (monthly periods)...", "correlation_id": "-", "session_id": "-", "timestamp": "2025-08-10T07:57:40.765728+00:00"}
{"asctime": "2025-08-10 09:57:40,768", "levelname": "INFO", "name": "AresTradingSystem.System.OptimizedDataDownloader", "message": "📁 Skipping existing: klines_BINANCE_ETHUSDT_1m_2023-08.csv", "correlation_id": "-", "session_id": "-", "timestamp": "2025-08-10T07:57:40.768826+00:00"}
{"asctime": "2025-08-10 09:57:40,768", "levelname": "INFO", "name": "AresTradingSystem.System.OptimizedDataDownloader", "message": "📁 Skipping existing: klines_BINANCE_ETHUSDT_1m_2023-09.csv", "correlation_id": "-", "session_id": "-", "timestamp": "2025-08-10T07:57:40.768949+00:00"}
{"asctime": "2025-08-10 09:57:40,769", "levelname": "INFO", "name": "AresTradingSystem.System.OptimizedDataDownloader", "message": "📁 Skipping existing: klines_BINANCE_ETHUSDT_1m_2023-10.csv", "correlation_id": "-", "session_id": "-", "timestamp": "2025-08-10T07:57:40.769043+00:00"}
{"asctime": "2025-08-10 09:57:40,769", "levelname": "INFO", "name": "AresTradingSystem.System.OptimizedDataDownloader", "message": "📁 Skipping existing: klines_BINANCE_ETHUSDT_1m_2023-11.csv", "correlation_id": "-", "session_id": "-", "timestamp": "2025-08-10T07:57:40.769172+00:00"}
{"asctime": "2025-08-10 09:57:40,769", "levelname": "INFO", "name": "AresTradingSystem.System.OptimizedDataDownloader", "message": "📁 Skipping existing: klines_BINANCE_ETHUSDT_1m_2023-12.csv", "correlation_id": "-", "session_id": "-", "timestamp": "2025-08-10T07:57:40.769260+00:00"}
{"asctime": "2025-08-10 09:57:40,769", "levelname": "INFO", "name": "AresTradingSystem.System.OptimizedDataDownloader", "message": "📁 Skipping existing: klines_BINANCE_ETHUSDT_1m_2024-01.csv", "correlation_id": "-", "session_id": "-", "timestamp": "2025-08-10T07:57:40.769497+00:00"}
{"asctime": "2025-08-10 09:57:40,769", "levelname": "INFO", "name": "AresTradingSystem.System.OptimizedDataDownloader", "message": "📁 Skipping existing: klines_BINANCE_ETHUSDT_1m_2024-02.csv", "correlation_id": "-", "session_id": "-", "timestamp": "2025-08-10T07:57:40.769573+00:00"}
{"asctime": "2025-08-10 09:57:40,769", "levelname": "INFO", "name": "AresTradingSystem.System.OptimizedDataDownloader", "message": "📁 Skipping existing: klines_BINANCE_ETHUSDT_1m_2024-03.csv", "correlation_id": "-", "session_id": "-", "timestamp": "2025-08-10T07:57:40.769645+00:00"}
{"asctime": "2025-08-10 09:57:40,770", "levelname": "INFO", "name": "AresTradingSystem.System.OptimizedDataDownloader", "message": "📁 Skipping existing: klines_BINANCE_ETHUSDT_1m_2024-04.csv", "correlation_id": "-", "session_id": "-", "timestamp": "2025-08-10T07:57:40.770166+00:00"}
{"asctime": "2025-08-10 09:57:40,770", "levelname": "INFO", "name": "AresTradingSystem.System.OptimizedDataDownloader", "message": "📁 Skipping existing: klines_BINANCE_ETHUSDT_1m_2024-05.csv", "correlation_id": "-", "session_id": "-", "timestamp": "2025-08-10T07:57:40.770284+00:00"}
{"asctime": "2025-08-10 09:57:40,770", "levelname": "INFO", "name": "AresTradingSystem.System.OptimizedDataDownloader", "message": "📁 Skipping existing: klines_BINANCE_ETHUSDT_1m_2024-06.csv", "correlation_id": "-", "session_id": "-", "timestamp": "2025-08-10T07:57:40.770390+00:00"}
{"asctime": "2025-08-10 09:57:40,770", "levelname": "INFO", "name": "AresTradingSystem.System.OptimizedDataDownloader", "message": "📁 Skipping existing: klines_BINANCE_ETHUSDT_1m_2024-07.csv", "correlation_id": "-", "session_id": "-", "timestamp": "2025-08-10T07:57:40.770473+00:00"}
{"asctime": "2025-08-10 09:57:40,770", "levelname": "INFO", "name": "AresTradingSystem.System.OptimizedDataDownloader", "message": "📁 Skipping existing: klines_BINANCE_ETHUSDT_1m_2024-08.csv", "correlation_id": "-", "session_id": "-", "timestamp": "2025-08-10T07:57:40.770555+00:00"}
{"asctime": "2025-08-10 09:57:40,770", "levelname": "INFO", "name": "AresTradingSystem.System.OptimizedDataDownloader", "message": "📁 Skipping existing: klines_BINANCE_ETHUSDT_1m_2024-09.csv", "correlation_id": "-", "session_id": "-", "timestamp": "2025-08-10T07:57:40.770629+00:00"}
{"asctime": "2025-08-10 09:57:40,770", "levelname": "INFO", "name": "AresTradingSystem.System.OptimizedDataDownloader", "message": "📁 Skipping existing: klines_BINANCE_ETHUSDT_1m_2024-10.csv", "correlation_id": "-", "session_id": "-", "timestamp": "2025-08-10T07:57:40.770701+00:00"}
{"asctime": "2025-08-10 09:57:40,770", "levelname": "INFO", "name": "AresTradingSystem.System.OptimizedDataDownloader", "message": "📁 Skipping existing: klines_BINANCE_ETHUSDT_1m_2024-11.csv", "correlation_id": "-", "session_id": "-", "timestamp": "2025-08-10T07:57:40.770770+00:00"}
{"asctime": "2025-08-10 09:57:40,770", "levelname": "INFO", "name": "AresTradingSystem.System.OptimizedDataDownloader", "message": "📁 Skipping existing: klines_BINANCE_ETHUSDT_1m_2024-12.csv", "correlation_id": "-", "session_id": "-", "timestamp": "2025-08-10T07:57:40.770844+00:00"}
{"asctime": "2025-08-10 09:57:40,771", "levelname": "INFO", "name": "AresTradingSystem.System.OptimizedDataDownloader", "message": "📁 Skipping existing: klines_BINANCE_ETHUSDT_1m_2025-01.csv", "correlation_id": "-", "session_id": "-", "timestamp": "2025-08-10T07:57:40.771022+00:00"}
{"asctime": "2025-08-10 09:57:40,771", "levelname": "INFO", "name": "AresTradingSystem.System.OptimizedDataDownloader", "message": "📁 Skipping existing: klines_BINANCE_ETHUSDT_1m_2025-02.csv", "correlation_id": "-", "session_id": "-", "timestamp": "2025-08-10T07:57:40.771142+00:00"}
{"asctime": "2025-08-10 09:57:40,771", "levelname": "INFO", "name": "AresTradingSystem.System.OptimizedDataDownloader", "message": "📁 Skipping existing: klines_BINANCE_ETHUSDT_1m_2025-03.csv", "correlation_id": "-", "session_id": "-", "timestamp": "2025-08-10T07:57:40.771231+00:00"}
{"asctime": "2025-08-10 09:57:40,771", "levelname": "INFO", "name": "AresTradingSystem.System.OptimizedDataDownloader", "message": "📁 Skipping existing: klines_BINANCE_ETHUSDT_1m_2025-04.csv", "correlation_id": "-", "session_id": "-", "timestamp": "2025-08-10T07:57:40.771313+00:00"}
{"asctime": "2025-08-10 09:57:40,771", "levelname": "INFO", "name": "AresTradingSystem.System.OptimizedDataDownloader", "message": "📁 Skipping existing: klines_BINANCE_ETHUSDT_1m_2025-05.csv", "correlation_id": "-", "session_id": "-", "timestamp": "2025-08-10T07:57:40.771389+00:00"}
{"asctime": "2025-08-10 09:57:40,771", "levelname": "INFO", "name": "AresTradingSystem.System.OptimizedDataDownloader", "message": "📁 Skipping existing: klines_BINANCE_ETHUSDT_1m_2025-06.csv", "correlation_id": "-", "session_id": "-", "timestamp": "2025-08-10T07:57:40.771511+00:00"}
{"asctime": "2025-08-10 09:57:40,771", "levelname": "INFO", "name": "AresTradingSystem.System.OptimizedDataDownloader", "message": "📁 Skipping existing: klines_BINANCE_ETHUSDT_1m_2025-07.csv", "correlation_id": "-", "session_id": "-", "timestamp": "2025-08-10T07:57:40.771686+00:00"}
{"asctime": "2025-08-10 09:57:40,772", "levelname": "INFO", "name": "AresTradingSystem.System.OptimizedDataDownloader", "message": "📁 Skipping existing: klines_BINANCE_ETHUSDT_1m_2025-08.csv", "correlation_id": "-", "session_id": "-", "timestamp": "2025-08-10T07:57:40.772009+00:00"}
{"asctime": "2025-08-10 09:57:40,772", "levelname": "INFO", "name": "AresTradingSystem.System.OptimizedDataDownloader", "message": "📊 Summary: 0 months to download, 25 months skipped", "correlation_id": "-", "session_id": "-", "timestamp": "2025-08-10T07:57:40.772079+00:00"}
{"asctime": "2025-08-10 09:57:40,772", "levelname": "INFO", "name": "AresTradingSystem.System.OptimizedDataDownloader", "message": "📁 No klines periods to download", "correlation_id": "-", "session_id": "-", "timestamp": "2025-08-10T07:57:40.772153+00:00"}
{"asctime": "2025-08-10 09:57:40,772", "levelname": "INFO", "name": "AresTradingSystem.System.OptimizedDataDownloader", "message": "📊 STEP 3B: Starting parallel aggtrades download...", "correlation_id": "-", "session_id": "-", "timestamp": "2025-08-10T07:57:40.772399+00:00"}
{"asctime": "2025-08-10 09:57:40,772", "levelname": "INFO", "name": "AresTradingSystem.System.OptimizedDataDownloader", "message": "📅 STEP 2: Calculating time periods for aggtrades...", "correlation_id": "-", "session_id": "-", "timestamp": "2025-08-10T07:57:40.772530+00:00"}
{"asctime": "2025-08-10 09:57:44,326", "levelname": "INFO", "name": "AresTradingSystem.System.OptimizedDataDownloader", "message": "📊 Date range: 2025-08-09 to 2025-08-10", "correlation_id": "-", "session_id": "-", "timestamp": "2025-08-10T07:57:44.326430+00:00"}
{"asctime": "2025-08-10 09:57:44,326", "levelname": "INFO", "name": "AresTradingSystem.System.OptimizedDataDownloader", "message": "📊 Total days: 0", "correlation_id": "-", "session_id": "-", "timestamp": "2025-08-10T07:57:44.326681+00:00"}
{"asctime": "2025-08-10 09:57:44,326", "levelname": "INFO", "name": "AresTradingSystem.System.OptimizedDataDownloader", "message": "📊 Processing aggtrades (daily periods)...", "correlation_id": "-", "session_id": "-", "timestamp": "2025-08-10T07:57:44.326759+00:00"}
{"asctime": "2025-08-10 09:57:49,128", "levelname": "INFO", "name": "AresTradingSystem.System.OptimizedDataDownloader", "message": "📁 No aggtrades periods to download", "correlation_id": "-", "session_id": "-", "timestamp": "2025-08-10T07:57:49.128686+00:00"}
{"asctime": "2025-08-10 09:57:49,129", "levelname": "INFO", "name": "AresTradingSystem.System.OptimizedDataDownloader", "message": "📈 STEP 3C: Starting parallel futures download...", "correlation_id": "-", "session_id": "-", "timestamp": "2025-08-10T07:57:49.129014+00:00"}
{"asctime": "2025-08-10 09:57:49,129", "levelname": "INFO", "name": "AresTradingSystem.System.OptimizedDataDownloader", "message": "📅 STEP 2: Calculating time periods for futures...", "correlation_id": "-", "session_id": "-", "timestamp": "2025-08-10T07:57:49.129092+00:00"}
{"asctime": "2025-08-10 09:57:49,129", "levelname": "INFO", "name": "AresTradingSystem.System.OptimizedDataDownloader", "message": "📊 Date range: 2023-08-11 to 2025-08-10", "correlation_id": "-", "session_id": "-", "timestamp": "2025-08-10T07:57:49.129238+00:00"}
{"asctime": "2025-08-10 09:57:49,129", "levelname": "INFO", "name": "AresTradingSystem.System.OptimizedDataDownloader", "message": "📊 Total days: 730", "correlation_id": "-", "session_id": "-", "timestamp": "2025-08-10T07:57:49.129359+00:00"}
{"asctime": "2025-08-10 09:57:49,129", "levelname": "INFO", "name": "AresTradingSystem.System.OptimizedDataDownloader", "message": "📈 Processing futures (monthly periods)...", "correlation_id": "-", "session_id": "-", "timestamp": "2025-08-10T07:57:49.129437+00:00"}
{"asctime": "2025-08-10 09:57:49,129", "levelname": "INFO", "name": "AresTradingSystem.System.OptimizedDataDownloader", "message": "📁 Skipping existing: futures_BINANCE_ETHUSDT_2023-08.csv", "correlation_id": "-", "session_id": "-", "timestamp": "2025-08-10T07:57:49.129888+00:00"}
{"asctime": "2025-08-10 09:57:49,129", "levelname": "INFO", "name": "AresTradingSystem.System.OptimizedDataDownloader", "message": "📁 Skipping existing: futures_BINANCE_ETHUSDT_2023-09.csv", "correlation_id": "-", "session_id": "-", "timestamp": "2025-08-10T07:57:49.129996+00:00"}
{"asctime": "2025-08-10 09:57:49,130", "levelname": "INFO", "name": "AresTradingSystem.System.OptimizedDataDownloader", "message": "📁 Skipping existing: futures_BINANCE_ETHUSDT_2023-10.csv", "correlation_id": "-", "session_id": "-", "timestamp": "2025-08-10T07:57:49.130090+00:00"}
{"asctime": "2025-08-10 09:57:49,130", "levelname": "INFO", "name": "AresTradingSystem.System.OptimizedDataDownloader", "message": "📁 Skipping existing: futures_BINANCE_ETHUSDT_2023-11.csv", "correlation_id": "-", "session_id": "-", "timestamp": "2025-08-10T07:57:49.130171+00:00"}
{"asctime": "2025-08-10 09:57:49,130", "levelname": "INFO", "name": "AresTradingSystem.System.OptimizedDataDownloader", "message": "📁 Skipping existing: futures_BINANCE_ETHUSDT_2023-12.csv", "correlation_id": "-", "session_id": "-", "timestamp": "2025-08-10T07:57:49.130256+00:00"}
{"asctime": "2025-08-10 09:57:49,130", "levelname": "INFO", "name": "AresTradingSystem.System.OptimizedDataDownloader", "message": "📁 Skipping existing: futures_BINANCE_ETHUSDT_2024-01.csv", "correlation_id": "-", "session_id": "-", "timestamp": "2025-08-10T07:57:49.130516+00:00"}
{"asctime": "2025-08-10 09:57:49,130", "levelname": "INFO", "name": "AresTradingSystem.System.OptimizedDataDownloader", "message": "📁 Skipping existing: futures_BINANCE_ETHUSDT_2024-02.csv", "correlation_id": "-", "session_id": "-", "timestamp": "2025-08-10T07:57:49.130622+00:00"}
{"asctime": "2025-08-10 09:57:49,130", "levelname": "INFO", "name": "AresTradingSystem.System.OptimizedDataDownloader", "message": "📁 Skipping existing: futures_BINANCE_ETHUSDT_2024-03.csv", "correlation_id": "-", "session_id": "-", "timestamp": "2025-08-10T07:57:49.130732+00:00"}
{"asctime": "2025-08-10 09:57:49,130", "levelname": "INFO", "name": "AresTradingSystem.System.OptimizedDataDownloader", "message": "📁 Skipping existing: futures_BINANCE_ETHUSDT_2024-04.csv", "correlation_id": "-", "session_id": "-", "timestamp": "2025-08-10T07:57:49.130897+00:00"}
{"asctime": "2025-08-10 09:57:49,130", "levelname": "INFO", "name": "AresTradingSystem.System.OptimizedDataDownloader", "message": "📁 Skipping existing: futures_BINANCE_ETHUSDT_2024-05.csv", "correlation_id": "-", "session_id": "-", "timestamp": "2025-08-10T07:57:49.130997+00:00"}
{"asctime": "2025-08-10 09:57:49,131", "levelname": "INFO", "name": "AresTradingSystem.System.OptimizedDataDownloader", "message": "📁 Skipping existing: futures_BINANCE_ETHUSDT_2024-06.csv", "correlation_id": "-", "session_id": "-", "timestamp": "2025-08-10T07:57:49.131094+00:00"}
{"asctime": "2025-08-10 09:57:49,131", "levelname": "INFO", "name": "AresTradingSystem.System.OptimizedDataDownloader", "message": "📁 Skipping existing: futures_BINANCE_ETHUSDT_2024-07.csv", "correlation_id": "-", "session_id": "-", "timestamp": "2025-08-10T07:57:49.131176+00:00"}
{"asctime": "2025-08-10 09:57:49,131", "levelname": "INFO", "name": "AresTradingSystem.System.OptimizedDataDownloader", "message": "📁 Skipping existing: futures_BINANCE_ETHUSDT_2024-08.csv", "correlation_id": "-", "session_id": "-", "timestamp": "2025-08-10T07:57:49.131253+00:00"}
{"asctime": "2025-08-10 09:57:49,131", "levelname": "INFO", "name": "AresTradingSystem.System.OptimizedDataDownloader", "message": "📁 Skipping existing: futures_BINANCE_ETHUSDT_2024-09.csv", "correlation_id": "-", "session_id": "-", "timestamp": "2025-08-10T07:57:49.131328+00:00"}
{"asctime": "2025-08-10 09:57:49,131", "levelname": "INFO", "name": "AresTradingSystem.System.OptimizedDataDownloader", "message": "📁 Skipping existing: futures_BINANCE_ETHUSDT_2024-10.csv", "correlation_id": "-", "session_id": "-", "timestamp": "2025-08-10T07:57:49.131406+00:00"}
{"asctime": "2025-08-10 09:57:49,131", "levelname": "INFO", "name": "AresTradingSystem.System.OptimizedDataDownloader", "message": "📁 Skipping existing: futures_BINANCE_ETHUSDT_2024-11.csv", "correlation_id": "-", "session_id": "-", "timestamp": "2025-08-10T07:57:49.131511+00:00"}
{"asctime": "2025-08-10 09:57:49,131", "levelname": "INFO", "name": "AresTradingSystem.System.OptimizedDataDownloader", "message": "📁 Skipping existing: futures_BINANCE_ETHUSDT_2024-12.csv", "correlation_id": "-", "session_id": "-", "timestamp": "2025-08-10T07:57:49.131596+00:00"}
{"asctime": "2025-08-10 09:57:49,131", "levelname": "INFO", "name": "AresTradingSystem.System.OptimizedDataDownloader", "message": "📁 Skipping existing: futures_BINANCE_ETHUSDT_2025-01.csv", "correlation_id": "-", "session_id": "-", "timestamp": "2025-08-10T07:57:49.131734+00:00"}
{"asctime": "2025-08-10 09:57:49,131", "levelname": "INFO", "name": "AresTradingSystem.System.OptimizedDataDownloader", "message": "📁 Skipping existing: futures_BINANCE_ETHUSDT_2025-02.csv", "correlation_id": "-", "session_id": "-", "timestamp": "2025-08-10T07:57:49.131815+00:00"}
{"asctime": "2025-08-10 09:57:49,131", "levelname": "INFO", "name": "AresTradingSystem.System.OptimizedDataDownloader", "message": "📁 Skipping existing: futures_BINANCE_ETHUSDT_2025-03.csv", "correlation_id": "-", "session_id": "-", "timestamp": "2025-08-10T07:57:49.131957+00:00"}
{"asctime": "2025-08-10 09:57:49,132", "levelname": "INFO", "name": "AresTradingSystem.System.OptimizedDataDownloader", "message": "📁 Skipping existing: futures_BINANCE_ETHUSDT_2025-04.csv", "correlation_id": "-", "session_id": "-", "timestamp": "2025-08-10T07:57:49.132194+00:00"}
{"asctime": "2025-08-10 09:57:49,132", "levelname": "INFO", "name": "AresTradingSystem.System.OptimizedDataDownloader", "message": "📁 Skipping existing: futures_BINANCE_ETHUSDT_2025-05.csv", "correlation_id": "-", "session_id": "-", "timestamp": "2025-08-10T07:57:49.132274+00:00"}
{"asctime": "2025-08-10 09:57:49,132", "levelname": "INFO", "name": "AresTradingSystem.System.OptimizedDataDownloader", "message": "📁 Skipping existing: futures_BINANCE_ETHUSDT_2025-06.csv", "correlation_id": "-", "session_id": "-", "timestamp": "2025-08-10T07:57:49.132363+00:00"}
{"asctime": "2025-08-10 09:57:49,132", "levelname": "INFO", "name": "AresTradingSystem.System.OptimizedDataDownloader", "message": "📁 Skipping existing: futures_BINANCE_ETHUSDT_2025-07.csv", "correlation_id": "-", "session_id": "-", "timestamp": "2025-08-10T07:57:49.132434+00:00"}
{"asctime": "2025-08-10 09:57:49,132", "levelname": "INFO", "name": "AresTradingSystem.System.OptimizedDataDownloader", "message": "📁 Skipping existing: futures_BINANCE_ETHUSDT_2025-08.csv", "correlation_id": "-", "session_id": "-", "timestamp": "2025-08-10T07:57:49.132510+00:00"}
{"asctime": "2025-08-10 09:57:49,132", "levelname": "INFO", "name": "AresTradingSystem.System.OptimizedDataDownloader", "message": "📊 Summary: 0 months to download, 25 months skipped", "correlation_id": "-", "session_id": "-", "timestamp": "2025-08-10T07:57:49.132567+00:00"}
{"asctime": "2025-08-10 09:57:49,132", "levelname": "INFO", "name": "AresTradingSystem.System.OptimizedDataDownloader", "message": "📁 No futures periods to download", "correlation_id": "-", "session_id": "-", "timestamp": "2025-08-10T07:57:49.132620+00:00"}
{"asctime": "2025-08-10 09:57:49,132", "levelname": "INFO", "name": "AresTradingSystem.System.OptimizedDataDownloader", "message": "📊 Processing final results...", "correlation_id": "-", "session_id": "-", "timestamp": "2025-08-10T07:57:49.132875+00:00"}
{"asctime": "2025-08-10 09:57:49,132", "levelname": "INFO", "name": "AresTradingSystem.System.OptimizedDataDownloader", "message": "✅ Klines download completed successfully", "correlation_id": "-", "session_id": "-", "timestamp": "2025-08-10T07:57:49.132992+00:00"}
{"asctime": "2025-08-10 09:57:49,133", "levelname": "INFO", "name": "AresTradingSystem.System.OptimizedDataDownloader", "message": "✅ Aggtrades download completed successfully", "correlation_id": "-", "session_id": "-", "timestamp": "2025-08-10T07:57:49.133318+00:00"}
{"asctime": "2025-08-10 09:57:49,133", "levelname": "INFO", "name": "AresTradingSystem.System.OptimizedDataDownloader", "message": "✅ Futures download completed successfully", "correlation_id": "-", "session_id": "-", "timestamp": "2025-08-10T07:57:49.133759+00:00"}
{"asctime": "2025-08-10 09:57:49,134", "levelname": "INFO", "name": "AresTradingSystem.System.OptimizedDataDownloader", "message": "🎉 CLEAN DOWNLOAD PROCESS COMPLETED", "correlation_id": "-", "session_id": "-", "timestamp": "2025-08-10T07:57:49.134016+00:00"}
{"asctime": "2025-08-10 09:57:49,134", "levelname": "INFO", "name": "AresTradingSystem.System.OptimizedDataDownloader", "message": "📊 FINAL STATISTICS:", "correlation_id": "-", "session_id": "-", "timestamp": "2025-08-10T07:57:49.134295+00:00"}
{"asctime": "2025-08-10 09:57:49,134", "levelname": "INFO", "name": "AresTradingSystem.System.OptimizedDataDownloader", "message": "✅ Successful downloads: 3/3", "correlation_id": "-", "session_id": "-", "timestamp": "2025-08-10T07:57:49.134590+00:00"}
{"asctime": "2025-08-10 09:57:49,134", "levelname": "INFO", "name": "AresTradingSystem.System.OptimizedDataDownloader", "message": "❌ Failed downloads: 0/3", "correlation_id": "-", "session_id": "-", "timestamp": "2025-08-10T07:57:49.134679+00:00"}
{"asctime": "2025-08-10 09:57:49,134", "levelname": "INFO", "name": "AresTradingSystem.System.OptimizedDataDownloader", "message": "⏱️ Total time: 8.40 seconds", "correlation_id": "-", "session_id": "-", "timestamp": "2025-08-10T07:57:49.134745+00:00"}
{"asctime": "2025-08-10 09:57:49,134", "levelname": "INFO", "name": "AresTradingSystem.System.OptimizedDataDownloader", "message": "📈 Klines files downloaded: 0", "correlation_id": "-", "session_id": "-", "timestamp": "2025-08-10T07:57:49.134797+00:00"}
{"asctime": "2025-08-10 09:57:49,134", "levelname": "INFO", "name": "AresTradingSystem.System.OptimizedDataDownloader", "message": "📊 Aggtrades files downloaded: 0", "correlation_id": "-", "session_id": "-", "timestamp": "2025-08-10T07:57:49.134871+00:00"}
{"asctime": "2025-08-10 09:57:49,134", "levelname": "INFO", "name": "AresTradingSystem.System.OptimizedDataDownloader", "message": "📈 Futures files downloaded: 0", "correlation_id": "-", "session_id": "-", "timestamp": "2025-08-10T07:57:49.134922+00:00"}
{"asctime": "2025-08-10 09:57:49,135", "levelname": "INFO", "name": "AresTradingSystem.System.OptimizedDataDownloader", "message": "❌ Total errors: 0", "correlation_id": "-", "session_id": "-", "timestamp": "2025-08-10T07:57:49.135076+00:00"}
{"asctime": "2025-08-10 09:57:49,135", "levelname": "INFO", "name": "AresTradingSystem.System.OptimizedDataDownloader", "message": "🧹 Cleaning up resources...", "correlation_id": "-", "session_id": "-", "timestamp": "2025-08-10T07:57:49.135142+00:00"}
{"asctime": "2025-08-10 09:57:49,386", "levelname": "INFO", "name": "AresTradingSystem.System.OptimizedDataDownloader", "message": "✅ CCXT exchange closed", "correlation_id": "-", "session_id": "-", "timestamp": "2025-08-10T07:57:49.386488+00:00"}
{"asctime": "2025-08-10 09:57:49,387", "levelname": "INFO", "name": "AresTradingSystem.System.OptimizedDataDownloader", "message": "✅ Cleanup completed", "correlation_id": "-", "session_id": "-", "timestamp": "2025-08-10T07:57:49.387039+00:00"}
{"asctime": "2025-08-10 09:57:49,387", "levelname": "INFO", "name": "AresTradingSystem.System.OptimizedDataDownloader", "message": "✅ Clean download completed successfully", "correlation_id": "-", "session_id": "-", "timestamp": "2025-08-10T07:57:49.387127+00:00"}
