{"asctime": "2025-08-11 10:26:21,730", "levelname": "INFO", "name": "AresGlobal", "message": "================================================================================", "correlation_id": "-", "session_id": "-", "timestamp": "2025-08-11T08:26:21.730467+00:00"}
{"asctime": "2025-08-11 10:26:21,730", "levelname": "INFO", "name": "AresGlobal", "message": "📊 SESSION SUMMARY", "correlation_id": "-", "session_id": "-", "timestamp": "2025-08-11T08:26:21.730597+00:00"}
{"asctime": "2025-08-11 10:26:21,730", "levelname": "INFO", "name": "AresGlobal", "message": "Session started: 2025-08-11 10:26:21", "correlation_id": "-", "session_id": "-", "timestamp": "2025-08-11T08:26:21.730707+00:00"}
{"asctime": "2025-08-11 10:26:21,730", "levelname": "INFO", "name": "AresGlobal", "message": "This file contains ALL logs for this session", "correlation_id": "-", "session_id": "-", "timestamp": "2025-08-11T08:26:21.730791+00:00"}
{"asctime": "2025-08-11 10:26:21,730", "levelname": "INFO", "name": "AresGlobal", "message": "================================================================================", "correlation_id": "-", "session_id": "-", "timestamp": "2025-08-11T08:26:21.730875+00:00"}
{"asctime": "2025-08-11 10:26:21,731", "levelname": "INFO", "name": "AresGlobal", "message": "[SYSTEM] ================================================================================", "correlation_id": "-", "session_id": "-", "timestamp": "2025-08-11T08:26:21.731252+00:00"}
{"asctime": "2025-08-11 10:26:21,731", "levelname": "INFO", "name": "AresGlobal", "message": "[SYSTEM] 🚀 ARES LAUNCHER STARTED - Mode: INITIALIZATION", "correlation_id": "-", "session_id": "-", "timestamp": "2025-08-11T08:26:21.731446+00:00"}
{"asctime": "2025-08-11 10:26:21,731", "levelname": "INFO", "name": "AresGlobal", "message": "[SYSTEM] Start time: 2025-08-11 10:26:21", "correlation_id": "-", "session_id": "-", "timestamp": "2025-08-11T08:26:21.731653+00:00"}
{"asctime": "2025-08-11 10:26:21,731", "levelname": "INFO", "name": "AresGlobal", "message": "[SYSTEM] Log directory: log", "correlation_id": "-", "session_id": "-", "timestamp": "2025-08-11T08:26:21.731821+00:00"}
{"asctime": "2025-08-11 10:26:21,731", "levelname": "INFO", "name": "AresGlobal", "message": "[SYSTEM] ================================================================================", "correlation_id": "-", "session_id": "-", "timestamp": "2025-08-11T08:26:21.731977+00:00"}
{"asctime": "2025-08-11 10:26:21,732", "levelname": "INFO", "name": "AresGlobal.AresLauncher", "message": "================================================================================", "correlation_id": "-", "session_id": "-", "timestamp": "2025-08-11T08:26:21.732059+00:00"}
{"asctime": "2025-08-11 10:26:21,732", "levelname": "INFO", "name": "AresGlobal.AresLauncher", "message": "🚀 ARES COMPREHENSIVE LAUNCHER", "correlation_id": "-", "session_id": "-", "timestamp": "2025-08-11T08:26:21.732138+00:00"}
{"asctime": "2025-08-11 10:26:21,732", "levelname": "INFO", "name": "AresGlobal.AresLauncher", "message": "================================================================================", "correlation_id": "-", "session_id": "-", "timestamp": "2025-08-11T08:26:21.732221+00:00"}
{"asctime": "2025-08-11 10:26:21,732", "levelname": "INFO", "name": "AresGlobal.AresLauncher", "message": "Start time: 2025-08-11 10:26:21", "correlation_id": "-", "session_id": "-", "timestamp": "2025-08-11T08:26:21.732308+00:00"}
{"asctime": "2025-08-11 10:26:21,732", "levelname": "INFO", "name": "AresGlobal.AresLauncher", "message": "Log directory: log", "correlation_id": "-", "session_id": "-", "timestamp": "2025-08-11T08:26:21.732387+00:00"}
{"asctime": "2025-08-11 10:26:21,732", "levelname": "INFO", "name": "AresGlobal.AresLauncher", "message": "Log level: INFO", "correlation_id": "-", "session_id": "-", "timestamp": "2025-08-11T08:26:21.732465+00:00"}
{"asctime": "2025-08-11 10:26:21,732", "levelname": "INFO", "name": "AresGlobal.AresLauncher", "message": "Global log file: ares_global_20250811_102621.log", "correlation_id": "-", "session_id": "-", "timestamp": "2025-08-11T08:26:21.732549+00:00"}
{"asctime": "2025-08-11 10:26:21,732", "levelname": "INFO", "name": "AresGlobal.AresLauncher", "message": "================================================================================", "correlation_id": "-", "session_id": "-", "timestamp": "2025-08-11T08:26:21.732635+00:00"}
{"asctime": "2025-08-11 10:26:21,732", "levelname": "INFO", "name": "AresGlobal", "message": "[SYSTEM] ================================================================================", "correlation_id": "-", "session_id": "-", "timestamp": "2025-08-11T08:26:21.732879+00:00"}
{"asctime": "2025-08-11 10:26:21,733", "levelname": "INFO", "name": "AresGlobal", "message": "[SYSTEM] 🚀 ARES LAUNCHER STARTED - Mode: blank - Symbol: ETHUSDT - Exchange: BINANCE", "correlation_id": "-", "session_id": "-", "timestamp": "2025-08-11T08:26:21.733033+00:00"}
{"asctime": "2025-08-11 10:26:21,733", "levelname": "INFO", "name": "AresGlobal", "message": "[SYSTEM] Start time: 2025-08-11 10:26:21", "correlation_id": "-", "session_id": "-", "timestamp": "2025-08-11T08:26:21.733311+00:00"}
{"asctime": "2025-08-11 10:26:21,733", "levelname": "INFO", "name": "AresGlobal", "message": "[SYSTEM] Log directory: log", "correlation_id": "-", "session_id": "-", "timestamp": "2025-08-11T08:26:21.733515+00:00"}
{"asctime": "2025-08-11 10:26:21,733", "levelname": "INFO", "name": "AresGlobal", "message": "[SYSTEM] ================================================================================", "correlation_id": "-", "session_id": "-", "timestamp": "2025-08-11T08:26:21.733686+00:00"}
{"asctime": "2025-08-11 10:26:21,733", "levelname": "INFO", "name": "AresGlobal.AresLauncher", "message": "🚀 Running enhanced 16-step training pipeline for ETHUSDT on BINANCE", "correlation_id": "-", "session_id": "-", "timestamp": "2025-08-11T08:26:21.733799+00:00"}
{"asctime": "2025-08-11 10:26:21,733", "levelname": "INFO", "name": "AresGlobal.AresLauncher", "message": "Starting from step: step4_analyst_labeling_feature_engineering", "correlation_id": "-", "session_id": "-", "timestamp": "2025-08-11T08:26:21.733890+00:00"}
{"asctime": "2025-08-11 10:26:21,733", "levelname": "INFO", "name": "AresGlobal.AresLauncher", "message": "🧪 BLANK TRAINING MODE: Set BLANK_TRAINING_MODE=1 for step-based training", "correlation_id": "-", "session_id": "-", "timestamp": "2025-08-11T08:26:21.733974+00:00"}
{"asctime": "2025-08-11 10:26:21,735", "levelname": "INFO", "name": "AresGlobal.ProgressManager", "message": "Initialized ProgressManager for ETHUSDT on BINANCE", "correlation_id": "-", "session_id": "-", "timestamp": "2025-08-11T08:26:21.735305+00:00"}
{"asctime": "2025-08-11 10:26:21,735", "levelname": "INFO", "name": "AresGlobal.ProgressManager", "message": "Progress directory: data/training/progress/BINANCE_ETHUSDT", "correlation_id": "-", "session_id": "-", "timestamp": "2025-08-11T08:26:21.735414+00:00"}
{"asctime": "2025-08-11 10:26:21,735", "levelname": "INFO", "name": "AresGlobal.StepOrchestrator", "message": "Initialized StepOrchestrator for ETHUSDT on BINANCE", "correlation_id": "-", "session_id": "-", "timestamp": "2025-08-11T08:26:21.735504+00:00"}
{"asctime": "2025-08-11 10:26:21,735", "levelname": "INFO", "name": "AresGlobal.StepOrchestrator", "message": "🚀 Starting execution from step: step4_analyst_labeling_feature_engineering", "correlation_id": "-", "session_id": "-", "timestamp": "2025-08-11T08:26:21.735697+00:00"}
{"asctime": "2025-08-11 10:26:27,628", "levelname": "ERROR", "name": "AresGlobal.StepOrchestrator", "message": "Failed to setup enhanced training manager: unexpected indent (efficiency_optimizer.py, line 115)", "correlation_id": "-", "session_id": "-", "exc_info": "Traceback (most recent call last):\n  File \"/Users/remyroche/Documents/Ares/src/training/step_orchestrator.py\", line 75, in _setup_enhanced_training_manager\n    from src.training.enhanced_training_manager import (\n  File \"/Users/remyroche/Documents/Ares/src/training/enhanced_training_manager.py\", line 60, in <module>\n    from src.training.model_trainer import setup_model_trainer\n  File \"/Users/remyroche/Documents/Ares/src/training/model_trainer.py\", line 24, in <module>\n    from src.training.steps.step12_final_parameters_optimization.optimized_optuna_optimization import (\n  File \"/Users/remyroche/Documents/Ares/src/training/steps/step12_final_parameters_optimization/__init__.py\", line 24, in <module>\n    from .efficiency_optimizer import EfficiencyOptimizer\n  File \"/Users/remyroche/Documents/Ares/src/training/steps/step12_final_parameters_optimization/efficiency_optimizer.py\", line 115\n    self.logger.info(\"✅ Efficiency optimizer initialized successfully\")\nIndentationError: unexpected indent", "timestamp": "2025-08-11T08:26:27.628827+00:00"}
{"asctime": "2025-08-11 10:26:27,632", "levelname": "INFO", "name": "AresGlobal.StepOrchestrator", "message": "\u001b[91m\u001b[1m❌\u001b[0m \u001b[91m\u001b[1mFailed to setup enhanced training manager: unexpected indent (efficiency_optimizer.py, line 115)\u001b[0m", "correlation_id": "-", "session_id": "-", "timestamp": "2025-08-11T08:26:27.632106+00:00"}
{"asctime": "2025-08-11 10:26:27,632", "levelname": "ERROR", "name": "AresGlobal.AresLauncher", "message": "❌ Enhanced 16-step training pipeline failed", "correlation_id": "-", "session_id": "-", "timestamp": "2025-08-11T08:26:27.632496+00:00"}
{"asctime": "2025-08-11 10:26:27,632", "levelname": "INFO", "name": "AresGlobal", "message": "[SYSTEM] ================================================================================", "correlation_id": "-", "session_id": "-", "timestamp": "2025-08-11T08:26:27.632824+00:00"}
{"asctime": "2025-08-11 10:26:27,633", "levelname": "INFO", "name": "AresGlobal", "message": "[SYSTEM] 🛑 ARES LAUNCHER ENDED - Exit code: 1", "correlation_id": "-", "session_id": "-", "timestamp": "2025-08-11T08:26:27.633036+00:00"}
{"asctime": "2025-08-11 10:26:27,633", "levelname": "INFO", "name": "AresGlobal", "message": "[SYSTEM] End time: 2025-08-11 10:26:27", "correlation_id": "-", "session_id": "-", "timestamp": "2025-08-11T08:26:27.633249+00:00"}
{"asctime": "2025-08-11 10:26:27,633", "levelname": "INFO", "name": "AresGlobal", "message": "[SYSTEM] ================================================================================", "correlation_id": "-", "session_id": "-", "timestamp": "2025-08-11T08:26:27.633437+00:00"}
{"asctime": "2025-08-11 10:26:27,633", "levelname": "INFO", "name": "AresGlobal.AresLauncher", "message": "🧹 Cleaning up processes...", "correlation_id": "-", "session_id": "-", "timestamp": "2025-08-11T08:26:27.633535+00:00"}
{"asctime": "2025-08-11 10:26:27,633", "levelname": "INFO", "name": "AresGlobal.AresLauncher", "message": "✅ Cleanup completed", "correlation_id": "-", "session_id": "-", "timestamp": "2025-08-11T08:26:27.633637+00:00"}
