{"asctime": "2025-08-10 10:45:34,011", "levelname": "INFO", "name": "AresTradingSystem", "message": "✅ Enhanced Logger initialization completed successfully", "correlation_id": "-", "session_id": "-", "timestamp": "2025-08-10T08:45:34.011772+00:00"}
{"asctime": "2025-08-10 10:45:34,012", "levelname": "INFO", "name": "AresTradingSystem.System.OptimizedDataDownloader", "message": "🚀 STARTING OPTIMIZED DATA DOWNLOAD PROCESS", "correlation_id": "-", "session_id": "-", "timestamp": "2025-08-10T08:45:34.012249+00:00"}
{"asctime": "2025-08-10 10:45:34,012", "levelname": "INFO", "name": "AresTradingSystem.System.OptimizedDataDownloader", "message": "📊 Configuration: BINANCE ETHUSDT 1m", "correlation_id": "-", "session_id": "-", "timestamp": "2025-08-10T08:45:34.012357+00:00"}
{"asctime": "2025-08-10 10:45:34,012", "levelname": "INFO", "name": "AresTradingSystem.System.OptimizedDataDownloader", "message": "🔧 STEP 1: Initializing optimized downloader...", "correlation_id": "-", "session_id": "-", "timestamp": "2025-08-10T08:45:34.012497+00:00"}
{"asctime": "2025-08-10 10:45:34,012", "levelname": "INFO", "name": "AresTradingSystem.System.OptimizedDataDownloader", "message": "📊 Configuration: exchange=BINANCE, symbol=ETHUSDT, interval=1m, lookback_years=1", "correlation_id": "-", "session_id": "-", "timestamp": "2025-08-10T08:45:34.012582+00:00"}
{"asctime": "2025-08-10 10:45:34,012", "levelname": "INFO", "name": "AresTradingSystem.System.OptimizedDataDownloader", "message": "🔌 Creating exchange client...", "correlation_id": "-", "session_id": "-", "timestamp": "2025-08-10T08:45:34.012680+00:00"}
{"asctime": "2025-08-10 10:45:34,012", "levelname": "INFO", "name": "AresTradingSystem.System.OptimizedDataDownloader", "message": "✅ Exchange client created: BinanceExchange", "correlation_id": "-", "session_id": "-", "timestamp": "2025-08-10T08:45:34.012915+00:00"}
{"asctime": "2025-08-10 10:45:34,013", "levelname": "INFO", "name": "AresTradingSystem.System.OptimizedDataDownloader", "message": "🌐 Setting up HTTP session...", "correlation_id": "-", "session_id": "-", "timestamp": "2025-08-10T08:45:34.013036+00:00"}
{"asctime": "2025-08-10 10:45:34,013", "levelname": "INFO", "name": "AresTradingSystem.System.OptimizedDataDownloader", "message": "✅ HTTP session configured", "correlation_id": "-", "session_id": "-", "timestamp": "2025-08-10T08:45:34.013595+00:00"}
{"asctime": "2025-08-10 10:45:34,013", "levelname": "INFO", "name": "AresTradingSystem.System.OptimizedDataDownloader", "message": "📁 Ensuring cache directory exists...", "correlation_id": "-", "session_id": "-", "timestamp": "2025-08-10T08:45:34.013681+00:00"}
{"asctime": "2025-08-10 10:45:34,013", "levelname": "INFO", "name": "AresTradingSystem.System.OptimizedDataDownloader", "message": "✅ Cache directory ready: data_cache", "correlation_id": "-", "session_id": "-", "timestamp": "2025-08-10T08:45:34.013762+00:00"}
{"asctime": "2025-08-10 10:45:34,013", "levelname": "INFO", "name": "AresTradingSystem.System.OptimizedDataDownloader", "message": "✅ STEP 1 COMPLETED: Optimized downloader initialized successfully", "correlation_id": "-", "session_id": "-", "timestamp": "2025-08-10T08:45:34.013827+00:00"}
{"asctime": "2025-08-10 10:45:34,015", "levelname": "INFO", "name": "AresTradingSystem.System.OptimizedDataDownloader", "message": "🔄 STEP 4: Starting parallel downloads for all data types...", "correlation_id": "-", "session_id": "-", "timestamp": "2025-08-10T08:45:34.015370+00:00"}
{"asctime": "2025-08-10 10:45:34,015", "levelname": "INFO", "name": "AresTradingSystem.System.OptimizedDataDownloader", "message": "📋 Created 3 parallel download tasks", "correlation_id": "-", "session_id": "-", "timestamp": "2025-08-10T08:45:34.015454+00:00"}
{"asctime": "2025-08-10 10:45:34,015", "levelname": "INFO", "name": "AresTradingSystem.System.OptimizedDataDownloader", "message": "⏳ Executing all tasks concurrently...", "correlation_id": "-", "session_id": "-", "timestamp": "2025-08-10T08:45:34.015515+00:00"}
{"asctime": "2025-08-10 10:45:34,015", "levelname": "INFO", "name": "AresTradingSystem.System.OptimizedDataDownloader", "message": "🚀 STEP 3: Starting parallel klines download...", "correlation_id": "-", "session_id": "-", "timestamp": "2025-08-10T08:45:34.015619+00:00"}
{"asctime": "2025-08-10 10:45:34,015", "levelname": "INFO", "name": "AresTradingSystem.System.OptimizedDataDownloader", "message": "📅 STEP 2: Calculating time periods for klines...", "correlation_id": "-", "session_id": "-", "timestamp": "2025-08-10T08:45:34.015709+00:00"}
{"asctime": "2025-08-10 10:45:34,015", "levelname": "INFO", "name": "AresTradingSystem.System.OptimizedDataDownloader", "message": "📊 Date range: 2024-08-10 to 2025-08-10", "correlation_id": "-", "session_id": "-", "timestamp": "2025-08-10T08:45:34.015798+00:00"}
{"asctime": "2025-08-10 10:45:34,015", "levelname": "INFO", "name": "AresTradingSystem.System.OptimizedDataDownloader", "message": "📊 Total days: 365", "correlation_id": "-", "session_id": "-", "timestamp": "2025-08-10T08:45:34.015856+00:00"}
{"asctime": "2025-08-10 10:45:34,015", "levelname": "INFO", "name": "AresTradingSystem.System.OptimizedDataDownloader", "message": "📈 Processing klines (monthly periods)...", "correlation_id": "-", "session_id": "-", "timestamp": "2025-08-10T08:45:34.015916+00:00"}
{"asctime": "2025-08-10 10:45:34,015", "levelname": "INFO", "name": "AresTradingSystem.System.OptimizedDataDownloader", "message": "📁 Skipping existing: klines_BINANCE_ETHUSDT_1m_2024-08.csv", "correlation_id": "-", "session_id": "-", "timestamp": "2025-08-10T08:45:34.015996+00:00"}
{"asctime": "2025-08-10 10:45:34,016", "levelname": "INFO", "name": "AresTradingSystem.System.OptimizedDataDownloader", "message": "📁 Skipping existing: klines_BINANCE_ETHUSDT_1m_2024-09.csv", "correlation_id": "-", "session_id": "-", "timestamp": "2025-08-10T08:45:34.016070+00:00"}
{"asctime": "2025-08-10 10:45:34,016", "levelname": "INFO", "name": "AresTradingSystem.System.OptimizedDataDownloader", "message": "📁 Skipping existing: klines_BINANCE_ETHUSDT_1m_2024-10.csv", "correlation_id": "-", "session_id": "-", "timestamp": "2025-08-10T08:45:34.016239+00:00"}
{"asctime": "2025-08-10 10:45:34,016", "levelname": "INFO", "name": "AresTradingSystem.System.OptimizedDataDownloader", "message": "📁 Skipping existing: klines_BINANCE_ETHUSDT_1m_2024-11.csv", "correlation_id": "-", "session_id": "-", "timestamp": "2025-08-10T08:45:34.016342+00:00"}
{"asctime": "2025-08-10 10:45:34,016", "levelname": "INFO", "name": "AresTradingSystem.System.OptimizedDataDownloader", "message": "📁 Skipping existing: klines_BINANCE_ETHUSDT_1m_2024-12.csv", "correlation_id": "-", "session_id": "-", "timestamp": "2025-08-10T08:45:34.016530+00:00"}
{"asctime": "2025-08-10 10:45:34,016", "levelname": "INFO", "name": "AresTradingSystem.System.OptimizedDataDownloader", "message": "📁 Skipping existing: klines_BINANCE_ETHUSDT_1m_2025-01.csv", "correlation_id": "-", "session_id": "-", "timestamp": "2025-08-10T08:45:34.016639+00:00"}
{"asctime": "2025-08-10 10:45:34,016", "levelname": "INFO", "name": "AresTradingSystem.System.OptimizedDataDownloader", "message": "📁 Skipping existing: klines_BINANCE_ETHUSDT_1m_2025-02.csv", "correlation_id": "-", "session_id": "-", "timestamp": "2025-08-10T08:45:34.016721+00:00"}
{"asctime": "2025-08-10 10:45:34,016", "levelname": "INFO", "name": "AresTradingSystem.System.OptimizedDataDownloader", "message": "📁 Skipping existing: klines_BINANCE_ETHUSDT_1m_2025-03.csv", "correlation_id": "-", "session_id": "-", "timestamp": "2025-08-10T08:45:34.016798+00:00"}
{"asctime": "2025-08-10 10:45:34,016", "levelname": "INFO", "name": "AresTradingSystem.System.OptimizedDataDownloader", "message": "📁 Skipping existing: klines_BINANCE_ETHUSDT_1m_2025-04.csv", "correlation_id": "-", "session_id": "-", "timestamp": "2025-08-10T08:45:34.016870+00:00"}
{"asctime": "2025-08-10 10:45:34,016", "levelname": "INFO", "name": "AresTradingSystem.System.OptimizedDataDownloader", "message": "📁 Skipping existing: klines_BINANCE_ETHUSDT_1m_2025-05.csv", "correlation_id": "-", "session_id": "-", "timestamp": "2025-08-10T08:45:34.016938+00:00"}
{"asctime": "2025-08-10 10:45:34,017", "levelname": "INFO", "name": "AresTradingSystem.System.OptimizedDataDownloader", "message": "📁 Skipping existing: klines_BINANCE_ETHUSDT_1m_2025-06.csv", "correlation_id": "-", "session_id": "-", "timestamp": "2025-08-10T08:45:34.017012+00:00"}
{"asctime": "2025-08-10 10:45:34,017", "levelname": "INFO", "name": "AresTradingSystem.System.OptimizedDataDownloader", "message": "📁 Skipping existing: klines_BINANCE_ETHUSDT_1m_2025-07.csv", "correlation_id": "-", "session_id": "-", "timestamp": "2025-08-10T08:45:34.017135+00:00"}
{"asctime": "2025-08-10 10:45:34,017", "levelname": "INFO", "name": "AresTradingSystem.System.OptimizedDataDownloader", "message": "📁 Skipping existing: klines_BINANCE_ETHUSDT_1m_2025-08.csv", "correlation_id": "-", "session_id": "-", "timestamp": "2025-08-10T08:45:34.017202+00:00"}
{"asctime": "2025-08-10 10:45:34,017", "levelname": "INFO", "name": "AresTradingSystem.System.OptimizedDataDownloader", "message": "📊 Summary: 0 months to download, 13 months skipped", "correlation_id": "-", "session_id": "-", "timestamp": "2025-08-10T08:45:34.017281+00:00"}
{"asctime": "2025-08-10 10:45:34,017", "levelname": "INFO", "name": "AresTradingSystem.System.OptimizedDataDownloader", "message": "📊 Found 0 monthly periods to download", "correlation_id": "-", "session_id": "-", "timestamp": "2025-08-10T08:45:34.017374+00:00"}
{"asctime": "2025-08-10 10:45:34,017", "levelname": "INFO", "name": "AresTradingSystem.System.OptimizedDataDownloader", "message": "⚠️ No klines periods to download - all data already exists", "correlation_id": "-", "session_id": "-", "timestamp": "2025-08-10T08:45:34.017442+00:00"}
{"asctime": "2025-08-10 10:45:34,017", "levelname": "INFO", "name": "AresTradingSystem.System.OptimizedDataDownloader", "message": "🚀 STEP 3B: Starting parallel aggtrades download...", "correlation_id": "-", "session_id": "-", "timestamp": "2025-08-10T08:45:34.017513+00:00"}
{"asctime": "2025-08-10 10:45:34,017", "levelname": "INFO", "name": "AresTradingSystem.System.OptimizedDataDownloader", "message": "📅 STEP 2: Calculating time periods for aggtrades...", "correlation_id": "-", "session_id": "-", "timestamp": "2025-08-10T08:45:34.017580+00:00"}
{"asctime": "2025-08-10 10:45:38,367", "levelname": "INFO", "name": "AresTradingSystem.System.OptimizedDataDownloader", "message": "📊 Date range: 2025-08-09 to 2025-08-10", "correlation_id": "-", "session_id": "-", "timestamp": "2025-08-10T08:45:38.367574+00:00"}
{"asctime": "2025-08-10 10:45:38,367", "levelname": "INFO", "name": "AresTradingSystem.System.OptimizedDataDownloader", "message": "📊 Total days: 0", "correlation_id": "-", "session_id": "-", "timestamp": "2025-08-10T08:45:38.367851+00:00"}
{"asctime": "2025-08-10 10:45:38,367", "levelname": "INFO", "name": "AresTradingSystem.System.OptimizedDataDownloader", "message": "📊 Processing aggtrades (daily periods)...", "correlation_id": "-", "session_id": "-", "timestamp": "2025-08-10T08:45:38.367937+00:00"}
{"asctime": "2025-08-10 10:45:38,368", "levelname": "INFO", "name": "AresTradingSystem.System.OptimizedDataDownloader", "message": "📁 Skipping existing: aggtrades_BINANCE_ETHUSDT_2025-08-09.csv", "correlation_id": "-", "session_id": "-", "timestamp": "2025-08-10T08:45:38.368063+00:00"}
{"asctime": "2025-08-10 10:45:38,368", "levelname": "INFO", "name": "AresTradingSystem.System.OptimizedDataDownloader", "message": "📊 Summary: 0 days to download, 1 days skipped", "correlation_id": "-", "session_id": "-", "timestamp": "2025-08-10T08:45:38.368144+00:00"}
{"asctime": "2025-08-10 10:45:38,368", "levelname": "INFO", "name": "AresTradingSystem.System.OptimizedDataDownloader", "message": "📊 Found 0 daily periods to download", "correlation_id": "-", "session_id": "-", "timestamp": "2025-08-10T08:45:38.368225+00:00"}
{"asctime": "2025-08-10 10:45:38,368", "levelname": "INFO", "name": "AresTradingSystem.System.OptimizedDataDownloader", "message": "⚠️ No aggtrades periods to download - all data already exists", "correlation_id": "-", "session_id": "-", "timestamp": "2025-08-10T08:45:38.368289+00:00"}
{"asctime": "2025-08-10 10:45:38,368", "levelname": "INFO", "name": "AresTradingSystem.System.OptimizedDataDownloader", "message": "🚀 STEP 3C: Starting parallel futures download...", "correlation_id": "-", "session_id": "-", "timestamp": "2025-08-10T08:45:38.368401+00:00"}
{"asctime": "2025-08-10 10:45:38,368", "levelname": "INFO", "name": "AresTradingSystem.System.OptimizedDataDownloader", "message": "📅 STEP 2: Calculating time periods for futures...", "correlation_id": "-", "session_id": "-", "timestamp": "2025-08-10T08:45:38.368588+00:00"}
{"asctime": "2025-08-10 10:45:38,368", "levelname": "INFO", "name": "AresTradingSystem.System.OptimizedDataDownloader", "message": "📊 Date range: 2024-08-10 to 2025-08-10", "correlation_id": "-", "session_id": "-", "timestamp": "2025-08-10T08:45:38.368702+00:00"}
{"asctime": "2025-08-10 10:45:38,368", "levelname": "INFO", "name": "AresTradingSystem.System.OptimizedDataDownloader", "message": "📊 Total days: 365", "correlation_id": "-", "session_id": "-", "timestamp": "2025-08-10T08:45:38.368773+00:00"}
{"asctime": "2025-08-10 10:45:38,368", "levelname": "INFO", "name": "AresTradingSystem.System.OptimizedDataDownloader", "message": "📈 Processing futures (monthly periods)...", "correlation_id": "-", "session_id": "-", "timestamp": "2025-08-10T08:45:38.368845+00:00"}
{"asctime": "2025-08-10 10:45:38,368", "levelname": "INFO", "name": "AresTradingSystem.System.OptimizedDataDownloader", "message": "📥 Will download: futures_BINANCE_ETHUSDT_2024-08.csv", "correlation_id": "-", "session_id": "-", "timestamp": "2025-08-10T08:45:38.368953+00:00"}
{"asctime": "2025-08-10 10:45:38,369", "levelname": "INFO", "name": "AresTradingSystem.System.OptimizedDataDownloader", "message": "📥 Will download: futures_BINANCE_ETHUSDT_2024-09.csv", "correlation_id": "-", "session_id": "-", "timestamp": "2025-08-10T08:45:38.369034+00:00"}
{"asctime": "2025-08-10 10:45:38,369", "levelname": "INFO", "name": "AresTradingSystem.System.OptimizedDataDownloader", "message": "📥 Will download: futures_BINANCE_ETHUSDT_2024-10.csv", "correlation_id": "-", "session_id": "-", "timestamp": "2025-08-10T08:45:38.369127+00:00"}
{"asctime": "2025-08-10 10:45:38,369", "levelname": "INFO", "name": "AresTradingSystem.System.OptimizedDataDownloader", "message": "📥 Will download: futures_BINANCE_ETHUSDT_2024-11.csv", "correlation_id": "-", "session_id": "-", "timestamp": "2025-08-10T08:45:38.369203+00:00"}
{"asctime": "2025-08-10 10:45:38,369", "levelname": "INFO", "name": "AresTradingSystem.System.OptimizedDataDownloader", "message": "📥 Will download: futures_BINANCE_ETHUSDT_2024-12.csv", "correlation_id": "-", "session_id": "-", "timestamp": "2025-08-10T08:45:38.369278+00:00"}
{"asctime": "2025-08-10 10:45:38,369", "levelname": "INFO", "name": "AresTradingSystem.System.OptimizedDataDownloader", "message": "📥 Will download: futures_BINANCE_ETHUSDT_2025-01.csv", "correlation_id": "-", "session_id": "-", "timestamp": "2025-08-10T08:45:38.369355+00:00"}
{"asctime": "2025-08-10 10:45:38,369", "levelname": "INFO", "name": "AresTradingSystem.System.OptimizedDataDownloader", "message": "📥 Will download: futures_BINANCE_ETHUSDT_2025-02.csv", "correlation_id": "-", "session_id": "-", "timestamp": "2025-08-10T08:45:38.369435+00:00"}
{"asctime": "2025-08-10 10:45:38,369", "levelname": "INFO", "name": "AresTradingSystem.System.OptimizedDataDownloader", "message": "📥 Will download: futures_BINANCE_ETHUSDT_2025-03.csv", "correlation_id": "-", "session_id": "-", "timestamp": "2025-08-10T08:45:38.369513+00:00"}
{"asctime": "2025-08-10 10:45:38,369", "levelname": "INFO", "name": "AresTradingSystem.System.OptimizedDataDownloader", "message": "📥 Will download: futures_BINANCE_ETHUSDT_2025-04.csv", "correlation_id": "-", "session_id": "-", "timestamp": "2025-08-10T08:45:38.369587+00:00"}
{"asctime": "2025-08-10 10:45:38,369", "levelname": "INFO", "name": "AresTradingSystem.System.OptimizedDataDownloader", "message": "📥 Will download: futures_BINANCE_ETHUSDT_2025-05.csv", "correlation_id": "-", "session_id": "-", "timestamp": "2025-08-10T08:45:38.369663+00:00"}
{"asctime": "2025-08-10 10:45:38,369", "levelname": "INFO", "name": "AresTradingSystem.System.OptimizedDataDownloader", "message": "📥 Will download: futures_BINANCE_ETHUSDT_2025-06.csv", "correlation_id": "-", "session_id": "-", "timestamp": "2025-08-10T08:45:38.369747+00:00"}
{"asctime": "2025-08-10 10:45:38,369", "levelname": "INFO", "name": "AresTradingSystem.System.OptimizedDataDownloader", "message": "📥 Will download: futures_BINANCE_ETHUSDT_2025-07.csv", "correlation_id": "-", "session_id": "-", "timestamp": "2025-08-10T08:45:38.369828+00:00"}
{"asctime": "2025-08-10 10:45:38,369", "levelname": "INFO", "name": "AresTradingSystem.System.OptimizedDataDownloader", "message": "📥 Will download: futures_BINANCE_ETHUSDT_2025-08.csv", "correlation_id": "-", "session_id": "-", "timestamp": "2025-08-10T08:45:38.369935+00:00"}
{"asctime": "2025-08-10 10:45:38,370", "levelname": "INFO", "name": "AresTradingSystem.System.OptimizedDataDownloader", "message": "📊 Summary: 13 months to download, 0 months skipped", "correlation_id": "-", "session_id": "-", "timestamp": "2025-08-10T08:45:38.370014+00:00"}
{"asctime": "2025-08-10 10:45:38,370", "levelname": "INFO", "name": "AresTradingSystem.System.OptimizedDataDownloader", "message": "📊 Found 13 daily periods to download", "correlation_id": "-", "session_id": "-", "timestamp": "2025-08-10T08:45:38.370083+00:00"}
{"asctime": "2025-08-10 10:45:38,370", "levelname": "INFO", "name": "AresTradingSystem.System.OptimizedDataDownloader", "message": "🔄 Creating 13 parallel download tasks...", "correlation_id": "-", "session_id": "-", "timestamp": "2025-08-10T08:45:38.370152+00:00"}
{"asctime": "2025-08-10 10:45:38,370", "levelname": "INFO", "name": "AresTradingSystem.System.OptimizedDataDownloader", "message": "📋 Task 1: 2024-08-01 to 2024-09-01", "correlation_id": "-", "session_id": "-", "timestamp": "2025-08-10T08:45:38.370227+00:00"}
{"asctime": "2025-08-10 10:45:38,370", "levelname": "INFO", "name": "AresTradingSystem.System.OptimizedDataDownloader", "message": "📋 Task 2: 2024-09-01 to 2024-10-01", "correlation_id": "-", "session_id": "-", "timestamp": "2025-08-10T08:45:38.370304+00:00"}
{"asctime": "2025-08-10 10:45:38,370", "levelname": "INFO", "name": "AresTradingSystem.System.OptimizedDataDownloader", "message": "📋 Task 3: 2024-10-01 to 2024-11-01", "correlation_id": "-", "session_id": "-", "timestamp": "2025-08-10T08:45:38.370374+00:00"}
{"asctime": "2025-08-10 10:45:38,370", "levelname": "INFO", "name": "AresTradingSystem.System.OptimizedDataDownloader", "message": "📋 Task 4: 2024-11-01 to 2024-12-01", "correlation_id": "-", "session_id": "-", "timestamp": "2025-08-10T08:45:38.370440+00:00"}
{"asctime": "2025-08-10 10:45:38,370", "levelname": "INFO", "name": "AresTradingSystem.System.OptimizedDataDownloader", "message": "📋 Task 5: 2024-12-01 to 2025-01-01", "correlation_id": "-", "session_id": "-", "timestamp": "2025-08-10T08:45:38.370510+00:00"}
{"asctime": "2025-08-10 10:45:38,370", "levelname": "INFO", "name": "AresTradingSystem.System.OptimizedDataDownloader", "message": "⏳ Executing 13 tasks concurrently...", "correlation_id": "-", "session_id": "-", "timestamp": "2025-08-10T08:45:38.370572+00:00"}
{"asctime": "2025-08-10 10:45:38,370", "levelname": "INFO", "name": "AresTradingSystem.System.OptimizedDataDownloader", "message": "📥 Downloading futures for 2024-08", "correlation_id": "-", "session_id": "-", "timestamp": "2025-08-10T08:45:38.370797+00:00"}
{"asctime": "2025-08-10 10:45:38,370", "levelname": "INFO", "name": "AresTradingSystem.System.OptimizedDataDownloader", "message": "⏰ Time range: 2024-08-01 00:00:00 to 2024-09-01 00:00:00", "correlation_id": "-", "session_id": "-", "timestamp": "2025-08-10T08:45:38.370880+00:00"}
{"asctime": "2025-08-10 10:45:38,370", "levelname": "INFO", "name": "AresTradingSystem.System.OptimizedDataDownloader", "message": "🔢 Timestamps: 1722463200000 to 1725141600000", "correlation_id": "-", "session_id": "-", "timestamp": "2025-08-10T08:45:38.370939+00:00"}
{"asctime": "2025-08-10 10:45:38,371", "levelname": "INFO", "name": "AresTradingSystem.System.OptimizedDataDownloader", "message": "🔌 Making API call to BINANCE", "correlation_id": "-", "session_id": "-", "timestamp": "2025-08-10T08:45:38.371004+00:00"}
{"asctime": "2025-08-10 10:45:38,371", "levelname": "INFO", "name": "AresTradingSystem.System.OptimizedDataDownloader", "message": "🔄 Starting incremental futures download for 2024-08", "correlation_id": "-", "session_id": "-", "timestamp": "2025-08-10T08:45:38.371076+00:00"}
{"asctime": "2025-08-10 10:45:38,371", "levelname": "INFO", "name": "AresTradingSystem.System.OptimizedDataDownloader", "message": "📥 Batch 1: Downloading futures from 2024-08-01 00:00:00", "correlation_id": "-", "session_id": "-", "timestamp": "2025-08-10T08:45:38.371140+00:00"}
{"asctime": "2025-08-10 10:45:38,371", "levelname": "INFO", "name": "AresTradingSystem.System.OptimizedDataDownloader", "message": "🔌 API CALL #1: get_historical_futures_data(ETHUSDT, 2024-08-01 00:00:00, 2024-09-01 00:00:00)", "correlation_id": "-", "session_id": "-", "timestamp": "2025-08-10T08:45:38.371218+00:00"}
{"asctime": "2025-08-10 10:45:38,381", "levelname": "INFO", "name": "AresTradingSystem.System.OptimizedDataDownloader", "message": "📥 Downloading futures for 2024-09", "correlation_id": "-", "session_id": "-", "timestamp": "2025-08-10T08:45:38.381811+00:00"}
{"asctime": "2025-08-10 10:45:38,381", "levelname": "INFO", "name": "AresTradingSystem.System.OptimizedDataDownloader", "message": "⏰ Time range: 2024-09-01 00:00:00 to 2024-10-01 00:00:00", "correlation_id": "-", "session_id": "-", "timestamp": "2025-08-10T08:45:38.381945+00:00"}
{"asctime": "2025-08-10 10:45:38,382", "levelname": "INFO", "name": "AresTradingSystem.System.OptimizedDataDownloader", "message": "🔢 Timestamps: 1725141600000 to 1727733600000", "correlation_id": "-", "session_id": "-", "timestamp": "2025-08-10T08:45:38.382007+00:00"}
{"asctime": "2025-08-10 10:45:38,382", "levelname": "INFO", "name": "AresTradingSystem.System.OptimizedDataDownloader", "message": "🔌 Making API call to BINANCE", "correlation_id": "-", "session_id": "-", "timestamp": "2025-08-10T08:45:38.382071+00:00"}
{"asctime": "2025-08-10 10:45:38,382", "levelname": "INFO", "name": "AresTradingSystem.System.OptimizedDataDownloader", "message": "🔄 Starting incremental futures download for 2024-09", "correlation_id": "-", "session_id": "-", "timestamp": "2025-08-10T08:45:38.382146+00:00"}
{"asctime": "2025-08-10 10:45:38,382", "levelname": "INFO", "name": "AresTradingSystem.System.OptimizedDataDownloader", "message": "📥 Batch 1: Downloading futures from 2024-09-01 00:00:00", "correlation_id": "-", "session_id": "-", "timestamp": "2025-08-10T08:45:38.382212+00:00"}
{"asctime": "2025-08-10 10:45:38,382", "levelname": "INFO", "name": "AresTradingSystem.System.OptimizedDataDownloader", "message": "🔌 API CALL #1: get_historical_futures_data(ETHUSDT, 2024-09-01 00:00:00, 2024-10-01 00:00:00)", "correlation_id": "-", "session_id": "-", "timestamp": "2025-08-10T08:45:38.382285+00:00"}
{"asctime": "2025-08-10 10:45:38,382", "levelname": "INFO", "name": "AresTradingSystem.System.OptimizedDataDownloader", "message": "📥 Downloading futures for 2024-10", "correlation_id": "-", "session_id": "-", "timestamp": "2025-08-10T08:45:38.382454+00:00"}
{"asctime": "2025-08-10 10:45:38,382", "levelname": "INFO", "name": "AresTradingSystem.System.OptimizedDataDownloader", "message": "⏰ Time range: 2024-10-01 00:00:00 to 2024-11-01 00:00:00", "correlation_id": "-", "session_id": "-", "timestamp": "2025-08-10T08:45:38.382532+00:00"}
{"asctime": "2025-08-10 10:45:38,382", "levelname": "INFO", "name": "AresTradingSystem.System.OptimizedDataDownloader", "message": "🔢 Timestamps: 1727733600000 to 1730415600000", "correlation_id": "-", "session_id": "-", "timestamp": "2025-08-10T08:45:38.382590+00:00"}
{"asctime": "2025-08-10 10:45:38,382", "levelname": "INFO", "name": "AresTradingSystem.System.OptimizedDataDownloader", "message": "🔌 Making API call to BINANCE", "correlation_id": "-", "session_id": "-", "timestamp": "2025-08-10T08:45:38.382647+00:00"}
{"asctime": "2025-08-10 10:45:38,382", "levelname": "INFO", "name": "AresTradingSystem.System.OptimizedDataDownloader", "message": "🔄 Starting incremental futures download for 2024-10", "correlation_id": "-", "session_id": "-", "timestamp": "2025-08-10T08:45:38.382726+00:00"}
{"asctime": "2025-08-10 10:45:38,382", "levelname": "INFO", "name": "AresTradingSystem.System.OptimizedDataDownloader", "message": "📥 Batch 1: Downloading futures from 2024-10-01 00:00:00", "correlation_id": "-", "session_id": "-", "timestamp": "2025-08-10T08:45:38.382787+00:00"}
{"asctime": "2025-08-10 10:45:38,382", "levelname": "INFO", "name": "AresTradingSystem.System.OptimizedDataDownloader", "message": "🔌 API CALL #1: get_historical_futures_data(ETHUSDT, 2024-10-01 00:00:00, 2024-11-01 00:00:00)", "correlation_id": "-", "session_id": "-", "timestamp": "2025-08-10T08:45:38.382852+00:00"}
{"asctime": "2025-08-10 10:45:38,383", "levelname": "INFO", "name": "AresTradingSystem.System.OptimizedDataDownloader", "message": "📥 Downloading futures for 2024-11", "correlation_id": "-", "session_id": "-", "timestamp": "2025-08-10T08:45:38.383006+00:00"}
{"asctime": "2025-08-10 10:45:38,383", "levelname": "INFO", "name": "AresTradingSystem.System.OptimizedDataDownloader", "message": "⏰ Time range: 2024-11-01 00:00:00 to 2024-12-01 00:00:00", "correlation_id": "-", "session_id": "-", "timestamp": "2025-08-10T08:45:38.383078+00:00"}
{"asctime": "2025-08-10 10:45:38,383", "levelname": "INFO", "name": "AresTradingSystem.System.OptimizedDataDownloader", "message": "🔢 Timestamps: 1730415600000 to 1733007600000", "correlation_id": "-", "session_id": "-", "timestamp": "2025-08-10T08:45:38.383340+00:00"}
{"asctime": "2025-08-10 10:45:38,383", "levelname": "INFO", "name": "AresTradingSystem.System.OptimizedDataDownloader", "message": "🔌 Making API call to BINANCE", "correlation_id": "-", "session_id": "-", "timestamp": "2025-08-10T08:45:38.383400+00:00"}
{"asctime": "2025-08-10 10:45:38,383", "levelname": "INFO", "name": "AresTradingSystem.System.OptimizedDataDownloader", "message": "🔄 Starting incremental futures download for 2024-11", "correlation_id": "-", "session_id": "-", "timestamp": "2025-08-10T08:45:38.383466+00:00"}
{"asctime": "2025-08-10 10:45:38,383", "levelname": "INFO", "name": "AresTradingSystem.System.OptimizedDataDownloader", "message": "📥 Batch 1: Downloading futures from 2024-11-01 00:00:00", "correlation_id": "-", "session_id": "-", "timestamp": "2025-08-10T08:45:38.383531+00:00"}
{"asctime": "2025-08-10 10:45:38,383", "levelname": "INFO", "name": "AresTradingSystem.System.OptimizedDataDownloader", "message": "🔌 API CALL #1: get_historical_futures_data(ETHUSDT, 2024-11-01 00:00:00, 2024-12-01 00:00:00)", "correlation_id": "-", "session_id": "-", "timestamp": "2025-08-10T08:45:38.383596+00:00"}
{"asctime": "2025-08-10 10:45:38,383", "levelname": "INFO", "name": "AresTradingSystem.System.OptimizedDataDownloader", "message": "📥 Downloading futures for 2024-12", "correlation_id": "-", "session_id": "-", "timestamp": "2025-08-10T08:45:38.383711+00:00"}
{"asctime": "2025-08-10 10:45:38,383", "levelname": "INFO", "name": "AresTradingSystem.System.OptimizedDataDownloader", "message": "⏰ Time range: 2024-12-01 00:00:00 to 2025-01-01 00:00:00", "correlation_id": "-", "session_id": "-", "timestamp": "2025-08-10T08:45:38.383784+00:00"}
{"asctime": "2025-08-10 10:45:38,383", "levelname": "INFO", "name": "AresTradingSystem.System.OptimizedDataDownloader", "message": "🔢 Timestamps: 1733007600000 to 1735686000000", "correlation_id": "-", "session_id": "-", "timestamp": "2025-08-10T08:45:38.383840+00:00"}
{"asctime": "2025-08-10 10:45:38,383", "levelname": "INFO", "name": "AresTradingSystem.System.OptimizedDataDownloader", "message": "🔌 Making API call to BINANCE", "correlation_id": "-", "session_id": "-", "timestamp": "2025-08-10T08:45:38.383898+00:00"}
{"asctime": "2025-08-10 10:45:38,383", "levelname": "INFO", "name": "AresTradingSystem.System.OptimizedDataDownloader", "message": "🔄 Starting incremental futures download for 2024-12", "correlation_id": "-", "session_id": "-", "timestamp": "2025-08-10T08:45:38.383967+00:00"}
{"asctime": "2025-08-10 10:45:38,384", "levelname": "INFO", "name": "AresTradingSystem.System.OptimizedDataDownloader", "message": "📥 Batch 1: Downloading futures from 2024-12-01 00:00:00", "correlation_id": "-", "session_id": "-", "timestamp": "2025-08-10T08:45:38.384027+00:00"}
{"asctime": "2025-08-10 10:45:38,384", "levelname": "INFO", "name": "AresTradingSystem.System.OptimizedDataDownloader", "message": "🔌 API CALL #1: get_historical_futures_data(ETHUSDT, 2024-12-01 00:00:00, 2025-01-01 00:00:00)", "correlation_id": "-", "session_id": "-", "timestamp": "2025-08-10T08:45:38.384173+00:00"}
{"asctime": "2025-08-10 10:45:39,033", "levelname": "INFO", "name": "AresTradingSystem.System.OptimizedDataDownloader", "message": "📊 Batch 1: Received 1 futures records", "correlation_id": "-", "session_id": "-", "timestamp": "2025-08-10T08:45:39.033467+00:00"}
{"asctime": "2025-08-10 10:45:39,033", "levelname": "WARNING", "name": "AresTradingSystem.System.OptimizedDataDownloader", "message": "⚠️ No progress in timestamp, stopping pagination", "correlation_id": "-", "session_id": "-", "timestamp": "2025-08-10T08:45:39.033663+00:00"}
{"asctime": "2025-08-10 10:45:39,033", "levelname": "INFO", "name": "AresTradingSystem.System.OptimizedDataDownloader", "message": "✅ Completed incremental futures download: 1 total futures records in 1 batches", "correlation_id": "-", "session_id": "-", "timestamp": "2025-08-10T08:45:39.033753+00:00"}
{"asctime": "2025-08-10 10:45:39,033", "levelname": "INFO", "name": "AresTradingSystem.System.OptimizedDataDownloader", "message": "📊 Received 1 futures records", "correlation_id": "-", "session_id": "-", "timestamp": "2025-08-10T08:45:39.033828+00:00"}
{"asctime": "2025-08-10 10:45:39,033", "levelname": "INFO", "name": "AresTradingSystem.System.OptimizedDataDownloader", "message": "🔄 Processing data...", "correlation_id": "-", "session_id": "-", "timestamp": "2025-08-10T08:45:39.033895+00:00"}
{"asctime": "2025-08-10 10:45:39,034", "levelname": "INFO", "name": "AresTradingSystem.System.OptimizedDataDownloader", "message": "💾 Creating new CSV file: futures_BINANCE_ETHUSDT_2024-12.csv", "correlation_id": "-", "session_id": "-", "timestamp": "2025-08-10T08:45:39.034581+00:00"}
{"asctime": "2025-08-10 10:45:39,034", "levelname": "INFO", "name": "AresTradingSystem.System.OptimizedDataDownloader", "message": "📁 File path: data_cache/futures_BINANCE_ETHUSDT_2024-12.csv", "correlation_id": "-", "session_id": "-", "timestamp": "2025-08-10T08:45:39.034661+00:00"}
{"asctime": "2025-08-10 10:45:39,034", "levelname": "INFO", "name": "AresTradingSystem.System.OptimizedDataDownloader", "message": "📊 Data shape: (1, 1)", "correlation_id": "-", "session_id": "-", "timestamp": "2025-08-10T08:45:39.034723+00:00"}
{"asctime": "2025-08-10 10:45:39,034", "levelname": "INFO", "name": "AresTradingSystem.System.OptimizedDataDownloader", "message": "📈 Records: 1 futures records", "correlation_id": "-", "session_id": "-", "timestamp": "2025-08-10T08:45:39.034782+00:00"}
