{"asctime": "2025-08-10 11:01:50,551", "levelname": "INFO", "name": "AresTradingSystem", "message": "✅ Enhanced Logger initialization completed successfully", "correlation_id": "-", "session_id": "-", "timestamp": "2025-08-10T09:01:50.551625+00:00"}
{"asctime": "2025-08-10 11:01:50,560", "levelname": "INFO", "name": "AresTradingSystem.System", "message": "Environment configuration loaded successfully. Trading Environment: PAPER, Exchange: BINANCE", "correlation_id": "-", "session_id": "-", "timestamp": "2025-08-10T09:01:50.560398+00:00"}
{"asctime": "2025-08-10 11:01:51,025", "levelname": "INFO", "name": "AresTradingSystem.System.UnifiedDataConverter", "message": "🚀 Initializing Unified Data Converter...", "correlation_id": "-", "session_id": "-", "timestamp": "2025-08-10T09:01:51.025307+00:00"}
{"asctime": "2025-08-10 11:01:51,025", "levelname": "INFO", "name": "AresTradingSystem.System.UnifiedDataConverter", "message": "📁 Unified data directory: data_cache/unified", "correlation_id": "-", "session_id": "-", "timestamp": "2025-08-10T09:01:51.025585+00:00"}
{"asctime": "2025-08-10 11:01:51,025", "levelname": "INFO", "name": "AresTradingSystem.System.UnifiedDataConverter", "message": "📁 Backup directory: data_cache/backup_pre_unified", "correlation_id": "-", "session_id": "-", "timestamp": "2025-08-10T09:01:51.025669+00:00"}
{"asctime": "2025-08-10 11:01:51,025", "levelname": "INFO", "name": "AresTradingSystem.System.UnifiedDataConverter", "message": "================================================================================", "correlation_id": "-", "session_id": "-", "timestamp": "2025-08-10T09:01:51.025746+00:00"}
{"asctime": "2025-08-10 11:01:51,025", "levelname": "INFO", "name": "AresTradingSystem.System.UnifiedDataConverter", "message": "🔄 STEP 1.5: Unified Data Converter", "correlation_id": "-", "session_id": "-", "timestamp": "2025-08-10T09:01:51.025806+00:00"}
{"asctime": "2025-08-10 11:01:51,025", "levelname": "INFO", "name": "AresTradingSystem.System.UnifiedDataConverter", "message": "================================================================================", "correlation_id": "-", "session_id": "-", "timestamp": "2025-08-10T09:01:51.025864+00:00"}
{"asctime": "2025-08-10 11:01:51,025", "levelname": "INFO", "name": "AresTradingSystem.System.UnifiedDataConverter", "message": "🎯 Symbol: BTCUSDT", "correlation_id": "-", "session_id": "-", "timestamp": "2025-08-10T09:01:51.025921+00:00"}
{"asctime": "2025-08-10 11:01:51,025", "levelname": "INFO", "name": "AresTradingSystem.System.UnifiedDataConverter", "message": "🏢 Exchange: binance", "correlation_id": "-", "session_id": "-", "timestamp": "2025-08-10T09:01:51.025988+00:00"}
{"asctime": "2025-08-10 11:01:51,026", "levelname": "INFO", "name": "AresTradingSystem.System.UnifiedDataConverter", "message": "📊 Timeframe: 1m", "correlation_id": "-", "session_id": "-", "timestamp": "2025-08-10T09:01:51.026131+00:00"}
{"asctime": "2025-08-10 11:01:51,026", "levelname": "INFO", "name": "AresTradingSystem.System.UnifiedDataConverter", "message": "📁 Data directory: /var/folders/dr/hz7y0z9j0x39z7519pbshgqh0000gn/T/tmph_txg6yx/data_cache", "correlation_id": "-", "session_id": "-", "timestamp": "2025-08-10T09:01:51.026221+00:00"}
{"asctime": "2025-08-10 11:01:51,026", "levelname": "INFO", "name": "AresTradingSystem.System.UnifiedDataConverter", "message": "📦 Backing up existing consolidated data...", "correlation_id": "-", "session_id": "-", "timestamp": "2025-08-10T09:01:51.026383+00:00"}
{"asctime": "2025-08-10 11:01:51,034", "levelname": "INFO", "name": "AresTradingSystem.System.UnifiedDataConverter", "message": "✅ Backup completed: 0 files backed up", "correlation_id": "-", "session_id": "-", "timestamp": "2025-08-10T09:01:51.034312+00:00"}
{"asctime": "2025-08-10 11:01:51,034", "levelname": "INFO", "name": "AresTradingSystem.System.UnifiedDataConverter", "message": "🔄 Converting existing consolidated data to unified format...", "correlation_id": "-", "session_id": "-", "timestamp": "2025-08-10T09:01:51.034596+00:00"}
{"asctime": "2025-08-10 11:01:51,034", "levelname": "WARNING", "name": "AresTradingSystem.System.UnifiedDataConverter", "message": "⚠️ No klines data found for binance_BTCUSDT_1m", "correlation_id": "-", "session_id": "-", "timestamp": "2025-08-10T09:01:51.034732+00:00"}
{"asctime": "2025-08-10 11:01:51,034", "levelname": "WARNING", "name": "AresTradingSystem.System.UnifiedDataConverter", "message": "⚠️ No aggtrades data found for binance_BTCUSDT", "correlation_id": "-", "session_id": "-", "timestamp": "2025-08-10T09:01:51.034862+00:00"}
{"asctime": "2025-08-10 11:01:51,034", "levelname": "WARNING", "name": "AresTradingSystem.System.UnifiedDataConverter", "message": "⚠️ No futures data found for binance_BTCUSDT", "correlation_id": "-", "session_id": "-", "timestamp": "2025-08-10T09:01:51.034942+00:00"}
{"asctime": "2025-08-10 11:01:51,035", "levelname": "ERROR", "name": "AresTradingSystem.System.UnifiedDataConverter", "message": "❌ No klines data found - cannot proceed with conversion", "correlation_id": "-", "session_id": "-", "timestamp": "2025-08-10T09:01:51.035002+00:00"}
{"asctime": "2025-08-10 11:01:51,035", "levelname": "ERROR", "name": "AresTradingSystem.System.UnifiedDataConverter", "message": "❌ Failed to convert existing data", "correlation_id": "-", "session_id": "-", "timestamp": "2025-08-10T09:01:51.035062+00:00"}
{"asctime": "2025-08-10 11:01:51,038", "levelname": "INFO", "name": "AresTradingSystem.System.UnifiedDataConverter", "message": "🚀 Initializing Unified Data Converter...", "correlation_id": "-", "session_id": "-", "timestamp": "2025-08-10T09:01:51.038891+00:00"}
{"asctime": "2025-08-10 11:01:51,039", "levelname": "INFO", "name": "AresTradingSystem.System.UnifiedDataConverter", "message": "📁 Unified data directory: data_cache/unified", "correlation_id": "-", "session_id": "-", "timestamp": "2025-08-10T09:01:51.039215+00:00"}
{"asctime": "2025-08-10 11:01:51,039", "levelname": "INFO", "name": "AresTradingSystem.System.UnifiedDataConverter", "message": "📁 Backup directory: data_cache/backup_pre_unified", "correlation_id": "-", "session_id": "-", "timestamp": "2025-08-10T09:01:51.039301+00:00"}
{"asctime": "2025-08-10 11:01:51,039", "levelname": "INFO", "name": "AresTradingSystem.System.UnifiedDataConverter", "message": "================================================================================", "correlation_id": "-", "session_id": "-", "timestamp": "2025-08-10T09:01:51.039362+00:00"}
{"asctime": "2025-08-10 11:01:51,039", "levelname": "INFO", "name": "AresTradingSystem.System.UnifiedDataConverter", "message": "🔄 STEP 1.5: Unified Data Converter", "correlation_id": "-", "session_id": "-", "timestamp": "2025-08-10T09:01:51.039433+00:00"}
{"asctime": "2025-08-10 11:01:51,039", "levelname": "INFO", "name": "AresTradingSystem.System.UnifiedDataConverter", "message": "================================================================================", "correlation_id": "-", "session_id": "-", "timestamp": "2025-08-10T09:01:51.039486+00:00"}
{"asctime": "2025-08-10 11:01:51,039", "levelname": "INFO", "name": "AresTradingSystem.System.UnifiedDataConverter", "message": "🎯 Symbol: BTCUSDT", "correlation_id": "-", "session_id": "-", "timestamp": "2025-08-10T09:01:51.039538+00:00"}
{"asctime": "2025-08-10 11:01:51,039", "levelname": "INFO", "name": "AresTradingSystem.System.UnifiedDataConverter", "message": "🏢 Exchange: binance", "correlation_id": "-", "session_id": "-", "timestamp": "2025-08-10T09:01:51.039927+00:00"}
{"asctime": "2025-08-10 11:01:51,040", "levelname": "INFO", "name": "AresTradingSystem.System.UnifiedDataConverter", "message": "📊 Timeframe: 1m", "correlation_id": "-", "session_id": "-", "timestamp": "2025-08-10T09:01:51.040013+00:00"}
{"asctime": "2025-08-10 11:01:51,040", "levelname": "INFO", "name": "AresTradingSystem.System.UnifiedDataConverter", "message": "📁 Data directory: /var/folders/dr/hz7y0z9j0x39z7519pbshgqh0000gn/T/tmp7agnmb2s/data_cache", "correlation_id": "-", "session_id": "-", "timestamp": "2025-08-10T09:01:51.040073+00:00"}
{"asctime": "2025-08-10 11:01:51,040", "levelname": "INFO", "name": "AresTradingSystem.System.UnifiedDataConverter", "message": "📦 Backing up existing consolidated data...", "correlation_id": "-", "session_id": "-", "timestamp": "2025-08-10T09:01:51.040152+00:00"}
{"asctime": "2025-08-10 11:01:51,048", "levelname": "INFO", "name": "AresTradingSystem.System.UnifiedDataConverter", "message": "✅ Backup completed: 0 files backed up", "correlation_id": "-", "session_id": "-", "timestamp": "2025-08-10T09:01:51.048402+00:00"}
{"asctime": "2025-08-10 11:01:51,048", "levelname": "INFO", "name": "AresTradingSystem.System.UnifiedDataConverter", "message": "🔄 Converting existing consolidated data to unified format...", "correlation_id": "-", "session_id": "-", "timestamp": "2025-08-10T09:01:51.048650+00:00"}
{"asctime": "2025-08-10 11:01:51,048", "levelname": "WARNING", "name": "AresTradingSystem.System.UnifiedDataConverter", "message": "⚠️ No klines data found for binance_BTCUSDT_1m", "correlation_id": "-", "session_id": "-", "timestamp": "2025-08-10T09:01:51.048762+00:00"}
{"asctime": "2025-08-10 11:01:51,048", "levelname": "WARNING", "name": "AresTradingSystem.System.UnifiedDataConverter", "message": "⚠️ No aggtrades data found for binance_BTCUSDT", "correlation_id": "-", "session_id": "-", "timestamp": "2025-08-10T09:01:51.048838+00:00"}
{"asctime": "2025-08-10 11:01:51,048", "levelname": "WARNING", "name": "AresTradingSystem.System.UnifiedDataConverter", "message": "⚠️ No futures data found for binance_BTCUSDT", "correlation_id": "-", "session_id": "-", "timestamp": "2025-08-10T09:01:51.048906+00:00"}
{"asctime": "2025-08-10 11:01:51,048", "levelname": "ERROR", "name": "AresTradingSystem.System.UnifiedDataConverter", "message": "❌ No klines data found - cannot proceed with conversion", "correlation_id": "-", "session_id": "-", "timestamp": "2025-08-10T09:01:51.048960+00:00"}
{"asctime": "2025-08-10 11:01:51,049", "levelname": "ERROR", "name": "AresTradingSystem.System.UnifiedDataConverter", "message": "❌ Failed to convert existing data", "correlation_id": "-", "session_id": "-", "timestamp": "2025-08-10T09:01:51.049018+00:00"}
