{"asctime": "2025-08-11 13:49:53,387", "levelname": "INFO", "name": "AresTradingSystem", "message": "✅ Enhanced Logger initialization completed successfully", "correlation_id": "-", "session_id": "-", "timestamp": "2025-08-11T11:49:53.387711+00:00"}
{"asctime": "2025-08-11 13:49:53,407", "levelname": "INFO", "name": "AresTradingSystem.System", "message": "Environment configuration loaded successfully. Trading Environment: PAPER, Exchange: BINANCE", "correlation_id": "-", "session_id": "-", "timestamp": "2025-08-11T11:49:53.407150+00:00"}
{"asctime": "2025-08-11 13:49:53,439", "levelname": "INFO", "name": "AresTradingSystem.System.UnifiedDataLoader", "message": "🔄 Loading unified data for ETHUSDT on BINANCE", "correlation_id": "-", "session_id": "-", "timestamp": "2025-08-11T11:49:53.439868+00:00"}
{"asctime": "2025-08-11 13:49:53,440", "levelname": "INFO", "name": "AresTradingSystem.System.UnifiedDataLoader", "message": "   Timeframe: 1m", "correlation_id": "-", "session_id": "-", "timestamp": "2025-08-11T11:49:53.440172+00:00"}
{"asctime": "2025-08-11 13:49:53,440", "levelname": "INFO", "name": "AresTradingSystem.System.UnifiedDataLoader", "message": "   Date range: 2025-02-12 to 2025-08-11", "correlation_id": "-", "session_id": "-", "timestamp": "2025-08-11T11:49:53.440321+00:00"}
{"asctime": "2025-08-11 13:49:53,440", "levelname": "INFO", "name": "AresTradingSystem.System.UnifiedDataLoader", "message": "   Streaming: False", "correlation_id": "-", "session_id": "-", "timestamp": "2025-08-11T11:49:53.440435+00:00"}
{"asctime": "2025-08-11 13:49:53,441", "levelname": "INFO", "name": "AresTradingSystem.System.UnifiedDataLoader", "message": "   ⚠️ Streaming disabled to avoid segmentation faults", "correlation_id": "-", "session_id": "-", "timestamp": "2025-08-11T11:49:53.441365+00:00"}
{"asctime": "2025-08-11 13:49:53,441", "levelname": "INFO", "name": "AresTradingSystem.System.UnifiedDataLoader", "message": "   📁 Found unified data cache, using optimized pyarrow loading", "correlation_id": "-", "session_id": "-", "timestamp": "2025-08-11T11:49:53.441498+00:00"}
{"asctime": "2025-08-11 13:49:53,441", "levelname": "INFO", "name": "AresTradingSystem.System.UnifiedDataLoader", "message": "🔧 Using optimized pyarrow loading...", "correlation_id": "-", "session_id": "-", "timestamp": "2025-08-11T11:49:53.441598+00:00"}
{"asctime": "2025-08-11 13:49:53,441", "levelname": "INFO", "name": "AresTradingSystem.System.UnifiedDataLoader", "message": "   ⚠️ PyArrow disabled to avoid segmentation faults", "correlation_id": "-", "session_id": "-", "timestamp": "2025-08-11T11:49:53.441691+00:00"}
{"asctime": "2025-08-11 13:49:53,441", "levelname": "INFO", "name": "AresTradingSystem.System.UnifiedDataLoader", "message": "🔧 Using memory-efficient streaming loading for 180 days...", "correlation_id": "-", "session_id": "-", "timestamp": "2025-08-11T11:49:53.441785+00:00"}
{"asctime": "2025-08-11 13:49:53,455", "levelname": "INFO", "name": "AresTradingSystem.System.UnifiedDataLoader", "message": "📁 Found 179 partition files", "correlation_id": "-", "session_id": "-", "timestamp": "2025-08-11T11:49:53.455847+00:00"}
{"asctime": "2025-08-11 13:49:53,481", "levelname": "INFO", "name": "AresTradingSystem.System.UnifiedDataLoader", "message": "   📄 Processing file 1/179: part-0.parquet", "correlation_id": "-", "session_id": "-", "timestamp": "2025-08-11T11:49:53.481238+00:00"}
{"asctime": "2025-08-11 13:49:53,554", "levelname": "INFO", "name": "AresTradingSystem.System.UnifiedDataLoader", "message": "   ✅ Loaded file 1: (1440, 19)", "correlation_id": "-", "session_id": "-", "timestamp": "2025-08-11T11:49:53.554643+00:00"}
{"asctime": "2025-08-11 13:49:53,556", "levelname": "INFO", "name": "AresTradingSystem.System.UnifiedDataLoader", "message": "   🔍 After date filtering: (610, 19)", "correlation_id": "-", "session_id": "-", "timestamp": "2025-08-11T11:49:53.556698+00:00"}
{"asctime": "2025-08-11 13:49:53,563", "levelname": "INFO", "name": "AresTradingSystem.System.UnifiedDataLoader", "message": "   📊 Total rows so far: 610", "correlation_id": "-", "session_id": "-", "timestamp": "2025-08-11T11:49:53.563464+00:00"}
{"asctime": "2025-08-11 13:49:54,239", "levelname": "INFO", "name": "AresTradingSystem.System.UnifiedDataLoader", "message": "   📄 Processing file 10/179: part-0.parquet", "correlation_id": "-", "session_id": "-", "timestamp": "2025-08-11T11:49:54.239023+00:00"}
{"asctime": "2025-08-11 13:49:54,244", "levelname": "INFO", "name": "AresTradingSystem.System.UnifiedDataLoader", "message": "   ✅ Loaded file 10: (1440, 19)", "correlation_id": "-", "session_id": "-", "timestamp": "2025-08-11T11:49:54.244071+00:00"}
{"asctime": "2025-08-11 13:49:54,246", "levelname": "INFO", "name": "AresTradingSystem.System.UnifiedDataLoader", "message": "   🔍 After date filtering: (1440, 19)", "correlation_id": "-", "session_id": "-", "timestamp": "2025-08-11T11:49:54.246015+00:00"}
{"asctime": "2025-08-11 13:49:54,255", "levelname": "INFO", "name": "AresTradingSystem.System.UnifiedDataLoader", "message": "   📊 Total rows so far: 13570", "correlation_id": "-", "session_id": "-", "timestamp": "2025-08-11T11:49:54.255184+00:00"}
{"asctime": "2025-08-11 13:49:55,053", "levelname": "INFO", "name": "AresTradingSystem.System.UnifiedDataLoader", "message": "   📄 Processing file 20/179: part-0.parquet", "correlation_id": "-", "session_id": "-", "timestamp": "2025-08-11T11:49:55.053645+00:00"}
{"asctime": "2025-08-11 13:49:55,058", "levelname": "INFO", "name": "AresTradingSystem.System.UnifiedDataLoader", "message": "   ✅ Loaded file 20: (1440, 19)", "correlation_id": "-", "session_id": "-", "timestamp": "2025-08-11T11:49:55.058219+00:00"}
{"asctime": "2025-08-11 13:49:55,059", "levelname": "INFO", "name": "AresTradingSystem.System.UnifiedDataLoader", "message": "   🔍 After date filtering: (1440, 19)", "correlation_id": "-", "session_id": "-", "timestamp": "2025-08-11T11:49:55.059707+00:00"}
{"asctime": "2025-08-11 13:49:55,069", "levelname": "INFO", "name": "AresTradingSystem.System.UnifiedDataLoader", "message": "   📊 Total rows so far: 27970", "correlation_id": "-", "session_id": "-", "timestamp": "2025-08-11T11:49:55.069247+00:00"}
{"asctime": "2025-08-11 13:49:56,044", "levelname": "INFO", "name": "AresTradingSystem.System.UnifiedDataLoader", "message": "   📄 Processing file 30/179: part-0.parquet", "correlation_id": "-", "session_id": "-", "timestamp": "2025-08-11T11:49:56.044197+00:00"}
{"asctime": "2025-08-11 13:49:56,050", "levelname": "INFO", "name": "AresTradingSystem.System.UnifiedDataLoader", "message": "   ✅ Loaded file 30: (1440, 19)", "correlation_id": "-", "session_id": "-", "timestamp": "2025-08-11T11:49:56.050017+00:00"}
{"asctime": "2025-08-11 13:49:56,051", "levelname": "INFO", "name": "AresTradingSystem.System.UnifiedDataLoader", "message": "   🔍 After date filtering: (1440, 19)", "correlation_id": "-", "session_id": "-", "timestamp": "2025-08-11T11:49:56.051977+00:00"}
{"asctime": "2025-08-11 13:49:56,061", "levelname": "INFO", "name": "AresTradingSystem.System.UnifiedDataLoader", "message": "   📊 Total rows so far: 42370", "correlation_id": "-", "session_id": "-", "timestamp": "2025-08-11T11:49:56.061835+00:00"}
{"asctime": "2025-08-11 13:49:57,135", "levelname": "INFO", "name": "AresTradingSystem.System.UnifiedDataLoader", "message": "   📄 Processing file 40/179: part-0.parquet", "correlation_id": "-", "session_id": "-", "timestamp": "2025-08-11T11:49:57.135796+00:00"}
{"asctime": "2025-08-11 13:49:57,141", "levelname": "INFO", "name": "AresTradingSystem.System.UnifiedDataLoader", "message": "   ✅ Loaded file 40: (1440, 19)", "correlation_id": "-", "session_id": "-", "timestamp": "2025-08-11T11:49:57.141293+00:00"}
{"asctime": "2025-08-11 13:49:57,142", "levelname": "INFO", "name": "AresTradingSystem.System.UnifiedDataLoader", "message": "   🔍 After date filtering: (1440, 19)", "correlation_id": "-", "session_id": "-", "timestamp": "2025-08-11T11:49:57.142511+00:00"}
{"asctime": "2025-08-11 13:49:57,151", "levelname": "INFO", "name": "AresTradingSystem.System.UnifiedDataLoader", "message": "   📊 Total rows so far: 56770", "correlation_id": "-", "session_id": "-", "timestamp": "2025-08-11T11:49:57.151086+00:00"}
{"asctime": "2025-08-11 13:49:59,446", "levelname": "INFO", "name": "AresTradingSystem.System.UnifiedDataLoader", "message": "   📄 Processing file 50/179: part-0.parquet", "correlation_id": "-", "session_id": "-", "timestamp": "2025-08-11T11:49:59.446053+00:00"}
{"asctime": "2025-08-11 13:49:59,454", "levelname": "INFO", "name": "AresTradingSystem.System.UnifiedDataLoader", "message": "   ✅ Loaded file 50: (1440, 19)", "correlation_id": "-", "session_id": "-", "timestamp": "2025-08-11T11:49:59.454821+00:00"}
{"asctime": "2025-08-11 13:49:59,456", "levelname": "INFO", "name": "AresTradingSystem.System.UnifiedDataLoader", "message": "   🔍 After date filtering: (1440, 19)", "correlation_id": "-", "session_id": "-", "timestamp": "2025-08-11T11:49:59.456822+00:00"}
{"asctime": "2025-08-11 13:49:59,470", "levelname": "INFO", "name": "AresTradingSystem.System.UnifiedDataLoader", "message": "   📊 Total rows so far: 71170", "correlation_id": "-", "session_id": "-", "timestamp": "2025-08-11T11:49:59.470799+00:00"}
{"asctime": "2025-08-11 13:50:00,682", "levelname": "INFO", "name": "AresTradingSystem.System.UnifiedDataLoader", "message": "   📄 Processing file 60/179: part-0.parquet", "correlation_id": "-", "session_id": "-", "timestamp": "2025-08-11T11:50:00.682197+00:00"}
{"asctime": "2025-08-11 13:50:00,687", "levelname": "INFO", "name": "AresTradingSystem.System.UnifiedDataLoader", "message": "   ✅ Loaded file 60: (1440, 19)", "correlation_id": "-", "session_id": "-", "timestamp": "2025-08-11T11:50:00.687555+00:00"}
{"asctime": "2025-08-11 13:50:00,689", "levelname": "INFO", "name": "AresTradingSystem.System.UnifiedDataLoader", "message": "   🔍 After date filtering: (1440, 19)", "correlation_id": "-", "session_id": "-", "timestamp": "2025-08-11T11:50:00.689813+00:00"}
{"asctime": "2025-08-11 13:50:00,697", "levelname": "INFO", "name": "AresTradingSystem.System.UnifiedDataLoader", "message": "   📊 Total rows so far: 85570", "correlation_id": "-", "session_id": "-", "timestamp": "2025-08-11T11:50:00.697518+00:00"}
{"asctime": "2025-08-11 13:50:01,744", "levelname": "INFO", "name": "AresTradingSystem.System.UnifiedDataLoader", "message": "   📄 Processing file 70/179: part-0.parquet", "correlation_id": "-", "session_id": "-", "timestamp": "2025-08-11T11:50:01.744739+00:00"}
{"asctime": "2025-08-11 13:50:01,748", "levelname": "INFO", "name": "AresTradingSystem.System.UnifiedDataLoader", "message": "   ✅ Loaded file 70: (1440, 19)", "correlation_id": "-", "session_id": "-", "timestamp": "2025-08-11T11:50:01.748988+00:00"}
{"asctime": "2025-08-11 13:50:01,750", "levelname": "INFO", "name": "AresTradingSystem.System.UnifiedDataLoader", "message": "   🔍 After date filtering: (1440, 19)", "correlation_id": "-", "session_id": "-", "timestamp": "2025-08-11T11:50:01.750279+00:00"}
{"asctime": "2025-08-11 13:50:01,757", "levelname": "INFO", "name": "AresTradingSystem.System.UnifiedDataLoader", "message": "   📊 Total rows so far: 99970", "correlation_id": "-", "session_id": "-", "timestamp": "2025-08-11T11:50:01.757573+00:00"}
{"asctime": "2025-08-11 13:50:02,916", "levelname": "INFO", "name": "AresTradingSystem.System.UnifiedDataLoader", "message": "   📄 Processing file 80/179: part-0.parquet", "correlation_id": "-", "session_id": "-", "timestamp": "2025-08-11T11:50:02.916631+00:00"}
{"asctime": "2025-08-11 13:50:02,923", "levelname": "INFO", "name": "AresTradingSystem.System.UnifiedDataLoader", "message": "   ✅ Loaded file 80: (1440, 19)", "correlation_id": "-", "session_id": "-", "timestamp": "2025-08-11T11:50:02.923100+00:00"}
{"asctime": "2025-08-11 13:50:02,924", "levelname": "INFO", "name": "AresTradingSystem.System.UnifiedDataLoader", "message": "   🔍 After date filtering: (1440, 19)", "correlation_id": "-", "session_id": "-", "timestamp": "2025-08-11T11:50:02.924798+00:00"}
{"asctime": "2025-08-11 13:50:02,931", "levelname": "INFO", "name": "AresTradingSystem.System.UnifiedDataLoader", "message": "   📊 Total rows so far: 114370", "correlation_id": "-", "session_id": "-", "timestamp": "2025-08-11T11:50:02.931886+00:00"}
{"asctime": "2025-08-11 13:50:04,223", "levelname": "INFO", "name": "AresTradingSystem.System.UnifiedDataLoader", "message": "   📄 Processing file 90/179: part-0.parquet", "correlation_id": "-", "session_id": "-", "timestamp": "2025-08-11T11:50:04.223120+00:00"}
{"asctime": "2025-08-11 13:50:04,227", "levelname": "INFO", "name": "AresTradingSystem.System.UnifiedDataLoader", "message": "   ✅ Loaded file 90: (1440, 19)", "correlation_id": "-", "session_id": "-", "timestamp": "2025-08-11T11:50:04.227690+00:00"}
{"asctime": "2025-08-11 13:50:04,229", "levelname": "INFO", "name": "AresTradingSystem.System.UnifiedDataLoader", "message": "   🔍 After date filtering: (1440, 19)", "correlation_id": "-", "session_id": "-", "timestamp": "2025-08-11T11:50:04.229049+00:00"}
{"asctime": "2025-08-11 13:50:04,238", "levelname": "INFO", "name": "AresTradingSystem.System.UnifiedDataLoader", "message": "   📊 Total rows so far: 128770", "correlation_id": "-", "session_id": "-", "timestamp": "2025-08-11T11:50:04.238015+00:00"}
{"asctime": "2025-08-11 13:50:05,497", "levelname": "INFO", "name": "AresTradingSystem.System.UnifiedDataLoader", "message": "   📄 Processing file 100/179: part-0.parquet", "correlation_id": "-", "session_id": "-", "timestamp": "2025-08-11T11:50:05.497556+00:00"}
{"asctime": "2025-08-11 13:50:05,501", "levelname": "INFO", "name": "AresTradingSystem.System.UnifiedDataLoader", "message": "   ✅ Loaded file 100: (1440, 19)", "correlation_id": "-", "session_id": "-", "timestamp": "2025-08-11T11:50:05.501382+00:00"}
{"asctime": "2025-08-11 13:50:05,502", "levelname": "INFO", "name": "AresTradingSystem.System.UnifiedDataLoader", "message": "   🔍 After date filtering: (1440, 19)", "correlation_id": "-", "session_id": "-", "timestamp": "2025-08-11T11:50:05.502613+00:00"}
{"asctime": "2025-08-11 13:50:05,509", "levelname": "INFO", "name": "AresTradingSystem.System.UnifiedDataLoader", "message": "   📊 Total rows so far: 143170", "correlation_id": "-", "session_id": "-", "timestamp": "2025-08-11T11:50:05.509347+00:00"}
{"asctime": "2025-08-11 13:50:06,851", "levelname": "INFO", "name": "AresTradingSystem.System.UnifiedDataLoader", "message": "   📄 Processing file 110/179: part-0.parquet", "correlation_id": "-", "session_id": "-", "timestamp": "2025-08-11T11:50:06.851078+00:00"}
{"asctime": "2025-08-11 13:50:06,856", "levelname": "INFO", "name": "AresTradingSystem.System.UnifiedDataLoader", "message": "   ✅ Loaded file 110: (1440, 19)", "correlation_id": "-", "session_id": "-", "timestamp": "2025-08-11T11:50:06.856803+00:00"}
{"asctime": "2025-08-11 13:50:06,858", "levelname": "INFO", "name": "AresTradingSystem.System.UnifiedDataLoader", "message": "   🔍 After date filtering: (1440, 19)", "correlation_id": "-", "session_id": "-", "timestamp": "2025-08-11T11:50:06.858520+00:00"}
{"asctime": "2025-08-11 13:50:06,866", "levelname": "INFO", "name": "AresTradingSystem.System.UnifiedDataLoader", "message": "   📊 Total rows so far: 157570", "correlation_id": "-", "session_id": "-", "timestamp": "2025-08-11T11:50:06.866156+00:00"}
{"asctime": "2025-08-11 13:50:08,304", "levelname": "INFO", "name": "AresTradingSystem.System.UnifiedDataLoader", "message": "   📄 Processing file 120/179: part-0.parquet", "correlation_id": "-", "session_id": "-", "timestamp": "2025-08-11T11:50:08.304762+00:00"}
{"asctime": "2025-08-11 13:50:08,311", "levelname": "INFO", "name": "AresTradingSystem.System.UnifiedDataLoader", "message": "   ✅ Loaded file 120: (1440, 19)", "correlation_id": "-", "session_id": "-", "timestamp": "2025-08-11T11:50:08.311345+00:00"}
{"asctime": "2025-08-11 13:50:08,312", "levelname": "INFO", "name": "AresTradingSystem.System.UnifiedDataLoader", "message": "   🔍 After date filtering: (1440, 19)", "correlation_id": "-", "session_id": "-", "timestamp": "2025-08-11T11:50:08.312798+00:00"}
{"asctime": "2025-08-11 13:50:08,321", "levelname": "INFO", "name": "AresTradingSystem.System.UnifiedDataLoader", "message": "   📊 Total rows so far: 171970", "correlation_id": "-", "session_id": "-", "timestamp": "2025-08-11T11:50:08.321597+00:00"}
{"asctime": "2025-08-11 13:50:09,780", "levelname": "INFO", "name": "AresTradingSystem.System.UnifiedDataLoader", "message": "   📄 Processing file 130/179: part-0.parquet", "correlation_id": "-", "session_id": "-", "timestamp": "2025-08-11T11:50:09.780757+00:00"}
{"asctime": "2025-08-11 13:50:09,785", "levelname": "INFO", "name": "AresTradingSystem.System.UnifiedDataLoader", "message": "   ✅ Loaded file 130: (1440, 19)", "correlation_id": "-", "session_id": "-", "timestamp": "2025-08-11T11:50:09.785049+00:00"}
{"asctime": "2025-08-11 13:50:09,787", "levelname": "INFO", "name": "AresTradingSystem.System.UnifiedDataLoader", "message": "   🔍 After date filtering: (1440, 19)", "correlation_id": "-", "session_id": "-", "timestamp": "2025-08-11T11:50:09.787600+00:00"}
{"asctime": "2025-08-11 13:50:09,794", "levelname": "INFO", "name": "AresTradingSystem.System.UnifiedDataLoader", "message": "   📊 Total rows so far: 186370", "correlation_id": "-", "session_id": "-", "timestamp": "2025-08-11T11:50:09.794575+00:00"}
{"asctime": "2025-08-11 13:50:11,858", "levelname": "INFO", "name": "AresTradingSystem.System.UnifiedDataLoader", "message": "   📄 Processing file 140/179: part-0.parquet", "correlation_id": "-", "session_id": "-", "timestamp": "2025-08-11T11:50:11.858910+00:00"}
{"asctime": "2025-08-11 13:50:11,866", "levelname": "INFO", "name": "AresTradingSystem.System.UnifiedDataLoader", "message": "   ✅ Loaded file 140: (1440, 19)", "correlation_id": "-", "session_id": "-", "timestamp": "2025-08-11T11:50:11.866930+00:00"}
{"asctime": "2025-08-11 13:50:11,868", "levelname": "INFO", "name": "AresTradingSystem.System.UnifiedDataLoader", "message": "   🔍 After date filtering: (1440, 19)", "correlation_id": "-", "session_id": "-", "timestamp": "2025-08-11T11:50:11.868428+00:00"}
{"asctime": "2025-08-11 13:50:11,877", "levelname": "INFO", "name": "AresTradingSystem.System.UnifiedDataLoader", "message": "   📊 Total rows so far: 200770", "correlation_id": "-", "session_id": "-", "timestamp": "2025-08-11T11:50:11.877299+00:00"}
{"asctime": "2025-08-11 13:50:13,296", "levelname": "INFO", "name": "AresTradingSystem.System.UnifiedDataLoader", "message": "   📄 Processing file 150/179: part-0.parquet", "correlation_id": "-", "session_id": "-", "timestamp": "2025-08-11T11:50:13.296433+00:00"}
{"asctime": "2025-08-11 13:50:13,299", "levelname": "INFO", "name": "AresTradingSystem.System.UnifiedDataLoader", "message": "   ✅ Loaded file 150: (1440, 19)", "correlation_id": "-", "session_id": "-", "timestamp": "2025-08-11T11:50:13.299711+00:00"}
{"asctime": "2025-08-11 13:50:13,300", "levelname": "INFO", "name": "AresTradingSystem.System.UnifiedDataLoader", "message": "   🔍 After date filtering: (1440, 19)", "correlation_id": "-", "session_id": "-", "timestamp": "2025-08-11T11:50:13.300494+00:00"}
{"asctime": "2025-08-11 13:50:13,306", "levelname": "INFO", "name": "AresTradingSystem.System.UnifiedDataLoader", "message": "   📊 Total rows so far: 215170", "correlation_id": "-", "session_id": "-", "timestamp": "2025-08-11T11:50:13.306245+00:00"}
{"asctime": "2025-08-11 13:50:14,945", "levelname": "INFO", "name": "AresTradingSystem.System.UnifiedDataLoader", "message": "   📄 Processing file 160/179: part-0.parquet", "correlation_id": "-", "session_id": "-", "timestamp": "2025-08-11T11:50:14.945498+00:00"}
{"asctime": "2025-08-11 13:50:14,950", "levelname": "INFO", "name": "AresTradingSystem.System.UnifiedDataLoader", "message": "   ✅ Loaded file 160: (1440, 19)", "correlation_id": "-", "session_id": "-", "timestamp": "2025-08-11T11:50:14.950070+00:00"}
{"asctime": "2025-08-11 13:50:14,951", "levelname": "INFO", "name": "AresTradingSystem.System.UnifiedDataLoader", "message": "   🔍 After date filtering: (1440, 19)", "correlation_id": "-", "session_id": "-", "timestamp": "2025-08-11T11:50:14.951170+00:00"}
{"asctime": "2025-08-11 13:50:14,958", "levelname": "INFO", "name": "AresTradingSystem.System.UnifiedDataLoader", "message": "   📊 Total rows so far: 229570", "correlation_id": "-", "session_id": "-", "timestamp": "2025-08-11T11:50:14.958378+00:00"}
{"asctime": "2025-08-11 13:50:16,334", "levelname": "INFO", "name": "AresTradingSystem.System.UnifiedDataLoader", "message": "   📄 Processing file 170/179: part-0.parquet", "correlation_id": "-", "session_id": "-", "timestamp": "2025-08-11T11:50:16.334810+00:00"}
{"asctime": "2025-08-11 13:50:16,338", "levelname": "INFO", "name": "AresTradingSystem.System.UnifiedDataLoader", "message": "   ✅ Loaded file 170: (1440, 19)", "correlation_id": "-", "session_id": "-", "timestamp": "2025-08-11T11:50:16.338261+00:00"}
{"asctime": "2025-08-11 13:50:16,339", "levelname": "INFO", "name": "AresTradingSystem.System.UnifiedDataLoader", "message": "   🔍 After date filtering: (1440, 19)", "correlation_id": "-", "session_id": "-", "timestamp": "2025-08-11T11:50:16.339028+00:00"}
{"asctime": "2025-08-11 13:50:16,344", "levelname": "INFO", "name": "AresTradingSystem.System.UnifiedDataLoader", "message": "   📊 Total rows so far: 243970", "correlation_id": "-", "session_id": "-", "timestamp": "2025-08-11T11:50:16.344618+00:00"}
{"asctime": "2025-08-11 13:50:18,963", "levelname": "INFO", "name": "AresTradingSystem.System.UnifiedDataLoader", "message": "🔄 Converting 256560 records to DataFrame...", "correlation_id": "-", "session_id": "-", "timestamp": "2025-08-11T11:50:18.963331+00:00"}
{"asctime": "2025-08-11 13:50:20,237", "levelname": "INFO", "name": "AresTradingSystem.System.UnifiedDataLoader", "message": "✅ Memory-efficient loading completed: (256560, 19)", "correlation_id": "-", "session_id": "-", "timestamp": "2025-08-11T11:50:20.237229+00:00"}
