{"asctime": "2025-08-10 16:08:01,107", "levelname": "INFO", "name": "AresGlobal", "message": "================================================================================", "correlation_id": "-", "session_id": "-", "timestamp": "2025-08-10T14:08:01.107674+00:00"}
{"asctime": "2025-08-10 16:08:01,107", "levelname": "INFO", "name": "AresGlobal", "message": "📊 SESSION SUMMARY", "correlation_id": "-", "session_id": "-", "timestamp": "2025-08-10T14:08:01.107773+00:00"}
{"asctime": "2025-08-10 16:08:01,107", "levelname": "INFO", "name": "AresGlobal", "message": "Session started: 2025-08-10 16:08:01", "correlation_id": "-", "session_id": "-", "timestamp": "2025-08-10T14:08:01.107868+00:00"}
{"asctime": "2025-08-10 16:08:01,107", "levelname": "INFO", "name": "AresGlobal", "message": "This file contains ALL logs for this session", "correlation_id": "-", "session_id": "-", "timestamp": "2025-08-10T14:08:01.107979+00:00"}
{"asctime": "2025-08-10 16:08:01,108", "levelname": "INFO", "name": "AresGlobal", "message": "================================================================================", "correlation_id": "-", "session_id": "-", "timestamp": "2025-08-10T14:08:01.108089+00:00"}
{"asctime": "2025-08-10 16:08:01,108", "levelname": "INFO", "name": "AresGlobal", "message": "Applied NumPy RNG unpickle compatibility shim (ModelManager)", "correlation_id": "-", "session_id": "-", "timestamp": "2025-08-10T14:08:01.108686+00:00"}
{"asctime": "2025-08-10 16:08:01,108", "levelname": "INFO", "name": "AresGlobal", "message": "[SYSTEM] ================================================================================", "correlation_id": "-", "session_id": "-", "timestamp": "2025-08-10T14:08:01.108863+00:00"}
{"asctime": "2025-08-10 16:08:01,108", "levelname": "INFO", "name": "AresGlobal", "message": "[SYSTEM] 🚀 ARES LAUNCHER STARTED - Mode: INITIALIZATION", "correlation_id": "-", "session_id": "-", "timestamp": "2025-08-10T14:08:01.108988+00:00"}
{"asctime": "2025-08-10 16:08:01,109", "levelname": "INFO", "name": "AresGlobal", "message": "[SYSTEM] Start time: 2025-08-10 16:08:01", "correlation_id": "-", "session_id": "-", "timestamp": "2025-08-10T14:08:01.109103+00:00"}
{"asctime": "2025-08-10 16:08:01,109", "levelname": "INFO", "name": "AresGlobal", "message": "[SYSTEM] Log directory: log", "correlation_id": "-", "session_id": "-", "timestamp": "2025-08-10T14:08:01.109210+00:00"}
{"asctime": "2025-08-10 16:08:01,109", "levelname": "INFO", "name": "AresGlobal", "message": "[SYSTEM] ================================================================================", "correlation_id": "-", "session_id": "-", "timestamp": "2025-08-10T14:08:01.109310+00:00"}
{"asctime": "2025-08-10 16:08:01,109", "levelname": "INFO", "name": "AresGlobal.AresLauncher", "message": "================================================================================", "correlation_id": "-", "session_id": "-", "timestamp": "2025-08-10T14:08:01.109361+00:00"}
{"asctime": "2025-08-10 16:08:01,109", "levelname": "INFO", "name": "AresGlobal.AresLauncher", "message": "🚀 ARES COMPREHENSIVE LAUNCHER", "correlation_id": "-", "session_id": "-", "timestamp": "2025-08-10T14:08:01.109413+00:00"}
{"asctime": "2025-08-10 16:08:01,109", "levelname": "INFO", "name": "AresGlobal.AresLauncher", "message": "================================================================================", "correlation_id": "-", "session_id": "-", "timestamp": "2025-08-10T14:08:01.109467+00:00"}
{"asctime": "2025-08-10 16:08:01,109", "levelname": "INFO", "name": "AresGlobal.AresLauncher", "message": "Start time: 2025-08-10 16:08:01", "correlation_id": "-", "session_id": "-", "timestamp": "2025-08-10T14:08:01.109521+00:00"}
{"asctime": "2025-08-10 16:08:01,109", "levelname": "INFO", "name": "AresGlobal.AresLauncher", "message": "Log directory: log", "correlation_id": "-", "session_id": "-", "timestamp": "2025-08-10T14:08:01.109572+00:00"}
{"asctime": "2025-08-10 16:08:01,109", "levelname": "INFO", "name": "AresGlobal.AresLauncher", "message": "Log level: INFO", "correlation_id": "-", "session_id": "-", "timestamp": "2025-08-10T14:08:01.109623+00:00"}
{"asctime": "2025-08-10 16:08:01,109", "levelname": "INFO", "name": "AresGlobal.AresLauncher", "message": "Global log file: ares_global_20250810_160801.log", "correlation_id": "-", "session_id": "-", "timestamp": "2025-08-10T14:08:01.109687+00:00"}
{"asctime": "2025-08-10 16:08:01,109", "levelname": "INFO", "name": "AresGlobal.AresLauncher", "message": "================================================================================", "correlation_id": "-", "session_id": "-", "timestamp": "2025-08-10T14:08:01.109737+00:00"}
{"asctime": "2025-08-10 16:08:01,109", "levelname": "INFO", "name": "AresGlobal", "message": "[SYSTEM] ================================================================================", "correlation_id": "1d15d8f0-5ba9-4a8f-8be1-11bdc79c341e", "session_id": "1359d67b-a55b-448c-a96b-9609c08aad30", "timestamp": "2025-08-10T14:08:01.109934+00:00"}
{"asctime": "2025-08-10 16:08:01,110", "levelname": "INFO", "name": "AresGlobal", "message": "[SYSTEM] 🚀 ARES LAUNCHER STARTED - Mode: blank - Symbol: ETHUSDT - Exchange: BINANCE", "correlation_id": "1d15d8f0-5ba9-4a8f-8be1-11bdc79c341e", "session_id": "1359d67b-a55b-448c-a96b-9609c08aad30", "timestamp": "2025-08-10T14:08:01.110043+00:00"}
{"asctime": "2025-08-10 16:08:01,110", "levelname": "INFO", "name": "AresGlobal", "message": "[SYSTEM] Start time: 2025-08-10 16:08:01", "correlation_id": "1d15d8f0-5ba9-4a8f-8be1-11bdc79c341e", "session_id": "1359d67b-a55b-448c-a96b-9609c08aad30", "timestamp": "2025-08-10T14:08:01.110154+00:00"}
{"asctime": "2025-08-10 16:08:01,110", "levelname": "INFO", "name": "AresGlobal", "message": "[SYSTEM] Log directory: log", "correlation_id": "1d15d8f0-5ba9-4a8f-8be1-11bdc79c341e", "session_id": "1359d67b-a55b-448c-a96b-9609c08aad30", "timestamp": "2025-08-10T14:08:01.110339+00:00"}
{"asctime": "2025-08-10 16:08:01,110", "levelname": "INFO", "name": "AresGlobal", "message": "[SYSTEM] ================================================================================", "correlation_id": "1d15d8f0-5ba9-4a8f-8be1-11bdc79c341e", "session_id": "1359d67b-a55b-448c-a96b-9609c08aad30", "timestamp": "2025-08-10T14:08:01.110515+00:00"}
{"asctime": "2025-08-10 16:08:01,110", "levelname": "INFO", "name": "AresGlobal.AresLauncher", "message": "🚀 Running enhanced 16-step training pipeline for ETHUSDT on BINANCE", "correlation_id": "1d15d8f0-5ba9-4a8f-8be1-11bdc79c341e", "session_id": "1359d67b-a55b-448c-a96b-9609c08aad30", "timestamp": "2025-08-10T14:08:01.110625+00:00"}
{"asctime": "2025-08-10 16:08:01,110", "levelname": "INFO", "name": "AresGlobal.AresLauncher", "message": "Starting from step: step3_regime_data_splitting", "correlation_id": "1d15d8f0-5ba9-4a8f-8be1-11bdc79c341e", "session_id": "1359d67b-a55b-448c-a96b-9609c08aad30", "timestamp": "2025-08-10T14:08:01.110701+00:00"}
{"asctime": "2025-08-10 16:08:01,110", "levelname": "INFO", "name": "AresGlobal.AresLauncher", "message": "🧪 BLANK TRAINING MODE: Set BLANK_TRAINING_MODE=1 for step-based training", "correlation_id": "1d15d8f0-5ba9-4a8f-8be1-11bdc79c341e", "session_id": "1359d67b-a55b-448c-a96b-9609c08aad30", "timestamp": "2025-08-10T14:08:01.110762+00:00"}
{"asctime": "2025-08-10 16:08:01,111", "levelname": "INFO", "name": "AresGlobal.ProgressManager", "message": "Initialized ProgressManager for ETHUSDT on BINANCE", "correlation_id": "1d15d8f0-5ba9-4a8f-8be1-11bdc79c341e", "session_id": "1359d67b-a55b-448c-a96b-9609c08aad30", "timestamp": "2025-08-10T14:08:01.111382+00:00"}
{"asctime": "2025-08-10 16:08:01,111", "levelname": "INFO", "name": "AresGlobal.ProgressManager", "message": "Progress directory: data/training/progress/BINANCE_ETHUSDT", "correlation_id": "1d15d8f0-5ba9-4a8f-8be1-11bdc79c341e", "session_id": "1359d67b-a55b-448c-a96b-9609c08aad30", "timestamp": "2025-08-10T14:08:01.111458+00:00"}
{"asctime": "2025-08-10 16:08:01,111", "levelname": "INFO", "name": "AresGlobal.StepOrchestrator", "message": "Initialized StepOrchestrator for ETHUSDT on BINANCE", "correlation_id": "1d15d8f0-5ba9-4a8f-8be1-11bdc79c341e", "session_id": "1359d67b-a55b-448c-a96b-9609c08aad30", "timestamp": "2025-08-10T14:08:01.111519+00:00"}
{"asctime": "2025-08-10 16:08:01,111", "levelname": "INFO", "name": "AresGlobal.StepOrchestrator", "message": "🚀 Starting execution from step: step3_regime_data_splitting", "correlation_id": "1d15d8f0-5ba9-4a8f-8be1-11bdc79c341e", "session_id": "1359d67b-a55b-448c-a96b-9609c08aad30", "timestamp": "2025-08-10T14:08:01.111676+00:00"}
{"asctime": "2025-08-10 16:08:03,097", "levelname": "INFO", "name": "AresGlobal.EnhancedTrainingManagerOptimized", "message": "Loaded optimization configuration", "correlation_id": "1d15d8f0-5ba9-4a8f-8be1-11bdc79c341e", "session_id": "1359d67b-a55b-448c-a96b-9609c08aad30", "timestamp": "2025-08-10T14:08:03.097544+00:00"}
{"asctime": "2025-08-10 16:08:03,101", "levelname": "INFO", "name": "AresGlobal.StepOrchestrator", "message": "✅ Enhanced training manager setup successfully", "correlation_id": "1d15d8f0-5ba9-4a8f-8be1-11bdc79c341e", "session_id": "1359d67b-a55b-448c-a96b-9609c08aad30", "timestamp": "2025-08-10T14:08:03.101121+00:00"}
{"asctime": "2025-08-10 16:08:03,101", "levelname": "INFO", "name": "AresGlobal.EnhancedTrainingManagerOptimized", "message": "🚀 Initializing Enhanced Training Manager with Optimizations...", "correlation_id": "1d15d8f0-5ba9-4a8f-8be1-11bdc79c341e", "session_id": "1359d67b-a55b-448c-a96b-9609c08aad30", "timestamp": "2025-08-10T14:08:03.101846+00:00"}
{"asctime": "2025-08-10 16:08:03,108", "levelname": "INFO", "name": "AresGlobal.EnhancedTrainingManagerOptimized", "message": "✅ Parallel backtester initialized with 8 workers", "correlation_id": "1d15d8f0-5ba9-4a8f-8be1-11bdc79c341e", "session_id": "1359d67b-a55b-448c-a96b-9609c08aad30", "timestamp": "2025-08-10T14:08:03.108511+00:00"}
{"asctime": "2025-08-10 16:08:03,108", "levelname": "INFO", "name": "AresGlobal.EnhancedTrainingManagerOptimized", "message": "✅ All optimization components initialized successfully", "correlation_id": "1d15d8f0-5ba9-4a8f-8be1-11bdc79c341e", "session_id": "1359d67b-a55b-448c-a96b-9609c08aad30", "timestamp": "2025-08-10T14:08:03.108887+00:00"}
{"asctime": "2025-08-10 16:08:03,309", "levelname": "INFO", "name": "AresGlobal.StepOrchestrator", "message": "\u001b[91m\u001b[1m❌\u001b[0m \u001b[91m\u001b[1m❌ Enhanced 16-step training pipeline failed\u001b[0m", "correlation_id": "1d15d8f0-5ba9-4a8f-8be1-11bdc79c341e", "session_id": "1359d67b-a55b-448c-a96b-9609c08aad30", "timestamp": "2025-08-10T14:08:03.309946+00:00"}
{"asctime": "2025-08-10 16:08:03,310", "levelname": "INFO", "name": "AresGlobal.AresLauncher", "message": "\u001b[91m\u001b[1m❌\u001b[0m \u001b[91m\u001b[1m❌ Enhanced 16-step training pipeline failed\u001b[0m", "correlation_id": "1d15d8f0-5ba9-4a8f-8be1-11bdc79c341e", "session_id": "1359d67b-a55b-448c-a96b-9609c08aad30", "timestamp": "2025-08-10T14:08:03.310386+00:00"}
{"asctime": "2025-08-10 16:08:03,310", "levelname": "INFO", "name": "AresGlobal", "message": "[SYSTEM] ================================================================================", "correlation_id": "1d15d8f0-5ba9-4a8f-8be1-11bdc79c341e", "session_id": "1359d67b-a55b-448c-a96b-9609c08aad30", "timestamp": "2025-08-10T14:08:03.310755+00:00"}
{"asctime": "2025-08-10 16:08:03,310", "levelname": "INFO", "name": "AresGlobal", "message": "[SYSTEM] 🛑 ARES LAUNCHER ENDED - Exit code: 1", "correlation_id": "1d15d8f0-5ba9-4a8f-8be1-11bdc79c341e", "session_id": "1359d67b-a55b-448c-a96b-9609c08aad30", "timestamp": "2025-08-10T14:08:03.310956+00:00"}
{"asctime": "2025-08-10 16:08:03,311", "levelname": "INFO", "name": "AresGlobal", "message": "[SYSTEM] End time: 2025-08-10 16:08:03", "correlation_id": "1d15d8f0-5ba9-4a8f-8be1-11bdc79c341e", "session_id": "1359d67b-a55b-448c-a96b-9609c08aad30", "timestamp": "2025-08-10T14:08:03.311163+00:00"}
{"asctime": "2025-08-10 16:08:03,311", "levelname": "INFO", "name": "AresGlobal", "message": "[SYSTEM] ================================================================================", "correlation_id": "1d15d8f0-5ba9-4a8f-8be1-11bdc79c341e", "session_id": "1359d67b-a55b-448c-a96b-9609c08aad30", "timestamp": "2025-08-10T14:08:03.311350+00:00"}
{"asctime": "2025-08-10 16:08:03,311", "levelname": "INFO", "name": "AresGlobal.AresLauncher", "message": "🧹 Cleaning up processes...", "correlation_id": "1d15d8f0-5ba9-4a8f-8be1-11bdc79c341e", "session_id": "1359d67b-a55b-448c-a96b-9609c08aad30", "timestamp": "2025-08-10T14:08:03.311470+00:00"}
{"asctime": "2025-08-10 16:08:03,311", "levelname": "INFO", "name": "AresGlobal.AresLauncher", "message": "✅ Cleanup completed", "correlation_id": "1d15d8f0-5ba9-4a8f-8be1-11bdc79c341e", "session_id": "1359d67b-a55b-448c-a96b-9609c08aad30", "timestamp": "2025-08-10T14:08:03.311576+00:00"}
