2025-08-07 22:50:21,520 - AresTradingSystem - INFO - ✅ Enhanced Logger initialization completed successfully
2025-08-07 22:50:21,528 - AresTradingSystem.System - INFO - Environment configuration loaded successfully. Trading Environment: PAPER, Exchange: BINANCE
2025-08-07 22:50:21,876 - AresTradingSystem.System.SignalHandler - INFO - Initializing Signal Handler...
2025-08-07 22:50:21,876 - AresTradingSystem.System.SignalHandler - INFO - Signal configuration loaded successfully
2025-08-07 22:50:21,876 - AresTradingSystem.System.SignalHandler - INFO - Configuration validation successful
2025-08-07 22:50:21,876 - AresTradingSystem.System.SignalHandler - INFO - Registered SIGTERM handler
2025-08-07 22:50:21,876 - AresTradingSystem.System.SignalHandler - INFO - Registered SIGINT handler
2025-08-07 22:50:21,876 - AresTradingSystem.System.SignalHandler - INFO - Signal handlers registered successfully
2025-08-07 22:50:21,876 - AresTradingSystem.System.SignalHandler - INFO - ✅ Signal Handler initialization completed successfully
2025-08-07 22:50:21,878 - AresTradingSystem.System.SignalHandler - INFO - Shutdown callback registered
2025-08-07 22:50:23,097 - AresTradingSystem.System - INFO - Initializing Market Regime Classification Step...
2025-08-07 22:50:23,098 - AresTradingSystem.System - INFO - Market Regime Classification Step initialized successfully
2025-08-07 22:50:23,098 - AresTradingSystem.System - INFO - 🔄 Executing Market Regime Classification...
2025-08-07 22:50:23,099 - AresTradingSystem.System - INFO - 📁 Loading pre-consolidated data from: data_cache/aggtrades_BINANCE_ETHUSDT_consolidated.parquet
2025-08-07 22:50:23,587 - AresTradingSystem.System - INFO - ✅ Loaded consolidated trade data: 17744326 records
2025-08-07 22:50:23,588 - AresTradingSystem.System - INFO - 🔄 Converting trade data to OHLCV format...
2025-08-07 22:50:25,806 - AresTradingSystem.System - INFO - ✅ Converted to OHLCV: 879 records
2025-08-07 22:50:25,806 - AresTradingSystem.System - INFO - Classifying market regimes for ETHUSDT on BINANCE...
2025-08-07 22:50:29,406 - AresTradingSystem.System - INFO - Regime classification completed. Found 1 distinct regimes
2025-08-07 22:50:29,407 - AresTradingSystem.System - INFO - ✅ Market regime classification completed. Results saved to data/training/BINANCE_ETHUSDT_regime_classification.json
2025-08-07 22:50:29,426 - AresTradingSystem.System - INFO - Initializing Regime Data Splitting Step...
2025-08-07 22:50:29,426 - AresTradingSystem.System - INFO - Regime Data Splitting Step initialized successfully
2025-08-07 22:50:29,426 - AresTradingSystem.System - INFO - 🔄 Executing Regime Data Splitting...
2025-08-07 22:50:29,426 - AresTradingSystem.System - INFO - Loading prepared data from: data/training/ETHUSDT_prepared_data.pkl
2025-08-07 22:50:29,432 - AresTradingSystem.System - INFO - ✅ Loaded prepared data: (40190, 17)
2025-08-07 22:50:29,432 - AresTradingSystem.System - INFO - Splitting data by regimes for ETHUSDT on BINANCE...
2025-08-07 22:50:29,433 - AresTradingSystem.System - INFO - Regime sequence length (879) is shorter than data length (40190). This is expected due to feature calculation dropping NaN values.
2025-08-07 22:50:29,433 - AresTradingSystem.System - INFO - Regime sequence covers 2.19% of the data
2025-08-07 22:50:29,535 - AresTradingSystem.System - INFO - Interpolated regime sequence to match data length: 40190
2025-08-07 22:50:31,113 - AresTradingSystem.System - INFO - Regime 'SIDEWAYS': 40190 records
2025-08-07 22:50:31,114 - AresTradingSystem.System - INFO - High-data regimes: ['SIDEWAYS']
2025-08-07 22:50:31,114 - AresTradingSystem.System - INFO - Low-data regimes: []
2025-08-07 22:50:31,114 - AresTradingSystem.System - INFO - Other regimes: []
2025-08-07 22:50:31,114 - AresTradingSystem.System - INFO - Creating regime data for BULL (has models but no classification)
2025-08-07 22:50:31,115 - AresTradingSystem.System - INFO - Creating regime data for combined (has models but no classification)
2025-08-07 22:50:31,120 - AresTradingSystem.System - INFO - ✅ Regime data splitting completed. Results saved to data/training/regime_data
