{"asctime": "2025-08-11 13:53:16,198", "levelname": "INFO", "name": "AresTradingSystem", "message": "✅ Enhanced Logger initialization completed successfully", "correlation_id": "-", "session_id": "-", "timestamp": "2025-08-11T11:53:16.198114+00:00"}
{"asctime": "2025-08-11 13:53:16,206", "levelname": "INFO", "name": "AresTradingSystem.System.AutoencoderConfig", "message": "📋 Configuration loaded successfully from src/analyst/autoencoder_config.yaml", "correlation_id": "-", "session_id": "-", "timestamp": "2025-08-11T11:53:16.206046+00:00"}
{"asctime": "2025-08-11 13:53:16,206", "levelname": "INFO", "name": "AresTradingSystem.System.AutoencoderConfig", "message": "📊 Configuration sections: ['preprocessing', 'sequence', 'autoencoder', 'training', 'feature_filtering', 'feature_analysis', 'output', 'feature_interactions']", "correlation_id": "-", "session_id": "-", "timestamp": "2025-08-11T11:53:16.206345+00:00"}
{"asctime": "2025-08-11 13:53:16,206", "levelname": "INFO", "name": "AresTradingSystem.System.VectorizedLabellingOrchestrator", "message": "✅ Vectorized labeling orchestrator initialized successfully", "correlation_id": "-", "session_id": "-", "timestamp": "2025-08-11T11:53:16.206527+00:00"}
{"asctime": "2025-08-11 13:53:16,206", "levelname": "INFO", "name": "AresTradingSystem.System.AnalystLabelingFeatureEngineeringStep", "message": "Analyst Labeling and Feature Engineering Step initialized successfully", "correlation_id": "-", "session_id": "-", "timestamp": "2025-08-11T11:53:16.206641+00:00"}
{"asctime": "2025-08-11 13:53:16,206", "levelname": "INFO", "name": "AresTradingSystem.System.AnalystLabelingFeatureEngineeringStep", "message": "Starting analyst labeling and feature engineering...", "correlation_id": "-", "session_id": "-", "timestamp": "2025-08-11T11:53:16.206815+00:00"}
{"asctime": "2025-08-11 13:53:16,206", "levelname": "INFO", "name": "AresTradingSystem.System.AnalystLabelingFeatureEngineeringStep", "message": "🔄 Loading unified data...", "correlation_id": "-", "session_id": "-", "timestamp": "2025-08-11T11:53:16.206927+00:00"}
{"asctime": "2025-08-11 13:53:16,207", "levelname": "INFO", "name": "AresTradingSystem.System.UnifiedDataLoader", "message": "🔄 Loading unified data for ETHUSDT on BINANCE", "correlation_id": "-", "session_id": "-", "timestamp": "2025-08-11T11:53:16.207050+00:00"}
{"asctime": "2025-08-11 13:53:16,207", "levelname": "INFO", "name": "AresTradingSystem.System.UnifiedDataLoader", "message": "   Timeframe: 1m", "correlation_id": "-", "session_id": "-", "timestamp": "2025-08-11T11:53:16.207142+00:00"}
{"asctime": "2025-08-11 13:53:16,207", "levelname": "INFO", "name": "AresTradingSystem.System.UnifiedDataLoader", "message": "   Date range: 2025-02-12 to 2025-08-11", "correlation_id": "-", "session_id": "-", "timestamp": "2025-08-11T11:53:16.207245+00:00"}
{"asctime": "2025-08-11 13:53:16,207", "levelname": "INFO", "name": "AresTradingSystem.System.UnifiedDataLoader", "message": "   Streaming: True", "correlation_id": "-", "session_id": "-", "timestamp": "2025-08-11T11:53:16.207326+00:00"}
{"asctime": "2025-08-11 13:53:16,207", "levelname": "INFO", "name": "AresTradingSystem.System.UnifiedDataLoader", "message": "   ⚠️ Streaming disabled to avoid segmentation faults", "correlation_id": "-", "session_id": "-", "timestamp": "2025-08-11T11:53:16.207401+00:00"}
{"asctime": "2025-08-11 13:53:16,207", "levelname": "INFO", "name": "AresTradingSystem.System.UnifiedDataLoader", "message": "   📁 Found unified data cache, using optimized pyarrow loading", "correlation_id": "-", "session_id": "-", "timestamp": "2025-08-11T11:53:16.207506+00:00"}
{"asctime": "2025-08-11 13:53:16,207", "levelname": "INFO", "name": "AresTradingSystem.System.UnifiedDataLoader", "message": "🔧 Using optimized pyarrow loading...", "correlation_id": "-", "session_id": "-", "timestamp": "2025-08-11T11:53:16.207594+00:00"}
{"asctime": "2025-08-11 13:53:16,207", "levelname": "INFO", "name": "AresTradingSystem.System.UnifiedDataLoader", "message": "   ⚠️ PyArrow disabled to avoid segmentation faults", "correlation_id": "-", "session_id": "-", "timestamp": "2025-08-11T11:53:16.207670+00:00"}
{"asctime": "2025-08-11 13:53:16,207", "levelname": "INFO", "name": "AresTradingSystem.System.UnifiedDataLoader", "message": "🔧 Using memory-efficient streaming loading for 180 days...", "correlation_id": "-", "session_id": "-", "timestamp": "2025-08-11T11:53:16.207766+00:00"}
{"asctime": "2025-08-11 13:53:16,214", "levelname": "INFO", "name": "AresTradingSystem.System.UnifiedDataLoader", "message": "📁 Found 179 partition files", "correlation_id": "-", "session_id": "-", "timestamp": "2025-08-11T11:53:16.214390+00:00"}
{"asctime": "2025-08-11 13:53:16,331", "levelname": "INFO", "name": "AresTradingSystem.System.UnifiedDataLoader", "message": "   📄 Processing file 1/179: part-0.parquet", "correlation_id": "-", "session_id": "-", "timestamp": "2025-08-11T11:53:16.331333+00:00"}
{"asctime": "2025-08-11 13:53:16,338", "levelname": "INFO", "name": "AresTradingSystem.System.UnifiedDataLoader", "message": "   ✅ Loaded file 1: (1440, 19)", "correlation_id": "-", "session_id": "-", "timestamp": "2025-08-11T11:53:16.338552+00:00"}
{"asctime": "2025-08-11 13:53:16,341", "levelname": "INFO", "name": "AresTradingSystem.System.UnifiedDataLoader", "message": "   🔍 After date filtering: (606, 19)", "correlation_id": "-", "session_id": "-", "timestamp": "2025-08-11T11:53:16.341124+00:00"}
{"asctime": "2025-08-11 13:53:16,344", "levelname": "INFO", "name": "AresTradingSystem.System.UnifiedDataLoader", "message": "   📊 Total rows so far: 606", "correlation_id": "-", "session_id": "-", "timestamp": "2025-08-11T11:53:16.344498+00:00"}
{"asctime": "2025-08-11 13:53:18,999", "levelname": "INFO", "name": "AresTradingSystem.System.UnifiedDataLoader", "message": "   📄 Processing file 10/179: part-0.parquet", "correlation_id": "-", "session_id": "-", "timestamp": "2025-08-11T11:53:18.999411+00:00"}
{"asctime": "2025-08-11 13:53:19,005", "levelname": "INFO", "name": "AresTradingSystem.System.UnifiedDataLoader", "message": "   ✅ Loaded file 10: (1440, 19)", "correlation_id": "-", "session_id": "-", "timestamp": "2025-08-11T11:53:19.005186+00:00"}
{"asctime": "2025-08-11 13:53:19,007", "levelname": "INFO", "name": "AresTradingSystem.System.UnifiedDataLoader", "message": "   🔍 After date filtering: (1440, 19)", "correlation_id": "-", "session_id": "-", "timestamp": "2025-08-11T11:53:19.007117+00:00"}
{"asctime": "2025-08-11 13:53:19,014", "levelname": "INFO", "name": "AresTradingSystem.System.UnifiedDataLoader", "message": "   📊 Total rows so far: 13566", "correlation_id": "-", "session_id": "-", "timestamp": "2025-08-11T11:53:19.014280+00:00"}
{"asctime": "2025-08-11 13:53:21,614", "levelname": "INFO", "name": "AresTradingSystem.System.UnifiedDataLoader", "message": "   📄 Processing file 20/179: part-0.parquet", "correlation_id": "-", "session_id": "-", "timestamp": "2025-08-11T11:53:21.614117+00:00"}
{"asctime": "2025-08-11 13:53:21,618", "levelname": "INFO", "name": "AresTradingSystem.System.UnifiedDataLoader", "message": "   ✅ Loaded file 20: (1440, 19)", "correlation_id": "-", "session_id": "-", "timestamp": "2025-08-11T11:53:21.618704+00:00"}
{"asctime": "2025-08-11 13:53:21,620", "levelname": "INFO", "name": "AresTradingSystem.System.UnifiedDataLoader", "message": "   🔍 After date filtering: (1440, 19)", "correlation_id": "-", "session_id": "-", "timestamp": "2025-08-11T11:53:21.620018+00:00"}
{"asctime": "2025-08-11 13:53:21,626", "levelname": "INFO", "name": "AresTradingSystem.System.UnifiedDataLoader", "message": "   📊 Total rows so far: 27966", "correlation_id": "-", "session_id": "-", "timestamp": "2025-08-11T11:53:21.626234+00:00"}
{"asctime": "2025-08-11 13:53:24,256", "levelname": "INFO", "name": "AresTradingSystem.System.UnifiedDataLoader", "message": "   📄 Processing file 30/179: part-0.parquet", "correlation_id": "-", "session_id": "-", "timestamp": "2025-08-11T11:53:24.256553+00:00"}
{"asctime": "2025-08-11 13:53:24,261", "levelname": "INFO", "name": "AresTradingSystem.System.UnifiedDataLoader", "message": "   ✅ Loaded file 30: (1440, 19)", "correlation_id": "-", "session_id": "-", "timestamp": "2025-08-11T11:53:24.261408+00:00"}
{"asctime": "2025-08-11 13:53:24,262", "levelname": "INFO", "name": "AresTradingSystem.System.UnifiedDataLoader", "message": "   🔍 After date filtering: (1440, 19)", "correlation_id": "-", "session_id": "-", "timestamp": "2025-08-11T11:53:24.262850+00:00"}
{"asctime": "2025-08-11 13:53:24,270", "levelname": "INFO", "name": "AresTradingSystem.System.UnifiedDataLoader", "message": "   📊 Total rows so far: 42366", "correlation_id": "-", "session_id": "-", "timestamp": "2025-08-11T11:53:24.270183+00:00"}
{"asctime": "2025-08-11 13:53:26,969", "levelname": "INFO", "name": "AresTradingSystem.System.UnifiedDataLoader", "message": "   📄 Processing file 40/179: part-0.parquet", "correlation_id": "-", "session_id": "-", "timestamp": "2025-08-11T11:53:26.969750+00:00"}
{"asctime": "2025-08-11 13:53:26,974", "levelname": "INFO", "name": "AresTradingSystem.System.UnifiedDataLoader", "message": "   ✅ Loaded file 40: (1440, 19)", "correlation_id": "-", "session_id": "-", "timestamp": "2025-08-11T11:53:26.974247+00:00"}
{"asctime": "2025-08-11 13:53:26,975", "levelname": "INFO", "name": "AresTradingSystem.System.UnifiedDataLoader", "message": "   🔍 After date filtering: (1440, 19)", "correlation_id": "-", "session_id": "-", "timestamp": "2025-08-11T11:53:26.975560+00:00"}
{"asctime": "2025-08-11 13:53:26,982", "levelname": "INFO", "name": "AresTradingSystem.System.UnifiedDataLoader", "message": "   📊 Total rows so far: 56766", "correlation_id": "-", "session_id": "-", "timestamp": "2025-08-11T11:53:26.982192+00:00"}
{"asctime": "2025-08-11 13:53:29,781", "levelname": "INFO", "name": "AresTradingSystem.System.UnifiedDataLoader", "message": "   📄 Processing file 50/179: part-0.parquet", "correlation_id": "-", "session_id": "-", "timestamp": "2025-08-11T11:53:29.781539+00:00"}
{"asctime": "2025-08-11 13:53:29,787", "levelname": "INFO", "name": "AresTradingSystem.System.UnifiedDataLoader", "message": "   ✅ Loaded file 50: (1440, 19)", "correlation_id": "-", "session_id": "-", "timestamp": "2025-08-11T11:53:29.787308+00:00"}
{"asctime": "2025-08-11 13:53:29,788", "levelname": "INFO", "name": "AresTradingSystem.System.UnifiedDataLoader", "message": "   🔍 After date filtering: (1440, 19)", "correlation_id": "-", "session_id": "-", "timestamp": "2025-08-11T11:53:29.788424+00:00"}
{"asctime": "2025-08-11 13:53:29,794", "levelname": "INFO", "name": "AresTradingSystem.System.UnifiedDataLoader", "message": "   📊 Total rows so far: 71166", "correlation_id": "-", "session_id": "-", "timestamp": "2025-08-11T11:53:29.795003+00:00"}
{"asctime": "2025-08-11 13:53:36,638", "levelname": "INFO", "name": "AresTradingSystem.System.UnifiedDataLoader", "message": "   📄 Processing file 60/179: part-0.parquet", "correlation_id": "-", "session_id": "-", "timestamp": "2025-08-11T11:53:36.638455+00:00"}
{"asctime": "2025-08-11 13:53:36,652", "levelname": "INFO", "name": "AresTradingSystem.System.UnifiedDataLoader", "message": "   ✅ Loaded file 60: (1440, 19)", "correlation_id": "-", "session_id": "-", "timestamp": "2025-08-11T11:53:36.652806+00:00"}
{"asctime": "2025-08-11 13:53:36,656", "levelname": "INFO", "name": "AresTradingSystem.System.UnifiedDataLoader", "message": "   🔍 After date filtering: (1440, 19)", "correlation_id": "-", "session_id": "-", "timestamp": "2025-08-11T11:53:36.656747+00:00"}
{"asctime": "2025-08-11 13:53:36,673", "levelname": "INFO", "name": "AresTradingSystem.System.UnifiedDataLoader", "message": "   📊 Total rows so far: 85566", "correlation_id": "-", "session_id": "-", "timestamp": "2025-08-11T11:53:36.673955+00:00"}
{"asctime": "2025-08-11 13:53:42,081", "levelname": "INFO", "name": "AresTradingSystem.System.UnifiedDataLoader", "message": "   📄 Processing file 70/179: part-0.parquet", "correlation_id": "-", "session_id": "-", "timestamp": "2025-08-11T11:53:42.081216+00:00"}
{"asctime": "2025-08-11 13:53:42,086", "levelname": "INFO", "name": "AresTradingSystem.System.UnifiedDataLoader", "message": "   ✅ Loaded file 70: (1440, 19)", "correlation_id": "-", "session_id": "-", "timestamp": "2025-08-11T11:53:42.086826+00:00"}
{"asctime": "2025-08-11 13:53:42,088", "levelname": "INFO", "name": "AresTradingSystem.System.UnifiedDataLoader", "message": "   🔍 After date filtering: (1440, 19)", "correlation_id": "-", "session_id": "-", "timestamp": "2025-08-11T11:53:42.088392+00:00"}
{"asctime": "2025-08-11 13:53:42,096", "levelname": "INFO", "name": "AresTradingSystem.System.UnifiedDataLoader", "message": "   📊 Total rows so far: 99966", "correlation_id": "-", "session_id": "-", "timestamp": "2025-08-11T11:53:42.096313+00:00"}
{"asctime": "2025-08-11 13:53:45,225", "levelname": "INFO", "name": "AresTradingSystem.System.UnifiedDataLoader", "message": "   📄 Processing file 80/179: part-0.parquet", "correlation_id": "-", "session_id": "-", "timestamp": "2025-08-11T11:53:45.225530+00:00"}
{"asctime": "2025-08-11 13:53:45,230", "levelname": "INFO", "name": "AresTradingSystem.System.UnifiedDataLoader", "message": "   ✅ Loaded file 80: (1440, 19)", "correlation_id": "-", "session_id": "-", "timestamp": "2025-08-11T11:53:45.230122+00:00"}
{"asctime": "2025-08-11 13:53:45,231", "levelname": "INFO", "name": "AresTradingSystem.System.UnifiedDataLoader", "message": "   🔍 After date filtering: (1440, 19)", "correlation_id": "-", "session_id": "-", "timestamp": "2025-08-11T11:53:45.231202+00:00"}
{"asctime": "2025-08-11 13:53:45,238", "levelname": "INFO", "name": "AresTradingSystem.System.UnifiedDataLoader", "message": "   📊 Total rows so far: 114366", "correlation_id": "-", "session_id": "-", "timestamp": "2025-08-11T11:53:45.238510+00:00"}
{"asctime": "2025-08-11 13:53:48,516", "levelname": "INFO", "name": "AresTradingSystem.System.UnifiedDataLoader", "message": "   📄 Processing file 90/179: part-0.parquet", "correlation_id": "-", "session_id": "-", "timestamp": "2025-08-11T11:53:48.516463+00:00"}
{"asctime": "2025-08-11 13:53:48,521", "levelname": "INFO", "name": "AresTradingSystem.System.UnifiedDataLoader", "message": "   ✅ Loaded file 90: (1440, 19)", "correlation_id": "-", "session_id": "-", "timestamp": "2025-08-11T11:53:48.521403+00:00"}
{"asctime": "2025-08-11 13:53:48,523", "levelname": "INFO", "name": "AresTradingSystem.System.UnifiedDataLoader", "message": "   🔍 After date filtering: (1440, 19)", "correlation_id": "-", "session_id": "-", "timestamp": "2025-08-11T11:53:48.523074+00:00"}
{"asctime": "2025-08-11 13:53:48,529", "levelname": "INFO", "name": "AresTradingSystem.System.UnifiedDataLoader", "message": "   📊 Total rows so far: 128766", "correlation_id": "-", "session_id": "-", "timestamp": "2025-08-11T11:53:48.529612+00:00"}
{"asctime": "2025-08-11 13:53:51,721", "levelname": "INFO", "name": "AresTradingSystem.System.UnifiedDataLoader", "message": "   📄 Processing file 100/179: part-0.parquet", "correlation_id": "-", "session_id": "-", "timestamp": "2025-08-11T11:53:51.721828+00:00"}
{"asctime": "2025-08-11 13:53:51,726", "levelname": "INFO", "name": "AresTradingSystem.System.UnifiedDataLoader", "message": "   ✅ Loaded file 100: (1440, 19)", "correlation_id": "-", "session_id": "-", "timestamp": "2025-08-11T11:53:51.726432+00:00"}
{"asctime": "2025-08-11 13:53:51,727", "levelname": "INFO", "name": "AresTradingSystem.System.UnifiedDataLoader", "message": "   🔍 After date filtering: (1440, 19)", "correlation_id": "-", "session_id": "-", "timestamp": "2025-08-11T11:53:51.727735+00:00"}
{"asctime": "2025-08-11 13:53:51,735", "levelname": "INFO", "name": "AresTradingSystem.System.UnifiedDataLoader", "message": "   📊 Total rows so far: 143166", "correlation_id": "-", "session_id": "-", "timestamp": "2025-08-11T11:53:51.735420+00:00"}
{"asctime": "2025-08-11 13:53:55,042", "levelname": "INFO", "name": "AresTradingSystem.System.UnifiedDataLoader", "message": "   📄 Processing file 110/179: part-0.parquet", "correlation_id": "-", "session_id": "-", "timestamp": "2025-08-11T11:53:55.042885+00:00"}
{"asctime": "2025-08-11 13:53:55,047", "levelname": "INFO", "name": "AresTradingSystem.System.UnifiedDataLoader", "message": "   ✅ Loaded file 110: (1440, 19)", "correlation_id": "-", "session_id": "-", "timestamp": "2025-08-11T11:53:55.047124+00:00"}
{"asctime": "2025-08-11 13:53:55,048", "levelname": "INFO", "name": "AresTradingSystem.System.UnifiedDataLoader", "message": "   🔍 After date filtering: (1440, 19)", "correlation_id": "-", "session_id": "-", "timestamp": "2025-08-11T11:53:55.048214+00:00"}
{"asctime": "2025-08-11 13:53:55,055", "levelname": "INFO", "name": "AresTradingSystem.System.UnifiedDataLoader", "message": "   📊 Total rows so far: 157566", "correlation_id": "-", "session_id": "-", "timestamp": "2025-08-11T11:53:55.055663+00:00"}
{"asctime": "2025-08-11 13:53:58,471", "levelname": "INFO", "name": "AresTradingSystem.System.UnifiedDataLoader", "message": "   📄 Processing file 120/179: part-0.parquet", "correlation_id": "-", "session_id": "-", "timestamp": "2025-08-11T11:53:58.471253+00:00"}
{"asctime": "2025-08-11 13:53:58,475", "levelname": "INFO", "name": "AresTradingSystem.System.UnifiedDataLoader", "message": "   ✅ Loaded file 120: (1440, 19)", "correlation_id": "-", "session_id": "-", "timestamp": "2025-08-11T11:53:58.475177+00:00"}
{"asctime": "2025-08-11 13:53:58,476", "levelname": "INFO", "name": "AresTradingSystem.System.UnifiedDataLoader", "message": "   🔍 After date filtering: (1440, 19)", "correlation_id": "-", "session_id": "-", "timestamp": "2025-08-11T11:53:58.476471+00:00"}
{"asctime": "2025-08-11 13:53:58,484", "levelname": "INFO", "name": "AresTradingSystem.System.UnifiedDataLoader", "message": "   📊 Total rows so far: 171966", "correlation_id": "-", "session_id": "-", "timestamp": "2025-08-11T11:53:58.484817+00:00"}
{"asctime": "2025-08-11 13:54:02,159", "levelname": "INFO", "name": "AresTradingSystem.System.UnifiedDataLoader", "message": "   📄 Processing file 130/179: part-0.parquet", "correlation_id": "-", "session_id": "-", "timestamp": "2025-08-11T11:54:02.159767+00:00"}
{"asctime": "2025-08-11 13:54:02,165", "levelname": "INFO", "name": "AresTradingSystem.System.UnifiedDataLoader", "message": "   ✅ Loaded file 130: (1440, 19)", "correlation_id": "-", "session_id": "-", "timestamp": "2025-08-11T11:54:02.165346+00:00"}
{"asctime": "2025-08-11 13:54:02,166", "levelname": "INFO", "name": "AresTradingSystem.System.UnifiedDataLoader", "message": "   🔍 After date filtering: (1440, 19)", "correlation_id": "-", "session_id": "-", "timestamp": "2025-08-11T11:54:02.166946+00:00"}
{"asctime": "2025-08-11 13:54:02,173", "levelname": "INFO", "name": "AresTradingSystem.System.UnifiedDataLoader", "message": "   📊 Total rows so far: 186366", "correlation_id": "-", "session_id": "-", "timestamp": "2025-08-11T11:54:02.173042+00:00"}
{"asctime": "2025-08-11 13:54:05,627", "levelname": "INFO", "name": "AresTradingSystem.System.UnifiedDataLoader", "message": "   📄 Processing file 140/179: part-0.parquet", "correlation_id": "-", "session_id": "-", "timestamp": "2025-08-11T11:54:05.627111+00:00"}
{"asctime": "2025-08-11 13:54:05,632", "levelname": "INFO", "name": "AresTradingSystem.System.UnifiedDataLoader", "message": "   ✅ Loaded file 140: (1440, 19)", "correlation_id": "-", "session_id": "-", "timestamp": "2025-08-11T11:54:05.632861+00:00"}
{"asctime": "2025-08-11 13:54:05,634", "levelname": "INFO", "name": "AresTradingSystem.System.UnifiedDataLoader", "message": "   🔍 After date filtering: (1440, 19)", "correlation_id": "-", "session_id": "-", "timestamp": "2025-08-11T11:54:05.634703+00:00"}
{"asctime": "2025-08-11 13:54:05,641", "levelname": "INFO", "name": "AresTradingSystem.System.UnifiedDataLoader", "message": "   📊 Total rows so far: 200766", "correlation_id": "-", "session_id": "-", "timestamp": "2025-08-11T11:54:05.641751+00:00"}
{"asctime": "2025-08-11 13:54:08,993", "levelname": "INFO", "name": "AresTradingSystem.System.UnifiedDataLoader", "message": "   📄 Processing file 150/179: part-0.parquet", "correlation_id": "-", "session_id": "-", "timestamp": "2025-08-11T11:54:08.993601+00:00"}
{"asctime": "2025-08-11 13:54:08,998", "levelname": "INFO", "name": "AresTradingSystem.System.UnifiedDataLoader", "message": "   ✅ Loaded file 150: (1440, 19)", "correlation_id": "-", "session_id": "-", "timestamp": "2025-08-11T11:54:08.998143+00:00"}
{"asctime": "2025-08-11 13:54:09,000", "levelname": "INFO", "name": "AresTradingSystem.System.UnifiedDataLoader", "message": "   🔍 After date filtering: (1440, 19)", "correlation_id": "-", "session_id": "-", "timestamp": "2025-08-11T11:54:09.000048+00:00"}
{"asctime": "2025-08-11 13:54:09,006", "levelname": "INFO", "name": "AresTradingSystem.System.UnifiedDataLoader", "message": "   📊 Total rows so far: 215166", "correlation_id": "-", "session_id": "-", "timestamp": "2025-08-11T11:54:09.006967+00:00"}
{"asctime": "2025-08-11 13:54:12,624", "levelname": "INFO", "name": "AresTradingSystem.System.UnifiedDataLoader", "message": "   📄 Processing file 160/179: part-0.parquet", "correlation_id": "-", "session_id": "-", "timestamp": "2025-08-11T11:54:12.624812+00:00"}
{"asctime": "2025-08-11 13:54:12,629", "levelname": "INFO", "name": "AresTradingSystem.System.UnifiedDataLoader", "message": "   ✅ Loaded file 160: (1440, 19)", "correlation_id": "-", "session_id": "-", "timestamp": "2025-08-11T11:54:12.629648+00:00"}
{"asctime": "2025-08-11 13:54:12,630", "levelname": "INFO", "name": "AresTradingSystem.System.UnifiedDataLoader", "message": "   🔍 After date filtering: (1440, 19)", "correlation_id": "-", "session_id": "-", "timestamp": "2025-08-11T11:54:12.630634+00:00"}
{"asctime": "2025-08-11 13:54:12,639", "levelname": "INFO", "name": "AresTradingSystem.System.UnifiedDataLoader", "message": "   📊 Total rows so far: 229566", "correlation_id": "-", "session_id": "-", "timestamp": "2025-08-11T11:54:12.639650+00:00"}
{"asctime": "2025-08-11 13:54:16,027", "levelname": "INFO", "name": "AresTradingSystem.System.UnifiedDataLoader", "message": "   📄 Processing file 170/179: part-0.parquet", "correlation_id": "-", "session_id": "-", "timestamp": "2025-08-11T11:54:16.027141+00:00"}
{"asctime": "2025-08-11 13:54:16,031", "levelname": "INFO", "name": "AresTradingSystem.System.UnifiedDataLoader", "message": "   ✅ Loaded file 170: (1440, 19)", "correlation_id": "-", "session_id": "-", "timestamp": "2025-08-11T11:54:16.031355+00:00"}
{"asctime": "2025-08-11 13:54:16,032", "levelname": "INFO", "name": "AresTradingSystem.System.UnifiedDataLoader", "message": "   🔍 After date filtering: (1440, 19)", "correlation_id": "-", "session_id": "-", "timestamp": "2025-08-11T11:54:16.032651+00:00"}
{"asctime": "2025-08-11 13:54:16,039", "levelname": "INFO", "name": "AresTradingSystem.System.UnifiedDataLoader", "message": "   📊 Total rows so far: 243966", "correlation_id": "-", "session_id": "-", "timestamp": "2025-08-11T11:54:16.039453+00:00"}
{"asctime": "2025-08-11 13:54:19,362", "levelname": "INFO", "name": "AresTradingSystem.System.UnifiedDataLoader", "message": "🔄 Converting 256556 records to DataFrame...", "correlation_id": "-", "session_id": "-", "timestamp": "2025-08-11T11:54:19.362997+00:00"}
{"asctime": "2025-08-11 13:54:20,577", "levelname": "INFO", "name": "AresTradingSystem.System.UnifiedDataLoader", "message": "✅ Memory-efficient loading completed: (256556, 19)", "correlation_id": "-", "session_id": "-", "timestamp": "2025-08-11T11:54:20.577615+00:00"}
{"asctime": "2025-08-11 13:54:20,579", "levelname": "INFO", "name": "AresTradingSystem.System.AnalystLabelingFeatureEngineeringStep", "message": "✅ Loaded unified data: 256556 rows", "correlation_id": "-", "session_id": "-", "timestamp": "2025-08-11T11:54:20.579337+00:00"}
{"asctime": "2025-08-11 13:54:20,579", "levelname": "INFO", "name": "AresTradingSystem.System.AnalystLabelingFeatureEngineeringStep", "message": "✅ Validated OHLCV data", "correlation_id": "-", "session_id": "-", "timestamp": "2025-08-11T11:54:20.579540+00:00"}
{"asctime": "2025-08-11 13:54:20,580", "levelname": "INFO", "name": "AresTradingSystem.System.VectorizedLabellingOrchestrator", "message": "🎯 Starting comprehensive vectorized labeling and feature engineering orchestration...", "correlation_id": "-", "session_id": "-", "timestamp": "2025-08-11T11:54:20.580293+00:00"}
{"asctime": "2025-08-11 13:54:20,580", "levelname": "INFO", "name": "AresTradingSystem.System.VectorizedLabellingOrchestrator", "message": "📊 Performing stationary checks...", "correlation_id": "-", "session_id": "-", "timestamp": "2025-08-11T11:54:20.580435+00:00"}
{"asctime": "2025-08-11 13:54:20,580", "levelname": "INFO", "name": "AresTradingSystem.System.VectorizedStationarityChecker", "message": "🔍 Checking data stationarity...", "correlation_id": "-", "session_id": "-", "timestamp": "2025-08-11T11:54:20.580531+00:00"}
{"asctime": "2025-08-11 13:54:20,628", "levelname": "INFO", "name": "AresTradingSystem.System.VectorizedStationarityChecker", "message": "📈 Transforming price data for stationarity...", "correlation_id": "-", "session_id": "-", "timestamp": "2025-08-11T11:54:20.628571+00:00"}
{"asctime": "2025-08-11 13:54:20,659", "levelname": "INFO", "name": "AresTradingSystem.System.VectorizedStationarityChecker", "message": "✅ Transformed price data shape: (256556, 28), columns: ['timestamp', 'open', 'high', 'low', 'close', 'volume', 'year', 'month', 'day', 'exchange', 'symbol', 'timeframe', 'trade_volume', 'trade_count', 'avg_price', 'min_price', 'max_price', 'volume_ratio', 'funding_rate', 'close_returns', 'open_returns', 'high_returns', 'low_returns', 'close_log', 'open_log', 'high_log', 'low_log', 'close_detrended']", "correlation_id": "-", "session_id": "-", "timestamp": "2025-08-11T11:54:20.659674+00:00"}
{"asctime": "2025-08-11 13:54:20,702", "levelname": "INFO", "name": "AresTradingSystem.System.VectorizedStationarityChecker", "message": "📊 Transforming volume data for stationarity...", "correlation_id": "-", "session_id": "-", "timestamp": "2025-08-11T11:54:20.702040+00:00"}
{"asctime": "2025-08-11 13:54:20,713", "levelname": "INFO", "name": "AresTradingSystem.System.VectorizedStationarityChecker", "message": "✅ Transformed volume data shape: (256556, 4), columns: ['volume', 'volume_log', 'volume_detrended', 'volume_normalized']", "correlation_id": "-", "session_id": "-", "timestamp": "2025-08-11T11:54:20.713530+00:00"}
{"asctime": "2025-08-11 13:54:20,713", "levelname": "INFO", "name": "AresTradingSystem.System.VectorizedLabellingOrchestrator", "message": "🔧 Generating advanced features...", "correlation_id": "-", "session_id": "-", "timestamp": "2025-08-11T11:54:20.713780+00:00"}
{"asctime": "2025-08-11 13:54:21,002", "levelname": "ERROR", "name": "AresTradingSystem.System.VectorizedCandlestickPatternAnalyzer", "message": "Error detecting engulfing patterns: unsupported operand type(s) for &: 'bool' and 'float'", "correlation_id": "-", "session_id": "-", "timestamp": "2025-08-11T11:54:21.002985+00:00"}
{"asctime": "2025-08-11 13:55:02,071", "levelname": "INFO", "name": "AresTradingSystem.System.VectorizedCandlestickPatternAnalyzer", "message": "✅ Analyzed 8 pattern categories using vectorized operations", "correlation_id": "-", "session_id": "-", "timestamp": "2025-08-11T11:55:02.071409+00:00"}
{"asctime": "2025-08-11 13:56:01,493", "levelname": "INFO", "name": "AresTradingSystem.System.VectorizedAdvancedFeatureEngineering", "message": "🔧 Computing wavelet features (not cached): 190ec50d58c39564", "correlation_id": "-", "session_id": "-", "timestamp": "2025-08-11T11:56:01.493888+00:00"}
{"asctime": "2025-08-11 13:56:01,494", "levelname": "INFO", "name": "AresTradingSystem.System.VectorizedWaveletTransformAnalyzer", "message": "🔍 Performing enhanced wavelet transform analysis...", "correlation_id": "-", "session_id": "-", "timestamp": "2025-08-11T11:56:01.494893+00:00"}
{"asctime": "2025-08-11 13:56:06,388", "levelname": "INFO", "name": "AresTradingSystem.System.VectorizedWaveletTransformAnalyzer", "message": "Selected 40 features from 972 candidates using variance method", "correlation_id": "-", "session_id": "-", "timestamp": "2025-08-11T11:56:06.388695+00:00"}
{"asctime": "2025-08-11 13:56:06,388", "levelname": "INFO", "name": "AresTradingSystem.System.VectorizedWaveletTransformAnalyzer", "message": "✅ Enhanced wavelet transform analysis completed in 4.89s. Generated 40 features from 972 candidates. Feature selection: variance", "correlation_id": "-", "session_id": "-", "timestamp": "2025-08-11T11:56:06.388997+00:00"}
{"asctime": "2025-08-11 13:56:06,389", "levelname": "INFO", "name": "AresTradingSystem.System.VectorizedWaveletTransformAnalyzer", "message": "📊 Wavelet Analysis Performance Metrics:", "correlation_id": "-", "session_id": "-", "timestamp": "2025-08-11T11:56:06.389131+00:00"}
{"asctime": "2025-08-11 13:56:06,389", "levelname": "INFO", "name": "AresTradingSystem.System.VectorizedWaveletTransformAnalyzer", "message": "  dwt: 0.081s (792 features)", "correlation_id": "-", "session_id": "-", "timestamp": "2025-08-11T11:56:06.389231+00:00"}
{"asctime": "2025-08-11 13:56:06,389", "levelname": "INFO", "name": "AresTradingSystem.System.VectorizedWaveletTransformAnalyzer", "message": "  cwt: 4.765s (180 features)", "correlation_id": "-", "session_id": "-", "timestamp": "2025-08-11T11:56:06.389311+00:00"}
{"asctime": "2025-08-11 13:56:06,389", "levelname": "INFO", "name": "AresTradingSystem.System.VectorizedWaveletTransformAnalyzer", "message": "  packet: 0.000s (0 features)", "correlation_id": "-", "session_id": "-", "timestamp": "2025-08-11T11:56:06.389388+00:00"}
{"asctime": "2025-08-11 13:56:06,389", "levelname": "INFO", "name": "AresTradingSystem.System.VectorizedWaveletTransformAnalyzer", "message": "  denoising: 0.000s (0 features)", "correlation_id": "-", "session_id": "-", "timestamp": "2025-08-11T11:56:06.389509+00:00"}
{"asctime": "2025-08-11 13:56:06,389", "levelname": "INFO", "name": "AresTradingSystem.System.VectorizedWaveletTransformAnalyzer", "message": "  multi_wavelet: 0.000s (0 features)", "correlation_id": "-", "session_id": "-", "timestamp": "2025-08-11T11:56:06.389582+00:00"}
{"asctime": "2025-08-11 13:56:06,389", "levelname": "INFO", "name": "AresTradingSystem.System.VectorizedWaveletTransformAnalyzer", "message": "  volume_wavelet: 0.000s (0 features)", "correlation_id": "-", "session_id": "-", "timestamp": "2025-08-11T11:56:06.389653+00:00"}
{"asctime": "2025-08-11 13:56:06,389", "levelname": "INFO", "name": "AresTradingSystem.System.VectorizedWaveletTransformAnalyzer", "message": "  Total: 4.894s (40 features)", "correlation_id": "-", "session_id": "-", "timestamp": "2025-08-11T11:56:06.389725+00:00"}
{"asctime": "2025-08-11 13:56:06,389", "levelname": "INFO", "name": "AresTradingSystem.System.VectorizedWaveletTransformAnalyzer", "message": "  Performance: 8.2 features/second", "correlation_id": "-", "session_id": "-", "timestamp": "2025-08-11T11:56:06.389797+00:00"}
{"asctime": "2025-08-11 13:56:06,404", "levelname": "INFO", "name": "AresTradingSystem.System.WaveletFeatureCache", "message": "✅ Cached 40 wavelet features to data/wavelet_cache/features/190ec50d58c39564_features.parquet", "correlation_id": "-", "session_id": "-", "timestamp": "2025-08-11T11:56:06.404244+00:00"}
{"asctime": "2025-08-11 13:56:06,404", "levelname": "INFO", "name": "AresTradingSystem.System.VectorizedAdvancedFeatureEngineering", "message": "💾 Cached wavelet features: 190ec50d58c39564", "correlation_id": "-", "session_id": "-", "timestamp": "2025-08-11T11:56:06.404491+00:00"}
{"asctime": "2025-08-11 13:56:06,887", "levelname": "INFO", "name": "AresTradingSystem.System.VectorizedAdvancedFeatureEngineering", "message": "✅ Engineered 115 vectorized advanced features including wavelet transforms", "correlation_id": "-", "session_id": "-", "timestamp": "2025-08-11T11:56:06.887358+00:00"}
{"asctime": "2025-08-11 13:56:06,887", "levelname": "INFO", "name": "AresTradingSystem.System.VectorizedLabellingOrchestrator", "message": "🏷️ Applying triple barrier labeling...", "correlation_id": "-", "session_id": "-", "timestamp": "2025-08-11T11:56:06.887657+00:00"}
{"asctime": "2025-08-11 13:56:07,977", "levelname": "INFO", "name": "AresTradingSystem.System.VectorizedLabellingOrchestrator", "message": "🔗 Combining features and labels...", "correlation_id": "-", "session_id": "-", "timestamp": "2025-08-11T11:56:07.977507+00:00"}
{"asctime": "2025-08-11 13:56:07,978", "levelname": "INFO", "name": "AresTradingSystem.System.VectorizedLabellingOrchestrator", "message": "Removing datetime columns: ['timestamp']", "correlation_id": "-", "session_id": "-", "timestamp": "2025-08-11T11:56:07.978707+00:00"}
{"asctime": "2025-08-11 13:56:08,035", "levelname": "INFO", "name": "AresTradingSystem.System.VectorizedLabellingOrchestrator", "message": "Combined features: added=3, trimmed=3, padded=0, skipped_scalars=112", "correlation_id": "-", "session_id": "-", "timestamp": "2025-08-11T11:56:08.035146+00:00"}
{"asctime": "2025-08-11 13:56:08,039", "levelname": "INFO", "name": "AresTradingSystem.System.VectorizedLabellingOrchestrator", "message": "🎯 Performing feature selection...", "correlation_id": "-", "session_id": "-", "timestamp": "2025-08-11T11:56:08.039154+00:00"}
{"asctime": "2025-08-11 13:56:08,039", "levelname": "INFO", "name": "AresTradingSystem.System.VectorizedFeatureSelector", "message": "🎯 Starting feature selection...", "correlation_id": "-", "session_id": "-", "timestamp": "2025-08-11T11:56:08.039434+00:00"}
{"asctime": "2025-08-11 13:56:08,055", "levelname": "INFO", "name": "AresTradingSystem.System.VectorizedFeatureSelector", "message": "Handling NaN values in feature selection...", "correlation_id": "-", "session_id": "-", "timestamp": "2025-08-11T11:56:08.055883+00:00"}
{"asctime": "2025-08-11 13:56:08,494", "levelname": "INFO", "name": "AresTradingSystem.System.VectorizedFeatureSelector", "message": "Removed 4 constant features", "correlation_id": "-", "session_id": "-", "timestamp": "2025-08-11T11:56:08.494240+00:00"}
{"asctime": "2025-08-11 13:56:09,916", "levelname": "INFO", "name": "AresTradingSystem.System.VectorizedFeatureSelector", "message": "Skipping correlated feature removal (removal %: 0.33)", "correlation_id": "-", "session_id": "-", "timestamp": "2025-08-11T11:56:09.916646+00:00"}
{"asctime": "2025-08-11 13:56:14,723", "levelname": "INFO", "name": "AresTradingSystem.System.VectorizedFeatureSelector", "message": "Skipping VIF feature removal (removal %: 0.44)", "correlation_id": "-", "session_id": "-", "timestamp": "2025-08-11T11:56:14.723769+00:00"}
{"asctime": "2025-08-11 13:56:56,595", "levelname": "INFO", "name": "AresTradingSystem.System.VectorizedFeatureSelector", "message": "Removed 6 low mutual information features", "correlation_id": "-", "session_id": "-", "timestamp": "2025-08-11T11:56:56.596101+00:00"}
{"asctime": "2025-08-11 13:56:59,204", "levelname": "INFO", "name": "AresTradingSystem.System.VectorizedFeatureSelector", "message": "Skipping importance feature removal (removal %: 0.33)", "correlation_id": "-", "session_id": "-", "timestamp": "2025-08-11T11:56:59.204975+00:00"}
{"asctime": "2025-08-11 13:56:59,205", "levelname": "INFO", "name": "AresTradingSystem.System.VectorizedFeatureSelector", "message": "Feature selection completed. Initial features: 31, Final features: 21", "correlation_id": "-", "session_id": "-", "timestamp": "2025-08-11T11:56:59.205348+00:00"}
{"asctime": "2025-08-11 13:56:59,232", "levelname": "ERROR", "name": "AresTradingSystem.System.VectorizedLabellingOrchestrator", "message": "Error in vectorized labeling orchestration: 'VectorizedFeatureSelector' object has no attribute '_remove_raw_ohlcv_columns'", "correlation_id": "-", "session_id": "-", "timestamp": "2025-08-11T11:56:59.232390+00:00"}
{"asctime": "2025-08-11 13:56:59,264", "levelname": "WARNING", "name": "AresTradingSystem.System.AnalystLabelingFeatureEngineeringStep", "message": "Vectorized labeling orchestrator failed during execution: Orchestrator returned invalid data, using fallback", "correlation_id": "-", "session_id": "-", "timestamp": "2025-08-11T11:56:59.264215+00:00"}
{"asctime": "2025-08-11 13:56:59,339", "levelname": "INFO", "name": "AresTradingSystem.System.AnalystLabelingFeatureEngineeringStep", "message": "🗑️ Removed raw OHLCV columns to prevent data leakage: ['open', 'high', 'low', 'close', 'volume']", "correlation_id": "-", "session_id": "-", "timestamp": "2025-08-11T11:56:59.339081+00:00"}
{"asctime": "2025-08-11 13:56:59,413", "levelname": "WARNING", "name": "AresTradingSystem.System.AnalystLabelingFeatureEngineeringStep", "message": "Could not persist selected feature lists: name 'json' is not defined", "correlation_id": "-", "session_id": "-", "timestamp": "2025-08-11T11:56:59.413746+00:00"}
{"asctime": "2025-08-11 13:56:59,477", "levelname": "INFO", "name": "AresTradingSystem.System.AnalystLabelingFeatureEngineeringStep", "message": "✅ Saved feature data files", "correlation_id": "-", "session_id": "-", "timestamp": "2025-08-11T11:56:59.477314+00:00"}
{"asctime": "2025-08-11 13:56:59,708", "levelname": "INFO", "name": "AresTradingSystem.System.AnalystLabelingFeatureEngineeringStep", "message": "🔧 to_parquet start path=data/training/BINANCE_ETHUSDT_features_train.parquet compression=snappy", "correlation_id": "-", "session_id": "-", "timestamp": "2025-08-11T11:56:59.708673+00:00"}
{"asctime": "2025-08-11 13:56:59,935", "levelname": "INFO", "name": "AresTradingSystem.System.AnalystLabelingFeatureEngineeringStep", "message": "✅ to_parquet ok path=data/training/BINANCE_ETHUSDT_features_train.parquet elapsed=0.227s size=11.8MB", "correlation_id": "-", "session_id": "-", "timestamp": "2025-08-11T11:56:59.935348+00:00"}
{"asctime": "2025-08-11 13:56:59,941", "levelname": "INFO", "name": "AresTradingSystem.System.AnalystLabelingFeatureEngineeringStep", "message": "🔧 to_parquet start path=data/training/BINANCE_ETHUSDT_features_validation.parquet compression=snappy", "correlation_id": "-", "session_id": "-", "timestamp": "2025-08-11T11:56:59.941960+00:00"}
{"asctime": "2025-08-11 13:56:59,972", "levelname": "INFO", "name": "AresTradingSystem.System.AnalystLabelingFeatureEngineeringStep", "message": "✅ to_parquet ok path=data/training/BINANCE_ETHUSDT_features_validation.parquet elapsed=0.030s size=1.5MB", "correlation_id": "-", "session_id": "-", "timestamp": "2025-08-11T11:56:59.972533+00:00"}
{"asctime": "2025-08-11 13:56:59,978", "levelname": "INFO", "name": "AresTradingSystem.System.AnalystLabelingFeatureEngineeringStep", "message": "🔧 to_parquet start path=data/training/BINANCE_ETHUSDT_features_test.parquet compression=snappy", "correlation_id": "-", "session_id": "-", "timestamp": "2025-08-11T11:56:59.978379+00:00"}
{"asctime": "2025-08-11 13:57:00,008", "levelname": "INFO", "name": "AresTradingSystem.System.AnalystLabelingFeatureEngineeringStep", "message": "✅ to_parquet ok path=data/training/BINANCE_ETHUSDT_features_test.parquet elapsed=0.030s size=1.1MB", "correlation_id": "-", "session_id": "-", "timestamp": "2025-08-11T11:57:00.008828+00:00"}
{"asctime": "2025-08-11 13:57:00,267", "levelname": "WARNING", "name": "AresTradingSystem.System.AnalystLabelingFeatureEngineeringStep", "message": "Partitioned features write skipped: 'ParquetDatasetManager' object has no attribute 'write_partitioned_dataset'", "correlation_id": "-", "session_id": "-", "timestamp": "2025-08-11T11:57:00.267385+00:00"}
{"asctime": "2025-08-11 13:57:00,331", "levelname": "INFO", "name": "AresTradingSystem.System.AnalystLabelingFeatureEngineeringStep", "message": "✅ Saved labeled data files", "correlation_id": "-", "session_id": "-", "timestamp": "2025-08-11T11:57:00.331504+00:00"}
{"asctime": "2025-08-11 13:57:00,523", "levelname": "INFO", "name": "AresTradingSystem.System.AnalystLabelingFeatureEngineeringStep", "message": "🔧 to_parquet start path=data/training/BINANCE_ETHUSDT_labeled_train.parquet compression=snappy", "correlation_id": "-", "session_id": "-", "timestamp": "2025-08-11T11:57:00.523957+00:00"}
{"asctime": "2025-08-11 13:57:00,756", "levelname": "INFO", "name": "AresTradingSystem.System.AnalystLabelingFeatureEngineeringStep", "message": "✅ to_parquet ok path=data/training/BINANCE_ETHUSDT_labeled_train.parquet elapsed=0.233s size=11.8MB", "correlation_id": "-", "session_id": "-", "timestamp": "2025-08-11T11:57:00.756843+00:00"}
{"asctime": "2025-08-11 13:57:00,757", "levelname": "INFO", "name": "AresTradingSystem.System.AnalystLabelingFeatureEngineeringStep", "message": "🔧 to_parquet start path=data/training/BINANCE_ETHUSDT_labeled_validation.parquet compression=snappy", "correlation_id": "-", "session_id": "-", "timestamp": "2025-08-11T11:57:00.757165+00:00"}
{"asctime": "2025-08-11 13:57:00,786", "levelname": "INFO", "name": "AresTradingSystem.System.AnalystLabelingFeatureEngineeringStep", "message": "✅ to_parquet ok path=data/training/BINANCE_ETHUSDT_labeled_validation.parquet elapsed=0.029s size=1.5MB", "correlation_id": "-", "session_id": "-", "timestamp": "2025-08-11T11:57:00.786688+00:00"}
{"asctime": "2025-08-11 13:57:00,787", "levelname": "INFO", "name": "AresTradingSystem.System.AnalystLabelingFeatureEngineeringStep", "message": "🔧 to_parquet start path=data/training/BINANCE_ETHUSDT_labeled_test.parquet compression=snappy", "correlation_id": "-", "session_id": "-", "timestamp": "2025-08-11T11:57:00.787043+00:00"}
{"asctime": "2025-08-11 13:57:00,813", "levelname": "INFO", "name": "AresTradingSystem.System.AnalystLabelingFeatureEngineeringStep", "message": "✅ to_parquet ok path=data/training/BINANCE_ETHUSDT_labeled_test.parquet elapsed=0.027s size=1.1MB", "correlation_id": "-", "session_id": "-", "timestamp": "2025-08-11T11:57:00.813867+00:00"}
{"asctime": "2025-08-11 13:57:01,022", "levelname": "WARNING", "name": "AresTradingSystem.System.AnalystLabelingFeatureEngineeringStep", "message": "Partitioned labeled write skipped: 'ParquetDatasetManager' object has no attribute 'write_partitioned_dataset'", "correlation_id": "-", "session_id": "-", "timestamp": "2025-08-11T11:57:01.022071+00:00"}
{"asctime": "2025-08-11 13:57:01,112", "levelname": "INFO", "name": "AresTradingSystem.System.UnifiedDataManager", "message": "🔄 Creating unified database with time-based splits...", "correlation_id": "-", "session_id": "-", "timestamp": "2025-08-11T11:57:01.112965+00:00"}
{"asctime": "2025-08-11 13:57:01,113", "levelname": "INFO", "name": "AresTradingSystem.System.UnifiedDataManager", "message": "📅 Applying lookback filter: 180 days", "correlation_id": "-", "session_id": "-", "timestamp": "2025-08-11T11:57:01.113318+00:00"}
{"asctime": "2025-08-11 13:57:01,134", "levelname": "INFO", "name": "AresTradingSystem.System.UnifiedDataManager", "message": "📊 Data filtered from 255067 to 255067 samples (from 2025-02-10 to 2025-08-09)", "correlation_id": "-", "session_id": "-", "timestamp": "2025-08-11T11:57:01.134595+00:00"}
{"asctime": "2025-08-11 13:57:01,164", "levelname": "INFO", "name": "AresTradingSystem.System.UnifiedDataManager", "message": "📅 Train period: 2025-02-12 14:43:00 to 2025-07-04 07:35:00", "correlation_id": "-", "session_id": "-", "timestamp": "2025-08-11T11:57:01.164776+00:00"}
{"asctime": "2025-08-11 13:57:01,165", "levelname": "INFO", "name": "AresTradingSystem.System.UnifiedDataManager", "message": "📅 Validation period: 2025-07-04 07:36:00 to 2025-07-22 00:42:00", "correlation_id": "-", "session_id": "-", "timestamp": "2025-08-11T11:57:01.165123+00:00"}
{"asctime": "2025-08-11 13:57:01,165", "levelname": "INFO", "name": "AresTradingSystem.System.UnifiedDataManager", "message": "📅 Test period: 2025-07-22 00:43:00 to 2025-08-09 17:49:00", "correlation_id": "-", "session_id": "-", "timestamp": "2025-08-11T11:57:01.165436+00:00"}
{"asctime": "2025-08-11 13:57:01,165", "levelname": "INFO", "name": "AresTradingSystem.System.UnifiedDataManager", "message": "📊 Time-based splits created (post-augmentation if applied):\n  • Training: 204053 samples (80.0%)\n  • Validation: 25507 samples (10.0%)\n  • Test: 25507 samples (10.0%)", "correlation_id": "-", "session_id": "-", "timestamp": "2025-08-11T11:57:01.165573+00:00"}
{"asctime": "2025-08-11 13:57:01,224", "levelname": "INFO", "name": "AresTradingSystem.System.UnifiedDataManager", "message": "💾 Unified database saved to data/training/unified_database/BINANCE_ETHUSDT_unified_dataset.pkl", "correlation_id": "-", "session_id": "-", "timestamp": "2025-08-11T11:57:01.224066+00:00"}
{"asctime": "2025-08-11 13:57:01,224", "levelname": "INFO", "name": "AresTradingSystem.System.UnifiedDataManager", "message": "📋 Metadata saved to data/training/unified_database/BINANCE_ETHUSDT_dataset_metadata.json", "correlation_id": "-", "session_id": "-", "timestamp": "2025-08-11T11:57:01.224310+00:00"}
{"asctime": "2025-08-11 13:57:01,747", "levelname": "INFO", "name": "AresTradingSystem.System.UnifiedDataManager", "message": "💾 Data splits saved (Parquet):", "correlation_id": "-", "session_id": "-", "timestamp": "2025-08-11T11:57:01.747280+00:00"}
{"asctime": "2025-08-11 13:57:01,747", "levelname": "INFO", "name": "AresTradingSystem.System.UnifiedDataManager", "message": "  • Training: data/training/BINANCE_ETHUSDT_train_data.parquet", "correlation_id": "-", "session_id": "-", "timestamp": "2025-08-11T11:57:01.747791+00:00"}
{"asctime": "2025-08-11 13:57:01,747", "levelname": "INFO", "name": "AresTradingSystem.System.UnifiedDataManager", "message": "  • Validation: data/training/BINANCE_ETHUSDT_validation_data.parquet", "correlation_id": "-", "session_id": "-", "timestamp": "2025-08-11T11:57:01.747946+00:00"}
{"asctime": "2025-08-11 13:57:01,748", "levelname": "INFO", "name": "AresTradingSystem.System.UnifiedDataManager", "message": "  • Test: data/training/BINANCE_ETHUSDT_test_data.parquet", "correlation_id": "-", "session_id": "-", "timestamp": "2025-08-11T11:57:01.748079+00:00"}
{"asctime": "2025-08-11 13:57:01,748", "levelname": "INFO", "name": "AresTradingSystem.System.UnifiedDataManager", "message": "✅ Unified database created successfully", "correlation_id": "-", "session_id": "-", "timestamp": "2025-08-11T11:57:01.748203+00:00"}
{"asctime": "2025-08-11 13:57:01,757", "levelname": "INFO", "name": "AresTradingSystem.System.AnalystLabelingFeatureEngineeringStep", "message": "✅ Created unified database splits", "correlation_id": "-", "session_id": "-", "timestamp": "2025-08-11T11:57:01.757077+00:00"}
{"asctime": "2025-08-11 13:57:01,757", "levelname": "INFO", "name": "AresTradingSystem.System.AnalystLabelingFeatureEngineeringStep", "message": "✅ Analyst labeling and feature engineering completed successfully", "correlation_id": "-", "session_id": "-", "timestamp": "2025-08-11T11:57:01.757363+00:00"}
{"asctime": "2025-08-11 13:57:03,526", "levelname": "INFO", "name": "AresTradingSystem.System", "message": "Initializing Analyst Specialist Training Step...", "correlation_id": "-", "session_id": "-", "timestamp": "2025-08-11T11:57:03.526523+00:00"}
{"asctime": "2025-08-11 13:57:03,527", "levelname": "INFO", "name": "AresTradingSystem.System", "message": "Analyst Specialist Training Step initialized successfully", "correlation_id": "-", "session_id": "-", "timestamp": "2025-08-11T11:57:03.527138+00:00"}
{"asctime": "2025-08-11 13:57:03,527", "levelname": "INFO", "name": "AresTradingSystem.System", "message": "🔄 Executing Analyst Specialist Training...", "correlation_id": "-", "session_id": "-", "timestamp": "2025-08-11T11:57:03.527646+00:00"}
{"asctime": "2025-08-11 13:57:03,920", "levelname": "INFO", "name": "AresTradingSystem.System", "message": "Loaded features file data/training/BINANCE_ETHUSDT_features_train.pkl: type=DataFrame, shape=(204053, 19)", "correlation_id": "-", "session_id": "-", "timestamp": "2025-08-11T11:57:03.920964+00:00"}
{"asctime": "2025-08-11 13:57:03,930", "levelname": "INFO", "name": "AresTradingSystem.System", "message": "Loaded features file data/training/BINANCE_ETHUSDT_features_validation.pkl: type=DataFrame, shape=(25507, 19)", "correlation_id": "-", "session_id": "-", "timestamp": "2025-08-11T11:57:03.931023+00:00"}
{"asctime": "2025-08-11 13:57:04,147", "levelname": "INFO", "name": "AresTradingSystem.System", "message": "Loaded features file data/training/BINANCE_ETHUSDT_features_test.pkl: type=DataFrame, shape=(25507, 19)", "correlation_id": "-", "session_id": "-", "timestamp": "2025-08-11T11:57:04.147443+00:00"}
{"asctime": "2025-08-11 13:57:04,177", "levelname": "INFO", "name": "AresTradingSystem.System", "message": "✅ Loaded combined feature data: (255067, 19)", "correlation_id": "-", "session_id": "-", "timestamp": "2025-08-11T11:57:04.177611+00:00"}
{"asctime": "2025-08-11 13:57:04,178", "levelname": "INFO", "name": "AresTradingSystem.System", "message": "Training specialist models for regime: combined", "correlation_id": "-", "session_id": "-", "timestamp": "2025-08-11T11:57:04.178264+00:00"}
{"asctime": "2025-08-11 13:57:04,553", "levelname": "INFO", "name": "AresTradingSystem.System", "message": "Training specialist models for regime: combined", "correlation_id": "-", "session_id": "-", "timestamp": "2025-08-11T11:57:04.553735+00:00"}
{"asctime": "2025-08-11 13:57:04,617", "levelname": "INFO", "name": "AresTradingSystem.System", "message": "Dropping datetime columns: ['timestamp']", "correlation_id": "-", "session_id": "-", "timestamp": "2025-08-11T11:57:04.617704+00:00"}
{"asctime": "2025-08-11 13:57:04,650", "levelname": "INFO", "name": "AresTradingSystem.System", "message": "Dropping object columns: ['exchange', 'symbol', 'timeframe']", "correlation_id": "-", "session_id": "-", "timestamp": "2025-08-11T11:57:04.650108+00:00"}
{"asctime": "2025-08-11 13:57:04,670", "levelname": "INFO", "name": "AresTradingSystem.System", "message": "📊 Training data shape: (255067, 14)", "correlation_id": "-", "session_id": "-", "timestamp": "2025-08-11T11:57:04.670669+00:00"}
{"asctime": "2025-08-11 13:57:04,670", "levelname": "INFO", "name": "AresTradingSystem.System", "message": "📊 Feature count: 14", "correlation_id": "-", "session_id": "-", "timestamp": "2025-08-11T11:57:04.670998+00:00"}
{"asctime": "2025-08-11 13:57:04,672", "levelname": "INFO", "name": "AresTradingSystem.System", "message": "📊 Class distribution: {1: 132145, -1: 122922}", "correlation_id": "-", "session_id": "-", "timestamp": "2025-08-11T11:57:04.672911+00:00"}
{"asctime": "2025-08-11 13:57:04,800", "levelname": "INFO", "name": "AresTradingSystem.System", "message": "📊 Train set: (204053, 14)", "correlation_id": "-", "session_id": "-", "timestamp": "2025-08-11T11:57:04.800863+00:00"}
{"asctime": "2025-08-11 13:57:04,801", "levelname": "INFO", "name": "AresTradingSystem.System", "message": "📊 Test set: (51014, 14)", "correlation_id": "-", "session_id": "-", "timestamp": "2025-08-11T11:57:04.801225+00:00"}
