{"asctime": "2025-08-11 14:14:29,940", "levelname": "INFO", "name": "AresGlobal", "message": "================================================================================", "correlation_id": "-", "session_id": "-", "timestamp": "2025-08-11T12:14:29.940916+00:00"}
{"asctime": "2025-08-11 14:14:29,941", "levelname": "INFO", "name": "AresGlobal", "message": "ðŸ“Š SESSION SUMMARY", "correlation_id": "-", "session_id": "-", "timestamp": "2025-08-11T12:14:29.941141+00:00"}
{"asctime": "2025-08-11 14:14:29,941", "levelname": "INFO", "name": "AresGlobal", "message": "Session started: 2025-08-11 14:14:29", "correlation_id": "-", "session_id": "-", "timestamp": "2025-08-11T12:14:29.941292+00:00"}
{"asctime": "2025-08-11 14:14:29,941", "levelname": "INFO", "name": "AresGlobal", "message": "This file contains ALL logs for this session", "correlation_id": "-", "session_id": "-", "timestamp": "2025-08-11T12:14:29.941486+00:00"}
{"asctime": "2025-08-11 14:14:29,941", "levelname": "INFO", "name": "AresGlobal", "message": "================================================================================", "correlation_id": "-", "session_id": "-", "timestamp": "2025-08-11T12:14:29.941608+00:00"}
{"asctime": "2025-08-11 14:14:29,941", "levelname": "INFO", "name": "AresGlobal", "message": "[SYSTEM] ================================================================================", "correlation_id": "-", "session_id": "-", "timestamp": "2025-08-11T12:14:29.941886+00:00"}
{"asctime": "2025-08-11 14:14:29,942", "levelname": "INFO", "name": "AresGlobal", "message": "[SYSTEM] ðŸš€ ARES LAUNCHER STARTED - Mode: INITIALIZATION", "correlation_id": "-", "session_id": "-", "timestamp": "2025-08-11T12:14:29.942414+00:00"}
{"asctime": "2025-08-11 14:14:29,942", "levelname": "INFO", "name": "AresGlobal", "message": "[SYSTEM] Start time: 2025-08-11 14:14:29", "correlation_id": "-", "session_id": "-", "timestamp": "2025-08-11T12:14:29.942743+00:00"}
{"asctime": "2025-08-11 14:14:29,942", "levelname": "INFO", "name": "AresGlobal", "message": "[SYSTEM] Log directory: log", "correlation_id": "-", "session_id": "-", "timestamp": "2025-08-11T12:14:29.942937+00:00"}
{"asctime": "2025-08-11 14:14:29,943", "levelname": "INFO", "name": "AresGlobal", "message": "[SYSTEM] ================================================================================", "correlation_id": "-", "session_id": "-", "timestamp": "2025-08-11T12:14:29.943343+00:00"}
{"asctime": "2025-08-11 14:14:29,943", "levelname": "INFO", "name": "AresGlobal.AresLauncher", "message": "================================================================================", "correlation_id": "-", "session_id": "-", "timestamp": "2025-08-11T12:14:29.943459+00:00"}
{"asctime": "2025-08-11 14:14:29,943", "levelname": "INFO", "name": "AresGlobal.AresLauncher", "message": "ðŸš€ ARES COMPREHENSIVE LAUNCHER", "correlation_id": "-", "session_id": "-", "timestamp": "2025-08-11T12:14:29.943563+00:00"}
{"asctime": "2025-08-11 14:14:29,943", "levelname": "INFO", "name": "AresGlobal.AresLauncher", "message": "================================================================================", "correlation_id": "-", "session_id": "-", "timestamp": "2025-08-11T12:14:29.943668+00:00"}
{"asctime": "2025-08-11 14:14:29,943", "levelname": "INFO", "name": "AresGlobal.AresLauncher", "message": "Start time: 2025-08-11 14:14:29", "correlation_id": "-", "session_id": "-", "timestamp": "2025-08-11T12:14:29.943809+00:00"}
{"asctime": "2025-08-11 14:14:29,943", "levelname": "INFO", "name": "AresGlobal.AresLauncher", "message": "Log directory: log", "correlation_id": "-", "session_id": "-", "timestamp": "2025-08-11T12:14:29.943911+00:00"}
{"asctime": "2025-08-11 14:14:29,944", "levelname": "INFO", "name": "AresGlobal.AresLauncher", "message": "Log level: INFO", "correlation_id": "-", "session_id": "-", "timestamp": "2025-08-11T12:14:29.944025+00:00"}
{"asctime": "2025-08-11 14:14:29,944", "levelname": "INFO", "name": "AresGlobal.AresLauncher", "message": "Global log file: ares_global_20250811_141429.log", "correlation_id": "-", "session_id": "-", "timestamp": "2025-08-11T12:14:29.944203+00:00"}
{"asctime": "2025-08-11 14:14:29,944", "levelname": "INFO", "name": "AresGlobal.AresLauncher", "message": "================================================================================", "correlation_id": "-", "session_id": "-", "timestamp": "2025-08-11T12:14:29.944507+00:00"}
{"asctime": "2025-08-11 14:14:29,945", "levelname": "INFO", "name": "AresGlobal", "message": "[SYSTEM] ================================================================================", "correlation_id": "-", "session_id": "-", "timestamp": "2025-08-11T12:14:29.945393+00:00"}
{"asctime": "2025-08-11 14:14:29,945", "levelname": "INFO", "name": "AresGlobal", "message": "[SYSTEM] ðŸš€ ARES LAUNCHER STARTED - Mode: blank - Symbol: ETHUSDT - Exchange: BINANCE", "correlation_id": "-", "session_id": "-", "timestamp": "2025-08-11T12:14:29.945706+00:00"}
{"asctime": "2025-08-11 14:14:29,945", "levelname": "INFO", "name": "AresGlobal", "message": "[SYSTEM] Start time: 2025-08-11 14:14:29", "correlation_id": "-", "session_id": "-", "timestamp": "2025-08-11T12:14:29.945951+00:00"}
{"asctime": "2025-08-11 14:14:29,946", "levelname": "INFO", "name": "AresGlobal", "message": "[SYSTEM] Log directory: log", "correlation_id": "-", "session_id": "-", "timestamp": "2025-08-11T12:14:29.946170+00:00"}
{"asctime": "2025-08-11 14:14:29,946", "levelname": "INFO", "name": "AresGlobal", "message": "[SYSTEM] ================================================================================", "correlation_id": "-", "session_id": "-", "timestamp": "2025-08-11T12:14:29.946582+00:00"}
{"asctime": "2025-08-11 14:14:29,946", "levelname": "INFO", "name": "AresGlobal.AresLauncher", "message": "ðŸš€ Running enhanced 16-step training pipeline for ETHUSDT on BINANCE", "correlation_id": "-", "session_id": "-", "timestamp": "2025-08-11T12:14:29.946897+00:00"}
{"asctime": "2025-08-11 14:14:29,947", "levelname": "INFO", "name": "AresGlobal.AresLauncher", "message": "Starting from step: step4_analyst_labeling_feature_engineering", "correlation_id": "-", "session_id": "-", "timestamp": "2025-08-11T12:14:29.947179+00:00"}
{"asctime": "2025-08-11 14:14:29,947", "levelname": "INFO", "name": "AresGlobal.AresLauncher", "message": "ðŸ§ª BLANK TRAINING MODE: Set BLANK_TRAINING_MODE=1 for step-based training", "correlation_id": "-", "session_id": "-", "timestamp": "2025-08-11T12:14:29.947415+00:00"}
{"asctime": "2025-08-11 14:14:29,949", "levelname": "INFO", "name": "AresGlobal.ProgressManager", "message": "Initialized ProgressManager for ETHUSDT on BINANCE", "correlation_id": "-", "session_id": "-", "timestamp": "2025-08-11T12:14:29.949685+00:00"}
{"asctime": "2025-08-11 14:14:29,949", "levelname": "INFO", "name": "AresGlobal.ProgressManager", "message": "Progress directory: data/training/progress/BINANCE_ETHUSDT", "correlation_id": "-", "session_id": "-", "timestamp": "2025-08-11T12:14:29.949876+00:00"}
{"asctime": "2025-08-11 14:14:29,949", "levelname": "INFO", "name": "AresGlobal.StepOrchestrator", "message": "Initialized StepOrchestrator for ETHUSDT on BINANCE", "correlation_id": "-", "session_id": "-", "timestamp": "2025-08-11T12:14:29.949977+00:00"}
{"asctime": "2025-08-11 14:14:29,950", "levelname": "INFO", "name": "AresGlobal.StepOrchestrator", "message": "ðŸš€ Starting execution from step: step4_analyst_labeling_feature_engineering", "correlation_id": "-", "session_id": "-", "timestamp": "2025-08-11T12:14:29.950397+00:00"}
{"asctime": "2025-08-11 14:14:35,037", "levelname": "INFO", "name": "AresGlobal.EnhancedTrainingManager", "message": "Loaded optimization configuration", "correlation_id": "-", "session_id": "-", "timestamp": "2025-08-11T12:14:35.037725+00:00"}
{"asctime": "2025-08-11 14:14:35,038", "levelname": "INFO", "name": "AresGlobal.EnhancedTrainingManagerOptimized", "message": "Loaded optimization configuration", "correlation_id": "-", "session_id": "-", "timestamp": "2025-08-11T12:14:35.038097+00:00"}
{"asctime": "2025-08-11 14:14:35,038", "levelname": "INFO", "name": "AresGlobal.EnhancedTrainingManager", "message": "ðŸš€ Initializing Enhanced Training Manager...", "correlation_id": "-", "session_id": "-", "timestamp": "2025-08-11T12:14:35.038376+00:00"}
{"asctime": "2025-08-11 14:14:35,038", "levelname": "INFO", "name": "AresGlobal.EnhancedTrainingManager", "message": "ðŸ“Š Blank training mode: True", "correlation_id": "-", "session_id": "-", "timestamp": "2025-08-11T12:14:35.038581+00:00"}
{"asctime": "2025-08-11 14:14:35,038", "levelname": "INFO", "name": "AresGlobal.EnhancedTrainingManager", "message": "ðŸ”§ Max trials: 200", "correlation_id": "-", "session_id": "-", "timestamp": "2025-08-11T12:14:35.038707+00:00"}
{"asctime": "2025-08-11 14:14:35,038", "levelname": "INFO", "name": "AresGlobal.EnhancedTrainingManager", "message": "ðŸ”§ N trials: 100", "correlation_id": "-", "session_id": "-", "timestamp": "2025-08-11T12:14:35.038895+00:00"}
{"asctime": "2025-08-11 14:14:35,038", "levelname": "INFO", "name": "AresGlobal.EnhancedTrainingManager", "message": "ðŸ“ˆ Lookback days: 180", "correlation_id": "-", "session_id": "-", "timestamp": "2025-08-11T12:14:35.038989+00:00"}
{"asctime": "2025-08-11 14:14:35,039", "levelname": "INFO", "name": "AresGlobal.EnhancedTrainingManager", "message": "ðŸš€ Computational optimization: True", "correlation_id": "-", "session_id": "-", "timestamp": "2025-08-11T12:14:35.039264+00:00"}
{"asctime": "2025-08-11 14:14:35,039", "levelname": "INFO", "name": "AresGlobal.EnhancedTrainingManager", "message": "ðŸ“Š Resource Analysis:", "correlation_id": "-", "session_id": "-", "timestamp": "2025-08-11T12:14:35.039456+00:00"}
{"asctime": "2025-08-11 14:14:35,039", "levelname": "INFO", "name": "AresGlobal.EnhancedTrainingManager", "message": "   ðŸ’¾ System Memory: 16.0 GB", "correlation_id": "-", "session_id": "-", "timestamp": "2025-08-11T12:14:35.039651+00:00"}
{"asctime": "2025-08-11 14:14:35,039", "levelname": "INFO", "name": "AresGlobal.EnhancedTrainingManager", "message": "   ðŸ–¥ï¸ CPU Cores: 8", "correlation_id": "-", "session_id": "-", "timestamp": "2025-08-11T12:14:35.039753+00:00"}
{"asctime": "2025-08-11 14:14:35,039", "levelname": "INFO", "name": "AresGlobal.EnhancedTrainingManager", "message": "   ðŸ“ˆ Estimated Memory Usage: 4.0 GB", "correlation_id": "-", "session_id": "-", "timestamp": "2025-08-11T12:14:35.039849+00:00"}
{"asctime": "2025-08-11 14:14:35,040", "levelname": "INFO", "name": "AresGlobal.EnhancedTrainingManager", "message": "   â±ï¸ Estimated Time: 90 minutes (1.5 hours)", "correlation_id": "-", "session_id": "-", "timestamp": "2025-08-11T12:14:35.040031+00:00"}
{"asctime": "2025-08-11 14:14:35,040", "levelname": "INFO", "name": "AresGlobal.EnhancedTrainingManager", "message": "   ðŸ¤– Models to Train: 4", "correlation_id": "-", "session_id": "-", "timestamp": "2025-08-11T12:14:35.040138+00:00"}
{"asctime": "2025-08-11 14:14:35,040", "levelname": "INFO", "name": "AresGlobal.EnhancedTrainingManager", "message": "   ðŸ”§ Optimization Trials: 50", "correlation_id": "-", "session_id": "-", "timestamp": "2025-08-11T12:14:35.040233+00:00"}
{"asctime": "2025-08-11 14:14:35,040", "levelname": "INFO", "name": "AresGlobal.EnhancedTrainingManager", "message": "ðŸ“‹ Step-by-Step Time Estimates:", "correlation_id": "-", "session_id": "-", "timestamp": "2025-08-11T12:14:35.040392+00:00"}
{"asctime": "2025-08-11 14:14:35,040", "levelname": "INFO", "name": "AresGlobal.EnhancedTrainingManager", "message": "   step1_data_collection: 5 min (4.1%)", "correlation_id": "-", "session_id": "-", "timestamp": "2025-08-11T12:14:35.040495+00:00"}
{"asctime": "2025-08-11 14:14:35,040", "levelname": "INFO", "name": "AresGlobal.EnhancedTrainingManager", "message": "   step2_market_regime_classification: 3 min (2.4%)", "correlation_id": "-", "session_id": "-", "timestamp": "2025-08-11T12:14:35.040650+00:00"}
{"asctime": "2025-08-11 14:14:35,040", "levelname": "INFO", "name": "AresGlobal.EnhancedTrainingManager", "message": "   step3_regime_data_splitting: 2 min (1.6%)", "correlation_id": "-", "session_id": "-", "timestamp": "2025-08-11T12:14:35.040846+00:00"}
{"asctime": "2025-08-11 14:14:35,040", "levelname": "INFO", "name": "AresGlobal.EnhancedTrainingManager", "message": "   step4_analyst_labeling_feature_engineering: 15 min (12.2%)", "correlation_id": "-", "session_id": "-", "timestamp": "2025-08-11T12:14:35.040966+00:00"}
{"asctime": "2025-08-11 14:14:35,041", "levelname": "INFO", "name": "AresGlobal.EnhancedTrainingManager", "message": "   step5_analyst_specialist_training: 10 min (8.1%)", "correlation_id": "-", "session_id": "-", "timestamp": "2025-08-11T12:14:35.041149+00:00"}
{"asctime": "2025-08-11 14:14:35,041", "levelname": "INFO", "name": "AresGlobal.EnhancedTrainingManager", "message": "   step6_analyst_enhancement: 8 min (6.5%)", "correlation_id": "-", "session_id": "-", "timestamp": "2025-08-11T12:14:35.041240+00:00"}
{"asctime": "2025-08-11 14:14:35,041", "levelname": "INFO", "name": "AresGlobal.EnhancedTrainingManager", "message": "   step7_analyst_ensemble_creation: 12 min (9.8%)", "correlation_id": "-", "session_id": "-", "timestamp": "2025-08-11T12:14:35.041322+00:00"}
{"asctime": "2025-08-11 14:14:35,041", "levelname": "INFO", "name": "AresGlobal.EnhancedTrainingManager", "message": "   step8_tactician_labeling: 5 min (4.1%)", "correlation_id": "-", "session_id": "-", "timestamp": "2025-08-11T12:14:35.041430+00:00"}
{"asctime": "2025-08-11 14:14:35,041", "levelname": "INFO", "name": "AresGlobal.EnhancedTrainingManager", "message": "   step9_tactician_specialist_training: 10 min (8.1%)", "correlation_id": "-", "session_id": "-", "timestamp": "2025-08-11T12:14:35.041515+00:00"}
{"asctime": "2025-08-11 14:14:35,041", "levelname": "INFO", "name": "AresGlobal.EnhancedTrainingManager", "message": "   step10_tactician_ensemble_creation: 12 min (9.8%)", "correlation_id": "-", "session_id": "-", "timestamp": "2025-08-11T12:14:35.041597+00:00"}
{"asctime": "2025-08-11 14:14:35,041", "levelname": "INFO", "name": "AresGlobal.EnhancedTrainingManager", "message": "   step11_confidence_calibration: 3 min (2.4%)", "correlation_id": "-", "session_id": "-", "timestamp": "2025-08-11T12:14:35.041677+00:00"}
{"asctime": "2025-08-11 14:14:35,041", "levelname": "INFO", "name": "AresGlobal.EnhancedTrainingManager", "message": "   step12_final_parameters_optimization: 15 min (12.2%)", "correlation_id": "-", "session_id": "-", "timestamp": "2025-08-11T12:14:35.041860+00:00"}
{"asctime": "2025-08-11 14:14:35,041", "levelname": "INFO", "name": "AresGlobal.EnhancedTrainingManager", "message": "   step13_walk_forward_validation: 8 min (6.5%)", "correlation_id": "-", "session_id": "-", "timestamp": "2025-08-11T12:14:35.041947+00:00"}
{"asctime": "2025-08-11 14:14:35,042", "levelname": "INFO", "name": "AresGlobal.EnhancedTrainingManager", "message": "   step14_monte_carlo_validation: 8 min (6.5%)", "correlation_id": "-", "session_id": "-", "timestamp": "2025-08-11T12:14:35.042024+00:00"}
{"asctime": "2025-08-11 14:14:35,042", "levelname": "INFO", "name": "AresGlobal.EnhancedTrainingManager", "message": "   step15_ab_testing: 5 min (4.1%)", "correlation_id": "-", "session_id": "-", "timestamp": "2025-08-11T12:14:35.042186+00:00"}
{"asctime": "2025-08-11 14:14:35,042", "levelname": "INFO", "name": "AresGlobal.EnhancedTrainingManager", "message": "   step16_saving: 2 min (1.6%)", "correlation_id": "-", "session_id": "-", "timestamp": "2025-08-11T12:14:35.042263+00:00"}
{"asctime": "2025-08-11 14:14:35,042", "levelname": "INFO", "name": "AresGlobal.EnhancedTrainingManager", "message": "ðŸ’¡ Recommendations:", "correlation_id": "-", "session_id": "-", "timestamp": "2025-08-11T12:14:35.042338+00:00"}
{"asctime": "2025-08-11 14:14:35,042", "levelname": "INFO", "name": "AresGlobal.EnhancedTrainingManager", "message": "   âœ… Blank training mode is suitable for your system", "correlation_id": "-", "session_id": "-", "timestamp": "2025-08-11T12:14:35.042433+00:00"}
{"asctime": "2025-08-11 14:14:35,042", "levelname": "INFO", "name": "AresGlobal.EnhancedTrainingManager", "message": "ðŸš€ Initializing computational optimization components...", "correlation_id": "-", "session_id": "-", "timestamp": "2025-08-11T12:14:35.042522+00:00"}
{"asctime": "2025-08-11 14:14:35,043", "levelname": "INFO", "name": "AresGlobal.ComputationalOptimizationManager", "message": "Computational Optimization Manager initialized", "correlation_id": "-", "session_id": "-", "timestamp": "2025-08-11T12:14:35.043027+00:00"}
{"asctime": "2025-08-11 14:14:35,043", "levelname": "INFO", "name": "AresGlobal.EnhancedTrainingManager", "message": "âœ… Computational optimization components initialized successfully", "correlation_id": "-", "session_id": "-", "timestamp": "2025-08-11T12:14:35.043167+00:00"}
{"asctime": "2025-08-11 14:14:35,043", "levelname": "INFO", "name": "AresGlobal.EnhancedTrainingManager", "message": "âœ… Enhanced Training Manager initialized successfully", "correlation_id": "-", "session_id": "-", "timestamp": "2025-08-11T12:14:35.043259+00:00"}
{"asctime": "2025-08-11 14:14:35,043", "levelname": "INFO", "name": "AresGlobal.StepOrchestrator", "message": "âœ… Enhanced training manager setup successfully", "correlation_id": "-", "session_id": "-", "timestamp": "2025-08-11T12:14:35.043345+00:00"}
{"asctime": "2025-08-11 14:14:35,043", "levelname": "INFO", "name": "AresGlobal.EnhancedTrainingManager", "message": "================================================================================", "correlation_id": "-", "session_id": "-", "timestamp": "2025-08-11T12:14:35.043474+00:00"}
{"asctime": "2025-08-11 14:14:35,043", "levelname": "INFO", "name": "AresGlobal.EnhancedTrainingManager", "message": "ðŸš€ COMPREHENSIVE 16-STEP ENHANCED TRAINING PIPELINE START", "correlation_id": "-", "session_id": "-", "timestamp": "2025-08-11T12:14:35.043658+00:00"}
{"asctime": "2025-08-11 14:14:35,043", "levelname": "INFO", "name": "AresGlobal.EnhancedTrainingManager", "message": "================================================================================", "correlation_id": "-", "session_id": "-", "timestamp": "2025-08-11T12:14:35.043739+00:00"}
{"asctime": "2025-08-11 14:14:35,043", "levelname": "INFO", "name": "AresGlobal.EnhancedTrainingManager", "message": "ðŸ“… Started at: 2025-08-11 14:14:35", "correlation_id": "-", "session_id": "-", "timestamp": "2025-08-11T12:14:35.043828+00:00"}
{"asctime": "2025-08-11 14:14:35,043", "levelname": "INFO", "name": "AresGlobal.EnhancedTrainingManager", "message": "ðŸŽ¯ Symbol: ETHUSDT", "correlation_id": "-", "session_id": "-", "timestamp": "2025-08-11T12:14:35.043910+00:00"}
{"asctime": "2025-08-11 14:14:35,044", "levelname": "INFO", "name": "AresGlobal.EnhancedTrainingManager", "message": "ðŸ¢ Exchange: BINANCE", "correlation_id": "-", "session_id": "-", "timestamp": "2025-08-11T12:14:35.044176+00:00"}
{"asctime": "2025-08-11 14:14:35,044", "levelname": "INFO", "name": "AresGlobal.EnhancedTrainingManager", "message": "ðŸ“Š Training Mode: N/A", "correlation_id": "-", "session_id": "-", "timestamp": "2025-08-11T12:14:35.044475+00:00"}
{"asctime": "2025-08-11 14:14:35,044", "levelname": "INFO", "name": "AresGlobal.EnhancedTrainingManager", "message": "ðŸ“ˆ Lookback Days: 180", "correlation_id": "-", "session_id": "-", "timestamp": "2025-08-11T12:14:35.044677+00:00"}
{"asctime": "2025-08-11 14:14:35,044", "levelname": "INFO", "name": "AresGlobal.EnhancedTrainingManager", "message": "ðŸ”§ Blank Training Mode: True", "correlation_id": "-", "session_id": "-", "timestamp": "2025-08-11T12:14:35.044778+00:00"}
{"asctime": "2025-08-11 14:14:35,044", "levelname": "INFO", "name": "AresGlobal.EnhancedTrainingManager", "message": "ðŸ”§ Max Trials: 200", "correlation_id": "-", "session_id": "-", "timestamp": "2025-08-11T12:14:35.044866+00:00"}
{"asctime": "2025-08-11 14:14:35,044", "levelname": "INFO", "name": "AresGlobal.EnhancedTrainingManager", "message": "ðŸ”§ N Trials: 100", "correlation_id": "-", "session_id": "-", "timestamp": "2025-08-11T12:14:35.044951+00:00"}
{"asctime": "2025-08-11 14:14:35,045", "levelname": "INFO", "name": "AresGlobal.EnhancedTrainingManager", "message": "ðŸš€ Initializing optimized tools...", "correlation_id": "-", "session_id": "-", "timestamp": "2025-08-11T12:14:35.045042+00:00"}
{"asctime": "2025-08-11 14:14:35,045", "levelname": "INFO", "name": "AresGlobal.EnhancedTrainingManagerOptimized", "message": "ðŸš€ Initializing Enhanced Training Manager with Optimizations...", "correlation_id": "-", "session_id": "-", "timestamp": "2025-08-11T12:14:35.045186+00:00"}
{"asctime": "2025-08-11 14:14:35,055", "levelname": "INFO", "name": "AresGlobal.EnhancedTrainingManagerOptimized", "message": "âœ… Parallel backtester initialized with 8 workers", "correlation_id": "-", "session_id": "-", "timestamp": "2025-08-11T12:14:35.055559+00:00"}
{"asctime": "2025-08-11 14:14:35,056", "levelname": "INFO", "name": "AresGlobal.EnhancedTrainingManagerOptimized", "message": "âœ… All optimization components initialized successfully", "correlation_id": "-", "session_id": "-", "timestamp": "2025-08-11T12:14:35.056566+00:00"}
{"asctime": "2025-08-11 14:14:35,056", "levelname": "INFO", "name": "AresGlobal.EnhancedTrainingManager", "message": "   âœ… Optimized training manager initialized", "correlation_id": "-", "session_id": "-", "timestamp": "2025-08-11T12:14:35.056769+00:00"}
{"asctime": "2025-08-11 14:14:35,057", "levelname": "INFO", "name": "AresGlobal.EnhancedTrainingManager", "message": "   âœ… Streaming processor initialized", "correlation_id": "-", "session_id": "-", "timestamp": "2025-08-11T12:14:35.057563+00:00"}
{"asctime": "2025-08-11 14:14:35,058", "levelname": "INFO", "name": "AresGlobal.EnhancedTrainingManager", "message": "   âœ… Parallel backtester initialized with 8 workers", "correlation_id": "-", "session_id": "-", "timestamp": "2025-08-11T12:14:35.058243+00:00"}
{"asctime": "2025-08-11 14:14:35,058", "levelname": "INFO", "name": "AresGlobal.EnhancedTrainingManager", "message": "   âœ… Adaptive sampler initialized", "correlation_id": "-", "session_id": "-", "timestamp": "2025-08-11T12:14:35.058457+00:00"}
{"asctime": "2025-08-11 14:14:35,058", "levelname": "INFO", "name": "AresGlobal.EnhancedTrainingManager", "message": "   âœ… Incremental trainer initialized", "correlation_id": "-", "session_id": "-", "timestamp": "2025-08-11T12:14:35.058563+00:00"}
{"asctime": "2025-08-11 14:14:35,058", "levelname": "INFO", "name": "AresGlobal.EnhancedTrainingManager", "message": "âœ… All optimized tools initialized successfully", "correlation_id": "-", "session_id": "-", "timestamp": "2025-08-11T12:14:35.058654+00:00"}
{"asctime": "2025-08-11 14:14:35,059", "levelname": "INFO", "name": "AresGlobal.EnhancedTrainingManager", "message": "ðŸ“‚ Checkpoint loaded: step4_analyst_labeling_feature_engineering from checkpoints/BINANCE/ETHUSDT/1m/training_progress.json", "correlation_id": "-", "session_id": "-", "timestamp": "2025-08-11T12:14:35.059421+00:00"}
{"asctime": "2025-08-11 14:14:35,059", "levelname": "INFO", "name": "AresGlobal.EnhancedTrainingManager", "message": "ðŸ”„ Resuming from checkpoint...", "correlation_id": "-", "session_id": "-", "timestamp": "2025-08-11T12:14:35.059566+00:00"}
{"asctime": "2025-08-11 14:14:35,059", "levelname": "INFO", "name": "AresGlobal.EnhancedTrainingManager", "message": "ðŸ“‚ Last completed step: step4_analyst_labeling_feature_engineering", "correlation_id": "-", "session_id": "-", "timestamp": "2025-08-11T12:14:35.059669+00:00"}
{"asctime": "2025-08-11 14:14:35,059", "levelname": "INFO", "name": "AresGlobal.EnhancedTrainingManager", "message": "====================================================================================================", "correlation_id": "-", "session_id": "-", "timestamp": "2025-08-11T12:14:35.059834+00:00"}
{"asctime": "2025-08-11 14:14:35,059", "levelname": "INFO", "name": "AresGlobal.EnhancedTrainingManager", "message": "ðŸš€ COMPREHENSIVE TRAINING PIPELINE START", "correlation_id": "-", "session_id": "-", "timestamp": "2025-08-11T12:14:35.059929+00:00"}
{"asctime": "2025-08-11 14:14:35,060", "levelname": "INFO", "name": "AresGlobal.EnhancedTrainingManager", "message": "====================================================================================================", "correlation_id": "-", "session_id": "-", "timestamp": "2025-08-11T12:14:35.060014+00:00"}
{"asctime": "2025-08-11 14:14:35,060", "levelname": "INFO", "name": "AresGlobal.EnhancedTrainingManager", "message": "ðŸ“… Started at: 2025-08-11 14:14:35", "correlation_id": "-", "session_id": "-", "timestamp": "2025-08-11T12:14:35.060115+00:00"}
{"asctime": "2025-08-11 14:14:35,061", "levelname": "INFO", "name": "AresGlobal.EnhancedTrainingManager", "message": "ðŸŽ¯ Symbol: ETHUSDT", "correlation_id": "-", "session_id": "-", "timestamp": "2025-08-11T12:14:35.061218+00:00"}
{"asctime": "2025-08-11 14:14:35,061", "levelname": "INFO", "name": "AresGlobal.EnhancedTrainingManager", "message": "ðŸ¢ Exchange: BINANCE", "correlation_id": "-", "session_id": "-", "timestamp": "2025-08-11T12:14:35.061366+00:00"}
{"asctime": "2025-08-11 14:14:35,061", "levelname": "INFO", "name": "AresGlobal.EnhancedTrainingManager", "message": "ðŸ“Š Timeframe: 1m", "correlation_id": "-", "session_id": "-", "timestamp": "2025-08-11T12:14:35.061616+00:00"}
{"asctime": "2025-08-11 14:14:35,061", "levelname": "INFO", "name": "AresGlobal.EnhancedTrainingManager", "message": "ðŸ§  Training Mode: Blank", "correlation_id": "-", "session_id": "-", "timestamp": "2025-08-11T12:14:35.061720+00:00"}
{"asctime": "2025-08-11 14:14:35,061", "levelname": "INFO", "name": "AresGlobal.EnhancedTrainingManager", "message": "ðŸ”§ Max Trials: 200", "correlation_id": "-", "session_id": "-", "timestamp": "2025-08-11T12:14:35.061813+00:00"}
{"asctime": "2025-08-11 14:14:35,061", "levelname": "INFO", "name": "AresGlobal.EnhancedTrainingManager", "message": "ðŸ“ˆ Lookback Days: 180", "correlation_id": "-", "session_id": "-", "timestamp": "2025-08-11T12:14:35.061903+00:00"}
{"asctime": "2025-08-11 14:14:35,061", "levelname": "INFO", "name": "AresGlobal.EnhancedTrainingManager", "message": "ðŸ’¾ Memory Optimization: Enabled", "correlation_id": "-", "session_id": "-", "timestamp": "2025-08-11T12:14:35.061994+00:00"}
{"asctime": "2025-08-11 14:14:35,062", "levelname": "INFO", "name": "AresGlobal.EnhancedTrainingManager", "message": "ðŸš€ Starting from step: step4_analyst_labeling_feature_engineering", "correlation_id": "-", "session_id": "-", "timestamp": "2025-08-11T12:14:35.062107+00:00"}
{"asctime": "2025-08-11 14:14:35,062", "levelname": "INFO", "name": "AresGlobal.EnhancedTrainingManager", "message": "====================================================================================================", "correlation_id": "-", "session_id": "-", "timestamp": "2025-08-11T12:14:35.062197+00:00"}
{"asctime": "2025-08-11 14:14:35,062", "levelname": "INFO", "name": "AresGlobal.EnhancedTrainingManager", "message": "â­ï¸  Skipping Step 1: Data Collection (using pre-consolidated data)", "correlation_id": "-", "session_id": "-", "timestamp": "2025-08-11T12:14:35.062293+00:00"}
{"asctime": "2025-08-11 14:14:35,062", "levelname": "INFO", "name": "AresGlobal.EnhancedTrainingManager", "message": "ðŸŽ­ STEP 2: Market Regime Classification...", "correlation_id": "-", "session_id": "-", "timestamp": "2025-08-11T12:14:35.062385+00:00"}
{"asctime": "2025-08-11 14:14:35,062", "levelname": "INFO", "name": "AresGlobal.EnhancedTrainingManager", "message": "   ðŸ§  Analyzing market regimes and volatility patterns...", "correlation_id": "-", "session_id": "-", "timestamp": "2025-08-11T12:14:35.062471+00:00"}
{"asctime": "2025-08-11 14:14:40,389", "levelname": "INFO", "name": "AresGlobal.EnhancedTrainingManager", "message": "ðŸ” Running validator for step2_market_regime_classification", "correlation_id": "-", "session_id": "-", "timestamp": "2025-08-11T12:14:40.389707+00:00"}
{"asctime": "2025-08-11 14:14:40,389", "levelname": "INFO", "name": "AresGlobal.ValidatorOrchestrator", "message": "ðŸ” Running validator for step2_market_regime_classification", "correlation_id": "-", "session_id": "-", "timestamp": "2025-08-11T12:14:40.389972+00:00"}
{"asctime": "2025-08-11 14:14:40,391", "levelname": "INFO", "name": "AresGlobal.Step2MarketRegimeClassificationValidator", "message": "ðŸ” Validating market regime classification step...", "correlation_id": "-", "session_id": "-", "timestamp": "2025-08-11T12:14:40.391942+00:00"}
{"asctime": "2025-08-11 14:14:40,392", "levelname": "INFO", "name": "AresGlobal.Step2MarketRegimeClassificationValidator", "message": "ðŸ”§ read_parquet start path=data/training/BINANCE_ETHUSDT_regime_classification.parquet columns=regime_columns", "correlation_id": "-", "session_id": "-", "timestamp": "2025-08-11T12:14:40.392788+00:00"}
{"asctime": "2025-08-11 14:14:40,396", "levelname": "INFO", "name": "AresGlobal.Step2MarketRegimeClassificationValidator", "message": "âœ… read_parquet ok path=data/training/BINANCE_ETHUSDT_regime_classification.parquet elapsed=0.004s size=14.5KB", "correlation_id": "-", "session_id": "-", "timestamp": "2025-08-11T12:14:40.396371+00:00"}
{"asctime": "2025-08-11 14:14:40,396", "levelname": "WARNING", "name": "AresGlobal.Step2MarketRegimeClassificationValidator", "message": "âš ï¸ Some regimes have very low frequency: 0.022 (min allowed: 0.030) - continuing with caution", "correlation_id": "-", "session_id": "-", "timestamp": "2025-08-11T12:14:40.396904+00:00"}
{"asctime": "2025-08-11 14:14:40,397", "levelname": "WARNING", "name": "AresGlobal.Step2MarketRegimeClassificationValidator", "message": "âš ï¸ Regime distribution validation failed - continuing with caution", "correlation_id": "-", "session_id": "-", "timestamp": "2025-08-11T12:14:40.397033+00:00"}
{"asctime": "2025-08-11 14:14:40,397", "levelname": "INFO", "name": "AresGlobal.Step2MarketRegimeClassificationValidator", "message": "âœ… Regime transitions validation passed: 6 transition types", "correlation_id": "-", "session_id": "-", "timestamp": "2025-08-11T12:14:40.397462+00:00"}
{"asctime": "2025-08-11 14:14:40,397", "levelname": "INFO", "name": "AresGlobal.Step2MarketRegimeClassificationValidator", "message": "âœ… Market regime classification validation passed (critical checks only)", "correlation_id": "-", "session_id": "-", "timestamp": "2025-08-11T12:14:40.397583+00:00"}
{"asctime": "2025-08-11 14:14:40,397", "levelname": "INFO", "name": "AresGlobal.ValidatorOrchestrator", "message": "âœ… Validator for step2_market_regime_classification completed: True", "correlation_id": "-", "session_id": "-", "timestamp": "2025-08-11T12:14:40.397729+00:00"}
{"asctime": "2025-08-11 14:14:40,397", "levelname": "INFO", "name": "AresGlobal.EnhancedTrainingManager", "message": "âœ… step2_market_regime_classification validation passed", "correlation_id": "-", "session_id": "-", "timestamp": "2025-08-11T12:14:40.397947+00:00"}
{"asctime": "2025-08-11 14:14:40,503", "levelname": "INFO", "name": "AresGlobal.EnhancedTrainingManager", "message": "âœ… Step 2: Market Regime Classification: completed successfully in 5.34s", "correlation_id": "-", "session_id": "-", "timestamp": "2025-08-11T12:14:40.503420+00:00"}
{"asctime": "2025-08-11 14:14:40,503", "levelname": "INFO", "name": "AresGlobal.EnhancedTrainingManager", "message": "ðŸ’¾ Process Memory: 400.9 MB | CPU: 0.1%", "correlation_id": "-", "session_id": "-", "timestamp": "2025-08-11T12:14:40.503708+00:00"}
{"asctime": "2025-08-11 14:14:40,503", "levelname": "INFO", "name": "AresGlobal.EnhancedTrainingManager", "message": "ðŸ–¥ï¸ System Memory: 71.7% | Available: 4.5 GB", "correlation_id": "-", "session_id": "-", "timestamp": "2025-08-11T12:14:40.503829+00:00"}
{"asctime": "2025-08-11 14:14:40,503", "levelname": "INFO", "name": "AresGlobal.EnhancedTrainingManager", "message": "ðŸ“Š Progress: 6.2% (1/16)", "correlation_id": "-", "session_id": "-", "timestamp": "2025-08-11T12:14:40.503945+00:00"}
{"asctime": "2025-08-11 14:14:40,506", "levelname": "INFO", "name": "AresGlobal.EnhancedTrainingManager", "message": "ðŸ’¾ Checkpoint saved: step2_market_regime_classification -> checkpoints/BINANCE/ETHUSDT/1m/training_progress.json", "correlation_id": "-", "session_id": "-", "timestamp": "2025-08-11T12:14:40.506482+00:00"}
{"asctime": "2025-08-11 14:14:40,506", "levelname": "INFO", "name": "AresGlobal.EnhancedTrainingManager", "message": "ðŸ“Š STEP 3: Regime Data Splitting...", "correlation_id": "-", "session_id": "-", "timestamp": "2025-08-11T12:14:40.506673+00:00"}
{"asctime": "2025-08-11 14:14:40,506", "levelname": "INFO", "name": "AresGlobal.EnhancedTrainingManager", "message": "   ðŸ“ˆ Splitting data by market regimes for specialized training...", "correlation_id": "-", "session_id": "-", "timestamp": "2025-08-11T12:14:40.506779+00:00"}
