2025-08-07 22:28:42,244 - AresTradingSystem - INFO - ✅ Enhanced Logger initialization completed successfully
2025-08-07 22:28:42,252 - AresTradingSystem.System - INFO - Environment configuration loaded successfully. Trading Environment: PAPER, Exchange: BINANCE
2025-08-07 22:28:42,514 - AresTradingSystem.System.SignalHandler - INFO - Initializing Signal Handler...
2025-08-07 22:28:42,514 - AresTradingSystem.System.SignalHandler - INFO - Signal configuration loaded successfully
2025-08-07 22:28:42,514 - AresTradingSystem.System.SignalHandler - INFO - Configuration validation successful
2025-08-07 22:28:42,514 - AresTradingSystem.System.SignalHandler - INFO - Registered SIGTERM handler
2025-08-07 22:28:42,514 - AresTradingSystem.System.SignalHandler - INFO - Registered SIGINT handler
2025-08-07 22:28:42,514 - AresTradingSystem.System.SignalHandler - INFO - Signal handlers registered successfully
2025-08-07 22:28:42,514 - AresTradingSystem.System.SignalHandler - INFO - ✅ Signal Handler initialization completed successfully
2025-08-07 22:28:42,516 - AresTradingSystem.System.SignalHandler - INFO - Shutdown callback registered
2025-08-07 22:28:43,622 - AresTradingSystem.System - INFO - Initializing Market Regime Classification Step...
2025-08-07 22:28:43,622 - AresTradingSystem.System - INFO - Market Regime Classification Step initialized successfully
2025-08-07 22:28:43,622 - AresTradingSystem.System - INFO - 🔄 Executing Market Regime Classification...
2025-08-07 22:28:43,622 - AresTradingSystem.System - INFO - 📁 Loading pre-consolidated data from: data_cache/aggtrades_BINANCE_ETHUSDT_consolidated.parquet
2025-08-07 22:28:43,902 - AresTradingSystem.System - INFO - ✅ Loaded consolidated trade data: 17744326 records
2025-08-07 22:28:43,902 - AresTradingSystem.System - INFO - 🔄 Converting trade data to OHLCV format...
2025-08-07 22:28:44,957 - AresTradingSystem.System - INFO - ✅ Converted to OHLCV: 879 records
2025-08-07 22:28:44,957 - AresTradingSystem.System - INFO - Classifying market regimes for ETHUSDT on BINANCE...
2025-08-07 22:28:44,957 - AresTradingSystem.System - INFO - Regime classification completed. Found 0 distinct regimes
2025-08-07 22:28:44,958 - AresTradingSystem.System - INFO - ✅ Market regime classification completed. Results saved to data/training/BINANCE_ETHUSDT_regime_classification.json
2025-08-07 22:28:44,968 - AresTradingSystem.System - INFO - Initializing Regime Data Splitting Step...
2025-08-07 22:28:44,968 - AresTradingSystem.System - INFO - Regime Data Splitting Step initialized successfully
2025-08-07 22:28:44,968 - AresTradingSystem.System - INFO - 🔄 Executing Regime Data Splitting...
2025-08-07 22:28:44,968 - AresTradingSystem.System - INFO - ✅ Extracted klines data: (1000, 6)
2025-08-07 22:28:44,968 - AresTradingSystem.System - INFO - Splitting data by regimes for ETHUSDT on BINANCE...
2025-08-07 22:28:44,968 - AresTradingSystem.System - INFO - Data shape: (1000, 6)
2025-08-07 22:28:44,969 - AresTradingSystem.System - WARNING - No regime sequence found, creating default sequence
2025-08-07 22:28:44,972 - AresTradingSystem.System - INFO - Regime 'BULL': 1000 records
2025-08-07 22:28:44,972 - AresTradingSystem.System - INFO - High-data regimes: ['BULL']
2025-08-07 22:28:44,972 - AresTradingSystem.System - INFO - Low-data regimes: []
2025-08-07 22:28:44,972 - AresTradingSystem.System - INFO - Other regimes: []
2025-08-07 22:28:44,973 - AresTradingSystem.System - INFO - ✅ Regime data splitting completed. Results saved to data/training/regime_data
2025-08-07 22:28:49,471 - AresTradingSystem.System - INFO - Initializing Analyst Specialist Training Step...
2025-08-07 22:28:49,471 - AresTradingSystem.System - INFO - Analyst Specialist Training Step initialized successfully
2025-08-07 22:28:49,471 - AresTradingSystem.System - INFO - 🔄 Executing Analyst Specialist Training...
2025-08-07 22:28:49,472 - AresTradingSystem.System - INFO - ✅ Loaded combined feature data: (1000, 16)
2025-08-07 22:28:49,472 - AresTradingSystem.System - INFO - Training specialist models for regime: combined
2025-08-07 22:28:49,472 - AresTradingSystem.System - INFO - Training specialist models for regime: combined
2025-08-07 22:28:49,473 - AresTradingSystem.System - INFO - Using 14 feature columns: ['open', 'high', 'low', 'close', 'volume']...
2025-08-07 22:28:49,581 - AresTradingSystem.System - INFO - ✅ Random Forest trained successfully for combined
2025-08-07 22:28:49,598 - AresTradingSystem.System - INFO - ✅ LightGBM trained successfully for combined
2025-08-07 22:28:49,631 - AresTradingSystem.System - ERROR - Error training XGBoost for combined: [22:28:49] /Users/runner/work/xgboost/xgboost/src/objective/./regression_loss.h:69: Check failed: base_score > 0.0f && base_score < 1.0f: base_score must be in (0,1) for logistic loss, got: 0
Stack trace:
  [bt] (0) 1   libxgboost.dylib                    0x0000000311ec59e0 dmlc::LogMessageFatal::~LogMessageFatal() + 124
  [bt] (1) 2   libxgboost.dylib                    0x0000000312175580 xgboost::obj::LogisticRegression::ProbToMargin(float) + 176
  [bt] (2) 3   libxgboost.dylib                    0x00000003120d611c xgboost::LearnerConfiguration::ConfigureModelParamWithoutBaseScore() + 212
  [bt] (3) 4   libxgboost.dylib                    0x00000003120dbbb8 xgboost::LearnerConfiguration::InitBaseScore(xgboost::DMatrix const*) + 516
  [bt] (4) 5   libxgboost.dylib                    0x00000003120c8074 xgboost::LearnerImpl::UpdateOneIter(int, std::__1::shared_ptr<xgboost::DMatrix>) + 140
  [bt] (5) 6   libxgboost.dylib                    0x0000000311ee856c XGBoosterUpdateOneIter + 144
  [bt] (6) 7   libffi.8.dylib                      0x00000001066d8050 ffi_call_SYSV + 80
  [bt] (7) 8   libffi.8.dylib                      0x00000001066d5868 ffi_call_int + 1452
  [bt] (8) 9   _ctypes.cpython-312-darwin.so       0x000000010685c8e0 _ctypes_callproc + 1168


2025-08-07 22:28:49,631 - AresTradingSystem.System - ERROR - ❌ Failed to train XGBoost for combined: [22:28:49] /Users/runner/work/xgboost/xgboost/src/objective/./regression_loss.h:69: Check failed: base_score > 0.0f && base_score < 1.0f: base_score must be in (0,1) for logistic loss, got: 0
Stack trace:
  [bt] (0) 1   libxgboost.dylib                    0x0000000311ec59e0 dmlc::LogMessageFatal::~LogMessageFatal() + 124
  [bt] (1) 2   libxgboost.dylib                    0x0000000312175580 xgboost::obj::LogisticRegression::ProbToMargin(float) + 176
  [bt] (2) 3   libxgboost.dylib                    0x00000003120d611c xgboost::LearnerConfiguration::ConfigureModelParamWithoutBaseScore() + 212
  [bt] (3) 4   libxgboost.dylib                    0x00000003120dbbb8 xgboost::LearnerConfiguration::InitBaseScore(xgboost::DMatrix const*) + 516
  [bt] (4) 5   libxgboost.dylib                    0x00000003120c8074 xgboost::LearnerImpl::UpdateOneIter(int, std::__1::shared_ptr<xgboost::DMatrix>) + 140
  [bt] (5) 6   libxgboost.dylib                    0x0000000311ee856c XGBoosterUpdateOneIter + 144
  [bt] (6) 7   libffi.8.dylib                      0x00000001066d8050 ffi_call_SYSV + 80
  [bt] (7) 8   libffi.8.dylib                      0x00000001066d5868 ffi_call_int + 1452
  [bt] (8) 9   _ctypes.cpython-312-darwin.so       0x000000010685c8e0 _ctypes_callproc + 1168


2025-08-07 22:28:49,659 - AresTradingSystem.System - INFO - ✅ Neural Network trained successfully for combined
2025-08-07 22:28:49,660 - AresTradingSystem.System - ERROR - Error training SVM for combined: The number of classes has to be greater than one; got 1 class
2025-08-07 22:28:49,660 - AresTradingSystem.System - ERROR - ❌ Failed to train SVM for combined: The number of classes has to be greater than one; got 1 class
2025-08-07 22:28:49,660 - AresTradingSystem.System - INFO - Trained 3 models for regime combined
2025-08-07 22:28:49,663 - AresTradingSystem.System - INFO - ✅ Saved main analyst model to data/training/BINANCE_ETHUSDT_analyst_model.pkl
2025-08-07 22:28:49,663 - AresTradingSystem.System - INFO - ✅ Saved model metadata to data/training/BINANCE_ETHUSDT_analyst_model_metadata.json
2025-08-07 22:28:49,663 - AresTradingSystem.System - INFO - ✅ Saved training history to data/training/BINANCE_ETHUSDT_analyst_training_history.json
2025-08-07 22:28:49,665 - AresTradingSystem.System - INFO - ✅ Analyst specialist training completed. Results saved to data/training/analyst_models
2025-08-07 22:28:52,702 - AresTradingSystem.System - INFO - Using device: MPS for PyTorch operations.
2025-08-07 22:28:52,703 - AresTradingSystem.System - INFO - Initializing Analyst Enhancement Step...
2025-08-07 22:28:52,703 - AresTradingSystem.System - INFO - Analyst Enhancement Step initialized successfully.
2025-08-07 22:28:52,703 - AresTradingSystem.System - INFO - 🔄 Executing Analyst Enhancement...
2025-08-07 22:28:52,716 - AresTradingSystem.System - INFO - --- Enhancing models for regime: BULL ---
2025-08-07 22:28:52,716 - AresTradingSystem.System - INFO - Loading data for regime 'BULL'...
2025-08-07 22:28:52,717 - AresTradingSystem.System - WARNING - No 'label' column found, creating dummy target
2025-08-07 22:28:52,718 - AresTradingSystem.System - INFO - Data loaded and split: X_train shape (800, 2), X_val shape (200, 2)
2025-08-07 22:28:52,718 - AresTradingSystem.System - INFO - Enhancing xgboost for BULL...
2025-08-07 22:28:52,718 - AresTradingSystem.System - INFO - Original model accuracy: 0.8399370026525199
2025-08-07 22:28:52,718 - AresTradingSystem.System - INFO - Running Optuna HPO with pruning for xgboost...
2025-08-07 22:30:17,159 - AresTradingSystem.System - INFO - HPO complete. Best score: 0.5700
2025-08-07 22:30:17,380 - AresTradingSystem.System - INFO - Selecting optimal features using SHAP...
2025-08-07 22:30:17,382 - AresTradingSystem.System - WARNING - SHAP analysis failed: cannot import name 'TreeExplainer' from 'shap' (unknown location). Using all features.
2025-08-07 22:30:17,382 - AresTradingSystem.System - INFO - Retraining final model with 2 optimal features...
2025-08-07 22:30:17,591 - AresTradingSystem.System - INFO - Enhanced model accuracy: 0.5700
2025-08-07 22:30:17,591 - AresTradingSystem.System - INFO - Enhancing svm for BULL...
2025-08-07 22:30:17,591 - AresTradingSystem.System - INFO - Original model accuracy: 0.5370523872679045
2025-08-07 22:30:17,591 - AresTradingSystem.System - INFO - Running Optuna HPO with pruning for svm...
2025-08-07 22:30:17,599 - AresTradingSystem.System - ERROR - ❌ Error in Analyst Enhancement after 84.90s: Model svm not supported.
Traceback (most recent call last):
  File "/Users/remyroche/Documents/Ares/src/training/steps/step6_analyst_enhancement.py", line 104, in execute
    enhanced_model_package = await self._enhance_single_model(
                             ^^^^^^^^^^^^^^^^^^^^^^^^^^^^^^^^^
  File "/Users/remyroche/Documents/Ares/src/training/steps/step6_analyst_enhancement.py", line 206, in _enhance_single_model
    best_params, hpo_score = await self._apply_hyperparameter_optimization(
                             ^^^^^^^^^^^^^^^^^^^^^^^^^^^^^^^^^^^^^^^^^^^^^^
  File "/Users/remyroche/Documents/Ares/src/training/steps/step6_analyst_enhancement.py", line 332, in _apply_hyperparameter_optimization
    await asyncio.to_thread(study.optimize, objective, n_trials=100, n_jobs=-1)
  File "/opt/homebrew/Caskroom/miniforge/base/lib/python3.12/asyncio/threads.py", line 25, in to_thread
    return await loop.run_in_executor(None, func_call)
           ^^^^^^^^^^^^^^^^^^^^^^^^^^^^^^^^^^^^^^^^^^^
  File "/opt/homebrew/Caskroom/miniforge/base/lib/python3.12/concurrent/futures/thread.py", line 59, in run
    result = self.fn(*self.args, **self.kwargs)
             ^^^^^^^^^^^^^^^^^^^^^^^^^^^^^^^^^^
  File "/opt/homebrew/Caskroom/miniforge/base/lib/python3.12/site-packages/optuna/study/study.py", line 489, in optimize
    _optimize(
  File "/opt/homebrew/Caskroom/miniforge/base/lib/python3.12/site-packages/optuna/study/_optimize.py", line 101, in _optimize
    f.result()
  File "/opt/homebrew/Caskroom/miniforge/base/lib/python3.12/concurrent/futures/_base.py", line 449, in result
    return self.__get_result()
           ^^^^^^^^^^^^^^^^^^^
  File "/opt/homebrew/Caskroom/miniforge/base/lib/python3.12/concurrent/futures/_base.py", line 401, in __get_result
    raise self._exception
  File "/opt/homebrew/Caskroom/miniforge/base/lib/python3.12/concurrent/futures/thread.py", line 59, in run
    result = self.fn(*self.args, **self.kwargs)
             ^^^^^^^^^^^^^^^^^^^^^^^^^^^^^^^^^^
  File "/opt/homebrew/Caskroom/miniforge/base/lib/python3.12/site-packages/optuna/study/_optimize.py", line 161, in _optimize_sequential
    frozen_trial = _run_trial(study, func, catch)
                   ^^^^^^^^^^^^^^^^^^^^^^^^^^^^^^
  File "/opt/homebrew/Caskroom/miniforge/base/lib/python3.12/site-packages/optuna/study/_optimize.py", line 253, in _run_trial
    raise func_err
  File "/opt/homebrew/Caskroom/miniforge/base/lib/python3.12/site-packages/optuna/study/_optimize.py", line 201, in _run_trial
    value_or_values = func(trial)
                      ^^^^^^^^^^^
  File "/Users/remyroche/Documents/Ares/src/training/steps/step6_analyst_enhancement.py", line 317, in objective
    model = self._get_model_instance(model_name, params)
            ^^^^^^^^^^^^^^^^^^^^^^^^^^^^^^^^^^^^^^^^^^^^
  File "/Users/remyroche/Documents/Ares/src/training/steps/step6_analyst_enhancement.py", line 278, in _get_model_instance
    raise ValueError(f"Model {model_name} not supported.")
ValueError: Model svm not supported.
