2025-08-04 19:48:38,522 - AresTradingSystem - INFO - ✅ Enhanced Logger initialization completed successfully
2025-08-04 19:48:46,235 - AresTradingSystem.System.SRLevelAnalyzer - INFO - Initializing SR Level Analyzer...
2025-08-04 19:48:46,235 - AresTradingSystem.System.SRLevelAnalyzer - INFO - SR configuration loaded successfully
2025-08-04 19:48:46,235 - AresTradingSystem.System.SRLevelAnalyzer - INFO - Analysis parameters initialized
2025-08-04 19:48:46,236 - AresTradingSystem.System.SRLevelAnalyzer - INFO - Configuration validation successful
2025-08-04 19:48:46,236 - AresTradingSystem.System.SRLevelAnalyzer - INFO - ✅ SR Level Analyzer initialization completed successfully
2025-08-04 19:48:46,236 - AresTradingSystem.System.SRLevelAnalyzer - INFO - Starting SR level analysis...
2025-08-04 19:48:46,254 - AresTradingSystem.System.SRLevelAnalyzer - INFO - SR: VPVR levels found: 2
2025-08-04 19:48:46,254 - AresTradingSystem.System.SRLevelAnalyzer - INFO - SR: VPVR Price Levels (ALL):
2025-08-04 19:48:46,254 - AresTradingSystem.System.SRLevelAnalyzer - INFO -     1. Price: $2400.00, Type: resistance, Strength: 0.900, Method: vpvr_poc
2025-08-04 19:48:46,254 - AresTradingSystem.System.SRLevelAnalyzer - INFO -     2. Price: $2400.00, Type: resistance, Strength: 0.750, Method: vpvr_hvn
2025-08-04 19:48:46,254 - AresTradingSystem.System.SRLevelAnalyzer - INFO - SR: Total VPVR levels found: 2
2025-08-04 19:48:46,254 - AresTradingSystem.System.SRLevelAnalyzer - INFO - SR: Levels after consolidation: 3
2025-08-04 19:48:46,254 - AresTradingSystem.System.SRLevelAnalyzer - INFO - SR: Levels after strength filtering (>=0.4): 3
2025-08-04 19:48:46,254 - AresTradingSystem.System.SRLevelAnalyzer - INFO - SR: Levels after strength-based filtering: 3
2025-08-04 19:48:46,254 - AresTradingSystem.System.SRLevelAnalyzer - INFO - SR: Levels after consolidation: 3 (time decay skipped)
2025-08-04 19:48:46,254 - AresTradingSystem.System.SRLevelAnalyzer - INFO - SR: Final Consolidated Price Levels (ALL):
2025-08-04 19:48:46,254 - AresTradingSystem.System.SRLevelAnalyzer - INFO -     1. Price: $1585.82, Type: traditional, Strength: 3.000
2025-08-04 19:48:46,254 - AresTradingSystem.System.SRLevelAnalyzer - INFO -     2. Price: $1614.58, Type: traditional, Strength: 1.800
2025-08-04 19:48:46,254 - AresTradingSystem.System.SRLevelAnalyzer - INFO -     3. Price: $2400.00, Type: resistance, Strength: 1.650
2025-08-04 19:48:46,254 - AresTradingSystem.System.SRLevelAnalyzer - INFO - SR: Total consolidated levels: 3
2025-08-04 19:48:46,255 - AresTradingSystem.System.SRLevelAnalyzer - INFO - ✅ SR analysis completed successfully
2025-08-04 19:48:46,255 - AresTradingSystem.System.SRLevelAnalyzer - INFO - 📊 SR Levels Detected: 1 total (0 support, 1 resistance)
2025-08-04 19:48:46,255 - AresTradingSystem.System.UnifiedRegimeClassifier - INFO - 🚀 Training complete unified regime classification system...
2025-08-04 19:48:46,255 - AresTradingSystem.System.SRLevelAnalyzer - INFO - Initializing SR Level Analyzer...
2025-08-04 19:48:46,255 - AresTradingSystem.System.SRLevelAnalyzer - INFO - SR configuration loaded successfully
2025-08-04 19:48:46,255 - AresTradingSystem.System.SRLevelAnalyzer - INFO - Analysis parameters initialized
2025-08-04 19:48:46,255 - AresTradingSystem.System.SRLevelAnalyzer - INFO - Configuration validation successful
2025-08-04 19:48:46,255 - AresTradingSystem.System.SRLevelAnalyzer - INFO - ✅ SR Level Analyzer initialization completed successfully
2025-08-04 19:48:46,255 - AresTradingSystem.System.UnifiedRegimeClassifier - INFO - ✅ SR analyzer initialized successfully
2025-08-04 19:48:46,255 - AresTradingSystem.System.UnifiedRegimeClassifier - INFO - 🎯 Step 1: Training HMM-based labeler...
2025-08-04 19:48:46,270 - AresTradingSystem.System.UnifiedRegimeClassifier - INFO - Calculated 16 features for 8761 periods
