2025-08-03 23:33:08,153 - AresGlobal - INFO - ================================================================================
2025-08-03 23:33:08,153 - AresGlobal - INFO - 📊 SESSION SUMMARY
2025-08-03 23:33:08,153 - AresGlobal - INFO - Session started: 2025-08-03 23:33:08
2025-08-03 23:33:08,153 - AresGlobal - INFO - Global log file: ares_global_20250803_233308.log
2025-08-03 23:33:08,153 - AresGlobal - INFO - This file contains ALL logs for this session
2025-08-03 23:33:08,153 - AresGlobal - INFO - ================================================================================
2025-08-03 23:33:08,153 - AresGlobal - INFO - [SYSTEM] ================================================================================
2025-08-03 23:33:08,154 - AresGlobal - INFO - [SYSTEM] 🚀 ARES LAUNCHER STARTED - Mode: INITIALIZATION
2025-08-03 23:33:08,154 - AresGlobal - INFO - [SYSTEM] Start time: 2025-08-03 23:33:08
2025-08-03 23:33:08,154 - AresGlobal - INFO - [SYSTEM] Log directory: log
2025-08-03 23:33:08,154 - AresGlobal - INFO - [SYSTEM] ================================================================================
2025-08-03 23:33:08,154 - AresGlobal.AresLauncher - INFO - ================================================================================
2025-08-03 23:33:08,154 - AresGlobal.AresLauncher - INFO - 🚀 ARES COMPREHENSIVE LAUNCHER
2025-08-03 23:33:08,154 - AresGlobal.AresLauncher - INFO - ================================================================================
2025-08-03 23:33:08,154 - AresGlobal.AresLauncher - INFO - Start time: 2025-08-03 23:33:08
2025-08-03 23:33:08,154 - AresGlobal.AresLauncher - INFO - Log directory: log
2025-08-03 23:33:08,154 - AresGlobal.AresLauncher - INFO - Log level: INFO
2025-08-03 23:33:08,154 - AresGlobal.AresLauncher - INFO - Global log file: ares_global_20250803_233308.log
2025-08-03 23:33:08,154 - AresGlobal.AresLauncher - INFO - ================================================================================
2025-08-03 23:33:08,154 - AresGlobal - INFO - [SYSTEM] ================================================================================
2025-08-03 23:33:08,155 - AresGlobal - INFO - [SYSTEM] 🚀 ARES LAUNCHER STARTED - Mode: blank - Symbol: ETHUSDT - Exchange: BINANCE
2025-08-03 23:33:08,155 - AresGlobal - INFO - [SYSTEM] Start time: 2025-08-03 23:33:08
2025-08-03 23:33:08,155 - AresGlobal - INFO - [SYSTEM] Log directory: log
2025-08-03 23:33:08,155 - AresGlobal - INFO - [SYSTEM] ================================================================================
2025-08-03 23:33:08,155 - AresGlobal.AresLauncher - INFO - 🚀 Starting blank training for ETHUSDT on BINANCE
2025-08-03 23:33:08,156 - AresGlobal.AresLauncher - ERROR - ❌ Failed to run blank training: name 'SQLiteManager' is not defined
2025-08-03 23:33:08,156 - AresGlobal - INFO - [SYSTEM] ================================================================================
2025-08-03 23:33:08,157 - AresGlobal - INFO - [SYSTEM] 🛑 ARES LAUNCHER ENDED - Exit code: 1
2025-08-03 23:33:08,157 - AresGlobal - INFO - [SYSTEM] End time: 2025-08-03 23:33:08
2025-08-03 23:33:08,157 - AresGlobal - INFO - [SYSTEM] ================================================================================
2025-08-03 23:33:08,157 - AresGlobal.AresLauncher - INFO - 🧹 Cleaning up processes...
2025-08-03 23:33:08,157 - AresGlobal.AresLauncher - INFO - ✅ Cleanup completed
