{"asctime": "2025-08-12 19:51:15,057", "levelname": "INFO", "name": "AresTradingSystem", "message": "âœ… Enhanced Logger initialization completed successfully", "correlation_id": "-", "session_id": "-", "timestamp": "2025-08-12T17:51:15.057109+00:00"}
{"asctime": "2025-08-12 19:51:15,064", "levelname": "INFO", "name": "AresTradingSystem.System", "message": "Environment configuration loaded successfully. Trading Environment: PAPER, Exchange: BINANCE", "correlation_id": "-", "session_id": "-", "timestamp": "2025-08-12T17:51:15.064433+00:00"}
{"asctime": "2025-08-12 19:51:15,446", "levelname": "INFO", "name": "AresTradingSystem.System.SignalHandler", "message": "Initializing Signal Handler...", "correlation_id": "-", "session_id": "-", "timestamp": "2025-08-12T17:51:15.446762+00:00"}
{"asctime": "2025-08-12 19:51:15,446", "levelname": "INFO", "name": "AresTradingSystem.System.SignalHandler", "message": "Signal configuration loaded successfully", "correlation_id": "-", "session_id": "-", "timestamp": "2025-08-12T17:51:15.446947+00:00"}
{"asctime": "2025-08-12 19:51:15,447", "levelname": "INFO", "name": "AresTradingSystem.System.SignalHandler", "message": "Configuration validation successful", "correlation_id": "-", "session_id": "-", "timestamp": "2025-08-12T17:51:15.447026+00:00"}
{"asctime": "2025-08-12 19:51:15,447", "levelname": "INFO", "name": "AresTradingSystem.System.SignalHandler", "message": "Registered SIGTERM handler", "correlation_id": "-", "session_id": "-", "timestamp": "2025-08-12T17:51:15.447113+00:00"}
{"asctime": "2025-08-12 19:51:15,447", "levelname": "INFO", "name": "AresTradingSystem.System.SignalHandler", "message": "Registered SIGINT handler", "correlation_id": "-", "session_id": "-", "timestamp": "2025-08-12T17:51:15.447200+00:00"}
{"asctime": "2025-08-12 19:51:15,447", "levelname": "INFO", "name": "AresTradingSystem.System.SignalHandler", "message": "Signal handlers registered successfully", "correlation_id": "-", "session_id": "-", "timestamp": "2025-08-12T17:51:15.447263+00:00"}
{"asctime": "2025-08-12 19:51:15,447", "levelname": "INFO", "name": "AresTradingSystem.System.SignalHandler", "message": "âœ… Signal Handler initialization completed successfully", "correlation_id": "-", "session_id": "-", "timestamp": "2025-08-12T17:51:15.447329+00:00"}
{"asctime": "2025-08-12 19:51:15,449", "levelname": "INFO", "name": "AresTradingSystem.System.SignalHandler", "message": "Shutdown callback registered", "correlation_id": "-", "session_id": "-", "timestamp": "2025-08-12T17:51:15.449696+00:00"}
{"asctime": "2025-08-12 19:51:18,339", "levelname": "INFO", "name": "AresTradingSystem.System", "message": "Initializing Market Regime Classification Step...", "correlation_id": "-", "session_id": "-", "timestamp": "2025-08-12T17:51:18.339487+00:00"}
{"asctime": "2025-08-12 19:51:18,339", "levelname": "INFO", "name": "AresTradingSystem.System", "message": "Market Regime Classification Step initialized successfully", "correlation_id": "-", "session_id": "-", "timestamp": "2025-08-12T17:51:18.339827+00:00"}
{"asctime": "2025-08-12 19:51:18,340", "levelname": "INFO", "name": "AresTradingSystem.System", "message": "ðŸ”„ Executing Market Regime Classification...", "correlation_id": "-", "session_id": "-", "timestamp": "2025-08-12T17:51:18.340157+00:00"}
{"asctime": "2025-08-12 19:51:18,340", "levelname": "INFO", "name": "AresTradingSystem.System", "message": "ðŸ”„ Loading data using unified data loader...", "correlation_id": "-", "session_id": "-", "timestamp": "2025-08-12T17:51:18.340549+00:00"}
{"asctime": "2025-08-12 19:51:57,100", "levelname": "INFO", "name": "AresTradingSystem.System", "message": "âœ… Loaded unified data: 254758 rows", "correlation_id": "-", "session_id": "-", "timestamp": "2025-08-12T17:51:57.100675+00:00"}
{"asctime": "2025-08-12 19:51:57,100", "levelname": "INFO", "name": "AresTradingSystem.System", "message": "   Date range: 2025-02-13T19:52:00 to 2025-08-09T17:49:00", "correlation_id": "-", "session_id": "-", "timestamp": "2025-08-12T17:51:57.100791+00:00"}
{"asctime": "2025-08-12 19:51:57,100", "levelname": "INFO", "name": "AresTradingSystem.System", "message": "   Has aggtrades data: True", "correlation_id": "-", "session_id": "-", "timestamp": "2025-08-12T17:51:57.100858+00:00"}
{"asctime": "2025-08-12 19:51:57,100", "levelname": "INFO", "name": "AresTradingSystem.System", "message": "   Has futures data: True", "correlation_id": "-", "session_id": "-", "timestamp": "2025-08-12T17:51:57.100935+00:00"}
{"asctime": "2025-08-12 19:51:57,100", "levelname": "INFO", "name": "AresTradingSystem.System", "message": "ðŸ”„ Resampling data to 1h timeframe for regime classification...", "correlation_id": "-", "session_id": "-", "timestamp": "2025-08-12T17:51:57.100995+00:00"}
{"asctime": "2025-08-12 19:51:57,145", "levelname": "INFO", "name": "AresTradingSystem.System", "message": "âœ… Resampled to 1h: 4247 records", "correlation_id": "-", "session_id": "-", "timestamp": "2025-08-12T17:51:57.145503+00:00"}
{"asctime": "2025-08-12 19:51:57,145", "levelname": "INFO", "name": "AresTradingSystem.System", "message": "Classifying market regimes (EMA/ADX) for ETHUSDT on BINANCE...", "correlation_id": "-", "session_id": "-", "timestamp": "2025-08-12T17:51:57.145794+00:00"}
{"asctime": "2025-08-12 19:51:57,153", "levelname": "INFO", "name": "AresTradingSystem.System", "message": "Regime classification (EMA/ADX) completed. Found 3 distinct regimes", "correlation_id": "-", "session_id": "-", "timestamp": "2025-08-12T17:51:57.153080+00:00"}
{"asctime": "2025-08-12 19:51:57,174", "levelname": "INFO", "name": "AresTradingSystem.System", "message": "âœ… Saved regime classification results to parquet: data/training/BINANCE_ETHUSDT_regime_classification.parquet", "correlation_id": "-", "session_id": "-", "timestamp": "2025-08-12T17:51:57.174045+00:00"}
{"asctime": "2025-08-12 19:51:57,174", "levelname": "INFO", "name": "AresTradingSystem.System", "message": "âœ… Market regime classification completed. Results saved to data/training/BINANCE_ETHUSDT_regime_classification.json", "correlation_id": "-", "session_id": "-", "timestamp": "2025-08-12T17:51:57.174192+00:00"}
{"asctime": "2025-08-12 19:51:57,294", "levelname": "INFO", "name": "AresTradingSystem.System", "message": "Initializing Regime Data Splitting Step...", "correlation_id": "-", "session_id": "-", "timestamp": "2025-08-12T17:51:57.294908+00:00"}
{"asctime": "2025-08-12 19:51:57,295", "levelname": "INFO", "name": "AresTradingSystem.System", "message": "Regime Data Splitting Step initialized successfully", "correlation_id": "-", "session_id": "-", "timestamp": "2025-08-12T17:51:57.295046+00:00"}
{"asctime": "2025-08-12 19:51:57,295", "levelname": "INFO", "name": "AresTradingSystem.System", "message": "ðŸ”„ Loading unified data for regime data splitting...", "correlation_id": "-", "session_id": "-", "timestamp": "2025-08-12T17:51:57.295137+00:00"}
{"asctime": "2025-08-12 19:52:35,106", "levelname": "INFO", "name": "AresTradingSystem.System", "message": "âœ… Loaded unified data: 254758 rows", "correlation_id": "-", "session_id": "-", "timestamp": "2025-08-12T17:52:35.106180+00:00"}
{"asctime": "2025-08-12 19:52:35,106", "levelname": "INFO", "name": "AresTradingSystem.System", "message": "   Date range: 0 to 254757", "correlation_id": "-", "session_id": "-", "timestamp": "2025-08-12T17:52:35.106276+00:00"}
{"asctime": "2025-08-12 19:52:35,106", "levelname": "INFO", "name": "AresTradingSystem.System", "message": "   Has aggtrades data: False", "correlation_id": "-", "session_id": "-", "timestamp": "2025-08-12T17:52:35.106394+00:00"}
{"asctime": "2025-08-12 19:52:35,106", "levelname": "INFO", "name": "AresTradingSystem.System", "message": "   Has futures data: False", "correlation_id": "-", "session_id": "-", "timestamp": "2025-08-12T17:52:35.106459+00:00"}
{"asctime": "2025-08-12 19:52:35,106", "levelname": "INFO", "name": "AresTradingSystem.System", "message": "ðŸ“ Loading regime classification results from: data/training/BINANCE_ETHUSDT_regime_classification.parquet", "correlation_id": "-", "session_id": "-", "timestamp": "2025-08-12T17:52:35.106580+00:00"}
{"asctime": "2025-08-12 19:52:35,106", "levelname": "INFO", "name": "AresTradingSystem.System", "message": "   Trying direct pandas read...", "correlation_id": "-", "session_id": "-", "timestamp": "2025-08-12T17:52:35.106655+00:00"}
{"asctime": "2025-08-12 19:52:35,108", "levelname": "INFO", "name": "AresTradingSystem.System", "message": "   âœ… Successfully loaded with direct pandas read: (4247, 3)", "correlation_id": "-", "session_id": "-", "timestamp": "2025-08-12T17:52:35.108817+00:00"}
{"asctime": "2025-08-12 19:52:35,108", "levelname": "INFO", "name": "AresTradingSystem.System", "message": "âœ… Loaded regime classification data: 4247 rows", "correlation_id": "-", "session_id": "-", "timestamp": "2025-08-12T17:52:35.108917+00:00"}
{"asctime": "2025-08-12 19:52:35,109", "levelname": "INFO", "name": "AresTradingSystem.System", "message": "   Regimes found: ['SIDEWAYS', 'BULL', 'BEAR']", "correlation_id": "-", "session_id": "-", "timestamp": "2025-08-12T17:52:35.109224+00:00"}
{"asctime": "2025-08-12 19:52:35,232", "levelname": "WARNING", "name": "AresTradingSystem.System", "message": "âš ï¸ âš ï¸ SIDEWAYS ratio 72.8% > 40%; rebalancing to cap at 40%", "correlation_id": "-", "session_id": "-", "timestamp": "2025-08-12T17:52:35.232289+00:00"}
{"asctime": "2025-08-12 19:52:35,354", "levelname": "INFO", "name": "AresTradingSystem.System", "message": "âœ… Applied soft rebalance to regime splits", "correlation_id": "-", "session_id": "-", "timestamp": "2025-08-12T17:52:35.354646+00:00"}
{"asctime": "2025-08-12 19:52:35,365", "levelname": "WARNING", "name": "AresTradingSystem.System", "message": "âš ï¸ âš ï¸ Applied hard cap: downsampled SIDEWAYS from 134447 to 101903 rows", "correlation_id": "-", "session_id": "-", "timestamp": "2025-08-12T17:52:35.365170+00:00"}
{"asctime": "2025-08-12 19:52:35,365", "levelname": "INFO", "name": "AresTradingSystem.System", "message": "âœ… Successfully split data by regimes: 3 regimes", "correlation_id": "-", "session_id": "-", "timestamp": "2025-08-12T17:52:35.365367+00:00"}
{"asctime": "2025-08-12 19:52:35,462", "levelname": "INFO", "name": "AresTradingSystem.System", "message": "âœ… Saved SIDEWAYS regime data: 101903 rows -> data/training/regime_data/SIDEWAYS.parquet", "correlation_id": "-", "session_id": "-", "timestamp": "2025-08-12T17:52:35.462578+00:00"}
{"asctime": "2025-08-12 19:52:35,508", "levelname": "INFO", "name": "AresTradingSystem.System", "message": "âœ… Saved BULL regime data: 52441 rows -> data/training/regime_data/BULL.parquet", "correlation_id": "-", "session_id": "-", "timestamp": "2025-08-12T17:52:35.508768+00:00"}
{"asctime": "2025-08-12 19:52:35,566", "levelname": "INFO", "name": "AresTradingSystem.System", "message": "âœ… Saved BEAR regime data: 67870 rows -> data/training/regime_data/BEAR.parquet", "correlation_id": "-", "session_id": "-", "timestamp": "2025-08-12T17:52:35.566556+00:00"}
{"asctime": "2025-08-12 19:52:35,804", "levelname": "INFO", "name": "AresTradingSystem.System", "message": "âœ… Created train/validation/test splits:", "correlation_id": "-", "session_id": "-", "timestamp": "2025-08-12T17:52:35.804084+00:00"}
{"asctime": "2025-08-12 19:52:35,804", "levelname": "INFO", "name": "AresTradingSystem.System", "message": "   Train: 155549 rows -> data/training/BINANCE_ETHUSDT_train_data.parquet", "correlation_id": "-", "session_id": "-", "timestamp": "2025-08-12T17:52:35.804275+00:00"}
{"asctime": "2025-08-12 19:52:35,804", "levelname": "INFO", "name": "AresTradingSystem.System", "message": "   Validation: 33332 rows -> data/training/BINANCE_ETHUSDT_validation_data.parquet", "correlation_id": "-", "session_id": "-", "timestamp": "2025-08-12T17:52:35.804349+00:00"}
{"asctime": "2025-08-12 19:52:35,804", "levelname": "INFO", "name": "AresTradingSystem.System", "message": "   Test: 33333 rows -> data/training/BINANCE_ETHUSDT_test_data.parquet", "correlation_id": "-", "session_id": "-", "timestamp": "2025-08-12T17:52:35.804407+00:00"}
{"asctime": "2025-08-12 19:52:35,808", "levelname": "INFO", "name": "AresTradingSystem.System", "message": "ðŸ“Š Regime Data Splitting Results:", "correlation_id": "-", "session_id": "-", "timestamp": "2025-08-12T17:52:35.808134+00:00"}
{"asctime": "2025-08-12 19:52:35,808", "levelname": "INFO", "name": "AresTradingSystem.System", "message": "   SIDEWAYS: 101903 rows (45.9%)", "correlation_id": "-", "session_id": "-", "timestamp": "2025-08-12T17:52:35.808299+00:00"}
{"asctime": "2025-08-12 19:52:35,808", "levelname": "INFO", "name": "AresTradingSystem.System", "message": "   BULL: 52441 rows (23.6%)", "correlation_id": "-", "session_id": "-", "timestamp": "2025-08-12T17:52:35.808357+00:00"}
{"asctime": "2025-08-12 19:52:35,808", "levelname": "INFO", "name": "AresTradingSystem.System", "message": "   BEAR: 67870 rows (30.5%)", "correlation_id": "-", "session_id": "-", "timestamp": "2025-08-12T17:52:35.808412+00:00"}
{"asctime": "2025-08-12 19:52:35,808", "levelname": "INFO", "name": "AresTradingSystem.System", "message": "âœ… Regime data splitting completed successfully", "correlation_id": "-", "session_id": "-", "timestamp": "2025-08-12T17:52:35.808674+00:00"}
