2025-08-07 21:28:32,534 - AresGlobal - INFO - ================================================================================
2025-08-07 21:28:32,535 - AresGlobal - INFO - 📊 SESSION SUMMARY
2025-08-07 21:28:32,535 - AresGlobal - INFO - Session started: 2025-08-07 21:28:32
2025-08-07 21:28:32,535 - AresGlobal - INFO - Global log file: ares_global_20250807_212832.log
2025-08-07 21:28:32,535 - AresGlobal - INFO - This file contains ALL logs for this session
2025-08-07 21:28:32,535 - AresGlobal - INFO - ================================================================================
2025-08-07 21:28:32,535 - AresGlobal - INFO - [SYSTEM] ================================================================================
2025-08-07 21:28:32,535 - AresGlobal - INFO - [SYSTEM] 🚀 ARES LAUNCHER STARTED - Mode: INITIALIZATION
2025-08-07 21:28:32,535 - AresGlobal - INFO - [SYSTEM] Start time: 2025-08-07 21:28:32
2025-08-07 21:28:32,535 - AresGlobal - INFO - [SYSTEM] Log directory: log
2025-08-07 21:28:32,535 - AresGlobal - INFO - [SYSTEM] ================================================================================
2025-08-07 21:28:32,535 - AresGlobal.AresLauncher - INFO - ================================================================================
2025-08-07 21:28:32,535 - AresGlobal.AresLauncher - INFO - 🚀 ARES COMPREHENSIVE LAUNCHER
2025-08-07 21:28:32,535 - AresGlobal.AresLauncher - INFO - ================================================================================
2025-08-07 21:28:32,535 - AresGlobal.AresLauncher - INFO - Start time: 2025-08-07 21:28:32
2025-08-07 21:28:32,536 - AresGlobal.AresLauncher - INFO - Log directory: log
2025-08-07 21:28:32,536 - AresGlobal.AresLauncher - INFO - Log level: INFO
2025-08-07 21:28:32,536 - AresGlobal.AresLauncher - INFO - Global log file: ares_global_20250807_212832.log
2025-08-07 21:28:32,536 - AresGlobal.AresLauncher - INFO - ================================================================================
2025-08-07 21:28:32,536 - AresGlobal - INFO - [SYSTEM] ================================================================================
2025-08-07 21:28:32,536 - AresGlobal - INFO - [SYSTEM] 🚀 ARES LAUNCHER STARTED - Mode: load - Symbol: ETHUSDT - Exchange: BINANCE
2025-08-07 21:28:32,536 - AresGlobal - INFO - [SYSTEM] Start time: 2025-08-07 21:28:32
2025-08-07 21:28:32,536 - AresGlobal - INFO - [SYSTEM] Log directory: log
2025-08-07 21:28:32,536 - AresGlobal - INFO - [SYSTEM] ================================================================================
2025-08-07 21:28:32,536 - AresGlobal.AresLauncher - INFO - 🔄 Starting data loading for ETHUSDT on BINANCE
2025-08-07 21:28:32,536 - AresGlobal.AresLauncher - INFO - 📥 Step 1: Downloading data...
2025-08-07 21:28:32,536 - AresGlobal.AresLauncher - INFO - 🔧 Running download command: /opt/homebrew/Caskroom/miniforge/base/bin/python backtesting/ares_data_downloader_optimized.py --symbol ETHUSDT --exchange BINANCE --lookback-years 2
2025-08-07 22:06:44,170 - AresGlobal.AresLauncher - INFO - 🧹 Cleaning up processes...
2025-08-07 22:06:44,170 - AresGlobal.AresLauncher - INFO - ✅ Cleanup completed
2025-08-07 22:06:44,589 - AresGlobal.AresLauncher - ERROR - ❌ Download failed: Traceback (most recent call last):
  File "/opt/homebrew/Caskroom/miniforge/base/lib/python3.12/asyncio/runners.py", line 118, in run
    return self._loop.run_until_complete(task)
           ^^^^^^^^^^^^^^^^^^^^^^^^^^^^^^^^^^^
  File "/opt/homebrew/Caskroom/miniforge/base/lib/python3.12/asyncio/base_events.py", line 691, in run_until_complete
    return future.result()
           ^^^^^^^^^^^^^^^
  File "/Users/remyroche/Documents/Ares/backtesting/ares_data_downloader_optimized.py", line 1467, in main
    success = await downloader.run_optimized_download()
              ^^^^^^^^^^^^^^^^^^^^^^^^^^^^^^^^^^^^^^^^^
  File "/Users/remyroche/Documents/Ares/backtesting/ares_data_downloader_optimized.py", line 1312, in run_optimized_download
    results = await asyncio.gather(*download_tasks, return_exceptions=True)
              ^^^^^^^^^^^^^^^^^^^^^^^^^^^^^^^^^^^^^^^^^^^^^^^^^^^^^^^^^^^^^
asyncio.exceptions.CancelledError

During handling of the above exception, another exception occurred:

Traceback (most recent call last):
  File "/Users/remyroche/Documents/Ares/backtesting/ares_data_downloader_optimized.py", line 1478, in <module>
    asyncio.run(main())
  File "/opt/homebrew/Caskroom/miniforge/base/lib/python3.12/asyncio/runners.py", line 195, in run
    return runner.run(main)
           ^^^^^^^^^^^^^^^^
  File "/opt/homebrew/Caskroom/miniforge/base/lib/python3.12/asyncio/runners.py", line 123, in run
    raise KeyboardInterrupt()
KeyboardInterrupt

2025-08-07 22:06:44,591 - AresGlobal - INFO - [SYSTEM] ================================================================================
2025-08-07 22:06:44,591 - AresGlobal - INFO - [SYSTEM] 🛑 ARES LAUNCHER ENDED - Exit code: 1
2025-08-07 22:06:44,591 - AresGlobal - INFO - [SYSTEM] End time: 2025-08-07 22:06:44
2025-08-07 22:06:44,591 - AresGlobal - INFO - [SYSTEM] ================================================================================
2025-08-07 22:06:44,592 - AresGlobal.AresLauncher - INFO - 🧹 Cleaning up processes...
2025-08-07 22:06:44,592 - AresGlobal.AresLauncher - INFO - ✅ Cleanup completed
