{"asctime": "2025-08-10 11:02:12,715", "levelname": "INFO", "name": "AresTradingSystem", "message": "✅ Enhanced Logger initialization completed successfully", "correlation_id": "-", "session_id": "-", "timestamp": "2025-08-10T09:02:12.715212+00:00"}
{"asctime": "2025-08-10 11:02:12,723", "levelname": "INFO", "name": "AresTradingSystem.System", "message": "Environment configuration loaded successfully. Trading Environment: PAPER, Exchange: BINANCE", "correlation_id": "-", "session_id": "-", "timestamp": "2025-08-10T09:02:12.723148+00:00"}
{"asctime": "2025-08-10 11:02:13,134", "levelname": "INFO", "name": "AresTradingSystem.System.UnifiedDataConverter", "message": "🚀 Initializing Unified Data Converter...", "correlation_id": "-", "session_id": "-", "timestamp": "2025-08-10T09:02:13.134338+00:00"}
{"asctime": "2025-08-10 11:02:13,134", "levelname": "INFO", "name": "AresTradingSystem.System.UnifiedDataConverter", "message": "📁 Unified data directory: data_cache/unified", "correlation_id": "-", "session_id": "-", "timestamp": "2025-08-10T09:02:13.134499+00:00"}
{"asctime": "2025-08-10 11:02:13,134", "levelname": "INFO", "name": "AresTradingSystem.System.UnifiedDataConverter", "message": "📁 Backup directory: data_cache/backup_pre_unified", "correlation_id": "-", "session_id": "-", "timestamp": "2025-08-10T09:02:13.134567+00:00"}
{"asctime": "2025-08-10 11:02:13,134", "levelname": "INFO", "name": "AresTradingSystem.System.UnifiedDataConverter", "message": "================================================================================", "correlation_id": "-", "session_id": "-", "timestamp": "2025-08-10T09:02:13.134634+00:00"}
{"asctime": "2025-08-10 11:02:13,134", "levelname": "INFO", "name": "AresTradingSystem.System.UnifiedDataConverter", "message": "🔄 STEP 1.5: Unified Data Converter", "correlation_id": "-", "session_id": "-", "timestamp": "2025-08-10T09:02:13.134750+00:00"}
{"asctime": "2025-08-10 11:02:13,134", "levelname": "INFO", "name": "AresTradingSystem.System.UnifiedDataConverter", "message": "================================================================================", "correlation_id": "-", "session_id": "-", "timestamp": "2025-08-10T09:02:13.134852+00:00"}
{"asctime": "2025-08-10 11:02:13,134", "levelname": "INFO", "name": "AresTradingSystem.System.UnifiedDataConverter", "message": "🎯 Symbol: BTCUSDT", "correlation_id": "-", "session_id": "-", "timestamp": "2025-08-10T09:02:13.134919+00:00"}
{"asctime": "2025-08-10 11:02:13,134", "levelname": "INFO", "name": "AresTradingSystem.System.UnifiedDataConverter", "message": "🏢 Exchange: binance", "correlation_id": "-", "session_id": "-", "timestamp": "2025-08-10T09:02:13.134980+00:00"}
{"asctime": "2025-08-10 11:02:13,135", "levelname": "INFO", "name": "AresTradingSystem.System.UnifiedDataConverter", "message": "📊 Timeframe: 1m", "correlation_id": "-", "session_id": "-", "timestamp": "2025-08-10T09:02:13.135045+00:00"}
{"asctime": "2025-08-10 11:02:13,135", "levelname": "INFO", "name": "AresTradingSystem.System.UnifiedDataConverter", "message": "📁 Data directory: /var/folders/dr/hz7y0z9j0x39z7519pbshgqh0000gn/T/tmpct6_pdm1/data_cache", "correlation_id": "-", "session_id": "-", "timestamp": "2025-08-10T09:02:13.135104+00:00"}
{"asctime": "2025-08-10 11:02:13,135", "levelname": "INFO", "name": "AresTradingSystem.System.UnifiedDataConverter", "message": "📦 Backing up existing consolidated data...", "correlation_id": "-", "session_id": "-", "timestamp": "2025-08-10T09:02:13.135192+00:00"}
{"asctime": "2025-08-10 11:02:13,142", "levelname": "INFO", "name": "AresTradingSystem.System.UnifiedDataConverter", "message": "✅ Backup completed: 0 files backed up", "correlation_id": "-", "session_id": "-", "timestamp": "2025-08-10T09:02:13.142155+00:00"}
{"asctime": "2025-08-10 11:02:13,142", "levelname": "INFO", "name": "AresTradingSystem.System.UnifiedDataConverter", "message": "🔄 Converting existing consolidated data to unified format...", "correlation_id": "-", "session_id": "-", "timestamp": "2025-08-10T09:02:13.142370+00:00"}
{"asctime": "2025-08-10 11:02:13,142", "levelname": "WARNING", "name": "AresTradingSystem.System.UnifiedDataConverter", "message": "⚠️ No klines data found for binance_BTCUSDT_1m", "correlation_id": "-", "session_id": "-", "timestamp": "2025-08-10T09:02:13.142483+00:00"}
{"asctime": "2025-08-10 11:02:13,142", "levelname": "WARNING", "name": "AresTradingSystem.System.UnifiedDataConverter", "message": "⚠️ No aggtrades data found for binance_BTCUSDT", "correlation_id": "-", "session_id": "-", "timestamp": "2025-08-10T09:02:13.142587+00:00"}
{"asctime": "2025-08-10 11:02:13,142", "levelname": "WARNING", "name": "AresTradingSystem.System.UnifiedDataConverter", "message": "⚠️ No futures data found for binance_BTCUSDT", "correlation_id": "-", "session_id": "-", "timestamp": "2025-08-10T09:02:13.142664+00:00"}
{"asctime": "2025-08-10 11:02:13,142", "levelname": "ERROR", "name": "AresTradingSystem.System.UnifiedDataConverter", "message": "❌ No klines data found - cannot proceed with conversion", "correlation_id": "-", "session_id": "-", "timestamp": "2025-08-10T09:02:13.142724+00:00"}
{"asctime": "2025-08-10 11:02:13,142", "levelname": "ERROR", "name": "AresTradingSystem.System.UnifiedDataConverter", "message": "❌ Failed to convert existing data", "correlation_id": "-", "session_id": "-", "timestamp": "2025-08-10T09:02:13.142784+00:00"}
{"asctime": "2025-08-10 11:02:13,145", "levelname": "INFO", "name": "AresTradingSystem.System.UnifiedDataConverter", "message": "🚀 Initializing Unified Data Converter...", "correlation_id": "-", "session_id": "-", "timestamp": "2025-08-10T09:02:13.145376+00:00"}
{"asctime": "2025-08-10 11:02:13,145", "levelname": "INFO", "name": "AresTradingSystem.System.UnifiedDataConverter", "message": "📁 Unified data directory: data_cache/unified", "correlation_id": "-", "session_id": "-", "timestamp": "2025-08-10T09:02:13.145462+00:00"}
{"asctime": "2025-08-10 11:02:13,145", "levelname": "INFO", "name": "AresTradingSystem.System.UnifiedDataConverter", "message": "📁 Backup directory: data_cache/backup_pre_unified", "correlation_id": "-", "session_id": "-", "timestamp": "2025-08-10T09:02:13.145522+00:00"}
{"asctime": "2025-08-10 11:02:13,145", "levelname": "INFO", "name": "AresTradingSystem.System.UnifiedDataConverter", "message": "================================================================================", "correlation_id": "-", "session_id": "-", "timestamp": "2025-08-10T09:02:13.145580+00:00"}
{"asctime": "2025-08-10 11:02:13,145", "levelname": "INFO", "name": "AresTradingSystem.System.UnifiedDataConverter", "message": "🔄 STEP 1.5: Unified Data Converter", "correlation_id": "-", "session_id": "-", "timestamp": "2025-08-10T09:02:13.145633+00:00"}
{"asctime": "2025-08-10 11:02:13,145", "levelname": "INFO", "name": "AresTradingSystem.System.UnifiedDataConverter", "message": "================================================================================", "correlation_id": "-", "session_id": "-", "timestamp": "2025-08-10T09:02:13.145688+00:00"}
{"asctime": "2025-08-10 11:02:13,145", "levelname": "INFO", "name": "AresTradingSystem.System.UnifiedDataConverter", "message": "🎯 Symbol: BTCUSDT", "correlation_id": "-", "session_id": "-", "timestamp": "2025-08-10T09:02:13.145740+00:00"}
{"asctime": "2025-08-10 11:02:13,145", "levelname": "INFO", "name": "AresTradingSystem.System.UnifiedDataConverter", "message": "🏢 Exchange: binance", "correlation_id": "-", "session_id": "-", "timestamp": "2025-08-10T09:02:13.145796+00:00"}
{"asctime": "2025-08-10 11:02:13,145", "levelname": "INFO", "name": "AresTradingSystem.System.UnifiedDataConverter", "message": "📊 Timeframe: 1m", "correlation_id": "-", "session_id": "-", "timestamp": "2025-08-10T09:02:13.145850+00:00"}
{"asctime": "2025-08-10 11:02:13,145", "levelname": "INFO", "name": "AresTradingSystem.System.UnifiedDataConverter", "message": "📁 Data directory: /var/folders/dr/hz7y0z9j0x39z7519pbshgqh0000gn/T/tmp2f8x77ch/data_cache", "correlation_id": "-", "session_id": "-", "timestamp": "2025-08-10T09:02:13.145907+00:00"}
{"asctime": "2025-08-10 11:02:13,145", "levelname": "INFO", "name": "AresTradingSystem.System.UnifiedDataConverter", "message": "📦 Backing up existing consolidated data...", "correlation_id": "-", "session_id": "-", "timestamp": "2025-08-10T09:02:13.145969+00:00"}
{"asctime": "2025-08-10 11:02:13,152", "levelname": "INFO", "name": "AresTradingSystem.System.UnifiedDataConverter", "message": "✅ Backup completed: 0 files backed up", "correlation_id": "-", "session_id": "-", "timestamp": "2025-08-10T09:02:13.152551+00:00"}
{"asctime": "2025-08-10 11:02:13,152", "levelname": "INFO", "name": "AresTradingSystem.System.UnifiedDataConverter", "message": "🔄 Converting existing consolidated data to unified format...", "correlation_id": "-", "session_id": "-", "timestamp": "2025-08-10T09:02:13.152930+00:00"}
{"asctime": "2025-08-10 11:02:13,153", "levelname": "WARNING", "name": "AresTradingSystem.System.UnifiedDataConverter", "message": "⚠️ No klines data found for binance_BTCUSDT_1m", "correlation_id": "-", "session_id": "-", "timestamp": "2025-08-10T09:02:13.153042+00:00"}
{"asctime": "2025-08-10 11:02:13,153", "levelname": "WARNING", "name": "AresTradingSystem.System.UnifiedDataConverter", "message": "⚠️ No aggtrades data found for binance_BTCUSDT", "correlation_id": "-", "session_id": "-", "timestamp": "2025-08-10T09:02:13.153127+00:00"}
{"asctime": "2025-08-10 11:02:13,153", "levelname": "WARNING", "name": "AresTradingSystem.System.UnifiedDataConverter", "message": "⚠️ No futures data found for binance_BTCUSDT", "correlation_id": "-", "session_id": "-", "timestamp": "2025-08-10T09:02:13.153192+00:00"}
{"asctime": "2025-08-10 11:02:13,153", "levelname": "ERROR", "name": "AresTradingSystem.System.UnifiedDataConverter", "message": "❌ No klines data found - cannot proceed with conversion", "correlation_id": "-", "session_id": "-", "timestamp": "2025-08-10T09:02:13.153251+00:00"}
{"asctime": "2025-08-10 11:02:13,153", "levelname": "ERROR", "name": "AresTradingSystem.System.UnifiedDataConverter", "message": "❌ Failed to convert existing data", "correlation_id": "-", "session_id": "-", "timestamp": "2025-08-10T09:02:13.153309+00:00"}
