{"asctime": "2025-08-10 09:32:38,712", "levelname": "INFO", "name": "AresGlobal", "message": "================================================================================", "correlation_id": "-", "session_id": "-", "timestamp": "2025-08-10T07:32:38.712071+00:00"}
{"asctime": "2025-08-10 09:32:38,712", "levelname": "INFO", "name": "AresGlobal", "message": "📊 SESSION SUMMARY", "correlation_id": "-", "session_id": "-", "timestamp": "2025-08-10T07:32:38.712157+00:00"}
{"asctime": "2025-08-10 09:32:38,712", "levelname": "INFO", "name": "AresGlobal", "message": "Session started: 2025-08-10 09:32:38", "correlation_id": "-", "session_id": "-", "timestamp": "2025-08-10T07:32:38.712227+00:00"}
{"asctime": "2025-08-10 09:32:38,712", "levelname": "INFO", "name": "AresGlobal", "message": "This file contains ALL logs for this session", "correlation_id": "-", "session_id": "-", "timestamp": "2025-08-10T07:32:38.712284+00:00"}
{"asctime": "2025-08-10 09:32:38,712", "levelname": "INFO", "name": "AresGlobal", "message": "================================================================================", "correlation_id": "-", "session_id": "-", "timestamp": "2025-08-10T07:32:38.712337+00:00"}
{"asctime": "2025-08-10 09:32:38,712", "levelname": "INFO", "name": "AresGlobal", "message": "Applied NumPy RNG unpickle compatibility shim (ModelManager)", "correlation_id": "-", "session_id": "-", "timestamp": "2025-08-10T07:32:38.712701+00:00"}
{"asctime": "2025-08-10 09:32:38,712", "levelname": "INFO", "name": "AresGlobal", "message": "[SYSTEM] ================================================================================", "correlation_id": "-", "session_id": "-", "timestamp": "2025-08-10T07:32:38.712856+00:00"}
{"asctime": "2025-08-10 09:32:38,712", "levelname": "INFO", "name": "AresGlobal", "message": "[SYSTEM] 🚀 ARES LAUNCHER STARTED - Mode: INITIALIZATION", "correlation_id": "-", "session_id": "-", "timestamp": "2025-08-10T07:32:38.712968+00:00"}
{"asctime": "2025-08-10 09:32:38,713", "levelname": "INFO", "name": "AresGlobal", "message": "[SYSTEM] Start time: 2025-08-10 09:32:38", "correlation_id": "-", "session_id": "-", "timestamp": "2025-08-10T07:32:38.713172+00:00"}
{"asctime": "2025-08-10 09:32:38,713", "levelname": "INFO", "name": "AresGlobal", "message": "[SYSTEM] Log directory: log", "correlation_id": "-", "session_id": "-", "timestamp": "2025-08-10T07:32:38.713307+00:00"}
{"asctime": "2025-08-10 09:32:38,713", "levelname": "INFO", "name": "AresGlobal", "message": "[SYSTEM] ================================================================================", "correlation_id": "-", "session_id": "-", "timestamp": "2025-08-10T07:32:38.713420+00:00"}
{"asctime": "2025-08-10 09:32:38,713", "levelname": "INFO", "name": "AresGlobal.AresLauncher", "message": "================================================================================", "correlation_id": "-", "session_id": "-", "timestamp": "2025-08-10T07:32:38.713477+00:00"}
{"asctime": "2025-08-10 09:32:38,713", "levelname": "INFO", "name": "AresGlobal.AresLauncher", "message": "🚀 ARES COMPREHENSIVE LAUNCHER", "correlation_id": "-", "session_id": "-", "timestamp": "2025-08-10T07:32:38.713532+00:00"}
{"asctime": "2025-08-10 09:32:38,713", "levelname": "INFO", "name": "AresGlobal.AresLauncher", "message": "================================================================================", "correlation_id": "-", "session_id": "-", "timestamp": "2025-08-10T07:32:38.713595+00:00"}
{"asctime": "2025-08-10 09:32:38,713", "levelname": "INFO", "name": "AresGlobal.AresLauncher", "message": "Start time: 2025-08-10 09:32:38", "correlation_id": "-", "session_id": "-", "timestamp": "2025-08-10T07:32:38.713655+00:00"}
{"asctime": "2025-08-10 09:32:38,713", "levelname": "INFO", "name": "AresGlobal.AresLauncher", "message": "Log directory: log", "correlation_id": "-", "session_id": "-", "timestamp": "2025-08-10T07:32:38.713709+00:00"}
{"asctime": "2025-08-10 09:32:38,713", "levelname": "INFO", "name": "AresGlobal.AresLauncher", "message": "Log level: INFO", "correlation_id": "-", "session_id": "-", "timestamp": "2025-08-10T07:32:38.713759+00:00"}
{"asctime": "2025-08-10 09:32:38,713", "levelname": "INFO", "name": "AresGlobal.AresLauncher", "message": "Global log file: ares_global_20250810_093238.log", "correlation_id": "-", "session_id": "-", "timestamp": "2025-08-10T07:32:38.713848+00:00"}
{"asctime": "2025-08-10 09:32:38,713", "levelname": "INFO", "name": "AresGlobal.AresLauncher", "message": "================================================================================", "correlation_id": "-", "session_id": "-", "timestamp": "2025-08-10T07:32:38.713902+00:00"}
{"asctime": "2025-08-10 09:32:38,714", "levelname": "INFO", "name": "AresGlobal", "message": "[SYSTEM] ================================================================================", "correlation_id": "16aedda7-27bc-451e-9048-b66650f6d13c", "session_id": "90c22efb-c5a0-4ead-8eb3-d99de980a509", "timestamp": "2025-08-10T07:32:38.714119+00:00"}
{"asctime": "2025-08-10 09:32:38,714", "levelname": "INFO", "name": "AresGlobal", "message": "[SYSTEM] 🚀 ARES LAUNCHER STARTED - Mode: blank - Symbol: ETHUSDT - Exchange: BINANCE", "correlation_id": "16aedda7-27bc-451e-9048-b66650f6d13c", "session_id": "90c22efb-c5a0-4ead-8eb3-d99de980a509", "timestamp": "2025-08-10T07:32:38.714234+00:00"}
{"asctime": "2025-08-10 09:32:38,714", "levelname": "INFO", "name": "AresGlobal", "message": "[SYSTEM] Start time: 2025-08-10 09:32:38", "correlation_id": "16aedda7-27bc-451e-9048-b66650f6d13c", "session_id": "90c22efb-c5a0-4ead-8eb3-d99de980a509", "timestamp": "2025-08-10T07:32:38.714344+00:00"}
{"asctime": "2025-08-10 09:32:38,714", "levelname": "INFO", "name": "AresGlobal", "message": "[SYSTEM] Log directory: log", "correlation_id": "16aedda7-27bc-451e-9048-b66650f6d13c", "session_id": "90c22efb-c5a0-4ead-8eb3-d99de980a509", "timestamp": "2025-08-10T07:32:38.714451+00:00"}
{"asctime": "2025-08-10 09:32:38,714", "levelname": "INFO", "name": "AresGlobal", "message": "[SYSTEM] ================================================================================", "correlation_id": "16aedda7-27bc-451e-9048-b66650f6d13c", "session_id": "90c22efb-c5a0-4ead-8eb3-d99de980a509", "timestamp": "2025-08-10T07:32:38.714554+00:00"}
{"asctime": "2025-08-10 09:32:38,714", "levelname": "INFO", "name": "AresGlobal.AresLauncher", "message": "🚀 Running enhanced 16-step training pipeline for ETHUSDT on BINANCE", "correlation_id": "16aedda7-27bc-451e-9048-b66650f6d13c", "session_id": "90c22efb-c5a0-4ead-8eb3-d99de980a509", "timestamp": "2025-08-10T07:32:38.714632+00:00"}
{"asctime": "2025-08-10 09:32:38,714", "levelname": "INFO", "name": "AresGlobal.AresLauncher", "message": "Starting from step: step2_market_regime_classification", "correlation_id": "16aedda7-27bc-451e-9048-b66650f6d13c", "session_id": "90c22efb-c5a0-4ead-8eb3-d99de980a509", "timestamp": "2025-08-10T07:32:38.714692+00:00"}
{"asctime": "2025-08-10 09:32:38,714", "levelname": "INFO", "name": "AresGlobal.AresLauncher", "message": "🧪 BLANK TRAINING MODE: Set BLANK_TRAINING_MODE=1 for step-based training", "correlation_id": "16aedda7-27bc-451e-9048-b66650f6d13c", "session_id": "90c22efb-c5a0-4ead-8eb3-d99de980a509", "timestamp": "2025-08-10T07:32:38.714749+00:00"}
{"asctime": "2025-08-10 09:32:38,715", "levelname": "INFO", "name": "AresGlobal.AresLauncher", "message": "📁 Using pre-consolidated data for step2", "correlation_id": "16aedda7-27bc-451e-9048-b66650f6d13c", "session_id": "90c22efb-c5a0-4ead-8eb3-d99de980a509", "timestamp": "2025-08-10T07:32:38.715494+00:00"}
{"asctime": "2025-08-10 09:32:38,715", "levelname": "INFO", "name": "AresGlobal.AresLauncher", "message": "✅ Found consolidated data: data_cache/aggtrades_BINANCE_ETHUSDT_consolidated.parquet", "correlation_id": "16aedda7-27bc-451e-9048-b66650f6d13c", "session_id": "90c22efb-c5a0-4ead-8eb3-d99de980a509", "timestamp": "2025-08-10T07:32:38.715573+00:00"}
{"asctime": "2025-08-10 09:32:39,311", "levelname": "INFO", "name": "AresGlobal.AresLauncher", "message": "📊 Consolidated trade rows: 50000", "correlation_id": "16aedda7-27bc-451e-9048-b66650f6d13c", "session_id": "90c22efb-c5a0-4ead-8eb3-d99de980a509", "timestamp": "2025-08-10T07:32:39.311348+00:00"}
{"asctime": "2025-08-10 09:32:39,311", "levelname": "INFO", "name": "AresGlobal.ProgressManager", "message": "Initialized ProgressManager for ETHUSDT on BINANCE", "correlation_id": "16aedda7-27bc-451e-9048-b66650f6d13c", "session_id": "90c22efb-c5a0-4ead-8eb3-d99de980a509", "timestamp": "2025-08-10T07:32:39.311591+00:00"}
{"asctime": "2025-08-10 09:32:39,311", "levelname": "INFO", "name": "AresGlobal.ProgressManager", "message": "Progress directory: data/training/progress/BINANCE_ETHUSDT", "correlation_id": "16aedda7-27bc-451e-9048-b66650f6d13c", "session_id": "90c22efb-c5a0-4ead-8eb3-d99de980a509", "timestamp": "2025-08-10T07:32:39.311666+00:00"}
{"asctime": "2025-08-10 09:32:39,311", "levelname": "INFO", "name": "AresGlobal.StepOrchestrator", "message": "Initialized StepOrchestrator for ETHUSDT on BINANCE", "correlation_id": "16aedda7-27bc-451e-9048-b66650f6d13c", "session_id": "90c22efb-c5a0-4ead-8eb3-d99de980a509", "timestamp": "2025-08-10T07:32:39.311795+00:00"}
{"asctime": "2025-08-10 09:32:39,312", "levelname": "INFO", "name": "AresGlobal.StepOrchestrator", "message": "🚀 Starting execution from step: step2_market_regime_classification", "correlation_id": "16aedda7-27bc-451e-9048-b66650f6d13c", "session_id": "90c22efb-c5a0-4ead-8eb3-d99de980a509", "timestamp": "2025-08-10T07:32:39.312018+00:00"}
{"asctime": "2025-08-10 09:32:40,541", "levelname": "INFO", "name": "AresGlobal.EnhancedTrainingManagerOptimized", "message": "Loaded optimization configuration", "correlation_id": "16aedda7-27bc-451e-9048-b66650f6d13c", "session_id": "90c22efb-c5a0-4ead-8eb3-d99de980a509", "timestamp": "2025-08-10T07:32:40.541887+00:00"}
{"asctime": "2025-08-10 09:32:40,544", "levelname": "INFO", "name": "AresGlobal.StepOrchestrator", "message": "✅ Enhanced training manager setup successfully", "correlation_id": "16aedda7-27bc-451e-9048-b66650f6d13c", "session_id": "90c22efb-c5a0-4ead-8eb3-d99de980a509", "timestamp": "2025-08-10T07:32:40.544574+00:00"}
{"asctime": "2025-08-10 09:32:40,545", "levelname": "INFO", "name": "AresGlobal.EnhancedTrainingManagerOptimized", "message": "🚀 Initializing Enhanced Training Manager with Optimizations...", "correlation_id": "16aedda7-27bc-451e-9048-b66650f6d13c", "session_id": "90c22efb-c5a0-4ead-8eb3-d99de980a509", "timestamp": "2025-08-10T07:32:40.545281+00:00"}
{"asctime": "2025-08-10 09:32:40,553", "levelname": "INFO", "name": "AresGlobal.EnhancedTrainingManagerOptimized", "message": "✅ Parallel backtester initialized with 8 workers", "correlation_id": "16aedda7-27bc-451e-9048-b66650f6d13c", "session_id": "90c22efb-c5a0-4ead-8eb3-d99de980a509", "timestamp": "2025-08-10T07:32:40.553729+00:00"}
{"asctime": "2025-08-10 09:32:40,554", "levelname": "INFO", "name": "AresGlobal.EnhancedTrainingManagerOptimized", "message": "✅ All optimization components initialized successfully", "correlation_id": "16aedda7-27bc-451e-9048-b66650f6d13c", "session_id": "90c22efb-c5a0-4ead-8eb3-d99de980a509", "timestamp": "2025-08-10T07:32:40.554316+00:00"}
