Stage: Stationarity | Step: 04_01 | Shape: (253064, 14)
                        open     high      low    close    volume  close_returns  open_returns  high_returns  low_returns  close_log  open_log  high_log   low_log  close_detrended
timestamp                                                                                                                                                                          
2025-02-15 00:06:00  2723.56  2724.53  2722.57  2724.53   837.152            NaN           NaN           NaN          NaN   7.910051  7.909695  7.910051  7.909332              NaN
2025-02-15 00:07:00  2724.51  2724.84  2721.72  2723.83  1271.469      -0.000257      0.000349      0.000114    -0.000312   7.909794  7.910044  7.910165  7.909019              NaN
2025-02-15 00:08:00  2723.83  2723.83  2719.89  2719.89   519.693      -0.001446     -0.000250     -0.000371    -0.000672   7.908347  7.909794  7.909794  7.908347              NaN
2025-02-15 00:09:00  2719.90  2722.33  2718.81  2722.33  1450.979       0.000897     -0.001443     -0.000551    -0.000397   7.909243  7.908350  7.909243  7.907950              NaN
2025-02-15 00:10:00  2722.34  2723.50  2720.60  2721.47   493.373      -0.000316      0.000897      0.000430     0.000658   7.908927  7.909247  7.909673  7.908608              NaN
2025-02-15 00:11:00  2721.48  2723.99  2720.49  2723.83   913.483       0.000867     -0.000316      0.000180    -0.000040   7.909794  7.908931  7.909853  7.908567              NaN
2025-02-15 00:12:00  2723.83  2724.86  2723.38  2723.38  1135.643      -0.000165      0.000864      0.000319     0.001062   7.909629  7.909794  7.910172  7.909629              NaN
2025-02-15 00:13:00  2723.34  2723.35  2720.52  2721.88   508.205      -0.000551     -0.000180     -0.000554    -0.001050   7.909078  7.909614  7.909618  7.908578              NaN
2025-02-15 00:14:00  2721.81  2723.28  2721.45  2722.62   681.330       0.000272     -0.000562     -0.000026     0.000342   7.909350  7.909052  7.909592  7.908920              NaN
2025-02-15 00:15:00  2722.63  2723.14  2720.00  2722.57   893.140      -0.000018      0.000301     -0.000051    -0.000533   7.909332  7.909354  7.909541  7.908387              NaN
2025-02-15 00:16:00  2722.58  2724.53  2722.44  2722.56   441.590      -0.000004     -0.000018      0.000510     0.000897   7.909328  7.909335  7.910051  7.909284              NaN
2025-02-15 00:17:00  2722.56  2723.34  2721.15  2722.91  1391.462       0.000129     -0.000007     -0.000437    -0.000474   7.909456  7.909328  7.909614  7.908810              NaN
2025-02-15 00:18:00  2722.92  2723.36  2720.56  2721.33   704.506      -0.000580      0.000132      0.000007    -0.000217   7.908876  7.909460  7.909622  7.908593              NaN
2025-02-15 00:19:00  2721.33  2721.59  2718.50  2719.93   535.196      -0.000514     -0.000584     -0.000650    -0.000757   7.908361  7.908876  7.908972  7.907836              NaN
2025-02-15 00:20:00  2719.93  2720.06  2718.00  2718.80   924.799      -0.000415     -0.000514     -0.000562    -0.000184   7.907946  7.908361  7.908409  7.907652              NaN
2025-02-15 00:21:00  2718.80  2718.86  2717.15  2717.49   772.409      -0.000482     -0.000415     -0.000441    -0.000313   7.907464  7.907946  7.907968  7.907339              NaN
2025-02-15 00:22:00  2717.49  2717.72  2713.76  2714.96  1721.849      -0.000931     -0.000482     -0.000419    -0.001248   7.906532  7.907464  7.907549  7.906090              NaN
2025-02-15 00:23:00  2714.97  2717.46  2714.96  2716.41   353.929       0.000534     -0.000927     -0.000096     0.000442   7.907066  7.906536  7.907453  7.906532              NaN
2025-02-15 00:24:00  2716.41  2716.55  2715.37  2715.64  1378.444      -0.000283      0.000530     -0.000335     0.000151   7.906783  7.907066  7.907118  7.906684              NaN
2025-02-15 00:25:00  2715.63  2716.10  2712.70  2713.54  1543.819      -0.000773     -0.000287     -0.000166    -0.000983   7.906009  7.906779  7.906952  7.905700          -6.9550
2025-02-15 00:26:00  2713.54  2714.71  2713.32  2713.32   493.262      -0.000081     -0.000770     -0.000512     0.000229   7.905928  7.906009  7.906440  7.905928          -6.6145
2025-02-15 00:27:00  2713.31  2714.25  2712.00  2713.86  1085.342       0.000199     -0.000085     -0.000169    -0.000486   7.906127  7.905925  7.906271  7.905442          -5.5760
2025-02-15 00:28:00  2713.85  2715.57  2711.93  2713.39  1254.484      -0.000173      0.000199      0.000486    -0.000026   7.905954  7.906124  7.906757  7.905416          -5.7210
2025-02-15 00:29:00  2713.39  2713.39  2711.00  2711.00  2095.675      -0.000881     -0.000170     -0.000803    -0.000343   7.905073  7.905954  7.905954  7.905073          -7.5445
2025-02-15 00:30:00  2711.00  2711.45  2707.05  2707.23  3666.981      -0.001391     -0.000881     -0.000715    -0.001457   7.903681  7.905073  7.905239  7.903615         -10.6025
2025-02-15 00:31:00  2707.23  2709.40  2702.45  2709.40  7150.946       0.000802     -0.001391     -0.000756    -0.001699   7.904482  7.903681  7.904482  7.901914          -7.7110
2025-02-15 00:32:00  2709.41  2710.69  2705.76  2707.80  3250.016      -0.000591      0.000805      0.000476     0.001225   7.903892  7.904486  7.904958  7.903138          -8.5320
2025-02-15 00:33:00  2707.80  2708.66  2705.57  2707.78  1883.124      -0.000007     -0.000594     -0.000749    -0.000070   7.903884  7.903892  7.904209  7.903068          -7.8470
2025-02-15 00:34:00  2707.78  2709.14  2705.85  2708.00   590.428       0.000081     -0.000007      0.000177     0.000103   7.903966  7.903884  7.904387  7.903171          -6.8960
2025-02-15 00:35:00  2708.01  2709.48  2707.32  2707.36   526.773      -0.000236      0.000085      0.000126     0.000543   7.903729  7.903969  7.904512  7.903714          -6.7755
2025-02-15 00:36:00  2707.36  2707.70  2705.00  2705.44  1611.469      -0.000709     -0.000240     -0.000657    -0.000857   7.903020  7.903729  7.903855  7.902857          -7.8395
2025-02-15 00:37:00  2705.45  2707.37  2704.00  2707.36  1411.743       0.000710     -0.000705     -0.000122    -0.000370   7.903729  7.903024  7.903733  7.902487          -5.1420
2025-02-15 00:38:00  2707.36  2711.56  2707.36  2710.01  1312.359       0.000979      0.000706      0.001548     0.001243   7.904708  7.903729  7.905279  7.903729          -1.9260
2025-02-15 00:39:00  2710.01  2713.20  2710.00  2713.20  1032.610       0.001177      0.000979      0.000605     0.000975   7.905884  7.904708  7.905884  7.904704           1.6005
2025-02-15 00:40:00  2713.20  2713.40  2711.24  2712.02   520.532      -0.000435      0.001177      0.000074     0.000458   7.905449  7.905884  7.905958  7.905161           0.7595
2025-02-15 00:41:00  2712.02  2712.02  2710.00  2711.32   409.323      -0.000258     -0.000435     -0.000509    -0.000457   7.905191  7.905449  7.905449  7.904704           0.3680
2025-02-15 00:42:00  2711.33  2712.01  2710.11  2711.23   400.787      -0.000033     -0.000254     -0.000004     0.000041   7.905158  7.905195  7.905445  7.904745           0.4645
2025-02-15 00:43:00  2711.23  2711.37  2710.08  2710.08   478.674      -0.000424     -0.000037     -0.000236    -0.000011   7.904733  7.905158  7.905209  7.904733          -0.3690
2025-02-15 00:44:00  2710.09  2712.38  2709.33  2712.09   576.235       0.000742     -0.000420      0.000373    -0.000277   7.905475  7.904737  7.905582  7.904457           1.8185
2025-02-15 00:45:00  2712.09  2713.78  2711.54  2713.77   507.823       0.000619      0.000738      0.000516     0.000816   7.906094  7.905475  7.906098  7.905272           3.4870
2025-02-15 00:46:00  2713.78  2713.78  2711.98  2712.88   665.289      -0.000328      0.000623      0.000000     0.000162   7.905766  7.906098  7.906098  7.905434           2.6190
2025-02-15 00:47:00  2712.89  2714.63  2712.88  2714.63   801.239       0.000645     -0.000328      0.000313     0.000332   7.906411  7.905770  7.906411  7.905766           4.3305
2025-02-15 00:48:00  2714.64  2714.64  2712.64  2713.74   340.740      -0.000328      0.000645      0.000004    -0.000088   7.906083  7.906415  7.906415  7.905678           3.4230
2025-02-15 00:49:00  2713.75  2715.09  2713.61  2714.87  1621.610       0.000416     -0.000328      0.000166     0.000358   7.906499  7.906087  7.906580  7.906035           4.3595
2025-02-15 00:50:00  2714.88  2716.56  2714.63  2716.40   678.513       0.000564      0.000416      0.000541     0.000376   7.907063  7.906503  7.907122  7.906411           5.4310
2025-02-15 00:51:00  2716.40  2717.25  2715.79  2717.25   798.362       0.000313      0.000560      0.000254     0.000427   7.907376  7.907063  7.907376  7.906838           5.8885
2025-02-15 00:52:00  2717.25  2717.56  2716.63  2717.26   190.488       0.000004      0.000313      0.000114     0.000309   7.907379  7.907376  7.907490  7.907147           5.4255
2025-02-15 00:53:00  2717.26  2717.81  2714.00  2714.00   497.143      -0.001200      0.000004      0.000092    -0.000968   7.906179  7.907379  7.907582  7.906179           1.8545
2025-02-15 00:54:00  2714.00  2714.16  2712.50  2713.91   591.823      -0.000033     -0.001200     -0.001343    -0.000553   7.906146  7.906179  7.906238  7.905626           1.4690
2025-02-15 00:55:00  2713.90  2715.50  2713.90  2715.42   281.929       0.000556     -0.000037      0.000494     0.000516   7.906702  7.906142  7.906731  7.906142           2.5760