Stage: Stationarity | Step: 04_01 | Shape: (253050, 14)
                        open     high      low    close    volume  close_returns  open_returns  high_returns  low_returns  close_log  open_log  high_log   low_log  close_detrended
timestamp                                                                                                                                                                          
2025-02-15 00:20:00  2719.93  2720.06  2718.00  2718.80   924.799            NaN           NaN           NaN          NaN   7.907946  7.908361  7.908409  7.907652              NaN
2025-02-15 00:21:00  2718.80  2718.86  2717.15  2717.49   772.409      -0.000482     -0.000415     -0.000441    -0.000313   7.907464  7.907946  7.907968  7.907339              NaN
2025-02-15 00:22:00  2717.49  2717.72  2713.76  2714.96  1721.849      -0.000931     -0.000482     -0.000419    -0.001248   7.906532  7.907464  7.907549  7.906090              NaN
2025-02-15 00:23:00  2714.97  2717.46  2714.96  2716.41   353.929       0.000534     -0.000927     -0.000096     0.000442   7.907066  7.906536  7.907453  7.906532              NaN
2025-02-15 00:24:00  2716.41  2716.55  2715.37  2715.64  1378.444      -0.000283      0.000530     -0.000335     0.000151   7.906783  7.907066  7.907118  7.906684              NaN
2025-02-15 00:25:00  2715.63  2716.10  2712.70  2713.54  1543.819      -0.000773     -0.000287     -0.000166    -0.000983   7.906009  7.906779  7.906952  7.905700              NaN
2025-02-15 00:26:00  2713.54  2714.71  2713.32  2713.32   493.262      -0.000081     -0.000770     -0.000512     0.000229   7.905928  7.906009  7.906440  7.905928              NaN
2025-02-15 00:27:00  2713.31  2714.25  2712.00  2713.86  1085.342       0.000199     -0.000085     -0.000169    -0.000486   7.906127  7.905925  7.906271  7.905442              NaN
2025-02-15 00:28:00  2713.85  2715.57  2711.93  2713.39  1254.484      -0.000173      0.000199      0.000486    -0.000026   7.905954  7.906124  7.906757  7.905416              NaN
2025-02-15 00:29:00  2713.39  2713.39  2711.00  2711.00  2095.675      -0.000881     -0.000170     -0.000803    -0.000343   7.905073  7.905954  7.905954  7.905073              NaN
2025-02-15 00:30:00  2711.00  2711.45  2707.05  2707.23  3666.981      -0.001391     -0.000881     -0.000715    -0.001457   7.903681  7.905073  7.905239  7.903615              NaN
2025-02-15 00:31:00  2707.23  2709.40  2702.45  2709.40  7150.946       0.000802     -0.001391     -0.000756    -0.001699   7.904482  7.903681  7.904482  7.901914              NaN
2025-02-15 00:32:00  2709.41  2710.69  2705.76  2707.80  3250.016      -0.000591      0.000805      0.000476     0.001225   7.903892  7.904486  7.904958  7.903138              NaN
2025-02-15 00:33:00  2707.80  2708.66  2705.57  2707.78  1883.124      -0.000007     -0.000594     -0.000749    -0.000070   7.903884  7.903892  7.904209  7.903068              NaN
2025-02-15 00:34:00  2707.78  2709.14  2705.85  2708.00   590.428       0.000081     -0.000007      0.000177     0.000103   7.903966  7.903884  7.904387  7.903171              NaN
2025-02-15 00:35:00  2708.01  2709.48  2707.32  2707.36   526.773      -0.000236      0.000085      0.000126     0.000543   7.903729  7.903969  7.904512  7.903714              NaN
2025-02-15 00:36:00  2707.36  2707.70  2705.00  2705.44  1611.469      -0.000709     -0.000240     -0.000657    -0.000857   7.903020  7.903729  7.903855  7.902857              NaN
2025-02-15 00:37:00  2705.45  2707.37  2704.00  2707.36  1411.743       0.000710     -0.000705     -0.000122    -0.000370   7.903729  7.903024  7.903733  7.902487              NaN
2025-02-15 00:38:00  2707.36  2711.56  2707.36  2710.01  1312.359       0.000979      0.000706      0.001548     0.001243   7.904708  7.903729  7.905279  7.903729              NaN
2025-02-15 00:39:00  2710.01  2713.20  2710.00  2713.20  1032.610       0.001177      0.000979      0.000605     0.000975   7.905884  7.904708  7.905884  7.904704           1.6005
2025-02-15 00:40:00  2713.20  2713.40  2711.24  2712.02   520.532      -0.000435      0.001177      0.000074     0.000458   7.905449  7.905884  7.905958  7.905161           0.7595
2025-02-15 00:41:00  2712.02  2712.02  2710.00  2711.32   409.323      -0.000258     -0.000435     -0.000509    -0.000457   7.905191  7.905449  7.905449  7.904704           0.3680
2025-02-15 00:42:00  2711.33  2712.01  2710.11  2711.23   400.787      -0.000033     -0.000254     -0.000004     0.000041   7.905158  7.905195  7.905445  7.904745           0.4645
2025-02-15 00:43:00  2711.23  2711.37  2710.08  2710.08   478.674      -0.000424     -0.000037     -0.000236    -0.000011   7.904733  7.905158  7.905209  7.904733          -0.3690
2025-02-15 00:44:00  2710.09  2712.38  2709.33  2712.09   576.235       0.000742     -0.000420      0.000373    -0.000277   7.905475  7.904737  7.905582  7.904457           1.8185
2025-02-15 00:45:00  2712.09  2713.78  2711.54  2713.77   507.823       0.000619      0.000738      0.000516     0.000816   7.906094  7.905475  7.906098  7.905272           3.4870
2025-02-15 00:46:00  2713.78  2713.78  2711.98  2712.88   665.289      -0.000328      0.000623      0.000000     0.000162   7.905766  7.906098  7.906098  7.905434           2.6190
2025-02-15 00:47:00  2712.89  2714.63  2712.88  2714.63   801.239       0.000645     -0.000328      0.000313     0.000332   7.906411  7.905770  7.906411  7.905766           4.3305
2025-02-15 00:48:00  2714.64  2714.64  2712.64  2713.74   340.740      -0.000328      0.000645      0.000004    -0.000088   7.906083  7.906415  7.906415  7.905678           3.4230
2025-02-15 00:49:00  2713.75  2715.09  2713.61  2714.87  1621.610       0.000416     -0.000328      0.000166     0.000358   7.906499  7.906087  7.906580  7.906035           4.3595
2025-02-15 00:50:00  2714.88  2716.56  2714.63  2716.40   678.513       0.000564      0.000416      0.000541     0.000376   7.907063  7.906503  7.907122  7.906411           5.4310
2025-02-15 00:51:00  2716.40  2717.25  2715.79  2717.25   798.362       0.000313      0.000560      0.000254     0.000427   7.907376  7.907063  7.907376  7.906838           5.8885
2025-02-15 00:52:00  2717.25  2717.56  2716.63  2717.26   190.488       0.000004      0.000313      0.000114     0.000309   7.907379  7.907376  7.907490  7.907147           5.4255
2025-02-15 00:53:00  2717.26  2717.81  2714.00  2714.00   497.143      -0.001200      0.000004      0.000092    -0.000968   7.906179  7.907379  7.907582  7.906179           1.8545
2025-02-15 00:54:00  2714.00  2714.16  2712.50  2713.91   591.823      -0.000033     -0.001200     -0.001343    -0.000553   7.906146  7.906179  7.906238  7.905626           1.4690
2025-02-15 00:55:00  2713.90  2715.50  2713.90  2715.42   281.929       0.000556     -0.000037      0.000494     0.000516   7.906702  7.906142  7.906731  7.906142           2.5760
2025-02-15 00:56:00  2715.42  2715.96  2714.90  2715.55   202.975       0.000048      0.000560      0.000169     0.000368   7.906750  7.906702  7.906901  7.906510           2.2005
2025-02-15 00:57:00  2715.55  2715.55  2714.04  2714.90   585.172      -0.000239      0.000048     -0.000151    -0.000317   7.906510  7.906750  7.906750  7.906194           1.1735
2025-02-15 00:58:00  2714.90  2714.90  2713.34  2713.92   270.269      -0.000361     -0.000239     -0.000239    -0.000258   7.906149  7.906510  7.906510  7.905936          -0.0020
2025-02-15 00:59:00  2713.93  2715.72  2713.92  2715.72   142.125       0.000663     -0.000357      0.000302     0.000214   7.906812  7.906153  7.906812  7.906149           1.6720
2025-02-15 01:00:00  2715.73  2715.73  2713.60  2715.27  1190.544      -0.000166      0.000663      0.000004    -0.000118   7.906647  7.906816  7.906816  7.906031           1.0595
2025-02-15 01:01:00  2715.27  2717.44  2714.85  2717.44  1070.252       0.000799     -0.000169      0.000630     0.000461   7.907446  7.906647  7.907446  7.906492           2.9235
2025-02-15 01:02:00  2717.44  2721.02  2717.25  2719.31  3818.967       0.000688      0.000799      0.001317     0.000884   7.908133  7.907446  7.908762  7.907376           4.3895
2025-02-15 01:03:00  2719.31  2719.80  2717.96  2719.14   581.626      -0.000063      0.000688     -0.000448     0.000261   7.908071  7.908133  7.908314  7.907637           3.7665
2025-02-15 01:04:00  2719.14  2719.78  2718.53  2718.54   489.540      -0.000221     -0.000063     -0.000007     0.000210   7.907850  7.908071  7.908306  7.907847           2.8440
2025-02-15 01:05:00  2718.54  2719.38  2717.80  2717.81   539.896      -0.000269     -0.000221     -0.000147    -0.000269   7.907582  7.907850  7.908159  7.907578           1.9120
2025-02-15 01:06:00  2717.81  2720.00  2717.67  2719.52   682.596       0.000629     -0.000269      0.000228    -0.000048   7.908211  7.907582  7.908387  7.907530           3.2900
2025-02-15 01:07:00  2719.52  2722.44  2719.22  2720.04  4073.424       0.000191      0.000629      0.000897     0.000570   7.908402  7.908211  7.909284  7.908100           3.5395
2025-02-15 01:08:00  2720.04  2720.19  2718.88  2719.80   683.939      -0.000088      0.000191     -0.000826    -0.000125   7.908314  7.908402  7.908457  7.907975           2.9965
2025-02-15 01:09:00  2719.81  2720.72  2719.81  2720.72   254.712       0.000338     -0.000085      0.000195     0.000342   7.908652  7.908317  7.908652  7.908317           3.6240